Julia Version 1.3.0
Commit 46ce4d7933 (2019-11-26 06:09 UTC)
Platform Info:
  OS: Linux (x86_64-pc-linux-gnu)
  CPU: Intel(R) Xeon(R) Silver 4114 CPU @ 2.20GHz
  WORD_SIZE: 64
  LIBM: libopenlibm
  LLVM: libLLVM-6.0.1 (ORCJIT, skylake)
Environment:
  JULIA_DEPOT_PATH = ::/usr/local/share/julia

 Resolving package versions...
 Installed TickTock ─ v1.0.0
  Updating `~/.julia/environments/v1.3/Project.toml`
  [9ff05d80] + TickTock v1.0.0
  Updating `~/.julia/environments/v1.3/Manifest.toml`
  [9ff05d80] + TickTock v1.0.0
  [2a0f44e3] + Base64 
  [ade2ca70] + Dates 
  [8ba89e20] + Distributed 
  [b77e0a4c] + InteractiveUtils 
  [76f85450] + LibGit2 
  [8f399da3] + Libdl 
  [56ddb016] + Logging 
  [d6f4376e] + Markdown 
  [44cfe95a] + Pkg 
  [de0858da] + Printf 
  [3fa0cd96] + REPL 
  [9a3f8284] + Random 
  [ea8e919c] + SHA 
  [9e88b42a] + Serialization 
  [6462fe0b] + Sockets 
  [8dfed614] + Test 
  [cf7118a7] + UUIDs 
  [4ec0a83e] + Unicode 
   Testing TickTock
    Status `/tmp/jl_cE3fgo/Manifest.toml`
  [9ff05d80] TickTock v1.0.0
  [2a0f44e3] Base64  [`@stdlib/Base64`]
  [ade2ca70] Dates  [`@stdlib/Dates`]
  [8ba89e20] Distributed  [`@stdlib/Distributed`]
  [b77e0a4c] InteractiveUtils  [`@stdlib/InteractiveUtils`]
  [76f85450] LibGit2  [`@stdlib/LibGit2`]
  [8f399da3] Libdl  [`@stdlib/Libdl`]
  [56ddb016] Logging  [`@stdlib/Logging`]
  [d6f4376e] Markdown  [`@stdlib/Markdown`]
  [44cfe95a] Pkg  [`@stdlib/Pkg`]
  [de0858da] Printf  [`@stdlib/Printf`]
  [3fa0cd96] REPL  [`@stdlib/REPL`]
  [9a3f8284] Random  [`@stdlib/Random`]
  [ea8e919c] SHA  [`@stdlib/SHA`]
  [9e88b42a] Serialization  [`@stdlib/Serialization`]
  [6462fe0b] Sockets  [`@stdlib/Sockets`]
  [8dfed614] Test  [`@stdlib/Test`]
  [cf7118a7] UUIDs  [`@stdlib/UUIDs`]
  [4ec0a83e] Unicode  [`@stdlib/Unicode`]
[ Info:  started timer at: 2019-12-18T06:15:02.128
1         [ Info: TickTock: "TickTock alarm" alarm for 0 hours, 0 minutes, 10 seconds
[ Info: TickTock: "TickTock alarm" alarm for 0 hours, 0 minutes, 5 seconds
[ Info:          3.355466113s: 3 seconds, 355 milliseconds
[ Info:  started timer at: 2019-12-18T06:15:06.328
[ Info:  started timer at: 2019-12-18T06:15:06.379
[ Info:  started timer at: 2019-12-18T06:15:06.423
[ Info:          0.006292883s: 6 milliseconds
Make 10 timers
[ Info:  started timer at: 2019-12-18T06:15:06.456
[ Info:  started timer at: 2019-12-18T06:15:07.458
[ Info:  started timer at: 2019-12-18T06:15:08.46
[ Info:  started timer at: 2019-12-18T06:15:09.462
[ Info:  started timer at: 2019-12-18T06:15:10.464
This is an alarm. Do not be alarmed.
[ Info: TickTock alarm
[ Info:          5.045956436s: 5 seconds, 45 milliseconds
[ Info:  started timer at: 2019-12-18T06:15:11.466
[ Info:  started timer at: 2019-12-18T06:15:12.468
[ Info:  started timer at: 2019-12-18T06:15:13.471
[ Info:  started timer at: 2019-12-18T06:15:14.473
[ Info:  started timer at: 2019-12-18T06:15:15.475
test alarm has fired
[ Info: TickTock alarm
[ Info:         10.099093951s: 10 seconds, 99 milliseconds
Check that there are 10 timers
wait a second
Print all the timers
10        9         [ Info:          2.021200173s: 2 seconds, 21 milliseconds
[ Info:          3.023497104s: 3 seconds, 23 milliseconds
[ Info:          4.025795092s: 4 seconds, 25 milliseconds
[ Info:          5.028304126s: 5 seconds, 28 milliseconds
[ Info:          6.030793106s: 6 seconds, 30 milliseconds
[ Info:          7.032551179s: 7 seconds, 32 milliseconds
8         7         6         5         4         [ Info:          8.034837867s: 8 seconds, 34 milliseconds
3         [ Info:           9.03648835s: 9 seconds, 36 milliseconds
2         [ Info:         10.038804694s: 10 seconds, 38 milliseconds
[ Info:         11.040387472s: 11 seconds, 40 milliseconds
1         Check that the most recent timer is more than 1 second
  2.053157773
Finish 10 timers and show canonical
[ Info:          2.251285035s: 2 seconds, 251 milliseconds
[ Info:          3.253839549s: 3 seconds, 253 milliseconds
[ Info:          4.256226367s: 4 seconds, 256 milliseconds
[ Info:          5.258808576s: 5 seconds, 258 milliseconds
[ Info:          6.261366655s: 6 seconds, 261 milliseconds
[ Info:          7.263192662s: 7 seconds, 263 milliseconds
[ Info:          8.265542156s: 8 seconds, 265 milliseconds
[ Info:          9.267261638s: 9 seconds, 267 milliseconds
[ Info:         10.269640553s: 10 seconds, 269 milliseconds
[ Info:         11.271285424s: 11 seconds, 271 milliseconds
   Testing TickTock tests passed 
