Current time is 2020-10-25T20:09:55.19
Julia Version 1.5.3-pre.0
Commit 5905edebb1 (2020-09-24 05:09 UTC)
Platform Info:
  OS: Linux (x86_64-pc-linux-gnu)
  CPU: AMD EPYC 7502 32-Core Processor
  WORD_SIZE: 64
  LIBM: libopenlibm
  LLVM: libLLVM-9.0.1 (ORCJIT, znver2)
Environment:
  JULIA_DEPOT_PATH = ::/usr/local/share/julia
  JULIA_NUM_THREADS = 2
  JULIA_MAX_NUM_PRECOMPILE_FILES = 9223372036854775807
  JULIA_PKG_SERVER = 

Starting installation at 2020-10-25T20:09:58.122
  Resolving package versions...
  Installed SubMatrixSelectionSVD ─ v0.1.1
Updating `~/.julia/environments/v1.5/Project.toml`
  [1e09ba94] + SubMatrixSelectionSVD v0.1.1
Updating `~/.julia/environments/v1.5/Manifest.toml`
  [1e09ba94] + SubMatrixSelectionSVD v0.1.1
  [8ba89e20] + Distributed
  [8f399da3] + Libdl
  [37e2e46d] + LinearAlgebra
  [9a3f8284] + Random
  [9e88b42a] + Serialization
  [6462fe0b] + Sockets
  [2f01184e] + SparseArrays
  [10745b16] + Statistics
Starting tests at 2020-10-25T20:10:01.034
    Testing SubMatrixSelectionSVD
Status `/tmp/jl_YCUy5Y/Project.toml`
  [1e09ba94] SubMatrixSelectionSVD v0.1.1
  [8ba89e20] Distributed
  [37e2e46d] LinearAlgebra
  [10745b16] Statistics
  [8dfed614] Test
Status `/tmp/jl_YCUy5Y/Manifest.toml`
  [1e09ba94] SubMatrixSelectionSVD v0.1.1
  [2a0f44e3] Base64
  [8ba89e20] Distributed
  [b77e0a4c] InteractiveUtils
  [8f399da3] Libdl
  [37e2e46d] LinearAlgebra
  [56ddb016] Logging
  [d6f4376e] Markdown
  [9a3f8284] Random
  [9e88b42a] Serialization
  [6462fe0b] Sockets
  [2f01184e] SparseArrays
  [10745b16] Statistics
  [8dfed614] Test
Test Summary: | Pass  Total
Basic Tests   |   28     28
    Testing SubMatrixSelectionSVD tests passed 
Finished at 2020-10-25T20:10:21.166
