Julia Version 1.5.2-pre.0
Commit c4acbf93fb (2020-08-26 10:58 UTC)
Platform Info:
  OS: Linux (x86_64-pc-linux-gnu)
  CPU: Intel(R) Xeon(R) Silver 4114 CPU @ 2.20GHz
  WORD_SIZE: 64
  LIBM: libopenlibm
  LLVM: libLLVM-9.0.1 (ORCJIT, skylake-avx512)
Environment:
  JULIA_DEPOT_PATH = ::/usr/local/share/julia
  JULIA_NUM_THREADS = 2

  Resolving package versions...
  Installed Compat ───────────── v3.15.0
  Installed MacroTools ───────── v0.5.5
  Installed OrderedCollections ─ v1.3.0
  Installed ResumableFunctions ─ v0.5.1
  Installed DataStructures ───── v0.18.4
  Installed SimJulia ─────────── v0.8.0
Updating `~/.julia/environments/v1.5/Project.toml`
  [428bdadb] + SimJulia v0.8.0
Updating `~/.julia/environments/v1.5/Manifest.toml`
  [34da2185] + Compat v3.15.0
  [864edb3b] + DataStructures v0.18.4
  [1914dd2f] + MacroTools v0.5.5
  [bac558e1] + OrderedCollections v1.3.0
  [c5292f4c] + ResumableFunctions v0.5.1
  [428bdadb] + SimJulia v0.8.0
  [2a0f44e3] + Base64
  [ade2ca70] + Dates
  [8bb1440f] + DelimitedFiles
  [8ba89e20] + Distributed
  [b77e0a4c] + InteractiveUtils
  [76f85450] + LibGit2
  [8f399da3] + Libdl
  [37e2e46d] + LinearAlgebra
  [56ddb016] + Logging
  [d6f4376e] + Markdown
  [a63ad114] + Mmap
  [44cfe95a] + Pkg
  [de0858da] + Printf
  [3fa0cd96] + REPL
  [9a3f8284] + Random
  [ea8e919c] + SHA
  [9e88b42a] + Serialization
  [1a1011a3] + SharedArrays
  [6462fe0b] + Sockets
  [2f01184e] + SparseArrays
  [10745b16] + Statistics
  [8dfed614] + Test
  [cf7118a7] + UUIDs
  [4ec0a83e] + Unicode
    Testing SimJulia
Status `/tmp/jl_nRnqza/Project.toml`
  [864edb3b] DataStructures v0.18.4
  [c5292f4c] ResumableFunctions v0.5.1
  [428bdadb] SimJulia v0.8.0
  [ade2ca70] Dates
  [8dfed614] Test
Status `/tmp/jl_nRnqza/Manifest.toml`
  [34da2185] Compat v3.15.0
  [864edb3b] DataStructures v0.18.4
  [1914dd2f] MacroTools v0.5.5
  [bac558e1] OrderedCollections v1.3.0
  [c5292f4c] ResumableFunctions v0.5.1
  [428bdadb] SimJulia v0.8.0
  [2a0f44e3] Base64
  [ade2ca70] Dates
  [8bb1440f] DelimitedFiles
  [8ba89e20] Distributed
  [b77e0a4c] InteractiveUtils
  [76f85450] LibGit2
  [8f399da3] Libdl
  [37e2e46d] LinearAlgebra
  [56ddb016] Logging
  [d6f4376e] Markdown
  [a63ad114] Mmap
  [44cfe95a] Pkg
  [de0858da] Printf
  [3fa0cd96] REPL
  [9a3f8284] Random
  [ea8e919c] SHA
  [9e88b42a] Serialization
  [1a1011a3] SharedArrays
  [6462fe0b] Sockets
  [2f01184e] SparseArrays
  [10745b16] Statistics
  [8dfed614] Test
  [cf7118a7] UUIDs
  [4ec0a83e] Unicode
Event
idle
nothing
scheduled
Hi
I am a callback function running in Simulation
SimJulia.EventProcessed(Event 1) has been thrown!
processed
Hi
SimJulia.EventNotIdle(Event 2) has been thrown!
Hi Event 1 has value Succes
Hi Event 2 has value TestException()
Hi SimJulia.Timeout 3 timed out at 1.0
One of both events is triggered: Dict{AbstractEvent,SimJulia.StateValue}(SimJulia.Timeout 1 => SimJulia.StateValue(SimJulia.processed, nothing),Event 2 => SimJulia.StateValue(SimJulia.idle, nothing))
Both events are triggered: Dict{AbstractEvent,SimJulia.StateValue}(SimJulia.Timeout 1 => SimJulia.StateValue(SimJulia.processed, nothing),Event 2 => SimJulia.StateValue(SimJulia.processed, nothing))
One of both events is triggered: TestException()
Both events are triggered: TestException()
One of both events is triggered: TestException()
One of both events is triggered: Dict{AbstractEvent,SimJulia.StateValue}(SimJulia.Timeout 1 => SimJulia.StateValue(SimJulia.processed, nothing),SimJulia.Timeout 2 => SimJulia.StateValue(SimJulia.processed, nothing))
Hi I timed out at 1.0
SimJulia.EmptySchedule() has been thrown!
Hi I timed out at 4.0
2.0
TestException() has been thrown after 0.0!
Simulation time: 0.0 active_process: nothing
0
1
1
2
3
5
8
13
21
34
TestException() has been thrown
TestException() has been thrown
Process 1 interrupted
TestException() has been thrown
Container{Int64}
0.0, client 1 is waiting
0.0, client 1 is being served
0.05707247126517068, client 1 has been served
0.3795011737824161, client 2 is waiting
0.3795011737824161, client 2 is being served
0.4454633641476399, client 3 is waiting
0.5666509068188552, client 2 has been served
0.5666509068188552, client 3 is being served
0.5970665595681752, client 3 has been served
0.6377504420507976, client 4 is waiting
0.6377504420507976, client 4 is being served
0.770711701809579, client 4 has been served
1.0557495635367595, client 5 is waiting
1.0557495635367595, client 5 is being served
1.289717999564865, client 6 is waiting
1.3678843125538793, client 7 is waiting
1.8126991252372973, client 8 is waiting
1.9641979175978066, client 5 has been served
1.9641979175978066, client 8 is being served
1.9644150405982739, client 9 is waiting
2.093233038589329, client 10 is waiting
2.277506118130752, client 8 has been served
2.277506118130752, client 10 is being served
2.640491697033994, client 10 has been served
2.640491697033994, client 9 is being served
3.5101969953352485, client 9 has been served
3.5101969953352485, client 7 is being served
3.546186391518347, client 7 has been served
3.546186391518347, client 6 is being served
4.46326285432273, client 6 has been served
0.0, consumer is demanding 2.7133675072549157
0.0, producer is offering 1.5305961111142632
0.16609934173198937, producer is being served, level is 6.530596111114264
0.39668994367261345, consumer is being served, level is 3.817228603859348
4.19207205025711, producer is offering 1.2520765738041284
4.4631022632348865, consumer is demanding 2.322798421288481
4.724326681339036, consumer is being served, level is 1.4944301825708668
5.024403540910452, producer is being served, level is 2.746506756374995
7.827630103432543, producer is offering 1.4260154796422828
8.401349382797685, producer is being served, level is 4.172522236017278
9.240407504329776, consumer is demanding 0.32209180451186703
9.455549389081488, consumer is being served, level is 3.8504304315054103
11.151329265370583, consumer is demanding 0.4490640042337142
12.00019014145182, consumer is being served, level is 3.401366427271696
12.070588838329769, producer is offering 1.4585631743574416
12.56442537620608, producer is being served, level is 4.859929601629138
14.5928181910712, producer is offering 0.2510892912920717
15.471975480963332, producer is being served, level is 5.1110188929212095
15.625453230259005, consumer is demanding 1.3879256397208521
15.72711258180968, consumer is being served, level is 3.723093253200357
17.803602686806286, consumer is demanding 2.9607835547646375
18.09532826004195, producer is offering 0.27676850519145013
18.561208080915, producer is being served, level is 3.9998617583918072
18.65461164763738, consumer is being served, level is 1.0390782036271697
21.09515123080137, consumer is demanding 0.4344924914040378
21.319407654758646, producer is offering 0.989166988112899
21.9848977382211, consumer is being served, level is 0.604585712223132
22.083108482238956, producer is being served, level is 1.593752700336031
22.63920215229738, producer is offering 0.5414100690461479
22.860045679806852, producer is being served, level is 2.1351627693821786
25.312912938959883, consumer is demanding 1.6260407765703104
25.32944672077284, producer is offering 0.2849953613984093
25.473784123584245, consumer is being served, level is 0.5091219928118682
25.983903914902037, producer is being served, level is 0.7941173542102775
27.525949763956067, consumer is demanding 1.6075289532191657
28.109025794276317, consumer has timed out
28.109025794276317, consumer is demanding 2.8215091062273423
29.076352673169254, producer is offering 1.9607446034172011
29.080211933396015, consumer has timed out
29.73357709409497, producer is being served, level is 2.7548619576274787
0.0, producer is offering object 1
0.0, producer is being served
0.26439196016415356, consumer is demanding object
0.26439196016415356, consumer is being served with object 1
0.48466210524259346, consumer is demanding object
1.3879117426614576, producer is offering object 2
1.3879117426614576, producer is being served
1.3879117426614576, consumer is being served with object 2
1.6299101458395457, consumer is demanding object
2.524948995520311, producer is offering object 3
2.524948995520311, producer is being served
2.524948995520311, consumer is being served with object 3
3.25656938725551, consumer is demanding object
4.329689283631449, producer is offering object 4
4.329689283631449, producer is being served
4.329689283631449, consumer is being served with object 4
4.651358932237843, consumer is demanding object
6.266896927229393, producer is offering object 5
6.266896927229393, producer is being served
6.266896927229393, consumer is being served with object 5
6.889902879969389, consumer is demanding object
7.55032049704393, producer is offering object 6
7.55032049704393, producer is being served
7.55032049704393, consumer is being served with object 6
8.432024463740571, consumer is demanding object
8.651480137193976, producer is offering object 7
8.651480137193976, producer is being served
8.651480137193976, consumer is being served with object 7
8.944706574755712, consumer is demanding object
8.983195115693599, producer is offering object 8
8.983195115693599, producer is being served
8.983195115693599, consumer is being served with object 8
9.032403324992233, producer is offering object 9
9.032403324992233, producer is being served
9.24787827450902, producer is offering object 10
9.24787827450902, producer is being served
9.303253879328915, consumer is demanding object
9.303253879328915, consumer is being served with object 10
9.85009961948705, consumer is demanding object
9.85009961948705, consumer is being served with object 9
2020-09-10T20:50:17.656
2020-09-12T20:50:17.656
2020-12-10T20:50:17.656
    Testing SimJulia tests passed 
