Julia Version 1.3.2-pre.0
Commit 2e6715c045 (2019-12-31 00:49 UTC)
Platform Info:
  OS: Linux (x86_64-linux-gnu)
  CPU: Intel(R) Xeon(R) Silver 4114 CPU @ 2.20GHz
  WORD_SIZE: 64
  LIBM: libopenlibm
  LLVM: libLLVM-6.0.1 (ORCJIT, skylake)
Environment:
  JULIA_DEPOT_PATH = ::/usr/local/share/julia

 Resolving package versions...
 Installed FixedPointNumbers ─ v0.7.0
  Updating `~/.julia/environments/v1.3/Project.toml`
  [53c48c17] + FixedPointNumbers v0.7.0
  Updating `~/.julia/environments/v1.3/Manifest.toml`
  [53c48c17] + FixedPointNumbers v0.7.0
   Testing FixedPointNumbers
 Resolving package versions...
[ Info: No changes
    Status `/tmp/jl_UD528K/Manifest.toml`
  [53c48c17] FixedPointNumbers v0.7.0
  [2a0f44e3] Base64  [`@stdlib/Base64`]
  [8ba89e20] Distributed  [`@stdlib/Distributed`]
  [b77e0a4c] InteractiveUtils  [`@stdlib/InteractiveUtils`]
  [56ddb016] Logging  [`@stdlib/Logging`]
  [d6f4376e] Markdown  [`@stdlib/Markdown`]
  [9a3f8284] Random  [`@stdlib/Random`]
  [9e88b42a] Serialization  [`@stdlib/Serialization`]
  [6462fe0b] Sockets  [`@stdlib/Sockets`]
  [8dfed614] Test  [`@stdlib/Test`]
Skipping Base.active_repl
Skipping Base.active_repl_backend
Test Summary: |     Pass     Total
normed        | 62955845  62955845
Test Summary: |  Pass  Total
fixed         | 31886  31886
Test Summary: | Pass  Total
traits        |  251    251
   Testing FixedPointNumbers tests passed 
