Current time is 2020-10-25T21:05:26.995
Julia Version 1.5.3-pre.13
Commit 3de1115e9c (2020-10-23 21:58 UTC)
Platform Info:
  OS: Linux (x86_64-linux-gnu)
  CPU: AMD EPYC 7502 32-Core Processor
  WORD_SIZE: 64
  LIBM: libopenlibm
  LLVM: libLLVM-9.0.1 (ORCJIT, znver2)
Environment:
  JULIA_DEPOT_PATH = ::/usr/local/share/julia
  JULIA_NUM_THREADS = 2
  JULIA_MAX_NUM_PRECOMPILE_FILES = 9223372036854775807
  JULIA_PKG_SERVER = 

Starting installation at 2020-10-25T21:05:30.064
  Resolving package versions...
  Installed SingleFloats ─ v0.1.5
Updating `~/.julia/environments/v1.5/Project.toml`
  [2b6d1eac] + SingleFloats v0.1.5
Updating `~/.julia/environments/v1.5/Manifest.toml`
  [2b6d1eac] + SingleFloats v0.1.5
  [8f399da3] + Libdl
  [37e2e46d] + LinearAlgebra
  [9a3f8284] + Random
  [9e88b42a] + Serialization
Starting tests at 2020-10-25T21:05:32.183
    Testing SingleFloats
Status `/tmp/jl_LbmjXh/Project.toml`
  [2b6d1eac] SingleFloats v0.1.5
  [37e2e46d] LinearAlgebra
  [9a3f8284] Random
  [8dfed614] Test
Status `/tmp/jl_LbmjXh/Manifest.toml`
  [2b6d1eac] SingleFloats v0.1.5
  [2a0f44e3] Base64
  [8ba89e20] Distributed
  [b77e0a4c] InteractiveUtils
  [8f399da3] Libdl
  [37e2e46d] LinearAlgebra
  [56ddb016] Logging
  [d6f4376e] Markdown
  [9a3f8284] Random
  [9e88b42a] Serialization
  [6462fe0b] Sockets
  [8dfed614] Test
Test Summary: | Pass  Total
flipsign      |    1      1
Test Summary: | Pass  Total
maxintfloat   |    3      3
Test Summary: | Pass  Total
isinteger     |   11     11
Test Summary: | Pass  Total
round         |    6      6
Test Summary: | Pass  Total
round2        |   20     20
    Testing SingleFloats tests passed 
Finished at 2020-10-25T21:05:43.932
