Current time is 2020-10-25T21:37:41.03
Julia Version 1.5.3-pre.13
Commit 3de1115e9c (2020-10-23 21:58 UTC)
Platform Info:
  OS: Linux (x86_64-linux-gnu)
  CPU: AMD EPYC 7502 32-Core Processor
  WORD_SIZE: 64
  LIBM: libopenlibm
  LLVM: libLLVM-9.0.1 (ORCJIT, znver2)
Environment:
  JULIA_DEPOT_PATH = ::/usr/local/share/julia
  JULIA_NUM_THREADS = 2
  JULIA_MAX_NUM_PRECOMPILE_FILES = 9223372036854775807
  JULIA_PKG_SERVER = 

Starting installation at 2020-10-25T21:37:44.091
  Resolving package versions...
  Installed EarCut_jll ────────────────── v2.1.5+0
  Installed StructArrays ──────────────── v0.4.4
  Installed ElasticArrays ─────────────── v1.2.4
  Installed IteratorInterfaceExtensions ─ v1.0.0
  Installed IterTools ─────────────────── v1.3.0
  Installed ExtendableSparse ──────────── v0.3.1
  Installed AbstractTrees ─────────────── v0.3.3
  Installed ExtendableGrids ───────────── v0.4.2
  Installed DataAPI ───────────────────── v1.3.0
  Installed FixedPointNumbers ─────────── v0.8.4
  Installed GeometryBasics ────────────── v0.3.3
  Installed DataValueInterfaces ───────── v1.0.0
  Installed ColorTypes ────────────────── v0.10.9
  Installed DocStringExtensions ───────── v0.8.3
  Installed Colors ────────────────────── v0.12.4
  Installed Tables ────────────────────── v1.1.0
  Installed Adapt ─────────────────────── v2.3.0
  Installed Reexport ──────────────────── v0.2.0
  Installed StaticArrays ──────────────── v0.12.4
  Installed TableTraits ───────────────── v1.0.0
Updating `~/.julia/environments/v1.5/Project.toml`
  [cfc395e8] + ExtendableGrids v0.4.2
Updating `~/.julia/environments/v1.5/Manifest.toml`
  [1520ce14] + AbstractTrees v0.3.3
  [79e6a3ab] + Adapt v2.3.0
  [3da002f7] + ColorTypes v0.10.9
  [5ae59095] + Colors v0.12.4
  [9a962f9c] + DataAPI v1.3.0
  [e2d170a0] + DataValueInterfaces v1.0.0
  [ffbed154] + DocStringExtensions v0.8.3
  [5ae413db] + EarCut_jll v2.1.5+0
  [fdbdab4c] + ElasticArrays v1.2.4
  [cfc395e8] + ExtendableGrids v0.4.2
  [95c220a8] + ExtendableSparse v0.3.1
  [53c48c17] + FixedPointNumbers v0.8.4
  [5c1252a2] + GeometryBasics v0.3.3
  [c8e1da08] + IterTools v1.3.0
  [82899510] + IteratorInterfaceExtensions v1.0.0
  [189a3867] + Reexport v0.2.0
  [90137ffa] + StaticArrays v0.12.4
  [09ab397b] + StructArrays v0.4.4
  [3783bdb8] + TableTraits v1.0.0
  [bd369af6] + Tables v1.1.0
  [2a0f44e3] + Base64
  [ade2ca70] + Dates
  [8ba89e20] + Distributed
  [b77e0a4c] + InteractiveUtils
  [76f85450] + LibGit2
  [8f399da3] + Libdl
  [37e2e46d] + LinearAlgebra
  [56ddb016] + Logging
  [d6f4376e] + Markdown
  [44cfe95a] + Pkg
  [de0858da] + Printf
  [3fa0cd96] + REPL
  [9a3f8284] + Random
  [ea8e919c] + SHA
  [9e88b42a] + Serialization
  [6462fe0b] + Sockets
  [2f01184e] + SparseArrays
  [10745b16] + Statistics
  [8dfed614] + Test
  [cf7118a7] + UUIDs
  [4ec0a83e] + Unicode
Starting tests at 2020-10-25T21:37:48.581
    Testing ExtendableGrids
Status `/tmp/jl_BRPoXW/Project.toml`
  [1520ce14] AbstractTrees v0.3.3
  [5ae59095] Colors v0.12.4
  [ffbed154] DocStringExtensions v0.8.3
  [fdbdab4c] ElasticArrays v1.2.4
  [cfc395e8] ExtendableGrids v0.4.2
  [95c220a8] ExtendableSparse v0.3.1
  [5c1252a2] GeometryBasics v0.3.3
  [b77e0a4c] InteractiveUtils
  [de0858da] Printf
  [9a3f8284] Random
  [2f01184e] SparseArrays
  [8dfed614] Test
Status `/tmp/jl_BRPoXW/Manifest.toml`
  [1520ce14] AbstractTrees v0.3.3
  [79e6a3ab] Adapt v2.3.0
  [3da002f7] ColorTypes v0.10.9
  [5ae59095] Colors v0.12.4
  [9a962f9c] DataAPI v1.3.0
  [e2d170a0] DataValueInterfaces v1.0.0
  [ffbed154] DocStringExtensions v0.8.3
  [5ae413db] EarCut_jll v2.1.5+0
  [fdbdab4c] ElasticArrays v1.2.4
  [cfc395e8] ExtendableGrids v0.4.2
  [95c220a8] ExtendableSparse v0.3.1
  [53c48c17] FixedPointNumbers v0.8.4
  [5c1252a2] GeometryBasics v0.3.3
  [c8e1da08] IterTools v1.3.0
  [82899510] IteratorInterfaceExtensions v1.0.0
  [189a3867] Reexport v0.2.0
  [90137ffa] StaticArrays v0.12.4
  [09ab397b] StructArrays v0.4.4
  [3783bdb8] TableTraits v1.0.0
  [bd369af6] Tables v1.1.0
  [2a0f44e3] Base64
  [ade2ca70] Dates
  [8ba89e20] Distributed
  [b77e0a4c] InteractiveUtils
  [76f85450] LibGit2
  [8f399da3] Libdl
  [37e2e46d] LinearAlgebra
  [56ddb016] Logging
  [d6f4376e] Markdown
  [44cfe95a] Pkg
  [de0858da] Printf
  [3fa0cd96] REPL
  [9a3f8284] Random
  [ea8e919c] SHA
  [9e88b42a] Serialization
  [6462fe0b] Sockets
  [2f01184e] SparseArrays
  [10745b16] Statistics
  [8dfed614] Test
  [cf7118a7] UUIDs
  [4ec0a83e] Unicode
Directory /home/pkgeval/.julia/packages/ExtendableGrids/bmZDB/test:
[ Info: test_geomspace:
[ Info: compile:
  1.868014 seconds (3.03 M allocations: 157.498 MiB, 11.11% gc time)
[ Info: run:
  0.000757 seconds (473 allocations: 12.500 KiB)
[ Info: test_prepare_edges:
[ Info: compile:
  3.508463 seconds (4.60 M allocations: 234.316 MiB, 2.19% gc time)
[ Info: run:
  0.000682 seconds (282 allocations: 18.516 KiB)
Directory /home/pkgeval/.julia/packages/ExtendableGrids/bmZDB/test/../examples:
[ Info: Example101_Interval:
[ Info: compile:
  0.511367 seconds (550.03 k allocations: 28.749 MiB, 3.32% gc time)
[ Info: run:
  0.000446 seconds (69 allocations: 4.750 KiB)
[ Info: Example102_IntervalLocalRef:
[ Info: compile:
  0.192106 seconds (269.35 k allocations: 14.057 MiB)
[ Info: run:
  0.000513 seconds (177 allocations: 7.328 KiB)
[ Info: Example103_IntervalMultiRegion:
[ Info: compile:
  1.528680 seconds (1.39 M allocations: 71.643 MiB, 2.98% gc time)
[ Info: run:
  0.008110 seconds (103 allocations: 8.109 KiB)
[ Info: Example201_Rectangle:
[ Info: compile:
  0.392073 seconds (426.28 k allocations: 21.857 MiB)
[ Info: run:
  0.001727 seconds (29.40 k allocations: 483.500 KiB)
[ Info: Example202_RectangleLocalRef:
[ Info: compile:
  0.106673 seconds (285.31 k allocations: 12.928 MiB, 14.32% gc time)
[ Info: run:
  0.002548 seconds (59.72 k allocations: 971.391 KiB)
[ Info: Example203_RectangleMultiRegion:
[ Info: compile:
  2.153706 seconds (2.08 M allocations: 105.248 MiB, 1.52% gc time)
[ Info: run:
  0.009923 seconds (102.92 k allocations: 2.872 MiB)
[ Info: Tests finished
106.324367 seconds (23.79 M allocations: 1.247 GiB, 0.86% gc time)
    Testing ExtendableGrids tests passed 
Finished at 2020-10-25T21:39:38.242
