Julia Version 1.4.0
Commit b8e9a9ecc6 (2020-03-21 16:36 UTC)
Platform Info:
  OS: Linux (x86_64-linux-gnu)
  CPU: Intel(R) Xeon(R) Silver 4114 CPU @ 2.20GHz
  WORD_SIZE: 64
  LIBM: libopenlibm
  LLVM: libLLVM-8.0.1 (ORCJIT, skylake)
Environment:
  JULIA_DEPOT_PATH = ::/usr/local/share/julia
  JULIA_NUM_THREADS = 2

  Resolving package versions...
  Installed IniFile ───── v0.5.0
  Installed MbedTLS_jll ─ v2.16.0+1
  Installed RecipesBase ─ v0.7.0
  Installed Parsers ───── v1.0.1
  Installed MbedTLS ───── v1.0.1
  Installed JSON ──────── v0.21.0
  Installed HTTP ──────── v0.8.13
  Installed Temporal ──── v0.7.0
   Updating `~/.julia/environments/v1.4/Project.toml`
  [a110ec8f] + Temporal v0.7.0
   Updating `~/.julia/environments/v1.4/Manifest.toml`
  [cd3eb016] + HTTP v0.8.13
  [83e8ac13] + IniFile v0.5.0
  [682c06a0] + JSON v0.21.0
  [739be429] + MbedTLS v1.0.1
  [c8ffd9c3] + MbedTLS_jll v2.16.0+1
  [69de0a69] + Parsers v1.0.1
  [3cdcf5f2] + RecipesBase v0.7.0
  [a110ec8f] + Temporal v0.7.0
  [2a0f44e3] + Base64 
  [ade2ca70] + Dates 
  [8ba89e20] + Distributed 
  [b77e0a4c] + InteractiveUtils 
  [76f85450] + LibGit2 
  [8f399da3] + Libdl 
  [37e2e46d] + LinearAlgebra 
  [56ddb016] + Logging 
  [d6f4376e] + Markdown 
  [a63ad114] + Mmap 
  [44cfe95a] + Pkg 
  [de0858da] + Printf 
  [3fa0cd96] + REPL 
  [9a3f8284] + Random 
  [ea8e919c] + SHA 
  [9e88b42a] + Serialization 
  [6462fe0b] + Sockets 
  [2f01184e] + SparseArrays 
  [10745b16] + Statistics 
  [8dfed614] + Test 
  [cf7118a7] + UUIDs 
  [4ec0a83e] + Unicode 
    Testing Temporal
Status `/tmp/jl_Y3M1jZ/Manifest.toml`
  [cd3eb016] HTTP v0.8.13
  [83e8ac13] IniFile v0.5.0
  [682c06a0] JSON v0.21.0
  [739be429] MbedTLS v1.0.1
  [c8ffd9c3] MbedTLS_jll v2.16.0+1
  [69de0a69] Parsers v1.0.1
  [3cdcf5f2] RecipesBase v0.7.0
  [a110ec8f] Temporal v0.7.0
  [2a0f44e3] Base64 
  [ade2ca70] Dates 
  [8ba89e20] Distributed 
  [b77e0a4c] InteractiveUtils 
  [76f85450] LibGit2 
  [8f399da3] Libdl 
  [37e2e46d] LinearAlgebra 
  [56ddb016] Logging 
  [d6f4376e] Markdown 
  [a63ad114] Mmap 
  [44cfe95a] Pkg 
  [de0858da] Printf 
  [3fa0cd96] REPL 
  [9a3f8284] Random 
  [ea8e919c] SHA 
  [9e88b42a] Serialization 
  [6462fe0b] Sockets 
  [2f01184e] SparseArrays 
  [10745b16] Statistics 
  [8dfed614] Test 
  [cf7118a7] UUIDs 
  [4ec0a83e] Unicode 
252x4 TS{Float64,Date}: 2019-08-03 to 2020-04-10

Index       A       B       C       D       
2019-08-03  0.878   0.3895  0.7633  0.4868  
2019-08-04  0.3209  0.6279  0.2255  0.7299  
2019-08-05  0.7044  0.395   0.9321  0.1972  
2019-08-06  0.3416  0.3201  0.9662  0.1698  
2019-08-07  0.6059  0.0913  0.7587  0.3234  
2019-08-08  0.6274  0.3012  0.4126  0.7478  
2019-08-09  0.8163  0.865   0.9888  0.7199  
⋮
2020-04-03  0.2025  0.5033  0.8765  0.0879  
2020-04-04  0.7416  0.9866  0.9034  0.4374  
2020-04-05  0.4745  0.4086  0.4481  0.1022  
2020-04-06  0.4243  0.4065  0.7123  0.8864  
2020-04-07  0.3244  0.2687  0.5737  0.2647  
2020-04-08  0.4422  0.5317  0.7696  0.0115  
2020-04-09  0.9241  0.0584  0.6425  0.4638  
2020-04-10  0.5934  0.4239  0.6092  0.2701  
1x4 TS{Float64,Date}: 2019-08-03 to 2019-08-03

Index       A       B       C       D      
2019-08-03  0.1957  0.4948  0.4911  0.758  

Test Summary:  | Pass  Total
Initialization | 1528   1528
Test Summary: | Pass  Total
Rename        |   15     15
Test Summary: | Pass  Total
Subsetting    |   83     83
Test Summary: | Pass  Total
Mutating      |   29     29
Test Summary: | Pass  Total
Combining     |   25     25
Test Summary: | Pass  Total
Operations    |   64     64
Test Summary: | Pass  Total
Filtering     |   16     16
Test Summary: | Pass  Total
OHLC          |   22     22
Test Summary: | Pass  Total
Collapsing    |   19     19
Test Summary: | Pass  Total
Conversion    |    6      6
Test Summary: | Pass  Broken  Total
Input/Output  |    6       2      8
    Testing Temporal tests passed 
