Julia Version 1.5.2-pre.0
Commit c4acbf93fb (2020-08-26 10:58 UTC)
Platform Info:
  OS: Linux (x86_64-pc-linux-gnu)
  CPU: Intel(R) Xeon(R) Silver 4114 CPU @ 2.20GHz
  WORD_SIZE: 64
  LIBM: libopenlibm
  LLVM: libLLVM-9.0.1 (ORCJIT, skylake-avx512)
Environment:
  JULIA_DEPOT_PATH = ::/usr/local/share/julia
  JULIA_NUM_THREADS = 2

  Resolving package versions...
  Installed NODAL ─ v0.4.0
Updating `~/.julia/environments/v1.5/Project.toml`
  [44063525] + NODAL v0.4.0
Updating `~/.julia/environments/v1.5/Manifest.toml`
  [44063525] + NODAL v0.4.0
  [2a0f44e3] + Base64
  [8ba89e20] + Distributed
  [b77e0a4c] + InteractiveUtils
  [8f399da3] + Libdl
  [37e2e46d] + LinearAlgebra
  [56ddb016] + Logging
  [d6f4376e] + Markdown
  [de0858da] + Printf
  [9a3f8284] + Random
  [9e88b42a] + Serialization
  [6462fe0b] + Sockets
  [2f01184e] + SparseArrays
  [10745b16] + Statistics
  [8dfed614] + Test
  [4ec0a83e] + Unicode
    Testing NODAL
Status `/tmp/jl_jiIgQS/Project.toml`
  [44063525] NODAL v0.4.0
  [8ba89e20] Distributed
  [de0858da] Printf
  [9a3f8284] Random
  [10745b16] Statistics
  [8dfed614] Test
Status `/tmp/jl_jiIgQS/Manifest.toml`
  [44063525] NODAL v0.4.0
  [2a0f44e3] Base64
  [8ba89e20] Distributed
  [b77e0a4c] InteractiveUtils
  [8f399da3] Libdl
  [37e2e46d] LinearAlgebra
  [56ddb016] Logging
  [d6f4376e] Markdown
  [de0858da] Printf
  [9a3f8284] Random
  [9e88b42a] Serialization
  [6462fe0b] Sockets
  [2f01184e] SparseArrays
  [10745b16] Statistics
  [8dfed614] Test
  [4ec0a83e] Unicode
Test Summary:   | Pass  Total
NumberParameter |   86     86
    [EnumParameter]
    name   : test
    current: test
    values : 
    [EnumParameter]
    name   : test
    current: test
    values : 
    [StringParameter]
    name : test
    value: "a"
    ***
    [StringParameter]
    name : test
    value: "b"
    ***
    [EnumParameter]
    name   : test
    current: test
    values : 
    [StringParameter]
    name : test
    value: "c"
Test Summary: | Pass  Total
EnumParameter |   37     37
    [PermutationParameter]
    name : test
    value: [1, 2, 3, 4, 5, 6]
    size : 6
    [PermutationParameter]
    name : test
    value: [1, 2, 3, 5, 4, 6]
    size : 6
    [PermutationParameter]
    name : test
    value: [1, 2, 3, 5, 4, 6]
    size : 6
    [PermutationParameter]
    name : test
    value: [1, 2, 6, 4, 5, 3]
    size : 6
    [PermutationParameter]
    name : test
    value: [1, 2, 3, 4, 5, 6]
    size : 6
    [PermutationParameter]
    name : test
    value: [5, 4, 6, 3, 2, 1]
    size : 6
Test Summary:        | Pass  Total
PermutationParameter |    9      9
Test Summary:   | Pass  Total
StringParameter |    6      6
    [BoolParameter]
    name : test
    value: true
Test Summary: | Pass  Total
BoolParameter |    6      6
  [Configuration]
  name      : test
  parameters:
    [NumberParameter]
    name : i0
    min  : 1.000000
    max  : 38.000000
    value: 3.000000
    ***
    [NumberParameter]
    name : i3
    min  : 2.330000
    max  : 85.330000
    value: 22.200000
    ***
    [NumberParameter]
    name : i1
    min  : 4.000000
    max  : 66.000000
    value: 55.000000
    ***
    [StringParameter]
    name : i2
    value: "value"

Test Summary: | Pass  Total
Configuration |   27     27
Test Summary: | Pass  Total
Run           |    1      1
[Result]
Cost              : 1.0
Found in Iteration: 1
Current Iteration : 7
Technique         : Initialize
Function Calls    : 1
  ***
[Result]
Cost              : 0.875172657793391
Found in Iteration: 51
Current Iteration : 107
Technique         : Simulated Annealing
Function Calls    : 51
  ***
[Result]
Cost              : 0.875172657793391
Found in Iteration: 51
Current Iteration : 201
Technique         : Simulated Annealing
Function Calls    : 51
  ***
[Result]
Cost              : 0.7657864617063151
Found in Iteration: 251
Current Iteration : 301
Technique         : Simulated Annealing
Function Calls    : 251
  ***
[bioFinal Result]
Cost                  : 0.6081090618065639
Found in Iteration    : 301
Current Iteration     : 341
Technique             : Simulated Annealing
Function Calls        : 301
Starting Configuration:
  [Configuration]
  name      : rosenbrock_config
  parameters:
    [NumberParameter]
    name : i0
    min  : -2.000000
    max  : 2.000000
    value: 0.230631
    ***
    [NumberParameter]
    name : i1
    min  : -2.000000
    max  : 2.000000
    value: 0.040470
Minimum Configuration :
  [Configuration]
  name      : rosenbrock_config
  parameters:
    [NumberParameter]
    name : i0
    min  : -2.000000
    max  : 2.000000
    value: 0.230631
    ***
    [NumberParameter]
    name : i1
    min  : -2.000000
    max  : 2.000000
    value: 0.040470
0.6081090618065639
Test Summary: | Pass  Total
Search        |    3      3
[Result]
Cost              : 1.0
Found in Iteration: 1
Current Iteration : 7
Technique         : Initialize
Function Calls    : 1
  ***
[Result]
Cost              : 1.0
Found in Iteration: 1
Current Iteration : 5907
Technique         : Initialize
Function Calls    : 1
  ***
[Result]
Cost              : 1.0
Found in Iteration: 1
Current Iteration : 18967
Technique         : Initialize
Function Calls    : 1
  ***
[Result]
Cost              : 1.0
Found in Iteration: 1
Current Iteration : 33645
Technique         : Initialize
Function Calls    : 1
  ***
[Result]
Cost              : 0.0007030913145735703
Found in Iteration: 6
Current Iteration : 49501
Technique         : Iterative First Improvement
Function Calls    : 21197
  ***
[Result]
Cost              : 0.0007030913145735703
Found in Iteration: 6
Current Iteration : 64773
Technique         : Iterative First Improvement
Function Calls    : 21197
  ***
[Result]
Cost              : 0.0007030913145735703
Found in Iteration: 6
Current Iteration : 80433
Technique         : Iterative First Improvement
Function Calls    : 21197
  ***
[Result]
Cost              : 0.0007030913145735703
Found in Iteration: 6
Current Iteration : 96483
Technique         : Iterative First Improvement
Function Calls    : 21197
  ***
[bioFinal Result]
Cost                  : 0.0007030913145735703
Found in Iteration    : 6
Current Iteration     : 110336
Technique             : Iterative First Improvement
Function Calls        : 21197
Starting Configuration:
  [Configuration]
  name      : rosenbrock_config
  parameters:
    [NumberParameter]
    name : i0
    min  : -2.000000
    max  : 2.000000
    value: 0.990193
    ***
    [NumberParameter]
    name : i1
    min  : -2.000000
    max  : 2.000000
    value: 0.982945
Minimum Configuration :
  [Configuration]
  name      : rosenbrock_config
  parameters:
    [NumberParameter]
    name : i0
    min  : -2.000000
    max  : 2.000000
    value: 0.990193
    ***
    [NumberParameter]
    name : i1
    min  : -2.000000
    max  : 2.000000
    value: 0.982945
0.0007030913145735703
Test Summary: | Pass  Total
Search        |    3      3
[Result]
Cost              : 1.0
Found in Iteration: 1
Current Iteration : 7
Technique         : Initialize
Function Calls    : 1
  ***
[Result]
Cost              : 1.0
Found in Iteration: 1
Current Iteration : 35277
Technique         : Initialize
Function Calls    : 1
  ***
[Result]
Cost              : 0.5765683318771344
Found in Iteration: 27705
Current Iteration : 82001
Technique         : Iterative Probabilistic Improvement
Function Calls    : 27705
  ***
[Result]
Cost              : 0.5765683318771344
Found in Iteration: 27705
Current Iteration : 135313
Technique         : Iterative Probabilistic Improvement
Function Calls    : 27705
  ***
[Result]
Cost              : 0.1478505915994083
Found in Iteration: 81586
Current Iteration : 188969
Technique         : Iterative Probabilistic Improvement
Function Calls    : 81586
  ***
[Result]
Cost              : 0.1478505915994083
Found in Iteration: 81586
Current Iteration : 238825
Technique         : Iterative Probabilistic Improvement
Function Calls    : 81586
  ***
[bioFinal Result]
Cost                  : 0.1478505915994083
Found in Iteration    : 81586
Current Iteration     : 289691
Technique             : Iterative Probabilistic Improvement
Function Calls        : 81586
Starting Configuration:
  [Configuration]
  name      : rosenbrock_config
  parameters:
    [NumberParameter]
    name : i0
    min  : -2.000000
    max  : 2.000000
    value: 1.152872
    ***
    [NumberParameter]
    name : i1
    min  : -2.000000
    max  : 2.000000
    value: 1.293831
Minimum Configuration :
  [Configuration]
  name      : rosenbrock_config
  parameters:
    [NumberParameter]
    name : i0
    min  : -2.000000
    max  : 2.000000
    value: 1.152872
    ***
    [NumberParameter]
    name : i1
    min  : -2.000000
    max  : 2.000000
    value: 1.293831
0.1478505915994083
Test Summary: | Pass  Total
Search        |    3      3
[Result]
Cost              : 1.0
Found in Iteration: 1
Current Iteration : 7
Technique         : Initialize
Function Calls    : 1
  ***
[Result]
Cost              : 1.0
Found in Iteration: 1
Current Iteration : 67011
Technique         : Initialize
Function Calls    : 1
  ***
[Result]
Cost              : 0.002366556450883164
Found in Iteration: 745
Current Iteration : 138071
Technique         : Randomized First Improvement
Function Calls    : 51776
  ***
[Result]
Cost              : 0.002366556450883164
Found in Iteration: 745
Current Iteration : 212851
Technique         : Randomized First Improvement
Function Calls    : 51776
  ***
[Result]
Cost              : 0.002366556450883164
Found in Iteration: 745
Current Iteration : 289919
Technique         : Randomized First Improvement
Function Calls    : 51776
  ***
[Result]
Cost              : 0.002366556450883164
Found in Iteration: 745
Current Iteration : 372374
Technique         : Randomized First Improvement
Function Calls    : 51776
  ***
[bioFinal Result]
Cost                  : 0.002366556450883164
Found in Iteration    : 745
Current Iteration     : 450814
Technique             : Randomized First Improvement
Function Calls        : 51776
Starting Configuration:
  [Configuration]
  name      : rosenbrock_config
  parameters:
    [NumberParameter]
    name : i0
    min  : -2.000000
    max  : 2.000000
    value: 0.997358
    ***
    [NumberParameter]
    name : i1
    min  : -2.000000
    max  : 2.000000
    value: 0.989865
Minimum Configuration :
  [Configuration]
  name      : rosenbrock_config
  parameters:
    [NumberParameter]
    name : i0
    min  : -2.000000
    max  : 2.000000
    value: 0.997358
    ***
    [NumberParameter]
    name : i1
    min  : -2.000000
    max  : 2.000000
    value: 0.989865
0.002366556450883164
Test Summary: | Pass  Total
Search        |    3      3
[Result]
Cost              : 1.0
Found in Iteration: 1
Current Iteration : 7
Technique         : Initialize
Function Calls    : 1
  ***
[Result]
Cost              : 1.0
Found in Iteration: 1
Current Iteration : 182180
Technique         : Initialize
Function Calls    : 1
  ***
[Result]
Cost              : 1.0
Found in Iteration: 1
Current Iteration : 506524
Technique         : Initialize
Function Calls    : 1
  ***
[bioFinal Result]
Cost                  : 1.0
Found in Iteration    : 1
Current Iteration     : 838776
Technique             : Initialize
Function Calls        : 1
Starting Configuration:
  [Configuration]
  name      : rosenbrock_config
  parameters:
    [NumberParameter]
    name : i0
    min  : -2.000000
    max  : 2.000000
    value: 0.000000
    ***
    [NumberParameter]
    name : i1
    min  : -2.000000
    max  : 2.000000
    value: 0.000000
Minimum Configuration :
  [Configuration]
  name      : rosenbrock_config
  parameters:
    [NumberParameter]
    name : i0
    min  : -2.000000
    max  : 2.000000
    value: 0.000000
    ***
    [NumberParameter]
    name : i1
    min  : -2.000000
    max  : 2.000000
    value: 0.000000
1.0
Test Summary: | Pass  Total
Search        |    3      3
[Result]
Cost              : 1.0
Found in Iteration: 1
Current Iteration : 7
Technique         : Initialize
Function Calls    : 1
  ***
[Result]
Cost              : 1.0
Found in Iteration: 1
Current Iteration : 61948
Technique         : Initialize
Function Calls    : 1
  ***
[Result]
Cost              : 1.0
Found in Iteration: 1
Current Iteration : 136256
Technique         : Initialize
Function Calls    : 1
  ***
[bioFinal Result]
Cost                  : 1.0
Found in Iteration    : 1
Current Iteration     : 208136
Technique             : Initialize
Function Calls        : 1
Starting Configuration:
  [Configuration]
  name      : rosenbrock_config
  parameters:
    [NumberParameter]
    name : i0
    min  : -2.000000
    max  : 2.000000
    value: 0.000000
    ***
    [NumberParameter]
    name : i1
    min  : -2.000000
    max  : 2.000000
    value: 0.000000
Minimum Configuration :
  [Configuration]
  name      : rosenbrock_config
  parameters:
    [NumberParameter]
    name : i0
    min  : -2.000000
    max  : 2.000000
    value: 0.000000
    ***
    [NumberParameter]
    name : i1
    min  : -2.000000
    max  : 2.000000
    value: 0.000000
1.0
Test Summary: | Pass  Total
Search        |    3      3
Test Summary: | Pass  Total
unit_value    |    6      6
    Testing NODAL tests passed 
