Julia Version 1.5.2-pre.25
Commit be8475f41a (2020-09-09 06:41 UTC)
Platform Info:
  OS: Linux (x86_64-linux-gnu)
  CPU: Intel(R) Xeon(R) Silver 4114 CPU @ 2.20GHz
  WORD_SIZE: 64
  LIBM: libopenlibm
  LLVM: libLLVM-9.0.1 (ORCJIT, skylake-avx512)
Environment:
  JULIA_DEPOT_PATH = ::/usr/local/share/julia
  JULIA_NUM_THREADS = 2

  Resolving package versions...
  Installed SimpleContainerGenerator ─ v2.0.0
  Installed PackageCompiler ────────── v1.2.1
Updating `~/.julia/environments/v1.5/Project.toml`
  [b8d349fb] + SimpleContainerGenerator v2.0.0
Updating `~/.julia/environments/v1.5/Manifest.toml`
  [9b87118b] + PackageCompiler v1.2.1
  [b8d349fb] + SimpleContainerGenerator v2.0.0
  [2a0f44e3] + Base64
  [ade2ca70] + Dates
  [b77e0a4c] + InteractiveUtils
  [76f85450] + LibGit2
  [8f399da3] + Libdl
  [56ddb016] + Logging
  [d6f4376e] + Markdown
  [44cfe95a] + Pkg
  [de0858da] + Printf
  [3fa0cd96] + REPL
  [9a3f8284] + Random
  [ea8e919c] + SHA
  [9e88b42a] + Serialization
  [6462fe0b] + Sockets
  [cf7118a7] + UUIDs
  [4ec0a83e] + Unicode
    Testing SimpleContainerGenerator
Status `/tmp/jl_3A7iMy/Project.toml`
  [9b87118b] PackageCompiler v1.2.1
  [b8d349fb] SimpleContainerGenerator v2.0.0
  [44cfe95a] Pkg
  [9a3f8284] Random
  [8dfed614] Test
  [cf7118a7] UUIDs
Status `/tmp/jl_3A7iMy/Manifest.toml`
  [9b87118b] PackageCompiler v1.2.1
  [b8d349fb] SimpleContainerGenerator v2.0.0
  [2a0f44e3] Base64
  [ade2ca70] Dates
  [8ba89e20] Distributed
  [b77e0a4c] InteractiveUtils
  [76f85450] LibGit2
  [8f399da3] Libdl
  [56ddb016] Logging
  [d6f4376e] Markdown
  [44cfe95a] Pkg
  [de0858da] Printf
  [3fa0cd96] REPL
  [9a3f8284] Random
  [ea8e919c] SHA
  [9e88b42a] Serialization
  [6462fe0b] Sockets
  [8dfed614] Test
  [cf7118a7] UUIDs
  [4ec0a83e] Unicode
[ Info: I have generated the Dockerfile and the other necessary files.
[ Info: Now `cd` to `/tmp/jl_TFsXka` and run:
[ Info: `docker build -t my_docker_username/my_image_name .`
[ Info: I have generated the Dockerfile and the other necessary files.
[ Info: Now `cd` to `/tmp/jl_KNGeTn` and run:
[ Info: `docker build -t my_docker_username/my_image_name .`
[ Info: I have generated the Dockerfile and the other necessary files.
[ Info: Now `cd` to `/tmp/jl_3EpJDB` and run:
[ Info: `docker build -t my_docker_username/my_image_name .`
[ Info: I have generated the Dockerfile and the other necessary files.
[ Info: Now `cd` to `/tmp/jl_sEmIzP` and run:
[ Info: `docker build -t my_docker_username/my_image_name .`
[ Info: I have generated the Dockerfile and the other necessary files.
[ Info: Now `cd` to `/tmp/jl_1zQnK3` and run:
[ Info: `docker build -t my_docker_username/my_image_name .`
[ Info: I have generated the Dockerfile and the other necessary files.
[ Info: Now `cd` to `/tmp/jl_yzezVh` and run:
[ Info: `docker build -t my_docker_username/my_image_name .`
[ Info: I have generated the Dockerfile and the other necessary files.
[ Info: Now `cd` to `/tmp/jl_bE0ULw` and run:
[ Info: `docker build -t my_docker_username/my_image_name .`
[ Info: I have generated the Dockerfile and the other necessary files.
[ Info: Now `cd` to `/tmp/jl_uLBi5L` and run:
[ Info: `docker build -t my_docker_username/my_image_name .`
[ Info: I have generated the Dockerfile and the other necessary files.
[ Info: Now `cd` to `/tmp/jl_f1kep1` and run:
[ Info: `docker build -t my_docker_username/my_image_name .`
[ Info: I have generated the Dockerfile and the other necessary files.
[ Info: Now `cd` to `/tmp/jl_82kaUg` and run:
[ Info: `docker build -t my_docker_username/my_image_name .`
[ Info: I have generated the Dockerfile and the other necessary files.
[ Info: Now `cd` to `/tmp/jl_rqc4yw` and run:
[ Info: `docker build -t my_docker_username/my_image_name .`
[ Info: I have generated the Dockerfile and the other necessary files.
[ Info: Now `cd` to `/tmp/jl_k7TreM` and run:
[ Info: `docker build -t my_docker_username/my_image_name .`
[ Info: I have generated the Dockerfile and the other necessary files.
[ Info: Now `cd` to `/tmp/jl_tbhp61` and run:
[ Info: `docker build -t my_docker_username/my_image_name .`
[ Info: I have generated the Dockerfile and the other necessary files.
[ Info: Now `cd` to `/tmp/jl_itPBbi` and run:
[ Info: `docker build -t my_docker_username/my_image_name .`
[ Info: I have generated the Dockerfile and the other necessary files.
[ Info: Now `cd` to `/tmp/jl_TeqNiy` and run:
[ Info: `docker build -t my_docker_username/my_image_name .`
[ Info: I have generated the Dockerfile and the other necessary files.
[ Info: Now `cd` to `/tmp/jl_0D8PBO` and run:
[ Info: `docker build -t my_docker_username/my_image_name .`
[ Info: I have generated the Dockerfile and the other necessary files.
[ Info: Now `cd` to `/tmp/jl_tezzd5` and run:
[ Info: `docker build -t my_docker_username/my_image_name .`
[ Info: I have generated the Dockerfile and the other necessary files.
[ Info: Now `cd` to `/tmp/jl_umOTPl` and run:
[ Info: `docker build -t my_docker_username/my_image_name .`
Test Summary:               | Pass  Total
SimpleContainerGenerator.jl |   50     50
    Testing SimpleContainerGenerator tests passed 
