Running tests with Julia v1.3.0
   Cloning default registries into `~/.julia`
   Cloning registry from "https://github.com/JuliaRegistries/General.git"
[?25l    Fetching: [>                                        ]  0.0 %    Fetching: [============>                            ]  29.3 %    Fetching: [============================>            ]  67.6 %[2K[?25h     Added registry `General` to `~/.julia/registries/General`
 Resolving package versions...
 Installed TypeSortedCollections ───── v1.1.0
 Installed Ratios ──────────────────── v0.3.1
 Installed IniFile ─────────────────── v0.5.0
 Installed CoordinateTransformations ─ v0.5.0
 Installed URIParser ───────────────── v0.4.0
 Installed FastIOBuffers ───────────── v0.3.1
 Installed RigidBodyTreeInspector ──── v0.6.0
 Installed WebSockets ──────────────── v1.5.2
 Installed AxisAlgorithms ──────────── v1.0.0
 Installed DataStructures ──────────── v0.17.6
 Installed BinaryProvider ──────────── v0.5.8
 Installed Rotations ───────────────── v0.11.1
 Installed FileIO ──────────────────── v1.1.0
 Installed DocStringExtensions ─────── v0.8.1
 Installed StaticArrays ────────────── v0.11.1
 Installed Meshing ─────────────────── v0.5.1
 Installed Compat ──────────────────── v2.2.0
 Installed DrakeVisualizer ─────────── v0.4.0
 Installed MacroTools ──────────────── v0.5.3
 Installed Parsers ─────────────────── v0.3.10
 Installed LoopThrottle ────────────── v0.1.0
 Installed IterTools ───────────────── v1.3.0
 Installed WebIO ───────────────────── v0.8.11
 Installed CMakeWrapper ────────────── v0.2.3
 Installed Parameters ──────────────── v0.12.0
 Installed FixedPointNumbers ───────── v0.6.1
 Installed InteractBase ────────────── v0.10.3
 Installed OrderedCollections ──────── v1.1.0
 Installed Observables ─────────────── v0.2.3
 Installed FunctionalCollections ───── v0.5.0
 Installed JSON ────────────────────── v0.21.0
 Installed RigidBodyDynamics ───────── v2.1.1
 Installed ColorTypes ──────────────── v0.8.0
 Installed BinDeps ─────────────────── v0.8.10
 Installed MbedTLS ─────────────────── v0.7.0
 Installed JSExpr ──────────────────── v0.5.1
 Installed Interpolations ──────────── v0.12.5
 Installed CMake ───────────────────── v1.1.2
 Installed Requires ────────────────── v0.5.2
 Installed Knockout ────────────────── v0.2.3
 Installed Pidfile ─────────────────── v1.1.0
 Installed Colors ──────────────────── v0.9.6
 Installed Measures ────────────────── v0.3.0
 Installed MeshIO ──────────────────── v0.3.1
 Installed LCMCore ─────────────────── v0.6.1
 Installed GeometryTypes ───────────── v0.7.6
 Installed AssetRegistry ───────────── v0.1.0
 Installed Widgets ─────────────────── v0.6.2
 Installed OffsetArrays ────────────── v0.11.2
 Installed Reexport ────────────────── v0.2.0
 Installed HTTP ────────────────────── v0.8.8
 Installed CSSUtil ─────────────────── v0.1.0
 Installed LightXML ────────────────── v0.8.1
 Installed WoodburyMatrices ────────── v0.4.1
 Installed UnsafeArrays ────────────── v1.0.0
 Installed MechanismGeometries ─────── v0.3.0
  Updating `~/.julia/environments/v1.3/Project.toml`
  [82daab19] + RigidBodyTreeInspector v0.6.0
  Updating `~/.julia/environments/v1.3/Manifest.toml`
  [bf4720bc] + AssetRegistry v0.1.0
  [13072b0f] + AxisAlgorithms v1.0.0
  [9e28174c] + BinDeps v0.8.10
  [b99e7846] + BinaryProvider v0.5.8
  [631607c0] + CMake v1.1.2
  [d5fb7624] + CMakeWrapper v0.2.3
  [70588ee8] + CSSUtil v0.1.0
  [3da002f7] + ColorTypes v0.8.0
  [5ae59095] + Colors v0.9.6
  [34da2185] + Compat v2.2.0
  [150eb455] + CoordinateTransformations v0.5.0
  [864edb3b] + DataStructures v0.17.6
  [ffbed154] + DocStringExtensions v0.8.1
  [49c7015b] + DrakeVisualizer v0.4.0
  [6ccb8d0d] + FastIOBuffers v0.3.1
  [5789e2e9] + FileIO v1.1.0
  [53c48c17] + FixedPointNumbers v0.6.1
  [de31a74c] + FunctionalCollections v0.5.0
  [4d00f742] + GeometryTypes v0.7.6
  [cd3eb016] + HTTP v0.8.8
  [83e8ac13] + IniFile v0.5.0
  [d3863d7c] + InteractBase v0.10.3
  [a98d9a8b] + Interpolations v0.12.5
  [c8e1da08] + IterTools v1.3.0
  [97c1335a] + JSExpr v0.5.1
  [682c06a0] + JSON v0.21.0
  [bcebb21b] + Knockout v0.2.3
  [0ea44823] + LCMCore v0.6.1
  [9c8b4983] + LightXML v0.8.1
  [39f5be34] + LoopThrottle v0.1.0
  [1914dd2f] + MacroTools v0.5.3
  [739be429] + MbedTLS v0.7.0
  [442fdcdd] + Measures v0.3.0
  [931e9471] + MechanismGeometries v0.3.0
  [7269a6da] + MeshIO v0.3.1
  [e6723b4c] + Meshing v0.5.1
  [510215fc] + Observables v0.2.3
  [6fe1bfb0] + OffsetArrays v0.11.2
  [bac558e1] + OrderedCollections v1.1.0
  [d96e819e] + Parameters v0.12.0
  [69de0a69] + Parsers v0.3.10
  [fa939f87] + Pidfile v1.1.0
  [c84ed2f1] + Ratios v0.3.1
  [189a3867] + Reexport v0.2.0
  [ae029012] + Requires v0.5.2
  [366cf18f] + RigidBodyDynamics v2.1.1
  [82daab19] + RigidBodyTreeInspector v0.6.0
  [6038ab10] + Rotations v0.11.1
  [90137ffa] + StaticArrays v0.11.1
  [94a5cd58] + TypeSortedCollections v1.1.0
  [30578b45] + URIParser v0.4.0
  [c4a57d5a] + UnsafeArrays v1.0.0
  [0f1e0344] + WebIO v0.8.11
  [104b5d7c] + WebSockets v1.5.2
  [cc8bc4a8] + Widgets v0.6.2
  [efce3f68] + WoodburyMatrices v0.4.1
  [2a0f44e3] + Base64 
  [ade2ca70] + Dates 
  [8bb1440f] + DelimitedFiles 
  [8ba89e20] + Distributed 
  [7b1f6079] + FileWatching 
  [b77e0a4c] + InteractiveUtils 
  [76f85450] + LibGit2 
  [8f399da3] + Libdl 
  [37e2e46d] + LinearAlgebra 
  [56ddb016] + Logging 
  [d6f4376e] + Markdown 
  [a63ad114] + Mmap 
  [44cfe95a] + Pkg 
  [de0858da] + Printf 
  [3fa0cd96] + REPL 
  [9a3f8284] + Random 
  [ea8e919c] + SHA 
  [9e88b42a] + Serialization 
  [1a1011a3] + SharedArrays 
  [6462fe0b] + Sockets 
  [2f01184e] + SparseArrays 
  [10745b16] + Statistics 
  [8dfed614] + Test 
  [cf7118a7] + UUIDs 
  [4ec0a83e] + Unicode 
  Building LCMCore ──────────→ `~/.julia/packages/LCMCore/cPbOB/deps/build.log`
 Resolving package versions...
 Installed Homebrew ─ v0.7.1
  Updating `/tmp/jl_KAnMnO/Project.toml`
  [d9be37ee] + Homebrew v0.7.1
  [0ea44823] + LCMCore v0.6.1
 Resolving package versions...
 Installed StaticArrays ─ v0.12.1
  Updating `/tmp/jl_KAnMnO/Project.toml`
  [9e28174c] + BinDeps v0.8.10
  [d5fb7624] + CMakeWrapper v0.2.3
  [d9be37ee] + Homebrew v0.7.1
  [0ea44823] + LCMCore v0.6.1 [`~/.julia/packages/LCMCore/cPbOB`]
ERROR: SystemError: opening file "/tmp/jl_KAnMnO/Project.toml": Permission denied
Stacktrace:
 [1] #systemerror#44(::Nothing, ::typeof(systemerror), ::String, ::Bool) at ./error.jl:134
 [2] systemerror at ./error.jl:134 [inlined]
 [3] #open#512(::Nothing, ::Nothing, ::Nothing, ::Bool, ::Nothing, ::typeof(open), ::String) at ./iostream.jl:254
 [4] #open at ./none:0 [inlined]
 [5] #open#271(::Base.Iterators.Pairs{Symbol,Bool,Tuple{Symbol},NamedTuple{(:truncate,),Tuple{Bool}}}, ::typeof(open), ::Pkg.Types.var"#41#43"{Base.GenericIOBuffer{Array{UInt8,1}}}, ::String) at ./io.jl:296
 [6] #open at ./none:0 [inlined]
 [7] write_project at /buildworker/worker/package_linux64/build/usr/share/julia/stdlib/v1.3/Pkg/src/project.jl:176 [inlined]
 [8] #write_project#44(::Bool, ::typeof(Pkg.Types.write_project), ::Pkg.Types.Project, ::Pkg.Types.EnvCache, ::Pkg.Types.EnvCache, ::Pkg.Types.Context) at /buildworker/worker/package_linux64/build/usr/share/julia/stdlib/v1.3/Pkg/src/project.jl:187
 [9] #write_project at ./none:0 [inlined]
 [10] #write_env#141 at /buildworker/worker/package_linux64/build/usr/share/julia/stdlib/v1.3/Pkg/src/Types.jl:1375 [inlined]
 [11] write_env at /buildworker/worker/package_linux64/build/usr/share/julia/stdlib/v1.3/Pkg/src/Types.jl:1373 [inlined]
 [12] #develop#115(::Bool, ::Pkg.BinaryPlatforms.Linux, ::typeof(Pkg.Operations.develop), ::Pkg.Types.Context, ::Array{Pkg.Types.PackageSpec,1}, ::Array{Base.UUID,1}) at /buildworker/worker/package_linux64/build/usr/share/julia/stdlib/v1.3/Pkg/src/Operations.jl:1040
 [13] #develop at /buildworker/worker/package_linux64/build/usr/share/julia/stdlib/v1.3/Pkg/src/API.jl:0 [inlined]
 [14] #develop#17(::Bool, ::Bool, ::Pkg.BinaryPlatforms.Linux, ::Base.Iterators.Pairs{Union{},Union{},Tuple{},NamedTuple{(),Tuple{}}}, ::typeof(Pkg.API.develop), ::Pkg.Types.Context, ::Array{Pkg.Types.PackageSpec,1}) at /buildworker/worker/package_linux64/build/usr/share/julia/stdlib/v1.3/Pkg/src/API.jl:61
 [15] develop(::Pkg.Types.Context, ::Array{Pkg.Types.PackageSpec,1}) at /buildworker/worker/package_linux64/build/usr/share/julia/stdlib/v1.3/Pkg/src/API.jl:41
 [16] #develop#16(::Base.Iterators.Pairs{Union{},Union{},Tuple{},NamedTuple{(),Tuple{}}}, ::typeof(Pkg.API.develop), ::Array{Pkg.Types.PackageSpec,1}) at /buildworker/worker/package_linux64/build/usr/share/julia/stdlib/v1.3/Pkg/src/API.jl:38
 [17] develop(::Array{Pkg.Types.PackageSpec,1}) at /buildworker/worker/package_linux64/build/usr/share/julia/stdlib/v1.3/Pkg/src/API.jl:38
 [18] #develop#12(::Base.Iterators.Pairs{Union{},Union{},Tuple{},NamedTuple{(),Tuple{}}}, ::typeof(Pkg.API.develop), ::Pkg.Types.PackageSpec) at /buildworker/worker/package_linux64/build/usr/share/julia/stdlib/v1.3/Pkg/src/API.jl:35
 [19] develop at /buildworker/worker/package_linux64/build/usr/share/julia/stdlib/v1.3/Pkg/src/API.jl:35 [inlined]
 [20] (::Pkg.Operations.var"#128#130"{String,String,Pkg.Operations.var"#100#104"{Bool,String,Pkg.Types.PackageSpec,String},String})() at /buildworker/worker/package_linux64/build/usr/share/julia/stdlib/v1.3/Pkg/src/Operations.jl:1290
 [21] with_temp_env(::Pkg.Operations.var"#128#130"{String,String,Pkg.Operations.var"#100#104"{Bool,String,Pkg.Types.PackageSpec,String},String}, ::String) at /buildworker/worker/package_linux64/build/usr/share/julia/stdlib/v1.3/Pkg/src/Operations.jl:1237
 [22] (::Pkg.Operations.var"#127#129"{Pkg.Operations.var"#100#104"{Bool,String,Pkg.Types.PackageSpec,String},Pkg.Types.Context,Pkg.Types.PackageSpec,String,String,String})(::String) at /buildworker/worker/package_linux64/build/usr/share/julia/stdlib/v1.3/Pkg/src/Operations.jl:1284
 [23] #mktempdir#18(::String, ::typeof(mktempdir), ::Pkg.Operations.var"#127#129"{Pkg.Operations.var"#100#104"{Bool,String,Pkg.Types.PackageSpec,String},Pkg.Types.Context,Pkg.Types.PackageSpec,String,String,String}, ::String) at ./file.jl:634
 [24] mktempdir(::Function, ::String) at ./file.jl:632 (repeats 2 times)
 [25] sandbox(::Function, ::Pkg.Types.Context, ::Pkg.Types.PackageSpec, ::String, ::String) at /buildworker/worker/package_linux64/build/usr/share/julia/stdlib/v1.3/Pkg/src/Operations.jl:1271
 [26] #build_versions#97(::Bool, ::Bool, ::typeof(Pkg.Operations.build_versions), ::Pkg.Types.Context, ::Array{Base.UUID,1}) at /buildworker/worker/package_linux64/build/usr/share/julia/stdlib/v1.3/Pkg/src/Operations.jl:847
 [27] build_versions at /buildworker/worker/package_linux64/build/usr/share/julia/stdlib/v1.3/Pkg/src/Operations.jl:805 [inlined]
 [28] #add#112(::Bool, ::Pkg.BinaryPlatforms.Linux, ::typeof(Pkg.Operations.add), ::Pkg.Types.Context, ::Array{Pkg.Types.PackageSpec,1}, ::Array{Base.UUID,1}) at /buildworker/worker/package_linux64/build/usr/share/julia/stdlib/v1.3/Pkg/src/Operations.jl:1020
 [29] #add at ./none:0 [inlined]
 [30] #add#25(::Bool, ::Pkg.BinaryPlatforms.Linux, ::Base.Iterators.Pairs{Union{},Union{},Tuple{},NamedTuple{(),Tuple{}}}, ::typeof(Pkg.API.add), ::Pkg.Types.Context, ::Array{Pkg.Types.PackageSpec,1}) at /buildworker/worker/package_linux64/build/usr/share/julia/stdlib/v1.3/Pkg/src/API.jl:102
 [31] add(::Pkg.Types.Context, ::Array{Pkg.Types.PackageSpec,1}) at /buildworker/worker/package_linux64/build/usr/share/julia/stdlib/v1.3/Pkg/src/API.jl:72
 [32] #add#24 at /buildworker/worker/package_linux64/build/usr/share/julia/stdlib/v1.3/Pkg/src/API.jl:69 [inlined]
 [33] add at /buildworker/worker/package_linux64/build/usr/share/julia/stdlib/v1.3/Pkg/src/API.jl:69 [inlined]
 [34] #add#21 at /buildworker/worker/package_linux64/build/usr/share/julia/stdlib/v1.3/Pkg/src/API.jl:67 [inlined]
 [35] add at /buildworker/worker/package_linux64/build/usr/share/julia/stdlib/v1.3/Pkg/src/API.jl:67 [inlined]
 [36] #add#20(::Base.Iterators.Pairs{Union{},Union{},Tuple{},NamedTuple{(),Tuple{}}}, ::typeof(Pkg.API.add), ::String) at /buildworker/worker/package_linux64/build/usr/share/julia/stdlib/v1.3/Pkg/src/API.jl:66
 [37] add(::String) at /buildworker/worker/package_linux64/build/usr/share/julia/stdlib/v1.3/Pkg/src/API.jl:66
 [38] top-level scope at none:11
caused by [exception 1]
SystemError: opening file "/tmp/jl_KAnMnO/Project.toml": Permission denied
Stacktrace:
 [1] #systemerror#44(::Nothing, ::typeof(systemerror), ::String, ::Bool) at ./error.jl:134
 [2] systemerror at ./error.jl:134 [inlined]
 [3] #open#512(::Nothing, ::Nothing, ::Nothing, ::Bool, ::Nothing, ::typeof(open), ::String) at ./iostream.jl:254
 [4] #open at ./none:0 [inlined]
 [5] #open#271(::Base.Iterators.Pairs{Symbol,Bool,Tuple{Symbol},NamedTuple{(:truncate,),Tuple{Bool}}}, ::typeof(open), ::Pkg.Types.var"#41#43"{Base.GenericIOBuffer{Array{UInt8,1}}}, ::String) at ./io.jl:296
 [6] #open at ./none:0 [inlined]
 [7] write_project at /buildworker/worker/package_linux64/build/usr/share/julia/stdlib/v1.3/Pkg/src/project.jl:176 [inlined]
 [8] #write_project#44(::Bool, ::typeof(Pkg.Types.write_project), ::Pkg.Types.Project, ::Pkg.Types.EnvCache, ::Pkg.Types.EnvCache, ::Pkg.Types.Context) at /buildworker/worker/package_linux64/build/usr/share/julia/stdlib/v1.3/Pkg/src/project.jl:187
 [9] #write_project at ./none:0 [inlined]
 [10] #write_env#141 at /buildworker/worker/package_linux64/build/usr/share/julia/stdlib/v1.3/Pkg/src/Types.jl:1375 [inlined]
 [11] write_env at /buildworker/worker/package_linux64/build/usr/share/julia/stdlib/v1.3/Pkg/src/Types.jl:1373 [inlined]
 [12] #develop#115(::Bool, ::Pkg.BinaryPlatforms.Linux, ::typeof(Pkg.Operations.develop), ::Pkg.Types.Context, ::Array{Pkg.Types.PackageSpec,1}, ::Array{Base.UUID,1}) at /buildworker/worker/package_linux64/build/usr/share/julia/stdlib/v1.3/Pkg/src/Operations.jl:1040
 [13] #develop at /buildworker/worker/package_linux64/build/usr/share/julia/stdlib/v1.3/Pkg/src/API.jl:0 [inlined]
 [14] #develop#17(::Bool, ::Bool, ::Pkg.BinaryPlatforms.Linux, ::Base.Iterators.Pairs{Union{},Union{},Tuple{},NamedTuple{(),Tuple{}}}, ::typeof(Pkg.API.develop), ::Pkg.Types.Context, ::Array{Pkg.Types.PackageSpec,1}) at /buildworker/worker/package_linux64/build/usr/share/julia/stdlib/v1.3/Pkg/src/API.jl:61
 [15] (::Pkg.API.var"#kw##develop")(::NamedTuple{(:strict,),Tuple{Bool}}, ::typeof(Pkg.API.develop), ::Pkg.Types.Context, ::Array{Pkg.Types.PackageSpec,1}) at ./none:0
 [16] #develop#16(::Base.Iterators.Pairs{Symbol,Bool,Tuple{Symbol},NamedTuple{(:strict,),Tuple{Bool}}}, ::typeof(Pkg.API.develop), ::Array{Pkg.Types.PackageSpec,1}) at /buildworker/worker/package_linux64/build/usr/share/julia/stdlib/v1.3/Pkg/src/API.jl:38
 [17] (::Pkg.API.var"#kw##develop")(::NamedTuple{(:strict,),Tuple{Bool}}, ::typeof(Pkg.API.develop), ::Array{Pkg.Types.PackageSpec,1}) at ./none:0
 [18] #develop#12(::Base.Iterators.Pairs{Symbol,Bool,Tuple{Symbol},NamedTuple{(:strict,),Tuple{Bool}}}, ::typeof(Pkg.API.develop), ::Pkg.Types.PackageSpec) at /buildworker/worker/package_linux64/build/usr/share/julia/stdlib/v1.3/Pkg/src/API.jl:35
 [19] #develop at ./none:0 [inlined]
 [20] (::Pkg.Operations.var"#128#130"{String,String,Pkg.Operations.var"#100#104"{Bool,String,Pkg.Types.PackageSpec,String},String})() at /buildworker/worker/package_linux64/build/usr/share/julia/stdlib/v1.3/Pkg/src/Operations.jl:1286
 [21] with_temp_env(::Pkg.Operations.var"#128#130"{String,String,Pkg.Operations.var"#100#104"{Bool,String,Pkg.Types.PackageSpec,String},String}, ::String) at /buildworker/worker/package_linux64/build/usr/share/julia/stdlib/v1.3/Pkg/src/Operations.jl:1237
 [22] (::Pkg.Operations.var"#127#129"{Pkg.Operations.var"#100#104"{Bool,String,Pkg.Types.PackageSpec,String},Pkg.Types.Context,Pkg.Types.PackageSpec,String,String,String})(::String) at /buildworker/worker/package_linux64/build/usr/share/julia/stdlib/v1.3/Pkg/src/Operations.jl:1284
 [23] #mktempdir#18(::String, ::typeof(mktempdir), ::Pkg.Operations.var"#127#129"{Pkg.Operations.var"#100#104"{Bool,String,Pkg.Types.PackageSpec,String},Pkg.Types.Context,Pkg.Types.PackageSpec,String,String,String}, ::String) at ./file.jl:634
 [24] mktempdir(::Function, ::String) at ./file.jl:632 (repeats 2 times)
 [25] sandbox(::Function, ::Pkg.Types.Context, ::Pkg.Types.PackageSpec, ::String, ::String) at /buildworker/worker/package_linux64/build/usr/share/julia/stdlib/v1.3/Pkg/src/Operations.jl:1271
 [26] #build_versions#97(::Bool, ::Bool, ::typeof(Pkg.Operations.build_versions), ::Pkg.Types.Context, ::Array{Base.UUID,1}) at /buildworker/worker/package_linux64/build/usr/share/julia/stdlib/v1.3/Pkg/src/Operations.jl:847
 [27] build_versions at /buildworker/worker/package_linux64/build/usr/share/julia/stdlib/v1.3/Pkg/src/Operations.jl:805 [inlined]
 [28] #add#112(::Bool, ::Pkg.BinaryPlatforms.Linux, ::typeof(Pkg.Operations.add), ::Pkg.Types.Context, ::Array{Pkg.Types.PackageSpec,1}, ::Array{Base.UUID,1}) at /buildworker/worker/package_linux64/build/usr/share/julia/stdlib/v1.3/Pkg/src/Operations.jl:1020
 [29] #add at ./none:0 [inlined]
 [30] #add#25(::Bool, ::Pkg.BinaryPlatforms.Linux, ::Base.Iterators.Pairs{Union{},Union{},Tuple{},NamedTuple{(),Tuple{}}}, ::typeof(Pkg.API.add), ::Pkg.Types.Context, ::Array{Pkg.Types.PackageSpec,1}) at /buildworker/worker/package_linux64/build/usr/share/julia/stdlib/v1.3/Pkg/src/API.jl:102
 [31] add(::Pkg.Types.Context, ::Array{Pkg.Types.PackageSpec,1}) at /buildworker/worker/package_linux64/build/usr/share/julia/stdlib/v1.3/Pkg/src/API.jl:72
 [32] #add#24 at /buildworker/worker/package_linux64/build/usr/share/julia/stdlib/v1.3/Pkg/src/API.jl:69 [inlined]
 [33] add at /buildworker/worker/package_linux64/build/usr/share/julia/stdlib/v1.3/Pkg/src/API.jl:69 [inlined]
 [34] #add#21 at /buildworker/worker/package_linux64/build/usr/share/julia/stdlib/v1.3/Pkg/src/API.jl:67 [inlined]
 [35] add at /buildworker/worker/package_linux64/build/usr/share/julia/stdlib/v1.3/Pkg/src/API.jl:67 [inlined]
 [36] #add#20(::Base.Iterators.Pairs{Union{},Union{},Tuple{},NamedTuple{(),Tuple{}}}, ::typeof(Pkg.API.add), ::String) at /buildworker/worker/package_linux64/build/usr/share/julia/stdlib/v1.3/Pkg/src/API.jl:66
 [37] add(::String) at /buildworker/worker/package_linux64/build/usr/share/julia/stdlib/v1.3/Pkg/src/API.jl:66
 [38] top-level scope at none:11
