Current time is 2020-10-25T20:38:05.691
Julia Version 1.5.3-pre.13
Commit 3de1115e9c (2020-10-23 21:58 UTC)
Platform Info:
  OS: Linux (x86_64-linux-gnu)
  CPU: AMD EPYC 7502 32-Core Processor
  WORD_SIZE: 64
  LIBM: libopenlibm
  LLVM: libLLVM-9.0.1 (ORCJIT, znver2)
Environment:
  JULIA_DEPOT_PATH = ::/usr/local/share/julia
  JULIA_NUM_THREADS = 2
  JULIA_MAX_NUM_PRECOMPILE_FILES = 9223372036854775807
  JULIA_PKG_SERVER = 

Starting installation at 2020-10-25T20:38:08.721
  Resolving package versions...
  Installed DataValueInterfaces ───────── v1.0.0
  Installed TableOperations ───────────── v0.2.1
  Installed IteratorInterfaceExtensions ─ v1.0.0
  Installed DataAPI ───────────────────── v1.3.0
  Installed TableTraits ───────────────── v1.0.0
  Installed Tables ────────────────────── v1.1.0
Updating `~/.julia/environments/v1.5/Project.toml`
  [ab02a1b2] + TableOperations v0.2.1
Updating `~/.julia/environments/v1.5/Manifest.toml`
  [9a962f9c] + DataAPI v1.3.0
  [e2d170a0] + DataValueInterfaces v1.0.0
  [82899510] + IteratorInterfaceExtensions v1.0.0
  [ab02a1b2] + TableOperations v0.2.1
  [3783bdb8] + TableTraits v1.0.0
  [bd369af6] + Tables v1.1.0
  [2a0f44e3] + Base64
  [8ba89e20] + Distributed
  [b77e0a4c] + InteractiveUtils
  [8f399da3] + Libdl
  [37e2e46d] + LinearAlgebra
  [56ddb016] + Logging
  [d6f4376e] + Markdown
  [9a3f8284] + Random
  [9e88b42a] + Serialization
  [6462fe0b] + Sockets
  [8dfed614] + Test
Starting tests at 2020-10-25T20:38:11.068
    Testing TableOperations
Status `/tmp/jl_zEpzoZ/Project.toml`
  [ab02a1b2] TableOperations v0.2.1
  [bd369af6] Tables v1.1.0
  [8dfed614] Test
Status `/tmp/jl_zEpzoZ/Manifest.toml`
  [9a962f9c] DataAPI v1.3.0
  [e2d170a0] DataValueInterfaces v1.0.0
  [82899510] IteratorInterfaceExtensions v1.0.0
  [ab02a1b2] TableOperations v0.2.1
  [3783bdb8] TableTraits v1.0.0
  [bd369af6] Tables v1.1.0
  [2a0f44e3] Base64
  [8ba89e20] Distributed
  [b77e0a4c] InteractiveUtils
  [8f399da3] Libdl
  [37e2e46d] LinearAlgebra
  [56ddb016] Logging
  [d6f4376e] Markdown
  [9a3f8284] Random
  [9e88b42a] Serialization
  [6462fe0b] Sockets
  [8dfed614] Test
Test Summary:             | Pass  Total
TableOperations.transform |   40     40
Test Summary:          | Pass  Total
TableOperations.select |   96     96
Test Summary:          | Pass  Total
TableOperations.filter |   12     12
Test Summary:       | Pass  Total
TableOperations.map |   11     11
    Testing TableOperations tests passed 
Finished at 2020-10-25T20:38:42.712
