Julia Version 1.5.2-pre.0
Commit c4acbf93fb (2020-08-26 10:58 UTC)
Platform Info:
  OS: Linux (x86_64-pc-linux-gnu)
  CPU: Intel(R) Xeon(R) Silver 4114 CPU @ 2.20GHz
  WORD_SIZE: 64
  LIBM: libopenlibm
  LLVM: libLLVM-9.0.1 (ORCJIT, skylake-avx512)
Environment:
  JULIA_DEPOT_PATH = ::/usr/local/share/julia
  JULIA_NUM_THREADS = 2

  Resolving package versions...
  Installed SymDict ──────────── v0.3.0
  Installed Zlib_jll ─────────── v1.2.11+16
  Installed EzXML ────────────── v1.1.0
  Installed MbedTLS ──────────── v1.0.2
  Installed ExprTools ────────── v0.1.2
  Installed AWSCore ──────────── v0.6.15
  Installed HTTP ─────────────── v0.8.17
  Installed JSON ─────────────── v0.21.1
  Installed Retry ────────────── v0.4.1
  Installed IniFile ──────────── v0.5.0
  Installed XML2_jll ─────────── v2.9.10+2
  Installed Mocking ──────────── v0.7.1
  Installed Libiconv_jll ─────── v1.16.0+6
  Installed Parsers ──────────── v1.0.10
  Installed OrderedCollections ─ v1.3.0
  Installed IterTools ────────── v1.3.0
  Installed XMLDict ──────────── v0.4.1
  Installed MbedTLS_jll ──────── v2.16.8+0
  Installed LazyJSON ─────────── v0.2.1
Updating `~/.julia/environments/v1.5/Project.toml`
  [4f1ea46c] + AWSCore v0.6.15
Updating `~/.julia/environments/v1.5/Manifest.toml`
  [4f1ea46c] + AWSCore v0.6.15
  [e2ba6199] + ExprTools v0.1.2
  [8f5d6c58] + EzXML v1.1.0
  [cd3eb016] + HTTP v0.8.17
  [83e8ac13] + IniFile v0.5.0
  [c8e1da08] + IterTools v1.3.0
  [682c06a0] + JSON v0.21.1
  [fc18253b] + LazyJSON v0.2.1
  [94ce4f54] + Libiconv_jll v1.16.0+6
  [739be429] + MbedTLS v1.0.2
  [c8ffd9c3] + MbedTLS_jll v2.16.8+0
  [78c3b35d] + Mocking v0.7.1
  [bac558e1] + OrderedCollections v1.3.0
  [69de0a69] + Parsers v1.0.10
  [20febd7b] + Retry v0.4.1
  [2da68c74] + SymDict v0.3.0
  [02c8fc9c] + XML2_jll v2.9.10+2
  [228000da] + XMLDict v0.4.1
  [83775a58] + Zlib_jll v1.2.11+16
  [2a0f44e3] + Base64
  [ade2ca70] + Dates
  [8ba89e20] + Distributed
  [b77e0a4c] + InteractiveUtils
  [76f85450] + LibGit2
  [8f399da3] + Libdl
  [56ddb016] + Logging
  [d6f4376e] + Markdown
  [a63ad114] + Mmap
  [44cfe95a] + Pkg
  [de0858da] + Printf
  [3fa0cd96] + REPL
  [9a3f8284] + Random
  [ea8e919c] + SHA
  [9e88b42a] + Serialization
  [6462fe0b] + Sockets
  [8dfed614] + Test
  [cf7118a7] + UUIDs
  [4ec0a83e] + Unicode
    Testing AWSCore
Status `/tmp/jl_E62Nst/Project.toml`
  [4f1ea46c] AWSCore v0.6.15
  [cd3eb016] HTTP v0.8.17
  [83e8ac13] IniFile v0.5.0
  [682c06a0] JSON v0.21.1
  [fc18253b] LazyJSON v0.2.1
  [739be429] MbedTLS v1.0.2
  [78c3b35d] Mocking v0.7.1
  [bac558e1] OrderedCollections v1.3.0
  [20febd7b] Retry v0.4.1
  [2da68c74] SymDict v0.3.0
  [228000da] XMLDict v0.4.1
  [2a0f44e3] Base64
  [ade2ca70] Dates
  [6462fe0b] Sockets
  [8dfed614] Test
  [cf7118a7] UUIDs
Status `/tmp/jl_E62Nst/Manifest.toml`
  [4f1ea46c] AWSCore v0.6.15
  [e2ba6199] ExprTools v0.1.2
  [8f5d6c58] EzXML v1.1.0
  [cd3eb016] HTTP v0.8.17
  [83e8ac13] IniFile v0.5.0
  [c8e1da08] IterTools v1.3.0
  [682c06a0] JSON v0.21.1
  [fc18253b] LazyJSON v0.2.1
  [94ce4f54] Libiconv_jll v1.16.0+6
  [739be429] MbedTLS v1.0.2
  [c8ffd9c3] MbedTLS_jll v2.16.8+0
  [78c3b35d] Mocking v0.7.1
  [bac558e1] OrderedCollections v1.3.0
  [69de0a69] Parsers v1.0.10
  [20febd7b] Retry v0.4.1
  [2da68c74] SymDict v0.3.0
  [02c8fc9c] XML2_jll v2.9.10+2
  [228000da] XMLDict v0.4.1
  [83775a58] Zlib_jll v1.2.11+16
  [2a0f44e3] Base64
  [ade2ca70] Dates
  [8ba89e20] Distributed
  [b77e0a4c] InteractiveUtils
  [76f85450] LibGit2
  [8f399da3] Libdl
  [56ddb016] Logging
  [d6f4376e] Markdown
  [a63ad114] Mmap
  [44cfe95a] Pkg
  [de0858da] Printf
  [3fa0cd96] REPL
  [9a3f8284] Random
  [ea8e919c] SHA
  [9e88b42a] Serialization
  [6462fe0b] Sockets
  [8dfed614] Test
  [cf7118a7] UUIDs
  [4ec0a83e] Unicode
ERROR: LoadError: IOError(Base.IOError("connect: connection timed out (ETIMEDOUT)", -110) during request(http://169.254.169.254/latest/meta-data/iam/info))

Stacktrace:
 [1] wait_connected(::Sockets.TCPSocket) at /buildworker/worker/package_linux64/build/usr/share/julia/stdlib/v1.5/Sockets/src/Sockets.jl:525
 [2] connect at /buildworker/worker/package_linux64/build/usr/share/julia/stdlib/v1.5/Sockets/src/Sockets.jl:560 [inlined]
 [3] connect(::Sockets.IPv4, ::UInt64) at /buildworker/worker/package_linux64/build/usr/share/julia/stdlib/v1.5/Sockets/src/Sockets.jl:546
 [4] getconnection(::Type{Sockets.TCPSocket}, ::SubString{String}, ::SubString{String}; keepalive::Bool, connect_timeout::Int64, kw::Base.Iterators.Pairs{Symbol,Any,Tuple{Symbol,Symbol,Symbol},NamedTuple{(:require_ssl_verification, :iofunction, :verbose),Tuple{Bool,Nothing,Int64}}}) at /home/pkgeval/.julia/packages/HTTP/atT5q/src/ConnectionPool.jl:616
 [5] #newconnection#25 at /home/pkgeval/.julia/packages/HTTP/atT5q/src/ConnectionPool.jl:583 [inlined]
 [6] getconnection(::Type{HTTP.ConnectionPool.Transaction{Sockets.TCPSocket}}, ::SubString{String}, ::SubString{String}; connection_limit::Int64, pipeline_limit::Int64, idle_timeout::Int64, reuse_limit::Int64, require_ssl_verification::Bool, kw::Base.Iterators.Pairs{Symbol,Union{Nothing, Int64},Tuple{Symbol,Symbol},NamedTuple{(:iofunction, :verbose),Tuple{Nothing,Int64}}}) at /home/pkgeval/.julia/packages/HTTP/atT5q/src/ConnectionPool.jl:527
 [7] request(::Type{ConnectionPoolLayer{StreamLayer{Union{}}}}, ::URI, ::HTTP.Messages.Request, ::Array{UInt8,1}; proxy::Nothing, socket_type::Type{T} where T, reuse_limit::Int64, kw::Base.Iterators.Pairs{Symbol,Any,Tuple{Symbol,Symbol,Symbol},NamedTuple{(:iofunction, :verbose, :require_ssl_verification),Tuple{Nothing,Int64,Bool}}}) at /home/pkgeval/.julia/packages/HTTP/atT5q/src/ConnectionRequest.jl:73
 [8] request(::Type{ExceptionLayer{ConnectionPoolLayer{StreamLayer{Union{}}}}}, ::URI, ::Vararg{Any,N} where N; kw::Base.Iterators.Pairs{Symbol,Any,Tuple{Symbol,Symbol,Symbol},NamedTuple{(:iofunction, :verbose, :require_ssl_verification),Tuple{Nothing,Int64,Bool}}}) at /home/pkgeval/.julia/packages/HTTP/atT5q/src/ExceptionRequest.jl:19
 [9] request(::Type{MessageLayer{ExceptionLayer{ConnectionPoolLayer{StreamLayer{Union{}}}}}}, ::String, ::URI, ::Array{Pair{SubString{String},SubString{String}},1}, ::Array{UInt8,1}; http_version::VersionNumber, target::String, parent::Nothing, iofunction::Nothing, kw::Base.Iterators.Pairs{Symbol,Integer,Tuple{Symbol,Symbol},NamedTuple{(:verbose, :require_ssl_verification),Tuple{Int64,Bool}}}) at /home/pkgeval/.julia/packages/HTTP/atT5q/src/MessageRequest.jl:51
 [10] request(::Type{BasicAuthLayer{MessageLayer{ExceptionLayer{ConnectionPoolLayer{StreamLayer{Union{}}}}}}}, ::String, ::URI, ::Array{Pair{SubString{String},SubString{String}},1}, ::Array{UInt8,1}; kw::Base.Iterators.Pairs{Symbol,Integer,Tuple{Symbol,Symbol},NamedTuple{(:verbose, :require_ssl_verification),Tuple{Int64,Bool}}}) at /home/pkgeval/.julia/packages/HTTP/atT5q/src/BasicAuthRequest.jl:28
 [11] macro expansion at /home/pkgeval/.julia/packages/AWSCore/luFoY/src/http.jl:42 [inlined]
 [12] macro expansion at /home/pkgeval/.julia/packages/Retry/vS1bg/src/repeat_try.jl:192 [inlined]
 [13] http_request(::Dict{Symbol,Any}) at /home/pkgeval/.julia/packages/AWSCore/luFoY/src/http.jl:20
 [14] http_get(::String) at /home/pkgeval/.julia/packages/AWSCore/luFoY/src/http.jl:80
 [15] macro expansion at /home/pkgeval/.julia/packages/Mocking/U41JO/src/mock.jl:26 [inlined]
 [16] _ec2_metadata(::String) at /home/pkgeval/.julia/packages/AWSCore/luFoY/src/AWSCredentials.jl:280
 [17] ec2_instance_credentials() at /home/pkgeval/.julia/packages/AWSCore/luFoY/src/AWSCredentials.jl:299
 [18] AWSCredentials(; profile::Nothing) at /home/pkgeval/.julia/packages/AWSCore/luFoY/src/AWSCredentials.jl:146
 [19] aws_config() at /home/pkgeval/.julia/packages/AWSCore/luFoY/src/AWSCore.jl:115
 [20] top-level scope at /home/pkgeval/.julia/packages/AWSCore/luFoY/test/runtests.jl:23
 [21] include(::String) at ./client.jl:457
 [22] top-level scope at none:6
in expression starting at /home/pkgeval/.julia/packages/AWSCore/luFoY/test/runtests.jl:23
ERROR: Package AWSCore errored during testing
Stacktrace:
 [1] pkgerror(::String) at /buildworker/worker/package_linux64/build/usr/share/julia/stdlib/v1.5/Pkg/src/Types.jl:52
 [2] test(::Pkg.Types.Context, ::Array{Pkg.Types.PackageSpec,1}; coverage::Bool, julia_args::Cmd, test_args::Cmd, test_fn::Nothing) at /buildworker/worker/package_linux64/build/usr/share/julia/stdlib/v1.5/Pkg/src/Operations.jl:1578
 [3] test(::Pkg.Types.Context, ::Array{Pkg.Types.PackageSpec,1}; coverage::Bool, test_fn::Nothing, julia_args::Cmd, test_args::Cmd, kwargs::Base.Iterators.Pairs{Union{},Union{},Tuple{},NamedTuple{(),Tuple{}}}) at /buildworker/worker/package_linux64/build/usr/share/julia/stdlib/v1.5/Pkg/src/API.jl:328
 [4] test(::Pkg.Types.Context, ::Array{Pkg.Types.PackageSpec,1}) at /buildworker/worker/package_linux64/build/usr/share/julia/stdlib/v1.5/Pkg/src/API.jl:315
 [5] #test#61 at /buildworker/worker/package_linux64/build/usr/share/julia/stdlib/v1.5/Pkg/src/API.jl:67 [inlined]
 [6] test at /buildworker/worker/package_linux64/build/usr/share/julia/stdlib/v1.5/Pkg/src/API.jl:67 [inlined]
 [7] #test#60 at /buildworker/worker/package_linux64/build/usr/share/julia/stdlib/v1.5/Pkg/src/API.jl:66 [inlined]
 [8] test at /buildworker/worker/package_linux64/build/usr/share/julia/stdlib/v1.5/Pkg/src/API.jl:66 [inlined]
 [9] test(::String; kwargs::Base.Iterators.Pairs{Union{},Union{},Tuple{},NamedTuple{(),Tuple{}}}) at /buildworker/worker/package_linux64/build/usr/share/julia/stdlib/v1.5/Pkg/src/API.jl:65
 [10] test(::String) at /buildworker/worker/package_linux64/build/usr/share/julia/stdlib/v1.5/Pkg/src/API.jl:65
 [11] top-level scope at none:19
