Running tests with Julia v1.3.0
   Cloning default registries into `~/.julia`
   Cloning registry from "https://github.com/JuliaRegistries/General.git"
[?25l    Fetching: [>                                        ]  0.0 %    Fetching: [============>                            ]  28.2 %    Fetching: [=================>                       ]  40.5 %    Fetching: [==================================>      ]  84.5 %[2K[?25h     Added registry `General` to `~/.julia/registries/General`
 Resolving package versions...
 Installed YaoBase ──────────── v0.12.1
 Installed TupleTools ───────── v1.2.0
 Installed OrderedCollections ─ v1.1.0
 Installed BitBasis ─────────── v0.6.0
 Installed LuxurySparse ─────── v0.5.0
 Installed MacroTools ───────── v0.5.3
 Installed DataStructures ───── v0.17.6
 Installed StaticArrays ─────── v0.12.1
 Installed FillArrays ───────── v0.8.2
 Installed MLStyle ──────────── v0.3.1
 Installed LegibleLambdas ───── v0.2.0
  Updating `~/.julia/environments/v1.3/Project.toml`
  [a8f54c17] + YaoBase v0.12.1
  Updating `~/.julia/environments/v1.3/Manifest.toml`
  [50ba71b6] + BitBasis v0.6.0
  [864edb3b] + DataStructures v0.17.6
  [1a297f60] + FillArrays v0.8.2
  [f1f30506] + LegibleLambdas v0.2.0
  [d05aeea4] + LuxurySparse v0.5.0
  [d8e11817] + MLStyle v0.3.1
  [1914dd2f] + MacroTools v0.5.3
  [bac558e1] + OrderedCollections v1.1.0
  [90137ffa] + StaticArrays v0.12.1
  [9d95972d] + TupleTools v1.2.0
  [a8f54c17] + YaoBase v0.12.1
  [2a0f44e3] + Base64 
  [8ba89e20] + Distributed 
  [b77e0a4c] + InteractiveUtils 
  [8f399da3] + Libdl 
  [37e2e46d] + LinearAlgebra 
  [56ddb016] + Logging 
  [d6f4376e] + Markdown 
  [9a3f8284] + Random 
  [9e88b42a] + Serialization 
  [6462fe0b] + Sockets 
  [2f01184e] + SparseArrays 
  [10745b16] + Statistics 
  [8dfed614] + Test 
   Testing YaoBase
 Resolving package versions...
    Status `/tmp/jl_6mMxby/Manifest.toml`
  [50ba71b6] BitBasis v0.6.0
  [864edb3b] DataStructures v0.17.6
  [1a297f60] FillArrays v0.8.2
  [f1f30506] LegibleLambdas v0.2.0
  [d05aeea4] LuxurySparse v0.5.0
  [d8e11817] MLStyle v0.3.1
  [1914dd2f] MacroTools v0.5.3
  [bac558e1] OrderedCollections v1.1.0
  [90137ffa] StaticArrays v0.12.1
  [9d95972d] TupleTools v1.2.0
  [a8f54c17] YaoBase v0.12.1
  [2a0f44e3] Base64  [`@stdlib/Base64`]
  [8ba89e20] Distributed  [`@stdlib/Distributed`]
  [b77e0a4c] InteractiveUtils  [`@stdlib/InteractiveUtils`]
  [8f399da3] Libdl  [`@stdlib/Libdl`]
  [37e2e46d] LinearAlgebra  [`@stdlib/LinearAlgebra`]
  [56ddb016] Logging  [`@stdlib/Logging`]
  [d6f4376e] Markdown  [`@stdlib/Markdown`]
  [9a3f8284] Random  [`@stdlib/Random`]
  [9e88b42a] Serialization  [`@stdlib/Serialization`]
  [6462fe0b] Sockets  [`@stdlib/Sockets`]
  [2f01184e] SparseArrays  [`@stdlib/SparseArrays`]
  [10745b16] Statistics  [`@stdlib/Statistics`]
  [8dfed614] Test  [`@stdlib/Test`]
Test Summary:           | Pass  Total
test error & exceptions |    5      5
Test Summary:           | Pass  Total
test abstract interface |   10     10
Test Summary: | Pass  Total
test utils    |   34     34
   Testing YaoBase tests passed 
