Current time is 2020-10-25T20:58:31.449
Julia Version 1.5.3-pre.13
Commit 3de1115e9c (2020-10-23 21:58 UTC)
Platform Info:
  OS: Linux (x86_64-linux-gnu)
  CPU: AMD EPYC 7502 32-Core Processor
  WORD_SIZE: 64
  LIBM: libopenlibm
  LLVM: libLLVM-9.0.1 (ORCJIT, znver2)
Environment:
  JULIA_DEPOT_PATH = ::/usr/local/share/julia
  JULIA_NUM_THREADS = 2
  JULIA_MAX_NUM_PRECOMPILE_FILES = 9223372036854775807
  JULIA_PKG_SERVER = 

Starting installation at 2020-10-25T20:58:34.645
  Resolving package versions...
  Installed ArgCheck ──────────────────── v1.1.0
  Installed StataDTAFiles ─────────────── v0.3.0
  Installed UnPack ────────────────────── v1.0.2
  Installed IteratorInterfaceExtensions ─ v1.0.0
  Installed DataValueInterfaces ───────── v1.0.0
  Installed OrderedCollections ────────── v1.3.1
  Installed StrFs ─────────────────────── v0.3.0
  Installed Parameters ────────────────── v0.12.1
  Installed DataAPI ───────────────────── v1.3.0
  Installed DocStringExtensions ───────── v0.8.3
  Installed TableTraits ───────────────── v1.0.0
  Installed StaticArrays ──────────────── v0.12.4
  Installed Tables ────────────────────── v0.2.11
Updating `~/.julia/environments/v1.5/Project.toml`
  [b8b3a5fb] + StataDTAFiles v0.3.0
Updating `~/.julia/environments/v1.5/Manifest.toml`
  [dce04be8] + ArgCheck v1.1.0
  [9a962f9c] + DataAPI v1.3.0
  [e2d170a0] + DataValueInterfaces v1.0.0
  [ffbed154] + DocStringExtensions v0.8.3
  [82899510] + IteratorInterfaceExtensions v1.0.0
  [bac558e1] + OrderedCollections v1.3.1
  [d96e819e] + Parameters v0.12.1
  [b8b3a5fb] + StataDTAFiles v0.3.0
  [90137ffa] + StaticArrays v0.12.4
  [299745a8] + StrFs v0.3.0
  [3783bdb8] + TableTraits v1.0.0
  [bd369af6] + Tables v0.2.11
  [3a884ed6] + UnPack v1.0.2
  [2a0f44e3] + Base64
  [ade2ca70] + Dates
  [8ba89e20] + Distributed
  [b77e0a4c] + InteractiveUtils
  [76f85450] + LibGit2
  [8f399da3] + Libdl
  [37e2e46d] + LinearAlgebra
  [56ddb016] + Logging
  [d6f4376e] + Markdown
  [44cfe95a] + Pkg
  [de0858da] + Printf
  [3fa0cd96] + REPL
  [9a3f8284] + Random
  [ea8e919c] + SHA
  [9e88b42a] + Serialization
  [6462fe0b] + Sockets
  [2f01184e] + SparseArrays
  [10745b16] + Statistics
  [8dfed614] + Test
  [cf7118a7] + UUIDs
  [4ec0a83e] + Unicode
Starting tests at 2020-10-25T20:58:39.112
    Testing StataDTAFiles
Status `/tmp/jl_whraz0/Project.toml`
  [dce04be8] ArgCheck v1.1.0
  [ffbed154] DocStringExtensions v0.8.3
  [d96e819e] Parameters v0.12.1
  [b8b3a5fb] StataDTAFiles v0.3.0
  [299745a8] StrFs v0.3.0
  [bd369af6] Tables v0.2.11
  [ade2ca70] Dates
  [8dfed614] Test
Status `/tmp/jl_whraz0/Manifest.toml`
  [dce04be8] ArgCheck v1.1.0
  [9a962f9c] DataAPI v1.3.0
  [e2d170a0] DataValueInterfaces v1.0.0
  [ffbed154] DocStringExtensions v0.8.3
  [82899510] IteratorInterfaceExtensions v1.0.0
  [bac558e1] OrderedCollections v1.3.1
  [d96e819e] Parameters v0.12.1
  [b8b3a5fb] StataDTAFiles v0.3.0
  [90137ffa] StaticArrays v0.12.4
  [299745a8] StrFs v0.3.0
  [3783bdb8] TableTraits v1.0.0
  [bd369af6] Tables v0.2.11
  [3a884ed6] UnPack v1.0.2
  [2a0f44e3] Base64
  [ade2ca70] Dates
  [8ba89e20] Distributed
  [b77e0a4c] InteractiveUtils
  [76f85450] LibGit2
  [8f399da3] Libdl
  [37e2e46d] LinearAlgebra
  [56ddb016] Logging
  [d6f4376e] Markdown
  [44cfe95a] Pkg
  [de0858da] Printf
  [3fa0cd96] REPL
  [9a3f8284] Random
  [ea8e919c] SHA
  [9e88b42a] Serialization
  [6462fe0b] Sockets
  [2f01184e] SparseArrays
  [10745b16] Statistics
  [8dfed614] Test
  [cf7118a7] UUIDs
  [4ec0a83e] Unicode
Test Summary: | Pass  Total
reading tags  |    5      5
Test Summary:  | Pass  Total
reading header |   12     12
Test Summary:  | Pass  Total
reading header |    1      1
Test Summary:  | Pass  Total
type stability |   10     10
Test Summary:     | Pass  Total
timestamp parsing |    1      1
Test Summary: | Pass  Total
elapsed dates |    4      4
Test Summary:    | Pass  Total
tables interface |    5      5
    Testing StataDTAFiles tests passed 
Finished at 2020-10-25T20:59:28.164
