Julia Version 1.3.0
Commit 46ce4d7933 (2019-11-26 06:09 UTC)
Platform Info:
  OS: Linux (x86_64-pc-linux-gnu)
  CPU: Intel(R) Xeon(R) Silver 4114 CPU @ 2.20GHz
  WORD_SIZE: 64
  LIBM: libopenlibm
  LLVM: libLLVM-6.0.1 (ORCJIT, skylake)

   Cloning default registries into `~/.julia`
   Cloning registry from "https://github.com/JuliaRegistries/General.git"
[?25l    Fetching: [>                                        ]  0.0 %    Fetching: [==============>                          ]  35.0 %    Fetching: [====================================>    ]  87.9 %[2K[?25h     Added registry `General` to `~/.julia/registries/General`
 Resolving package versions...
 Installed IniFile ────────────── v0.5.0
 Installed JSONSchema ─────────── v0.1.1
 Installed Compat ─────────────── v2.2.0
 Installed DiffResults ────────── v0.0.4
 Installed DataStructures ─────── v0.17.6
 Installed StaticArrays ───────── v0.12.1
 Installed BinaryProvider ─────── v0.5.8
 Installed SDDP ───────────────── v0.1.0
 Installed Parsers ────────────── v0.3.10
 Installed OrderedCollections ─── v1.1.0
 Installed SpecialFunctions ───── v0.9.0
 Installed JuMP ───────────────── v0.20.1
 Installed TimerOutputs ───────── v0.5.3
 Installed JSON ───────────────── v0.21.0
 Installed CommonSubexpressions ─ v0.2.0
 Installed MathOptInterface ───── v0.9.7
 Installed RecipesBase ────────── v0.7.0
 Installed MbedTLS ────────────── v0.7.0
 Installed DiffRules ──────────── v0.1.0
 Installed CodecBzip2 ─────────── v0.6.0
 Installed OpenSpecFun_jll ────── v0.5.3+1
 Installed NaNMath ────────────── v0.3.3
 Installed Calculus ───────────── v0.5.1
 Installed ForwardDiff ────────── v0.10.7
 Installed CodecZlib ──────────── v0.6.0
 Installed TranscodingStreams ─── v0.9.5
 Installed HTTP ───────────────── v0.8.8
 Installed MathOptFormat ──────── v0.3.0
 Installed Reexport ───────────── v0.2.0
 Installed BenchmarkTools ─────── v0.4.3
  Updating `~/.julia/environments/v1.3/Project.toml`
  [f4570300] + SDDP v0.1.0
  Updating `~/.julia/environments/v1.3/Manifest.toml`
  [6e4b80f9] + BenchmarkTools v0.4.3
  [b99e7846] + BinaryProvider v0.5.8
  [49dc2e85] + Calculus v0.5.1
  [523fee87] + CodecBzip2 v0.6.0
  [944b1d66] + CodecZlib v0.6.0
  [bbf7d656] + CommonSubexpressions v0.2.0
  [34da2185] + Compat v2.2.0
  [864edb3b] + DataStructures v0.17.6
  [163ba53b] + DiffResults v0.0.4
  [b552c78f] + DiffRules v0.1.0
  [f6369f11] + ForwardDiff v0.10.7
  [cd3eb016] + HTTP v0.8.8
  [83e8ac13] + IniFile v0.5.0
  [682c06a0] + JSON v0.21.0
  [7d188eb4] + JSONSchema v0.1.1
  [4076af6c] + JuMP v0.20.1
  [f4570300] + MathOptFormat v0.3.0
  [b8f27783] + MathOptInterface v0.9.7
  [739be429] + MbedTLS v0.7.0
  [77ba4419] + NaNMath v0.3.3
  [efe28fd5] + OpenSpecFun_jll v0.5.3+1
  [bac558e1] + OrderedCollections v1.1.0
  [69de0a69] + Parsers v0.3.10
  [3cdcf5f2] + RecipesBase v0.7.0
  [189a3867] + Reexport v0.2.0
  [f4570300] + SDDP v0.1.0
  [276daf66] + SpecialFunctions v0.9.0
  [90137ffa] + StaticArrays v0.12.1
  [a759f4b9] + TimerOutputs v0.5.3
  [3bb67fe8] + TranscodingStreams v0.9.5
  [2a0f44e3] + Base64 
  [ade2ca70] + Dates 
  [8bb1440f] + DelimitedFiles 
  [8ba89e20] + Distributed 
  [b77e0a4c] + InteractiveUtils 
  [76f85450] + LibGit2 
  [8f399da3] + Libdl 
  [37e2e46d] + LinearAlgebra 
  [56ddb016] + Logging 
  [d6f4376e] + Markdown 
  [a63ad114] + Mmap 
  [44cfe95a] + Pkg 
  [de0858da] + Printf 
  [3fa0cd96] + REPL 
  [9a3f8284] + Random 
  [ea8e919c] + SHA 
  [9e88b42a] + Serialization 
  [1a1011a3] + SharedArrays 
  [6462fe0b] + Sockets 
  [2f01184e] + SparseArrays 
  [10745b16] + Statistics 
  [8dfed614] + Test 
  [cf7118a7] + UUIDs 
  [4ec0a83e] + Unicode 
  Building MbedTLS ───→ `~/.julia/packages/MbedTLS/a1JFn/deps/build.log`
  Building CodecBzip2 → `~/.julia/packages/CodecBzip2/T5yr7/deps/build.log`
  Building CodecZlib ─→ `~/.julia/packages/CodecZlib/5t9zO/deps/build.log`
   Testing SDDP
 Resolving package versions...
 Installed GLPK ─ v0.12.0
  Building GLPK → `~/.julia/packages/GLPK/J1b5G/deps/build.log`
    Status `/tmp/jl_EYgLZs/Manifest.toml`
  [6e4b80f9] BenchmarkTools v0.4.3
  [b99e7846] BinaryProvider v0.5.8
  [49dc2e85] Calculus v0.5.1
  [523fee87] CodecBzip2 v0.6.0
  [944b1d66] CodecZlib v0.6.0
  [bbf7d656] CommonSubexpressions v0.2.0
  [34da2185] Compat v2.2.0
  [864edb3b] DataStructures v0.17.6
  [163ba53b] DiffResults v0.0.4
  [b552c78f] DiffRules v0.1.0
  [f6369f11] ForwardDiff v0.10.7
  [60bf3e95] GLPK v0.12.0
  [cd3eb016] HTTP v0.8.8
  [83e8ac13] IniFile v0.5.0
  [682c06a0] JSON v0.21.0
  [7d188eb4] JSONSchema v0.1.1
  [4076af6c] JuMP v0.20.1
  [f4570300] MathOptFormat v0.3.0
  [b8f27783] MathOptInterface v0.9.7
  [739be429] MbedTLS v0.7.0
  [77ba4419] NaNMath v0.3.3
  [efe28fd5] OpenSpecFun_jll v0.5.3+1
  [bac558e1] OrderedCollections v1.1.0
  [69de0a69] Parsers v0.3.10
  [3cdcf5f2] RecipesBase v0.7.0
  [189a3867] Reexport v0.2.0
  [f4570300] SDDP v0.1.0
  [276daf66] SpecialFunctions v0.9.0
  [90137ffa] StaticArrays v0.12.1
  [a759f4b9] TimerOutputs v0.5.3
  [3bb67fe8] TranscodingStreams v0.9.5
  [2a0f44e3] Base64  [`@stdlib/Base64`]
  [ade2ca70] Dates  [`@stdlib/Dates`]
  [8bb1440f] DelimitedFiles  [`@stdlib/DelimitedFiles`]
  [8ba89e20] Distributed  [`@stdlib/Distributed`]
  [b77e0a4c] InteractiveUtils  [`@stdlib/InteractiveUtils`]
  [76f85450] LibGit2  [`@stdlib/LibGit2`]
  [8f399da3] Libdl  [`@stdlib/Libdl`]
  [37e2e46d] LinearAlgebra  [`@stdlib/LinearAlgebra`]
  [56ddb016] Logging  [`@stdlib/Logging`]
  [d6f4376e] Markdown  [`@stdlib/Markdown`]
  [a63ad114] Mmap  [`@stdlib/Mmap`]
  [44cfe95a] Pkg  [`@stdlib/Pkg`]
  [de0858da] Printf  [`@stdlib/Printf`]
  [3fa0cd96] REPL  [`@stdlib/REPL`]
  [9a3f8284] Random  [`@stdlib/Random`]
  [ea8e919c] SHA  [`@stdlib/SHA`]
  [9e88b42a] Serialization  [`@stdlib/Serialization`]
  [1a1011a3] SharedArrays  [`@stdlib/SharedArrays`]
  [6462fe0b] Sockets  [`@stdlib/Sockets`]
  [2f01184e] SparseArrays  [`@stdlib/SparseArrays`]
  [10745b16] Statistics  [`@stdlib/Statistics`]
  [8dfed614] Test  [`@stdlib/Test`]
  [cf7118a7] UUIDs  [`@stdlib/UUIDs`]
  [4ec0a83e] Unicode  [`@stdlib/Unicode`]
┌ Warning: Radius is very small. You should probably use `SDDP.Expectation()` instead.
└ @ SDDP ~/.julia/packages/SDDP/T5wHf/src/plugins/risk_measures.jl:250
Simulated policy value: [ 4.494910e+00,  6.705090e+00]
Simulated policy value: [ 4.218969e+00,  6.181031e+00]
Simulated policy value: [ 5.120828e+00,  7.279172e+00]
Simulated policy value: [ 4.494910e+00,  6.705090e+00]
Simulated policy value: [ 4.218969e+00,  6.181031e+00]
Simulated policy value: [ 5.120828e+00,  7.279172e+00]
┌ Warning: Variable x_in is mentioned in BOUNDS, but is not mentioned in the COLUMNS section. We are ignoring it.
└ @ MathOptFormat.MPS ~/.julia/packages/MathOptFormat/XwEs6/src/MPS/MPS.jl:344
-------------------------------------------------------
         SDDP.jl (c) Oscar Dowson, 2017-19

Numerical stability report
  Non-zero Matrix range     [1e+00, 1e+00]
  Non-zero Objective range  [2e-01, 3e+00]
  Non-zero Bounds range     [5e+01, 5e+01]
  Non-zero RHS range        [0e+00, 0e+00]
No problems detected

 Iteration    Simulation       Bound         Time (s)
        1    0.000000e+00  -4.963160e+01   1.188993e-03
        2   -2.293160e+01  -4.680515e+01   5.001020e-02
        3   -2.356515e+01  -2.482867e+01   5.274606e-02
        4   -3.334867e+01  -2.396000e+01   5.497622e-02
        5   -2.396000e+01  -2.396000e+01   5.708003e-02
        6   -4.260000e+01  -2.396000e+01   5.916309e-02
        7   -2.396000e+01  -2.396000e+01   6.124306e-02
        8   -5.320000e+00  -2.396000e+01   6.332922e-02
        9   -2.396000e+01  -2.396000e+01   6.546092e-02
       10   -2.396000e+01  -2.396000e+01   6.754112e-02

Terminating training with status: iteration_limit
-------------------------------------------------------
 ─────────────────────────────────────────────────────────────────────────────
                                      Time                   Allocations      
                              ──────────────────────   ───────────────────────
       Tot / % measured:           1.68s / 0.49%           12.5MiB / 4.19%    

 Section              ncalls     time   %tot     avg     alloc   %tot      avg
 ─────────────────────────────────────────────────────────────────────────────
 backward_pass            10   4.70ms  57.5%   470μs    305KiB  56.9%  30.5KiB
   solve_subproblem       40   2.22ms  27.2%  55.6μs    169KiB  31.6%  4.23KiB
 forward_pass             10   2.83ms  34.6%   283μs    177KiB  33.0%  17.7KiB
   solve_subproblem       30   1.90ms  23.3%  63.5μs    119KiB  22.3%  3.97KiB
   sample_scenario        10    221μs  2.70%  22.1μs   9.86KiB  1.84%  0.99KiB
 calculate_bound          10    650μs  7.95%  65.0μs   53.8KiB  10.0%  5.38KiB
 ─────────────────────────────────────────────────────────────────────────────
-------------------------------------------------------
         SDDP.jl (c) Oscar Dowson, 2017-19

Numerical stability report
  Non-zero Matrix range     [1e+00, 1e+00]
  Non-zero Objective range  [2e-01, 3e+00]
  Non-zero Bounds range     [5e+01, 5e+01]
  Non-zero RHS range        [0e+00, 0e+00]
No problems detected

 Iteration    Simulation       Bound         Time (s)
        1    0.000000e+00  -4.963160e+01   1.296997e-03
        2   -4.291601e+00  -4.680515e+01   3.211975e-03
        3   -1.424515e+01  -2.482867e+01   4.858017e-03
        4   -6.188670e+00  -2.396000e+01   6.271124e-03
        5   -2.396000e+01  -2.396000e+01   7.864952e-03
        6   -2.396000e+01  -2.396000e+01   9.135008e-03
        7   -4.260000e+01  -2.396000e+01   1.084280e-02
        8   -4.260000e+01  -2.396000e+01   1.294994e-02
        9   -5.320000e+00  -2.396000e+01   1.500297e-02
       10   -2.396000e+01  -2.396000e+01   1.707006e-02

Terminating training with status: iteration_limit
-------------------------------------------------------
 ─────────────────────────────────────────────────────────────────────────────
                                      Time                   Allocations      
                              ──────────────────────   ───────────────────────
       Tot / % measured:          20.5ms / 36.3%            642KiB / 83.5%    

 Section              ncalls     time   %tot     avg     alloc   %tot      avg
 ─────────────────────────────────────────────────────────────────────────────
 backward_pass            10   4.18ms  56.2%   418μs    305KiB  56.9%  30.5KiB
   solve_subproblem       40   2.12ms  28.5%  53.0μs    169KiB  31.6%  4.23KiB
 forward_pass             10   2.65ms  35.5%   265μs    177KiB  33.0%  17.7KiB
   solve_subproblem       30   1.62ms  21.8%  54.0μs    119KiB  22.3%  3.97KiB
   sample_scenario        10    192μs  2.58%  19.2μs   9.84KiB  1.84%  0.98KiB
 calculate_bound          10    614μs  8.24%  61.4μs   53.8KiB  10.0%  5.38KiB
 ─────────────────────────────────────────────────────────────────────────────
Confidence_interval = 189.59 ± 14.64
Confidence_interval = 112.78 ± 12.03
Confidence_interval = 115.79 ± 12.03
┌ Warning: The addition operator has been used on JuMP expressions a large number of times. This warning is safe to ignore but may indicate that model generation is slower than necessary. For performance reasons, you should not add expressions in a loop. Instead of x += y, use add_to_expression!(x,y) to modify x in place. If y is a single variable, you may also use add_to_expression!(x, coef, y) for x += coef*y.
└ @ JuMP ~/.julia/packages/JuMP/MsUSY/src/JuMP.jl:747
Test Summary: | Pass  Total
SDDP.jl       |  701    701
   Testing SDDP tests passed 
