Current time is 2020-10-25T19:17:55.512
Julia Version 1.5.3-pre.0
Commit 5905edebb1 (2020-09-24 05:09 UTC)
Platform Info:
  OS: Linux (x86_64-pc-linux-gnu)
  CPU: AMD EPYC 7502 32-Core Processor
  WORD_SIZE: 64
  LIBM: libopenlibm
  LLVM: libLLVM-9.0.1 (ORCJIT, znver2)
Environment:
  JULIA_DEPOT_PATH = ::/usr/local/share/julia
  JULIA_NUM_THREADS = 2
  JULIA_MAX_NUM_PRECOMPILE_FILES = 9223372036854775807
  JULIA_PKG_SERVER = 

Starting installation at 2020-10-25T19:17:58.827
  Resolving package versions...
  Installed SortingAlgorithms ── v0.3.1
  Installed Missings ─────────── v0.4.4
  Installed DataAPI ──────────── v1.3.0
  Installed Parsers ──────────── v1.0.11
  Installed OrderedCollections ─ v1.3.1
  Installed StatsBase ────────── v0.32.2
  Installed JSON ─────────────── v0.21.1
  Installed SimilaritySearch ─── v0.3.20
  Installed DataStructures ───── v0.17.20
Updating `~/.julia/environments/v1.5/Project.toml`
  [053f045d] + SimilaritySearch v0.3.20
Updating `~/.julia/environments/v1.5/Manifest.toml`
  [9a962f9c] + DataAPI v1.3.0
  [864edb3b] + DataStructures v0.17.20
  [682c06a0] + JSON v0.21.1
  [e1d29d7a] + Missings v0.4.4
  [bac558e1] + OrderedCollections v1.3.1
  [69de0a69] + Parsers v1.0.11
  [053f045d] + SimilaritySearch v0.3.20
  [a2af1166] + SortingAlgorithms v0.3.1
  [2913bbd2] + StatsBase v0.32.2
  [2a0f44e3] + Base64
  [ade2ca70] + Dates
  [8ba89e20] + Distributed
  [b77e0a4c] + InteractiveUtils
  [8f399da3] + Libdl
  [37e2e46d] + LinearAlgebra
  [56ddb016] + Logging
  [d6f4376e] + Markdown
  [a63ad114] + Mmap
  [de0858da] + Printf
  [9a3f8284] + Random
  [9e88b42a] + Serialization
  [6462fe0b] + Sockets
  [2f01184e] + SparseArrays
  [10745b16] + Statistics
  [8dfed614] + Test
  [4ec0a83e] + Unicode
Starting tests at 2020-10-25T19:18:02.168
    Testing SimilaritySearch
Status `/tmp/jl_kn7ZZY/Project.toml`
  [864edb3b] DataStructures v0.17.20
  [682c06a0] JSON v0.21.1
  [053f045d] SimilaritySearch v0.3.20
  [2913bbd2] StatsBase v0.32.2
  [ade2ca70] Dates
  [37e2e46d] LinearAlgebra
  [9a3f8284] Random
  [10745b16] Statistics
  [8dfed614] Test
Status `/tmp/jl_kn7ZZY/Manifest.toml`
  [9a962f9c] DataAPI v1.3.0
  [864edb3b] DataStructures v0.17.20
  [682c06a0] JSON v0.21.1
  [e1d29d7a] Missings v0.4.4
  [bac558e1] OrderedCollections v1.3.1
  [69de0a69] Parsers v1.0.11
  [053f045d] SimilaritySearch v0.3.20
  [a2af1166] SortingAlgorithms v0.3.1
  [2913bbd2] StatsBase v0.32.2
  [2a0f44e3] Base64
  [ade2ca70] Dates
  [8ba89e20] Distributed
  [b77e0a4c] InteractiveUtils
  [8f399da3] Libdl
  [37e2e46d] LinearAlgebra
  [56ddb016] Logging
  [d6f4376e] Markdown
  [a63ad114] Mmap
  [de0858da] Printf
  [9a3f8284] Random
  [9e88b42a] Serialization
  [6462fe0b] Sockets
  [2f01184e] SparseArrays
  [10745b16] Statistics
  [8dfed614] Test
  [4ec0a83e] Unicode
Test Summary: | Pass  Total
bit ops       |    3      3
res = KnnResult(4, 4, Item[Item(39, 0.018784285f0), Item(4, 0.020624042f0), Item(48, 0.034790277f0), Item(36, 0.061738253f0)])
Vsorted = Item[Item(39, 0.018784285f0), Item(4, 0.020624042f0), Item(48, 0.034790277f0), Item(36, 0.061738253f0)]
Test Summary: | Pass  Total
Result set    |    3      3
Test Summary: | Pass  Total
pairwise      |    1      1
(recall_lower_bound, dist) = (1.0, SimilaritySearch.l2_distance)
(dist, p) = (SimilaritySearch.l2_distance, PerformanceResult(1.0, 1.0, 1.0, 0.003555432955423991, 0.004255763689676921, 301.0, 48.38127713650465))
(recall_lower_bound, dist) = (1.0, SimilaritySearch.l1_distance)
(dist, p) = (SimilaritySearch.l1_distance, PerformanceResult(1.0, 1.0, 1.0, 0.0032842477162679036, 0.0037095308303833007, 301.0, 70.09639978408813))
(recall_lower_bound, dist) = (1.0, SimilaritySearch.linf_distance)
(dist, p) = (SimilaritySearch.linf_distance, PerformanceResult(1.0, 1.0, 1.0, 0.0031955798467000326, 0.004025904337565104, 301.0, 39.386207818984985))
(recall_lower_bound, dist) = (0.1, SimilaritySearch.squared_l2_distance)
(dist, p) = (SimilaritySearch.squared_l2_distance, PerformanceResult(1.0, 1.0, 1.0, 0.003380155563354492, 0.0030737002690633137, 301.0, 8.525981259648688))
(recall_lower_bound, dist) = (1.0, SimilaritySearch.var"#_lp#1"{Float64}(Core.Box(3.0), 0.3333333333333333))
(dist, p) = (SimilaritySearch.var"#_lp#1"{Float64}(Core.Box(3.0), 0.3333333333333333), PerformanceResult(1.0, 1.0, 1.0, 0.0009363253911336263, 0.0055179675420125324, 301.0, 43.94165715202689))
(recall_lower_bound, dist) = (0.1, SimilaritySearch.var"#_lp#1"{Float64}(Core.Box(0.5), 2.0))
(dist, p) = (SimilaritySearch.var"#_lp#1"{Float64}(Core.Box(0.5), 2.0), PerformanceResult(1.0, 1.0, 1.0, 0.00018362998962402345, 0.00016243457794189452, 301.0, 173.68467809259892))
Test Summary:    | Pass  Total
indexing vectors |   18     18
[ Info: inserting items into the index
[ Info: inserting items into the index
[ Info: Creating a pivot table with 1 pivots and distance=jaccard_distance
[ Info: inserting items into the index
[ Info: inserting items into the index
[ Info: Creating a pivot table with 1 pivots and distance=dice_distance
[ Info: inserting items into the index
[ Info: inserting items into the index
[ Info: Creating a pivot table with 1 pivots and distance=intersection_distance
[ Info: inserting items into the index
[ Info: inserting items into the index
[ Info: Creating a pivot table with 1 pivots and distance=common_prefix_distance
[ Info: inserting items into the index
[ Info: inserting items into the index
[ Info: Creating a pivot table with 1 pivots and distance=levenshtein_distance
[ Info: inserting items into the index
[ Info: inserting items into the index
[ Info: Creating a pivot table with 1 pivots and distance=lcs_distance
[ Info: inserting items into the index
[ Info: inserting items into the index
[ Info: Creating a pivot table with 1 pivots and distance=hamming_distance
Test Summary:      | Pass  Total
indexing sequences |   28     28
p = PerformanceResult(1.0, 1.0, 1.0, 4.595120747884114e-5, 0.004430802663167318, 300.0, 25.9479374922812)
p = PerformanceResult(1.0, 1.0, 1.0, 4.4727325439453124e-5, 2.959569295247396e-5, 300.0, 25.9479374922812)
p = PerformanceResult(1.0, 1.0, 1.0, 0.0034734408060709634, 0.003571764628092448, 300.0, 1.325228777830489)
p = PerformanceResult(1.0, 1.0, 1.0, 2.578894297281901e-5, 1.0371208190917969e-5, 300.0, 1.325228777830489)
(p1, p2, p3, p4) = (PerformanceResult(1.0, 1.0, 1.0, 4.595120747884114e-5, 0.004430802663167318, 300.0, 25.9479374922812), PerformanceResult(1.0, 1.0, 1.0, 4.4727325439453124e-5, 2.959569295247396e-5, 300.0, 25.9479374922812), PerformanceResult(1.0, 1.0, 1.0, 0.0034734408060709634, 0.003571764628092448, 300.0, 1.325228777830489), PerformanceResult(1.0, 1.0, 1.0, 2.578894297281901e-5, 1.0371208190917969e-5, 300.0, 1.325228777830489))
[ Info: select_sss: db=Array{Array{UInt32,1},1}, alpha=0.35, distance=hamming_distance, shuf=false
[ Info: the maximum distance estimated as 127.0, now selecting pivots
[ Info: Creating a pivot table with 300 pivots and distance=hamming_distance
p = PerformanceResult(1.0, 1.0, 1.0, 0.007755104700724284, 0.0033307393391927083, 346.76666666666665, 28642.0)
[ Info: Creating a pivot table with 16 pivots and distance=hamming_distance
p = PerformanceResult(1.0, 1.0, 1.0, 0.00685880184173584, 0.00271299680074056, 302.46666666666664, 6943.0)
Test Summary: | Pass  Total
misc          |   10     10
(recall_lower_bound, dist) = (1.0, SimilaritySearch.l2_distance)
Kvp = Kvp
[ Info: Kvp, refs=Array{Array{Float32,1},1}, k=3, numrefs=32, dist=l2_distance
(dist, p) = (SimilaritySearch.l2_distance, PerformanceResult(1.0, 1.0, 1.0, 1.781781514485677e-5, 8.495648701985677e-6, 94.16666666666667, 48.531243316829205))
(recall_lower_bound, dist) = (1.0, SimilaritySearch.l1_distance)
Kvp = Kvp
[ Info: Kvp, refs=Array{Array{Float32,1},1}, k=3, numrefs=32, dist=l1_distance
(dist, p) = (SimilaritySearch.l1_distance, PerformanceResult(1.0, 1.0, 1.0, 1.6999244689941406e-5, 8.567174275716145e-6, 85.83333333333333, 70.31957864761353))
(recall_lower_bound, dist) = (1.0, SimilaritySearch.linf_distance)
Kvp = Kvp
[ Info: Kvp, refs=Array{Array{Float32,1},1}, k=3, numrefs=32, dist=linf_distance
(dist, p) = (SimilaritySearch.linf_distance, PerformanceResult(1.0, 1.0, 1.0, 1.7412503560384114e-5, 9.26653544108073e-6, 89.2, 39.46741962432861))
(recall_lower_bound, dist) = (1.0, SimilaritySearch.var"#_lp#1"{Float64}(Core.Box(3.0), 0.3333333333333333))
Kvp = Kvp
[ Info: Kvp, refs=Array{Array{Float32,1},1}, k=3, numrefs=32, dist=_lp
(dist, p) = (SimilaritySearch.var"#_lp#1"{Float64}(Core.Box(3.0), 0.3333333333333333), PerformanceResult(1.0, 1.0, 1.0, 0.0023733933766682943, 0.00015769799550374348, 94.23333333333333, 44.06162055209279))
(recall_lower_bound, dist) = (0.1, SimilaritySearch.var"#_lp#1"{Float64}(Core.Box(0.5), 2.0))
Kvp = Kvp
[ Info: Kvp, refs=Array{Array{Float32,1},1}, k=3, numrefs=32, dist=_lp
(dist, p) = (SimilaritySearch.var"#_lp#1"{Float64}(Core.Box(0.5), 2.0), PerformanceResult(0.7933333333333334, 0.7933333333333334, 0.7933333333333334, 0.00019132296244303386, 0.00018107096354166667, 70.1, 183.4613305479288))
Test Summary:    | Pass  Total
indexing vectors |   10     10
[ Info: inserting items into the index
[ Info: Kvp, refs=Array{Array{Int64,1},1}, k=3, numrefs=32, dist=jaccard_distance
[ Info: inserting items into the index
[ Info: Kvp, refs=Array{Array{Int64,1},1}, k=3, numrefs=32, dist=dice_distance
[ Info: inserting items into the index
[ Info: Kvp, refs=Array{Array{Int64,1},1}, k=3, numrefs=32, dist=intersection_distance
[ Info: inserting items into the index
[ Info: Kvp, refs=Array{Array{Int64,1},1}, k=3, numrefs=32, dist=common_prefix_distance
[ Info: inserting items into the index
[ Info: Kvp, refs=Array{Array{Int64,1},1}, k=3, numrefs=32, dist=levenshtein_distance
[ Info: inserting items into the index
[ Info: Kvp, refs=Array{Array{Int64,1},1}, k=3, numrefs=32, dist=lcs_distance
[ Info: inserting items into the index
[ Info: Kvp, refs=Array{Array{Int64,1},1}, k=3, numrefs=32, dist=hamming_distance
Test Summary:      | Pass  Total
indexing sequences |   14     14
*** advance 1 from 1000; 2020-10-25T19:19:01.771
(dist, p) = (SimilaritySearch.l2_distance, PerformanceResult(0.92, 0.9129999999999999, 0.9161111111111111, 1.677274703979492e-5, 1.6579627990722658e-5, 154.2, 50.185757065657526))
[ Info: adding more items
(dist, p) = (SimilaritySearch.l2_distance, PerformanceResult(1.0, 1.0, 1.0, 1.595735549926758e-5, 1.3089179992675781e-5, 157.86, 0.0))
*** advance 1 from 1000; 2020-10-25T19:19:02.381
(dist, p) = (SimilaritySearch.l1_distance, PerformanceResult(0.9139999999999998, 0.9129999999999998, 0.9134444444444441, 1.5654563903808593e-5, 1.4820098876953124e-5, 152.07, 75.083301698789))
[ Info: adding more items
(dist, p) = (SimilaritySearch.l1_distance, PerformanceResult(1.0, 1.0, 1.0, 1.447439193725586e-5, 1.2140274047851563e-5, 155.57, 0.0))
*** advance 1 from 1000; 2020-10-25T19:19:02.924
(dist, p) = (SimilaritySearch.linf_distance, PerformanceResult(0.9047777777777779, 0.902, 0.9032865497076024, 1.563549041748047e-5, 1.9090175628662108e-5, 153.24, 41.20901715755463))
[ Info: adding more items
(dist, p) = (SimilaritySearch.linf_distance, PerformanceResult(1.0, 1.0, 1.0, 1.6875267028808594e-5, 1.4858245849609375e-5, 156.65, 0.0))
*** advance 1 from 1000; 2020-10-25T19:19:03.479
(dist, p) = (SimilaritySearch.var"#_lp#1"{Float64}(Core.Box(3.0), 0.3333333333333333), PerformanceResult(0.9288888888888889, 0.927, 0.9278947368421052, 0.00010921478271484375, 0.0005370903015136718, 152.86, 45.453776586800814))
[ Info: adding more items
(dist, p) = (SimilaritySearch.var"#_lp#1"{Float64}(Core.Box(3.0), 0.3333333333333333), PerformanceResult(1.0, 1.0, 1.0, 0.0002265024185180664, 0.000645289421081543, 156.27, 0.0))
*** advance 1 from 1000; 2020-10-25T19:19:04.055
(dist, p) = (SimilaritySearch.var"#_lp#1"{Float64}(Core.Box(0.5), 2.0), PerformanceResult(0.9720000000000003, 0.9720000000000003, 0.9720000000000003, 8.41069221496582e-5, 0.0004883289337158203, 166.46, 191.9439119119197))
[ Info: adding more items
(dist, p) = (SimilaritySearch.var"#_lp#1"{Float64}(Core.Box(0.5), 2.0), PerformanceResult(1.0, 1.0, 1.0, 0.00010436534881591797, 0.0005867099761962891, 171.35, 0.0))
*** advance 1 from 1000; 2020-10-25T19:19:04.749
(dist, p) = (SimilaritySearch.angle_distance, PerformanceResult(0.92, 0.9129999999999999, 0.9161111111111111, 2.7360916137695314e-5, 9.922027587890626e-5, 154.2, 50.19584760745056))
[ Info: adding more items
(dist, p) = (SimilaritySearch.angle_distance, PerformanceResult(1.0, 1.0, 1.0, 1.854658126831055e-5, 9.003162384033203e-5, 157.86, 0.017143195000244305))
Test Summary:    | Pass  Total
indexing vectors |   12     12
[ Info: inserting items into the index
*** advance 1 from 1000; 2020-10-25T19:19:06.029
(dist, p) = (SimilaritySearch.jaccard_distance, PerformanceResult(0.7329999999999999, 0.7329999999999999, 0.7329999999999999, 0.0012219548225402832, 6.448984146118164e-5, 200.92, 200.2333356887102))
[ Info: inserting items into the index
*** advance 1 from 1000; 2020-10-25T19:19:06.898
(dist, p) = (SimilaritySearch.dice_distance, PerformanceResult(0.736, 0.736, 0.736, 0.0011499309539794922, 6.580114364624024e-5, 206.5, 114.04047839343548))
[ Info: inserting items into the index
*** advance 1 from 1000; 2020-10-25T19:19:07.65
(dist, p) = (SimilaritySearch.intersection_distance, PerformanceResult(0.6219999999999998, 0.6219999999999998, NaN, 0.0011471223831176758, 7.879972457885742e-5, 272.83, 1.25))
[ Info: inserting items into the index
*** advance 1 from 1000; 2020-10-25T19:19:08.477
(dist, p) = (SimilaritySearch.common_prefix_distance, PerformanceResult(0.9630000000000003, 0.9630000000000003, 0.9630000000000003, 0.0012035536766052245, 1.3530254364013672e-5, 223.64, 599.8000205904245))
[ Info: inserting items into the index
*** advance 1 from 1000; 2020-10-25T19:19:09.364
(dist, p) = (SimilaritySearch.levenshtein_distance, PerformanceResult(0.5720000000000001, 0.5720000000000001, 0.5720000000000001, 0.001488480567932129, 0.0002880311012268066, 244.76, 2361.0))
[ Info: inserting items into the index
*** advance 1 from 1000; 2020-10-25T19:19:10.259
(dist, p) = (SimilaritySearch.lcs_distance, PerformanceResult(0.3989999999999999, 0.3989999999999999, NaN, 0.0012865543365478515, 0.0002921605110168457, 246.37, 3664.0))
[ Info: inserting items into the index
*** advance 1 from 1000; 2020-10-25T19:19:11.083
(dist, p) = (SimilaritySearch.hamming_distance, PerformanceResult(0.5790000000000002, 0.5790000000000002, 0.5790000000000002, 0.0012658214569091796, 1.9369125366210936e-5, 243.64, 2381.0))
Test Summary:      | Pass  Total
indexing sequences |    7      7
[ Info: inserting items to the index
==== BEGIN Opt. IHCSearch, expected recall: 0.9, n: 9
  == Begin Opt. IHCSearch iteration: 1, expected recall: 0.9, n: 9
    ** Opt. IHCSearch. A new best conf was found> score: 2.0406504065040654, conf: {"restarts":7}, perf: {"precision":1.0,"recall":0.9560546875,"f1":0.9752060439560443,"seconds":4.246830940246582e-6,"exhaustive_search_seconds":1.4379620552062988e-6,"evaluations":8.6484375,"distances_sum":666.8831772208214}, best_list's length: 3, n: 9
    ** Opt. IHCSearch. A new best conf was found> score: 2.048225659690628, conf: {"restarts":4}, perf: {"precision":1.0,"recall":0.9482421875,"f1":0.9710966117216121,"seconds":3.2670795917510986e-6,"exhaustive_search_seconds":1.4379620552062988e-6,"evaluations":8.5859375,"distances_sum":658.1186880469322}, best_list's length: 5, n: 9
  == End Opt. IHCSearch. Iteration finished; {"score":2.048225659690628,"state":{"restarts":4},"perf":{"precision":1.0,"recall":0.9482421875,"f1":0.9710966117216121,"seconds":3.2670795917510986e-6,"exhaustive_search_seconds":1.4379620552062988e-6,"evaluations":8.5859375,"distances_sum":658.1186880469322}}, beam: 4, n: 9
  == Begin Opt. IHCSearch iteration: 2, expected recall: 0.9, n: 9
    ** Opt. IHCSearch. A new best conf was found> score: 2.052054794520548, conf: {"restarts":5}, perf: {"precision":1.0,"recall":0.9443359375,"f1":0.9685840201465206,"seconds":3.676861524581909e-6,"exhaustive_search_seconds":1.4379620552062988e-6,"evaluations":8.5546875,"distances_sum":654.5980297625065}, best_list's length: 5, n: 9
    ** Opt. IHCSearch. A new best conf was found> score: 2.0607734806629834, conf: {"restarts":3}, perf: {"precision":1.0,"recall":0.935546875,"f1":0.9628007409257413,"seconds":3.302469849586487e-6,"exhaustive_search_seconds":1.4379620552062988e-6,"evaluations":8.484375,"distances_sum":645.495952963829}, best_list's length: 6, n: 9
  == End Opt. IHCSearch. Iteration finished; {"score":2.0607734806629834,"state":{"restarts":3},"perf":{"precision":1.0,"recall":0.935546875,"f1":0.9628007409257413,"seconds":3.302469849586487e-6,"exhaustive_search_seconds":1.4379620552062988e-6,"evaluations":8.484375,"distances_sum":645.495952963829}}, beam: 4, n: 9
  == Begin Opt. IHCSearch iteration: 3, expected recall: 0.9, n: 9
    ** Opt. IHCSearch. A new best conf was found> score: 2.080675422138837, conf: {"restarts":2}, perf: {"precision":1.0,"recall":0.916015625,"f1":0.9514397061272066,"seconds":3.0957162380218506e-6,"exhaustive_search_seconds":1.4379620552062988e-6,"evaluations":8.328125,"distances_sum":627.2674986124039}, best_list's length: 5, n: 9
  == End Opt. IHCSearch. Iteration finished; {"score":2.080675422138837,"state":{"restarts":2},"perf":{"precision":1.0,"recall":0.916015625,"f1":0.9514397061272066,"seconds":3.0957162380218506e-6,"exhaustive_search_seconds":1.4379620552062988e-6,"evaluations":8.328125,"distances_sum":627.2674986124039}}, beam: 4, n: 9
==== END Opt. IHCSearch. Finished, best: {"score":2.080675422138837,"state":{"restarts":2},"perf":{"precision":1.0,"recall":0.916015625,"f1":0.9514397061272066,"seconds":3.0957162380218506e-6,"exhaustive_search_seconds":1.4379620552062988e-6,"evaluations":8.328125,"distances_sum":627.2674986124039}}, n: 9
==== BEGIN Opt. IHCSearch, expected recall: 0.9, n: 99
  == Begin Opt. IHCSearch iteration: 1, expected recall: 0.9, n: 99
    ** Opt. IHCSearch. A new best conf was found> score: 0.8984374999999987, conf: {"restarts":7}, perf: {"precision":0.8984374999999987,"recall":0.8984374999999987,"f1":0.8984374999999987,"seconds":1.6085803508758545e-5,"exhaustive_search_seconds":5.163252353668213e-6,"evaluations":48.3671875,"distances_sum":285.3910437896848}, best_list's length: 2, n: 99
    ** Opt. IHCSearch. A new best conf was found> score: 0.8767361111111102, conf: {"restarts":1}, perf: {"precision":0.8767361111111102,"recall":0.8767361111111102,"f1":0.8767361111111102,"seconds":1.0013580322265625e-5,"exhaustive_search_seconds":5.163252353668213e-6,"evaluations":29.1796875,"distances_sum":288.48096504062414}, best_list's length: 3, n: 99
  == End Opt. IHCSearch. Iteration finished; {"score":0.8984374999999987,"state":{"restarts":7},"perf":{"precision":0.8984374999999987,"recall":0.8984374999999987,"f1":0.8984374999999987,"seconds":1.6085803508758545e-5,"exhaustive_search_seconds":5.163252353668213e-6,"evaluations":48.3671875,"distances_sum":285.3910437896848}}, beam: 3, n: 99
  == Begin Opt. IHCSearch iteration: 2, expected recall: 0.9, n: 99
    ** Opt. IHCSearch. A new best conf was found> score: 2.630888030888031, conf: {"restarts":14}, perf: {"precision":0.9253472222222212,"recall":0.9253472222222212,"f1":0.9253472222222212,"seconds":2.103857696056366e-5,"exhaustive_search_seconds":5.163252353668213e-6,"evaluations":60.703125,"distances_sum":283.42421907931566}, best_list's length: 4, n: 99
    ** Opt. IHCSearch. A new best conf was found> score: 2.893038541977891, conf: {"restarts":9}, perf: {"precision":0.9088541666666655,"recall":0.9088541666666655,"f1":0.9088541666666655,"seconds":1.7588958144187927e-5,"exhaustive_search_seconds":5.163252353668213e-6,"evaluations":52.296875,"distances_sum":284.92698558419943}, best_list's length: 5, n: 99
  == End Opt. IHCSearch. Iteration finished; {"score":2.893038541977891,"state":{"restarts":9},"perf":{"precision":0.9088541666666655,"recall":0.9088541666666655,"f1":0.9088541666666655,"seconds":1.7588958144187927e-5,"exhaustive_search_seconds":5.163252353668213e-6,"evaluations":52.296875,"distances_sum":284.92698558419943}}, beam: 4, n: 99
  == Begin Opt. IHCSearch iteration: 3, expected recall: 0.9, n: 99
    ** Opt. IHCSearch. A new best conf was found> score: 2.9625212947189095, conf: {"restarts":8}, perf: {"precision":0.9140624999999991,"recall":0.9140624999999991,"f1":0.9140624999999991,"seconds":1.697055995464325e-5,"exhaustive_search_seconds":5.163252353668213e-6,"evaluations":50.4453125,"distances_sum":284.10575541108847}, best_list's length: 5, n: 99
  == End Opt. IHCSearch. Iteration finished; {"score":2.9625212947189095,"state":{"restarts":8},"perf":{"precision":0.9140624999999991,"recall":0.9140624999999991,"f1":0.9140624999999991,"seconds":1.697055995464325e-5,"exhaustive_search_seconds":5.163252353668213e-6,"evaluations":50.4453125,"distances_sum":284.10575541108847}}, beam: 4, n: 99
==== END Opt. IHCSearch. Finished, best: {"score":2.9625212947189095,"state":{"restarts":8},"perf":{"precision":0.9140624999999991,"recall":0.9140624999999991,"f1":0.9140624999999991,"seconds":1.697055995464325e-5,"exhaustive_search_seconds":5.163252353668213e-6,"evaluations":50.4453125,"distances_sum":284.10575541108847}}, n: 99
==== BEGIN Opt. IHCSearch, expected recall: 0.9, n: 999
  == Begin Opt. IHCSearch iteration: 1, expected recall: 0.9, n: 999
    ** Opt. IHCSearch. A new best conf was found> score: 0.8671874999999991, conf: {"restarts":18}, perf: {"precision":0.8671874999999991,"recall":0.8671874999999991,"f1":0.8671874999999991,"seconds":5.1975250244140625e-5,"exhaustive_search_seconds":2.208724617958069e-5,"evaluations":177.0390625,"distances_sum":124.1956146210432}, best_list's length: 3, n: 999
    ** Opt. IHCSearch. A new best conf was found> score: 0.8454861111111099, conf: {"restarts":3}, perf: {"precision":0.8454861111111099,"recall":0.8454861111111099,"f1":0.8454861111111099,"seconds":3.528594970703125e-5,"exhaustive_search_seconds":2.208724617958069e-5,"evaluations":78.4453125,"distances_sum":125.16194352507591}, best_list's length: 5, n: 999
    ** Opt. IHCSearch. A new best conf was found> score: 0.8559027777777763, conf: {"restarts":16}, perf: {"precision":0.8559027777777763,"recall":0.8559027777777763,"f1":0.8559027777777763,"seconds":0.00016027316451072693,"exhaustive_search_seconds":2.208724617958069e-5,"evaluations":164.2421875,"distances_sum":123.85401301831007}, best_list's length: 6, n: 999
    ** Opt. IHCSearch. A new best conf was found> score: 0.8454861111111102, conf: {"restarts":5}, perf: {"precision":0.8454861111111102,"recall":0.8454861111111102,"f1":0.8454861111111102,"seconds":2.796761691570282e-5,"exhaustive_search_seconds":2.208724617958069e-5,"evaluations":95.09375,"distances_sum":124.54922141879797}, best_list's length: 7, n: 999
    ** Opt. IHCSearch. A new best conf was found> score: 0.8576388888888883, conf: {"restarts":6}, perf: {"precision":0.8576388888888883,"recall":0.8576388888888883,"f1":0.8576388888888883,"seconds":2.9413029551506042e-5,"exhaustive_search_seconds":2.208724617958069e-5,"evaluations":102.4609375,"distances_sum":124.09353053569794}, best_list's length: 8, n: 999
  == End Opt. IHCSearch. Iteration finished; {"score":0.8671874999999991,"state":{"restarts":18},"perf":{"precision":0.8671874999999991,"recall":0.8671874999999991,"f1":0.8671874999999991,"seconds":5.1975250244140625e-5,"exhaustive_search_seconds":2.208724617958069e-5,"evaluations":177.0390625,"distances_sum":124.1956146210432}}, beam: 4, n: 999
  == Begin Opt. IHCSearch iteration: 2, expected recall: 0.9, n: 999
  == End Opt. IHCSearch. Iteration finished; {"score":0.8671874999999991,"state":{"restarts":18},"perf":{"precision":0.8671874999999991,"recall":0.8671874999999991,"f1":0.8671874999999991,"seconds":5.1975250244140625e-5,"exhaustive_search_seconds":2.208724617958069e-5,"evaluations":177.0390625,"distances_sum":124.1956146210432}}, beam: 4, n: 999
==== END Opt. IHCSearch. Finished, best: {"score":0.8671874999999991,"state":{"restarts":18},"perf":{"precision":0.8671874999999991,"recall":0.8671874999999991,"f1":0.8671874999999991,"seconds":5.1975250244140625e-5,"exhaustive_search_seconds":2.208724617958069e-5,"evaluations":177.0390625,"distances_sum":124.1956146210432}}, n: 999
==== BEGIN Opt. IHCSearch, expected recall: 0.9, n: 9999
  == Begin Opt. IHCSearch iteration: 1, expected recall: 0.9, n: 9999
    ** Opt. IHCSearch. A new best conf was found> score: 0.8394097222222212, conf: {"restarts":5}, perf: {"precision":0.8394097222222212,"recall":0.8394097222222212,"f1":0.8394097222222212,"seconds":5.8809295296669006e-5,"exhaustive_search_seconds":0.00023711659014225006,"evaluations":158.21875,"distances_sum":58.736855182331055}, best_list's length: 2, n: 9999
    ** Opt. IHCSearch. A new best conf was found> score: 0.8463541666666653, conf: {"restarts":9}, perf: {"precision":0.8463541666666653,"recall":0.8463541666666653,"f1":null,"seconds":8.162297308444977e-5,"exhaustive_search_seconds":0.00023711659014225006,"evaluations":195.390625,"distances_sum":58.64888650132343}, best_list's length: 4, n: 9999
    ** Opt. IHCSearch. A new best conf was found> score: 0.8506944444444432, conf: {"restarts":27}, perf: {"precision":0.8506944444444432,"recall":0.8506944444444432,"f1":0.8506944444444432,"seconds":0.00013722293078899384,"exhaustive_search_seconds":0.00023711659014225006,"evaluations":354.2734375,"distances_sum":58.39302822900936}, best_list's length: 5, n: 9999
    ** Opt. IHCSearch. A new best conf was found> score: 0.8515624999999988, conf: {"restarts":10}, perf: {"precision":0.8515624999999988,"recall":0.8515624999999988,"f1":0.8515624999999988,"seconds":8.610077202320099e-5,"exhaustive_search_seconds":0.00023711659014225006,"evaluations":209.546875,"distances_sum":58.41987502714619}, best_list's length: 6, n: 9999
    ** Opt. IHCSearch. A new best conf was found> score: 0.8619791666666659, conf: {"restarts":15}, perf: {"precision":0.8619791666666659,"recall":0.8619791666666659,"f1":0.8619791666666659,"seconds":0.00010690651834011078,"exhaustive_search_seconds":0.00023711659014225006,"evaluations":256.2890625,"distances_sum":57.98291198303923}, best_list's length: 7, n: 9999
    ** Opt. IHCSearch. A new best conf was found> score: 0.8472222222222211, conf: {"restarts":11}, perf: {"precision":0.8472222222222211,"recall":0.8472222222222211,"f1":0.8472222222222211,"seconds":8.834525942802429e-5,"exhaustive_search_seconds":0.00023711659014225006,"evaluations":212.1171875,"distances_sum":58.462171025108546}, best_list's length: 8, n: 9999
    ** Opt. IHCSearch. A new best conf was found> score: 0.8541666666666655, conf: {"restarts":28}, perf: {"precision":0.8541666666666655,"recall":0.8541666666666655,"f1":0.8541666666666655,"seconds":0.00013566762208938599,"exhaustive_search_seconds":0.00023711659014225006,"evaluations":365.734375,"distances_sum":58.18169481260702}, best_list's length: 9, n: 9999
  == End Opt. IHCSearch. Iteration finished; {"score":0.8619791666666659,"state":{"restarts":15},"perf":{"precision":0.8619791666666659,"recall":0.8619791666666659,"f1":0.8619791666666659,"seconds":0.00010690651834011078,"exhaustive_search_seconds":0.00023711659014225006,"evaluations":256.2890625,"distances_sum":57.98291198303923}}, beam: 4, n: 9999
  == Begin Opt. IHCSearch iteration: 2, expected recall: 0.9, n: 9999
    ** Opt. IHCSearch. A new best conf was found> score: 0.8637152777777767, conf: {"restarts":21}, perf: {"precision":0.8637152777777767,"recall":0.8637152777777767,"f1":0.8637152777777767,"seconds":0.00011948123574256897,"exhaustive_search_seconds":0.00023711659014225006,"evaluations":301.6796875,"distances_sum":58.34469647845253}, best_list's length: 8, n: 9999
  == End Opt. IHCSearch. Iteration finished; {"score":0.8637152777777767,"state":{"restarts":21},"perf":{"precision":0.8637152777777767,"recall":0.8637152777777767,"f1":0.8637152777777767,"seconds":0.00011948123574256897,"exhaustive_search_seconds":0.00023711659014225006,"evaluations":301.6796875,"distances_sum":58.34469647845253}}, beam: 4, n: 9999
==== END Opt. IHCSearch. Finished, best: {"score":0.8637152777777767,"state":{"restarts":21},"perf":{"precision":0.8637152777777767,"recall":0.8637152777777767,"f1":0.8637152777777767,"seconds":0.00011948123574256897,"exhaustive_search_seconds":0.00023711659014225006,"evaluations":301.6796875,"distances_sum":58.34469647845253}}, n: 9999
added n=10000, neighborhood=4, IHCSearch(21), SatNeighborhood(32), 2020-10-25T19:19:18.142
[ Info: done; now testing
res = KnnResult(10, 10, Item[Item(368, 0.025981035f0), Item(7915, 0.029227413f0), Item(9272, 0.029341243f0), Item(1381, 0.043096047f0), Item(341, 0.043900914f0), Item(7017, 0.045903843f0), Item(4483, 0.048183348f0), Item(7432, 0.050860014f0), Item(1589, 0.053174116f0), Item(6204, 0.055207673f0)])
[ Info: inserting items to the index
==== BEGIN Opt. BeamSearch, expected recall: 0.9, n: 9
  == Begin Opt. BeamSearch iteration: 1, expected recall: 0.9, n: 9
    ** Opt. BeamSearch. A new best conf was found> score: 2.0716279069767443, conf: {"bsize":1}, perf: {"precision":1.0,"recall":0.9248046875,"f1":0.9576121794871799,"seconds":4.5280903577804565e-6,"exhaustive_search_seconds":1.4379620552062988e-6,"evaluations":8.3984375,"distances_sum":635.9023092091084}, best_list's length: 2, n: 9
    ** Opt. BeamSearch. A new best conf was found> score: 2.044424297370807, conf: {"bsize":2}, perf: {"precision":1.0,"recall":0.9521484375,"f1":0.9731799450549452,"seconds":5.3960829973220825e-6,"exhaustive_search_seconds":1.4379620552062988e-6,"evaluations":8.6171875,"distances_sum":656.9716207385063}, best_list's length: 3, n: 9
    ** Opt. BeamSearch. A new best conf was found> score: 2.0607734806629834, conf: {"bsize":5}, perf: {"precision":1.0,"recall":0.935546875,"f1":0.959293310855811,"seconds":4.522502422332764e-6,"exhaustive_search_seconds":1.4379620552062988e-6,"evaluations":8.484375,"distances_sum":650.0810470581055}, best_list's length: 4, n: 9
  == End Opt. BeamSearch. Iteration finished; {"score":2.0716279069767443,"state":{"bsize":1},"perf":{"precision":1.0,"recall":0.9248046875,"f1":0.9576121794871799,"seconds":4.5280903577804565e-6,"exhaustive_search_seconds":1.4379620552062988e-6,"evaluations":8.3984375,"distances_sum":635.9023092091084}}, beam: 4, n: 9
  == Begin Opt. BeamSearch iteration: 2, expected recall: 0.9, n: 9
    ** Opt. BeamSearch. A new best conf was found> score: 2.0929791271347247, conf: {"bsize":6}, perf: {"precision":1.0,"recall":0.904296875,"f1":0.9421531593406597,"seconds":4.451721906661987e-6,"exhaustive_search_seconds":1.4379620552062988e-6,"evaluations":8.234375,"distances_sum":626.8984231054783}, best_list's length: 5, n: 9
    ** Opt. BeamSearch. A new best conf was found> score: 2.090909090909091, conf: {"bsize":8}, perf: {"precision":1.0,"recall":0.90625,"f1":0.9452724358974365,"seconds":3.987923264503479e-6,"exhaustive_search_seconds":1.4379620552062988e-6,"evaluations":8.25,"distances_sum":618.5771915316582}, best_list's length: 6, n: 9
  == End Opt. BeamSearch. Iteration finished; {"score":2.0929791271347247,"state":{"bsize":6},"perf":{"precision":1.0,"recall":0.904296875,"f1":0.9421531593406597,"seconds":4.451721906661987e-6,"exhaustive_search_seconds":1.4379620552062988e-6,"evaluations":8.234375,"distances_sum":626.8984231054783}}, beam: 4, n: 9
  == Begin Opt. BeamSearch iteration: 3, expected recall: 0.9, n: 9
  == End Opt. BeamSearch. Iteration finished; {"score":2.0929791271347247,"state":{"bsize":6},"perf":{"precision":1.0,"recall":0.904296875,"f1":0.9421531593406597,"seconds":4.451721906661987e-6,"exhaustive_search_seconds":1.4379620552062988e-6,"evaluations":8.234375,"distances_sum":626.8984231054783}}, beam: 4, n: 9
==== END Opt. BeamSearch. Finished, best: {"score":2.0929791271347247,"state":{"bsize":6},"perf":{"precision":1.0,"recall":0.904296875,"f1":0.9421531593406597,"seconds":4.451721906661987e-6,"exhaustive_search_seconds":1.4379620552062988e-6,"evaluations":8.234375,"distances_sum":626.8984231054783}}, n: 9
==== BEGIN Opt. BeamSearch, expected recall: 0.9, n: 99
  == Begin Opt. BeamSearch iteration: 1, expected recall: 0.9, n: 99
    ** Opt. BeamSearch. A new best conf was found> score: 4.085463842220599, conf: {"bsize":3}, perf: {"precision":0.9843749999999997,"recall":0.9843749999999997,"f1":0.9843749999999997,"seconds":1.1608004570007324e-5,"exhaustive_search_seconds":4.906207323074341e-6,"evaluations":32.0859375,"distances_sum":272.8636370114982}, best_list's length: 2, n: 99
    ** Opt. BeamSearch. A new best conf was found> score: 4.212167300380228, conf: {"bsize":2}, perf: {"precision":0.965277777777777,"recall":0.965277777777777,"f1":0.965277777777777,"seconds":1.0952353477478027e-5,"exhaustive_search_seconds":4.906207323074341e-6,"evaluations":30.8203125,"distances_sum":273.8577213846147}, best_list's length: 4, n: 99
  == End Opt. BeamSearch. Iteration finished; {"score":4.212167300380228,"state":{"bsize":2},"perf":{"precision":0.965277777777777,"recall":0.965277777777777,"f1":0.965277777777777,"seconds":1.0952353477478027e-5,"exhaustive_search_seconds":4.906207323074341e-6,"evaluations":30.8203125,"distances_sum":273.8577213846147}}, beam: 4, n: 99
  == Begin Opt. BeamSearch iteration: 2, expected recall: 0.9, n: 99
  == End Opt. BeamSearch. Iteration finished; {"score":4.212167300380228,"state":{"bsize":2},"perf":{"precision":0.965277777777777,"recall":0.965277777777777,"f1":0.965277777777777,"seconds":1.0952353477478027e-5,"exhaustive_search_seconds":4.906207323074341e-6,"evaluations":30.8203125,"distances_sum":273.8577213846147}}, beam: 4, n: 99
==== END Opt. BeamSearch. Finished, best: {"score":4.212167300380228,"state":{"bsize":2},"perf":{"precision":0.965277777777777,"recall":0.965277777777777,"f1":0.965277777777777,"seconds":1.0952353477478027e-5,"exhaustive_search_seconds":4.906207323074341e-6,"evaluations":30.8203125,"distances_sum":273.8577213846147}}, n: 99
==== BEGIN Opt. BeamSearch, expected recall: 0.9, n: 999
  == Begin Opt. BeamSearch iteration: 1, expected recall: 0.9, n: 999
    ** Opt. BeamSearch. A new best conf was found> score: 17.22741116751269, conf: {"bsize":5}, perf: {"precision":0.9947916666666665,"recall":0.9947916666666665,"f1":0.9947916666666665,"seconds":2.0498409867286682e-5,"exhaustive_search_seconds":1.6110017895698547e-5,"evaluations":61.5625,"distances_sum":119.22342160344124}, best_list's length: 3, n: 999
    ** Opt. BeamSearch. A new best conf was found> score: 17.71529411764706, conf: {"bsize":4}, perf: {"precision":0.987847222222222,"recall":0.987847222222222,"f1":0.987847222222222,"seconds":2.1576881408691406e-5,"exhaustive_search_seconds":1.6110017895698547e-5,"evaluations":59.765625,"distances_sum":119.35458863526583}, best_list's length: 6, n: 999
  == End Opt. BeamSearch. Iteration finished; {"score":17.71529411764706,"state":{"bsize":4},"perf":{"precision":0.987847222222222,"recall":0.987847222222222,"f1":0.987847222222222,"seconds":2.1576881408691406e-5,"exhaustive_search_seconds":1.6110017895698547e-5,"evaluations":59.765625,"distances_sum":119.35458863526583}}, beam: 4, n: 999
  == Begin Opt. BeamSearch iteration: 2, expected recall: 0.9, n: 999
  == End Opt. BeamSearch. Iteration finished; {"score":17.71529411764706,"state":{"bsize":4},"perf":{"precision":0.987847222222222,"recall":0.987847222222222,"f1":0.987847222222222,"seconds":2.1576881408691406e-5,"exhaustive_search_seconds":1.6110017895698547e-5,"evaluations":59.765625,"distances_sum":119.35458863526583}}, beam: 4, n: 999
==== END Opt. BeamSearch. Finished, best: {"score":17.71529411764706,"state":{"bsize":4},"perf":{"precision":0.987847222222222,"recall":0.987847222222222,"f1":0.987847222222222,"seconds":2.1576881408691406e-5,"exhaustive_search_seconds":1.6110017895698547e-5,"evaluations":59.765625,"distances_sum":119.35458863526583}}, n: 999
==== BEGIN Opt. BeamSearch, expected recall: 0.9, n: 9999
  == Begin Opt. BeamSearch iteration: 1, expected recall: 0.9, n: 9999
    ** Opt. BeamSearch. A new best conf was found> score: 94.97694397532858, conf: {"bsize":5}, perf: {"precision":0.9956597222222221,"recall":0.9956597222222221,"f1":0.9956597222222221,"seconds":4.905089735984802e-5,"exhaustive_search_seconds":0.00022730417549610138,"evaluations":106.3984375,"distances_sum":55.492372542619705}, best_list's length: 4, n: 9999
    ** Opt. BeamSearch. A new best conf was found> score: 96.58416728902166, conf: {"bsize":3}, perf: {"precision":0.9722222222222218,"recall":0.9722222222222218,"f1":0.9722222222222218,"seconds":4.764273762702942e-5,"exhaustive_search_seconds":0.00022730417549610138,"evaluations":104.609375,"distances_sum":55.629233442246914}, best_list's length: 5, n: 9999
  == End Opt. BeamSearch. Iteration finished; {"score":96.58416728902166,"state":{"bsize":3},"perf":{"precision":0.9722222222222218,"recall":0.9722222222222218,"f1":0.9722222222222218,"seconds":4.764273762702942e-5,"exhaustive_search_seconds":0.00022730417549610138,"evaluations":104.609375,"distances_sum":55.629233442246914}}, beam: 4, n: 9999
  == Begin Opt. BeamSearch iteration: 2, expected recall: 0.9, n: 9999
  == End Opt. BeamSearch. Iteration finished; {"score":96.58416728902166,"state":{"bsize":3},"perf":{"precision":0.9722222222222218,"recall":0.9722222222222218,"f1":0.9722222222222218,"seconds":4.764273762702942e-5,"exhaustive_search_seconds":0.00022730417549610138,"evaluations":104.609375,"distances_sum":55.629233442246914}}, beam: 4, n: 9999
==== END Opt. BeamSearch. Finished, best: {"score":96.58416728902166,"state":{"bsize":3},"perf":{"precision":0.9722222222222218,"recall":0.9722222222222218,"f1":0.9722222222222218,"seconds":4.764273762702942e-5,"exhaustive_search_seconds":0.00022730417549610138,"evaluations":104.609375,"distances_sum":55.629233442246914}}, n: 9999
added n=10000, neighborhood=5, BeamSearch(3), SatNeighborhood(32), 2020-10-25T19:19:21.3
[ Info: done; now testing
res = KnnResult(10, 10, Item[Item(1478, 0.033274308f0), Item(1137, 0.03422783f0), Item(6275, 0.0424237f0), Item(2042, 0.04464257f0), Item(5133, 0.049690522f0), Item(6824, 0.051802333f0), Item(6399, 0.05221248f0), Item(4266, 0.052714676f0), Item(1646, 0.0556484f0), Item(8132, 0.060731426f0)])
Test Summary:        | Pass  Total
some vector indexing |    2      2
    Testing SimilaritySearch tests passed 
Finished at 2020-10-25T19:19:21.352
