Current time is 2020-10-25T19:59:46.517
Julia Version 1.5.3-pre.0
Commit 5905edebb1 (2020-09-24 05:09 UTC)
Platform Info:
  OS: Linux (x86_64-pc-linux-gnu)
  CPU: AMD EPYC 7502 32-Core Processor
  WORD_SIZE: 64
  LIBM: libopenlibm
  LLVM: libLLVM-9.0.1 (ORCJIT, znver2)
Environment:
  JULIA_DEPOT_PATH = ::/usr/local/share/julia
  JULIA_NUM_THREADS = 2
  JULIA_MAX_NUM_PRECOMPILE_FILES = 9223372036854775807
  JULIA_PKG_SERVER = 

Starting installation at 2020-10-25T19:59:49.71
  Resolving package versions...
  Installed UnitfulAtomic ─────── v0.3.0
  Installed ConstructionBase ──── v1.0.0
  Installed Unitful ───────────── v1.5.0
  Installed Corpuscles ────────── v1.1.0
  Installed DocStringExtensions ─ v0.8.3
Updating `~/.julia/environments/v1.5/Project.toml`
  [e78a0372] + Corpuscles v1.1.0
Updating `~/.julia/environments/v1.5/Manifest.toml`
  [187b0558] + ConstructionBase v1.0.0
  [e78a0372] + Corpuscles v1.1.0
  [ffbed154] + DocStringExtensions v0.8.3
  [1986cc42] + Unitful v1.5.0
  [a7773ee8] + UnitfulAtomic v0.3.0
  [2a0f44e3] + Base64
  [ade2ca70] + Dates
  [8bb1440f] + DelimitedFiles
  [8ba89e20] + Distributed
  [b77e0a4c] + InteractiveUtils
  [76f85450] + LibGit2
  [8f399da3] + Libdl
  [37e2e46d] + LinearAlgebra
  [56ddb016] + Logging
  [d6f4376e] + Markdown
  [a63ad114] + Mmap
  [44cfe95a] + Pkg
  [de0858da] + Printf
  [3fa0cd96] + REPL
  [9a3f8284] + Random
  [ea8e919c] + SHA
  [9e88b42a] + Serialization
  [6462fe0b] + Sockets
  [8dfed614] + Test
  [cf7118a7] + UUIDs
  [4ec0a83e] + Unicode
Starting tests at 2020-10-25T19:59:53.37
    Testing Corpuscles
Status `/tmp/jl_RKJmwZ/Project.toml`
  [e78a0372] Corpuscles v1.1.0
  [ffbed154] DocStringExtensions v0.8.3
  [1986cc42] Unitful v1.5.0
  [a7773ee8] UnitfulAtomic v0.3.0
  [8bb1440f] DelimitedFiles
  [b77e0a4c] InteractiveUtils
  [de0858da] Printf
  [8dfed614] Test
Status `/tmp/jl_RKJmwZ/Manifest.toml`
  [187b0558] ConstructionBase v1.0.0
  [e78a0372] Corpuscles v1.1.0
  [ffbed154] DocStringExtensions v0.8.3
  [1986cc42] Unitful v1.5.0
  [a7773ee8] UnitfulAtomic v0.3.0
  [2a0f44e3] Base64
  [ade2ca70] Dates
  [8bb1440f] DelimitedFiles
  [8ba89e20] Distributed
  [b77e0a4c] InteractiveUtils
  [76f85450] LibGit2
  [8f399da3] Libdl
  [37e2e46d] LinearAlgebra
  [56ddb016] Logging
  [d6f4376e] Markdown
  [a63ad114] Mmap
  [44cfe95a] Pkg
  [de0858da] Printf
  [3fa0cd96] REPL
  [9a3f8284] Random
  [ea8e919c] SHA
  [9e88b42a] Serialization
  [6462fe0b] Sockets
  [8dfed614] Test
  [cf7118a7] UUIDs
  [4ec0a83e] Unicode
Test Summary: | Pass  Total
inits         |   11     11
Test Summary: | Pass  Total
conversions   |  614    614
Test Summary: | Pass  Total
catalogs      |    5      5
Test Summary: | Pass  Total
comparison    |   14     14
Test Summary:  | Pass  Total
show and print |    3      3
    Testing Corpuscles tests passed 
Finished at 2020-10-25T20:00:54.85
