Julia Version 1.4.2-pre.13
Commit 58353fd273 (2020-05-10 17:03 UTC)
Platform Info:
  OS: Linux (x86_64-linux-gnu)
  CPU: Intel(R) Xeon(R) Silver 4114 CPU @ 2.20GHz
  WORD_SIZE: 64
  LIBM: libopenlibm
  LLVM: libLLVM-8.0.1 (ORCJIT, skylake)
Environment:
  JULIA_DEPOT_PATH = ::/usr/local/share/julia
  JULIA_NUM_THREADS = 2

  Resolving package versions...
  Installed Pandoc ── v0.2.5
  Installed Parsers ─ v1.0.3
  Installed JSON ──── v0.21.0
   Updating `~/.julia/environments/v1.4/Project.toml`
  [f853b5e0] + Pandoc v0.2.5
   Updating `~/.julia/environments/v1.4/Manifest.toml`
  [682c06a0] + JSON v0.21.0
  [f853b5e0] + Pandoc v0.2.5
  [69de0a69] + Parsers v1.0.3
  [2a0f44e3] + Base64 
  [ade2ca70] + Dates 
  [8ba89e20] + Distributed 
  [b77e0a4c] + InteractiveUtils 
  [56ddb016] + Logging 
  [d6f4376e] + Markdown 
  [a63ad114] + Mmap 
  [de0858da] + Printf 
  [9a3f8284] + Random 
  [9e88b42a] + Serialization 
  [6462fe0b] + Sockets 
  [8dfed614] + Test 
  [4ec0a83e] + Unicode 
    Testing Pandoc
Status `/tmp/jl_BpG8Dg/Manifest.toml`
  [682c06a0] JSON v0.21.0
  [f853b5e0] Pandoc v0.2.5
  [69de0a69] Parsers v1.0.3
  [2a0f44e3] Base64 
  [ade2ca70] Dates 
  [8ba89e20] Distributed 
  [b77e0a4c] InteractiveUtils 
  [56ddb016] Logging 
  [d6f4376e] Markdown 
  [a63ad114] Mmap 
  [de0858da] Printf 
  [9a3f8284] Random 
  [9e88b42a] Serialization 
  [6462fe0b] Sockets 
  [8dfed614] Test 
  [4ec0a83e] Unicode 

test_pandoc: docbook: Error During Test at /home/pkgeval/.julia/packages/Pandoc/ipbrK/test/test_pandoc.jl:291
  Test threw exception
  Expression: typeof(Pandoc.parse_file(joinpath(#= /home/pkgeval/.julia/packages/Pandoc/ipbrK/test/test_pandoc.jl:291 =# @__DIR__(), "data", "docbook-reader.docbook"))) == Pandoc.Document
  IOError: could not spawn `pandoc -t json /home/pkgeval/.julia/packages/Pandoc/ipbrK/test/data/docbook-reader.docbook`: no such file or directory (ENOENT)
  Stacktrace:
   [1] _spawn_primitive(::String, ::Cmd, ::Array{Any,1}) at ./process.jl:99
   [2] #550 at ./process.jl:112 [inlined]
   [3] setup_stdios(::Base.var"#550#551"{Cmd}, ::Array{Any,1}) at ./process.jl:196
   [4] _spawn at ./process.jl:111 [inlined]
   [5] open(::Cmd, ::Base.DevNull; write::Bool, read::Bool) at ./process.jl:370
   [6] open at ./process.jl:361 [inlined]
   [7] open(::Cmd, ::String, ::Base.DevNull) at ./process.jl:341
   [8] read(::Cmd) at ./process.jl:410
   [9] read(::Cmd, ::Type{String}) at ./process.jl:421
   [10] parse_file(::String) at /home/pkgeval/.julia/packages/Pandoc/ipbrK/src/Pandoc.jl:566
   [11] top-level scope at /home/pkgeval/.julia/packages/Pandoc/ipbrK/test/test_pandoc.jl:291
   [12] top-level scope at /workspace/srcdir/usr/share/julia/stdlib/v1.4/Test/src/Test.jl:1113
   [13] top-level scope at /home/pkgeval/.julia/packages/Pandoc/ipbrK/test/test_pandoc.jl:291
   [14] top-level scope at /workspace/srcdir/usr/share/julia/stdlib/v1.4/Test/src/Test.jl:1113
   [15] top-level scope at /home/pkgeval/.julia/packages/Pandoc/ipbrK/test/test_pandoc.jl:290
  
creole: Error During Test at /home/pkgeval/.julia/packages/Pandoc/ipbrK/test/test_pandoc.jl:295
  Test threw exception
  Expression: typeof(Pandoc.parse_file(joinpath(#= /home/pkgeval/.julia/packages/Pandoc/ipbrK/test/test_pandoc.jl:295 =# @__DIR__(), "data", "creole-reader.txt"))) == Pandoc.Document
  IOError: could not spawn `pandoc -t json /home/pkgeval/.julia/packages/Pandoc/ipbrK/test/data/creole-reader.txt`: no such file or directory (ENOENT)
  Stacktrace:
   [1] _spawn_primitive(::String, ::Cmd, ::Array{Any,1}) at ./process.jl:99
   [2] #550 at ./process.jl:112 [inlined]
   [3] setup_stdios(::Base.var"#550#551"{Cmd}, ::Array{Any,1}) at ./process.jl:196
   [4] _spawn at ./process.jl:111 [inlined]
   [5] open(::Cmd, ::Base.DevNull; write::Bool, read::Bool) at ./process.jl:370
   [6] open at ./process.jl:361 [inlined]
   [7] open(::Cmd, ::String, ::Base.DevNull) at ./process.jl:341
   [8] read(::Cmd) at ./process.jl:410
   [9] read(::Cmd, ::Type{String}) at ./process.jl:421
   [10] parse_file(::String) at /home/pkgeval/.julia/packages/Pandoc/ipbrK/src/Pandoc.jl:566
   [11] top-level scope at /home/pkgeval/.julia/packages/Pandoc/ipbrK/test/test_pandoc.jl:295
   [12] top-level scope at /workspace/srcdir/usr/share/julia/stdlib/v1.4/Test/src/Test.jl:1113
   [13] top-level scope at /home/pkgeval/.julia/packages/Pandoc/ipbrK/test/test_pandoc.jl:295
   [14] top-level scope at /workspace/srcdir/usr/share/julia/stdlib/v1.4/Test/src/Test.jl:1113
   [15] top-level scope at /home/pkgeval/.julia/packages/Pandoc/ipbrK/test/test_pandoc.jl:290
  
markdown: Error During Test at /home/pkgeval/.julia/packages/Pandoc/ipbrK/test/test_pandoc.jl:299
  Test threw exception
  Expression: typeof(Pandoc.parse_file(joinpath(#= /home/pkgeval/.julia/packages/Pandoc/ipbrK/test/test_pandoc.jl:299 =# @__DIR__(), "data", "markdown-reader-more.txt"))) == Pandoc.Document
  IOError: could not spawn `pandoc -t json /home/pkgeval/.julia/packages/Pandoc/ipbrK/test/data/markdown-reader-more.txt`: no such file or directory (ENOENT)
  Stacktrace:
   [1] _spawn_primitive(::String, ::Cmd, ::Array{Any,1}) at ./process.jl:99
   [2] #550 at ./process.jl:112 [inlined]
   [3] setup_stdios(::Base.var"#550#551"{Cmd}, ::Array{Any,1}) at ./process.jl:196
   [4] _spawn at ./process.jl:111 [inlined]
   [5] open(::Cmd, ::Base.DevNull; write::Bool, read::Bool) at ./process.jl:370
   [6] open at ./process.jl:361 [inlined]
   [7] open(::Cmd, ::String, ::Base.DevNull) at ./process.jl:341
   [8] read(::Cmd) at ./process.jl:410
   [9] read(::Cmd, ::Type{String}) at ./process.jl:421
   [10] parse_file(::String) at /home/pkgeval/.julia/packages/Pandoc/ipbrK/src/Pandoc.jl:566
   [11] top-level scope at /home/pkgeval/.julia/packages/Pandoc/ipbrK/test/test_pandoc.jl:299
   [12] top-level scope at /workspace/srcdir/usr/share/julia/stdlib/v1.4/Test/src/Test.jl:1113
   [13] top-level scope at /home/pkgeval/.julia/packages/Pandoc/ipbrK/test/test_pandoc.jl:299
   [14] top-level scope at /workspace/srcdir/usr/share/julia/stdlib/v1.4/Test/src/Test.jl:1113
   [15] top-level scope at /home/pkgeval/.julia/packages/Pandoc/ipbrK/test/test_pandoc.jl:290
  
markdown: Error During Test at /home/pkgeval/.julia/packages/Pandoc/ipbrK/test/test_pandoc.jl:300
  Test threw exception
  Expression: typeof(Pandoc.parse_file(joinpath(#= /home/pkgeval/.julia/packages/Pandoc/ipbrK/test/test_pandoc.jl:300 =# @__DIR__(), "data", "writer.markdown"))) == Pandoc.Document
  IOError: could not spawn `pandoc -t json /home/pkgeval/.julia/packages/Pandoc/ipbrK/test/data/writer.markdown`: no such file or directory (ENOENT)
  Stacktrace:
   [1] _spawn_primitive(::String, ::Cmd, ::Array{Any,1}) at ./process.jl:99
   [2] #550 at ./process.jl:112 [inlined]
   [3] setup_stdios(::Base.var"#550#551"{Cmd}, ::Array{Any,1}) at ./process.jl:196
   [4] _spawn at ./process.jl:111 [inlined]
   [5] open(::Cmd, ::Base.DevNull; write::Bool, read::Bool) at ./process.jl:370
   [6] open at ./process.jl:361 [inlined]
   [7] open(::Cmd, ::String, ::Base.DevNull) at ./process.jl:341
   [8] read(::Cmd) at ./process.jl:410
   [9] read(::Cmd, ::Type{String}) at ./process.jl:421
   [10] parse_file(::String) at /home/pkgeval/.julia/packages/Pandoc/ipbrK/src/Pandoc.jl:566
   [11] top-level scope at /home/pkgeval/.julia/packages/Pandoc/ipbrK/test/test_pandoc.jl:300
   [12] top-level scope at /workspace/srcdir/usr/share/julia/stdlib/v1.4/Test/src/Test.jl:1113
   [13] top-level scope at /home/pkgeval/.julia/packages/Pandoc/ipbrK/test/test_pandoc.jl:299
   [14] top-level scope at /workspace/srcdir/usr/share/julia/stdlib/v1.4/Test/src/Test.jl:1113
   [15] top-level scope at /home/pkgeval/.julia/packages/Pandoc/ipbrK/test/test_pandoc.jl:290
  
wiki: Error During Test at /home/pkgeval/.julia/packages/Pandoc/ipbrK/test/test_pandoc.jl:304
  Test threw exception
  Expression: typeof(Pandoc.parse_file(joinpath(#= /home/pkgeval/.julia/packages/Pandoc/ipbrK/test/test_pandoc.jl:304 =# @__DIR__(), "data", "mediawiki-reader.wiki"))) == Pandoc.Document
  IOError: could not spawn `pandoc -t json /home/pkgeval/.julia/packages/Pandoc/ipbrK/test/data/mediawiki-reader.wiki`: no such file or directory (ENOENT)
  Stacktrace:
   [1] _spawn_primitive(::String, ::Cmd, ::Array{Any,1}) at ./process.jl:99
   [2] #550 at ./process.jl:112 [inlined]
   [3] setup_stdios(::Base.var"#550#551"{Cmd}, ::Array{Any,1}) at ./process.jl:196
   [4] _spawn at ./process.jl:111 [inlined]
   [5] open(::Cmd, ::Base.DevNull; write::Bool, read::Bool) at ./process.jl:370
   [6] open at ./process.jl:361 [inlined]
   [7] open(::Cmd, ::String, ::Base.DevNull) at ./process.jl:341
   [8] read(::Cmd) at ./process.jl:410
   [9] read(::Cmd, ::Type{String}) at ./process.jl:421
   [10] parse_file(::String) at /home/pkgeval/.julia/packages/Pandoc/ipbrK/src/Pandoc.jl:566
   [11] top-level scope at /home/pkgeval/.julia/packages/Pandoc/ipbrK/test/test_pandoc.jl:304
   [12] top-level scope at /workspace/srcdir/usr/share/julia/stdlib/v1.4/Test/src/Test.jl:1113
   [13] top-level scope at /home/pkgeval/.julia/packages/Pandoc/ipbrK/test/test_pandoc.jl:304
   [14] top-level scope at /workspace/srcdir/usr/share/julia/stdlib/v1.4/Test/src/Test.jl:1113
   [15] top-level scope at /home/pkgeval/.julia/packages/Pandoc/ipbrK/test/test_pandoc.jl:290
  
ipynb: Error During Test at /home/pkgeval/.julia/packages/Pandoc/ipbrK/test/test_pandoc.jl:308
  Test threw exception
  Expression: typeof(Pandoc.parse_file(joinpath(#= /home/pkgeval/.julia/packages/Pandoc/ipbrK/test/test_pandoc.jl:308 =# @__DIR__(), "data", "simple.ipynb"))) == Pandoc.Document
  IOError: could not spawn `pandoc -t json /home/pkgeval/.julia/packages/Pandoc/ipbrK/test/data/simple.ipynb`: no such file or directory (ENOENT)
  Stacktrace:
   [1] _spawn_primitive(::String, ::Cmd, ::Array{Any,1}) at ./process.jl:99
   [2] #550 at ./process.jl:112 [inlined]
   [3] setup_stdios(::Base.var"#550#551"{Cmd}, ::Array{Any,1}) at ./process.jl:196
   [4] _spawn at ./process.jl:111 [inlined]
   [5] open(::Cmd, ::Base.DevNull; write::Bool, read::Bool) at ./process.jl:370
   [6] open at ./process.jl:361 [inlined]
   [7] open(::Cmd, ::String, ::Base.DevNull) at ./process.jl:341
   [8] read(::Cmd) at ./process.jl:410
   [9] read(::Cmd, ::Type{String}) at ./process.jl:421
   [10] parse_file(::String) at /home/pkgeval/.julia/packages/Pandoc/ipbrK/src/Pandoc.jl:566
   [11] top-level scope at /home/pkgeval/.julia/packages/Pandoc/ipbrK/test/test_pandoc.jl:308
   [12] top-level scope at /workspace/srcdir/usr/share/julia/stdlib/v1.4/Test/src/Test.jl:1113
   [13] top-level scope at /home/pkgeval/.julia/packages/Pandoc/ipbrK/test/test_pandoc.jl:308
   [14] top-level scope at /workspace/srcdir/usr/share/julia/stdlib/v1.4/Test/src/Test.jl:1113
   [15] top-level scope at /home/pkgeval/.julia/packages/Pandoc/ipbrK/test/test_pandoc.jl:290
  
latex: Error During Test at /home/pkgeval/.julia/packages/Pandoc/ipbrK/test/test_pandoc.jl:312
  Test threw exception
  Expression: typeof(Pandoc.parse_file(joinpath(#= /home/pkgeval/.julia/packages/Pandoc/ipbrK/test/test_pandoc.jl:312 =# @__DIR__(), "data", "latex-reader.latex"))) == Pandoc.Document
  IOError: could not spawn `pandoc -t json /home/pkgeval/.julia/packages/Pandoc/ipbrK/test/data/latex-reader.latex`: no such file or directory (ENOENT)
  Stacktrace:
   [1] _spawn_primitive(::String, ::Cmd, ::Array{Any,1}) at ./process.jl:99
   [2] #550 at ./process.jl:112 [inlined]
   [3] setup_stdios(::Base.var"#550#551"{Cmd}, ::Array{Any,1}) at ./process.jl:196
   [4] _spawn at ./process.jl:111 [inlined]
   [5] open(::Cmd, ::Base.DevNull; write::Bool, read::Bool) at ./process.jl:370
   [6] open at ./process.jl:361 [inlined]
   [7] open(::Cmd, ::String, ::Base.DevNull) at ./process.jl:341
   [8] read(::Cmd) at ./process.jl:410
   [9] read(::Cmd, ::Type{String}) at ./process.jl:421
   [10] parse_file(::String) at /home/pkgeval/.julia/packages/Pandoc/ipbrK/src/Pandoc.jl:566
   [11] top-level scope at /home/pkgeval/.julia/packages/Pandoc/ipbrK/test/test_pandoc.jl:312
   [12] top-level scope at /workspace/srcdir/usr/share/julia/stdlib/v1.4/Test/src/Test.jl:1113
   [13] top-level scope at /home/pkgeval/.julia/packages/Pandoc/ipbrK/test/test_pandoc.jl:312
   [14] top-level scope at /workspace/srcdir/usr/share/julia/stdlib/v1.4/Test/src/Test.jl:1113
   [15] top-level scope at /home/pkgeval/.julia/packages/Pandoc/ipbrK/test/test_pandoc.jl:290
  
man: Error During Test at /home/pkgeval/.julia/packages/Pandoc/ipbrK/test/test_pandoc.jl:316
  Test threw exception
  Expression: typeof(Pandoc.parse_file(joinpath(#= /home/pkgeval/.julia/packages/Pandoc/ipbrK/test/test_pandoc.jl:316 =# @__DIR__(), "data", "man-reader.man"))) == Pandoc.Document
  IOError: could not spawn `pandoc -t json /home/pkgeval/.julia/packages/Pandoc/ipbrK/test/data/man-reader.man`: no such file or directory (ENOENT)
  Stacktrace:
   [1] _spawn_primitive(::String, ::Cmd, ::Array{Any,1}) at ./process.jl:99
   [2] #550 at ./process.jl:112 [inlined]
   [3] setup_stdios(::Base.var"#550#551"{Cmd}, ::Array{Any,1}) at ./process.jl:196
   [4] _spawn at ./process.jl:111 [inlined]
   [5] open(::Cmd, ::Base.DevNull; write::Bool, read::Bool) at ./process.jl:370
   [6] open at ./process.jl:361 [inlined]
   [7] open(::Cmd, ::String, ::Base.DevNull) at ./process.jl:341
   [8] read(::Cmd) at ./process.jl:410
   [9] read(::Cmd, ::Type{String}) at ./process.jl:421
   [10] parse_file(::String) at /home/pkgeval/.julia/packages/Pandoc/ipbrK/src/Pandoc.jl:566
   [11] top-level scope at /home/pkgeval/.julia/packages/Pandoc/ipbrK/test/test_pandoc.jl:316
   [12] top-level scope at /workspace/srcdir/usr/share/julia/stdlib/v1.4/Test/src/Test.jl:1113
   [13] top-level scope at /home/pkgeval/.julia/packages/Pandoc/ipbrK/test/test_pandoc.jl:316
   [14] top-level scope at /workspace/srcdir/usr/share/julia/stdlib/v1.4/Test/src/Test.jl:1113
   [15] top-level scope at /home/pkgeval/.julia/packages/Pandoc/ipbrK/test/test_pandoc.jl:290
  
tables: Error During Test at /home/pkgeval/.julia/packages/Pandoc/ipbrK/test/test_pandoc.jl:320
  Test threw exception
  Expression: typeof(Pandoc.parse_file(joinpath(#= /home/pkgeval/.julia/packages/Pandoc/ipbrK/test/test_pandoc.jl:320 =# @__DIR__(), "data", "pipe-tables.txt"))) == Pandoc.Document
  IOError: could not spawn `pandoc -t json /home/pkgeval/.julia/packages/Pandoc/ipbrK/test/data/pipe-tables.txt`: no such file or directory (ENOENT)
  Stacktrace:
   [1] _spawn_primitive(::String, ::Cmd, ::Array{Any,1}) at ./process.jl:99
   [2] #550 at ./process.jl:112 [inlined]
   [3] setup_stdios(::Base.var"#550#551"{Cmd}, ::Array{Any,1}) at ./process.jl:196
   [4] _spawn at ./process.jl:111 [inlined]
   [5] open(::Cmd, ::Base.DevNull; write::Bool, read::Bool) at ./process.jl:370
   [6] open at ./process.jl:361 [inlined]
   [7] open(::Cmd, ::String, ::Base.DevNull) at ./process.jl:341
   [8] read(::Cmd) at ./process.jl:410
   [9] read(::Cmd, ::Type{String}) at ./process.jl:421
   [10] parse_file(::String) at /home/pkgeval/.julia/packages/Pandoc/ipbrK/src/Pandoc.jl:566
   [11] top-level scope at /home/pkgeval/.julia/packages/Pandoc/ipbrK/test/test_pandoc.jl:320
   [12] top-level scope at /workspace/srcdir/usr/share/julia/stdlib/v1.4/Test/src/Test.jl:1113
   [13] top-level scope at /home/pkgeval/.julia/packages/Pandoc/ipbrK/test/test_pandoc.jl:320
   [14] top-level scope at /workspace/srcdir/usr/share/julia/stdlib/v1.4/Test/src/Test.jl:1113
   [15] top-level scope at /home/pkgeval/.julia/packages/Pandoc/ipbrK/test/test_pandoc.jl:290
  

Test Summary:         | Pass  Error  Total
Begin tests           |   23      9     32
  test version parser |    5             5
  test conversions    |   18            18
  test pandoc parser  |           9      9
    docbook           |           1      1
    creole            |           1      1
    markdown          |           2      2
    wiki              |           1      1
    ipynb             |           1      1
    latex             |           1      1
    man               |           1      1
    tables            |           1      1
ERROR: LoadError: Some tests did not pass: 23 passed, 0 failed, 9 errored, 0 broken.
in expression starting at /home/pkgeval/.julia/packages/Pandoc/ipbrK/test/runtests.jl:52
ERROR: Package Pandoc errored during testing
Stacktrace:
 [1] pkgerror(::String, ::Vararg{String,N} where N) at /workspace/srcdir/usr/share/julia/stdlib/v1.4/Pkg/src/Types.jl:53
 [2] test(::Pkg.Types.Context, ::Array{Pkg.Types.PackageSpec,1}; coverage::Bool, julia_args::Cmd, test_args::Cmd, test_fn::Nothing) at /workspace/srcdir/usr/share/julia/stdlib/v1.4/Pkg/src/Operations.jl:1510
 [3] test(::Pkg.Types.Context, ::Array{Pkg.Types.PackageSpec,1}; coverage::Bool, test_fn::Nothing, julia_args::Cmd, test_args::Cmd, kwargs::Base.Iterators.Pairs{Union{},Union{},Tuple{},NamedTuple{(),Tuple{}}}) at /workspace/srcdir/usr/share/julia/stdlib/v1.4/Pkg/src/API.jl:316
 [4] test(::Pkg.Types.Context, ::Array{Pkg.Types.PackageSpec,1}) at /workspace/srcdir/usr/share/julia/stdlib/v1.4/Pkg/src/API.jl:303
 [5] #test#68 at /workspace/srcdir/usr/share/julia/stdlib/v1.4/Pkg/src/API.jl:297 [inlined]
 [6] test at /workspace/srcdir/usr/share/julia/stdlib/v1.4/Pkg/src/API.jl:297 [inlined]
 [7] #test#67 at /workspace/srcdir/usr/share/julia/stdlib/v1.4/Pkg/src/API.jl:296 [inlined]
 [8] test at /workspace/srcdir/usr/share/julia/stdlib/v1.4/Pkg/src/API.jl:296 [inlined]
 [9] test(::String; kwargs::Base.Iterators.Pairs{Union{},Union{},Tuple{},NamedTuple{(),Tuple{}}}) at /workspace/srcdir/usr/share/julia/stdlib/v1.4/Pkg/src/API.jl:295
 [10] test(::String) at /workspace/srcdir/usr/share/julia/stdlib/v1.4/Pkg/src/API.jl:295
 [11] top-level scope at none:16
