Current time is 2020-10-25T19:07:08.192
Julia Version 1.5.3-pre.13
Commit 3de1115e9c (2020-10-23 21:58 UTC)
Platform Info:
  OS: Linux (x86_64-linux-gnu)
  CPU: AMD EPYC 7502 32-Core Processor
  WORD_SIZE: 64
  LIBM: libopenlibm
  LLVM: libLLVM-9.0.1 (ORCJIT, znver2)
Environment:
  JULIA_DEPOT_PATH = ::/usr/local/share/julia
  JULIA_NUM_THREADS = 2
  JULIA_MAX_NUM_PRECOMPILE_FILES = 9223372036854775807
  JULIA_PKG_SERVER = 

Starting installation at 2020-10-25T19:07:10.076
  Resolving package versions...
  Installed Compat ────────────────────── v3.22.0
  Installed SentinelArrays ────────────── v1.2.16
  Installed Parsers ───────────────────── v1.0.11
  Installed Conda ─────────────────────── v1.4.1
  Installed StructTypes ───────────────── v1.1.0
  Installed Requires ──────────────────── v1.1.0
  Installed AdaptiveResonance ─────────── v0.1.0
  Installed DrWatson ──────────────────── v1.16.1
  Installed InvertedIndices ───────────── v1.0.0
  Installed PooledArrays ──────────────── v0.5.3
  Installed FixedPointNumbers ─────────── v0.8.4
  Installed PyCall ────────────────────── v1.92.1
  Installed ScikitLearnBase ───────────── v0.5.0
  Installed LaTeXStrings ──────────────── v1.2.0
  Installed MacroTools ────────────────── v0.5.6
  Installed CUDAapi ───────────────────── v4.0.0
  Installed SortingAlgorithms ─────────── v0.3.1
  Installed FileIO ────────────────────── v1.4.3
  Installed LoweredCodeUtils ──────────── v0.4.9
  Installed UnPack ────────────────────── v1.0.2
  Installed OrderedCollections ────────── v1.3.1
  Installed DataFrames ────────────────── v0.21.8
  Installed IteratorInterfaceExtensions ─ v1.0.0
  Installed DataStructures ────────────── v0.18.8
  Installed Parameters ────────────────── v0.12.1
  Installed DataValueInterfaces ───────── v1.0.0
  Installed CategoricalArrays ─────────── v0.8.3
  Installed Reexport ──────────────────── v0.2.0
  Installed CodeTracking ──────────────── v0.5.12
  Installed ColorTypes ────────────────── v0.10.9
  Installed Tables ────────────────────── v1.1.0
  Installed DocStringExtensions ───────── v0.8.3
  Installed ScikitLearn ───────────────── v0.6.2
  Installed Documenter ────────────────── v0.25.2
  Installed TableTraits ───────────────── v1.0.0
  Installed Missings ──────────────────── v0.4.4
  Installed JSON ──────────────────────── v0.21.1
  Installed StatsBase ─────────────────── v0.33.2
  Installed VersionParsing ────────────── v1.2.0
  Installed ProgressMeter ─────────────── v1.4.0
  Installed IterTools ─────────────────── v1.3.0
  Installed JuliaInterpreter ──────────── v0.7.26
  Installed DataAPI ───────────────────── v1.3.0
  Installed Colors ────────────────────── v0.12.4
  Installed PyPlot ────────────────────── v2.9.0
  Installed BenchmarkTools ────────────── v0.5.0
  Installed Revise ────────────────────── v2.7.6
  Installed CSV ───────────────────────── v0.7.7
Updating `~/.julia/environments/v1.5/Project.toml`
  [3d72adc0] + AdaptiveResonance v0.1.0
Updating `~/.julia/environments/v1.5/Manifest.toml`
  [3d72adc0] + AdaptiveResonance v0.1.0
  [6e4b80f9] + BenchmarkTools v0.5.0
  [336ed68f] + CSV v0.7.7
  [3895d2a7] + CUDAapi v4.0.0
  [324d7699] + CategoricalArrays v0.8.3
  [da1fd8a2] + CodeTracking v0.5.12
  [3da002f7] + ColorTypes v0.10.9
  [5ae59095] + Colors v0.12.4
  [34da2185] + Compat v3.22.0
  [8f4d0f93] + Conda v1.4.1
  [9a962f9c] + DataAPI v1.3.0
  [a93c6f00] + DataFrames v0.21.8
  [864edb3b] + DataStructures v0.18.8
  [e2d170a0] + DataValueInterfaces v1.0.0
  [ffbed154] + DocStringExtensions v0.8.3
  [e30172f5] + Documenter v0.25.2
  [634d3b9d] + DrWatson v1.16.1
  [5789e2e9] + FileIO v1.4.3
  [53c48c17] + FixedPointNumbers v0.8.4
  [41ab1584] + InvertedIndices v1.0.0
  [c8e1da08] + IterTools v1.3.0
  [82899510] + IteratorInterfaceExtensions v1.0.0
  [682c06a0] + JSON v0.21.1
  [aa1ae85d] + JuliaInterpreter v0.7.26
  [b964fa9f] + LaTeXStrings v1.2.0
  [6f1432cf] + LoweredCodeUtils v0.4.9
  [1914dd2f] + MacroTools v0.5.6
  [e1d29d7a] + Missings v0.4.4
  [bac558e1] + OrderedCollections v1.3.1
  [d96e819e] + Parameters v0.12.1
  [69de0a69] + Parsers v1.0.11
  [2dfb63ee] + PooledArrays v0.5.3
  [92933f4c] + ProgressMeter v1.4.0
  [438e738f] + PyCall v1.92.1
  [d330b81b] + PyPlot v2.9.0
  [189a3867] + Reexport v0.2.0
  [ae029012] + Requires v1.1.0
  [295af30f] + Revise v2.7.6
  [3646fa90] + ScikitLearn v0.6.2
  [6e75b9c4] + ScikitLearnBase v0.5.0
  [91c51154] + SentinelArrays v1.2.16
  [a2af1166] + SortingAlgorithms v0.3.1
  [2913bbd2] + StatsBase v0.33.2
  [856f2bd8] + StructTypes v1.1.0
  [3783bdb8] + TableTraits v1.0.0
  [bd369af6] + Tables v1.1.0
  [3a884ed6] + UnPack v1.0.2
  [81def892] + VersionParsing v1.2.0
  [2a0f44e3] + Base64
  [ade2ca70] + Dates
  [8bb1440f] + DelimitedFiles
  [8ba89e20] + Distributed
  [7b1f6079] + FileWatching
  [9fa8497b] + Future
  [b77e0a4c] + InteractiveUtils
  [76f85450] + LibGit2
  [8f399da3] + Libdl
  [37e2e46d] + LinearAlgebra
  [56ddb016] + Logging
  [d6f4376e] + Markdown
  [a63ad114] + Mmap
  [44cfe95a] + Pkg
  [de0858da] + Printf
  [3fa0cd96] + REPL
  [9a3f8284] + Random
  [ea8e919c] + SHA
  [9e88b42a] + Serialization
  [1a1011a3] + SharedArrays
  [6462fe0b] + Sockets
  [2f01184e] + SparseArrays
  [10745b16] + Statistics
  [8dfed614] + Test
  [cf7118a7] + UUIDs
  [4ec0a83e] + Unicode
   Building Conda ─→ `~/.julia/packages/Conda/3rPhK/deps/build.log`
   Building PyCall → `~/.julia/packages/PyCall/BcTLp/deps/build.log`
Starting tests at 2020-10-25T19:08:09.221
    Testing AdaptiveResonance
Status `/tmp/jl_mfWPCW/Project.toml`
  [3d72adc0] AdaptiveResonance v0.1.0
  [6e4b80f9] BenchmarkTools v0.5.0
  [336ed68f] CSV v0.7.7
  [3895d2a7] CUDAapi v4.0.0
  [a93c6f00] DataFrames v0.21.8
  [e30172f5] Documenter v0.25.2
  [634d3b9d] DrWatson v1.16.1
  [d96e819e] Parameters v0.12.1
  [92933f4c] ProgressMeter v1.4.0
  [d330b81b] PyPlot v2.9.0
  [295af30f] Revise v2.7.6
  [1bc83da4] SafeTestsets v0.0.1
  [3646fa90] ScikitLearn v0.6.2
  [8ba89e20] Distributed
  [37e2e46d] LinearAlgebra
  [56ddb016] Logging
  [9a3f8284] Random
  [10745b16] Statistics
  [8dfed614] Test
Status `/tmp/jl_mfWPCW/Manifest.toml`
  [3d72adc0] AdaptiveResonance v0.1.0
  [6e4b80f9] BenchmarkTools v0.5.0
  [336ed68f] CSV v0.7.7
  [3895d2a7] CUDAapi v4.0.0
  [324d7699] CategoricalArrays v0.8.3
  [da1fd8a2] CodeTracking v0.5.12
  [3da002f7] ColorTypes v0.10.9
  [5ae59095] Colors v0.12.4
  [34da2185] Compat v3.22.0
  [8f4d0f93] Conda v1.4.1
  [9a962f9c] DataAPI v1.3.0
  [a93c6f00] DataFrames v0.21.8
  [864edb3b] DataStructures v0.18.8
  [e2d170a0] DataValueInterfaces v1.0.0
  [ffbed154] DocStringExtensions v0.8.3
  [e30172f5] Documenter v0.25.2
  [634d3b9d] DrWatson v1.16.1
  [5789e2e9] FileIO v1.4.3
  [53c48c17] FixedPointNumbers v0.8.4
  [41ab1584] InvertedIndices v1.0.0
  [c8e1da08] IterTools v1.3.0
  [82899510] IteratorInterfaceExtensions v1.0.0
  [682c06a0] JSON v0.21.1
  [aa1ae85d] JuliaInterpreter v0.7.26
  [b964fa9f] LaTeXStrings v1.2.0
  [6f1432cf] LoweredCodeUtils v0.4.9
  [1914dd2f] MacroTools v0.5.6
  [e1d29d7a] Missings v0.4.4
  [bac558e1] OrderedCollections v1.3.1
  [d96e819e] Parameters v0.12.1
  [69de0a69] Parsers v1.0.11
  [2dfb63ee] PooledArrays v0.5.3
  [92933f4c] ProgressMeter v1.4.0
  [438e738f] PyCall v1.92.1
  [d330b81b] PyPlot v2.9.0
  [189a3867] Reexport v0.2.0
  [ae029012] Requires v1.1.0
  [295af30f] Revise v2.7.6
  [1bc83da4] SafeTestsets v0.0.1
  [3646fa90] ScikitLearn v0.6.2
  [6e75b9c4] ScikitLearnBase v0.5.0
  [91c51154] SentinelArrays v1.2.16
  [a2af1166] SortingAlgorithms v0.3.1
  [2913bbd2] StatsBase v0.33.2
  [856f2bd8] StructTypes v1.1.0
  [3783bdb8] TableTraits v1.0.0
  [bd369af6] Tables v1.1.0
  [3a884ed6] UnPack v1.0.2
  [81def892] VersionParsing v1.2.0
  [2a0f44e3] Base64
  [ade2ca70] Dates
  [8bb1440f] DelimitedFiles
  [8ba89e20] Distributed
  [7b1f6079] FileWatching
  [9fa8497b] Future
  [b77e0a4c] InteractiveUtils
  [76f85450] LibGit2
  [8f399da3] Libdl
  [37e2e46d] LinearAlgebra
  [56ddb016] Logging
  [d6f4376e] Markdown
  [a63ad114] Mmap
  [44cfe95a] Pkg
  [de0858da] Printf
  [3fa0cd96] REPL
  [9a3f8284] Random
  [ea8e919c] SHA
  [9e88b42a] Serialization
  [1a1011a3] SharedArrays
  [6462fe0b] Sockets
  [2f01184e] SparseArrays
  [10745b16] Statistics
  [8dfed614] Test
  [cf7118a7] UUIDs
  [4ec0a83e] Unicode
Hello World!Hello World!Test Summary:  | Pass  Total
Function tests |    4      4
    Testing AdaptiveResonance tests passed 
Finished at 2020-10-25T19:08:24.035
