Julia Version 1.4.2-pre.0
Commit ef4fe83698 (2020-04-15 16:24 UTC)
Platform Info:
  OS: Linux (x86_64-linux-gnu)
  CPU: Intel(R) Xeon(R) Silver 4114 CPU @ 2.20GHz
  WORD_SIZE: 64
  LIBM: libopenlibm
  LLVM: libLLVM-8.0.1 (ORCJIT, skylake)
Environment:
  JULIA_DEPOT_PATH = ::/usr/local/share/julia
  JULIA_NUM_THREADS = 2

  Resolving package versions...
  Installed Zlib_jll ─────────────── v1.2.11+9
  Installed libcxxwrap_julia_jll ─── v0.7.0+0
  Installed LCIO_jll ─────────────── v2.13.3+0
  Installed LCIO_Julia_Wrapper_jll ─ v0.8.1+0
  Installed CxxWrap ──────────────── v0.10.1
  Installed MacroTools ───────────── v0.5.5
  Installed LCIO ─────────────────── v1.4.1
#=#=#                                                                         ######################################################################## 100.0%                                                                           0.0%######################################################################## 100.0%
   Updating `~/.julia/environments/v1.4/Project.toml`
  [94167541] + LCIO v1.4.1
   Updating `~/.julia/environments/v1.4/Manifest.toml`
  [1f15a43c] + CxxWrap v0.10.1
  [94167541] + LCIO v1.4.1
  [1fe59b3e] + LCIO_Julia_Wrapper_jll v0.8.1+0
  [35fd387a] + LCIO_jll v2.13.3+0
  [1914dd2f] + MacroTools v0.5.5
  [83775a58] + Zlib_jll v1.2.11+9
  [3eaa8342] + libcxxwrap_julia_jll v0.7.0+0
  [2a0f44e3] + Base64 
  [ade2ca70] + Dates 
  [b77e0a4c] + InteractiveUtils 
  [76f85450] + LibGit2 
  [8f399da3] + Libdl 
  [56ddb016] + Logging 
  [d6f4376e] + Markdown 
  [44cfe95a] + Pkg 
  [de0858da] + Printf 
  [3fa0cd96] + REPL 
  [9a3f8284] + Random 
  [ea8e919c] + SHA 
  [9e88b42a] + Serialization 
  [6462fe0b] + Sockets 
  [cf7118a7] + UUIDs 
  [4ec0a83e] + Unicode 
    Testing LCIO
Status `/tmp/jl_VBnySG/Manifest.toml`
  [1f15a43c] CxxWrap v0.10.1
  [94167541] LCIO v1.4.1
  [1fe59b3e] LCIO_Julia_Wrapper_jll v0.8.1+0
  [35fd387a] LCIO_jll v2.13.3+0
  [1914dd2f] MacroTools v0.5.5
  [83775a58] Zlib_jll v1.2.11+9
  [3eaa8342] libcxxwrap_julia_jll v0.7.0+0
  [2a0f44e3] Base64 
  [ade2ca70] Dates 
  [8ba89e20] Distributed 
  [b77e0a4c] InteractiveUtils 
  [76f85450] LibGit2 
  [8f399da3] Libdl 
  [56ddb016] Logging 
  [d6f4376e] Markdown 
  [44cfe95a] Pkg 
  [de0858da] Printf 
  [3fa0cd96] REPL 
  [9a3f8284] Random 
  [ea8e919c] SHA 
  [9e88b42a] Serialization 
  [6462fe0b] Sockets 
  [8dfed614] Test 
  [cf7118a7] UUIDs 
  [4ec0a83e] Unicode 
First iteration successful
CxxWrap.CxxWrapCore.ConstCxxPtr{CxxWrap.StdLib.StdVector{CxxWrap.StdLib.StdString}}(Ptr{CxxWrap.StdLib.StdVector{CxxWrap.StdLib.StdString}} @0x0000000003d579e8)
Error During Test at /home/pkgeval/.julia/packages/LCIO/Cestc/test/runtests.jl:39
  Test threw exception
  Expression: getDetectorName(event) == "sidloi3_scint1x1"
  UndefVarError: getDetectorName not defined
  Stacktrace:
   [1] (::var"#5#6")(::CxxWrap.CxxWrapCore.CxxPtr{LCIO.LCReader}) at /home/pkgeval/.julia/packages/LCIO/Cestc/test/runtests.jl:39
   [2] open(::var"#5#6", ::String) at /home/pkgeval/.julia/packages/LCIO/Cestc/src/LCIO.jl:14
   [3] top-level scope at /home/pkgeval/.julia/packages/LCIO/Cestc/test/runtests.jl:33
   [4] include(::String) at ./client.jl:439
   [5] top-level scope at none:6
   [6] eval(::Module, ::Any) at ./boot.jl:331
   [7] exec_options(::Base.JLOptions) at ./client.jl:264
   [8] _start() at ./client.jl:484
  
ERROR: LoadError: There was an error during testing
in expression starting at /home/pkgeval/.julia/packages/LCIO/Cestc/test/runtests.jl:33
ERROR: Package LCIO errored during testing
Stacktrace:
 [1] pkgerror(::String, ::Vararg{String,N} where N) at /workspace/srcdir/usr/share/julia/stdlib/v1.4/Pkg/src/Types.jl:53
 [2] test(::Pkg.Types.Context, ::Array{Pkg.Types.PackageSpec,1}; coverage::Bool, julia_args::Cmd, test_args::Cmd, test_fn::Nothing) at /workspace/srcdir/usr/share/julia/stdlib/v1.4/Pkg/src/Operations.jl:1503
 [3] test(::Pkg.Types.Context, ::Array{Pkg.Types.PackageSpec,1}; coverage::Bool, test_fn::Nothing, julia_args::Cmd, test_args::Cmd, kwargs::Base.Iterators.Pairs{Union{},Union{},Tuple{},NamedTuple{(),Tuple{}}}) at /workspace/srcdir/usr/share/julia/stdlib/v1.4/Pkg/src/API.jl:316
 [4] test(::Pkg.Types.Context, ::Array{Pkg.Types.PackageSpec,1}) at /workspace/srcdir/usr/share/julia/stdlib/v1.4/Pkg/src/API.jl:303
 [5] #test#68 at /workspace/srcdir/usr/share/julia/stdlib/v1.4/Pkg/src/API.jl:297 [inlined]
 [6] test at /workspace/srcdir/usr/share/julia/stdlib/v1.4/Pkg/src/API.jl:297 [inlined]
 [7] #test#67 at /workspace/srcdir/usr/share/julia/stdlib/v1.4/Pkg/src/API.jl:296 [inlined]
 [8] test at /workspace/srcdir/usr/share/julia/stdlib/v1.4/Pkg/src/API.jl:296 [inlined]
 [9] test(::String; kwargs::Base.Iterators.Pairs{Union{},Union{},Tuple{},NamedTuple{(),Tuple{}}}) at /workspace/srcdir/usr/share/julia/stdlib/v1.4/Pkg/src/API.jl:295
 [10] test(::String) at /workspace/srcdir/usr/share/julia/stdlib/v1.4/Pkg/src/API.jl:295
 [11] top-level scope at none:16
