Current time is 2020-10-25T19:38:55.62
Julia Version 1.5.3-pre.0
Commit 5905edebb1 (2020-09-24 05:09 UTC)
Platform Info:
  OS: Linux (x86_64-pc-linux-gnu)
  CPU: AMD EPYC 7502 32-Core Processor
  WORD_SIZE: 64
  LIBM: libopenlibm
  LLVM: libLLVM-9.0.1 (ORCJIT, znver2)
Environment:
  JULIA_DEPOT_PATH = ::/usr/local/share/julia
  JULIA_NUM_THREADS = 2
  JULIA_MAX_NUM_PRECOMPILE_FILES = 9223372036854775807
  JULIA_PKG_SERVER = 

Starting installation at 2020-10-25T19:38:58.85
  Resolving package versions...
  Installed CEnum ────────── v0.4.1
  Installed BinaryProvider ─ v0.5.10
  Installed CUDD ─────────── v0.2.0
Updating `~/.julia/environments/v1.5/Project.toml`
  [345a2cc7] + CUDD v0.2.0
Updating `~/.julia/environments/v1.5/Manifest.toml`
  [b99e7846] + BinaryProvider v0.5.10
  [fa961155] + CEnum v0.4.1
  [345a2cc7] + CUDD v0.2.0
  [8f399da3] + Libdl
  [56ddb016] + Logging
  [ea8e919c] + SHA
   Building CUDD → `~/.julia/packages/CUDD/s7EqP/deps/build.log`
Starting tests at 2020-10-25T19:39:17.252
    Testing CUDD
Status `/tmp/jl_jessLY/Project.toml`
  [b99e7846] BinaryProvider v0.5.10
  [fa961155] CEnum v0.4.1
  [345a2cc7] CUDD v0.2.0
  [8f399da3] Libdl
  [8dfed614] Test
Status `/tmp/jl_jessLY/Manifest.toml`
  [b99e7846] BinaryProvider v0.5.10
  [fa961155] CEnum v0.4.1
  [345a2cc7] CUDD v0.2.0
  [2a0f44e3] Base64
  [8ba89e20] Distributed
  [b77e0a4c] InteractiveUtils
  [8f399da3] Libdl
  [56ddb016] Logging
  [d6f4376e] Markdown
  [9a3f8284] Random
  [ea8e919c] SHA
  [9e88b42a] Serialization
  [6462fe0b] Sockets
  [8dfed614] Test
Test Summary: | Pass  Total
BDD           |   24     24
Test Summary: | Pass  Total
ADD           |   81     81
    Testing CUDD tests passed 
Finished at 2020-10-25T19:39:28.295
