Current time is 2020-10-25T22:52:03.365
Julia Version 1.5.3-pre.0
Commit 5905edebb1 (2020-09-24 05:09 UTC)
Platform Info:
  OS: Linux (x86_64-pc-linux-gnu)
  CPU: AMD EPYC 7502 32-Core Processor
  WORD_SIZE: 64
  LIBM: libopenlibm
  LLVM: libLLVM-9.0.1 (ORCJIT, znver2)
Environment:
  JULIA_DEPOT_PATH = ::/usr/local/share/julia
  JULIA_NUM_THREADS = 2
  JULIA_MAX_NUM_PRECOMPILE_FILES = 9223372036854775807
  JULIA_PKG_SERVER = 

Starting installation at 2020-10-25T22:52:06.498
  Resolving package versions...
  Installed XML2_jll ─────────── v2.9.10+3
  Installed Libiconv_jll ─────── v1.16.0+7
  Installed CodecZlib ────────── v0.7.0
  Installed Zstd_jll ─────────── v1.4.5+2
  Installed ProgressMeter ────── v1.4.0
  Installed Blosc ────────────── v0.7.0
  Installed Trixi2Vtk ────────── v0.2.0
  Installed HDF5 ─────────────── v0.13.6
  Installed Zlib_jll ─────────── v1.2.11+18
  Installed HDF5_jll ─────────── v1.10.5+6
  Installed Artifacts ────────── v1.3.0
  Installed StaticArrays ─────── v0.12.4
  Installed Lz4_jll ──────────── v1.9.2+2
  Installed JLLWrappers ──────── v1.1.3
  Installed LightXML ─────────── v0.9.0
  Installed WriteVTK ─────────── v1.7.4
  Installed TranscodingStreams ─ v0.9.5
  Installed Blosc_jll ────────── v1.14.3+1
  Installed Glob ─────────────── v1.3.0
  Installed TimerOutputs ─────── v0.5.6
  Installed FillArrays ───────── v0.10.0
Updating `~/.julia/environments/v1.5/Project.toml`
  [bc1476a1] + Trixi2Vtk v0.2.0
Updating `~/.julia/environments/v1.5/Manifest.toml`
  [56f22d72] + Artifacts v1.3.0
  [a74b3585] + Blosc v0.7.0
  [0b7ba130] + Blosc_jll v1.14.3+1
  [944b1d66] + CodecZlib v0.7.0
  [1a297f60] + FillArrays v0.10.0
  [c27321d9] + Glob v1.3.0
  [f67ccb44] + HDF5 v0.13.6
  [0234f1f7] + HDF5_jll v1.10.5+6
  [692b3bcd] + JLLWrappers v1.1.3
  [94ce4f54] + Libiconv_jll v1.16.0+7
  [9c8b4983] + LightXML v0.9.0
  [5ced341a] + Lz4_jll v1.9.2+2
  [92933f4c] + ProgressMeter v1.4.0
  [90137ffa] + StaticArrays v0.12.4
  [a759f4b9] + TimerOutputs v0.5.6
  [3bb67fe8] + TranscodingStreams v0.9.5
  [bc1476a1] + Trixi2Vtk v0.2.0
  [64499a7a] + WriteVTK v1.7.4
  [02c8fc9c] + XML2_jll v2.9.10+3
  [83775a58] + Zlib_jll v1.2.11+18
  [3161d3a3] + Zstd_jll v1.4.5+2
  [2a0f44e3] + Base64
  [ade2ca70] + Dates
  [8ba89e20] + Distributed
  [b77e0a4c] + InteractiveUtils
  [76f85450] + LibGit2
  [8f399da3] + Libdl
  [37e2e46d] + LinearAlgebra
  [56ddb016] + Logging
  [d6f4376e] + Markdown
  [a63ad114] + Mmap
  [44cfe95a] + Pkg
  [de0858da] + Printf
  [3fa0cd96] + REPL
  [9a3f8284] + Random
  [ea8e919c] + SHA
  [9e88b42a] + Serialization
  [6462fe0b] + Sockets
  [2f01184e] + SparseArrays
  [10745b16] + Statistics
  [8dfed614] + Test
  [cf7118a7] + UUIDs
  [4ec0a83e] + Unicode
   Building HDF5 → `~/.julia/packages/HDF5/T1b9x/deps/build.log`
Starting tests at 2020-10-25T22:52:13.204
    Testing Trixi2Vtk
Status `/tmp/jl_FeEkiZ/Project.toml`
  [a7f1ee26] Trixi v0.2.6
  [bc1476a1] Trixi2Vtk v0.2.0
  [ea8e919c] SHA
  [8dfed614] Test
Status `/tmp/jl_FeEkiZ/Manifest.toml`
  [56f22d72] Artifacts v1.3.0
  [a74b3585] Blosc v0.7.0
  [0b7ba130] Blosc_jll v1.14.3+1
  [944b1d66] CodecZlib v0.7.0
  [e66e0078] CompilerSupportLibraries_jll v0.3.4+0
  [adafc99b] CpuId v0.2.2
  [b552c78f] DiffRules v1.0.1
  [ffbed154] DocStringExtensions v0.8.3
  [da5c29d0] EllipsisNotation v1.0.0
  [1a297f60] FillArrays v0.10.0
  [c27321d9] Glob v1.3.0
  [f67ccb44] HDF5 v0.13.6
  [0234f1f7] HDF5_jll v1.10.5+6
  [692b3bcd] JLLWrappers v1.1.3
  [94ce4f54] Libiconv_jll v1.16.0+7
  [9c8b4983] LightXML v0.9.0
  [7a12625a] LinearMaps v2.7.0
  [bdcacae8] LoopVectorization v0.8.26
  [5ced341a] Lz4_jll v1.9.2+2
  [77ba4419] NaNMath v0.3.4
  [6fe1bfb0] OffsetArrays v1.3.1
  [efe28fd5] OpenSpecFun_jll v0.5.3+4
  [92933f4c] ProgressMeter v1.4.0
  [ae029012] Requires v1.1.0
  [21efa798] SIMDPirates v0.8.25
  [476501e8] SLEEFPirates v0.5.5
  [276daf66] SpecialFunctions v0.10.3
  [90137ffa] StaticArrays v0.12.4
  [a759f4b9] TimerOutputs v0.5.6
  [3bb67fe8] TranscodingStreams v0.9.5
  [a7f1ee26] Trixi v0.2.6
  [bc1476a1] Trixi2Vtk v0.2.0
  [bc48ee85] Tullio v0.2.8
  [3a884ed6] UnPack v1.0.2
  [3d5dd08c] VectorizationBase v0.12.33
  [64499a7a] WriteVTK v1.7.4
  [02c8fc9c] XML2_jll v2.9.10+3
  [83775a58] Zlib_jll v1.2.11+18
  [3161d3a3] Zstd_jll v1.4.5+2
  [2a0f44e3] Base64
  [ade2ca70] Dates
  [8ba89e20] Distributed
  [b77e0a4c] InteractiveUtils
  [76f85450] LibGit2
  [8f399da3] Libdl
  [37e2e46d] LinearAlgebra
  [56ddb016] Logging
  [d6f4376e] Markdown
  [a63ad114] Mmap
  [44cfe95a] Pkg
  [de0858da] Printf
  [9abbd945] Profile
  [3fa0cd96] REPL
  [9a3f8284] Random
  [ea8e919c] SHA
  [9e88b42a] Serialization
  [6462fe0b] Sockets
  [2f01184e] SparseArrays
  [10745b16] Statistics
  [8dfed614] Test
  [cf7118a7] UUIDs
  [4ec0a83e] Unicode

████████╗██████╗ ██╗██╗  ██╗██╗
╚══██╔══╝██╔══██╗██║╚██╗██╔╝██║
   ██║   ██████╔╝██║ ╚███╔╝ ██║
   ██║   ██╔══██╗██║ ██╔██╗ ██║
   ██║   ██║  ██║██║██╔╝ ██╗██║
   ╚═╝   ╚═╝  ╚═╝╚═╝╚═╝  ╚═╝╚═╝

Creating mesh... done
Initializing system of equations... done
Initializing solver... done
Applying initial conditions... done

| Simulation setup
| ----------------
| working directory:  /home/pkgeval/.julia/packages/Trixi2Vtk/KwLMI/test
| parameters file:    /home/pkgeval/.julia/packages/Trixi/ZUiY9/examples/2d/parameters.toml
| equations:          LinearScalarAdvectionEquation2D
| | #variables:       1
| | variable names:   scalar
| sources:            none
| restart:            no
| initial conditions: initial_conditions_convergence_test
| t_start:            0.0
| t_end:              1.0
| AMR:                no
| n_steps_max:        1
| time integration:   timestep_carpenter_kennedy_erk54_2N!
| restart interval:   10
| solution interval:  100
| #parallel threads:  2
|
| Solver
| | solver:           dg
| | polydeg:          3
| | CFL:              0.8
| | volume integral:  weak_form
| | volume flux:      flux_central
| | surface flux:     flux_lax_friedrichs
| | #elements:        256
| | #interfaces:      512
| | #boundaries:      0
| | #l2mortars:       0
| | #DOFs:            4096
|
| Mesh
| | #cells:           341
| | #leaf cells:      256
| | minimum level:    4
| | maximum level:    4
| | domain center:    0.0, 0.0
| | domain length:    2.0
| | minimum dx:       0.125
| | maximum dx:       0.125


--------------------------------------------------------------------------------
 Simulation running 'LinearScalarAdvectionEquation2D' with POLYDEG = 3
--------------------------------------------------------------------------------
 #timesteps:                  0                run time:       0.00000000e+00 s
 dt:             0.00000000e+00                Time/DOF/step:  0.00000000e+00 s
 sim. time:      0.00000000e+00

 Variable:       scalar        
 L2 error:       3.94120822e-06
 Linf error:     9.23000394e-06
 ∑∂S/∂U ⋅ Uₜ:    1.41176675e-16
 ∑S:             5.62500000e-01
 ∑e_total:       5.62500000e-01
--------------------------------------------------------------------------------


--------------------------------------------------------------------------------
 Simulation running 'LinearScalarAdvectionEquation2D' with POLYDEG = 3
--------------------------------------------------------------------------------
 #timesteps:                  1                run time:       4.10718820e-02 s
 dt:             2.50000000e-02                Time/DOF/step:  1.00272979e-05 s
 sim. time:      2.50000000e-02

 Variable:       scalar        
 L2 error:       6.33368541e-06
 Linf error:     2.40551897e-05
 ∑∂S/∂U ⋅ Uₜ:   -1.01185934e-09
 ∑S:             5.62499996e-01
 ∑e_total:       5.62499996e-01
--------------------------------------------------------------------------------

--------------------------------------------------------------------------------
Trixi simulation run finished.    Final time: 0.025    Time steps: 1
--------------------------------------------------------------------------------

 ------------------------------------------------------------------------------
            Trixi.jl                   Time                   Allocations      
                               ----------------------   -----------------------
       Tot / % measured:            70.4s / 5.06%           17.2GiB / 0.99%    

 Section               ncalls     time   %tot     avg     alloc   %tot      avg
 ------------------------------------------------------------------------------
 mesh creation              1    2.96s  83.1%   2.96s    155MiB  88.5%   155MiB
   initial refinement       1    1.72s  48.3%   1.72s   60.5MiB  34.6%  60.5MiB
   creation                 1    963ms  27.0%   963ms   77.2MiB  44.2%  77.2MiB
   refinement patches       1   8.10μs  0.00%  8.10μs     80.0B  0.00%    80.0B
   coarsening patches       1   1.72μs  0.00%  1.72μs     80.0B  0.00%    80.0B
 read parameter file        1    505ms  14.2%   505ms   17.3MiB  9.91%  17.3MiB
 main loop                  1   95.1ms  2.67%  95.1ms   2.75MiB  1.57%  2.75MiB
   I/O                      2   50.0ms  1.40%  25.0ms    442KiB  0.25%   221KiB
   Runge-Kutta step         5   40.2ms  1.13%  8.03ms   1.25MiB  0.72%   257KiB
   analyze solution         1   3.96ms  0.11%  3.96ms   0.97MiB  0.55%  0.97MiB
   rhs                      5    879μs  0.02%   176μs   97.7KiB  0.05%  19.5KiB
     volume integral        5    295μs  0.01%  59.1μs   8.36KiB  0.00%  1.67KiB
     interface flux         5    134μs  0.00%  26.7μs   7.81KiB  0.00%  1.56KiB
     prolong2interf...      5    104μs  0.00%  20.8μs   7.66KiB  0.00%  1.53KiB
     boundary flux          5   86.6μs  0.00%  17.3μs   31.9KiB  0.02%  6.38KiB
     surface integral       5   69.9μs  0.00%  14.0μs   8.05KiB  0.00%  1.61KiB
     reset ∂u/∂t            5   59.2μs  0.00%  11.8μs     0.00B  0.00%    0.00B
     Jacobian               5   44.2μs  0.00%  8.83μs   7.66KiB  0.00%  1.53KiB
     mortar flux            5   28.9μs  0.00%  5.79μs   8.13KiB  0.00%  1.63KiB
     prolong2mortars        5   26.3μs  0.00%  5.26μs   7.66KiB  0.00%  1.53KiB
     prolong2bounda...      5   1.94μs  0.00%   388ns     0.00B  0.00%    0.00B
     source terms           5    779ns  0.00%   156ns     0.00B  0.00%    0.00B
   calc_dt                  1   1.93μs  0.00%  1.93μs     0.00B  0.00%    0.00B
 ------------------------------------------------------------------------------
 ──────────────────────────────────────────────────────────────────────────────
                                       Time                   Allocations      
                               ──────────────────────   ───────────────────────
       Tot / % measured:            6.33s / 65.2%            146MiB / 79.5%    

 Section               ncalls     time   %tot     avg     alloc   %tot      avg
 ──────────────────────────────────────────────────────────────────────────────
 read mesh                  1    1.79s  43.4%   1.79s   49.3MiB  42.6%  49.3MiB
 read data                  1    776ms  18.8%   776ms   21.4MiB  18.5%  21.4MiB
 interpolate data           1    773ms  18.7%   773ms   1.21MiB  1.04%  1.21MiB
 add data to VTK file       1    432ms  10.5%   432ms   19.0MiB  16.5%  19.0MiB
   scalar                   1    425ms  10.3%   425ms   18.9MiB  16.4%  18.9MiB
   element_ids              1   6.72ms  0.16%  6.72ms   43.9KiB  0.04%  43.9KiB
   cell_ids                 1    494μs  0.01%   494μs   37.4KiB  0.03%  37.4KiB
   levels                   1   73.9μs  0.00%  73.9μs   37.1KiB  0.03%  37.1KiB
 build VTK grid (no...      1    221ms  5.36%   221ms   16.9MiB  14.6%  16.9MiB
 save VTK file              2    120ms  2.90%  59.9ms   2.02MiB  1.75%  1.01MiB
 prepare VTK cells ...      1   14.1ms  0.34%  14.1ms   5.39MiB  4.65%  5.39MiB
 build VTK grid (ce...      1   1.44ms  0.03%  1.44ms    353KiB  0.30%   353KiB
 prepare VTK cells ...      1    234μs  0.01%   234μs   99.2KiB  0.08%  99.2KiB
 ──────────────────────────────────────────────────────────────────────────────
 ──────────────────────────────────────────────────────────────────────────────
                                       Time                   Allocations      
                               ──────────────────────   ───────────────────────
       Tot / % measured:            1.68s / 80.9%           69.9MiB / 77.3%    

 Section               ncalls     time   %tot     avg     alloc   %tot      avg
 ──────────────────────────────────────────────────────────────────────────────
 interpolate data           1    1.32s  96.5%   1.32s   52.9MiB  97.8%  52.9MiB
 build VTK grid (no...      1   40.6ms  2.98%  40.6ms    395KiB  0.71%   395KiB
 add data to VTK file       1   3.56ms  0.26%  3.56ms    189KiB  0.34%   189KiB
   scalar                   1   2.63ms  0.19%  2.63ms   69.0KiB  0.12%  69.0KiB
   cell_ids                 1    471μs  0.03%   471μs   37.1KiB  0.07%  37.1KiB
   element_ids              1    355μs  0.03%   355μs   42.5KiB  0.08%  42.5KiB
   levels                   1   84.1μs  0.01%  84.1μs   37.1KiB  0.07%  37.1KiB
 build VTK grid (ce...      1   1.97ms  0.14%  1.97ms    353KiB  0.64%   353KiB
 read mesh                  1    976μs  0.07%   976μs   93.1KiB  0.17%  93.1KiB
 read data                  1    522μs  0.04%   522μs   70.3KiB  0.13%  70.3KiB
 prepare VTK cells          1    403μs  0.03%   403μs   99.2KiB  0.18%  99.2KiB
 save VTK file              2    393μs  0.03%   197μs   5.23KiB  0.01%  2.62KiB
 ──────────────────────────────────────────────────────────────────────────────
Test Summary: | Pass  Total
2D            |    7      7
    Testing Trixi2Vtk tests passed 
Finished at 2020-10-25T22:59:01.428
