Current time is 2020-10-25T20:22:37.292
Julia Version 1.5.3-pre.13
Commit 3de1115e9c (2020-10-23 21:58 UTC)
Platform Info:
  OS: Linux (x86_64-linux-gnu)
  CPU: AMD EPYC 7502 32-Core Processor
  WORD_SIZE: 64
  LIBM: libopenlibm
  LLVM: libLLVM-9.0.1 (ORCJIT, znver2)
Environment:
  JULIA_DEPOT_PATH = ::/usr/local/share/julia
  JULIA_NUM_THREADS = 2
  JULIA_MAX_NUM_PRECOMPILE_FILES = 9223372036854775807
  JULIA_PKG_SERVER = 

Starting installation at 2020-10-25T20:22:40.69
  Resolving package versions...
  Installed ReadableRegex ─ v0.3.1
Updating `~/.julia/environments/v1.5/Project.toml`
  [cbbcb084] + ReadableRegex v0.3.1
Updating `~/.julia/environments/v1.5/Manifest.toml`
  [cbbcb084] + ReadableRegex v0.3.1
Starting tests at 2020-10-25T20:22:42.705
    Testing ReadableRegex
Status `/tmp/jl_Sl0tD0/Project.toml`
  [cbbcb084] ReadableRegex v0.3.1
  [8dfed614] Test
Status `/tmp/jl_Sl0tD0/Manifest.toml`
  [cbbcb084] ReadableRegex v0.3.1
  [2a0f44e3] Base64
  [8ba89e20] Distributed
  [b77e0a4c] InteractiveUtils
  [56ddb016] Logging
  [d6f4376e] Markdown
  [9a3f8284] Random
  [9e88b42a] Serialization
  [6462fe0b] Sockets
  [8dfed614] Test
Test Summary:    | Pass  Total
ReadableRegex.jl |    7      7
Test Summary: | Pass  Total
Lookarounds   |    5      5
Test Summary: | Pass  Total
Numbers       |    1      1
Test Summary: | Pass  Total
Range         |    1      1
Test Summary: | Pass  Total
Compile       |    3      3
Test Summary:         | Pass  Total
Capture and Reference |    2      2
Test Summary:      | Pass  Total
Unicode categories |    2      2
Test Summary:    | Pass  Total
multiarg char_in |    5      5
Test Summary:                   | Pass  Total
lazy and possessive quantifiers |   18     18
    Testing ReadableRegex tests passed 
Finished at 2020-10-25T20:22:51.175
