Current time is 2020-10-25T19:20:25.233
Julia Version 1.5.3-pre.13
Commit 3de1115e9c (2020-10-23 21:58 UTC)
Platform Info:
  OS: Linux (x86_64-linux-gnu)
  CPU: AMD EPYC 7502 32-Core Processor
  WORD_SIZE: 64
  LIBM: libopenlibm
  LLVM: libLLVM-9.0.1 (ORCJIT, znver2)
Environment:
  JULIA_DEPOT_PATH = ::/usr/local/share/julia
  JULIA_NUM_THREADS = 2
  JULIA_MAX_NUM_PRECOMPILE_FILES = 9223372036854775807
  JULIA_PKG_SERVER = 

Starting installation at 2020-10-25T19:20:28.536
  Resolving package versions...
  Installed ExprTools ─────── v0.1.3
  Installed MatchCore ─────── v0.1.0
  Installed PackageCompiler ─ v1.2.3
  Installed Comonicon ─────── v0.9.0
Updating `~/.julia/environments/v1.5/Project.toml`
  [863f3e99] + Comonicon v0.9.0
Updating `~/.julia/environments/v1.5/Manifest.toml`
  [863f3e99] + Comonicon v0.9.0
  [e2ba6199] + ExprTools v0.1.3
  [5dd3f0b1] + MatchCore v0.1.0
  [9b87118b] + PackageCompiler v1.2.3
  [2a0f44e3] + Base64
  [8bf52ea8] + CRC32c
  [ade2ca70] + Dates
  [b77e0a4c] + InteractiveUtils
  [76f85450] + LibGit2
  [8f399da3] + Libdl
  [56ddb016] + Logging
  [d6f4376e] + Markdown
  [44cfe95a] + Pkg
  [de0858da] + Printf
  [3fa0cd96] + REPL
  [9a3f8284] + Random
  [ea8e919c] + SHA
  [9e88b42a] + Serialization
  [6462fe0b] + Sockets
  [cf7118a7] + UUIDs
  [4ec0a83e] + Unicode
Starting tests at 2020-10-25T19:20:31.785
    Testing Comonicon
Status `/tmp/jl_ABwY5W/Project.toml`
  [863f3e99] Comonicon v0.9.0
  [9b87118b] PackageCompiler v1.2.3
  [a896ed2c] SimpleMock v1.1.4
  [44cfe95a] Pkg
  [8dfed614] Test
Status `/tmp/jl_ABwY5W/Manifest.toml`
  [7057c7e9] Cassette v0.3.3
  [863f3e99] Comonicon v0.9.0
  [e2ba6199] ExprTools v0.1.3
  [5dd3f0b1] MatchCore v0.1.0
  [9b87118b] PackageCompiler v1.2.3
  [a896ed2c] SimpleMock v1.1.4
  [2a0f44e3] Base64
  [8bf52ea8] CRC32c
  [ade2ca70] Dates
  [8ba89e20] Distributed
  [b77e0a4c] InteractiveUtils
  [76f85450] LibGit2
  [8f399da3] Libdl
  [56ddb016] Logging
  [d6f4376e] Markdown
  [44cfe95a] Pkg
  [de0858da] Printf
  [3fa0cd96] REPL
  [9a3f8284] Random
  [ea8e919c] SHA
  [9e88b42a] Serialization
  [6462fe0b] Sockets
  [8dfed614] Test
  [cf7118a7] UUIDs
  [4ec0a83e] Unicode
Test Summary: | Pass  Total
cache flags   |    2      2
Test Summary:  | Pass  Total
configurations |    9      9
Test Summary: | Pass  Total
codegen       |   18     18
parse: Error During Test at /home/pkgeval/.julia/packages/Comonicon/DOlLr/test/runtests.jl:23
  Got exception outside of a @test
  LoadError: ArgumentError: Package Markdown not found in current path:
  - Run `import Pkg; Pkg.add("Markdown")` to install the Markdown package.
  
  Stacktrace:
   [1] require(::Module, ::Symbol) at ./loading.jl:893
   [2] include(::String) at ./client.jl:457
   [3] top-level scope at /home/pkgeval/.julia/packages/Comonicon/DOlLr/test/runtests.jl:24
   [4] top-level scope at /workspace/srcdir/usr/share/julia/stdlib/v1.5/Test/src/Test.jl:1115
   [5] top-level scope at /home/pkgeval/.julia/packages/Comonicon/DOlLr/test/runtests.jl:24
   [6] include(::String) at ./client.jl:457
   [7] top-level scope at none:6
   [8] eval(::Module, ::Any) at ./boot.jl:331
   [9] exec_options(::Base.JLOptions) at ./client.jl:272
   [10] _start() at ./client.jl:506
  in expression starting at /home/pkgeval/.julia/packages/Comonicon/DOlLr/test/parse.jl:2
  
Test Summary: | Error  Total
parse         |     1      1
ERROR: LoadError: Some tests did not pass: 0 passed, 0 failed, 1 errored, 0 broken.
in expression starting at /home/pkgeval/.julia/packages/Comonicon/DOlLr/test/runtests.jl:23
ERROR: Package Comonicon errored during testing
Stacktrace:
 [1] pkgerror(::String) at /workspace/srcdir/usr/share/julia/stdlib/v1.5/Pkg/src/Types.jl:52
 [2] test(::Pkg.Types.Context, ::Array{Pkg.Types.PackageSpec,1}; coverage::Bool, julia_args::Cmd, test_args::Cmd, test_fn::Nothing) at /workspace/srcdir/usr/share/julia/stdlib/v1.5/Pkg/src/Operations.jl:1578
 [3] test(::Pkg.Types.Context, ::Array{Pkg.Types.PackageSpec,1}; coverage::Bool, test_fn::Nothing, julia_args::Cmd, test_args::Cmd, kwargs::Base.Iterators.Pairs{Union{},Union{},Tuple{},NamedTuple{(),Tuple{}}}) at /workspace/srcdir/usr/share/julia/stdlib/v1.5/Pkg/src/API.jl:327
 [4] test(::Pkg.Types.Context, ::Array{Pkg.Types.PackageSpec,1}) at /workspace/srcdir/usr/share/julia/stdlib/v1.5/Pkg/src/API.jl:314
 [5] #test#61 at /workspace/srcdir/usr/share/julia/stdlib/v1.5/Pkg/src/API.jl:67 [inlined]
 [6] test at /workspace/srcdir/usr/share/julia/stdlib/v1.5/Pkg/src/API.jl:67 [inlined]
 [7] #test#60 at /workspace/srcdir/usr/share/julia/stdlib/v1.5/Pkg/src/API.jl:66 [inlined]
 [8] test at /workspace/srcdir/usr/share/julia/stdlib/v1.5/Pkg/src/API.jl:66 [inlined]
 [9] test(::String; kwargs::Base.Iterators.Pairs{Union{},Union{},Tuple{},NamedTuple{(),Tuple{}}}) at /workspace/srcdir/usr/share/julia/stdlib/v1.5/Pkg/src/API.jl:65
 [10] test(::String) at /workspace/srcdir/usr/share/julia/stdlib/v1.5/Pkg/src/API.jl:65
 [11] top-level scope at none:35
