Julia Version 1.4.0-rc1.21
Commit 113211dee6 (2020-02-06 08:37 UTC)
Platform Info:
  OS: Linux (x86_64-linux-gnu)
  CPU: Intel(R) Xeon(R) Silver 4114 CPU @ 2.20GHz
  WORD_SIZE: 64
  LIBM: libopenlibm
  LLVM: libLLVM-8.0.1 (ORCJIT, skylake)
Environment:
  JULIA_DEPOT_PATH = ::/usr/local/share/julia
  JULIA_NUM_THREADS = 2

  Resolving package versions...
  Installed OrderedCollections ─ v1.1.0
  Installed MacroTools ───────── v0.5.4
  Installed DataStructures ───── v0.17.9
  Installed ResumableFunctions ─ v0.5.1
  Installed SimJulia ─────────── v0.8.0
   Updating `~/.julia/environments/v1.4/Project.toml`
  [428bdadb] + SimJulia v0.8.0
   Updating `~/.julia/environments/v1.4/Manifest.toml`
  [864edb3b] + DataStructures v0.17.9
  [1914dd2f] + MacroTools v0.5.4
  [bac558e1] + OrderedCollections v1.1.0
  [c5292f4c] + ResumableFunctions v0.5.1
  [428bdadb] + SimJulia v0.8.0
  [2a0f44e3] + Base64 
  [ade2ca70] + Dates 
  [8ba89e20] + Distributed 
  [b77e0a4c] + InteractiveUtils 
  [56ddb016] + Logging 
  [d6f4376e] + Markdown 
  [de0858da] + Printf 
  [9a3f8284] + Random 
  [9e88b42a] + Serialization 
  [6462fe0b] + Sockets 
  [8dfed614] + Test 
  [4ec0a83e] + Unicode 
    Testing SimJulia
Status `/tmp/jl_EQb57Z/Manifest.toml`
  [864edb3b] DataStructures v0.17.9
  [1914dd2f] MacroTools v0.5.4
  [bac558e1] OrderedCollections v1.1.0
  [c5292f4c] ResumableFunctions v0.5.1
  [428bdadb] SimJulia v0.8.0
  [2a0f44e3] Base64 
  [ade2ca70] Dates 
  [8ba89e20] Distributed 
  [b77e0a4c] InteractiveUtils 
  [56ddb016] Logging 
  [d6f4376e] Markdown 
  [de0858da] Printf 
  [9a3f8284] Random 
  [9e88b42a] Serialization 
  [6462fe0b] Sockets 
  [8dfed614] Test 
  [4ec0a83e] Unicode 
Event
idle
nothing
scheduled
Hi
I am a callback function running in Simulation
SimJulia.EventProcessed(Event 1) has been thrown!
processed
Hi
SimJulia.EventNotIdle(Event 2) has been thrown!
Hi Event 1 has value Succes
Hi Event 2 has value TestException()
Hi SimJulia.Timeout 3 timed out at 1.0
One of both events is triggered: Dict{AbstractEvent,SimJulia.StateValue}(Event 2 => SimJulia.StateValue(SimJulia.idle, nothing),SimJulia.Timeout 1 => SimJulia.StateValue(SimJulia.processed, nothing))
Both events are triggered: Dict{AbstractEvent,SimJulia.StateValue}(Event 2 => SimJulia.StateValue(SimJulia.processed, nothing),SimJulia.Timeout 1 => SimJulia.StateValue(SimJulia.processed, nothing))
One of both events is triggered: TestException()
Both events are triggered: TestException()
One of both events is triggered: TestException()
One of both events is triggered: Dict{AbstractEvent,SimJulia.StateValue}(SimJulia.Timeout 2 => SimJulia.StateValue(SimJulia.processed, nothing),SimJulia.Timeout 1 => SimJulia.StateValue(SimJulia.processed, nothing))
Hi I timed out at 1.0
SimJulia.EmptySchedule() has been thrown!
Hi I timed out at 4.0
2.0
TestException() has been thrown after 0.0!
Simulation time: 0.0 active_process: nothing
0
1
1
2
3
5
8
13
21
34
TestException() has been thrown
TestException() has been thrown
Process 1 interrupted
TestException() has been thrown
Container{Int64}
0.0, client 1 is waiting
0.0, client 1 is being served
0.46550870498184516, client 2 is waiting
0.5221959048886138, client 3 is waiting
0.8469460984939484, client 4 is waiting
0.8854105061813624, client 1 has been served
0.8854105061813624, client 4 is being served
0.9763583408364056, client 5 is waiting
1.380576201078036, client 6 is waiting
1.679399318263907, client 7 is waiting
1.8294063428737648, client 4 has been served
1.8294063428737648, client 7 is being served
1.8307809978503864, client 8 is waiting
1.9434668290936687, client 9 is waiting
2.1320770425653324, client 10 is waiting
2.147098062818369, client 7 has been served
2.147098062818369, client 10 is being served
2.8773414014207246, client 10 has been served
2.8773414014207246, client 9 is being served
2.9920037632332157, client 9 has been served
2.9920037632332157, client 8 is being served
3.0760791751330934, client 8 has been served
3.0760791751330934, client 6 is being served
3.251552031564831, client 6 has been served
3.251552031564831, client 5 is being served
4.120703205820346, client 5 has been served
4.120703205820346, client 3 is being served
4.344643733210088, client 3 has been served
4.344643733210088, client 2 is being served
4.877839105778401, client 2 has been served
0.0, consumer is demanding 1.1877789636020128
0.0, producer is offering 0.8673768340982084
0.33954557271677843, consumer is being served, level is 3.812221036397987
0.4777476129920606, producer is being served, level is 4.679597870496195
2.029688668184135, producer is offering 1.0753514658823966
2.25256574755622, consumer is demanding 0.5168322806661059
3.0152138056967743, producer is being served, level is 5.754949336378592
3.2028781690458796, consumer is being served, level is 5.238117055712486
3.2716185430805815, producer is offering 1.0131166571541534
4.186745901719531, producer is being served, level is 6.2512337128666395
5.513010043435639, producer is offering 0.9729858567787519
5.7474188086266835, producer is being served, level is 7.224219569645392
7.035470078161715, producer is offering 0.5661422449218816
7.272980456860751, producer is being served, level is 7.790361814567273
7.555640431328252, consumer is demanding 0.4326968927923531
8.262730523914161, consumer is being served, level is 7.35766492177492
10.330055475301254, consumer is demanding 0.5217300510991296
11.106888236752521, producer is offering 1.3305390936149157
11.169102218678672, consumer is being served, level is 6.835934870675791
11.220595637771593, producer is being served, level is 8.166473964290706
15.062894291493214, consumer is demanding 1.2099595260497387
15.828213193240101, producer is offering 0.4105648898901011
16.018259713542058, consumer is being served, level is 6.956514438240967
16.498606550241597, producer is being served, level is 7.3670793281310685
18.611329605333967, consumer is demanding 1.5507822064914558
19.269200223165786, consumer is being served, level is 5.816297121639613
21.168176069938042, producer is offering 1.1241770837521812
21.941104672673244, producer is being served, level is 6.940474205391794
22.77692067320807, producer is offering 0.9346747912393205
23.261968352997727, producer is being served, level is 7.875148996631115
24.03397072933693, consumer is demanding 0.7018750926571351
24.869403002063343, consumer is being served, level is 7.17327390397398
25.50045583379769, consumer is demanding 0.15595391193578445
26.05793778476768, producer is offering 1.328147891344099
26.252449163196186, consumer is being served, level is 7.017319992038196
26.958046339901053, producer is being served, level is 8.345467883382295
31.083837296167694, consumer is demanding 0.9543955571538032
31.427518153691945, consumer is being served, level is 7.391072326228492
34.46263078412967, consumer is demanding 2.4310073887593484
34.84144398692383, consumer is being served, level is 4.960064937469143
0.0, producer is offering object 1
0.0, producer is being served
0.3118330981774047, consumer is demanding object
0.3118330981774047, consumer is being served with object 1
0.45385859799997097, consumer is demanding object
1.0030945050027182, producer is offering object 2
1.0030945050027182, producer is being served
1.0030945050027182, consumer is being served with object 2
1.9896734015855535, consumer is demanding object
2.768888777988006, producer is offering object 3
2.768888777988006, producer is being served
2.768888777988006, consumer is being served with object 3
3.531510413142194, consumer is demanding object
4.222156237373973, producer is offering object 4
4.222156237373973, producer is being served
4.222156237373973, consumer is being served with object 4
4.736316945915313, consumer is demanding object
5.306353448405632, producer is offering object 5
5.306353448405632, producer is being served
5.306353448405632, consumer is being served with object 5
5.675710695470529, producer is offering object 6
5.675710695470529, producer is being served
6.287943506485473, consumer is demanding object
6.287943506485473, consumer is being served with object 6
6.927187221616036, consumer is demanding object
7.163831514248081, producer is offering object 7
7.163831514248081, producer is being served
7.163831514248081, consumer is being served with object 7
7.319749053473398, consumer is demanding object
8.344242048003744, producer is offering object 8
8.344242048003744, producer is being served
8.344242048003744, consumer is being served with object 8
8.360676359254708, consumer is demanding object
9.877448601399085, producer is offering object 9
9.877448601399085, producer is being served
9.877448601399085, consumer is being served with object 9
10.1015847741771, consumer is demanding object
10.784071381225452, producer is offering object 10
10.784071381225452, producer is being served
10.784071381225452, consumer is being served with object 10
2020-02-06T09:55:41.669
2020-02-08T09:55:41.669
2020-05-06T09:55:41.669
    Testing SimJulia tests passed 
