Julia Version 1.3.2-pre.0
Commit 2e6715c045 (2019-12-31 00:49 UTC)
Platform Info:
  OS: Linux (x86_64-linux-gnu)
  CPU: Intel(R) Xeon(R) Silver 4114 CPU @ 2.20GHz
  WORD_SIZE: 64
  LIBM: libopenlibm
  LLVM: libLLVM-6.0.1 (ORCJIT, skylake)
Environment:
  JULIA_DEPOT_PATH = ::/usr/local/share/julia

 Resolving package versions...
 Installed Requires ────────────── v0.5.2
 Installed CodeTools ───────────── v0.6.5
 Installed FunctionalCollections ─ v0.5.0
 Installed CSTParser ───────────── v0.6.2
 Installed MacroTools ──────────── v0.5.3
 Installed Atom ────────────────── v0.11.3
 Installed JuliaFormatter ──────── v0.1.19
 Installed HTTP ────────────────── v0.8.8
 Installed Hiccup ──────────────── v0.2.2
 Installed Pidfile ─────────────── v1.1.0
 Installed TreeViews ───────────── v0.3.0
 Installed Compat ──────────────── v2.2.0
 Installed WebSockets ──────────── v1.5.2
 Installed ColorTypes ──────────── v0.9.0
 Installed Juno ────────────────── v0.7.2
 Installed DocSeeker ───────────── v0.3.1
 Installed IniFile ─────────────── v0.5.0
 Installed Parsers ─────────────── v0.3.10
 Installed BinaryProvider ──────── v0.5.8
 Installed Cassette ────────────── v0.3.0
 Installed Distances ───────────── v0.8.2
 Installed StringDistances ─────── v0.4.0
 Installed DataStructures ──────── v0.17.6
 Installed Lazy ────────────────── v0.14.0
 Installed JSON ────────────────── v0.21.0
 Installed AssetRegistry ───────── v0.1.0
 Installed CodeTracking ────────── v0.5.8
 Installed FixedPointNumbers ───── v0.7.0
 Installed URIParser ───────────── v0.4.0
 Installed Widgets ─────────────── v0.6.2
 Installed Traceur ─────────────── v0.3.0
 Installed Colors ──────────────── v0.11.1
 Installed Media ───────────────── v0.5.0
 Installed Reexport ────────────── v0.2.0
 Installed Observables ─────────── v0.2.3
 Installed Tokenize ────────────── v0.5.7
 Installed OrderedCollections ──── v1.1.0
 Installed WebIO ───────────────── v0.8.13
 Installed JuliaInterpreter ────── v0.7.7
 Installed MbedTLS ─────────────── v0.7.0
 Installed LNR ─────────────────── v0.2.0
  Updating `~/.julia/environments/v1.3/Project.toml`
  [c52e3926] + Atom v0.11.3
  Updating `~/.julia/environments/v1.3/Manifest.toml`
  [bf4720bc] + AssetRegistry v0.1.0
  [c52e3926] + Atom v0.11.3
  [b99e7846] + BinaryProvider v0.5.8
  [00ebfdb7] + CSTParser v0.6.2
  [7057c7e9] + Cassette v0.3.0
  [53a63b46] + CodeTools v0.6.5
  [da1fd8a2] + CodeTracking v0.5.8
  [3da002f7] + ColorTypes v0.9.0
  [5ae59095] + Colors v0.11.1
  [34da2185] + Compat v2.2.0
  [864edb3b] + DataStructures v0.17.6
  [b4f34e82] + Distances v0.8.2
  [33d173f1] + DocSeeker v0.3.1
  [53c48c17] + FixedPointNumbers v0.7.0
  [de31a74c] + FunctionalCollections v0.5.0
  [cd3eb016] + HTTP v0.8.8
  [9fb69e20] + Hiccup v0.2.2
  [83e8ac13] + IniFile v0.5.0
  [682c06a0] + JSON v0.21.0
  [98e50ef6] + JuliaFormatter v0.1.19
  [aa1ae85d] + JuliaInterpreter v0.7.7
  [e5e0dc1b] + Juno v0.7.2
  [7c4cb9fa] + LNR v0.2.0
  [50d2b5c4] + Lazy v0.14.0
  [1914dd2f] + MacroTools v0.5.3
  [739be429] + MbedTLS v0.7.0
  [e89f7d12] + Media v0.5.0
  [510215fc] + Observables v0.2.3
  [bac558e1] + OrderedCollections v1.1.0
  [69de0a69] + Parsers v0.3.10
  [fa939f87] + Pidfile v1.1.0
  [189a3867] + Reexport v0.2.0
  [ae029012] + Requires v0.5.2
  [88034a9c] + StringDistances v0.4.0
  [0796e94c] + Tokenize v0.5.7
  [37b6cedf] + Traceur v0.3.0
  [a2a6695c] + TreeViews v0.3.0
  [30578b45] + URIParser v0.4.0
  [0f1e0344] + WebIO v0.8.13
  [104b5d7c] + WebSockets v1.5.2
  [cc8bc4a8] + Widgets v0.6.2
  [2a0f44e3] + Base64 
  [ade2ca70] + Dates 
  [8bb1440f] + DelimitedFiles 
  [8ba89e20] + Distributed 
  [7b1f6079] + FileWatching 
  [b77e0a4c] + InteractiveUtils 
  [76f85450] + LibGit2 
  [8f399da3] + Libdl 
  [37e2e46d] + LinearAlgebra 
  [56ddb016] + Logging 
  [d6f4376e] + Markdown 
  [a63ad114] + Mmap 
  [44cfe95a] + Pkg 
  [de0858da] + Printf 
  [9abbd945] + Profile 
  [3fa0cd96] + REPL 
  [9a3f8284] + Random 
  [ea8e919c] + SHA 
  [9e88b42a] + Serialization 
  [1a1011a3] + SharedArrays 
  [6462fe0b] + Sockets 
  [2f01184e] + SparseArrays 
  [10745b16] + Statistics 
  [8dfed614] + Test 
  [cf7118a7] + UUIDs 
  [4ec0a83e] + Unicode 
  Building MbedTLS → `~/.julia/packages/MbedTLS/a1JFn/deps/build.log`
  Building WebIO ──→ `~/.julia/packages/WebIO/2nnB1/deps/build.log`
   Testing Atom
 Resolving package versions...
 Installed Example ─ v0.5.3
    Status `/tmp/jl_YWTq4D/Manifest.toml`
  [bf4720bc] AssetRegistry v0.1.0
  [c52e3926] Atom v0.11.3
  [b99e7846] BinaryProvider v0.5.8
  [00ebfdb7] CSTParser v0.6.2
  [7057c7e9] Cassette v0.3.0
  [53a63b46] CodeTools v0.6.5
  [da1fd8a2] CodeTracking v0.5.8
  [3da002f7] ColorTypes v0.9.0
  [5ae59095] Colors v0.11.1
  [34da2185] Compat v2.2.0
  [864edb3b] DataStructures v0.17.6
  [b4f34e82] Distances v0.8.2
  [33d173f1] DocSeeker v0.3.1
  [7876af07] Example v0.5.3
  [53c48c17] FixedPointNumbers v0.7.0
  [de31a74c] FunctionalCollections v0.5.0
  [cd3eb016] HTTP v0.8.8
  [9fb69e20] Hiccup v0.2.2
  [83e8ac13] IniFile v0.5.0
  [682c06a0] JSON v0.21.0
  [98e50ef6] JuliaFormatter v0.1.19
  [aa1ae85d] JuliaInterpreter v0.7.7
  [e5e0dc1b] Juno v0.7.2
  [7c4cb9fa] LNR v0.2.0
  [50d2b5c4] Lazy v0.14.0
  [1914dd2f] MacroTools v0.5.3
  [739be429] MbedTLS v0.7.0
  [e89f7d12] Media v0.5.0
  [510215fc] Observables v0.2.3
  [bac558e1] OrderedCollections v1.1.0
  [69de0a69] Parsers v0.3.10
  [fa939f87] Pidfile v1.1.0
  [189a3867] Reexport v0.2.0
  [ae029012] Requires v0.5.2
  [88034a9c] StringDistances v0.4.0
  [0796e94c] Tokenize v0.5.7
  [37b6cedf] Traceur v0.3.0
  [a2a6695c] TreeViews v0.3.0
  [30578b45] URIParser v0.4.0
  [0f1e0344] WebIO v0.8.13
  [104b5d7c] WebSockets v1.5.2
  [cc8bc4a8] Widgets v0.6.2
  [2a0f44e3] Base64  [`@stdlib/Base64`]
  [ade2ca70] Dates  [`@stdlib/Dates`]
  [8bb1440f] DelimitedFiles  [`@stdlib/DelimitedFiles`]
  [8ba89e20] Distributed  [`@stdlib/Distributed`]
  [7b1f6079] FileWatching  [`@stdlib/FileWatching`]
  [b77e0a4c] InteractiveUtils  [`@stdlib/InteractiveUtils`]
  [76f85450] LibGit2  [`@stdlib/LibGit2`]
  [8f399da3] Libdl  [`@stdlib/Libdl`]
  [37e2e46d] LinearAlgebra  [`@stdlib/LinearAlgebra`]
  [56ddb016] Logging  [`@stdlib/Logging`]
  [d6f4376e] Markdown  [`@stdlib/Markdown`]
  [a63ad114] Mmap  [`@stdlib/Mmap`]
  [44cfe95a] Pkg  [`@stdlib/Pkg`]
  [de0858da] Printf  [`@stdlib/Printf`]
  [9abbd945] Profile  [`@stdlib/Profile`]
  [3fa0cd96] REPL  [`@stdlib/REPL`]
  [9a3f8284] Random  [`@stdlib/Random`]
  [ea8e919c] SHA  [`@stdlib/SHA`]
  [9e88b42a] Serialization  [`@stdlib/Serialization`]
  [1a1011a3] SharedArrays  [`@stdlib/SharedArrays`]
  [6462fe0b] Sockets  [`@stdlib/Sockets`]
  [2f01184e] SparseArrays  [`@stdlib/SparseArrays`]
  [10745b16] Statistics  [`@stdlib/Statistics`]
  [8dfed614] Test  [`@stdlib/Test`]
  [cf7118a7] UUIDs  [`@stdlib/UUIDs`]
  [4ec0a83e] Unicode  [`@stdlib/Unicode`]
Test Summary:          | Pass  Total
basic message handling |    6      6
Test Summary:  | Pass  Total
path utilities |   21     21
Test Summary:     | Pass  Total
REPL path finding |    4      4
Test Summary:        | Pass  Total
finding dev packages |    1      1
Test Summary: | Pass  Total
get utilities |    4      4
Test Summary:              | Pass  Total
limiting excessive strings |    8      8
Test Summary: | Pass  Total
toggle docs   |    3      3
Test Summary:  | Pass  Total
local bindings |   68     68
Test Summary: | Pass  Total
outline       |   32     32
Test Summary: | Pass  Total
completions   |   26     26
Test Summary:     | Pass  Total
local completions |    4      4
┌ Info: Start regenerating symbols cache
└   progress = 0
┌ Info: Symbols: CodeTracking (1 / 63)
└   progress = 0.015873015873015872
┌ Info: Symbols: Unicode (2 / 63)
└   progress = 0.031746031746031744
┌ Info: Symbols: JuliaInterpreter (3 / 63)
└   progress = 0.047619047619047616
┌ Info: Symbols: LNR (4 / 63)
└   progress = 0.06349206349206349
┌ Info: Symbols: Distances (5 / 63)
└   progress = 0.07936507936507936
┌ Info: Symbols: OrderedCollections (6 / 63)
└   progress = 0.09523809523809523
┌ Info: Symbols: Random (7 / 63)
└   progress = 0.1111111111111111
┌ Info: Symbols: UUIDs (8 / 63)
└   progress = 0.12698412698412698
┌ Info: Symbols: Logging (9 / 63)
└   progress = 0.14285714285714285
┌ Info: Symbols: Hiccup (11 / 63)
└   progress = 0.1746031746031746
┌ Info: Symbols: Test (12 / 63)
└   progress = 0.19047619047619047
┌ Info: Symbols: Base64 (13 / 63)
└   progress = 0.20634920634920634
┌ Info: Symbols: LibGit2 (14 / 63)
└   progress = 0.2222222222222222
┌ Info: Symbols: Printf (15 / 63)
└   progress = 0.23809523809523808
┌ Info: Symbols: CSTParser (16 / 63)
└   progress = 0.25396825396825395
┌ Info: Symbols: Libdl (17 / 63)
└   progress = 0.2698412698412698
┌ Info: Symbols: URIParser (18 / 63)
└   progress = 0.2857142857142857
┌ Info: Symbols: DelimitedFiles (19 / 63)
└   progress = 0.30158730158730157
┌ Info: Symbols: Base (20 / 63)
└   progress = 0.31746031746031744
┌ Info: Symbols: REPL (21 / 63)
└   progress = 0.3333333333333333
┌ Info: Symbols: Traceur (22 / 63)
└   progress = 0.3492063492063492
┌ Info: Symbols: JSON (23 / 63)
└   progress = 0.36507936507936506
┌ Info: Symbols: Markdown (24 / 63)
└   progress = 0.38095238095238093
┌ Info: Symbols: Sockets (25 / 63)
└   progress = 0.3968253968253968
┌ Info: Symbols: MacroTools (26 / 63)
└   progress = 0.4126984126984127
┌ Info: Symbols: InteractiveUtils (27 / 63)
└   progress = 0.42857142857142855
┌ Info: Symbols: CRC32c (28 / 63)
└   progress = 0.4444444444444444
┌ Info: Symbols: Tokenize (29 / 63)
└   progress = 0.4603174603174603
┌ Info: Symbols: CodeTools (30 / 63)
└   progress = 0.47619047619047616
┌ Info: Symbols: DocSeeker (31 / 63)
└   progress = 0.49206349206349204
┌ Info: Symbols: TreeViews (32 / 63)
└   progress = 0.5079365079365079
┌ Info: Symbols: SharedArrays (33 / 63)
└   progress = 0.5238095238095238
┌ Info: Symbols: Mmap (34 / 63)
└   progress = 0.5396825396825397
┌ Info: Symbols: Core (35 / 63)
└   progress = 0.5555555555555556
┌ Info: Symbols: Statistics (36 / 63)
└   progress = 0.5714285714285714
┌ Info: Symbols: Compat (37 / 63)
└   progress = 0.5873015873015873
┌ Error: MethodError(Tokenize.Tokens.RawToken, (Tokenize.Tokens.STAR, (733, 16), (733, 17), 24836, 24836, Tokenize.Tokens.NO_ERR, false), 0x00000000000068db)
└ @ Atom ~/.julia/packages/Atom/lBERI/src/goto.jl:295
┌ Info: Symbols: Lazy (38 / 63)
└   progress = 0.6031746031746031
┌ Info: Symbols: Cassette (39 / 63)
└   progress = 0.6190476190476191
┌ Info: Symbols: Juno (40 / 63)
└   progress = 0.6349206349206349
┌ Info: Symbols: Parsers (41 / 63)
└   progress = 0.6507936507936508
┌ Info: Symbols: SparseArrays (42 / 63)
└   progress = 0.6666666666666666
┌ Info: Symbols: LinearAlgebra (43 / 63)
└   progress = 0.6825396825396826
┌ Info: Symbols: Media (44 / 63)
└   progress = 0.6984126984126984
┌ Info: Symbols: Future (45 / 63)
└   progress = 0.7142857142857143
┌ Info: Symbols: DataStructures (46 / 63)
└   progress = 0.7301587301587301
┌ Info: Symbols: StringDistances (47 / 63)
└   progress = 0.746031746031746
┌ Info: Symbols: Atom (48 / 63)
└   progress = 0.7619047619047619
┌ Info: Symbols: FileWatching (49 / 63)
└   progress = 0.7777777777777778
┌ Info: Symbols: Dates (50 / 63)
└   progress = 0.7936507936507936
┌ Info: Symbols: Requires (51 / 63)
└   progress = 0.8095238095238095
┌ Info: Symbols: SuiteSparse (52 / 63)
└   progress = 0.8253968253968254
┌ Info: Symbols: Main (53 / 63)
└   progress = 0.8412698412698413
┌ Info: Symbols: JuliaFormatter (54 / 63)
└   progress = 0.8571428571428571
┌ Info: Symbols: Profile (55 / 63)
└   progress = 0.873015873015873
┌ Info: Symbols: Serialization (56 / 63)
└   progress = 0.8888888888888888
┌ Info: Symbols: Pkg (57 / 63)
└   progress = 0.9047619047619048
┌ Info: Symbols: Distributed (58 / 63)
└   progress = 0.9206349206349206
┌ Info: Symbols: SHA (59 / 63)
└   progress = 0.9365079365079365
┌ Info: Symbols: HTTP (60 / 63)
└   progress = 0.9523809523809523
┌ Error: MethodError(Tokenize.Tokens.RawToken, (Tokenize.Tokens.EQEQ, (7, 12), (7, 14), 118, 119, Tokenize.Tokens.NO_ERR, false), 0x00000000000068db)
└ @ Atom ~/.julia/packages/Atom/lBERI/src/goto.jl:309
┌ Info: Symbols: Example (61 / 63)
└   progress = 0.9682539682539683
┌ Info: Symbols: WebSockets (62 / 63)
└   progress = 0.9841269841269841
┌ Info: Symbols: WebIO (63 / 63)
└   progress = 1.0
┌ Info: Finish symbols cache generation
└   progress = 1
Test Summary: | Pass  Total
goto symbols  |   60     60
Test Summary: | Pass  Total
datatip       |   17     17
Test Summary: | Pass  Total
workspace     |   20     20
Test Summary: | Pass  Total
Display       |    8      8
   Testing Atom tests passed 
