Julia Version 1.4.0
Commit b8e9a9ecc6 (2020-03-21 16:36 UTC)
Platform Info:
  OS: Linux (x86_64-linux-gnu)
  CPU: Intel(R) Xeon(R) Silver 4114 CPU @ 2.20GHz
  WORD_SIZE: 64
  LIBM: libopenlibm
  LLVM: libLLVM-8.0.1 (ORCJIT, skylake)
Environment:
  JULIA_DEPOT_PATH = ::/usr/local/share/julia
  JULIA_NUM_THREADS = 2

  Resolving package versions...
  Installed DataValueInterfaces ───────── v1.0.0
  Installed PooledArrays ──────────────── v0.5.3
  Installed SortingAlgorithms ─────────── v0.3.1
  Installed WeakRefStrings ────────────── v0.6.2
  Installed Compat ────────────────────── v3.8.0
  Installed SpineBasedRecordLinkage ───── v0.3.4
  Installed CategoricalArrays ─────────── v0.7.7
  Installed Tables ────────────────────── v1.0.3
  Installed InvertedIndices ───────────── v1.0.0
  Installed DataAPI ───────────────────── v1.1.0
  Installed Missings ──────────────────── v0.4.3
  Installed Schemata ──────────────────── v2.0.6
  Installed Reexport ──────────────────── v0.2.0
  Installed OrderedCollections ────────── v1.1.0
  Installed FilePathsBase ─────────────── v0.7.0
  Installed JSON ──────────────────────── v0.21.0
  Installed CSV ───────────────────────── v0.5.26
  Installed DataStructures ────────────── v0.17.11
  Installed Distances ─────────────────── v0.8.2
  Installed IteratorInterfaceExtensions ─ v1.0.0
  Installed TableTraits ───────────────── v1.0.0
  Installed Parsers ───────────────────── v0.3.12
  Installed DataFrames ────────────────── v0.20.2
  Installed YAML ──────────────────────── v0.4.0
  Installed StringDistances ───────────── v0.6.3
   Updating `~/.julia/environments/v1.4/Project.toml`
  [c1ccfb80] + SpineBasedRecordLinkage v0.3.4
   Updating `~/.julia/environments/v1.4/Manifest.toml`
  [336ed68f] + CSV v0.5.26
  [324d7699] + CategoricalArrays v0.7.7
  [34da2185] + Compat v3.8.0
  [9a962f9c] + DataAPI v1.1.0
  [a93c6f00] + DataFrames v0.20.2
  [864edb3b] + DataStructures v0.17.11
  [e2d170a0] + DataValueInterfaces v1.0.0
  [b4f34e82] + Distances v0.8.2
  [48062228] + FilePathsBase v0.7.0
  [41ab1584] + InvertedIndices v1.0.0
  [82899510] + IteratorInterfaceExtensions v1.0.0
  [682c06a0] + JSON v0.21.0
  [e1d29d7a] + Missings v0.4.3
  [bac558e1] + OrderedCollections v1.1.0
  [69de0a69] + Parsers v0.3.12
  [2dfb63ee] + PooledArrays v0.5.3
  [189a3867] + Reexport v0.2.0
  [b4d66a32] + Schemata v2.0.6
  [a2af1166] + SortingAlgorithms v0.3.1
  [c1ccfb80] + SpineBasedRecordLinkage v0.3.4
  [88034a9c] + StringDistances v0.6.3
  [3783bdb8] + TableTraits v1.0.0
  [bd369af6] + Tables v1.0.3
  [ea10d353] + WeakRefStrings v0.6.2
  [ddb6d928] + YAML v0.4.0
  [2a0f44e3] + Base64 
  [ade2ca70] + Dates 
  [8bb1440f] + DelimitedFiles 
  [8ba89e20] + Distributed 
  [9fa8497b] + Future 
  [b77e0a4c] + InteractiveUtils 
  [76f85450] + LibGit2 
  [8f399da3] + Libdl 
  [37e2e46d] + LinearAlgebra 
  [56ddb016] + Logging 
  [d6f4376e] + Markdown 
  [a63ad114] + Mmap 
  [44cfe95a] + Pkg 
  [de0858da] + Printf 
  [3fa0cd96] + REPL 
  [9a3f8284] + Random 
  [ea8e919c] + SHA 
  [9e88b42a] + Serialization 
  [1a1011a3] + SharedArrays 
  [6462fe0b] + Sockets 
  [2f01184e] + SparseArrays 
  [10745b16] + Statistics 
  [8dfed614] + Test 
  [cf7118a7] + UUIDs 
  [4ec0a83e] + Unicode 
    Testing SpineBasedRecordLinkage
Status `/tmp/jl_RFGLSL/Manifest.toml`
  [336ed68f] CSV v0.5.26
  [324d7699] CategoricalArrays v0.7.7
  [34da2185] Compat v3.8.0
  [9a962f9c] DataAPI v1.1.0
  [a93c6f00] DataFrames v0.20.2
  [864edb3b] DataStructures v0.17.11
  [e2d170a0] DataValueInterfaces v1.0.0
  [b4f34e82] Distances v0.8.2
  [48062228] FilePathsBase v0.7.0
  [41ab1584] InvertedIndices v1.0.0
  [82899510] IteratorInterfaceExtensions v1.0.0
  [682c06a0] JSON v0.21.0
  [e1d29d7a] Missings v0.4.3
  [bac558e1] OrderedCollections v1.1.0
  [69de0a69] Parsers v0.3.12
  [2dfb63ee] PooledArrays v0.5.3
  [189a3867] Reexport v0.2.0
  [b4d66a32] Schemata v2.0.6
  [a2af1166] SortingAlgorithms v0.3.1
  [c1ccfb80] SpineBasedRecordLinkage v0.3.4
  [88034a9c] StringDistances v0.6.3
  [3783bdb8] TableTraits v1.0.0
  [bd369af6] Tables v1.0.3
  [ea10d353] WeakRefStrings v0.6.2
  [ddb6d928] YAML v0.4.0
  [2a0f44e3] Base64 
  [ade2ca70] Dates 
  [8bb1440f] DelimitedFiles 
  [8ba89e20] Distributed 
  [9fa8497b] Future 
  [b77e0a4c] InteractiveUtils 
  [76f85450] LibGit2 
  [8f399da3] Libdl 
  [37e2e46d] LinearAlgebra 
  [56ddb016] Logging 
  [d6f4376e] Markdown 
  [a63ad114] Mmap 
  [44cfe95a] Pkg 
  [de0858da] Printf 
  [3fa0cd96] REPL 
  [9a3f8284] Random 
  [ea8e919c] SHA 
  [9e88b42a] Serialization 
  [1a1011a3] SharedArrays 
  [6462fe0b] Sockets 
  [2f01184e] SparseArrays 
  [10745b16] Statistics 
  [8dfed614] Test 
  [cf7118a7] UUIDs 
  [4ec0a83e] Unicode 

TEST SET 1
Construct spine from influenza cases
[ Info: 2020-04-11T02:39:31.343 Configuring linkage
[ Info: 2020-04-11T02:39:43.387 Initialising output directory: output/linkage-influenza-cases-spine-2020.04.11T02.39.40
[ Info: 2020-04-11T02:39:48.353 Initialising spine
[ Info: 2020-04-11T02:39:49.38 Starting linkage for table influenza_cases
[ Info: 2020-04-11T02:39:56.342 Exported 8 rows of influenza_cases
[ Info: 2020-04-11T02:39:56.811 Exported 8 links between influenza_cases and the spine
[ Info: 2020-04-11T02:39:56.811 Writing spine to the output directory (4 rows)
[ Info: 2020-04-11T02:39:57.06 Finished linkage
Link influenza cases to events
[ Info: 2020-04-11T02:40:14.742 Configuring linkage
[ Info: 2020-04-11T02:40:14.836 Initialising output directory: output/linkage-influenza-cases-link-2020.04.11T02.40.15
[ Info: 2020-04-11T02:40:14.838 Importing spine
[ Info: 2020-04-11T02:40:16.391 Starting linkage for table emergency_presentations
[ Info: 2020-04-11T02:40:18.4 Exported 5 rows of emergency_presentations
[ Info: 2020-04-11T02:40:18.4 Exported 3 links between emergency_presentations and the spine
[ Info: 2020-04-11T02:40:18.4 Starting linkage for table hospital_admissions
[ Info: 2020-04-11T02:40:19.089 Exported 5 rows of hospital_admissions
[ Info: 2020-04-11T02:40:19.089 Exported 3 links between hospital_admissions and the spine
[ Info: 2020-04-11T02:40:19.09 Starting linkage for table influenza_cases
[ Info: 2020-04-11T02:40:19.973 Exported 8 rows of influenza_cases
[ Info: 2020-04-11T02:40:19.973 Exported 8 links between influenza_cases and the spine
[ Info: 2020-04-11T02:40:19.974 Writing spine to the output directory (4 rows)
[ Info: 2020-04-11T02:40:20.215 Finished linkage
Reporting
[ Info: 2020-04-11T02:40:26.529 Starting summary of linkage run.
[ Info: 2020-04-11T02:40:28.161 Reporting results for table emergency_presentations
[ Info: 2020-04-11T02:40:28.186 Reporting results for table hospital_admissions
[ Info: 2020-04-11T02:40:28.187 Reporting results for table influenza_cases
[ Info: 2020-04-11T02:40:28.188 Reporting results for table spine
[ Info: 2020-04-11T02:40:28.734 Finished summary of linkage run.

TEST SET 2
Link all health service events
[ Info: 2020-04-11T02:40:31.172 Configuring linkage
[ Info: 2020-04-11T02:40:31.191 Initialising output directory: output/linkage-health-service-usage-2020.04.11T02.40.31
[ Info: 2020-04-11T02:40:31.193 Initialising spine
[ Info: 2020-04-11T02:40:31.216 Starting linkage for table hospital_admissions
[ Info: 2020-04-11T02:40:31.278 Exported 5 rows of hospital_admissions
[ Info: 2020-04-11T02:40:31.279 Exported 5 links between hospital_admissions and the spine
[ Info: 2020-04-11T02:40:31.279 Starting linkage for table emergency_presentations
[ Info: 2020-04-11T02:40:31.89 Exported 5 rows of emergency_presentations
[ Info: 2020-04-11T02:40:31.955 Exported 5 links between emergency_presentations and the spine
[ Info: 2020-04-11T02:40:31.955 Starting linkage for table influenza_cases
[ Info: 2020-04-11T02:40:31.972 Exported 8 rows of influenza_cases
[ Info: 2020-04-11T02:40:31.973 Exported 8 links between influenza_cases and the spine
[ Info: 2020-04-11T02:40:31.973 Writing spine to the output directory (6 rows)
[ Info: 2020-04-11T02:40:31.973 Finished linkage
Reporting
[ Info: 2020-04-11T02:40:31.976 Starting summary of linkage run.
[ Info: 2020-04-11T02:40:31.977 Reporting results for table emergency_presentations
[ Info: 2020-04-11T02:40:31.978 Reporting results for table hospital_admissions
[ Info: 2020-04-11T02:40:31.978 Reporting results for table influenza_cases
[ Info: 2020-04-11T02:40:31.979 Reporting results for table spine
[ Info: 2020-04-11T02:40:31.98 Finished summary of linkage run.

TEST SET 3
[ Info: 2020-04-11T02:40:32.16 Starting comparison of linkage runs.
[ Info: 2020-04-11T02:40:32.668 Reporting results for table emergency_presentations
[ Info: 2020-04-11T02:40:32.67 Reporting results for table hospital_admissions
[ Info: 2020-04-11T02:40:32.671 Reporting results for table influenza_cases
[ Info: 2020-04-11T02:40:32.672 Reporting results for table spine
[ Info: 2020-04-11T02:40:32.673 Finished comparison of linkage runs.
    Testing SpineBasedRecordLinkage tests passed 
