Running tests with Julia v1.3.0
   Cloning default registries into `~/.julia`
   Cloning registry from "https://github.com/JuliaRegistries/General.git"
[?25l    Fetching: [>                                        ]  0.0 %    Fetching: [=============>                           ]  31.7 %    Fetching: [=================================>       ]  80.5 %[2K[?25h     Added registry `General` to `~/.julia/registries/General`
 Resolving package versions...
 Installed SIMD ───── v2.8.0
 Installed ChipSort ─ v0.1.0
  Updating `~/.julia/environments/v1.3/Project.toml`
  [06416c39] + ChipSort v0.1.0
  Updating `~/.julia/environments/v1.3/Manifest.toml`
  [06416c39] + ChipSort v0.1.0
  [fdea26ae] + SIMD v2.8.0
  [2a0f44e3] + Base64 
  [b77e0a4c] + InteractiveUtils 
  [d6f4376e] + Markdown 
   Testing ChipSort
 Resolving package versions...
    Status `/tmp/jl_h1zXMx/Manifest.toml`
  [06416c39] ChipSort v0.1.0
  [fdea26ae] SIMD v2.8.0
  [2a0f44e3] Base64  [`@stdlib/Base64`]
  [8ba89e20] Distributed  [`@stdlib/Distributed`]
  [b77e0a4c] InteractiveUtils  [`@stdlib/InteractiveUtils`]
  [56ddb016] Logging  [`@stdlib/Logging`]
  [d6f4376e] Markdown  [`@stdlib/Markdown`]
  [9a3f8284] Random  [`@stdlib/Random`]
  [9e88b42a] Serialization  [`@stdlib/Serialization`]
  [6462fe0b] Sockets  [`@stdlib/Sockets`]
  [8dfed614] Test  [`@stdlib/Test`]
Test Summary:    |   Pass   Total
Sorting networks | 197312  197312
Test Summary: | Pass  Total
Transpose     |   54     54

signal (11): Segmentation fault
in expression starting at /home/pkgeval/.julia/packages/ChipSort/ZSK0t/test/test-bitonic-merge.jl:8
getindex at ./array.jl:744 [inlined]
macro expansion at /home/pkgeval/.julia/packages/ChipSort/ZSK0t/src/bitonic-merge-network.jl:190 [inlined]
bitonic_merge_interleaved at /home/pkgeval/.julia/packages/ChipSort/ZSK0t/src/bitonic-merge-network.jl:128 [inlined]
do_merge_pass at /home/pkgeval/.julia/packages/ChipSort/ZSK0t/src/sort-array-medium.jl:38 [inlined]
chipsort_merge_medium at /home/pkgeval/.julia/packages/ChipSort/ZSK0t/src/sort-array-medium.jl:23
_jl_invoke at /buildworker/worker/package_linux64/build/src/gf.c:2141 [inlined]
jl_apply_generic at /buildworker/worker/package_linux64/build/src/gf.c:2305
test_merge_interleaved at /home/pkgeval/.julia/packages/ChipSort/ZSK0t/test/test-bitonic-merge.jl:78
unknown function (ip: 0x7fdbd9bd6538)
_jl_invoke at /buildworker/worker/package_linux64/build/src/gf.c:2135 [inlined]
jl_apply_generic at /buildworker/worker/package_linux64/build/src/gf.c:2305
jl_apply at /buildworker/worker/package_linux64/build/src/julia.h:1631 [inlined]
do_call at /buildworker/worker/package_linux64/build/src/interpreter.c:328
eval_value at /buildworker/worker/package_linux64/build/src/interpreter.c:417
eval_stmt_value at /buildworker/worker/package_linux64/build/src/interpreter.c:368 [inlined]
eval_body at /buildworker/worker/package_linux64/build/src/interpreter.c:778
eval_body at /buildworker/worker/package_linux64/build/src/interpreter.c:705
eval_body at /buildworker/worker/package_linux64/build/src/interpreter.c:705
eval_body at /buildworker/worker/package_linux64/build/src/interpreter.c:705
eval_body at /buildworker/worker/package_linux64/build/src/interpreter.c:705
jl_interpret_toplevel_thunk_callback at /buildworker/worker/package_linux64/build/src/interpreter.c:888
unknown function (ip: 0xfffffffffffffffe)
unknown function (ip: 0x7fdbdf52c08f)
unknown function (ip: 0x209)
jl_interpret_toplevel_thunk at /buildworker/worker/package_linux64/build/src/interpreter.c:897
jl_toplevel_eval_flex at /buildworker/worker/package_linux64/build/src/toplevel.c:814
jl_parse_eval_all at /buildworker/worker/package_linux64/build/src/ast.c:873
jl_load at /buildworker/worker/package_linux64/build/src/toplevel.c:878
include at ./boot.jl:328 [inlined]
include_relative at ./loading.jl:1105
include at ./Base.jl:31
_jl_invoke at /buildworker/worker/package_linux64/build/src/gf.c:2135 [inlined]
jl_apply_generic at /buildworker/worker/package_linux64/build/src/gf.c:2305
include at ./client.jl:424
_jl_invoke at /buildworker/worker/package_linux64/build/src/gf.c:2135 [inlined]
jl_apply_generic at /buildworker/worker/package_linux64/build/src/gf.c:2305
jl_apply at /buildworker/worker/package_linux64/build/src/julia.h:1631 [inlined]
do_call at /buildworker/worker/package_linux64/build/src/interpreter.c:328
eval_value at /buildworker/worker/package_linux64/build/src/interpreter.c:417
eval_stmt_value at /buildworker/worker/package_linux64/build/src/interpreter.c:368 [inlined]
eval_body at /buildworker/worker/package_linux64/build/src/interpreter.c:778
jl_interpret_toplevel_thunk_callback at /buildworker/worker/package_linux64/build/src/interpreter.c:888
unknown function (ip: 0xfffffffffffffffe)
unknown function (ip: 0x7fdbdf0caf8f)
unknown function (ip: 0xffffffffffffffff)
jl_interpret_toplevel_thunk at /buildworker/worker/package_linux64/build/src/interpreter.c:897
jl_toplevel_eval_flex at /buildworker/worker/package_linux64/build/src/toplevel.c:814
jl_parse_eval_all at /buildworker/worker/package_linux64/build/src/ast.c:873
jl_load at /buildworker/worker/package_linux64/build/src/toplevel.c:878
include at ./boot.jl:328 [inlined]
include_relative at ./loading.jl:1105
include at ./Base.jl:31
_jl_invoke at /buildworker/worker/package_linux64/build/src/gf.c:2135 [inlined]
jl_apply_generic at /buildworker/worker/package_linux64/build/src/gf.c:2305
include at ./client.jl:424
_jl_invoke at /buildworker/worker/package_linux64/build/src/gf.c:2141 [inlined]
jl_apply_generic at /buildworker/worker/package_linux64/build/src/gf.c:2305
jl_apply at /buildworker/worker/package_linux64/build/src/julia.h:1631 [inlined]
do_call at /buildworker/worker/package_linux64/build/src/interpreter.c:328
eval_value at /buildworker/worker/package_linux64/build/src/interpreter.c:417
eval_stmt_value at /buildworker/worker/package_linux64/build/src/interpreter.c:368 [inlined]
eval_body at /buildworker/worker/package_linux64/build/src/interpreter.c:778
jl_interpret_toplevel_thunk_callback at /buildworker/worker/package_linux64/build/src/interpreter.c:888
unknown function (ip: 0xfffffffffffffffe)
unknown function (ip: 0x7fdbfa70ba8f)
unknown function (ip: 0xffffffffffffffff)
jl_interpret_toplevel_thunk at /buildworker/worker/package_linux64/build/src/interpreter.c:897
jl_toplevel_eval_flex at /buildworker/worker/package_linux64/build/src/toplevel.c:814
jl_toplevel_eval_flex at /buildworker/worker/package_linux64/build/src/toplevel.c:764
jl_toplevel_eval_in at /buildworker/worker/package_linux64/build/src/toplevel.c:843
eval at ./boot.jl:330
_jl_invoke at /buildworker/worker/package_linux64/build/src/gf.c:2135 [inlined]
jl_apply_generic at /buildworker/worker/package_linux64/build/src/gf.c:2305
exec_options at ./client.jl:263
_start at ./client.jl:460
jfptr__start_2084.clone_1 at /opt/julia/lib/julia/sys.so (unknown line)
_jl_invoke at /buildworker/worker/package_linux64/build/src/gf.c:2135 [inlined]
jl_apply_generic at /buildworker/worker/package_linux64/build/src/gf.c:2305
jl_apply at /buildworker/worker/package_linux64/build/ui/../src/julia.h:1631 [inlined]
true_main at /buildworker/worker/package_linux64/build/ui/repl.c:96
main at /buildworker/worker/package_linux64/build/ui/repl.c:217
__libc_start_main at /lib/x86_64-linux-gnu/libc.so.6 (unknown line)
_start at /opt/julia/bin/julia (unknown line)
Allocations: 243979762 (Pool: 243102853; Big: 876909); GC: 325
ERROR: Package ChipSort errored during testing
Stacktrace:
 [1] pkgerror(::String, ::Vararg{String,N} where N) at /buildworker/worker/package_linux64/build/usr/share/julia/stdlib/v1.3/Pkg/src/Types.jl:113
 [2] #test#131(::Bool, ::Nothing, ::Cmd, ::Cmd, ::typeof(Pkg.Operations.test), ::Pkg.Types.Context, ::Array{Pkg.Types.PackageSpec,1}) at /buildworker/worker/package_linux64/build/usr/share/julia/stdlib/v1.3/Pkg/src/Operations.jl:1370
 [3] #test at ./none:0 [inlined]
 [4] #test#62(::Bool, ::Nothing, ::Cmd, ::Cmd, ::Base.Iterators.Pairs{Union{},Union{},Tuple{},NamedTuple{(),Tuple{}}}, ::typeof(Pkg.API.test), ::Pkg.Types.Context, ::Array{Pkg.Types.PackageSpec,1}) at /buildworker/worker/package_linux64/build/usr/share/julia/stdlib/v1.3/Pkg/src/API.jl:253
 [5] test(::Pkg.Types.Context, ::Array{Pkg.Types.PackageSpec,1}) at /buildworker/worker/package_linux64/build/usr/share/julia/stdlib/v1.3/Pkg/src/API.jl:239
 [6] #test#61 at /buildworker/worker/package_linux64/build/usr/share/julia/stdlib/v1.3/Pkg/src/API.jl:233 [inlined]
 [7] test at /buildworker/worker/package_linux64/build/usr/share/julia/stdlib/v1.3/Pkg/src/API.jl:233 [inlined]
 [8] #test#60 at /buildworker/worker/package_linux64/build/usr/share/julia/stdlib/v1.3/Pkg/src/API.jl:232 [inlined]
 [9] test at /buildworker/worker/package_linux64/build/usr/share/julia/stdlib/v1.3/Pkg/src/API.jl:232 [inlined]
 [10] #test#59(::Base.Iterators.Pairs{Union{},Union{},Tuple{},NamedTuple{(),Tuple{}}}, ::typeof(Pkg.API.test), ::String) at /buildworker/worker/package_linux64/build/usr/share/julia/stdlib/v1.3/Pkg/src/API.jl:231
 [11] test(::String) at /buildworker/worker/package_linux64/build/usr/share/julia/stdlib/v1.3/Pkg/src/API.jl:231
 [12] top-level scope at none:12
