Julia Version 1.3.1-pre.12
Commit ac555be960 (2019-12-04 10:45 UTC)
Platform Info:
  OS: Linux (x86_64-linux-gnu)
  CPU: Intel(R) Xeon(R) Silver 4114 CPU @ 2.20GHz
  WORD_SIZE: 64
  LIBM: libopenlibm
  LLVM: libLLVM-6.0.1 (ORCJIT, skylake)

   Cloning default registries into `~/.julia`
   Cloning registry from "https://github.com/JuliaRegistries/General.git"
[?25l    Fetching: [>                                        ]  0.0 %    Fetching: [============>                            ]  28.3 %    Fetching: [=========================>               ]  60.5 %[2K[?25h     Added registry `General` to `~/.julia/registries/General`
 Resolving package versions...
 Installed Jfire ─ v0.1.0
  Updating `~/.julia/environments/v1.3/Project.toml`
  [3f49405f] + Jfire v0.1.0
  Updating `~/.julia/environments/v1.3/Manifest.toml`
  [3f49405f] + Jfire v0.1.0
  [ade2ca70] + Dates 
  [de0858da] + Printf 
  [4ec0a83e] + Unicode 
   Testing Jfire
    Status `/tmp/jl_5nL9wW/Manifest.toml`
  [3f49405f] Jfire v0.1.0
  [ade2ca70] Dates  [`@stdlib/Dates`]
  [de0858da] Printf  [`@stdlib/Printf`]
  [4ec0a83e] Unicode  [`@stdlib/Unicode`]
   Testing Jfire tests passed 
