Current time is 2020-10-25T22:19:09.002
Julia Version 1.5.3-pre.13
Commit 3de1115e9c (2020-10-23 21:58 UTC)
Platform Info:
  OS: Linux (x86_64-linux-gnu)
  CPU: AMD EPYC 7502 32-Core Processor
  WORD_SIZE: 64
  LIBM: libopenlibm
  LLVM: libLLVM-9.0.1 (ORCJIT, znver2)
Environment:
  JULIA_DEPOT_PATH = ::/usr/local/share/julia
  JULIA_NUM_THREADS = 2
  JULIA_MAX_NUM_PRECOMPILE_FILES = 9223372036854775807
  JULIA_PKG_SERVER = 

Starting installation at 2020-10-25T22:19:12.293
  Resolving package versions...
  Installed libfdk_aac_jll ────────────── v0.1.6+4
  Installed MbedTLS_jll ───────────────── v2.16.8+0
  Installed OpenSSL_jll ───────────────── v1.1.1+6
  Installed Measures ──────────────────── v0.3.1
  Installed StructArrays ──────────────── v0.4.4
  Installed Trixi2Img ─────────────────── v0.2.0
  Installed Requires ──────────────────── v1.1.0
  Installed Latexify ──────────────────── v0.14.1
  Installed Zlib_jll ──────────────────── v1.2.11+18
  Installed libvorbis_jll ─────────────── v1.3.6+6
  Installed Parsers ───────────────────── v1.0.11
  Installed IniFile ───────────────────── v0.5.0
  Installed RecipesBase ───────────────── v1.1.0
  Installed Compat ────────────────────── v3.22.0
  Installed RecipesPipeline ───────────── v0.1.13
  Installed Contour ───────────────────── v0.5.5
  Installed FFMPEG ────────────────────── v0.4.0
  Installed TextWrap ──────────────────── v1.0.1
  Installed JLLWrappers ───────────────── v1.1.3
  Installed LibVPX_jll ────────────────── v1.9.0+1
  Installed Grisu ─────────────────────── v1.0.0
  Installed Opus_jll ──────────────────── v1.3.1+3
  Installed LaTeXStrings ──────────────── v1.2.0
  Installed FixedPointNumbers ─────────── v0.8.4
  Installed SortingAlgorithms ─────────── v0.3.1
  Installed MacroTools ────────────────── v0.5.6
  Installed OrderedCollections ────────── v1.3.1
  Installed ArgParse ──────────────────── v1.1.0
  Installed Showoff ───────────────────── v0.3.2
  Installed MbedTLS ───────────────────── v1.0.2
  Installed TimerOutputs ──────────────── v0.5.6
  Installed Scratch ───────────────────── v1.0.3
  Installed IteratorInterfaceExtensions ─ v1.0.0
  Installed DataStructures ────────────── v0.18.8
  Installed LAME_jll ──────────────────── v3.100.0+3
  Installed Lz4_jll ───────────────────── v1.9.2+2
  Installed x265_jll ──────────────────── v3.0.0+3
  Installed DataValueInterfaces ───────── v1.0.0
  Installed HDF5_jll ──────────────────── v1.10.5+6
  Installed GeometryBasics ────────────── v0.3.3
  Installed ColorTypes ────────────────── v0.10.9
  Installed Tables ────────────────────── v1.1.0
  Installed FriBidi_jll ───────────────── v1.0.5+6
  Installed libass_jll ────────────────── v0.14.0+4
  Installed Glob ──────────────────────── v1.3.0
  Installed Formatting ────────────────── v0.4.1
  Installed HTTP ──────────────────────── v0.8.19
  Installed Bzip2_jll ─────────────────── v1.0.6+5
  Installed StaticArrays ──────────────── v0.12.4
  Installed NaNMath ───────────────────── v0.3.4
  Installed Reexport ──────────────────── v0.2.0
  Installed TableTraits ───────────────── v1.0.0
  Installed HDF5 ──────────────────────── v0.13.6
  Installed PlotThemes ────────────────── v2.0.0
  Installed JSON ──────────────────────── v0.21.1
  Installed Plots ─────────────────────── v1.7.3
  Installed IterTools ─────────────────── v1.3.0
  Installed Ogg_jll ───────────────────── v1.3.4+2
  Installed Zstd_jll ──────────────────── v1.4.5+2
  Installed x264_jll ──────────────────── v2020.7.14+2
  Installed FreeType2_jll ─────────────── v2.10.1+5
  Installed EarCut_jll ────────────────── v2.1.5+0
  Installed Missings ──────────────────── v0.4.4
  Installed StatsBase ─────────────────── v0.33.2
  Installed Artifacts ─────────────────── v1.3.0
  Installed FFMPEG_jll ────────────────── v4.3.1+4
  Installed Blosc_jll ─────────────────── v1.14.3+1
  Installed Blosc ─────────────────────── v0.7.0
  Installed DataAPI ───────────────────── v1.3.0
  Installed GeometryTypes ─────────────── v0.8.3
  Installed Colors ────────────────────── v0.12.4
  Installed PlotUtils ─────────────────── v1.0.7
  Installed GR ────────────────────────── v0.51.0
  Installed Adapt ─────────────────────── v2.3.0
  Installed ColorSchemes ──────────────── v3.10.1
Updating `~/.julia/environments/v1.5/Project.toml`
  [821991e7] + Trixi2Img v0.2.0
Updating `~/.julia/environments/v1.5/Manifest.toml`
  [79e6a3ab] + Adapt v2.3.0
  [c7e460c6] + ArgParse v1.1.0
  [56f22d72] + Artifacts v1.3.0
  [a74b3585] + Blosc v0.7.0
  [0b7ba130] + Blosc_jll v1.14.3+1
  [6e34b625] + Bzip2_jll v1.0.6+5
  [35d6a980] + ColorSchemes v3.10.1
  [3da002f7] + ColorTypes v0.10.9
  [5ae59095] + Colors v0.12.4
  [34da2185] + Compat v3.22.0
  [d38c429a] + Contour v0.5.5
  [9a962f9c] + DataAPI v1.3.0
  [864edb3b] + DataStructures v0.18.8
  [e2d170a0] + DataValueInterfaces v1.0.0
  [5ae413db] + EarCut_jll v2.1.5+0
  [c87230d0] + FFMPEG v0.4.0
  [b22a6f82] + FFMPEG_jll v4.3.1+4
  [53c48c17] + FixedPointNumbers v0.8.4
  [59287772] + Formatting v0.4.1
  [d7e528f0] + FreeType2_jll v2.10.1+5
  [559328eb] + FriBidi_jll v1.0.5+6
  [28b8d3ca] + GR v0.51.0
  [5c1252a2] + GeometryBasics v0.3.3
  [4d00f742] + GeometryTypes v0.8.3
  [c27321d9] + Glob v1.3.0
  [42e2da0e] + Grisu v1.0.0
  [f67ccb44] + HDF5 v0.13.6
  [0234f1f7] + HDF5_jll v1.10.5+6
  [cd3eb016] + HTTP v0.8.19
  [83e8ac13] + IniFile v0.5.0
  [c8e1da08] + IterTools v1.3.0
  [82899510] + IteratorInterfaceExtensions v1.0.0
  [692b3bcd] + JLLWrappers v1.1.3
  [682c06a0] + JSON v0.21.1
  [c1c5ebd0] + LAME_jll v3.100.0+3
  [b964fa9f] + LaTeXStrings v1.2.0
  [23fbe1c1] + Latexify v0.14.1
  [dd192d2f] + LibVPX_jll v1.9.0+1
  [5ced341a] + Lz4_jll v1.9.2+2
  [1914dd2f] + MacroTools v0.5.6
  [739be429] + MbedTLS v1.0.2
  [c8ffd9c3] + MbedTLS_jll v2.16.8+0
  [442fdcdd] + Measures v0.3.1
  [e1d29d7a] + Missings v0.4.4
  [77ba4419] + NaNMath v0.3.4
  [e7412a2a] + Ogg_jll v1.3.4+2
  [458c3c95] + OpenSSL_jll v1.1.1+6
  [91d4177d] + Opus_jll v1.3.1+3
  [bac558e1] + OrderedCollections v1.3.1
  [69de0a69] + Parsers v1.0.11
  [ccf2f8ad] + PlotThemes v2.0.0
  [995b91a9] + PlotUtils v1.0.7
  [91a5bcdd] + Plots v1.7.3
  [3cdcf5f2] + RecipesBase v1.1.0
  [01d81517] + RecipesPipeline v0.1.13
  [189a3867] + Reexport v0.2.0
  [ae029012] + Requires v1.1.0
  [6c6a2e73] + Scratch v1.0.3
  [992d4aef] + Showoff v0.3.2
  [a2af1166] + SortingAlgorithms v0.3.1
  [90137ffa] + StaticArrays v0.12.4
  [2913bbd2] + StatsBase v0.33.2
  [09ab397b] + StructArrays v0.4.4
  [3783bdb8] + TableTraits v1.0.0
  [bd369af6] + Tables v1.1.0
  [b718987f] + TextWrap v1.0.1
  [a759f4b9] + TimerOutputs v0.5.6
  [821991e7] + Trixi2Img v0.2.0
  [83775a58] + Zlib_jll v1.2.11+18
  [3161d3a3] + Zstd_jll v1.4.5+2
  [0ac62f75] + libass_jll v0.14.0+4
  [f638f0a6] + libfdk_aac_jll v0.1.6+4
  [f27f6e37] + libvorbis_jll v1.3.6+6
  [1270edf5] + x264_jll v2020.7.14+2
  [dfaa095f] + x265_jll v3.0.0+3
  [2a0f44e3] + Base64
  [ade2ca70] + Dates
  [8bb1440f] + DelimitedFiles
  [8ba89e20] + Distributed
  [b77e0a4c] + InteractiveUtils
  [76f85450] + LibGit2
  [8f399da3] + Libdl
  [37e2e46d] + LinearAlgebra
  [56ddb016] + Logging
  [d6f4376e] + Markdown
  [a63ad114] + Mmap
  [44cfe95a] + Pkg
  [de0858da] + Printf
  [3fa0cd96] + REPL
  [9a3f8284] + Random
  [ea8e919c] + SHA
  [9e88b42a] + Serialization
  [1a1011a3] + SharedArrays
  [6462fe0b] + Sockets
  [2f01184e] + SparseArrays
  [10745b16] + Statistics
  [8dfed614] + Test
  [cf7118a7] + UUIDs
  [4ec0a83e] + Unicode
   Building GR ──→ `~/.julia/packages/GR/8mv9N/deps/build.log`
   Building HDF5 → `~/.julia/packages/HDF5/T1b9x/deps/build.log`
Starting tests at 2020-10-25T22:19:24.796
    Testing Trixi2Img
Status `/tmp/jl_ASbkBW/Project.toml`
  [a7f1ee26] Trixi v0.2.6
  [821991e7] Trixi2Img v0.2.0
  [ea8e919c] SHA
  [8dfed614] Test
Status `/tmp/jl_ASbkBW/Manifest.toml`
  [79e6a3ab] Adapt v2.3.0
  [c7e460c6] ArgParse v1.1.0
  [56f22d72] Artifacts v1.3.0
  [a74b3585] Blosc v0.7.0
  [0b7ba130] Blosc_jll v1.14.3+1
  [6e34b625] Bzip2_jll v1.0.6+5
  [35d6a980] ColorSchemes v3.10.1
  [3da002f7] ColorTypes v0.10.9
  [5ae59095] Colors v0.12.4
  [34da2185] Compat v3.22.0
  [e66e0078] CompilerSupportLibraries_jll v0.3.4+0
  [d38c429a] Contour v0.5.5
  [adafc99b] CpuId v0.2.2
  [9a962f9c] DataAPI v1.3.0
  [864edb3b] DataStructures v0.18.8
  [e2d170a0] DataValueInterfaces v1.0.0
  [b552c78f] DiffRules v1.0.1
  [ffbed154] DocStringExtensions v0.8.3
  [5ae413db] EarCut_jll v2.1.5+0
  [da5c29d0] EllipsisNotation v1.0.0
  [c87230d0] FFMPEG v0.4.0
  [b22a6f82] FFMPEG_jll v4.3.1+4
  [53c48c17] FixedPointNumbers v0.8.4
  [59287772] Formatting v0.4.1
  [d7e528f0] FreeType2_jll v2.10.1+5
  [559328eb] FriBidi_jll v1.0.5+6
  [28b8d3ca] GR v0.51.0
  [5c1252a2] GeometryBasics v0.3.3
  [4d00f742] GeometryTypes v0.8.3
  [c27321d9] Glob v1.3.0
  [42e2da0e] Grisu v1.0.0
  [f67ccb44] HDF5 v0.13.6
  [0234f1f7] HDF5_jll v1.10.5+6
  [cd3eb016] HTTP v0.8.19
  [83e8ac13] IniFile v0.5.0
  [c8e1da08] IterTools v1.3.0
  [82899510] IteratorInterfaceExtensions v1.0.0
  [692b3bcd] JLLWrappers v1.1.3
  [682c06a0] JSON v0.21.1
  [c1c5ebd0] LAME_jll v3.100.0+3
  [b964fa9f] LaTeXStrings v1.2.0
  [23fbe1c1] Latexify v0.14.1
  [dd192d2f] LibVPX_jll v1.9.0+1
  [7a12625a] LinearMaps v2.7.0
  [bdcacae8] LoopVectorization v0.8.26
  [5ced341a] Lz4_jll v1.9.2+2
  [1914dd2f] MacroTools v0.5.6
  [739be429] MbedTLS v1.0.2
  [c8ffd9c3] MbedTLS_jll v2.16.8+0
  [442fdcdd] Measures v0.3.1
  [e1d29d7a] Missings v0.4.4
  [77ba4419] NaNMath v0.3.4
  [6fe1bfb0] OffsetArrays v1.3.1
  [e7412a2a] Ogg_jll v1.3.4+2
  [458c3c95] OpenSSL_jll v1.1.1+6
  [efe28fd5] OpenSpecFun_jll v0.5.3+4
  [91d4177d] Opus_jll v1.3.1+3
  [bac558e1] OrderedCollections v1.3.1
  [69de0a69] Parsers v1.0.11
  [ccf2f8ad] PlotThemes v2.0.0
  [995b91a9] PlotUtils v1.0.7
  [91a5bcdd] Plots v1.7.3
  [3cdcf5f2] RecipesBase v1.1.0
  [01d81517] RecipesPipeline v0.1.13
  [189a3867] Reexport v0.2.0
  [ae029012] Requires v1.1.0
  [21efa798] SIMDPirates v0.8.25
  [476501e8] SLEEFPirates v0.5.5
  [6c6a2e73] Scratch v1.0.3
  [992d4aef] Showoff v0.3.2
  [a2af1166] SortingAlgorithms v0.3.1
  [276daf66] SpecialFunctions v0.10.3
  [90137ffa] StaticArrays v0.12.4
  [2913bbd2] StatsBase v0.33.2
  [09ab397b] StructArrays v0.4.4
  [3783bdb8] TableTraits v1.0.0
  [bd369af6] Tables v1.1.0
  [b718987f] TextWrap v1.0.1
  [a759f4b9] TimerOutputs v0.5.6
  [a7f1ee26] Trixi v0.2.6
  [821991e7] Trixi2Img v0.2.0
  [bc48ee85] Tullio v0.2.8
  [3a884ed6] UnPack v1.0.2
  [3d5dd08c] VectorizationBase v0.12.33
  [83775a58] Zlib_jll v1.2.11+18
  [3161d3a3] Zstd_jll v1.4.5+2
  [0ac62f75] libass_jll v0.14.0+4
  [f638f0a6] libfdk_aac_jll v0.1.6+4
  [f27f6e37] libvorbis_jll v1.3.6+6
  [1270edf5] x264_jll v2020.7.14+2
  [dfaa095f] x265_jll v3.0.0+3
  [2a0f44e3] Base64
  [ade2ca70] Dates
  [8bb1440f] DelimitedFiles
  [8ba89e20] Distributed
  [b77e0a4c] InteractiveUtils
  [76f85450] LibGit2
  [8f399da3] Libdl
  [37e2e46d] LinearAlgebra
  [56ddb016] Logging
  [d6f4376e] Markdown
  [a63ad114] Mmap
  [44cfe95a] Pkg
  [de0858da] Printf
  [9abbd945] Profile
  [3fa0cd96] REPL
  [9a3f8284] Random
  [ea8e919c] SHA
  [9e88b42a] Serialization
  [1a1011a3] SharedArrays
  [6462fe0b] Sockets
  [2f01184e] SparseArrays
  [10745b16] Statistics
  [8dfed614] Test
  [cf7118a7] UUIDs
  [4ec0a83e] Unicode

████████╗██████╗ ██╗██╗  ██╗██╗
╚══██╔══╝██╔══██╗██║╚██╗██╔╝██║
   ██║   ██████╔╝██║ ╚███╔╝ ██║
   ██║   ██╔══██╗██║ ██╔██╗ ██║
   ██║   ██║  ██║██║██╔╝ ██╗██║
   ╚═╝   ╚═╝  ╚═╝╚═╝╚═╝  ╚═╝╚═╝

Creating mesh... done
Initializing system of equations... done
Initializing solver... done
Applying initial conditions... done

| Simulation setup
| ----------------
| working directory:  /home/pkgeval/.julia/packages/Trixi2Img/mcXta/test
| parameters file:    /home/pkgeval/.julia/packages/Trixi/ZUiY9/examples/2d/parameters.toml
| equations:          LinearScalarAdvectionEquation2D
| | #variables:       1
| | variable names:   scalar
| sources:            none
| restart:            no
| initial conditions: initial_conditions_convergence_test
| t_start:            0.0
| t_end:              1.0
| AMR:                no
| n_steps_max:        1
| time integration:   timestep_carpenter_kennedy_erk54_2N!
| restart interval:   10
| solution interval:  100
| #parallel threads:  2
|
| Solver
| | solver:           dg
| | polydeg:          3
| | CFL:              0.8
| | volume integral:  weak_form
| | volume flux:      flux_central
| | surface flux:     flux_lax_friedrichs
| | #elements:        256
| | #interfaces:      512
| | #boundaries:      0
| | #l2mortars:       0
| | #DOFs:            4096
|
| Mesh
| | #cells:           341
| | #leaf cells:      256
| | minimum level:    4
| | maximum level:    4
| | domain center:    0.0, 0.0
| | domain length:    2.0
| | minimum dx:       0.125
| | maximum dx:       0.125


--------------------------------------------------------------------------------
 Simulation running 'LinearScalarAdvectionEquation2D' with POLYDEG = 3
--------------------------------------------------------------------------------
 #timesteps:                  0                run time:       0.00000000e+00 s
 dt:             0.00000000e+00                Time/DOF/step:  0.00000000e+00 s
 sim. time:      0.00000000e+00

 Variable:       scalar        
 L2 error:       3.94120822e-06
 Linf error:     9.23000394e-06
 ∑∂S/∂U ⋅ Uₜ:    1.41176675e-16
 ∑S:             5.62500000e-01
 ∑e_total:       5.62500000e-01
--------------------------------------------------------------------------------


--------------------------------------------------------------------------------
 Simulation running 'LinearScalarAdvectionEquation2D' with POLYDEG = 3
--------------------------------------------------------------------------------
 #timesteps:                  1                run time:       4.07400870e-02 s
 dt:             2.50000000e-02                Time/DOF/step:  9.94629321e-06 s
 sim. time:      2.50000000e-02

 Variable:       scalar        
 L2 error:       6.33368541e-06
 Linf error:     2.40551897e-05
 ∑∂S/∂U ⋅ Uₜ:   -1.01185934e-09
 ∑S:             5.62499996e-01
 ∑e_total:       5.62499996e-01
--------------------------------------------------------------------------------

--------------------------------------------------------------------------------
Trixi simulation run finished.    Final time: 0.025    Time steps: 1
--------------------------------------------------------------------------------

 ------------------------------------------------------------------------------
            Trixi.jl                   Time                   Allocations      
                               ----------------------   -----------------------
       Tot / % measured:            68.8s / 5.08%           17.2GiB / 0.99%    

 Section               ncalls     time   %tot     avg     alloc   %tot      avg
 ------------------------------------------------------------------------------
 mesh creation              1    2.95s  84.2%   2.95s    155MiB  88.5%   155MiB
   initial refinement       1    1.61s  46.1%   1.61s   60.5MiB  34.6%  60.5MiB
   creation                 1    1.03s  29.5%   1.03s   77.3MiB  44.2%  77.3MiB
   refinement patches       1   18.6μs  0.00%  18.6μs     80.0B  0.00%    80.0B
   coarsening patches       1   3.72μs  0.00%  3.72μs     80.0B  0.00%    80.0B
 read parameter file        1    457ms  13.1%   457ms   17.3MiB  9.88%  17.3MiB
 main loop                  1   94.3ms  2.70%  94.3ms   2.75MiB  1.57%  2.75MiB
   I/O                      2   49.8ms  1.42%  24.9ms    442KiB  0.25%   221KiB
   Runge-Kutta step         5   35.6ms  1.02%  7.11ms   1.25MiB  0.72%   256KiB
   rhs                      5   5.14ms  0.15%  1.03ms   97.7KiB  0.05%  19.5KiB
     volume integral        5   4.43ms  0.13%   886μs   8.39KiB  0.00%  1.68KiB
     interface flux         5    152μs  0.00%  30.4μs   7.81KiB  0.00%  1.56KiB
     prolong2interf...      5    119μs  0.00%  23.7μs   7.66KiB  0.00%  1.53KiB
     boundary flux          5    117μs  0.00%  23.4μs   31.9KiB  0.02%  6.38KiB
     surface integral       5   79.5μs  0.00%  15.9μs   8.05KiB  0.00%  1.61KiB
     reset ∂u/∂t            5   60.2μs  0.00%  12.0μs     0.00B  0.00%    0.00B
     Jacobian               5   50.0μs  0.00%  10.0μs   7.66KiB  0.00%  1.53KiB
     mortar flux            5   39.0μs  0.00%  7.80μs   8.13KiB  0.00%  1.63KiB
     prolong2mortars        5   33.3μs  0.00%  6.66μs   7.66KiB  0.00%  1.53KiB
     prolong2bounda...      5   2.46μs  0.00%   492ns     0.00B  0.00%    0.00B
     source terms           5   1.45μs  0.00%   290ns     0.00B  0.00%    0.00B
   analyze solution         1   3.78ms  0.11%  3.78ms   0.97MiB  0.55%  0.97MiB
   calc_dt                  1   1.84μs  0.00%  1.84μs     0.00B  0.00%    0.00B
 ------------------------------------------------------------------------------
 ───────────────────────────────────────────────────────────────────────────
                                    Time                   Allocations      
                            ──────────────────────   ───────────────────────
      Tot / % measured:          30.5s / 96.3%           1.01GiB / 95.3%    

 Section            ncalls     time   %tot     avg     alloc   %tot      avg
 ───────────────────────────────────────────────────────────────────────────
 plot generation         1    25.9s  88.4%   25.9s    877MiB  88.9%   877MiB
   save plot             1    12.4s  42.2%   12.4s    503MiB  50.9%   503MiB
   plot contours         1    7.40s  25.2%   7.40s    235MiB  23.8%   235MiB
   create figure         1    6.14s  20.9%   6.14s    140MiB  14.2%   140MiB
 read mesh               1    1.68s  5.74%   1.68s   52.1MiB  5.28%  52.1MiB
 interpolate data        1    1.27s  4.35%   1.27s   34.9MiB  3.53%  34.9MiB
 read data               1    458ms  1.56%   458ms   22.6MiB  2.29%  22.6MiB
 ───────────────────────────────────────────────────────────────────────────
 ────────────────────────────────────────────────────────────────────────────
                                     Time                   Allocations      
                             ──────────────────────   ───────────────────────
      Tot / % measured:           2.52s / 97.6%            113MiB / 89.6%    

 Section             ncalls     time   %tot     avg     alloc   %tot      avg
 ────────────────────────────────────────────────────────────────────────────
 plot generation          1    2.46s   100%   2.46s    101MiB  99.3%   101MiB
   save plot              1    1.34s  54.5%   1.34s   19.9MiB  19.6%  19.9MiB
   plot grid lines        1    1.11s  45.0%   1.11s   80.5MiB  79.2%  80.5MiB
   plot contours          1   6.98ms  0.28%  6.98ms    440KiB  0.42%   440KiB
   create figure          1    841μs  0.03%   841μs   90.2KiB  0.09%  90.2KiB
 interpolate data         1   1.62ms  0.07%  1.62ms    470KiB  0.45%   470KiB
 read mesh                1   1.17ms  0.05%  1.17ms    153KiB  0.15%   153KiB
 read data                1    505μs  0.02%   505μs   68.8KiB  0.07%  68.8KiB
 ────────────────────────────────────────────────────────────────────────────
Test Summary: | Pass  Total
2D            |    3      3
    Testing Trixi2Img tests passed 
Finished at 2020-10-25T22:31:19.026
