Julia Version 1.3.2-pre.0
Commit 2e6715c045 (2019-12-31 00:49 UTC)
Platform Info:
  OS: Linux (x86_64-linux-gnu)
  CPU: Intel(R) Xeon(R) Silver 4114 CPU @ 2.20GHz
  WORD_SIZE: 64
  LIBM: libopenlibm
  LLVM: libLLVM-6.0.1 (ORCJIT, skylake)
Environment:
  JULIA_DEPOT_PATH = ::/usr/local/share/julia
  JULIA_NUM_THREADS = 2

 Resolving package versions...
 Installed TimerOutputs ──── v0.5.3
 Installed FastClosures ──── v0.3.2
 Installed LinearOperators ─ v0.7.1
 Installed MatrixEquations ─ v1.1.2
  Updating `~/.julia/environments/v1.3/Project.toml`
  [99c1a7ee] + MatrixEquations v1.1.2
  Updating `~/.julia/environments/v1.3/Manifest.toml`
  [9aa1b823] + FastClosures v0.3.2
  [5c8ed15e] + LinearOperators v0.7.1
  [99c1a7ee] + MatrixEquations v1.1.2
  [a759f4b9] + TimerOutputs v0.5.3
  [2a0f44e3] + Base64 
  [8ba89e20] + Distributed 
  [b77e0a4c] + InteractiveUtils 
  [8f399da3] + Libdl 
  [37e2e46d] + LinearAlgebra 
  [56ddb016] + Logging 
  [d6f4376e] + Markdown 
  [de0858da] + Printf 
  [9a3f8284] + Random 
  [9e88b42a] + Serialization 
  [6462fe0b] + Sockets 
  [2f01184e] + SparseArrays 
  [8dfed614] + Test 
  [4ec0a83e] + Unicode 
   Testing MatrixEquations
    Status `/tmp/jl_Kw6knN/Manifest.toml`
  [9aa1b823] FastClosures v0.3.2
  [5c8ed15e] LinearOperators v0.7.1
  [99c1a7ee] MatrixEquations v1.1.2
  [a759f4b9] TimerOutputs v0.5.3
  [2a0f44e3] Base64  [`@stdlib/Base64`]
  [8ba89e20] Distributed  [`@stdlib/Distributed`]
  [b77e0a4c] InteractiveUtils  [`@stdlib/InteractiveUtils`]
  [8f399da3] Libdl  [`@stdlib/Libdl`]
  [37e2e46d] LinearAlgebra  [`@stdlib/LinearAlgebra`]
  [56ddb016] Logging  [`@stdlib/Logging`]
  [d6f4376e] Markdown  [`@stdlib/Markdown`]
  [de0858da] Printf  [`@stdlib/Printf`]
  [9a3f8284] Random  [`@stdlib/Random`]
  [9e88b42a] Serialization  [`@stdlib/Serialization`]
  [6462fe0b] Sockets  [`@stdlib/Sockets`]
  [2f01184e] SparseArrays  [`@stdlib/SparseArrays`]
  [8dfed614] Test  [`@stdlib/Test`]
  [4ec0a83e] Unicode  [`@stdlib/Unicode`]
  0.015993 seconds (15.88 k allocations: 899.140 KiB)
  0.048852 seconds (62.98 k allocations: 3.283 MiB)
  3.170142 seconds (3.12 M allocations: 148.359 MiB, 9.35% gc time)
  0.298628 seconds (460.14 k allocations: 22.858 MiB)
  0.276153 seconds (433.16 k allocations: 21.131 MiB)
  0.303896 seconds (15.63 k allocations: 2.229 MiB)
  8.780354 seconds (9.59 M allocations: 455.670 MiB, 5.70% gc time)
  0.241603 seconds (59.87 k allocations: 6.629 MiB)
  0.543716 seconds (67.48 k allocations: 5.011 MiB)
  0.514204 seconds (16.88 k allocations: 2.434 MiB)
  0.381509 seconds (17.62 k allocations: 2.480 MiB)
  0.386066 seconds (17.92 k allocations: 2.490 MiB)
  2.642086 seconds (2.93 M allocations: 138.441 MiB, 3.17% gc time)
  0.274558 seconds (446.47 k allocations: 21.629 MiB)
  0.272649 seconds (435.01 k allocations: 21.040 MiB)
  0.308250 seconds (15.62 k allocations: 1.503 MiB)
  8.210496 seconds (9.85 M allocations: 467.172 MiB, 3.98% gc time)
  0.324583 seconds (59.87 k allocations: 5.053 MiB)
  0.199731 seconds (50.44 k allocations: 3.342 MiB)
  0.184582 seconds (16.89 k allocations: 1.632 MiB)
  0.503931 seconds (16.06 k allocations: 1.588 MiB, 29.08% gc time)
  0.554490 seconds (17.91 k allocations: 1.688 MiB)
  0.023996 seconds (25.34 k allocations: 1.272 MiB)
  0.014570 seconds (9.89 k allocations: 456.347 KiB)
  1.353451 seconds (633.36 k allocations: 34.352 MiB, 1.46% gc time)
  0.562942 seconds (245.31 k allocations: 13.624 MiB)
  0.426091 seconds (1.80 k allocations: 1.699 MiB)
  0.590725 seconds (3.46 k allocations: 1.791 MiB)
  0.051526 seconds (8.33 k allocations: 704.679 KiB)
  0.787100 seconds (548.21 k allocations: 29.122 MiB, 1.86% gc time)
  0.401512 seconds (4.63 k allocations: 1.855 MiB)
  0.407726 seconds (2.96 k allocations: 1.758 MiB)
  0.638407 seconds (25.13 k allocations: 3.471 MiB)
  0.701413 seconds (27.58 k allocations: 3.736 MiB)
  2.382880 seconds (1.83 M allocations: 97.589 MiB, 7.98% gc time)
  0.421572 seconds (27.21 k allocations: 3.723 MiB)
  0.767049 seconds (565.25 k allocations: 40.349 MiB, 9.82% gc time)
  0.404626 seconds (135.40 k allocations: 19.751 MiB)
  0.485234 seconds (137.85 k allocations: 19.959 MiB, 1.92% gc time)
  0.647205 seconds (25.64 k allocations: 3.501 MiB)
  0.599597 seconds (31.27 k allocations: 3.932 MiB)
  0.729584 seconds (26.40 k allocations: 3.668 MiB)
  0.730367 seconds (28.86 k allocations: 3.943 MiB)
  0.368511 seconds (49 allocations: 2.359 MiB)
  0.667196 seconds (34.25 k allocations: 4.147 MiB)
  0.641477 seconds (27.66 k allocations: 3.801 MiB)
  0.471833 seconds (30.06 k allocations: 3.999 MiB)
  1.376797 seconds (586.88 k allocations: 29.768 MiB)
  0.507697 seconds (241.32 k allocations: 12.589 MiB, 2.40% gc time)
  0.388264 seconds (1.78 k allocations: 917.131 KiB)
  0.388338 seconds (3.46 k allocations: 1011.517 KiB)
  0.066955 seconds (8.32 k allocations: 548.272 KiB)
  1.587272 seconds (538.12 k allocations: 27.431 MiB, 2.92% gc time)
  0.163281 seconds (4.61 k allocations: 1.052 MiB)
  0.910006 seconds (2.96 k allocations: 978.790 KiB)
  0.439823 seconds (25.13 k allocations: 2.369 MiB)
  0.396538 seconds (27.57 k allocations: 2.558 MiB)
  2.311441 seconds (1.73 M allocations: 86.960 MiB, 2.40% gc time)
  0.606800 seconds (27.20 k allocations: 2.545 MiB)
  0.742639 seconds (575.53 k allocations: 35.680 MiB, 5.30% gc time)
  0.315447 seconds (135.40 k allocations: 13.875 MiB)
  0.376733 seconds (137.85 k allocations: 14.043 MiB)
  0.414834 seconds (25.64 k allocations: 2.400 MiB)
  0.578771 seconds (31.27 k allocations: 2.754 MiB)
  0.490384 seconds (26.40 k allocations: 2.490 MiB)
  0.487433 seconds (28.85 k allocations: 2.689 MiB, 22.65% gc time)
  0.159158 seconds (49 allocations: 1.181 MiB)
  0.654723 seconds (34.23 k allocations: 2.930 MiB)
  1.162936 seconds (27.66 k allocations: 2.585 MiB)
  0.508522 seconds (30.06 k allocations: 2.744 MiB)
  0.012124 seconds (45 allocations: 4.484 KiB)
  0.074396 seconds (12.22 k allocations: 641.979 KiB)
  0.027640 seconds (162 allocations: 11.531 KiB)
  0.089473 seconds (99.52 k allocations: 16.438 MiB)
  5.624172 seconds (5.54 M allocations: 273.400 MiB, 6.92% gc time)
  0.126429 seconds (55.96 k allocations: 5.907 MiB)
  0.039826 seconds (45.21 k allocations: 5.352 MiB)
  0.040912 seconds (66.15 k allocations: 7.531 MiB)
  0.159255 seconds (92.16 k allocations: 16.088 MiB, 79.52% gc time)
  0.006412 seconds (608 allocations: 37.956 KiB)
  0.009357 seconds (86 allocations: 5.094 KiB)
  0.024522 seconds (44.62 k allocations: 5.316 MiB)
  0.012962 seconds (47.71 k allocations: 5.359 MiB)
  0.011018 seconds (44 allocations: 4.438 KiB)
  0.041442 seconds (12.22 k allocations: 641.822 KiB)
  0.012508 seconds (91 allocations: 7.063 KiB)
  0.031479 seconds (110.47 k allocations: 12.156 MiB)
  5.034409 seconds (5.55 M allocations: 265.249 MiB, 2.53% gc time)
  0.073616 seconds (60.79 k allocations: 5.064 MiB)
  0.015512 seconds (50.04 k allocations: 4.509 MiB)
  0.089314 seconds (72.21 k allocations: 6.128 MiB)
  0.085821 seconds (102.42 k allocations: 11.997 MiB)
  0.027928 seconds (607 allocations: 37.894 KiB)
  0.026044 seconds (86 allocations: 5.094 KiB)
  0.025119 seconds (49.45 k allocations: 4.473 MiB)
  0.030079 seconds (52.88 k allocations: 4.524 MiB)
  0.016217 seconds (10.57 k allocations: 519.382 KiB)
  0.014629 seconds (8.04 k allocations: 372.591 KiB)
  0.594738 seconds (173.63 k allocations: 10.007 MiB)
  0.154400 seconds (243.17 k allocations: 11.859 MiB)
  0.163104 seconds (245.77 k allocations: 12.279 MiB)
  0.888414 seconds (15.62 k allocations: 2.229 MiB)
  1.093683 seconds (471.75 k allocations: 27.366 MiB, 3.09% gc time)
  0.177335 seconds (67.20 k allocations: 9.945 MiB)
  0.574471 seconds (15.96 k allocations: 2.385 MiB)
  0.377527 seconds (16.88 k allocations: 2.434 MiB, 8.16% gc time)
  0.332745 seconds (16.05 k allocations: 2.390 MiB)
  0.384710 seconds (17.92 k allocations: 2.490 MiB)
  1.274099 seconds (178.16 k allocations: 9.454 MiB)
  0.160189 seconds (247.03 k allocations: 11.770 MiB)
  0.195160 seconds (259.29 k allocations: 12.773 MiB, 6.53% gc time)
  0.620230 seconds (15.61 k allocations: 1.503 MiB)
  1.018515 seconds (474.58 k allocations: 24.578 MiB, 2.10% gc time)
  0.253809 seconds (67.20 k allocations: 6.950 MiB)
  0.839568 seconds (15.96 k allocations: 1.583 MiB)
  0.155423 seconds (16.88 k allocations: 1.632 MiB)
  0.091973 seconds (16.05 k allocations: 1.588 MiB)
  0.136207 seconds (17.91 k allocations: 1.690 MiB)
  0.777622 seconds (211.42 k allocations: 12.191 MiB)
  0.260004 seconds (8.73 k allocations: 2.210 MiB)
  0.400832 seconds (3.03 k allocations: 1.901 MiB)
  0.395109 seconds (9.46 k allocations: 2.208 MiB)
  0.092893 seconds (3.57 k allocations: 1.924 MiB)
  0.034278 seconds (13.94 k allocations: 846.799 KiB)
  0.014784 seconds (12.52 k allocations: 747.640 KiB)
  0.496900 seconds (33.96 k allocations: 3.936 MiB, 2.22% gc time)
  0.197084 seconds (6.82 k allocations: 2.073 MiB)
  0.142071 seconds (7.50 k allocations: 2.103 MiB)
  0.449766 seconds (25.36 k allocations: 3.481 MiB)
  0.344919 seconds (27.80 k allocations: 3.746 MiB)
  1.021745 seconds (607.87 k allocations: 38.717 MiB, 1.10% gc time)
  0.584380 seconds (127.93 k allocations: 18.785 MiB)
  0.435292 seconds (133.91 k allocations: 19.591 MiB, 23.99% gc time)
  0.417782 seconds (136.37 k allocations: 19.799 MiB)
  0.483047 seconds (25.11 k allocations: 3.467 MiB)
  0.674483 seconds (31.50 k allocations: 3.943 MiB)
  0.414352 seconds (26.63 k allocations: 3.678 MiB)
  0.699469 seconds (29.08 k allocations: 3.953 MiB, 27.89% gc time)
  0.284688 seconds (26.64 k allocations: 3.686 MiB)
  0.282478 seconds (34.47 k allocations: 4.158 MiB)
  0.595454 seconds (27.88 k allocations: 3.810 MiB)
  0.357509 seconds (30.29 k allocations: 4.009 MiB)
  1.031979 seconds (242.05 k allocations: 12.412 MiB)
  0.316036 seconds (6.37 k allocations: 1.204 MiB)
  0.094045 seconds (3.03 k allocations: 1.022 MiB)
  0.388872 seconds (6.58 k allocations: 1.174 MiB)
  0.715343 seconds (3.57 k allocations: 1.046 MiB)
  0.013755 seconds (7.45 k allocations: 417.283 KiB)
  0.016686 seconds (10.21 k allocations: 548.374 KiB)
  0.420682 seconds (33.96 k allocations: 2.835 MiB)
  0.770790 seconds (6.82 k allocations: 1.194 MiB)
  0.491910 seconds (7.50 k allocations: 1.225 MiB)
  0.323830 seconds (25.35 k allocations: 2.379 MiB)
  0.494943 seconds (27.80 k allocations: 2.568 MiB)
  1.054962 seconds (619.42 k allocations: 33.956 MiB, 0.87% gc time)
  0.339476 seconds (138.37 k allocations: 14.144 MiB)
  0.493418 seconds (133.92 k allocations: 13.728 MiB)
  0.587178 seconds (136.37 k allocations: 13.897 MiB, 3.29% gc time)
  0.487882 seconds (25.11 k allocations: 2.365 MiB)
  0.425321 seconds (31.50 k allocations: 2.765 MiB)
  0.599515 seconds (26.63 k allocations: 2.500 MiB)
  0.428712 seconds (29.07 k allocations: 2.698 MiB)
  0.746898 seconds (26.64 k allocations: 2.508 MiB)
  0.560844 seconds (34.46 k allocations: 2.941 MiB)
  0.224447 seconds (27.88 k allocations: 2.595 MiB)
  0.251510 seconds (30.29 k allocations: 2.755 MiB)
  0.027297 seconds (59.15 k allocations: 8.933 MiB)
  0.595300 seconds (428.69 k allocations: 27.541 MiB, 7.53% gc time)
  0.017123 seconds (55.60 k allocations: 8.731 MiB)
  0.053163 seconds (75.83 k allocations: 12.315 MiB, 26.02% gc time)
  0.009535 seconds (44 allocations: 4.438 KiB)
  0.030518 seconds (12.22 k allocations: 641.463 KiB)
  0.011433 seconds (91 allocations: 7.063 KiB)
  0.039383 seconds (97.98 k allocations: 16.282 MiB)
  0.103097 seconds (95.13 k allocations: 15.998 MiB)
  0.914588 seconds (624.71 k allocations: 43.712 MiB, 3.51% gc time)
  0.066457 seconds (118.50 k allocations: 22.068 MiB, 14.96% gc time)
  0.013069 seconds (65.51 k allocations: 6.730 MiB)
  0.612233 seconds (438.17 k allocations: 24.053 MiB, 1.96% gc time)
  0.027843 seconds (61.62 k allocations: 6.623 MiB)
  0.069746 seconds (83.03 k allocations: 8.934 MiB)
  0.020188 seconds (44 allocations: 4.438 KiB)
  0.126615 seconds (12.22 k allocations: 642.635 KiB)
  0.024127 seconds (91 allocations: 7.063 KiB)
  0.042898 seconds (108.75 k allocations: 12.000 MiB)
  0.033581 seconds (105.57 k allocations: 11.910 MiB, 26.36% gc time)
  0.798330 seconds (640.13 k allocations: 36.963 MiB, 1.21% gc time)
  0.043546 seconds (130.46 k allocations: 15.570 MiB)
  0.233572 seconds (50.45 k allocations: 6.255 MiB)
  0.035494 seconds (9 allocations: 3.815 MiB)
  0.098089 seconds (17 allocations: 5.731 MiB)
  0.075554 seconds (9 allocations: 3.815 MiB)
  0.116390 seconds (18 allocations: 7.638 MiB)
  0.063835 seconds (9 allocations: 3.815 MiB)
  0.290169 seconds (49.94 k allocations: 11.997 MiB)
  0.130620 seconds (9 allocations: 3.815 MiB)
  0.336587 seconds (113.87 k allocations: 8.703 MiB)
  0.002668 seconds (20 allocations: 2.864 MiB)
  0.001530 seconds (20 allocations: 2.864 MiB)
  0.004177 seconds (20 allocations: 2.864 MiB)
  1.738405 seconds (1.57 M allocations: 79.853 MiB, 2.85% gc time)
  0.305728 seconds (277.36 k allocations: 14.233 MiB)
  0.810341 seconds (680.02 k allocations: 35.593 MiB, 4.55% gc time)
  0.473634 seconds (224.89 k allocations: 12.134 MiB)
  0.229924 seconds (97.64 k allocations: 5.473 MiB)
  0.276870 seconds (97.66 k allocations: 5.468 MiB)
  0.256583 seconds (96.84 k allocations: 5.420 MiB)
  0.284988 seconds (213.39 k allocations: 11.431 MiB, 4.72% gc time)
  0.504542 seconds (455.65 k allocations: 23.274 MiB)
  1.404256 seconds (954.47 k allocations: 47.702 MiB, 2.73% gc time)
  0.780299 seconds (373.16 k allocations: 19.374 MiB)
  0.496675 seconds (96.60 k allocations: 5.626 MiB)
  0.320185 seconds (98.31 k allocations: 5.714 MiB)
  2.407627 seconds (2.23 M allocations: 110.891 MiB, 2.78% gc time)
  0.452849 seconds (303.55 k allocations: 15.305 MiB)
  0.944183 seconds (573.97 k allocations: 29.383 MiB, 8.45% gc time)
  0.491697 seconds (155.07 k allocations: 8.381 MiB)
  0.417026 seconds (268.71 k allocations: 14.268 MiB)
  1.101768 seconds (781.29 k allocations: 42.560 MiB, 3.24% gc time)
  2.844419 seconds (2.63 M allocations: 127.961 MiB, 2.07% gc time)
  0.350981 seconds (182.78 k allocations: 10.372 MiB, 7.85% gc time)
  0.168173 seconds (62.86 k allocations: 3.994 MiB)
  0.154558 seconds (3.43 k allocations: 450.686 KiB)
  0.749885 seconds (565.88 k allocations: 28.116 MiB)
  0.684832 seconds (538.11 k allocations: 26.578 MiB, 4.81% gc time)
  1.049226 seconds (780.11 k allocations: 38.127 MiB, 4.52% gc time)
  0.711149 seconds (524.27 k allocations: 25.869 MiB)
  2.950674 seconds (2.07 M allocations: 100.917 MiB, 3.03% gc time)
  0.486286 seconds (304 allocations: 660.875 KiB)
  1.581844 seconds (713.66 k allocations: 35.031 MiB, 1.88% gc time)
  0.656292 seconds (500.28 k allocations: 24.704 MiB, 3.54% gc time)
  0.169546 seconds (50.67 k allocations: 3.352 MiB)
  0.680609 seconds (353.29 k allocations: 17.825 MiB)
  0.170363 seconds (50.66 k allocations: 3.352 MiB)
  0.964060 seconds (667.78 k allocations: 32.433 MiB, 2.65% gc time)
  0.709567 seconds (269.19 k allocations: 13.687 MiB)
  0.349515 seconds (51.05 k allocations: 3.631 MiB)
  0.667520 seconds (251.51 k allocations: 12.763 MiB, 5.29% gc time)
  0.295998 seconds (49.84 k allocations: 3.582 MiB)
  0.683627 seconds (283.32 k allocations: 14.430 MiB)
  4.863982 seconds (4.11 M allocations: 200.777 MiB, 1.69% gc time)
  1.408063 seconds (275.66 k allocations: 14.551 MiB)
  0.252976 seconds (45.98 k allocations: 3.375 MiB)
  0.558562 seconds (250.72 k allocations: 12.737 MiB)
  0.245735 seconds (49.90 k allocations: 3.586 MiB)
  0.624679 seconds (254.46 k allocations: 12.955 MiB, 7.11% gc time)
  2.163325 seconds (1.85 M allocations: 100.126 MiB, 3.01% gc time)
  1.067481 seconds (704.47 k allocations: 42.781 MiB, 1.70% gc time)
  0.483658 seconds (70.09 k allocations: 11.039 MiB)
  0.254764 seconds (15.10 k allocations: 7.832 MiB)
  0.348108 seconds (65.78 k allocations: 10.840 MiB)
  2.537252 seconds (1.73 M allocations: 100.629 MiB, 1.28% gc time)
  0.495105 seconds (15.11 k allocations: 14.350 MiB)
  0.683789 seconds (410.24 k allocations: 27.272 MiB, 3.29% gc time)
  1.181476 seconds (399.41 k allocations: 25.838 MiB)
  0.563264 seconds (64.52 k allocations: 10.816 MiB)
  1.155493 seconds (472.67 k allocations: 29.874 MiB, 1.83% gc time)
  0.471269 seconds (67.81 k allocations: 10.974 MiB)
  2.330533 seconds (400.31 k allocations: 32.424 MiB, 1.58% gc time)
  1.953835 seconds (204.89 k allocations: 24.367 MiB)
  2.421750 seconds (299.92 k allocations: 27.445 MiB, 3.47% gc time)
  1.123271 seconds (434.35 k allocations: 27.775 MiB)
  0.000353 seconds (80 allocations: 17.172 KiB)
  0.000278 seconds (86 allocations: 17.391 KiB)
  0.000238 seconds (97 allocations: 17.734 KiB)
  0.000290 seconds (99 allocations: 17.719 KiB)
  0.000294 seconds (98 allocations: 17.703 KiB)
  0.000261 seconds (98 allocations: 17.750 KiB)
  0.000255 seconds (97 allocations: 17.734 KiB)
  0.000240 seconds (98 allocations: 17.734 KiB)
  0.000247 seconds (89 allocations: 17.438 KiB)
  0.000456 seconds (72 allocations: 24.016 KiB)
  0.000453 seconds (81 allocations: 24.281 KiB)
  0.000439 seconds (73 allocations: 24.500 KiB)
  0.000384 seconds (74 allocations: 24.984 KiB)
  0.000967 seconds (123 allocations: 25.781 KiB)
  0.000863 seconds (129 allocations: 26.000 KiB)
  0.000633 seconds (158 allocations: 27.188 KiB)
  0.000833 seconds (159 allocations: 27.203 KiB)
  0.000880 seconds (160 allocations: 27.172 KiB)
  0.000598 seconds (189 allocations: 26.828 KiB)
  0.976171 seconds (944.69 k allocations: 46.261 MiB, 2.11% gc time)
  0.106773 seconds (121.79 k allocations: 6.882 MiB)
  0.029690 seconds (62.05 k allocations: 3.638 MiB)
  0.007759 seconds (3.24 k allocations: 172.706 KiB)
  0.564136 seconds (561.02 k allocations: 27.582 MiB, 3.57% gc time)
  0.508408 seconds (528.87 k allocations: 25.875 MiB)
  0.708711 seconds (786.22 k allocations: 38.240 MiB, 2.85% gc time)
  0.510781 seconds (552.80 k allocations: 27.024 MiB)
  0.000718 seconds (123 allocations: 30.766 KiB)
  0.952284 seconds (976.24 k allocations: 47.593 MiB, 3.76% gc time)
  0.791860 seconds (672.24 k allocations: 32.418 MiB, 2.71% gc time)
  0.611767 seconds (526.90 k allocations: 25.692 MiB, 3.39% gc time)
  0.028706 seconds (50.63 k allocations: 3.043 MiB)
  0.410233 seconds (378.54 k allocations: 18.713 MiB)
  0.028065 seconds (50.63 k allocations: 3.043 MiB)
  0.734988 seconds (634.64 k allocations: 30.661 MiB, 2.84% gc time)
  0.315911 seconds (297.73 k allocations: 14.569 MiB)
  0.030817 seconds (51.01 k allocations: 3.056 MiB)
  0.423555 seconds (280.13 k allocations: 13.647 MiB, 4.78% gc time)
  0.034751 seconds (49.80 k allocations: 3.004 MiB)
  0.434681 seconds (312.41 k allocations: 15.348 MiB)
  0.412972 seconds (304.88 k allocations: 15.114 MiB)
  0.393040 seconds (274.43 k allocations: 13.349 MiB)
  0.031134 seconds (45.94 k allocations: 2.796 MiB)
  0.419387 seconds (279.31 k allocations: 13.618 MiB, 6.22% gc time)
  0.036684 seconds (49.84 k allocations: 3.006 MiB)
  0.411197 seconds (256.33 k allocations: 12.528 MiB)
  0.797059 seconds (811.55 k allocations: 40.195 MiB, 2.70% gc time)
  0.357307 seconds (455.32 k allocations: 22.573 MiB)
  0.029034 seconds (55.54 k allocations: 3.297 MiB)
  0.006273 seconds (729 allocations: 102.500 KiB)
  0.030293 seconds (51.40 k allocations: 3.108 MiB)
  0.001731 seconds (624 allocations: 139.734 KiB)
  0.665828 seconds (599.98 k allocations: 29.722 MiB, 3.28% gc time)
  0.358430 seconds (433.22 k allocations: 21.553 MiB)
  0.514168 seconds (465.19 k allocations: 22.659 MiB, 4.09% gc time)
  0.040844 seconds (50.13 k allocations: 3.059 MiB)
  0.540234 seconds (530.44 k allocations: 25.885 MiB)
  0.123589 seconds (53.27 k allocations: 3.208 MiB)
  0.475440 seconds (379.10 k allocations: 18.211 MiB, 4.05% gc time)
  0.038356 seconds (50.19 k allocations: 3.106 MiB)
  0.417995 seconds (282.29 k allocations: 13.016 MiB)
  0.469751 seconds (465.42 k allocations: 22.505 MiB)
  0.012529 seconds (4.23 k allocations: 209.568 KiB)
  0.303133 seconds (276.54 k allocations: 13.444 MiB)
  0.058946 seconds (4.19 k allocations: 223.620 KiB)
  0.011294 seconds (3.42 k allocations: 176.819 KiB)
  0.015637 seconds (7.93 k allocations: 429.056 KiB)
  0.009290 seconds (2.47 k allocations: 139.831 KiB)
  0.212538 seconds (149.17 k allocations: 8.126 MiB)
  0.026497 seconds (21.98 k allocations: 1.215 MiB)
  0.962200 seconds (15.10 k allocations: 11.777 MiB)
  0.243034 seconds (114.87 k allocations: 6.355 MiB, 27.05% gc time)
  0.038912 seconds (20.23 k allocations: 1.255 MiB)
  3.692653 seconds (514.82 k allocations: 47.983 MiB, 0.51% gc time)
  0.211552 seconds (50.58 k allocations: 2.893 MiB)
  0.083298 seconds (53.63 k allocations: 2.819 MiB)
  0.089547 seconds (53.66 k allocations: 2.824 MiB)
  0.094548 seconds (51.10 k allocations: 2.918 MiB)
  0.081539 seconds (50.56 k allocations: 2.901 MiB)
  0.131964 seconds (83.06 k allocations: 4.465 MiB)
  0.609103 seconds (363.07 k allocations: 17.732 MiB)
  0.425848 seconds (459.23 k allocations: 22.370 MiB)
  0.044867 seconds (3.43 k allocations: 177.288 KiB)
  0.017502 seconds (5.59 k allocations: 297.812 KiB)
  0.007085 seconds (2.47 k allocations: 137.581 KiB)
  0.119098 seconds (106.48 k allocations: 5.584 MiB)
  0.035665 seconds (21.98 k allocations: 1.158 MiB)
  0.912682 seconds (15.10 k allocations: 6.273 MiB)
  0.233882 seconds (120.65 k allocations: 6.487 MiB)
  0.035696 seconds (20.02 k allocations: 1.132 MiB)
  4.142258 seconds (2.82 M allocations: 146.687 MiB, 1.64% gc time)
  0.222206 seconds (50.36 k allocations: 2.674 MiB)
  0.095610 seconds (53.63 k allocations: 2.723 MiB)
  0.104710 seconds (56.91 k allocations: 2.915 MiB)
  0.088389 seconds (50.90 k allocations: 2.713 MiB)
  0.108132 seconds (50.39 k allocations: 2.696 MiB)
  0.143431 seconds (81.09 k allocations: 4.169 MiB)
  0.005443 seconds (639 allocations: 39.819 KiB)
  0.018904 seconds (8.01 k allocations: 462.372 KiB)
  0.019935 seconds (8.01 k allocations: 462.372 KiB)
  0.008753 seconds (87 allocations: 5.266 KiB)
  0.234693 seconds (252.92 k allocations: 12.351 MiB)
  0.007825 seconds (4.70 k allocations: 289.733 KiB)
  0.007554 seconds (4.70 k allocations: 289.483 KiB)
  0.008033 seconds (5.34 k allocations: 328.852 KiB)
  0.003415 seconds (650 allocations: 40.556 KiB)
  0.006906 seconds (4.65 k allocations: 258.515 KiB)
  0.007893 seconds (4.65 k allocations: 258.312 KiB)
  0.006412 seconds (96 allocations: 5.703 KiB)
  0.006329 seconds (638 allocations: 39.819 KiB)
  0.009083 seconds (4.64 k allocations: 257.653 KiB)
  0.009917 seconds (4.64 k allocations: 257.653 KiB)
  0.000354 seconds (14 allocations: 656 bytes)
  0.215118 seconds (253.74 k allocations: 12.385 MiB)
  0.009552 seconds (4.70 k allocations: 275.655 KiB)
  0.009131 seconds (4.70 k allocations: 275.858 KiB)
  0.009810 seconds (5.33 k allocations: 314.617 KiB)
  0.004431 seconds (650 allocations: 40.603 KiB)
  0.009531 seconds (4.65 k allocations: 258.343 KiB)
  0.009007 seconds (4.65 k allocations: 258.312 KiB)
  0.007085 seconds (96 allocations: 5.703 KiB)
  0.017824 seconds (14.88 k allocations: 783.798 KiB)
  0.015337 seconds (10.02 k allocations: 504.978 KiB)
  0.076199 seconds (3.29 k allocations: 215.187 KiB)
  0.089209 seconds (4.71 k allocations: 261.307 KiB)
  0.102875 seconds (3.04 k allocations: 164.568 KiB)
  0.032099 seconds (6.26 k allocations: 338.998 KiB)
  0.008054 seconds (3.02 k allocations: 168.399 KiB)
  1.072230 seconds (571.21 k allocations: 25.529 MiB)
  0.044741 seconds (35.62 k allocations: 2.312 MiB)
  0.046499 seconds (35.21 k allocations: 2.303 MiB)
  0.083560 seconds (55.12 k allocations: 3.280 MiB)
  0.812512 seconds (580.44 k allocations: 28.404 MiB, 3.95% gc time)
  0.075757 seconds (52.72 k allocations: 3.717 MiB)
  0.044673 seconds (33.38 k allocations: 3.066 MiB)
  0.068695 seconds (53.06 k allocations: 4.040 MiB)
  2.294307 seconds (22.42 k allocations: 17.599 MiB)
  0.000029 seconds (6 allocations: 224 bytes)
  0.000025 seconds (6 allocations: 192 bytes)
  0.192491 seconds (13.52 k allocations: 708.613 KiB)
  0.331536 seconds (231.83 k allocations: 11.391 MiB, 23.27% gc time)
  0.019383 seconds (3.05 k allocations: 164.990 KiB)
  0.027915 seconds (2.73 k allocations: 136.546 KiB)
  0.009040 seconds (3.02 k allocations: 165.087 KiB)
  1.040348 seconds (570.50 k allocations: 25.278 MiB)
  0.046510 seconds (35.62 k allocations: 2.114 MiB)
  0.045068 seconds (35.22 k allocations: 2.108 MiB)
  0.070756 seconds (56.11 k allocations: 3.146 MiB)
  0.833030 seconds (596.52 k allocations: 28.624 MiB, 3.15% gc time)
  0.065708 seconds (52.52 k allocations: 3.242 MiB)
  0.042716 seconds (33.16 k allocations: 2.466 MiB)
  0.068581 seconds (53.84 k allocations: 3.502 MiB)
  3.575302 seconds (22.42 k allocations: 9.350 MiB)
  0.006267 seconds (7.05 k allocations: 789.226 KiB)
  0.008825 seconds (11.26 k allocations: 1010.778 KiB)
  0.037583 seconds (10.86 k allocations: 1000.653 KiB)
  0.001827 seconds (6.43 k allocations: 747.359 KiB)
  0.990502 seconds (489.14 k allocations: 21.656 MiB, 1.98% gc time)
  0.013361 seconds (13.75 k allocations: 1.252 MiB)
  0.013241 seconds (15.36 k allocations: 1.329 MiB)
  0.015606 seconds (14.56 k allocations: 1.285 MiB)
  0.006601 seconds (5.81 k allocations: 1.187 MiB)
  0.013189 seconds (9.82 k allocations: 1.662 MiB)
  0.012356 seconds (9.81 k allocations: 1.400 MiB)
  0.009788 seconds (5.25 k allocations: 1.415 MiB)
  0.006338 seconds (7.06 k allocations: 641.913 KiB)
  0.009310 seconds (11.27 k allocations: 860.856 KiB)
  0.009445 seconds (10.86 k allocations: 854.747 KiB)
  0.001765 seconds (6.43 k allocations: 598.906 KiB)
  0.926028 seconds (489.80 k allocations: 21.440 MiB)
  0.013980 seconds (13.75 k allocations: 1.014 MiB)
  0.017376 seconds (15.21 k allocations: 1.093 MiB)
  0.013417 seconds (14.56 k allocations: 1.051 MiB)
  0.006646 seconds (5.81 k allocations: 849.493 KiB)
  0.013581 seconds (9.81 k allocations: 1.180 MiB)
  0.012557 seconds (9.81 k allocations: 1.042 MiB)
  0.010771 seconds (5.25 k allocations: 955.906 KiB)
  0.199610 seconds (2.63 k allocations: 149.155 KiB)
  0.279599 seconds (217.47 k allocations: 10.585 MiB)
  0.154678 seconds (1.58 k allocations: 99.238 KiB)
  0.132323 seconds (2.56 k allocations: 138.140 KiB)
  0.306030 seconds (257.97 k allocations: 12.795 MiB, 6.60% gc time)
  1.419597 seconds (840.43 k allocations: 37.106 MiB)
  0.150419 seconds (106.32 k allocations: 6.131 MiB)
  1.200906 seconds (622.04 k allocations: 29.606 MiB, 1.69% gc time)
  0.062853 seconds (39.33 k allocations: 3.995 MiB)
  0.089185 seconds (77.29 k allocations: 5.894 MiB)
  0.088687 seconds (77.32 k allocations: 5.888 MiB)
  0.032050 seconds (16.61 k allocations: 1.761 MiB, 70.77% gc time)
  0.057069 seconds (45.36 k allocations: 4.281 MiB)
  0.082244 seconds (82.86 k allocations: 5.084 MiB)
  0.081427 seconds (81.74 k allocations: 5.034 MiB)
  0.085061 seconds (92.13 k allocations: 5.623 MiB)
  0.008830 seconds (16.06 k allocations: 1.755 MiB)
  0.008827 seconds (16.62 k allocations: 1.798 MiB)
  0.008828 seconds (17.18 k allocations: 1.804 MiB)
  0.078273 seconds (80.25 k allocations: 5.971 MiB)
  2.479971 seconds (12.35 k allocations: 11.614 MiB)
  3.200613 seconds (12.34 k allocations: 22.608 MiB, 0.53% gc time)
  1.751929 seconds (13.58 k allocations: 11.694 MiB)
  2.796382 seconds (128.13 k allocations: 28.370 MiB)
  0.969872 seconds (416.18 k allocations: 20.097 MiB, 10.47% gc time)
  0.401607 seconds (217.49 k allocations: 10.637 MiB)
  0.152368 seconds (1.58 k allocations: 91.113 KiB)
  0.199707 seconds (2.56 k allocations: 129.718 KiB)
  0.293385 seconds (250.32 k allocations: 12.315 MiB)
  1.604240 seconds (827.11 k allocations: 35.691 MiB, 3.35% gc time)
  0.158145 seconds (115.76 k allocations: 6.330 MiB)
  1.180896 seconds (612.41 k allocations: 28.037 MiB)
  0.037434 seconds (21.46 k allocations: 2.269 MiB)
  0.088191 seconds (77.09 k allocations: 5.049 MiB)
  0.089072 seconds (77.11 k allocations: 5.043 MiB)
  0.004554 seconds (14.22 k allocations: 1.263 MiB)
  0.052651 seconds (46.63 k allocations: 3.550 MiB)
  0.076809 seconds (80.39 k allocations: 4.553 MiB)
  0.075178 seconds (79.41 k allocations: 4.533 MiB)
  0.082217 seconds (89.73 k allocations: 5.091 MiB)
  0.004504 seconds (13.74 k allocations: 1.254 MiB)
  0.009381 seconds (14.22 k allocations: 1.265 MiB)
  0.004730 seconds (14.70 k allocations: 1.274 MiB)
  0.108037 seconds (80.06 k allocations: 5.134 MiB)
  3.679933 seconds (12.35 k allocations: 6.115 MiB)
  5.238833 seconds (12.34 k allocations: 11.613 MiB)
  3.367058 seconds (13.57 k allocations: 6.192 MiB, 2.55% gc time)
  2.990674 seconds (129.89 k allocations: 17.462 MiB)
  0.030634 seconds (17.29 k allocations: 1.706 MiB)
  0.036854 seconds (26.96 k allocations: 2.264 MiB)
  0.025815 seconds (25.85 k allocations: 2.465 MiB)
  0.013359 seconds (16.66 k allocations: 1.704 MiB)
  1.504443 seconds (746.64 k allocations: 32.498 MiB, 5.66% gc time)
  0.017383 seconds (27.54 k allocations: 2.551 MiB)
  0.025692 seconds (32.06 k allocations: 2.726 MiB)
  0.020145 seconds (28.68 k allocations: 2.600 MiB)
  0.010199 seconds (11.05 k allocations: 2.339 MiB)
  0.016123 seconds (16.80 k allocations: 2.654 MiB)
  0.018249 seconds (16.79 k allocations: 3.177 MiB)
  0.021789 seconds (10.42 k allocations: 2.824 MiB)
  0.009988 seconds (14.89 k allocations: 1.255 MiB)
  0.014327 seconds (21.11 k allocations: 1.580 MiB)
  0.016049 seconds (20.16 k allocations: 1.561 MiB)
  0.004043 seconds (14.19 k allocations: 1.213 MiB)
  1.582401 seconds (744.58 k allocations: 31.881 MiB, 7.66% gc time)
  0.027890 seconds (24.75 k allocations: 1.859 MiB)
  0.031899 seconds (28.28 k allocations: 2.041 MiB)
  0.031476 seconds (25.81 k allocations: 1.901 MiB)
  0.010341 seconds (11.05 k allocations: 1.625 MiB)
  0.033904 seconds (16.80 k allocations: 1.939 MiB)
  0.027037 seconds (16.79 k allocations: 2.215 MiB)
  0.023789 seconds (10.42 k allocations: 1.862 MiB)
  0.227152 seconds (190.31 k allocations: 9.690 MiB)
  0.006060 seconds (65 allocations: 128.031 KiB)
  0.196458 seconds (165.48 k allocations: 8.656 MiB)
  0.010913 seconds (63 allocations: 245.609 KiB)
  0.098818 seconds (55.63 k allocations: 3.092 MiB)
  0.103967 seconds (60.55 k allocations: 3.355 MiB)
  0.102620 seconds (74.81 k allocations: 3.840 MiB)
  4.314802 seconds (43.42 k allocations: 35.105 MiB, 0.42% gc time)
  3.796242 seconds (48 allocations: 33.034 MiB)
  5.519164 seconds (64.96 k allocations: 69.172 MiB, 2.20% gc time)
  6.126700 seconds (50 allocations: 66.055 MiB, 0.71% gc time)
  0.279817 seconds (166.67 k allocations: 8.510 MiB)
  0.003685 seconds (65 allocations: 68.031 KiB)
  0.264855 seconds (169.97 k allocations: 8.744 MiB, 24.89% gc time)
  0.005974 seconds (63 allocations: 125.922 KiB)
  0.083322 seconds (55.22 k allocations: 2.948 MiB)
  0.099251 seconds (60.15 k allocations: 3.183 MiB)
  0.089642 seconds (74.81 k allocations: 3.780 MiB)
  5.561090 seconds (185.95 k allocations: 25.912 MiB)
  6.785465 seconds (48 allocations: 16.523 MiB)
  4.244387 seconds (185.96 k allocations: 42.419 MiB, 1.63% gc time)
  5.086083 seconds (48 allocations: 33.034 MiB, 0.68% gc time)
  0.182974 seconds (59.18 k allocations: 3.132 MiB)
  0.087090 seconds (54.36 k allocations: 2.923 MiB)
  0.007458 seconds (75 allocations: 136.969 KiB)
  0.104658 seconds (56.91 k allocations: 3.040 MiB)
  0.118745 seconds (59.74 k allocations: 3.297 MiB)
  0.132025 seconds (95.76 k allocations: 5.105 MiB)
  0.017650 seconds (101 allocations: 265.125 KiB)
  0.100593 seconds (57.70 k allocations: 3.216 MiB)
  0.138012 seconds (87.52 k allocations: 4.732 MiB)
  3.306396 seconds (88.16 k allocations: 37.320 MiB, 1.32% gc time)
  0.158804 seconds (59.18 k allocations: 3.064 MiB)
  0.076565 seconds (54.36 k allocations: 2.866 MiB)
  0.002877 seconds (75 allocations: 72.641 KiB)
  0.084055 seconds (58.09 k allocations: 3.041 MiB)
  0.095876 seconds (59.34 k allocations: 3.133 MiB)
  0.126663 seconds (95.36 k allocations: 4.959 MiB)
  0.015942 seconds (3.34 k allocations: 329.916 KiB)
  0.089303 seconds (58.48 k allocations: 3.122 MiB)
  0.123261 seconds (87.89 k allocations: 4.600 MiB)
  4.911393 seconds (90.40 k allocations: 20.922 MiB)
  0.115782 seconds (1.01 k allocations: 61.174 KiB)
  0.015049 seconds (21 allocations: 1.594 KiB)
  0.043844 seconds (1.01 k allocations: 61.049 KiB)
  0.001343 seconds (21 allocations: 1.594 KiB)
  0.000808 seconds (18 allocations: 1.375 KiB)
  0.000757 seconds (18 allocations: 1.375 KiB)
  0.001014 seconds (18 allocations: 1.375 KiB)
  0.001021 seconds (18 allocations: 1.375 KiB)
  0.023529 seconds (13.82 k allocations: 713.043 KiB)
  0.103919 seconds (63.68 k allocations: 3.092 MiB)
  0.090012 seconds (60.45 k allocations: 2.931 MiB)
  0.046255 seconds (25.18 k allocations: 1.269 MiB)
  0.025056 seconds (12.81 k allocations: 649.064 KiB)
  0.031679 seconds (15.63 k allocations: 794.317 KiB)
  0.021297 seconds (1.01 k allocations: 61.189 KiB)
  0.001051 seconds (21 allocations: 1.594 KiB)
  0.019569 seconds (1.01 k allocations: 61.049 KiB)
  0.001476 seconds (21 allocations: 1.594 KiB)
  0.001060 seconds (18 allocations: 1.375 KiB)
  0.001042 seconds (18 allocations: 1.375 KiB)
  0.001267 seconds (18 allocations: 1.375 KiB)
  0.001336 seconds (18 allocations: 1.375 KiB)
  0.025123 seconds (13.82 k allocations: 712.496 KiB)
  0.099214 seconds (62.25 k allocations: 2.979 MiB)
  0.083499 seconds (60.44 k allocations: 2.920 MiB)
  0.044811 seconds (25.18 k allocations: 1.228 MiB)
  0.023996 seconds (12.81 k allocations: 648.471 KiB)
  0.028532 seconds (15.63 k allocations: 779.927 KiB)
  0.363178 seconds (29 allocations: 157.609 KiB)
  1.161165 seconds (28 allocations: 312.969 KiB)
  0.434055 seconds (11.92 k allocations: 722.292 KiB)
  0.997239 seconds (20 allocations: 233.531 KiB)
  0.693741 seconds (15.12 k allocations: 1.077 MiB, 21.01% gc time)
  2.115567 seconds (70.06 k allocations: 4.152 MiB)
  0.370530 seconds (11.94 k allocations: 844.323 KiB)
  1.411517 seconds (11.93 k allocations: 1.055 MiB)
  0.343382 seconds (28 allocations: 156.281 KiB)
  1.447737 seconds (27 allocations: 310.359 KiB)
  0.295704 seconds (31 allocations: 157.203 KiB)
  1.010188 seconds (34 allocations: 312.266 KiB)
  0.335768 seconds (31 allocations: 317.109 KiB)
  1.295764 seconds (31.82 k allocations: 2.150 MiB)
  0.181859 seconds (35 allocations: 318.078 KiB)
  0.821240 seconds (38 allocations: 634.188 KiB)
  0.354490 seconds (41 allocations: 469.750 KiB)
  0.199463 seconds (48 allocations: 470.859 KiB)
  1.650721 seconds (40 allocations: 935.953 KiB)
  2.382932 seconds (48 allocations: 937.891 KiB)
  0.575440 seconds (52 allocations: 471.516 KiB)
  0.013107 seconds (6.24 k allocations: 321.388 KiB)
  0.011752 seconds (6.62 k allocations: 328.270 KiB)
  2.498108 seconds (1.96 M allocations: 93.452 MiB, 1.79% gc time)
  0.011430 seconds (555 allocations: 156.469 KiB)
  0.026801 seconds (8.76 k allocations: 650.226 KiB)
  0.316302 seconds (154.76 k allocations: 7.848 MiB, 29.57% gc time)
  0.003229 seconds (597 allocations: 163.906 KiB)
  2.000311 seconds (1.61 M allocations: 77.169 MiB, 1.40% gc time)
  0.004310 seconds (875 allocations: 280.031 KiB)
  0.196002 seconds (158.87 k allocations: 8.158 MiB)
  0.008961 seconds (1.17 k allocations: 308.063 KiB)
  0.041386 seconds (11.28 k allocations: 918.077 KiB)
  0.251256 seconds (110.76 k allocations: 5.476 MiB)
  0.306819 seconds (103.58 k allocations: 5.181 MiB)
  0.301750 seconds (110.80 k allocations: 5.489 MiB)
  0.277867 seconds (103.60 k allocations: 5.194 MiB)
 13.107296 seconds (4.11 M allocations: 183.418 MiB, 0.47% gc time)
  0.004504 seconds (1.24 k allocations: 107.313 KiB)
  0.015019 seconds (9.45 k allocations: 601.882 KiB)
  0.282188 seconds (207.22 k allocations: 10.445 MiB)
  0.023620 seconds (1.44 k allocations: 113.766 KiB)
  2.419616 seconds (2.18 M allocations: 103.634 MiB, 2.68% gc time)
  0.014353 seconds (874 allocations: 165.516 KiB)
  0.314581 seconds (198.13 k allocations: 10.130 MiB)
  0.020054 seconds (1.17 k allocations: 183.484 KiB)
  0.103148 seconds (11.28 k allocations: 794.358 KiB)
  0.330297 seconds (110.71 k allocations: 5.359 MiB)
  0.303885 seconds (103.52 k allocations: 5.055 MiB)
  0.304686 seconds (110.73 k allocations: 5.367 MiB)
  0.267739 seconds (103.52 k allocations: 5.061 MiB)
  0.013780 seconds (4.32 k allocations: 213.896 KiB)
  0.012584 seconds (4.72 k allocations: 229.086 KiB)
  2.503616 seconds (1.65 M allocations: 77.497 MiB, 1.64% gc time)
  0.024871 seconds (7.92 k allocations: 981.125 KiB)
  0.366598 seconds (119.80 k allocations: 6.358 MiB)
  0.043869 seconds (8.65 k allocations: 1009.297 KiB, 85.65% gc time)
  0.996817 seconds (562.32 k allocations: 27.353 MiB)
  0.050837 seconds (3.97 k allocations: 1.229 MiB)
  0.291040 seconds (120.22 k allocations: 6.871 MiB)
  0.015150 seconds (4.44 k allocations: 1.283 MiB)
  0.329453 seconds (128.56 k allocations: 7.213 MiB)
  0.309513 seconds (124.62 k allocations: 7.096 MiB)
  0.272927 seconds (126.97 k allocations: 7.117 MiB)
  0.356612 seconds (122.58 k allocations: 6.988 MiB, 5.83% gc time)
  0.347477 seconds (211.75 k allocations: 10.514 MiB)
  0.039468 seconds (7.93 k allocations: 979.656 KiB)
  0.496477 seconds (199.18 k allocations: 9.955 MiB)
  0.051716 seconds (8.66 k allocations: 1016.531 KiB)
  0.486128 seconds (240.14 k allocations: 12.315 MiB)
  0.075315 seconds (3.97 k allocations: 1.245 MiB)
  0.449586 seconds (203.22 k allocations: 10.630 MiB)
  0.065606 seconds (4.44 k allocations: 1.299 MiB)
  0.530356 seconds (219.73 k allocations: 11.356 MiB, 21.02% gc time)
  0.533202 seconds (209.56 k allocations: 10.939 MiB)
  0.548980 seconds (244.67 k allocations: 12.582 MiB)
  0.417235 seconds (203.21 k allocations: 10.629 MiB, 8.71% gc time)
  5.184185 seconds (6.27 M allocations: 272.929 MiB, 2.59% gc time)
  0.000653 seconds (539 allocations: 89.813 KiB)
  0.033301 seconds (16.64 k allocations: 1000.059 KiB)
  0.219706 seconds (76.98 k allocations: 3.834 MiB)
  0.000444 seconds (579 allocations: 90.547 KiB)
  0.887473 seconds (627.88 k allocations: 30.159 MiB)
  0.221321 seconds (82.27 k allocations: 4.109 MiB)
  0.039371 seconds (20.16 k allocations: 1.217 MiB)
  0.019846 seconds (644 allocations: 72.547 KiB)
  0.043336 seconds (15.96 k allocations: 880.425 KiB)
  0.000441 seconds (539 allocations: 67.656 KiB)
  0.007968 seconds (1.22 k allocations: 125.641 KiB)
  0.000878 seconds (860 allocations: 106.469 KiB)
  1.392083 seconds (944.13 k allocations: 43.763 MiB, 3.75% gc time)
  0.001667 seconds (7.90 k allocations: 909.594 KiB)
  0.261541 seconds (95.36 k allocations: 5.183 MiB)
  0.002357 seconds (8.63 k allocations: 931.063 KiB)
  1.125647 seconds (895.64 k allocations: 42.113 MiB)
  0.211755 seconds (95.89 k allocations: 5.617 MiB)
  0.009549 seconds (8.70 k allocations: 906.766 KiB)
  0.003773 seconds (7.90 k allocations: 887.438 KiB)
  0.009965 seconds (4.03 k allocations: 1.058 MiB)
  0.002012 seconds (4.41 k allocations: 1.080 MiB)
  5.777998 seconds (6.44 M allocations: 280.938 MiB, 8.87% gc time)
  0.000848 seconds (1.22 k allocations: 73.156 KiB)
  0.063358 seconds (17.33 k allocations: 983.074 KiB)
  0.177673 seconds (77.80 k allocations: 3.820 MiB)
  0.000770 seconds (1.42 k allocations: 76.453 KiB)
  0.854918 seconds (628.00 k allocations: 30.030 MiB, 4.65% gc time)
  0.206785 seconds (82.28 k allocations: 4.057 MiB)
  0.108953 seconds (20.16 k allocations: 1.165 MiB)
  0.007451 seconds (1.49 k allocations: 69.344 KiB)
  0.020907 seconds (16.80 k allocations: 876.784 KiB)
  0.000677 seconds (1.22 k allocations: 61.891 KiB)
  0.007469 seconds (1.22 k allocations: 93.578 KiB)
  0.000693 seconds (860 allocations: 77.859 KiB)
  2.116586 seconds (1.32 M allocations: 59.252 MiB, 1.18% gc time)
  0.003122 seconds (12.46 k allocations: 824.250 KiB)
  0.224917 seconds (100.07 k allocations: 5.101 MiB)
  0.002893 seconds (13.28 k allocations: 843.469 KiB)
  1.941931 seconds (1.40 M allocations: 63.779 MiB, 2.45% gc time)
  0.208167 seconds (95.90 k allocations: 5.206 MiB)
  0.011801 seconds (13.35 k allocations: 833.547 KiB)
  0.002952 seconds (12.46 k allocations: 812.969 KiB)
  0.010127 seconds (4.03 k allocations: 697.516 KiB)
  0.001863 seconds (4.41 k allocations: 713.156 KiB)
  0.014394 seconds (7.78 k allocations: 384.235 KiB)
  0.089303 seconds (108.47 k allocations: 5.797 MiB)
  0.264561 seconds (162.58 k allocations: 8.701 MiB, 10.03% gc time)
  0.012516 seconds (3.66 k allocations: 547.500 KiB)
  0.022108 seconds (12.09 k allocations: 1.020 MiB)
  0.200124 seconds (101.16 k allocations: 5.164 MiB)
  0.003328 seconds (4.01 k allocations: 558.906 KiB)
  0.298021 seconds (111.49 k allocations: 5.849 MiB)
  0.018543 seconds (2.44 k allocations: 701.047 KiB)
  0.293576 seconds (103.39 k allocations: 5.508 MiB)
  0.015776 seconds (2.79 k allocations: 738.781 KiB)
  0.302783 seconds (105.75 k allocations: 5.623 MiB)
  0.277139 seconds (112.91 k allocations: 5.922 MiB)
  0.332032 seconds (105.77 k allocations: 5.636 MiB)
  0.208581 seconds (111.53 k allocations: 5.514 MiB)
  0.019532 seconds (4.80 k allocations: 447.469 KiB)
  0.135213 seconds (13.23 k allocations: 944.991 KiB)
  0.218007 seconds (102.48 k allocations: 5.066 MiB)
  0.014868 seconds (5.34 k allocations: 457.344 KiB)
  0.261498 seconds (111.44 k allocations: 5.587 MiB)
  0.004919 seconds (2.44 k allocations: 439.844 KiB)
  0.244035 seconds (103.32 k allocations: 5.235 MiB)
  0.004023 seconds (2.79 k allocations: 464.063 KiB)
  0.226927 seconds (105.68 k allocations: 5.351 MiB)
  0.401481 seconds (112.85 k allocations: 5.655 MiB, 4.54% gc time)
  0.248679 seconds (105.70 k allocations: 5.359 MiB)
  0.072180 seconds (6.96 k allocations: 325.451 KiB)
  0.027355 seconds (5.33 k allocations: 260.633 KiB)
  0.327552 seconds (291.66 k allocations: 14.747 MiB)
  0.026251 seconds (8.83 k allocations: 1001.906 KiB)
  0.290208 seconds (125.83 k allocations: 6.605 MiB)
  0.025357 seconds (8.18 k allocations: 979.328 KiB)
  0.471549 seconds (288.53 k allocations: 14.798 MiB, 3.53% gc time)
  0.011019 seconds (4.26 k allocations: 1.125 MiB)
  0.283854 seconds (121.04 k allocations: 6.785 MiB)
  0.047108 seconds (4.67 k allocations: 1.177 MiB)
  0.338250 seconds (129.43 k allocations: 7.130 MiB)
  0.358170 seconds (125.44 k allocations: 7.011 MiB)
  0.488039 seconds (213.48 k allocations: 10.874 MiB)
  0.287050 seconds (123.39 k allocations: 6.905 MiB, 5.65% gc time)
  0.416555 seconds (355.74 k allocations: 17.455 MiB)
  0.026889 seconds (14.31 k allocations: 863.688 KiB)
  0.331788 seconds (131.31 k allocations: 6.475 MiB)
  0.038975 seconds (13.65 k allocations: 845.172 KiB)
  0.497199 seconds (338.18 k allocations: 16.826 MiB, 3.83% gc time)
  0.050269 seconds (4.26 k allocations: 737.609 KiB)
  0.277876 seconds (120.98 k allocations: 6.358 MiB)
  0.045825 seconds (4.67 k allocations: 769.938 KiB)
  0.353415 seconds (129.37 k allocations: 6.707 MiB)
  0.251594 seconds (125.37 k allocations: 6.580 MiB)
  0.394981 seconds (213.36 k allocations: 10.457 MiB)
  0.332747 seconds (123.31 k allocations: 6.473 MiB)
  0.105548 seconds (10.73 k allocations: 888.544 KiB)
  0.001203 seconds (3.65 k allocations: 481.031 KiB)
  0.029035 seconds (7.71 k allocations: 688.638 KiB)
  0.001303 seconds (4.00 k allocations: 485.734 KiB)
  0.011022 seconds (6.14 k allocations: 774.075 KiB)
  0.039048 seconds (6.50 k allocations: 798.497 KiB)
  0.115151 seconds (3.71 k allocations: 462.844 KiB, 79.23% gc time)
  0.001199 seconds (3.99 k allocations: 463.328 KiB)
  0.040579 seconds (2.50 k allocations: 531.938 KiB)
  0.001068 seconds (2.77 k allocations: 551.844 KiB)
  0.041855 seconds (11.93 k allocations: 1.088 MiB)
  0.001938 seconds (8.16 k allocations: 908.547 KiB)
  0.010679 seconds (12.57 k allocations: 1.104 MiB)
  0.002079 seconds (8.81 k allocations: 924.422 KiB)
  0.011691 seconds (8.00 k allocations: 1.192 MiB)
  0.104158 seconds (8.41 k allocations: 1.231 MiB)
  0.026431 seconds (8.23 k allocations: 891.297 KiB)
  0.002080 seconds (8.80 k allocations: 894.813 KiB)
  0.029474 seconds (4.32 k allocations: 976.766 KiB)
  0.001739 seconds (4.64 k allocations: 996.625 KiB)
  0.011500 seconds (7.88 k allocations: 558.560 KiB)
  0.001725 seconds (4.17 k allocations: 355.469 KiB)
  0.063220 seconds (8.37 k allocations: 568.216 KiB)
  0.001522 seconds (4.65 k allocations: 365.406 KiB)
  0.058782 seconds (6.15 k allocations: 577.466 KiB)
  0.063108 seconds (6.50 k allocations: 594.669 KiB)
  0.007747 seconds (4.23 k allocations: 348.063 KiB)
  0.001179 seconds (4.64 k allocations: 353.859 KiB)
  0.007516 seconds (2.50 k allocations: 356.641 KiB)
  0.001004 seconds (2.77 k allocations: 369.641 KiB)
  0.054505 seconds (17.34 k allocations: 981.485 KiB)
  0.003289 seconds (13.57 k allocations: 775.922 KiB)
  0.045439 seconds (17.93 k allocations: 1000.188 KiB)
  0.002999 seconds (14.15 k allocations: 793.641 KiB)
  0.066012 seconds (8.00 k allocations: 873.985 KiB)
  0.068296 seconds (8.41 k allocations: 899.298 KiB)
  0.014425 seconds (13.65 k allocations: 769.547 KiB)
  0.003104 seconds (14.14 k allocations: 778.406 KiB)
  0.116678 seconds (4.32 k allocations: 651.281 KiB)
  0.001552 seconds (4.64 k allocations: 664.234 KiB)
  0.000839 seconds (124 allocations: 30.563 KiB)
  0.085127 seconds (55.34 k allocations: 2.874 MiB)
  0.048271 seconds (5.89 k allocations: 364.290 KiB)
  0.175629 seconds (40.79 k allocations: 2.060 MiB)
  0.139993 seconds (71.30 k allocations: 3.574 MiB)
  0.095381 seconds (38.02 k allocations: 1.917 MiB)
  0.049501 seconds (874 allocations: 79.422 KiB)
  0.000076 seconds (15 allocations: 4.016 KiB)
  0.000088 seconds (36 allocations: 13.563 KiB)
  0.168347 seconds (20.33 k allocations: 1.138 MiB)
  0.000051 seconds (16 allocations: 4.031 KiB)
  0.000117 seconds (37 allocations: 13.578 KiB)
  0.000264 seconds (790 allocations: 66.063 KiB)
  0.221685 seconds (101.47 k allocations: 5.179 MiB)
  0.000189 seconds (848 allocations: 66.922 KiB)
  0.048118 seconds (21.98 k allocations: 1.209 MiB)
  0.023407 seconds (99 allocations: 32.375 KiB)
  0.077883 seconds (37.96 k allocations: 1.913 MiB)
  0.035863 seconds (103 allocations: 32.750 KiB)
  0.000097 seconds (15 allocations: 7.578 KiB)
  0.000028 seconds (10 allocations: 4.969 KiB)
  0.000690 seconds (58 allocations: 27.078 KiB)
  0.000041 seconds (16 allocations: 4.031 KiB)
  0.001247 seconds (1.97 k allocations: 201.328 KiB)
  0.106275 seconds (53.95 k allocations: 2.898 MiB)
  0.023063 seconds (1.31 k allocations: 124.578 KiB)
  0.003771 seconds (42 allocations: 40.172 KiB)
  0.136850 seconds (14.71 k allocations: 840.378 KiB)
  0.094768 seconds (55.29 k allocations: 2.962 MiB)
  0.042312 seconds (15.29 k allocations: 973.534 KiB)
  0.073095 seconds (1.25 k allocations: 124.813 KiB)
  0.008338 seconds (46 allocations: 41.094 KiB)
  0.000463 seconds (1.93 k allocations: 179.281 KiB)
  0.030137 seconds (10.19 k allocations: 663.934 KiB)
  0.000636 seconds (2.07 k allocations: 182.422 KiB)
  0.000392 seconds (1.28 k allocations: 108.000 KiB)
  0.000577 seconds (1.78 k allocations: 146.875 KiB)
  0.000391 seconds (1.21 k allocations: 107.328 KiB)
  0.001008 seconds (1.28 k allocations: 111.125 KiB)
  0.077797 seconds (13.95 k allocations: 902.077 KiB)
  0.008294 seconds (41 allocations: 37.172 KiB)
  0.076061 seconds (15.29 k allocations: 991.784 KiB)
  0.001258 seconds (45 allocations: 38.984 KiB)
  0.000545 seconds (1.64 k allocations: 228.453 KiB)
  0.000039 seconds (11 allocations: 5.203 KiB)
  0.001352 seconds (2.11 k allocations: 203.531 KiB)
  0.000480 seconds (2.07 k allocations: 182.422 KiB)
  0.000568 seconds (1.46 k allocations: 147.391 KiB)
  0.047184 seconds (30.74 k allocations: 1.643 MiB)
  0.002788 seconds (1.06 k allocations: 93.000 KiB)
  0.000631 seconds (1.56 k allocations: 149.063 KiB)
  0.010716 seconds (1.02 k allocations: 92.281 KiB)
  0.004156 seconds (35 allocations: 30.188 KiB)
  0.000384 seconds (1.43 k allocations: 133.031 KiB)
  0.000350 seconds (1.53 k allocations: 134.703 KiB)
  0.000226 seconds (1.03 k allocations: 80.500 KiB)
  0.003219 seconds (1.46 k allocations: 110.781 KiB)
  0.000623 seconds (1.02 k allocations: 92.281 KiB)
  0.000237 seconds (994 allocations: 79.781 KiB)
  0.001127 seconds (851 allocations: 144.844 KiB)
  0.000525 seconds (33 allocations: 28.922 KiB)
  0.001162 seconds (852 allocations: 157.516 KiB)
  0.000798 seconds (35 allocations: 28.953 KiB)
  0.000299 seconds (827 allocations: 118.875 KiB)
  0.005446 seconds (615 allocations: 42.815 KiB)
  0.000708 seconds (1.56 k allocations: 149.063 KiB)
  0.000508 seconds (1.53 k allocations: 134.703 KiB)
  0.000794 seconds (1.97 k allocations: 202.828 KiB)
  0.011245 seconds (1.29 k allocations: 122.500 KiB)
  0.000809 seconds (2.12 k allocations: 205.969 KiB)
  0.004068 seconds (1.28 k allocations: 123.484 KiB)
  0.000406 seconds (1.93 k allocations: 180.250 KiB)
  0.003453 seconds (3.04 k allocations: 254.484 KiB)
  0.000410 seconds (2.08 k allocations: 183.391 KiB)
  0.003527 seconds (1.29 k allocations: 122.500 KiB)
  0.001276 seconds (42 allocations: 40.172 KiB)
  0.002201 seconds (1.28 k allocations: 123.484 KiB)
  0.001657 seconds (1.28 k allocations: 123.484 KiB)
  0.000951 seconds (46 allocations: 41.094 KiB)
  0.001137 seconds (1.68 k allocations: 272.344 KiB)
  0.005847 seconds (41 allocations: 37.172 KiB)
  0.001162 seconds (1.68 k allocations: 297.672 KiB)
  0.006083 seconds (45 allocations: 38.984 KiB)
  0.000501 seconds (1.64 k allocations: 230.313 KiB)
  0.000034 seconds (11 allocations: 5.203 KiB)
  0.000798 seconds (2.12 k allocations: 205.969 KiB)
  0.000438 seconds (2.08 k allocations: 183.391 KiB)
  0.000316 seconds (56 allocations: 19.453 KiB)
  0.000031 seconds (14 allocations: 1.969 KiB)
  0.000058 seconds (21 allocations: 2.281 KiB)
  0.000094 seconds (42 allocations: 6.875 KiB)
  0.140064 seconds (41.82 k allocations: 2.247 MiB)
  0.122633 seconds (40.91 k allocations: 2.195 MiB)
  0.122445 seconds (40.91 k allocations: 2.195 MiB)
  0.000089 seconds (22 allocations: 2.297 KiB)
  0.000114 seconds (43 allocations: 6.891 KiB)
  0.000094 seconds (23 allocations: 2.313 KiB)
  0.000095 seconds (23 allocations: 2.313 KiB)
  0.000091 seconds (24 allocations: 2.328 KiB)
  0.000084 seconds (22 allocations: 2.297 KiB)
  0.000058 seconds (23 allocations: 2.313 KiB)
  0.000092 seconds (23 allocations: 2.313 KiB)
  0.000092 seconds (24 allocations: 2.328 KiB)
  0.019215 seconds (5.72 k allocations: 326.377 KiB)
  0.000062 seconds (14 allocations: 3.141 KiB)
  0.019283 seconds (6.06 k allocations: 318.584 KiB)
  0.021116 seconds (7.08 k allocations: 392.787 KiB)
  0.000317 seconds (840 allocations: 80.250 KiB)
  0.000174 seconds (816 allocations: 70.672 KiB)
  0.000243 seconds (829 allocations: 71.203 KiB)
  0.000370 seconds (1.24 k allocations: 97.891 KiB)
  0.008990 seconds (4.51 k allocations: 273.091 KiB)
  0.008984 seconds (4.56 k allocations: 273.981 KiB)
  0.010582 seconds (4.54 k allocations: 273.450 KiB)
  0.000275 seconds (830 allocations: 71.016 KiB)
  0.000228 seconds (859 allocations: 71.578 KiB)
  0.000214 seconds (803 allocations: 70.688 KiB)
  0.000205 seconds (832 allocations: 71.250 KiB)
  0.000217 seconds (830 allocations: 71.016 KiB)
  0.000213 seconds (859 allocations: 71.578 KiB)
  0.000208 seconds (803 allocations: 70.688 KiB)
  0.000223 seconds (832 allocations: 71.250 KiB)
  0.000606 seconds (407 allocations: 67.719 KiB)
  0.000136 seconds (388 allocations: 51.531 KiB)
  0.000152 seconds (390 allocations: 57.656 KiB)
  0.000380 seconds (843 allocations: 80.094 KiB)
  0.000188 seconds (817 allocations: 70.484 KiB)
  0.000185 seconds (817 allocations: 70.484 KiB)
  0.000596 seconds (410 allocations: 73.391 KiB)
  0.000142 seconds (389 allocations: 57.172 KiB)
  0.000876 seconds (1.33 k allocations: 123.359 KiB)
  0.000285 seconds (1.29 k allocations: 108.219 KiB)
  0.000259 seconds (1.29 k allocations: 108.219 KiB)
  0.000439 seconds (1.31 k allocations: 108.844 KiB)
  0.210582 seconds (79.86 k allocations: 4.537 MiB)
  0.211590 seconds (79.77 k allocations: 4.535 MiB)
  0.217126 seconds (79.81 k allocations: 4.536 MiB)
  0.014834 seconds (9.71 k allocations: 599.224 KiB)
  0.000488 seconds (1.67 k allocations: 133.859 KiB)
  0.000483 seconds (1.95 k allocations: 149.078 KiB)
  0.000448 seconds (1.70 k allocations: 133.234 KiB)
  0.000379 seconds (1.31 k allocations: 108.453 KiB)
  0.000349 seconds (1.31 k allocations: 108.453 KiB)
  0.000296 seconds (1.26 k allocations: 107.734 KiB)
  0.000409 seconds (1.36 k allocations: 109.641 KiB)
  0.000393 seconds (1.31 k allocations: 108.922 KiB)
  0.000332 seconds (1.31 k allocations: 108.453 KiB)
  0.000286 seconds (1.26 k allocations: 107.734 KiB)
  0.000329 seconds (1.36 k allocations: 109.641 KiB)
  0.000340 seconds (1.31 k allocations: 108.922 KiB)
  0.000431 seconds (1.70 k allocations: 133.188 KiB)
  0.000478 seconds (1.96 k allocations: 149.094 KiB)
  0.000559 seconds (1.67 k allocations: 133.875 KiB)
  0.000478 seconds (1.93 k allocations: 149.781 KiB)
  0.016204 seconds (5.10 k allocations: 354.142 KiB)
  0.000161 seconds (765 allocations: 100.156 KiB)
  0.000246 seconds (767 allocations: 111.906 KiB)
  0.013464 seconds (5.88 k allocations: 351.019 KiB)
  0.000379 seconds (1.29 k allocations: 107.828 KiB)
  0.000367 seconds (1.29 k allocations: 107.828 KiB)
  0.000409 seconds (1.29 k allocations: 107.828 KiB)
  0.014061 seconds (6.37 k allocations: 427.190 KiB)
  0.000234 seconds (766 allocations: 111.422 KiB)
  0.000556 seconds (75 allocations: 23.797 KiB)
  0.137502 seconds (88.12 k allocations: 4.433 MiB)
  0.046223 seconds (29.10 k allocations: 1.397 MiB)
  0.155156 seconds (94.94 k allocations: 4.724 MiB)
  0.050566 seconds (28.84 k allocations: 1.410 MiB)
  0.048503 seconds (30.12 k allocations: 1.474 MiB)
  0.000128 seconds (26 allocations: 5.781 KiB)
  0.000148 seconds (71 allocations: 18.922 KiB)
  0.000110 seconds (28 allocations: 9.313 KiB)
  0.000103 seconds (33 allocations: 7.344 KiB)
  0.000296 seconds (80 allocations: 20.094 KiB)
  0.000099 seconds (28 allocations: 9.313 KiB)
  0.000102 seconds (35 allocations: 12.047 KiB)
Test Summary:           | Pass  Total
Test MatrixEquations.jl | 1052   1052
   Testing MatrixEquations tests passed 
