Current time is 2020-10-25T23:05:19.633
Julia Version 1.5.3-pre.13
Commit 3de1115e9c (2020-10-23 21:58 UTC)
Platform Info:
  OS: Linux (x86_64-linux-gnu)
  CPU: AMD EPYC 7502 32-Core Processor
  WORD_SIZE: 64
  LIBM: libopenlibm
  LLVM: libLLVM-9.0.1 (ORCJIT, znver2)
Environment:
  JULIA_DEPOT_PATH = ::/usr/local/share/julia
  JULIA_NUM_THREADS = 2
  JULIA_MAX_NUM_PRECOMPILE_FILES = 9223372036854775807
  JULIA_PKG_SERVER = 

Starting installation at 2020-10-25T23:05:23.451
  Resolving package versions...
  Installed CryptoGroups ──────────────── v0.1.2
  Installed Compat ────────────────────── v2.2.1
  Installed URIParser ─────────────────── v0.4.1
  Installed RecipesBase ───────────────── v0.8.0
  Installed DiffieHellman ─────────────── v0.4.0
  Installed Nettle ────────────────────── v0.4.0
  Installed Primes ────────────────────── v0.4.0
  Installed BraidChains ───────────────── v0.1.0
  Installed IteratorInterfaceExtensions ─ v1.0.0
  Installed DataValueInterfaces ───────── v1.0.0
  Installed Tables ────────────────────── v1.1.0
  Installed Polynomials ───────────────── v0.6.1
  Installed SecureIO ──────────────────── v0.3.0
  Installed PeaceCypher ───────────────── v0.3.5
  Installed Paillier ──────────────────── v0.2.4
  Installed TableTraits ───────────────── v1.0.0
  Installed SynchronicBallot ──────────── v0.4.1
  Installed BinaryProvider ────────────── v0.5.10
  Installed BinDeps ───────────────────── v0.8.10
  Installed DataAPI ───────────────────── v1.3.0
  Installed CryptoSignatures ──────────── v0.2.2
  Installed Multiplexers ──────────────── v0.3.1
  Installed Mods ──────────────────────── v0.1.0
    Cloning [a99b485a-c5c8-540e-ab00-7a7265134077] ECC from https://gitlab.com/braneproject/ECC.jl.git
[?25l    Fetching: [>                                        ]  0.0 %[2K[?25h  Installed ECC ───────────────────────── v0.2.3
    Cloning [3a3ce9e8-98e7-11e9-0fa0-055639f146d3] BitConverter from https://gitlab.com/braneproject/BitConverter.jl.git
[?25l    Fetching: [>                                        ]  0.0 %[2K[?25h  Installed BitConverter ──────────────── v0.1.1
Updating `~/.julia/environments/v1.5/Project.toml`
  [2f0bda38] + BraidChains v0.1.0
Updating `~/.julia/environments/v1.5/Manifest.toml`
  [9e28174c] + BinDeps v0.8.10
  [b99e7846] + BinaryProvider v0.5.10
  [3a3ce9e8] + BitConverter v0.1.1
  [2f0bda38] + BraidChains v0.1.0
  [34da2185] + Compat v2.2.1
  [bc997328] + CryptoGroups v0.1.2
  [35cc5888] + CryptoSignatures v0.2.2
  [9a962f9c] + DataAPI v1.3.0
  [e2d170a0] + DataValueInterfaces v1.0.0
  [0e61fee8] + DiffieHellman v0.4.0
  [a99b485a] + ECC v0.2.3
  [82899510] + IteratorInterfaceExtensions v1.0.0
  [7475f97c] + Mods v0.1.0
  [d8f48be2] + Multiplexers v0.3.1
  [49dea1ee] + Nettle v0.4.0
  [84e01822] + Paillier v0.2.4
  [7743456c] + PeaceCypher v0.3.5
  [f27b6e38] + Polynomials v0.6.1
  [27ebfcd6] + Primes v0.4.0
  [3cdcf5f2] + RecipesBase v0.8.0
  [ee77041e] + SecureIO v0.3.0
  [c4fd2470] + SynchronicBallot v0.4.1
  [3783bdb8] + TableTraits v1.0.0
  [bd369af6] + Tables v1.1.0
  [30578b45] + URIParser v0.4.1
  [2a0f44e3] + Base64
  [ade2ca70] + Dates
  [8bb1440f] + DelimitedFiles
  [8ba89e20] + Distributed
  [b77e0a4c] + InteractiveUtils
  [76f85450] + LibGit2
  [8f399da3] + Libdl
  [37e2e46d] + LinearAlgebra
  [56ddb016] + Logging
  [d6f4376e] + Markdown
  [a63ad114] + Mmap
  [44cfe95a] + Pkg
  [de0858da] + Printf
  [3fa0cd96] + REPL
  [9a3f8284] + Random
  [ea8e919c] + SHA
  [9e88b42a] + Serialization
  [1a1011a3] + SharedArrays
  [6462fe0b] + Sockets
  [2f01184e] + SparseArrays
  [10745b16] + Statistics
  [8dfed614] + Test
  [cf7118a7] + UUIDs
  [4ec0a83e] + Unicode
   Building Nettle → `~/.julia/packages/Nettle/SES5O/deps/build.log`
Starting tests at 2020-10-25T23:05:46.317
    Testing BraidChains
Status `/tmp/jl_7Or72Z/Project.toml`
  [2f0bda38] BraidChains v0.1.0
  [7743456c] PeaceCypher v0.3.5
  [c4fd2470] SynchronicBallot v0.4.1
  [bd369af6] Tables v1.1.0
  [44cfe95a] Pkg
  [6462fe0b] Sockets
  [8dfed614] Test
Status `/tmp/jl_7Or72Z/Manifest.toml`
  [9e28174c] BinDeps v0.8.10
  [b99e7846] BinaryProvider v0.5.10
  [3a3ce9e8] BitConverter v0.1.1
  [2f0bda38] BraidChains v0.1.0
  [34da2185] Compat v2.2.1
  [bc997328] CryptoGroups v0.1.2
  [35cc5888] CryptoSignatures v0.2.2
  [9a962f9c] DataAPI v1.3.0
  [e2d170a0] DataValueInterfaces v1.0.0
  [0e61fee8] DiffieHellman v0.4.0
  [a99b485a] ECC v0.2.3
  [82899510] IteratorInterfaceExtensions v1.0.0
  [7475f97c] Mods v0.1.0
  [d8f48be2] Multiplexers v0.3.1
  [49dea1ee] Nettle v0.4.0
  [84e01822] Paillier v0.2.4
  [7743456c] PeaceCypher v0.3.5
  [f27b6e38] Polynomials v0.6.1
  [27ebfcd6] Primes v0.4.0
  [3cdcf5f2] RecipesBase v0.8.0
  [ee77041e] SecureIO v0.3.0
  [c4fd2470] SynchronicBallot v0.4.1
  [3783bdb8] TableTraits v1.0.0
  [bd369af6] Tables v1.1.0
  [30578b45] URIParser v0.4.1
  [2a0f44e3] Base64
  [ade2ca70] Dates
  [8bb1440f] DelimitedFiles
  [8ba89e20] Distributed
  [b77e0a4c] InteractiveUtils
  [76f85450] LibGit2
  [8f399da3] Libdl
  [37e2e46d] LinearAlgebra
  [56ddb016] Logging
  [d6f4376e] Markdown
  [a63ad114] Mmap
  [44cfe95a] Pkg
  [de0858da] Printf
  [3fa0cd96] REPL
  [9a3f8284] Random
  [ea8e919c] SHA
  [9e88b42a] Serialization
  [1a1011a3] SharedArrays
  [6462fe0b] Sockets
  [2f01184e] SparseArrays
  [10745b16] Statistics
  [8dfed614] Test
  [cf7118a7] UUIDs
  [4ec0a83e] Unicode
WARNING: could not import Base.ctranspose into Mods
WARNING: Method definition @async(LineNumberNode, Module, Any) in module Base at task.jl:353 overwritten in module SynchronicBallot at /home/pkgeval/.julia/packages/SynchronicBallot/0WcjR/src/SynchronicBallot.jl:33.
  ** incremental compilation may be fatally broken for this module **

WARNING: Method definition @async(LineNumberNode, Module, Any) in module Base at task.jl:353 overwritten in module SynchronicBallot at /home/pkgeval/.julia/packages/SynchronicBallot/0WcjR/src/SynchronicBallot.jl:33.
  ** incremental compilation may be fatally broken for this module **

Registrator
Braider
Member
Member
Member
istaskstarted(botask) = true
SynchronicBraid
Registrator
Braider
Member
Member
Member
istaskstarted(botask) = true
SynchronicBraid
SynchronicBraid
    Testing BraidChains tests passed 
Finished at 2020-10-25T23:06:40.801
