Julia Version 1.5.2-pre.25
Commit be8475f41a (2020-09-09 06:41 UTC)
Platform Info:
  OS: Linux (x86_64-linux-gnu)
  CPU: Intel(R) Xeon(R) Silver 4114 CPU @ 2.20GHz
  WORD_SIZE: 64
  LIBM: libopenlibm
  LLVM: libLLVM-9.0.1 (ORCJIT, skylake-avx512)
Environment:
  JULIA_DEPOT_PATH = ::/usr/local/share/julia
  JULIA_NUM_THREADS = 2

  Resolving package versions...
  Installed InternedStrings ──── v0.7.0
  Installed Zlib_jll ─────────── v1.2.11+16
  Installed Strided ──────────── v1.0.1
  Installed TupleTools ───────── v1.2.0
  Installed ZipFile ──────────── v0.9.2
  Installed OrderedCollections ─ v1.3.0
  Installed DataStructures ───── v0.17.20
  Installed Pickle ───────────── v0.2.0
Updating `~/.julia/environments/v1.5/Project.toml`
  [fbb45041] + Pickle v0.2.0
Updating `~/.julia/environments/v1.5/Manifest.toml`
  [864edb3b] + DataStructures v0.17.20
  [7d512f48] + InternedStrings v0.7.0
  [bac558e1] + OrderedCollections v1.3.0
  [fbb45041] + Pickle v0.2.0
  [5e0ebb24] + Strided v1.0.1
  [9d95972d] + TupleTools v1.2.0
  [a5390f91] + ZipFile v0.9.2
  [83775a58] + Zlib_jll v1.2.11+16
  [2a0f44e3] + Base64
  [ade2ca70] + Dates
  [8ba89e20] + Distributed
  [b77e0a4c] + InteractiveUtils
  [76f85450] + LibGit2
  [8f399da3] + Libdl
  [37e2e46d] + LinearAlgebra
  [56ddb016] + Logging
  [d6f4376e] + Markdown
  [44cfe95a] + Pkg
  [de0858da] + Printf
  [3fa0cd96] + REPL
  [9a3f8284] + Random
  [ea8e919c] + SHA
  [9e88b42a] + Serialization
  [6462fe0b] + Sockets
  [8dfed614] + Test
  [cf7118a7] + UUIDs
  [4ec0a83e] + Unicode
    Testing Pickle
Status `/tmp/jl_j42WwG/Project.toml`
  [864edb3b] DataStructures v0.17.20
  [e30172f5] Documenter v0.25.2
  [7d512f48] InternedStrings v0.7.0
  [fbb45041] Pickle v0.2.0
  [438e738f] PyCall v1.91.4
  [5e0ebb24] Strided v1.0.1
  [a5390f91] ZipFile v0.9.2
  [9e88b42a] Serialization
  [8dfed614] Test
Status `/tmp/jl_j42WwG/Manifest.toml`
  [8f4d0f93] Conda v1.4.1
  [864edb3b] DataStructures v0.17.20
  [ffbed154] DocStringExtensions v0.8.3
  [e30172f5] Documenter v0.25.2
  [7d512f48] InternedStrings v0.7.0
  [682c06a0] JSON v0.21.1
  [1914dd2f] MacroTools v0.5.5
  [bac558e1] OrderedCollections v1.3.0
  [69de0a69] Parsers v1.0.10
  [fbb45041] Pickle v0.2.0
  [438e738f] PyCall v1.91.4
  [5e0ebb24] Strided v1.0.1
  [9d95972d] TupleTools v1.2.0
  [81def892] VersionParsing v1.2.0
  [a5390f91] ZipFile v0.9.2
  [83775a58] Zlib_jll v1.2.11+16
  [2a0f44e3] Base64
  [ade2ca70] Dates
  [8ba89e20] Distributed
  [b77e0a4c] InteractiveUtils
  [76f85450] LibGit2
  [8f399da3] Libdl
  [37e2e46d] LinearAlgebra
  [56ddb016] Logging
  [d6f4376e] Markdown
  [a63ad114] Mmap
  [44cfe95a] Pkg
  [de0858da] Printf
  [3fa0cd96] REPL
  [9a3f8284] Random
  [ea8e919c] SHA
  [9e88b42a] Serialization
  [6462fe0b] Sockets
  [8dfed614] Test
  [cf7118a7] UUIDs
  [4ec0a83e] Unicode
[ Info: Installing torch via the Conda pytorch package...
[ Info: Running `conda install -q -y pytorch` in root environment
Collecting package metadata (current_repodata.json): ...working... done
Solving environment: ...working... failed with initial frozen solve. Retrying with flexible solve.
Solving environment: ...working... failed with repodata from current_repodata.json, will retry with next repodata source.
Collecting package metadata (repodata.json): ...working... done
Solving environment: ...working... done

## Package Plan ##

  environment location: /home/pkgeval/.julia/conda/3

  added / updated specs:
    - pytorch


The following packages will be downloaded:

    package                    |            build
    ---------------------------|-----------------
    _pytorch_select-0.2        |            gpu_0           2 KB
    cudatoolkit-10.1.243       |       h6bb024c_0       347.4 MB
    cudnn-7.6.5                |       cuda10.1_0       179.9 MB
    ninja-1.10.1               |   py38hfd86e86_0         1.4 MB
    pytorch-1.4.0              |cuda101py38h02f0884_0       167.4 MB
    ------------------------------------------------------------
                                           Total:       696.3 MB

The following NEW packages will be INSTALLED:

  _pytorch_select    pkgs/main/linux-64::_pytorch_select-0.2-gpu_0
  cudatoolkit        pkgs/main/linux-64::cudatoolkit-10.1.243-h6bb024c_0
  cudnn              pkgs/main/linux-64::cudnn-7.6.5-cuda10.1_0
  ninja              pkgs/main/linux-64::ninja-1.10.1-py38hfd86e86_0
  pytorch            pkgs/main/linux-64::pytorch-1.4.0-cuda101py38h02f0884_0


Preparing transaction: ...working... done
Verifying transaction: ...working... done
Executing transaction: ...working... done
[ Info: BATCHSIZE is set to: 3
[ Info: Test doctest
[ Info: SetupBuildDirectory: setting up build directory.
[ Info: Doctest: running doctests.
[ Info: Skipped ExpandTemplates step (doctest only).
[ Info: Skipped CrossReferences step (doctest only).
[ Info: Skipped CheckDocument step (doctest only).
[ Info: Skipped Populate step (doctest only).
[ Info: Skipped RenderDocument step (doctest only).
[ Info: Test LOAD
[ Info: Test STORE
[ Info: Test Pickle.Torch
[ Info: Test Torch LOAD
[ Info: Test Torch LOAD_ZIP
[ Info: Test Torch SAVE
[ Info: Test Torch PREBUILD
Test Summary: | Pass  Total
Pickle        |  120    120
    Testing Pickle tests passed 
