Julia Version 1.5.1-pre.0
Commit f0b8c76f6f (2020-08-02 04:55 UTC)
Platform Info:
  OS: Linux (x86_64-pc-linux-gnu)
  CPU: Intel(R) Xeon(R) Silver 4114 CPU @ 2.20GHz
  WORD_SIZE: 64
  LIBM: libopenlibm
  LLVM: libLLVM-9.0.1 (ORCJIT, skylake)
Environment:
  JULIA_DEPOT_PATH = ::/usr/local/share/julia
  JULIA_NUM_THREADS = 2

  Resolving package versions...
  Installed Missings ───────────────────── v0.4.3
  Installed FoldingTrees ───────────────── v1.0.1
  Installed TimerOutputs ───────────────── v0.5.6
  Installed ColorVectorSpace ───────────── v0.8.5
  Installed ImageAxes ──────────────────── v0.6.4
  Installed QuadGK ─────────────────────── v2.4.0
  Installed CommonSubexpressions ───────── v0.3.0
  Installed CMBLensing ─────────────────── v0.3.0
  Installed Adapt ──────────────────────── v1.1.0
  Installed FixedPointNumbers ──────────── v0.8.4
  Installed EllipsisNotation ───────────── v0.4.0
  Installed DataAPI ────────────────────── v1.3.0
  Installed ZygoteRules ────────────────── v0.2.0
  Installed Match ──────────────────────── v1.1.0
  Installed IntelOpenMP_jll ────────────── v2018.0.3+0
  Installed CEnum ──────────────────────── v0.3.0
  Installed JSON ───────────────────────── v0.21.0
  Installed ImageCore ──────────────────── v0.8.14
  Installed Graphics ───────────────────── v1.0.2
  Installed MKL_jll ────────────────────── v2020.2.254+0
  Installed CodecZlib ──────────────────── v0.7.0
  Installed MappedArrays ───────────────── v0.2.2
  Installed TiledIteration ─────────────── v0.2.4
  Installed Requires ───────────────────── v1.0.1
  Installed NLSolversBase ──────────────── v7.6.3
  Installed CustomUnitRanges ───────────── v1.0.0
  Installed BinaryProvider ─────────────── v0.5.10
  Installed ImageMetadata ──────────────── v0.9.1
  Installed LineSearches ───────────────── v7.0.1
  Installed Calculus ───────────────────── v0.5.1
  Installed ArrayLayouts ───────────────── v0.2.6
  Installed Lazy ───────────────────────── v0.15.1
  Installed AxisArrays ─────────────────── v0.4.3
  Installed ProgressMeter ──────────────── v1.3.2
  Installed GPUCompiler ────────────────── v0.2.0
  Installed GPUArrays ──────────────────── v3.4.1
  Installed CUDAnative ─────────────────── v3.2.0
  Installed RangeArrays ────────────────── v0.3.2
  Installed FFTViews ───────────────────── v0.3.1
  Installed WoodburyMatrices ───────────── v0.5.2
  Installed Combinatorics ──────────────── v1.0.2
  Installed FiniteDiff ─────────────────── v2.5.2
  Installed OrderedCollections ─────────── v1.3.0
  Installed RecipesBase ────────────────── v1.0.2
  Installed Zygote ─────────────────────── v0.4.20
  Installed OpenSpecFun_jll ────────────── v0.5.3+3
  Installed CodeTracking ───────────────── v1.0.0
  Installed KahanSummation ─────────────── v0.1.0
  Installed UnPack ─────────────────────── v1.0.2
  Installed AxisAlgorithms ─────────────── v1.0.0
  Installed Measurements ───────────────── v2.2.1
  Installed VersionParsing ─────────────── v1.2.0
  Installed IndirectArrays ─────────────── v0.5.1
  Installed Conda ──────────────────────── v1.4.1
  Installed DiffRules ──────────────────── v1.0.1
  Installed CUDAdrv ────────────────────── v6.3.0
  Installed SortingAlgorithms ──────────── v0.3.1
  Installed ImageMorphology ────────────── v0.2.8
  Installed FileIO ─────────────────────── v1.4.1
  Installed Compat ─────────────────────── v3.13.0
  Installed IRTools ────────────────────── v0.3.3
  Installed CatIndices ─────────────────── v0.2.1
  Installed CompilerSupportLibraries_jll ─ v0.3.3+0
  Installed ConstructionBase ───────────── v1.0.0
  Installed SimpleTraits ───────────────── v0.9.2
  Installed IterTools ──────────────────── v1.3.0
  Installed StatsBase ──────────────────── v0.32.2
  Installed Colors ─────────────────────── v0.12.3
  Installed Interpolations ─────────────── v0.12.10
  Installed DiffResults ────────────────── v1.0.2
  Installed PositiveFactorizations ─────── v0.2.3
  Installed TranscodingStreams ─────────── v0.9.5
  Installed ExprTools ──────────────────── v0.1.1
  Installed PyCall ─────────────────────── v1.91.4
  Installed Reexport ───────────────────── v0.2.0
  Installed ForwardDiff ────────────────── v0.10.12
  Installed CuArrays ───────────────────── v2.2.2
  Installed Optim ──────────────────────── v0.20.6
  Installed JLD2 ───────────────────────── v0.1.14
  Installed OffsetArrays ───────────────── v1.1.2
  Installed NNlib ──────────────────────── v0.6.6
  Installed AbstractFFTs ───────────────── v0.5.0
  Installed MosaicViews ────────────────── v0.2.2
  Installed PaddedViews ────────────────── v0.5.5
  Installed ArrayInterface ─────────────── v2.11.0
  Installed IntervalSets ───────────────── v0.5.1
  Installed Ratios ─────────────────────── v0.4.0
  Installed Zlib_jll ───────────────────── v1.2.11+15
  Installed MacroTools ─────────────────── v0.5.5
  Installed StaticArrays ───────────────── v0.12.4
  Installed Loess ──────────────────────── v0.5.1
  Installed CUDAapi ────────────────────── v4.0.0
  Installed Parsers ────────────────────── v1.0.10
  Installed ImageFiltering ─────────────── v0.6.14
  Installed Parameters ─────────────────── v0.12.1
  Installed ComputationalResources ─────── v0.3.2
  Installed Setfield ───────────────────── v0.6.0
  Installed AbstractTrees ──────────────── v0.3.3
  Installed Roots ──────────────────────── v0.8.4
  Installed Formatting ─────────────────── v0.4.1
  Installed Cthulhu ────────────────────── v1.2.0
  Installed FFTW_jll ───────────────────── v3.3.9+5
  Installed NaNMath ────────────────────── v0.3.4
  Installed FFTW ───────────────────────── v1.2.2
  Installed SpecialFunctions ───────────── v0.10.3
  Installed Memoization ────────────────── v0.1.4
  Installed Distances ──────────────────── v0.8.2
  Installed DataStructures ─────────────── v0.17.20
  Installed FillArrays ─────────────────── v0.8.14
  Installed LLVM ───────────────────────── v1.6.0
  Installed ColorTypes ─────────────────── v0.10.8
Updating `~/.julia/environments/v1.5/Project.toml`
  [b60c06c0] + CMBLensing v0.3.0
Updating `~/.julia/environments/v1.5/Manifest.toml`
  [621f4979] + AbstractFFTs v0.5.0
  [1520ce14] + AbstractTrees v0.3.3
  [79e6a3ab] + Adapt v1.1.0
  [4fba245c] + ArrayInterface v2.11.0
  [4c555306] + ArrayLayouts v0.2.6
  [13072b0f] + AxisAlgorithms v1.0.0
  [39de3d68] + AxisArrays v0.4.3
  [b99e7846] + BinaryProvider v0.5.10
  [fa961155] + CEnum v0.3.0
  [b60c06c0] + CMBLensing v0.3.0
  [3895d2a7] + CUDAapi v4.0.0
  [c5f51814] + CUDAdrv v6.3.0
  [be33ccc6] + CUDAnative v3.2.0
  [49dc2e85] + Calculus v0.5.1
  [aafaddc9] + CatIndices v0.2.1
  [da1fd8a2] + CodeTracking v1.0.0
  [944b1d66] + CodecZlib v0.7.0
  [3da002f7] + ColorTypes v0.10.8
  [c3611d14] + ColorVectorSpace v0.8.5
  [5ae59095] + Colors v0.12.3
  [861a8166] + Combinatorics v1.0.2
  [bbf7d656] + CommonSubexpressions v0.3.0
  [34da2185] + Compat v3.13.0
  [e66e0078] + CompilerSupportLibraries_jll v0.3.3+0
  [ed09eef8] + ComputationalResources v0.3.2
  [8f4d0f93] + Conda v1.4.1
  [187b0558] + ConstructionBase v1.0.0
  [f68482b8] + Cthulhu v1.2.0
  [3a865a2d] + CuArrays v2.2.2
  [dc8bdbbb] + CustomUnitRanges v1.0.0
  [9a962f9c] + DataAPI v1.3.0
  [864edb3b] + DataStructures v0.17.20
  [163ba53b] + DiffResults v1.0.2
  [b552c78f] + DiffRules v1.0.1
  [b4f34e82] + Distances v0.8.2
  [da5c29d0] + EllipsisNotation v0.4.0
  [e2ba6199] + ExprTools v0.1.1
  [4f61f5a4] + FFTViews v0.3.1
  [7a1cc6ca] + FFTW v1.2.2
  [f5851436] + FFTW_jll v3.3.9+5
  [5789e2e9] + FileIO v1.4.1
  [1a297f60] + FillArrays v0.8.14
  [6a86dc24] + FiniteDiff v2.5.2
  [53c48c17] + FixedPointNumbers v0.8.4
  [1eca21be] + FoldingTrees v1.0.1
  [59287772] + Formatting v0.4.1
  [f6369f11] + ForwardDiff v0.10.12
  [0c68f7d7] + GPUArrays v3.4.1
  [61eb1bfa] + GPUCompiler v0.2.0
  [a2bd30eb] + Graphics v1.0.2
  [7869d1d1] + IRTools v0.3.3
  [2803e5a7] + ImageAxes v0.6.4
  [a09fc81d] + ImageCore v0.8.14
  [6a3955dd] + ImageFiltering v0.6.14
  [bc367c6b] + ImageMetadata v0.9.1
  [787d08f9] + ImageMorphology v0.2.8
  [9b13fd28] + IndirectArrays v0.5.1
  [1d5cc7b8] + IntelOpenMP_jll v2018.0.3+0
  [a98d9a8b] + Interpolations v0.12.10
  [8197267c] + IntervalSets v0.5.1
  [c8e1da08] + IterTools v1.3.0
  [033835bb] + JLD2 v0.1.14
  [682c06a0] + JSON v0.21.0
  [8e2b3108] + KahanSummation v0.1.0
  [929cbde3] + LLVM v1.6.0
  [50d2b5c4] + Lazy v0.15.1
  [d3d80556] + LineSearches v7.0.1
  [4345ca2d] + Loess v0.5.1
  [856f044c] + MKL_jll v2020.2.254+0
  [1914dd2f] + MacroTools v0.5.5
  [dbb5928d] + MappedArrays v0.2.2
  [7eb4fadd] + Match v1.1.0
  [eff96d63] + Measurements v2.2.1
  [6fafb56a] + Memoization v0.1.4
  [e1d29d7a] + Missings v0.4.3
  [e94cdb99] + MosaicViews v0.2.2
  [d41bc354] + NLSolversBase v7.6.3
  [872c559c] + NNlib v0.6.6
  [77ba4419] + NaNMath v0.3.4
  [6fe1bfb0] + OffsetArrays v1.1.2
  [efe28fd5] + OpenSpecFun_jll v0.5.3+3
  [429524aa] + Optim v0.20.6
  [bac558e1] + OrderedCollections v1.3.0
  [5432bcbf] + PaddedViews v0.5.5
  [d96e819e] + Parameters v0.12.1
  [69de0a69] + Parsers v1.0.10
  [85a6dd25] + PositiveFactorizations v0.2.3
  [92933f4c] + ProgressMeter v1.3.2
  [438e738f] + PyCall v1.91.4
  [1fd47b50] + QuadGK v2.4.0
  [b3c3ace0] + RangeArrays v0.3.2
  [c84ed2f1] + Ratios v0.4.0
  [3cdcf5f2] + RecipesBase v1.0.2
  [189a3867] + Reexport v0.2.0
  [ae029012] + Requires v1.0.1
  [f2b01f46] + Roots v0.8.4
  [efcf1570] + Setfield v0.6.0
  [699a6c99] + SimpleTraits v0.9.2
  [a2af1166] + SortingAlgorithms v0.3.1
  [276daf66] + SpecialFunctions v0.10.3
  [90137ffa] + StaticArrays v0.12.4
  [2913bbd2] + StatsBase v0.32.2
  [06e1c1a7] + TiledIteration v0.2.4
  [a759f4b9] + TimerOutputs v0.5.6
  [3bb67fe8] + TranscodingStreams v0.9.5
  [3a884ed6] + UnPack v1.0.2
  [81def892] + VersionParsing v1.2.0
  [efce3f68] + WoodburyMatrices v0.5.2
  [83775a58] + Zlib_jll v1.2.11+15
  [e88e6eb3] + Zygote v0.4.20
  [700de1a5] + ZygoteRules v0.2.0
  [2a0f44e3] + Base64
  [ade2ca70] + Dates
  [8bb1440f] + DelimitedFiles
  [8ba89e20] + Distributed
  [9fa8497b] + Future
  [b77e0a4c] + InteractiveUtils
  [76f85450] + LibGit2
  [8f399da3] + Libdl
  [37e2e46d] + LinearAlgebra
  [56ddb016] + Logging
  [d6f4376e] + Markdown
  [a63ad114] + Mmap
  [44cfe95a] + Pkg
  [de0858da] + Printf
  [3fa0cd96] + REPL
  [9a3f8284] + Random
  [ea8e919c] + SHA
  [9e88b42a] + Serialization
  [1a1011a3] + SharedArrays
  [6462fe0b] + Sockets
  [2f01184e] + SparseArrays
  [10745b16] + Statistics
  [8dfed614] + Test
  [cf7118a7] + UUIDs
  [4ec0a83e] + Unicode
   Building Conda ─→ `~/.julia/packages/Conda/3rPhK/deps/build.log`
   Building PyCall → `~/.julia/packages/PyCall/zqDXB/deps/build.log`
   Building NNlib ─→ `~/.julia/packages/NNlib/FAI3o/deps/build.log`
   Building FFTW ──→ `~/.julia/packages/FFTW/kcXL6/deps/build.log`
    Testing CMBLensing
Status `/tmp/jl_zsaw7C/Project.toml`
  [c7e460c6] ArgParse v1.1.0
  [b60c06c0] CMBLensing v0.3.0
  [a8cc5b0e] Crayons v4.0.3
  [08abe8d2] PrettyTables v0.9.1
  [e88e6eb3] Zygote v0.4.20
  [8bb1440f] DelimitedFiles
  [37e2e46d] LinearAlgebra
  [de0858da] Printf
  [2f01184e] SparseArrays
  [8dfed614] Test
Status `/tmp/jl_zsaw7C/Manifest.toml`
  [621f4979] AbstractFFTs v0.5.0
  [1520ce14] AbstractTrees v0.3.3
  [79e6a3ab] Adapt v1.1.0
  [c7e460c6] ArgParse v1.1.0
  [4fba245c] ArrayInterface v2.11.0
  [4c555306] ArrayLayouts v0.2.6
  [13072b0f] AxisAlgorithms v1.0.0
  [39de3d68] AxisArrays v0.4.3
  [b99e7846] BinaryProvider v0.5.10
  [fa961155] CEnum v0.3.0
  [b60c06c0] CMBLensing v0.3.0
  [3895d2a7] CUDAapi v4.0.0
  [c5f51814] CUDAdrv v6.3.0
  [be33ccc6] CUDAnative v3.2.0
  [49dc2e85] Calculus v0.5.1
  [aafaddc9] CatIndices v0.2.1
  [da1fd8a2] CodeTracking v1.0.0
  [944b1d66] CodecZlib v0.7.0
  [3da002f7] ColorTypes v0.10.8
  [c3611d14] ColorVectorSpace v0.8.5
  [5ae59095] Colors v0.12.3
  [861a8166] Combinatorics v1.0.2
  [bbf7d656] CommonSubexpressions v0.3.0
  [34da2185] Compat v3.13.0
  [e66e0078] CompilerSupportLibraries_jll v0.3.3+0
  [ed09eef8] ComputationalResources v0.3.2
  [8f4d0f93] Conda v1.4.1
  [187b0558] ConstructionBase v1.0.0
  [a8cc5b0e] Crayons v4.0.3
  [f68482b8] Cthulhu v1.2.0
  [3a865a2d] CuArrays v2.2.2
  [dc8bdbbb] CustomUnitRanges v1.0.0
  [9a962f9c] DataAPI v1.3.0
  [864edb3b] DataStructures v0.17.20
  [e2d170a0] DataValueInterfaces v1.0.0
  [163ba53b] DiffResults v1.0.2
  [b552c78f] DiffRules v1.0.1
  [b4f34e82] Distances v0.8.2
  [da5c29d0] EllipsisNotation v0.4.0
  [e2ba6199] ExprTools v0.1.1
  [4f61f5a4] FFTViews v0.3.1
  [7a1cc6ca] FFTW v1.2.2
  [f5851436] FFTW_jll v3.3.9+5
  [5789e2e9] FileIO v1.4.1
  [1a297f60] FillArrays v0.8.14
  [6a86dc24] FiniteDiff v2.5.2
  [53c48c17] FixedPointNumbers v0.8.4
  [1eca21be] FoldingTrees v1.0.1
  [59287772] Formatting v0.4.1
  [f6369f11] ForwardDiff v0.10.12
  [0c68f7d7] GPUArrays v3.4.1
  [61eb1bfa] GPUCompiler v0.2.0
  [a2bd30eb] Graphics v1.0.2
  [7869d1d1] IRTools v0.3.3
  [2803e5a7] ImageAxes v0.6.4
  [a09fc81d] ImageCore v0.8.14
  [6a3955dd] ImageFiltering v0.6.14
  [bc367c6b] ImageMetadata v0.9.1
  [787d08f9] ImageMorphology v0.2.8
  [9b13fd28] IndirectArrays v0.5.1
  [1d5cc7b8] IntelOpenMP_jll v2018.0.3+0
  [a98d9a8b] Interpolations v0.12.10
  [8197267c] IntervalSets v0.5.1
  [c8e1da08] IterTools v1.3.0
  [82899510] IteratorInterfaceExtensions v1.0.0
  [033835bb] JLD2 v0.1.14
  [682c06a0] JSON v0.21.0
  [8e2b3108] KahanSummation v0.1.0
  [929cbde3] LLVM v1.6.0
  [50d2b5c4] Lazy v0.15.1
  [d3d80556] LineSearches v7.0.1
  [4345ca2d] Loess v0.5.1
  [856f044c] MKL_jll v2020.2.254+0
  [1914dd2f] MacroTools v0.5.5
  [dbb5928d] MappedArrays v0.2.2
  [7eb4fadd] Match v1.1.0
  [eff96d63] Measurements v2.2.1
  [6fafb56a] Memoization v0.1.4
  [e1d29d7a] Missings v0.4.3
  [e94cdb99] MosaicViews v0.2.2
  [d41bc354] NLSolversBase v7.6.3
  [872c559c] NNlib v0.6.6
  [77ba4419] NaNMath v0.3.4
  [6fe1bfb0] OffsetArrays v1.1.2
  [efe28fd5] OpenSpecFun_jll v0.5.3+3
  [429524aa] Optim v0.20.6
  [bac558e1] OrderedCollections v1.3.0
  [5432bcbf] PaddedViews v0.5.5
  [d96e819e] Parameters v0.12.1
  [69de0a69] Parsers v1.0.10
  [85a6dd25] PositiveFactorizations v0.2.3
  [08abe8d2] PrettyTables v0.9.1
  [92933f4c] ProgressMeter v1.3.2
  [438e738f] PyCall v1.91.4
  [1fd47b50] QuadGK v2.4.0
  [b3c3ace0] RangeArrays v0.3.2
  [c84ed2f1] Ratios v0.4.0
  [3cdcf5f2] RecipesBase v1.0.2
  [189a3867] Reexport v0.2.0
  [ae029012] Requires v1.0.1
  [f2b01f46] Roots v0.8.4
  [efcf1570] Setfield v0.6.0
  [699a6c99] SimpleTraits v0.9.2
  [a2af1166] SortingAlgorithms v0.3.1
  [276daf66] SpecialFunctions v0.10.3
  [90137ffa] StaticArrays v0.12.4
  [2913bbd2] StatsBase v0.32.2
  [3783bdb8] TableTraits v1.0.0
  [bd369af6] Tables v1.0.5
  [b718987f] TextWrap v1.0.1
  [06e1c1a7] TiledIteration v0.2.4
  [a759f4b9] TimerOutputs v0.5.6
  [3bb67fe8] TranscodingStreams v0.9.5
  [3a884ed6] UnPack v1.0.2
  [81def892] VersionParsing v1.2.0
  [efce3f68] WoodburyMatrices v0.5.2
  [83775a58] Zlib_jll v1.2.11+15
  [e88e6eb3] Zygote v0.4.20
  [700de1a5] ZygoteRules v0.2.0
  [2a0f44e3] Base64
  [ade2ca70] Dates
  [8bb1440f] DelimitedFiles
  [8ba89e20] Distributed
  [9fa8497b] Future
  [b77e0a4c] InteractiveUtils
  [76f85450] LibGit2
  [8f399da3] Libdl
  [37e2e46d] LinearAlgebra
  [56ddb016] Logging
  [d6f4376e] Markdown
  [a63ad114] Mmap
  [44cfe95a] Pkg
  [de0858da] Printf
  [3fa0cd96] REPL
  [9a3f8284] Random
  [ea8e919c] SHA
  [9e88b42a] Serialization
  [1a1011a3] SharedArrays
  [6462fe0b] Sockets
  [2f01184e] SparseArrays
  [10745b16] Statistics
  [8dfed614] Test
  [cf7118a7] UUIDs
  [4ec0a83e] Unicode
WARNING: could not import Compiler.just_construct_ssa into Wrap
Lensing: Error During Test at /home/pkgeval/.julia/packages/CMBLensing/PIXnl/test/runtests.jl:465
  Got exception outside of a @test
  PyError (PyImport_ImportModule
  
  The Python package camb could not be found by pyimport. Usually this means
  that you did not install camb in the Python version being used by PyCall.
  
  PyCall is currently configured to use the Python version at:
  
  /usr/bin/python3
  
  and you should use whatever mechanism you usually use (apt-get, pip, conda,
  etcetera) to install the Python package containing the camb module.
  
  One alternative is to re-configure PyCall to use a different Python
  version on your system: set ENV["PYTHON"] to the path/name of the python
  executable you want to use, run Pkg.build("PyCall"), and re-launch Julia.
  
  Another alternative is to configure PyCall to use a Julia-specific Python
  distribution via the Conda.jl package (which installs a private Anaconda
  Python distribution), which has the advantage that packages can be installed
  and kept up-to-date via Julia.  As explained in the PyCall documentation,
  set ENV["PYTHON"]="", run Pkg.build("PyCall"), and re-launch Julia. Then,
  To install the camb module, you can use `pyimport_conda("camb", PKG)`,
  where PKG is the Anaconda package the contains the module camb,
  or alternatively you can use the Conda package directly (via
  `using Conda` followed by `Conda.add` etcetera).
  
  ) <class 'ModuleNotFoundError'>
  ModuleNotFoundError("No module named 'camb'",)
  
  Stacktrace:
   [1] pyimport(::String) at /home/pkgeval/.julia/packages/PyCall/zqDXB/src/PyCall.jl:536
   [2] pyimport(::Symbol) at /home/pkgeval/.julia/packages/PyCall/zqDXB/src/PyCall.jl:543
   [3] #invokelatest#1 at ./essentials.jl:710 [inlined]
   [4] invokelatest at ./essentials.jl:709 [inlined]
   [5] (::CMBLensing.var"#119#125"{CMBLensing.var"#119#120#126"})(::Symbol; kwargs::Base.Iterators.Pairs{Union{},Union{},Tuple{},NamedTuple{(),Tuple{}}}) at /home/pkgeval/.julia/packages/CMBLensing/PIXnl/src/util.jl:272
   [6] #119 at /home/pkgeval/.julia/packages/CMBLensing/PIXnl/src/util.jl:272 [inlined]
   [7] macro expansion at /home/pkgeval/.julia/packages/CMBLensing/PIXnl/src/cls.jl:125 [inlined]
   [8] (::CMBLensing.var"##getter#258#124"{Int64,Float64,Float64,Float64,Float64,Float64,Float64,Nothing,Float64,Float64,Float64,Int64,Float64})() at /home/pkgeval/.julia/packages/Memoization/3FKUZ/src/Memoization.jl:88
   [9] get! at ./iddict.jl:152 [inlined]
   [10] _get! at /home/pkgeval/.julia/packages/Memoization/3FKUZ/src/Memoization.jl:107 [inlined]
   [11] #camb#118 at /home/pkgeval/.julia/packages/Memoization/3FKUZ/src/Memoization.jl:90 [inlined]
   [12] camb() at /home/pkgeval/.julia/packages/Memoization/3FKUZ/src/Memoization.jl:88
   [13] top-level scope at /home/pkgeval/.julia/packages/CMBLensing/PIXnl/test/runtests.jl:469
   [14] top-level scope at /buildworker/worker/package_linux64/build/usr/share/julia/stdlib/v1.5/Test/src/Test.jl:1115
   [15] top-level scope at /home/pkgeval/.julia/packages/CMBLensing/PIXnl/test/runtests.jl:467
   [16] top-level scope at /buildworker/worker/package_linux64/build/usr/share/julia/stdlib/v1.5/Test/src/Test.jl:1115
   [17] top-level scope at /home/pkgeval/.julia/packages/CMBLensing/PIXnl/test/runtests.jl:22
   [18] include(::String) at ./client.jl:457
   [19] top-level scope at none:6
   [20] eval(::Module, ::Any) at ./boot.jl:331
   [21] exec_options(::Base.JLOptions) at ./client.jl:272
   [22] _start() at ./client.jl:506
  
Posterior: Error During Test at /home/pkgeval/.julia/packages/CMBLensing/PIXnl/test/runtests.jl:514
  Got exception outside of a @test
  PyError (PyImport_ImportModule
  
  The Python package camb could not be found by pyimport. Usually this means
  that you did not install camb in the Python version being used by PyCall.
  
  PyCall is currently configured to use the Python version at:
  
  /usr/bin/python3
  
  and you should use whatever mechanism you usually use (apt-get, pip, conda,
  etcetera) to install the Python package containing the camb module.
  
  One alternative is to re-configure PyCall to use a different Python
  version on your system: set ENV["PYTHON"] to the path/name of the python
  executable you want to use, run Pkg.build("PyCall"), and re-launch Julia.
  
  Another alternative is to configure PyCall to use a Julia-specific Python
  distribution via the Conda.jl package (which installs a private Anaconda
  Python distribution), which has the advantage that packages can be installed
  and kept up-to-date via Julia.  As explained in the PyCall documentation,
  set ENV["PYTHON"]="", run Pkg.build("PyCall"), and re-launch Julia. Then,
  To install the camb module, you can use `pyimport_conda("camb", PKG)`,
  where PKG is the Anaconda package the contains the module camb,
  or alternatively you can use the Conda package directly (via
  `using Conda` followed by `Conda.add` etcetera).
  
  ) <class 'ModuleNotFoundError'>
  ModuleNotFoundError("No module named 'camb'",)
  
  Stacktrace:
   [1] pyimport(::String) at /home/pkgeval/.julia/packages/PyCall/zqDXB/src/PyCall.jl:536
   [2] pyimport(::Symbol) at /home/pkgeval/.julia/packages/PyCall/zqDXB/src/PyCall.jl:543
   [3] #invokelatest#1 at ./essentials.jl:710 [inlined]
   [4] invokelatest at ./essentials.jl:709 [inlined]
   [5] (::CMBLensing.var"#119#125"{CMBLensing.var"#119#120#126"})(::Symbol; kwargs::Base.Iterators.Pairs{Union{},Union{},Tuple{},NamedTuple{(),Tuple{}}}) at /home/pkgeval/.julia/packages/CMBLensing/PIXnl/src/util.jl:272
   [6] #119 at /home/pkgeval/.julia/packages/CMBLensing/PIXnl/src/util.jl:272 [inlined]
   [7] macro expansion at /home/pkgeval/.julia/packages/CMBLensing/PIXnl/src/cls.jl:125 [inlined]
   [8] (::CMBLensing.var"##getter#258#124"{Int64,Float64,Float64,Float64,Float64,Float64,Float64,Nothing,Float64,Float64,Float64,Int64,Float64})() at /home/pkgeval/.julia/packages/Memoization/3FKUZ/src/Memoization.jl:88
   [9] get! at ./iddict.jl:152 [inlined]
   [10] _get! at /home/pkgeval/.julia/packages/Memoization/3FKUZ/src/Memoization.jl:107 [inlined]
   [11] #camb#118 at /home/pkgeval/.julia/packages/Memoization/3FKUZ/src/Memoization.jl:90 [inlined]
   [12] camb() at /home/pkgeval/.julia/packages/Memoization/3FKUZ/src/Memoization.jl:88
   [13] top-level scope at /home/pkgeval/.julia/packages/CMBLensing/PIXnl/test/runtests.jl:516
   [14] top-level scope at /buildworker/worker/package_linux64/build/usr/share/julia/stdlib/v1.5/Test/src/Test.jl:1115
   [15] top-level scope at /home/pkgeval/.julia/packages/CMBLensing/PIXnl/test/runtests.jl:516
   [16] top-level scope at /buildworker/worker/package_linux64/build/usr/share/julia/stdlib/v1.5/Test/src/Test.jl:1115
   [17] top-level scope at /home/pkgeval/.julia/packages/CMBLensing/PIXnl/test/runtests.jl:22
   [18] include(::String) at ./client.jl:457
   [19] top-level scope at none:6
   [20] eval(::Module, ::Any) at ./boot.jl:331
   [21] exec_options(::Base.JLOptions) at ./client.jl:272
   [22] _start() at ./client.jl:506
  
Test Summary:       | Pass  Error  Broken  Total
CMBLensing          |  572      2       4    578
  Printing          |   10                    10
  FieldTuples       |   27                    27
  Flat Constructors |   65                    65
  Algebra           |  215              1    216
  FlatS02           |   11              1     12
  BatchedReal       |    8                     8
  Gradients         |    6                     6
  Misc              |    2                     2
  Cℓs               |    3                     3
  ParamDependentOp  |    5                     5
  Chains            |    8                     8
  Zygote            |  212              2    214
  Lensing           |           1              1
  Posterior         |           1              1
ERROR: LoadError: Some tests did not pass: 572 passed, 0 failed, 2 errored, 4 broken.
in expression starting at /home/pkgeval/.julia/packages/CMBLensing/PIXnl/test/runtests.jl:15
ERROR: Package CMBLensing errored during testing
Stacktrace:
 [1] pkgerror(::String) at /buildworker/worker/package_linux64/build/usr/share/julia/stdlib/v1.5/Pkg/src/Types.jl:52
 [2] test(::Pkg.Types.Context, ::Array{Pkg.Types.PackageSpec,1}; coverage::Bool, julia_args::Cmd, test_args::Cmd, test_fn::Nothing) at /buildworker/worker/package_linux64/build/usr/share/julia/stdlib/v1.5/Pkg/src/Operations.jl:1566
 [3] test(::Pkg.Types.Context, ::Array{Pkg.Types.PackageSpec,1}; coverage::Bool, test_fn::Nothing, julia_args::Cmd, test_args::Cmd, kwargs::Base.Iterators.Pairs{Union{},Union{},Tuple{},NamedTuple{(),Tuple{}}}) at /buildworker/worker/package_linux64/build/usr/share/julia/stdlib/v1.5/Pkg/src/API.jl:328
 [4] test(::Pkg.Types.Context, ::Array{Pkg.Types.PackageSpec,1}) at /buildworker/worker/package_linux64/build/usr/share/julia/stdlib/v1.5/Pkg/src/API.jl:315
 [5] #test#61 at /buildworker/worker/package_linux64/build/usr/share/julia/stdlib/v1.5/Pkg/src/API.jl:67 [inlined]
 [6] test at /buildworker/worker/package_linux64/build/usr/share/julia/stdlib/v1.5/Pkg/src/API.jl:67 [inlined]
 [7] #test#60 at /buildworker/worker/package_linux64/build/usr/share/julia/stdlib/v1.5/Pkg/src/API.jl:66 [inlined]
 [8] test at /buildworker/worker/package_linux64/build/usr/share/julia/stdlib/v1.5/Pkg/src/API.jl:66 [inlined]
 [9] test(::String; kwargs::Base.Iterators.Pairs{Union{},Union{},Tuple{},NamedTuple{(),Tuple{}}}) at /buildworker/worker/package_linux64/build/usr/share/julia/stdlib/v1.5/Pkg/src/API.jl:65
 [10] test(::String) at /buildworker/worker/package_linux64/build/usr/share/julia/stdlib/v1.5/Pkg/src/API.jl:65
 [11] top-level scope at none:16
