Current time is 2020-10-25T20:15:53.073
Julia Version 1.5.3-pre.0
Commit 5905edebb1 (2020-09-24 05:09 UTC)
Platform Info:
  OS: Linux (x86_64-pc-linux-gnu)
  CPU: AMD EPYC 7502 32-Core Processor
  WORD_SIZE: 64
  LIBM: libopenlibm
  LLVM: libLLVM-9.0.1 (ORCJIT, znver2)
Environment:
  JULIA_DEPOT_PATH = ::/usr/local/share/julia
  JULIA_NUM_THREADS = 2
  JULIA_MAX_NUM_PRECOMPILE_FILES = 9223372036854775807
  JULIA_PKG_SERVER = 

Starting installation at 2020-10-25T20:15:56.118
  Resolving package versions...
  Installed AbstractLattices ─── v0.2.1
  Installed AbstractTensors ──── v0.6.3
  Installed ComputedFieldTypes ─ v0.1.0
  Installed Leibniz ──────────── v0.1.2
  Installed Combinatorics ────── v1.0.2
  Installed DirectSum ────────── v0.7.4
Updating `~/.julia/environments/v1.5/Project.toml`
  [22fd7b30] + DirectSum v0.7.4
Updating `~/.julia/environments/v1.5/Manifest.toml`
  [398f06c4] + AbstractLattices v0.2.1
  [a8e43f4a] + AbstractTensors v0.6.3
  [861a8166] + Combinatorics v1.0.2
  [459fdd68] + ComputedFieldTypes v0.1.0
  [22fd7b30] + DirectSum v0.7.4
  [edad4870] + Leibniz v0.1.2
  [2a0f44e3] + Base64
  [8ba89e20] + Distributed
  [b77e0a4c] + InteractiveUtils
  [8f399da3] + Libdl
  [37e2e46d] + LinearAlgebra
  [56ddb016] + Logging
  [d6f4376e] + Markdown
  [9a3f8284] + Random
  [9e88b42a] + Serialization
  [6462fe0b] + Sockets
  [8dfed614] + Test
Starting tests at 2020-10-25T20:16:00.756
    Testing DirectSum
Status `/tmp/jl_e3cdA8/Project.toml`
  [a8e43f4a] AbstractTensors v0.6.3
  [459fdd68] ComputedFieldTypes v0.1.0
  [22fd7b30] DirectSum v0.7.4
  [edad4870] Leibniz v0.1.2
  [37e2e46d] LinearAlgebra
  [9a3f8284] Random
  [8dfed614] Test
Status `/tmp/jl_e3cdA8/Manifest.toml`
  [398f06c4] AbstractLattices v0.2.1
  [a8e43f4a] AbstractTensors v0.6.3
  [861a8166] Combinatorics v1.0.2
  [459fdd68] ComputedFieldTypes v0.1.0
  [22fd7b30] DirectSum v0.7.4
  [edad4870] Leibniz v0.1.2
  [2a0f44e3] Base64
  [8ba89e20] Distributed
  [b77e0a4c] InteractiveUtils
  [8f399da3] Libdl
  [37e2e46d] LinearAlgebra
  [56ddb016] Logging
  [d6f4376e] Markdown
  [9a3f8284] Random
  [9e88b42a] Serialization
  [6462fe0b] Sockets
  [8dfed614] Test
    Testing DirectSum tests passed 
Finished at 2020-10-25T20:16:51.967
