Current time is 2020-10-25T21:33:40.44
Julia Version 1.5.3-pre.13
Commit 3de1115e9c (2020-10-23 21:58 UTC)
Platform Info:
  OS: Linux (x86_64-linux-gnu)
  CPU: AMD EPYC 7502 32-Core Processor
  WORD_SIZE: 64
  LIBM: libopenlibm
  LLVM: libLLVM-9.0.1 (ORCJIT, znver2)
Environment:
  JULIA_DEPOT_PATH = ::/usr/local/share/julia
  JULIA_NUM_THREADS = 2
  JULIA_MAX_NUM_PRECOMPILE_FILES = 9223372036854775807
  JULIA_PKG_SERVER = 

Starting installation at 2020-10-25T21:33:43.656
  Resolving package versions...
  Installed YearMonths ─ v1.0.0
Updating `~/.julia/environments/v1.5/Project.toml`
  [c2c48e9c] + YearMonths v1.0.0
Updating `~/.julia/environments/v1.5/Manifest.toml`
  [c2c48e9c] + YearMonths v1.0.0
  [ade2ca70] + Dates
  [de0858da] + Printf
  [4ec0a83e] + Unicode
Starting tests at 2020-10-25T21:33:45.051
    Testing YearMonths
Status `/tmp/jl_bCJwFY/Project.toml`
  [c2c48e9c] YearMonths v1.0.0
  [ade2ca70] Dates
  [8dfed614] Test
Status `/tmp/jl_bCJwFY/Manifest.toml`
  [c2c48e9c] YearMonths v1.0.0
  [2a0f44e3] Base64
  [ade2ca70] Dates
  [8ba89e20] Distributed
  [b77e0a4c] InteractiveUtils
  [56ddb016] Logging
  [d6f4376e] Markdown
  [de0858da] Printf
  [9a3f8284] Random
  [9e88b42a] Serialization
  [6462fe0b] Sockets
  [8dfed614] Test
  [4ec0a83e] Unicode
YearMonth("2018-12")
Test Summary: | Pass  Total
Constructors  |   18     18
Test Summary: | Pass  Total
Math          |   15     15
Test Summary: | Pass  Total
Conversions   |    4      4
Test Summary: | Pass  Total
Tutorial      |   15     15
    Testing YearMonths tests passed 
Finished at 2020-10-25T21:33:51.372
