Current time is 2020-10-25T19:44:40.024
Julia Version 1.5.3-pre.0
Commit 5905edebb1 (2020-09-24 05:09 UTC)
Platform Info:
  OS: Linux (x86_64-pc-linux-gnu)
  CPU: AMD EPYC 7502 32-Core Processor
  WORD_SIZE: 64
  LIBM: libopenlibm
  LLVM: libLLVM-9.0.1 (ORCJIT, znver2)
Environment:
  JULIA_DEPOT_PATH = ::/usr/local/share/julia
  JULIA_NUM_THREADS = 2
  JULIA_MAX_NUM_PRECOMPILE_FILES = 9223372036854775807
  JULIA_PKG_SERVER = 

Starting installation at 2020-10-25T19:44:43.516
  Resolving package versions...
  Installed PaddedViews ────────────────── v0.5.6
  Installed Pidfile ────────────────────── v1.2.0
  Installed MosaicViews ────────────────── v0.2.3
  Installed URIParser ──────────────────── v0.4.1
  Installed Observables ────────────────── v0.3.2
  Installed StatsBase ──────────────────── v0.33.2
  Installed HTTP ───────────────────────── v0.8.19
  Installed DynamicGridsInteract ───────── v0.3.3
  Installed Missings ───────────────────── v0.4.4
  Installed ImageShow ──────────────────── v0.2.3
  Installed RecipesBase ────────────────── v1.1.0
  Installed MacroTools ─────────────────── v0.5.6
  Installed Widgets ────────────────────── v0.6.2
  Installed Mux ────────────────────────── v0.7.3
  Installed DataAPI ────────────────────── v1.3.0
  Installed Compat ─────────────────────── v3.22.0
  Installed Reexport ───────────────────── v0.2.0
  Installed CompilerSupportLibraries_jll ─ v0.3.4+0
  Installed Interact ───────────────────── v0.10.3
  Installed DimensionalData ────────────── v0.13.3
  Installed ConstructionBase ───────────── v1.0.0
  Installed StructArrays ───────────────── v0.4.4
  Installed OffsetArrays ───────────────── v1.3.1
  Installed CSSUtil ────────────────────── v0.1.1
  Installed Colors ─────────────────────── v0.12.4
  Installed WebIO ──────────────────────── v0.8.15
  Installed FieldDocTables ─────────────── v0.1.0
  Installed EarCut_jll ─────────────────── v2.1.5+0
  Installed FunctionalCollections ──────── v0.5.0
  Installed Measures ───────────────────── v0.3.1
  Installed Mustache ───────────────────── v1.0.8
  Installed Parameters ─────────────────── v0.12.1
  Installed JSON ───────────────────────── v0.21.1
  Installed Zlib_jll ───────────────────── v1.2.11+18
  Installed OrderedCollections ─────────── v1.3.1
  Installed Artifacts ──────────────────── v1.3.0
  Installed FixedPointNumbers ──────────── v0.8.4
  Installed Formatting ─────────────────── v0.4.1
  Installed Tables ─────────────────────── v1.1.0
  Installed IterTools ──────────────────── v1.3.0
  Installed Hiccup ─────────────────────── v0.2.2
  Installed Bzip2_jll ──────────────────── v1.0.6+5
  Installed StaticArrays ───────────────── v0.12.4
  Installed Requires ───────────────────── v1.1.0
  Installed ColorTypes ─────────────────── v0.10.9
  Installed MbedTLS ────────────────────── v1.0.2
  Installed OpenSpecFun_jll ────────────── v0.5.3+4
  Installed FreeTypeAbstraction ────────── v0.8.1
  Installed UnPack ─────────────────────── v1.0.2
  Installed NaNMath ────────────────────── v0.3.4
  Installed MappedArrays ───────────────── v0.2.2
  Installed Knockout ───────────────────── v0.2.4
  Installed Mixers ─────────────────────── v0.1.1
  Installed MbedTLS_jll ────────────────── v2.16.8+0
  Installed DocStringExtensions ────────── v0.8.3
  Installed JSExpr ─────────────────────── v0.5.2
  Installed WebSockets ─────────────────── v1.5.2
  Installed ColorVectorSpace ───────────── v0.8.6
  Installed BinDeps ────────────────────── v1.0.1
  Installed Setfield ───────────────────── v0.7.0
  Installed JLLWrappers ────────────────── v1.1.3
  Installed SpecialFunctions ───────────── v0.10.3
  Installed FieldMetadata ──────────────── v0.3.0
  Installed UnicodeGraphics ────────────── v0.1.2
  Installed Crayons ────────────────────── v4.0.4
  Installed AssetRegistry ──────────────── v0.1.0
  Installed Flatten ────────────────────── v0.3.5
  Installed GeometryBasics ─────────────── v0.3.3
  Installed Lazy ───────────────────────── v0.15.1
  Installed Graphics ───────────────────── v1.0.2
  Installed ImageCore ──────────────────── v0.8.18
  Installed CEnum ──────────────────────── v0.4.1
  Installed FileIO ─────────────────────── v1.4.3
  Installed InteractBase ───────────────── v0.10.5
  Installed FreeType ───────────────────── v3.0.1
  Installed SortingAlgorithms ──────────── v0.3.1
  Installed FieldDefaults ──────────────── v0.3.1
  Installed TableTraits ────────────────── v1.0.0
  Installed IteratorInterfaceExtensions ── v1.0.0
  Installed PrettyTables ───────────────── v0.9.1
  Installed Adapt ──────────────────────── v2.3.0
  Installed IniFile ────────────────────── v0.5.0
  Installed FreeType2_jll ──────────────── v2.10.1+5
  Installed Parsers ────────────────────── v1.0.11
  Installed DataValueInterfaces ────────── v1.0.0
  Installed DynamicGrids ───────────────── v0.10.8
  Installed DataStructures ─────────────── v0.18.8
  Installed Blink ──────────────────────── v0.12.3
Updating `~/.julia/environments/v1.5/Project.toml`
  [3ccff026] + DynamicGridsInteract v0.3.3
Updating `~/.julia/environments/v1.5/Manifest.toml`
  [79e6a3ab] + Adapt v2.3.0
  [56f22d72] + Artifacts v1.3.0
  [bf4720bc] + AssetRegistry v0.1.0
  [9e28174c] + BinDeps v1.0.1
  [ad839575] + Blink v0.12.3
  [6e34b625] + Bzip2_jll v1.0.6+5
  [fa961155] + CEnum v0.4.1
  [70588ee8] + CSSUtil v0.1.1
  [3da002f7] + ColorTypes v0.10.9
  [c3611d14] + ColorVectorSpace v0.8.6
  [5ae59095] + Colors v0.12.4
  [34da2185] + Compat v3.22.0
  [e66e0078] + CompilerSupportLibraries_jll v0.3.4+0
  [187b0558] + ConstructionBase v1.0.0
  [a8cc5b0e] + Crayons v4.0.4
  [9a962f9c] + DataAPI v1.3.0
  [864edb3b] + DataStructures v0.18.8
  [e2d170a0] + DataValueInterfaces v1.0.0
  [0703355e] + DimensionalData v0.13.3
  [ffbed154] + DocStringExtensions v0.8.3
  [a5dba43e] + DynamicGrids v0.10.8
  [3ccff026] + DynamicGridsInteract v0.3.3
  [5ae413db] + EarCut_jll v2.1.5+0
  [49426c49] + FieldDefaults v0.3.1
  [a5d692f0] + FieldDocTables v0.1.0
  [bf96fef3] + FieldMetadata v0.3.0
  [5789e2e9] + FileIO v1.4.3
  [53c48c17] + FixedPointNumbers v0.8.4
  [4c728ea3] + Flatten v0.3.5
  [59287772] + Formatting v0.4.1
  [b38be410] + FreeType v3.0.1
  [d7e528f0] + FreeType2_jll v2.10.1+5
  [663a7486] + FreeTypeAbstraction v0.8.1
  [de31a74c] + FunctionalCollections v0.5.0
  [5c1252a2] + GeometryBasics v0.3.3
  [a2bd30eb] + Graphics v1.0.2
  [cd3eb016] + HTTP v0.8.19
  [9fb69e20] + Hiccup v0.2.2
  [a09fc81d] + ImageCore v0.8.18
  [4e3cecfd] + ImageShow v0.2.3
  [83e8ac13] + IniFile v0.5.0
  [c601a237] + Interact v0.10.3
  [d3863d7c] + InteractBase v0.10.5
  [c8e1da08] + IterTools v1.3.0
  [82899510] + IteratorInterfaceExtensions v1.0.0
  [692b3bcd] + JLLWrappers v1.1.3
  [97c1335a] + JSExpr v0.5.2
  [682c06a0] + JSON v0.21.1
  [bcebb21b] + Knockout v0.2.4
  [50d2b5c4] + Lazy v0.15.1
  [1914dd2f] + MacroTools v0.5.6
  [dbb5928d] + MappedArrays v0.2.2
  [739be429] + MbedTLS v1.0.2
  [c8ffd9c3] + MbedTLS_jll v2.16.8+0
  [442fdcdd] + Measures v0.3.1
  [e1d29d7a] + Missings v0.4.4
  [2a8e4939] + Mixers v0.1.1
  [e94cdb99] + MosaicViews v0.2.3
  [ffc61752] + Mustache v1.0.8
  [a975b10e] + Mux v0.7.3
  [77ba4419] + NaNMath v0.3.4
  [510215fc] + Observables v0.3.2
  [6fe1bfb0] + OffsetArrays v1.3.1
  [efe28fd5] + OpenSpecFun_jll v0.5.3+4
  [bac558e1] + OrderedCollections v1.3.1
  [5432bcbf] + PaddedViews v0.5.6
  [d96e819e] + Parameters v0.12.1
  [69de0a69] + Parsers v1.0.11
  [fa939f87] + Pidfile v1.2.0
  [08abe8d2] + PrettyTables v0.9.1
  [3cdcf5f2] + RecipesBase v1.1.0
  [189a3867] + Reexport v0.2.0
  [ae029012] + Requires v1.1.0
  [efcf1570] + Setfield v0.7.0
  [a2af1166] + SortingAlgorithms v0.3.1
  [276daf66] + SpecialFunctions v0.10.3
  [90137ffa] + StaticArrays v0.12.4
  [2913bbd2] + StatsBase v0.33.2
  [09ab397b] + StructArrays v0.4.4
  [3783bdb8] + TableTraits v1.0.0
  [bd369af6] + Tables v1.1.0
  [30578b45] + URIParser v0.4.1
  [3a884ed6] + UnPack v1.0.2
  [ebadf6b4] + UnicodeGraphics v0.1.2
  [0f1e0344] + WebIO v0.8.15
  [104b5d7c] + WebSockets v1.5.2
  [cc8bc4a8] + Widgets v0.6.2
  [83775a58] + Zlib_jll v1.2.11+18
  [2a0f44e3] + Base64
  [ade2ca70] + Dates
  [8bb1440f] + DelimitedFiles
  [8ba89e20] + Distributed
  [7b1f6079] + FileWatching
  [9fa8497b] + Future
  [b77e0a4c] + InteractiveUtils
  [76f85450] + LibGit2
  [8f399da3] + Libdl
  [37e2e46d] + LinearAlgebra
  [56ddb016] + Logging
  [d6f4376e] + Markdown
  [a63ad114] + Mmap
  [44cfe95a] + Pkg
  [de0858da] + Printf
  [3fa0cd96] + REPL
  [9a3f8284] + Random
  [ea8e919c] + SHA
  [9e88b42a] + Serialization
  [1a1011a3] + SharedArrays
  [6462fe0b] + Sockets
  [2f01184e] + SparseArrays
  [10745b16] + Statistics
  [8dfed614] + Test
  [cf7118a7] + UUIDs
  [4ec0a83e] + Unicode
   Building WebIO ───────→ `~/.julia/packages/WebIO/Fy9h1/deps/build.log`
   Building Knockout ────→ `~/.julia/packages/Knockout/IP1uR/deps/build.log`
   Building InteractBase → `~/.julia/packages/InteractBase/sOe2Z/deps/build.log`
   Building Interact ────→ `~/.julia/packages/Interact/SbgIk/deps/build.log`
   Building Blink ───────→ `~/.julia/packages/Blink/u1xcH/deps/build.log`
Starting tests at 2020-10-25T19:45:20.947
    Testing DynamicGridsInteract
Status `/tmp/jl_ugNFH1/Project.toml`
  [ad839575] Blink v0.12.3
  [35d6a980] ColorSchemes v3.10.1
  [5ae59095] Colors v0.12.4
  [a5dba43e] DynamicGrids v0.10.8
  [3ccff026] DynamicGridsInteract v0.3.3
  [49426c49] FieldDefaults v0.3.1
  [bf96fef3] FieldMetadata v0.3.0
  [4c728ea3] Flatten v0.3.5
  [6218d12a] ImageMagick v1.1.6
  [4e3cecfd] ImageShow v0.2.3
  [c601a237] Interact v0.10.3
  [d3863d7c] InteractBase v0.10.5
  [a975b10e] Mux v0.7.3
  [0f1e0344] WebIO v0.8.15
  [104b5d7c] WebSockets v1.5.2
  [8dfed614] Test
Status `/tmp/jl_ugNFH1/Manifest.toml`
  [79e6a3ab] Adapt v2.3.0
  [56f22d72] Artifacts v1.3.0
  [bf4720bc] AssetRegistry v0.1.0
  [9e28174c] BinDeps v1.0.1
  [ad839575] Blink v0.12.3
  [6e34b625] Bzip2_jll v1.0.6+5
  [fa961155] CEnum v0.4.1
  [70588ee8] CSSUtil v0.1.1
  [35d6a980] ColorSchemes v3.10.1
  [3da002f7] ColorTypes v0.10.9
  [c3611d14] ColorVectorSpace v0.8.6
  [5ae59095] Colors v0.12.4
  [34da2185] Compat v3.22.0
  [e66e0078] CompilerSupportLibraries_jll v0.3.4+0
  [187b0558] ConstructionBase v1.0.0
  [a8cc5b0e] Crayons v4.0.4
  [9a962f9c] DataAPI v1.3.0
  [864edb3b] DataStructures v0.18.8
  [e2d170a0] DataValueInterfaces v1.0.0
  [0703355e] DimensionalData v0.13.3
  [ffbed154] DocStringExtensions v0.8.3
  [a5dba43e] DynamicGrids v0.10.8
  [3ccff026] DynamicGridsInteract v0.3.3
  [5ae413db] EarCut_jll v2.1.5+0
  [49426c49] FieldDefaults v0.3.1
  [a5d692f0] FieldDocTables v0.1.0
  [bf96fef3] FieldMetadata v0.3.0
  [5789e2e9] FileIO v1.4.3
  [53c48c17] FixedPointNumbers v0.8.4
  [4c728ea3] Flatten v0.3.5
  [59287772] Formatting v0.4.1
  [b38be410] FreeType v3.0.1
  [d7e528f0] FreeType2_jll v2.10.1+5
  [663a7486] FreeTypeAbstraction v0.8.1
  [de31a74c] FunctionalCollections v0.5.0
  [5c1252a2] GeometryBasics v0.3.3
  [a2bd30eb] Graphics v1.0.2
  [cd3eb016] HTTP v0.8.19
  [9fb69e20] Hiccup v0.2.2
  [a09fc81d] ImageCore v0.8.18
  [6218d12a] ImageMagick v1.1.6
  [c73af94c] ImageMagick_jll v6.9.10-12+3
  [4e3cecfd] ImageShow v0.2.3
  [83e8ac13] IniFile v0.5.0
  [c601a237] Interact v0.10.3
  [d3863d7c] InteractBase v0.10.5
  [c8e1da08] IterTools v1.3.0
  [82899510] IteratorInterfaceExtensions v1.0.0
  [692b3bcd] JLLWrappers v1.1.3
  [97c1335a] JSExpr v0.5.2
  [682c06a0] JSON v0.21.1
  [aacddb02] JpegTurbo_jll v2.0.1+3
  [bcebb21b] Knockout v0.2.4
  [50d2b5c4] Lazy v0.15.1
  [89763e89] Libtiff_jll v4.1.0+2
  [1914dd2f] MacroTools v0.5.6
  [dbb5928d] MappedArrays v0.2.2
  [739be429] MbedTLS v1.0.2
  [c8ffd9c3] MbedTLS_jll v2.16.8+0
  [442fdcdd] Measures v0.3.1
  [e1d29d7a] Missings v0.4.4
  [2a8e4939] Mixers v0.1.1
  [e94cdb99] MosaicViews v0.2.3
  [ffc61752] Mustache v1.0.8
  [a975b10e] Mux v0.7.3
  [77ba4419] NaNMath v0.3.4
  [510215fc] Observables v0.3.2
  [6fe1bfb0] OffsetArrays v1.3.1
  [efe28fd5] OpenSpecFun_jll v0.5.3+4
  [bac558e1] OrderedCollections v1.3.1
  [5432bcbf] PaddedViews v0.5.6
  [d96e819e] Parameters v0.12.1
  [69de0a69] Parsers v1.0.11
  [fa939f87] Pidfile v1.2.0
  [08abe8d2] PrettyTables v0.9.1
  [3cdcf5f2] RecipesBase v1.1.0
  [189a3867] Reexport v0.2.0
  [ae029012] Requires v1.1.0
  [efcf1570] Setfield v0.7.0
  [a2af1166] SortingAlgorithms v0.3.1
  [276daf66] SpecialFunctions v0.10.3
  [90137ffa] StaticArrays v0.12.4
  [2913bbd2] StatsBase v0.33.2
  [09ab397b] StructArrays v0.4.4
  [3783bdb8] TableTraits v1.0.0
  [bd369af6] Tables v1.1.0
  [30578b45] URIParser v0.4.1
  [3a884ed6] UnPack v1.0.2
  [ebadf6b4] UnicodeGraphics v0.1.2
  [0f1e0344] WebIO v0.8.15
  [104b5d7c] WebSockets v1.5.2
  [cc8bc4a8] Widgets v0.6.2
  [83775a58] Zlib_jll v1.2.11+18
  [3161d3a3] Zstd_jll v1.4.5+2
  [b53b4c65] libpng_jll v1.6.37+6
  [2a0f44e3] Base64
  [ade2ca70] Dates
  [8bb1440f] DelimitedFiles
  [8ba89e20] Distributed
  [7b1f6079] FileWatching
  [9fa8497b] Future
  [b77e0a4c] InteractiveUtils
  [76f85450] LibGit2
  [8f399da3] Libdl
  [37e2e46d] LinearAlgebra
  [56ddb016] Logging
  [d6f4376e] Markdown
  [a63ad114] Mmap
  [44cfe95a] Pkg
  [de0858da] Printf
  [3fa0cd96] REPL
  [9a3f8284] Random
  [ea8e919c] SHA
  [9e88b42a] Serialization
  [1a1011a3] SharedArrays
  [6462fe0b] Sockets
  [2f01184e] SparseArrays
  [10745b16] Statistics
  [8dfed614] Test
  [cf7118a7] UUIDs
  [4ec0a83e] Unicode
frame: 1 at: 1
frame: 2 at: 2
frame: 2 at: 2
frame: 3 at: 3
frame: 4 at: 4
frame: 5 at: 5
frame: 5 at: 5
frame: 1 at: 1
frame: 2 at: 2
frame: 3 at: 3
frame: 3 at: 3
frame: 4 at: 4
frame: 5 at: 5
frame: 5 at: 5
Test Summary:  | Pass  Total
InteractOutput |    5      5
ElectronOutput: Error During Test at /home/pkgeval/.julia/packages/DynamicGridsInteract/qsKyS/test/runtests.jl:76
  Got exception outside of a @test
  IOError: connect: connection refused (ECONNREFUSED)
  Stacktrace:
   [1] wait_connected(::Sockets.TCPSocket) at /buildworker/worker/package_linux64/build/usr/share/julia/stdlib/v1.5/Sockets/src/Sockets.jl:525
   [2] connect at /buildworker/worker/package_linux64/build/usr/share/julia/stdlib/v1.5/Sockets/src/Sockets.jl:560 [inlined]
   [3] connect(::Sockets.IPv4, ::Int64) at /buildworker/worker/package_linux64/build/usr/share/julia/stdlib/v1.5/Sockets/src/Sockets.jl:546
   [4] try_connect(::Sockets.IPv4, ::Vararg{Any,N} where N; interval::Float64, attempts::Int64) at /home/pkgeval/.julia/packages/Blink/u1xcH/src/AtomShell/process.jl:79
   [5] try_connect at /home/pkgeval/.julia/packages/Blink/u1xcH/src/AtomShell/process.jl:77 [inlined]
   [6] init(; debug::Bool) at /home/pkgeval/.julia/packages/Blink/u1xcH/src/AtomShell/process.jl:93
   [7] shell(; debug::Bool) at /home/pkgeval/.julia/packages/Blink/u1xcH/src/AtomShell/process.jl:149
   [8] shell at /home/pkgeval/.julia/packages/Blink/u1xcH/src/AtomShell/process.jl:144 [inlined]
   [9] #Window#14 at /home/pkgeval/.julia/packages/Blink/u1xcH/src/AtomShell/window.jl:89 [inlined]
   [10] Window at /home/pkgeval/.julia/packages/Blink/u1xcH/src/AtomShell/window.jl:89 [inlined]
   [11] newelectronwindow(::InteractOutput{Array{Bool,2},Array{Array{Bool,2},1},DynamicGrids.Extent{Array{Bool,2},Nothing,Nothing},DynamicGrids.GraphicConfig{Float64,Float64},DynamicGrids.ImageConfig{ColorProcessor{ColorScheme{StaticArrays.SArray{Tuple{32},RGB{Float64},1,32},String,String},Nothing,Nothing,Nothing},Nothing,Nothing},Ruleset{WrapOverflow,NoOpt,Int64,Nothing},WebIO.Node{WebIO.DOM},Observables.Observable{Any},Observables.Observable{Int64}}) at /home/pkgeval/.julia/packages/DynamicGridsInteract/qsKyS/src/electron.jl:87
   [12] #ElectronOutput#20 at /home/pkgeval/.julia/packages/DynamicGridsInteract/qsKyS/src/electron.jl:29 [inlined]
   [13] ElectronOutput(::Array{Bool,2}; extent::Nothing, graphicconfig::Nothing, imageconfig::Nothing, kwargs::Base.Iterators.Pairs{Symbol,Any,NTuple{4,Symbol},NamedTuple{(:ruleset, :tspan, :store, :processor),Tuple{Ruleset{WrapOverflow,NoOpt,Int64,Nothing},UnitRange{Int64},Bool,ColorProcessor{ColorScheme{StaticArrays.SArray{Tuple{32},RGB{Float64},1,32},String,String},Nothing,Nothing,Nothing}}}}) at /home/pkgeval/.julia/packages/DynamicGrids/CKvL4/src/outputs/image.jl:76
   [14] top-level scope at /home/pkgeval/.julia/packages/DynamicGridsInteract/qsKyS/test/runtests.jl:78
   [15] top-level scope at /buildworker/worker/package_linux64/build/usr/share/julia/stdlib/v1.5/Test/src/Test.jl:1115
   [16] top-level scope at /home/pkgeval/.julia/packages/DynamicGridsInteract/qsKyS/test/runtests.jl:77
   [17] include(::String) at ./client.jl:457
   [18] top-level scope at none:6
   [19] eval(::Module, ::Any) at ./boot.jl:331
   [20] exec_options(::Base.JLOptions) at ./client.jl:272
   [21] _start() at ./client.jl:506
  
Test Summary:  | Error  Total
ElectronOutput |     1      1
ERROR: LoadError: Some tests did not pass: 0 passed, 0 failed, 1 errored, 0 broken.
in expression starting at /home/pkgeval/.julia/packages/DynamicGridsInteract/qsKyS/test/runtests.jl:76
ERROR: Package DynamicGridsInteract errored during testing
Stacktrace:
 [1] pkgerror(::String) at /buildworker/worker/package_linux64/build/usr/share/julia/stdlib/v1.5/Pkg/src/Types.jl:52
 [2] test(::Pkg.Types.Context, ::Array{Pkg.Types.PackageSpec,1}; coverage::Bool, julia_args::Cmd, test_args::Cmd, test_fn::Nothing) at /buildworker/worker/package_linux64/build/usr/share/julia/stdlib/v1.5/Pkg/src/Operations.jl:1578
 [3] test(::Pkg.Types.Context, ::Array{Pkg.Types.PackageSpec,1}; coverage::Bool, test_fn::Nothing, julia_args::Cmd, test_args::Cmd, kwargs::Base.Iterators.Pairs{Union{},Union{},Tuple{},NamedTuple{(),Tuple{}}}) at /buildworker/worker/package_linux64/build/usr/share/julia/stdlib/v1.5/Pkg/src/API.jl:327
 [4] test(::Pkg.Types.Context, ::Array{Pkg.Types.PackageSpec,1}) at /buildworker/worker/package_linux64/build/usr/share/julia/stdlib/v1.5/Pkg/src/API.jl:314
 [5] #test#61 at /buildworker/worker/package_linux64/build/usr/share/julia/stdlib/v1.5/Pkg/src/API.jl:67 [inlined]
 [6] test at /buildworker/worker/package_linux64/build/usr/share/julia/stdlib/v1.5/Pkg/src/API.jl:67 [inlined]
 [7] #test#60 at /buildworker/worker/package_linux64/build/usr/share/julia/stdlib/v1.5/Pkg/src/API.jl:66 [inlined]
 [8] test at /buildworker/worker/package_linux64/build/usr/share/julia/stdlib/v1.5/Pkg/src/API.jl:66 [inlined]
 [9] test(::String; kwargs::Base.Iterators.Pairs{Union{},Union{},Tuple{},NamedTuple{(),Tuple{}}}) at /buildworker/worker/package_linux64/build/usr/share/julia/stdlib/v1.5/Pkg/src/API.jl:65
 [10] test(::String) at /buildworker/worker/package_linux64/build/usr/share/julia/stdlib/v1.5/Pkg/src/API.jl:65
 [11] top-level scope at none:35
