Julia Version 1.3.0
Commit 46ce4d7933 (2019-11-26 06:09 UTC)
Platform Info:
  OS: Linux (x86_64-pc-linux-gnu)
  CPU: Intel(R) Xeon(R) Silver 4114 CPU @ 2.20GHz
  WORD_SIZE: 64
  LIBM: libopenlibm
  LLVM: libLLVM-6.0.1 (ORCJIT, skylake)
Environment:
  JULIA_DEPOT_PATH = ::/usr/local/share/julia

 Resolving package versions...
 Installed TiledIteration ─ v0.2.3
 Installed OffsetArrays ─── v0.11.4
  Updating `~/.julia/environments/v1.3/Project.toml`
  [06e1c1a7] + TiledIteration v0.2.3
  Updating `~/.julia/environments/v1.3/Manifest.toml`
  [6fe1bfb0] + OffsetArrays v0.11.4
  [06e1c1a7] + TiledIteration v0.2.3
  [2a0f44e3] + Base64 
  [8ba89e20] + Distributed 
  [b77e0a4c] + InteractiveUtils 
  [56ddb016] + Logging 
  [d6f4376e] + Markdown 
  [9a3f8284] + Random 
  [9e88b42a] + Serialization 
  [6462fe0b] + Sockets 
  [8dfed614] + Test 
   Testing TiledIteration
    Status `/tmp/jl_PvWrYY/Manifest.toml`
  [6fe1bfb0] OffsetArrays v0.11.4
  [06e1c1a7] TiledIteration v0.2.3
  [2a0f44e3] Base64  [`@stdlib/Base64`]
  [8ba89e20] Distributed  [`@stdlib/Distributed`]
  [b77e0a4c] InteractiveUtils  [`@stdlib/InteractiveUtils`]
  [56ddb016] Logging  [`@stdlib/Logging`]
  [d6f4376e] Markdown  [`@stdlib/Markdown`]
  [9a3f8284] Random  [`@stdlib/Random`]
  [9e88b42a] Serialization  [`@stdlib/Serialization`]
  [6462fe0b] Sockets  [`@stdlib/Sockets`]
  [8dfed614] Test  [`@stdlib/Test`]
Test Summary:   |   Pass   Total
tiled iteration | 113232  113232
Test Summary:  | Pass  Total
edge iteration |   15     15
Test Summary: | Pass  Total
padded sizes  |    9      9
Test Summary: | Pass  Total
threads       |    2      2
Test Summary: | Pass  Total
TileBuffer    |   24     24
   Testing TiledIteration tests passed 
