Julia Version 1.5.2-pre.25
Commit be8475f41a (2020-09-09 06:41 UTC)
Platform Info:
  OS: Linux (x86_64-linux-gnu)
  CPU: Intel(R) Xeon(R) Silver 4114 CPU @ 2.20GHz
  WORD_SIZE: 64
  LIBM: libopenlibm
  LLVM: libLLVM-9.0.1 (ORCJIT, skylake-avx512)
Environment:
  JULIA_DEPOT_PATH = ::/usr/local/share/julia
  JULIA_NUM_THREADS = 2

  Resolving package versions...
  Installed KrylovMethods ─ v0.6.0
Updating `~/.julia/environments/v1.5/Project.toml`
  [9a2cd570] + KrylovMethods v0.6.0
Updating `~/.julia/environments/v1.5/Manifest.toml`
  [9a2cd570] + KrylovMethods v0.6.0
  [8f399da3] + Libdl
  [37e2e46d] + LinearAlgebra
  [de0858da] + Printf
  [9a3f8284] + Random
  [9e88b42a] + Serialization
  [2f01184e] + SparseArrays
  [4ec0a83e] + Unicode
    Testing KrylovMethods
Status `/tmp/jl_kzqLL2/Project.toml`
  [9a2cd570] KrylovMethods v0.6.0
  [5c8ed15e] LinearOperators v1.1.0
  [37e2e46d] LinearAlgebra
  [de0858da] Printf
  [2f01184e] SparseArrays
  [8dfed614] Test
Status `/tmp/jl_kzqLL2/Manifest.toml`
  [9aa1b823] FastClosures v0.3.2
  [9a2cd570] KrylovMethods v0.6.0
  [5c8ed15e] LinearOperators v1.1.0
  [a759f4b9] TimerOutputs v0.5.6
  [2a0f44e3] Base64
  [8ba89e20] Distributed
  [b77e0a4c] InteractiveUtils
  [8f399da3] Libdl
  [37e2e46d] LinearAlgebra
  [56ddb016] Logging
  [d6f4376e] Markdown
  [de0858da] Printf
  [9a3f8284] Random
  [9e88b42a] Serialization
  [6462fe0b] Sockets
  [2f01184e] SparseArrays
  [8dfed614] Test
  [4ec0a83e] Unicode
=== bicgstb ===
iter	 relres
  1	8.40e-02
  2	9.82e-03
  3	4.66e-03
bicgstb iterated maxIter (=3) times but reached only residual norm 9.82e-03 instead of tol=1.00e-06.
bcgstb achieved desired tolerance at iteration 6. Residual norm is 8.59e-07.
=== block bicgstb ===
iter	 relres
  1	9.83e-02
  2	1.52e-02
  3	2.75e-03
blockBiCGSTB iterated maxIter (=3) times but reached only residual norm 1.52e-02 instead of tol=1.00e-06.
blockBiCGSTB achieved desired tolerance at iteration 6.5. Residual norm is 6.23e-07.
=== cg ===
iter	 relres
  1	5.55e-17
cg achieved desired tolerance at iteration 1. Residual norm is 5.55e-17.
=== cg ===
iter	 relres
  1	5.30e-02
cg iterated maxIter (=1) times but reached only residual norm 5.30e-02 instead of tol=1.00e-15.
Matrix A in cg has to be positive definite.
cg achieved desired tolerance at iteration 24. Residual norm is 7.19e-06.
=== blockcg ===
iter	max(relres)
  1	1.37e-15
  2	4.59e-29
blockCG achieved desired tolerance at iteration 2. Residual norm is 4.59e-29.
=== blockcg ===
iter	max(relres)
  1	8.33e-16
blockCG iterated maxIter (=1) times but reached only residual norm 8.33e-16 instead of tol=1.00e-30.
=== blockcg ===
iter	max(relres)
  1	4.01e-01
  2	2.33e-01
  3	1.62e-01
  4	1.34e-01
  5	1.09e-01
  6	7.16e-02
  7	4.41e-02
  8	2.38e-02
  9	1.05e-02
 10	4.68e-03
 11	1.94e-03
 12	7.81e-04
blockCG achieved desired tolerance at iteration 12. Residual norm is 7.81e-04.
=== blockcg ===
iter	max(relres)
  1	4.01e-01
  2	2.33e-01
  3	1.62e-01
  4	1.34e-01
  5	1.09e-01
  6	7.16e-02
  7	4.41e-02
  8	2.38e-02
  9	1.05e-02
 10	4.68e-03
 11	1.94e-03
 12	7.81e-04
blockCG achieved desired tolerance at iteration 12. Residual norm is 7.81e-04.
=== cgls ===
iter	   |A'r|	 norm(r)	 norm(x)
  1	2.73e+01	8.28e-01	1.17e+01
  2	2.37e+00	9.77e-01	1.16e+01
cgls iterated maxIter (=2) times witout reaching tolerance. Returned result has residual norm  2.37e+00.
cgls relative gradient norm below desired tolerance at iteration 10. Returned result has residual norm  8.96e-09.
=== gmres ===
iter	 relres

  1	3.0e-01 8.4e-02 2.5e-02 	 2.5e-02
  2	7.5e-03 2.5e-03 9.0e-04 	 9.0e-04
  3	3.0e-04 8.9e-05 2.5e-05 	 2.5e-05
gmres iterated maxIter (=3) times without achieving the desired tolerance.
gmres achieved desired tolerance at iteration 3. Residual norm is 7.39e-07.
*******************************************************
=== fgmres ===
iter	 relres

  1	3.0e-01 8.4e-02 2.5e-02 
  2	7.5e-03 2.5e-03 9.0e-04 
  3	3.0e-04 8.9e-05 2.5e-05 
fgmres iterated maxIter (=3) outer iterations without achieving the desired tolerance. Acheived: 2.53e-05
fgmres achieved desired tolerance at inner iteration 12. Residual norm is 7.39e-07.
*******************************************************
=== blockFGMRES ===
iter	 relres

  1	2.7e-01 7.3e-02 1.5e-02 
  2	3.3e-03 7.5e-04 1.6e-04 
  3	3.2e-05 6.4e-06 1.4e-06 
blockFGMRES iterated maxIter (=3) outer iterations without achieving the desired tolerance. Acheived: 1.39e-06
-----------------------------------
blockFGMRES achieved desired tolerance at inner iteration 10. Residual norm is 2.50e-07.
*****************************************************************************
Givens rotation for v=[0.0,-0.3910078428806043]
Givens rotation for v=[-0.29860256873082724,0.0]
Givens rotation for v=[-0.3577610614115103,-1.1611814874501512]
=== Testing Lanczos Bidiagonalization ===
ssor achieved desired tolerance at iteration 38. Residual norm is 9.84e-03.
ssor achieved desired tolerance at iteration 56. Residual norm is 9.98e-03.
cg achieved desired tolerance at iteration 54. Residual norm is 6.03e-13.
=== sor ===
iter	 relres

  1	1.45e-01
  2	6.64e-02
  3	4.14e-02
ssor iterated maxIter (=3) times but reached only residual norm 4.14e-02 instead of tol=1.00e-02.
ssor achieved desired tolerance at iteration 16. Residual norm is 9.11e-03.
ssor achieved desired tolerance at iteration 23. Residual norm is 9.68e-03.
iter	|r_k|		|A'*r_k|	|A|		cond(A)		STOP
001	4.629e-01	4.792e-01	1.673e+00	1.000e+00	[0,0,0]
002	2.979e-16	4.965e-16	2.000e+00	2.309e+00	[1,0,0]
lsqr achieved desired tolerance at iteration 2. The system should be compatible. Residual norm is 2.98e-16.
lsqr achieved desired tolerance at iteration 2. The system should be incompatible. Gradient norm is 1.92e-01.
lsqr achieved desired tolerance at iteration 10. The system should be incompatible. Gradient norm is 1.16e+01.
minres iterated maxIter (=1) times but reached only residual norm 2.36e-01 instead of tol=1.00e-12.
=== minres ===
iter	|r_k|		|A*r_k|		|A|			cond(A)
1	2.36e-01	8.27e-01	5.70e+00		1.20e+00
2	1.26e-02	1.23e-02	6.54e+00		1.37e+00
3	1.60e-03	2.94e-03	6.54e+00		1.40e+00
4	7.18e-05	4.86e-05	6.54e+00		1.40e+00
5	3.27e-06	2.13e-06	6.54e+00		1.42e+00
6	1.33e-08	7.06e-10	6.54e+00		1.57e+00
7	6.48e-18	3.98e-26	6.54e+00		1.62e+00
minres converged at iteration 7. |A r_k|=3.98e-26 and |r_k|=6.48e-18.
=== minres ===
iter	|r_k|		|A*r_k|		|A|			cond(A)
1	5.69e-02	2.57e-01	6.04e+00		1.01e+00
2	1.66e-03	6.93e-04	6.04e+00		1.27e+00
3	2.02e-04	3.49e-04	6.04e+00		1.33e+00
4	5.42e-06	2.26e-06	6.04e+00		1.33e+00
5	3.49e-07	3.01e-07	6.04e+00		1.41e+00
6	2.35e-09	2.20e-10	6.04e+00		1.41e+00
7	2.62e-19	3.69e-28	6.04e+00		1.50e+00
minres converged at iteration 7. |A r_k|=3.69e-28 and |r_k|=2.62e-19.
test stop by condlim
test stop by beta
minres stopped because beta (=1.35e-12) became smaller than the tolerance (btol=1.00e-10) at iteration 5.
test if anything is done for zero right hand side
Test Summary: | Pass  Total
KrylovMethods |  155    155
    Testing KrylovMethods tests passed 
