Current time is 2020-10-25T21:32:55.273
Julia Version 1.5.3-pre.13
Commit 3de1115e9c (2020-10-23 21:58 UTC)
Platform Info:
  OS: Linux (x86_64-linux-gnu)
  CPU: AMD EPYC 7502 32-Core Processor
  WORD_SIZE: 64
  LIBM: libopenlibm
  LLVM: libLLVM-9.0.1 (ORCJIT, znver2)
Environment:
  JULIA_DEPOT_PATH = ::/usr/local/share/julia
  JULIA_NUM_THREADS = 2
  JULIA_MAX_NUM_PRECOMPILE_FILES = 9223372036854775807
  JULIA_PKG_SERVER = 

Starting installation at 2020-10-25T21:33:00.515
  Resolving package versions...
  Installed LibSymspg ────── v0.4.0
  Installed BinaryProvider ─ v0.5.10
Updating `~/.julia/environments/v1.5/Project.toml`
  [2098c8a6] + LibSymspg v0.4.0
Updating `~/.julia/environments/v1.5/Manifest.toml`
  [b99e7846] + BinaryProvider v0.5.10
  [2098c8a6] + LibSymspg v0.4.0
  [2a0f44e3] + Base64
  [8ba89e20] + Distributed
  [b77e0a4c] + InteractiveUtils
  [8f399da3] + Libdl
  [56ddb016] + Logging
  [d6f4376e] + Markdown
  [9a3f8284] + Random
  [ea8e919c] + SHA
  [9e88b42a] + Serialization
  [6462fe0b] + Sockets
  [8dfed614] + Test
   Building LibSymspg → `~/.julia/packages/LibSymspg/TNDoW/deps/build.log`
Starting tests at 2020-10-25T21:33:24.145
    Testing LibSymspg
Status `/tmp/jl_I9YaQX/Project.toml`
  [b99e7846] BinaryProvider v0.5.10
  [2098c8a6] LibSymspg v0.4.0
  [8f399da3] Libdl
  [8dfed614] Test
Status `/tmp/jl_I9YaQX/Manifest.toml`
  [b99e7846] BinaryProvider v0.5.10
  [2098c8a6] LibSymspg v0.4.0
  [2a0f44e3] Base64
  [8ba89e20] Distributed
  [b77e0a4c] InteractiveUtils
  [8f399da3] Libdl
  [56ddb016] Logging
  [d6f4376e] Markdown
  [9a3f8284] Random
  [ea8e919c] SHA
  [9e88b42a] Serialization
  [6462fe0b] Sockets
  [8dfed614] Test
Test Summary: | Pass  Total
version       |    3      3
Test Summary:        | Pass  Total
SpglibSpacegroupType |    3      3
Test Summary: | Pass  Total
SpglibDataset |    5      5
Test Summary:    | Pass  Total
Get Symmetry Ops |    5      5
Test Summary:  | Pass  Total
lattice reduce |    2      2
Test Summary:   | Pass  Total
reciprocal mesh |    1      1
Test Summary:           | Pass  Total
Cell reduce standardize |    9      9
new_positions = [0.0 0.0 0.0]
Test Summary:            | Pass  Total
Cell standardize(export) |    9      9
Test Summary:          | Pass  Total
lattice reduce(export) |    2      2
Test Summary:    | Pass  Total
symmetry(export) |    4      4
    Testing LibSymspg tests passed 
Finished at 2020-10-25T21:33:34.55
