Current time is 2020-10-25T19:28:34.442
Julia Version 1.5.3-pre.13
Commit 3de1115e9c (2020-10-23 21:58 UTC)
Platform Info:
  OS: Linux (x86_64-linux-gnu)
  CPU: AMD EPYC 7502 32-Core Processor
  WORD_SIZE: 64
  LIBM: libopenlibm
  LLVM: libLLVM-9.0.1 (ORCJIT, znver2)
Environment:
  JULIA_DEPOT_PATH = ::/usr/local/share/julia
  JULIA_NUM_THREADS = 2
  JULIA_MAX_NUM_PRECOMPILE_FILES = 9223372036854775807
  JULIA_PKG_SERVER = 

Starting installation at 2020-10-25T19:28:38.052
  Resolving package versions...
  Installed ProtoBuf ─ v0.9.0
Updating `~/.julia/environments/v1.5/Project.toml`
  [3349acd9] + ProtoBuf v0.9.0
Updating `~/.julia/environments/v1.5/Manifest.toml`
  [3349acd9] + ProtoBuf v0.9.0
  [56ddb016] + Logging
Starting tests at 2020-10-25T19:28:41.527
    Testing ProtoBuf
Status `/tmp/jl_uMCDgY/Project.toml`
  [3349acd9] ProtoBuf v0.9.0
  [56ddb016] Logging
  [9a3f8284] Random
  [9e88b42a] Serialization
  [6462fe0b] Sockets
  [8dfed614] Test
Status `/tmp/jl_uMCDgY/Manifest.toml`
  [3349acd9] ProtoBuf v0.9.0
  [2a0f44e3] Base64
  [8ba89e20] Distributed
  [b77e0a4c] InteractiveUtils
  [56ddb016] Logging
  [d6f4376e] Markdown
  [9a3f8284] Random
  [9e88b42a] Serialization
  [6462fe0b] Sockets
  [8dfed614] Test
[ Info: no protobuf compilers setup for testing compiler plugin, skipping compiler tests.
[ Info: testing services...
[ Info: testing blocking stub...
[ Info: testing non blocking stub...
[ Info: waiting for 7 results
[ Info: stopped server
Test Summary:  |  Pass  Total
ProtoBuf Tests | 46243  46243
    Testing ProtoBuf tests passed 
Finished at 2020-10-25T19:29:35.88
