Current time is 2020-10-25T21:47:37.644
Julia Version 1.5.3-pre.13
Commit 3de1115e9c (2020-10-23 21:58 UTC)
Platform Info:
  OS: Linux (x86_64-linux-gnu)
  CPU: AMD EPYC 7502 32-Core Processor
  WORD_SIZE: 64
  LIBM: libopenlibm
  LLVM: libLLVM-9.0.1 (ORCJIT, znver2)
Environment:
  JULIA_DEPOT_PATH = ::/usr/local/share/julia
  JULIA_NUM_THREADS = 2
  JULIA_MAX_NUM_PRECOMPILE_FILES = 9223372036854775807
  JULIA_PKG_SERVER = 

Starting installation at 2020-10-25T21:47:41.034
  Resolving package versions...
  Installed BritishNationalGrid ─ v0.3.1
  Installed MbedTLS_jll ───────── v2.16.8+0
  Installed LibCURL_jll ───────── v7.71.1+0
  Installed Zstd_jll ──────────── v1.4.5+2
  Installed nghttp2_jll ───────── v1.40.0+2
  Installed Libtiff_jll ───────── v4.1.0+2
  Installed LibSSH2_jll ───────── v1.9.0+3
  Installed PROJ_jll ──────────── v7.0.1+0
  Installed Artifacts ─────────── v1.3.0
  Installed Zlib_jll ──────────── v1.2.11+18
  Installed CEnum ─────────────── v0.4.1
  Installed Formatting ────────── v0.4.1
  Installed JLLWrappers ───────── v1.1.3
  Installed JpegTurbo_jll ─────── v2.0.1+3
  Installed SQLite_jll ────────── v3.32.3+0
  Installed Proj4 ─────────────── v0.7.2
Updating `~/.julia/environments/v1.5/Project.toml`
  [07503c7f] + BritishNationalGrid v0.3.1
Updating `~/.julia/environments/v1.5/Manifest.toml`
  [56f22d72] + Artifacts v1.3.0
  [07503c7f] + BritishNationalGrid v0.3.1
  [fa961155] + CEnum v0.4.1
  [59287772] + Formatting v0.4.1
  [692b3bcd] + JLLWrappers v1.1.3
  [aacddb02] + JpegTurbo_jll v2.0.1+3
  [deac9b47] + LibCURL_jll v7.71.1+0
  [29816b5a] + LibSSH2_jll v1.9.0+3
  [89763e89] + Libtiff_jll v4.1.0+2
  [c8ffd9c3] + MbedTLS_jll v2.16.8+0
  [58948b4f] + PROJ_jll v7.0.1+0
  [9a7e659c] + Proj4 v0.7.2
  [76ed43ae] + SQLite_jll v3.32.3+0
  [83775a58] + Zlib_jll v1.2.11+18
  [3161d3a3] + Zstd_jll v1.4.5+2
  [8e850ede] + nghttp2_jll v1.40.0+2
  [2a0f44e3] + Base64
  [ade2ca70] + Dates
  [8ba89e20] + Distributed
  [b77e0a4c] + InteractiveUtils
  [76f85450] + LibGit2
  [8f399da3] + Libdl
  [56ddb016] + Logging
  [d6f4376e] + Markdown
  [44cfe95a] + Pkg
  [de0858da] + Printf
  [3fa0cd96] + REPL
  [9a3f8284] + Random
  [ea8e919c] + SHA
  [9e88b42a] + Serialization
  [6462fe0b] + Sockets
  [8dfed614] + Test
  [cf7118a7] + UUIDs
  [4ec0a83e] + Unicode
Starting tests at 2020-10-25T21:47:45.801
    Testing BritishNationalGrid
Status `/tmp/jl_I0acyY/Project.toml`
  [07503c7f] BritishNationalGrid v0.3.1
  [59287772] Formatting v0.4.1
  [9a7e659c] Proj4 v0.7.2
  [8dfed614] Test
Status `/tmp/jl_I0acyY/Manifest.toml`
  [56f22d72] Artifacts v1.3.0
  [07503c7f] BritishNationalGrid v0.3.1
  [fa961155] CEnum v0.4.1
  [59287772] Formatting v0.4.1
  [692b3bcd] JLLWrappers v1.1.3
  [aacddb02] JpegTurbo_jll v2.0.1+3
  [deac9b47] LibCURL_jll v7.71.1+0
  [29816b5a] LibSSH2_jll v1.9.0+3
  [89763e89] Libtiff_jll v4.1.0+2
  [c8ffd9c3] MbedTLS_jll v2.16.8+0
  [58948b4f] PROJ_jll v7.0.1+0
  [9a7e659c] Proj4 v0.7.2
  [76ed43ae] SQLite_jll v3.32.3+0
  [83775a58] Zlib_jll v1.2.11+18
  [3161d3a3] Zstd_jll v1.4.5+2
  [8e850ede] nghttp2_jll v1.40.0+2
  [2a0f44e3] Base64
  [ade2ca70] Dates
  [8ba89e20] Distributed
  [b77e0a4c] InteractiveUtils
  [76f85450] LibGit2
  [8f399da3] Libdl
  [56ddb016] Logging
  [d6f4376e] Markdown
  [44cfe95a] Pkg
  [de0858da] Printf
  [3fa0cd96] REPL
  [9a3f8284] Random
  [ea8e919c] SHA
  [9e88b42a] Serialization
  [6462fe0b] Sockets
  [8dfed614] Test
  [cf7118a7] UUIDs
  [4ec0a83e] Unicode
Test Summary: | Pass  Total
Construction  |   16     16
Test Summary: | Pass  Total
Conversion    |    4      4
Test Summary: | Pass  Total
Square ID     |    3      3
Test Summary:  | Pass  Total
Gridref format |   12     12
    Testing BritishNationalGrid tests passed 
Finished at 2020-10-25T21:48:29.897
