Running tests with Julia v1.3.0
   Cloning default registries into `~/.julia`
   Cloning registry from "https://github.com/JuliaRegistries/General.git"
[?25l    Fetching: [>                                        ]  0.0 %    Fetching: [==============>                          ]  34.6 %    Fetching: [=================================>       ]  80.1 %[2K[?25h     Added registry `General` to `~/.julia/registries/General`
 Resolving package versions...
 Installed URIParser ───────── v0.4.0
 Installed Compat ──────────── v2.2.0
 Installed BinDeps ─────────── v0.8.10
 Installed StaticArrays ────── v0.11.1
 Installed SOFA ────────────── v1.0.1
 Installed SatelliteDynamics ─ v0.3.0
  Updating `~/.julia/environments/v1.3/Project.toml`
  [0e7c1a32] + SatelliteDynamics v0.3.0
  Updating `~/.julia/environments/v1.3/Manifest.toml`
  [9e28174c] + BinDeps v0.8.10
  [34da2185] + Compat v2.2.0
  [ad3d3fd0] + SOFA v1.0.1
  [0e7c1a32] + SatelliteDynamics v0.3.0
  [90137ffa] + StaticArrays v0.11.1
  [30578b45] + URIParser v0.4.0
  [2a0f44e3] + Base64 
  [ade2ca70] + Dates 
  [8bb1440f] + DelimitedFiles 
  [8ba89e20] + Distributed 
  [b77e0a4c] + InteractiveUtils 
  [76f85450] + LibGit2 
  [8f399da3] + Libdl 
  [37e2e46d] + LinearAlgebra 
  [56ddb016] + Logging 
  [d6f4376e] + Markdown 
  [a63ad114] + Mmap 
  [44cfe95a] + Pkg 
  [de0858da] + Printf 
  [3fa0cd96] + REPL 
  [9a3f8284] + Random 
  [ea8e919c] + SHA 
  [9e88b42a] + Serialization 
  [1a1011a3] + SharedArrays 
  [6462fe0b] + Sockets 
  [2f01184e] + SparseArrays 
  [10745b16] + Statistics 
  [8dfed614] + Test 
  [cf7118a7] + UUIDs 
  [4ec0a83e] + Unicode 
  Building SOFA → `~/.julia/packages/SOFA/kZlWv/deps/build.log`
   Testing SatelliteDynamics
 Resolving package versions...
    Status `/tmp/jl_c8UJMF/Manifest.toml`
  [9e28174c] BinDeps v0.8.10
  [34da2185] Compat v2.2.0
  [ad3d3fd0] SOFA v1.0.1
  [0e7c1a32] SatelliteDynamics v0.3.0
  [90137ffa] StaticArrays v0.11.1
  [30578b45] URIParser v0.4.0
  [2a0f44e3] Base64  [`@stdlib/Base64`]
  [ade2ca70] Dates  [`@stdlib/Dates`]
  [8bb1440f] DelimitedFiles  [`@stdlib/DelimitedFiles`]
  [8ba89e20] Distributed  [`@stdlib/Distributed`]
  [b77e0a4c] InteractiveUtils  [`@stdlib/InteractiveUtils`]
  [76f85450] LibGit2  [`@stdlib/LibGit2`]
  [8f399da3] Libdl  [`@stdlib/Libdl`]
  [37e2e46d] LinearAlgebra  [`@stdlib/LinearAlgebra`]
  [56ddb016] Logging  [`@stdlib/Logging`]
  [d6f4376e] Markdown  [`@stdlib/Markdown`]
  [a63ad114] Mmap  [`@stdlib/Mmap`]
  [44cfe95a] Pkg  [`@stdlib/Pkg`]
  [de0858da] Printf  [`@stdlib/Printf`]
  [3fa0cd96] REPL  [`@stdlib/REPL`]
  [9a3f8284] Random  [`@stdlib/Random`]
  [ea8e919c] SHA  [`@stdlib/SHA`]
  [9e88b42a] Serialization  [`@stdlib/Serialization`]
  [1a1011a3] SharedArrays  [`@stdlib/SharedArrays`]
  [6462fe0b] Sockets  [`@stdlib/Sockets`]
  [2f01184e] SparseArrays  [`@stdlib/SparseArrays`]
  [10745b16] Statistics  [`@stdlib/Statistics`]
  [8dfed614] Test  [`@stdlib/Test`]
  [cf7118a7] UUIDs  [`@stdlib/UUIDs`]
  [4ec0a83e] Unicode  [`@stdlib/Unicode`]
  1.288256 seconds (1.94 M allocations: 96.790 MiB, 2.32% gc time)
  4.075136 seconds (7.22 M allocations: 326.110 MiB, 9.66% gc time)
 90.873470 seconds (1.30 G allocations: 57.952 GiB, 23.13% gc time)
  9.005721 seconds (11.35 M allocations: 547.358 MiB, 1.92% gc time)
  3.591152 seconds (3.21 M allocations: 164.106 MiB, 1.50% gc time)
SatelliteDynamics.Coordinates: Test Failed at /home/pkgeval/.julia/packages/SatelliteDynamics/0Uvp0/test/test_coordinates.jl:323
  Expression: azel_enz[6] == azel_sez[6]
   Evaluated: -468.60063451902397 == -468.60063451902374
Stacktrace:
 [1] top-level scope at /home/pkgeval/.julia/packages/SatelliteDynamics/0Uvp0/test/test_coordinates.jl:323
 [2] include at ./boot.jl:328 [inlined]
 [3] include_relative(::Module, ::String) at ./loading.jl:1105
 [4] include(::Module, ::String) at ./Base.jl:31
 [5] include(::String) at ./client.jl:424
 [6] top-level scope at /home/pkgeval/.julia/packages/SatelliteDynamics/0Uvp0/test/runtests.jl:62
 [7] top-level scope at /buildworker/worker/package_linux64/build/usr/share/julia/stdlib/v1.3/Test/src/Test.jl:1107
 [8] top-level scope at /home/pkgeval/.julia/packages/SatelliteDynamics/0Uvp0/test/runtests.jl:62
 [9] top-level scope at util.jl:155
 [10] top-level scope at /home/pkgeval/.julia/packages/SatelliteDynamics/0Uvp0/test/runtests.jl:61
 [11] top-level scope at /buildworker/worker/package_linux64/build/usr/share/julia/stdlib/v1.3/Test/src/Test.jl:1107
 [12] top-level scope at /home/pkgeval/.julia/packages/SatelliteDynamics/0Uvp0/test/runtests.jl:45
 [13] top-level scope at util.jl:155
  5.628496 seconds (6.37 M allocations: 307.321 MiB, 2.05% gc time)
  0.575821 seconds (526.32 k allocations: 27.385 MiB, 2.18% gc time)
  1.098664 seconds (1.07 M allocations: 55.446 MiB, 1.12% gc time)
  2.910337 seconds (5.21 M allocations: 239.646 MiB, 2.68% gc time)
  0.221440 seconds (93.91 k allocations: 4.740 MiB, 10.20% gc time)
 10.605882 seconds (5.60 M allocations: 287.308 MiB, 3.58% gc time)
  4.779745 seconds (5.85 M allocations: 291.963 MiB, 2.72% gc time)
102.580774 seconds (652.22 M allocations: 16.263 GiB, 3.81% gc time)
Test Summary:                     | Pass  Fail  Total
SatelliteDynamics Package Tests   | 1145     1   1146
  SatelliteDynamics.Contants      |   30           30
  SatelliteDynamics.Universe      |   24           24
  SatelliteDynamics.Time          |  218          218
  SatelliteDynamics.Refsys        |   69           69
  SatelliteDynamics.Attitude      |  309          309
  SatelliteDynamics.Coordinates   |  126     1    127
  SatelliteDynamics.Astrodynamics |   53           53
  SatelliteDynamics.OrbitDynamics |   33           33
  SatelliteDynamics.SGPModels     |   12           12
  SatelliteDynamics.NRLMSISE00    |   12           12
  SatelliteDynamics.NRLMSISE00    |  166          166
  SatelliteDynamics.Integrators   |   39           39
  SatelliteDynamics.Propagators   |   54           54
ERROR: LoadError: Some tests did not pass: 1145 passed, 1 failed, 0 errored, 0 broken.
in expression starting at /home/pkgeval/.julia/packages/SatelliteDynamics/0Uvp0/test/runtests.jl:44
ERROR: Package SatelliteDynamics errored during testing
Stacktrace:
 [1] pkgerror(::String, ::Vararg{String,N} where N) at /buildworker/worker/package_linux64/build/usr/share/julia/stdlib/v1.3/Pkg/src/Types.jl:113
 [2] #test#131(::Bool, ::Nothing, ::Cmd, ::Cmd, ::typeof(Pkg.Operations.test), ::Pkg.Types.Context, ::Array{Pkg.Types.PackageSpec,1}) at /buildworker/worker/package_linux64/build/usr/share/julia/stdlib/v1.3/Pkg/src/Operations.jl:1370
 [3] #test at ./none:0 [inlined]
 [4] #test#62(::Bool, ::Nothing, ::Cmd, ::Cmd, ::Base.Iterators.Pairs{Union{},Union{},Tuple{},NamedTuple{(),Tuple{}}}, ::typeof(Pkg.API.test), ::Pkg.Types.Context, ::Array{Pkg.Types.PackageSpec,1}) at /buildworker/worker/package_linux64/build/usr/share/julia/stdlib/v1.3/Pkg/src/API.jl:253
 [5] test(::Pkg.Types.Context, ::Array{Pkg.Types.PackageSpec,1}) at /buildworker/worker/package_linux64/build/usr/share/julia/stdlib/v1.3/Pkg/src/API.jl:239
 [6] #test#61 at /buildworker/worker/package_linux64/build/usr/share/julia/stdlib/v1.3/Pkg/src/API.jl:233 [inlined]
 [7] test at /buildworker/worker/package_linux64/build/usr/share/julia/stdlib/v1.3/Pkg/src/API.jl:233 [inlined]
 [8] #test#60 at /buildworker/worker/package_linux64/build/usr/share/julia/stdlib/v1.3/Pkg/src/API.jl:232 [inlined]
 [9] test at /buildworker/worker/package_linux64/build/usr/share/julia/stdlib/v1.3/Pkg/src/API.jl:232 [inlined]
 [10] #test#59(::Base.Iterators.Pairs{Union{},Union{},Tuple{},NamedTuple{(),Tuple{}}}, ::typeof(Pkg.API.test), ::String) at /buildworker/worker/package_linux64/build/usr/share/julia/stdlib/v1.3/Pkg/src/API.jl:231
 [11] test(::String) at /buildworker/worker/package_linux64/build/usr/share/julia/stdlib/v1.3/Pkg/src/API.jl:231
 [12] top-level scope at none:12
