Julia Version 1.5.2-pre.0
Commit c4acbf93fb (2020-08-26 10:58 UTC)
Platform Info:
  OS: Linux (x86_64-pc-linux-gnu)
  CPU: Intel(R) Xeon(R) Silver 4114 CPU @ 2.20GHz
  WORD_SIZE: 64
  LIBM: libopenlibm
  LLVM: libLLVM-9.0.1 (ORCJIT, skylake-avx512)
Environment:
  JULIA_DEPOT_PATH = ::/usr/local/share/julia
  JULIA_NUM_THREADS = 2

  Resolving package versions...
  Installed SortingAlgorithms ─────────── v0.3.1
  Installed IteratorInterfaceExtensions ─ v1.0.0
  Installed DataAPI ───────────────────── v1.3.0
  Installed Compat ────────────────────── v3.14.0
  Installed Tables ────────────────────── v1.0.5
  Installed DataStructures ────────────── v0.18.2
  Installed Impute ────────────────────── v0.5.0
  Installed StaticArrays ──────────────── v0.12.4
  Installed OrderedCollections ────────── v1.3.0
  Installed Distances ─────────────────── v0.8.2
  Installed DataValueInterfaces ───────── v1.0.0
  Installed TableOperations ───────────── v0.2.1
  Installed IterTools ─────────────────── v1.3.0
  Installed StatsBase ─────────────────── v0.32.0
  Installed Missings ──────────────────── v0.4.3
  Installed TableTraits ───────────────── v1.0.0
  Installed NearestNeighbors ──────────── v0.4.4
Updating `~/.julia/environments/v1.5/Project.toml`
  [f7bf1975] + Impute v0.5.0
Updating `~/.julia/environments/v1.5/Manifest.toml`
  [34da2185] + Compat v3.14.0
  [9a962f9c] + DataAPI v1.3.0
  [864edb3b] + DataStructures v0.18.2
  [e2d170a0] + DataValueInterfaces v1.0.0
  [b4f34e82] + Distances v0.8.2
  [f7bf1975] + Impute v0.5.0
  [c8e1da08] + IterTools v1.3.0
  [82899510] + IteratorInterfaceExtensions v1.0.0
  [e1d29d7a] + Missings v0.4.3
  [b8a86587] + NearestNeighbors v0.4.4
  [bac558e1] + OrderedCollections v1.3.0
  [a2af1166] + SortingAlgorithms v0.3.1
  [90137ffa] + StaticArrays v0.12.4
  [2913bbd2] + StatsBase v0.32.0
  [ab02a1b2] + TableOperations v0.2.1
  [3783bdb8] + TableTraits v1.0.0
  [bd369af6] + Tables v1.0.5
  [2a0f44e3] + Base64
  [ade2ca70] + Dates
  [8bb1440f] + DelimitedFiles
  [8ba89e20] + Distributed
  [b77e0a4c] + InteractiveUtils
  [76f85450] + LibGit2
  [8f399da3] + Libdl
  [37e2e46d] + LinearAlgebra
  [56ddb016] + Logging
  [d6f4376e] + Markdown
  [a63ad114] + Mmap
  [44cfe95a] + Pkg
  [de0858da] + Printf
  [3fa0cd96] + REPL
  [9a3f8284] + Random
  [ea8e919c] + SHA
  [9e88b42a] + Serialization
  [1a1011a3] + SharedArrays
  [6462fe0b] + Sockets
  [2f01184e] + SparseArrays
  [10745b16] + Statistics
  [8dfed614] + Test
  [cf7118a7] + UUIDs
  [4ec0a83e] + Unicode
    Testing Impute
Status `/tmp/jl_UdYChv/Project.toml`
  [39de3d68] AxisArrays v0.4.3
  [861a8166] Combinatorics v1.0.2
  [a93c6f00] DataFrames v0.21.7
  [b4f34e82] Distances v0.8.2
  [f7bf1975] Impute v0.5.0
  [c8e1da08] IterTools v1.3.0
  [e1d29d7a] Missings v0.4.3
  [b8a86587] NearestNeighbors v0.4.4
  [ce6b1742] RDatasets v0.6.10
  [2913bbd2] StatsBase v0.32.0
  [ab02a1b2] TableOperations v0.2.1
  [bd369af6] Tables v1.0.5
  [ade2ca70] Dates
  [37e2e46d] LinearAlgebra
  [9a3f8284] Random
  [10745b16] Statistics
  [8dfed614] Test
Status `/tmp/jl_UdYChv/Manifest.toml`
  [39de3d68] AxisArrays v0.4.3
  [336ed68f] CSV v0.7.7
  [324d7699] CategoricalArrays v0.8.1
  [944b1d66] CodecZlib v0.7.0
  [861a8166] Combinatorics v1.0.2
  [34da2185] Compat v3.14.0
  [9a962f9c] DataAPI v1.3.0
  [a93c6f00] DataFrames v0.21.7
  [864edb3b] DataStructures v0.18.2
  [e2d170a0] DataValueInterfaces v1.0.0
  [b4f34e82] Distances v0.8.2
  [da5c29d0] EllipsisNotation v0.4.0
  [e2ba6199] ExprTools v0.1.1
  [8f5d6c58] EzXML v1.1.0
  [5789e2e9] FileIO v1.4.1
  [f7bf1975] Impute v0.5.0
  [8197267c] IntervalSets v0.5.1
  [41ab1584] InvertedIndices v1.0.0
  [c8e1da08] IterTools v1.3.0
  [82899510] IteratorInterfaceExtensions v1.0.0
  [682c06a0] JSON v0.21.0
  [94ce4f54] Libiconv_jll v1.16.0+5
  [e1d29d7a] Missings v0.4.3
  [78c3b35d] Mocking v0.7.1
  [b8a86587] NearestNeighbors v0.4.4
  [bac558e1] OrderedCollections v1.3.0
  [69de0a69] Parsers v1.0.10
  [2dfb63ee] PooledArrays v0.5.3
  [df47a6cb] RData v0.7.2
  [ce6b1742] RDatasets v0.6.10
  [b3c3ace0] RangeArrays v0.3.2
  [3cdcf5f2] RecipesBase v1.0.2
  [189a3867] Reexport v0.2.0
  [ae029012] Requires v1.0.1
  [91c51154] SentinelArrays v1.2.13
  [a2af1166] SortingAlgorithms v0.3.1
  [90137ffa] StaticArrays v0.12.4
  [2913bbd2] StatsBase v0.32.0
  [ab02a1b2] TableOperations v0.2.1
  [3783bdb8] TableTraits v1.0.0
  [bd369af6] Tables v1.0.5
  [f269a46b] TimeZones v1.3.2
  [3bb67fe8] TranscodingStreams v0.9.5
  [02c8fc9c] XML2_jll v2.9.10+1
  [83775a58] Zlib_jll v1.2.11+15
  [2a0f44e3] Base64
  [ade2ca70] Dates
  [8bb1440f] DelimitedFiles
  [8ba89e20] Distributed
  [9fa8497b] Future
  [b77e0a4c] InteractiveUtils
  [76f85450] LibGit2
  [8f399da3] Libdl
  [37e2e46d] LinearAlgebra
  [56ddb016] Logging
  [d6f4376e] Markdown
  [a63ad114] Mmap
  [44cfe95a] Pkg
  [de0858da] Printf
  [3fa0cd96] REPL
  [9a3f8284] Random
  [ea8e919c] SHA
  [9e88b42a] Serialization
  [1a1011a3] SharedArrays
  [6462fe0b] Sockets
  [2f01184e] SparseArrays
  [10745b16] Statistics
  [8dfed614] Test
  [cf7118a7] UUIDs
  [4ec0a83e] Unicode
WARNING: Impute.Drop is deprecated, use DropObs instead.
  likely near /home/pkgeval/.julia/packages/Impute/GmIMg/test/runtests.jl:16
SRS: Test Failed at /home/pkgeval/.julia/packages/Impute/GmIMg/test/runtests.jl:361
  Expression: result == expected
   Evaluated: Union{Missing, Float64}[1.0, 20.0, 8.0, 4.0, 5.0, 6.0, 14.0, 8.0, 9.0, 10.0, 11.0, 12.0, 13.0, 14.0, 15.0, 16.0, 17.0, 18.0, 19.0, 20.0] == Union{Missing, Float64}[1.0, 9.0, 16.0, 4.0, 5.0, 6.0, 17.0, 8.0, 9.0, 10.0, 11.0, 12.0, 13.0, 14.0, 15.0, 16.0, 17.0, 18.0, 19.0, 20.0]
Stacktrace:
 [1] top-level scope at /home/pkgeval/.julia/packages/Impute/GmIMg/test/runtests.jl:361
 [2] top-level scope at /buildworker/worker/package_linux64/build/usr/share/julia/stdlib/v1.5/Test/src/Test.jl:1115
 [3] top-level scope at /home/pkgeval/.julia/packages/Impute/GmIMg/test/runtests.jl:355
 [4] top-level scope at /buildworker/worker/package_linux64/build/usr/share/julia/stdlib/v1.5/Test/src/Test.jl:1115
 [5] top-level scope at /home/pkgeval/.julia/packages/Impute/GmIMg/test/runtests.jl:56
┌ Warning: `map(f::Base.Callable, gd::GroupedDataFrame)` is deprecated, use `combine(f, gd, ungroup = false)` instead.
│   caller = top-level scope at runtests.jl:430
└ @ Core ~/.julia/packages/Impute/GmIMg/test/runtests.jl:430
┌ Warning: Passing a tuple (:hod, :obj) of column selectors when sorting data frame is deprecated. Pass a vector [:hod, :obj] instead.
│   caller = sort(::DataFrame, ::Tuple{Symbol,Symbol}; alg::Nothing, lt::Function, by::Function, rev::Bool, order::Base.Order.ForwardOrdering) at sort.jl:353
└ @ DataFrames ~/.julia/packages/DataFrames/cdZCk/src/abstractdataframe/sort.jl:353
┌ Warning: impute(data, args...; kwargs...) is deprecated.
│ Please use Impute.method(data) or impute(data, imputor::Imputor).
│   caller = ip:0x0
└ @ Core :-1
┌ Warning: impute!(data, method) is deprecated.
│ Please use Impute.method!(data) or impute!(data, imputor::Imputor).
│   caller = ip:0x0
└ @ Core :-1
┌ Warning: Passing `limit` directly to impute functions is deprecated. Please pass `context=Context(; limit=0.2)` in the future.
└ @ Impute ~/.julia/packages/Impute/GmIMg/src/deprecated.jl:174
┌ Warning: Passing `limit` directly to impute functions is deprecated. Please pass `context=Context(; limit=0.2)` in the future.
└ @ Impute ~/.julia/packages/Impute/GmIMg/src/deprecated.jl:174
┌ Warning: `Fill(val; kwargs...)` is deprecated, use `Fill(; value = val, kwargs...)` instead.
│   caller = ip:0x0
└ @ Core :-1
┌ Warning: Passing `limit` directly to impute functions is deprecated. Please pass `context=Context(; limit=0.2)` in the future.
└ @ Impute ~/.julia/packages/Impute/GmIMg/src/deprecated.jl:174
┌ Warning: Passing `limit` directly to impute functions is deprecated. Please pass `context=Context(; limit=0.2)` in the future.
└ @ Impute ~/.julia/packages/Impute/GmIMg/src/deprecated.jl:174
┌ Warning: impute(data, args...; kwargs...) is deprecated.
│ Please use Impute.method(data) or impute(data, imputor::Imputor).
│   caller = top-level scope at deprecated.jl:111
└ @ Core ~/.julia/packages/Impute/GmIMg/test/deprecated.jl:111
┌ Warning: impute!(data, method) is deprecated.
│ Please use Impute.method!(data) or impute!(data, imputor::Imputor).
│   caller = impute(::Array{Union{Missing, Float64},1}, ::Symbol; kwargs::Base.Iterators.Pairs{Union{},Union{},Tuple{},NamedTuple{(),Tuple{}}}) at deprecated.jl:96
└ @ Impute ~/.julia/packages/Impute/GmIMg/src/deprecated.jl:96
┌ Warning: chain(data, args...) is deprecated.
│ Please use result = imp1(data) |> imp2 |> imp3
│   caller = ip:0x0
└ @ Core :-1
┌ Warning: chain!(data, imputors...) is deprecated.
│ Please use data = imp1(data) |> imp2 |> imp3
│   caller = ip:0x0
└ @ Core :-1
WARNING: Impute.Drop is deprecated, use DropObs instead.
  likely near /home/pkgeval/.julia/packages/Impute/GmIMg/test/deprecated.jl:1
WARNING: Impute.Drop is deprecated, use DropObs instead.
  likely near /home/pkgeval/.julia/packages/Impute/GmIMg/test/deprecated.jl:1
┌ Warning: Passing `limit` directly to impute functions is deprecated. Please pass `context=Context(; limit=1.0)` in the future.
└ @ Impute ~/.julia/packages/Impute/GmIMg/src/deprecated.jl:174
┌ Warning: dropobs! did not mutate input data of type Matrix
└ @ Main ~/.julia/packages/Impute/GmIMg/test/testutils.jl:121
┌ Warning: dropobs! did not mutate input data of type DataFrame
└ @ Main ~/.julia/packages/Impute/GmIMg/test/testutils.jl:190
┌ Warning: dropobs! did not mutate input data of type AxisArray
└ @ Main ~/.julia/packages/Impute/GmIMg/test/testutils.jl:297
┌ Warning: dropobs! did not mutate input data of column table
└ @ Main ~/.julia/packages/Impute/GmIMg/test/testutils.jl:330
┌ Warning: dropvars! did not mutate input data of type Matrix
└ @ Main ~/.julia/packages/Impute/GmIMg/test/testutils.jl:121
┌ Warning: dropvars! did not mutate input data of type DataFrame
└ @ Main ~/.julia/packages/Impute/GmIMg/test/testutils.jl:190
┌ Warning: dropvars! did not mutate input data of type AxisArray
└ @ Main ~/.julia/packages/Impute/GmIMg/test/testutils.jl:297
┌ Warning: dropvars! did not mutate input data of column table
└ @ Main ~/.julia/packages/Impute/GmIMg/test/testutils.jl:330
┌ Warning: dropvars! did not mutate input data of row table
└ @ Main ~/.julia/packages/Impute/GmIMg/test/testutils.jl:364
┌ Warning: interpolate! did not mutate input data of row table
└ @ Main ~/.julia/packages/Impute/GmIMg/test/testutils.jl:364
┌ Warning: fill! did not mutate input data of row table
└ @ Main ~/.julia/packages/Impute/GmIMg/test/testutils.jl:364
┌ Warning: locf! did not mutate input data of row table
└ @ Main ~/.julia/packages/Impute/GmIMg/test/testutils.jl:364
┌ Warning: nocb! did not mutate input data of row table
└ @ Main ~/.julia/packages/Impute/GmIMg/test/testutils.jl:364
[ Info: Before: Diff=missing, MAE=4501.524658798961, convergence=missing, normsq=missing, 0.0
[ Info: Iteration 1: Diff=1.1558166976098627e7, MAE=890.4492717774044, MSS=1.7066583593019539e12, convergence=51.52929309034755
[ Info: Iteration 2: Diff=2.1980730832552323e6, MAE=301.7144527916104, MSS=8.87054444367934e13, convergence=0.017377323819876066
[ Info: Iteration 3: Diff=437175.9845909385, MAE=197.70508021484113, MSS=1.1069521805060842e14, convergence=0.000765624342581227
[ Info: Iteration 4: Diff=263770.263045716, MAE=160.56171367149412, MSS=1.1447804805562603e14, convergence=4.567503801542437e-5
[ Info: Iteration 5: Diff=-31386.435554309675, MAE=130.52249357375177, MSS=1.1523010496519772e14, convergence=3.712028698199434e-5
[ Info: Iteration 6: Diff=-125367.1255088145, MAE=89.81388989207845, MSS=1.1581391135261802e14, convergence=1.9515966232606477e-5
[ Info: Iteration 7: Diff=-126015.10392619586, MAE=62.445720294947776, MSS=1.161536967164806e14, convergence=3.214212222720546e-6
[ Info: Iteration 8: Diff=-254126.9278656429, MAE=34.66075412119658, MSS=1.1618401392577742e14, convergence=1.5068777652163234e-6
[ Info: Iteration 9: Diff=-33587.66430873432, MAE=21.77470724122123, MSS=1.162049752101019e14, convergence=4.776516287211393e-7
[ Info: Iteration 10: Diff=-9375.48548987725, MAE=12.617379298690842, MSS=1.1622383858891245e14, convergence=2.291756162612177e-7
[ Info: Iteration 11: Diff=-788.0919122101782, MAE=10.54624390235676, MSS=1.162408640154561e14, convergence=5.054763208933025e-8
[ Info: Iteration 12: Diff=-861.2734475179009, MAE=8.246023861664352, MSS=1.1623949722290703e14, convergence=3.372492313236362e-8
[ Info: Iteration 13: Diff=-2134.2248846575003, MAE=5.49898790263382, MSS=1.1623933662709619e14, convergence=1.8138013143128455e-8
[ Info: Iteration 14: Diff=-1742.8407262281041, MAE=3.3188858125180007, MSS=1.1623830593094058e14, convergence=1.0150825307017023e-8
[ Info: Iteration 15: Diff=-627.9575138159853, MAE=2.635360611253756, MSS=1.1623744431469647e14, convergence=5.586231757882814e-9
[ Info: Iteration 16: Diff=518.4763162664367, MAE=1.5868487852422835, MSS=1.1623706639157553e14, convergence=3.04828881723717e-9
[ Info: Iteration 17: Diff=2.9562956026441682, MAE=1.3309538741861633, MSS=1.1623672150623303e14, convergence=9.624442306438423e-10
[ Info: Iteration 18: Diff=-92.30035807698837, MAE=1.2226732138274654, MSS=1.1623677483441719e14, convergence=4.539411862895771e-10
[ Info: Iteration 19: Diff=-16.346795207226798, MAE=1.1291377840092547, MSS=1.1623678943704394e14, convergence=2.592049413295042e-10
[ Info: Iteration 20: Diff=64.89763653655555, MAE=1.0334747196609253, MSS=1.1623681566503995e14, convergence=1.979648954495058e-10
[ Info: Iteration 21: Diff=74.5739003788277, MAE=0.9632290433989573, MSS=1.162368520527871e14, convergence=1.119309734001438e-10
[ Info: Iteration 22: Diff=0.2225589550300704, MAE=0.9180737493420265, MSS=1.1623691024894375e14, convergence=7.149163406411528e-11
[ Info: Before: Diff=missing, MAE=2322.9236716914993, convergence=missing, normsq=missing, 0.0
[ Info: Iteration 1: Diff=45137.593269417404, MAE=928.675491381447, MSS=2.6560483727905936e9, convergence=0.1719224305843759
[ Info: Iteration 2: Diff=-469.3655199171582, MAE=5.2555214216683215, MSS=2.5139025783723984e9, convergence=1.2567588187458774e-5
[ Info: Iteration 3: Diff=-45.98388353882171, MAE=3.237943895767856, MSS=2.5139391803786373e9, convergence=1.432773516234842e-7
[ Info: Iteration 4: Diff=-5.263304402123708, MAE=1.0076296661569266, MSS=2.5139603354475684e9, convergence=9.506818862822292e-8
[ Info: Iteration 5: Diff=-0.1959761991390696, MAE=0.02092421354495061, MSS=2.5139608966753087e9, convergence=1.5412169388420325e-11
[ Info: Before: Diff=missing, MAE=50.26076235865124, convergence=missing, normsq=missing, 0.0
[ Info: Iteration 1: Diff=40.336175254508575, MAE=1.1266771682557732, MSS=2.382632232732152e6, convergence=0.0011288464691460221
[ Info: Iteration 2: Diff=17.011586024214765, MAE=1.0811667874491815, MSS=2.38114312604292e6, convergence=8.798543827607997e-5
[ Info: Iteration 3: Diff=21.630414570961065, MAE=1.0542303299209437, MSS=2.3802764281699685e6, convergence=5.835703903423532e-5
[ Info: Iteration 4: Diff=12.969190063373368, MAE=1.0368612821291485, MSS=2.37842280829693e6, convergence=4.8171372977539895e-5
[ Info: Iteration 5: Diff=-1.7083586352838225, MAE=1.01289923596894, MSS=2.377362156752545e6, convergence=5.4569327772498466e-5
[ Info: Iteration 6: Diff=-1.8110140381521944, MAE=0.989621757940884, MSS=2.377664186135599e6, convergence=5.1415200644267045e-5
[ Info: Iteration 7: Diff=4.465695642892285, MAE=0.9693633488389294, MSS=2.3779822247371604e6, convergence=4.8829069928918846e-5
[ Info: Iteration 8: Diff=2.6680774735650417, MAE=0.9528064124268597, MSS=2.377818628710088e6, convergence=4.6782066249991895e-5
[ Info: Iteration 9: Diff=-0.4916372899672652, MAE=0.9313864279156261, MSS=2.3778141318445993e6, convergence=4.925140771150396e-5
[ Info: Iteration 10: Diff=-8.837152524881027, MAE=0.9077340322174456, MSS=2.378053422783693e6, convergence=4.787402982102957e-5
[ Info: Iteration 11: Diff=-3.7661305841610897, MAE=0.88560511733167, MSS=2.3791324412778625e6, convergence=4.5334318566948235e-5
[ Info: Iteration 12: Diff=-6.348518862309781, MAE=0.8713312538589505, MSS=2.379714887999874e6, convergence=3.962856276510977e-5
[ Info: Iteration 13: Diff=0.6617090480000627, MAE=0.8556564706875223, MSS=2.380512315253481e6, convergence=3.8826534424898396e-5
[ Info: Iteration 14: Diff=2.2758224358577195, MAE=0.8390558005062072, MSS=2.3807138540704967e6, convergence=3.8025122258493215e-5
[ Info: Iteration 15: Diff=9.6301875327949, MAE=0.821140318022113, MSS=2.3807545469723204e6, convergence=3.725323732796403e-5
[ Info: Iteration 16: Diff=4.9998588052274044, MAE=0.8036052101033492, MSS=2.3800793747501285e6, convergence=3.7278105005288825e-5
[ Info: Iteration 17: Diff=12.915434283206082, MAE=0.7887179329813089, MSS=2.3797486593029927e6, convergence=3.5946878182292745e-5
[ Info: Iteration 18: Diff=3.5040688556076347, MAE=0.7736468054978342, MSS=2.378580041321103e6, convergence=3.167728416611207e-5
[ Info: Iteration 19: Diff=10.984602475101433, MAE=0.7572829235734717, MSS=2.3784117960654846e6, convergence=3.2094991835656406e-5
[ Info: Iteration 20: Diff=-6.513435482201778, MAE=0.7397284365972328, MSS=2.377584050549244e6, convergence=3.402556342922632e-5
[ Info: Iteration 21: Diff=-4.120960183206158, MAE=0.7234595334378785, MSS=2.3785065756691988e6, convergence=2.747377078966027e-5
[ Info: Iteration 22: Diff=-8.698180039475368, MAE=0.7064053761943618, MSS=2.379152019777932e6, convergence=3.276343072273549e-5
[ Info: Iteration 23: Diff=-8.223406247947679, MAE=0.6930189178884312, MSS=2.380286028906468e6, convergence=2.7723679544245604e-5
[ Info: Iteration 24: Diff=-15.214055978721234, MAE=0.6775497846672468, MSS=2.3813332298526247e6, convergence=2.783108890757406e-5
[ Info: Iteration 25: Diff=-4.113672251116405, MAE=0.6614877555789415, MSS=2.3831156823192076e6, convergence=2.5908674721564695e-5
[ Info: Iteration 26: Diff=3.0856048756768857, MAE=0.643395926487504, MSS=2.3837254846681426e6, convergence=2.884473385265707e-5
[ Info: Iteration 27: Diff=6.9652801181605355, MAE=0.6312181771334618, MSS=2.383641410035493e6, convergence=2.5414841955859325e-5
[ Info: Iteration 28: Diff=0.18340932978684776, MAE=0.615848257700682, MSS=2.3832294993493734e6, convergence=2.5995868647865864e-5
[ Info: Iteration 29: Diff=-4.631865553064252, MAE=0.5995930259672692, MSS=2.3834419153865553e6, convergence=2.747943468992566e-5
[ Info: Iteration 30: Diff=-0.3700240456362138, MAE=0.5867545720753202, MSS=2.384173114196972e6, convergence=2.5372735180035953e-5
[ Info: Iteration 31: Diff=6.222352987999301, MAE=0.574065482354951, MSS=2.384564877450645e6, convergence=2.698717630680313e-5
[ Info: Iteration 32: Diff=5.47572366914622, MAE=0.5578656070787891, MSS=2.3842820600359533e6, convergence=2.6099239752235845e-5
[ Info: Iteration 33: Diff=-2.458903302688782, MAE=0.5425057795577969, MSS=2.384132279174675e6, convergence=2.836584206340648e-5
[ Info: Iteration 34: Diff=-2.555078974753691, MAE=0.5298336713938644, MSS=2.3848557063364782e6, convergence=2.6519673346791422e-5
[ Info: Iteration 35: Diff=1.2657560318798389, MAE=0.5166964912780112, MSS=2.385573683813638e6, convergence=2.4439747664720396e-5
[ Info: Iteration 36: Diff=-1.4111464566626992, MAE=0.5029797971443289, MSS=2.3859134864951805e6, convergence=2.2019611150076395e-5
[ Info: Iteration 37: Diff=1.8835538574095665, MAE=0.4887460509078424, MSS=2.386525089288176e6, convergence=2.1018140493872586e-5
[ Info: Iteration 38: Diff=0.9126975880126338, MAE=0.47536161691755835, MSS=2.3867788831549776e6, convergence=2.1761306322621278e-5
[ Info: Iteration 39: Diff=3.2651729575803756, MAE=0.4592361919343937, MSS=2.387123395157643e6, convergence=2.1822710029412204e-5
[ Info: Iteration 40: Diff=10.061236350654575, MAE=0.44466402456940807, MSS=2.387193481539693e6, convergence=1.9150563235150896e-5
[ Info: Iteration 41: Diff=8.216660595672757, MAE=0.4301169759686319, MSS=2.386610430739822e6, convergence=1.877660734819101e-5
[ Info: Iteration 42: Diff=7.054840504799699, MAE=0.4160771037267439, MSS=2.3862511164998566e6, convergence=1.9102228573511563e-5
[ Info: Iteration 43: Diff=7.736822985567315, MAE=0.40079271892995816, MSS=2.386018130233706e6, convergence=1.7649143312644365e-5
[ Info: Iteration 44: Diff=3.8822054545136524, MAE=0.3876408727654783, MSS=2.385778655816884e6, convergence=1.708115439208714e-5
[ Info: Iteration 45: Diff=1.7076189763107692, MAE=0.3731793953367709, MSS=2.385942816202529e6, convergence=1.6641288521411768e-5
[ Info: Iteration 46: Diff=1.273531940950818, MAE=0.35983780244370833, MSS=2.386252935622956e6, convergence=1.4938320770636388e-5
[ Info: Iteration 47: Diff=1.6186863651460257, MAE=0.34347101279161824, MSS=2.3866227339128014e6, convergence=1.5607054020787882e-5
[ Info: Iteration 48: Diff=4.46883689479337, MAE=0.32982904409234287, MSS=2.3869523376760525e6, convergence=1.3295038481356599e-5
[ Info: Iteration 49: Diff=2.851605744394746, MAE=0.31686030346355054, MSS=2.3869804393558926e6, convergence=1.2248730766023908e-5
[ Info: Iteration 50: Diff=0.7372465680819502, MAE=0.30233998237386067, MSS=2.3871428575009336e6, convergence=1.1772049908283244e-5
[ Info: Iteration 51: Diff=-2.279911278027072, MAE=0.28816197850463693, MSS=2.387526389942609e6, convergence=1.105261947112006e-5
[ Info: Iteration 52: Diff=0.626029342170817, MAE=0.2734273825649372, MSS=2.38815040223485e6, convergence=1.0412905330926837e-5
[ Info: Iteration 53: Diff=2.372135249368988, MAE=0.25861808850825685, MSS=2.3884548938724296e6, convergence=1.0113985633245298e-5
[ Info: Iteration 54: Diff=0.9814645508453594, MAE=0.2444121247050594, MSS=2.388570524025685e6, convergence=8.752205692792926e-6
[ Info: Iteration 55: Diff=-1.3844362336872607, MAE=0.2318805986029101, MSS=2.388831964094043e6, convergence=7.892637270004512e-6
[ Info: Iteration 56: Diff=-2.5947917077579135, MAE=0.2190818786862652, MSS=2.3893471921506557e6, convergence=7.486475004219719e-6
[ Info: Iteration 57: Diff=-5.64725512146623, MAE=0.2065075998392458, MSS=2.3899619412401267e6, convergence=6.390961682017605e-6
[ Info: Iteration 58: Diff=-3.491568873055776, MAE=0.19330883365667165, MSS=2.390848335160996e6, convergence=6.080575284933674e-6
[ Info: Iteration 59: Diff=-2.7862141844670276, MAE=0.18132618958445687, MSS=2.391504170251586e6, convergence=5.325880683609227e-6
[ Info: Iteration 60: Diff=-4.539113286256523, MAE=0.16917052972426827, MSS=2.3920668611511313e6, convergence=5.22651589368401e-6
[ Info: Iteration 61: Diff=-4.317062983395012, MAE=0.15825184024926994, MSS=2.3927912640768834e6, convergence=4.660588981217757e-6
[ Info: Iteration 62: Diff=-2.9280414311311773, MAE=0.14772168418556855, MSS=2.393465579393502e6, convergence=3.940425724911656e-6
[ Info: Iteration 63: Diff=-5.003069133681059, MAE=0.1373143815172427, MSS=2.393971493405907e6, convergence=3.585825420091576e-6
[ Info: Iteration 64: Diff=-5.1335213849717185, MAE=0.12698920211041545, MSS=2.394655608696229e6, convergence=3.1140071307372532e-6
[ Info: Iteration 65: Diff=-6.568914534931402, MAE=0.11772254333478464, MSS=2.395331388911972e6, convergence=2.671650779973045e-6
[ Info: Iteration 66: Diff=-6.031229513837733, MAE=0.10812219886226053, MSS=2.3961412451453437e6, convergence=2.4040881090802597e-6
[ Info: Iteration 67: Diff=-4.270110970175526, MAE=0.0996155500590393, MSS=2.3968745350605054e6, convergence=2.076861826137597e-6
[ Info: Iteration 68: Diff=-3.4326709471685497, MAE=0.0915122203469111, MSS=2.3973996313356836e6, convergence=1.8467100055481282e-6
[ Info: Iteration 69: Diff=-2.9250244523794855, MAE=0.08389041530413895, MSS=2.3978253711895063e6, convergence=1.610073671571287e-6
[ Info: Iteration 70: Diff=-2.7174131644741664, MAE=0.07651800987170299, MSS=2.3981944088650057e6, convergence=1.5178024693766263e-6
[ Info: Iteration 71: Diff=-2.857263295819795, MAE=0.0693887696347869, MSS=2.398537627020847e6, convergence=1.3181796501530892e-6
[ Info: Iteration 72: Diff=-1.4559089740043412, MAE=0.06320630784384933, MSS=2.3988785386982993e6, convergence=1.1534342546601286e-6
[ Info: Iteration 73: Diff=-1.3299708727191337, MAE=0.056933091577814315, MSS=2.3990746036449596e6, convergence=9.893892414665121e-7
[ Info: Iteration 74: Diff=-1.1369013608407172, MAE=0.05131326991213722, MSS=2.399247352031362e6, convergence=8.207958984755146e-7
[ Info: Iteration 75: Diff=-0.3276018100525029, MAE=0.04572323388564276, MSS=2.3993903263719096e6, convergence=6.543456806392332e-7
[ Info: Iteration 76: Diff=-0.30939544283925713, MAE=0.04099792661700705, MSS=2.3994441719115023e6, convergence=5.723539478222806e-7
[ Info: Iteration 77: Diff=-1.1272721159890224, MAE=0.03615959197793987, MSS=2.3994892968680332e6, convergence=4.853087607450435e-7
[ Info: Iteration 78: Diff=-0.16096543541947383, MAE=0.031940570887781815, MSS=2.3996167751325876e6, convergence=3.9319454762781565e-7
[ Info: Iteration 79: Diff=-0.09205106785963935, MAE=0.027841945382107613, MSS=2.39964858829143e6, convergence=3.0574329639986305e-7
[ Info: Iteration 80: Diff=-0.220735848357279, MAE=0.02406325994272204, MSS=2.399673084893437e6, convergence=2.3315680591281946e-7
[ Info: Iteration 81: Diff=0.035286657434351554, MAE=0.020458294770315404, MSS=2.3997130639918037e6, convergence=1.8641891539177853e-7
[ Info: Iteration 82: Diff=0.332427884096159, MAE=0.017387606113286286, MSS=2.3997215435491037e6, convergence=1.3821446988372634e-7
[ Info: Iteration 83: Diff=0.8962523570036716, MAE=0.014855347451491443, MSS=2.3996998082684823e6, convergence=1.0751412083080002e-7
[ Info: Iteration 84: Diff=0.503002836992767, MAE=0.012480655676473124, MSS=2.399620042337828e6, convergence=8.021658979313649e-8
[ Info: Iteration 85: Diff=-0.06140575659444991, MAE=0.010326253733977053, MSS=2.399576128946731e6, convergence=5.8012178600194776e-8
[ Info: Iteration 86: Diff=0.18997966412767298, MAE=0.008429804392705081, MSS=2.399589366389611e6, convergence=3.994586620350637e-8
[ Info: Iteration 87: Diff=0.21620066979475538, MAE=0.006909681665060679, MSS=2.3995761977466275e6, convergence=2.8418491439164492e-8
[ Info: Iteration 88: Diff=0.10485816658408709, MAE=0.005600402850366403, MSS=2.3995596757244547e6, convergence=1.8992502432753365e-8
[ Info: Iteration 89: Diff=0.2786208751778432, MAE=0.0043624665504965075, MSS=2.399552800297557e6, convergence=1.227799724182732e-8
[ Info: Iteration 90: Diff=0.2329328782192306, MAE=0.003389116690548071, MSS=2.3995275819044895e6, convergence=7.671952812214093e-9
[ Info: Iteration 91: Diff=0.2633593876237157, MAE=0.002552913954137319, MSS=2.3995047676906902e6, convergence=4.749437640966124e-9
[ Info: Iteration 92: Diff=0.08765402860292326, MAE=0.0018613840021807404, MSS=2.3994781149325543e6, convergence=2.4599106595852823e-9
[ Info: Iteration 93: Diff=0.06904977144305846, MAE=0.001349901072659789, MSS=2.3994689633843e6, convergence=1.4090088716641077e-9
[ Info: Iteration 94: Diff=0.015334499394782597, MAE=0.0009135807916644238, MSS=2.399462049351583e6, convergence=6.928813991665695e-10
[ Info: Iteration 95: Diff=0.04623339642388302, MAE=0.0006012327503226893, MSS=2.3994604644061495e6, convergence=3.380930903157162e-10
[ Info: Iteration 96: Diff=0.01722237643242508, MAE=0.00038091104847347236, MSS=2.3994558266226086e6, convergence=1.1205379137900149e-10
[ Info: Iteration 97: Diff=0.005651946890232296, MAE=0.00023456246971328867, MSS=2.3994540609538774e6, convergence=4.608668658902408e-11
Test Summary:                 | Pass  Fail  Broken  Total
Impute                        |  398     1       9    408
  Equality                    |    7                    7
  Drop                        |   33             9     42
  Interpolate                 |    6                    6
  Fill                        |    8                    8
  LOCF                        |    3                    3
  NOCB                        |    3                    3
  SRS                         |    2     1              3
  Not enough data             |    2                    2
  Chain                       |   16                   16
  Alternate missing functions |    2                    2
  Contexts                    |    5                    5
  Utils                       |    8                    8
  KNN                         |   12                   12
  deprecated                  |   27                   27
  DropObs                     |   45                   45
  DropVars                    |   32                   32
  Interpolate                 |   46                   46
  Fill                        |   46                   46
  LOCF                        |   46                   46
  NOCB                        |   46                   46
  SVD                         |    3                    3
ERROR: LoadError: Some tests did not pass: 398 passed, 1 failed, 0 errored, 9 broken.
in expression starting at /home/pkgeval/.julia/packages/Impute/GmIMg/test/runtests.jl:54
ERROR: Package Impute errored during testing
Stacktrace:
 [1] pkgerror(::String) at /buildworker/worker/package_linux64/build/usr/share/julia/stdlib/v1.5/Pkg/src/Types.jl:52
 [2] test(::Pkg.Types.Context, ::Array{Pkg.Types.PackageSpec,1}; coverage::Bool, julia_args::Cmd, test_args::Cmd, test_fn::Nothing) at /buildworker/worker/package_linux64/build/usr/share/julia/stdlib/v1.5/Pkg/src/Operations.jl:1578
 [3] test(::Pkg.Types.Context, ::Array{Pkg.Types.PackageSpec,1}; coverage::Bool, test_fn::Nothing, julia_args::Cmd, test_args::Cmd, kwargs::Base.Iterators.Pairs{Union{},Union{},Tuple{},NamedTuple{(),Tuple{}}}) at /buildworker/worker/package_linux64/build/usr/share/julia/stdlib/v1.5/Pkg/src/API.jl:328
 [4] test(::Pkg.Types.Context, ::Array{Pkg.Types.PackageSpec,1}) at /buildworker/worker/package_linux64/build/usr/share/julia/stdlib/v1.5/Pkg/src/API.jl:315
 [5] #test#61 at /buildworker/worker/package_linux64/build/usr/share/julia/stdlib/v1.5/Pkg/src/API.jl:67 [inlined]
 [6] test at /buildworker/worker/package_linux64/build/usr/share/julia/stdlib/v1.5/Pkg/src/API.jl:67 [inlined]
 [7] #test#60 at /buildworker/worker/package_linux64/build/usr/share/julia/stdlib/v1.5/Pkg/src/API.jl:66 [inlined]
 [8] test at /buildworker/worker/package_linux64/build/usr/share/julia/stdlib/v1.5/Pkg/src/API.jl:66 [inlined]
 [9] test(::String; kwargs::Base.Iterators.Pairs{Union{},Union{},Tuple{},NamedTuple{(),Tuple{}}}) at /buildworker/worker/package_linux64/build/usr/share/julia/stdlib/v1.5/Pkg/src/API.jl:65
 [10] test(::String) at /buildworker/worker/package_linux64/build/usr/share/julia/stdlib/v1.5/Pkg/src/API.jl:65
 [11] top-level scope at none:16
