Julia Version 1.4.0
Commit 571c4c41f7 (2020-04-07 06:24 UTC)
Platform Info:
  OS: Linux (x86_64-linux-gnu)
  CPU: Intel(R) Xeon(R) Silver 4114 CPU @ 2.20GHz
  WORD_SIZE: 64
  LIBM: libopenlibm
  LLVM: libLLVM-8.0.1 (ORCJIT, skylake)
Environment:
  JULIA_DEPOT_PATH = ::/usr/local/share/julia
  JULIA_NUM_THREADS = 2

  Resolving package versions...
  Installed Zlib_jll ───────────────────── v1.2.11+9
  Installed CompilerSupportLibraries_jll ─ v0.3.3+0
  Installed Missings ───────────────────── v0.4.3
  Installed Compat ─────────────────────── v3.8.0
  Installed QuadGK ─────────────────────── v2.3.1
  Installed DistributedArrays ──────────── v0.6.4
  Installed DataStructures ─────────────── v0.17.11
  Installed DataAPI ────────────────────── v1.1.0
  Installed OpenBLAS_jll ───────────────── v0.3.9+2
  Installed NearestNeighbors ───────────── v0.4.4
  Installed SpecialFunctions ───────────── v0.10.0
  Installed FileIO ─────────────────────── v1.2.4
  Installed StatsBase ──────────────────── v0.33.0
  Installed DPMMSubClusters ────────────── v0.1.8
  Installed PDMats ─────────────────────── v0.9.12
  Installed Arpack ─────────────────────── v0.4.0
  Installed OrderedCollections ─────────── v1.1.0
  Installed Rmath ──────────────────────── v0.6.1
  Installed FillArrays ─────────────────── v0.8.7
  Installed StatsFuns ──────────────────── v0.9.4
  Installed NPZ ────────────────────────── v0.4.0
  Installed Arpack_jll ─────────────────── v3.5.0+3
  Installed ZipFile ────────────────────── v0.9.1
  Installed OpenSpecFun_jll ────────────── v0.5.3+3
  Installed JLD2 ───────────────────────── v0.1.3
  Installed CatViews ───────────────────── v1.0.0
  Installed Primes ─────────────────────── v0.4.0
  Installed StaticArrays ───────────────── v0.12.1
  Installed SortingAlgorithms ──────────── v0.3.1
  Installed Clustering ─────────────────── v0.13.4
  Installed CodecZlib ──────────────────── v0.7.0
  Installed Distributions ──────────────── v0.23.2
  Installed Rmath_jll ──────────────────── v0.2.2+0
  Installed Distances ──────────────────── v0.8.2
  Installed TranscodingStreams ─────────── v0.9.5
   Updating `~/.julia/environments/v1.4/Project.toml`
  [2841fd70] + DPMMSubClusters v0.1.8
   Updating `~/.julia/environments/v1.4/Manifest.toml`
  [7d9fca2a] + Arpack v0.4.0
  [68821587] + Arpack_jll v3.5.0+3
  [81a5f4ea] + CatViews v1.0.0
  [aaaa29a8] + Clustering v0.13.4
  [944b1d66] + CodecZlib v0.7.0
  [34da2185] + Compat v3.8.0
  [e66e0078] + CompilerSupportLibraries_jll v0.3.3+0
  [2841fd70] + DPMMSubClusters v0.1.8
  [9a962f9c] + DataAPI v1.1.0
  [864edb3b] + DataStructures v0.17.11
  [b4f34e82] + Distances v0.8.2
  [aaf54ef3] + DistributedArrays v0.6.4
  [31c24e10] + Distributions v0.23.2
  [5789e2e9] + FileIO v1.2.4
  [1a297f60] + FillArrays v0.8.7
  [033835bb] + JLD2 v0.1.3
  [e1d29d7a] + Missings v0.4.3
  [15e1cf62] + NPZ v0.4.0
  [b8a86587] + NearestNeighbors v0.4.4
  [4536629a] + OpenBLAS_jll v0.3.9+2
  [efe28fd5] + OpenSpecFun_jll v0.5.3+3
  [bac558e1] + OrderedCollections v1.1.0
  [90014a1f] + PDMats v0.9.12
  [27ebfcd6] + Primes v0.4.0
  [1fd47b50] + QuadGK v2.3.1
  [79098fc4] + Rmath v0.6.1
  [f50d1b31] + Rmath_jll v0.2.2+0
  [a2af1166] + SortingAlgorithms v0.3.1
  [276daf66] + SpecialFunctions v0.10.0
  [90137ffa] + StaticArrays v0.12.1
  [2913bbd2] + StatsBase v0.33.0
  [4c63d2b9] + StatsFuns v0.9.4
  [3bb67fe8] + TranscodingStreams v0.9.5
  [a5390f91] + ZipFile v0.9.1
  [83775a58] + Zlib_jll v1.2.11+9
  [2a0f44e3] + Base64 
  [ade2ca70] + Dates 
  [8bb1440f] + DelimitedFiles 
  [8ba89e20] + Distributed 
  [b77e0a4c] + InteractiveUtils 
  [76f85450] + LibGit2 
  [8f399da3] + Libdl 
  [37e2e46d] + LinearAlgebra 
  [56ddb016] + Logging 
  [d6f4376e] + Markdown 
  [a63ad114] + Mmap 
  [44cfe95a] + Pkg 
  [de0858da] + Printf 
  [3fa0cd96] + REPL 
  [9a3f8284] + Random 
  [ea8e919c] + SHA 
  [9e88b42a] + Serialization 
  [1a1011a3] + SharedArrays 
  [6462fe0b] + Sockets 
  [2f01184e] + SparseArrays 
  [10745b16] + Statistics 
  [4607b0f0] + SuiteSparse 
  [8dfed614] + Test 
  [cf7118a7] + UUIDs 
  [4ec0a83e] + Unicode 
    Testing DPMMSubClusters
Status `/tmp/jl_FtNz7R/Manifest.toml`
  [7d9fca2a] Arpack v0.4.0
  [68821587] Arpack_jll v3.5.0+3
  [81a5f4ea] CatViews v1.0.0
  [aaaa29a8] Clustering v0.13.4
  [944b1d66] CodecZlib v0.7.0
  [34da2185] Compat v3.8.0
  [e66e0078] CompilerSupportLibraries_jll v0.3.3+0
  [2841fd70] DPMMSubClusters v0.1.8
  [9a962f9c] DataAPI v1.1.0
  [864edb3b] DataStructures v0.17.11
  [b4f34e82] Distances v0.8.2
  [aaf54ef3] DistributedArrays v0.6.4
  [31c24e10] Distributions v0.23.2
  [5789e2e9] FileIO v1.2.4
  [1a297f60] FillArrays v0.8.7
  [033835bb] JLD2 v0.1.3
  [e1d29d7a] Missings v0.4.3
  [15e1cf62] NPZ v0.4.0
  [b8a86587] NearestNeighbors v0.4.4
  [4536629a] OpenBLAS_jll v0.3.9+2
  [efe28fd5] OpenSpecFun_jll v0.5.3+3
  [bac558e1] OrderedCollections v1.1.0
  [90014a1f] PDMats v0.9.12
  [27ebfcd6] Primes v0.4.0
  [1fd47b50] QuadGK v2.3.1
  [79098fc4] Rmath v0.6.1
  [f50d1b31] Rmath_jll v0.2.2+0
  [a2af1166] SortingAlgorithms v0.3.1
  [276daf66] SpecialFunctions v0.10.0
  [90137ffa] StaticArrays v0.12.1
  [2913bbd2] StatsBase v0.33.0
  [4c63d2b9] StatsFuns v0.9.4
  [3bb67fe8] TranscodingStreams v0.9.5
  [a5390f91] ZipFile v0.9.1
  [83775a58] Zlib_jll v1.2.11+9
  [2a0f44e3] Base64 
  [ade2ca70] Dates 
  [8bb1440f] DelimitedFiles 
  [8ba89e20] Distributed 
  [b77e0a4c] InteractiveUtils 
  [76f85450] LibGit2 
  [8f399da3] Libdl 
  [37e2e46d] LinearAlgebra 
  [56ddb016] Logging 
  [d6f4376e] Markdown 
  [a63ad114] Mmap 
  [44cfe95a] Pkg 
  [de0858da] Printf 
  [3fa0cd96] REPL 
  [9a3f8284] Random 
  [ea8e919c] SHA 
  [9e88b42a] Serialization 
  [1a1011a3] SharedArrays 
  [6462fe0b] Sockets 
  [2f01184e] SparseArrays 
  [10745b16] Statistics 
  [4607b0f0] SuiteSparse 
  [8dfed614] Test 
  [cf7118a7] UUIDs 
  [4ec0a83e] Unicode 
Loading and distributing data:
  1.934120 seconds (1.02 M allocations: 50.551 MiB, 6.03% gc time)
Node Leaders:
Dict{Any,Any}(1 => Any[1])
Iteration: 1 || Clusters count: 1 || Log posterior: -3184.8093386024666 || Vi score: no gt || NMI score: no gt || Iter Time:8.431595087051392 || Total time:8.431595087051392
Iteration: 2 || Clusters count: 1 || Log posterior: -3184.8093386024666 || Vi score: no gt || NMI score: no gt || Iter Time:0.0022912025451660156 || Total time:8.433886289596558
Iteration: 3 || Clusters count: 1 || Log posterior: -3184.8093386024666 || Vi score: no gt || NMI score: no gt || Iter Time:0.0022258758544921875 || Total time:8.43611216545105
Iteration: 4 || Clusters count: 1 || Log posterior: -3184.8093386024666 || Vi score: no gt || NMI score: no gt || Iter Time:0.022671937942504883 || Total time:8.458784103393555
Iteration: 5 || Clusters count: 1 || Log posterior: -3184.8093386024666 || Vi score: no gt || NMI score: no gt || Iter Time:0.002206087112426758 || Total time:8.460990190505981
Iteration: 6 || Clusters count: 1 || Log posterior: -3184.8093386024666 || Vi score: no gt || NMI score: no gt || Iter Time:0.0019838809967041016 || Total time:8.462974071502686
Iteration: 7 || Clusters count: 1 || Log posterior: -3184.8093386024666 || Vi score: no gt || NMI score: no gt || Iter Time:0.001956939697265625 || Total time:8.464931011199951
Iteration: 8 || Clusters count: 1 || Log posterior: -3184.8093386024666 || Vi score: no gt || NMI score: no gt || Iter Time:0.0018739700317382812 || Total time:8.46680498123169
Iteration: 9 || Clusters count: 1 || Log posterior: -3184.8093386024666 || Vi score: no gt || NMI score: no gt || Iter Time:0.0018639564514160156 || Total time:8.468668937683105
Iteration: 10 || Clusters count: 1 || Log posterior: -3184.8093386024666 || Vi score: no gt || NMI score: no gt || Iter Time:0.0018658638000488281 || Total time:8.470534801483154
Iteration: 11 || Clusters count: 1 || Log posterior: -3184.8093386024666 || Vi score: no gt || NMI score: no gt || Iter Time:0.001817941665649414 || Total time:8.472352743148804
Iteration: 12 || Clusters count: 1 || Log posterior: -3184.8093386024666 || Vi score: no gt || NMI score: no gt || Iter Time:0.0018241405487060547 || Total time:8.47417688369751
Iteration: 13 || Clusters count: 1 || Log posterior: -3184.8093386024666 || Vi score: no gt || NMI score: no gt || Iter Time:0.0019838809967041016 || Total time:8.476160764694214
Iteration: 14 || Clusters count: 1 || Log posterior: -3184.8093386024666 || Vi score: no gt || NMI score: no gt || Iter Time:0.0018498897552490234 || Total time:8.478010654449463
Iteration: 15 || Clusters count: 1 || Log posterior: -3184.8093386024666 || Vi score: no gt || NMI score: no gt || Iter Time:0.001811981201171875 || Total time:8.479822635650635
Iteration: 16 || Clusters count: 1 || Log posterior: -3184.8093386024666 || Vi score: no gt || NMI score: no gt || Iter Time:0.001833200454711914 || Total time:8.481655836105347
Iteration: 17 || Clusters count: 1 || Log posterior: -3184.8093386024666 || Vi score: no gt || NMI score: no gt || Iter Time:0.0017969608306884766 || Total time:8.483452796936035
Iteration: 18 || Clusters count: 1 || Log posterior: -3184.8093386024666 || Vi score: no gt || NMI score: no gt || Iter Time:0.0017249584197998047 || Total time:8.485177755355835
Iteration: 19 || Clusters count: 1 || Log posterior: -3184.8093386024666 || Vi score: no gt || NMI score: no gt || Iter Time:0.001638174057006836 || Total time:8.486815929412842
Iteration: 20 || Clusters count: 1 || Log posterior: -3184.8093386024666 || Vi score: no gt || NMI score: no gt || Iter Time:0.0017991065979003906 || Total time:8.488615036010742
Iteration: 21 || Clusters count: 1 || Log posterior: -3184.8093386024666 || Vi score: no gt || NMI score: no gt || Iter Time:0.0018618106842041016 || Total time:8.490476846694946
Iteration: 22 || Clusters count: 2 || Log posterior: -2872.3473899692726 || Vi score: no gt || NMI score: no gt || Iter Time:1.3391430377960205 || Total time:9.829619884490967
Iteration: 23 || Clusters count: 2 || Log posterior: -2101.637026104374 || Vi score: no gt || NMI score: no gt || Iter Time:0.0026581287384033203 || Total time:9.83227801322937
Iteration: 24 || Clusters count: 2 || Log posterior: -1903.740333828373 || Vi score: no gt || NMI score: no gt || Iter Time:0.002479076385498047 || Total time:9.834757089614868
Iteration: 25 || Clusters count: 2 || Log posterior: -1903.740333828373 || Vi score: no gt || NMI score: no gt || Iter Time:0.0024220943450927734 || Total time:9.837179183959961
Iteration: 26 || Clusters count: 2 || Log posterior: -1903.740333828373 || Vi score: no gt || NMI score: no gt || Iter Time:0.0024390220642089844 || Total time:9.83961820602417
Iteration: 27 || Clusters count: 2 || Log posterior: -1903.740333828373 || Vi score: no gt || NMI score: no gt || Iter Time:0.018040895462036133 || Total time:9.857659101486206
Iteration: 28 || Clusters count: 2 || Log posterior: -1903.740333828373 || Vi score: no gt || NMI score: no gt || Iter Time:0.0029649734497070312 || Total time:9.860624074935913
Iteration: 29 || Clusters count: 2 || Log posterior: -1903.740333828373 || Vi score: no gt || NMI score: no gt || Iter Time:0.0025780200958251953 || Total time:9.863202095031738
Iteration: 30 || Clusters count: 3 || Log posterior: -1802.5768947929573 || Vi score: no gt || NMI score: no gt || Iter Time:0.0032591819763183594 || Total time:9.866461277008057
Iteration: 31 || Clusters count: 3 || Log posterior: -1328.973725351735 || Vi score: no gt || NMI score: no gt || Iter Time:0.0027098655700683594 || Total time:9.869171142578125
Iteration: 32 || Clusters count: 3 || Log posterior: -1328.973725351735 || Vi score: no gt || NMI score: no gt || Iter Time:0.002892017364501953 || Total time:9.872063159942627
Iteration: 33 || Clusters count: 3 || Log posterior: -1328.973725351735 || Vi score: no gt || NMI score: no gt || Iter Time:0.002991914749145508 || Total time:9.875055074691772
Iteration: 34 || Clusters count: 4 || Log posterior: -1176.710482391758 || Vi score: no gt || NMI score: no gt || Iter Time:0.0038080215454101562 || Total time:9.878863096237183
Iteration: 35 || Clusters count: 4 || Log posterior: -754.2071168750956 || Vi score: no gt || NMI score: no gt || Iter Time:0.0031359195709228516 || Total time:9.881999015808105
Iteration: 36 || Clusters count: 4 || Log posterior: -754.2071168750956 || Vi score: no gt || NMI score: no gt || Iter Time:0.003367185592651367 || Total time:9.885366201400757
Iteration: 37 || Clusters count: 4 || Log posterior: -754.2071168750956 || Vi score: no gt || NMI score: no gt || Iter Time:0.003386974334716797 || Total time:9.888753175735474
Iteration: 38 || Clusters count: 4 || Log posterior: -754.2071168750956 || Vi score: no gt || NMI score: no gt || Iter Time:0.016253948211669922 || Total time:9.905007123947144
Iteration: 39 || Clusters count: 4 || Log posterior: -754.2071168750956 || Vi score: no gt || NMI score: no gt || Iter Time:0.003629922866821289 || Total time:9.908637046813965
Iteration: 40 || Clusters count: 5 || Log posterior: -760.3350456089211 || Vi score: no gt || NMI score: no gt || Iter Time:0.004316806793212891 || Total time:9.912953853607178
Iteration: 41 || Clusters count: 4 || Log posterior: -754.2071168750956 || Vi score: no gt || NMI score: no gt || Iter Time:0.004286050796508789 || Total time:9.917239904403687
Iteration: 42 || Clusters count: 4 || Log posterior: -754.2071168750956 || Vi score: no gt || NMI score: no gt || Iter Time:0.003604888916015625 || Total time:9.920844793319702
Iteration: 43 || Clusters count: 4 || Log posterior: -754.2071168750956 || Vi score: no gt || NMI score: no gt || Iter Time:0.0038919448852539062 || Total time:9.924736738204956
Iteration: 44 || Clusters count: 4 || Log posterior: -754.2071168750956 || Vi score: no gt || NMI score: no gt || Iter Time:0.003635883331298828 || Total time:9.928372621536255
Iteration: 45 || Clusters count: 4 || Log posterior: -754.2071168750956 || Vi score: no gt || NMI score: no gt || Iter Time:0.0036041736602783203 || Total time:9.931976795196533
Iteration: 46 || Clusters count: 4 || Log posterior: -754.2071168750956 || Vi score: no gt || NMI score: no gt || Iter Time:0.0038721561431884766 || Total time:9.935848951339722
Iteration: 47 || Clusters count: 4 || Log posterior: -754.2071168750956 || Vi score: no gt || NMI score: no gt || Iter Time:0.0038590431213378906 || Total time:9.93970799446106
Iteration: 48 || Clusters count: 4 || Log posterior: -754.2071168750956 || Vi score: no gt || NMI score: no gt || Iter Time:0.0036749839782714844 || Total time:9.943382978439331
Iteration: 49 || Clusters count: 4 || Log posterior: -754.2071168750956 || Vi score: no gt || NMI score: no gt || Iter Time:0.003629922866821289 || Total time:9.947012901306152
Iteration: 50 || Clusters count: 4 || Log posterior: -754.2071168750956 || Vi score: no gt || NMI score: no gt || Iter Time:0.0035560131072998047 || Total time:9.950568914413452
Iteration: 51 || Clusters count: 4 || Log posterior: -754.2071168750956 || Vi score: no gt || NMI score: no gt || Iter Time:0.003551959991455078 || Total time:9.954120874404907
Iteration: 52 || Clusters count: 4 || Log posterior: -754.2071168750956 || Vi score: no gt || NMI score: no gt || Iter Time:0.003451824188232422 || Total time:9.95757269859314
Iteration: 53 || Clusters count: 4 || Log posterior: -754.2071168750956 || Vi score: no gt || NMI score: no gt || Iter Time:0.003431081771850586 || Total time:9.96100378036499
Iteration: 54 || Clusters count: 4 || Log posterior: -754.2071168750956 || Vi score: no gt || NMI score: no gt || Iter Time:0.0034589767456054688 || Total time:9.964462757110596
Iteration: 55 || Clusters count: 4 || Log posterior: -754.2071168750956 || Vi score: no gt || NMI score: no gt || Iter Time:0.003559112548828125 || Total time:9.968021869659424
Iteration: 56 || Clusters count: 4 || Log posterior: -754.2071168750956 || Vi score: no gt || NMI score: no gt || Iter Time:0.004077911376953125 || Total time:9.972099781036377
Iteration: 57 || Clusters count: 4 || Log posterior: -754.2071168750956 || Vi score: no gt || NMI score: no gt || Iter Time:0.0035719871520996094 || Total time:9.975671768188477
Iteration: 58 || Clusters count: 4 || Log posterior: -754.2071168750956 || Vi score: no gt || NMI score: no gt || Iter Time:0.0036859512329101562 || Total time:9.979357719421387
Iteration: 59 || Clusters count: 4 || Log posterior: -754.2071168750956 || Vi score: no gt || NMI score: no gt || Iter Time:0.003486156463623047 || Total time:9.98284387588501
Iteration: 60 || Clusters count: 4 || Log posterior: -754.2071168750956 || Vi score: no gt || NMI score: no gt || Iter Time:0.0033071041107177734 || Total time:9.986150979995728
Iteration: 61 || Clusters count: 4 || Log posterior: -754.2071168750956 || Vi score: no gt || NMI score: no gt || Iter Time:0.003459930419921875 || Total time:9.98961091041565
Iteration: 62 || Clusters count: 4 || Log posterior: -754.2071168750956 || Vi score: no gt || NMI score: no gt || Iter Time:0.003787994384765625 || Total time:9.993398904800415
Iteration: 63 || Clusters count: 4 || Log posterior: -754.2071168750956 || Vi score: no gt || NMI score: no gt || Iter Time:0.0035729408264160156 || Total time:9.996971845626831
Iteration: 64 || Clusters count: 4 || Log posterior: -754.2071168750956 || Vi score: no gt || NMI score: no gt || Iter Time:0.0035889148712158203 || Total time:10.000560760498047
Iteration: 65 || Clusters count: 4 || Log posterior: -754.2071168750956 || Vi score: no gt || NMI score: no gt || Iter Time:0.003520965576171875 || Total time:10.004081726074219
Iteration: 66 || Clusters count: 4 || Log posterior: -754.2071168750956 || Vi score: no gt || NMI score: no gt || Iter Time:0.003595113754272461 || Total time:10.007676839828491
Iteration: 67 || Clusters count: 4 || Log posterior: -754.2071168750956 || Vi score: no gt || NMI score: no gt || Iter Time:0.004163026809692383 || Total time:10.011839866638184
Iteration: 68 || Clusters count: 4 || Log posterior: -754.2071168750956 || Vi score: no gt || NMI score: no gt || Iter Time:0.003712892532348633 || Total time:10.015552759170532
Iteration: 69 || Clusters count: 4 || Log posterior: -754.2071168750956 || Vi score: no gt || NMI score: no gt || Iter Time:0.003865957260131836 || Total time:10.019418716430664
Iteration: 70 || Clusters count: 4 || Log posterior: -754.2071168750956 || Vi score: no gt || NMI score: no gt || Iter Time:0.004029035568237305 || Total time:10.023447751998901
Iteration: 71 || Clusters count: 4 || Log posterior: -754.2071168750956 || Vi score: no gt || NMI score: no gt || Iter Time:0.0038330554962158203 || Total time:10.027280807495117
Iteration: 72 || Clusters count: 4 || Log posterior: -754.2071168750956 || Vi score: no gt || NMI score: no gt || Iter Time:0.004011869430541992 || Total time:10.03129267692566
Iteration: 73 || Clusters count: 4 || Log posterior: -754.2071168750956 || Vi score: no gt || NMI score: no gt || Iter Time:0.003609180450439453 || Total time:10.034901857376099
Iteration: 74 || Clusters count: 4 || Log posterior: -754.2071168750956 || Vi score: no gt || NMI score: no gt || Iter Time:0.0035300254821777344 || Total time:10.038431882858276
Iteration: 75 || Clusters count: 4 || Log posterior: -754.2071168750956 || Vi score: no gt || NMI score: no gt || Iter Time:0.0038309097290039062 || Total time:10.04226279258728
Iteration: 76 || Clusters count: 4 || Log posterior: -754.2071168750956 || Vi score: no gt || NMI score: no gt || Iter Time:0.0035271644592285156 || Total time:10.045789957046509
Iteration: 77 || Clusters count: 4 || Log posterior: -754.2071168750956 || Vi score: no gt || NMI score: no gt || Iter Time:0.003635883331298828 || Total time:10.049425840377808
Iteration: 78 || Clusters count: 4 || Log posterior: -754.2071168750956 || Vi score: no gt || NMI score: no gt || Iter Time:0.0037648677825927734 || Total time:10.0531907081604
Iteration: 79 || Clusters count: 4 || Log posterior: -754.2071168750956 || Vi score: no gt || NMI score: no gt || Iter Time:0.0036470890045166016 || Total time:10.056837797164917
Iteration: 80 || Clusters count: 4 || Log posterior: -754.2071168750956 || Vi score: no gt || NMI score: no gt || Iter Time:0.004180192947387695 || Total time:10.061017990112305
Iteration: 81 || Clusters count: 4 || Log posterior: -754.2071168750956 || Vi score: no gt || NMI score: no gt || Iter Time:0.003920078277587891 || Total time:10.064938068389893
Iteration: 82 || Clusters count: 4 || Log posterior: -754.2071168750956 || Vi score: no gt || NMI score: no gt || Iter Time:0.0037839412689208984 || Total time:10.068722009658813
Iteration: 83 || Clusters count: 4 || Log posterior: -754.2071168750956 || Vi score: no gt || NMI score: no gt || Iter Time:0.0033578872680664062 || Total time:10.07207989692688
Iteration: 84 || Clusters count: 4 || Log posterior: -754.2071168750956 || Vi score: no gt || NMI score: no gt || Iter Time:0.0033919811248779297 || Total time:10.075471878051758
Iteration: 85 || Clusters count: 4 || Log posterior: -754.2071168750956 || Vi score: no gt || NMI score: no gt || Iter Time:0.003484010696411133 || Total time:10.078955888748169
Iteration: 86 || Clusters count: 4 || Log posterior: -754.2071168750956 || Vi score: no gt || NMI score: no gt || Iter Time:0.0036361217498779297 || Total time:10.082592010498047
Iteration: 87 || Clusters count: 4 || Log posterior: -754.2071168750956 || Vi score: no gt || NMI score: no gt || Iter Time:0.003963947296142578 || Total time:10.08655595779419
Iteration: 88 || Clusters count: 4 || Log posterior: -754.2071168750956 || Vi score: no gt || NMI score: no gt || Iter Time:0.003857135772705078 || Total time:10.090413093566895
Iteration: 89 || Clusters count: 4 || Log posterior: -754.2071168750956 || Vi score: no gt || NMI score: no gt || Iter Time:0.0037200450897216797 || Total time:10.094133138656616
Iteration: 90 || Clusters count: 4 || Log posterior: -754.2071168750956 || Vi score: no gt || NMI score: no gt || Iter Time:0.0034630298614501953 || Total time:10.097596168518066
Iteration: 91 || Clusters count: 4 || Log posterior: -754.2071168750956 || Vi score: no gt || NMI score: no gt || Iter Time:0.0035750865936279297 || Total time:10.101171255111694
Iteration: 92 || Clusters count: 4 || Log posterior: -754.2071168750956 || Vi score: no gt || NMI score: no gt || Iter Time:0.0036089420318603516 || Total time:10.104780197143555
Iteration: 93 || Clusters count: 4 || Log posterior: -754.2071168750956 || Vi score: no gt || NMI score: no gt || Iter Time:0.0038759708404541016 || Total time:10.108656167984009
Iteration: 94 || Clusters count: 4 || Log posterior: -754.2071168750956 || Vi score: no gt || NMI score: no gt || Iter Time:0.003654956817626953 || Total time:10.112311124801636
Iteration: 95 || Clusters count: 4 || Log posterior: -754.2071168750956 || Vi score: no gt || NMI score: no gt || Iter Time:0.003989219665527344 || Total time:10.116300344467163
Iteration: 96 || Clusters count: 4 || Log posterior: -754.2071168750956 || Vi score: no gt || NMI score: no gt || Iter Time:0.003690004348754883 || Total time:10.119990348815918
Iteration: 97 || Clusters count: 4 || Log posterior: -754.2071168750956 || Vi score: no gt || NMI score: no gt || Iter Time:0.0036258697509765625 || Total time:10.123616218566895
Iteration: 98 || Clusters count: 4 || Log posterior: -754.2071168750956 || Vi score: no gt || NMI score: no gt || Iter Time:0.003947019577026367 || Total time:10.127563238143921
Iteration: 99 || Clusters count: 4 || Log posterior: -754.2071168750956 || Vi score: no gt || NMI score: no gt || Iter Time:0.003921985626220703 || Total time:10.131485223770142
Iteration: 100 || Clusters count: 4 || Log posterior: -754.2071168750956 || Vi score: no gt || NMI score: no gt || Iter Time:0.0036230087280273438 || Total time:10.135108232498169
Iteration: 101 || Clusters count: 4 || Log posterior: -754.2071168750956 || Vi score: no gt || NMI score: no gt || Iter Time:0.0034589767456054688 || Total time:10.138567209243774
Iteration: 102 || Clusters count: 4 || Log posterior: -754.2071168750956 || Vi score: no gt || NMI score: no gt || Iter Time:0.0034220218658447266 || Total time:10.14198923110962
Iteration: 103 || Clusters count: 4 || Log posterior: -754.2071168750956 || Vi score: no gt || NMI score: no gt || Iter Time:0.0036640167236328125 || Total time:10.145653247833252
Iteration: 104 || Clusters count: 4 || Log posterior: -754.2071168750956 || Vi score: no gt || NMI score: no gt || Iter Time:0.003654956817626953 || Total time:10.149308204650879
Iteration: 105 || Clusters count: 4 || Log posterior: -754.2071168750956 || Vi score: no gt || NMI score: no gt || Iter Time:0.0035560131072998047 || Total time:10.152864217758179
Iteration: 106 || Clusters count: 4 || Log posterior: -754.2071168750956 || Vi score: no gt || NMI score: no gt || Iter Time:0.0034890174865722656 || Total time:10.156353235244751
Iteration: 107 || Clusters count: 4 || Log posterior: -754.2071168750956 || Vi score: no gt || NMI score: no gt || Iter Time:0.003326892852783203 || Total time:10.159680128097534
Iteration: 108 || Clusters count: 4 || Log posterior: -754.2071168750956 || Vi score: no gt || NMI score: no gt || Iter Time:0.0033550262451171875 || Total time:10.163035154342651
Iteration: 109 || Clusters count: 4 || Log posterior: -754.2071168750956 || Vi score: no gt || NMI score: no gt || Iter Time:0.003587961196899414 || Total time:10.16662311553955
Iteration: 110 || Clusters count: 4 || Log posterior: -754.2071168750956 || Vi score: no gt || NMI score: no gt || Iter Time:0.0032019615173339844 || Total time:10.169825077056885
Iteration: 111 || Clusters count: 4 || Log posterior: -754.2071168750956 || Vi score: no gt || NMI score: no gt || Iter Time:0.003571033477783203 || Total time:10.173396110534668
Iteration: 112 || Clusters count: 4 || Log posterior: -754.2071168750956 || Vi score: no gt || NMI score: no gt || Iter Time:0.003320932388305664 || Total time:10.176717042922974
Iteration: 113 || Clusters count: 4 || Log posterior: -754.2071168750956 || Vi score: no gt || NMI score: no gt || Iter Time:0.003489971160888672 || Total time:10.180207014083862
Iteration: 114 || Clusters count: 4 || Log posterior: -754.2071168750956 || Vi score: no gt || NMI score: no gt || Iter Time:0.0034761428833007812 || Total time:10.183683156967163
Iteration: 115 || Clusters count: 4 || Log posterior: -754.2071168750956 || Vi score: no gt || NMI score: no gt || Iter Time:0.0031881332397460938 || Total time:10.18687129020691
Iteration: 116 || Clusters count: 4 || Log posterior: -754.2071168750956 || Vi score: no gt || NMI score: no gt || Iter Time:0.003453969955444336 || Total time:10.190325260162354
Iteration: 117 || Clusters count: 4 || Log posterior: -754.2071168750956 || Vi score: no gt || NMI score: no gt || Iter Time:0.00351715087890625 || Total time:10.19384241104126
Iteration: 118 || Clusters count: 4 || Log posterior: -754.2071168750956 || Vi score: no gt || NMI score: no gt || Iter Time:0.0036020278930664062 || Total time:10.197444438934326
Iteration: 119 || Clusters count: 4 || Log posterior: -754.2071168750956 || Vi score: no gt || NMI score: no gt || Iter Time:0.003459930419921875 || Total time:10.200904369354248
Iteration: 120 || Clusters count: 4 || Log posterior: -754.2071168750956 || Vi score: no gt || NMI score: no gt || Iter Time:0.0036301612854003906 || Total time:10.204534530639648
Iteration: 121 || Clusters count: 4 || Log posterior: -754.2071168750956 || Vi score: no gt || NMI score: no gt || Iter Time:0.0033578872680664062 || Total time:10.207892417907715
Iteration: 122 || Clusters count: 4 || Log posterior: -754.2071168750956 || Vi score: no gt || NMI score: no gt || Iter Time:0.0033469200134277344 || Total time:10.211239337921143
Iteration: 123 || Clusters count: 4 || Log posterior: -754.2071168750956 || Vi score: no gt || NMI score: no gt || Iter Time:0.0032269954681396484 || Total time:10.214466333389282
Iteration: 124 || Clusters count: 4 || Log posterior: -754.2071168750956 || Vi score: no gt || NMI score: no gt || Iter Time:0.003198862075805664 || Total time:10.217665195465088
Iteration: 125 || Clusters count: 4 || Log posterior: -754.2071168750956 || Vi score: no gt || NMI score: no gt || Iter Time:0.00308990478515625 || Total time:10.220755100250244
Iteration: 126 || Clusters count: 4 || Log posterior: -754.2071168750956 || Vi score: no gt || NMI score: no gt || Iter Time:0.003271818161010742 || Total time:10.224026918411255
Iteration: 127 || Clusters count: 4 || Log posterior: -754.2071168750956 || Vi score: no gt || NMI score: no gt || Iter Time:0.0032799243927001953 || Total time:10.227306842803955
Iteration: 128 || Clusters count: 4 || Log posterior: -754.2071168750956 || Vi score: no gt || NMI score: no gt || Iter Time:0.00341796875 || Total time:10.230724811553955
Iteration: 129 || Clusters count: 4 || Log posterior: -754.2071168750956 || Vi score: no gt || NMI score: no gt || Iter Time:0.003660917282104492 || Total time:10.23438572883606
Iteration: 130 || Clusters count: 4 || Log posterior: -754.2071168750956 || Vi score: no gt || NMI score: no gt || Iter Time:0.003326892852783203 || Total time:10.237712621688843
Iteration: 131 || Clusters count: 4 || Log posterior: -754.2071168750956 || Vi score: no gt || NMI score: no gt || Iter Time:0.003473043441772461 || Total time:10.241185665130615
Iteration: 132 || Clusters count: 4 || Log posterior: -754.2071168750956 || Vi score: no gt || NMI score: no gt || Iter Time:0.0034990310668945312 || Total time:10.24468469619751
Iteration: 133 || Clusters count: 4 || Log posterior: -754.2071168750956 || Vi score: no gt || NMI score: no gt || Iter Time:0.0033299922943115234 || Total time:10.248014688491821
Iteration: 134 || Clusters count: 4 || Log posterior: -754.2071168750956 || Vi score: no gt || NMI score: no gt || Iter Time:0.003206014633178711 || Total time:10.251220703125
Iteration: 135 || Clusters count: 4 || Log posterior: -754.2071168750956 || Vi score: no gt || NMI score: no gt || Iter Time:0.0031859874725341797 || Total time:10.254406690597534
Iteration: 136 || Clusters count: 4 || Log posterior: -754.2071168750956 || Vi score: no gt || NMI score: no gt || Iter Time:0.0032911300659179688 || Total time:10.257697820663452
Iteration: 137 || Clusters count: 4 || Log posterior: -754.2071168750956 || Vi score: no gt || NMI score: no gt || Iter Time:0.0032579898834228516 || Total time:10.260955810546875
Iteration: 138 || Clusters count: 4 || Log posterior: -754.2071168750956 || Vi score: no gt || NMI score: no gt || Iter Time:0.003579854965209961 || Total time:10.264535665512085
Iteration: 139 || Clusters count: 4 || Log posterior: -754.2071168750956 || Vi score: no gt || NMI score: no gt || Iter Time:0.003523111343383789 || Total time:10.268058776855469
Iteration: 140 || Clusters count: 4 || Log posterior: -754.2071168750956 || Vi score: no gt || NMI score: no gt || Iter Time:0.0034499168395996094 || Total time:10.271508693695068
Iteration: 141 || Clusters count: 4 || Log posterior: -754.2071168750956 || Vi score: no gt || NMI score: no gt || Iter Time:0.0034508705139160156 || Total time:10.274959564208984
Iteration: 142 || Clusters count: 4 || Log posterior: -754.2071168750956 || Vi score: no gt || NMI score: no gt || Iter Time:0.003587007522583008 || Total time:10.278546571731567
Iteration: 143 || Clusters count: 4 || Log posterior: -754.2071168750956 || Vi score: no gt || NMI score: no gt || Iter Time:0.003615856170654297 || Total time:10.282162427902222
Iteration: 144 || Clusters count: 4 || Log posterior: -754.2071168750956 || Vi score: no gt || NMI score: no gt || Iter Time:0.0034999847412109375 || Total time:10.285662412643433
Iteration: 145 || Clusters count: 4 || Log posterior: -754.2071168750956 || Vi score: no gt || NMI score: no gt || Iter Time:0.0034351348876953125 || Total time:10.289097547531128
Iteration: 146 || Clusters count: 4 || Log posterior: -754.2071168750956 || Vi score: no gt || NMI score: no gt || Iter Time:0.003448963165283203 || Total time:10.292546510696411
Iteration: 147 || Clusters count: 4 || Log posterior: -754.2071168750956 || Vi score: no gt || NMI score: no gt || Iter Time:0.0031800270080566406 || Total time:10.295726537704468
Iteration: 148 || Clusters count: 4 || Log posterior: -754.2071168750956 || Vi score: no gt || NMI score: no gt || Iter Time:0.0032329559326171875 || Total time:10.298959493637085
Iteration: 149 || Clusters count: 4 || Log posterior: -754.2071168750956 || Vi score: no gt || NMI score: no gt || Iter Time:0.0033130645751953125 || Total time:10.30227255821228
Iteration: 150 || Clusters count: 4 || Log posterior: -754.2071168750956 || Vi score: no gt || NMI score: no gt || Iter Time:0.0035271644592285156 || Total time:10.305799722671509
Iteration: 151 || Clusters count: 4 || Log posterior: -754.2071168750956 || Vi score: no gt || NMI score: no gt || Iter Time:0.0035369396209716797 || Total time:10.30933666229248
Iteration: 152 || Clusters count: 4 || Log posterior: -754.2071168750956 || Vi score: no gt || NMI score: no gt || Iter Time:0.003606081008911133 || Total time:10.312942743301392
Iteration: 153 || Clusters count: 4 || Log posterior: -754.2071168750956 || Vi score: no gt || NMI score: no gt || Iter Time:0.0032219886779785156 || Total time:10.31616473197937
Iteration: 154 || Clusters count: 4 || Log posterior: -754.2071168750956 || Vi score: no gt || NMI score: no gt || Iter Time:0.0030498504638671875 || Total time:10.319214582443237
Iteration: 155 || Clusters count: 4 || Log posterior: -754.2071168750956 || Vi score: no gt || NMI score: no gt || Iter Time:0.003214120864868164 || Total time:10.322428703308105
Iteration: 156 || Clusters count: 4 || Log posterior: -754.2071168750956 || Vi score: no gt || NMI score: no gt || Iter Time:0.003158092498779297 || Total time:10.325586795806885
Iteration: 157 || Clusters count: 4 || Log posterior: -754.2071168750956 || Vi score: no gt || NMI score: no gt || Iter Time:0.0032720565795898438 || Total time:10.328858852386475
Iteration: 158 || Clusters count: 4 || Log posterior: -754.2071168750956 || Vi score: no gt || NMI score: no gt || Iter Time:0.0034499168395996094 || Total time:10.332308769226074
Iteration: 159 || Clusters count: 4 || Log posterior: -754.2071168750956 || Vi score: no gt || NMI score: no gt || Iter Time:0.0033447742462158203 || Total time:10.33565354347229
Iteration: 160 || Clusters count: 4 || Log posterior: -754.2071168750956 || Vi score: no gt || NMI score: no gt || Iter Time:0.003573894500732422 || Total time:10.339227437973022
Iteration: 161 || Clusters count: 4 || Log posterior: -754.2071168750956 || Vi score: no gt || NMI score: no gt || Iter Time:0.003545999526977539 || Total time:10.3427734375
Iteration: 162 || Clusters count: 4 || Log posterior: -754.2071168750956 || Vi score: no gt || NMI score: no gt || Iter Time:0.0031359195709228516 || Total time:10.345909357070923
Iteration: 163 || Clusters count: 4 || Log posterior: -754.2071168750956 || Vi score: no gt || NMI score: no gt || Iter Time:0.0031099319458007812 || Total time:10.349019289016724
Iteration: 164 || Clusters count: 4 || Log posterior: -754.2071168750956 || Vi score: no gt || NMI score: no gt || Iter Time:0.003255128860473633 || Total time:10.352274417877197
Iteration: 165 || Clusters count: 4 || Log posterior: -754.2071168750956 || Vi score: no gt || NMI score: no gt || Iter Time:0.0037689208984375 || Total time:10.356043338775635
Iteration: 166 || Clusters count: 4 || Log posterior: -754.2071168750956 || Vi score: no gt || NMI score: no gt || Iter Time:0.0033729076385498047 || Total time:10.359416246414185
Iteration: 167 || Clusters count: 4 || Log posterior: -754.2071168750956 || Vi score: no gt || NMI score: no gt || Iter Time:0.0032498836517333984 || Total time:10.362666130065918
Iteration: 168 || Clusters count: 4 || Log posterior: -754.2071168750956 || Vi score: no gt || NMI score: no gt || Iter Time:0.0035979747772216797 || Total time:10.36626410484314
Iteration: 169 || Clusters count: 4 || Log posterior: -754.2071168750956 || Vi score: no gt || NMI score: no gt || Iter Time:0.004069089889526367 || Total time:10.370333194732666
Iteration: 170 || Clusters count: 4 || Log posterior: -754.2071168750956 || Vi score: no gt || NMI score: no gt || Iter Time:0.003201007843017578 || Total time:10.373534202575684
Iteration: 171 || Clusters count: 4 || Log posterior: -754.2071168750956 || Vi score: no gt || NMI score: no gt || Iter Time:0.0033159255981445312 || Total time:10.376850128173828
Iteration: 172 || Clusters count: 4 || Log posterior: -754.2071168750956 || Vi score: no gt || NMI score: no gt || Iter Time:0.004489898681640625 || Total time:10.381340026855469
Iteration: 173 || Clusters count: 4 || Log posterior: -754.2071168750956 || Vi score: no gt || NMI score: no gt || Iter Time:0.0035228729248046875 || Total time:10.384862899780273
Iteration: 174 || Clusters count: 4 || Log posterior: -754.2071168750956 || Vi score: no gt || NMI score: no gt || Iter Time:0.0032889842987060547 || Total time:10.38815188407898
Iteration: 175 || Clusters count: 4 || Log posterior: -754.2071168750956 || Vi score: no gt || NMI score: no gt || Iter Time:0.003262042999267578 || Total time:10.391413927078247
Iteration: 176 || Clusters count: 4 || Log posterior: -754.2071168750956 || Vi score: no gt || NMI score: no gt || Iter Time:0.0033571720123291016 || Total time:10.394771099090576
Iteration: 177 || Clusters count: 4 || Log posterior: -754.2071168750956 || Vi score: no gt || NMI score: no gt || Iter Time:0.0033321380615234375 || Total time:10.3981032371521
Iteration: 178 || Clusters count: 4 || Log posterior: -754.2071168750956 || Vi score: no gt || NMI score: no gt || Iter Time:0.003805875778198242 || Total time:10.401909112930298
Iteration: 179 || Clusters count: 4 || Log posterior: -754.2071168750956 || Vi score: no gt || NMI score: no gt || Iter Time:0.0033369064331054688 || Total time:10.405246019363403
Iteration: 180 || Clusters count: 4 || Log posterior: -754.2071168750956 || Vi score: no gt || NMI score: no gt || Iter Time:0.0034210681915283203 || Total time:10.408667087554932
Iteration: 181 || Clusters count: 4 || Log posterior: -754.2071168750956 || Vi score: no gt || NMI score: no gt || Iter Time:0.0031778812408447266 || Total time:10.411844968795776
Iteration: 182 || Clusters count: 4 || Log posterior: -754.2071168750956 || Vi score: no gt || NMI score: no gt || Iter Time:0.003437042236328125 || Total time:10.415282011032104
Iteration: 183 || Clusters count: 4 || Log posterior: -754.2071168750956 || Vi score: no gt || NMI score: no gt || Iter Time:0.003515005111694336 || Total time:10.418797016143799
Iteration: 184 || Clusters count: 4 || Log posterior: -754.2071168750956 || Vi score: no gt || NMI score: no gt || Iter Time:0.003450155258178711 || Total time:10.422247171401978
Iteration: 185 || Clusters count: 4 || Log posterior: -754.2071168750956 || Vi score: no gt || NMI score: no gt || Iter Time:0.003309011459350586 || Total time:10.425556182861328
Iteration: 186 || Clusters count: 4 || Log posterior: -754.2071168750956 || Vi score: no gt || NMI score: no gt || Iter Time:0.003264904022216797 || Total time:10.428821086883545
Iteration: 187 || Clusters count: 4 || Log posterior: -754.2071168750956 || Vi score: no gt || NMI score: no gt || Iter Time:0.003248929977416992 || Total time:10.432070016860962
Iteration: 188 || Clusters count: 4 || Log posterior: -754.2071168750956 || Vi score: no gt || NMI score: no gt || Iter Time:0.0035698413848876953 || Total time:10.43563985824585
Iteration: 189 || Clusters count: 4 || Log posterior: -754.2071168750956 || Vi score: no gt || NMI score: no gt || Iter Time:0.003593921661376953 || Total time:10.439233779907227
Iteration: 190 || Clusters count: 4 || Log posterior: -754.2071168750956 || Vi score: no gt || NMI score: no gt || Iter Time:0.004106044769287109 || Total time:10.443339824676514
Iteration: 191 || Clusters count: 4 || Log posterior: -754.2071168750956 || Vi score: no gt || NMI score: no gt || Iter Time:0.0038018226623535156 || Total time:10.447141647338867
Iteration: 192 || Clusters count: 4 || Log posterior: -754.2071168750956 || Vi score: no gt || NMI score: no gt || Iter Time:0.0037941932678222656 || Total time:10.45093584060669
Iteration: 193 || Clusters count: 4 || Log posterior: -754.2071168750956 || Vi score: no gt || NMI score: no gt || Iter Time:0.03220510482788086 || Total time:10.48314094543457
Iteration: 194 || Clusters count: 4 || Log posterior: -754.2071168750956 || Vi score: no gt || NMI score: no gt || Iter Time:0.0033130645751953125 || Total time:10.486454010009766
Iteration: 195 || Clusters count: 4 || Log posterior: -754.2071168750956 || Vi score: no gt || NMI score: no gt || Iter Time:1.1403448581695557 || Total time:11.626798868179321
Iteration: 196 || Clusters count: 4 || Log posterior: -754.2071168750956 || Vi score: no gt || NMI score: no gt || Iter Time:0.005535125732421875 || Total time:11.632333993911743
Iteration: 197 || Clusters count: 4 || Log posterior: -754.2071168750956 || Vi score: no gt || NMI score: no gt || Iter Time:0.005109071731567383 || Total time:11.63744306564331
Iteration: 198 || Clusters count: 4 || Log posterior: -754.2071168750956 || Vi score: no gt || NMI score: no gt || Iter Time:0.004808902740478516 || Total time:11.642251968383789
Iteration: 199 || Clusters count: 4 || Log posterior: -754.2071168750956 || Vi score: no gt || NMI score: no gt || Iter Time:0.005043983459472656 || Total time:11.647295951843262
Iteration: 200 || Clusters count: 4 || Log posterior: -754.2071168750956 || Vi score: no gt || NMI score: no gt || Iter Time:0.004750967025756836 || Total time:11.652046918869019
Float32[0.23466104, 0.2045327, 0.24046217, 0.22403972]
Test Summary:                 | Pass  Total
Testing Module (Determinstic) |   10     10
[3798, 7510, 25856, 10044, 13467, 3032, 14417, 11925, 8916, 1035]
Loading and distributing data:
  0.001863 seconds (132 allocations: 1.151 MiB)
Node Leaders:
Dict{Any,Any}(1 => Any[1])
Iteration: 1 || Clusters count: 1 || Log posterior: -7445.937491691671 || Vi score: 2.0708648708156385 || NMI score: -4.288925039084297e-16 || Iter Time:0.21561503410339355 || Total time:0.21561503410339355
Iteration: 2 || Clusters count: 1 || Log posterior: -7445.937491691671 || Vi score: 2.0708648708156385 || NMI score: -4.288925039084297e-16 || Iter Time:0.28570079803466797 || Total time:0.5013158321380615
Iteration: 3 || Clusters count: 1 || Log posterior: -7445.937491691671 || Vi score: 2.0708648708156385 || NMI score: -4.288925039084297e-16 || Iter Time:0.3324148654937744 || Total time:0.8337306976318359
Iteration: 4 || Clusters count: 1 || Log posterior: -7445.937491691671 || Vi score: 2.0708648708156385 || NMI score: -4.288925039084297e-16 || Iter Time:0.38858890533447266 || Total time:1.2223196029663086
Iteration: 5 || Clusters count: 1 || Log posterior: -7445.937491691671 || Vi score: 2.0708648708156385 || NMI score: -4.288925039084297e-16 || Iter Time:0.3128631114959717 || Total time:1.5351827144622803
Iteration: 6 || Clusters count: 1 || Log posterior: -7445.937491691671 || Vi score: 2.0708648708156385 || NMI score: -4.288925039084297e-16 || Iter Time:0.3323171138763428 || Total time:1.867499828338623
Iteration: 7 || Clusters count: 1 || Log posterior: -7445.937491691671 || Vi score: 2.0708648708156385 || NMI score: -4.288925039084297e-16 || Iter Time:0.2672109603881836 || Total time:2.1347107887268066
Iteration: 8 || Clusters count: 1 || Log posterior: -7445.937491691671 || Vi score: 2.0708648708156385 || NMI score: -4.288925039084297e-16 || Iter Time:0.2292170524597168 || Total time:2.3639278411865234
Iteration: 9 || Clusters count: 1 || Log posterior: -7445.937491691671 || Vi score: 2.0708648708156385 || NMI score: -4.288925039084297e-16 || Iter Time:0.3180229663848877 || Total time:2.681950807571411
Iteration: 10 || Clusters count: 1 || Log posterior: -7445.937491691671 || Vi score: 2.0708648708156385 || NMI score: -4.288925039084297e-16 || Iter Time:0.280364990234375 || Total time:2.962315797805786
Iteration: 11 || Clusters count: 1 || Log posterior: -7445.937491691671 || Vi score: 2.0708648708156385 || NMI score: -4.288925039084297e-16 || Iter Time:0.36613988876342773 || Total time:3.328455686569214
Iteration: 12 || Clusters count: 1 || Log posterior: -7445.937491691671 || Vi score: 2.0708648708156385 || NMI score: -4.288925039084297e-16 || Iter Time:0.300447940826416 || Total time:3.62890362739563
Iteration: 13 || Clusters count: 1 || Log posterior: -7445.937491691671 || Vi score: 2.0708648708156385 || NMI score: -4.288925039084297e-16 || Iter Time:0.3416299819946289 || Total time:3.970533609390259
Iteration: 14 || Clusters count: 2 || Log posterior: 64511.0710955495 || Vi score: 1.6949263658285303 || NMI score: 0.38383857014044875 || Iter Time:0.42465901374816895 || Total time:4.395192623138428
Iteration: 15 || Clusters count: 2 || Log posterior: 79069.89069899259 || Vi score: 1.577584953710743 || NMI score: 0.42388797960445 || Iter Time:0.34659409523010254 || Total time:4.74178671836853
Iteration: 16 || Clusters count: 2 || Log posterior: 94250.28984888736 || Vi score: 1.4745729472667002 || NMI score: 0.4599817339075402 || Iter Time:0.22508502006530762 || Total time:4.966871738433838
Iteration: 17 || Clusters count: 2 || Log posterior: 96028.54381998716 || Vi score: 1.456021765687406 || NMI score: 0.46652863968993513 || Iter Time:0.25919103622436523 || Total time:5.226062774658203
Iteration: 18 || Clusters count: 2 || Log posterior: 96198.79517468158 || Vi score: 1.4512430677929433 || NMI score: 0.46819566769192156 || Iter Time:0.30931806564331055 || Total time:5.535380840301514
Iteration: 19 || Clusters count: 2 || Log posterior: 96216.63875445072 || Vi score: 1.452503872957127 || NMI score: 0.46774416843192923 || Iter Time:0.4491739273071289 || Total time:5.984554767608643
Iteration: 20 || Clusters count: 2 || Log posterior: 96241.1080823773 || Vi score: 1.450315618163847 || NMI score: 0.4685102844249672 || Iter Time:0.2915968894958496 || Total time:6.276151657104492
Iteration: 21 || Clusters count: 2 || Log posterior: 96284.82684954349 || Vi score: 1.450452660301933 || NMI score: 0.46845901023054526 || Iter Time:0.3600001335144043 || Total time:6.6361517906188965
Iteration: 22 || Clusters count: 2 || Log posterior: 96230.13887318317 || Vi score: 1.4530168961696612 || NMI score: 0.46754881070824267 || Iter Time:0.23146605491638184 || Total time:6.867617845535278
Iteration: 23 || Clusters count: 2 || Log posterior: 96217.60832127271 || Vi score: 1.4518660475440097 || NMI score: 0.4679273412343381 || Iter Time:0.24166417121887207 || Total time:7.10928201675415
Iteration: 24 || Clusters count: 2 || Log posterior: 96292.82657774631 || Vi score: 1.4513113346177424 || NMI score: 0.4681611841150123 || Iter Time:0.2023639678955078 || Total time:7.311645984649658
Iteration: 25 || Clusters count: 2 || Log posterior: 96266.51395901386 || Vi score: 1.4514932217771235 || NMI score: 0.4681018958918288 || Iter Time:0.33667898178100586 || Total time:7.648324966430664
Iteration: 26 || Clusters count: 2 || Log posterior: 96263.76417931257 || Vi score: 1.4515049753263654 || NMI score: 0.4680839073247916 || Iter Time:0.30945515632629395 || Total time:7.957780122756958
Iteration: 27 || Clusters count: 2 || Log posterior: 96181.13938387576 || Vi score: 1.4517880596642865 || NMI score: 0.46796752398050884 || Iter Time:0.24986696243286133 || Total time:8.20764708518982
Iteration: 28 || Clusters count: 2 || Log posterior: 96255.38938387576 || Vi score: 1.4517880596642865 || NMI score: 0.46796752398050884 || Iter Time:0.2680799961090088 || Total time:8.475727081298828
Iteration: 29 || Clusters count: 4 || Log posterior: 257786.51767953578 || Vi score: 0.797815152349633 || NMI score: 0.7643086879343179 || Iter Time:0.36232495307922363 || Total time:8.838052034378052
Iteration: 30 || Clusters count: 4 || Log posterior: 279695.1200621957 || Vi score: 0.7663305481476216 || NMI score: 0.7733147978086516 || Iter Time:0.4022819995880127 || Total time:9.240334033966064
Iteration: 31 || Clusters count: 4 || Log posterior: 279716.3700693482 || Vi score: 0.7660304272392143 || NMI score: 0.7734034915004312 || Iter Time:0.19804883003234863 || Total time:9.438382863998413
Iteration: 32 || Clusters count: 4 || Log posterior: 279702.3076094026 || Vi score: 0.7663401598217358 || NMI score: 0.7733112920291468 || Iter Time:0.5169470310211182 || Total time:9.955329895019531
Iteration: 33 || Clusters count: 4 || Log posterior: 279707.5731514329 || Vi score: 0.7660812804805734 || NMI score: 0.7733890278156419 || Iter Time:0.5880939960479736 || Total time:10.543423891067505
Iteration: 34 || Clusters count: 4 || Log posterior: 279726.6825765008 || Vi score: 0.7657020371019202 || NMI score: 0.7735005474247512 || Iter Time:0.3473939895629883 || Total time:10.890817880630493
Iteration: 35 || Clusters count: 4 || Log posterior: 279759.90125497524 || Vi score: 0.7648124730290502 || NMI score: 0.7737646712803022 || Iter Time:0.5417249202728271 || Total time:11.43254280090332
Iteration: 36 || Clusters count: 4 || Log posterior: 279728.80754646 || Vi score: 0.765155016133246 || NMI score: 0.7736627701006519 || Iter Time:0.6287848949432373 || Total time:12.061327695846558
Iteration: 37 || Clusters count: 4 || Log posterior: 279704.94817002956 || Vi score: 0.7664059609734717 || NMI score: 0.7732927388278378 || Iter Time:0.4574089050292969 || Total time:12.518736600875854
Iteration: 38 || Clusters count: 4 || Log posterior: 279726.68250926683 || Vi score: 0.7653455388202174 || NMI score: 0.7736069081509658 || Iter Time:0.6556031703948975 || Total time:13.174339771270752
Iteration: 39 || Clusters count: 4 || Log posterior: 279736.08879502956 || Vi score: 0.7655963589233361 || NMI score: 0.7735322203007845 || Iter Time:0.49033617973327637 || Total time:13.664675951004028
Iteration: 40 || Clusters count: 4 || Log posterior: 279756.9637435311 || Vi score: 0.7645819502467978 || NMI score: 0.773833024363275 || Iter Time:0.5146148204803467 || Total time:14.179290771484375
Iteration: 41 || Clusters count: 4 || Log posterior: 279684.557590806 || Vi score: 0.7668584895253494 || NMI score: 0.7731582169125243 || Iter Time:0.49234700202941895 || Total time:14.671637773513794
Iteration: 42 || Clusters count: 4 || Log posterior: 279663.9481972093 || Vi score: 0.7673208986731265 || NMI score: 0.7730216836393233 || Iter Time:0.5181238651275635 || Total time:15.189761638641357
Iteration: 43 || Clusters count: 4 || Log posterior: 279703.0106743211 || Vi score: 0.7669014902399274 || NMI score: 0.7731460775072116 || Iter Time:0.45202088356018066 || Total time:15.641782522201538
Iteration: 44 || Clusters count: 6 || Log posterior: 386730.1361137266 || Vi score: 0.654040273388814 || NMI score: 0.82593861209589 || Iter Time:0.6257061958312988 || Total time:16.267488718032837
Iteration: 45 || Clusters count: 6 || Log posterior: 389657.8619767064 || Vi score: 0.6511173325726523 || NMI score: 0.8267228866339339 || Iter Time:0.35114216804504395 || Total time:16.61863088607788
Iteration: 46 || Clusters count: 6 || Log posterior: 390047.6080280179 || Vi score: 0.6492730509429502 || NMI score: 0.8271967198905463 || Iter Time:0.4597899913787842 || Total time:17.078420877456665
Iteration: 47 || Clusters count: 6 || Log posterior: 390352.8716855878 || Vi score: 0.6460584550786326 || NMI score: 0.8280260860088263 || Iter Time:0.3286130428314209 || Total time:17.407033920288086
Iteration: 48 || Clusters count: 6 || Log posterior: 390574.5502181882 || Vi score: 0.6424232596693614 || NMI score: 0.8289639054318466 || Iter Time:0.313917875289917 || Total time:17.720951795578003
Iteration: 49 || Clusters count: 6 || Log posterior: 391032.3434215421 || Vi score: 0.6356646547268201 || NMI score: 0.8307105643530649 || Iter Time:0.28517794609069824 || Total time:18.0061297416687
Iteration: 50 || Clusters count: 6 || Log posterior: 391482.86366089527 || Vi score: 0.6279564497110739 || NMI score: 0.8327093692375342 || Iter Time:0.3650212287902832 || Total time:18.371150970458984
Iteration: 51 || Clusters count: 6 || Log posterior: 392052.5358496541 || Vi score: 0.6189843099938289 || NMI score: 0.8350316830104704 || Iter Time:0.4362330436706543 || Total time:18.80738401412964
Iteration: 52 || Clusters count: 6 || Log posterior: 393012.9892564649 || Vi score: 0.6041152371278167 || NMI score: 0.8388970065911481 || Iter Time:0.3842020034790039 || Total time:19.191586017608643
Iteration: 53 || Clusters count: 6 || Log posterior: 394223.282013976 || Vi score: 0.5854697076661597 || NMI score: 0.8437623276205741 || Iter Time:0.3130028247833252 || Total time:19.504588842391968
Iteration: 54 || Clusters count: 6 || Log posterior: 396533.0028949613 || Vi score: 0.5560549336838758 || NMI score: 0.851488846930718 || Iter Time:0.31027889251708984 || Total time:19.814867734909058
Iteration: 55 || Clusters count: 6 || Log posterior: 401386.7976675861 || Vi score: 0.522120081900054 || NMI score: 0.8605092115419344 || Iter Time:0.33239197731018066 || Total time:20.14725971221924
Iteration: 56 || Clusters count: 6 || Log posterior: 406266.24925764743 || Vi score: 0.5181710651951057 || NMI score: 0.8617473854468258 || Iter Time:0.4569399356842041 || Total time:20.604199647903442
Iteration: 57 || Clusters count: 6 || Log posterior: 429389.96399649326 || Vi score: 0.5043555651821431 || NMI score: 0.8656273771832488 || Iter Time:0.6242051124572754 || Total time:21.228404760360718
Iteration: 58 || Clusters count: 6 || Log posterior: 431022.04664858524 || Vi score: 0.5040553531479124 || NMI score: 0.8657470958367185 || Iter Time:0.5175070762634277 || Total time:21.745911836624146
Iteration: 59 || Clusters count: 8 || Log posterior: 480685.49197181413 || Vi score: 0.3948678250512324 || NMI score: 0.9000815756719535 || Iter Time:0.47078490257263184 || Total time:22.216696739196777
Iteration: 60 || Clusters count: 8 || Log posterior: 484198.2386620874 || Vi score: 0.36710007558243707 || NMI score: 0.9069465092598378 || Iter Time:0.43166303634643555 || Total time:22.648359775543213
Iteration: 61 || Clusters count: 8 || Log posterior: 487142.73722752277 || Vi score: 0.3347631670349714 || NMI score: 0.9148558859658814 || Iter Time:0.3709390163421631 || Total time:23.019298791885376
Iteration: 62 || Clusters count: 8 || Log posterior: 488797.9037776822 || Vi score: 0.3135301787874784 || NMI score: 0.9200635020891624 || Iter Time:0.32129788398742676 || Total time:23.340596675872803
Iteration: 63 || Clusters count: 8 || Log posterior: 489784.9589804048 || Vi score: 0.3000635265531826 || NMI score: 0.9234119810636389 || Iter Time:0.3602910041809082 || Total time:23.70088768005371
Iteration: 64 || Clusters count: 8 || Log posterior: 490486.622043931 || Vi score: 0.2960442730040393 || NMI score: 0.9244653157691881 || Iter Time:0.3417530059814453 || Total time:24.042640686035156
Iteration: 65 || Clusters count: 8 || Log posterior: 490567.9219160909 || Vi score: 0.3013690611422951 || NMI score: 0.9232933719189417 || Iter Time:0.3472781181335449 || Total time:24.3899188041687
Iteration: 66 || Clusters count: 8 || Log posterior: 490846.4898599023 || Vi score: 0.306211388698239 || NMI score: 0.9222314352565794 || Iter Time:0.49668002128601074 || Total time:24.886598825454712
Iteration: 67 || Clusters count: 9 || Log posterior: 506472.52906151954 || Vi score: 0.23974323420751137 || NMI score: 0.9418580513319841 || Iter Time:0.49610304832458496 || Total time:25.382701873779297
Iteration: 68 || Clusters count: 10 || Log posterior: 542666.299627387 || Vi score: 0.14605584651398093 || NMI score: 0.9649650659274196 || Iter Time:0.47483396530151367 || Total time:25.85753583908081
Iteration: 69 || Clusters count: 10 || Log posterior: 567017.1939941281 || Vi score: 0.09088495677659932 || NMI score: 0.978176783964113 || Iter Time:0.45085811614990234 || Total time:26.308393955230713
Iteration: 70 || Clusters count: 10 || Log posterior: 571462.8333648079 || Vi score: 0.05836939259285075 || NMI score: 0.9859680283600567 || Iter Time:0.8143861293792725 || Total time:27.122780084609985
Iteration: 71 || Clusters count: 10 || Log posterior: 576180.5703538293 || Vi score: 0.03804609898835345 || NMI score: 0.9908423247461431 || Iter Time:0.41927003860473633 || Total time:27.54205012321472
Iteration: 72 || Clusters count: 10 || Log posterior: 576895.2186423177 || Vi score: 0.029867227028434362 || NMI score: 0.9928050777108274 || Iter Time:0.4768500328063965 || Total time:28.018900156021118
Iteration: 73 || Clusters count: 10 || Log posterior: 577573.8542042607 || Vi score: 0.020544402085205946 || NMI score: 0.9950465799741053 || Iter Time:0.594775915145874 || Total time:28.613676071166992
Iteration: 74 || Clusters count: 11 || Log posterior: 579343.0767395132 || Vi score: 0.007533472840358715 || NMI score: 0.9981843303066636 || Iter Time:0.5552198886871338 || Total time:29.168895959854126
Iteration: 75 || Clusters count: 11 || Log posterior: 579404.5764753455 || Vi score: 0.006318305552821224 || NMI score: 0.9984768002971643 || Iter Time:0.5836069583892822 || Total time:29.752502918243408
Iteration: 76 || Clusters count: 11 || Log posterior: 579501.6153227919 || Vi score: 0.005051946682665099 || NMI score: 0.9987817186767026 || Iter Time:0.5417008399963379 || Total time:30.294203758239746
Iteration: 77 || Clusters count: 11 || Log posterior: 579601.6282109851 || Vi score: 0.00387596057099282 || NMI score: 0.9990650436029332 || Iter Time:0.5424728393554688 || Total time:30.836676597595215
Iteration: 78 || Clusters count: 11 || Log posterior: 579685.6017107599 || Vi score: 0.0029038018389576465 || NMI score: 0.9992993827298602 || Iter Time:0.7244949340820312 || Total time:31.561171531677246
Iteration: 79 || Clusters count: 11 || Log posterior: 579808.2516400451 || Vi score: 0.001900880883068661 || NMI score: 0.9995412523324979 || Iter Time:0.47174811363220215 || Total time:32.03291964530945
Iteration: 80 || Clusters count: 11 || Log posterior: 579885.2500666017 || Vi score: 0.0008925941681214056 || NMI score: 0.9997845340231944 || Iter Time:0.5699529647827148 || Total time:32.60287261009216
Iteration: 81 || Clusters count: 11 || Log posterior: 579931.3642955058 || Vi score: 0.000522161400561591 || NMI score: 0.9998739409798193 || Iter Time:0.4293792247772217 || Total time:33.032251834869385
Iteration: 82 || Clusters count: 11 || Log posterior: 579963.0218898887 || Vi score: 0.0001846142079316812 || NMI score: 0.9999554278065477 || Iter Time:0.5595510005950928 || Total time:33.59180283546448
Iteration: 83 || Clusters count: 10 || Log posterior: 579945.2269900674 || Vi score: -0.0 || NMI score: 1.0 || Iter Time:0.4909980297088623 || Total time:34.08280086517334
Iteration: 84 || Clusters count: 10 || Log posterior: 579945.2269900674 || Vi score: -0.0 || NMI score: 1.0 || Iter Time:0.48582911491394043 || Total time:34.56862998008728
Iteration: 85 || Clusters count: 10 || Log posterior: 579945.2269900674 || Vi score: -0.0 || NMI score: 1.0 || Iter Time:0.5473959445953369 || Total time:35.11602592468262
Iteration: 86 || Clusters count: 10 || Log posterior: 579945.2269900674 || Vi score: -0.0 || NMI score: 1.0 || Iter Time:0.4938809871673584 || Total time:35.609906911849976
Iteration: 87 || Clusters count: 10 || Log posterior: 579945.2269900674 || Vi score: -0.0 || NMI score: 1.0 || Iter Time:0.47176098823547363 || Total time:36.08166790008545
Iteration: 88 || Clusters count: 10 || Log posterior: 579945.2269900674 || Vi score: -0.0 || NMI score: 1.0 || Iter Time:0.6651608943939209 || Total time:36.74682879447937
Iteration: 89 || Clusters count: 10 || Log posterior: 579945.2269900674 || Vi score: -0.0 || NMI score: 1.0 || Iter Time:0.6137089729309082 || Total time:37.36053776741028
Iteration: 90 || Clusters count: 10 || Log posterior: 579945.2269900674 || Vi score: -0.0 || NMI score: 1.0 || Iter Time:0.48711299896240234 || Total time:37.84765076637268
Iteration: 91 || Clusters count: 10 || Log posterior: 579945.2269900674 || Vi score: -0.0 || NMI score: 1.0 || Iter Time:0.47143006324768066 || Total time:38.31908082962036
Iteration: 92 || Clusters count: 10 || Log posterior: 579945.2269900674 || Vi score: -0.0 || NMI score: 1.0 || Iter Time:0.6922791004180908 || Total time:39.01135993003845
Iteration: 93 || Clusters count: 10 || Log posterior: 579945.2269900674 || Vi score: -0.0 || NMI score: 1.0 || Iter Time:0.5744049549102783 || Total time:39.58576488494873
Iteration: 94 || Clusters count: 10 || Log posterior: 579945.2269900674 || Vi score: -0.0 || NMI score: 1.0 || Iter Time:0.420072078704834 || Total time:40.005836963653564
Iteration: 95 || Clusters count: 10 || Log posterior: 579945.2269900674 || Vi score: -0.0 || NMI score: 1.0 || Iter Time:0.5305559635162354 || Total time:40.5363929271698
Iteration: 96 || Clusters count: 10 || Log posterior: 579945.2269900674 || Vi score: -0.0 || NMI score: 1.0 || Iter Time:0.6089379787445068 || Total time:41.14533090591431
Iteration: 97 || Clusters count: 10 || Log posterior: 579945.2269900674 || Vi score: -0.0 || NMI score: 1.0 || Iter Time:0.734403133392334 || Total time:41.87973403930664
Iteration: 98 || Clusters count: 10 || Log posterior: 579945.2269900674 || Vi score: -0.0 || NMI score: 1.0 || Iter Time:0.6386141777038574 || Total time:42.5183482170105
Iteration: 99 || Clusters count: 10 || Log posterior: 579945.2269900674 || Vi score: -0.0 || NMI score: 1.0 || Iter Time:0.82979416847229 || Total time:43.34814238548279
Iteration: 100 || Clusters count: 10 || Log posterior: 579945.2269900674 || Vi score: -0.0 || NMI score: 1.0 || Iter Time:0.714993953704834 || Total time:44.06313633918762
Test Summary:                | Pass  Total
Testing Module (Random mess) |    1      1
Multinomial Module And save load: Error During Test at /home/pkgeval/.julia/packages/DPMMSubClusters/io5pH/test/module_tests.jl:41
  Got exception outside of a @test
  SystemError: opening file "save_load_test/mnm_data.npy": Permission denied
  Stacktrace:
   [1] systemerror(::String, ::Int32; extrainfo::Nothing) at ./error.jl:168
   [2] #systemerror#50 at ./error.jl:167 [inlined]
   [3] systemerror at ./error.jl:167 [inlined]
   [4] open(::String; read::Nothing, write::Nothing, create::Nothing, truncate::Bool, append::Nothing) at ./iostream.jl:254
   [5] open(::String, ::String) at ./iostream.jl:310
   [6] npzwrite(::String, ::Adjoint{Float32,Array{Float32,2}}) at /home/pkgeval/.julia/packages/NPZ/OBINJ/src/NPZ.jl:305
   [7] top-level scope at /home/pkgeval/.julia/packages/DPMMSubClusters/io5pH/test/module_tests.jl:46
   [8] top-level scope at /workspace/srcdir/usr/share/julia/stdlib/v1.4/Test/src/Test.jl:1113
   [9] top-level scope at /home/pkgeval/.julia/packages/DPMMSubClusters/io5pH/test/module_tests.jl:42
   [10] include(::String) at ./client.jl:439
   [11] top-level scope at /home/pkgeval/.julia/packages/DPMMSubClusters/io5pH/test/runtests.jl:11
   [12] include(::String) at ./client.jl:439
   [13] top-level scope at none:6
   [14] eval(::Module, ::Any) at ./boot.jl:331
   [15] exec_options(::Base.JLOptions) at ./client.jl:264
   [16] _start() at ./client.jl:484
  
Test Summary:                    | Pass  Error  Total
Multinomial Module And save load |    2      1      3
ERROR: LoadError: LoadError: Some tests did not pass: 2 passed, 0 failed, 1 errored, 0 broken.
in expression starting at /home/pkgeval/.julia/packages/DPMMSubClusters/io5pH/test/module_tests.jl:41
in expression starting at /home/pkgeval/.julia/packages/DPMMSubClusters/io5pH/test/runtests.jl:11
ERROR: Package DPMMSubClusters errored during testing
Stacktrace:
 [1] pkgerror(::String, ::Vararg{String,N} where N) at /workspace/srcdir/usr/share/julia/stdlib/v1.4/Pkg/src/Types.jl:53
 [2] test(::Pkg.Types.Context, ::Array{Pkg.Types.PackageSpec,1}; coverage::Bool, julia_args::Cmd, test_args::Cmd, test_fn::Nothing) at /workspace/srcdir/usr/share/julia/stdlib/v1.4/Pkg/src/Operations.jl:1503
 [3] test(::Pkg.Types.Context, ::Array{Pkg.Types.PackageSpec,1}; coverage::Bool, test_fn::Nothing, julia_args::Cmd, test_args::Cmd, kwargs::Base.Iterators.Pairs{Union{},Union{},Tuple{},NamedTuple{(),Tuple{}}}) at /workspace/srcdir/usr/share/julia/stdlib/v1.4/Pkg/src/API.jl:316
 [4] test(::Pkg.Types.Context, ::Array{Pkg.Types.PackageSpec,1}) at /workspace/srcdir/usr/share/julia/stdlib/v1.4/Pkg/src/API.jl:303
 [5] #test#68 at /workspace/srcdir/usr/share/julia/stdlib/v1.4/Pkg/src/API.jl:297 [inlined]
 [6] test at /workspace/srcdir/usr/share/julia/stdlib/v1.4/Pkg/src/API.jl:297 [inlined]
 [7] #test#67 at /workspace/srcdir/usr/share/julia/stdlib/v1.4/Pkg/src/API.jl:296 [inlined]
 [8] test at /workspace/srcdir/usr/share/julia/stdlib/v1.4/Pkg/src/API.jl:296 [inlined]
 [9] test(::String; kwargs::Base.Iterators.Pairs{Union{},Union{},Tuple{},NamedTuple{(),Tuple{}}}) at /workspace/srcdir/usr/share/julia/stdlib/v1.4/Pkg/src/API.jl:295
 [10] test(::String) at /workspace/srcdir/usr/share/julia/stdlib/v1.4/Pkg/src/API.jl:295
 [11] top-level scope at none:16
