Julia Version 1.3.2-pre.0
Commit 2e6715c045 (2019-12-31 00:49 UTC)
Platform Info:
  OS: Linux (x86_64-linux-gnu)
  CPU: Intel(R) Xeon(R) Silver 4114 CPU @ 2.20GHz
  WORD_SIZE: 64
  LIBM: libopenlibm
  LLVM: libLLVM-6.0.1 (ORCJIT, skylake)
Environment:
  JULIA_DEPOT_PATH = ::/usr/local/share/julia
  JULIA_NUM_THREADS = 2

 Resolving package versions...
 Installed Missings ─────────── v0.4.3
 Installed DataAPI ──────────── v1.1.0
 Installed Parsers ──────────── v0.3.11
 Installed OrderedCollections ─ v1.1.0
 Installed DataStructures ───── v0.17.9
 Installed StatsBase ────────── v0.32.0
 Installed SimilaritySearch ─── v0.3.17
 Installed KernelMethods ────── v0.1.3
 Installed SortingAlgorithms ── v0.3.1
 Installed JSON ─────────────── v0.21.0
  Updating `~/.julia/environments/v1.3/Project.toml`
  [d79e8f30] + KernelMethods v0.1.3
  Updating `~/.julia/environments/v1.3/Manifest.toml`
  [9a962f9c] + DataAPI v1.1.0
  [864edb3b] + DataStructures v0.17.9
  [682c06a0] + JSON v0.21.0
  [d79e8f30] + KernelMethods v0.1.3
  [e1d29d7a] + Missings v0.4.3
  [bac558e1] + OrderedCollections v1.1.0
  [69de0a69] + Parsers v0.3.11
  [053f045d] + SimilaritySearch v0.3.17
  [a2af1166] + SortingAlgorithms v0.3.1
  [2913bbd2] + StatsBase v0.32.0
  [2a0f44e3] + Base64 
  [ade2ca70] + Dates 
  [8bb1440f] + DelimitedFiles 
  [8ba89e20] + Distributed 
  [b77e0a4c] + InteractiveUtils 
  [8f399da3] + Libdl 
  [37e2e46d] + LinearAlgebra 
  [56ddb016] + Logging 
  [d6f4376e] + Markdown 
  [a63ad114] + Mmap 
  [de0858da] + Printf 
  [9a3f8284] + Random 
  [9e88b42a] + Serialization 
  [6462fe0b] + Sockets 
  [2f01184e] + SparseArrays 
  [10745b16] + Statistics 
  [8dfed614] + Test 
  [4ec0a83e] + Unicode 
   Testing KernelMethods
    Status `/tmp/jl_hQW2No/Manifest.toml`
  [9a962f9c] DataAPI v1.1.0
  [864edb3b] DataStructures v0.17.9
  [682c06a0] JSON v0.21.0
  [d79e8f30] KernelMethods v0.1.3
  [e1d29d7a] Missings v0.4.3
  [bac558e1] OrderedCollections v1.1.0
  [69de0a69] Parsers v0.3.11
  [053f045d] SimilaritySearch v0.3.17
  [a2af1166] SortingAlgorithms v0.3.1
  [2913bbd2] StatsBase v0.32.0
  [2a0f44e3] Base64  [`@stdlib/Base64`]
  [ade2ca70] Dates  [`@stdlib/Dates`]
  [8bb1440f] DelimitedFiles  [`@stdlib/DelimitedFiles`]
  [8ba89e20] Distributed  [`@stdlib/Distributed`]
  [b77e0a4c] InteractiveUtils  [`@stdlib/InteractiveUtils`]
  [8f399da3] Libdl  [`@stdlib/Libdl`]
  [37e2e46d] LinearAlgebra  [`@stdlib/LinearAlgebra`]
  [56ddb016] Logging  [`@stdlib/Logging`]
  [d6f4376e] Markdown  [`@stdlib/Markdown`]
  [a63ad114] Mmap  [`@stdlib/Mmap`]
  [de0858da] Printf  [`@stdlib/Printf`]
  [9a3f8284] Random  [`@stdlib/Random`]
  [9e88b42a] Serialization  [`@stdlib/Serialization`]
  [6462fe0b] Sockets  [`@stdlib/Sockets`]
  [2f01184e] SparseArrays  [`@stdlib/SparseArrays`]
  [10745b16] Statistics  [`@stdlib/Statistics`]
  [8dfed614] Test  [`@stdlib/Test`]
  [4ec0a83e] Unicode  [`@stdlib/Unicode`]
Test Summary: | Pass  Total
Scores        |    9      9
Test Summary:   | Pass  Total
CrossValidation |   82     82
computing fartest point 1, dmax: Inf, imax: 3, stop: #3
computing fartest point 2, dmax: 1.3713182328269116, imax: 16, stop: #3
computing fartest point 3, dmax: 0.902093932164886, imax: 42, stop: #3
computing fartest point 4, dmax: 0.80939771000883, imax: 37, stop: #3
computing fartest point 5, dmax: 0.6630392776736466, imax: 45, stop: #3
computing fartest point 6, dmax: 0.5079672903642403, imax: 24, stop: #3
computing fartest point 7, dmax: 0.4767183398931198, imax: 33, stop: #3
computing fartest point 8, dmax: 0.45218744012670875, imax: 15, stop: #3
computing fartest point 9, dmax: 0.45218744012670836, imax: 19, stop: #3
computing fartest point 10, dmax: 0.44267728505572207, imax: 23, stop: #3
computing fartest point 11, dmax: 0.42414336984337275, imax: 14, stop: #3
computing fartest point 12, dmax: 0.4196303103040959, imax: 5, stop: #3
computing fartest point 13, dmax: 0.38557134423932304, imax: 25, stop: #3
computing fartest point 14, dmax: 0.3730802424093853, imax: 26, stop: #3
computing fartest point 15, dmax: 0.37160686372008145, imax: 21, stop: #3
computing fartest point 16, dmax: 0.35770802956535763, imax: 17, stop: #3
computing fartest point 17, dmax: 0.3070712423679738, imax: 9, stop: #3
computing fartest point 18, dmax: 0.3047559503871529, imax: 6, stop: #3
computing fartest point 19, dmax: 0.302399479610917, imax: 36, stop: #3
computing fartest point 20, dmax: 0.30000000000000004, imax: 30, stop: #3
computing fartest point 21, dmax: 0.2818334139910908, imax: 34, stop: #3
==> Iris-setosa: 1.0
computing fartest point 1, dmax: Inf, imax: 36, stop: #3
computing fartest point 2, dmax: 1.6600244482622588, imax: 49, stop: #3
computing fartest point 3, dmax: 1.2010822180174239, imax: 19, stop: #3
computing fartest point 4, dmax: 1.0044645525766647, imax: 1, stop: #3
computing fartest point 5, dmax: 0.9092544958551597, imax: 10, stop: #3
computing fartest point 6, dmax: 0.6888434672966074, imax: 34, stop: #3
computing fartest point 7, dmax: 0.6888434672966073, imax: 22, stop: #3
computing fartest point 8, dmax: 0.6227839056462653, imax: 35, stop: #3
computing fartest point 9, dmax: 0.618301539356475, imax: 13, stop: #3
computing fartest point 10, dmax: 0.6177876922766915, imax: 11, stop: #3
computing fartest point 11, dmax: 0.583443229209843, imax: 30, stop: #3
computing fartest point 12, dmax: 0.5640759255458024, imax: 5, stop: #3
computing fartest point 13, dmax: 0.5007466368307506, imax: 29, stop: #3
computing fartest point 14, dmax: 0.4436644098679906, imax: 4, stop: #3
computing fartest point 15, dmax: 0.44267728505572246, imax: 41, stop: #3
computing fartest point 16, dmax: 0.4292763936246034, imax: 28, stop: #3
computing fartest point 17, dmax: 0.4230481608641533, imax: 39, stop: #3
computing fartest point 18, dmax: 0.4024813191914696, imax: 2, stop: #3
computing fartest point 19, dmax: 0.3730802424093854, imax: 15, stop: #3
computing fartest point 20, dmax: 0.3730802424093853, imax: 18, stop: #3
computing fartest point 21, dmax: 0.34269904568034565, imax: 21, stop: #3
==> Iris-versicolor: 0.9533333333333334
computing fartest point 1, dmax: Inf, imax: 24, stop: #3
computing fartest point 2, dmax: 2.1748194749497127, imax: 19, stop: #3
computing fartest point 3, dmax: 1.4075085374480334, imax: 7, stop: #3
computing fartest point 4, dmax: 1.2243859686204253, imax: 32, stop: #3
computing fartest point 5, dmax: 1.2075092778275507, imax: 1, stop: #3
computing fartest point 6, dmax: 1.0063083406638313, imax: 30, stop: #3
computing fartest point 7, dmax: 0.7762282907291796, imax: 10, stop: #3
computing fartest point 8, dmax: 0.7351328875059455, imax: 35, stop: #3
computing fartest point 9, dmax: 0.721401629225034, imax: 42, stop: #3
computing fartest point 10, dmax: 0.7037196713425041, imax: 22, stop: #3
computing fartest point 11, dmax: 0.6884853143712277, imax: 36, stop: #3
computing fartest point 12, dmax: 0.6213726406429249, imax: 9, stop: #3
computing fartest point 13, dmax: 0.6057628213231373, imax: 49, stop: #3
computing fartest point 14, dmax: 0.550722938752203, imax: 20, stop: #3
computing fartest point 15, dmax: 0.5335302347011455, imax: 38, stop: #3
computing fartest point 16, dmax: 0.5272812763331919, imax: 21, stop: #3
computing fartest point 17, dmax: 0.5086873293858954, imax: 8, stop: #3
computing fartest point 18, dmax: 0.4426772850557223, imax: 33, stop: #3
computing fartest point 19, dmax: 0.423048160864153, imax: 15, stop: #3
computing fartest point 20, dmax: 0.41963031030409564, imax: 6, stop: #3
computing fartest point 21, dmax: 0.4142159340231804, imax: 11, stop: #3
==> Iris-virginica: 0.9666666666666667
===> macro-recall: 0.9733333333333333
Test Summary:             | Pass  Total
encode by farthest points |    1      1
optimize!(nnc, accuracy, folds=5) = Tuple{Float64,Tuple{Int64,Symbol}}[(0.9666666666666668, (7, :uniform)), (0.9666666666666668, (7, :distance)), (0.96, (3, :uniform)), (0.96, (3, :distance)), (0.9533333333333334, (1, :uniform)), (0.9533333333333334, (1, :distance))]
Test Summary: | Pass  Total
KNN           |    9      9
[ Info: optimizing nbc NaiveBayesClassifier{Array{Float64,1},String}
NB: Test Failed at /home/pkgeval/.julia/packages/KernelMethods/Eepvn/test/runtests.jl:72
  Expression: ((optimize!(nbc, X, y, accuracy, runs=5, trainratio=0.2, testratio=0.2))[1])[1] > 0.8
   Evaluated: 0.8 > 0.8
Stacktrace:
 [1] top-level scope at /home/pkgeval/.julia/packages/KernelMethods/Eepvn/test/runtests.jl:72
 [2] top-level scope at /workspace/srcdir/usr/share/julia/stdlib/v1.3/Test/src/Test.jl:1107
 [3] top-level scope at /home/pkgeval/.julia/packages/KernelMethods/Eepvn/test/runtests.jl:70
[ Info: optimizing nbc NaiveBayesClassifier{Array{Float64,1},String}
[ Info: optimizing nbc NaiveBayesClassifier{Array{Float64,1},String}
[ Info: optimizing nbc NaiveBayesClassifier{Array{Float64,1},String}
[ Info: optimizing nbc NaiveBayesClassifier{Array{Float64,1},String}
optimize!(nbc, X, y, accuracy, runs=5, trainratio=0.7, testratio=0.3) = Tuple{Float64,Tuple{DataType,Real}}[(0.9155555555555555, (KernelMethods.Supervised.GaussianKernel, -1)), (0.33333333333333337, (KernelMethods.Supervised.MultinomialKernel, 0.0)), (0.33333333333333337, (KernelMethods.Supervised.MultinomialKernel, 0.1)), (0.33333333333333337, (KernelMethods.Supervised.MultinomialKernel, 0.3)), (0.33333333333333337, (KernelMethods.Supervised.MultinomialKernel, 1.0))]
Test Summary: | Pass  Fail  Total
NB            |    3     1      4
ERROR: LoadError: Some tests did not pass: 3 passed, 1 failed, 0 errored, 0 broken.
in expression starting at /home/pkgeval/.julia/packages/KernelMethods/Eepvn/test/runtests.jl:69
ERROR: Package KernelMethods errored during testing
Stacktrace:
 [1] pkgerror(::String, ::Vararg{String,N} where N) at /workspace/srcdir/usr/share/julia/stdlib/v1.3/Pkg/src/Types.jl:113
 [2] #test#131(::Bool, ::Nothing, ::Cmd, ::Cmd, ::typeof(Pkg.Operations.test), ::Pkg.Types.Context, ::Array{Pkg.Types.PackageSpec,1}) at /workspace/srcdir/usr/share/julia/stdlib/v1.3/Pkg/src/Operations.jl:1372
 [3] #test at ./none:0 [inlined]
 [4] #test#62(::Bool, ::Nothing, ::Cmd, ::Cmd, ::Base.Iterators.Pairs{Union{},Union{},Tuple{},NamedTuple{(),Tuple{}}}, ::typeof(Pkg.API.test), ::Pkg.Types.Context, ::Array{Pkg.Types.PackageSpec,1}) at /workspace/srcdir/usr/share/julia/stdlib/v1.3/Pkg/src/API.jl:253
 [5] test(::Pkg.Types.Context, ::Array{Pkg.Types.PackageSpec,1}) at /workspace/srcdir/usr/share/julia/stdlib/v1.3/Pkg/src/API.jl:239
 [6] #test#61 at /workspace/srcdir/usr/share/julia/stdlib/v1.3/Pkg/src/API.jl:233 [inlined]
 [7] test at /workspace/srcdir/usr/share/julia/stdlib/v1.3/Pkg/src/API.jl:233 [inlined]
 [8] #test#60 at /workspace/srcdir/usr/share/julia/stdlib/v1.3/Pkg/src/API.jl:232 [inlined]
 [9] test at /workspace/srcdir/usr/share/julia/stdlib/v1.3/Pkg/src/API.jl:232 [inlined]
 [10] #test#59(::Base.Iterators.Pairs{Union{},Union{},Tuple{},NamedTuple{(),Tuple{}}}, ::typeof(Pkg.API.test), ::String) at /workspace/srcdir/usr/share/julia/stdlib/v1.3/Pkg/src/API.jl:231
 [11] test(::String) at /workspace/srcdir/usr/share/julia/stdlib/v1.3/Pkg/src/API.jl:231
 [12] top-level scope at none:13
