Julia Version 1.3.0
Commit 46ce4d7933 (2019-11-26 06:09 UTC)
Platform Info:
  OS: Linux (x86_64-pc-linux-gnu)
  CPU: Intel(R) Xeon(R) Silver 4114 CPU @ 2.20GHz
  WORD_SIZE: 64
  LIBM: libopenlibm
  LLVM: libLLVM-6.0.1 (ORCJIT, skylake)

   Cloning default registries into `~/.julia`
   Cloning registry from "https://github.com/JuliaRegistries/General.git"
[?25l    Fetching: [>                                        ]  0.0 %    Fetching: [============>                            ]  28.2 %    Fetching: [=========================>               ]  61.3 %[2K[?25h     Added registry `General` to `~/.julia/registries/General`
 Resolving package versions...
 Installed ModelSanitizer ─ v0.3.0
  Updating `~/.julia/environments/v1.3/Project.toml`
  [913cd07a] + ModelSanitizer v0.3.0
  Updating `~/.julia/environments/v1.3/Manifest.toml`
  [913cd07a] + ModelSanitizer v0.3.0
   Testing ModelSanitizer
 Resolving package versions...
 Installed TimerOutputs ──────────────── v0.5.3
 Installed Coverage ──────────────────── v0.9.3
 Installed BenchmarkTools ────────────── v0.4.3
 Installed StatsBase ─────────────────── v0.31.0
 Installed StatsModels ───────────────── v0.6.2
 Installed MLJBase ───────────────────── v0.2.3
 Installed MultivariateStats ─────────── v0.6.0
 Installed MLJ ───────────────────────── v0.2.5
 Installed IniFile ───────────────────── v0.5.0
 Installed MLJModels ─────────────────── v0.2.5
 Installed PkgBenchmark ──────────────── v0.2.6
 Installed Arpack ────────────────────── v0.4.0
 Installed SortingAlgorithms ─────────── v0.3.1
 Installed RemoteFiles ───────────────── v0.3.1
 Installed DataStructures ────────────── v0.17.6
 Installed DataFrames ────────────────── v0.18.4
 Installed FileIO ────────────────────── v1.1.0
 Installed LazyArrays ────────────────── v0.14.10
 Installed StaticArrays ──────────────── v0.12.1
 Installed Compat ────────────────────── v2.2.0
 Installed QuadGK ────────────────────── v2.2.0
 Installed BinaryProvider ────────────── v0.5.8
 Installed StatsFuns ─────────────────── v0.9.2
 Installed Parsers ───────────────────── v0.3.10
 Installed Missings ──────────────────── v0.4.3
 Installed MacroTools ────────────────── v0.5.3
 Installed ProgressMeter ─────────────── v1.2.0
 Installed CategoricalArrays ─────────── v0.5.2
 Installed Rmath ─────────────────────── v0.6.0
 Installed Distributions ─────────────── v0.19.2
 Installed CSV ───────────────────────── v0.5.18
 Installed TableTraits ───────────────── v1.0.0
 Installed OrderedCollections ────────── v1.1.0
 Installed ArrayLayouts ──────────────── v0.1.5
 Installed OpenBLAS_jll ──────────────── v0.3.7+1
 Installed SpecialFunctions ──────────── v0.9.0
 Installed Arpack_jll ────────────────── v3.5.0+2
 Installed LIBSVM ────────────────────── v0.3.1
 Installed JSON ──────────────────────── v0.21.0
 Installed RecipesBase ───────────────── v0.7.0
 Installed DataAPI ───────────────────── v1.1.0
 Installed Tables ────────────────────── v0.2.11
 Installed ShiftedArrays ─────────────── v1.0.0
 Installed ScikitLearnBase ───────────── v0.5.0
 Installed Distances ─────────────────── v0.8.2
 Installed DataValueInterfaces ───────── v1.0.0
 Installed MbedTLS ───────────────────── v0.7.0
 Installed Polynomials ───────────────── v0.6.0
 Installed OpenSpecFun_jll ───────────── v0.5.3+1
 Installed LIBLINEAR ─────────────────── v0.5.1
 Installed Requires ──────────────────── v0.5.2
 Installed FilePathsBase ─────────────── v0.7.0
 Installed IteratorInterfaceExtensions ─ v1.0.0
 Installed HTTP ──────────────────────── v0.8.8
 Installed PooledArrays ──────────────── v0.5.2
 Installed WeakRefStrings ────────────── v0.6.1
 Installed PDMats ────────────────────── v0.9.10
 Installed Reexport ──────────────────── v0.2.0
 Installed FillArrays ────────────────── v0.8.2
  Updating `/tmp/jl_CAxiUq/Project.toml`
  [6e4b80f9] + BenchmarkTools v0.4.3
  [a2441757] + Coverage v0.9.3
  [a93c6f00] + DataFrames v0.18.4
  [add582a8] + MLJ v0.2.5
  [a7f614a8] + MLJBase v0.2.3
  [d491faf4] + MLJModels v0.2.5
  [913cd07a] + ModelSanitizer v0.3.0
  [6f286f6a] + MultivariateStats v0.6.0
  [32113eaa] + PkgBenchmark v0.2.6
  [2913bbd2] + StatsBase v0.31.0
  [3eaba693] + StatsModels v0.6.2
  [a759f4b9] + TimerOutputs v0.5.3
  [10745b16] + Statistics 
  [8dfed614] + Test 
 Resolving package versions...
  Updating `/tmp/jl_CAxiUq/Project.toml`
  [6e4b80f9] + BenchmarkTools v0.4.3
  [a2441757] + Coverage v0.9.3
  [a93c6f00] + DataFrames v0.18.4
  [add582a8] + MLJ v0.2.5
  [a7f614a8] + MLJBase v0.2.3
  [d491faf4] + MLJModels v0.2.5
  [913cd07a] + ModelSanitizer v0.3.0 [`~/.julia/packages/ModelSanitizer/fYC4k`]
  [6f286f6a] + MultivariateStats v0.6.0
  [32113eaa] + PkgBenchmark v0.2.6
  [2913bbd2] + StatsBase v0.31.0
  [3eaba693] + StatsModels v0.6.2
  [a759f4b9] + TimerOutputs v0.5.3
  [10745b16] + Statistics 
  [8dfed614] + Test 
ERROR: SystemError: opening file "/tmp/jl_CAxiUq/Project.toml": Permission denied
Stacktrace:
 [1] #systemerror#44(::Nothing, ::typeof(systemerror), ::String, ::Bool) at ./error.jl:134
 [2] systemerror at ./error.jl:134 [inlined]
 [3] #open#512(::Nothing, ::Nothing, ::Nothing, ::Bool, ::Nothing, ::typeof(open), ::String) at ./iostream.jl:254
 [4] #open at ./none:0 [inlined]
 [5] #open#271(::Base.Iterators.Pairs{Symbol,Bool,Tuple{Symbol},NamedTuple{(:truncate,),Tuple{Bool}}}, ::typeof(open), ::Pkg.Types.var"#41#43"{Base.GenericIOBuffer{Array{UInt8,1}}}, ::String) at ./io.jl:296
 [6] #open at ./none:0 [inlined]
 [7] write_project at /buildworker/worker/package_linux64/build/usr/share/julia/stdlib/v1.3/Pkg/src/project.jl:176 [inlined]
 [8] #write_project#44(::Bool, ::typeof(Pkg.Types.write_project), ::Pkg.Types.Project, ::Pkg.Types.EnvCache, ::Pkg.Types.EnvCache, ::Pkg.Types.Context) at /buildworker/worker/package_linux64/build/usr/share/julia/stdlib/v1.3/Pkg/src/project.jl:187
 [9] #write_project at ./none:0 [inlined]
 [10] #write_env#141 at /buildworker/worker/package_linux64/build/usr/share/julia/stdlib/v1.3/Pkg/src/Types.jl:1375 [inlined]
 [11] write_env at /buildworker/worker/package_linux64/build/usr/share/julia/stdlib/v1.3/Pkg/src/Types.jl:1373 [inlined]
 [12] #develop#115(::Bool, ::Pkg.BinaryPlatforms.Linux, ::typeof(Pkg.Operations.develop), ::Pkg.Types.Context, ::Array{Pkg.Types.PackageSpec,1}, ::Array{Base.UUID,1}) at /buildworker/worker/package_linux64/build/usr/share/julia/stdlib/v1.3/Pkg/src/Operations.jl:1040
 [13] #develop at /buildworker/worker/package_linux64/build/usr/share/julia/stdlib/v1.3/Pkg/src/API.jl:0 [inlined]
 [14] #develop#17(::Bool, ::Bool, ::Pkg.BinaryPlatforms.Linux, ::Base.Iterators.Pairs{Union{},Union{},Tuple{},NamedTuple{(),Tuple{}}}, ::typeof(Pkg.API.develop), ::Pkg.Types.Context, ::Array{Pkg.Types.PackageSpec,1}) at /buildworker/worker/package_linux64/build/usr/share/julia/stdlib/v1.3/Pkg/src/API.jl:61
 [15] develop(::Pkg.Types.Context, ::Array{Pkg.Types.PackageSpec,1}) at /buildworker/worker/package_linux64/build/usr/share/julia/stdlib/v1.3/Pkg/src/API.jl:41
 [16] #develop#16(::Base.Iterators.Pairs{Union{},Union{},Tuple{},NamedTuple{(),Tuple{}}}, ::typeof(Pkg.API.develop), ::Array{Pkg.Types.PackageSpec,1}) at /buildworker/worker/package_linux64/build/usr/share/julia/stdlib/v1.3/Pkg/src/API.jl:38
 [17] develop(::Array{Pkg.Types.PackageSpec,1}) at /buildworker/worker/package_linux64/build/usr/share/julia/stdlib/v1.3/Pkg/src/API.jl:38
 [18] #develop#12(::Base.Iterators.Pairs{Union{},Union{},Tuple{},NamedTuple{(),Tuple{}}}, ::typeof(Pkg.API.develop), ::Pkg.Types.PackageSpec) at /buildworker/worker/package_linux64/build/usr/share/julia/stdlib/v1.3/Pkg/src/API.jl:35
 [19] develop at /buildworker/worker/package_linux64/build/usr/share/julia/stdlib/v1.3/Pkg/src/API.jl:35 [inlined]
 [20] (::Pkg.Operations.var"#128#130"{String,String,Pkg.Operations.var"#132#133"{Bool,Nothing,Cmd,Cmd,Pkg.Types.Context,Array{String,1},String,Pkg.Types.PackageSpec},String})() at /buildworker/worker/package_linux64/build/usr/share/julia/stdlib/v1.3/Pkg/src/Operations.jl:1290
 [21] with_temp_env(::Pkg.Operations.var"#128#130"{String,String,Pkg.Operations.var"#132#133"{Bool,Nothing,Cmd,Cmd,Pkg.Types.Context,Array{String,1},String,Pkg.Types.PackageSpec},String}, ::String) at /buildworker/worker/package_linux64/build/usr/share/julia/stdlib/v1.3/Pkg/src/Operations.jl:1237
 [22] (::Pkg.Operations.var"#127#129"{Pkg.Operations.var"#132#133"{Bool,Nothing,Cmd,Cmd,Pkg.Types.Context,Array{String,1},String,Pkg.Types.PackageSpec},Pkg.Types.Context,Pkg.Types.PackageSpec,String,String,String})(::String) at /buildworker/worker/package_linux64/build/usr/share/julia/stdlib/v1.3/Pkg/src/Operations.jl:1284
 [23] #mktempdir#18(::String, ::typeof(mktempdir), ::Pkg.Operations.var"#127#129"{Pkg.Operations.var"#132#133"{Bool,Nothing,Cmd,Cmd,Pkg.Types.Context,Array{String,1},String,Pkg.Types.PackageSpec},Pkg.Types.Context,Pkg.Types.PackageSpec,String,String,String}, ::String) at ./file.jl:634
 [24] mktempdir(::Function, ::String) at ./file.jl:632 (repeats 2 times)
 [25] sandbox(::Function, ::Pkg.Types.Context, ::Pkg.Types.PackageSpec, ::String, ::String) at /buildworker/worker/package_linux64/build/usr/share/julia/stdlib/v1.3/Pkg/src/Operations.jl:1271
 [26] #test#131(::Bool, ::Nothing, ::Cmd, ::Cmd, ::typeof(Pkg.Operations.test), ::Pkg.Types.Context, ::Array{Pkg.Types.PackageSpec,1}) at /buildworker/worker/package_linux64/build/usr/share/julia/stdlib/v1.3/Pkg/src/Operations.jl:1355
 [27] #test at ./none:0 [inlined]
 [28] #test#62(::Bool, ::Nothing, ::Cmd, ::Cmd, ::Base.Iterators.Pairs{Union{},Union{},Tuple{},NamedTuple{(),Tuple{}}}, ::typeof(Pkg.API.test), ::Pkg.Types.Context, ::Array{Pkg.Types.PackageSpec,1}) at /buildworker/worker/package_linux64/build/usr/share/julia/stdlib/v1.3/Pkg/src/API.jl:253
 [29] test(::Pkg.Types.Context, ::Array{Pkg.Types.PackageSpec,1}) at /buildworker/worker/package_linux64/build/usr/share/julia/stdlib/v1.3/Pkg/src/API.jl:239
 [30] #test#61 at /buildworker/worker/package_linux64/build/usr/share/julia/stdlib/v1.3/Pkg/src/API.jl:233 [inlined]
 [31] test at /buildworker/worker/package_linux64/build/usr/share/julia/stdlib/v1.3/Pkg/src/API.jl:233 [inlined]
 [32] #test#60 at /buildworker/worker/package_linux64/build/usr/share/julia/stdlib/v1.3/Pkg/src/API.jl:232 [inlined]
 [33] test at /buildworker/worker/package_linux64/build/usr/share/julia/stdlib/v1.3/Pkg/src/API.jl:232 [inlined]
 [34] #test#59(::Base.Iterators.Pairs{Union{},Union{},Tuple{},NamedTuple{(),Tuple{}}}, ::typeof(Pkg.API.test), ::String) at /buildworker/worker/package_linux64/build/usr/share/julia/stdlib/v1.3/Pkg/src/API.jl:231
 [35] test(::String) at /buildworker/worker/package_linux64/build/usr/share/julia/stdlib/v1.3/Pkg/src/API.jl:231
 [36] top-level scope at none:12
caused by [exception 1]
SystemError: opening file "/tmp/jl_CAxiUq/Project.toml": Permission denied
Stacktrace:
 [1] #systemerror#44(::Nothing, ::typeof(systemerror), ::String, ::Bool) at ./error.jl:134
 [2] systemerror at ./error.jl:134 [inlined]
 [3] #open#512(::Nothing, ::Nothing, ::Nothing, ::Bool, ::Nothing, ::typeof(open), ::String) at ./iostream.jl:254
 [4] #open at ./none:0 [inlined]
 [5] #open#271(::Base.Iterators.Pairs{Symbol,Bool,Tuple{Symbol},NamedTuple{(:truncate,),Tuple{Bool}}}, ::typeof(open), ::Pkg.Types.var"#41#43"{Base.GenericIOBuffer{Array{UInt8,1}}}, ::String) at ./io.jl:296
 [6] #open at ./none:0 [inlined]
 [7] write_project at /buildworker/worker/package_linux64/build/usr/share/julia/stdlib/v1.3/Pkg/src/project.jl:176 [inlined]
 [8] #write_project#44(::Bool, ::typeof(Pkg.Types.write_project), ::Pkg.Types.Project, ::Pkg.Types.EnvCache, ::Pkg.Types.EnvCache, ::Pkg.Types.Context) at /buildworker/worker/package_linux64/build/usr/share/julia/stdlib/v1.3/Pkg/src/project.jl:187
 [9] #write_project at ./none:0 [inlined]
 [10] #write_env#141 at /buildworker/worker/package_linux64/build/usr/share/julia/stdlib/v1.3/Pkg/src/Types.jl:1375 [inlined]
 [11] write_env at /buildworker/worker/package_linux64/build/usr/share/julia/stdlib/v1.3/Pkg/src/Types.jl:1373 [inlined]
 [12] #develop#115(::Bool, ::Pkg.BinaryPlatforms.Linux, ::typeof(Pkg.Operations.develop), ::Pkg.Types.Context, ::Array{Pkg.Types.PackageSpec,1}, ::Array{Base.UUID,1}) at /buildworker/worker/package_linux64/build/usr/share/julia/stdlib/v1.3/Pkg/src/Operations.jl:1040
 [13] #develop at /buildworker/worker/package_linux64/build/usr/share/julia/stdlib/v1.3/Pkg/src/API.jl:0 [inlined]
 [14] #develop#17(::Bool, ::Bool, ::Pkg.BinaryPlatforms.Linux, ::Base.Iterators.Pairs{Union{},Union{},Tuple{},NamedTuple{(),Tuple{}}}, ::typeof(Pkg.API.develop), ::Pkg.Types.Context, ::Array{Pkg.Types.PackageSpec,1}) at /buildworker/worker/package_linux64/build/usr/share/julia/stdlib/v1.3/Pkg/src/API.jl:61
 [15] (::Pkg.API.var"#kw##develop")(::NamedTuple{(:strict,),Tuple{Bool}}, ::typeof(Pkg.API.develop), ::Pkg.Types.Context, ::Array{Pkg.Types.PackageSpec,1}) at ./none:0
 [16] #develop#16(::Base.Iterators.Pairs{Symbol,Bool,Tuple{Symbol},NamedTuple{(:strict,),Tuple{Bool}}}, ::typeof(Pkg.API.develop), ::Array{Pkg.Types.PackageSpec,1}) at /buildworker/worker/package_linux64/build/usr/share/julia/stdlib/v1.3/Pkg/src/API.jl:38
 [17] (::Pkg.API.var"#kw##develop")(::NamedTuple{(:strict,),Tuple{Bool}}, ::typeof(Pkg.API.develop), ::Array{Pkg.Types.PackageSpec,1}) at ./none:0
 [18] #develop#12(::Base.Iterators.Pairs{Symbol,Bool,Tuple{Symbol},NamedTuple{(:strict,),Tuple{Bool}}}, ::typeof(Pkg.API.develop), ::Pkg.Types.PackageSpec) at /buildworker/worker/package_linux64/build/usr/share/julia/stdlib/v1.3/Pkg/src/API.jl:35
 [19] #develop at ./none:0 [inlined]
 [20] (::Pkg.Operations.var"#128#130"{String,String,Pkg.Operations.var"#132#133"{Bool,Nothing,Cmd,Cmd,Pkg.Types.Context,Array{String,1},String,Pkg.Types.PackageSpec},String})() at /buildworker/worker/package_linux64/build/usr/share/julia/stdlib/v1.3/Pkg/src/Operations.jl:1286
 [21] with_temp_env(::Pkg.Operations.var"#128#130"{String,String,Pkg.Operations.var"#132#133"{Bool,Nothing,Cmd,Cmd,Pkg.Types.Context,Array{String,1},String,Pkg.Types.PackageSpec},String}, ::String) at /buildworker/worker/package_linux64/build/usr/share/julia/stdlib/v1.3/Pkg/src/Operations.jl:1237
 [22] (::Pkg.Operations.var"#127#129"{Pkg.Operations.var"#132#133"{Bool,Nothing,Cmd,Cmd,Pkg.Types.Context,Array{String,1},String,Pkg.Types.PackageSpec},Pkg.Types.Context,Pkg.Types.PackageSpec,String,String,String})(::String) at /buildworker/worker/package_linux64/build/usr/share/julia/stdlib/v1.3/Pkg/src/Operations.jl:1284
 [23] #mktempdir#18(::String, ::typeof(mktempdir), ::Pkg.Operations.var"#127#129"{Pkg.Operations.var"#132#133"{Bool,Nothing,Cmd,Cmd,Pkg.Types.Context,Array{String,1},String,Pkg.Types.PackageSpec},Pkg.Types.Context,Pkg.Types.PackageSpec,String,String,String}, ::String) at ./file.jl:634
 [24] mktempdir(::Function, ::String) at ./file.jl:632 (repeats 2 times)
 [25] sandbox(::Function, ::Pkg.Types.Context, ::Pkg.Types.PackageSpec, ::String, ::String) at /buildworker/worker/package_linux64/build/usr/share/julia/stdlib/v1.3/Pkg/src/Operations.jl:1271
 [26] #test#131(::Bool, ::Nothing, ::Cmd, ::Cmd, ::typeof(Pkg.Operations.test), ::Pkg.Types.Context, ::Array{Pkg.Types.PackageSpec,1}) at /buildworker/worker/package_linux64/build/usr/share/julia/stdlib/v1.3/Pkg/src/Operations.jl:1355
 [27] #test at ./none:0 [inlined]
 [28] #test#62(::Bool, ::Nothing, ::Cmd, ::Cmd, ::Base.Iterators.Pairs{Union{},Union{},Tuple{},NamedTuple{(),Tuple{}}}, ::typeof(Pkg.API.test), ::Pkg.Types.Context, ::Array{Pkg.Types.PackageSpec,1}) at /buildworker/worker/package_linux64/build/usr/share/julia/stdlib/v1.3/Pkg/src/API.jl:253
 [29] test(::Pkg.Types.Context, ::Array{Pkg.Types.PackageSpec,1}) at /buildworker/worker/package_linux64/build/usr/share/julia/stdlib/v1.3/Pkg/src/API.jl:239
 [30] #test#61 at /buildworker/worker/package_linux64/build/usr/share/julia/stdlib/v1.3/Pkg/src/API.jl:233 [inlined]
 [31] test at /buildworker/worker/package_linux64/build/usr/share/julia/stdlib/v1.3/Pkg/src/API.jl:233 [inlined]
 [32] #test#60 at /buildworker/worker/package_linux64/build/usr/share/julia/stdlib/v1.3/Pkg/src/API.jl:232 [inlined]
 [33] test at /buildworker/worker/package_linux64/build/usr/share/julia/stdlib/v1.3/Pkg/src/API.jl:232 [inlined]
 [34] #test#59(::Base.Iterators.Pairs{Union{},Union{},Tuple{},NamedTuple{(),Tuple{}}}, ::typeof(Pkg.API.test), ::String) at /buildworker/worker/package_linux64/build/usr/share/julia/stdlib/v1.3/Pkg/src/API.jl:231
 [35] test(::String) at /buildworker/worker/package_linux64/build/usr/share/julia/stdlib/v1.3/Pkg/src/API.jl:231
 [36] top-level scope at none:12
