Current time is 2020-10-25T20:03:07.555
Julia Version 1.5.3-pre.0
Commit 5905edebb1 (2020-09-24 05:09 UTC)
Platform Info:
  OS: Linux (x86_64-pc-linux-gnu)
  CPU: AMD EPYC 7502 32-Core Processor
  WORD_SIZE: 64
  LIBM: libopenlibm
  LLVM: libLLVM-9.0.1 (ORCJIT, znver2)
Environment:
  JULIA_DEPOT_PATH = ::/usr/local/share/julia
  JULIA_NUM_THREADS = 2
  JULIA_MAX_NUM_PRECOMPILE_FILES = 9223372036854775807
  JULIA_PKG_SERVER = 

Starting installation at 2020-10-25T20:03:10.788
  Resolving package versions...
  Installed Crayons ─ v4.0.4
  Installed Bobby ─── v1.0.1
Updating `~/.julia/environments/v1.5/Project.toml`
  [bd34264e] + Bobby v1.0.1
Updating `~/.julia/environments/v1.5/Manifest.toml`
  [bd34264e] + Bobby v1.0.1
  [a8cc5b0e] + Crayons v4.0.4
  [de0858da] + Printf
  [4ec0a83e] + Unicode
Starting tests at 2020-10-25T20:03:14.526
    Testing Bobby
Status `/tmp/jl_P6JAec/Project.toml`
  [bd34264e] Bobby v1.0.1
  [a8cc5b0e] Crayons v4.0.4
  [de0858da] Printf
  [8dfed614] Test
Status `/tmp/jl_P6JAec/Manifest.toml`
  [bd34264e] Bobby v1.0.1
  [a8cc5b0e] Crayons v4.0.4
  [2a0f44e3] Base64
  [8ba89e20] Distributed
  [b77e0a4c] InteractiveUtils
  [56ddb016] Logging
  [d6f4376e] Markdown
  [de0858da] Printf
  [9a3f8284] Random
  [9e88b42a] Serialization
  [6462fe0b] Sockets
  [8dfed614] Test
  [4ec0a83e] Unicode

> cvt
> bitboard
> king
> knight
> rook
> bishop
> magic
> move

Test Summary: | Pass  Total
Bobby.jl      |  202    202
    Testing Bobby tests passed 
Finished at 2020-10-25T20:05:01.448
