Running tests with Julia v1.3.1-pre.12
   Cloning default registries into `~/.julia`
   Cloning registry from "https://github.com/JuliaRegistries/General.git"
[?25l    Fetching: [>                                        ]  0.0 %    Fetching: [=============>                           ]  30.9 %    Fetching: [============================>            ]  69.7 %[2K[?25h     Added registry `General` to `~/.julia/registries/General`
 Resolving package versions...
 Installed NaNMath ────────────── v0.3.3
 Installed CoordinateDescent ──── v0.2.0
 Installed Compat ─────────────── v2.2.0
 Installed OrderedCollections ─── v1.1.0
 Installed BinDeps ────────────── v0.8.10
 Installed QuadGK ─────────────── v2.1.1
 Installed SpecialFunctions ───── v0.8.0
 Installed ForwardDiff ────────── v0.10.7
 Installed Missings ───────────── v0.4.3
 Installed DiffResults ────────── v0.0.4
 Installed DataAPI ────────────── v1.1.0
 Installed URIParser ──────────── v0.4.0
 Installed OpenBLAS_jll ───────── v0.3.7+1
 Installed Arpack ─────────────── v0.4.0
 Installed ProximalBase ───────── v0.2.0
 Installed StatsFuns ──────────── v0.9.2
 Installed StaticArrays ───────── v0.12.1
 Installed MathProgBase ───────── v0.7.7
 Installed JSON ───────────────── v0.21.0
 Installed FillArrays ─────────── v0.8.2
 Installed Arpack_jll ─────────── v3.5.0+2
 Installed Ipopt ──────────────── v0.6.1
 Installed BenchmarkTools ─────── v0.4.3
 Installed JuMP ───────────────── v0.20.1
 Installed CommonSubexpressions ─ v0.2.0
 Installed DiffRules ──────────── v0.1.0
 Installed StatsBase ──────────── v0.32.0
 Installed Distributions ──────── v0.21.10
 Installed MathOptInterface ───── v0.9.7
 Installed Rmath ──────────────── v0.6.0
 Installed PDMats ─────────────── v0.9.10
 Installed SortingAlgorithms ──── v0.3.1
 Installed DataStructures ─────── v0.17.6
 Installed BinaryProvider ─────── v0.5.8
 Installed Calculus ───────────── v0.5.1
 Installed Parsers ────────────── v0.3.10
  Updating `~/.julia/environments/v1.3/Project.toml`
  [c00ed354] + CoordinateDescent v0.2.0
  Updating `~/.julia/environments/v1.3/Manifest.toml`
  [7d9fca2a] + Arpack v0.4.0
  [68821587] + Arpack_jll v3.5.0+2
  [6e4b80f9] + BenchmarkTools v0.4.3
  [9e28174c] + BinDeps v0.8.10
  [b99e7846] + BinaryProvider v0.5.8
  [49dc2e85] + Calculus v0.5.1
  [bbf7d656] + CommonSubexpressions v0.2.0
  [34da2185] + Compat v2.2.0
  [c00ed354] + CoordinateDescent v0.2.0
  [9a962f9c] + DataAPI v1.1.0
  [864edb3b] + DataStructures v0.17.6
  [163ba53b] + DiffResults v0.0.4
  [b552c78f] + DiffRules v0.1.0
  [31c24e10] + Distributions v0.21.10
  [1a297f60] + FillArrays v0.8.2
  [f6369f11] + ForwardDiff v0.10.7
  [b6b21f68] + Ipopt v0.6.1
  [682c06a0] + JSON v0.21.0
  [4076af6c] + JuMP v0.20.1
  [b8f27783] + MathOptInterface v0.9.7
  [fdba3010] + MathProgBase v0.7.7
  [e1d29d7a] + Missings v0.4.3
  [77ba4419] + NaNMath v0.3.3
  [4536629a] + OpenBLAS_jll v0.3.7+1
  [bac558e1] + OrderedCollections v1.1.0
  [90014a1f] + PDMats v0.9.10
  [69de0a69] + Parsers v0.3.10
  [0a755509] + ProximalBase v0.2.0
  [1fd47b50] + QuadGK v2.1.1
  [79098fc4] + Rmath v0.6.0
  [a2af1166] + SortingAlgorithms v0.3.1
  [276daf66] + SpecialFunctions v0.8.0
  [90137ffa] + StaticArrays v0.12.1
  [2913bbd2] + StatsBase v0.32.0
  [4c63d2b9] + StatsFuns v0.9.2
  [30578b45] + URIParser v0.4.0
  [2a0f44e3] + Base64 
  [ade2ca70] + Dates 
  [8bb1440f] + DelimitedFiles 
  [8ba89e20] + Distributed 
  [b77e0a4c] + InteractiveUtils 
  [76f85450] + LibGit2 
  [8f399da3] + Libdl 
  [37e2e46d] + LinearAlgebra 
  [56ddb016] + Logging 
  [d6f4376e] + Markdown 
  [a63ad114] + Mmap 
  [44cfe95a] + Pkg 
  [de0858da] + Printf 
  [3fa0cd96] + REPL 
  [9a3f8284] + Random 
  [ea8e919c] + SHA 
  [9e88b42a] + Serialization 
  [1a1011a3] + SharedArrays 
  [6462fe0b] + Sockets 
  [2f01184e] + SparseArrays 
  [10745b16] + Statistics 
  [4607b0f0] + SuiteSparse 
  [8dfed614] + Test 
  [cf7118a7] + UUIDs 
  [4ec0a83e] + Unicode 
  Building SpecialFunctions → `~/.julia/packages/SpecialFunctions/ne2iw/deps/build.log`
  Building Ipopt ───────────→ `~/.julia/packages/Ipopt/ruIXY/deps/build.log`
  Building Rmath ───────────→ `~/.julia/packages/Rmath/BoBag/deps/build.log`
   Testing CoordinateDescent
 Resolving package versions...
    Status `/tmp/jl_QK9f8h/Manifest.toml`
  [7d9fca2a] Arpack v0.4.0
  [68821587] Arpack_jll v3.5.0+2
  [6e4b80f9] BenchmarkTools v0.4.3
  [9e28174c] BinDeps v0.8.10
  [b99e7846] BinaryProvider v0.5.8
  [49dc2e85] Calculus v0.5.1
  [bbf7d656] CommonSubexpressions v0.2.0
  [34da2185] Compat v2.2.0
  [c00ed354] CoordinateDescent v0.2.0
  [9a962f9c] DataAPI v1.1.0
  [864edb3b] DataStructures v0.17.6
  [163ba53b] DiffResults v0.0.4
  [b552c78f] DiffRules v0.1.0
  [31c24e10] Distributions v0.21.10
  [1a297f60] FillArrays v0.8.2
  [f6369f11] ForwardDiff v0.10.7
  [b6b21f68] Ipopt v0.6.1
  [682c06a0] JSON v0.21.0
  [4076af6c] JuMP v0.20.1
  [b8f27783] MathOptInterface v0.9.7
  [fdba3010] MathProgBase v0.7.7
  [e1d29d7a] Missings v0.4.3
  [77ba4419] NaNMath v0.3.3
  [4536629a] OpenBLAS_jll v0.3.7+1
  [bac558e1] OrderedCollections v1.1.0
  [90014a1f] PDMats v0.9.10
  [69de0a69] Parsers v0.3.10
  [0a755509] ProximalBase v0.2.0
  [1fd47b50] QuadGK v2.1.1
  [79098fc4] Rmath v0.6.0
  [a2af1166] SortingAlgorithms v0.3.1
  [276daf66] SpecialFunctions v0.8.0
  [90137ffa] StaticArrays v0.12.1
  [2913bbd2] StatsBase v0.32.0
  [4c63d2b9] StatsFuns v0.9.2
  [30578b45] URIParser v0.4.0
  [2a0f44e3] Base64  [`@stdlib/Base64`]
  [ade2ca70] Dates  [`@stdlib/Dates`]
  [8bb1440f] DelimitedFiles  [`@stdlib/DelimitedFiles`]
  [8ba89e20] Distributed  [`@stdlib/Distributed`]
  [b77e0a4c] InteractiveUtils  [`@stdlib/InteractiveUtils`]
  [76f85450] LibGit2  [`@stdlib/LibGit2`]
  [8f399da3] Libdl  [`@stdlib/Libdl`]
  [37e2e46d] LinearAlgebra  [`@stdlib/LinearAlgebra`]
  [56ddb016] Logging  [`@stdlib/Logging`]
  [d6f4376e] Markdown  [`@stdlib/Markdown`]
  [a63ad114] Mmap  [`@stdlib/Mmap`]
  [44cfe95a] Pkg  [`@stdlib/Pkg`]
  [de0858da] Printf  [`@stdlib/Printf`]
  [3fa0cd96] REPL  [`@stdlib/REPL`]
  [9a3f8284] Random  [`@stdlib/Random`]
  [ea8e919c] SHA  [`@stdlib/SHA`]
  [9e88b42a] Serialization  [`@stdlib/Serialization`]
  [1a1011a3] SharedArrays  [`@stdlib/SharedArrays`]
  [6462fe0b] Sockets  [`@stdlib/Sockets`]
  [2f01184e] SparseArrays  [`@stdlib/SparseArrays`]
  [10745b16] Statistics  [`@stdlib/Statistics`]
  [4607b0f0] SuiteSparse  [`@stdlib/SuiteSparse`]
  [8dfed614] Test  [`@stdlib/Test`]
  [cf7118a7] UUIDs  [`@stdlib/UUIDs`]
  [4ec0a83e] Unicode  [`@stdlib/Unicode`]
* running atom_iterator.jl ...
Test Summary: | Pass  Total
Ordered       |    6      6
Test Summary: | Pass  Total
Random        |    6      6
* running coordinate_descent.jl ...
Test Summary: | Pass  Total
Small ProxL1  |    1      1
Test Summary: | Pass  Total
ProxL1        |    3      3
Test Summary: | Pass  Total
AProxL1       |    3      3
* running lasso.jl ...
Test Summary: | Pass  Total
lasso         |    4      4
Test Summary: | Pass  Total
cd lasso      |    3      3
Test Summary: | Pass  Total
cd sqrt-lasso |   12     12
Test Summary: | Pass  Total
scaled lasso  |    3      3
Test Summary: | Pass  Total
lasso path    |   10     10
* running varying_coefficient_lasso.jl ...
Test Summary: | Pass  Total
kernels       |    2      2
Test Summary: | Pass  Total
expand_X      |    3      3
Test Summary:            | Pass  Total
expand_X multiplications |    9      9
   Testing CoordinateDescent tests passed 
