Julia Version 1.3.2-pre.0
Commit 2e6715c045 (2019-12-31 00:49 UTC)
Platform Info:
  OS: Linux (x86_64-linux-gnu)
  CPU: Intel(R) Xeon(R) Silver 4114 CPU @ 2.20GHz
  WORD_SIZE: 64
  LIBM: libopenlibm
  LLVM: libLLVM-6.0.1 (ORCJIT, skylake)
Environment:
  JULIA_DEPOT_PATH = ::/usr/local/share/julia

 Resolving package versions...
 Installed OpenBLAS_jll ───────── v0.3.7+4
 Installed StatsFuns ──────────── v0.9.3
 Installed MutableArithmetics ─── v0.2.0
 Installed DiffRules ──────────── v1.0.0
 Installed SpecialFunctions ───── v0.9.0
 Installed FlexibilityAnalysis ── v0.1.0
 Installed ForwardDiff ────────── v0.10.8
 Installed JuMP ───────────────── v0.18.6
 Installed OpenSpecFun_jll ────── v0.5.3+1
 Installed Arpack_jll ─────────── v3.5.0+2
 Installed MathOptInterface ───── v0.9.9
 Installed BinaryProvider ─────── v0.5.8
 Installed Compat ─────────────── v2.2.0
 Installed PDMats ─────────────── v0.9.10
 Installed Parsers ────────────── v0.3.10
 Installed MathProgBase ───────── v0.7.7
 Installed Distributions ──────── v0.22.0
 Installed NaNMath ────────────── v0.3.3
 Installed StaticArrays ───────── v0.12.1
 Installed FillArrays ─────────── v0.8.2
 Installed Arpack ─────────────── v0.4.0
 Installed Rmath ──────────────── v0.6.0
 Installed Calculus ───────────── v0.5.1
 Installed DataStructures ─────── v0.17.7
 Installed IniFile ────────────── v0.5.0
 Installed CodecZlib ──────────── v0.6.0
 Installed CommonSubexpressions ─ v0.2.0
 Installed CodecBzip2 ─────────── v0.6.0
 Installed JSON ───────────────── v0.21.0
 Installed StatsBase ──────────── v0.32.0
 Installed BenchmarkTools ─────── v0.4.3
 Installed Clp ────────────────── v0.7.0
 Installed HTTP ───────────────── v0.8.8
 Installed TranscodingStreams ─── v0.9.5
 Installed JSONSchema ─────────── v0.2.0
 Installed DataAPI ────────────── v1.1.0
 Installed SortingAlgorithms ──── v0.3.1
 Installed MbedTLS ────────────── v0.7.0
 Installed Ipopt ──────────────── v0.6.1
 Installed QuadGK ─────────────── v2.3.1
 Installed OrderedCollections ─── v1.1.0
 Installed ReverseDiffSparse ──── v0.8.6
 Installed Missings ───────────── v0.4.3
 Installed DiffResults ────────── v1.0.2
  Updating `~/.julia/environments/v1.3/Project.toml`
  [a86d3b49] + FlexibilityAnalysis v0.1.0
  Updating `~/.julia/environments/v1.3/Manifest.toml`
  [7d9fca2a] + Arpack v0.4.0
  [68821587] + Arpack_jll v3.5.0+2
  [6e4b80f9] + BenchmarkTools v0.4.3
  [b99e7846] + BinaryProvider v0.5.8
  [49dc2e85] + Calculus v0.5.1
  [e2554f3b] + Clp v0.7.0
  [523fee87] + CodecBzip2 v0.6.0
  [944b1d66] + CodecZlib v0.6.0
  [bbf7d656] + CommonSubexpressions v0.2.0
  [34da2185] + Compat v2.2.0
  [9a962f9c] + DataAPI v1.1.0
  [864edb3b] + DataStructures v0.17.7
  [163ba53b] + DiffResults v1.0.2
  [b552c78f] + DiffRules v1.0.0
  [31c24e10] + Distributions v0.22.0
  [1a297f60] + FillArrays v0.8.2
  [a86d3b49] + FlexibilityAnalysis v0.1.0
  [f6369f11] + ForwardDiff v0.10.8
  [cd3eb016] + HTTP v0.8.8
  [83e8ac13] + IniFile v0.5.0
  [b6b21f68] + Ipopt v0.6.1
  [682c06a0] + JSON v0.21.0
  [7d188eb4] + JSONSchema v0.2.0
  [4076af6c] + JuMP v0.18.6
  [b8f27783] + MathOptInterface v0.9.9
  [fdba3010] + MathProgBase v0.7.7
  [739be429] + MbedTLS v0.7.0
  [e1d29d7a] + Missings v0.4.3
  [d8a4904e] + MutableArithmetics v0.2.0
  [77ba4419] + NaNMath v0.3.3
  [4536629a] + OpenBLAS_jll v0.3.7+4
  [efe28fd5] + OpenSpecFun_jll v0.5.3+1
  [bac558e1] + OrderedCollections v1.1.0
  [90014a1f] + PDMats v0.9.10
  [69de0a69] + Parsers v0.3.10
  [1fd47b50] + QuadGK v2.3.1
  [89212889] + ReverseDiffSparse v0.8.6
  [79098fc4] + Rmath v0.6.0
  [a2af1166] + SortingAlgorithms v0.3.1
  [276daf66] + SpecialFunctions v0.9.0
  [90137ffa] + StaticArrays v0.12.1
  [2913bbd2] + StatsBase v0.32.0
  [4c63d2b9] + StatsFuns v0.9.3
  [3bb67fe8] + TranscodingStreams v0.9.5
  [2a0f44e3] + Base64 
  [ade2ca70] + Dates 
  [8bb1440f] + DelimitedFiles 
  [8ba89e20] + Distributed 
  [b77e0a4c] + InteractiveUtils 
  [76f85450] + LibGit2 
  [8f399da3] + Libdl 
  [37e2e46d] + LinearAlgebra 
  [56ddb016] + Logging 
  [d6f4376e] + Markdown 
  [a63ad114] + Mmap 
  [44cfe95a] + Pkg 
  [de0858da] + Printf 
  [3fa0cd96] + REPL 
  [9a3f8284] + Random 
  [ea8e919c] + SHA 
  [9e88b42a] + Serialization 
  [1a1011a3] + SharedArrays 
  [6462fe0b] + Sockets 
  [2f01184e] + SparseArrays 
  [10745b16] + Statistics 
  [4607b0f0] + SuiteSparse 
  [8dfed614] + Test 
  [cf7118a7] + UUIDs 
  [4ec0a83e] + Unicode 
  Building Rmath ─────→ `~/.julia/packages/Rmath/BoBag/deps/build.log`
  Building CodecZlib ─→ `~/.julia/packages/CodecZlib/5t9zO/deps/build.log`
  Building CodecBzip2 → `~/.julia/packages/CodecBzip2/T5yr7/deps/build.log`
  Building MbedTLS ───→ `~/.julia/packages/MbedTLS/a1JFn/deps/build.log`
  Building Clp ───────→ `~/.julia/packages/Clp/4DejL/deps/build.log`
  Building Ipopt ─────→ `~/.julia/packages/Ipopt/ruIXY/deps/build.log`
   Testing FlexibilityAnalysis
 Resolving package versions...
 Installed ConicNonlinearBridge ──── v0.2.1
 Installed Pavito ────────────────── v0.1.2
 Installed GLPKMathProgInterface ─── v0.4.4
 Installed GZip ──────────────────── v0.5.1
 Installed ConicBenchmarkUtilities ─ v0.3.1
 Installed GLPK ──────────────────── v0.12.1
  Building GLPK → `~/.julia/packages/GLPK/HjJiX/deps/build.log`
    Status `/tmp/jl_TAaHNR/Manifest.toml`
  [7d9fca2a] Arpack v0.4.0
  [68821587] Arpack_jll v3.5.0+2
  [6e4b80f9] BenchmarkTools v0.4.3
  [b99e7846] BinaryProvider v0.5.8
  [49dc2e85] Calculus v0.5.1
  [e2554f3b] Clp v0.7.0
  [523fee87] CodecBzip2 v0.6.0
  [944b1d66] CodecZlib v0.6.0
  [bbf7d656] CommonSubexpressions v0.2.0
  [34da2185] Compat v2.2.0
  [e95a7839] ConicBenchmarkUtilities v0.3.1
  [952205b0] ConicNonlinearBridge v0.2.1
  [9a962f9c] DataAPI v1.1.0
  [864edb3b] DataStructures v0.17.7
  [163ba53b] DiffResults v1.0.2
  [b552c78f] DiffRules v1.0.0
  [31c24e10] Distributions v0.22.0
  [1a297f60] FillArrays v0.8.2
  [a86d3b49] FlexibilityAnalysis v0.1.0
  [f6369f11] ForwardDiff v0.10.8
  [60bf3e95] GLPK v0.12.1
  [3c7084bd] GLPKMathProgInterface v0.4.4
  [92fee26a] GZip v0.5.1
  [cd3eb016] HTTP v0.8.8
  [83e8ac13] IniFile v0.5.0
  [b6b21f68] Ipopt v0.6.1
  [682c06a0] JSON v0.21.0
  [7d188eb4] JSONSchema v0.2.0
  [4076af6c] JuMP v0.18.6
  [b8f27783] MathOptInterface v0.9.9
  [fdba3010] MathProgBase v0.7.7
  [739be429] MbedTLS v0.7.0
  [e1d29d7a] Missings v0.4.3
  [d8a4904e] MutableArithmetics v0.2.0
  [77ba4419] NaNMath v0.3.3
  [4536629a] OpenBLAS_jll v0.3.7+4
  [efe28fd5] OpenSpecFun_jll v0.5.3+1
  [bac558e1] OrderedCollections v1.1.0
  [90014a1f] PDMats v0.9.10
  [69de0a69] Parsers v0.3.10
  [cd433a01] Pavito v0.1.2
  [1fd47b50] QuadGK v2.3.1
  [89212889] ReverseDiffSparse v0.8.6
  [79098fc4] Rmath v0.6.0
  [a2af1166] SortingAlgorithms v0.3.1
  [276daf66] SpecialFunctions v0.9.0
  [90137ffa] StaticArrays v0.12.1
  [2913bbd2] StatsBase v0.32.0
  [4c63d2b9] StatsFuns v0.9.3
  [3bb67fe8] TranscodingStreams v0.9.5
  [2a0f44e3] Base64  [`@stdlib/Base64`]
  [ade2ca70] Dates  [`@stdlib/Dates`]
  [8bb1440f] DelimitedFiles  [`@stdlib/DelimitedFiles`]
  [8ba89e20] Distributed  [`@stdlib/Distributed`]
  [b77e0a4c] InteractiveUtils  [`@stdlib/InteractiveUtils`]
  [76f85450] LibGit2  [`@stdlib/LibGit2`]
  [8f399da3] Libdl  [`@stdlib/Libdl`]
  [37e2e46d] LinearAlgebra  [`@stdlib/LinearAlgebra`]
  [56ddb016] Logging  [`@stdlib/Logging`]
  [d6f4376e] Markdown  [`@stdlib/Markdown`]
  [a63ad114] Mmap  [`@stdlib/Mmap`]
  [44cfe95a] Pkg  [`@stdlib/Pkg`]
  [de0858da] Printf  [`@stdlib/Printf`]
  [3fa0cd96] REPL  [`@stdlib/REPL`]
  [9a3f8284] Random  [`@stdlib/Random`]
  [ea8e919c] SHA  [`@stdlib/SHA`]
  [9e88b42a] Serialization  [`@stdlib/Serialization`]
  [1a1011a3] SharedArrays  [`@stdlib/SharedArrays`]
  [6462fe0b] Sockets  [`@stdlib/Sockets`]
  [2f01184e] SparseArrays  [`@stdlib/SparseArrays`]
  [10745b16] Statistics  [`@stdlib/Statistics`]
  [4607b0f0] SuiteSparse  [`@stdlib/SuiteSparse`]
  [8dfed614] Test  [`@stdlib/Test`]
  [cf7118a7] UUIDs  [`@stdlib/UUIDs`]
  [4ec0a83e] Unicode  [`@stdlib/Unicode`]
Test Summary:            | Pass  Total
Model Definition Testing |    5      5
 15.299134 seconds (15.51 M allocations: 780.143 MiB, 2.39% gc time)

Test Summary:       | Pass  Total
Data Access Testing |   17     17
  5.534061 seconds (4.56 M allocations: 230.601 MiB, 3.06% gc time)


******************************************************************************
This program contains Ipopt, a library for large-scale nonlinear optimization.
 Ipopt is released as open source code under the Eclipse Public License (EPL).
         For more information visit http://projects.coin-or.org/Ipopt
******************************************************************************

Test Summary:            | Pass  Total
Pre-Solve Method Testing |   32     32
 50.081149 seconds (43.50 M allocations: 2.107 GiB, 4.57% gc time)

Test Summary:     | Pass  Total
Solvehook Testing |   14     14
  8.891451 seconds (5.37 M allocations: 279.984 MiB, 1.38% gc time)

┌ Warning: initial NLP relaxation infeasible
└ @ Pavito ~/.julia/packages/Pavito/rjnTF/src/algorithm.jl:151
Test Summary:             | Pass  Total
Post-Solve Method Testing |   14     14
  6.287858 seconds (5.40 M allocations: 274.927 MiB, 2.31% gc time)
   Testing FlexibilityAnalysis tests passed 
