Current time is 2020-10-25T19:20:05.188
Julia Version 1.5.3-pre.13
Commit 3de1115e9c (2020-10-23 21:58 UTC)
Platform Info:
  OS: Linux (x86_64-linux-gnu)
  CPU: AMD EPYC 7502 32-Core Processor
  WORD_SIZE: 64
  LIBM: libopenlibm
  LLVM: libLLVM-9.0.1 (ORCJIT, znver2)
Environment:
  JULIA_DEPOT_PATH = ::/usr/local/share/julia
  JULIA_NUM_THREADS = 2
  JULIA_MAX_NUM_PRECOMPILE_FILES = 9223372036854775807
  JULIA_PKG_SERVER = 

Starting installation at 2020-10-25T19:20:08.44
  Resolving package versions...
  Installed MbedTLS_jll ───────────────── v2.16.8+0
  Installed IniFile ───────────────────── v0.5.0
  Installed Neo4j ─────────────────────── v2.0.0
  Installed PooledArrays ──────────────── v0.5.3
  Installed InvertedIndices ───────────── v1.0.0
  Installed Compat ────────────────────── v3.22.0
  Installed Parsers ───────────────────── v1.0.11
  Installed StructTypes ───────────────── v1.1.0
  Installed SortingAlgorithms ─────────── v0.3.1
  Installed MbedTLS ───────────────────── v1.0.2
  Installed OrderedCollections ────────── v1.3.1
  Installed CategoricalArrays ─────────── v0.8.3
  Installed DataValueInterfaces ───────── v1.0.0
  Installed IteratorInterfaceExtensions ─ v1.0.0
  Installed DataStructures ────────────── v0.18.8
  Installed DataFrames ────────────────── v0.21.8
  Installed TableTraits ───────────────── v1.0.0
  Installed Tables ────────────────────── v1.1.0
  Installed DocStringExtensions ───────── v0.8.3
  Installed HTTP ──────────────────────── v0.8.19
  Installed Reexport ──────────────────── v0.2.0
  Installed Missings ──────────────────── v0.4.4
  Installed JSON ──────────────────────── v0.21.1
  Installed DataAPI ───────────────────── v1.3.0
Updating `~/.julia/environments/v1.5/Project.toml`
  [d2adbeaf] + Neo4j v2.0.0
Updating `~/.julia/environments/v1.5/Manifest.toml`
  [324d7699] + CategoricalArrays v0.8.3
  [34da2185] + Compat v3.22.0
  [9a962f9c] + DataAPI v1.3.0
  [a93c6f00] + DataFrames v0.21.8
  [864edb3b] + DataStructures v0.18.8
  [e2d170a0] + DataValueInterfaces v1.0.0
  [ffbed154] + DocStringExtensions v0.8.3
  [cd3eb016] + HTTP v0.8.19
  [83e8ac13] + IniFile v0.5.0
  [41ab1584] + InvertedIndices v1.0.0
  [82899510] + IteratorInterfaceExtensions v1.0.0
  [682c06a0] + JSON v0.21.1
  [739be429] + MbedTLS v1.0.2
  [c8ffd9c3] + MbedTLS_jll v2.16.8+0
  [e1d29d7a] + Missings v0.4.4
  [d2adbeaf] + Neo4j v2.0.0
  [bac558e1] + OrderedCollections v1.3.1
  [69de0a69] + Parsers v1.0.11
  [2dfb63ee] + PooledArrays v0.5.3
  [189a3867] + Reexport v0.2.0
  [a2af1166] + SortingAlgorithms v0.3.1
  [856f2bd8] + StructTypes v1.1.0
  [3783bdb8] + TableTraits v1.0.0
  [bd369af6] + Tables v1.1.0
  [2a0f44e3] + Base64
  [ade2ca70] + Dates
  [8bb1440f] + DelimitedFiles
  [8ba89e20] + Distributed
  [9fa8497b] + Future
  [b77e0a4c] + InteractiveUtils
  [76f85450] + LibGit2
  [8f399da3] + Libdl
  [37e2e46d] + LinearAlgebra
  [56ddb016] + Logging
  [d6f4376e] + Markdown
  [a63ad114] + Mmap
  [44cfe95a] + Pkg
  [de0858da] + Printf
  [3fa0cd96] + REPL
  [9a3f8284] + Random
  [ea8e919c] + SHA
  [9e88b42a] + Serialization
  [1a1011a3] + SharedArrays
  [6462fe0b] + Sockets
  [2f01184e] + SparseArrays
  [10745b16] + Statistics
  [8dfed614] + Test
  [cf7118a7] + UUIDs
  [4ec0a83e] + Unicode
Starting tests at 2020-10-25T19:20:13.148
    Testing Neo4j
Status `/tmp/jl_CI7v3X/Project.toml`
  [a93c6f00] DataFrames v0.21.8
  [ffbed154] DocStringExtensions v0.8.3
  [cd3eb016] HTTP v0.8.19
  [682c06a0] JSON v0.21.1
  [e1d29d7a] Missings v0.4.4
  [d2adbeaf] Neo4j v2.0.0
  [2a0f44e3] Base64
  [8dfed614] Test
Status `/tmp/jl_CI7v3X/Manifest.toml`
  [324d7699] CategoricalArrays v0.8.3
  [34da2185] Compat v3.22.0
  [9a962f9c] DataAPI v1.3.0
  [a93c6f00] DataFrames v0.21.8
  [864edb3b] DataStructures v0.18.8
  [e2d170a0] DataValueInterfaces v1.0.0
  [ffbed154] DocStringExtensions v0.8.3
  [cd3eb016] HTTP v0.8.19
  [83e8ac13] IniFile v0.5.0
  [41ab1584] InvertedIndices v1.0.0
  [82899510] IteratorInterfaceExtensions v1.0.0
  [682c06a0] JSON v0.21.1
  [739be429] MbedTLS v1.0.2
  [c8ffd9c3] MbedTLS_jll v2.16.8+0
  [e1d29d7a] Missings v0.4.4
  [d2adbeaf] Neo4j v2.0.0
  [bac558e1] OrderedCollections v1.3.1
  [69de0a69] Parsers v1.0.11
  [2dfb63ee] PooledArrays v0.5.3
  [189a3867] Reexport v0.2.0
  [a2af1166] SortingAlgorithms v0.3.1
  [856f2bd8] StructTypes v1.1.0
  [3783bdb8] TableTraits v1.0.0
  [bd369af6] Tables v1.1.0
  [2a0f44e3] Base64
  [ade2ca70] Dates
  [8bb1440f] DelimitedFiles
  [8ba89e20] Distributed
  [9fa8497b] Future
  [b77e0a4c] InteractiveUtils
  [76f85450] LibGit2
  [8f399da3] Libdl
  [37e2e46d] LinearAlgebra
  [56ddb016] Logging
  [d6f4376e] Markdown
  [a63ad114] Mmap
  [44cfe95a] Pkg
  [de0858da] Printf
  [3fa0cd96] REPL
  [9a3f8284] Random
  [ea8e919c] SHA
  [9e88b42a] Serialization
  [1a1011a3] SharedArrays
  [6462fe0b] Sockets
  [2f01184e] SparseArrays
  [10745b16] Statistics
  [8dfed614] Test
  [cf7118a7] UUIDs
  [4ec0a83e] Unicode
Test Summary:  | Pass  Total
Module imports |    2      2
[ Info: [TEST] Anonymous connection failed! Creating a Neo4j connection to localhost:7474 with neo4j:neo5j credentials...
Creating a connection to localhost: Error During Test at /home/pkgeval/.julia/packages/Neo4j/qLeq3/test/runtests.jl:15
  Got exception outside of a @test
  IOError(Base.IOError("connect: connection refused (ECONNREFUSED)", -111) during request(http://localhost:7474/db/data/))
  
  Stacktrace:
   [1] wait_connected(::Sockets.TCPSocket) at /workspace/srcdir/usr/share/julia/stdlib/v1.5/Sockets/src/Sockets.jl:525
   [2] connect at /workspace/srcdir/usr/share/julia/stdlib/v1.5/Sockets/src/Sockets.jl:560 [inlined]
   [3] connect(::Sockets.IPv4, ::UInt64) at /workspace/srcdir/usr/share/julia/stdlib/v1.5/Sockets/src/Sockets.jl:546
   [4] getconnection(::Type{Sockets.TCPSocket}, ::SubString{String}, ::SubString{String}; keepalive::Bool, connect_timeout::Int64, kw::Base.Iterators.Pairs{Symbol,Union{Nothing, Bool},Tuple{Symbol,Symbol,Symbol},NamedTuple{(:require_ssl_verification, :iofunction, :reached_redirect_limit),Tuple{Bool,Nothing,Bool}}}) at /home/pkgeval/.julia/packages/HTTP/IAI92/src/ConnectionPool.jl:630
   [5] #newconnection#25 at /home/pkgeval/.julia/packages/HTTP/IAI92/src/ConnectionPool.jl:597 [inlined]
   [6] getconnection(::Type{HTTP.ConnectionPool.Transaction{Sockets.TCPSocket}}, ::SubString{String}, ::SubString{String}; connection_limit::Int64, pipeline_limit::Int64, idle_timeout::Int64, reuse_limit::Int64, require_ssl_verification::Bool, kw::Base.Iterators.Pairs{Symbol,Union{Nothing, Bool},Tuple{Symbol,Symbol},NamedTuple{(:iofunction, :reached_redirect_limit),Tuple{Nothing,Bool}}}) at /home/pkgeval/.julia/packages/HTTP/IAI92/src/ConnectionPool.jl:541
   [7] request(::Type{HTTP.ConnectionRequest.ConnectionPoolLayer{HTTP.StreamRequest.StreamLayer{Union{}}}}, ::HTTP.URIs.URI, ::HTTP.Messages.Request, ::Array{UInt8,1}; proxy::Nothing, socket_type::Type{T} where T, reuse_limit::Int64, kw::Base.Iterators.Pairs{Symbol,Union{Nothing, Bool},Tuple{Symbol,Symbol},NamedTuple{(:iofunction, :reached_redirect_limit),Tuple{Nothing,Bool}}}) at /home/pkgeval/.julia/packages/HTTP/IAI92/src/ConnectionRequest.jl:73
   [8] request(::Type{HTTP.ExceptionRequest.ExceptionLayer{HTTP.ConnectionRequest.ConnectionPoolLayer{HTTP.StreamRequest.StreamLayer{Union{}}}}}, ::HTTP.URIs.URI, ::Vararg{Any,N} where N; kw::Base.Iterators.Pairs{Symbol,Union{Nothing, Bool},Tuple{Symbol,Symbol},NamedTuple{(:iofunction, :reached_redirect_limit),Tuple{Nothing,Bool}}}) at /home/pkgeval/.julia/packages/HTTP/IAI92/src/ExceptionRequest.jl:19
   [9] (::Base.var"#56#58"{Base.var"#56#57#59"{ExponentialBackOff,HTTP.RetryRequest.var"#2#3"{Bool,HTTP.Messages.Request},typeof(HTTP.request)}})(::Type{T} where T, ::Vararg{Any,N} where N; kwargs::Base.Iterators.Pairs{Symbol,Union{Nothing, Bool},Tuple{Symbol,Symbol},NamedTuple{(:iofunction, :reached_redirect_limit),Tuple{Nothing,Bool}}}) at ./error.jl:301
   [10] #request#1 at /home/pkgeval/.julia/packages/HTTP/IAI92/src/RetryRequest.jl:44 [inlined]
   [11] request(::Type{HTTP.MessageRequest.MessageLayer{HTTP.RetryRequest.RetryLayer{HTTP.ExceptionRequest.ExceptionLayer{HTTP.ConnectionRequest.ConnectionPoolLayer{HTTP.StreamRequest.StreamLayer{Union{}}}}}}}, ::String, ::HTTP.URIs.URI, ::Array{Pair{SubString{String},SubString{String}},1}, ::Array{UInt8,1}; http_version::VersionNumber, target::String, parent::Nothing, iofunction::Nothing, kw::Base.Iterators.Pairs{Symbol,Bool,Tuple{Symbol},NamedTuple{(:reached_redirect_limit,),Tuple{Bool}}}) at /home/pkgeval/.julia/packages/HTTP/IAI92/src/MessageRequest.jl:51
   [12] request(::Type{HTTP.BasicAuthRequest.BasicAuthLayer{HTTP.MessageRequest.MessageLayer{HTTP.RetryRequest.RetryLayer{HTTP.ExceptionRequest.ExceptionLayer{HTTP.ConnectionRequest.ConnectionPoolLayer{HTTP.StreamRequest.StreamLayer{Union{}}}}}}}}, ::String, ::HTTP.URIs.URI, ::Array{Pair{SubString{String},SubString{String}},1}, ::Array{UInt8,1}; kw::Base.Iterators.Pairs{Symbol,Bool,Tuple{Symbol},NamedTuple{(:reached_redirect_limit,),Tuple{Bool}}}) at /home/pkgeval/.julia/packages/HTTP/IAI92/src/BasicAuthRequest.jl:28
   [13] request(::Type{HTTP.RedirectRequest.RedirectLayer{HTTP.BasicAuthRequest.BasicAuthLayer{HTTP.MessageRequest.MessageLayer{HTTP.RetryRequest.RetryLayer{HTTP.ExceptionRequest.ExceptionLayer{HTTP.ConnectionRequest.ConnectionPoolLayer{HTTP.StreamRequest.StreamLayer{Union{}}}}}}}}}, ::String, ::HTTP.URIs.URI, ::Array{Pair{SubString{String},SubString{String}},1}, ::Array{UInt8,1}; redirect_limit::Int64, forwardheaders::Bool, kw::Base.Iterators.Pairs{Union{},Union{},Tuple{},NamedTuple{(),Tuple{}}}) at /home/pkgeval/.julia/packages/HTTP/IAI92/src/RedirectRequest.jl:24
   [14] request(::Type{HTTP.RedirectRequest.RedirectLayer{HTTP.BasicAuthRequest.BasicAuthLayer{HTTP.MessageRequest.MessageLayer{HTTP.RetryRequest.RetryLayer{HTTP.ExceptionRequest.ExceptionLayer{HTTP.ConnectionRequest.ConnectionPoolLayer{HTTP.StreamRequest.StreamLayer{Union{}}}}}}}}}, ::String, ::HTTP.URIs.URI, ::Array{Pair{SubString{String},SubString{String}},1}, ::Array{UInt8,1}) at /home/pkgeval/.julia/packages/HTTP/IAI92/src/RedirectRequest.jl:21
   [15] request(::String, ::String, ::Array{Pair{SubString{String},SubString{String}},1}, ::Array{UInt8,1}; headers::Dict{String,String}, body::Array{UInt8,1}, query::Nothing, kw::Base.Iterators.Pairs{Union{},Union{},Tuple{},NamedTuple{(),Tuple{}}}) at /home/pkgeval/.julia/packages/HTTP/IAI92/src/HTTP.jl:314
   [16] #get#12 at /home/pkgeval/.julia/packages/HTTP/IAI92/src/HTTP.jl:391 [inlined]
   [17] getgraph(::Connection) at /home/pkgeval/.julia/packages/Neo4j/qLeq3/src/Neo4j.jl:102
   [18] top-level scope at /home/pkgeval/.julia/packages/Neo4j/qLeq3/test/runtests.jl:22
   [19] top-level scope at /workspace/srcdir/usr/share/julia/stdlib/v1.5/Test/src/Test.jl:1115
   [20] top-level scope at /home/pkgeval/.julia/packages/Neo4j/qLeq3/test/runtests.jl:16
   [21] include(::String) at ./client.jl:457
   [22] top-level scope at none:6
   [23] eval(::Module, ::Any) at ./boot.jl:331
   [24] exec_options(::Base.JLOptions) at ./client.jl:272
   [25] _start() at ./client.jl:506
  caused by [exception 1]
  IOError(Base.IOError("connect: connection refused (ECONNREFUSED)", -111) during request(http://localhost:7474/db/data/))
  
  Stacktrace:
   [1] wait_connected(::Sockets.TCPSocket) at /workspace/srcdir/usr/share/julia/stdlib/v1.5/Sockets/src/Sockets.jl:525
   [2] connect at /workspace/srcdir/usr/share/julia/stdlib/v1.5/Sockets/src/Sockets.jl:560 [inlined]
   [3] connect(::Sockets.IPv4, ::UInt64) at /workspace/srcdir/usr/share/julia/stdlib/v1.5/Sockets/src/Sockets.jl:546
   [4] getconnection(::Type{Sockets.TCPSocket}, ::SubString{String}, ::SubString{String}; keepalive::Bool, connect_timeout::Int64, kw::Base.Iterators.Pairs{Symbol,Union{Nothing, Bool},Tuple{Symbol,Symbol,Symbol},NamedTuple{(:require_ssl_verification, :iofunction, :reached_redirect_limit),Tuple{Bool,Nothing,Bool}}}) at /home/pkgeval/.julia/packages/HTTP/IAI92/src/ConnectionPool.jl:630
   [5] #newconnection#25 at /home/pkgeval/.julia/packages/HTTP/IAI92/src/ConnectionPool.jl:597 [inlined]
   [6] getconnection(::Type{HTTP.ConnectionPool.Transaction{Sockets.TCPSocket}}, ::SubString{String}, ::SubString{String}; connection_limit::Int64, pipeline_limit::Int64, idle_timeout::Int64, reuse_limit::Int64, require_ssl_verification::Bool, kw::Base.Iterators.Pairs{Symbol,Union{Nothing, Bool},Tuple{Symbol,Symbol},NamedTuple{(:iofunction, :reached_redirect_limit),Tuple{Nothing,Bool}}}) at /home/pkgeval/.julia/packages/HTTP/IAI92/src/ConnectionPool.jl:541
   [7] request(::Type{HTTP.ConnectionRequest.ConnectionPoolLayer{HTTP.StreamRequest.StreamLayer{Union{}}}}, ::HTTP.URIs.URI, ::HTTP.Messages.Request, ::Array{UInt8,1}; proxy::Nothing, socket_type::Type{T} where T, reuse_limit::Int64, kw::Base.Iterators.Pairs{Symbol,Union{Nothing, Bool},Tuple{Symbol,Symbol},NamedTuple{(:iofunction, :reached_redirect_limit),Tuple{Nothing,Bool}}}) at /home/pkgeval/.julia/packages/HTTP/IAI92/src/ConnectionRequest.jl:73
   [8] request(::Type{HTTP.ExceptionRequest.ExceptionLayer{HTTP.ConnectionRequest.ConnectionPoolLayer{HTTP.StreamRequest.StreamLayer{Union{}}}}}, ::HTTP.URIs.URI, ::Vararg{Any,N} where N; kw::Base.Iterators.Pairs{Symbol,Union{Nothing, Bool},Tuple{Symbol,Symbol},NamedTuple{(:iofunction, :reached_redirect_limit),Tuple{Nothing,Bool}}}) at /home/pkgeval/.julia/packages/HTTP/IAI92/src/ExceptionRequest.jl:19
   [9] (::Base.var"#56#58"{Base.var"#56#57#59"{ExponentialBackOff,HTTP.RetryRequest.var"#2#3"{Bool,HTTP.Messages.Request},typeof(HTTP.request)}})(::Type{T} where T, ::Vararg{Any,N} where N; kwargs::Base.Iterators.Pairs{Symbol,Union{Nothing, Bool},Tuple{Symbol,Symbol},NamedTuple{(:iofunction, :reached_redirect_limit),Tuple{Nothing,Bool}}}) at ./error.jl:301
   [10] #request#1 at /home/pkgeval/.julia/packages/HTTP/IAI92/src/RetryRequest.jl:44 [inlined]
   [11] request(::Type{HTTP.MessageRequest.MessageLayer{HTTP.RetryRequest.RetryLayer{HTTP.ExceptionRequest.ExceptionLayer{HTTP.ConnectionRequest.ConnectionPoolLayer{HTTP.StreamRequest.StreamLayer{Union{}}}}}}}, ::String, ::HTTP.URIs.URI, ::Array{Pair{SubString{String},SubString{String}},1}, ::Array{UInt8,1}; http_version::VersionNumber, target::String, parent::Nothing, iofunction::Nothing, kw::Base.Iterators.Pairs{Symbol,Bool,Tuple{Symbol},NamedTuple{(:reached_redirect_limit,),Tuple{Bool}}}) at /home/pkgeval/.julia/packages/HTTP/IAI92/src/MessageRequest.jl:51
   [12] request(::Type{HTTP.BasicAuthRequest.BasicAuthLayer{HTTP.MessageRequest.MessageLayer{HTTP.RetryRequest.RetryLayer{HTTP.ExceptionRequest.ExceptionLayer{HTTP.ConnectionRequest.ConnectionPoolLayer{HTTP.StreamRequest.StreamLayer{Union{}}}}}}}}, ::String, ::HTTP.URIs.URI, ::Array{Pair{SubString{String},SubString{String}},1}, ::Array{UInt8,1}; kw::Base.Iterators.Pairs{Symbol,Bool,Tuple{Symbol},NamedTuple{(:reached_redirect_limit,),Tuple{Bool}}}) at /home/pkgeval/.julia/packages/HTTP/IAI92/src/BasicAuthRequest.jl:28
   [13] request(::Type{HTTP.RedirectRequest.RedirectLayer{HTTP.BasicAuthRequest.BasicAuthLayer{HTTP.MessageRequest.MessageLayer{HTTP.RetryRequest.RetryLayer{HTTP.ExceptionRequest.ExceptionLayer{HTTP.ConnectionRequest.ConnectionPoolLayer{HTTP.StreamRequest.StreamLayer{Union{}}}}}}}}}, ::String, ::HTTP.URIs.URI, ::Array{Pair{SubString{String},SubString{String}},1}, ::Array{UInt8,1}; redirect_limit::Int64, forwardheaders::Bool, kw::Base.Iterators.Pairs{Union{},Union{},Tuple{},NamedTuple{(),Tuple{}}}) at /home/pkgeval/.julia/packages/HTTP/IAI92/src/RedirectRequest.jl:24
   [14] request(::Type{HTTP.RedirectRequest.RedirectLayer{HTTP.BasicAuthRequest.BasicAuthLayer{HTTP.MessageRequest.MessageLayer{HTTP.RetryRequest.RetryLayer{HTTP.ExceptionRequest.ExceptionLayer{HTTP.ConnectionRequest.ConnectionPoolLayer{HTTP.StreamRequest.StreamLayer{Union{}}}}}}}}}, ::String, ::HTTP.URIs.URI, ::Array{Pair{SubString{String},SubString{String}},1}, ::Array{UInt8,1}) at /home/pkgeval/.julia/packages/HTTP/IAI92/src/RedirectRequest.jl:21
   [15] request(::String, ::String, ::Array{Pair{SubString{String},SubString{String}},1}, ::Array{UInt8,1}; headers::Dict{String,String}, body::Array{UInt8,1}, query::Nothing, kw::Base.Iterators.Pairs{Union{},Union{},Tuple{},NamedTuple{(),Tuple{}}}) at /home/pkgeval/.julia/packages/HTTP/IAI92/src/HTTP.jl:314
   [16] #get#12 at /home/pkgeval/.julia/packages/HTTP/IAI92/src/HTTP.jl:391 [inlined]
   [17] getgraph(::Connection) at /home/pkgeval/.julia/packages/Neo4j/qLeq3/src/Neo4j.jl:102
   [18] getgraph() at /home/pkgeval/.julia/packages/Neo4j/qLeq3/src/Neo4j.jl:110
   [19] top-level scope at /home/pkgeval/.julia/packages/Neo4j/qLeq3/test/runtests.jl:17
   [20] top-level scope at /workspace/srcdir/usr/share/julia/stdlib/v1.5/Test/src/Test.jl:1115
   [21] top-level scope at /home/pkgeval/.julia/packages/Neo4j/qLeq3/test/runtests.jl:16
   [22] include(::String) at ./client.jl:457
   [23] top-level scope at none:6
   [24] eval(::Module, ::Any) at ./boot.jl:331
   [25] exec_options(::Base.JLOptions) at ./client.jl:272
   [26] _start() at ./client.jl:506
  
Test Summary:                      | Error  Total
Creating a connection to localhost |     1      1
ERROR: LoadError: Some tests did not pass: 0 passed, 0 failed, 1 errored, 0 broken.
in expression starting at /home/pkgeval/.julia/packages/Neo4j/qLeq3/test/runtests.jl:15
ERROR: Package Neo4j errored during testing
Stacktrace:
 [1] pkgerror(::String) at /workspace/srcdir/usr/share/julia/stdlib/v1.5/Pkg/src/Types.jl:52
 [2] test(::Pkg.Types.Context, ::Array{Pkg.Types.PackageSpec,1}; coverage::Bool, julia_args::Cmd, test_args::Cmd, test_fn::Nothing) at /workspace/srcdir/usr/share/julia/stdlib/v1.5/Pkg/src/Operations.jl:1578
 [3] test(::Pkg.Types.Context, ::Array{Pkg.Types.PackageSpec,1}; coverage::Bool, test_fn::Nothing, julia_args::Cmd, test_args::Cmd, kwargs::Base.Iterators.Pairs{Union{},Union{},Tuple{},NamedTuple{(),Tuple{}}}) at /workspace/srcdir/usr/share/julia/stdlib/v1.5/Pkg/src/API.jl:327
 [4] test(::Pkg.Types.Context, ::Array{Pkg.Types.PackageSpec,1}) at /workspace/srcdir/usr/share/julia/stdlib/v1.5/Pkg/src/API.jl:314
 [5] #test#61 at /workspace/srcdir/usr/share/julia/stdlib/v1.5/Pkg/src/API.jl:67 [inlined]
 [6] test at /workspace/srcdir/usr/share/julia/stdlib/v1.5/Pkg/src/API.jl:67 [inlined]
 [7] #test#60 at /workspace/srcdir/usr/share/julia/stdlib/v1.5/Pkg/src/API.jl:66 [inlined]
 [8] test at /workspace/srcdir/usr/share/julia/stdlib/v1.5/Pkg/src/API.jl:66 [inlined]
 [9] test(::String; kwargs::Base.Iterators.Pairs{Union{},Union{},Tuple{},NamedTuple{(),Tuple{}}}) at /workspace/srcdir/usr/share/julia/stdlib/v1.5/Pkg/src/API.jl:65
 [10] test(::String) at /workspace/srcdir/usr/share/julia/stdlib/v1.5/Pkg/src/API.jl:65
 [11] top-level scope at none:35
