Current time is 2020-10-25T23:16:41.397
Julia Version 1.5.3-pre.13
Commit 3de1115e9c (2020-10-23 21:58 UTC)
Platform Info:
  OS: Linux (x86_64-linux-gnu)
  CPU: AMD EPYC 7502 32-Core Processor
  WORD_SIZE: 64
  LIBM: libopenlibm
  LLVM: libLLVM-9.0.1 (ORCJIT, znver2)
Environment:
  JULIA_DEPOT_PATH = ::/usr/local/share/julia
  JULIA_NUM_THREADS = 2
  JULIA_MAX_NUM_PRECOMPILE_FILES = 9223372036854775807
  JULIA_PKG_SERVER = 

Starting installation at 2020-10-25T23:16:44.616
  Resolving package versions...
  Installed Grisu ─── v1.0.0
  Installed Showoff ─ v0.3.2
Updating `~/.julia/environments/v1.5/Project.toml`
  [992d4aef] + Showoff v0.3.2
Updating `~/.julia/environments/v1.5/Manifest.toml`
  [42e2da0e] + Grisu v1.0.0
  [992d4aef] + Showoff v0.3.2
  [ade2ca70] + Dates
  [de0858da] + Printf
  [4ec0a83e] + Unicode
Starting tests at 2020-10-25T23:16:48.244
    Testing Showoff
Status `/tmp/jl_cp1krY/Project.toml`
  [42e2da0e] Grisu v1.0.0
  [992d4aef] Showoff v0.3.2
  [ade2ca70] Dates
  [8dfed614] Test
Status `/tmp/jl_cp1krY/Manifest.toml`
  [42e2da0e] Grisu v1.0.0
  [992d4aef] Showoff v0.3.2
  [2a0f44e3] Base64
  [ade2ca70] Dates
  [8ba89e20] Distributed
  [b77e0a4c] InteractiveUtils
  [56ddb016] Logging
  [d6f4376e] Markdown
  [de0858da] Printf
  [9a3f8284] Random
  [9e88b42a] Serialization
  [6462fe0b] Sockets
  [8dfed614] Test
  [4ec0a83e] Unicode
Test Summary: | Pass  Total
Internals     |    8      8
Test Summary: | Pass  Total
Formatting    |   12     12
Test Summary: | Pass  Total
Showoff       |   10     10
    Testing Showoff tests passed 
Finished at 2020-10-25T23:16:56.982
