Current time is 2020-10-25T19:27:10.935
Julia Version 1.5.3-pre.13
Commit 3de1115e9c (2020-10-23 21:58 UTC)
Platform Info:
  OS: Linux (x86_64-linux-gnu)
  CPU: AMD EPYC 7502 32-Core Processor
  WORD_SIZE: 64
  LIBM: libopenlibm
  LLVM: libLLVM-9.0.1 (ORCJIT, znver2)
Environment:
  JULIA_DEPOT_PATH = ::/usr/local/share/julia
  JULIA_NUM_THREADS = 2
  JULIA_MAX_NUM_PRECOMPILE_FILES = 9223372036854775807
  JULIA_PKG_SERVER = 

Starting installation at 2020-10-25T19:27:14.489
  Resolving package versions...
  Installed InvertedIndices ───────────── v1.0.0
  Installed Zlib_jll ──────────────────── v1.2.11+18
  Installed PooledArrays ──────────────── v0.5.3
  Installed WinReg ────────────────────── v0.3.1
  Installed MathleticsFiles ───────────── v0.1.0
  Installed Compat ────────────────────── v3.22.0
  Installed Parsers ───────────────────── v1.0.11
  Installed JLLWrappers ───────────────── v1.1.3
  Installed OrderedCollections ────────── v1.3.1
  Installed SortingAlgorithms ─────────── v0.3.1
  Installed IteratorInterfaceExtensions ─ v1.0.0
  Installed DataValueInterfaces ───────── v1.0.0
  Installed ZipFile ───────────────────── v0.9.3
  Installed CategoricalArrays ─────────── v0.7.7
  Installed DataStructures ────────────── v0.18.8
  Installed DataFrames ────────────────── v0.20.2
  Installed Reexport ──────────────────── v0.2.0
  Installed Artifacts ─────────────────── v1.3.0
  Installed TableTraits ───────────────── v1.0.0
  Installed Missings ──────────────────── v0.4.4
  Installed Tables ────────────────────── v1.1.0
  Installed JSON ──────────────────────── v0.21.1
  Installed DataAPI ───────────────────── v1.3.0
  Installed Taro ──────────────────────── v0.8.2
  Installed JavaCall ──────────────────── v0.7.6
Updating `~/.julia/environments/v1.5/Project.toml`
  [105a4150] + MathleticsFiles v0.1.0
Updating `~/.julia/environments/v1.5/Manifest.toml`
  [56f22d72] + Artifacts v1.3.0
  [324d7699] + CategoricalArrays v0.7.7
  [34da2185] + Compat v3.22.0
  [9a962f9c] + DataAPI v1.3.0
  [a93c6f00] + DataFrames v0.20.2
  [864edb3b] + DataStructures v0.18.8
  [e2d170a0] + DataValueInterfaces v1.0.0
  [41ab1584] + InvertedIndices v1.0.0
  [82899510] + IteratorInterfaceExtensions v1.0.0
  [692b3bcd] + JLLWrappers v1.1.3
  [682c06a0] + JSON v0.21.1
  [494afd89] + JavaCall v0.7.6
  [105a4150] + MathleticsFiles v0.1.0
  [e1d29d7a] + Missings v0.4.4
  [bac558e1] + OrderedCollections v1.3.1
  [69de0a69] + Parsers v1.0.11
  [2dfb63ee] + PooledArrays v0.5.3
  [189a3867] + Reexport v0.2.0
  [a2af1166] + SortingAlgorithms v0.3.1
  [3783bdb8] + TableTraits v1.0.0
  [bd369af6] + Tables v1.1.0
  [61d0e4fa] + Taro v0.8.2
  [1b915085] + WinReg v0.3.1
  [a5390f91] + ZipFile v0.9.3
  [83775a58] + Zlib_jll v1.2.11+18
  [2a0f44e3] + Base64
  [ade2ca70] + Dates
  [8bb1440f] + DelimitedFiles
  [8ba89e20] + Distributed
  [9fa8497b] + Future
  [b77e0a4c] + InteractiveUtils
  [76f85450] + LibGit2
  [8f399da3] + Libdl
  [37e2e46d] + LinearAlgebra
  [56ddb016] + Logging
  [d6f4376e] + Markdown
  [a63ad114] + Mmap
  [44cfe95a] + Pkg
  [de0858da] + Printf
  [3fa0cd96] + REPL
  [9a3f8284] + Random
  [ea8e919c] + SHA
  [9e88b42a] + Serialization
  [1a1011a3] + SharedArrays
  [6462fe0b] + Sockets
  [2f01184e] + SparseArrays
  [10745b16] + Statistics
  [8dfed614] + Test
  [cf7118a7] + UUIDs
  [4ec0a83e] + Unicode
   Building Taro → `~/.julia/packages/Taro/lMmIa/deps/build.log`
Starting tests at 2020-10-25T19:27:33.574
    Testing MathleticsFiles
Status `/tmp/jl_aUraKW/Project.toml`
  [105a4150] MathleticsFiles v0.1.0
  [8dfed614] Test
Status `/tmp/jl_aUraKW/Manifest.toml`
  [56f22d72] Artifacts v1.3.0
  [324d7699] CategoricalArrays v0.7.7
  [34da2185] Compat v3.22.0
  [9a962f9c] DataAPI v1.3.0
  [a93c6f00] DataFrames v0.20.2
  [864edb3b] DataStructures v0.18.8
  [e2d170a0] DataValueInterfaces v1.0.0
  [41ab1584] InvertedIndices v1.0.0
  [82899510] IteratorInterfaceExtensions v1.0.0
  [692b3bcd] JLLWrappers v1.1.3
  [682c06a0] JSON v0.21.1
  [494afd89] JavaCall v0.7.6
  [105a4150] MathleticsFiles v0.1.0
  [e1d29d7a] Missings v0.4.4
  [bac558e1] OrderedCollections v1.3.1
  [69de0a69] Parsers v1.0.11
  [2dfb63ee] PooledArrays v0.5.3
  [189a3867] Reexport v0.2.0
  [a2af1166] SortingAlgorithms v0.3.1
  [3783bdb8] TableTraits v1.0.0
  [bd369af6] Tables v1.1.0
  [61d0e4fa] Taro v0.8.2
  [1b915085] WinReg v0.3.1
  [a5390f91] ZipFile v0.9.3
  [83775a58] Zlib_jll v1.2.11+18
  [2a0f44e3] Base64
  [ade2ca70] Dates
  [8bb1440f] DelimitedFiles
  [8ba89e20] Distributed
  [9fa8497b] Future
  [b77e0a4c] InteractiveUtils
  [76f85450] LibGit2
  [8f399da3] Libdl
  [37e2e46d] LinearAlgebra
  [56ddb016] Logging
  [d6f4376e] Markdown
  [a63ad114] Mmap
  [44cfe95a] Pkg
  [de0858da] Printf
  [3fa0cd96] REPL
  [9a3f8284] Random
  [ea8e919c] SHA
  [9e88b42a] Serialization
  [1a1011a3] SharedArrays
  [6462fe0b] Sockets
  [2f01184e] SparseArrays
  [10745b16] Statistics
  [8dfed614] Test
  [cf7118a7] UUIDs
  [4ec0a83e] Unicode
┌ Warning: JavaCall needs the environment variable `JULIA_COPY_STACKS` to be `1` or `yes`.
│ Calling the JVM may result in undefined behavior.
└ @ JavaCall ~/.julia/packages/JavaCall/aVXyt/src/JavaCall.jl:53
┌ Warning: JavaCall needs the environment variable `JULIA_COPY_STACKS` to be `1` or `yes`.
│ Calling the JVM may result in undefined behavior.
└ @ JavaCall ~/.julia/packages/JavaCall/aVXyt/src/JavaCall.jl:53
┌ Warning: JavaCall needs the environment variable `JULIA_COPY_STACKS` to be `1` or `yes`.
│ Calling the JVM may result in undefined behavior.
└ @ JavaCall ~/.julia/packages/JavaCall/aVXyt/src/JavaCall.jl:53
[ Info: JavaCall could not determine javapath from `which java`
Test Summary:          | Pass  Total
Test of single dataset |    2      2
    Testing MathleticsFiles tests passed 
Finished at 2020-10-25T19:29:01.364
