Current time is 2020-10-25T21:29:16.76
Julia Version 1.5.3-pre.0
Commit 5905edebb1 (2020-09-24 05:09 UTC)
Platform Info:
  OS: Linux (x86_64-pc-linux-gnu)
  CPU: AMD EPYC 7502 32-Core Processor
  WORD_SIZE: 64
  LIBM: libopenlibm
  LLVM: libLLVM-9.0.1 (ORCJIT, znver2)
Environment:
  JULIA_DEPOT_PATH = ::/usr/local/share/julia
  JULIA_NUM_THREADS = 2
  JULIA_MAX_NUM_PRECOMPILE_FILES = 9223372036854775807
  JULIA_PKG_SERVER = 

Starting installation at 2020-10-25T21:29:19.832
  Resolving package versions...
  Installed StableRNGs ────────── v0.1.2
  Installed Compat ────────────── v3.22.0
  Installed TranscodingStreams ── v0.9.5
  Installed Twiddle ───────────── v1.1.2
  Installed ReadDatastores ────── v0.4.0
  Installed BioSymbols ────────── v4.0.4
  Installed FASTX ─────────────── v1.1.3
  Installed KmerAnalysis ──────── v0.4.4
  Installed OrderedCollections ── v1.3.1
  Installed Combinatorics ─────── v1.0.2
  Installed DataStructures ────── v0.18.8
  Installed IndexableBitVectors ─ v1.0.0
  Installed BioGenerics ───────── v0.1.0
  Installed Automa ────────────── v0.8.0
  Installed BioSequences ──────── v2.0.5
Updating `~/.julia/environments/v1.5/Project.toml`
  [a20136b7] + KmerAnalysis v0.4.4
Updating `~/.julia/environments/v1.5/Manifest.toml`
  [67c07d97] + Automa v0.8.0
  [47718e42] + BioGenerics v0.1.0
  [7e6ae17a] + BioSequences v2.0.5
  [3c28c6f8] + BioSymbols v4.0.4
  [861a8166] + Combinatorics v1.0.2
  [34da2185] + Compat v3.22.0
  [864edb3b] + DataStructures v0.18.8
  [c2308a5c] + FASTX v1.1.3
  [1cb3b9ac] + IndexableBitVectors v1.0.0
  [a20136b7] + KmerAnalysis v0.4.4
  [bac558e1] + OrderedCollections v1.3.1
  [70a005b8] + ReadDatastores v0.4.0
  [860ef19b] + StableRNGs v0.1.2
  [3bb67fe8] + TranscodingStreams v0.9.5
  [7200193e] + Twiddle v1.1.2
  [2a0f44e3] + Base64
  [ade2ca70] + Dates
  [8bb1440f] + DelimitedFiles
  [8ba89e20] + Distributed
  [b77e0a4c] + InteractiveUtils
  [76f85450] + LibGit2
  [8f399da3] + Libdl
  [37e2e46d] + LinearAlgebra
  [56ddb016] + Logging
  [d6f4376e] + Markdown
  [a63ad114] + Mmap
  [44cfe95a] + Pkg
  [de0858da] + Printf
  [3fa0cd96] + REPL
  [9a3f8284] + Random
  [ea8e919c] + SHA
  [9e88b42a] + Serialization
  [1a1011a3] + SharedArrays
  [6462fe0b] + Sockets
  [2f01184e] + SparseArrays
  [10745b16] + Statistics
  [8dfed614] + Test
  [cf7118a7] + UUIDs
  [4ec0a83e] + Unicode
Starting tests at 2020-10-25T21:29:24.393
    Testing KmerAnalysis
Status `/tmp/jl_gl23iY/Project.toml`
  [7e6ae17a] BioSequences v2.0.5
  [a20136b7] KmerAnalysis v0.4.4
  [70a005b8] ReadDatastores v0.4.0
  [8ba89e20] Distributed
  [8dfed614] Test
Status `/tmp/jl_gl23iY/Manifest.toml`
  [67c07d97] Automa v0.8.0
  [47718e42] BioGenerics v0.1.0
  [7e6ae17a] BioSequences v2.0.5
  [3c28c6f8] BioSymbols v4.0.4
  [861a8166] Combinatorics v1.0.2
  [34da2185] Compat v3.22.0
  [864edb3b] DataStructures v0.18.8
  [c2308a5c] FASTX v1.1.3
  [1cb3b9ac] IndexableBitVectors v1.0.0
  [a20136b7] KmerAnalysis v0.4.4
  [bac558e1] OrderedCollections v1.3.1
  [70a005b8] ReadDatastores v0.4.0
  [860ef19b] StableRNGs v0.1.2
  [3bb67fe8] TranscodingStreams v0.9.5
  [7200193e] Twiddle v1.1.2
  [2a0f44e3] Base64
  [ade2ca70] Dates
  [8bb1440f] DelimitedFiles
  [8ba89e20] Distributed
  [b77e0a4c] InteractiveUtils
  [76f85450] LibGit2
  [8f399da3] Libdl
  [37e2e46d] LinearAlgebra
  [56ddb016] Logging
  [d6f4376e] Markdown
  [a63ad114] Mmap
  [44cfe95a] Pkg
  [de0858da] Printf
  [3fa0cd96] REPL
  [9a3f8284] Random
  [ea8e919c] SHA
  [9e88b42a] Serialization
  [1a1011a3] SharedArrays
  [6462fe0b] Sockets
  [2f01184e] SparseArrays
  [10745b16] Statistics
  [8dfed614] Test
  [cf7118a7] UUIDs
  [4ec0a83e] Unicode
[ Info: Compiling bit-parallel GC counter for LongSequence{<:NucleicAcidAlphabet}
[ Info: Compiling bit-parallel mismatch counter for LongSequence{<:NucleicAcidAlphabet}
[ Info: Compiling bit-parallel match counter for LongSequence{<:NucleicAcidAlphabet}
[ Info: Compiling bit-parallel ambiguity counter...
[ Info: 	For a single LongSequence{<:NucleicAcidAlphabet}
[ Info: 	For a pair of LongSequence{<:NucleicAcidAlphabet}s
[ Info: Compiling bit-parallel certainty counter for LongSequence{<:NucleicAcidAlphabet}
[ Info: Compiling bit-parallel gap counter for LongSequence{<:NucleicAcidAlphabet}
Test Summary: | Pass  Total
Count Mode    |    2      2
Test Summary: | Pass  Total
MerCount      |    9      9
Test Summary: | Pass  Total
Counters      |    1      1
    Testing KmerAnalysis tests passed 
Finished at 2020-10-25T21:30:33.376
