Julia Version 1.5.2-pre.25
Commit be8475f41a (2020-09-09 06:41 UTC)
Platform Info:
  OS: Linux (x86_64-linux-gnu)
  CPU: Intel(R) Xeon(R) Silver 4114 CPU @ 2.20GHz
  WORD_SIZE: 64
  LIBM: libopenlibm
  LLVM: libLLVM-9.0.1 (ORCJIT, skylake-avx512)
Environment:
  JULIA_DEPOT_PATH = ::/usr/local/share/julia
  JULIA_NUM_THREADS = 2

  Resolving package versions...
  Installed DataValueInterfaces ────────── v1.0.0
  Installed SentinelArrays ─────────────── v1.2.15
  Installed GaussianMixtures ───────────── v0.3.2
  Installed Requires ───────────────────── v1.0.2
  Installed DataAPI ────────────────────── v1.3.0
  Installed FileIO ─────────────────────── v1.4.3
  Installed Clustering ─────────────────── v0.13.5
  Installed DataFrames ─────────────────── v0.21.7
  Installed Rmath_jll ──────────────────── v0.2.2+1
  Installed CompilerSupportLibraries_jll ─ v0.3.3+0
  Installed PooledArrays ───────────────── v0.5.3
  Installed Zlib_jll ───────────────────── v1.2.11+16
  Installed SortingAlgorithms ──────────── v0.3.1
  Installed Parsers ────────────────────── v1.0.10
  Installed Rmath ──────────────────────── v0.6.1
  Installed StatsBase ──────────────────── v0.32.2
  Installed OpenSpecFun_jll ────────────── v0.5.3+3
  Installed CodecZlib ──────────────────── v0.7.0
  Installed TranscodingStreams ─────────── v0.9.5
  Installed Mocking ────────────────────── v0.7.1
  Installed TableTraits ────────────────── v1.0.0
  Installed FillArrays ─────────────────── v0.8.14
  Installed NearestNeighbors ───────────── v0.4.4
  Installed TimeZones ──────────────────── v1.3.2
  Installed Libiconv_jll ───────────────── v1.16.0+6
  Installed Compat ─────────────────────── v3.15.0
  Installed OrderedCollections ─────────── v1.3.0
  Installed IteratorInterfaceExtensions ── v1.0.0
  Installed SpecialFunctions ───────────── v0.10.3
  Installed ScikitLearnBase ────────────── v0.5.0
  Installed EzXML ──────────────────────── v1.1.0
  Installed InvertedIndices ────────────── v1.0.0
  Installed JSON ───────────────────────── v0.21.1
  Installed QuadGK ─────────────────────── v2.4.1
  Installed PDMats ─────────────────────── v0.9.12
  Installed Arpack ─────────────────────── v0.4.0
  Installed Missings ───────────────────── v0.4.4
  Installed JLD2 ───────────────────────── v0.1.14
  Installed Tables ─────────────────────── v1.0.5
  Installed StatsFuns ──────────────────── v0.9.5
  Installed Arpack_jll ─────────────────── v3.5.0+3
  Installed RecipesBase ────────────────── v1.0.2
  Installed StructTypes ────────────────── v1.1.0
  Installed CategoricalArrays ──────────── v0.8.2
  Installed StaticArrays ───────────────── v0.12.4
  Installed OpenBLAS_jll ───────────────── v0.3.10+0
  Installed DataStructures ─────────────── v0.17.20
  Installed ExprTools ──────────────────── v0.1.2
  Installed Reexport ───────────────────── v0.2.0
  Installed XML2_jll ───────────────────── v2.9.10+2
  Installed Distances ──────────────────── v0.8.2
  Installed Distributions ──────────────── v0.22.6
  Installed RData ──────────────────────── v0.7.2
  Installed CSV ────────────────────────── v0.7.7
  Installed RDatasets ──────────────────── v0.6.10
Updating `~/.julia/environments/v1.5/Project.toml`
  [cc18c42c] + GaussianMixtures v0.3.2
Updating `~/.julia/environments/v1.5/Manifest.toml`
  [7d9fca2a] + Arpack v0.4.0
  [68821587] + Arpack_jll v3.5.0+3
  [336ed68f] + CSV v0.7.7
  [324d7699] + CategoricalArrays v0.8.2
  [aaaa29a8] + Clustering v0.13.5
  [944b1d66] + CodecZlib v0.7.0
  [34da2185] + Compat v3.15.0
  [e66e0078] + CompilerSupportLibraries_jll v0.3.3+0
  [9a962f9c] + DataAPI v1.3.0
  [a93c6f00] + DataFrames v0.21.7
  [864edb3b] + DataStructures v0.17.20
  [e2d170a0] + DataValueInterfaces v1.0.0
  [b4f34e82] + Distances v0.8.2
  [31c24e10] + Distributions v0.22.6
  [e2ba6199] + ExprTools v0.1.2
  [8f5d6c58] + EzXML v1.1.0
  [5789e2e9] + FileIO v1.4.3
  [1a297f60] + FillArrays v0.8.14
  [cc18c42c] + GaussianMixtures v0.3.2
  [41ab1584] + InvertedIndices v1.0.0
  [82899510] + IteratorInterfaceExtensions v1.0.0
  [033835bb] + JLD2 v0.1.14
  [682c06a0] + JSON v0.21.1
  [94ce4f54] + Libiconv_jll v1.16.0+6
  [e1d29d7a] + Missings v0.4.4
  [78c3b35d] + Mocking v0.7.1
  [b8a86587] + NearestNeighbors v0.4.4
  [4536629a] + OpenBLAS_jll v0.3.10+0
  [efe28fd5] + OpenSpecFun_jll v0.5.3+3
  [bac558e1] + OrderedCollections v1.3.0
  [90014a1f] + PDMats v0.9.12
  [69de0a69] + Parsers v1.0.10
  [2dfb63ee] + PooledArrays v0.5.3
  [1fd47b50] + QuadGK v2.4.1
  [df47a6cb] + RData v0.7.2
  [ce6b1742] + RDatasets v0.6.10
  [3cdcf5f2] + RecipesBase v1.0.2
  [189a3867] + Reexport v0.2.0
  [ae029012] + Requires v1.0.2
  [79098fc4] + Rmath v0.6.1
  [f50d1b31] + Rmath_jll v0.2.2+1
  [6e75b9c4] + ScikitLearnBase v0.5.0
  [91c51154] + SentinelArrays v1.2.15
  [a2af1166] + SortingAlgorithms v0.3.1
  [276daf66] + SpecialFunctions v0.10.3
  [90137ffa] + StaticArrays v0.12.4
  [2913bbd2] + StatsBase v0.32.2
  [4c63d2b9] + StatsFuns v0.9.5
  [856f2bd8] + StructTypes v1.1.0
  [3783bdb8] + TableTraits v1.0.0
  [bd369af6] + Tables v1.0.5
  [f269a46b] + TimeZones v1.3.2
  [3bb67fe8] + TranscodingStreams v0.9.5
  [02c8fc9c] + XML2_jll v2.9.10+2
  [83775a58] + Zlib_jll v1.2.11+16
  [2a0f44e3] + Base64
  [ade2ca70] + Dates
  [8bb1440f] + DelimitedFiles
  [8ba89e20] + Distributed
  [9fa8497b] + Future
  [b77e0a4c] + InteractiveUtils
  [76f85450] + LibGit2
  [8f399da3] + Libdl
  [37e2e46d] + LinearAlgebra
  [56ddb016] + Logging
  [d6f4376e] + Markdown
  [a63ad114] + Mmap
  [44cfe95a] + Pkg
  [de0858da] + Printf
  [3fa0cd96] + REPL
  [9a3f8284] + Random
  [ea8e919c] + SHA
  [9e88b42a] + Serialization
  [1a1011a3] + SharedArrays
  [6462fe0b] + Sockets
  [2f01184e] + SparseArrays
  [10745b16] + Statistics
  [4607b0f0] + SuiteSparse
  [8dfed614] + Test
  [cf7118a7] + UUIDs
  [4ec0a83e] + Unicode
   Building TimeZones → `~/.julia/packages/TimeZones/v0mfN/deps/build.log`
    Testing GaussianMixtures
Status `/tmp/jl_yWrfj8/Project.toml`
  [7d9fca2a] Arpack v0.4.0
  [aaaa29a8] Clustering v0.13.5
  [34da2185] Compat v3.15.0
  [31c24e10] Distributions v0.22.6
  [5789e2e9] FileIO v1.4.3
  [cc18c42c] GaussianMixtures v0.3.2
  [033835bb] JLD2 v0.1.14
  [90014a1f] PDMats v0.9.12
  [ce6b1742] RDatasets v0.6.10
  [6e75b9c4] ScikitLearnBase v0.5.0
  [276daf66] SpecialFunctions v0.10.3
  [2913bbd2] StatsBase v0.32.2
  [8bb1440f] DelimitedFiles
  [8ba89e20] Distributed
  [37e2e46d] LinearAlgebra
  [56ddb016] Logging
  [de0858da] Printf
  [9a3f8284] Random
  [10745b16] Statistics
  [8dfed614] Test
Status `/tmp/jl_yWrfj8/Manifest.toml`
  [7d9fca2a] Arpack v0.4.0
  [68821587] Arpack_jll v3.5.0+3
  [336ed68f] CSV v0.7.7
  [324d7699] CategoricalArrays v0.8.2
  [aaaa29a8] Clustering v0.13.5
  [944b1d66] CodecZlib v0.7.0
  [34da2185] Compat v3.15.0
  [e66e0078] CompilerSupportLibraries_jll v0.3.3+0
  [9a962f9c] DataAPI v1.3.0
  [a93c6f00] DataFrames v0.21.7
  [864edb3b] DataStructures v0.17.20
  [e2d170a0] DataValueInterfaces v1.0.0
  [b4f34e82] Distances v0.8.2
  [31c24e10] Distributions v0.22.6
  [e2ba6199] ExprTools v0.1.2
  [8f5d6c58] EzXML v1.1.0
  [5789e2e9] FileIO v1.4.3
  [1a297f60] FillArrays v0.8.14
  [cc18c42c] GaussianMixtures v0.3.2
  [41ab1584] InvertedIndices v1.0.0
  [82899510] IteratorInterfaceExtensions v1.0.0
  [033835bb] JLD2 v0.1.14
  [682c06a0] JSON v0.21.1
  [94ce4f54] Libiconv_jll v1.16.0+6
  [e1d29d7a] Missings v0.4.4
  [78c3b35d] Mocking v0.7.1
  [b8a86587] NearestNeighbors v0.4.4
  [4536629a] OpenBLAS_jll v0.3.10+0
  [efe28fd5] OpenSpecFun_jll v0.5.3+3
  [bac558e1] OrderedCollections v1.3.0
  [90014a1f] PDMats v0.9.12
  [69de0a69] Parsers v1.0.10
  [2dfb63ee] PooledArrays v0.5.3
  [1fd47b50] QuadGK v2.4.1
  [df47a6cb] RData v0.7.2
  [ce6b1742] RDatasets v0.6.10
  [3cdcf5f2] RecipesBase v1.0.2
  [189a3867] Reexport v0.2.0
  [ae029012] Requires v1.0.2
  [79098fc4] Rmath v0.6.1
  [f50d1b31] Rmath_jll v0.2.2+1
  [6e75b9c4] ScikitLearnBase v0.5.0
  [91c51154] SentinelArrays v1.2.15
  [a2af1166] SortingAlgorithms v0.3.1
  [276daf66] SpecialFunctions v0.10.3
  [90137ffa] StaticArrays v0.12.4
  [2913bbd2] StatsBase v0.32.2
  [4c63d2b9] StatsFuns v0.9.5
  [856f2bd8] StructTypes v1.1.0
  [3783bdb8] TableTraits v1.0.0
  [bd369af6] Tables v1.0.5
  [f269a46b] TimeZones v1.3.2
  [3bb67fe8] TranscodingStreams v0.9.5
  [02c8fc9c] XML2_jll v2.9.10+2
  [83775a58] Zlib_jll v1.2.11+16
  [2a0f44e3] Base64
  [ade2ca70] Dates
  [8bb1440f] DelimitedFiles
  [8ba89e20] Distributed
  [9fa8497b] Future
  [b77e0a4c] InteractiveUtils
  [76f85450] LibGit2
  [8f399da3] Libdl
  [37e2e46d] LinearAlgebra
  [56ddb016] Logging
  [d6f4376e] Markdown
  [a63ad114] Mmap
  [44cfe95a] Pkg
  [de0858da] Printf
  [3fa0cd96] REPL
  [9a3f8284] Random
  [ea8e919c] SHA
  [9e88b42a] Serialization
  [1a1011a3] SharedArrays
  [6462fe0b] Sockets
  [2f01184e] SparseArrays
  [10745b16] Statistics
  [4607b0f0] SuiteSparse
  [8dfed614] Test
  [cf7118a7] UUIDs
  [4ec0a83e] Unicode
WARNING: Method definition (::Type{Base.OrderStyle})(Type{Union{}}) in module Base at traits.jl:12 overwritten in module CategoricalArrays at /home/pkgeval/.julia/packages/CategoricalArrays/hxUIH/src/CategoricalArrays.jl:19.
  ** incremental compilation may be fatally broken for this module **

WARNING: Method definition (::Type{Base.OrderStyle})(Type{Union{}}) in module Base at traits.jl:12 overwritten in module CategoricalArrays at /home/pkgeval/.julia/packages/CategoricalArrays/hxUIH/src/CategoricalArrays.jl:19.
  ** incremental compilation may be fatally broken for this module **

WARNING: Method definition (::Type{Base.OrderStyle})(Type{Union{}}) in module Base at traits.jl:12 overwritten in module CategoricalArrays at /home/pkgeval/.julia/packages/CategoricalArrays/hxUIH/src/CategoricalArrays.jl:19.
  ** incremental compilation may be fatally broken for this module **

WARNING: Method definition (::Type{Base.OrderStyle})(Type{Union{}}) in module Base at traits.jl:12 overwritten in module CategoricalArrays at /home/pkgeval/.julia/packages/CategoricalArrays/hxUIH/src/CategoricalArrays.jl:19.
  ** incremental compilation may be fatally broken for this module **

WARNING: Method definition (::Type{Base.OrderStyle})(Type{Union{}}) in module Base at traits.jl:12 overwritten in module CategoricalArrays at /home/pkgeval/.julia/packages/CategoricalArrays/hxUIH/src/CategoricalArrays.jl:19.
  ** incremental compilation may be fatally broken for this module **

(100000, -800629.7131839364, [7178.105060519854, 92821.89493948016], [-3773.95820697884 2075.461078078971 6955.88271343386; 3522.0506862041198 -2267.56981783785 -6566.430073098168], [[10609.971572249175 -6549.478059987691 -1784.4368958237633; -6549.478059987691 24737.75562721109 2386.225849727021; -1784.4368958237633 2386.225849727021 12963.90634901117], [89111.10970993474 6632.343805537486 1849.8433334146603; 6632.343805537486 75553.97241273567 -2712.5675539469685; 1849.8433334146598 -2712.5675539469685 86965.09857078205]])
Test Summary: | Pass  Total
data.jl       |    8      8
[ Info: Initializing GMM, 2 Gaussians diag covariance 1 dimensions using 272 data points
  Iters               objv        objv-change | affected 
-------------------------------------------------------------
      0       1.213000e+04
      1       8.878464e+03      -3.251536e+03 |        2
      2       8.855791e+03      -2.267287e+01 |        0
      3       8.855791e+03       0.000000e+00 |        0
K-means converged with 3 iterations (objv = 8855.79069767458)
┌ Info: K-means with 272 data points using 3 iterations
└ 68.0 data points per parameter
[ Info: Initializing GMM, 8 Gaussians diag covariance 2 dimensions using 272 data points
  Iters               objv        objv-change | affected 
-------------------------------------------------------------
      0       1.731824e+03
      1       1.260265e+03      -4.715582e+02 |        7
      2       1.178343e+03      -8.192269e+01 |        6
      3       1.069849e+03      -1.084940e+02 |        2
      4       1.062967e+03      -6.882073e+00 |        0
      5       1.062967e+03       0.000000e+00 |        0
K-means converged with 5 iterations (objv = 1062.9667197257704)
┌ Info: K-means with 272 data points using 5 iterations
└ 11.3 data points per parameter
┌ Warning: `lgamma(x::Real)` is deprecated, use `(logabsgamma(x))[1]` instead.
│   caller = lowerbound(::VGMM{Float64}, ::Array{Float64,1}, ::Array{Float64,2}, ::Array{Array{Float64,2},1}, ::Array{Float64,1}, ::Array{Float64,1}, ::Float64) at bayes.jl:221
└ @ GaussianMixtures ~/.julia/packages/GaussianMixtures/bTNkf/src/bayes.jl:221
┌ Warning: `lgamma(x::Real)` is deprecated, use `(logabsgamma(x))[1]` instead.
│   caller = lowerbound(::VGMM{Float64}, ::Array{Float64,1}, ::Array{Float64,2}, ::Array{Array{Float64,2},1}, ::Array{Float64,1}, ::Array{Float64,1}, ::Float64) at bayes.jl:221
└ @ GaussianMixtures ~/.julia/packages/GaussianMixtures/bTNkf/src/bayes.jl:221
┌ Warning: `lgamma(x::Real)` is deprecated, use `(logabsgamma(x))[1]` instead.
│   caller = _broadcast_getindex_evalf at broadcast.jl:648 [inlined]
└ @ Core ./broadcast.jl:648
┌ Warning: `lgamma(x::Real)` is deprecated, use `(logabsgamma(x))[1]` instead.
│   caller = lowerbound(::VGMM{Float64}, ::Array{Float64,1}, ::Array{Float64,2}, ::Array{Array{Float64,2},1}, ::Array{Float64,1}, ::Array{Float64,1}, ::Float64) at bayes.jl:230
└ @ GaussianMixtures ~/.julia/packages/GaussianMixtures/bTNkf/src/bayes.jl:230
┌ Warning: `lgamma(x::Real)` is deprecated, use `(logabsgamma(x))[1]` instead.
│   caller = _broadcast_getindex_evalf at broadcast.jl:648 [inlined]
└ @ Core ./broadcast.jl:648
┌ Warning: `lgamma(x::Real)` is deprecated, use `(logabsgamma(x))[1]` instead.
│   caller = _broadcast_getindex_evalf at broadcast.jl:648 [inlined]
└ @ Core ./broadcast.jl:648
History[Wed Sep  9 14:43:41 2020: Initializing GMM, 8 Gaussians diag covariance 2 dimensions using 272 data points
, Wed Sep  9 14:43:41 2020: K-means with 272 data points using 5 iterations
11.3 data points per parameter
, Wed Sep  9 14:43:43 2020: EM with 272 data points 0 iterations avll -2.072424
5.8 data points per parameter
, Wed Sep  9 14:43:45 2020: GMM converted to Variational GMM
, Wed Sep  9 14:43:52 2020: iteration 1, lowerbound -3.669449
, Wed Sep  9 14:43:52 2020: iteration 2, lowerbound -3.490409
, Wed Sep  9 14:43:52 2020: iteration 3, lowerbound -3.308633
, Wed Sep  9 14:43:52 2020: iteration 4, lowerbound -3.119578
, Wed Sep  9 14:43:52 2020: iteration 5, lowerbound -2.945171
, Wed Sep  9 14:43:53 2020: dropping number of Gaussions to 7
, Wed Sep  9 14:43:53 2020: iteration 6, lowerbound -2.804584
, Wed Sep  9 14:43:53 2020: dropping number of Gaussions to 5
, Wed Sep  9 14:43:53 2020: iteration 7, lowerbound -2.681601
, Wed Sep  9 14:43:53 2020: iteration 8, lowerbound -2.578342
, Wed Sep  9 14:43:53 2020: iteration 9, lowerbound -2.500202
, Wed Sep  9 14:43:53 2020: dropping number of Gaussions to 4
, Wed Sep  9 14:43:53 2020: iteration 10, lowerbound -2.437071
, Wed Sep  9 14:43:53 2020: iteration 11, lowerbound -2.389915
, Wed Sep  9 14:43:53 2020: dropping number of Gaussions to 3
, Wed Sep  9 14:43:53 2020: iteration 12, lowerbound -2.350417
, Wed Sep  9 14:43:53 2020: iteration 13, lowerbound -2.321016
, Wed Sep  9 14:43:53 2020: iteration 14, lowerbound -2.308352
, Wed Sep  9 14:43:53 2020: dropping number of Gaussions to 2
, Wed Sep  9 14:43:53 2020: iteration 15, lowerbound -2.303085
, Wed Sep  9 14:43:53 2020: iteration 16, lowerbound -2.299266
, Wed Sep  9 14:43:53 2020: iteration 17, lowerbound -2.299259
, Wed Sep  9 14:43:53 2020: iteration 18, lowerbound -2.299256
, Wed Sep  9 14:43:53 2020: iteration 19, lowerbound -2.299254
, Wed Sep  9 14:43:53 2020: iteration 20, lowerbound -2.299254
, Wed Sep  9 14:43:53 2020: iteration 21, lowerbound -2.299253
, Wed Sep  9 14:43:53 2020: iteration 22, lowerbound -2.299253
, Wed Sep  9 14:43:53 2020: iteration 23, lowerbound -2.299253
, Wed Sep  9 14:43:53 2020: iteration 24, lowerbound -2.299253
, Wed Sep  9 14:43:53 2020: iteration 25, lowerbound -2.299253
, Wed Sep  9 14:43:53 2020: iteration 26, lowerbound -2.299253
, Wed Sep  9 14:43:53 2020: iteration 27, lowerbound -2.299253
, Wed Sep  9 14:43:53 2020: iteration 28, lowerbound -2.299253
, Wed Sep  9 14:43:53 2020: iteration 29, lowerbound -2.299253
, Wed Sep  9 14:43:53 2020: iteration 30, lowerbound -2.299253
, Wed Sep  9 14:43:53 2020: iteration 31, lowerbound -2.299253
, Wed Sep  9 14:43:53 2020: iteration 32, lowerbound -2.299253
, Wed Sep  9 14:43:53 2020: iteration 33, lowerbound -2.299253
, Wed Sep  9 14:43:53 2020: iteration 34, lowerbound -2.299253
, Wed Sep  9 14:43:53 2020: iteration 35, lowerbound -2.299253
, Wed Sep  9 14:43:53 2020: iteration 36, lowerbound -2.299253
, Wed Sep  9 14:43:53 2020: iteration 37, lowerbound -2.299253
, Wed Sep  9 14:43:53 2020: iteration 38, lowerbound -2.299253
, Wed Sep  9 14:43:53 2020: iteration 39, lowerbound -2.299253
, Wed Sep  9 14:43:53 2020: iteration 40, lowerbound -2.299253
, Wed Sep  9 14:43:53 2020: iteration 41, lowerbound -2.299253
, Wed Sep  9 14:43:53 2020: iteration 42, lowerbound -2.299253
, Wed Sep  9 14:43:53 2020: iteration 43, lowerbound -2.299253
, Wed Sep  9 14:43:53 2020: iteration 44, lowerbound -2.299253
, Wed Sep  9 14:43:53 2020: iteration 45, lowerbound -2.299253
, Wed Sep  9 14:43:53 2020: iteration 46, lowerbound -2.299253
, Wed Sep  9 14:43:53 2020: iteration 47, lowerbound -2.299253
, Wed Sep  9 14:43:53 2020: iteration 48, lowerbound -2.299253
, Wed Sep  9 14:43:53 2020: iteration 49, lowerbound -2.299253
, Wed Sep  9 14:43:53 2020: iteration 50, lowerbound -2.299253
, Wed Sep  9 14:43:53 2020: 50 variational Bayes EM-like iterations using 272 data points, final lowerbound -2.299253
]
α = [178.0450922260143, 95.95490777398568]
β = [178.0450922260143, 95.95490777398568]
m = [4.250300733269905 79.2868669443618; 2.000229257775367 53.85198717246128]
ν = [180.0450922260143, 97.95490777398568]
W = LinearAlgebra.UpperTriangular{Float64,Array{Float64,2}}[[0.18404155547485715 -0.007644049042328611; 0.0 0.008581705166333508], [0.37587636119486356 -0.00895312382734651; 0.0 0.0127486647774094]]
Test Summary: | Pass  Total
bayes.jl      |    3      3
Kind: diag, size256
nx: 100000 sum(zeroth order stats): 99999.99999999988
avll from stats: -0.9969338381964006
avll from llpg:  -0.9969338381963981
avll direct:     -0.996933838196398
sum posterior: 100000.0
Kind: full, size16
nx: 100000 sum(zeroth order stats): 100000.0
avll from stats: -0.9807782551561106
avll from llpg:  -0.9807782551561104
avll direct:     -0.9807782551561104
sum posterior: 100000.0
kind diag, method split
┌ Info: 0: avll = 
└   tll[1] = -1.3855659069957595
┌ Info: 1
│   : avll =  = ": avll = "
│   avll =
│    50-element Array{Float64,1}:
│     -1.3856486212174544
│     -1.385571110058604
│      ⋮
└     -1.3385887563926608
┌ Info: 2
│   : avll =  = ": avll = "
│   avll =
│    50-element Array{Float64,1}:
│     -1.3387029785797804
│     -1.3385942254331478
│      ⋮
└     -1.2862610957892866
┌ Info: 3
│   : avll =  = ": avll = "
│   avll =
│    50-element Array{Float64,1}:
│     -1.2864318162652106
│     -1.28620037945932
│      ⋮
└     -1.2132303278794285
┌ Warning: Variances had to be floored 
│   ind =
│    1-element Array{Int64,1}:
│     10
└ @ GaussianMixtures ~/.julia/packages/GaussianMixtures/bTNkf/src/train.jl:258
┌ Warning: Variances had to be floored 
│   ind =
│    1-element Array{Int64,1}:
│     4
└ @ GaussianMixtures ~/.julia/packages/GaussianMixtures/bTNkf/src/train.jl:258
┌ Warning: Variances had to be floored 
│   ind =
│    1-element Array{Int64,1}:
│     3
└ @ GaussianMixtures ~/.julia/packages/GaussianMixtures/bTNkf/src/train.jl:258
┌ Warning: Variances had to be floored 
│   ind =
│    2-element Array{Int64,1}:
│      4
│     10
└ @ GaussianMixtures ~/.julia/packages/GaussianMixtures/bTNkf/src/train.jl:258
┌ Warning: Variances had to be floored 
│   ind =
│    2-element Array{Int64,1}:
│     3
│     4
└ @ GaussianMixtures ~/.julia/packages/GaussianMixtures/bTNkf/src/train.jl:258
┌ Warning: Variances had to be floored 
│   ind =
│    2-element Array{Int64,1}:
│      1
│     10
└ @ GaussianMixtures ~/.julia/packages/GaussianMixtures/bTNkf/src/train.jl:258
┌ Warning: Variances had to be floored 
│   ind =
│    1-element Array{Int64,1}:
│     14
└ @ GaussianMixtures ~/.julia/packages/GaussianMixtures/bTNkf/src/train.jl:258
┌ Warning: Variances had to be floored 
│   ind =
│    1-element Array{Int64,1}:
│     4
└ @ GaussianMixtures ~/.julia/packages/GaussianMixtures/bTNkf/src/train.jl:258
┌ Warning: Variances had to be floored 
│   ind =
│    2-element Array{Int64,1}:
│      3
│     10
└ @ GaussianMixtures ~/.julia/packages/GaussianMixtures/bTNkf/src/train.jl:258
┌ Warning: Variances had to be floored 
│   ind =
│    1-element Array{Int64,1}:
│     4
└ @ GaussianMixtures ~/.julia/packages/GaussianMixtures/bTNkf/src/train.jl:258
┌ Warning: Variances had to be floored 
│   ind =
│    1-element Array{Int64,1}:
│     1
└ @ GaussianMixtures ~/.julia/packages/GaussianMixtures/bTNkf/src/train.jl:258
┌ Warning: Variances had to be floored 
│   ind =
│    3-element Array{Int64,1}:
│      3
│      4
│     10
└ @ GaussianMixtures ~/.julia/packages/GaussianMixtures/bTNkf/src/train.jl:258
┌ Warning: Variances had to be floored 
│   ind =
│    1-element Array{Int64,1}:
│     14
└ @ GaussianMixtures ~/.julia/packages/GaussianMixtures/bTNkf/src/train.jl:258
┌ Warning: Variances had to be floored 
│   ind =
│    2-element Array{Int64,1}:
│      4
│     10
└ @ GaussianMixtures ~/.julia/packages/GaussianMixtures/bTNkf/src/train.jl:258
┌ Warning: Variances had to be floored 
│   ind =
│    2-element Array{Int64,1}:
│     1
│     3
└ @ GaussianMixtures ~/.julia/packages/GaussianMixtures/bTNkf/src/train.jl:258
┌ Warning: Variances had to be floored 
│   ind =
│    1-element Array{Int64,1}:
│     4
└ @ GaussianMixtures ~/.julia/packages/GaussianMixtures/bTNkf/src/train.jl:258
┌ Warning: Variances had to be floored 
│   ind =
│    1-element Array{Int64,1}:
│     10
└ @ GaussianMixtures ~/.julia/packages/GaussianMixtures/bTNkf/src/train.jl:258
┌ Warning: Variances had to be floored 
│   ind =
│    2-element Array{Int64,1}:
│     3
│     4
└ @ GaussianMixtures ~/.julia/packages/GaussianMixtures/bTNkf/src/train.jl:258
┌ Warning: Variances had to be floored 
│   ind =
│    1-element Array{Int64,1}:
│     10
└ @ GaussianMixtures ~/.julia/packages/GaussianMixtures/bTNkf/src/train.jl:258
┌ Warning: Variances had to be floored 
│   ind =
│    2-element Array{Int64,1}:
│     1
│     4
└ @ GaussianMixtures ~/.julia/packages/GaussianMixtures/bTNkf/src/train.jl:258
┌ Warning: Variances had to be floored 
│   ind =
│    1-element Array{Int64,1}:
│     3
└ @ GaussianMixtures ~/.julia/packages/GaussianMixtures/bTNkf/src/train.jl:258
┌ Warning: Variances had to be floored 
│   ind =
│    2-element Array{Int64,1}:
│      4
│     10
└ @ GaussianMixtures ~/.julia/packages/GaussianMixtures/bTNkf/src/train.jl:258
┌ Warning: Variances had to be floored 
│   ind =
│    2-element Array{Int64,1}:
│     3
│     4
└ @ GaussianMixtures ~/.julia/packages/GaussianMixtures/bTNkf/src/train.jl:258
┌ Warning: Variances had to be floored 
│   ind =
│    1-element Array{Int64,1}:
│     10
└ @ GaussianMixtures ~/.julia/packages/GaussianMixtures/bTNkf/src/train.jl:258
┌ Warning: Variances had to be floored 
│   ind =
│    1-element Array{Int64,1}:
│     1
└ @ GaussianMixtures ~/.julia/packages/GaussianMixtures/bTNkf/src/train.jl:258
┌ Warning: Variances had to be floored 
│   ind =
│    1-element Array{Int64,1}:
│     4
└ @ GaussianMixtures ~/.julia/packages/GaussianMixtures/bTNkf/src/train.jl:258
┌ Warning: Variances had to be floored 
│   ind =
│    2-element Array{Int64,1}:
│      3
│     10
└ @ GaussianMixtures ~/.julia/packages/GaussianMixtures/bTNkf/src/train.jl:258
┌ Warning: Variances had to be floored 
│   ind =
│    1-element Array{Int64,1}:
│     4
└ @ GaussianMixtures ~/.julia/packages/GaussianMixtures/bTNkf/src/train.jl:258
┌ Warning: Variances had to be floored 
│   ind =
│    3-element Array{Int64,1}:
│      3
│      4
│     10
└ @ GaussianMixtures ~/.julia/packages/GaussianMixtures/bTNkf/src/train.jl:258
┌ Warning: Variances had to be floored 
│   ind =
│    1-element Array{Int64,1}:
│     1
└ @ GaussianMixtures ~/.julia/packages/GaussianMixtures/bTNkf/src/train.jl:258
┌ Warning: Variances had to be floored 
│   ind =
│    2-element Array{Int64,1}:
│      4
│     10
└ @ GaussianMixtures ~/.julia/packages/GaussianMixtures/bTNkf/src/train.jl:258
┌ Warning: Variances had to be floored 
│   ind =
│    1-element Array{Int64,1}:
│     3
└ @ GaussianMixtures ~/.julia/packages/GaussianMixtures/bTNkf/src/train.jl:258
┌ Warning: Variances had to be floored 
│   ind =
│    1-element Array{Int64,1}:
│     4
└ @ GaussianMixtures ~/.julia/packages/GaussianMixtures/bTNkf/src/train.jl:258
┌ Warning: Variances had to be floored 
│   ind =
│    1-element Array{Int64,1}:
│     10
└ @ GaussianMixtures ~/.julia/packages/GaussianMixtures/bTNkf/src/train.jl:258
┌ Warning: Variances had to be floored 
│   ind =
│    3-element Array{Int64,1}:
│     1
│     3
│     4
└ @ GaussianMixtures ~/.julia/packages/GaussianMixtures/bTNkf/src/train.jl:258
┌ Warning: Variances had to be floored 
│   ind =
│    1-element Array{Int64,1}:
│     10
└ @ GaussianMixtures ~/.julia/packages/GaussianMixtures/bTNkf/src/train.jl:258
┌ Warning: Variances had to be floored 
│   ind =
│    1-element Array{Int64,1}:
│     4
└ @ GaussianMixtures ~/.julia/packages/GaussianMixtures/bTNkf/src/train.jl:258
┌ Warning: Variances had to be floored 
│   ind =
│    1-element Array{Int64,1}:
│     3
└ @ GaussianMixtures ~/.julia/packages/GaussianMixtures/bTNkf/src/train.jl:258
┌ Warning: Variances had to be floored 
│   ind =
│    2-element Array{Int64,1}:
│      4
│     10
└ @ GaussianMixtures ~/.julia/packages/GaussianMixtures/bTNkf/src/train.jl:258
┌ Info: 4
│   : avll =  = ": avll = "
│   avll =
│    50-element Array{Float64,1}:
│     -1.2134975395773668
│     -1.2130998068116738
│      ⋮
└     -1.1106782666174375
┌ Warning: Variances had to be floored 
│   ind =
│    2-element Array{Int64,1}:
│     1
│     2
└ @ GaussianMixtures ~/.julia/packages/GaussianMixtures/bTNkf/src/train.jl:258
┌ Warning: Variances had to be floored 
│   ind =
│    6-element Array{Int64,1}:
│     1
│     2
│     5
│     6
│     7
│     8
└ @ GaussianMixtures ~/.julia/packages/GaussianMixtures/bTNkf/src/train.jl:258
┌ Warning: Variances had to be floored 
│   ind =
│    5-element Array{Int64,1}:
│      1
│      2
│     14
│     19
│     20
└ @ GaussianMixtures ~/.julia/packages/GaussianMixtures/bTNkf/src/train.jl:258
┌ Warning: Variances had to be floored 
│   ind =
│    8-element Array{Int64,1}:
│      1
│      2
│      5
│      6
│      7
│      8
│     14
│     28
└ @ GaussianMixtures ~/.julia/packages/GaussianMixtures/bTNkf/src/train.jl:258
┌ Warning: Variances had to be floored 
│   ind =
│    5-element Array{Int64,1}:
│      1
│      2
│     14
│     16
│     28
└ @ GaussianMixtures ~/.julia/packages/GaussianMixtures/bTNkf/src/train.jl:258
┌ Warning: Variances had to be floored 
│   ind =
│    12-element Array{Int64,1}:
│      1
│      2
│      3
│      5
│      ⋮
│     20
│     27
│     32
└ @ GaussianMixtures ~/.julia/packages/GaussianMixtures/bTNkf/src/train.jl:258
┌ Warning: Variances had to be floored 
│   ind =
│    6-element Array{Int64,1}:
│      1
│      2
│     11
│     14
│     16
│     28
└ @ GaussianMixtures ~/.julia/packages/GaussianMixtures/bTNkf/src/train.jl:258
┌ Warning: Variances had to be floored 
│   ind =
│    9-element Array{Int64,1}:
│      1
│      2
│      4
│      5
│      ⋮
│      8
│     14
│     28
└ @ GaussianMixtures ~/.julia/packages/GaussianMixtures/bTNkf/src/train.jl:258
┌ Warning: Variances had to be floored 
│   ind =
│    10-element Array{Int64,1}:
│      1
│      2
│      3
│     14
│      ⋮
│     27
│     28
│     32
└ @ GaussianMixtures ~/.julia/packages/GaussianMixtures/bTNkf/src/train.jl:258
┌ Warning: Variances had to be floored 
│   ind =
│    8-element Array{Int64,1}:
│      1
│      2
│      5
│      6
│      7
│      8
│     11
│     14
└ @ GaussianMixtures ~/.julia/packages/GaussianMixtures/bTNkf/src/train.jl:258
┌ Warning: Variances had to be floored 
│   ind =
│    6-element Array{Int64,1}:
│      1
│      2
│     14
│     16
│     28
│     32
└ @ GaussianMixtures ~/.julia/packages/GaussianMixtures/bTNkf/src/train.jl:258
┌ Warning: Variances had to be floored 
│   ind =
│    13-element Array{Int64,1}:
│      1
│      2
│      3
│      4
│      ⋮
│     20
│     27
│     28
└ @ GaussianMixtures ~/.julia/packages/GaussianMixtures/bTNkf/src/train.jl:258
┌ Warning: Variances had to be floored 
│   ind =
│    5-element Array{Int64,1}:
│      1
│      2
│     11
│     14
│     16
└ @ GaussianMixtures ~/.julia/packages/GaussianMixtures/bTNkf/src/train.jl:258
┌ Warning: Variances had to be floored 
│   ind =
│    9-element Array{Int64,1}:
│      1
│      2
│      5
│      6
│      ⋮
│     14
│     28
│     32
└ @ GaussianMixtures ~/.julia/packages/GaussianMixtures/bTNkf/src/train.jl:258
┌ Warning: Variances had to be floored 
│   ind =
│    9-element Array{Int64,1}:
│      1
│      2
│      3
│     14
│      ⋮
│     20
│     27
│     28
└ @ GaussianMixtures ~/.julia/packages/GaussianMixtures/bTNkf/src/train.jl:258
┌ Warning: Variances had to be floored 
│   ind =
│    9-element Array{Int64,1}:
│      1
│      2
│      4
│      5
│      ⋮
│      8
│     11
│     14
└ @ GaussianMixtures ~/.julia/packages/GaussianMixtures/bTNkf/src/train.jl:258
┌ Warning: Variances had to be floored 
│   ind =
│    7-element Array{Int64,1}:
│      1
│      2
│      3
│     14
│     16
│     28
│     32
└ @ GaussianMixtures ~/.julia/packages/GaussianMixtures/bTNkf/src/train.jl:258
┌ Warning: Variances had to be floored 
│   ind =
│    11-element Array{Int64,1}:
│      1
│      2
│      5
│      6
│      ⋮
│     20
│     27
│     28
└ @ GaussianMixtures ~/.julia/packages/GaussianMixtures/bTNkf/src/train.jl:258
┌ Warning: Variances had to be floored 
│   ind =
│    7-element Array{Int64,1}:
│      1
│      2
│      3
│      4
│     11
│     14
│     16
└ @ GaussianMixtures ~/.julia/packages/GaussianMixtures/bTNkf/src/train.jl:258
┌ Warning: Variances had to be floored 
│   ind =
│    9-element Array{Int64,1}:
│      1
│      2
│      5
│      6
│      ⋮
│     14
│     28
│     32
└ @ GaussianMixtures ~/.julia/packages/GaussianMixtures/bTNkf/src/train.jl:258
┌ Warning: Variances had to be floored 
│   ind =
│    8-element Array{Int64,1}:
│      1
│      2
│     14
│     16
│     19
│     20
│     27
│     28
└ @ GaussianMixtures ~/.julia/packages/GaussianMixtures/bTNkf/src/train.jl:258
┌ Warning: Variances had to be floored 
│   ind =
│    9-element Array{Int64,1}:
│      1
│      2
│      3
│      5
│      ⋮
│      8
│     11
│     14
└ @ GaussianMixtures ~/.julia/packages/GaussianMixtures/bTNkf/src/train.jl:258
┌ Warning: Variances had to be floored 
│   ind =
│    7-element Array{Int64,1}:
│      1
│      2
│      4
│     14
│     16
│     28
│     32
└ @ GaussianMixtures ~/.julia/packages/GaussianMixtures/bTNkf/src/train.jl:258
┌ Warning: Variances had to be floored 
│   ind =
│    12-element Array{Int64,1}:
│      1
│      2
│      3
│      5
│      ⋮
│     20
│     27
│     28
└ @ GaussianMixtures ~/.julia/packages/GaussianMixtures/bTNkf/src/train.jl:258
┌ Warning: Variances had to be floored 
│   ind =
│    5-element Array{Int64,1}:
│      1
│      2
│     11
│     14
│     16
└ @ GaussianMixtures ~/.julia/packages/GaussianMixtures/bTNkf/src/train.jl:258
┌ Warning: Variances had to be floored 
│   ind =
│    11-element Array{Int64,1}:
│      1
│      2
│      3
│      4
│      ⋮
│     14
│     28
│     32
└ @ GaussianMixtures ~/.julia/packages/GaussianMixtures/bTNkf/src/train.jl:258
┌ Warning: Variances had to be floored 
│   ind =
│    8-element Array{Int64,1}:
│      1
│      2
│     14
│     16
│     19
│     20
│     27
│     28
└ @ GaussianMixtures ~/.julia/packages/GaussianMixtures/bTNkf/src/train.jl:258
┌ Warning: Variances had to be floored 
│   ind =
│    8-element Array{Int64,1}:
│      1
│      2
│      5
│      6
│      7
│      8
│     11
│     14
└ @ GaussianMixtures ~/.julia/packages/GaussianMixtures/bTNkf/src/train.jl:258
┌ Warning: Variances had to be floored 
│   ind =
│    7-element Array{Int64,1}:
│      1
│      2
│      3
│     14
│     16
│     28
│     32
└ @ GaussianMixtures ~/.julia/packages/GaussianMixtures/bTNkf/src/train.jl:258
┌ Warning: Variances had to be floored 
│   ind =
│    12-element Array{Int64,1}:
│      1
│      2
│      4
│      5
│      ⋮
│     20
│     27
│     28
└ @ GaussianMixtures ~/.julia/packages/GaussianMixtures/bTNkf/src/train.jl:258
┌ Warning: Variances had to be floored 
│   ind =
│    6-element Array{Int64,1}:
│      1
│      2
│      3
│     11
│     14
│     16
└ @ GaussianMixtures ~/.julia/packages/GaussianMixtures/bTNkf/src/train.jl:258
┌ Warning: Variances had to be floored 
│   ind =
│    9-element Array{Int64,1}:
│      1
│      2
│      5
│      6
│      ⋮
│     14
│     28
│     32
└ @ GaussianMixtures ~/.julia/packages/GaussianMixtures/bTNkf/src/train.jl:258
┌ Warning: Variances had to be floored 
│   ind =
│    10-element Array{Int64,1}:
│      1
│      2
│      3
│      4
│      ⋮
│     20
│     27
│     28
└ @ GaussianMixtures ~/.julia/packages/GaussianMixtures/bTNkf/src/train.jl:258
┌ Warning: Variances had to be floored 
│   ind =
│    8-element Array{Int64,1}:
│      1
│      2
│      5
│      6
│      7
│      8
│     11
│     14
└ @ GaussianMixtures ~/.julia/packages/GaussianMixtures/bTNkf/src/train.jl:258
┌ Warning: Variances had to be floored 
│   ind =
│    6-element Array{Int64,1}:
│      1
│      2
│     14
│     16
│     28
│     32
└ @ GaussianMixtures ~/.julia/packages/GaussianMixtures/bTNkf/src/train.jl:258
┌ Warning: Variances had to be floored 
│   ind =
│    12-element Array{Int64,1}:
│      1
│      2
│      3
│      5
│      ⋮
│     20
│     27
│     28
└ @ GaussianMixtures ~/.julia/packages/GaussianMixtures/bTNkf/src/train.jl:258
┌ Warning: Variances had to be floored 
│   ind =
│    6-element Array{Int64,1}:
│      1
│      2
│      4
│     11
│     14
│     16
└ @ GaussianMixtures ~/.julia/packages/GaussianMixtures/bTNkf/src/train.jl:258
┌ Warning: Variances had to be floored 
│   ind =
│    10-element Array{Int64,1}:
│      1
│      2
│      3
│      5
│      ⋮
│     14
│     28
│     32
└ @ GaussianMixtures ~/.julia/packages/GaussianMixtures/bTNkf/src/train.jl:258
┌ Warning: Variances had to be floored 
│   ind =
│    8-element Array{Int64,1}:
│      1
│      2
│     14
│     16
│     19
│     20
│     27
│     28
└ @ GaussianMixtures ~/.julia/packages/GaussianMixtures/bTNkf/src/train.jl:258
┌ Warning: Variances had to be floored 
│   ind =
│    10-element Array{Int64,1}:
│      1
│      2
│      3
│      4
│      ⋮
│      8
│     11
│     14
└ @ GaussianMixtures ~/.julia/packages/GaussianMixtures/bTNkf/src/train.jl:258
┌ Warning: Variances had to be floored 
│   ind =
│    6-element Array{Int64,1}:
│      1
│      2
│     14
│     16
│     28
│     32
└ @ GaussianMixtures ~/.julia/packages/GaussianMixtures/bTNkf/src/train.jl:258
┌ Warning: Variances had to be floored 
│   ind =
│    11-element Array{Int64,1}:
│      1
│      2
│      5
│      6
│      ⋮
│     20
│     27
│     28
└ @ GaussianMixtures ~/.julia/packages/GaussianMixtures/bTNkf/src/train.jl:258
┌ Warning: Variances had to be floored 
│   ind =
│    6-element Array{Int64,1}:
│      1
│      2
│      3
│     11
│     14
│     16
└ @ GaussianMixtures ~/.julia/packages/GaussianMixtures/bTNkf/src/train.jl:258
┌ Warning: Variances had to be floored 
│   ind =
│    10-element Array{Int64,1}:
│      1
│      2
│      4
│      5
│      ⋮
│     14
│     28
│     32
└ @ GaussianMixtures ~/.julia/packages/GaussianMixtures/bTNkf/src/train.jl:258
┌ Warning: Variances had to be floored 
│   ind =
│    9-element Array{Int64,1}:
│      1
│      2
│      3
│     14
│      ⋮
│     20
│     27
│     28
└ @ GaussianMixtures ~/.julia/packages/GaussianMixtures/bTNkf/src/train.jl:258
┌ Warning: Variances had to be floored 
│   ind =
│    8-element Array{Int64,1}:
│      1
│      2
│      5
│      6
│      7
│      8
│     11
│     14
└ @ GaussianMixtures ~/.julia/packages/GaussianMixtures/bTNkf/src/train.jl:258
┌ Warning: Variances had to be floored 
│   ind =
│    8-element Array{Int64,1}:
│      1
│      2
│      3
│      4
│     14
│     16
│     28
│     32
└ @ GaussianMixtures ~/.julia/packages/GaussianMixtures/bTNkf/src/train.jl:258
┌ Warning: Variances had to be floored 
│   ind =
│    11-element Array{Int64,1}:
│      1
│      2
│      5
│      6
│      ⋮
│     20
│     27
│     28
└ @ GaussianMixtures ~/.julia/packages/GaussianMixtures/bTNkf/src/train.jl:258
┌ Warning: Variances had to be floored 
│   ind =
│    5-element Array{Int64,1}:
│      1
│      2
│     11
│     14
│     16
└ @ GaussianMixtures ~/.julia/packages/GaussianMixtures/bTNkf/src/train.jl:258
┌ Warning: Variances had to be floored 
│   ind =
│    10-element Array{Int64,1}:
│      1
│      2
│      3
│      5
│      ⋮
│     14
│     28
│     32
└ @ GaussianMixtures ~/.julia/packages/GaussianMixtures/bTNkf/src/train.jl:258
┌ Info: 5
│   : avll =  = ": avll = "
│   avll =
│    50-element Array{Float64,1}:
│     -1.1165631534539937
│     -1.1040020897232294
│      ⋮
└     -0.9924542309906006
┌ Info: Total log likelihood: 
│   tll =
│    251-element Array{Float64,1}:
│     -1.3855659069957595
│     -1.3856486212174544
│     -1.385571110058604
│     -1.3847937425164187
│      ⋮
│     -1.0031179623393534
│     -1.004544701095018
└     -0.9924542309906006
┌ Warning: Variances had to be floored 
│   ind =
│    9-element Array{Int64,1}:
│      1
│      2
│      4
│     14
│      ⋮
│     20
│     27
│     28
└ @ GaussianMixtures ~/.julia/packages/GaussianMixtures/bTNkf/src/train.jl:258
┌ Warning: Variances had to be floored 
│   ind =
│    14-element Array{Int64,1}:
│      1
│      2
│      3
│      4
│      ⋮
│     19
│     20
│     27
└ @ GaussianMixtures ~/.julia/packages/GaussianMixtures/bTNkf/src/train.jl:258
┌ Warning: Variances had to be floored 
│   ind =
│    10-element Array{Int64,1}:
│      1
│      2
│      4
│     14
│      ⋮
│     27
│     28
│     32
└ @ GaussianMixtures ~/.julia/packages/GaussianMixtures/bTNkf/src/train.jl:258
┌ Warning: Variances had to be floored 
│   ind =
│    15-element Array{Int64,1}:
│      1
│      2
│      3
│      4
│      ⋮
│     20
│     27
│     28
└ @ GaussianMixtures ~/.julia/packages/GaussianMixtures/bTNkf/src/train.jl:258
┌ Warning: Variances had to be floored 
│   ind =
│    9-element Array{Int64,1}:
│      1
│      2
│      4
│     14
│      ⋮
│     20
│     27
│     28
└ @ GaussianMixtures ~/.julia/packages/GaussianMixtures/bTNkf/src/train.jl:258
┌ Warning: Variances had to be floored 
│   ind =
│    15-element Array{Int64,1}:
│      1
│      2
│      3
│      4
│      ⋮
│     20
│     27
│     32
└ @ GaussianMixtures ~/.julia/packages/GaussianMixtures/bTNkf/src/train.jl:258
┌ Warning: Variances had to be floored 
│   ind =
│    9-element Array{Int64,1}:
│      1
│      2
│      4
│     14
│      ⋮
│     20
│     27
│     28
└ @ GaussianMixtures ~/.julia/packages/GaussianMixtures/bTNkf/src/train.jl:258
┌ Warning: Variances had to be floored 
│   ind =
│    15-element Array{Int64,1}:
│      1
│      2
│      3
│      4
│      ⋮
│     20
│     27
│     28
└ @ GaussianMixtures ~/.julia/packages/GaussianMixtures/bTNkf/src/train.jl:258
┌ Warning: Variances had to be floored 
│   ind =
│    10-element Array{Int64,1}:
│      1
│      2
│      4
│     14
│      ⋮
│     27
│     28
│     32
└ @ GaussianMixtures ~/.julia/packages/GaussianMixtures/bTNkf/src/train.jl:258
┌ Warning: Variances had to be floored 
│   ind =
│    14-element Array{Int64,1}:
│      1
│      2
│      3
│      4
│      ⋮
│     19
│     20
│     27
└ @ GaussianMixtures ~/.julia/packages/GaussianMixtures/bTNkf/src/train.jl:258
kind diag, method kmeans
[ Info: Initializing GMM, 32 Gaussians diag covariance 26 dimensions using 100000 data points
  Iters               objv        objv-change | affected 
-------------------------------------------------------------
      0       8.253687e+05
      1       6.425447e+05      -1.828239e+05 |       32
      2       6.093916e+05      -3.315310e+04 |       32
      3       5.913271e+05      -1.806456e+04 |       32
      4       5.815873e+05      -9.739781e+03 |       32
      5       5.761154e+05      -5.471877e+03 |       32
      6       5.733356e+05      -2.779778e+03 |       32
      7       5.719714e+05      -1.364264e+03 |       32
      8       5.711662e+05      -8.052008e+02 |       32
      9       5.704908e+05      -6.754086e+02 |       32
     10       5.697963e+05      -6.944461e+02 |       32
     11       5.691428e+05      -6.535483e+02 |       32
     12       5.684992e+05      -6.435565e+02 |       32
     13       5.677994e+05      -6.998148e+02 |       32
     14       5.671055e+05      -6.938568e+02 |       32
     15       5.664079e+05      -6.976286e+02 |       32
     16       5.655871e+05      -8.207838e+02 |       32
     17       5.647935e+05      -7.936662e+02 |       32
     18       5.642762e+05      -5.172974e+02 |       32
     19       5.640566e+05      -2.195223e+02 |       32
     20       5.639637e+05      -9.298562e+01 |       32
     21       5.639194e+05      -4.421129e+01 |       32
     22       5.639001e+05      -1.934828e+01 |       31
     23       5.638921e+05      -8.043240e+00 |       30
     24       5.638878e+05      -4.293361e+00 |       24
     25       5.638853e+05      -2.424377e+00 |       21
     26       5.638841e+05      -1.242560e+00 |       16
     27       5.638834e+05      -6.960567e-01 |       13
     28       5.638826e+05      -8.148773e-01 |       13
     29       5.638820e+05      -5.979081e-01 |       10
     30       5.638813e+05      -7.257799e-01 |       12
     31       5.638805e+05      -7.114666e-01 |       12
     32       5.638801e+05      -4.475298e-01 |        9
     33       5.638798e+05      -2.762701e-01 |        9
     34       5.638796e+05      -2.400920e-01 |        9
     35       5.638793e+05      -2.998552e-01 |       11
     36       5.638785e+05      -8.037661e-01 |       16
     37       5.638772e+05      -1.284397e+00 |       20
     38       5.638761e+05      -1.102655e+00 |       17
     39       5.638752e+05      -8.688859e-01 |       12
     40       5.638744e+05      -8.381044e-01 |       12
     41       5.638737e+05      -6.807724e-01 |       15
     42       5.638729e+05      -8.174456e-01 |       13
     43       5.638722e+05      -7.261567e-01 |       13
     44       5.638716e+05      -5.424771e-01 |       13
     45       5.638712e+05      -4.082321e-01 |       11
     46       5.638709e+05      -2.795956e-01 |        6
     47       5.638708e+05      -1.422275e-01 |        5
     48       5.638707e+05      -1.075699e-01 |        8
     49       5.638704e+05      -2.506945e-01 |        8
     50       5.638701e+05      -3.178555e-01 |       11
K-means terminated without convergence after 50 iterations (objv = 563870.1141590815)
┌ Info: K-means with 32000 data points using 50 iterations
└ 37.0 data points per parameter
┌ Warning: Variances had to be floored 
│   ind =
│    1-element Array{Int64,1}:
│     18
└ @ GaussianMixtures ~/.julia/packages/GaussianMixtures/bTNkf/src/train.jl:258
┌ Warning: Variances had to be floored 
│   ind =
│    1-element Array{Int64,1}:
│     25
└ @ GaussianMixtures ~/.julia/packages/GaussianMixtures/bTNkf/src/train.jl:258
┌ Warning: Variances had to be floored 
│   ind =
│    5-element Array{Int64,1}:
│      1
│      4
│     19
│     21
│     30
└ @ GaussianMixtures ~/.julia/packages/GaussianMixtures/bTNkf/src/train.jl:258
┌ Warning: Variances had to be floored 
│   ind =
│    5-element Array{Int64,1}:
│      8
│     10
│     16
│     20
│     26
└ @ GaussianMixtures ~/.julia/packages/GaussianMixtures/bTNkf/src/train.jl:258
┌ Warning: Variances had to be floored 
│   ind =
│    2-element Array{Int64,1}:
│     18
│     29
└ @ GaussianMixtures ~/.julia/packages/GaussianMixtures/bTNkf/src/train.jl:258
┌ Warning: Variances had to be floored 
│   ind =
│    3-element Array{Int64,1}:
│      1
│     25
│     27
└ @ GaussianMixtures ~/.julia/packages/GaussianMixtures/bTNkf/src/train.jl:258
┌ Warning: Variances had to be floored 
│   ind =
│    8-element Array{Int64,1}:
│      4
│      8
│     10
│     16
│     19
│     20
│     21
│     30
└ @ GaussianMixtures ~/.julia/packages/GaussianMixtures/bTNkf/src/train.jl:258
┌ Warning: Variances had to be floored 
│   ind =
│    2-element Array{Int64,1}:
│     18
│     26
└ @ GaussianMixtures ~/.julia/packages/GaussianMixtures/bTNkf/src/train.jl:258
┌ Warning: Variances had to be floored 
│   ind =
│    2-element Array{Int64,1}:
│     25
│     29
└ @ GaussianMixtures ~/.julia/packages/GaussianMixtures/bTNkf/src/train.jl:258
┌ Warning: Variances had to be floored 
│   ind =
│    3-element Array{Int64,1}:
│      1
│     21
│     27
└ @ GaussianMixtures ~/.julia/packages/GaussianMixtures/bTNkf/src/train.jl:258
┌ Warning: Variances had to be floored 
│   ind =
│    10-element Array{Int64,1}:
│      4
│      8
│     10
│     16
│      ⋮
│     26
│     29
│     30
└ @ GaussianMixtures ~/.julia/packages/GaussianMixtures/bTNkf/src/train.jl:258
┌ Warning: Variances had to be floored 
│   ind =
│    1-element Array{Int64,1}:
│     25
└ @ GaussianMixtures ~/.julia/packages/GaussianMixtures/bTNkf/src/train.jl:258
┌ Warning: Variances had to be floored 
│   ind =
│    5-element Array{Int64,1}:
│      4
│     10
│     18
│     21
│     27
└ @ GaussianMixtures ~/.julia/packages/GaussianMixtures/bTNkf/src/train.jl:258
┌ Warning: Variances had to be floored 
│   ind =
│    7-element Array{Int64,1}:
│      8
│     16
│     20
│     25
│     26
│     29
│     30
└ @ GaussianMixtures ~/.julia/packages/GaussianMixtures/bTNkf/src/train.jl:258
┌ Warning: Variances had to be floored 
│   ind =
│    1-element Array{Int64,1}:
│     1
└ @ GaussianMixtures ~/.julia/packages/GaussianMixtures/bTNkf/src/train.jl:258
┌ Warning: Variances had to be floored 
│   ind =
│    4-element Array{Int64,1}:
│     18
│     19
│     21
│     27
└ @ GaussianMixtures ~/.julia/packages/GaussianMixtures/bTNkf/src/train.jl:258
┌ Warning: Variances had to be floored 
│   ind =
│    3-element Array{Int64,1}:
│     16
│     25
│     29
└ @ GaussianMixtures ~/.julia/packages/GaussianMixtures/bTNkf/src/train.jl:258
┌ Warning: Variances had to be floored 
│   ind =
│    5-element Array{Int64,1}:
│      4
│      8
│     20
│     26
│     30
└ @ GaussianMixtures ~/.julia/packages/GaussianMixtures/bTNkf/src/train.jl:258
┌ Warning: Variances had to be floored 
│   ind =
│    3-element Array{Int64,1}:
│     18
│     21
│     27
└ @ GaussianMixtures ~/.julia/packages/GaussianMixtures/bTNkf/src/train.jl:258
┌ Warning: Variances had to be floored 
│   ind =
│    4-element Array{Int64,1}:
│      1
│     16
│     25
│     29
└ @ GaussianMixtures ~/.julia/packages/GaussianMixtures/bTNkf/src/train.jl:258
┌ Warning: Variances had to be floored 
│   ind =
│    2-element Array{Int64,1}:
│      8
│     19
└ @ GaussianMixtures ~/.julia/packages/GaussianMixtures/bTNkf/src/train.jl:258
┌ Warning: Variances had to be floored 
│   ind =
│    6-element Array{Int64,1}:
│      4
│     18
│     20
│     26
│     27
│     30
└ @ GaussianMixtures ~/.julia/packages/GaussianMixtures/bTNkf/src/train.jl:258
┌ Warning: Variances had to be floored 
│   ind =
│    4-element Array{Int64,1}:
│     16
│     21
│     25
│     29
└ @ GaussianMixtures ~/.julia/packages/GaussianMixtures/bTNkf/src/train.jl:258
┌ Warning: Variances had to be floored 
│   ind =
│    2-element Array{Int64,1}:
│     1
│     8
└ @ GaussianMixtures ~/.julia/packages/GaussianMixtures/bTNkf/src/train.jl:258
┌ Warning: Variances had to be floored 
│   ind =
│    3-element Array{Int64,1}:
│     18
│     19
│     27
└ @ GaussianMixtures ~/.julia/packages/GaussianMixtures/bTNkf/src/train.jl:258
┌ Warning: Variances had to be floored 
│   ind =
│    8-element Array{Int64,1}:
│      4
│      8
│     16
│     20
│     25
│     26
│     29
│     30
└ @ GaussianMixtures ~/.julia/packages/GaussianMixtures/bTNkf/src/train.jl:258
┌ Warning: Variances had to be floored 
│   ind =
│    1-element Array{Int64,1}:
│     21
└ @ GaussianMixtures ~/.julia/packages/GaussianMixtures/bTNkf/src/train.jl:258
┌ Warning: Variances had to be floored 
│   ind =
│    2-element Array{Int64,1}:
│     18
│     27
└ @ GaussianMixtures ~/.julia/packages/GaussianMixtures/bTNkf/src/train.jl:258
┌ Warning: Variances had to be floored 
│   ind =
│    5-element Array{Int64,1}:
│      1
│      8
│     16
│     25
│     29
└ @ GaussianMixtures ~/.julia/packages/GaussianMixtures/bTNkf/src/train.jl:258
┌ Warning: Variances had to be floored 
│   ind =
│    5-element Array{Int64,1}:
│      4
│     19
│     20
│     26
│     27
└ @ GaussianMixtures ~/.julia/packages/GaussianMixtures/bTNkf/src/train.jl:258
┌ Warning: Variances had to be floored 
│   ind =
│    3-element Array{Int64,1}:
│     18
│     21
│     30
└ @ GaussianMixtures ~/.julia/packages/GaussianMixtures/bTNkf/src/train.jl:258
┌ Warning: Variances had to be floored 
│   ind =
│    5-element Array{Int64,1}:
│      8
│     10
│     16
│     25
│     29
└ @ GaussianMixtures ~/.julia/packages/GaussianMixtures/bTNkf/src/train.jl:258
┌ Warning: Variances had to be floored 
│   ind =
│    2-element Array{Int64,1}:
│      1
│     26
└ @ GaussianMixtures ~/.julia/packages/GaussianMixtures/bTNkf/src/train.jl:258
┌ Warning: Variances had to be floored 
│   ind =
│    6-element Array{Int64,1}:
│      4
│     18
│     19
│     20
│     21
│     27
└ @ GaussianMixtures ~/.julia/packages/GaussianMixtures/bTNkf/src/train.jl:258
┌ Warning: Variances had to be floored 
│   ind =
│    5-element Array{Int64,1}:
│      8
│     16
│     25
│     29
│     30
└ @ GaussianMixtures ~/.julia/packages/GaussianMixtures/bTNkf/src/train.jl:258
┌ Warning: Variances had to be floored 
│   ind =
│    1-element Array{Int64,1}:
│     26
└ @ GaussianMixtures ~/.julia/packages/GaussianMixtures/bTNkf/src/train.jl:258
┌ Warning: Variances had to be floored 
│   ind =
│    3-element Array{Int64,1}:
│     18
│     21
│     27
└ @ GaussianMixtures ~/.julia/packages/GaussianMixtures/bTNkf/src/train.jl:258
┌ Warning: Variances had to be floored 
│   ind =
│    7-element Array{Int64,1}:
│      1
│      4
│      8
│     16
│     20
│     25
│     29
└ @ GaussianMixtures ~/.julia/packages/GaussianMixtures/bTNkf/src/train.jl:258
┌ Warning: Variances had to be floored 
│   ind =
│    3-element Array{Int64,1}:
│     19
│     26
│     30
└ @ GaussianMixtures ~/.julia/packages/GaussianMixtures/bTNkf/src/train.jl:258
┌ Warning: Variances had to be floored 
│   ind =
│    2-element Array{Int64,1}:
│     18
│     27
└ @ GaussianMixtures ~/.julia/packages/GaussianMixtures/bTNkf/src/train.jl:258
┌ Warning: Variances had to be floored 
│   ind =
│    5-element Array{Int64,1}:
│      8
│     16
│     21
│     25
│     29
└ @ GaussianMixtures ~/.julia/packages/GaussianMixtures/bTNkf/src/train.jl:258
┌ Warning: Variances had to be floored 
│   ind =
│    7-element Array{Int64,1}:
│      1
│      4
│     10
│     19
│     20
│     26
│     27
└ @ GaussianMixtures ~/.julia/packages/GaussianMixtures/bTNkf/src/train.jl:258
┌ Warning: Variances had to be floored 
│   ind =
│    2-element Array{Int64,1}:
│     18
│     30
└ @ GaussianMixtures ~/.julia/packages/GaussianMixtures/bTNkf/src/train.jl:258
┌ Warning: Variances had to be floored 
│   ind =
│    4-element Array{Int64,1}:
│      8
│     16
│     25
│     29
└ @ GaussianMixtures ~/.julia/packages/GaussianMixtures/bTNkf/src/train.jl:258
┌ Warning: Variances had to be floored 
│   ind =
│    3-element Array{Int64,1}:
│      1
│     21
│     27
└ @ GaussianMixtures ~/.julia/packages/GaussianMixtures/bTNkf/src/train.jl:258
┌ Warning: Variances had to be floored 
│   ind =
│    7-element Array{Int64,1}:
│     10
│     16
│     18
│     19
│     26
│     29
│     30
└ @ GaussianMixtures ~/.julia/packages/GaussianMixtures/bTNkf/src/train.jl:258
┌ Warning: Variances had to be floored 
│   ind =
│    12-element Array{Int64,1}:
│      4
│      8
│     10
│     16
│      ⋮
│     27
│     29
│     30
└ @ GaussianMixtures ~/.julia/packages/GaussianMixtures/bTNkf/src/train.jl:258
┌ Warning: Variances had to be floored 
│   ind =
│    10-element Array{Int64,1}:
│      1
│      4
│     16
│     18
│      ⋮
│     26
│     29
│     30
└ @ GaussianMixtures ~/.julia/packages/GaussianMixtures/bTNkf/src/train.jl:258
┌ Warning: Variances had to be floored 
│   ind =
│    10-element Array{Int64,1}:
│      8
│     10
│     16
│     18
│      ⋮
│     27
│     29
│     30
└ @ GaussianMixtures ~/.julia/packages/GaussianMixtures/bTNkf/src/train.jl:258
┌ Warning: Variances had to be floored 
│   ind =
│    8-element Array{Int64,1}:
│      4
│     16
│     18
│     19
│     20
│     26
│     29
│     30
└ @ GaussianMixtures ~/.julia/packages/GaussianMixtures/bTNkf/src/train.jl:258
┌ Warning: Variances had to be floored 
│   ind =
│    14-element Array{Int64,1}:
│      1
│      4
│      8
│     10
│      ⋮
│     27
│     29
│     30
└ @ GaussianMixtures ~/.julia/packages/GaussianMixtures/bTNkf/src/train.jl:258
┌ Warning: Variances had to be floored 
│   ind =
│    6-element Array{Int64,1}:
│     16
│     18
│     19
│     26
│     29
│     30
└ @ GaussianMixtures ~/.julia/packages/GaussianMixtures/bTNkf/src/train.jl:258
┌ Warning: Variances had to be floored 
│   ind =
│    12-element Array{Int64,1}:
│      4
│      8
│     10
│     16
│      ⋮
│     27
│     29
│     30
└ @ GaussianMixtures ~/.julia/packages/GaussianMixtures/bTNkf/src/train.jl:258
┌ Warning: Variances had to be floored 
│   ind =
│    10-element Array{Int64,1}:
│      1
│      4
│     16
│     18
│      ⋮
│     26
│     29
│     30
└ @ GaussianMixtures ~/.julia/packages/GaussianMixtures/bTNkf/src/train.jl:258
┌ Warning: Variances had to be floored 
│   ind =
│    10-element Array{Int64,1}:
│      8
│     10
│     16
│     18
│      ⋮
│     27
│     29
│     30
└ @ GaussianMixtures ~/.julia/packages/GaussianMixtures/bTNkf/src/train.jl:258
kind full, method split
┌ Info: 0: avll = 
└   tll[1] = -1.423117608999971
┌ Info: 1
│   : avll =  = ": avll = "
│   avll =
│    50-element Array{Float64,1}:
│     -1.4231483027346818
│     -1.4230790150613335
│      ⋮
└     -1.4173838971449244
┌ Info: 2
│   : avll =  = ": avll = "
│   avll =
│    50-element Array{Float64,1}:
│     -1.417412821311231
│     -1.4173414394011061
│      ⋮
└     -1.4099010864647832
┌ Info: 3
│   : avll =  = ": avll = "
│   avll =
│    50-element Array{Float64,1}:
│     -1.4098975931245559
│     -1.4096443226188884
│      ⋮
└     -1.3634116305626907
┌ Info: 4
│   : avll =  = ": avll = "
│   avll =
│    50-element Array{Float64,1}:
│     -1.363471915943654
│     -1.3632002764594153
│      ⋮
└     -1.3023727975771684
┌ Info: 5
│   : avll =  = ": avll = "
│   avll =
│    50-element Array{Float64,1}:
│     -1.3024192591075838
│     -1.3020042329575405
│      ⋮
└     -1.257274596157433
┌ Info: Total log likelihood: 
│   tll =
│    251-element Array{Float64,1}:
│     -1.423117608999971
│     -1.4231483027346818
│     -1.4230790150613335
│     -1.4230191149820333
│      ⋮
│     -1.2573122755529182
│     -1.2572944237623616
└     -1.257274596157433
kind full, method kmeans
[ Info: Initializing GMM, 32 Gaussians diag covariance 26 dimensions using 100000 data points
  Iters               objv        objv-change | affected 
-------------------------------------------------------------
      0       9.771004e+05
      1       7.160147e+05      -2.610857e+05 |       32
      2       7.030472e+05      -1.296744e+04 |       32
      3       6.977061e+05      -5.341177e+03 |       32
      4       6.950340e+05      -2.672083e+03 |       32
      5       6.933708e+05      -1.663197e+03 |       32
      6       6.920913e+05      -1.279514e+03 |       32
      7       6.910984e+05      -9.928217e+02 |       32
      8       6.903456e+05      -7.528112e+02 |       32
      9       6.897642e+05      -5.813972e+02 |       32
     10       6.892650e+05      -4.991964e+02 |       32
     11       6.888037e+05      -4.613537e+02 |       32
     12       6.883829e+05      -4.207967e+02 |       32
     13       6.880220e+05      -3.608346e+02 |       32
     14       6.877206e+05      -3.014467e+02 |       32
     15       6.874474e+05      -2.731611e+02 |       32
     16       6.871858e+05      -2.616661e+02 |       32
     17       6.869459e+05      -2.398991e+02 |       32
     18       6.867248e+05      -2.210954e+02 |       32
     19       6.865057e+05      -2.191012e+02 |       32
     20       6.862939e+05      -2.118109e+02 |       32
     21       6.860911e+05      -2.027400e+02 |       32
     22       6.859070e+05      -1.841765e+02 |       32
     23       6.857371e+05      -1.698844e+02 |       32
     24       6.855799e+05      -1.572169e+02 |       32
     25       6.854483e+05      -1.315988e+02 |       32
     26       6.853402e+05      -1.080610e+02 |       32
     27       6.852374e+05      -1.027721e+02 |       32
     28       6.851556e+05      -8.180814e+01 |       32
     29       6.850819e+05      -7.368310e+01 |       32
     30       6.850231e+05      -5.879652e+01 |       32
     31       6.849635e+05      -5.964098e+01 |       32
     32       6.849066e+05      -5.684103e+01 |       32
     33       6.848547e+05      -5.196447e+01 |       32
     34       6.848044e+05      -5.023698e+01 |       32
     35       6.847564e+05      -4.805997e+01 |       32
     36       6.847116e+05      -4.481462e+01 |       32
     37       6.846675e+05      -4.411398e+01 |       32
     38       6.846240e+05      -4.341003e+01 |       32
     39       6.845795e+05      -4.457826e+01 |       32
     40       6.845289e+05      -5.059558e+01 |       32
     41       6.844799e+05      -4.902406e+01 |       32
     42       6.844412e+05      -3.862198e+01 |       32
     43       6.844047e+05      -3.656482e+01 |       32
     44       6.843661e+05      -3.856028e+01 |       32
     45       6.843250e+05      -4.108750e+01 |       32
     46       6.842785e+05      -4.654370e+01 |       32
     47       6.842303e+05      -4.820574e+01 |       32
     48       6.841799e+05      -5.039986e+01 |       32
     49       6.841323e+05      -4.758444e+01 |       32
     50       6.840827e+05      -4.956016e+01 |       32
K-means terminated without convergence after 50 iterations (objv = 684082.7233162778)
┌ Info: K-means with 32000 data points using 50 iterations
└ 37.0 data points per parameter
Test Summary: | Broken  Total
train.jl      |      1      1
[ Info: Initializing GMM, 2 Gaussians diag covariance 2 dimensions using 900 data points
  Iters               objv        objv-change | affected 
-------------------------------------------------------------
      0       8.131831e+03
      1       7.911416e+03      -2.204152e+02 |        0
      2       7.911416e+03       0.000000e+00 |        0
K-means converged with 2 iterations (objv = 7911.4155229672915)
┌ Info: K-means with 900 data points using 2 iterations
└ 150.0 data points per parameter
Test Summary:   | Pass  Total
ScikitLearnBase |    1      1
    Testing GaussianMixtures tests passed 
