Current time is 2020-10-25T20:39:08.368
Julia Version 1.5.3-pre.13
Commit 3de1115e9c (2020-10-23 21:58 UTC)
Platform Info:
  OS: Linux (x86_64-linux-gnu)
  CPU: AMD EPYC 7502 32-Core Processor
  WORD_SIZE: 64
  LIBM: libopenlibm
  LLVM: libLLVM-9.0.1 (ORCJIT, znver2)
Environment:
  JULIA_DEPOT_PATH = ::/usr/local/share/julia
  JULIA_NUM_THREADS = 2
  JULIA_MAX_NUM_PRECOMPILE_FILES = 9223372036854775807
  JULIA_PKG_SERVER = 

Starting installation at 2020-10-25T20:39:11.517
  Resolving package versions...
  Installed Refactoring ─ v0.1.0
  Installed Tokenize ──── v0.5.8
  Installed MacroTools ── v0.5.6
  Installed CSTParser ─── v2.5.0
  Installed MLStyle ───── v0.3.1
Updating `~/.julia/environments/v1.5/Project.toml`
  [d877f0ba] + Refactoring v0.1.0
Updating `~/.julia/environments/v1.5/Manifest.toml`
  [00ebfdb7] + CSTParser v2.5.0
  [d8e11817] + MLStyle v0.3.1
  [1914dd2f] + MacroTools v0.5.6
  [d877f0ba] + Refactoring v0.1.0
  [0796e94c] + Tokenize v0.5.8
  [2a0f44e3] + Base64
  [d6f4376e] + Markdown
  [9a3f8284] + Random
  [9e88b42a] + Serialization
Starting tests at 2020-10-25T20:39:14.935
    Testing Refactoring
Status `/tmp/jl_FsWCDZ/Project.toml`
  [00ebfdb7] CSTParser v2.5.0
  [d8e11817] MLStyle v0.3.1
  [1914dd2f] MacroTools v0.5.6
  [d877f0ba] Refactoring v0.1.0
  [8dfed614] Test
Status `/tmp/jl_FsWCDZ/Manifest.toml`
  [00ebfdb7] CSTParser v2.5.0
  [d8e11817] MLStyle v0.3.1
  [1914dd2f] MacroTools v0.5.6
  [d877f0ba] Refactoring v0.1.0
  [0796e94c] Tokenize v0.5.8
  [2a0f44e3] Base64
  [8ba89e20] Distributed
  [b77e0a4c] InteractiveUtils
  [56ddb016] Logging
  [d6f4376e] Markdown
  [9a3f8284] Random
  [9e88b42a] Serialization
  [6462fe0b] Sockets
  [8dfed614] Test
Test Summary:  | Pass  Total
Refactoring.jl |   31     31
    Testing Refactoring tests passed 
Finished at 2020-10-25T20:39:50.86
