Julia Version 1.5.2-pre.0
Commit c4acbf93fb (2020-08-26 10:58 UTC)
Platform Info:
  OS: Linux (x86_64-pc-linux-gnu)
  CPU: Intel(R) Xeon(R) Silver 4114 CPU @ 2.20GHz
  WORD_SIZE: 64
  LIBM: libopenlibm
  LLVM: libLLVM-9.0.1 (ORCJIT, skylake-avx512)
Environment:
  JULIA_DEPOT_PATH = ::/usr/local/share/julia
  JULIA_NUM_THREADS = 2

  Resolving package versions...
  Installed CodecZlib ────────── v0.6.0
  Installed IniFile ──────────── v0.5.0
  Installed TranscodingStreams ─ v0.9.5
  Installed MbedTLS ──────────── v1.0.2
  Installed Parsers ──────────── v1.0.10
  Installed StackOverflow ────── v0.1.2
  Installed JSON ─────────────── v0.21.0
  Installed HTTP ─────────────── v0.8.17
  Installed BinaryProvider ───── v0.5.10
  Installed MbedTLS_jll ──────── v2.16.6+1
Updating `~/.julia/environments/v1.5/Project.toml`
  [1a8df32f] + StackOverflow v0.1.2
Updating `~/.julia/environments/v1.5/Manifest.toml`
  [b99e7846] + BinaryProvider v0.5.10
  [944b1d66] + CodecZlib v0.6.0
  [cd3eb016] + HTTP v0.8.17
  [83e8ac13] + IniFile v0.5.0
  [682c06a0] + JSON v0.21.0
  [739be429] + MbedTLS v1.0.2
  [c8ffd9c3] + MbedTLS_jll v2.16.6+1
  [69de0a69] + Parsers v1.0.10
  [1a8df32f] + StackOverflow v0.1.2
  [3bb67fe8] + TranscodingStreams v0.9.5
  [2a0f44e3] + Base64
  [ade2ca70] + Dates
  [8ba89e20] + Distributed
  [b77e0a4c] + InteractiveUtils
  [76f85450] + LibGit2
  [8f399da3] + Libdl
  [56ddb016] + Logging
  [d6f4376e] + Markdown
  [a63ad114] + Mmap
  [44cfe95a] + Pkg
  [de0858da] + Printf
  [3fa0cd96] + REPL
  [9a3f8284] + Random
  [ea8e919c] + SHA
  [9e88b42a] + Serialization
  [6462fe0b] + Sockets
  [8dfed614] + Test
  [cf7118a7] + UUIDs
  [4ec0a83e] + Unicode
   Building CodecZlib → `~/.julia/packages/CodecZlib/5t9zO/deps/build.log`
    Testing StackOverflow
Status `/tmp/jl_lS6wlT/Project.toml`
  [944b1d66] CodecZlib v0.6.0
  [cd3eb016] HTTP v0.8.17
  [682c06a0] JSON v0.21.0
  [1a8df32f] StackOverflow v0.1.2
  [8dfed614] Test
Status `/tmp/jl_lS6wlT/Manifest.toml`
  [b99e7846] BinaryProvider v0.5.10
  [944b1d66] CodecZlib v0.6.0
  [cd3eb016] HTTP v0.8.17
  [83e8ac13] IniFile v0.5.0
  [682c06a0] JSON v0.21.0
  [739be429] MbedTLS v1.0.2
  [c8ffd9c3] MbedTLS_jll v2.16.6+1
  [69de0a69] Parsers v1.0.10
  [1a8df32f] StackOverflow v0.1.2
  [3bb67fe8] TranscodingStreams v0.9.5
  [2a0f44e3] Base64
  [ade2ca70] Dates
  [8ba89e20] Distributed
  [b77e0a4c] InteractiveUtils
  [76f85450] LibGit2
  [8f399da3] Libdl
  [56ddb016] Logging
  [d6f4376e] Markdown
  [a63ad114] Mmap
  [44cfe95a] Pkg
  [de0858da] Printf
  [3fa0cd96] REPL
  [9a3f8284] Random
  [ea8e919c] SHA
  [9e88b42a] Serialization
  [6462fe0b] Sockets
  [8dfed614] Test
  [cf7118a7] UUIDs
  [4ec0a83e] Unicode
rank bronze
name Informed
badge_id 2600
link https://stackoverflow.com/badges/2600/informed
user Dict{String,Any}("user_type" => "registered","display_name" => "GabrielG","reputation" => 1,"user_id" => 14154179,"link" => "https://stackoverflow.com/users/14154179/gabrielg","profile_image" => "https://www.gravatar.com/avatar/e7e5a67c9e8a97d67bd8f0d714c2bce1?s=128&d=identicon&r=PG&f=1")
badge_type named


rank bronze
name Informed
badge_id 2600
link https://stackoverflow.com/badges/2600/informed
user Dict{String,Any}("user_type" => "registered","display_name" => "SkeerNC","reputation" => 1,"user_id" => 14173653,"link" => "https://stackoverflow.com/users/14173653/skeernc","profile_image" => "https://www.gravatar.com/avatar/8bc9c48795e11dea7375721bff4cb2b2?s=128&d=identicon&r=PG&f=1")
badge_type named


rank bronze
name Informed
badge_id 2600
link https://stackoverflow.com/badges/2600/informed
user Dict{String,Any}("user_type" => "registered","display_name" => "Haxormene","reputation" => 1,"user_id" => 14173749,"link" => "https://stackoverflow.com/users/14173749/haxormene","profile_image" => "https://lh6.googleusercontent.com/-Ay9klojajJg/AAAAAAAAAAI/AAAAAAAAAAA/AMZuuclxYJLvWYBkwtBwyZWm1DA-R_cnag/photo.jpg?sz=128")
badge_type named


rank silver
name Inquisitive
badge_id 4128
link https://stackoverflow.com/badges/4128/inquisitive
user Dict{String,Any}("accept_rate" => 42,"user_type" => "registered","display_name" => "asus","reputation" => 679,"user_id" => 8518207,"link" => "https://stackoverflow.com/users/8518207/asus","profile_image" => "https://www.gravatar.com/avatar/5072d7142146fd8f55e4a3b86ccaa8b0?s=128&d=identicon&r=PG&f=1")
badge_type named


rank silver
name Inquisitive
badge_id 4128
link https://stackoverflow.com/badges/4128/inquisitive
user Dict{String,Any}("user_type" => "registered","display_name" => "Bhavani Prasad","reputation" => 817,"user_id" => 9772448,"link" => "https://stackoverflow.com/users/9772448/bhavani-prasad","profile_image" => "https://www.gravatar.com/avatar/84d45052bf9cd42636b2bed9acdea2ff?s=128&d=identicon&r=PG&f=1")
badge_type named


rank silver
name Inquisitive
badge_id 4128
link https://stackoverflow.com/badges/4128/inquisitive
user Dict{String,Any}("accept_rate" => 90,"user_type" => "registered","display_name" => "Adam Smith","reputation" => 42071,"user_id" => 3058609,"link" => "https://stackoverflow.com/users/3058609/adam-smith","profile_image" => "https://www.gravatar.com/avatar/2c0357556707713572abbf637a907ef9?s=128&d=identicon&r=PG&f=1")
badge_type named


rank silver
name Inquisitive
badge_id 4128
link https://stackoverflow.com/badges/4128/inquisitive
user Dict{String,Any}("user_type" => "registered","display_name" => "Mahmoud Harooney","reputation" => 1021,"user_id" => 12089796,"link" => "https://stackoverflow.com/users/12089796/mahmoud-harooney","profile_image" => "https://graph.facebook.com/1245866622158305/picture?type=large")
badge_type named


rank bronze
name Autobiographer
badge_id 9
link https://stackoverflow.com/badges/9/autobiographer
user Dict{String,Any}("user_type" => "registered","display_name" => "s5twkpm625","reputation" => 1,"user_id" => 14173730,"link" => "https://stackoverflow.com/users/14173730/s5twkpm625","profile_image" => "https://www.gravatar.com/avatar/6e0b9f473db780c9d036b106f284b58d?s=128&d=identicon&r=PG&f=1")
badge_type named


rank bronze
name Autobiographer
badge_id 9
link https://stackoverflow.com/badges/9/autobiographer
user Dict{String,Any}("user_type" => "registered","display_name" => "Lundsgaard Reddy","reputation" => 1,"user_id" => 14173496,"link" => "https://stackoverflow.com/users/14173496/lundsgaard-reddy","profile_image" => "https://www.gravatar.com/avatar/e1ea5bcd907fc77e44dfdbfebe7051b7?s=128&d=identicon&r=PG&f=1")
badge_type named


rank bronze
name Autobiographer
badge_id 9
link https://stackoverflow.com/badges/9/autobiographer
user Dict{String,Any}("user_type" => "registered","display_name" => "d1roeiu955","reputation" => 1,"user_id" => 14173732,"link" => "https://stackoverflow.com/users/14173732/d1roeiu955","profile_image" => "https://www.gravatar.com/avatar/350eedc80dba476699e92292dda3e30f?s=128&d=identicon&r=PG&f=1")
badge_type named


rank bronze
name Commentator
badge_id 31
link https://stackoverflow.com/badges/31/commentator
user Dict{String,Any}("user_type" => "registered","display_name" => "amaze","reputation" => 7,"user_id" => 13813078,"link" => "https://stackoverflow.com/users/13813078/amaze","profile_image" => "https://www.gravatar.com/avatar/3f155eb132b0983ddf0aaeff9a212438?s=128&d=identicon&r=PG&f=1")
badge_type named


rank bronze
name Editor
badge_id 3
link https://stackoverflow.com/badges/3/editor
user Dict{String,Any}("user_type" => "registered","display_name" => "Miguel","reputation" => 5,"user_id" => 12245533,"link" => "https://stackoverflow.com/users/12245533/miguel","profile_image" => "https://lh3.googleusercontent.com/a-/AAuE7mAbUG2c6IuDGL4T991sH25vhhMjoZiA7mBNN4pyCQ=k-s128")
badge_type named


rank bronze
name Editor
badge_id 3
link https://stackoverflow.com/badges/3/editor
user Dict{String,Any}("user_type" => "registered","display_name" => "Meraj Ahmed","reputation" => 1,"user_id" => 10225469,"link" => "https://stackoverflow.com/users/10225469/meraj-ahmed","profile_image" => "https://graph.facebook.com/2090696324296279/picture?type=large")
badge_type named


rank bronze
name Editor
badge_id 3
link https://stackoverflow.com/badges/3/editor
user Dict{String,Any}("user_type" => "registered","display_name" => "Dante","reputation" => 1,"user_id" => 14096674,"link" => "https://stackoverflow.com/users/14096674/dante","profile_image" => "https://www.gravatar.com/avatar/1cefac125c2e1046b427bffb8453d51f?s=128&d=identicon&r=PG&f=1")
badge_type named


rank silver
name Enthusiast
badge_id 71
link https://stackoverflow.com/badges/71/enthusiast
user Dict{String,Any}("accept_rate" => 46,"user_type" => "registered","display_name" => "Rosh_LK","reputation" => 494,"user_id" => 4627517,"link" => "https://stackoverflow.com/users/4627517/rosh-lk","profile_image" => "https://i.stack.imgur.com/XqmmE.png?s=128&g=1")
badge_type named


rank gold
name Famous Question
badge_id 28
link https://stackoverflow.com/badges/28/famous-question
user Dict{String,Any}("accept_rate" => 75,"user_type" => "registered","display_name" => "Matt Murdock","reputation" => 3173,"user_id" => 3646748,"link" => "https://stackoverflow.com/users/3646748/matt-murdock","profile_image" => "https://i.stack.imgur.com/2xvLE.jpg?s=128&g=1")
badge_type named


rank silver
name Guru
badge_id 18
link https://stackoverflow.com/badges/18/guru
user Dict{String,Any}("user_type" => "registered","display_name" => "RickF","reputation" => 1693,"user_id" => 447771,"link" => "https://stackoverflow.com/users/447771/rickf","profile_image" => "https://www.gravatar.com/avatar/1b8412229083f13268bfd631d578bf79?s=128&d=identicon&r=PG")
badge_type named


rank silver
name Notable Question
badge_id 27
link https://stackoverflow.com/badges/27/notable-question
user Dict{String,Any}("accept_rate" => 14,"user_type" => "registered","display_name" => "jbbj94","reputation" => 326,"user_id" => 3372150,"link" => "https://stackoverflow.com/users/3372150/jbbj94","profile_image" => "https://www.gravatar.com/avatar/5153716aac3987c679724f72a7914489?s=128&d=identicon&r=PG&f=1")
badge_type named


rank silver
name Notable Question
badge_id 27
link https://stackoverflow.com/badges/27/notable-question
user Dict{String,Any}("accept_rate" => 59,"user_type" => "registered","display_name" => "a.toraby","reputation" => 2706,"user_id" => 764809,"link" => "https://stackoverflow.com/users/764809/a-toraby","profile_image" => "https://i.stack.imgur.com/k0Rtp.jpg?s=128&g=1")
badge_type named


rank silver
name Notable Question
badge_id 27
link https://stackoverflow.com/badges/27/notable-question
user Dict{String,Any}("accept_rate" => 46,"user_type" => "registered","display_name" => "e.iluf","reputation" => 361,"user_id" => 6283073,"link" => "https://stackoverflow.com/users/6283073/e-iluf","profile_image" => "https://www.gravatar.com/avatar/c7ae026b1a93bc8fadfb78934acdd2b7?s=128&d=identicon&r=PG&f=1")
badge_type named


rank silver
name Notable Question
badge_id 27
link https://stackoverflow.com/badges/27/notable-question
user Dict{String,Any}("accept_rate" => 94,"user_type" => "registered","display_name" => "dedpo","reputation" => 424,"user_id" => 5808291,"link" => "https://stackoverflow.com/users/5808291/dedpo","profile_image" => "https://www.gravatar.com/avatar/9ac8e25fd3f59440df22554b4f1b7bc3?s=128&d=identicon&r=PG&f=1")
badge_type named


rank silver
name Notable Question
badge_id 27
link https://stackoverflow.com/badges/27/notable-question
user Dict{String,Any}("accept_rate" => 62,"user_type" => "registered","display_name" => "daydreamer","reputation" => 68142,"user_id" => 379235,"link" => "https://stackoverflow.com/users/379235/daydreamer","profile_image" => "https://i.stack.imgur.com/qSUBs.png?s=128&g=1")
badge_type named


rank silver
name Notable Question
badge_id 27
link https://stackoverflow.com/badges/27/notable-question
user Dict{String,Any}("accept_rate" => 0,"user_type" => "registered","display_name" => "Michele della Mea","reputation" => 479,"user_id" => 4726997,"link" => "https://stackoverflow.com/users/4726997/michele-della-mea","profile_image" => "https://graph.facebook.com/10155397223760084/picture?type=large")
badge_type named


rank silver
name Notable Question
badge_id 27
link https://stackoverflow.com/badges/27/notable-question
user Dict{String,Any}("accept_rate" => 55,"user_type" => "registered","display_name" => "ketimaBU","reputation" => 725,"user_id" => 3489963,"link" => "https://stackoverflow.com/users/3489963/ketimabu","profile_image" => "https://i.stack.imgur.com/E2U17.jpg?s=128&g=1")
badge_type named


rank silver
name Notable Question
badge_id 27
link https://stackoverflow.com/badges/27/notable-question
user Dict{String,Any}("accept_rate" => 73,"user_type" => "registered","display_name" => "Yang","reputation" => 14662,"user_id" => 43118,"link" => "https://stackoverflow.com/users/43118/yang","profile_image" => "https://www.gravatar.com/avatar/e17a97a879e919ebc943bfb9d3fec409?s=128&d=identicon&r=PG")
badge_type named


rank silver
name Notable Question
badge_id 27
link https://stackoverflow.com/badges/27/notable-question
user Dict{String,Any}("accept_rate" => 89,"user_type" => "registered","display_name" => "Dragon","reputation" => 2245,"user_id" => 1049521,"link" => "https://stackoverflow.com/users/1049521/dragon","profile_image" => "https://www.gravatar.com/avatar/693df7af2f13eb3e8486a35431996de7?s=128&d=identicon&r=PG")
badge_type named


rank silver
name Notable Question
badge_id 27
link https://stackoverflow.com/badges/27/notable-question
user Dict{String,Any}("accept_rate" => 25,"user_type" => "registered","display_name" => "christine sarsonas","reputation" => 65,"user_id" => 8756167,"link" => "https://stackoverflow.com/users/8756167/christine-sarsonas","profile_image" => "https://lh3.googleusercontent.com/-bG17SIDft0k/AAAAAAAAAAI/AAAAAAAAAAk/opbJHRvFu7w/photo.jpg?sz=128")
badge_type named


rank bronze
name Peer Pressure
badge_id 38
link https://stackoverflow.com/badges/38/peer-pressure
user Dict{String,Any}("user_type" => "registered","display_name" => "Nik4ant","reputation" => 1,"user_id" => 13940541,"link" => "https://stackoverflow.com/users/13940541/nik4ant","profile_image" => "https://www.gravatar.com/avatar/f4f8f2a671a364d4d3a6f7802273886d?s=128&d=identicon&r=PG&f=1")
badge_type named


rank bronze
name Popular Question
badge_id 26
link https://stackoverflow.com/badges/26/popular-question
user Dict{String,Any}("accept_rate" => 73,"user_type" => "registered","display_name" => "Subho","reputation" => 492,"user_id" => 3278589,"link" => "https://stackoverflow.com/users/3278589/subho","profile_image" => "https://www.gravatar.com/avatar/d4040549d2df99f5d3201c05ccc2cca1?s=128&d=identicon&r=PG&f=1")
badge_type named


rank bronze
name Popular Question
badge_id 26
link https://stackoverflow.com/badges/26/popular-question
user Dict{String,Any}("accept_rate" => 36,"user_type" => "registered","display_name" => "user2991252","reputation" => 757,"user_id" => 2991252,"link" => "https://stackoverflow.com/users/2991252/user2991252","profile_image" => "https://www.gravatar.com/avatar/fddea760c3666570d7d95729c029b59c?s=128&d=identicon&r=PG&f=1")
badge_type named


StackOverflow.SiteInfo
  new_active_users: Int64 14
  total_users: Int64 12983334
  badges_per_minute: Float64 5.84
  total_badges: Int64 37079683
  total_votes: Int64 160219381
  total_comments: Int64 95199480
  answers_per_minute: Float64 4.74
  questions_per_minute: Float64 3.16
  total_answers: Int64 30076887
  total_accepted: Int64 10380814
  total_unanswered: Int64 6036095
  total_questions: Int64 20051192
name julia
count 7256


name julian-date
count 225


name julia-jump
count 210


name ijulia-notebook
count 132


name julia-studio
count 27


name julia-gpu
count 21


name julia-flux
count 11


name julia-pkg
count 8


name julia-dataframe
count 7


name juliadb
count 7


name julia-1.x
count 3


name julia-plots
count 3


name julia-gen
count 1


last_modified_date : 1598468705
is_employee : false
reputation_change_month : 5471
user_id : 22656
creation_date : 1222430705
link : https://stackoverflow.com/users/22656/jon-skeet
location : Reading, United Kingdom
account_id : 11683
reputation_change_day : 20
reputation_change_week : 865
website_url : http://csharpindepth.com
reputation_change_quarter : 11700
accept_rate : 86
reputation : 1203868
profile_image : https://www.gravatar.com/avatar/6d8ebb117e8d83d74ea95fbdd0f87e13?s=128&d=identicon&r=PG
reputation_change_year : 49398
last_access_date : 1598472386
user_type : registered
display_name : Jon Skeet
badge_counts : Dict{String,Any}("silver" => 8530,"gold" => 771,"bronze" => 8805)


last_modified_date : 1598450100
is_employee : false
reputation_change_month : 11182
user_id : 1144035
creation_date : 1326311637
link : https://stackoverflow.com/users/1144035/gordon-linoff
location : New York, United States
account_id : 1165580
reputation_change_day : 95
reputation_change_week : 1697
website_url : http://www.data-miners.com
reputation_change_quarter : 25094
reputation : 1002550
profile_image : https://www.gravatar.com/avatar/e514b017977ebf742a418cac697d8996?s=128&d=identicon&r=PG
reputation_change_year : 104532
last_access_date : 1598494164
user_type : registered
display_name : Gordon Linoff
badge_counts : Dict{String,Any}("silver" => 427,"gold" => 45,"bronze" => 549)


last_modified_date : 1598202302
is_employee : false
reputation_change_month : 6536
user_id : 6309
creation_date : 1221344553
link : https://stackoverflow.com/users/6309/vonc
location : France
account_id : 4243
reputation_change_day : 90
reputation_change_week : 986
website_url : http://careers.stackoverflow.com/vonc
reputation_change_quarter : 14286
accept_rate : 100
reputation : 977306
profile_image : https://www.gravatar.com/avatar/7aa22372b695ed2b26052c340f9097eb?s=128&d=identicon&r=PG
reputation_change_year : 58641
last_access_date : 1598482019
user_type : registered
display_name : VonC
badge_counts : Dict{String,Any}("silver" => 3361,"gold" => 401,"bronze" => 3939)


last_modified_date : 1598436300
is_employee : false
reputation_change_month : 4148
user_id : 157882
creation_date : 1250527322
link : https://stackoverflow.com/users/157882/balusc
location : Willemstad, Cura&#231;ao
account_id : 52822
reputation_change_day : 0
reputation_change_week : 726
website_url : https://balusc.omnifaces.org
reputation_change_quarter : 9600
accept_rate : 93
reputation : 948203
profile_image : https://www.gravatar.com/avatar/89927e2f4bde24991649b353a37678b9?s=128&d=identicon&r=PG
reputation_change_year : 42248
last_access_date : 1598477091
user_type : registered
display_name : BalusC
badge_counts : Dict{String,Any}("silver" => 3408,"gold" => 337,"bronze" => 3393)


last_modified_date : 1597586700
is_employee : false
reputation_change_month : 3336
user_id : 29407
creation_date : 1224432467
link : https://stackoverflow.com/users/29407/darin-dimitrov
location : Sofia, Bulgaria
account_id : 14332
reputation_change_day : 10
reputation_change_week : 526
website_url : http://stackoverflow.com/search?q=user%3a29407&tab=newest
reputation_change_quarter : 7823
accept_rate : 86
reputation : 926261
profile_image : https://www.gravatar.com/avatar/e3a181e9cdd4757a8b416d93878770c5?s=128&d=identicon&r=PG
reputation_change_year : 33996
last_access_date : 1598465290
user_type : registered
display_name : Darin Dimitrov
badge_counts : Dict{String,Any}("silver" => 3144,"gold" => 245,"bronze" => 2839)


last_modified_date : 1598467801
is_employee : true
reputation_change_month : 4302
user_id : 23354
creation_date : 1222667162
link : https://stackoverflow.com/users/23354/marc-gravell
location : Forest of Dean, United Kingdom
account_id : 11975
reputation_change_day : 8
reputation_change_week : 771
website_url : http://blog.marcgravell.com
reputation_change_quarter : 9806
accept_rate : 100
reputation : 882650
profile_image : https://i.stack.imgur.com/CrVFH.png?s=128&g=1
reputation_change_year : 42860
last_access_date : 1598473761
user_type : moderator
display_name : Marc Gravell
badge_counts : Dict{String,Any}("silver" => 2347,"gold" => 227,"bronze" => 2713)


last_modified_date : 1598271135
is_employee : false
reputation_change_month : 4011
user_id : 115145
creation_date : 1243786808
link : https://stackoverflow.com/users/115145/commonsware
location : Pennsylvania, United States
account_id : 39846
reputation_change_day : 0
reputation_change_week : 644
website_url : https://commonsware.com
reputation_change_quarter : 8913
accept_rate : 84
reputation : 868240
profile_image : https://i.stack.imgur.com/wDnd8.png?s=128&g=1
reputation_change_year : 40395
last_access_date : 1598484692
user_type : registered
display_name : CommonsWare
badge_counts : Dict{String,Any}("silver" => 2123,"gold" => 161,"bronze" => 2139)


last_modified_date : 1598356501
is_employee : false
reputation_change_month : 2407
user_id : 17034
creation_date : 1221698729
link : https://stackoverflow.com/users/17034/hans-passant
location : Madison, WI
account_id : 9266
reputation_change_day : 0
reputation_change_week : 345
website_url : 
reputation_change_quarter : 5274
reputation : 849131
profile_image : https://i.stack.imgur.com/Cii6b.png?s=128&g=1
reputation_change_year : 23640
last_access_date : 1598496434
user_type : registered
display_name : Hans Passant
badge_counts : Dict{String,Any}("silver" => 1489,"gold" => 123,"bronze" => 2295)


last_modified_date : 1598462102
is_employee : false
reputation_change_month : 5394
user_id : 100297
creation_date : 1241362437
link : https://stackoverflow.com/users/100297/martijn-pieters
location : Cambridge, UK
account_id : 35417
reputation_change_day : 20
reputation_change_week : 835
website_url : http://www.zopatista.com/
reputation_change_quarter : 11593
reputation : 832319
profile_image : https://www.gravatar.com/avatar/24780fb6df85a943c7aea0402c843737?s=128&d=identicon&r=PG
reputation_change_year : 49337
last_access_date : 1598482339
user_type : moderator
display_name : Martijn Pieters
badge_counts : Dict{String,Any}("silver" => 3187,"gold" => 210,"bronze" => 2785)


last_modified_date : 1598460301
is_employee : false
reputation_change_month : 6135
user_id : 157247
creation_date : 1250420422
link : https://stackoverflow.com/users/157247/t-j-crowder
location : United Kingdom
account_id : 52616
reputation_change_day : 20
reputation_change_week : 1000
website_url : https://thenewtoys.dev
reputation_change_quarter : 13080
accept_rate : 91
reputation : 817616
profile_image : https://i.stack.imgur.com/4HovX.jpg?s=128&g=1
reputation_change_year : 55807
last_access_date : 1598463320
user_type : registered
display_name : T.J. Crowder
badge_counts : Dict{String,Any}("silver" => 1499,"gold" => 153,"bronze" => 1544)


last_modified_date : 1598346601
is_employee : false
reputation_change_month : 4604
user_id : 893
creation_date : 1218356820
link : https://stackoverflow.com/users/893/greg-hewgill
location : Christchurch, New Zealand
account_id : 680
reputation_change_day : 10
reputation_change_week : 730
website_url : http://hewgill.com
reputation_change_quarter : 10280
accept_rate : 84
reputation : 777510
profile_image : https://www.gravatar.com/avatar/747ffa5da3538e66840ebc0548b8fd58?s=128&d=identicon&r=PG
reputation_change_year : 44320
last_access_date : 1598478619
user_type : registered
display_name : Greg Hewgill
badge_counts : Dict{String,Any}("silver" => 1081,"gold" => 167,"bronze" => 1219)


last_modified_date : 1597670101
is_employee : false
reputation_change_month : 3673
user_id : 34397
creation_date : 1225829805
link : https://stackoverflow.com/users/34397/slaks
location : New Jersey
account_id : 15988
reputation_change_day : 0
reputation_change_week : 598
website_url : https://SLaks.net
reputation_change_quarter : 7917
accept_rate : 87
reputation : 765948
profile_image : https://www.gravatar.com/avatar/7deca8ec973c3c0875e9a36e1e3e2c44?s=128&d=identicon&r=PG
reputation_change_year : 34018
last_access_date : 1595269224
user_type : registered
display_name : SLaks
badge_counts : Dict{String,Any}("silver" => 1766,"gold" => 160,"bronze" => 1855)


last_modified_date : 1598483101
is_employee : false
reputation_change_month : 4780
user_id : 19068
creation_date : 1221842906
link : https://stackoverflow.com/users/19068/quentin
location : United Kingdom
account_id : 10162
reputation_change_day : 30
reputation_change_week : 888
website_url : 
reputation_change_quarter : 10556
reputation : 748907
profile_image : https://www.gravatar.com/avatar/1d2d3229ed1961d2bd81853242493247?s=128&d=identicon&r=PG
reputation_change_year : 44832
last_access_date : 1598486349
user_type : registered
display_name : Quentin
badge_counts : Dict{String,Any}("silver" => 1011,"gold" => 91,"bronze" => 1153)


last_modified_date : 1598435401
is_employee : false
reputation_change_month : 4757
user_id : 14860
creation_date : 1221622605
link : https://stackoverflow.com/users/14860/paxdiablo
account_id : 8291
reputation_change_day : 10
reputation_change_week : 588
website_url : 
reputation_change_quarter : 9787
accept_rate : 100
reputation : 731094
profile_image : https://i.stack.imgur.com/vXG1F.png?s=128&g=1
reputation_change_year : 41347
last_access_date : 1598492502
user_type : registered
display_name : paxdiablo
badge_counts : Dict{String,Any}("silver" => 1413,"gold" => 198,"bronze" => 1791)


last_modified_date : 1598249401
is_employee : false
reputation_change_month : 4088
user_id : 95810
creation_date : 1240625354
link : https://stackoverflow.com/users/95810/alex-martelli
location : Sunnyvale, CA
account_id : 34048
reputation_change_day : 0
reputation_change_week : 628
website_url : http://www.aleax.it
reputation_change_quarter : 9128
accept_rate : 80
reputation : 719425
profile_image : https://www.gravatar.com/avatar/e8d5fe90f1fe2148bf130cccd4dc311c?s=128&d=identicon&r=PG
reputation_change_year : 39931
last_access_date : 1598384796
user_type : registered
display_name : Alex Martelli
badge_counts : Dict{String,Any}("silver" => 1123,"gold" => 147,"bronze" => 1323)


last_modified_date : 1597586700
is_employee : false
reputation_change_month : 4050
user_id : 5445
creation_date : 1220976258
link : https://stackoverflow.com/users/5445/cms
location : Guatemala
account_id : 3748
reputation_change_day : 10
reputation_change_week : 680
website_url : http://codingspot.com
reputation_change_quarter : 9186
reputation : 683896
profile_image : https://www.gravatar.com/avatar/932fb89b9d4049cec5cba357bf0ae388?s=128&d=identicon&r=PG
reputation_change_year : 38733
last_access_date : 1598464786
user_type : registered
display_name : CMS
badge_counts : Dict{String,Any}("silver" => 883,"gold" => 170,"bronze" => 825)


last_modified_date : 1597773900
is_employee : false
reputation_change_month : 3950
user_id : 61974
creation_date : 1233672960
link : https://stackoverflow.com/users/61974/mark-byers
location : Denmark
account_id : 24377
reputation_change_day : 20
reputation_change_week : 680
website_url : http://careers.stackoverflow.com/markbyers/
reputation_change_quarter : 8912
reputation : 678410
profile_image : https://www.gravatar.com/avatar/ad240ed5cc406759f0fd72591dc8ca47?s=128&d=identicon&r=PG
reputation_change_year : 37805
last_access_date : 1591965406
user_type : registered
display_name : Mark Byers
badge_counts : Dict{String,Any}("silver" => 1467,"gold" => 155,"bronze" => 1387)


last_modified_date : 1598436000
is_employee : false
reputation_change_month : 3507
user_id : 20862
creation_date : 1222135580
link : https://stackoverflow.com/users/20862/ignacio-vazquez-abrams
account_id : 10930
reputation_change_day : 20
reputation_change_week : 678
website_url : 
reputation_change_quarter : 7713
accept_rate : 50
reputation : 663350
profile_image : https://www.gravatar.com/avatar/2343ae368d3241278581ce6c87f62a25?s=128&d=identicon&r=PG
reputation_change_year : 34516
last_access_date : 1546328601
user_type : registered
display_name : Ignacio Vazquez-Abrams
badge_counts : Dict{String,Any}("silver" => 1184,"gold" => 126,"bronze" => 1246)


last_modified_date : 1598214600
is_employee : false
reputation_change_month : 4277
user_id : 218196
creation_date : 1259104089
link : https://stackoverflow.com/users/218196/felix-kling
account_id : 76141
reputation_change_day : 10
reputation_change_week : 720
website_url : http://felix-kling.de
reputation_change_quarter : 9652
accept_rate : 100
reputation : 660090
profile_image : https://i.stack.imgur.com/4P5DY.jpg?s=128&g=1
reputation_change_year : 42350
last_access_date : 1598459497
user_type : registered
display_name : Felix Kling
badge_counts : Dict{String,Any}("silver" => 963,"gold" => 150,"bronze" => 1029)


last_modified_date : 1596882000
is_employee : false
reputation_change_month : 4963
user_id : 190597
creation_date : 1255610900
link : https://stackoverflow.com/users/190597/unutbu
account_id : 64585
reputation_change_day : 20
reputation_change_week : 740
website_url : 
reputation_change_quarter : 11146
accept_rate : 88
reputation : 659189
profile_image : https://www.gravatar.com/avatar/aabc98d5c6482ca0e1405ec97710f30a?s=128&d=identicon&r=PG&f=1
reputation_change_year : 46136
last_access_date : 1598480947
user_type : registered
display_name : unutbu
badge_counts : Dict{String,Any}("silver" => 1473,"gold" => 135,"bronze" => 1462)


last_modified_date : 1598103000
is_employee : false
reputation_change_month : 1836
user_id : 335858
creation_date : 1273269250
link : https://stackoverflow.com/users/335858/dasblinkenlight
location : United States
account_id : 134022
reputation_change_day : 0
reputation_change_week : 280
website_url : http://stackoverflow.com/users/335858/dasblinkenlight
reputation_change_quarter : 4058
accept_rate : 81
reputation : 656539
profile_image : https://www.gravatar.com/avatar/4af3541c00d591e9a518b9c0b3b1190a?s=128&d=identicon&r=PG
reputation_change_year : 17919
last_access_date : 1598495331
user_type : registered
display_name : dasblinkenlight
badge_counts : Dict{String,Any}("silver" => 935,"gold" => 69,"bronze" => 1342)


last_modified_date : 1598395201
is_employee : false
reputation_change_month : 2953
user_id : 13302
creation_date : 1221588555
link : https://stackoverflow.com/users/13302/marc-s
location : Bern, Switzerland
account_id : 7633
reputation_change_day : 0
reputation_change_week : 553
website_url : 
reputation_change_quarter : 6340
accept_rate : 99
reputation : 646888
profile_image : https://www.gravatar.com/avatar/b4779212f57ff2e9549ea90a4499c2d7?s=128&d=identicon&r=PG
reputation_change_year : 28228
last_access_date : 1598464442
user_type : registered
display_name : marc_s
badge_counts : Dict{String,Any}("silver" => 1219,"gold" => 145,"bronze" => 1350)


last_modified_date : 1598103000
is_employee : false
reputation_change_month : 2664
user_id : 23283
creation_date : 1222642783
link : https://stackoverflow.com/users/23283/jaredpar
location : Redmond, WA
account_id : 11948
reputation_change_day : 0
reputation_change_week : 460
website_url : http://blog.paranoidcoding.com/
reputation_change_quarter : 6356
accept_rate : 100
reputation : 644827
profile_image : https://www.gravatar.com/avatar/529ba429a58902bef56c2fcb672d5ccb?s=128&d=identicon&r=PG
reputation_change_year : 28655
last_access_date : 1598419119
user_type : registered
display_name : JaredPar
badge_counts : Dict{String,Any}("silver" => 1158,"gold" => 133,"bronze" => 1393)


last_modified_date : 1598248501
is_employee : false
reputation_change_month : 2935
user_id : 15168
creation_date : 1221633947
link : https://stackoverflow.com/users/15168/jonathan-leffler
location : Colorado, USA
account_id : 8423
reputation_change_day : 10
reputation_change_week : 608
website_url : https://stackoverflow.com/users/15168
reputation_change_quarter : 6029
accept_rate : 100
reputation : 637678
profile_image : https://i.stack.imgur.com/WtEI9.png?s=128&g=1
reputation_change_year : 28989
last_access_date : 1598492321
user_type : registered
display_name : Jonathan Leffler
badge_counts : Dict{String,Any}("silver" => 770,"gold" => 110,"bronze" => 1144)


last_modified_date : 1598364300
is_employee : false
reputation_change_month : 2543
user_id : 69083
creation_date : 1235161492
link : https://stackoverflow.com/users/69083/guffa
location : Virsbo, Sweden
account_id : 26521
reputation_change_day : 0
reputation_change_week : 405
website_url : http://www.guffa.com
reputation_change_quarter : 5347
reputation : 615541
profile_image : https://www.gravatar.com/avatar/1db0cdfd3fe268e270ec481a73046c2f?s=128&d=identicon&r=PG
reputation_change_year : 24092
last_access_date : 1598118867
user_type : registered
display_name : Guffa
badge_counts : Dict{String,Any}("silver" => 648,"gold" => 87,"bronze" => 923)


last_modified_date : 1597237500
is_employee : false
reputation_change_month : 2206
user_id : 571407
creation_date : 1294757277
link : https://stackoverflow.com/users/571407/jb-nizet
location : Saint-Etienne, France
account_id : 277416
reputation_change_day : 0
reputation_change_week : 470
website_url : 
reputation_change_quarter : 5141
accept_rate : 100
reputation : 609976
profile_image : https://www.gravatar.com/avatar/2f0d9dec16bae1e06552af55ddefc11f?s=128&d=identicon&r=PG
reputation_change_year : 25927
last_access_date : 1598086966
user_type : registered
display_name : JB Nizet
badge_counts : Dict{String,Any}("silver" => 1060,"gold" => 76,"bronze" => 1132)


last_modified_date : 1598216700
is_employee : false
reputation_change_month : 4001
user_id : 548225
creation_date : 1292821840
link : https://stackoverflow.com/users/548225/anubhava
location : Bangalore, India
account_id : 262968
reputation_change_day : 10
reputation_change_week : 568
website_url : http://anubhava.wordpress.com
reputation_change_quarter : 8820
accept_rate : 90
reputation : 609766
profile_image : https://www.gravatar.com/avatar/dab08478b226280d4a30894c9a7ed719?s=128&d=identicon&r=PG
reputation_change_year : 37020
last_access_date : 1598481040
user_type : registered
display_name : anubhava
badge_counts : Dict{String,Any}("silver" => 419,"gold" => 51,"bronze" => 499)


last_modified_date : 1598385900
is_employee : false
reputation_change_month : 4269
user_id : 19563
creation_date : 1221903545
link : https://stackoverflow.com/users/19563/cb-bailey
location : United Kingdom
account_id : 10375
reputation_change_day : 10
reputation_change_week : 751
website_url : 
reputation_change_quarter : 9363
reputation : 605563
profile_image : https://www.gravatar.com/avatar/a8db27c91db97757a829c7971fd62b84?s=128&d=identicon&r=PG
reputation_change_year : 39073
last_access_date : 1598458014
user_type : registered
display_name : CB Bailey
badge_counts : Dict{String,Any}("silver" => 594,"gold" => 90,"bronze" => 628)


last_modified_date : 1598345401
is_employee : false
reputation_change_month : 3179
user_id : 139985
creation_date : 1247815702
link : https://stackoverflow.com/users/139985/stephen-c
location : Australia
account_id : 47283
reputation_change_day : 0
reputation_change_week : 545
website_url : 
reputation_change_quarter : 7439
accept_rate : 69
reputation : 599146
profile_image : https://www.gravatar.com/avatar/147c5a9cc1feec049c50da791ac7d144?s=128&d=identicon&r=PG
reputation_change_year : 31300
last_access_date : 1598487472
user_type : registered
display_name : Stephen C
badge_counts : Dict{String,Any}("silver" => 695,"gold" => 82,"bronze" => 1053)


last_modified_date : 1598435700
is_employee : false
reputation_change_month : 3272
user_id : 106224
creation_date : 1242214829
link : https://stackoverflow.com/users/106224/boltclock
location : Singapore
account_id : 37175
reputation_change_day : 0
reputation_change_week : 600
website_url : https://NOVALISTIC.com
reputation_change_quarter : 6684
accept_rate : 96
reputation : 596966
profile_image : https://www.gravatar.com/avatar/a2d818d801ce38a33807f68fdd92043a?s=128&d=identicon&r=PG
reputation_change_year : 29664
last_access_date : 1598072516
user_type : moderator
display_name : BoltClock
badge_counts : Dict{String,Any}("silver" => 1259,"gold" => 140,"bronze" => 1261)


post_id : 63608034
edited : false
score : 0
content_license : CC BY-SA 4.0
owner : Dict{String,Any}("user_type" => "registered","display_name" => "Andreas","reputation" => 118422,"user_id" => 5221149,"link" => "https://stackoverflow.com/users/5221149/andreas","profile_image" => "https://i.stack.imgur.com/s4qlq.png?s=128&g=1")
creation_date : 1598496895
comment_id : 112479853


post_id : 63608368
edited : false
score : 0
content_license : CC BY-SA 4.0
owner : Dict{String,Any}("user_type" => "registered","display_name" => "Vedant Mehta","reputation" => 67,"user_id" => 13609047,"link" => "https://stackoverflow.com/users/13609047/vedant-mehta","profile_image" => "https://lh3.googleusercontent.com/a-/AOh14GjyObsgD3R99utR2N1DORZQLl2dlekMyB72GgUm=k-s128")
creation_date : 1598496891
comment_id : 112479852


post_id : 63608425
edited : false
score : 0
content_license : CC BY-SA 4.0
owner : Dict{String,Any}("user_type" => "registered","display_name" => "Muhammad Saquib Shaikh","reputation" => 179,"user_id" => 11024771,"link" => "https://stackoverflow.com/users/11024771/muhammad-saquib-shaikh","profile_image" => "https://lh4.googleusercontent.com/-gx_sypgDF7s/AAAAAAAAAAI/AAAAAAAAAMM/3oiIuy0OBVk/photo.jpg?sz=128")
creation_date : 1598496882
comment_id : 112479851


post_id : 63608061
edited : false
score : 0
content_license : CC BY-SA 4.0
owner : Dict{String,Any}("user_type" => "registered","display_name" => "Nick Barak","reputation" => 11,"user_id" => 13734767,"link" => "https://stackoverflow.com/users/13734767/nick-barak","profile_image" => "https://www.gravatar.com/avatar/e57846adb44ad1380857e502306bc0bd?s=128&d=identicon&r=PG&f=1")
creation_date : 1598496880
reply_to_user : Dict{String,Any}("accept_rate" => 100,"user_type" => "registered","display_name" => "sideshowbarker","reputation" => 52134,"user_id" => 441757,"link" => "https://stackoverflow.com/users/441757/sideshowbarker","profile_image" => "https://www.gravatar.com/avatar/921df025d1d7c99fad4553ac83bd8bdf?s=128&d=identicon&r=PG")
comment_id : 112479850


post_id : 63608443
edited : false
score : 0
content_license : CC BY-SA 4.0
owner : Dict{String,Any}("user_type" => "registered","display_name" => "d4rk4ng31","reputation" => 1429,"user_id" => 11930602,"link" => "https://stackoverflow.com/users/11930602/d4rk4ng31","profile_image" => "https://www.gravatar.com/avatar/576da4eb1f4b2c359036309eddfa6ccd?s=128&d=identicon&r=PG&f=1")
creation_date : 1598496878
comment_id : 112479849


post_id : 63608178
edited : false
score : 0
content_license : CC BY-SA 4.0
owner : Dict{String,Any}("user_type" => "registered","display_name" => "Juan","reputation" => 165,"user_id" => 11254964,"link" => "https://stackoverflow.com/users/11254964/juan","profile_image" => "https://www.gravatar.com/avatar/2141a32e12f83e3f035b40b8bca0d8dc?s=128&d=identicon&r=PG&f=1")
creation_date : 1598496872
reply_to_user : Dict{String,Any}("user_type" => "registered","display_name" => "Muhammad Saquib Shaikh","reputation" => 179,"user_id" => 11024771,"link" => "https://stackoverflow.com/users/11024771/muhammad-saquib-shaikh","profile_image" => "https://lh4.googleusercontent.com/-gx_sypgDF7s/AAAAAAAAAAI/AAAAAAAAAMM/3oiIuy0OBVk/photo.jpg?sz=128")
comment_id : 112479848


post_id : 63608447
edited : false
score : 0
content_license : CC BY-SA 4.0
owner : Dict{String,Any}("accept_rate" => 90,"user_type" => "registered","display_name" => "Dave Newton","reputation" => 149549,"user_id" => 438992,"link" => "https://stackoverflow.com/users/438992/dave-newton","profile_image" => "https://i.stack.imgur.com/QouOz.jpg?s=128&g=1")
creation_date : 1598496860
comment_id : 112479847


post_id : 63244696
edited : false
score : 0
content_license : CC BY-SA 4.0
owner : Dict{String,Any}("user_type" => "registered","display_name" => "Charles Xu","reputation" => 16920,"user_id" => 9773937,"link" => "https://stackoverflow.com/users/9773937/charles-xu","profile_image" => "https://i.stack.imgur.com/gUlzf.jpg?s=128&g=1")
creation_date : 1598496852
comment_id : 112479846


post_id : 63591900
edited : false
score : 0
content_license : CC BY-SA 4.0
owner : Dict{String,Any}("user_type" => "registered","display_name" => "StillLearning","reputation" => 7,"user_id" => 13779575,"link" => "https://stackoverflow.com/users/13779575/stilllearning","profile_image" => "https://www.gravatar.com/avatar/35b7bc99f1a022d445ede63b6caa94c9?s=128&d=identicon&r=PG&f=1")
creation_date : 1598496850
comment_id : 112479845


post_id : 63608425
edited : false
score : 0
content_license : CC BY-SA 4.0
owner : Dict{String,Any}("accept_rate" => 100,"user_type" => "registered","display_name" => "FluffyKitten","reputation" => 8281,"user_id" => 514878,"link" => "https://stackoverflow.com/users/514878/fluffykitten","profile_image" => "https://www.gravatar.com/avatar/2436423552aa319c4e960540ff091b0b?s=128&d=identicon&r=PG")
creation_date : 1598496850
comment_id : 112479844


post_id : 63608339
edited : false
score : 0
content_license : CC BY-SA 4.0
owner : Dict{String,Any}("user_type" => "registered","display_name" => "CertainPerformance","reputation" => 194849,"user_id" => 9515207,"link" => "https://stackoverflow.com/users/9515207/certainperformance","profile_image" => "https://www.gravatar.com/avatar/34932d3e923ffad9a4a1423e30b1d9fc?s=128&d=identicon&r=PG&f=1")
creation_date : 1598496847
reply_to_user : Dict{String,Any}("user_type" => "registered","display_name" => "Miguel","reputation" => 5,"user_id" => 12245533,"link" => "https://stackoverflow.com/users/12245533/miguel","profile_image" => "https://lh3.googleusercontent.com/a-/AAuE7mAbUG2c6IuDGL4T991sH25vhhMjoZiA7mBNN4pyCQ=k-s128")
comment_id : 112479843


post_id : 63608347
edited : false
score : 0
content_license : CC BY-SA 4.0
owner : Dict{String,Any}("user_type" => "registered","display_name" => "dmc94","reputation" => 394,"user_id" => 9442592,"link" => "https://stackoverflow.com/users/9442592/dmc94","profile_image" => "https://i.stack.imgur.com/XVEaV.jpg?s=128&g=1")
creation_date : 1598496845
comment_id : 112479842


post_id : 63608440
edited : false
score : 1
content_license : CC BY-SA 4.0
owner : Dict{String,Any}("user_type" => "registered","display_name" => "happydave","reputation" => 6584,"user_id" => 1342941,"link" => "https://stackoverflow.com/users/1342941/happydave","profile_image" => "https://www.gravatar.com/avatar/a77b35477fab1e681d7e14f7ea78b178?s=128&d=identicon&r=PG")
creation_date : 1598496838
comment_id : 112479841


post_id : 63593354
edited : false
score : 0
content_license : CC BY-SA 4.0
owner : Dict{String,Any}("user_type" => "registered","display_name" => "Jeremy McGibbon","reputation" => 2529,"user_id" => 5322574,"link" => "https://stackoverflow.com/users/5322574/jeremy-mcgibbon","profile_image" => "https://i.stack.imgur.com/fWrLH.jpg?s=128&g=1")
creation_date : 1598496834
comment_id : 112479840


post_id : 63608425
edited : false
score : 0
content_license : CC BY-SA 4.0
owner : Dict{String,Any}("user_type" => "registered","display_name" => "Zar Ni Ko Ko","reputation" => 233,"user_id" => 12377388,"link" => "https://stackoverflow.com/users/12377388/zar-ni-ko-ko","profile_image" => "https://www.gravatar.com/avatar/7e3394a651d5abc67b5de7a891aaed0a?s=128&d=identicon&r=PG&f=1")
creation_date : 1598496830
comment_id : 112479839


post_id : 63608409
edited : false
score : 1
content_license : CC BY-SA 4.0
owner : Dict{String,Any}("accept_rate" => 91,"user_type" => "registered","display_name" => "zero298","reputation" => 17787,"user_id" => 691711,"link" => "https://stackoverflow.com/users/691711/zero298","profile_image" => "https://www.gravatar.com/avatar/bf26891a2ec4eca6dd1962a6804f5a40?s=128&d=identicon&r=PG")
creation_date : 1598496826
comment_id : 112479838


post_id : 63608284
edited : false
score : 0
content_license : CC BY-SA 4.0
owner : Dict{String,Any}("user_type" => "registered","display_name" => "xxnora","reputation" => 66,"user_id" => 13314888,"link" => "https://stackoverflow.com/users/13314888/xxnora","profile_image" => "https://lh6.googleusercontent.com/-m1tbNQeHj4o/AAAAAAAAAAI/AAAAAAAAAAc/P4BcD9xoXxY/photo.jpg?sz=128")
creation_date : 1598496820
comment_id : 112479837


post_id : 63608173
edited : false
score : 0
content_license : CC BY-SA 4.0
owner : Dict{String,Any}("user_type" => "registered","display_name" => "kemal","reputation" => 3,"user_id" => 13245188,"link" => "https://stackoverflow.com/users/13245188/kemal","profile_image" => "https://lh3.googleusercontent.com/-C78K1C0w2QY/AAAAAAAAAAI/AAAAAAAAAAA/AAKWJJPjT0sR4hBZsP-xODdWnctPB-YceA/photo.jpg?sz=128")
creation_date : 1598496815
comment_id : 112479836


post_id : 63607319
edited : false
score : 0
content_license : CC BY-SA 4.0
owner : Dict{String,Any}("user_type" => "registered","display_name" => "Tran","reputation" => 3,"user_id" => 13416729,"link" => "https://stackoverflow.com/users/13416729/tran","profile_image" => "https://lh5.googleusercontent.com/-fBk5Xh5UhmY/AAAAAAAAAAI/AAAAAAAAAAA/AAKWJJMhiRahQljqDzmYVyMF0DEFZgTcoA/photo.jpg?sz=128")
creation_date : 1598496809
reply_to_user : Dict{String,Any}("accept_rate" => 57,"user_type" => "registered","display_name" => "Hursey","reputation" => 129,"user_id" => 2117435,"link" => "https://stackoverflow.com/users/2117435/hursey","profile_image" => "https://www.gravatar.com/avatar/f9b1e8e082a94017faf7828b69838701?s=128&d=identicon&r=PG")
comment_id : 112479835


post_id : 63608282
edited : false
score : 0
content_license : CC BY-SA 4.0
owner : Dict{String,Any}("accept_rate" => 58,"user_type" => "registered","display_name" => "Tim Biegeleisen","reputation" => 339197,"user_id" => 1863229,"link" => "https://stackoverflow.com/users/1863229/tim-biegeleisen","profile_image" => "https://i.stack.imgur.com/4sh1l.png?s=128&g=1")
creation_date : 1598496799
reply_to_user : Dict{String,Any}("user_type" => "registered","display_name" => "Joel Fitzgibbon","reputation" => 1,"user_id" => 14173660,"link" => "https://stackoverflow.com/users/14173660/joel-fitzgibbon","profile_image" => "https://lh3.googleusercontent.com/a-/AOh14Gj2b1PnBpolxjKWryyjmHfPKhkvfTp7A0dO10CNbQ=k-s128")
comment_id : 112479833


post_id : 63608114
edited : false
score : 0
content_license : CC BY-SA 4.0
owner : Dict{String,Any}("user_type" => "registered","display_name" => "Rembrandt Reyes","reputation" => 77,"user_id" => 8430477,"link" => "https://stackoverflow.com/users/8430477/rembrandt-reyes","profile_image" => "https://www.gravatar.com/avatar/d798b47a4a67a9a2bcfa3bbd9c900ae5?s=128&d=identicon&r=PG")
creation_date : 1598496797
comment_id : 112479832


post_id : 63606184
edited : false
score : 0
content_license : CC BY-SA 4.0
owner : Dict{String,Any}("user_type" => "registered","display_name" => "David BG","reputation" => 41,"user_id" => 14123563,"link" => "https://stackoverflow.com/users/14123563/david-bg","profile_image" => "https://lh5.googleusercontent.com/-Ba9afIu0178/AAAAAAAAAAI/AAAAAAAAAAA/AMZuuckdSDurehNe7UXuUW85SNkxfm5yfg/photo.jpg?sz=128")
creation_date : 1598496789
reply_to_user : Dict{String,Any}("accept_rate" => 86,"user_type" => "registered","display_name" => "Cris Luengo","reputation" => 38034,"user_id" => 7328782,"link" => "https://stackoverflow.com/users/7328782/cris-luengo","profile_image" => "https://i.stack.imgur.com/treJu.png?s=128&g=1")
comment_id : 112479831


post_id : 63595372
edited : false
score : 0
content_license : CC BY-SA 4.0
owner : Dict{String,Any}("user_type" => "registered","display_name" => "AashirOverflow","reputation" => 83,"user_id" => 12248317,"link" => "https://stackoverflow.com/users/12248317/aashiroverflow","profile_image" => "https://i.stack.imgur.com/A2DoJ.jpg?s=128&g=1")
creation_date : 1598496788
comment_id : 112479830


post_id : 63608425
edited : false
score : 0
content_license : CC BY-SA 4.0
owner : Dict{String,Any}("accept_rate" => 50,"user_type" => "registered","display_name" => "Rifat Bin Reza","reputation" => 1101,"user_id" => 6480803,"link" => "https://stackoverflow.com/users/6480803/rifat-bin-reza","profile_image" => "https://lh3.googleusercontent.com/-9gewwXhQMdE/AAAAAAAAAAI/AAAAAAAAANM/FzqQMBLsPNk/photo.jpg?sz=128")
creation_date : 1598496787
comment_id : 112479829


post_id : 63607979
edited : false
score : 0
content_license : CC BY-SA 4.0
owner : Dict{String,Any}("user_type" => "registered","display_name" => "ewong","reputation" => 723,"user_id" => 10860403,"link" => "https://stackoverflow.com/users/10860403/ewong","profile_image" => "https://www.gravatar.com/avatar/5cab8bd496bad7777d90ffaae99cdbec?s=128&d=identicon&r=PG&f=1")
creation_date : 1598496783
comment_id : 112479828


post_id : 63599420
edited : false
score : 0
content_license : CC BY-SA 4.0
owner : Dict{String,Any}("user_type" => "registered","display_name" => "tontonsevilla","reputation" => 552,"user_id" => 8795884,"link" => "https://stackoverflow.com/users/8795884/tontonsevilla","profile_image" => "https://i.stack.imgur.com/P5GbD.jpg?s=128&g=1")
creation_date : 1598496783
comment_id : 112479827


post_id : 63589426
edited : false
score : 0
content_license : CC BY-SA 4.0
owner : Dict{String,Any}("user_type" => "registered","display_name" => "Jasmine","reputation" => 81,"user_id" => 11195919,"link" => "https://stackoverflow.com/users/11195919/jasmine","profile_image" => "https://www.gravatar.com/avatar/626c8367cf38f6c35a4c2f0fc9afe5e6?s=128&d=identicon&r=PG&f=1")
creation_date : 1598496776
comment_id : 112479826


post_id : 63608339
edited : false
score : 0
content_license : CC BY-SA 4.0
owner : Dict{String,Any}("user_type" => "registered","display_name" => "Miguel","reputation" => 5,"user_id" => 12245533,"link" => "https://stackoverflow.com/users/12245533/miguel","profile_image" => "https://lh3.googleusercontent.com/a-/AAuE7mAbUG2c6IuDGL4T991sH25vhhMjoZiA7mBNN4pyCQ=k-s128")
creation_date : 1598496752
comment_id : 112479825


post_id : 63608383
edited : false
score : 0
content_license : CC BY-SA 4.0
owner : Dict{String,Any}("user_type" => "registered","display_name" => "vvgiri","reputation" => 481,"user_id" => 11256164,"link" => "https://stackoverflow.com/users/11256164/vvgiri","profile_image" => "https://www.gravatar.com/avatar/3ae9608ac6a82d82763c9bfffacfce77?s=128&d=identicon&r=PG&f=1")
creation_date : 1598496747
comment_id : 112479824


post_id : 63607981
edited : false
score : 0
content_license : CC BY-SA 4.0
owner : Dict{String,Any}("user_type" => "registered","display_name" => "Aniket Bote","reputation" => 787,"user_id" => 9557970,"link" => "https://stackoverflow.com/users/9557970/aniket-bote","profile_image" => "https://i.stack.imgur.com/6a50i.jpg?s=128&g=1")
creation_date : 1598496743
comment_id : 112479823


suggested_edit_id : 4935602
post_id : 63608366
post_type : question
approval_date : 1598496804
creation_date : 1598496732
comment : Fixed grammar and improved formatting.
proposing_user : Dict{String,Any}("user_type" => "registered","display_name" => "Biswajit Biswas","reputation" => 35,"user_id" => 11703105,"link" => "https://stackoverflow.com/users/11703105/biswajit-biswas","profile_image" => "https://i.stack.imgur.com/aYsFb.jpg?s=128&g=1")


suggested_edit_id : 4935601
post_id : 63608303
post_type : question
creation_date : 1598496634
comment : Format your code properly.
proposing_user : Dict{String,Any}("user_type" => "registered","display_name" => "Muhammad Saquib Shaikh","reputation" => 179,"user_id" => 11024771,"link" => "https://stackoverflow.com/users/11024771/muhammad-saquib-shaikh","profile_image" => "https://lh4.googleusercontent.com/-gx_sypgDF7s/AAAAAAAAAAI/AAAAAAAAAMM/3oiIuy0OBVk/photo.jpg?sz=128")


suggested_edit_id : 4935600
post_id : 28703038
post_type : answer
creation_date : 1598495394
comment : grammatical fixes and styling improvements


suggested_edit_id : 4935599
post_id : 63608244
post_type : question
approval_date : 1598495360
creation_date : 1598495306
comment : format the code block
proposing_user : Dict{String,Any}("user_type" => "registered","display_name" => "Sahan Dissanayaka","reputation" => 261,"user_id" => 10243797,"link" => "https://stackoverflow.com/users/10243797/sahan-dissanayaka","profile_image" => "https://lh6.googleusercontent.com/-9Dodij3OTyw/AAAAAAAAAAI/AAAAAAAAAtw/qYZQgPM6Vvc/photo.jpg?sz=128")


suggested_edit_id : 4935598
post_id : 63601525
post_type : answer
creation_date : 1598495263
comment : formatting
proposing_user : Dict{String,Any}("user_type" => "registered","display_name" => "jackw11111","reputation" => 892,"user_id" => 9238288,"link" => "https://stackoverflow.com/users/9238288/jackw11111","profile_image" => "https://www.gravatar.com/avatar/0dbf252a32c63647e64ea7b1a534be4a?s=128&d=identicon&r=PG&f=1")


suggested_edit_id : 4935597
post_id : 63608163
post_type : answer
approval_date : 1598495155
creation_date : 1598495111
comment : df = df.drop(columns,axis=1) dropped all columns, df = df.drop(drops,axis=1) dropped the selected columns. Thanks!
proposing_user : Dict{String,Any}("user_type" => "registered","display_name" => "dododips","reputation" => 37,"user_id" => 13529746,"link" => "https://stackoverflow.com/users/13529746/dododips","profile_image" => "https://www.gravatar.com/avatar/e609addd3c6fd8bb98cfe569fa732ea8?s=128&d=identicon&r=PG&f=1")


suggested_edit_id : 4935596
post_id : 63601097
post_type : question
tags : Any["iis", "server"]
creation_date : 1598495036
comment : improved formatting
proposing_user : Dict{String,Any}("user_type" => "registered","display_name" => "Dilan","reputation" => 1610,"user_id" => 6310865,"link" => "https://stackoverflow.com/users/6310865/dilan","profile_image" => "https://graph.facebook.com/1695558807349194/picture?type=large")


suggested_edit_id : 4935595
post_id : 63606444
post_type : question
creation_date : 1598495034
comment : formatting
proposing_user : Dict{String,Any}("user_type" => "registered","display_name" => "jackw11111","reputation" => 892,"user_id" => 9238288,"link" => "https://stackoverflow.com/users/9238288/jackw11111","profile_image" => "https://www.gravatar.com/avatar/0dbf252a32c63647e64ea7b1a534be4a?s=128&d=identicon&r=PG&f=1")


suggested_edit_id : 4935594
post_id : 63603217
post_type : question
creation_date : 1598494894
comment : improved formatting
proposing_user : Dict{String,Any}("user_type" => "registered","display_name" => "Dilan","reputation" => 1610,"user_id" => 6310865,"link" => "https://stackoverflow.com/users/6310865/dilan","profile_image" => "https://graph.facebook.com/1695558807349194/picture?type=large")


suggested_edit_id : 4935593
post_id : 63602369
post_type : question
creation_date : 1598494837
comment : add language identifier to highlight code
proposing_user : Dict{String,Any}("user_type" => "registered","display_name" => "Ynjxsjmh","reputation" => 1523,"user_id" => 10315163,"link" => "https://stackoverflow.com/users/10315163/ynjxsjmh","profile_image" => "https://www.gravatar.com/avatar/612a6e3f2d130ac5f5672a9e474f92da?s=128&d=identicon&r=PG&f=1")


suggested_edit_id : 4935591
post_id : 63607907
post_type : answer
creation_date : 1598493507
comment : Add a real solution to the answer
proposing_user : Dict{String,Any}("user_type" => "registered","display_name" => "Pubudu Sitinamaluwa","reputation" => 228,"user_id" => 6363731,"link" => "https://stackoverflow.com/users/6363731/pubudu-sitinamaluwa","profile_image" => "https://i.stack.imgur.com/UX368.jpg?s=128&g=1")


suggested_edit_id : 4935590
post_id : 63608037
post_type : question
approval_date : 1598493794
creation_date : 1598493499
comment : render image
proposing_user : Dict{String,Any}("user_type" => "registered","display_name" => "OTStats","reputation" => 1654,"user_id" => 9855745,"link" => "https://stackoverflow.com/users/9855745/otstats","profile_image" => "https://i.stack.imgur.com/zi8Qg.png?s=128&g=1")


suggested_edit_id : 4935589
post_id : 63605700
post_type : question
tags : Any["flutter", "dart"]
creation_date : 1598493150
comment : it use dart lang
proposing_user : Dict{String,Any}("user_type" => "registered","display_name" => "Junsu Cho","reputation" => 585,"user_id" => 4997344,"link" => "https://stackoverflow.com/users/4997344/junsu-cho","profile_image" => "https://www.gravatar.com/avatar/9dd8f6bbd18099807d7479f97873e1f9?s=128&d=identicon&r=PG&f=1")


suggested_edit_id : 4935588
post_id : 54405389
post_type : question
creation_date : 1598492383
comment : expanded question
proposing_user : Dict{String,Any}("accept_rate" => 33,"user_type" => "registered","display_name" => "Andreas","reputation" => 614,"user_id" => 108139,"link" => "https://stackoverflow.com/users/108139/andreas","profile_image" => "https://www.gravatar.com/avatar/95f7341a2b374decc7a6ded55eb9529f?s=128&d=identicon&r=PG")


suggested_edit_id : 4935587
post_id : 63592654
post_type : question
creation_date : 1598491941
comment : add language identifier(python) to highlight code
proposing_user : Dict{String,Any}("user_type" => "registered","display_name" => "Jeremy Z","reputation" => 978,"user_id" => 7937732,"link" => "https://stackoverflow.com/users/7937732/jeremy-z","profile_image" => "https://i.stack.imgur.com/t5Lm7.jpg?s=128&g=1")


suggested_edit_id : 4935586
post_id : 63607836
post_type : question
tags : Any["firebase", "flutter", "dart", "google-cloud-firestore"]
creation_date : 1598491926
comment : it use dart lang
proposing_user : Dict{String,Any}("user_type" => "registered","display_name" => "Junsu Cho","reputation" => 585,"user_id" => 4997344,"link" => "https://stackoverflow.com/users/4997344/junsu-cho","profile_image" => "https://www.gravatar.com/avatar/9dd8f6bbd18099807d7479f97873e1f9?s=128&d=identicon&r=PG&f=1")


suggested_edit_id : 4935585
post_id : 54042831
post_type : answer
creation_date : 1598491640
comment : cosine of angle between two vectors is a dot product of these vectors, square root is not needed


suggested_edit_id : 4935584
post_id : 63591592
post_type : question
tags : Any["azure"]
creation_date : 1598491432
comment : This issue is not about azure-devops. Edit the tags.
proposing_user : Dict{String,Any}("user_type" => "registered","display_name" => "Pod Mo","reputation" => 260,"user_id" => 11765721,"link" => "https://stackoverflow.com/users/11765721/pod-mo","profile_image" => "https://www.gravatar.com/avatar/76d94b32b46de5aef1ad42eff30f2f02?s=128&d=identicon&r=PG&f=1")


suggested_edit_id : 4935583
post_id : 63606441
post_type : question
tags : Any["flutter", "dart", "flutter-layout", "bloc", "state-management"]
creation_date : 1598491342
comment : it use dart lang
proposing_user : Dict{String,Any}("user_type" => "registered","display_name" => "Junsu Cho","reputation" => 585,"user_id" => 4997344,"link" => "https://stackoverflow.com/users/4997344/junsu-cho","profile_image" => "https://www.gravatar.com/avatar/9dd8f6bbd18099807d7479f97873e1f9?s=128&d=identicon&r=PG&f=1")


suggested_edit_id : 4935582
post_id : 37226752
post_type : question
tags : Any["javascript", "html", "animation", "innerhtml"]
creation_date : 1598491217
comment : Tags for topics.
proposing_user : Dict{String,Any}("user_type" => "registered","display_name" => "Malady","reputation" => 221,"user_id" => 4592583,"link" => "https://stackoverflow.com/users/4592583/malady","profile_image" => "https://www.gravatar.com/avatar/21ca98d6c27ad1c9423fb4458359c2d5?s=128&d=identicon&r=PG&f=1")


suggested_edit_id : 4935581
post_id : 28603123
post_type : question
tags : Any["javascript", "innerhtml"]
creation_date : 1598491073
comment : Innerhtml question gets Innerhtml tag.
proposing_user : Dict{String,Any}("user_type" => "registered","display_name" => "Malady","reputation" => 221,"user_id" => 4592583,"link" => "https://stackoverflow.com/users/4592583/malady","profile_image" => "https://www.gravatar.com/avatar/21ca98d6c27ad1c9423fb4458359c2d5?s=128&d=identicon&r=PG&f=1")


suggested_edit_id : 4935580
post_id : 4221961
post_type : question
tags : Any["javascript", "html", "dom", "innerhtml"]
creation_date : 1598491036
comment : Because there&#39;s a innerhtml tag.
proposing_user : Dict{String,Any}("user_type" => "registered","display_name" => "Malady","reputation" => 221,"user_id" => 4592583,"link" => "https://stackoverflow.com/users/4592583/malady","profile_image" => "https://www.gravatar.com/avatar/21ca98d6c27ad1c9423fb4458359c2d5?s=128&d=identicon&r=PG&f=1")


suggested_edit_id : 4935579
post_id : 2305654
post_type : question
tags : Any["javascript", "dom", "innerhtml", "textnode"]
creation_date : 1598491019
comment : Since these tags are for the concepts under comparison.
proposing_user : Dict{String,Any}("user_type" => "registered","display_name" => "Malady","reputation" => 221,"user_id" => 4592583,"link" => "https://stackoverflow.com/users/4592583/malady","profile_image" => "https://www.gravatar.com/avatar/21ca98d6c27ad1c9423fb4458359c2d5?s=128&d=identicon&r=PG&f=1")


suggested_edit_id : 4935578
post_id : 63607752
post_type : question
rejection_date : 1598490819
creation_date : 1598490730
comment : Fixed code formatting
proposing_user : Dict{String,Any}("user_type" => "registered","display_name" => "MichaelT572","reputation" => 108,"user_id" => 13264269,"link" => "https://stackoverflow.com/users/13264269/michaelt572","profile_image" => "https://lh3.googleusercontent.com/a-/AOh14Gg20QCPlEt-m5_HcvTtKJzLOuFXXgOPej_dRd0EtQ=k-s128")


suggested_edit_id : 4935577
post_id : 54256248
post_type : answer
creation_date : 1598490431
comment : Fix command example
proposing_user : Dict{String,Any}("accept_rate" => 78,"user_type" => "registered","display_name" => "Akash Agarwal","reputation" => 1929,"user_id" => 5157706,"link" => "https://stackoverflow.com/users/5157706/akash-agarwal","profile_image" => "https://i.stack.imgur.com/w3SrF.jpg?s=128&g=1")


suggested_edit_id : 4935576
post_id : 63607567
post_type : question
creation_date : 1598490296
comment : improved fromating
proposing_user : Dict{String,Any}("user_type" => "registered","display_name" => "Sayed Sohan","reputation" => 543,"user_id" => 5922435,"link" => "https://stackoverflow.com/users/5922435/sayed-sohan","profile_image" => "https://lh4.googleusercontent.com/-czHayFoFukI/AAAAAAAAAAI/AAAAAAAAAEQ/2_o9vSG3RaM/photo.jpg?sz=128")


suggested_edit_id : 4935575
post_id : 32909428
post_type : answer
creation_date : 1598490274
comment : Resolved the problem `Cannot invoke method mustRunAfter() on null object` by replacing `findByName` with `getByName`
proposing_user : Dict{String,Any}("user_type" => "registered","display_name" => "Jerrad","reputation" => 3,"user_id" => 8392247,"link" => "https://stackoverflow.com/users/8392247/jerrad","profile_image" => "https://www.gravatar.com/avatar/d5799ba40c9048c8cee507753597e8a9?s=128&d=identicon&r=PG&f=1")


suggested_edit_id : 4935574
post_id : 53780630
post_type : answer
creation_date : 1598490229
comment : fixed typo in handleSort declaration
proposing_user : Dict{String,Any}("user_type" => "registered","display_name" => "Derek","reputation" => 335,"user_id" => 3951211,"link" => "https://stackoverflow.com/users/3951211/derek","profile_image" => "https://i.stack.imgur.com/qO94S.jpg?s=128&g=1")


suggested_edit_id : 4935573
post_id : 63607379
post_type : question
creation_date : 1598489922
comment : This member is trying to learn and the question is appropriate. I would like to post a helpful answer rather than discourage their efforts. 
proposing_user : Dict{String,Any}("user_type" => "registered","display_name" => "bitfiddler","reputation" => 1952,"user_id" => 2044199,"link" => "https://stackoverflow.com/users/2044199/bitfiddler","profile_image" => "https://i.stack.imgur.com/UIomo.jpg?s=128&g=1")


suggested_edit_id : 4935572
post_id : 63603093
post_type : question
creation_date : 1598489307
comment : format code 
proposing_user : Dict{String,Any}("user_type" => "registered","display_name" => "Jerry_MSFT","reputation" => 1987,"user_id" => 5726128,"link" => "https://stackoverflow.com/users/5726128/jerry-msft","profile_image" => "https://i.stack.imgur.com/wHpDL.jpg?s=128&g=1")


    Testing StackOverflow tests passed 
