Current time is 2020-10-25T23:12:06.349
Julia Version 1.5.3-pre.0
Commit 5905edebb1 (2020-09-24 05:09 UTC)
Platform Info:
  OS: Linux (x86_64-pc-linux-gnu)
  CPU: AMD EPYC 7502 32-Core Processor
  WORD_SIZE: 64
  LIBM: libopenlibm
  LLVM: libLLVM-9.0.1 (ORCJIT, znver2)
Environment:
  JULIA_DEPOT_PATH = ::/usr/local/share/julia
  JULIA_NUM_THREADS = 2
  JULIA_MAX_NUM_PRECOMPILE_FILES = 9223372036854775807
  JULIA_PKG_SERVER = 

Starting installation at 2020-10-25T23:12:09.464
  Resolving package versions...
  Installed URIs ─ v1.0.0
Updating `~/.julia/environments/v1.5/Project.toml`
  [5c2747f8] + URIs v1.0.0
Updating `~/.julia/environments/v1.5/Manifest.toml`
  [5c2747f8] + URIs v1.0.0
Starting tests at 2020-10-25T23:12:11.576
    Testing URIs
Status `/tmp/jl_FIv4KZ/Project.toml`
  [682c06a0] JSON v0.21.1
  [5c2747f8] URIs v1.0.0
  [8dfed614] Test
Status `/tmp/jl_FIv4KZ/Manifest.toml`
  [682c06a0] JSON v0.21.1
  [69de0a69] Parsers v1.0.11
  [5c2747f8] URIs v1.0.0
  [2a0f44e3] Base64
  [ade2ca70] Dates
  [8ba89e20] Distributed
  [b77e0a4c] InteractiveUtils
  [56ddb016] Logging
  [d6f4376e] Markdown
  [a63ad114] Mmap
  [de0858da] Printf
  [9a3f8284] Random
  [9e88b42a] Serialization
  [6462fe0b] Sockets
  [8dfed614] Test
  [4ec0a83e] Unicode
Test Summary: | Pass  Total
URI           |  130    130
Test Summary: | Pass  Total
URL           |   12     12
    Testing URIs tests passed 
Finished at 2020-10-25T23:12:38.729
