Current time is 2020-10-25T20:33:49.984
Julia Version 1.5.3-pre.13
Commit 3de1115e9c (2020-10-23 21:58 UTC)
Platform Info:
  OS: Linux (x86_64-linux-gnu)
  CPU: AMD EPYC 7502 32-Core Processor
  WORD_SIZE: 64
  LIBM: libopenlibm
  LLVM: libLLVM-9.0.1 (ORCJIT, znver2)
Environment:
  JULIA_DEPOT_PATH = ::/usr/local/share/julia
  JULIA_NUM_THREADS = 2
  JULIA_MAX_NUM_PRECOMPILE_FILES = 9223372036854775807
  JULIA_PKG_SERVER = 

Starting installation at 2020-10-25T20:33:53.378
  Resolving package versions...
  Installed DataValueInterfaces ───────── v1.0.0
  Installed IteratorInterfaceExtensions ─ v1.0.0
  Installed UnsafeArrays ──────────────── v1.0.1
  Installed StructArrays ──────────────── v0.4.4
  Installed BitOperations ─────────────── v0.2.0
  Installed EncodedArrays ─────────────── v0.2.3
  Installed ArraysOfArrays ────────────── v0.5.0
  Installed Requires ──────────────────── v1.1.0
  Installed TableTraits ───────────────── v1.0.0
  Installed DataAPI ───────────────────── v1.3.0
  Installed Adapt ─────────────────────── v2.3.0
  Installed Tables ────────────────────── v1.1.0
  Installed FillArrays ────────────────── v0.10.0
Updating `~/.julia/environments/v1.5/Project.toml`
  [97725368] + EncodedArrays v0.2.3
Updating `~/.julia/environments/v1.5/Manifest.toml`
  [79e6a3ab] + Adapt v2.3.0
  [65a8f2f4] + ArraysOfArrays v0.5.0
  [e1e0eea2] + BitOperations v0.2.0
  [9a962f9c] + DataAPI v1.3.0
  [e2d170a0] + DataValueInterfaces v1.0.0
  [97725368] + EncodedArrays v0.2.3
  [1a297f60] + FillArrays v0.10.0
  [82899510] + IteratorInterfaceExtensions v1.0.0
  [ae029012] + Requires v1.1.0
  [09ab397b] + StructArrays v0.4.4
  [3783bdb8] + TableTraits v1.0.0
  [bd369af6] + Tables v1.1.0
  [c4a57d5a] + UnsafeArrays v1.0.1
  [2a0f44e3] + Base64
  [8ba89e20] + Distributed
  [b77e0a4c] + InteractiveUtils
  [8f399da3] + Libdl
  [37e2e46d] + LinearAlgebra
  [56ddb016] + Logging
  [d6f4376e] + Markdown
  [9a3f8284] + Random
  [ea8e919c] + SHA
  [9e88b42a] + Serialization
  [6462fe0b] + Sockets
  [2f01184e] + SparseArrays
  [10745b16] + Statistics
  [8dfed614] + Test
  [cf7118a7] + UUIDs
Starting tests at 2020-10-25T20:33:56.945
    Testing EncodedArrays
Status `/tmp/jl_4o9zec/Project.toml`
  [65a8f2f4] ArraysOfArrays v0.5.0
  [e1e0eea2] BitOperations v0.2.0
  [97725368] EncodedArrays v0.2.3
  [1a297f60] FillArrays v0.10.0
  [09ab397b] StructArrays v0.4.4
  [8dfed614] Test
Status `/tmp/jl_4o9zec/Manifest.toml`
  [79e6a3ab] Adapt v2.3.0
  [65a8f2f4] ArraysOfArrays v0.5.0
  [e1e0eea2] BitOperations v0.2.0
  [9a962f9c] DataAPI v1.3.0
  [e2d170a0] DataValueInterfaces v1.0.0
  [97725368] EncodedArrays v0.2.3
  [1a297f60] FillArrays v0.10.0
  [82899510] IteratorInterfaceExtensions v1.0.0
  [ae029012] Requires v1.1.0
  [09ab397b] StructArrays v0.4.4
  [3783bdb8] TableTraits v1.0.0
  [bd369af6] Tables v1.1.0
  [c4a57d5a] UnsafeArrays v1.0.1
  [2a0f44e3] Base64
  [8ba89e20] Distributed
  [b77e0a4c] InteractiveUtils
  [8f399da3] Libdl
  [37e2e46d] LinearAlgebra
  [56ddb016] Logging
  [d6f4376e] Markdown
  [9a3f8284] Random
  [ea8e919c] SHA
  [9e88b42a] Serialization
  [6462fe0b] Sockets
  [2f01184e] SparseArrays
  [10745b16] Statistics
  [8dfed614] Test
  [cf7118a7] UUIDs
Test Summary:         | Pass  Total
Package EncodedArrays |   78     78
    Testing EncodedArrays tests passed 
Finished at 2020-10-25T20:34:23.552
