Julia Version 1.3.0
Commit 46ce4d7933 (2019-11-26 06:09 UTC)
Platform Info:
  OS: Linux (x86_64-pc-linux-gnu)
  CPU: Intel(R) Xeon(R) Silver 4114 CPU @ 2.20GHz
  WORD_SIZE: 64
  LIBM: libopenlibm
  LLVM: libLLVM-6.0.1 (ORCJIT, skylake)
Environment:
  JULIA_DEPOT_PATH = ::/usr/local/share/julia

 Resolving package versions...
 Installed TimerOutputs ──── v0.5.3
 Installed FastClosures ──── v0.3.2
 Installed LinearOperators ─ v1.0.1
 Installed PROPACK ───────── v0.1.0
  Updating `~/.julia/environments/v1.3/Project.toml`
  [b169e327] + PROPACK v0.1.0
  Updating `~/.julia/environments/v1.3/Manifest.toml`
  [9aa1b823] + FastClosures v0.3.2
  [5c8ed15e] + LinearOperators v1.0.1
  [b169e327] + PROPACK v0.1.0
  [a759f4b9] + TimerOutputs v0.5.3
  [8f399da3] + Libdl 
  [37e2e46d] + LinearAlgebra 
  [de0858da] + Printf 
  [9a3f8284] + Random 
  [9e88b42a] + Serialization 
  [2f01184e] + SparseArrays 
  [4ec0a83e] + Unicode 
  Building PROPACK → `~/.julia/packages/PROPACK/eJSVn/deps/build.log`
   Testing PROPACK
 Resolving package versions...
    Status `/tmp/jl_NDBMPb/Manifest.toml`
  [9aa1b823] FastClosures v0.3.2
  [5c8ed15e] LinearOperators v1.0.1
  [b169e327] PROPACK v0.1.0
  [a759f4b9] TimerOutputs v0.5.3
  [2a0f44e3] Base64  [`@stdlib/Base64`]
  [8ba89e20] Distributed  [`@stdlib/Distributed`]
  [b77e0a4c] InteractiveUtils  [`@stdlib/InteractiveUtils`]
  [8f399da3] Libdl  [`@stdlib/Libdl`]
  [37e2e46d] LinearAlgebra  [`@stdlib/LinearAlgebra`]
  [56ddb016] Logging  [`@stdlib/Logging`]
  [d6f4376e] Markdown  [`@stdlib/Markdown`]
  [de0858da] Printf  [`@stdlib/Printf`]
  [9a3f8284] Random  [`@stdlib/Random`]
  [9e88b42a] Serialization  [`@stdlib/Serialization`]
  [6462fe0b] Sockets  [`@stdlib/Sockets`]
  [2f01184e] SparseArrays  [`@stdlib/SparseArrays`]
  [8dfed614] Test  [`@stdlib/Test`]
  [4ec0a83e] Unicode  [`@stdlib/Unicode`]
computed singular values: [4.999999999999999, 3.9999999999999956, 2.999999999999999]
exact singular values: [5, 4, 3]
error bounds reported: [0.0, 0.0, 0.0]
number of matvecs and transposed matvecs: 8, 7
computed singular values: [4.999999999999999, 3.9999999999999956, 2.999999999999999]
number of matvecs and transposed matvecs: 8, 7
computed smallest singular values: [1.9999999999999993, 0.9999999999999996]
exact smallest singular values: [2, 1]
error bounds reported: [0.0, 0.0]
number of matvecs and transposed matvecs: 10, 5
computed smallest singular values: [1.9999999999999993, 0.9999999999999996]
number of matvecs and transposed matvecs: 10, 5
   Testing PROPACK tests passed 
