Julia Version 1.3.2-pre.0
Commit 2e6715c045 (2019-12-31 00:49 UTC)
Platform Info:
  OS: Linux (x86_64-linux-gnu)
  CPU: Intel(R) Xeon(R) Silver 4114 CPU @ 2.20GHz
  WORD_SIZE: 64
  LIBM: libopenlibm
  LLVM: libLLVM-6.0.1 (ORCJIT, skylake)
Environment:
  JULIA_DEPOT_PATH = ::/usr/local/share/julia

 Resolving package versions...
 Installed Reexport ───────────── v0.2.0
 Installed OpenSpecFun_jll ────── v0.5.3+1
 Installed MutableArithmetics ─── v0.1.1
 Installed DiffRules ──────────── v1.0.0
 Installed SpecialFunctions ───── v0.9.0
 Installed ForwardDiff ────────── v0.10.8
 Installed JuMP ───────────────── v0.20.1
 Installed SDDP ───────────────── v0.2.1
 Installed RecipesBase ────────── v0.7.0
 Installed NaNMath ────────────── v0.3.3
 Installed BinaryProvider ─────── v0.5.8
 Installed Parsers ────────────── v0.3.10
 Installed MathOptInterface ───── v0.9.8
 Installed TimerOutputs ───────── v0.5.3
 Installed MathOptFormat ──────── v0.4.0
 Installed Calculus ───────────── v0.5.1
 Installed CommonSubexpressions ─ v0.2.0
 Installed StaticArrays ───────── v0.12.1
 Installed DataStructures ─────── v0.17.7
 Installed CodecZlib ──────────── v0.6.0
 Installed JSON ───────────────── v0.21.0
 Installed CodecBzip2 ─────────── v0.6.0
 Installed IniFile ────────────── v0.5.0
 Installed TranscodingStreams ─── v0.9.5
 Installed BenchmarkTools ─────── v0.4.3
 Installed OrderedCollections ─── v1.1.0
 Installed DiffResults ────────── v1.0.2
 Installed HTTP ───────────────── v0.8.8
 Installed MbedTLS ────────────── v0.7.0
 Installed JSONSchema ─────────── v0.1.1
  Updating `~/.julia/environments/v1.3/Project.toml`
  [f4570300] + SDDP v0.2.1
  Updating `~/.julia/environments/v1.3/Manifest.toml`
  [6e4b80f9] + BenchmarkTools v0.4.3
  [b99e7846] + BinaryProvider v0.5.8
  [49dc2e85] + Calculus v0.5.1
  [523fee87] + CodecBzip2 v0.6.0
  [944b1d66] + CodecZlib v0.6.0
  [bbf7d656] + CommonSubexpressions v0.2.0
  [864edb3b] + DataStructures v0.17.7
  [163ba53b] + DiffResults v1.0.2
  [b552c78f] + DiffRules v1.0.0
  [f6369f11] + ForwardDiff v0.10.8
  [cd3eb016] + HTTP v0.8.8
  [83e8ac13] + IniFile v0.5.0
  [682c06a0] + JSON v0.21.0
  [7d188eb4] + JSONSchema v0.1.1
  [4076af6c] + JuMP v0.20.1
  [f4570300] + MathOptFormat v0.4.0
  [b8f27783] + MathOptInterface v0.9.8
  [739be429] + MbedTLS v0.7.0
  [d8a4904e] + MutableArithmetics v0.1.1
  [77ba4419] + NaNMath v0.3.3
  [efe28fd5] + OpenSpecFun_jll v0.5.3+1
  [bac558e1] + OrderedCollections v1.1.0
  [69de0a69] + Parsers v0.3.10
  [3cdcf5f2] + RecipesBase v0.7.0
  [189a3867] + Reexport v0.2.0
  [f4570300] + SDDP v0.2.1
  [276daf66] + SpecialFunctions v0.9.0
  [90137ffa] + StaticArrays v0.12.1
  [a759f4b9] + TimerOutputs v0.5.3
  [3bb67fe8] + TranscodingStreams v0.9.5
  [2a0f44e3] + Base64 
  [ade2ca70] + Dates 
  [8ba89e20] + Distributed 
  [b77e0a4c] + InteractiveUtils 
  [76f85450] + LibGit2 
  [8f399da3] + Libdl 
  [37e2e46d] + LinearAlgebra 
  [56ddb016] + Logging 
  [d6f4376e] + Markdown 
  [a63ad114] + Mmap 
  [44cfe95a] + Pkg 
  [de0858da] + Printf 
  [3fa0cd96] + REPL 
  [9a3f8284] + Random 
  [ea8e919c] + SHA 
  [9e88b42a] + Serialization 
  [6462fe0b] + Sockets 
  [2f01184e] + SparseArrays 
  [10745b16] + Statistics 
  [8dfed614] + Test 
  [cf7118a7] + UUIDs 
  [4ec0a83e] + Unicode 
  Building CodecZlib ─→ `~/.julia/packages/CodecZlib/5t9zO/deps/build.log`
  Building CodecBzip2 → `~/.julia/packages/CodecBzip2/T5yr7/deps/build.log`
  Building MbedTLS ───→ `~/.julia/packages/MbedTLS/a1JFn/deps/build.log`
   Testing SDDP
 Resolving package versions...
 Installed JuliaFormatter ─ v0.2.3
 Installed CSTParser ────── v2.0.0
 Installed GLPK ─────────── v0.12.1
 Installed Tokenize ─────── v0.5.7
  Building GLPK → `~/.julia/packages/GLPK/HjJiX/deps/build.log`
    Status `/tmp/jl_PZuoIr/Manifest.toml`
  [6e4b80f9] BenchmarkTools v0.4.3
  [b99e7846] BinaryProvider v0.5.8
  [00ebfdb7] CSTParser v2.0.0
  [49dc2e85] Calculus v0.5.1
  [523fee87] CodecBzip2 v0.6.0
  [944b1d66] CodecZlib v0.6.0
  [bbf7d656] CommonSubexpressions v0.2.0
  [864edb3b] DataStructures v0.17.7
  [163ba53b] DiffResults v1.0.2
  [b552c78f] DiffRules v1.0.0
  [f6369f11] ForwardDiff v0.10.8
  [60bf3e95] GLPK v0.12.1
  [cd3eb016] HTTP v0.8.8
  [83e8ac13] IniFile v0.5.0
  [682c06a0] JSON v0.21.0
  [7d188eb4] JSONSchema v0.1.1
  [4076af6c] JuMP v0.20.1
  [98e50ef6] JuliaFormatter v0.2.3
  [f4570300] MathOptFormat v0.4.0
  [b8f27783] MathOptInterface v0.9.8
  [739be429] MbedTLS v0.7.0
  [d8a4904e] MutableArithmetics v0.1.1
  [77ba4419] NaNMath v0.3.3
  [efe28fd5] OpenSpecFun_jll v0.5.3+1
  [bac558e1] OrderedCollections v1.1.0
  [69de0a69] Parsers v0.3.10
  [3cdcf5f2] RecipesBase v0.7.0
  [189a3867] Reexport v0.2.0
  [f4570300] SDDP v0.2.1
  [276daf66] SpecialFunctions v0.9.0
  [90137ffa] StaticArrays v0.12.1
  [a759f4b9] TimerOutputs v0.5.3
  [0796e94c] Tokenize v0.5.7
  [3bb67fe8] TranscodingStreams v0.9.5
  [2a0f44e3] Base64  [`@stdlib/Base64`]
  [ade2ca70] Dates  [`@stdlib/Dates`]
  [8ba89e20] Distributed  [`@stdlib/Distributed`]
  [b77e0a4c] InteractiveUtils  [`@stdlib/InteractiveUtils`]
  [76f85450] LibGit2  [`@stdlib/LibGit2`]
  [8f399da3] Libdl  [`@stdlib/Libdl`]
  [37e2e46d] LinearAlgebra  [`@stdlib/LinearAlgebra`]
  [56ddb016] Logging  [`@stdlib/Logging`]
  [d6f4376e] Markdown  [`@stdlib/Markdown`]
  [a63ad114] Mmap  [`@stdlib/Mmap`]
  [44cfe95a] Pkg  [`@stdlib/Pkg`]
  [de0858da] Printf  [`@stdlib/Printf`]
  [3fa0cd96] REPL  [`@stdlib/REPL`]
  [9a3f8284] Random  [`@stdlib/Random`]
  [ea8e919c] SHA  [`@stdlib/SHA`]
  [9e88b42a] Serialization  [`@stdlib/Serialization`]
  [6462fe0b] Sockets  [`@stdlib/Sockets`]
  [2f01184e] SparseArrays  [`@stdlib/SparseArrays`]
  [10745b16] Statistics  [`@stdlib/Statistics`]
  [8dfed614] Test  [`@stdlib/Test`]
  [cf7118a7] UUIDs  [`@stdlib/UUIDs`]
  [4ec0a83e] Unicode  [`@stdlib/Unicode`]
┌ Warning: Radius is very small. You should probably use `SDDP.Expectation()` instead.
└ @ SDDP ~/.julia/packages/SDDP/3B4BV/src/plugins/risk_measures.jl:275
Simulated policy value: [ 4.494910e+00,  6.705090e+00]
Simulated policy value: [ 4.218969e+00,  6.181031e+00]
Simulated policy value: [ 5.120828e+00,  7.279172e+00]
Simulated policy value: [ 4.494910e+00,  6.705090e+00]
Simulated policy value: [ 4.218969e+00,  6.181031e+00]
Simulated policy value: [ 5.120828e+00,  7.279172e+00]
┌ Warning: `SDDP.save` is deprecated. Use `SDDP.plot` instead.
│   caller = ip:0x0
└ @ Core :-1
┌ Warning: Budget for nodes is less than the number of stages. Using one node per stage.
└ @ SDDP ~/.julia/packages/SDDP/3B4BV/src/modeling_aids.jl:87
┌ Warning: Too few scenarios to form an approximation of the lattice. Restarting the approximation with 1000 scenarios.
└ @ SDDP ~/.julia/packages/SDDP/3B4BV/src/modeling_aids.jl:67
------------------------------------------------------------------
                SDDP.jl (c) Oscar Dowson, 2017-19

Numerical stability report
  Non-zero Matrix range     [1e+00, 1e+00]
  Non-zero Objective range  [2e-01, 3e+00]
  Non-zero Bounds range     [5e+01, 5e+01]
  Non-zero RHS range        [0e+00, 0e+00]
No problems detected

Solver: serial mode

 Iteration    Simulation       Bound         Time (s)    Proc. ID
        1    0.000000e+00  -4.963160e+01   2.303839e-03          1
        2   -2.293160e+01  -4.680515e+01   7.107592e-02          1
        3   -2.356515e+01  -2.482867e+01   7.212877e-02          1
        4   -3.334867e+01  -2.396000e+01   7.320380e-02          1
        5   -2.396000e+01  -2.396000e+01   7.400799e-02          1
        6   -4.260000e+01  -2.396000e+01   7.481289e-02          1
        7   -2.396000e+01  -2.396000e+01   7.561898e-02          1
        8   -5.320000e+00  -2.396000e+01   7.642794e-02          1
        9   -2.396000e+01  -2.396000e+01   7.727194e-02          1
       10   -2.396000e+01  -2.396000e+01   7.808185e-02          1

Terminating training with status: iteration_limit
------------------------------------------------------------------
 ─────────────────────────────────────────────────────────────────────────────
                                      Time                   Allocations      
                              ──────────────────────   ───────────────────────
       Tot / % measured:           1.54s / 0.60%           16.4MiB / 4.69%    

 Section              ncalls     time   %tot     avg     alloc   %tot      avg
 ─────────────────────────────────────────────────────────────────────────────
 backward_pass            10   4.92ms  53.4%   492μs    359KiB  45.5%  35.9KiB
   solve_subproblem       40   2.36ms  25.7%  59.1μs    206KiB  26.1%  5.16KiB
 forward_pass             10   3.64ms  39.5%   364μs    369KiB  46.8%  36.9KiB
   solve_subproblem       30   2.99ms  32.4%   100μs    312KiB  39.5%  10.4KiB
   sample_scenario        10    163μs  1.77%  16.3μs   10.0KiB  1.27%  1.00KiB
 calculate_bound          10    661μs  7.18%  66.1μs   61.1KiB  7.74%  6.11KiB
 ─────────────────────────────────────────────────────────────────────────────
------------------------------------------------------------------
                SDDP.jl (c) Oscar Dowson, 2017-19

Numerical stability report
  Non-zero Matrix range     [1e+00, 1e+00]
  Non-zero Objective range  [2e-01, 3e+00]
  Non-zero Bounds range     [5e+01, 5e+01]
  Non-zero RHS range        [0e+00, 0e+00]
No problems detected

Solver: serial mode

 Iteration    Simulation       Bound         Time (s)    Proc. ID
        1    0.000000e+00  -4.963160e+01   2.307892e-03          1
        2   -4.291601e+00  -4.680515e+01   3.258944e-03          1
        3   -1.424515e+01  -2.482867e+01   4.165888e-03          1
        4   -6.188670e+00  -2.396000e+01   5.012989e-03          1
        5   -2.396000e+01  -2.396000e+01   5.952835e-03          1
        6   -2.396000e+01  -2.396000e+01   7.692814e-03          1
        7   -4.260000e+01  -2.396000e+01   8.656979e-03          1
        8   -4.260000e+01  -2.396000e+01   9.742022e-03          1
        9   -5.320000e+00  -2.396000e+01   1.068091e-02          1
       10   -2.396000e+01  -2.396000e+01   1.158094e-02          1

Terminating training with status: iteration_limit
------------------------------------------------------------------
 ─────────────────────────────────────────────────────────────────────────────
                                      Time                   Allocations      
                              ──────────────────────   ───────────────────────
       Tot / % measured:          12.7ms / 70.8%           0.97MiB / 79.6%    

 Section              ncalls     time   %tot     avg     alloc   %tot      avg
 ─────────────────────────────────────────────────────────────────────────────
 backward_pass            10   4.59ms  51.0%   459μs    359KiB  45.5%  35.9KiB
   solve_subproblem       40   2.43ms  26.9%  60.7μs    206KiB  26.1%  5.16KiB
 forward_pass             10   3.70ms  41.1%   370μs    369KiB  46.8%  36.9KiB
   solve_subproblem       30   3.06ms  34.0%   102μs    312KiB  39.5%  10.4KiB
   sample_scenario        10    149μs  1.66%  14.9μs   10.0KiB  1.27%  1.00KiB
 calculate_bound          10    713μs  7.92%  71.3μs   61.1KiB  7.74%  6.11KiB
 ─────────────────────────────────────────────────────────────────────────────
Confidence_interval = 189.59 ± 14.64
Confidence_interval = 120.32 ± 13.2
Confidence_interval = 115.92 ± 12.61
┌ Warning: The addition operator has been used on JuMP expressions a large number of times. This warning is safe to ignore but may indicate that model generation is slower than necessary. For performance reasons, you should not add expressions in a loop. Instead of x += y, use add_to_expression!(x,y) to modify x in place. If y is a single variable, you may also use add_to_expression!(x, coef, y) for x += coef*y.
└ @ JuMP ~/.julia/packages/JuMP/MsUSY/src/JuMP.jl:747
Activating new environment at `~/.julia/packages/SDDP/3B4BV/test/Project.toml`
      From worker 3:	Activating new environment at `~/.julia/packages/SDDP/3B4BV/test/Project.toml`
      From worker 2:	Activating new environment at `~/.julia/packages/SDDP/3B4BV/test/Project.toml`
      From worker 5:	Activating new environment at `~/.julia/packages/SDDP/3B4BV/test/Project.toml`
      From worker 4:	Activating new environment at `~/.julia/packages/SDDP/3B4BV/test/Project.toml`
------------------------------------------------------------------
                SDDP.jl (c) Oscar Dowson, 2017-19

Numerical stability report
  Non-zero Matrix range     [0e+00, 0e+00]
  Non-zero Objective range  [1e+00, 1e+00]
  Non-zero Bounds range     [1e+00, 6e+00]
  Non-zero RHS range        [0e+00, 0e+00]
No problems detected

Solver: Asynchronous mode with 4 workers.

 Iteration    Simulation       Bound         Time (s)    Proc. ID
        1    5.000000e+00   6.000000e+00   1.019248e+02          2
        2    7.000000e+00   6.000000e+00   1.019531e+02          2
        3    7.000000e+00   6.000000e+00   1.019657e+02          2
        4    3.000000e+00   6.000000e+00   1.019664e+02          2
        5    3.000000e+00   6.000000e+00   1.019785e+02          2
        6    3.000000e+00   6.000000e+00   1.019814e+02          2
        7    3.000000e+00   6.000000e+00   1.019850e+02          2
        8    9.000000e+00   6.000000e+00   1.019873e+02          2
        9    9.000000e+00   6.000000e+00   1.019893e+02          2
       10    9.000000e+00   6.000000e+00   1.019916e+02          2
       11    7.000000e+00   6.000000e+00   1.019938e+02          2
       12    3.000000e+00   6.000000e+00   1.019960e+02          2
       13    7.000000e+00   6.000000e+00   1.019982e+02          2
       14    5.000000e+00   6.000000e+00   1.020034e+02          2
       15    3.000000e+00   6.000000e+00   1.020104e+02          2
       16    9.000000e+00   6.000000e+00   1.020132e+02          2
       17    5.000000e+00   6.000000e+00   1.020159e+02          2
       18    5.000000e+00   6.000000e+00   1.020184e+02          2
       19    5.000000e+00   6.000000e+00   1.020208e+02          2
       20    9.000000e+00   6.000000e+00   1.020232e+02          2

Terminating training with status: iteration_limit
------------------------------------------------------------------
------------------------------------------------------------------
                SDDP.jl (c) Oscar Dowson, 2017-19

Numerical stability report
  Non-zero Matrix range     [1e+00, 1e+00]
  Non-zero Objective range  [1e+00, 1e+00]
  Non-zero Bounds range     [1e+00, 6e+00]
  Non-zero RHS range        [4e+00, 4e+00]
No problems detected

Solver: Asynchronous mode with 4 workers.

 Iteration    Simulation       Bound         Time (s)    Proc. ID
        1    3.000000e+00   6.000000e+00   7.297111e-02          1
        2    5.000000e+00   6.000000e+00   8.704090e-02          1
        3    9.000000e+00   6.000000e+00   8.796096e-02          1
        4    9.000000e+00   6.000000e+00   8.915210e-02          1
        5    5.000000e+00   6.000000e+00   9.033990e-02          1
        6    5.000000e+00   6.000000e+00   9.187794e-02          1
        7    5.000000e+00   6.000000e+00   9.390092e-02          1
        8    9.000000e+00   6.000000e+00   9.559608e-02          1
        9    9.000000e+00   6.000000e+00   9.712505e-02          1
       10    5.000000e+00   6.000000e+00   9.864998e-02          1
       11    9.000000e+00   6.000000e+00   1.002200e-01          1
       12    9.000000e+00   6.000000e+00   1.018670e-01          1
       13    5.000000e+00   6.000000e+00   1.033640e-01          1
       14    3.000000e+00   6.000000e+00   1.048801e-01          1
       15    7.000000e+00   6.000000e+00   1.193111e-01          1
       16    9.000000e+00   6.000000e+00   1.203871e-01          1
       17    9.000000e+00   6.000000e+00   1.213701e-01          1
       18    3.000000e+00   6.000000e+00   1.219039e-01          1
       19    3.000000e+00   6.000000e+00   1.224620e-01          1
       20    3.000000e+00   6.000000e+00   1.230199e-01          1

Terminating training with status: iteration_limit
------------------------------------------------------------------
Test Summary: | Pass  Total
SDDP.jl       |  784    784
ERROR: LoadError: SystemError: opening file "/home/pkgeval/.julia/packages/SDDP/3B4BV/src/JuMP.jl": Permission denied
Stacktrace:
 [1] #systemerror#44(::Nothing, ::typeof(systemerror), ::String, ::Bool) at ./error.jl:134
 [2] systemerror at ./error.jl:134 [inlined]
 [3] #open#512(::Nothing, ::Nothing, ::Nothing, ::Bool, ::Nothing, ::typeof(open), ::String) at ./iostream.jl:254
 [4] #open at ./none:0 [inlined]
 [5] open(::String, ::String) at ./iostream.jl:310
 [6] #open#271(::Base.Iterators.Pairs{Union{},Union{},Tuple{},NamedTuple{(),Tuple{}}}, ::typeof(open), ::Base.var"#276#277"{String,Tuple{}}, ::String, ::Vararg{String,N} where N) at ./io.jl:296
 [7] open at ./io.jl:296 [inlined]
 [8] write at ./io.jl:367 [inlined]
 [9] #format_file#67(::Bool, ::Bool, ::Int64, ::Int64, ::Bool, ::Bool, ::Bool, ::typeof(format_file), ::String) at /home/pkgeval/.julia/packages/JuliaFormatter/PjNWx/src/JuliaFormatter.jl:344
 [10] format_file at /home/pkgeval/.julia/packages/JuliaFormatter/PjNWx/src/JuliaFormatter.jl:329 [inlined]
 [11] #format#68(::Base.Iterators.Pairs{Union{},Union{},Tuple{},NamedTuple{(),Tuple{}}}, ::typeof(format), ::Tuple{String}) at /home/pkgeval/.julia/packages/JuliaFormatter/PjNWx/src/JuliaFormatter.jl:412
 [12] format at /home/pkgeval/.julia/packages/JuliaFormatter/PjNWx/src/JuliaFormatter.jl:402 [inlined]
 [13] #format#69 at /home/pkgeval/.julia/packages/JuliaFormatter/PjNWx/src/JuliaFormatter.jl:419 [inlined]
 [14] format(::String) at /home/pkgeval/.julia/packages/JuliaFormatter/PjNWx/src/JuliaFormatter.jl:419
 [15] top-level scope at /home/pkgeval/.julia/packages/SDDP/3B4BV/test/runtests.jl:49
 [16] include at ./boot.jl:328 [inlined]
 [17] include_relative(::Module, ::String) at ./loading.jl:1105
 [18] include(::Module, ::String) at ./Base.jl:31
 [19] include(::String) at ./client.jl:424
 [20] top-level scope at none:6
in expression starting at /home/pkgeval/.julia/packages/SDDP/3B4BV/test/runtests.jl:49
ERROR: Package SDDP errored during testing
Stacktrace:
 [1] pkgerror(::String, ::Vararg{String,N} where N) at /workspace/srcdir/usr/share/julia/stdlib/v1.3/Pkg/src/Types.jl:113
 [2] #test#131(::Bool, ::Nothing, ::Cmd, ::Cmd, ::typeof(Pkg.Operations.test), ::Pkg.Types.Context, ::Array{Pkg.Types.PackageSpec,1}) at /workspace/srcdir/usr/share/julia/stdlib/v1.3/Pkg/src/Operations.jl:1372
 [3] #test at ./none:0 [inlined]
 [4] #test#62(::Bool, ::Nothing, ::Cmd, ::Cmd, ::Base.Iterators.Pairs{Union{},Union{},Tuple{},NamedTuple{(),Tuple{}}}, ::typeof(Pkg.API.test), ::Pkg.Types.Context, ::Array{Pkg.Types.PackageSpec,1}) at /workspace/srcdir/usr/share/julia/stdlib/v1.3/Pkg/src/API.jl:253
 [5] test(::Pkg.Types.Context, ::Array{Pkg.Types.PackageSpec,1}) at /workspace/srcdir/usr/share/julia/stdlib/v1.3/Pkg/src/API.jl:239
 [6] #test#61 at /workspace/srcdir/usr/share/julia/stdlib/v1.3/Pkg/src/API.jl:233 [inlined]
 [7] test at /workspace/srcdir/usr/share/julia/stdlib/v1.3/Pkg/src/API.jl:233 [inlined]
 [8] #test#60 at /workspace/srcdir/usr/share/julia/stdlib/v1.3/Pkg/src/API.jl:232 [inlined]
 [9] test at /workspace/srcdir/usr/share/julia/stdlib/v1.3/Pkg/src/API.jl:232 [inlined]
 [10] #test#59(::Base.Iterators.Pairs{Union{},Union{},Tuple{},NamedTuple{(),Tuple{}}}, ::typeof(Pkg.API.test), ::String) at /workspace/srcdir/usr/share/julia/stdlib/v1.3/Pkg/src/API.jl:231
 [11] test(::String) at /workspace/srcdir/usr/share/julia/stdlib/v1.3/Pkg/src/API.jl:231
 [12] top-level scope at none:13
