Julia Version 1.5.1-pre.28
Commit 0d71d8cd8b (2020-08-14 20:35 UTC)
Platform Info:
  OS: Linux (x86_64-linux-gnu)
  CPU: Intel(R) Xeon(R) Silver 4114 CPU @ 2.20GHz
  WORD_SIZE: 64
  LIBM: libopenlibm
  LLVM: libLLVM-9.0.1 (ORCJIT, skylake-avx512)
Environment:
  JULIA_DEPOT_PATH = ::/usr/local/share/julia
  JULIA_NUM_THREADS = 2

  Resolving package versions...
  Installed Overseer ─────────── v0.1.1
  Installed UnPack ───────────── v1.0.2
  Installed OrderedCollections ─ v1.3.0
  Installed Parameters ───────── v0.12.1
Updating `~/.julia/environments/v1.5/Project.toml`
  [1ada24be] + Overseer v0.1.1
Updating `~/.julia/environments/v1.5/Manifest.toml`
  [bac558e1] + OrderedCollections v1.3.0
  [1ada24be] + Overseer v0.1.1
  [d96e819e] + Parameters v0.12.1
  [3a884ed6] + UnPack v1.0.2
    Testing Overseer
Status `/tmp/jl_YbM5zg/Project.toml`
  [1ada24be] Overseer v0.1.1
  [d96e819e] Parameters v0.12.1
  [8dfed614] Test
Status `/tmp/jl_YbM5zg/Manifest.toml`
  [bac558e1] OrderedCollections v1.3.0
  [1ada24be] Overseer v0.1.1
  [d96e819e] Parameters v0.12.1
  [3a884ed6] UnPack v1.0.2
  [2a0f44e3] Base64
  [8ba89e20] Distributed
  [b77e0a4c] InteractiveUtils
  [56ddb016] Logging
  [d6f4376e] Markdown
  [9a3f8284] Random
  [9e88b42a] Serialization
  [6462fe0b] Sockets
  [8dfed614] Test
Test Summary: | Pass  Total
Indices       |   79     79
Test Summary: | Pass  Total
Components    |   40     40
Test Summary: | Pass  Total
Ledger        |   40     40
    Testing Overseer tests passed 
