Running tests with Julia v1.3.1-pre.12
   Cloning default registries into `~/.julia`
   Cloning registry from "https://github.com/JuliaRegistries/General.git"
[?25l    Fetching: [>                                        ]  0.0 %    Fetching: [==============>                          ]  34.1 %    Fetching: [================================>        ]  79.5 %[2K[?25h     Added registry `General` to `~/.julia/registries/General`
 Resolving package versions...
 Installed Requires ──────── v0.5.2
 Installed RecipesBase ───── v0.7.0
 Installed Harlequin ─────── v0.1.0
 Installed RunLengthArrays ─ v0.1.0
 Installed Healpix ───────── v2.3.0
 Installed FITSIO ────────── v0.14.0
 Installed BinaryProvider ── v0.5.8
 Installed JSON ──────────── v0.21.0
 Installed Parsers ───────── v0.3.10
 Installed StaticArrays ──── v0.12.1
  Updating `~/.julia/environments/v1.3/Project.toml`
  [af1cbc52] + Harlequin v0.1.0
  Updating `~/.julia/environments/v1.3/Manifest.toml`
  [b99e7846] + BinaryProvider v0.5.8
  [525bcba6] + FITSIO v0.14.0
  [af1cbc52] + Harlequin v0.1.0
  [9f4e344d] + Healpix v2.3.0
  [682c06a0] + JSON v0.21.0
  [69de0a69] + Parsers v0.3.10
  [3cdcf5f2] + RecipesBase v0.7.0
  [ae029012] + Requires v0.5.2
  [11ec6118] + RunLengthArrays v0.1.0
  [90137ffa] + StaticArrays v0.12.1
  [2a0f44e3] + Base64 
  [ade2ca70] + Dates 
  [8ba89e20] + Distributed 
  [b77e0a4c] + InteractiveUtils 
  [8f399da3] + Libdl 
  [37e2e46d] + LinearAlgebra 
  [56ddb016] + Logging 
  [d6f4376e] + Markdown 
  [a63ad114] + Mmap 
  [de0858da] + Printf 
  [9a3f8284] + Random 
  [ea8e919c] + SHA 
  [9e88b42a] + Serialization 
  [6462fe0b] + Sockets 
  [2f01184e] + SparseArrays 
  [10745b16] + Statistics 
  [8dfed614] + Test 
  [4ec0a83e] + Unicode 
  Building FITSIO → `~/.julia/packages/FITSIO/BavHZ/deps/build.log`
   Testing Harlequin
 Resolving package versions...
    Status `/tmp/jl_DHwBu6/Manifest.toml`
  [b99e7846] BinaryProvider v0.5.8
  [525bcba6] FITSIO v0.14.0
  [af1cbc52] Harlequin v0.1.0
  [9f4e344d] Healpix v2.3.0
  [682c06a0] JSON v0.21.0
  [69de0a69] Parsers v0.3.10
  [3cdcf5f2] RecipesBase v0.7.0
  [ae029012] Requires v0.5.2
  [11ec6118] RunLengthArrays v0.1.0
  [90137ffa] StaticArrays v0.12.1
  [2a0f44e3] Base64  [`@stdlib/Base64`]
  [ade2ca70] Dates  [`@stdlib/Dates`]
  [8ba89e20] Distributed  [`@stdlib/Distributed`]
  [b77e0a4c] InteractiveUtils  [`@stdlib/InteractiveUtils`]
  [8f399da3] Libdl  [`@stdlib/Libdl`]
  [37e2e46d] LinearAlgebra  [`@stdlib/LinearAlgebra`]
  [56ddb016] Logging  [`@stdlib/Logging`]
  [d6f4376e] Markdown  [`@stdlib/Markdown`]
  [a63ad114] Mmap  [`@stdlib/Mmap`]
  [de0858da] Printf  [`@stdlib/Printf`]
  [9a3f8284] Random  [`@stdlib/Random`]
  [ea8e919c] SHA  [`@stdlib/SHA`]
  [9e88b42a] Serialization  [`@stdlib/Serialization`]
  [6462fe0b] Sockets  [`@stdlib/Sockets`]
  [2f01184e] SparseArrays  [`@stdlib/SparseArrays`]
  [10745b16] Statistics  [`@stdlib/Statistics`]
  [8dfed614] Test  [`@stdlib/Test`]
  [4ec0a83e] Unicode  [`@stdlib/Unicode`]
Test Summary: | Pass  Total
Quaternions   |    8      8
Test Summary:       | Pass  Total
Pointing generation |  118    118
Test Summary:        | Pass  Total
Segmented time spans |   53     53
Test Summary:   | Pass  Total
Dipole analysis |    6      6
Test Summary:  |   Pass   Total
Beam functions | 589826  589826
[ Info: Destriper converged after 11 iterations, stopping factor (1.296693441571405e-19) < threshold (1.0e-14)
Test Summary:        | Pass  Total
Map-making functions |   32     32
   Testing Harlequin tests passed 
