Julia Version 1.3.2-pre.0
Commit 2e6715c045 (2019-12-31 00:49 UTC)
Platform Info:
  OS: Linux (x86_64-linux-gnu)
  CPU: Intel(R) Xeon(R) Silver 4114 CPU @ 2.20GHz
  WORD_SIZE: 64
  LIBM: libopenlibm
  LLVM: libLLVM-6.0.1 (ORCJIT, skylake)
Environment:
  JULIA_DEPOT_PATH = ::/usr/local/share/julia

 Resolving package versions...
 Installed Reexport ──────────────────── v0.2.0
 Installed MutableArithmetics ────────── v0.2.0
 Installed SpecialFunctions ──────────── v0.9.0
 Installed PowerModelsAnnex ──────────── v0.2.6
 Installed Memento ───────────────────── v0.12.1
 Installed InfrastructureModels ──────── v0.3.2
 Installed ForwardDiff ───────────────── v0.10.8
 Installed JuMP ──────────────────────── v0.20.1
 Installed DiffRules ─────────────────── v1.0.0
 Installed TableTraits ───────────────── v1.0.0
 Installed BinaryProvider ────────────── v0.5.8
 Installed CategoricalArrays ─────────── v0.7.6
 Installed OpenSpecFun_jll ───────────── v0.5.3+1
 Installed PowerModels ───────────────── v0.13.1
 Installed Parsers ───────────────────── v0.3.10
 Installed EzXML ─────────────────────── v0.9.5
 Installed MathOptInterface ──────────── v0.9.9
 Installed DataValueInterfaces ───────── v1.0.0
 Installed PooledArrays ──────────────── v0.5.3
 Installed NaNMath ───────────────────── v0.3.3
 Installed StaticArrays ──────────────── v0.12.1
 Installed Tables ────────────────────── v0.2.11
 Installed Calculus ──────────────────── v0.5.1
 Installed DataStructures ────────────── v0.17.7
 Installed CommonSubexpressions ──────── v0.2.0
 Installed JSON ──────────────────────── v0.21.0
 Installed CodecZlib ─────────────────── v0.6.0
 Installed Syslogs ───────────────────── v0.3.0
 Installed IniFile ───────────────────── v0.5.0
 Installed BenchmarkTools ────────────── v0.4.3
 Installed CodecBzip2 ────────────────── v0.6.0
 Installed DataAPI ───────────────────── v1.1.0
 Installed TimeZones ─────────────────── v0.10.3
 Installed HTTP ──────────────────────── v0.8.8
 Installed IteratorInterfaceExtensions ─ v1.0.0
 Installed TranscodingStreams ────────── v0.9.5
 Installed JSONSchema ────────────────── v0.2.0
 Installed DataFrames ────────────────── v0.20.0
 Installed Unitful ───────────────────── v0.15.0
 Installed Mocking ───────────────────── v0.7.0
 Installed PowerSystemsUnits ─────────── v0.2.0
 Installed InvertedIndices ───────────── v1.0.0
 Installed OrderedCollections ────────── v1.1.0
 Installed SortingAlgorithms ─────────── v0.3.1
 Installed DiffResults ───────────────── v1.0.2
 Installed MbedTLS ───────────────────── v0.7.0
 Installed Compat ────────────────────── v3.2.0
 Installed Missings ──────────────────── v0.4.3
  Updating `~/.julia/environments/v1.3/Project.toml`
  [6e471128] + PowerModelsAnnex v0.2.6
  Updating `~/.julia/environments/v1.3/Manifest.toml`
  [6e4b80f9] + BenchmarkTools v0.4.3
  [b99e7846] + BinaryProvider v0.5.8
  [49dc2e85] + Calculus v0.5.1
  [324d7699] + CategoricalArrays v0.7.6
  [523fee87] + CodecBzip2 v0.6.0
  [944b1d66] + CodecZlib v0.6.0
  [bbf7d656] + CommonSubexpressions v0.2.0
  [34da2185] + Compat v3.2.0
  [9a962f9c] + DataAPI v1.1.0
  [a93c6f00] + DataFrames v0.20.0
  [864edb3b] + DataStructures v0.17.7
  [e2d170a0] + DataValueInterfaces v1.0.0
  [163ba53b] + DiffResults v1.0.2
  [b552c78f] + DiffRules v1.0.0
  [8f5d6c58] + EzXML v0.9.5
  [f6369f11] + ForwardDiff v0.10.8
  [cd3eb016] + HTTP v0.8.8
  [2030c09a] + InfrastructureModels v0.3.2
  [83e8ac13] + IniFile v0.5.0
  [41ab1584] + InvertedIndices v1.0.0
  [82899510] + IteratorInterfaceExtensions v1.0.0
  [682c06a0] + JSON v0.21.0
  [7d188eb4] + JSONSchema v0.2.0
  [4076af6c] + JuMP v0.20.1
  [b8f27783] + MathOptInterface v0.9.9
  [739be429] + MbedTLS v0.7.0
  [f28f55f0] + Memento v0.12.1
  [e1d29d7a] + Missings v0.4.3
  [78c3b35d] + Mocking v0.7.0
  [d8a4904e] + MutableArithmetics v0.2.0
  [77ba4419] + NaNMath v0.3.3
  [efe28fd5] + OpenSpecFun_jll v0.5.3+1
  [bac558e1] + OrderedCollections v1.1.0
  [69de0a69] + Parsers v0.3.10
  [2dfb63ee] + PooledArrays v0.5.3
  [c36e90e8] + PowerModels v0.13.1
  [6e471128] + PowerModelsAnnex v0.2.6
  [c279aad7] + PowerSystemsUnits v0.2.0
  [189a3867] + Reexport v0.2.0
  [a2af1166] + SortingAlgorithms v0.3.1
  [276daf66] + SpecialFunctions v0.9.0
  [90137ffa] + StaticArrays v0.12.1
  [cea106d9] + Syslogs v0.3.0
  [3783bdb8] + TableTraits v1.0.0
  [bd369af6] + Tables v0.2.11
  [f269a46b] + TimeZones v0.10.3
  [3bb67fe8] + TranscodingStreams v0.9.5
  [1986cc42] + Unitful v0.15.0
  [2a0f44e3] + Base64 
  [ade2ca70] + Dates 
  [8bb1440f] + DelimitedFiles 
  [8ba89e20] + Distributed 
  [9fa8497b] + Future 
  [b77e0a4c] + InteractiveUtils 
  [76f85450] + LibGit2 
  [8f399da3] + Libdl 
  [37e2e46d] + LinearAlgebra 
  [56ddb016] + Logging 
  [d6f4376e] + Markdown 
  [a63ad114] + Mmap 
  [44cfe95a] + Pkg 
  [de0858da] + Printf 
  [3fa0cd96] + REPL 
  [9a3f8284] + Random 
  [ea8e919c] + SHA 
  [9e88b42a] + Serialization 
  [1a1011a3] + SharedArrays 
  [6462fe0b] + Sockets 
  [2f01184e] + SparseArrays 
  [10745b16] + Statistics 
  [8dfed614] + Test 
  [cf7118a7] + UUIDs 
  [4ec0a83e] + Unicode 
  Building EzXML ─────→ `~/.julia/packages/EzXML/QtGgF/deps/build.log`
  Building TimeZones ─→ `~/.julia/packages/TimeZones/pjvlM/deps/build.log`
  Building CodecZlib ─→ `~/.julia/packages/CodecZlib/5t9zO/deps/build.log`
  Building CodecBzip2 → `~/.julia/packages/CodecBzip2/T5yr7/deps/build.log`
  Building MbedTLS ───→ `~/.julia/packages/MbedTLS/a1JFn/deps/build.log`
   Testing PowerModelsAnnex
 Resolving package versions...
ERROR: Unsatisfiable requirements detected for package MathProgBase [fdba3010]:
 MathProgBase [fdba3010] log:
 ├─possible versions are: 0.7.2-0.7.7 or uninstalled
 ├─restricted by compatibility requirements with Ipopt [b6b21f68] to versions: 0.7.2-0.7.7
 │ └─Ipopt [b6b21f68] log:
 │   ├─possible versions are: [0.4.1-0.4.5, 0.5.0-0.5.4, 0.6.0-0.6.1] or uninstalled
 │   ├─restricted to versions * by an explicit requirement, leaving only versions [0.4.1-0.4.5, 0.5.0-0.5.4, 0.6.0-0.6.1]
 │   ├─restricted by compatibility requirements with MathOptInterface [b8f27783] to versions: [0.4.5, 0.5.0-0.5.4, 0.6.0-0.6.1] or uninstalled, leaving only versions: [0.4.5, 0.5.0-0.5.4, 0.6.0-0.6.1]
 │   │ └─MathOptInterface [b8f27783] log:
 │   │   ├─possible versions are: [0.5.0-0.5.1, 0.6.0-0.6.4, 0.7.0, 0.8.0-0.8.4, 0.9.0-0.9.9] or uninstalled
 │   │   └─restricted to versions 0.9.9 by an explicit requirement, leaving only versions 0.9.9
 │   └─restricted by compatibility requirements with Compat [34da2185] to versions: 0.6.0-0.6.1 or uninstalled, leaving only versions: 0.6.0-0.6.1
 │     └─Compat [34da2185] log:
 │       ├─possible versions are: [1.0.0-1.0.1, 1.1.0, 1.2.0, 1.3.0, 1.4.0, 1.5.0-1.5.1, 2.0.0, 2.1.0, 2.2.0, 3.0.0, 3.1.0, 3.2.0] or uninstalled
 │       └─restricted to versions 3.2.0 by an explicit requirement, leaving only versions 3.2.0
 └─restricted by compatibility requirements with Compat [34da2185] to versions: uninstalled — no versions left
   └─Compat [34da2185] log: see above
Stacktrace:
 [1] #propagate_constraints!#61(::Bool, ::typeof(Pkg.GraphType.propagate_constraints!), ::Pkg.GraphType.Graph, ::Set{Int64}) at /workspace/srcdir/usr/share/julia/stdlib/v1.3/Pkg/src/GraphType.jl:1007
 [2] propagate_constraints! at /workspace/srcdir/usr/share/julia/stdlib/v1.3/Pkg/src/GraphType.jl:948 [inlined]
 [3] #simplify_graph!#121(::Bool, ::typeof(Pkg.GraphType.simplify_graph!), ::Pkg.GraphType.Graph, ::Set{Int64}) at /workspace/srcdir/usr/share/julia/stdlib/v1.3/Pkg/src/GraphType.jl:1462
 [4] simplify_graph! at /workspace/srcdir/usr/share/julia/stdlib/v1.3/Pkg/src/GraphType.jl:1462 [inlined]
 [5] _resolve_versions!(::Pkg.Types.Context, ::Array{Pkg.Types.PackageSpec,1}, ::Nothing) at /workspace/srcdir/usr/share/julia/stdlib/v1.3/Pkg/src/backwards_compatible_isolation.jl:148
 [6] _resolve_versions! at /workspace/srcdir/usr/share/julia/stdlib/v1.3/Pkg/src/backwards_compatible_isolation.jl:93 [inlined]
 [7] #_add_or_develop#26(::Array{Base.UUID,1}, ::Symbol, ::typeof(Pkg.Operations._add_or_develop), ::Pkg.Types.Context, ::Array{Pkg.Types.PackageSpec,1}) at /workspace/srcdir/usr/share/julia/stdlib/v1.3/Pkg/src/backwards_compatible_isolation.jl:348
 [8] _add_or_develop at /workspace/srcdir/usr/share/julia/stdlib/v1.3/Pkg/src/backwards_compatible_isolation.jl:333 [inlined]
 [9] (::Pkg.Operations.var"#30#36"{Bool,Pkg.Operations.var"#42#44"{Pkg.Types.Context,Pkg.Types.PackageSpec,Pkg.Operations.var"#41#43"{Pkg.Types.Context,Pkg.Types.PackageSpec,Array{String,1},Cmd}},Pkg.Types.Context,Pkg.Types.PackageSpec,Pkg.Types.Context,Set{Base.UUID},Set{Base.UUID},Array{Pkg.Types.PackageSpec,1}})(::String) at /workspace/srcdir/usr/share/julia/stdlib/v1.3/Pkg/src/backwards_compatible_isolation.jl:537
 [10] #mktempdir#18(::String, ::typeof(mktempdir), ::Pkg.Operations.var"#30#36"{Bool,Pkg.Operations.var"#42#44"{Pkg.Types.Context,Pkg.Types.PackageSpec,Pkg.Operations.var"#41#43"{Pkg.Types.Context,Pkg.Types.PackageSpec,Array{String,1},Cmd}},Pkg.Types.Context,Pkg.Types.PackageSpec,Pkg.Types.Context,Set{Base.UUID},Set{Base.UUID},Array{Pkg.Types.PackageSpec,1}}, ::String) at ./file.jl:634
 [11] mktempdir at ./file.jl:632 [inlined] (repeats 2 times)
 [12] #with_dependencies_loadable_at_toplevel#27(::Bool, ::typeof(Pkg.Operations.with_dependencies_loadable_at_toplevel), ::Pkg.Operations.var"#42#44"{Pkg.Types.Context,Pkg.Types.PackageSpec,Pkg.Operations.var"#41#43"{Pkg.Types.Context,Pkg.Types.PackageSpec,Array{String,1},Cmd}}, ::Pkg.Types.Context, ::Pkg.Types.PackageSpec) at /workspace/srcdir/usr/share/julia/stdlib/v1.3/Pkg/src/backwards_compatible_isolation.jl:516
 [13] #with_dependencies_loadable_at_toplevel at ./none:0 [inlined]
 [14] #backwards_compatibility_for_test#40(::Cmd, ::Cmd, ::typeof(Pkg.Operations.backwards_compatibility_for_test), ::Pkg.Types.Context, ::Pkg.Types.PackageSpec, ::String, ::Array{String,1}, ::Bool) at /workspace/srcdir/usr/share/julia/stdlib/v1.3/Pkg/src/backwards_compatible_isolation.jl:608
 [15] #backwards_compatibility_for_test at ./none:0 [inlined]
 [16] #test#131(::Bool, ::Nothing, ::Cmd, ::Cmd, ::typeof(Pkg.Operations.test), ::Pkg.Types.Context, ::Array{Pkg.Types.PackageSpec,1}) at /workspace/srcdir/usr/share/julia/stdlib/v1.3/Pkg/src/Operations.jl:1347
 [17] #test at ./none:0 [inlined]
 [18] #test#62(::Bool, ::Nothing, ::Cmd, ::Cmd, ::Base.Iterators.Pairs{Union{},Union{},Tuple{},NamedTuple{(),Tuple{}}}, ::typeof(Pkg.API.test), ::Pkg.Types.Context, ::Array{Pkg.Types.PackageSpec,1}) at /workspace/srcdir/usr/share/julia/stdlib/v1.3/Pkg/src/API.jl:253
 [19] test(::Pkg.Types.Context, ::Array{Pkg.Types.PackageSpec,1}) at /workspace/srcdir/usr/share/julia/stdlib/v1.3/Pkg/src/API.jl:239
 [20] #test#61 at /workspace/srcdir/usr/share/julia/stdlib/v1.3/Pkg/src/API.jl:233 [inlined]
 [21] test at /workspace/srcdir/usr/share/julia/stdlib/v1.3/Pkg/src/API.jl:233 [inlined]
 [22] #test#60 at /workspace/srcdir/usr/share/julia/stdlib/v1.3/Pkg/src/API.jl:232 [inlined]
 [23] test at /workspace/srcdir/usr/share/julia/stdlib/v1.3/Pkg/src/API.jl:232 [inlined]
 [24] #test#59(::Base.Iterators.Pairs{Union{},Union{},Tuple{},NamedTuple{(),Tuple{}}}, ::typeof(Pkg.API.test), ::String) at /workspace/srcdir/usr/share/julia/stdlib/v1.3/Pkg/src/API.jl:231
 [25] test(::String) at /workspace/srcdir/usr/share/julia/stdlib/v1.3/Pkg/src/API.jl:231
 [26] top-level scope at none:13
