Julia Version 1.3.2-pre.0
Commit 2e6715c045 (2019-12-31 00:49 UTC)
Platform Info:
  OS: Linux (x86_64-linux-gnu)
  CPU: Intel(R) Xeon(R) Silver 4114 CPU @ 2.20GHz
  WORD_SIZE: 64
  LIBM: libopenlibm
  LLVM: libLLVM-6.0.1 (ORCJIT, skylake)
Environment:
  JULIA_DEPOT_PATH = ::/usr/local/share/julia

 Resolving package versions...
 Installed MutableArithmetics ─── v0.2.0
 Installed SpecialFunctions ───── v0.9.0
 Installed DiffRules ──────────── v1.0.0
 Installed Polyhedra ──────────── v0.5.7
 Installed OpenSpecFun_jll ────── v0.5.3+1
 Installed ForwardDiff ────────── v0.10.8
 Installed MathOptInterface ───── v0.9.9
 Installed JuMP ───────────────── v0.20.1
 Installed Parsers ────────────── v0.3.10
 Installed RecipesBase ────────── v0.7.0
 Installed Calculus ───────────── v0.5.1
 Installed BinaryProvider ─────── v0.5.8
 Installed DataStructures ─────── v0.17.7
 Installed ColorTypes ─────────── v0.9.0
 Installed StaticArrays ───────── v0.12.1
 Installed IniFile ────────────── v0.5.0
 Installed NaNMath ────────────── v0.3.3
 Installed CommonSubexpressions ─ v0.2.0
 Installed ParameterJuMP ──────── v0.1.2
 Installed CodecBzip2 ─────────── v0.6.0
 Installed JSON ───────────────── v0.21.0
 Installed CodecZlib ──────────── v0.6.0
 Installed BenchmarkTools ─────── v0.4.3
 Installed TranscodingStreams ─── v0.9.5
 Installed HTTP ───────────────── v0.8.8
 Installed JSONSchema ─────────── v0.2.0
 Installed DiffResults ────────── v1.0.2
 Installed GeometryTypes ──────── v0.7.7
 Installed MbedTLS ────────────── v0.7.0
 Installed OrderedCollections ─── v1.1.0
 Installed FixedPointNumbers ──── v0.7.1
  Updating `~/.julia/environments/v1.3/Project.toml`
  [67491407] + Polyhedra v0.5.7
  Updating `~/.julia/environments/v1.3/Manifest.toml`
  [6e4b80f9] + BenchmarkTools v0.4.3
  [b99e7846] + BinaryProvider v0.5.8
  [49dc2e85] + Calculus v0.5.1
  [523fee87] + CodecBzip2 v0.6.0
  [944b1d66] + CodecZlib v0.6.0
  [3da002f7] + ColorTypes v0.9.0
  [bbf7d656] + CommonSubexpressions v0.2.0
  [864edb3b] + DataStructures v0.17.7
  [163ba53b] + DiffResults v1.0.2
  [b552c78f] + DiffRules v1.0.0
  [53c48c17] + FixedPointNumbers v0.7.1
  [f6369f11] + ForwardDiff v0.10.8
  [4d00f742] + GeometryTypes v0.7.7
  [cd3eb016] + HTTP v0.8.8
  [83e8ac13] + IniFile v0.5.0
  [682c06a0] + JSON v0.21.0
  [7d188eb4] + JSONSchema v0.2.0
  [4076af6c] + JuMP v0.20.1
  [b8f27783] + MathOptInterface v0.9.9
  [739be429] + MbedTLS v0.7.0
  [d8a4904e] + MutableArithmetics v0.2.0
  [77ba4419] + NaNMath v0.3.3
  [efe28fd5] + OpenSpecFun_jll v0.5.3+1
  [bac558e1] + OrderedCollections v1.1.0
  [774612a8] + ParameterJuMP v0.1.2
  [69de0a69] + Parsers v0.3.10
  [67491407] + Polyhedra v0.5.7
  [3cdcf5f2] + RecipesBase v0.7.0
  [276daf66] + SpecialFunctions v0.9.0
  [90137ffa] + StaticArrays v0.12.1
  [3bb67fe8] + TranscodingStreams v0.9.5
  [2a0f44e3] + Base64 
  [ade2ca70] + Dates 
  [8ba89e20] + Distributed 
  [b77e0a4c] + InteractiveUtils 
  [76f85450] + LibGit2 
  [8f399da3] + Libdl 
  [37e2e46d] + LinearAlgebra 
  [56ddb016] + Logging 
  [d6f4376e] + Markdown 
  [a63ad114] + Mmap 
  [44cfe95a] + Pkg 
  [de0858da] + Printf 
  [3fa0cd96] + REPL 
  [9a3f8284] + Random 
  [ea8e919c] + SHA 
  [9e88b42a] + Serialization 
  [6462fe0b] + Sockets 
  [2f01184e] + SparseArrays 
  [10745b16] + Statistics 
  [8dfed614] + Test 
  [cf7118a7] + UUIDs 
  [4ec0a83e] + Unicode 
  Building CodecZlib ─→ `~/.julia/packages/CodecZlib/5t9zO/deps/build.log`
  Building CodecBzip2 → `~/.julia/packages/CodecBzip2/T5yr7/deps/build.log`
  Building MbedTLS ───→ `~/.julia/packages/MbedTLS/a1JFn/deps/build.log`
   Testing Polyhedra
 Resolving package versions...
 Installed Combinatorics ─ v1.0.0
 Installed GLPK ────────── v0.12.1
 Installed Polynomials ─── v0.6.0
  Building GLPK → `~/.julia/packages/GLPK/HjJiX/deps/build.log`
    Status `/tmp/jl_EP8CSW/Manifest.toml`
  [6e4b80f9] BenchmarkTools v0.4.3
  [b99e7846] BinaryProvider v0.5.8
  [49dc2e85] Calculus v0.5.1
  [523fee87] CodecBzip2 v0.6.0
  [944b1d66] CodecZlib v0.6.0
  [3da002f7] ColorTypes v0.9.0
  [861a8166] Combinatorics v1.0.0
  [bbf7d656] CommonSubexpressions v0.2.0
  [864edb3b] DataStructures v0.17.7
  [163ba53b] DiffResults v1.0.2
  [b552c78f] DiffRules v1.0.0
  [53c48c17] FixedPointNumbers v0.7.1
  [f6369f11] ForwardDiff v0.10.8
  [60bf3e95] GLPK v0.12.1
  [4d00f742] GeometryTypes v0.7.7
  [cd3eb016] HTTP v0.8.8
  [83e8ac13] IniFile v0.5.0
  [682c06a0] JSON v0.21.0
  [7d188eb4] JSONSchema v0.2.0
  [4076af6c] JuMP v0.20.1
  [b8f27783] MathOptInterface v0.9.9
  [739be429] MbedTLS v0.7.0
  [d8a4904e] MutableArithmetics v0.2.0
  [77ba4419] NaNMath v0.3.3
  [efe28fd5] OpenSpecFun_jll v0.5.3+1
  [bac558e1] OrderedCollections v1.1.0
  [774612a8] ParameterJuMP v0.1.2
  [69de0a69] Parsers v0.3.10
  [67491407] Polyhedra v0.5.7
  [f27b6e38] Polynomials v0.6.0
  [3cdcf5f2] RecipesBase v0.7.0
  [276daf66] SpecialFunctions v0.9.0
  [90137ffa] StaticArrays v0.12.1
  [3bb67fe8] TranscodingStreams v0.9.5
  [2a0f44e3] Base64  [`@stdlib/Base64`]
  [ade2ca70] Dates  [`@stdlib/Dates`]
  [8ba89e20] Distributed  [`@stdlib/Distributed`]
  [b77e0a4c] InteractiveUtils  [`@stdlib/InteractiveUtils`]
  [76f85450] LibGit2  [`@stdlib/LibGit2`]
  [8f399da3] Libdl  [`@stdlib/Libdl`]
  [37e2e46d] LinearAlgebra  [`@stdlib/LinearAlgebra`]
  [56ddb016] Logging  [`@stdlib/Logging`]
  [d6f4376e] Markdown  [`@stdlib/Markdown`]
  [a63ad114] Mmap  [`@stdlib/Mmap`]
  [44cfe95a] Pkg  [`@stdlib/Pkg`]
  [de0858da] Printf  [`@stdlib/Printf`]
  [3fa0cd96] REPL  [`@stdlib/REPL`]
  [9a3f8284] Random  [`@stdlib/Random`]
  [ea8e919c] SHA  [`@stdlib/SHA`]
  [9e88b42a] Serialization  [`@stdlib/Serialization`]
  [6462fe0b] Sockets  [`@stdlib/Sockets`]
  [2f01184e] SparseArrays  [`@stdlib/SparseArrays`]
  [10745b16] Statistics  [`@stdlib/Statistics`]
  [8dfed614] Test  [`@stdlib/Test`]
  [cf7118a7] UUIDs  [`@stdlib/UUIDs`]
  [4ec0a83e] Unicode  [`@stdlib/Unicode`]
Test Summary: | Pass  Total
Element       |   33     33
Test Summary: | Pass  Total
Comparison    |    2      2
Test Summary:        | Pass  Total
Representation tests |  697    697
Test Summary: | Pass  Total
Dual Type     |    5      5
Test Summary:         | Pass  Total
Unimplemented methods |    9      9
Test Summary:                                        | Pass  Total
Polyhedra.DefaultPolyhedron constructor with nothing |    6      6
Test Summary:      | Pass  Total
Redundancy removal |  366    366
Test Summary:     | Pass  Total
Duplicate removal |   10     10
Test Summary:      | Pass  Total
Double Description |   43     43
Test Summary:  | Pass  Total
Interval tests |  253    253
Test Summary:                           | Pass  Total
Model to Polyhedra with default library |    4      4
Test Summary:                                 | Pass  Total
Continuous Linear problems with VRepOptimizer |  398    398
Test Summary:              | Pass  Total
AbstractPolyhedraOptimizer |    8      8
Test Summary:                | Pass  Total
PolyhedraToLPBridge{Float64} |   15     15
Test Summary:              | Pass  Total
PolyhedraToLPBridge{Int64} |   15     15
Test Summary:               | Pass  Total
PolyhedraToLPBridge{BigInt} |   15     15
Test Summary:                         | Pass  Total
PolyhedraToLPBridge{Rational{BigInt}} |   15     15
Test Summary: | Pass  Total
Default       |   14     14
Test Summary: | Pass  Total
Show          |   23     23
┌ Warning: `removevredundancy` will trigger the computation of the H-representation, which is computationally demanding because no solver was provided to the library. If this is expected, call `computehrep!` explicitely before calling this function to remove this warning.
└ @ Polyhedra ~/.julia/packages/Polyhedra/RI4Vm/src/redundancy.jl:109
Test Summary:                                | Pass  Total
Polyhedra tests in floating point arithmetic |  673    673
┌ Warning: `removevredundancy` will trigger the computation of the H-representation, which is computationally demanding because no solver was provided to the library. If this is expected, call `computehrep!` explicitely before calling this function to remove this warning.
└ @ Polyhedra ~/.julia/packages/Polyhedra/RI4Vm/src/redundancy.jl:109
Test Summary:                       | Pass  Total
Polyhedra tests in exact arithmetic |  673    673
   Testing Polyhedra tests passed 
