Julia Version 1.5.2-pre.0
Commit c4acbf93fb (2020-08-26 10:58 UTC)
Platform Info:
  OS: Linux (x86_64-pc-linux-gnu)
  CPU: Intel(R) Xeon(R) Silver 4114 CPU @ 2.20GHz
  WORD_SIZE: 64
  LIBM: libopenlibm
  LLVM: libLLVM-9.0.1 (ORCJIT, skylake-avx512)
Environment:
  JULIA_DEPOT_PATH = ::/usr/local/share/julia
  JULIA_NUM_THREADS = 2

  Resolving package versions...
  Installed Zlib_jll ────── v1.2.11+16
  Installed EzXML ───────── v1.1.0
  Installed ExprTools ───── v0.1.1
  Installed MatrixPencils ─ v1.2.0
  Installed OffsetArrays ── v1.1.3
  Installed Intervals ───── v1.4.2
  Installed Polynomials ─── v1.1.7
  Installed TimeZones ───── v1.3.2
  Installed Libiconv_jll ── v1.16.0+6
  Installed RecipesBase ─── v1.0.2
  Installed XML2_jll ────── v2.9.10+2
  Installed Mocking ─────── v0.7.1
Updating `~/.julia/environments/v1.5/Project.toml`
  [48965c70] + MatrixPencils v1.2.0
Updating `~/.julia/environments/v1.5/Manifest.toml`
  [e2ba6199] + ExprTools v0.1.1
  [8f5d6c58] + EzXML v1.1.0
  [d8418881] + Intervals v1.4.2
  [94ce4f54] + Libiconv_jll v1.16.0+6
  [48965c70] + MatrixPencils v1.2.0
  [78c3b35d] + Mocking v0.7.1
  [6fe1bfb0] + OffsetArrays v1.1.3
  [f27b6e38] + Polynomials v1.1.7
  [3cdcf5f2] + RecipesBase v1.0.2
  [f269a46b] + TimeZones v1.3.2
  [02c8fc9c] + XML2_jll v2.9.10+2
  [83775a58] + Zlib_jll v1.2.11+16
  [2a0f44e3] + Base64
  [ade2ca70] + Dates
  [b77e0a4c] + InteractiveUtils
  [76f85450] + LibGit2
  [8f399da3] + Libdl
  [37e2e46d] + LinearAlgebra
  [56ddb016] + Logging
  [d6f4376e] + Markdown
  [44cfe95a] + Pkg
  [de0858da] + Printf
  [3fa0cd96] + REPL
  [9a3f8284] + Random
  [ea8e919c] + SHA
  [9e88b42a] + Serialization
  [6462fe0b] + Sockets
  [cf7118a7] + UUIDs
  [4ec0a83e] + Unicode
   Building TimeZones → `~/.julia/packages/TimeZones/v0mfN/deps/build.log`
    Testing MatrixPencils
Status `/tmp/jl_hxKaKh/Project.toml`
  [48965c70] MatrixPencils v1.2.0
  [f27b6e38] Polynomials v1.1.7
  [37e2e46d] LinearAlgebra
  [9a3f8284] Random
  [8dfed614] Test
Status `/tmp/jl_hxKaKh/Manifest.toml`
  [e2ba6199] ExprTools v0.1.1
  [8f5d6c58] EzXML v1.1.0
  [d8418881] Intervals v1.4.2
  [94ce4f54] Libiconv_jll v1.16.0+6
  [48965c70] MatrixPencils v1.2.0
  [78c3b35d] Mocking v0.7.1
  [6fe1bfb0] OffsetArrays v1.1.3
  [f27b6e38] Polynomials v1.1.7
  [3cdcf5f2] RecipesBase v1.0.2
  [f269a46b] TimeZones v1.3.2
  [02c8fc9c] XML2_jll v2.9.10+2
  [83775a58] Zlib_jll v1.2.11+16
  [2a0f44e3] Base64
  [ade2ca70] Dates
  [8ba89e20] Distributed
  [b77e0a4c] InteractiveUtils
  [76f85450] LibGit2
  [8f399da3] Libdl
  [37e2e46d] LinearAlgebra
  [56ddb016] Logging
  [d6f4376e] Markdown
  [44cfe95a] Pkg
  [de0858da] Printf
  [3fa0cd96] REPL
  [9a3f8284] Random
  [ea8e919c] SHA
  [9e88b42a] Serialization
  [6462fe0b] Sockets
  [8dfed614] Test
  [cf7118a7] UUIDs
  [4ec0a83e] Unicode
  0.000010 seconds (7 allocations: 496 bytes)
  0.000009 seconds (9 allocations: 800 bytes)
  0.000002 seconds (9 allocations: 832 bytes)
  0.000002 seconds (9 allocations: 832 bytes)
  0.000004 seconds (9 allocations: 800 bytes)
  2.189261 seconds (1.22 M allocations: 64.323 MiB, 16.55% gc time)
  0.000176 seconds (134 allocations: 109.203 KiB)
  0.000029 seconds (89 allocations: 6.875 KiB)
  0.000024 seconds (91 allocations: 7.031 KiB)
  0.000361 seconds (136 allocations: 118.891 KiB)
  0.323271 seconds (178.25 k allocations: 9.115 MiB)
  0.000188 seconds (92 allocations: 10.875 KiB)
  0.000063 seconds (94 allocations: 11.031 KiB)
  0.000722 seconds (261 allocations: 604.906 KiB)
  0.212645 seconds (118.44 k allocations: 6.656 MiB)
  0.131799 seconds (61.33 k allocations: 4.515 MiB)
  0.039947 seconds (510 allocations: 660.719 KiB)
  0.001644 seconds (527 allocations: 659.312 KiB)
 50.648318 seconds (28.63 M allocations: 1.206 GiB, 1.77% gc time)
  2.074328 seconds (1.33 M allocations: 70.674 MiB)
  0.002089 seconds (557 allocations: 1.271 MiB)
  0.000012 seconds (7 allocations: 496 bytes)
  0.000003 seconds (9 allocations: 800 bytes)
  0.000006 seconds (9 allocations: 832 bytes)
  0.000003 seconds (9 allocations: 832 bytes)
  0.000003 seconds (9 allocations: 800 bytes)
  0.000163 seconds (81 allocations: 269.641 KiB)
  0.000145 seconds (96 allocations: 270.312 KiB)
  0.000083 seconds (49 allocations: 168.281 KiB)
  0.000085 seconds (51 allocations: 168.438 KiB)
  0.000170 seconds (88 allocations: 280.547 KiB)
  0.000177 seconds (126 allocations: 282.672 KiB)
  0.000091 seconds (52 allocations: 173.828 KiB)
  0.000091 seconds (54 allocations: 173.984 KiB)
  0.000369 seconds (192 allocations: 543.750 KiB)
  0.000502 seconds (375 allocations: 660.078 KiB)
  0.001125 seconds (687 allocations: 1.342 MiB)
  0.000641 seconds (237 allocations: 698.016 KiB)
  0.000756 seconds (468 allocations: 820.719 KiB)
  0.001703 seconds (718 allocations: 2.673 MiB)
  0.000936 seconds (246 allocations: 1.358 MiB)
  0.001201 seconds (483 allocations: 1.592 MiB)
  0.000004 seconds (9 allocations: 656 bytes)
  0.000026 seconds (9 allocations: 656 bytes)
  0.000008 seconds (13 allocations: 1.188 KiB)
  0.000006 seconds (13 allocations: 1.188 KiB)
  0.000004 seconds (13 allocations: 1.188 KiB)
  0.000106 seconds (13 allocations: 1.188 KiB)
  0.000410 seconds (125 allocations: 109.422 KiB)
  0.000200 seconds (138 allocations: 109.875 KiB)
  0.000111 seconds (125 allocations: 109.078 KiB)
  0.000092 seconds (138 allocations: 109.531 KiB)
  0.023405 seconds (224 allocations: 126.094 KiB)
  0.000290 seconds (215 allocations: 124.531 KiB)
  0.000107 seconds (98 allocations: 11.406 KiB)
  0.000103 seconds (98 allocations: 11.406 KiB)
  0.000873 seconds (371 allocations: 720.188 KiB)
  0.000985 seconds (591 allocations: 805.344 KiB)
  0.000849 seconds (496 allocations: 828.703 KiB)
  0.000978 seconds (687 allocations: 703.469 KiB)
  0.000479 seconds (271 allocations: 313.672 KiB)
  0.000312 seconds (271 allocations: 313.672 KiB)
  0.000364 seconds (181 allocations: 232.266 KiB)
  0.000326 seconds (239 allocations: 235.984 KiB)
  0.026434 seconds (530 allocations: 34.641 KiB)
  0.023922 seconds (530 allocations: 34.641 KiB)
  0.000160 seconds (133 allocations: 15.547 KiB)
  0.000136 seconds (133 allocations: 15.547 KiB)
  0.000111 seconds (133 allocations: 15.422 KiB)
  0.000103 seconds (133 allocations: 15.422 KiB)
  0.000211 seconds (155 allocations: 117.406 KiB)
  0.000193 seconds (180 allocations: 118.656 KiB)
  0.000163 seconds (180 allocations: 118.656 KiB)
  0.000130 seconds (155 allocations: 117.406 KiB)
  0.000202 seconds (151 allocations: 125.719 KiB)
  0.000259 seconds (211 allocations: 128.906 KiB)
  0.123889 seconds (165.38 k allocations: 9.274 MiB)
  0.090463 seconds (162.77 k allocations: 9.127 MiB)
  0.000164 seconds (149 allocations: 23.047 KiB)
  0.000114 seconds (149 allocations: 23.047 KiB)
  0.000108 seconds (149 allocations: 22.828 KiB)
  0.000091 seconds (149 allocations: 22.828 KiB)
  0.000266 seconds (172 allocations: 225.203 KiB)
  0.000208 seconds (197 allocations: 226.531 KiB)
  0.000201 seconds (197 allocations: 226.531 KiB)
  0.000155 seconds (172 allocations: 225.203 KiB)
  0.000211 seconds (167 allocations: 243.234 KiB)
  0.000332 seconds (227 allocations: 247.125 KiB)
  0.000003 seconds (9 allocations: 656 bytes)
  0.000003 seconds (9 allocations: 656 bytes)
  0.000005 seconds (13 allocations: 1.188 KiB)
  0.000005 seconds (13 allocations: 1.188 KiB)
  0.000005 seconds (13 allocations: 1.188 KiB)
  0.000005 seconds (13 allocations: 1.188 KiB)
  0.000129 seconds (93 allocations: 271.500 KiB)
  0.000092 seconds (100 allocations: 271.484 KiB)
  0.000095 seconds (93 allocations: 270.750 KiB)
  0.000104 seconds (106 allocations: 271.203 KiB)
  0.000127 seconds (122 allocations: 283.078 KiB)
  0.000159 seconds (158 allocations: 285.016 KiB)
  0.000064 seconds (58 allocations: 174.359 KiB)
  0.000084 seconds (58 allocations: 174.359 KiB)
  0.000437 seconds (231 allocations: 547.922 KiB)
  0.000585 seconds (420 allocations: 665.484 KiB)
  0.000443 seconds (255 allocations: 652.344 KiB)
  0.000558 seconds (423 allocations: 558.156 KiB)
  0.000204 seconds (232 allocations: 404.625 KiB)
  0.000284 seconds (230 allocations: 404.406 KiB)
  0.000128 seconds (141 allocations: 394.281 KiB)
  0.000248 seconds (197 allocations: 397.641 KiB)
  0.000085 seconds (90 allocations: 172.234 KiB)
  0.000083 seconds (90 allocations: 172.234 KiB)
  0.000108 seconds (108 allocations: 179.688 KiB)
  0.000108 seconds (106 allocations: 179.469 KiB)
  0.000060 seconds (105 allocations: 177.859 KiB)
  0.000054 seconds (107 allocations: 178.047 KiB)
  0.000079 seconds (121 allocations: 280.375 KiB)
  0.000092 seconds (154 allocations: 282.266 KiB)
  0.000087 seconds (152 allocations: 282.078 KiB)
  0.000078 seconds (123 allocations: 280.562 KiB)
  0.000093 seconds (114 allocations: 288.891 KiB)
  0.000156 seconds (174 allocations: 292.078 KiB)
  0.000124 seconds (93 allocations: 338.062 KiB)
  0.000083 seconds (93 allocations: 338.062 KiB)
  0.000130 seconds (112 allocations: 351.562 KiB)
  0.000129 seconds (112 allocations: 351.562 KiB)
  0.000116 seconds (109 allocations: 348.016 KiB)
  0.000079 seconds (111 allocations: 348.266 KiB)
  0.000096 seconds (125 allocations: 551.875 KiB)
  0.000171 seconds (159 allocations: 553.969 KiB)
  0.000132 seconds (157 allocations: 553.750 KiB)
  0.000095 seconds (127 allocations: 552.094 KiB)
  0.000099 seconds (117 allocations: 569.469 KiB)
  0.000195 seconds (177 allocations: 573.359 KiB)
  0.000005 seconds (10 allocations: 736 bytes)
  0.000003 seconds (10 allocations: 736 bytes)
  0.000004 seconds (14 allocations: 1.266 KiB)
  0.000004 seconds (14 allocations: 1.266 KiB)
  0.000169 seconds (175 allocations: 211.875 KiB)
  0.000038 seconds (98 allocations: 7.609 KiB)
  0.000084 seconds (175 allocations: 212.266 KiB)
  0.000057 seconds (132 allocations: 109.703 KiB)
  0.000186 seconds (209 allocations: 225.422 KiB)
  0.026777 seconds (447 allocations: 240.047 KiB)
  0.025085 seconds (524 allocations: 617.531 KiB)
  0.000398 seconds (419 allocations: 642.969 KiB)
  0.000083 seconds (101 allocations: 11.641 KiB)
  0.000141 seconds (201 allocations: 318.547 KiB)
  0.001082 seconds (558 allocations: 1.101 MiB)
  0.001092 seconds (764 allocations: 1.211 MiB)
  0.000980 seconds (691 allocations: 1.204 MiB)
  0.001041 seconds (893 allocations: 1.115 MiB)
  0.000571 seconds (383 allocations: 738.922 KiB)
  0.000434 seconds (405 allocations: 658.031 KiB)
  0.000394 seconds (323 allocations: 549.797 KiB)
  0.000246 seconds (318 allocations: 545.219 KiB)
  0.021459 seconds (317 allocations: 122.484 KiB)
  0.000165 seconds (167 allocations: 120.938 KiB)
  0.000097 seconds (138 allocations: 15.953 KiB)
  0.000179 seconds (236 allocations: 325.594 KiB)
  0.001611 seconds (756 allocations: 1.191 MiB)
  0.001513 seconds (626 allocations: 1.182 MiB)
  0.037204 seconds (52.36 k allocations: 3.369 MiB)
  0.000197 seconds (185 allocations: 231.281 KiB)
  0.000115 seconds (154 allocations: 23.359 KiB)
  0.000239 seconds (256 allocations: 636.281 KiB)
  0.002242 seconds (804 allocations: 2.348 MiB)
  0.002164 seconds (670 allocations: 2.336 MiB)
  0.000004 seconds (10 allocations: 736 bytes)
  0.000003 seconds (10 allocations: 736 bytes)
  0.000005 seconds (14 allocations: 1.266 KiB)
  0.000007 seconds (14 allocations: 1.266 KiB)
  0.000115 seconds (139 allocations: 372.625 KiB)
  0.000034 seconds (58 allocations: 169.016 KiB)
  0.000085 seconds (145 allocations: 373.984 KiB)
  0.000050 seconds (106 allocations: 271.891 KiB)
  0.000115 seconds (160 allocations: 386.062 KiB)
  0.000152 seconds (214 allocations: 389.281 KiB)
  0.000170 seconds (281 allocations: 695.516 KiB)
  0.000174 seconds (317 allocations: 697.578 KiB)
  0.000044 seconds (61 allocations: 174.594 KiB)
  0.000105 seconds (178 allocations: 481.312 KiB)
  0.000605 seconds (418 allocations: 877.984 KiB)
  0.000675 seconds (543 allocations: 989.922 KiB)
  0.000566 seconds (440 allocations: 980.328 KiB)
  0.000676 seconds (542 allocations: 883.203 KiB)
  0.000337 seconds (343 allocations: 721.297 KiB)
  0.000283 seconds (279 allocations: 708.781 KiB)
  0.000305 seconds (290 allocations: 709.781 KiB)
  0.000165 seconds (255 allocations: 703.688 KiB)
  0.000075 seconds (122 allocations: 273.828 KiB)
  0.000094 seconds (156 allocations: 284.766 KiB)
  0.000062 seconds (110 allocations: 178.391 KiB)
  0.000138 seconds (215 allocations: 488.047 KiB)
  0.000980 seconds (692 allocations: 1.343 MiB)
  0.000873 seconds (553 allocations: 1.226 MiB)
  0.000163 seconds (127 allocations: 538.609 KiB)
  0.000144 seconds (159 allocations: 557.516 KiB)
  0.000096 seconds (114 allocations: 348.547 KiB)
  0.000199 seconds (223 allocations: 960.844 KiB)
  0.001523 seconds (717 allocations: 2.672 MiB)
  0.001301 seconds (582 allocations: 2.448 MiB)
  9.370721 seconds (3.33 M allocations: 138.043 MiB, 1.21% gc time)
  0.000040 seconds (30 allocations: 1.859 KiB)
  0.000016 seconds (30 allocations: 1.875 KiB)
  0.000198 seconds (103 allocations: 7.344 KiB)
  0.000119 seconds (130 allocations: 76.062 KiB)
  0.111586 seconds (112.25 k allocations: 6.248 MiB)
  0.795425 seconds (270.42 k allocations: 13.755 MiB)
  0.000180 seconds (160 allocations: 86.156 KiB)
  0.043258 seconds (50.47 k allocations: 3.389 MiB)
  0.001244 seconds (318 allocations: 402.266 KiB)
  8.326701 seconds (2.76 M allocations: 111.968 MiB)
  0.000096 seconds (29 allocations: 1.609 KiB)
  0.000035 seconds (36 allocations: 2.422 KiB)
  0.000036 seconds (36 allocations: 2.438 KiB)
  0.000087 seconds (62 allocations: 103.141 KiB)
  0.000083 seconds (91 allocations: 171.562 KiB)
  0.000042 seconds (27 allocations: 2.078 KiB)
  0.000217 seconds (159 allocations: 146.734 KiB)
  0.000160 seconds (160 allocations: 86.156 KiB)
  0.000375 seconds (233 allocations: 359.328 KiB)
  0.000525 seconds (257 allocations: 460.859 KiB)
  0.000841 seconds (271 allocations: 918.094 KiB)
  1.749774 seconds (1.50 M allocations: 75.241 MiB)
  0.000084 seconds (48 allocations: 3.016 KiB)
  0.000061 seconds (48 allocations: 3.031 KiB)
  0.000141 seconds (121 allocations: 8.609 KiB)
  0.000182 seconds (148 allocations: 77.266 KiB)
  0.082871 seconds (108.12 k allocations: 6.057 MiB)
  0.273224 seconds (236.68 k allocations: 12.493 MiB)
  0.025862 seconds (2.71 k allocations: 332.430 KiB)
  0.034332 seconds (49.98 k allocations: 3.360 MiB)
  0.001526 seconds (340 allocations: 411.000 KiB)
  0.959425 seconds (1.02 M allocations: 52.462 MiB)
  0.000058 seconds (47 allocations: 2.766 KiB)
  0.000026 seconds (54 allocations: 3.578 KiB)
  0.000031 seconds (54 allocations: 3.594 KiB)
  0.000059 seconds (80 allocations: 104.406 KiB)
  0.000056 seconds (109 allocations: 172.766 KiB)
  0.000028 seconds (31 allocations: 2.250 KiB)
  0.000064 seconds (135 allocations: 242.391 KiB)
  0.000113 seconds (124 allocations: 182.641 KiB)
  0.000472 seconds (255 allocations: 362.469 KiB)
  0.000714 seconds (279 allocations: 469.594 KiB)
  0.001187 seconds (291 allocations: 933.125 KiB)
  0.989578 seconds (631.12 k allocations: 32.213 MiB, 16.71% gc time)
  0.000056 seconds (51 allocations: 3.203 KiB)
  0.000030 seconds (51 allocations: 3.219 KiB)
  0.000030 seconds (35 allocations: 2.250 KiB)
  0.000162 seconds (151 allocations: 77.406 KiB)
  0.071369 seconds (106.98 k allocations: 5.982 MiB)
  0.382587 seconds (340.04 k allocations: 17.563 MiB)
  0.000217 seconds (190 allocations: 89.422 KiB)
  0.049656 seconds (52.70 k allocations: 3.629 MiB)
  0.001233 seconds (342 allocations: 398.938 KiB)
  0.841868 seconds (592.11 k allocations: 30.782 MiB)
  0.000062 seconds (33 allocations: 1.828 KiB)
  0.000051 seconds (57 allocations: 3.766 KiB)
  0.000044 seconds (57 allocations: 3.781 KiB)
  0.000040 seconds (35 allocations: 2.250 KiB)
  0.000112 seconds (112 allocations: 172.906 KiB)
  0.000044 seconds (33 allocations: 2.359 KiB)
  0.000100 seconds (145 allocations: 242.906 KiB)
  0.000161 seconds (133 allocations: 182.984 KiB)
  0.000403 seconds (252 allocations: 361.641 KiB)
  0.000627 seconds (277 allocations: 456.109 KiB)
  0.001018 seconds (293 allocations: 903.266 KiB)
  0.000168 seconds (91 allocations: 22.078 KiB)
  0.000154 seconds (91 allocations: 21.906 KiB)
  0.049215 seconds (53.05 k allocations: 3.385 MiB)
  0.543614 seconds (673.50 k allocations: 33.207 MiB)
  0.000273 seconds (105 allocations: 40.969 KiB)
  0.030168 seconds (49.99 k allocations: 3.386 MiB)
  0.000079 seconds (21 allocations: 8.188 KiB)
  0.000099 seconds (21 allocations: 8.188 KiB)
  0.000262 seconds (27 allocations: 39.438 KiB)
  0.000130 seconds (22 allocations: 15.562 KiB)
  0.000123 seconds (22 allocations: 15.562 KiB)
  0.000489 seconds (28 allocations: 76.719 KiB)
  0.000003 seconds (1 allocation: 16 bytes)
  0.000000 seconds (1 allocation: 16 bytes)
  0.000133 seconds (70 allocations: 426.000 KiB)
  0.000121 seconds (70 allocations: 426.000 KiB)
  0.000129 seconds (69 allocations: 408.578 KiB)
  0.000060 seconds (69 allocations: 408.578 KiB)
  0.000119 seconds (71 allocations: 409.781 KiB)
  0.000076 seconds (71 allocations: 409.781 KiB)
  0.014882 seconds (287 allocations: 441.141 KiB)
  1.805877 seconds (1.23 M allocations: 58.410 MiB)
  0.000001 seconds (1 allocation: 16 bytes)
  0.000000 seconds (1 allocation: 16 bytes)
  0.844277 seconds (460.00 k allocations: 26.030 MiB)
  0.000228 seconds (148 allocations: 26.391 KiB)
  0.000136 seconds (147 allocations: 15.297 KiB)
  0.000096 seconds (147 allocations: 15.297 KiB)
  0.000104 seconds (71 allocations: 409.781 KiB)
  0.000097 seconds (148 allocations: 16.438 KiB)
  0.000319 seconds (155 allocations: 33.469 KiB)
  0.982775 seconds (447.20 k allocations: 21.790 MiB)
  0.000002 seconds (6 allocations: 480 bytes)
  0.000002 seconds (6 allocations: 480 bytes)
  0.000280 seconds (328 allocations: 1.394 MiB)
  0.000511 seconds (521 allocations: 1.471 MiB)
  0.051782 seconds (548 allocations: 537.422 KiB)
  0.000145 seconds (142 allocations: 378.078 KiB)
  0.000100 seconds (79 allocations: 240.422 KiB)
  0.039719 seconds (857 allocations: 285.078 KiB)
 13.567739 seconds (11.52 M allocations: 457.844 MiB, 2.16% gc time)
  0.170249 seconds (119.70 k allocations: 7.487 MiB, 45.30% gc time)
  0.076987 seconds (120.20 k allocations: 7.257 MiB)
  0.230395 seconds (185.64 k allocations: 10.315 MiB, 26.47% gc time)
  0.000242 seconds (191 allocations: 283.922 KiB)
  0.000152 seconds (179 allocations: 148.938 KiB)
  0.000110 seconds (119 allocations: 11.422 KiB)
  0.000102 seconds (123 allocations: 11.438 KiB)
  0.000321 seconds (207 allocations: 557.203 KiB)
  0.000207 seconds (195 allocations: 287.469 KiB)
  0.000127 seconds (133 allocations: 16.016 KiB)
  0.000124 seconds (137 allocations: 15.984 KiB)
  0.000109 seconds (123 allocations: 444.531 KiB)
  0.000102 seconds (115 allocations: 376.250 KiB)
  0.000081 seconds (78 allocations: 240.344 KiB)
  0.000079 seconds (82 allocations: 240.312 KiB)
  0.000159 seconds (126 allocations: 879.953 KiB)
  0.000104 seconds (118 allocations: 744.156 KiB)
  0.000072 seconds (79 allocations: 474.969 KiB)
  0.000092 seconds (83 allocations: 474.844 KiB)
  0.000170 seconds (161 allocations: 217.125 KiB)
  0.000141 seconds (152 allocations: 147.109 KiB)
  0.000110 seconds (118 allocations: 11.344 KiB)
  0.000106 seconds (122 allocations: 11.359 KiB)
  0.000284 seconds (177 allocations: 424.422 KiB)
  0.000187 seconds (168 allocations: 285.062 KiB)
  0.000158 seconds (132 allocations: 15.938 KiB)
  0.000104 seconds (136 allocations: 15.906 KiB)
  0.133752 seconds (1.55 k allocations: 333.453 KiB)
  0.000116 seconds (80 allocations: 243.922 KiB)
  0.000015 seconds (30 allocations: 2.219 KiB)
  0.022460 seconds (324 allocations: 19.609 KiB)
  0.000001 seconds (4 allocations: 320 bytes)
  0.088144 seconds (1.65 k allocations: 335.547 KiB)
  0.089306 seconds (1.65 k allocations: 303.875 KiB)
  0.089573 seconds (1.81 k allocations: 306.469 KiB)
  0.077531 seconds (1.38 k allocations: 81.375 KiB)
  0.010418 seconds (146 allocations: 11.109 KiB)
  2.477632 seconds (337.14 k allocations: 16.228 MiB)
  0.000159 seconds (81 allocations: 482.188 KiB)
  0.000024 seconds (30 allocations: 2.656 KiB)
  0.055424 seconds (90.84 k allocations: 5.371 MiB)
  0.000001 seconds (4 allocations: 320 bytes)
  0.135228 seconds (125.27 k allocations: 7.419 MiB)
  0.513814 seconds (126.27 k allocations: 7.413 MiB, 70.00% gc time)
  0.137145 seconds (138.31 k allocations: 7.940 MiB)
  0.118704 seconds (123.17 k allocations: 6.840 MiB)
  0.106497 seconds (99.36 k allocations: 5.695 MiB)
  0.000158 seconds (119 allocations: 13.094 KiB)
  0.000063 seconds (119 allocations: 13.156 KiB)
  0.000010 seconds (30 allocations: 2.219 KiB)
  0.000009 seconds (20 allocations: 1.328 KiB)
  0.000001 seconds (4 allocations: 320 bytes)
  0.000058 seconds (121 allocations: 12.375 KiB)
  0.000043 seconds (121 allocations: 12.250 KiB)
  0.000039 seconds (122 allocations: 11.281 KiB)
  0.000013 seconds (32 allocations: 2.562 KiB)
  0.000014 seconds (29 allocations: 3.562 KiB)
  0.000167 seconds (133 allocations: 19.750 KiB)
  0.000556 seconds (133 allocations: 19.766 KiB)
  0.000019 seconds (30 allocations: 2.656 KiB)
  0.000013 seconds (20 allocations: 1.609 KiB)
  0.000001 seconds (4 allocations: 320 bytes)
  0.000106 seconds (135 allocations: 17.984 KiB)
  0.000054 seconds (135 allocations: 17.672 KiB)
  0.000049 seconds (136 allocations: 15.594 KiB)
  0.000014 seconds (32 allocations: 3.000 KiB)
  0.000014 seconds (29 allocations: 5.266 KiB)
  0.023110 seconds (2.62 k allocations: 151.486 KiB)
  0.000011 seconds (17 allocations: 1008 bytes)
  0.000166 seconds (98 allocations: 341.094 KiB)
  0.000008 seconds (17 allocations: 1024 bytes)
  0.000051 seconds (60 allocations: 201.703 KiB)
  0.197432 seconds (109.22 k allocations: 5.827 MiB)
  0.000105 seconds (64 allocations: 205.297 KiB)
  0.163199 seconds (90.21 k allocations: 4.759 MiB)
  0.000064 seconds (99 allocations: 7.969 KiB)
  0.000188 seconds (149 allocations: 212.078 KiB)
  0.014780 seconds (376 allocations: 234.719 KiB)
  0.000202 seconds (187 allocations: 359.766 KiB)
  0.000269 seconds (299 allocations: 773.500 KiB)
 34.618367 seconds (11.76 M allocations: 477.242 MiB, 0.73% gc time)
  0.000140 seconds (65 allocations: 405.984 KiB)
  0.179181 seconds (102.04 k allocations: 5.548 MiB)
  0.000083 seconds (103 allocations: 10.875 KiB)
  0.000181 seconds (154 allocations: 414.797 KiB)
  0.115483 seconds (61.35 k allocations: 4.053 MiB, 59.89% gc time)
  0.000265 seconds (197 allocations: 709.312 KiB)
  0.000408 seconds (313 allocations: 1.493 MiB)
  0.000025 seconds (16 allocations: 880 bytes)
  0.000008 seconds (17 allocations: 1008 bytes)
  0.000249 seconds (137 allocations: 147.266 KiB)
  0.000012 seconds (17 allocations: 1024 bytes)
  0.000082 seconds (101 allocations: 7.344 KiB)
  0.000163 seconds (141 allocations: 12.750 KiB)
  0.000088 seconds (105 allocations: 9.875 KiB)
  0.000120 seconds (132 allocations: 112.984 KiB)
  0.000055 seconds (26 allocations: 4.312 KiB)
  0.000173 seconds (214 allocations: 17.797 KiB)
  0.000216 seconds (168 allocations: 127.594 KiB)
  0.000241 seconds (252 allocations: 404.641 KiB)
  0.000358 seconds (296 allocations: 680.719 KiB)
  0.000216 seconds (158 allocations: 17.500 KiB)
  0.000093 seconds (119 allocations: 13.938 KiB)
  0.000129 seconds (148 allocations: 218.250 KiB)
  0.000051 seconds (27 allocations: 7.125 KiB)
  0.216503 seconds (89.24 k allocations: 4.491 MiB)
  0.000421 seconds (185 allocations: 246.797 KiB)
  0.000425 seconds (271 allocations: 795.078 KiB)
  0.000496 seconds (323 allocations: 1.311 MiB)
  0.000028 seconds (16 allocations: 880 bytes)
  0.000013 seconds (17 allocations: 1008 bytes)
  0.000128 seconds (65 allocations: 205.531 KiB)
  0.000150 seconds (128 allocations: 342.484 KiB)
  0.000078 seconds (66 allocations: 205.641 KiB)
  0.093069 seconds (63.10 k allocations: 3.506 MiB)
  0.010394 seconds (138 allocations: 8.531 KiB)
  0.000126 seconds (114 allocations: 337.125 KiB)
  0.000111 seconds (110 allocations: 241.859 KiB)
  0.000077 seconds (101 allocations: 342.250 KiB)
  0.000041 seconds (36 allocations: 104.109 KiB)
  0.000142 seconds (101 allocations: 343.016 KiB)
  0.000184 seconds (158 allocations: 495.266 KiB)
  0.000363 seconds (322 allocations: 911.594 KiB)
  0.000145 seconds (96 allocations: 355.859 KiB)
 38.506150 seconds (12.10 M allocations: 475.232 MiB, 1.99% gc time)
  0.000313 seconds (117 allocations: 666.516 KiB)
  0.108456 seconds (63.03 k allocations: 3.733 MiB)
  0.000150 seconds (103 allocations: 677.031 KiB)
  0.000047 seconds (37 allocations: 205.766 KiB)
  0.000248 seconds (103 allocations: 678.422 KiB)
  0.000246 seconds (158 allocations: 495.266 KiB)
  0.000294 seconds (322 allocations: 911.594 KiB)
  0.000123 seconds (96 allocations: 355.859 KiB)
  0.000012 seconds (16 allocations: 880 bytes)
  0.000010 seconds (17 allocations: 1008 bytes)
  0.000290 seconds (104 allocations: 9.875 KiB)
  0.000119 seconds (165 allocations: 148.422 KiB)
  0.000062 seconds (105 allocations: 9.984 KiB)
  0.000137 seconds (140 allocations: 12.844 KiB)
  0.000011 seconds (18 allocations: 1.016 KiB)
  0.000070 seconds (151 allocations: 142.875 KiB)
  0.000093 seconds (141 allocations: 12.859 KiB)
  0.000091 seconds (132 allocations: 113.250 KiB)
  0.000041 seconds (26 allocations: 4.312 KiB)
  0.000077 seconds (130 allocations: 14.734 KiB)
  0.000143 seconds (158 allocations: 495.266 KiB)
  0.000511 seconds (322 allocations: 911.594 KiB)
  0.000096 seconds (96 allocations: 355.859 KiB)
  0.000018 seconds (18 allocations: 1.016 KiB)
  0.000181 seconds (117 allocations: 666.516 KiB)
  0.000148 seconds (114 allocations: 476.422 KiB)
  0.000091 seconds (105 allocations: 677.219 KiB)
  0.000036 seconds (37 allocations: 205.766 KiB)
  0.000101 seconds (103 allocations: 678.422 KiB)
  0.000151 seconds (158 allocations: 495.266 KiB)
  0.000347 seconds (322 allocations: 911.594 KiB)
  0.000138 seconds (96 allocations: 355.859 KiB)
  0.024268 seconds (2.61 k allocations: 151.330 KiB)
  0.000015 seconds (15 allocations: 800 bytes)
  0.000089 seconds (24 allocations: 101.656 KiB)
  0.000006 seconds (15 allocations: 960 bytes)
  0.000042 seconds (32 allocations: 102.438 KiB)
  0.000053 seconds (48 allocations: 103.953 KiB)
  0.010391 seconds (144 allocations: 9.062 KiB)
  0.000016 seconds (24 allocations: 1.547 KiB)
  0.000022 seconds (40 allocations: 3.250 KiB)
  0.000017 seconds (36 allocations: 2.906 KiB)
  0.000176 seconds (45 allocations: 104.625 KiB)
  0.000043 seconds (52 allocations: 105.234 KiB)
  0.011589 seconds (241 allocations: 121.953 KiB)
  0.000088 seconds (61 allocations: 110.875 KiB)
 17.543161 seconds (4.43 M allocations: 174.656 MiB, 1.12% gc time)
  0.000033 seconds (25 allocations: 1.641 KiB)
  0.000033 seconds (43 allocations: 3.922 KiB)
  0.000030 seconds (40 allocations: 3.766 KiB)
  0.000113 seconds (44 allocations: 205.797 KiB)
  0.000046 seconds (56 allocations: 207.062 KiB)
  0.036262 seconds (52.12 k allocations: 3.376 MiB)
  0.000137 seconds (59 allocations: 217.156 KiB)
  0.000045 seconds (15 allocations: 784 bytes)
  0.000012 seconds (15 allocations: 800 bytes)
  0.000117 seconds (24 allocations: 101.656 KiB)
  0.000009 seconds (15 allocations: 960 bytes)
  0.000114 seconds (37 allocations: 103.344 KiB)
  0.000092 seconds (48 allocations: 105.484 KiB)
  0.000025 seconds (24 allocations: 2.094 KiB)
  0.000025 seconds (29 allocations: 2.500 KiB)
  0.000036 seconds (40 allocations: 4.781 KiB)
  0.000058 seconds (32 allocations: 4.141 KiB)
  0.000063 seconds (33 allocations: 105.594 KiB)
  0.000093 seconds (62 allocations: 209.531 KiB)
  0.000095 seconds (67 allocations: 218.781 KiB)
  0.000091 seconds (67 allocations: 218.781 KiB)
  0.000062 seconds (25 allocations: 2.766 KiB)
  0.000028 seconds (30 allocations: 3.172 KiB)
  0.000055 seconds (43 allocations: 6.922 KiB)
  0.000065 seconds (34 allocations: 6.547 KiB)
  0.000083 seconds (34 allocations: 209.219 KiB)
  0.000155 seconds (64 allocations: 414.828 KiB)
  0.000164 seconds (69 allocations: 433.750 KiB)
  0.000213 seconds (69 allocations: 433.750 KiB)
  0.000016 seconds (15 allocations: 784 bytes)
  0.000009 seconds (15 allocations: 800 bytes)
  0.000011 seconds (15 allocations: 960 bytes)
  0.000050 seconds (24 allocations: 2.172 KiB)
  0.000034 seconds (33 allocations: 2.828 KiB)
  0.010309 seconds (169 allocations: 113.344 KiB)
  0.000057 seconds (41 allocations: 105.188 KiB)
  0.000045 seconds (33 allocations: 105.172 KiB)
  0.000262 seconds (147 allocations: 245.250 KiB)
  0.013385 seconds (255 allocations: 124.359 KiB)
  0.000147 seconds (73 allocations: 113.000 KiB)
  0.000114 seconds (123 allocations: 251.688 KiB)
 13.031123 seconds (4.44 M allocations: 176.852 MiB, 1.41% gc time)
  0.000087 seconds (43 allocations: 207.906 KiB)
  0.000069 seconds (34 allocations: 208.297 KiB)
  0.000205 seconds (149 allocations: 483.234 KiB)
  0.030584 seconds (52.14 k allocations: 3.380 MiB)
  0.000242 seconds (76 allocations: 222.422 KiB)
  0.000320 seconds (126 allocations: 496.359 KiB)
  0.000014 seconds (15 allocations: 784 bytes)
  0.000011 seconds (15 allocations: 800 bytes)
  0.000008 seconds (15 allocations: 960 bytes)
  0.000064 seconds (24 allocations: 2.172 KiB)
  0.000031 seconds (33 allocations: 2.828 KiB)
  0.000110 seconds (49 allocations: 105.844 KiB)
  0.000066 seconds (41 allocations: 105.188 KiB)
  0.000062 seconds (33 allocations: 105.172 KiB)
  0.000125 seconds (147 allocations: 245.250 KiB)
  0.000087 seconds (73 allocations: 113.000 KiB)
  0.000091 seconds (73 allocations: 113.000 KiB)
  0.000164 seconds (123 allocations: 251.688 KiB)
  0.000136 seconds (52 allocations: 208.297 KiB)
  0.000082 seconds (43 allocations: 207.906 KiB)
  0.000097 seconds (34 allocations: 208.297 KiB)
  0.000159 seconds (149 allocations: 483.234 KiB)
  0.000134 seconds (76 allocations: 222.422 KiB)
  0.000213 seconds (76 allocations: 222.422 KiB)
  0.000230 seconds (126 allocations: 496.359 KiB)
  0.023362 seconds (2.61 k allocations: 151.080 KiB)
  0.000010 seconds (12 allocations: 656 bytes)
  0.000008 seconds (12 allocations: 720 bytes)
  0.009906 seconds (173 allocations: 10.484 KiB)
  0.000010 seconds (15 allocations: 928 bytes)
  0.000094 seconds (106 allocations: 8.969 KiB)
  0.000043 seconds (98 allocations: 7.922 KiB)
  0.000055 seconds (120 allocations: 10.625 KiB)
  0.000075 seconds (180 allocations: 15.859 KiB)
  2.201675 seconds (1.77 M allocations: 82.559 MiB, 3.67% gc time)
  0.000018 seconds (15 allocations: 1008 bytes)
  0.000100 seconds (111 allocations: 11.938 KiB)
  0.000079 seconds (102 allocations: 10.812 KiB)
  0.000050 seconds (126 allocations: 14.594 KiB)
  0.000078 seconds (189 allocations: 22.953 KiB)
  0.000010 seconds (12 allocations: 608 bytes)
  0.000005 seconds (12 allocations: 656 bytes)
  0.000005 seconds (12 allocations: 720 bytes)
  0.000057 seconds (58 allocations: 3.328 KiB)
  0.000007 seconds (15 allocations: 928 bytes)
  0.000090 seconds (45 allocations: 138.531 KiB)
  0.000043 seconds (22 allocations: 3.984 KiB)
  0.000116 seconds (127 allocations: 10.438 KiB)
  0.000126 seconds (107 allocations: 420.766 KiB)
  0.000071 seconds (60 allocations: 3.828 KiB)
  0.000012 seconds (15 allocations: 1008 bytes)
  0.000103 seconds (47 allocations: 274.297 KiB)
  0.000093 seconds (23 allocations: 6.734 KiB)
  0.000142 seconds (129 allocations: 15.078 KiB)
  0.000207 seconds (110 allocations: 835.406 KiB)
  0.000019 seconds (12 allocations: 624 bytes)
  0.000008 seconds (12 allocations: 640 bytes)
  0.000011 seconds (12 allocations: 720 bytes)
  0.009717 seconds (172 allocations: 10.375 KiB)
  0.000089 seconds (53 allocations: 270.703 KiB)
  0.000029 seconds (33 allocations: 136.844 KiB)
  0.005778 seconds (123 allocations: 282.875 KiB)
  0.000068 seconds (79 allocations: 5.344 KiB)
  1.416602 seconds (1.02 M allocations: 46.400 MiB, 2.05% gc time)
  0.000121 seconds (55 allocations: 537.828 KiB)
  0.000038 seconds (34 allocations: 271.438 KiB)
  0.020488 seconds (50.30 k allocations: 3.621 MiB)
  0.000094 seconds (79 allocations: 6.500 KiB)
  0.000018 seconds (12 allocations: 624 bytes)
  0.000010 seconds (12 allocations: 640 bytes)
  0.000012 seconds (12 allocations: 720 bytes)
  0.000070 seconds (57 allocations: 3.219 KiB)
  0.000093 seconds (44 allocations: 138.438 KiB)
  0.000038 seconds (21 allocations: 3.891 KiB)
  0.000054 seconds (52 allocations: 278.344 KiB)
  0.000041 seconds (79 allocations: 5.344 KiB)
  0.000042 seconds (57 allocations: 3.484 KiB)
  0.000113 seconds (46 allocations: 274.203 KiB)
  0.000051 seconds (22 allocations: 6.641 KiB)
  0.000071 seconds (54 allocations: 552.906 KiB)
  0.000051 seconds (79 allocations: 6.500 KiB)
  0.000135 seconds (140 allocations: 150.172 KiB)
  0.000199 seconds (136 allocations: 149.906 KiB)
  0.000087 seconds (93 allocations: 10.453 KiB)
  0.000070 seconds (90 allocations: 10.266 KiB)
  0.000081 seconds (93 allocations: 9.875 KiB)
  0.000039 seconds (90 allocations: 9.656 KiB)
  0.000194 seconds (203 allocations: 366.625 KiB)
  0.000125 seconds (199 allocations: 366.391 KiB)
  0.000178 seconds (219 allocations: 402.219 KiB)
  0.000176 seconds (215 allocations: 402.000 KiB)
  0.000145 seconds (158 allocations: 231.469 KiB)
  0.000141 seconds (155 allocations: 231.359 KiB)
  0.000267 seconds (221 allocations: 406.109 KiB)
  0.000198 seconds (217 allocations: 405.922 KiB)
ArgumentError("number of columns of each array must match (got (3, 0))")
ArgumentError("number of columns of each array must match (got (3, 0))")
  0.030192 seconds (50.81 k allocations: 3.947 MiB)
  0.000140 seconds (172 allocations: 315.125 KiB)
  0.006551 seconds (243 allocations: 319.859 KiB)
  0.000149 seconds (165 allocations: 248.953 KiB)
  0.000153 seconds (162 allocations: 248.750 KiB)
  0.000145 seconds (187 allocations: 316.828 KiB)
  0.000099 seconds (184 allocations: 316.625 KiB)
  0.002149 seconds (2.21 k allocations: 3.924 MiB)
  1.565864 seconds (1.02 M allocations: 45.770 MiB, 3.02% gc time)
  0.025840 seconds (902 allocations: 52.655 KiB)
  0.000046 seconds (20 allocations: 1.703 KiB)
  4.553507 seconds (4.46 M allocations: 202.593 MiB, 10.11% gc time)
  4.406064 seconds (4.67 M allocations: 205.985 MiB, 2.82% gc time)
  0.433685 seconds (110.57 k allocations: 5.767 MiB)
  0.016451 seconds (231 allocations: 14.141 KiB)
  0.000135 seconds (72 allocations: 5.047 KiB)
  0.000244 seconds (145 allocations: 146.094 KiB)
  0.000087 seconds (77 allocations: 5.781 KiB)
  0.000067 seconds (104 allocations: 7.469 KiB)
  0.191684 seconds (46.67 k allocations: 2.210 MiB)
  0.165846 seconds (101.84 k allocations: 5.545 MiB)
  0.008351 seconds (177 allocations: 83.859 KiB)
  0.369636 seconds (245.48 k allocations: 12.252 MiB, 11.61% gc time)
  0.000137 seconds (111 allocations: 76.125 KiB)
  0.000181 seconds (139 allocations: 11.688 KiB)
  0.302498 seconds (301.66 k allocations: 15.906 MiB)
  0.032087 seconds (613 allocations: 175.562 KiB)
  0.198585 seconds (90.11 k allocations: 4.220 MiB)
  0.000265 seconds (210 allocations: 154.531 KiB)
  0.116351 seconds (55.43 k allocations: 2.638 MiB, 20.50% gc time)
  0.111986 seconds (39.72 k allocations: 1.906 MiB)
  0.000213 seconds (242 allocations: 285.312 KiB)
  0.041546 seconds (2.25 k allocations: 478.286 KiB)
  0.000493 seconds (381 allocations: 369.062 KiB)
  0.250500 seconds (198.01 k allocations: 11.163 MiB)
  0.008524 seconds (186 allocations: 82.641 KiB)
  1.521982 seconds (52.77 k allocations: 1.921 MiB)
  0.010533 seconds (349 allocations: 231.141 KiB)
  0.010244 seconds (458 allocations: 308.750 KiB)
  0.000398 seconds (246 allocations: 224.266 KiB)
  0.000283 seconds (199 allocations: 153.750 KiB)
  0.061165 seconds (14.96 k allocations: 1.063 MiB)
  0.019296 seconds (365 allocations: 302.938 KiB)
  0.000290 seconds (313 allocations: 231.672 KiB)
  0.000103 seconds (87 allocations: 76.047 KiB)
  0.046828 seconds (55.47 k allocations: 3.714 MiB)
  1.531292 seconds (1.12 M allocations: 52.770 MiB, 3.31% gc time)
  0.000460 seconds (324 allocations: 836.328 KiB)
  0.306368 seconds (277.62 k allocations: 15.397 MiB)
  1.948879 seconds (2.08 M allocations: 101.495 MiB, 2.71% gc time)
  1.522488 seconds (1.08 M allocations: 50.661 MiB, 5.26% gc time)
  0.029594 seconds (57.41 k allocations: 4.313 MiB)
  0.029392 seconds (56.57 k allocations: 4.265 MiB)
  0.000324 seconds (210 allocations: 558.219 KiB)
  0.000242 seconds (164 allocations: 420.391 KiB)
  2.149258 seconds (1.27 M allocations: 60.283 MiB, 1.15% gc time)
  0.000522 seconds (339 allocations: 580.547 KiB)
  0.000379 seconds (302 allocations: 833.891 KiB)
  0.000189 seconds (72 allocations: 144.719 KiB)
  0.030819 seconds (52.39 k allocations: 3.992 MiB)
  0.033585 seconds (2.69 k allocations: 156.629 KiB)
  0.000059 seconds (29 allocations: 2.703 KiB)
  0.000016 seconds (29 allocations: 2.797 KiB)
  0.028507 seconds (14.18 k allocations: 930.404 KiB)
  0.000459 seconds (107 allocations: 7.547 KiB)
  0.169120 seconds (19.08 k allocations: 1.314 MiB, 12.90% gc time)
  0.000114 seconds (74 allocations: 5.672 KiB)
  0.000182 seconds (160 allocations: 176.359 KiB)
  0.000113 seconds (168 allocations: 176.672 KiB)
  0.000094 seconds (152 allocations: 175.484 KiB)
  0.000197 seconds (240 allocations: 318.719 KiB)
  0.000120 seconds (201 allocations: 216.422 KiB)
  0.000101 seconds (194 allocations: 149.391 KiB)
  0.465277 seconds (14.28 k allocations: 863.188 KiB)
  0.002386 seconds (293 allocations: 260.375 KiB)
  0.000211 seconds (206 allocations: 250.375 KiB)
  0.003402 seconds (351 allocations: 335.328 KiB)
  0.000288 seconds (282 allocations: 425.000 KiB)
┌ Warning: E is numerically singular: computations resumed with sepinf = true
└ @ MatrixPencils ~/.julia/packages/MatrixPencils/vei5S/src/gsfstab.jl:590
  0.330427 seconds (307.40 k allocations: 14.963 MiB)
  0.156722 seconds (167.29 k allocations: 9.275 MiB)
┌ Warning: E is numerically singular: computations resumed with sepinf = true
└ @ MatrixPencils ~/.julia/packages/MatrixPencils/vei5S/src/gsfstab.jl:590
  0.000412 seconds (473 allocations: 504.406 KiB)
  0.000325 seconds (321 allocations: 332.734 KiB)
  0.000320 seconds (344 allocations: 333.859 KiB)
  0.000290 seconds (334 allocations: 333.703 KiB)
  0.000148 seconds (226 allocations: 251.781 KiB)
  0.000156 seconds (267 allocations: 323.250 KiB)
  0.000295 seconds (393 allocations: 335.672 KiB)
  0.000214 seconds (376 allocations: 464.094 KiB)
  0.067036 seconds (64.57 k allocations: 4.469 MiB, 33.77% gc time)
  0.000696 seconds (581 allocations: 496.844 KiB)
  0.019444 seconds (710 allocations: 442.094 KiB)
  0.000493 seconds (371 allocations: 303.234 KiB)
  1.699669 seconds (73.61 k allocations: 2.781 MiB)
  0.001147 seconds (327 allocations: 338.812 KiB)
  0.152807 seconds (156.57 k allocations: 9.457 MiB)
  0.130019 seconds (63.51 k allocations: 4.254 MiB)
  2.165630 seconds (1.43 M allocations: 66.227 MiB)
  0.049200 seconds (418 allocations: 1.162 MiB, 98.03% gc time)
  6.097452 seconds (1.66 M allocations: 74.403 MiB)
  0.000639 seconds (348 allocations: 581.125 KiB)
  2.299116 seconds (1.60 M allocations: 74.341 MiB, 3.73% gc time)
  0.000448 seconds (245 allocations: 772.844 KiB)
  0.103537 seconds (144.23 k allocations: 9.452 MiB)
  0.033249 seconds (57.36 k allocations: 4.638 MiB)
  0.001072 seconds (667 allocations: 794.266 KiB)
  0.012034 seconds (732 allocations: 415.219 KiB)
  0.001601 seconds (878 allocations: 747.844 KiB)
  0.000907 seconds (634 allocations: 1.054 MiB)
┌ Warning: E is numerically singular: computations resumed with sepinf = true
└ @ MatrixPencils ~/.julia/packages/MatrixPencils/vei5S/src/gsfstab.jl:590
  0.001210 seconds (890 allocations: 821.266 KiB)
  0.000821 seconds (645 allocations: 473.922 KiB)
  0.001345 seconds (828 allocations: 632.594 KiB)
┌ Warning: E is numerically singular: computations resumed with sepinf = true
└ @ MatrixPencils ~/.julia/packages/MatrixPencils/vei5S/src/gsfstab.jl:590
  0.001192 seconds (849 allocations: 1.143 MiB)
  0.000754 seconds (597 allocations: 393.734 KiB)
  0.000725 seconds (621 allocations: 332.875 KiB)
  0.000564 seconds (563 allocations: 494.984 KiB)
  0.000435 seconds (378 allocations: 303.750 KiB)
  0.000355 seconds (286 allocations: 231.797 KiB)
  0.000428 seconds (237 allocations: 327.562 KiB)
  0.001018 seconds (1.15 k allocations: 414.734 KiB)
  0.001273 seconds (688 allocations: 353.688 KiB)
  0.000749 seconds (471 allocations: 862.172 KiB)
  0.000718 seconds (471 allocations: 861.797 KiB)
  0.000960 seconds (492 allocations: 946.109 KiB)
  0.000586 seconds (348 allocations: 581.125 KiB)
  0.000404 seconds (201 allocations: 561.484 KiB)
  0.000483 seconds (347 allocations: 1.025 MiB)
  0.001025 seconds (1.02 k allocations: 889.250 KiB)
  0.001234 seconds (491 allocations: 899.516 KiB)
  0.001288 seconds (728 allocations: 568.781 KiB)
  0.002022 seconds (659 allocations: 475.453 KiB)
  0.006320 seconds (973 allocations: 461.312 KiB)
  0.001184 seconds (694 allocations: 919.016 KiB)
┌ Warning: E is numerically singular: computations resumed with sepinf = true
└ @ MatrixPencils ~/.julia/packages/MatrixPencils/vei5S/src/gsfstab.jl:590
  0.001659 seconds (957 allocations: 596.734 KiB)
  0.000924 seconds (660 allocations: 409.906 KiB)
  0.001110 seconds (791 allocations: 693.359 KiB)
┌ Warning: E is numerically singular: computations resumed with sepinf = true
└ @ MatrixPencils ~/.julia/packages/MatrixPencils/vei5S/src/gsfstab.jl:590
  0.001616 seconds (878 allocations: 1008.781 KiB)
Test Summary:         | Pass  Total
Test MatrixPencils.jl | 1844   1844
    Testing MatrixPencils tests passed 
