Julia Version 1.3.0
Commit 46ce4d7933 (2019-11-26 06:09 UTC)
Platform Info:
  OS: Linux (x86_64-pc-linux-gnu)
  CPU: Intel(R) Xeon(R) Silver 4114 CPU @ 2.20GHz
  WORD_SIZE: 64
  LIBM: libopenlibm
  LLVM: libLLVM-6.0.1 (ORCJIT, skylake)

   Cloning default registries into `~/.julia`
   Cloning registry from "https://github.com/JuliaRegistries/General.git"
[?25l    Fetching: [>                                        ]  0.0 %    Fetching: [============>                            ]  28.4 %    Fetching: [======================>                  ]  52.7 %[2K[?25h     Added registry `General` to `~/.julia/registries/General`
 Resolving package versions...
 Installed Calculus ──────── v0.5.1
 Installed MortarContact2D ─ v0.3.1
 Installed FEMBasis ──────── v0.3.0
 Installed FEMQuad ───────── v0.3.2
 Installed FEMBase ───────── v0.3.0
  Updating `~/.julia/environments/v1.3/Project.toml`
  [048d6160] + MortarContact2D v0.3.1
  Updating `~/.julia/environments/v1.3/Manifest.toml`
  [49dc2e85] + Calculus v0.5.1
  [fbcbbc08] + FEMBase v0.3.0
  [353fb843] + FEMBasis v0.3.0
  [be8e8821] + FEMQuad v0.3.2
  [048d6160] + MortarContact2D v0.3.1
  [2a0f44e3] + Base64 
  [8ba89e20] + Distributed 
  [b77e0a4c] + InteractiveUtils 
  [8f399da3] + Libdl 
  [37e2e46d] + LinearAlgebra 
  [56ddb016] + Logging 
  [d6f4376e] + Markdown 
  [9a3f8284] + Random 
  [9e88b42a] + Serialization 
  [6462fe0b] + Sockets 
  [2f01184e] + SparseArrays 
  [10745b16] + Statistics 
  [8dfed614] + Test 
   Testing MortarContact2D
 Resolving package versions...
 Installed JSON ──────────────── v0.21.0
 Installed Literate ──────────── v2.2.1
 Installed Parsers ───────────── v0.3.10
 Installed DocStringExtensions ─ v0.8.1
 Installed Documenter ────────── v0.24.2
    Status `/tmp/jl_eiVvp4/Manifest.toml`
  [49dc2e85] Calculus v0.5.1
  [ffbed154] DocStringExtensions v0.8.1
  [e30172f5] Documenter v0.24.2
  [fbcbbc08] FEMBase v0.3.0
  [353fb843] FEMBasis v0.3.0
  [be8e8821] FEMQuad v0.3.2
  [682c06a0] JSON v0.21.0
  [98b081ad] Literate v2.2.1
  [048d6160] MortarContact2D v0.3.1
  [69de0a69] Parsers v0.3.10
  [2a0f44e3] Base64  [`@stdlib/Base64`]
  [ade2ca70] Dates  [`@stdlib/Dates`]
  [8ba89e20] Distributed  [`@stdlib/Distributed`]
  [b77e0a4c] InteractiveUtils  [`@stdlib/InteractiveUtils`]
  [76f85450] LibGit2  [`@stdlib/LibGit2`]
  [8f399da3] Libdl  [`@stdlib/Libdl`]
  [37e2e46d] LinearAlgebra  [`@stdlib/LinearAlgebra`]
  [56ddb016] Logging  [`@stdlib/Logging`]
  [d6f4376e] Markdown  [`@stdlib/Markdown`]
  [a63ad114] Mmap  [`@stdlib/Mmap`]
  [44cfe95a] Pkg  [`@stdlib/Pkg`]
  [de0858da] Printf  [`@stdlib/Printf`]
  [3fa0cd96] REPL  [`@stdlib/REPL`]
  [9a3f8284] Random  [`@stdlib/Random`]
  [ea8e919c] SHA  [`@stdlib/SHA`]
  [9e88b42a] Serialization  [`@stdlib/Serialization`]
  [6462fe0b] Sockets  [`@stdlib/Sockets`]
  [2f01184e] SparseArrays  [`@stdlib/SparseArrays`]
  [10745b16] Statistics  [`@stdlib/Statistics`]
  [8dfed614] Test  [`@stdlib/Test`]
  [cf7118a7] UUIDs  [`@stdlib/UUIDs`]
  [4ec0a83e] Unicode  [`@stdlib/Unicode`]
ERROR: LoadError: ArgumentError: Package FEMBase does not have TimerOutputs in its dependencies:
- If you have FEMBase checked out for development and have
  added TimerOutputs as a dependency but haven't updated your primary
  environment's manifest file, try `Pkg.resolve()`.
- Otherwise you may need to report an issue with FEMBase
Stacktrace:
 [1] require(::Module, ::Symbol) at ./loading.jl:900
 [2] include at ./boot.jl:328 [inlined]
 [3] include_relative(::Module, ::String) at ./loading.jl:1105
 [4] include(::Module, ::String) at ./Base.jl:31
 [5] top-level scope at none:2
 [6] eval at ./boot.jl:330 [inlined]
 [7] eval(::Expr) at ./client.jl:425
 [8] top-level scope at ./none:3
in expression starting at /home/pkgeval/.julia/packages/FEMBase/1R4fe/src/FEMBase.jl:16
ERROR: LoadError: Failed to precompile FEMBase [fbcbbc08-f1bf-5204-9233-b69f5d396135] to /home/pkgeval/.julia/compiled/v1.3/FEMBase/6HUoq_tey98.ji.
Stacktrace:
 [1] error(::String) at ./error.jl:33
 [2] compilecache(::Base.PkgId, ::String) at ./loading.jl:1283
 [3] _require(::Base.PkgId) at ./loading.jl:1024
 [4] require(::Base.PkgId) at ./loading.jl:922
 [5] require(::Module, ::Symbol) at ./loading.jl:917
 [6] include at ./boot.jl:328 [inlined]
 [7] include_relative(::Module, ::String) at ./loading.jl:1105
 [8] include(::Module, ::String) at ./Base.jl:31
 [9] include(::String) at ./client.jl:424
 [10] top-level scope at none:6
in expression starting at /home/pkgeval/.julia/packages/MortarContact2D/LVmtl/test/runtests.jl:4
ERROR: Package MortarContact2D errored during testing
Stacktrace:
 [1] pkgerror(::String, ::Vararg{String,N} where N) at /buildworker/worker/package_linux64/build/usr/share/julia/stdlib/v1.3/Pkg/src/Types.jl:113
 [2] #test#131(::Bool, ::Nothing, ::Cmd, ::Cmd, ::typeof(Pkg.Operations.test), ::Pkg.Types.Context, ::Array{Pkg.Types.PackageSpec,1}) at /buildworker/worker/package_linux64/build/usr/share/julia/stdlib/v1.3/Pkg/src/Operations.jl:1370
 [3] #test at ./none:0 [inlined]
 [4] #test#62(::Bool, ::Nothing, ::Cmd, ::Cmd, ::Base.Iterators.Pairs{Union{},Union{},Tuple{},NamedTuple{(),Tuple{}}}, ::typeof(Pkg.API.test), ::Pkg.Types.Context, ::Array{Pkg.Types.PackageSpec,1}) at /buildworker/worker/package_linux64/build/usr/share/julia/stdlib/v1.3/Pkg/src/API.jl:253
 [5] test(::Pkg.Types.Context, ::Array{Pkg.Types.PackageSpec,1}) at /buildworker/worker/package_linux64/build/usr/share/julia/stdlib/v1.3/Pkg/src/API.jl:239
 [6] #test#61 at /buildworker/worker/package_linux64/build/usr/share/julia/stdlib/v1.3/Pkg/src/API.jl:233 [inlined]
 [7] test at /buildworker/worker/package_linux64/build/usr/share/julia/stdlib/v1.3/Pkg/src/API.jl:233 [inlined]
 [8] #test#60 at /buildworker/worker/package_linux64/build/usr/share/julia/stdlib/v1.3/Pkg/src/API.jl:232 [inlined]
 [9] test at /buildworker/worker/package_linux64/build/usr/share/julia/stdlib/v1.3/Pkg/src/API.jl:232 [inlined]
 [10] #test#59(::Base.Iterators.Pairs{Union{},Union{},Tuple{},NamedTuple{(),Tuple{}}}, ::typeof(Pkg.API.test), ::String) at /buildworker/worker/package_linux64/build/usr/share/julia/stdlib/v1.3/Pkg/src/API.jl:231
 [11] test(::String) at /buildworker/worker/package_linux64/build/usr/share/julia/stdlib/v1.3/Pkg/src/API.jl:231
 [12] top-level scope at none:12
