Julia Version 1.3.2-pre.0
Commit 2e6715c045 (2019-12-31 00:49 UTC)
Platform Info:
  OS: Linux (x86_64-linux-gnu)
  CPU: Intel(R) Xeon(R) Silver 4114 CPU @ 2.20GHz
  WORD_SIZE: 64
  LIBM: libopenlibm
  LLVM: libLLVM-6.0.1 (ORCJIT, skylake)
Environment:
  JULIA_DEPOT_PATH = ::/usr/local/share/julia
  JULIA_NUM_THREADS = 2

 Resolving package versions...
 Installed TiledIteration ─ v0.2.4
 Installed OffsetArrays ─── v1.0.2
  Updating `~/.julia/environments/v1.3/Project.toml`
  [06e1c1a7] + TiledIteration v0.2.4
  Updating `~/.julia/environments/v1.3/Manifest.toml`
  [6fe1bfb0] + OffsetArrays v1.0.2
  [06e1c1a7] + TiledIteration v0.2.4
   Testing TiledIteration
 Resolving package versions...
[ Info: No changes
    Status `/tmp/jl_dQOXV9/Manifest.toml`
  [6fe1bfb0] OffsetArrays v1.0.2
  [06e1c1a7] TiledIteration v0.2.4
  [2a0f44e3] Base64  [`@stdlib/Base64`]
  [8ba89e20] Distributed  [`@stdlib/Distributed`]
  [b77e0a4c] InteractiveUtils  [`@stdlib/InteractiveUtils`]
  [56ddb016] Logging  [`@stdlib/Logging`]
  [d6f4376e] Markdown  [`@stdlib/Markdown`]
  [9a3f8284] Random  [`@stdlib/Random`]
  [9e88b42a] Serialization  [`@stdlib/Serialization`]
  [6462fe0b] Sockets  [`@stdlib/Sockets`]
  [8dfed614] Test  [`@stdlib/Test`]
Test Summary:   |   Pass   Total
tiled iteration | 113232  113232
Test Summary:  | Pass  Total
edge iteration |   15     15
Test Summary: | Pass  Total
padded sizes  |    9      9
Test Summary: | Pass  Total
threads       |    2      2
Test Summary: | Pass  Total
TileBuffer    |   24     24
   Testing TiledIteration tests passed 
