Julia Version 1.3.0
Commit 46ce4d7933 (2019-11-26 06:09 UTC)
Platform Info:
  OS: Linux (x86_64-pc-linux-gnu)
  CPU: Intel(R) Xeon(R) Silver 4114 CPU @ 2.20GHz
  WORD_SIZE: 64
  LIBM: libopenlibm
  LLVM: libLLVM-6.0.1 (ORCJIT, skylake)

   Cloning default registries into `~/.julia`
   Cloning registry from "https://github.com/JuliaRegistries/General.git"
[?25l    Fetching: [>                                        ]  0.0 %    Fetching: [=============>                           ]  30.9 %    Fetching: [===============================>         ]  76.5 %[2K[?25h     Added registry `General` to `~/.julia/registries/General`
 Resolving package versions...
 Installed NODAL ─ v0.4.0
  Updating `~/.julia/environments/v1.3/Project.toml`
  [44063525] + NODAL v0.4.0
  Updating `~/.julia/environments/v1.3/Manifest.toml`
  [44063525] + NODAL v0.4.0
  [2a0f44e3] + Base64 
  [8ba89e20] + Distributed 
  [b77e0a4c] + InteractiveUtils 
  [8f399da3] + Libdl 
  [37e2e46d] + LinearAlgebra 
  [56ddb016] + Logging 
  [d6f4376e] + Markdown 
  [de0858da] + Printf 
  [9a3f8284] + Random 
  [9e88b42a] + Serialization 
  [6462fe0b] + Sockets 
  [2f01184e] + SparseArrays 
  [10745b16] + Statistics 
  [8dfed614] + Test 
  [4ec0a83e] + Unicode 
   Testing NODAL
    Status `/tmp/jl_JJE89e/Manifest.toml`
  [44063525] NODAL v0.4.0
  [2a0f44e3] Base64  [`@stdlib/Base64`]
  [8ba89e20] Distributed  [`@stdlib/Distributed`]
  [b77e0a4c] InteractiveUtils  [`@stdlib/InteractiveUtils`]
  [8f399da3] Libdl  [`@stdlib/Libdl`]
  [37e2e46d] LinearAlgebra  [`@stdlib/LinearAlgebra`]
  [56ddb016] Logging  [`@stdlib/Logging`]
  [d6f4376e] Markdown  [`@stdlib/Markdown`]
  [de0858da] Printf  [`@stdlib/Printf`]
  [9a3f8284] Random  [`@stdlib/Random`]
  [9e88b42a] Serialization  [`@stdlib/Serialization`]
  [6462fe0b] Sockets  [`@stdlib/Sockets`]
  [2f01184e] SparseArrays  [`@stdlib/SparseArrays`]
  [10745b16] Statistics  [`@stdlib/Statistics`]
  [8dfed614] Test  [`@stdlib/Test`]
  [4ec0a83e] Unicode  [`@stdlib/Unicode`]
Test Summary:   | Pass  Total
NumberParameter |   86     86
    [EnumParameter]
    name   : test
    current: test
    values : 
    [EnumParameter]
    name   : test
    current: test
    values : 
    [StringParameter]
    name : test
    value: "a"
    ***
    [StringParameter]
    name : test
    value: "b"
    ***
    [EnumParameter]
    name   : test
    current: test
    values : 
    [StringParameter]
    name : test
    value: "c"
Test Summary: | Pass  Total
EnumParameter |   37     37
    [PermutationParameter]
    name : test
    value: [1, 2, 3, 4, 5, 6]
    size : 6
    [PermutationParameter]
    name : test
    value: [4, 2, 3, 1, 5, 6]
    size : 6
    [PermutationParameter]
    name : test
    value: [4, 2, 3, 1, 5, 6]
    size : 6
    [PermutationParameter]
    name : test
    value: [3, 4, 2, 1, 5, 6]
    size : 6
    [PermutationParameter]
    name : test
    value: [1, 2, 3, 4, 5, 6]
    size : 6
    [PermutationParameter]
    name : test
    value: [3, 2, 5, 6, 4, 1]
    size : 6
Test Summary:        | Pass  Total
PermutationParameter |    9      9
Test Summary:   | Pass  Total
StringParameter |    6      6
    [BoolParameter]
    name : test
    value: true
Test Summary: | Pass  Total
BoolParameter |    6      6
  [Configuration]
  name      : test
  parameters:
    [NumberParameter]
    name : i0
    min  : 1.000000
    max  : 38.000000
    value: 3.000000
    ***
    [NumberParameter]
    name : i3
    min  : 2.330000
    max  : 85.330000
    value: 22.200000
    ***
    [NumberParameter]
    name : i1
    min  : 4.000000
    max  : 66.000000
    value: 55.000000
    ***
    [StringParameter]
    name : i2
    value: "value"

Test Summary: | Pass  Total
Configuration |   27     27
Test Summary: | Pass  Total
Run           |    1      1
[Result]
Cost              : 1.0
Found in Iteration: 1
Current Iteration : 7
Technique         : Initialize
Function Calls    : 1
  ***
[Result]
Cost              : 0.495237938255178
Found in Iteration: 51
Current Iteration : 101
Technique         : Simulated Annealing
Function Calls    : 51
  ***
[Result]
Cost              : 0.021071483182090178
Found in Iteration: 151
Current Iteration : 207
Technique         : Simulated Annealing
Function Calls    : 151
  ***
[Result]
Cost              : 0.021071483182090178
Found in Iteration: 151
Current Iteration : 307
Technique         : Simulated Annealing
Function Calls    : 151
  ***
[Result]
Cost              : 0.013075021868679336
Found in Iteration: 351
Current Iteration : 401
Technique         : Simulated Annealing
Function Calls    : 351
  ***
[Result]
Cost              : 0.00583171578604867
Found in Iteration: 401
Current Iteration : 507
Technique         : Simulated Annealing
Function Calls    : 401
  ***
[bioFinal Result]
Cost                  : 0.00583171578604867
Found in Iteration    : 401
Current Iteration     : 571
Technique             : Simulated Annealing
Function Calls        : 401
Starting Configuration:
  [Configuration]
  name      : rosenbrock_config
  parameters:
    [NumberParameter]
    name : i0
    min  : -2.000000
    max  : 2.000000
    value: 1.040217
    ***
    [NumberParameter]
    name : i1
    min  : -2.000000
    max  : 2.000000
    value: 1.075560
Minimum Configuration :
  [Configuration]
  name      : rosenbrock_config
  parameters:
    [NumberParameter]
    name : i0
    min  : -2.000000
    max  : 2.000000
    value: 1.040217
    ***
    [NumberParameter]
    name : i1
    min  : -2.000000
    max  : 2.000000
    value: 1.075560
0.00583171578604867
Test Summary: | Pass  Total
Search        |    3      3
[Result]
Cost              : 1.0
Found in Iteration: 1
Current Iteration : 7
Technique         : Initialize
Function Calls    : 1
  ***
[Result]
Cost              : 1.0
Found in Iteration: 1
Current Iteration : 5925
Technique         : Initialize
Function Calls    : 1
  ***
[Result]
Cost              : 1.0
Found in Iteration: 1
Current Iteration : 21302
Technique         : Initialize
Function Calls    : 1
  ***
[Result]
Cost              : 1.0
Found in Iteration: 1
Current Iteration : 30431
Technique         : Initialize
Function Calls    : 1
  ***
[Result]
Cost              : 0.0029886282837250466
Found in Iteration: 6
Current Iteration : 44251
Technique         : Iterative First Improvement
Function Calls    : 21390
  ***
[Result]
Cost              : 0.0029886282837250466
Found in Iteration: 6
Current Iteration : 60521
Technique         : Iterative First Improvement
Function Calls    : 21390
  ***
[Result]
Cost              : 0.00014867527119305333
Found in Iteration: 8
Current Iteration : 78517
Technique         : Iterative First Improvement
Function Calls    : 32185
  ***
[Result]
Cost              : 0.00014867527119305333
Found in Iteration: 8
Current Iteration : 90873
Technique         : Iterative First Improvement
Function Calls    : 32185
  ***
[bioFinal Result]
Cost                  : 0.00014867527119305333
Found in Iteration    : 8
Current Iteration     : 105818
Technique             : Iterative First Improvement
Function Calls        : 32185
Starting Configuration:
  [Configuration]
  name      : rosenbrock_config
  parameters:
    [NumberParameter]
    name : i0
    min  : -2.000000
    max  : 2.000000
    value: 1.005340
    ***
    [NumberParameter]
    name : i1
    min  : -2.000000
    max  : 2.000000
    value: 1.016149
Minimum Configuration :
  [Configuration]
  name      : rosenbrock_config
  parameters:
    [NumberParameter]
    name : i0
    min  : -2.000000
    max  : 2.000000
    value: 0.991016
    ***
    [NumberParameter]
    name : i1
    min  : -2.000000
    max  : 2.000000
    value: 0.982938
0.00014867527119305333
Test Summary: | Pass  Total
Search        |    3      3
[Result]
Cost              : 1.0
Found in Iteration: 1
Current Iteration : 7
Technique         : Initialize
Function Calls    : 1
  ***
[Result]
Cost              : 1.0
Found in Iteration: 1
Current Iteration : 35921
Technique         : Initialize
Function Calls    : 1
  ***
[Result]
Cost              : 0.05388059031046561
Found in Iteration: 18262
Current Iteration : 80729
Technique         : Iterative Probabilistic Improvement
Function Calls    : 18262
  ***
[Result]
Cost              : 0.05388059031046561
Found in Iteration: 18262
Current Iteration : 136605
Technique         : Iterative Probabilistic Improvement
Function Calls    : 18262
  ***
[Result]
Cost              : 0.05388059031046561
Found in Iteration: 18262
Current Iteration : 189971
Technique         : Iterative Probabilistic Improvement
Function Calls    : 18262
  ***
[Result]
Cost              : 0.05388059031046561
Found in Iteration: 18262
Current Iteration : 246811
Technique         : Iterative Probabilistic Improvement
Function Calls    : 18262
  ***
[bioFinal Result]
Cost                  : 0.05388059031046561
Found in Iteration    : 18262
Current Iteration     : 302040
Technique             : Iterative Probabilistic Improvement
Function Calls        : 18262
Starting Configuration:
  [Configuration]
  name      : rosenbrock_config
  parameters:
    [NumberParameter]
    name : i0
    min  : -2.000000
    max  : 2.000000
    value: 0.771425
    ***
    [NumberParameter]
    name : i1
    min  : -2.000000
    max  : 2.000000
    value: 0.599140
Minimum Configuration :
  [Configuration]
  name      : rosenbrock_config
  parameters:
    [NumberParameter]
    name : i0
    min  : -2.000000
    max  : 2.000000
    value: 0.771425
    ***
    [NumberParameter]
    name : i1
    min  : -2.000000
    max  : 2.000000
    value: 0.599140
0.05388059031046561
Test Summary: | Pass  Total
Search        |    3      3
[Result]
Cost              : 1.0
Found in Iteration: 1
Current Iteration : 7
Technique         : Initialize
Function Calls    : 1
  ***
[Result]
Cost              : 1.0
Found in Iteration: 1
Current Iteration : 76529
Technique         : Initialize
Function Calls    : 1
  ***
[Result]
Cost              : 0.02245858379370915
Found in Iteration: 1397
Current Iteration : 145043
Technique         : Randomized First Improvement
Function Calls    : 41771
  ***
[Result]
Cost              : 0.02245858379370915
Found in Iteration: 1397
Current Iteration : 215237
Technique         : Randomized First Improvement
Function Calls    : 41771
  ***
[Result]
Cost              : 0.02245858379370915
Found in Iteration: 1397
Current Iteration : 291623
Technique         : Randomized First Improvement
Function Calls    : 41771
  ***
[Result]
Cost              : 0.0013505235206459343
Found in Iteration: 3858
Current Iteration : 366877
Technique         : Randomized First Improvement
Function Calls    : 172302
  ***
[bioFinal Result]
Cost                  : 0.0013505235206459343
Found in Iteration    : 3858
Current Iteration     : 435458
Technique             : Randomized First Improvement
Function Calls        : 172302
Starting Configuration:
  [Configuration]
  name      : rosenbrock_config
  parameters:
    [NumberParameter]
    name : i0
    min  : -2.000000
    max  : 2.000000
    value: 1.036458
    ***
    [NumberParameter]
    name : i1
    min  : -2.000000
    max  : 2.000000
    value: 1.073782
Minimum Configuration :
  [Configuration]
  name      : rosenbrock_config
  parameters:
    [NumberParameter]
    name : i0
    min  : -2.000000
    max  : 2.000000
    value: 1.036458
    ***
    [NumberParameter]
    name : i1
    min  : -2.000000
    max  : 2.000000
    value: 1.073782
0.0013505235206459343
Test Summary: | Pass  Total
Search        |    3      3
[Result]
Cost              : 1.0
Found in Iteration: 1
Current Iteration : 7
Technique         : Initialize
Function Calls    : 1
  ***
[Result]
Cost              : 1.0
Found in Iteration: 1
Current Iteration : 132621
Technique         : Initialize
Function Calls    : 1
  ***
[Result]
Cost              : 1.0
Found in Iteration: 1
Current Iteration : 457245
Technique         : Initialize
Function Calls    : 1
  ***
[bioFinal Result]
Cost                  : 1.0
Found in Iteration    : 1
Current Iteration     : 767262
Technique             : Initialize
Function Calls        : 1
Starting Configuration:
  [Configuration]
  name      : rosenbrock_config
  parameters:
    [NumberParameter]
    name : i0
    min  : -2.000000
    max  : 2.000000
    value: 0.000000
    ***
    [NumberParameter]
    name : i1
    min  : -2.000000
    max  : 2.000000
    value: 0.000000
Minimum Configuration :
  [Configuration]
  name      : rosenbrock_config
  parameters:
    [NumberParameter]
    name : i0
    min  : -2.000000
    max  : 2.000000
    value: 0.000000
    ***
    [NumberParameter]
    name : i1
    min  : -2.000000
    max  : 2.000000
    value: 0.000000
1.0
Test Summary: | Pass  Total
Search        |    3      3
[Result]
Cost              : 1.0
Found in Iteration: 1
Current Iteration : 7
Technique         : Initialize
Function Calls    : 1
  ***
[Result]
Cost              : 1.0
Found in Iteration: 1
Current Iteration : 57481
Technique         : Initialize
Function Calls    : 1
  ***
[Result]
Cost              : 1.0
Found in Iteration: 1
Current Iteration : 129257
Technique         : Initialize
Function Calls    : 1
  ***
[Result]
Cost              : 1.0
Found in Iteration: 1
Current Iteration : 197436
Technique         : Initialize
Function Calls    : 1
  ***
1.0
Test Summary: | Pass  Total
Search        |    3      3
Test Summary: | Pass  Total
unit_value    |    6      6
   Testing NODAL tests passed 
