Julia Version 1.3.0
Commit 46ce4d7933 (2019-11-26 06:09 UTC)
Platform Info:
  OS: Linux (x86_64-pc-linux-gnu)
  CPU: Intel(R) Xeon(R) Silver 4114 CPU @ 2.20GHz
  WORD_SIZE: 64
  LIBM: libopenlibm
  LLVM: libLLVM-6.0.1 (ORCJIT, skylake)

   Cloning default registries into `~/.julia`
   Cloning registry from "https://github.com/JuliaRegistries/General.git"
[?25l    Fetching: [>                                        ]  0.0 %    Fetching: [=============>                           ]  30.6 %    Fetching: [===============================>         ]  75.6 %[2K[?25h     Added registry `General` to `~/.julia/registries/General`
 Resolving package versions...
 Installed Ratios ────────────────────── v0.3.1
 Installed CoordinateTransformations ─── v0.5.0
 Installed PaddedViews ───────────────── v0.4.2
 Installed SortingAlgorithms ─────────── v0.3.1
 Installed YAML ──────────────────────── v0.3.2
 Installed ImageTransformations ──────── v0.8.0
 Installed DataStructures ────────────── v0.17.6
 Installed DemoCards ─────────────────── v0.1.3
 Installed StaticArrays ──────────────── v0.12.1
 Installed Suppressor ────────────────── v0.1.1
 Installed FFTW ──────────────────────── v1.1.0
 Installed Rotations ─────────────────── v0.12.0
 Installed AxisAlgorithms ────────────── v1.0.0
 Installed BinaryProvider ────────────── v0.5.8
 Installed Compat ────────────────────── v2.2.0
 Installed Missings ──────────────────── v0.4.3
 Installed FileIO ────────────────────── v1.1.0
 Installed Parsers ───────────────────── v0.3.10
 Installed OrderedCollections ────────── v1.1.0
 Installed TableTraits ───────────────── v1.0.0
 Installed FixedPointNumbers ─────────── v0.6.1
 Installed Mustache ──────────────────── v1.0.0
 Installed DataAPI ───────────────────── v1.1.0
 Installed ColorTypes ────────────────── v0.8.0
 Installed SpecialFunctions ──────────── v0.9.0
 Installed JSON ──────────────────────── v0.21.0
 Installed Codecs ────────────────────── v0.5.0
 Installed Tables ────────────────────── v0.2.11
 Installed NaNMath ───────────────────── v0.3.3
 Installed DataValueInterfaces ───────── v1.0.0
 Installed OpenSpecFun_jll ───────────── v0.5.3+1
 Installed ImageCore ─────────────────── v0.8.6
 Installed Conda ─────────────────────── v1.3.0
 Installed ColorVectorSpace ──────────── v0.7.1
 Installed Colors ────────────────────── v0.9.6
 Installed Graphics ──────────────────── v1.0.0
 Installed VersionParsing ────────────── v1.1.3
 Installed IteratorInterfaceExtensions ─ v1.0.0
 Installed Literate ──────────────────── v2.2.1
 Installed OffsetArrays ──────────────── v0.11.3
 Installed MappedArrays ──────────────── v0.2.2
 Installed Interpolations ────────────── v0.12.5
 Installed WoodburyMatrices ──────────── v0.4.1
 Installed Reexport ──────────────────── v0.2.0
 Installed AbstractFFTs ──────────────── v0.5.0
 Installed StatsBase ─────────────────── v0.32.0
 Installed IdentityRanges ────────────── v0.3.0
  Updating `~/.julia/environments/v1.3/Project.toml`
  [311a05b2] + DemoCards v0.1.3
  Updating `~/.julia/environments/v1.3/Manifest.toml`
  [621f4979] + AbstractFFTs v0.5.0
  [13072b0f] + AxisAlgorithms v1.0.0
  [b99e7846] + BinaryProvider v0.5.8
  [19ecbf4d] + Codecs v0.5.0
  [3da002f7] + ColorTypes v0.8.0
  [c3611d14] + ColorVectorSpace v0.7.1
  [5ae59095] + Colors v0.9.6
  [34da2185] + Compat v2.2.0
  [8f4d0f93] + Conda v1.3.0
  [150eb455] + CoordinateTransformations v0.5.0
  [9a962f9c] + DataAPI v1.1.0
  [864edb3b] + DataStructures v0.17.6
  [e2d170a0] + DataValueInterfaces v1.0.0
  [311a05b2] + DemoCards v0.1.3
  [7a1cc6ca] + FFTW v1.1.0
  [5789e2e9] + FileIO v1.1.0
  [53c48c17] + FixedPointNumbers v0.6.1
  [a2bd30eb] + Graphics v1.0.0
  [bbac6d45] + IdentityRanges v0.3.0
  [a09fc81d] + ImageCore v0.8.6
  [02fcd773] + ImageTransformations v0.8.0
  [a98d9a8b] + Interpolations v0.12.5
  [82899510] + IteratorInterfaceExtensions v1.0.0
  [682c06a0] + JSON v0.21.0
  [98b081ad] + Literate v2.2.1
  [dbb5928d] + MappedArrays v0.2.2
  [e1d29d7a] + Missings v0.4.3
  [ffc61752] + Mustache v1.0.0
  [77ba4419] + NaNMath v0.3.3
  [6fe1bfb0] + OffsetArrays v0.11.3
  [efe28fd5] + OpenSpecFun_jll v0.5.3+1
  [bac558e1] + OrderedCollections v1.1.0
  [5432bcbf] + PaddedViews v0.4.2
  [69de0a69] + Parsers v0.3.10
  [c84ed2f1] + Ratios v0.3.1
  [189a3867] + Reexport v0.2.0
  [6038ab10] + Rotations v0.12.0
  [a2af1166] + SortingAlgorithms v0.3.1
  [276daf66] + SpecialFunctions v0.9.0
  [90137ffa] + StaticArrays v0.12.1
  [2913bbd2] + StatsBase v0.32.0
  [fd094767] + Suppressor v0.1.1
  [3783bdb8] + TableTraits v1.0.0
  [bd369af6] + Tables v0.2.11
  [81def892] + VersionParsing v1.1.3
  [efce3f68] + WoodburyMatrices v0.4.1
  [ddb6d928] + YAML v0.3.2
  [2a0f44e3] + Base64 
  [ade2ca70] + Dates 
  [8bb1440f] + DelimitedFiles 
  [8ba89e20] + Distributed 
  [b77e0a4c] + InteractiveUtils 
  [76f85450] + LibGit2 
  [8f399da3] + Libdl 
  [37e2e46d] + LinearAlgebra 
  [56ddb016] + Logging 
  [d6f4376e] + Markdown 
  [a63ad114] + Mmap 
  [44cfe95a] + Pkg 
  [de0858da] + Printf 
  [3fa0cd96] + REPL 
  [9a3f8284] + Random 
  [ea8e919c] + SHA 
  [9e88b42a] + Serialization 
  [1a1011a3] + SharedArrays 
  [6462fe0b] + Sockets 
  [2f01184e] + SparseArrays 
  [10745b16] + Statistics 
  [8dfed614] + Test 
  [cf7118a7] + UUIDs 
  [4ec0a83e] + Unicode 
  Building Conda → `~/.julia/packages/Conda/kLXeC/deps/build.log`
  Building FFTW ─→ `~/.julia/packages/FFTW/loJ3F/deps/build.log`
   Testing DemoCards
 Resolving package versions...
 Installed ImageMagick ───── v1.0.0
 Installed Crayons ───────── v4.0.1
 Installed Distances ─────── v0.8.2
 Installed ImageMagick_jll ─ v6.9.10-12+0
 Installed ReferenceTests ── v0.8.2
 Installed ImageInTerminal ─ v0.4.1
 Installed DeepDiffs ─────── v1.1.0
 Installed Libtiff_jll ───── v4.0.10+0
 Installed Zlib_jll ──────── v1.2.11+7
 Installed libpng_jll ────── v1.6.37+2
 Installed Zstd_jll ──────── v1.4.2+0
 Installed JpegTurbo_jll ─── v2.0.1+0
    Status `/tmp/jl_JiPwsu/Manifest.toml`
  [621f4979] AbstractFFTs v0.5.0
  [13072b0f] AxisAlgorithms v1.0.0
  [b99e7846] BinaryProvider v0.5.8
  [19ecbf4d] Codecs v0.5.0
  [3da002f7] ColorTypes v0.8.0
  [c3611d14] ColorVectorSpace v0.7.1
  [5ae59095] Colors v0.9.6
  [34da2185] Compat v2.2.0
  [8f4d0f93] Conda v1.3.0
  [150eb455] CoordinateTransformations v0.5.0
  [a8cc5b0e] Crayons v4.0.1
  [9a962f9c] DataAPI v1.1.0
  [864edb3b] DataStructures v0.17.6
  [e2d170a0] DataValueInterfaces v1.0.0
  [ab62b9b5] DeepDiffs v1.1.0
  [311a05b2] DemoCards v0.1.3
  [b4f34e82] Distances v0.8.2
  [7a1cc6ca] FFTW v1.1.0
  [5789e2e9] FileIO v1.1.0
  [53c48c17] FixedPointNumbers v0.6.1
  [a2bd30eb] Graphics v1.0.0
  [bbac6d45] IdentityRanges v0.3.0
  [a09fc81d] ImageCore v0.8.6
  [d8c32880] ImageInTerminal v0.4.1
  [6218d12a] ImageMagick v1.0.0
  [c73af94c] ImageMagick_jll v6.9.10-12+0
  [02fcd773] ImageTransformations v0.8.0
  [a98d9a8b] Interpolations v0.12.5
  [82899510] IteratorInterfaceExtensions v1.0.0
  [682c06a0] JSON v0.21.0
  [aacddb02] JpegTurbo_jll v2.0.1+0
  [89763e89] Libtiff_jll v4.0.10+0
  [98b081ad] Literate v2.2.1
  [dbb5928d] MappedArrays v0.2.2
  [e1d29d7a] Missings v0.4.3
  [ffc61752] Mustache v1.0.0
  [77ba4419] NaNMath v0.3.3
  [6fe1bfb0] OffsetArrays v0.11.3
  [efe28fd5] OpenSpecFun_jll v0.5.3+1
  [bac558e1] OrderedCollections v1.1.0
  [5432bcbf] PaddedViews v0.4.2
  [69de0a69] Parsers v0.3.10
  [c84ed2f1] Ratios v0.3.1
  [189a3867] Reexport v0.2.0
  [324d217c] ReferenceTests v0.8.2
  [6038ab10] Rotations v0.12.0
  [a2af1166] SortingAlgorithms v0.3.1
  [276daf66] SpecialFunctions v0.9.0
  [90137ffa] StaticArrays v0.12.1
  [2913bbd2] StatsBase v0.32.0
  [fd094767] Suppressor v0.1.1
  [3783bdb8] TableTraits v1.0.0
  [bd369af6] Tables v0.2.11
  [81def892] VersionParsing v1.1.3
  [efce3f68] WoodburyMatrices v0.4.1
  [ddb6d928] YAML v0.3.2
  [83775a58] Zlib_jll v1.2.11+7
  [3161d3a3] Zstd_jll v1.4.2+0
  [b53b4c65] libpng_jll v1.6.37+2
  [2a0f44e3] Base64  [`@stdlib/Base64`]
  [ade2ca70] Dates  [`@stdlib/Dates`]
  [8bb1440f] DelimitedFiles  [`@stdlib/DelimitedFiles`]
  [8ba89e20] Distributed  [`@stdlib/Distributed`]
  [b77e0a4c] InteractiveUtils  [`@stdlib/InteractiveUtils`]
  [76f85450] LibGit2  [`@stdlib/LibGit2`]
  [8f399da3] Libdl  [`@stdlib/Libdl`]
  [37e2e46d] LinearAlgebra  [`@stdlib/LinearAlgebra`]
  [56ddb016] Logging  [`@stdlib/Logging`]
  [d6f4376e] Markdown  [`@stdlib/Markdown`]
  [a63ad114] Mmap  [`@stdlib/Mmap`]
  [44cfe95a] Pkg  [`@stdlib/Pkg`]
  [de0858da] Printf  [`@stdlib/Printf`]
  [3fa0cd96] REPL  [`@stdlib/REPL`]
  [9a3f8284] Random  [`@stdlib/Random`]
  [ea8e919c] SHA  [`@stdlib/SHA`]
  [9e88b42a] Serialization  [`@stdlib/Serialization`]
  [1a1011a3] SharedArrays  [`@stdlib/SharedArrays`]
  [6462fe0b] Sockets  [`@stdlib/Sockets`]
  [2f01184e] SparseArrays  [`@stdlib/SparseArrays`]
  [10745b16] Statistics  [`@stdlib/Statistics`]
  [8dfed614] Test  [`@stdlib/Test`]
  [cf7118a7] UUIDs  [`@stdlib/UUIDs`]
  [4ec0a83e] Unicode  [`@stdlib/Unicode`]
Test Summary:    | Pass  Total
AbstractDemoCard |   57     57
Test Summary: | Pass  Total
DemoSection   |   22     22
Test Summary: | Pass  Total
DemoPage      |    9      9
Test Summary: | Pass  Total
generate      |    4      4
Test Summary: | Pass  Total
show          |    2      2
Test Summary: | Pass  Total
regexes       |   63     63
   Testing DemoCards tests passed 
