Julia Version 1.4.2-pre.0
Commit ef4fe83698 (2020-04-15 16:24 UTC)
Platform Info:
  OS: Linux (x86_64-linux-gnu)
  CPU: Intel(R) Xeon(R) Silver 4114 CPU @ 2.20GHz
  WORD_SIZE: 64
  LIBM: libopenlibm
  LLVM: libLLVM-8.0.1 (ORCJIT, skylake)
Environment:
  JULIA_DEPOT_PATH = ::/usr/local/share/julia
  JULIA_NUM_THREADS = 2

  Resolving package versions...
  Installed MKL_jll ───────── v2020.1.216+0
  Installed IntelOpenMP_jll ─ v2018.0.3+0
  Installed Requires ──────── v1.0.1
  Installed IntelGEMM ─────── v0.1.1
   Updating `~/.julia/environments/v1.4/Project.toml`
  [46a1a280] + IntelGEMM v0.1.1
   Updating `~/.julia/environments/v1.4/Manifest.toml`
  [46a1a280] + IntelGEMM v0.1.1
  [1d5cc7b8] + IntelOpenMP_jll v2018.0.3+0
  [856f044c] + MKL_jll v2020.1.216+0
  [ae029012] + Requires v1.0.1
  [2a0f44e3] + Base64 
  [ade2ca70] + Dates 
  [b77e0a4c] + InteractiveUtils 
  [76f85450] + LibGit2 
  [8f399da3] + Libdl 
  [37e2e46d] + LinearAlgebra 
  [56ddb016] + Logging 
  [d6f4376e] + Markdown 
  [44cfe95a] + Pkg 
  [de0858da] + Printf 
  [3fa0cd96] + REPL 
  [9a3f8284] + Random 
  [ea8e919c] + SHA 
  [9e88b42a] + Serialization 
  [6462fe0b] + Sockets 
  [cf7118a7] + UUIDs 
  [4ec0a83e] + Unicode 
    Testing IntelGEMM
Status `/tmp/jl_cLXtie/Manifest.toml`
  [46a1a280] IntelGEMM v0.1.1
  [1d5cc7b8] IntelOpenMP_jll v2018.0.3+0
  [856f044c] MKL_jll v2020.1.216+0
  [ae029012] Requires v1.0.1
  [2a0f44e3] Base64 
  [ade2ca70] Dates 
  [8ba89e20] Distributed 
  [b77e0a4c] InteractiveUtils 
  [76f85450] LibGit2 
  [8f399da3] Libdl 
  [37e2e46d] LinearAlgebra 
  [56ddb016] Logging 
  [d6f4376e] Markdown 
  [44cfe95a] Pkg 
  [de0858da] Printf 
  [3fa0cd96] REPL 
  [9a3f8284] Random 
  [ea8e919c] SHA 
  [9e88b42a] Serialization 
  [6462fe0b] Sockets 
  [8dfed614] Test 
  [cf7118a7] UUIDs 
  [4ec0a83e] Unicode 
WARNING: Method definition gemm!(AbstractChar, AbstractChar, Union{Bool, Float64}, Union{AbstractArray{Float64, 1}, AbstractArray{Float64, 2}}, Union{AbstractArray{Float64, 1}, AbstractArray{Float64, 2}}, Union{Bool, Float64}, Union{AbstractArray{Float64, 1}, AbstractArray{Float64, 2}}) in module BLAS at /workspace/srcdir/usr/share/julia/stdlib/v1.4/LinearAlgebra/src/blas.jl:1156 overwritten in module IntelGEMM at /home/pkgeval/.julia/packages/IntelGEMM/zB3Xh/src/IntelGEMM.jl:86.
  ** incremental compilation may be fatally broken for this module **

WARNING: Method definition gemm!(AbstractChar, AbstractChar, Union{Bool, Float32}, Union{AbstractArray{Float32, 1}, AbstractArray{Float32, 2}}, Union{AbstractArray{Float32, 1}, AbstractArray{Float32, 2}}, Union{Bool, Float32}, Union{AbstractArray{Float32, 1}, AbstractArray{Float32, 2}}) in module BLAS at /workspace/srcdir/usr/share/julia/stdlib/v1.4/LinearAlgebra/src/blas.jl:1156 overwritten in module IntelGEMM at /home/pkgeval/.julia/packages/IntelGEMM/zB3Xh/src/IntelGEMM.jl:86.
  ** incremental compilation may be fatally broken for this module **

WARNING: Method definition gemm!(AbstractChar, AbstractChar, Union{Base.Complex{Float64}, Bool}, Union{AbstractArray{Base.Complex{Float64}, 1}, AbstractArray{Base.Complex{Float64}, 2}}, Union{AbstractArray{Base.Complex{Float64}, 1}, AbstractArray{Base.Complex{Float64}, 2}}, Union{Base.Complex{Float64}, Bool}, Union{AbstractArray{Base.Complex{Float64}, 1}, AbstractArray{Base.Complex{Float64}, 2}}) in module BLAS at /workspace/srcdir/usr/share/julia/stdlib/v1.4/LinearAlgebra/src/blas.jl:1156 overwritten in module IntelGEMM at /home/pkgeval/.julia/packages/IntelGEMM/zB3Xh/src/IntelGEMM.jl:86.
  ** incremental compilation may be fatally broken for this module **

WARNING: Method definition gemm!(AbstractChar, AbstractChar, Union{Base.Complex{Float32}, Bool}, Union{AbstractArray{Base.Complex{Float32}, 1}, AbstractArray{Base.Complex{Float32}, 2}}, Union{AbstractArray{Base.Complex{Float32}, 1}, AbstractArray{Base.Complex{Float32}, 2}}, Union{Base.Complex{Float32}, Bool}, Union{AbstractArray{Base.Complex{Float32}, 1}, AbstractArray{Base.Complex{Float32}, 2}}) in module BLAS at /workspace/srcdir/usr/share/julia/stdlib/v1.4/LinearAlgebra/src/blas.jl:1156 overwritten in module IntelGEMM at /home/pkgeval/.julia/packages/IntelGEMM/zB3Xh/src/IntelGEMM.jl:86.
  ** incremental compilation may be fatally broken for this module **

WARNING: Method definition gemv!(AbstractChar, Union{Bool, Float64}, Union{AbstractArray{Float64, 1}, AbstractArray{Float64, 2}}, AbstractArray{Float64, 1}, Union{Bool, Float64}, AbstractArray{Float64, 1}) in module BLAS at /workspace/srcdir/usr/share/julia/stdlib/v1.4/LinearAlgebra/src/blas.jl:577 overwritten in module IntelGEMM at /home/pkgeval/.julia/packages/IntelGEMM/zB3Xh/src/IntelGEMM.jl:126.
  ** incremental compilation may be fatally broken for this module **

WARNING: Method definition gemv!(AbstractChar, Union{Bool, Float32}, Union{AbstractArray{Float32, 1}, AbstractArray{Float32, 2}}, AbstractArray{Float32, 1}, Union{Bool, Float32}, AbstractArray{Float32, 1}) in module BLAS at /workspace/srcdir/usr/share/julia/stdlib/v1.4/LinearAlgebra/src/blas.jl:577 overwritten in module IntelGEMM at /home/pkgeval/.julia/packages/IntelGEMM/zB3Xh/src/IntelGEMM.jl:126.
  ** incremental compilation may be fatally broken for this module **

WARNING: Method definition gemv!(AbstractChar, Union{Base.Complex{Float64}, Bool}, Union{AbstractArray{Base.Complex{Float64}, 1}, AbstractArray{Base.Complex{Float64}, 2}}, AbstractArray{Base.Complex{Float64}, 1}, Union{Base.Complex{Float64}, Bool}, AbstractArray{Base.Complex{Float64}, 1}) in module BLAS at /workspace/srcdir/usr/share/julia/stdlib/v1.4/LinearAlgebra/src/blas.jl:577 overwritten in module IntelGEMM at /home/pkgeval/.julia/packages/IntelGEMM/zB3Xh/src/IntelGEMM.jl:126.
  ** incremental compilation may be fatally broken for this module **

WARNING: Method definition gemv!(AbstractChar, Union{Base.Complex{Float32}, Bool}, Union{AbstractArray{Base.Complex{Float32}, 1}, AbstractArray{Base.Complex{Float32}, 2}}, AbstractArray{Base.Complex{Float32}, 1}, Union{Base.Complex{Float32}, Bool}, AbstractArray{Base.Complex{Float32}, 1}) in module BLAS at /workspace/srcdir/usr/share/julia/stdlib/v1.4/LinearAlgebra/src/blas.jl:577 overwritten in module IntelGEMM at /home/pkgeval/.julia/packages/IntelGEMM/zB3Xh/src/IntelGEMM.jl:126.
  ** incremental compilation may be fatally broken for this module **

WARNING: Method definition geevx!(AbstractChar, AbstractChar, AbstractChar, AbstractChar, AbstractArray{Float64, 2}) in module LAPACK at /workspace/srcdir/usr/share/julia/stdlib/v1.4/LinearAlgebra/src/lapack.jl:2041 overwritten in module IntelGEMM at /home/pkgeval/.julia/packages/IntelGEMM/zB3Xh/src/IntelGEMM.jl:167.
  ** incremental compilation may be fatally broken for this module **

WARNING: Method definition ggev!(AbstractChar, AbstractChar, AbstractArray{Float64, 2}, AbstractArray{Float64, 2}) in module LAPACK at /workspace/srcdir/usr/share/julia/stdlib/v1.4/LinearAlgebra/src/lapack.jl:2119 overwritten in module IntelGEMM at /home/pkgeval/.julia/packages/IntelGEMM/zB3Xh/src/IntelGEMM.jl:245.
  ** incremental compilation may be fatally broken for this module **

WARNING: Method definition geevx!(AbstractChar, AbstractChar, AbstractChar, AbstractChar, AbstractArray{Float32, 2}) in module LAPACK at /workspace/srcdir/usr/share/julia/stdlib/v1.4/LinearAlgebra/src/lapack.jl:2041 overwritten in module IntelGEMM at /home/pkgeval/.julia/packages/IntelGEMM/zB3Xh/src/IntelGEMM.jl:167.
  ** incremental compilation may be fatally broken for this module **

WARNING: Method definition ggev!(AbstractChar, AbstractChar, AbstractArray{Float32, 2}, AbstractArray{Float32, 2}) in module LAPACK at /workspace/srcdir/usr/share/julia/stdlib/v1.4/LinearAlgebra/src/lapack.jl:2119 overwritten in module IntelGEMM at /home/pkgeval/.julia/packages/IntelGEMM/zB3Xh/src/IntelGEMM.jl:245.
  ** incremental compilation may be fatally broken for this module **

WARNING: Method definition geevx!(AbstractChar, AbstractChar, AbstractChar, AbstractChar, AbstractArray{Base.Complex{Float64}, 2}) in module LAPACK at /workspace/srcdir/usr/share/julia/stdlib/v1.4/LinearAlgebra/src/lapack.jl:2193 overwritten in module IntelGEMM at /home/pkgeval/.julia/packages/IntelGEMM/zB3Xh/src/IntelGEMM.jl:319.
  ** incremental compilation may be fatally broken for this module **

WARNING: Method definition ggev!(AbstractChar, AbstractChar, AbstractArray{Base.Complex{Float64}, 2}, AbstractArray{Base.Complex{Float64}, 2}) in module LAPACK at /workspace/srcdir/usr/share/julia/stdlib/v1.4/LinearAlgebra/src/lapack.jl:2266 overwritten in module IntelGEMM at /home/pkgeval/.julia/packages/IntelGEMM/zB3Xh/src/IntelGEMM.jl:392.
  ** incremental compilation may be fatally broken for this module **

WARNING: Method definition geevx!(AbstractChar, AbstractChar, AbstractChar, AbstractChar, AbstractArray{Base.Complex{Float32}, 2}) in module LAPACK at /workspace/srcdir/usr/share/julia/stdlib/v1.4/LinearAlgebra/src/lapack.jl:2193 overwritten in module IntelGEMM at /home/pkgeval/.julia/packages/IntelGEMM/zB3Xh/src/IntelGEMM.jl:319.
  ** incremental compilation may be fatally broken for this module **

WARNING: Method definition ggev!(AbstractChar, AbstractChar, AbstractArray{Base.Complex{Float32}, 2}, AbstractArray{Base.Complex{Float32}, 2}) in module LAPACK at /workspace/srcdir/usr/share/julia/stdlib/v1.4/LinearAlgebra/src/lapack.jl:2266 overwritten in module IntelGEMM at /home/pkgeval/.julia/packages/IntelGEMM/zB3Xh/src/IntelGEMM.jl:392.
  ** incremental compilation may be fatally broken for this module **

WARNING: Method definition syev!(AbstractChar, AbstractChar, AbstractArray{Float64, 2}) in module LAPACK at /workspace/srcdir/usr/share/julia/stdlib/v1.4/LinearAlgebra/src/lapack.jl:5015 overwritten in module IntelGEMM at /home/pkgeval/.julia/packages/IntelGEMM/zB3Xh/src/IntelGEMM.jl:459.
  ** incremental compilation may be fatally broken for this module **

WARNING: Method definition syevr!(AbstractChar, AbstractChar, AbstractChar, AbstractArray{Float64, 2}, AbstractFloat, AbstractFloat, Integer, Integer, AbstractFloat) in module LAPACK at /workspace/srcdir/usr/share/julia/stdlib/v1.4/LinearAlgebra/src/lapack.jl:5048 overwritten in module IntelGEMM at /home/pkgeval/.julia/packages/IntelGEMM/zB3Xh/src/IntelGEMM.jl:492.
  ** incremental compilation may be fatally broken for this module **

WARNING: Method definition syevr!(AbstractChar, AbstractArray{Float64, 2}) in module LAPACK at /workspace/srcdir/usr/share/julia/stdlib/v1.4/LinearAlgebra/src/lapack.jl:5095 overwritten in module IntelGEMM at /home/pkgeval/.julia/packages/IntelGEMM/zB3Xh/src/IntelGEMM.jl:539.
  ** incremental compilation may be fatally broken for this module **

WARNING: Method definition sygvd!(Integer, AbstractChar, AbstractChar, AbstractArray{Float64, 2}, AbstractArray{Float64, 2}) in module LAPACK at /workspace/srcdir/usr/share/julia/stdlib/v1.4/LinearAlgebra/src/lapack.jl:5109 overwritten in module IntelGEMM at /home/pkgeval/.julia/packages/IntelGEMM/zB3Xh/src/IntelGEMM.jl:553.
  ** incremental compilation may be fatally broken for this module **

WARNING: Method definition syev!(AbstractChar, AbstractChar, AbstractArray{Float32, 2}) in module LAPACK at /workspace/srcdir/usr/share/julia/stdlib/v1.4/LinearAlgebra/src/lapack.jl:5015 overwritten in module IntelGEMM at /home/pkgeval/.julia/packages/IntelGEMM/zB3Xh/src/IntelGEMM.jl:459.
  ** incremental compilation may be fatally broken for this module **

WARNING: Method definition syevr!(AbstractChar, AbstractChar, AbstractChar, AbstractArray{Float32, 2}, AbstractFloat, AbstractFloat, Integer, Integer, AbstractFloat) in module LAPACK at /workspace/srcdir/usr/share/julia/stdlib/v1.4/LinearAlgebra/src/lapack.jl:5048 overwritten in module IntelGEMM at /home/pkgeval/.julia/packages/IntelGEMM/zB3Xh/src/IntelGEMM.jl:492.
  ** incremental compilation may be fatally broken for this module **

WARNING: Method definition syevr!(AbstractChar, AbstractArray{Float32, 2}) in module LAPACK at /workspace/srcdir/usr/share/julia/stdlib/v1.4/LinearAlgebra/src/lapack.jl:5095 overwritten in module IntelGEMM at /home/pkgeval/.julia/packages/IntelGEMM/zB3Xh/src/IntelGEMM.jl:539.
  ** incremental compilation may be fatally broken for this module **

WARNING: Method definition sygvd!(Integer, AbstractChar, AbstractChar, AbstractArray{Float32, 2}, AbstractArray{Float32, 2}) in module LAPACK at /workspace/srcdir/usr/share/julia/stdlib/v1.4/LinearAlgebra/src/lapack.jl:5109 overwritten in module IntelGEMM at /home/pkgeval/.julia/packages/IntelGEMM/zB3Xh/src/IntelGEMM.jl:553.
  ** incremental compilation may be fatally broken for this module **

    Testing IntelGEMM tests passed 
