Julia Version 1.3.0
Commit 46ce4d7933 (2019-11-26 06:09 UTC)
Platform Info:
  OS: Linux (x86_64-pc-linux-gnu)
  CPU: Intel(R) Xeon(R) Silver 4114 CPU @ 2.20GHz
  WORD_SIZE: 64
  LIBM: libopenlibm
  LLVM: libLLVM-6.0.1 (ORCJIT, skylake)

   Cloning default registries into `~/.julia`
   Cloning registry from "https://github.com/JuliaRegistries/General.git"
[?25l    Fetching: [>                                        ]  0.0 %    Fetching: [=============>                           ]  31.2 %    Fetching: [=================================>       ]  81.3 %[2K[?25h     Added registry `General` to `~/.julia/registries/General`
 Resolving package versions...
 Installed Compat ──────────────── v2.2.0
 Installed DiffResults ─────────── v0.0.4
 Installed DataStructures ──────── v0.17.6
 Installed BinaryProvider ──────── v0.5.8
 Installed StaticArrays ────────── v0.12.1
 Installed ThreePhasePowerModels ─ v0.3.2
 Installed PowerModels ─────────── v0.10.1
 Installed JuMP ────────────────── v0.19.2
 Installed Parsers ─────────────── v0.3.10
 Installed OrderedCollections ──── v1.1.0
 Installed JSON ────────────────── v0.21.0
 Installed Syslogs ─────────────── v0.3.0
 Installed Mocking ─────────────── v0.7.0
 Installed InfrastructureModels ── v0.2.2
 Installed MathOptInterface ────── v0.8.4
 Installed SpecialFunctions ────── v0.9.0
 Installed CommonSubexpressions ── v0.2.0
 Installed EzXML ───────────────── v0.9.5
 Installed DiffRules ───────────── v0.1.0
 Installed OpenSpecFun_jll ─────── v0.5.3+1
 Installed Memento ─────────────── v0.12.1
 Installed ForwardDiff ─────────── v0.9.0
 Installed NaNMath ─────────────── v0.3.3
 Installed Calculus ────────────── v0.5.1
 Installed TimeZones ───────────── v0.10.3
  Updating `~/.julia/environments/v1.3/Project.toml`
  [8503087a] + ThreePhasePowerModels v0.3.2
  Updating `~/.julia/environments/v1.3/Manifest.toml`
  [b99e7846] + BinaryProvider v0.5.8
  [49dc2e85] + Calculus v0.5.1
  [bbf7d656] + CommonSubexpressions v0.2.0
  [34da2185] + Compat v2.2.0
  [864edb3b] + DataStructures v0.17.6
  [163ba53b] + DiffResults v0.0.4
  [b552c78f] + DiffRules v0.1.0
  [8f5d6c58] + EzXML v0.9.5
  [f6369f11] + ForwardDiff v0.9.0
  [2030c09a] + InfrastructureModels v0.2.2
  [682c06a0] + JSON v0.21.0
  [4076af6c] + JuMP v0.19.2
  [b8f27783] + MathOptInterface v0.8.4
  [f28f55f0] + Memento v0.12.1
  [78c3b35d] + Mocking v0.7.0
  [77ba4419] + NaNMath v0.3.3
  [efe28fd5] + OpenSpecFun_jll v0.5.3+1
  [bac558e1] + OrderedCollections v1.1.0
  [69de0a69] + Parsers v0.3.10
  [c36e90e8] + PowerModels v0.10.1
  [276daf66] + SpecialFunctions v0.9.0
  [90137ffa] + StaticArrays v0.12.1
  [cea106d9] + Syslogs v0.3.0
  [8503087a] + ThreePhasePowerModels v0.3.2
  [f269a46b] + TimeZones v0.10.3
  [2a0f44e3] + Base64 
  [ade2ca70] + Dates 
  [8bb1440f] + DelimitedFiles 
  [8ba89e20] + Distributed 
  [b77e0a4c] + InteractiveUtils 
  [76f85450] + LibGit2 
  [8f399da3] + Libdl 
  [37e2e46d] + LinearAlgebra 
  [56ddb016] + Logging 
  [d6f4376e] + Markdown 
  [a63ad114] + Mmap 
  [44cfe95a] + Pkg 
  [de0858da] + Printf 
  [3fa0cd96] + REPL 
  [9a3f8284] + Random 
  [ea8e919c] + SHA 
  [9e88b42a] + Serialization 
  [1a1011a3] + SharedArrays 
  [6462fe0b] + Sockets 
  [2f01184e] + SparseArrays 
  [10745b16] + Statistics 
  [8dfed614] + Test 
  [cf7118a7] + UUIDs 
  [4ec0a83e] + Unicode 
  Building EzXML ────→ `~/.julia/packages/EzXML/QtGgF/deps/build.log`
  Building TimeZones → `~/.julia/packages/TimeZones/pjvlM/deps/build.log`
   Testing ThreePhasePowerModels
 Resolving package versions...
 Installed Ipopt ──────── v0.5.4
 Installed Cbc ────────── v0.6.3
 Installed SCS ────────── v0.5.1
 Installed MathProgBase ─ v0.7.7
 Installed Juniper ────── v0.4.3
  Building Cbc ──→ `~/.julia/packages/Cbc/rWU6K/deps/build.log`
  Building Ipopt → `~/.julia/packages/Ipopt/Iu7vT/deps/build.log`
  Building SCS ──→ `~/.julia/packages/SCS/L1XbN/deps/build.log`
    Status `/tmp/jl_pHxe2K/Manifest.toml`
  [b99e7846] BinaryProvider v0.5.8
  [49dc2e85] Calculus v0.5.1
  [9961bab8] Cbc v0.6.3
  [bbf7d656] CommonSubexpressions v0.2.0
  [34da2185] Compat v2.2.0
  [864edb3b] DataStructures v0.17.6
  [163ba53b] DiffResults v0.0.4
  [b552c78f] DiffRules v0.1.0
  [8f5d6c58] EzXML v0.9.5
  [f6369f11] ForwardDiff v0.9.0
  [2030c09a] InfrastructureModels v0.2.2
  [b6b21f68] Ipopt v0.5.4
  [682c06a0] JSON v0.21.0
  [4076af6c] JuMP v0.19.2
  [2ddba703] Juniper v0.4.3
  [b8f27783] MathOptInterface v0.8.4
  [fdba3010] MathProgBase v0.7.7
  [f28f55f0] Memento v0.12.1
  [78c3b35d] Mocking v0.7.0
  [77ba4419] NaNMath v0.3.3
  [efe28fd5] OpenSpecFun_jll v0.5.3+1
  [bac558e1] OrderedCollections v1.1.0
  [69de0a69] Parsers v0.3.10
  [c36e90e8] PowerModels v0.10.1
  [c946c3f1] SCS v0.5.1
  [276daf66] SpecialFunctions v0.9.0
  [90137ffa] StaticArrays v0.12.1
  [cea106d9] Syslogs v0.3.0
  [8503087a] ThreePhasePowerModels v0.3.2
  [f269a46b] TimeZones v0.10.3
  [2a0f44e3] Base64  [`@stdlib/Base64`]
  [ade2ca70] Dates  [`@stdlib/Dates`]
  [8bb1440f] DelimitedFiles  [`@stdlib/DelimitedFiles`]
  [8ba89e20] Distributed  [`@stdlib/Distributed`]
  [b77e0a4c] InteractiveUtils  [`@stdlib/InteractiveUtils`]
  [76f85450] LibGit2  [`@stdlib/LibGit2`]
  [8f399da3] Libdl  [`@stdlib/Libdl`]
  [37e2e46d] LinearAlgebra  [`@stdlib/LinearAlgebra`]
  [56ddb016] Logging  [`@stdlib/Logging`]
  [d6f4376e] Markdown  [`@stdlib/Markdown`]
  [a63ad114] Mmap  [`@stdlib/Mmap`]
  [44cfe95a] Pkg  [`@stdlib/Pkg`]
  [de0858da] Printf  [`@stdlib/Printf`]
  [3fa0cd96] REPL  [`@stdlib/REPL`]
  [9a3f8284] Random  [`@stdlib/Random`]
  [ea8e919c] SHA  [`@stdlib/SHA`]
  [9e88b42a] Serialization  [`@stdlib/Serialization`]
  [1a1011a3] SharedArrays  [`@stdlib/SharedArrays`]
  [6462fe0b] Sockets  [`@stdlib/Sockets`]
  [2f01184e] SparseArrays  [`@stdlib/SparseArrays`]
  [10745b16] Statistics  [`@stdlib/Statistics`]
  [8dfed614] Test  [`@stdlib/Test`]
  [cf7118a7] UUIDs  [`@stdlib/UUIDs`]
  [4ec0a83e] Unicode  [`@stdlib/Unicode`]
[warn | PowerModels]: DEPRECIATED :: ThreePhasePowerModels.jl is depreciated, v0.3.2 is the final version with this package name. PowerModelsDistribution.jl (https://github.com/lanl-ansi/PowerModelsDistribution.jl) is the new name of this package going forward.

******************************************************************************
This program contains Ipopt, a library for large-scale nonlinear optimization.
 Ipopt is released as open source code under the Eclipse Public License (EPL).
         For more information visit http://projects.coin-or.org/Ipopt
******************************************************************************

┌ Warning: MathOptInterface.VariablePrimalStart() is not supported by MathOptInterface.Bridges.LazyBridgeOptimizer{MathOptInterface.Utilities.CachingOptimizer{SCS.Optimizer,MathOptInterface.Utilities.UniversalFallback{JuMP._MOIModel{Float64}}},MathOptInterface.Utilities.UniversalFallback{MathOptInterface.Bridges.AllBridgedConstraints{Float64}}}. This 
│   information will be discarded. = "information will be discarded."
└ @ MathOptInterface.Utilities ~/.julia/packages/MathOptInterface/C3lip/src/Utilities/copy.jl:133
┌ Warning: MathOptInterface.VariablePrimalStart() is not supported by MathOptInterface.Bridges.LazyBridgeOptimizer{MathOptInterface.Utilities.CachingOptimizer{SCS.Optimizer,MathOptInterface.Utilities.UniversalFallback{JuMP._MOIModel{Float64}}},MathOptInterface.Utilities.UniversalFallback{MathOptInterface.Bridges.AllBridgedConstraints{Float64}}}. This 
│   information will be discarded. = "information will be discarded."
└ @ MathOptInterface.Utilities ~/.julia/packages/MathOptInterface/C3lip/src/Utilities/copy.jl:133
┌ Warning: MathOptInterface.VariablePrimalStart() is not supported by MathOptInterface.Bridges.LazyBridgeOptimizer{MathOptInterface.Utilities.CachingOptimizer{SCS.Optimizer,MathOptInterface.Utilities.UniversalFallback{JuMP._MOIModel{Float64}}},MathOptInterface.Utilities.UniversalFallback{MathOptInterface.Bridges.AllBridgedConstraints{Float64}}}. This 
│   information will be discarded. = "information will be discarded."
└ @ MathOptInterface.Utilities ~/.julia/packages/MathOptInterface/C3lip/src/Utilities/copy.jl:133
┌ Warning: MathOptInterface.VariablePrimalStart() is not supported by MathOptInterface.Bridges.LazyBridgeOptimizer{MathOptInterface.Utilities.CachingOptimizer{SCS.Optimizer,MathOptInterface.Utilities.UniversalFallback{JuMP._MOIModel{Float64}}},MathOptInterface.Utilities.UniversalFallback{MathOptInterface.Bridges.AllBridgedConstraints{Float64}}}. This 
│   information will be discarded. = "information will be discarded."
└ @ MathOptInterface.Utilities ~/.julia/packages/MathOptInterface/C3lip/src/Utilities/copy.jl:133
┌ Warning: MathOptInterface.VariablePrimalStart() is not supported by MathOptInterface.Bridges.LazyBridgeOptimizer{MathOptInterface.Utilities.CachingOptimizer{SCS.Optimizer,MathOptInterface.Utilities.UniversalFallback{JuMP._MOIModel{Float64}}},MathOptInterface.Utilities.UniversalFallback{MathOptInterface.Bridges.AllBridgedConstraints{Float64}}}. This 
│   information will be discarded. = "information will be discarded."
└ @ MathOptInterface.Utilities ~/.julia/packages/MathOptInterface/C3lip/src/Utilities/copy.jl:133
┌ Warning: MathOptInterface.VariablePrimalStart() is not supported by MathOptInterface.Bridges.LazyBridgeOptimizer{MathOptInterface.Utilities.CachingOptimizer{SCS.Optimizer,MathOptInterface.Utilities.UniversalFallback{JuMP._MOIModel{Float64}}},MathOptInterface.Utilities.UniversalFallback{MathOptInterface.Bridges.AllBridgedConstraints{Float64}}}. This 
│   information will be discarded. = "information will be discarded."
└ @ MathOptInterface.Utilities ~/.julia/packages/MathOptInterface/C3lip/src/Utilities/copy.jl:133
Test Summary: | Pass  Total
TPPMs         |  882    882
   Testing ThreePhasePowerModels tests passed 
