Current time is 2020-10-25T23:11:34.746
Julia Version 1.5.3-pre.0
Commit 5905edebb1 (2020-09-24 05:09 UTC)
Platform Info:
  OS: Linux (x86_64-pc-linux-gnu)
  CPU: AMD EPYC 7502 32-Core Processor
  WORD_SIZE: 64
  LIBM: libopenlibm
  LLVM: libLLVM-9.0.1 (ORCJIT, znver2)
Environment:
  JULIA_DEPOT_PATH = ::/usr/local/share/julia
  JULIA_NUM_THREADS = 2
  JULIA_MAX_NUM_PRECOMPILE_FILES = 9223372036854775807
  JULIA_PKG_SERVER = 

Starting installation at 2020-10-25T23:11:37.81
  Resolving package versions...
  Installed ForceImport ─ v0.0.3
Updating `~/.julia/environments/v1.5/Project.toml`
  [9dda63f9] + ForceImport v0.0.3
Updating `~/.julia/environments/v1.5/Manifest.toml`
  [9dda63f9] + ForceImport v0.0.3
  [2a0f44e3] + Base64
  [8ba89e20] + Distributed
  [b77e0a4c] + InteractiveUtils
  [56ddb016] + Logging
  [d6f4376e] + Markdown
  [9a3f8284] + Random
  [9e88b42a] + Serialization
  [6462fe0b] + Sockets
  [8dfed614] + Test
Starting tests at 2020-10-25T23:11:39.772
    Testing ForceImport
Status `/tmp/jl_27ro80/Project.toml`
  [9dda63f9] ForceImport v0.0.3
  [8dfed614] Test
Status `/tmp/jl_27ro80/Manifest.toml`
  [9dda63f9] ForceImport v0.0.3
  [2a0f44e3] Base64
  [8ba89e20] Distributed
  [b77e0a4c] InteractiveUtils
  [56ddb016] Logging
  [d6f4376e] Markdown
  [9a3f8284] Random
  [9e88b42a] Serialization
  [6462fe0b] Sockets
  [8dfed614] Test
    Testing ForceImport tests passed 
Finished at 2020-10-25T23:11:44.919
