Running tests with Julia v1.3.1-pre.12
 Resolving package versions...
 Installed DataValueInterfaces ───────── v1.0.0
 Installed Requires ──────────────────── v0.5.2
 Installed LearnBase ─────────────────── v0.2.2
 Installed Reexport ──────────────────── v0.2.0
 Installed Compat ────────────────────── v2.2.0
 Installed FastGroupBy ───────────────── v0.2.2
 Installed SortingLab ────────────────── v0.2.2
 Installed DataFrames ────────────────── v0.19.4
 Installed PooledArrays ──────────────── v0.5.2
 Installed OrderedCollections ────────── v1.1.0
 Installed OnlineStatsBase ───────────── v1.0.2
 Installed IteratorInterfaceExtensions ─ v1.0.0
 Installed IndexedTables ─────────────── v0.12.4
 Installed SortingAlgorithms ─────────── v0.3.1
 Installed StructArrays ──────────────── v0.4.0
 Installed WeakRefStrings ────────────── v0.6.1
 Installed StatsBase ─────────────────── v0.32.0
 Installed JSON ──────────────────────── v0.21.0
 Installed Tables ────────────────────── v0.2.11
 Installed Missings ──────────────────── v0.4.3
 Installed DataAPI ───────────────────── v1.1.0
 Installed DataStructures ────────────── v0.17.6
 Installed TableTraitsUtils ──────────── v1.0.1
 Installed Parsers ───────────────────── v0.3.10
 Installed DataValues ────────────────── v0.4.12
 Installed TableTraits ───────────────── v1.0.0
 Installed InvertedIndices ───────────── v1.0.0
 Installed CategoricalArrays ─────────── v0.7.3
  Updating `~/.julia/environments/v1.3/Project.toml`
  [e6aeac8e] + FastGroupBy v0.2.2
  Updating `~/.julia/environments/v1.3/Manifest.toml`
  [324d7699] + CategoricalArrays v0.7.3
  [34da2185] + Compat v2.2.0
  [9a962f9c] + DataAPI v1.1.0
  [a93c6f00] + DataFrames v0.19.4
  [864edb3b] + DataStructures v0.17.6
  [e2d170a0] + DataValueInterfaces v1.0.0
  [e7dc6d0d] + DataValues v0.4.12
  [e6aeac8e] + FastGroupBy v0.2.2
  [6deec6e2] + IndexedTables v0.12.4
  [41ab1584] + InvertedIndices v1.0.0
  [82899510] + IteratorInterfaceExtensions v1.0.0
  [682c06a0] + JSON v0.21.0
  [7f8f8fb0] + LearnBase v0.2.2
  [e1d29d7a] + Missings v0.4.3
  [925886fa] + OnlineStatsBase v1.0.2
  [bac558e1] + OrderedCollections v1.1.0
  [69de0a69] + Parsers v0.3.10
  [2dfb63ee] + PooledArrays v0.5.2
  [189a3867] + Reexport v0.2.0
  [ae029012] + Requires v0.5.2
  [a2af1166] + SortingAlgorithms v0.3.1
  [562c1548] + SortingLab v0.2.2
  [2913bbd2] + StatsBase v0.32.0
  [09ab397b] + StructArrays v0.4.0
  [3783bdb8] + TableTraits v1.0.0
  [382cd787] + TableTraitsUtils v1.0.1
  [bd369af6] + Tables v0.2.11
  [ea10d353] + WeakRefStrings v0.6.1
  [2a0f44e3] + Base64 
  [ade2ca70] + Dates 
  [8bb1440f] + DelimitedFiles 
  [8ba89e20] + Distributed 
  [9fa8497b] + Future 
  [b77e0a4c] + InteractiveUtils 
  [76f85450] + LibGit2 
  [8f399da3] + Libdl 
  [37e2e46d] + LinearAlgebra 
  [56ddb016] + Logging 
  [d6f4376e] + Markdown 
  [a63ad114] + Mmap 
  [44cfe95a] + Pkg 
  [de0858da] + Printf 
  [3fa0cd96] + REPL 
  [9a3f8284] + Random 
  [ea8e919c] + SHA 
  [9e88b42a] + Serialization 
  [1a1011a3] + SharedArrays 
  [6462fe0b] + Sockets 
  [2f01184e] + SparseArrays 
  [10745b16] + Statistics 
  [8dfed614] + Test 
  [cf7118a7] + UUIDs 
  [4ec0a83e] + Unicode 
   Testing FastGroupBy
 Resolving package versions...
 Installed LoweredCodeUtils ─ v0.4.2
 Installed CodeTracking ───── v0.5.8
 Installed BenchmarkTools ─── v0.4.3
 Installed Revise ─────────── v2.3.2
 Installed JuliaInterpreter ─ v0.7.4
    Status `/tmp/jl_oZ3oeF/Manifest.toml`
  [6e4b80f9] BenchmarkTools v0.4.3
  [324d7699] CategoricalArrays v0.7.3
  [da1fd8a2] CodeTracking v0.5.8
  [34da2185] Compat v2.2.0
  [9a962f9c] DataAPI v1.1.0
  [a93c6f00] DataFrames v0.19.4
  [864edb3b] DataStructures v0.17.6
  [e2d170a0] DataValueInterfaces v1.0.0
  [e7dc6d0d] DataValues v0.4.12
  [e6aeac8e] FastGroupBy v0.2.2
  [6deec6e2] IndexedTables v0.12.4
  [41ab1584] InvertedIndices v1.0.0
  [82899510] IteratorInterfaceExtensions v1.0.0
  [682c06a0] JSON v0.21.0
  [aa1ae85d] JuliaInterpreter v0.7.4
  [7f8f8fb0] LearnBase v0.2.2
  [6f1432cf] LoweredCodeUtils v0.4.2
  [e1d29d7a] Missings v0.4.3
  [925886fa] OnlineStatsBase v1.0.2
  [bac558e1] OrderedCollections v1.1.0
  [69de0a69] Parsers v0.3.10
  [2dfb63ee] PooledArrays v0.5.2
  [189a3867] Reexport v0.2.0
  [ae029012] Requires v0.5.2
  [295af30f] Revise v2.3.2
  [a2af1166] SortingAlgorithms v0.3.1
  [562c1548] SortingLab v0.2.2
  [2913bbd2] StatsBase v0.32.0
  [09ab397b] StructArrays v0.4.0
  [3783bdb8] TableTraits v1.0.0
  [382cd787] TableTraitsUtils v1.0.1
  [bd369af6] Tables v0.2.11
  [ea10d353] WeakRefStrings v0.6.1
  [2a0f44e3] Base64  [`@stdlib/Base64`]
  [ade2ca70] Dates  [`@stdlib/Dates`]
  [8bb1440f] DelimitedFiles  [`@stdlib/DelimitedFiles`]
  [8ba89e20] Distributed  [`@stdlib/Distributed`]
  [7b1f6079] FileWatching  [`@stdlib/FileWatching`]
  [9fa8497b] Future  [`@stdlib/Future`]
  [b77e0a4c] InteractiveUtils  [`@stdlib/InteractiveUtils`]
  [76f85450] LibGit2  [`@stdlib/LibGit2`]
  [8f399da3] Libdl  [`@stdlib/Libdl`]
  [37e2e46d] LinearAlgebra  [`@stdlib/LinearAlgebra`]
  [56ddb016] Logging  [`@stdlib/Logging`]
  [d6f4376e] Markdown  [`@stdlib/Markdown`]
  [a63ad114] Mmap  [`@stdlib/Mmap`]
  [44cfe95a] Pkg  [`@stdlib/Pkg`]
  [de0858da] Printf  [`@stdlib/Printf`]
  [3fa0cd96] REPL  [`@stdlib/REPL`]
  [9a3f8284] Random  [`@stdlib/Random`]
  [ea8e919c] SHA  [`@stdlib/SHA`]
  [9e88b42a] Serialization  [`@stdlib/Serialization`]
  [1a1011a3] SharedArrays  [`@stdlib/SharedArrays`]
  [6462fe0b] Sockets  [`@stdlib/Sockets`]
  [2f01184e] SparseArrays  [`@stdlib/SparseArrays`]
  [10745b16] Statistics  [`@stdlib/Statistics`]
  [8dfed614] Test  [`@stdlib/Test`]
  [cf7118a7] UUIDs  [`@stdlib/UUIDs`]
  [4ec0a83e] Unicode  [`@stdlib/Unicode`]
  0.891309 seconds (327.52 k allocations: 16.797 MiB, 2.68% gc time)
woohooo
  4.048706 seconds (4.27 M allocations: 236.414 MiB, 6.66% gc time)
  0.518462 seconds (185.68 k allocations: 10.220 MiB)
  3.880659 seconds (2.49 M allocations: 725.713 MiB, 4.23% gc time)
 21.992534 seconds (1.61 M allocations: 3.816 GiB, 3.03% gc time)
  3.795359 seconds (875.81 k allocations: 880.512 MiB)
 21.063740 seconds (1.27 M allocations: 3.799 GiB, 3.53% gc time)
 11.721318 seconds (14.06 M allocations: 741.508 MiB)
   Testing FastGroupBy tests passed 
