Julia Version 1.5.1-pre.28
Commit 0d71d8cd8b (2020-08-14 20:35 UTC)
Platform Info:
  OS: Linux (x86_64-linux-gnu)
  CPU: Intel(R) Xeon(R) Silver 4114 CPU @ 2.20GHz
  WORD_SIZE: 64
  LIBM: libopenlibm
  LLVM: libLLVM-9.0.1 (ORCJIT, skylake-avx512)
Environment:
  JULIA_DEPOT_PATH = ::/usr/local/share/julia
  JULIA_NUM_THREADS = 2

  Resolving package versions...
  Installed MacroTools ───────── v0.5.5
  Installed OrderedCollections ─ v1.3.0
  Installed ResumableFunctions ─ v0.5.1
  Installed DataStructures ───── v0.17.20
  Installed SimJulia ─────────── v0.8.0
Updating `~/.julia/environments/v1.5/Project.toml`
  [428bdadb] + SimJulia v0.8.0
Updating `~/.julia/environments/v1.5/Manifest.toml`
  [864edb3b] + DataStructures v0.17.20
  [1914dd2f] + MacroTools v0.5.5
  [bac558e1] + OrderedCollections v1.3.0
  [c5292f4c] + ResumableFunctions v0.5.1
  [428bdadb] + SimJulia v0.8.0
  [2a0f44e3] + Base64
  [ade2ca70] + Dates
  [b77e0a4c] + InteractiveUtils
  [d6f4376e] + Markdown
  [de0858da] + Printf
  [9a3f8284] + Random
  [9e88b42a] + Serialization
  [4ec0a83e] + Unicode
    Testing SimJulia
Status `/tmp/jl_9R4z3y/Project.toml`
  [864edb3b] DataStructures v0.17.20
  [c5292f4c] ResumableFunctions v0.5.1
  [428bdadb] SimJulia v0.8.0
  [ade2ca70] Dates
  [8dfed614] Test
Status `/tmp/jl_9R4z3y/Manifest.toml`
  [864edb3b] DataStructures v0.17.20
  [1914dd2f] MacroTools v0.5.5
  [bac558e1] OrderedCollections v1.3.0
  [c5292f4c] ResumableFunctions v0.5.1
  [428bdadb] SimJulia v0.8.0
  [2a0f44e3] Base64
  [ade2ca70] Dates
  [8ba89e20] Distributed
  [b77e0a4c] InteractiveUtils
  [56ddb016] Logging
  [d6f4376e] Markdown
  [de0858da] Printf
  [9a3f8284] Random
  [9e88b42a] Serialization
  [6462fe0b] Sockets
  [8dfed614] Test
  [4ec0a83e] Unicode
Event
idle
nothing
scheduled
Hi
I am a callback function running in Simulation
SimJulia.EventProcessed(Event 1) has been thrown!
processed
Hi
SimJulia.EventNotIdle(Event 2) has been thrown!
Hi Event 1 has value Succes
Hi Event 2 has value TestException()
Hi SimJulia.Timeout 3 timed out at 1.0
One of both events is triggered: Dict{AbstractEvent,SimJulia.StateValue}(SimJulia.Timeout 1 => SimJulia.StateValue(SimJulia.processed, nothing),Event 2 => SimJulia.StateValue(SimJulia.idle, nothing))
Both events are triggered: Dict{AbstractEvent,SimJulia.StateValue}(SimJulia.Timeout 1 => SimJulia.StateValue(SimJulia.processed, nothing),Event 2 => SimJulia.StateValue(SimJulia.processed, nothing))
One of both events is triggered: TestException()
Both events are triggered: TestException()
One of both events is triggered: TestException()
One of both events is triggered: Dict{AbstractEvent,SimJulia.StateValue}(SimJulia.Timeout 2 => SimJulia.StateValue(SimJulia.processed, nothing),SimJulia.Timeout 1 => SimJulia.StateValue(SimJulia.processed, nothing))
Hi I timed out at 1.0
SimJulia.EmptySchedule() has been thrown!
Hi I timed out at 4.0
2.0
TestException() has been thrown after 0.0!
Simulation time: 0.0 active_process: nothing
0
1
1
2
3
5
8
13
21
34
TestException() has been thrown
TestException() has been thrown
Process 1 interrupted
TestException() has been thrown
Container{Int64}
0.0, client 1 is waiting
0.0, client 1 is being served
0.08537925439450089, client 1 has been served
0.23003045708985037, client 2 is waiting
0.23003045708985037, client 2 is being served
0.5007866902381553, client 2 has been served
0.7208270958874498, client 3 is waiting
0.7208270958874498, client 3 is being served
0.7965807512600162, client 4 is waiting
1.0117747334577878, client 5 is waiting
1.1254985189302351, client 6 is waiting
1.2516530403876143, client 7 is waiting
1.2623726257781231, client 3 has been served
1.2623726257781231, client 7 is being served
1.4959708485081245, client 8 is waiting
1.7764463288260726, client 7 has been served
1.7764463288260726, client 8 is being served
1.9832177063604441, client 9 is waiting
2.3104247342938784, client 8 has been served
2.3104247342938784, client 9 is being served
2.3828444278813166, client 10 is waiting
2.79083924312179, client 9 has been served
2.79083924312179, client 10 is being served
3.032221172470411, client 10 has been served
3.032221172470411, client 6 is being served
3.358720975744969, client 6 has been served
3.358720975744969, client 5 is being served
3.7385921210183053, client 5 has been served
3.7385921210183053, client 4 is being served
3.90973325421293, client 4 has been served
0.0, consumer is demanding 2.772310203552008
0.0, producer is offering 1.499938951098394
0.17354660942310307, producer is being served, level is 6.499938951098394
0.8977882338648457, consumer is being served, level is 3.727628747546386
1.2930207191856347, consumer is demanding 0.1809186933711444
1.4612438537590737, consumer is being served, level is 3.546710054175241
2.1748183489799695, consumer is demanding 2.7849867809382998
2.284258499560993, consumer is being served, level is 0.7617232732369414
4.801849331598228, producer is offering 1.2244680552483387
5.127942487320466, producer is being served, level is 1.9861913284852801
6.692470913679387, consumer is demanding 1.0755281758822854
7.425642612045847, consumer is being served, level is 0.9106631526029947
8.182154257212183, producer is offering 0.13942289787563578
8.618864475170483, producer is being served, level is 1.0500860504786305
10.270176297105042, producer is offering 0.23734315854591737
10.477050654394759, producer is being served, level is 1.2874292090245478
11.420516879396505, consumer is demanding 1.409018598613384
12.116378843068228, consumer has timed out
12.116378843068228, consumer is demanding 0.1792427918920887
12.158289192557636, consumer is being served, level is 1.1081864171324591
13.704440794848113, producer is offering 0.32451055105660265
14.247983471979659, producer is being served, level is 1.4326969681890618
15.31124761267985, consumer is demanding 2.3340254591632448
16.54395921755388, consumer has timed out
16.54395921755388, consumer is demanding 0.030571279692526376
17.18980065312002, consumer is being served, level is 1.4021256884965354
18.050876411367195, producer is offering 1.3141793438698128
18.12832058483673, producer is being served, level is 2.716305032366348
21.931408465303754, producer is offering 1.8178643957095284
22.096455067852943, consumer is demanding 1.4237076743554429
22.09815652515441, consumer is being served, level is 1.2925973580109051
22.24040612832504, producer is being served, level is 3.1104617537204335
22.906443876918864, consumer is demanding 2.079493256663906
23.198692006094916, producer is offering 0.3731658001593612
23.501575929504064, consumer is being served, level is 1.0309684970565276
23.687871938987957, producer is being served, level is 1.4041342972158888
24.812321500053297, producer is offering 0.4382857830266258
25.15753803202744, producer is being served, level is 1.8424200802425146
26.530361068623034, producer is offering 1.5696900062448136
27.255547345123563, producer is being served, level is 3.412110086487328
0.0, producer is offering object 1
0.0, producer is being served
0.044596674821583804, consumer is demanding object
0.044596674821583804, consumer is being served with object 1
0.7162221637653226, consumer is demanding object
1.077414393948342, producer is offering object 2
1.077414393948342, producer is being served
1.077414393948342, consumer is being served with object 2
1.4653188342518753, consumer is demanding object
1.6849732117033747, producer is offering object 3
1.6849732117033747, producer is being served
1.6849732117033747, consumer is being served with object 3
2.005306344133303, consumer is demanding object
2.6552408818719564, producer is offering object 4
2.6552408818719564, producer is being served
2.6552408818719564, consumer is being served with object 4
2.92960558131295, consumer is demanding object
4.612455820757138, producer is offering object 5
4.612455820757138, producer is being served
4.612455820757138, consumer is being served with object 5
4.713646528448799, consumer is demanding object
4.834887970937867, producer is offering object 6
4.834887970937867, producer is being served
4.834887970937867, consumer is being served with object 6
5.595690720326178, consumer is demanding object
5.673169856781135, producer is offering object 7
5.673169856781135, producer is being served
5.673169856781135, consumer is being served with object 7
5.798875760664241, consumer is demanding object
5.896520470977375, producer is offering object 8
5.896520470977375, producer is being served
5.896520470977375, consumer is being served with object 8
6.345918604620515, consumer is demanding object
6.996730389262681, producer is offering object 9
6.996730389262681, producer is being served
6.996730389262681, consumer is being served with object 9
7.550874471759535, consumer is demanding object
7.922396619450909, producer is offering object 10
7.922396619450909, producer is being served
7.922396619450909, consumer is being served with object 10
2020-08-18T03:28:41.998
2020-08-20T03:28:41.998
2020-11-18T03:28:41.998
    Testing SimJulia tests passed 
