Julia Version 1.5.1-pre.28
Commit 0d71d8cd8b (2020-08-14 20:35 UTC)
Platform Info:
  OS: Linux (x86_64-linux-gnu)
  CPU: Intel(R) Xeon(R) Silver 4114 CPU @ 2.20GHz
  WORD_SIZE: 64
  LIBM: libopenlibm
  LLVM: libLLVM-9.0.1 (ORCJIT, skylake-avx512)
Environment:
  JULIA_DEPOT_PATH = ::/usr/local/share/julia
  JULIA_NUM_THREADS = 2

  Resolving package versions...
  Installed Libiconv_jll ─────── v1.16.0+5
  Installed Blosc ────────────── v0.7.0
  Installed MbedTLS ──────────── v0.7.0
  Installed BigArrays ────────── v1.3.0
  Installed TranscodingStreams ─ v0.9.5
  Installed Parsers ──────────── v1.0.10
  Installed OffsetArrays ─────── v1.1.2
  Installed BinaryProvider ───── v0.5.10
  Installed SymDict ──────────── v0.3.0
  Installed Zlib_jll ─────────── v1.2.11+15
  Installed XML2_jll ─────────── v2.9.10+1
  Installed Blosc_jll ────────── v1.14.3+1
  Installed MsgPack ──────────── v0.2.0
  Installed AWSS3 ────────────── v0.7.2
  Installed Libz ─────────────── v1.0.1
  Installed IterTools ────────── v1.3.0
  Installed Mocking ──────────── v0.7.1
  Installed CodecZlib ────────── v0.7.0
  Installed GoogleCloud ──────── v0.8.0
  Installed CodecZstd ────────── v0.7.0
  Installed Compat ───────────── v2.2.1
  Installed IniFile ──────────── v0.5.0
  Installed Retry ────────────── v0.4.1
  Installed HTTP ─────────────── v0.8.17
  Installed JSON ─────────────── v0.21.0
  Installed FilePathsBase ────── v0.9.4
  Installed EzXML ────────────── v1.1.0
  Installed OrderedCollections ─ v1.3.0
  Installed AWSCore ──────────── v0.6.15
  Installed Zstd_jll ─────────── v1.4.5+0
  Installed Lz4_jll ──────────── v1.9.2+2
  Installed XMLDict ──────────── v0.4.1
  Installed LazyJSON ─────────── v0.2.1
  Installed BufferedStreams ──── v1.0.0
  Installed ExprTools ────────── v0.1.1
Updating `~/.julia/environments/v1.5/Project.toml`
  [c2a8506f] + BigArrays v1.3.0
Updating `~/.julia/environments/v1.5/Manifest.toml`
  [4f1ea46c] + AWSCore v0.6.15
  [1c724243] + AWSS3 v0.7.2
  [c2a8506f] + BigArrays v1.3.0
  [b99e7846] + BinaryProvider v0.5.10
  [a74b3585] + Blosc v0.7.0
  [0b7ba130] + Blosc_jll v1.14.3+1
  [e1450e63] + BufferedStreams v1.0.0
  [944b1d66] + CodecZlib v0.7.0
  [6b39b394] + CodecZstd v0.7.0
  [34da2185] + Compat v2.2.1
  [e2ba6199] + ExprTools v0.1.1
  [8f5d6c58] + EzXML v1.1.0
  [48062228] + FilePathsBase v0.9.4
  [55e21f81] + GoogleCloud v0.8.0
  [cd3eb016] + HTTP v0.8.17
  [83e8ac13] + IniFile v0.5.0
  [c8e1da08] + IterTools v1.3.0
  [682c06a0] + JSON v0.21.0
  [fc18253b] + LazyJSON v0.2.1
  [94ce4f54] + Libiconv_jll v1.16.0+5
  [2ec943e9] + Libz v1.0.1
  [5ced341a] + Lz4_jll v1.9.2+2
  [739be429] + MbedTLS v0.7.0
  [78c3b35d] + Mocking v0.7.1
  [99f44e22] + MsgPack v0.2.0
  [6fe1bfb0] + OffsetArrays v1.1.2
  [bac558e1] + OrderedCollections v1.3.0
  [69de0a69] + Parsers v1.0.10
  [20febd7b] + Retry v0.4.1
  [2da68c74] + SymDict v0.3.0
  [3bb67fe8] + TranscodingStreams v0.9.5
  [02c8fc9c] + XML2_jll v2.9.10+1
  [228000da] + XMLDict v0.4.1
  [83775a58] + Zlib_jll v1.2.11+15
  [3161d3a3] + Zstd_jll v1.4.5+0
  [2a0f44e3] + Base64
  [ade2ca70] + Dates
  [8bb1440f] + DelimitedFiles
  [8ba89e20] + Distributed
  [b77e0a4c] + InteractiveUtils
  [76f85450] + LibGit2
  [8f399da3] + Libdl
  [37e2e46d] + LinearAlgebra
  [56ddb016] + Logging
  [d6f4376e] + Markdown
  [a63ad114] + Mmap
  [44cfe95a] + Pkg
  [de0858da] + Printf
  [3fa0cd96] + REPL
  [9a3f8284] + Random
  [ea8e919c] + SHA
  [9e88b42a] + Serialization
  [1a1011a3] + SharedArrays
  [6462fe0b] + Sockets
  [2f01184e] + SparseArrays
  [10745b16] + Statistics
  [8dfed614] + Test
  [cf7118a7] + UUIDs
  [4ec0a83e] + Unicode
   Building MbedTLS → `~/.julia/packages/MbedTLS/a1JFn/deps/build.log`
    Testing BigArrays
Status `/tmp/jl_5zQAo8/Project.toml`
  [4f1ea46c] AWSCore v0.6.15
  [1c724243] AWSS3 v0.7.2
  [c2a8506f] BigArrays v1.3.0
  [a74b3585] Blosc v0.7.0
  [944b1d66] CodecZlib v0.7.0
  [6b39b394] CodecZstd v0.7.0
  [55e21f81] GoogleCloud v0.8.0
  [cd3eb016] HTTP v0.8.17
  [682c06a0] JSON v0.21.0
  [6fe1bfb0] OffsetArrays v1.1.2
  [3bb67fe8] TranscodingStreams v0.9.5
  [8ba89e20] Distributed
  [8dfed614] Test
Status `/tmp/jl_5zQAo8/Manifest.toml`
  [4f1ea46c] AWSCore v0.6.15
  [1c724243] AWSS3 v0.7.2
  [c2a8506f] BigArrays v1.3.0
  [b99e7846] BinaryProvider v0.5.10
  [a74b3585] Blosc v0.7.0
  [0b7ba130] Blosc_jll v1.14.3+1
  [e1450e63] BufferedStreams v1.0.0
  [944b1d66] CodecZlib v0.7.0
  [6b39b394] CodecZstd v0.7.0
  [34da2185] Compat v2.2.1
  [e2ba6199] ExprTools v0.1.1
  [8f5d6c58] EzXML v1.1.0
  [48062228] FilePathsBase v0.9.4
  [55e21f81] GoogleCloud v0.8.0
  [cd3eb016] HTTP v0.8.17
  [83e8ac13] IniFile v0.5.0
  [c8e1da08] IterTools v1.3.0
  [682c06a0] JSON v0.21.0
  [fc18253b] LazyJSON v0.2.1
  [94ce4f54] Libiconv_jll v1.16.0+5
  [2ec943e9] Libz v1.0.1
  [5ced341a] Lz4_jll v1.9.2+2
  [739be429] MbedTLS v0.7.0
  [78c3b35d] Mocking v0.7.1
  [99f44e22] MsgPack v0.2.0
  [6fe1bfb0] OffsetArrays v1.1.2
  [bac558e1] OrderedCollections v1.3.0
  [69de0a69] Parsers v1.0.10
  [20febd7b] Retry v0.4.1
  [2da68c74] SymDict v0.3.0
  [3bb67fe8] TranscodingStreams v0.9.5
  [02c8fc9c] XML2_jll v2.9.10+1
  [228000da] XMLDict v0.4.1
  [83775a58] Zlib_jll v1.2.11+15
  [3161d3a3] Zstd_jll v1.4.5+0
  [2a0f44e3] Base64
  [ade2ca70] Dates
  [8bb1440f] DelimitedFiles
  [8ba89e20] Distributed
  [b77e0a4c] InteractiveUtils
  [76f85450] LibGit2
  [8f399da3] Libdl
  [37e2e46d] LinearAlgebra
  [56ddb016] Logging
  [d6f4376e] Markdown
  [a63ad114] Mmap
  [44cfe95a] Pkg
  [de0858da] Printf
  [3fa0cd96] REPL
  [9a3f8284] Random
  [ea8e919c] SHA
  [9e88b42a] Serialization
  [1a1011a3] SharedArrays
  [6462fe0b] Sockets
  [2f01184e] SparseArrays
  [10745b16] Statistics
  [8dfed614] Test
  [cf7118a7] UUIDs
  [4ec0a83e] Unicode
┌ Warning: did not find AWS credential! set it in environment variables.
└ @ BigArrays.S3Dicts ~/.julia/packages/BigArrays/aB3lD/src/backends/S3Dicts.jl:23
Test Summary:             | Pass  Total
test index transformation |    2      2
layerDir = "/tmp/jl_ZA0NF9"
path = "/tmp/jl_elm0AB"
Test Summary:              |
test bigarray construction | No tests
path = "/tmp/jl_ZA0NF9"
a = UInt8[0x56, 0x05, 0x22, 0x9e, 0xa7, 0x4c, 0xc7, 0x9e, 0x1b, 0xa0, 0x74, 0x89, 0x57, 0xbb, 0x27, 0x88, 0xbb, 0x46, 0xb7, 0x94]
b = UInt8[0x56, 0x05, 0x22, 0x9e, 0xa7, 0x4c, 0xc7, 0x9e, 0x1b, 0xa0, 0x74, 0x89, 0x57, 0xbb, 0x27, 0x88, 0xbb, 0x46, 0xb7, 0x94]
Test Summary: | Pass  Total

test BinDict |    3      3
path = "/tmp/jl_ZA0NF9"
info: Info{UInt8}("", 1, BigArrays.Infos.InfoScales.InfoScale[Symbol("6_6_30"), Symbol("12_12_30")], "", :image)
┌ Warning: `one(i::CartesianIndex)` is deprecated, use `oneunit(i)` instead.
│   caller = global_range2buffer_range(::CartesianIndices{3,Tuple{UnitRange{Int64},UnitRange{Int64},UnitRange{Int64}}}, ::CartesianIndices{3,Tuple{UnitRange{Int64},UnitRange{Int64},UnitRange{Int64}}}) at Indexes.jl:20
└ @ BigArrays.Indexes ~/.julia/packages/BigArrays/aB3lD/src/Indexes.jl:20
┌ Warning: `one(i::CartesianIndex)` is deprecated, use `oneunit(i)` instead.
│   caller = global_range2buffer_range(::CartesianIndices{3,Tuple{UnitRange{Int64},UnitRange{Int64},UnitRange{Int64}}}, ::CartesianIndices{3,Tuple{UnitRange{Int64},UnitRange{Int64},UnitRange{Int64}}}) at Indexes.jl:21
└ @ BigArrays.Indexes ~/.julia/packages/BigArrays/aB3lD/src/Indexes.jl:21
┌ Warning: `one(I::Type{CartesianIndex{N}}) where N` is deprecated, use `oneunit(I)` instead.
│   caller = CartesianIndices at type.jl:158 [inlined]
└ @ Core ~/.julia/packages/BigArrays/aB3lD/src/type.jl:158
┌ Warning: `one(i::CartesianIndex)` is deprecated, use `oneunit(i)` instead.
│   caller = getindex_sequential(::BigArray{BinDict,UInt8}, ::UnitRange{Int64}, ::Vararg{UnitRange{Int64},N} where N) at sequential.jl:40
└ @ BigArrays ~/.julia/packages/BigArrays/aB3lD/src/modes/sequential.jl:40
cutout speed: 0.611263990782139 MB/s
Test Summary:       | Pass  Total

test file protocol |    1      1
path = "/tmp/jl_ZA0NF9"
saving speed: 0.49598853770489365 MB/s
┌ Warning: `one(I::Type{CartesianIndex{N}}) where N` is deprecated, use `oneunit(I)` instead.
│   caller = CartesianIndices at type.jl:158 [inlined]
└ @ Core ~/.julia/packages/BigArrays/aB3lD/src/type.jl:158
┌ Warning: `one(I::Type{CartesianIndex{N}}) where N` is deprecated, use `oneunit(I)` instead.
│   caller = getindex_multithreads_worker!(::Channel{Tuple}, ::Array{UInt8,3}, ::BigArray{BinDict,UInt8}) at multithreads.jl:79
└ @ BigArrays ~/.julia/packages/BigArrays/aB3lD/src/modes/multithreads.jl:79
cutout speed: 0.5005351033088812 MB/s
Test Summary:                                | Pass  Total

test IO of BigArray with backend of BinDict |    1      1
path = "/tmp/jl_ZA0NF9"
saving speed: 10.327462869947066 MB/s
cutout speed: 28.648934170120953 MB/s
Test Summary:             | Pass  Total

test negative coordinate |    1      1
path = "/tmp/jl_ZA0NF9"
saving speed: 31.34243569903426 MB/s
cutout speed: 36.072596099650546 MB/s
Test Summary:                                 | Pass  Total

test aligned IO crossing the volume boundary |    1      1
path = "/tmp/jl_ZA0NF9"
saving speed: 23.3162295023144 MB/s
cutout speed: 30.880361173814897 MB/s
Test Summary:                                    | Pass  Total

test nonaligned IO crossing the volume boundary |    1      1
path = "/tmp/jl_ZA0NF9"
saving speed: 1.2921941780191308 MB/s
cutout speed: 23.162893045341363 MB/s
Test Summary:                                                     | Pass  Total
test IO of BigArray with backend of BinDict with zstd compression |    1      1
path = "/tmp/jl_ZA0NF9"
saving speed: 4.541532313002407 MB/s
cutout speed: 24.06883687345809 MB/s
Test Summary:                                                        | Pass  Total
test IO of BigArray with backend of BinDict with blosclz compression |    1      1
path = "/tmp/jl_ZA0NF9"
saving speed: 24.530095360745715 MB/s
cutout speed: 24.484674124290326 MB/s
Test Summary:                            | Pass  Total
test dataset not aligned starting from 0 |    1      1
path = "/tmp/jl_ZA0NF9"
saving speed: 26.775553919271704 MB/s
cutout speed: 26.869531630476768 MB/s
Test Summary:                                                     | Pass  Total
test dataset not aligned starting from 0 and negative coordinates |    1      1
    Testing BigArrays tests passed 
