Julia Version 1.5.2-pre.0
Commit c4acbf93fb (2020-08-26 10:58 UTC)
Platform Info:
  OS: Linux (x86_64-pc-linux-gnu)
  CPU: Intel(R) Xeon(R) Silver 4114 CPU @ 2.20GHz
  WORD_SIZE: 64
  LIBM: libopenlibm
  LLVM: libLLVM-9.0.1 (ORCJIT, skylake-avx512)
Environment:
  JULIA_DEPOT_PATH = ::/usr/local/share/julia
  JULIA_NUM_THREADS = 2

  Resolving package versions...
  Installed PooledArrays ──────────────── v0.5.3
  Installed Missings ──────────────────── v0.4.4
  Installed Compat ────────────────────── v3.15.0
  Installed YAML ──────────────────────── v0.4.2
  Installed Distances ─────────────────── v0.9.0
  Installed OrderedCollections ────────── v1.3.0
  Installed SpineBasedRecordLinkage ───── v0.3.7
  Installed JSON ──────────────────────── v0.21.1
  Installed Reexport ──────────────────── v0.2.0
  Installed StringDistances ───────────── v0.6.5
  Installed StructTypes ───────────────── v1.1.0
  Installed InvertedIndices ───────────── v1.0.0
  Installed IteratorInterfaceExtensions ─ v1.0.0
  Installed Parsers ───────────────────── v1.0.10
  Installed SortingAlgorithms ─────────── v0.3.1
  Installed DataStructures ────────────── v0.18.4
  Installed DataAPI ───────────────────── v1.3.0
  Installed WeakRefStrings ────────────── v0.6.2
  Installed DataValueInterfaces ───────── v1.0.0
  Installed Schemata ──────────────────── v2.0.8
  Installed TableTraits ───────────────── v1.0.0
  Installed Tables ────────────────────── v1.0.5
  Installed FilePathsBase ─────────────── v0.8.0
  Installed CategoricalArrays ─────────── v0.8.2
  Installed DataFrames ────────────────── v0.21.7
  Installed CSV ───────────────────────── v0.6.2
Updating `~/.julia/environments/v1.5/Project.toml`
  [c1ccfb80] + SpineBasedRecordLinkage v0.3.7
Updating `~/.julia/environments/v1.5/Manifest.toml`
  [336ed68f] + CSV v0.6.2
  [324d7699] + CategoricalArrays v0.8.2
  [34da2185] + Compat v3.15.0
  [9a962f9c] + DataAPI v1.3.0
  [a93c6f00] + DataFrames v0.21.7
  [864edb3b] + DataStructures v0.18.4
  [e2d170a0] + DataValueInterfaces v1.0.0
  [b4f34e82] + Distances v0.9.0
  [48062228] + FilePathsBase v0.8.0
  [41ab1584] + InvertedIndices v1.0.0
  [82899510] + IteratorInterfaceExtensions v1.0.0
  [682c06a0] + JSON v0.21.1
  [e1d29d7a] + Missings v0.4.4
  [bac558e1] + OrderedCollections v1.3.0
  [69de0a69] + Parsers v1.0.10
  [2dfb63ee] + PooledArrays v0.5.3
  [189a3867] + Reexport v0.2.0
  [b4d66a32] + Schemata v2.0.8
  [a2af1166] + SortingAlgorithms v0.3.1
  [c1ccfb80] + SpineBasedRecordLinkage v0.3.7
  [88034a9c] + StringDistances v0.6.5
  [856f2bd8] + StructTypes v1.1.0
  [3783bdb8] + TableTraits v1.0.0
  [bd369af6] + Tables v1.0.5
  [ea10d353] + WeakRefStrings v0.6.2
  [ddb6d928] + YAML v0.4.2
  [2a0f44e3] + Base64
  [ade2ca70] + Dates
  [8bb1440f] + DelimitedFiles
  [8ba89e20] + Distributed
  [9fa8497b] + Future
  [b77e0a4c] + InteractiveUtils
  [76f85450] + LibGit2
  [8f399da3] + Libdl
  [37e2e46d] + LinearAlgebra
  [56ddb016] + Logging
  [d6f4376e] + Markdown
  [a63ad114] + Mmap
  [44cfe95a] + Pkg
  [de0858da] + Printf
  [3fa0cd96] + REPL
  [9a3f8284] + Random
  [ea8e919c] + SHA
  [9e88b42a] + Serialization
  [1a1011a3] + SharedArrays
  [6462fe0b] + Sockets
  [2f01184e] + SparseArrays
  [10745b16] + Statistics
  [8dfed614] + Test
  [cf7118a7] + UUIDs
  [4ec0a83e] + Unicode
    Testing SpineBasedRecordLinkage
Status `/tmp/jl_qxZysT/Project.toml`
  [336ed68f] CSV v0.6.2
  [a93c6f00] DataFrames v0.21.7
  [b4d66a32] Schemata v2.0.8
  [c1ccfb80] SpineBasedRecordLinkage v0.3.7
  [88034a9c] StringDistances v0.6.5
  [bd369af6] Tables v1.0.5
  [ddb6d928] YAML v0.4.2
  [ade2ca70] Dates
  [56ddb016] Logging
  [8dfed614] Test
Status `/tmp/jl_qxZysT/Manifest.toml`
  [336ed68f] CSV v0.6.2
  [324d7699] CategoricalArrays v0.8.2
  [34da2185] Compat v3.15.0
  [9a962f9c] DataAPI v1.3.0
  [a93c6f00] DataFrames v0.21.7
  [864edb3b] DataStructures v0.18.4
  [e2d170a0] DataValueInterfaces v1.0.0
  [b4f34e82] Distances v0.9.0
  [48062228] FilePathsBase v0.8.0
  [41ab1584] InvertedIndices v1.0.0
  [82899510] IteratorInterfaceExtensions v1.0.0
  [682c06a0] JSON v0.21.1
  [e1d29d7a] Missings v0.4.4
  [bac558e1] OrderedCollections v1.3.0
  [69de0a69] Parsers v1.0.10
  [2dfb63ee] PooledArrays v0.5.3
  [189a3867] Reexport v0.2.0
  [b4d66a32] Schemata v2.0.8
  [a2af1166] SortingAlgorithms v0.3.1
  [c1ccfb80] SpineBasedRecordLinkage v0.3.7
  [88034a9c] StringDistances v0.6.5
  [856f2bd8] StructTypes v1.1.0
  [3783bdb8] TableTraits v1.0.0
  [bd369af6] Tables v1.0.5
  [ea10d353] WeakRefStrings v0.6.2
  [ddb6d928] YAML v0.4.2
  [2a0f44e3] Base64
  [ade2ca70] Dates
  [8bb1440f] DelimitedFiles
  [8ba89e20] Distributed
  [9fa8497b] Future
  [b77e0a4c] InteractiveUtils
  [76f85450] LibGit2
  [8f399da3] Libdl
  [37e2e46d] LinearAlgebra
  [56ddb016] Logging
  [d6f4376e] Markdown
  [a63ad114] Mmap
  [44cfe95a] Pkg
  [de0858da] Printf
  [3fa0cd96] REPL
  [9a3f8284] Random
  [ea8e919c] SHA
  [9e88b42a] Serialization
  [1a1011a3] SharedArrays
  [6462fe0b] Sockets
  [2f01184e] SparseArrays
  [10745b16] Statistics
  [8dfed614] Test
  [cf7118a7] UUIDs
  [4ec0a83e] Unicode

TEST SET 1
Write LinkageConfig
Construct spine from influenza cases
[ Info: 2020-09-10T02:50:34.412 Configuring linkage
[ Info: 2020-09-10T02:50:34.762 Initialising output directory: output/linkage-influenza-cases-spine-2020.09.10T02.50.35
[ Info: 2020-09-10T02:50:39.272 Initialising spine
[ Info: 2020-09-10T02:50:40.128 Starting linkage for table influenza_cases
[ Info: 2020-09-10T02:51:04.201 Exported 8 rows of influenza_cases
[ Info: 2020-09-10T02:51:04.482 Exported 8 links between influenza_cases and the spine
[ Info: 2020-09-10T02:51:04.482 Writing spine to the output directory (4 rows)
[ Info: 2020-09-10T02:51:04.667 Finished linkage
Link influenza cases to events
[ Info: 2020-09-10T02:51:09.047 Configuring linkage
[ Info: 2020-09-10T02:51:09.129 Initialising output directory: output/linkage-influenza-cases-link-2020.09.10T02.51.09
[ Info: 2020-09-10T02:51:09.131 Importing spine
[ Info: 2020-09-10T02:51:11.293 Starting linkage for table emergency_presentations
[ Info: 2020-09-10T02:51:12.266 Exported 5 rows of emergency_presentations
[ Info: 2020-09-10T02:51:12.266 Exported 3 links between emergency_presentations and the spine
[ Info: 2020-09-10T02:51:12.266 Starting linkage for table hospital_admissions
[ Info: 2020-09-10T02:51:12.572 Exported 5 rows of hospital_admissions
[ Info: 2020-09-10T02:51:12.573 Exported 3 links between hospital_admissions and the spine
[ Info: 2020-09-10T02:51:12.573 Starting linkage for table influenza_cases
[ Info: 2020-09-10T02:51:12.597 Exported 8 rows of influenza_cases
[ Info: 2020-09-10T02:51:12.597 Exported 8 links between influenza_cases and the spine
[ Info: 2020-09-10T02:51:12.597 Writing spine to the output directory (4 rows)
[ Info: 2020-09-10T02:51:12.597 Finished linkage
Reporting
[ Info: 2020-09-10T02:51:18.922 Starting summary of linkage run.
[ Info: 2020-09-10T02:51:20.116 Reporting results for table emergency_presentations
[ Info: 2020-09-10T02:51:20.157 Reporting results for table hospital_admissions
[ Info: 2020-09-10T02:51:20.158 Reporting results for table influenza_cases
[ Info: 2020-09-10T02:51:20.159 Reporting results for table spine
[ Info: 2020-09-10T02:51:20.857 Finished summary of linkage run.

TEST SET 2
Link all health service events
[ Info: 2020-09-10T02:51:23.847 Configuring linkage
[ Info: 2020-09-10T02:51:23.871 Initialising output directory: output/linkage-health-service-usage-2020.09.10T02.51.24
[ Info: 2020-09-10T02:51:23.873 Initialising spine
[ Info: 2020-09-10T02:51:23.911 Starting linkage for table hospital_admissions
[ Info: 2020-09-10T02:51:24.075 Exported 5 rows of hospital_admissions
[ Info: 2020-09-10T02:51:24.075 Exported 5 links between hospital_admissions and the spine
[ Info: 2020-09-10T02:51:24.075 Starting linkage for table emergency_presentations
[ Info: 2020-09-10T02:51:24.205 Exported 5 rows of emergency_presentations
[ Info: 2020-09-10T02:51:24.205 Exported 5 links between emergency_presentations and the spine
[ Info: 2020-09-10T02:51:24.205 Starting linkage for table influenza_cases
[ Info: 2020-09-10T02:51:24.231 Exported 8 rows of influenza_cases
[ Info: 2020-09-10T02:51:24.231 Exported 8 links between influenza_cases and the spine
[ Info: 2020-09-10T02:51:24.231 Writing spine to the output directory (6 rows)
[ Info: 2020-09-10T02:51:24.231 Finished linkage
Reporting
[ Info: 2020-09-10T02:51:24.232 Starting summary of linkage run.
[ Info: 2020-09-10T02:51:24.233 Reporting results for table emergency_presentations
[ Info: 2020-09-10T02:51:24.234 Reporting results for table hospital_admissions
[ Info: 2020-09-10T02:51:24.234 Reporting results for table influenza_cases
[ Info: 2020-09-10T02:51:24.235 Reporting results for table spine
[ Info: 2020-09-10T02:51:24.236 Finished summary of linkage run.

TEST SET 3
[ Info: 2020-09-10T02:51:24.373 Starting comparison of linkage runs.
[ Info: 2020-09-10T02:51:24.727 Reporting results for table emergency_presentations
[ Info: 2020-09-10T02:51:24.728 Reporting results for table hospital_admissions
[ Info: 2020-09-10T02:51:24.729 Reporting results for table influenza_cases
[ Info: 2020-09-10T02:51:24.73 Reporting results for table spine
[ Info: 2020-09-10T02:51:24.731 Finished comparison of linkage runs.
    Testing SpineBasedRecordLinkage tests passed 
