Julia Version 1.3.2-pre.0
Commit 2e6715c045 (2019-12-31 00:49 UTC)
Platform Info:
  OS: Linux (x86_64-linux-gnu)
  CPU: Intel(R) Xeon(R) Silver 4114 CPU @ 2.20GHz
  WORD_SIZE: 64
  LIBM: libopenlibm
  LLVM: libLLVM-6.0.1 (ORCJIT, skylake)
Environment:
  JULIA_DEPOT_PATH = ::/usr/local/share/julia
  JULIA_NUM_THREADS = 2

 Resolving package versions...
 Installed HierarchicalMatrices ─ v0.2.0
  Updating `~/.julia/environments/v1.3/Project.toml`
  [7c893195] + HierarchicalMatrices v0.2.0
  Updating `~/.julia/environments/v1.3/Manifest.toml`
  [7c893195] + HierarchicalMatrices v0.2.0
  [8f399da3] + Libdl 
  [37e2e46d] + LinearAlgebra 
   Testing HierarchicalMatrices
 Resolving package versions...
    Status `/tmp/jl_eCNGZa/Manifest.toml`
  [7c893195] HierarchicalMatrices v0.2.0
  [2a0f44e3] Base64  [`@stdlib/Base64`]
  [8ba89e20] Distributed  [`@stdlib/Distributed`]
  [b77e0a4c] InteractiveUtils  [`@stdlib/InteractiveUtils`]
  [8f399da3] Libdl  [`@stdlib/Libdl`]
  [37e2e46d] LinearAlgebra  [`@stdlib/LinearAlgebra`]
  [56ddb016] Logging  [`@stdlib/Logging`]
  [d6f4376e] Markdown  [`@stdlib/Markdown`]
  [9a3f8284] Random  [`@stdlib/Random`]
  [9e88b42a] Serialization  [`@stdlib/Serialization`]
  [6462fe0b] Sockets  [`@stdlib/Sockets`]
  [8dfed614] Test  [`@stdlib/Test`]

cauchykernel matrix construction at N = 1000

  0.804887 seconds (242.29 k allocations: 15.619 MiB)
  0.007083 seconds (2.02 k allocations: 4.166 MiB)
  0.032538 seconds (504 allocations: 7.657 MiB)
  0.007353 seconds (2 allocations: 7.629 MiB)

cauchykernel matrix-vector multiplication at N = 1000

  0.163889 seconds (44.76 k allocations: 2.311 MiB)
  0.001025 seconds (2 allocations: 7.953 KiB)
  0.033184 seconds (1 allocation: 7.938 KiB)
  0.010441 seconds (1 allocation: 7.938 KiB)

2-norm relative error: 2.818697389162418e-16


cauchykernel matrix construction at N = 10000

  0.148942 seconds (16.61 k allocations: 68.576 MiB, 20.02% gc time)
  0.150647 seconds (16.61 k allocations: 68.576 MiB, 23.84% gc time)
  0.813386 seconds (2 allocations: 762.940 MiB, 12.06% gc time)
  0.893763 seconds (2 allocations: 762.940 MiB, 18.57% gc time)

cauchykernel matrix-vector multiplication at N = 10000

  0.029633 seconds (507 allocations: 86.094 KiB)
  0.029351 seconds (507 allocations: 86.094 KiB)
  0.086425 seconds (2 allocations: 78.203 KiB)
  0.118523 seconds (2 allocations: 78.203 KiB)

2-norm relative error: 1.946991273791118e-15


coulombkernel matrix construction at N = 1000

  0.588263 seconds (11.12 k allocations: 4.572 MiB)
  0.007114 seconds (2.02 k allocations: 4.166 MiB)
  0.042750 seconds (15.64 k allocations: 8.338 MiB)
  0.007301 seconds (2 allocations: 7.629 MiB)

coulombkernel matrix-vector multiplication at N = 1000

  0.001544 seconds (2 allocations: 7.953 KiB)
  0.001589 seconds (2 allocations: 7.953 KiB)
  0.022547 seconds (1 allocation: 7.938 KiB)
  0.002037 seconds (1 allocation: 7.938 KiB)

2-norm relative error: 2.5806181678850466e-15


coulombkernel matrix construction at N = 10000

  0.201389 seconds (16.61 k allocations: 68.576 MiB)
  0.128479 seconds (16.61 k allocations: 68.576 MiB)
  0.876500 seconds (2 allocations: 762.940 MiB, 11.35% gc time)
  1.038248 seconds (2 allocations: 762.940 MiB, 9.18% gc time)

coulombkernel matrix-vector multiplication at N = 10000

  0.027296 seconds (507 allocations: 86.094 KiB)
  0.026580 seconds (507 allocations: 86.094 KiB)
  0.134084 seconds (2 allocations: 78.203 KiB)
  0.079638 seconds (2 allocations: 78.203 KiB)

2-norm relative error: 3.488392104543743e-15


coulombprimekernel matrix construction at N = 1000

  0.649122 seconds (242.75 k allocations: 15.575 MiB)
  0.004508 seconds (2.02 k allocations: 4.166 MiB)
  0.035380 seconds (15.72 k allocations: 8.340 MiB)
  0.002376 seconds (2 allocations: 7.629 MiB)

coulombprimekernel matrix-vector multiplication at N = 1000

  0.001782 seconds (2 allocations: 7.953 KiB)
  0.001740 seconds (2 allocations: 7.953 KiB)
  0.071376 seconds (1 allocation: 7.938 KiB)
  0.004160 seconds (1 allocation: 7.938 KiB)

2-norm relative error: 3.7580544188760607e-16


coulombprimekernel matrix construction at N = 10000

  0.166621 seconds (16.61 k allocations: 68.576 MiB)
  0.118445 seconds (16.61 k allocations: 68.576 MiB)
  0.952926 seconds (2 allocations: 762.940 MiB, 9.89% gc time)
  1.020584 seconds (2 allocations: 762.940 MiB, 10.03% gc time)

coulombprimekernel matrix-vector multiplication at N = 10000

  0.032505 seconds (507 allocations: 86.094 KiB)
  0.029123 seconds (507 allocations: 86.094 KiB)
  0.134419 seconds (2 allocations: 78.203 KiB)
  0.110215 seconds (2 allocations: 78.203 KiB)

2-norm relative error: 1.539925165448831e-16


logkernel matrix construction at N = 1000

  0.723475 seconds (240.18 k allocations: 15.446 MiB)
  0.008489 seconds (2.02 k allocations: 4.166 MiB)
  0.050052 seconds (15.63 k allocations: 8.337 MiB)
  0.019317 seconds (2 allocations: 7.629 MiB)

logkernel matrix-vector multiplication at N = 1000

  0.001756 seconds (2 allocations: 7.953 KiB)
  0.001669 seconds (2 allocations: 7.953 KiB)
  0.015946 seconds (1 allocation: 7.938 KiB)
  0.002122 seconds (1 allocation: 7.938 KiB)

2-norm relative error: 9.02622392890849e-16


logkernel matrix construction at N = 10000

  0.188262 seconds (16.61 k allocations: 68.576 MiB)
  0.135231 seconds (16.61 k allocations: 68.576 MiB)
  2.437482 seconds (2 allocations: 762.940 MiB, 3.60% gc time)
  2.652804 seconds (2 allocations: 762.940 MiB, 3.88% gc time)

logkernel matrix-vector multiplication at N = 10000

  0.031950 seconds (507 allocations: 86.094 KiB)
  0.026995 seconds (507 allocations: 86.094 KiB)
  0.139769 seconds (2 allocations: 78.203 KiB)
  0.080023 seconds (2 allocations: 78.203 KiB)

2-norm relative error: 1.842137421642231e-15



cauchykernel matrix construction at N = 1000

  0.004972 seconds (1.73 k allocations: 4.149 MiB)
  0.005173 seconds (1.73 k allocations: 4.149 MiB)
  0.002133 seconds (2 allocations: 7.629 MiB)
  0.008286 seconds (2 allocations: 7.629 MiB)

cauchykernel matrix-vector multiplication at N = 1000

  0.001935 seconds (5 allocations: 8.000 KiB)
  0.002048 seconds (5 allocations: 8.000 KiB)
  0.057096 seconds (1 allocation: 7.938 KiB)
  0.001853 seconds (1 allocation: 7.938 KiB)

2-norm relative error: 1.5215142224315163e-16


cauchykernel matrix construction at N = 10000

  0.150529 seconds (16.70 k allocations: 70.265 MiB)
  0.091055 seconds (16.70 k allocations: 70.265 MiB)
  0.841162 seconds (2 allocations: 762.940 MiB, 10.33% gc time)
  0.857027 seconds (2 allocations: 762.940 MiB, 10.03% gc time)

cauchykernel matrix-vector multiplication at N = 10000

  0.030392 seconds (513 allocations: 86.188 KiB)
  0.029467 seconds (513 allocations: 86.188 KiB)
  0.125973 seconds (2 allocations: 78.203 KiB)
  0.061918 seconds (2 allocations: 78.203 KiB)

2-norm relative error: 2.011273946913695e-16


coulombkernel matrix construction at N = 1000

  0.005275 seconds (1.73 k allocations: 4.149 MiB)
  0.005372 seconds (1.73 k allocations: 4.149 MiB)
  0.002387 seconds (2 allocations: 7.629 MiB)
  0.008268 seconds (2 allocations: 7.629 MiB)

coulombkernel matrix-vector multiplication at N = 1000

  0.001948 seconds (5 allocations: 8.000 KiB)
  0.001918 seconds (5 allocations: 8.000 KiB)
  0.040095 seconds (1 allocation: 7.938 KiB)
  0.007415 seconds (1 allocation: 7.938 KiB)

2-norm relative error: 4.931238775119035e-17


coulombkernel matrix construction at N = 10000

  0.149822 seconds (16.70 k allocations: 70.265 MiB)
  0.078436 seconds (16.70 k allocations: 70.265 MiB)
  0.939630 seconds (2 allocations: 762.940 MiB, 11.04% gc time)
  0.818670 seconds (2 allocations: 762.940 MiB, 9.93% gc time)

coulombkernel matrix-vector multiplication at N = 10000

  0.027801 seconds (513 allocations: 86.188 KiB)
  0.027716 seconds (513 allocations: 86.188 KiB)
  0.142534 seconds (2 allocations: 78.203 KiB)
  0.059137 seconds (2 allocations: 78.203 KiB)

2-norm relative error: 1.1668519724777926e-16


coulombprimekernel matrix construction at N = 1000

  0.020793 seconds (1.73 k allocations: 4.149 MiB)
  0.004583 seconds (1.73 k allocations: 4.149 MiB)
  0.002287 seconds (2 allocations: 7.629 MiB)
  0.027420 seconds (2 allocations: 7.629 MiB)

coulombprimekernel matrix-vector multiplication at N = 1000

  0.001765 seconds (5 allocations: 8.000 KiB)
  0.001713 seconds (5 allocations: 8.000 KiB)
  0.047994 seconds (1 allocation: 7.938 KiB)
  0.024387 seconds (1 allocation: 7.938 KiB)

2-norm relative error: 1.5972003705583853e-17


coulombprimekernel matrix construction at N = 10000

  0.203067 seconds (16.70 k allocations: 70.265 MiB)
  0.105164 seconds (16.70 k allocations: 70.265 MiB)
  0.852651 seconds (2 allocations: 762.940 MiB, 9.75% gc time)
  0.844727 seconds (2 allocations: 762.940 MiB, 9.11% gc time)

coulombprimekernel matrix-vector multiplication at N = 10000

  0.028211 seconds (513 allocations: 86.188 KiB)
  0.027170 seconds (513 allocations: 86.188 KiB)
  0.078607 seconds (2 allocations: 78.203 KiB)
  0.102321 seconds (2 allocations: 78.203 KiB)

2-norm relative error: 1.4890223020946745e-16


logkernel matrix construction at N = 1000

  0.019790 seconds (1.73 k allocations: 4.149 MiB)
  0.007669 seconds (1.73 k allocations: 4.149 MiB)
  0.017356 seconds (2 allocations: 7.629 MiB)
  0.042745 seconds (2 allocations: 7.629 MiB)

logkernel matrix-vector multiplication at N = 1000

  0.001842 seconds (5 allocations: 8.000 KiB)
  0.001826 seconds (5 allocations: 8.000 KiB)
  0.004089 seconds (1 allocation: 7.938 KiB)
  0.005656 seconds (1 allocation: 7.938 KiB)

2-norm relative error: 4.2739292196631924e-15


logkernel matrix construction at N = 10000

  0.236281 seconds (16.70 k allocations: 70.265 MiB)
  0.105496 seconds (16.70 k allocations: 70.265 MiB)
  2.470819 seconds (2 allocations: 762.940 MiB, 3.25% gc time)
  2.529763 seconds (2 allocations: 762.940 MiB, 3.76% gc time)

logkernel matrix-vector multiplication at N = 10000

  0.028142 seconds (513 allocations: 86.188 KiB)
  0.026139 seconds (513 allocations: 86.188 KiB)
  0.069485 seconds (2 allocations: 78.203 KiB)
  0.051735 seconds (2 allocations: 78.203 KiB)

2-norm relative error: 1.7167877704261705e-15

   Testing HierarchicalMatrices tests passed 
