Julia Version 1.3.2-pre.0
Commit 2e6715c045 (2019-12-31 00:49 UTC)
Platform Info:
  OS: Linux (x86_64-linux-gnu)
  CPU: Intel(R) Xeon(R) Silver 4114 CPU @ 2.20GHz
  WORD_SIZE: 64
  LIBM: libopenlibm
  LLVM: libLLVM-6.0.1 (ORCJIT, skylake)
Environment:
  JULIA_DEPOT_PATH = ::/usr/local/share/julia
  JULIA_NUM_THREADS = 2

 Resolving package versions...
 Installed Reexport ─────── v0.2.0
 Installed WikiText ─────── v0.1.0
 Installed IniFile ──────── v0.5.0
 Installed MbedTLS ──────── v0.7.0
 Installed HTTP ─────────── v0.8.8
 Installed BinaryProvider ─ v0.5.8
 Installed DataDeps ─────── v0.7.1
  Updating `~/.julia/environments/v1.3/Project.toml`
  [b61fe8a8] + WikiText v0.1.0
  Updating `~/.julia/environments/v1.3/Manifest.toml`
  [b99e7846] + BinaryProvider v0.5.8
  [124859b0] + DataDeps v0.7.1
  [cd3eb016] + HTTP v0.8.8
  [83e8ac13] + IniFile v0.5.0
  [739be429] + MbedTLS v0.7.0
  [189a3867] + Reexport v0.2.0
  [b61fe8a8] + WikiText v0.1.0
  [2a0f44e3] + Base64 
  [ade2ca70] + Dates 
  [8ba89e20] + Distributed 
  [b77e0a4c] + InteractiveUtils 
  [76f85450] + LibGit2 
  [8f399da3] + Libdl 
  [56ddb016] + Logging 
  [d6f4376e] + Markdown 
  [44cfe95a] + Pkg 
  [de0858da] + Printf 
  [3fa0cd96] + REPL 
  [9a3f8284] + Random 
  [ea8e919c] + SHA 
  [9e88b42a] + Serialization 
  [6462fe0b] + Sockets 
  [8dfed614] + Test 
  [cf7118a7] + UUIDs 
  [4ec0a83e] + Unicode 
  Building MbedTLS → `~/.julia/packages/MbedTLS/a1JFn/deps/build.log`
   Testing WikiText
 Resolving package versions...
    Status `/tmp/jl_czJ2N4/Manifest.toml`
  [b99e7846] BinaryProvider v0.5.8
  [124859b0] DataDeps v0.7.1
  [cd3eb016] HTTP v0.8.8
  [83e8ac13] IniFile v0.5.0
  [739be429] MbedTLS v0.7.0
  [189a3867] Reexport v0.2.0
  [b61fe8a8] WikiText v0.1.0
  [2a0f44e3] Base64  [`@stdlib/Base64`]
  [ade2ca70] Dates  [`@stdlib/Dates`]
  [8ba89e20] Distributed  [`@stdlib/Distributed`]
  [b77e0a4c] InteractiveUtils  [`@stdlib/InteractiveUtils`]
  [76f85450] LibGit2  [`@stdlib/LibGit2`]
  [8f399da3] Libdl  [`@stdlib/Libdl`]
  [56ddb016] Logging  [`@stdlib/Logging`]
  [d6f4376e] Markdown  [`@stdlib/Markdown`]
  [44cfe95a] Pkg  [`@stdlib/Pkg`]
  [de0858da] Printf  [`@stdlib/Printf`]
  [3fa0cd96] REPL  [`@stdlib/REPL`]
  [9a3f8284] Random  [`@stdlib/Random`]
  [ea8e919c] SHA  [`@stdlib/SHA`]
  [9e88b42a] Serialization  [`@stdlib/Serialization`]
  [6462fe0b] Sockets  [`@stdlib/Sockets`]
  [8dfed614] Test  [`@stdlib/Test`]
  [cf7118a7] UUIDs  [`@stdlib/UUIDs`]
  [4ec0a83e] Unicode  [`@stdlib/Unicode`]
WikiText: Error During Test at /home/pkgeval/.julia/packages/WikiText/jilzS/test/runtests.jl:6
  Test threw exception
  Expression: isfile(trainfile(corpus))
  DataDeps.DisabledError("DataDeps download disabled, as we appear to be in a CI environment, and the environment variable `DATADEPS_ALWAYS_ACCEPT` is not set.\nIf this is indeed running in a headless CI environment, then set the `DATADEPS_ALWAYS_ACCEPT` environment variable to `true` to bypass the accept download prompt (if you do wish to always accept.)\nIf not, then either unset the `CI` environment variable from true, or set `DATADEPS_ALWAYS_ACCEPT` to `false` for the normal prompt behaviour.")
  Stacktrace:
   [1] ensure_download_permitted at /home/pkgeval/.julia/packages/DataDeps/ai3FE/src/resolution_automatic.jl:26 [inlined]
   [2] #download#13(::String, ::Nothing, ::Bool, ::typeof(download), ::DataDeps.DataDep{String,String,typeof(DataDeps.fetch_default),WikiText.var"#1#10"{WikiText.var"#moveup#9"}}, ::String) at /home/pkgeval/.julia/packages/DataDeps/ai3FE/src/resolution_automatic.jl:70
   [3] download at /home/pkgeval/.julia/packages/DataDeps/ai3FE/src/resolution_automatic.jl:70 [inlined]
   [4] handle_missing at /home/pkgeval/.julia/packages/DataDeps/ai3FE/src/resolution_automatic.jl:10 [inlined]
   [5] _resolve(::DataDeps.DataDep{String,String,typeof(DataDeps.fetch_default),WikiText.var"#1#10"{WikiText.var"#moveup#9"}}, ::String) at /home/pkgeval/.julia/packages/DataDeps/ai3FE/src/resolution.jl:83
   [6] resolve(::DataDeps.DataDep{String,String,typeof(DataDeps.fetch_default),WikiText.var"#1#10"{WikiText.var"#moveup#9"}}, ::String, ::String) at /home/pkgeval/.julia/packages/DataDeps/ai3FE/src/resolution.jl:29
   [7] resolve(::String, ::String, ::String) at /home/pkgeval/.julia/packages/DataDeps/ai3FE/src/resolution.jl:54
   [8] resolve at /home/pkgeval/.julia/packages/DataDeps/ai3FE/src/resolution.jl:73 [inlined]
   [9] corpusdir at /home/pkgeval/.julia/packages/WikiText/jilzS/src/WikiText.jl:73 [inlined]
   [10] filename(::WikiText.WikiText2v1, ::Symbol) at /home/pkgeval/.julia/packages/WikiText/jilzS/src/WikiText.jl:66
   [11] filename(::Type{WikiText.WikiText2v1}, ::Symbol) at /home/pkgeval/.julia/packages/WikiText/jilzS/src/WikiText.jl:68
   [12] trainfile(::Type) at /home/pkgeval/.julia/packages/WikiText/jilzS/src/WikiText.jl:58
   [13] top-level scope at /home/pkgeval/.julia/packages/WikiText/jilzS/test/runtests.jl:6
   [14] top-level scope at /workspace/srcdir/usr/share/julia/stdlib/v1.3/Test/src/Test.jl:1107
   [15] top-level scope at /home/pkgeval/.julia/packages/WikiText/jilzS/test/runtests.jl:4
  
WikiText: Error During Test at /home/pkgeval/.julia/packages/WikiText/jilzS/test/runtests.jl:7
  Test threw exception
  Expression: isfile(validfile(corpus))
  DataDeps.DisabledError("DataDeps download disabled, as we appear to be in a CI environment, and the environment variable `DATADEPS_ALWAYS_ACCEPT` is not set.\nIf this is indeed running in a headless CI environment, then set the `DATADEPS_ALWAYS_ACCEPT` environment variable to `true` to bypass the accept download prompt (if you do wish to always accept.)\nIf not, then either unset the `CI` environment variable from true, or set `DATADEPS_ALWAYS_ACCEPT` to `false` for the normal prompt behaviour.")
  Stacktrace:
   [1] ensure_download_permitted at /home/pkgeval/.julia/packages/DataDeps/ai3FE/src/resolution_automatic.jl:26 [inlined]
   [2] #download#13(::String, ::Nothing, ::Bool, ::typeof(download), ::DataDeps.DataDep{String,String,typeof(DataDeps.fetch_default),WikiText.var"#1#10"{WikiText.var"#moveup#9"}}, ::String) at /home/pkgeval/.julia/packages/DataDeps/ai3FE/src/resolution_automatic.jl:70
   [3] download at /home/pkgeval/.julia/packages/DataDeps/ai3FE/src/resolution_automatic.jl:70 [inlined]
   [4] handle_missing at /home/pkgeval/.julia/packages/DataDeps/ai3FE/src/resolution_automatic.jl:10 [inlined]
   [5] _resolve(::DataDeps.DataDep{String,String,typeof(DataDeps.fetch_default),WikiText.var"#1#10"{WikiText.var"#moveup#9"}}, ::String) at /home/pkgeval/.julia/packages/DataDeps/ai3FE/src/resolution.jl:83
   [6] resolve(::DataDeps.DataDep{String,String,typeof(DataDeps.fetch_default),WikiText.var"#1#10"{WikiText.var"#moveup#9"}}, ::String, ::String) at /home/pkgeval/.julia/packages/DataDeps/ai3FE/src/resolution.jl:29
   [7] resolve(::String, ::String, ::String) at /home/pkgeval/.julia/packages/DataDeps/ai3FE/src/resolution.jl:54
   [8] resolve at /home/pkgeval/.julia/packages/DataDeps/ai3FE/src/resolution.jl:73 [inlined]
   [9] corpusdir at /home/pkgeval/.julia/packages/WikiText/jilzS/src/WikiText.jl:73 [inlined]
   [10] filename(::WikiText.WikiText2v1, ::Symbol) at /home/pkgeval/.julia/packages/WikiText/jilzS/src/WikiText.jl:66
   [11] filename(::Type{WikiText.WikiText2v1}, ::Symbol) at /home/pkgeval/.julia/packages/WikiText/jilzS/src/WikiText.jl:68
   [12] validfile(::Type) at /home/pkgeval/.julia/packages/WikiText/jilzS/src/WikiText.jl:59
   [13] top-level scope at /home/pkgeval/.julia/packages/WikiText/jilzS/test/runtests.jl:7
   [14] top-level scope at /workspace/srcdir/usr/share/julia/stdlib/v1.3/Test/src/Test.jl:1107
   [15] top-level scope at /home/pkgeval/.julia/packages/WikiText/jilzS/test/runtests.jl:4
  
WikiText: Error During Test at /home/pkgeval/.julia/packages/WikiText/jilzS/test/runtests.jl:8
  Test threw exception
  Expression: isfile(testfile(corpus))
  DataDeps.DisabledError("DataDeps download disabled, as we appear to be in a CI environment, and the environment variable `DATADEPS_ALWAYS_ACCEPT` is not set.\nIf this is indeed running in a headless CI environment, then set the `DATADEPS_ALWAYS_ACCEPT` environment variable to `true` to bypass the accept download prompt (if you do wish to always accept.)\nIf not, then either unset the `CI` environment variable from true, or set `DATADEPS_ALWAYS_ACCEPT` to `false` for the normal prompt behaviour.")
  Stacktrace:
   [1] ensure_download_permitted at /home/pkgeval/.julia/packages/DataDeps/ai3FE/src/resolution_automatic.jl:26 [inlined]
   [2] #download#13(::String, ::Nothing, ::Bool, ::typeof(download), ::DataDeps.DataDep{String,String,typeof(DataDeps.fetch_default),WikiText.var"#1#10"{WikiText.var"#moveup#9"}}, ::String) at /home/pkgeval/.julia/packages/DataDeps/ai3FE/src/resolution_automatic.jl:70
   [3] download at /home/pkgeval/.julia/packages/DataDeps/ai3FE/src/resolution_automatic.jl:70 [inlined]
   [4] handle_missing at /home/pkgeval/.julia/packages/DataDeps/ai3FE/src/resolution_automatic.jl:10 [inlined]
   [5] _resolve(::DataDeps.DataDep{String,String,typeof(DataDeps.fetch_default),WikiText.var"#1#10"{WikiText.var"#moveup#9"}}, ::String) at /home/pkgeval/.julia/packages/DataDeps/ai3FE/src/resolution.jl:83
   [6] resolve(::DataDeps.DataDep{String,String,typeof(DataDeps.fetch_default),WikiText.var"#1#10"{WikiText.var"#moveup#9"}}, ::String, ::String) at /home/pkgeval/.julia/packages/DataDeps/ai3FE/src/resolution.jl:29
   [7] resolve(::String, ::String, ::String) at /home/pkgeval/.julia/packages/DataDeps/ai3FE/src/resolution.jl:54
   [8] resolve at /home/pkgeval/.julia/packages/DataDeps/ai3FE/src/resolution.jl:73 [inlined]
   [9] corpusdir at /home/pkgeval/.julia/packages/WikiText/jilzS/src/WikiText.jl:73 [inlined]
   [10] filename(::WikiText.WikiText2v1, ::Symbol) at /home/pkgeval/.julia/packages/WikiText/jilzS/src/WikiText.jl:66
   [11] filename(::Type{WikiText.WikiText2v1}, ::Symbol) at /home/pkgeval/.julia/packages/WikiText/jilzS/src/WikiText.jl:68
   [12] testfile(::Type) at /home/pkgeval/.julia/packages/WikiText/jilzS/src/WikiText.jl:60
   [13] top-level scope at /home/pkgeval/.julia/packages/WikiText/jilzS/test/runtests.jl:8
   [14] top-level scope at /workspace/srcdir/usr/share/julia/stdlib/v1.3/Test/src/Test.jl:1107
   [15] top-level scope at /home/pkgeval/.julia/packages/WikiText/jilzS/test/runtests.jl:4
  
WikiText: Error During Test at /home/pkgeval/.julia/packages/WikiText/jilzS/test/runtests.jl:6
  Test threw exception
  Expression: isfile(trainfile(corpus))
  DataDeps.DisabledError("DataDeps download disabled, as we appear to be in a CI environment, and the environment variable `DATADEPS_ALWAYS_ACCEPT` is not set.\nIf this is indeed running in a headless CI environment, then set the `DATADEPS_ALWAYS_ACCEPT` environment variable to `true` to bypass the accept download prompt (if you do wish to always accept.)\nIf not, then either unset the `CI` environment variable from true, or set `DATADEPS_ALWAYS_ACCEPT` to `false` for the normal prompt behaviour.")
  Stacktrace:
   [1] ensure_download_permitted at /home/pkgeval/.julia/packages/DataDeps/ai3FE/src/resolution_automatic.jl:26 [inlined]
   [2] #download#13(::String, ::Nothing, ::Bool, ::typeof(download), ::DataDeps.DataDep{String,String,typeof(DataDeps.fetch_default),WikiText.var"#1#10"{WikiText.var"#moveup#9"}}, ::String) at /home/pkgeval/.julia/packages/DataDeps/ai3FE/src/resolution_automatic.jl:70
   [3] download at /home/pkgeval/.julia/packages/DataDeps/ai3FE/src/resolution_automatic.jl:70 [inlined]
   [4] handle_missing at /home/pkgeval/.julia/packages/DataDeps/ai3FE/src/resolution_automatic.jl:10 [inlined]
   [5] _resolve(::DataDeps.DataDep{String,String,typeof(DataDeps.fetch_default),WikiText.var"#1#10"{WikiText.var"#moveup#9"}}, ::String) at /home/pkgeval/.julia/packages/DataDeps/ai3FE/src/resolution.jl:83
   [6] resolve(::DataDeps.DataDep{String,String,typeof(DataDeps.fetch_default),WikiText.var"#1#10"{WikiText.var"#moveup#9"}}, ::String, ::String) at /home/pkgeval/.julia/packages/DataDeps/ai3FE/src/resolution.jl:29
   [7] resolve(::String, ::String, ::String) at /home/pkgeval/.julia/packages/DataDeps/ai3FE/src/resolution.jl:54
   [8] resolve at /home/pkgeval/.julia/packages/DataDeps/ai3FE/src/resolution.jl:73 [inlined]
   [9] corpusdir at /home/pkgeval/.julia/packages/WikiText/jilzS/src/WikiText.jl:73 [inlined]
   [10] filename(::WikiText.WikiText2v1, ::Symbol) at /home/pkgeval/.julia/packages/WikiText/jilzS/src/WikiText.jl:66
   [11] trainfile(::WikiText.WikiText2v1) at /home/pkgeval/.julia/packages/WikiText/jilzS/src/WikiText.jl:58
   [12] top-level scope at /home/pkgeval/.julia/packages/WikiText/jilzS/test/runtests.jl:6
   [13] top-level scope at /workspace/srcdir/usr/share/julia/stdlib/v1.3/Test/src/Test.jl:1107
   [14] top-level scope at /home/pkgeval/.julia/packages/WikiText/jilzS/test/runtests.jl:4
  
WikiText: Error During Test at /home/pkgeval/.julia/packages/WikiText/jilzS/test/runtests.jl:7
  Test threw exception
  Expression: isfile(validfile(corpus))
  DataDeps.DisabledError("DataDeps download disabled, as we appear to be in a CI environment, and the environment variable `DATADEPS_ALWAYS_ACCEPT` is not set.\nIf this is indeed running in a headless CI environment, then set the `DATADEPS_ALWAYS_ACCEPT` environment variable to `true` to bypass the accept download prompt (if you do wish to always accept.)\nIf not, then either unset the `CI` environment variable from true, or set `DATADEPS_ALWAYS_ACCEPT` to `false` for the normal prompt behaviour.")
  Stacktrace:
   [1] ensure_download_permitted at /home/pkgeval/.julia/packages/DataDeps/ai3FE/src/resolution_automatic.jl:26 [inlined]
   [2] #download#13(::String, ::Nothing, ::Bool, ::typeof(download), ::DataDeps.DataDep{String,String,typeof(DataDeps.fetch_default),WikiText.var"#1#10"{WikiText.var"#moveup#9"}}, ::String) at /home/pkgeval/.julia/packages/DataDeps/ai3FE/src/resolution_automatic.jl:70
   [3] download at /home/pkgeval/.julia/packages/DataDeps/ai3FE/src/resolution_automatic.jl:70 [inlined]
   [4] handle_missing at /home/pkgeval/.julia/packages/DataDeps/ai3FE/src/resolution_automatic.jl:10 [inlined]
   [5] _resolve(::DataDeps.DataDep{String,String,typeof(DataDeps.fetch_default),WikiText.var"#1#10"{WikiText.var"#moveup#9"}}, ::String) at /home/pkgeval/.julia/packages/DataDeps/ai3FE/src/resolution.jl:83
   [6] resolve(::DataDeps.DataDep{String,String,typeof(DataDeps.fetch_default),WikiText.var"#1#10"{WikiText.var"#moveup#9"}}, ::String, ::String) at /home/pkgeval/.julia/packages/DataDeps/ai3FE/src/resolution.jl:29
   [7] resolve(::String, ::String, ::String) at /home/pkgeval/.julia/packages/DataDeps/ai3FE/src/resolution.jl:54
   [8] resolve at /home/pkgeval/.julia/packages/DataDeps/ai3FE/src/resolution.jl:73 [inlined]
   [9] corpusdir at /home/pkgeval/.julia/packages/WikiText/jilzS/src/WikiText.jl:73 [inlined]
   [10] filename(::WikiText.WikiText2v1, ::Symbol) at /home/pkgeval/.julia/packages/WikiText/jilzS/src/WikiText.jl:66
   [11] validfile(::WikiText.WikiText2v1) at /home/pkgeval/.julia/packages/WikiText/jilzS/src/WikiText.jl:59
   [12] top-level scope at /home/pkgeval/.julia/packages/WikiText/jilzS/test/runtests.jl:7
   [13] top-level scope at /workspace/srcdir/usr/share/julia/stdlib/v1.3/Test/src/Test.jl:1107
   [14] top-level scope at /home/pkgeval/.julia/packages/WikiText/jilzS/test/runtests.jl:4
  
WikiText: Error During Test at /home/pkgeval/.julia/packages/WikiText/jilzS/test/runtests.jl:8
  Test threw exception
  Expression: isfile(testfile(corpus))
  DataDeps.DisabledError("DataDeps download disabled, as we appear to be in a CI environment, and the environment variable `DATADEPS_ALWAYS_ACCEPT` is not set.\nIf this is indeed running in a headless CI environment, then set the `DATADEPS_ALWAYS_ACCEPT` environment variable to `true` to bypass the accept download prompt (if you do wish to always accept.)\nIf not, then either unset the `CI` environment variable from true, or set `DATADEPS_ALWAYS_ACCEPT` to `false` for the normal prompt behaviour.")
  Stacktrace:
   [1] ensure_download_permitted at /home/pkgeval/.julia/packages/DataDeps/ai3FE/src/resolution_automatic.jl:26 [inlined]
   [2] #download#13(::String, ::Nothing, ::Bool, ::typeof(download), ::DataDeps.DataDep{String,String,typeof(DataDeps.fetch_default),WikiText.var"#1#10"{WikiText.var"#moveup#9"}}, ::String) at /home/pkgeval/.julia/packages/DataDeps/ai3FE/src/resolution_automatic.jl:70
   [3] download at /home/pkgeval/.julia/packages/DataDeps/ai3FE/src/resolution_automatic.jl:70 [inlined]
   [4] handle_missing at /home/pkgeval/.julia/packages/DataDeps/ai3FE/src/resolution_automatic.jl:10 [inlined]
   [5] _resolve(::DataDeps.DataDep{String,String,typeof(DataDeps.fetch_default),WikiText.var"#1#10"{WikiText.var"#moveup#9"}}, ::String) at /home/pkgeval/.julia/packages/DataDeps/ai3FE/src/resolution.jl:83
   [6] resolve(::DataDeps.DataDep{String,String,typeof(DataDeps.fetch_default),WikiText.var"#1#10"{WikiText.var"#moveup#9"}}, ::String, ::String) at /home/pkgeval/.julia/packages/DataDeps/ai3FE/src/resolution.jl:29
   [7] resolve(::String, ::String, ::String) at /home/pkgeval/.julia/packages/DataDeps/ai3FE/src/resolution.jl:54
   [8] resolve at /home/pkgeval/.julia/packages/DataDeps/ai3FE/src/resolution.jl:73 [inlined]
   [9] corpusdir at /home/pkgeval/.julia/packages/WikiText/jilzS/src/WikiText.jl:73 [inlined]
   [10] filename(::WikiText.WikiText2v1, ::Symbol) at /home/pkgeval/.julia/packages/WikiText/jilzS/src/WikiText.jl:66
   [11] testfile(::WikiText.WikiText2v1) at /home/pkgeval/.julia/packages/WikiText/jilzS/src/WikiText.jl:60
   [12] top-level scope at /home/pkgeval/.julia/packages/WikiText/jilzS/test/runtests.jl:8
   [13] top-level scope at /workspace/srcdir/usr/share/julia/stdlib/v1.3/Test/src/Test.jl:1107
   [14] top-level scope at /home/pkgeval/.julia/packages/WikiText/jilzS/test/runtests.jl:4
  
WikiText: Error During Test at /home/pkgeval/.julia/packages/WikiText/jilzS/test/runtests.jl:6
  Test threw exception
  Expression: isfile(trainfile(corpus))
  DataDeps.DisabledError("DataDeps download disabled, as we appear to be in a CI environment, and the environment variable `DATADEPS_ALWAYS_ACCEPT` is not set.\nIf this is indeed running in a headless CI environment, then set the `DATADEPS_ALWAYS_ACCEPT` environment variable to `true` to bypass the accept download prompt (if you do wish to always accept.)\nIf not, then either unset the `CI` environment variable from true, or set `DATADEPS_ALWAYS_ACCEPT` to `false` for the normal prompt behaviour.")
  Stacktrace:
   [1] ensure_download_permitted at /home/pkgeval/.julia/packages/DataDeps/ai3FE/src/resolution_automatic.jl:26 [inlined]
   [2] #download#13(::String, ::Nothing, ::Bool, ::typeof(download), ::DataDeps.DataDep{String,String,typeof(DataDeps.fetch_default),WikiText.var"#3#13"{WikiText.var"#moveup#9"}}, ::String) at /home/pkgeval/.julia/packages/DataDeps/ai3FE/src/resolution_automatic.jl:70
   [3] download at /home/pkgeval/.julia/packages/DataDeps/ai3FE/src/resolution_automatic.jl:70 [inlined]
   [4] handle_missing at /home/pkgeval/.julia/packages/DataDeps/ai3FE/src/resolution_automatic.jl:10 [inlined]
   [5] _resolve(::DataDeps.DataDep{String,String,typeof(DataDeps.fetch_default),WikiText.var"#3#13"{WikiText.var"#moveup#9"}}, ::String) at /home/pkgeval/.julia/packages/DataDeps/ai3FE/src/resolution.jl:83
   [6] resolve(::DataDeps.DataDep{String,String,typeof(DataDeps.fetch_default),WikiText.var"#3#13"{WikiText.var"#moveup#9"}}, ::String, ::String) at /home/pkgeval/.julia/packages/DataDeps/ai3FE/src/resolution.jl:29
   [7] resolve(::String, ::String, ::String) at /home/pkgeval/.julia/packages/DataDeps/ai3FE/src/resolution.jl:54
   [8] resolve at /home/pkgeval/.julia/packages/DataDeps/ai3FE/src/resolution.jl:73 [inlined]
   [9] corpusdir at /home/pkgeval/.julia/packages/WikiText/jilzS/src/WikiText.jl:74 [inlined]
   [10] filename(::WikiText.WikiText103v1, ::Symbol) at /home/pkgeval/.julia/packages/WikiText/jilzS/src/WikiText.jl:66
   [11] filename(::Type{WikiText.WikiText103v1}, ::Symbol) at /home/pkgeval/.julia/packages/WikiText/jilzS/src/WikiText.jl:68
   [12] trainfile(::Type) at /home/pkgeval/.julia/packages/WikiText/jilzS/src/WikiText.jl:58
   [13] top-level scope at /home/pkgeval/.julia/packages/WikiText/jilzS/test/runtests.jl:6
   [14] top-level scope at /workspace/srcdir/usr/share/julia/stdlib/v1.3/Test/src/Test.jl:1107
   [15] top-level scope at /home/pkgeval/.julia/packages/WikiText/jilzS/test/runtests.jl:4
  
WikiText: Error During Test at /home/pkgeval/.julia/packages/WikiText/jilzS/test/runtests.jl:7
  Test threw exception
  Expression: isfile(validfile(corpus))
  DataDeps.DisabledError("DataDeps download disabled, as we appear to be in a CI environment, and the environment variable `DATADEPS_ALWAYS_ACCEPT` is not set.\nIf this is indeed running in a headless CI environment, then set the `DATADEPS_ALWAYS_ACCEPT` environment variable to `true` to bypass the accept download prompt (if you do wish to always accept.)\nIf not, then either unset the `CI` environment variable from true, or set `DATADEPS_ALWAYS_ACCEPT` to `false` for the normal prompt behaviour.")
  Stacktrace:
   [1] ensure_download_permitted at /home/pkgeval/.julia/packages/DataDeps/ai3FE/src/resolution_automatic.jl:26 [inlined]
   [2] #download#13(::String, ::Nothing, ::Bool, ::typeof(download), ::DataDeps.DataDep{String,String,typeof(DataDeps.fetch_default),WikiText.var"#3#13"{WikiText.var"#moveup#9"}}, ::String) at /home/pkgeval/.julia/packages/DataDeps/ai3FE/src/resolution_automatic.jl:70
   [3] download at /home/pkgeval/.julia/packages/DataDeps/ai3FE/src/resolution_automatic.jl:70 [inlined]
   [4] handle_missing at /home/pkgeval/.julia/packages/DataDeps/ai3FE/src/resolution_automatic.jl:10 [inlined]
   [5] _resolve(::DataDeps.DataDep{String,String,typeof(DataDeps.fetch_default),WikiText.var"#3#13"{WikiText.var"#moveup#9"}}, ::String) at /home/pkgeval/.julia/packages/DataDeps/ai3FE/src/resolution.jl:83
   [6] resolve(::DataDeps.DataDep{String,String,typeof(DataDeps.fetch_default),WikiText.var"#3#13"{WikiText.var"#moveup#9"}}, ::String, ::String) at /home/pkgeval/.julia/packages/DataDeps/ai3FE/src/resolution.jl:29
   [7] resolve(::String, ::String, ::String) at /home/pkgeval/.julia/packages/DataDeps/ai3FE/src/resolution.jl:54
   [8] resolve at /home/pkgeval/.julia/packages/DataDeps/ai3FE/src/resolution.jl:73 [inlined]
   [9] corpusdir at /home/pkgeval/.julia/packages/WikiText/jilzS/src/WikiText.jl:74 [inlined]
   [10] filename(::WikiText.WikiText103v1, ::Symbol) at /home/pkgeval/.julia/packages/WikiText/jilzS/src/WikiText.jl:66
   [11] filename(::Type{WikiText.WikiText103v1}, ::Symbol) at /home/pkgeval/.julia/packages/WikiText/jilzS/src/WikiText.jl:68
   [12] validfile(::Type) at /home/pkgeval/.julia/packages/WikiText/jilzS/src/WikiText.jl:59
   [13] top-level scope at /home/pkgeval/.julia/packages/WikiText/jilzS/test/runtests.jl:7
   [14] top-level scope at /workspace/srcdir/usr/share/julia/stdlib/v1.3/Test/src/Test.jl:1107
   [15] top-level scope at /home/pkgeval/.julia/packages/WikiText/jilzS/test/runtests.jl:4
  
WikiText: Error During Test at /home/pkgeval/.julia/packages/WikiText/jilzS/test/runtests.jl:8
  Test threw exception
  Expression: isfile(testfile(corpus))
  DataDeps.DisabledError("DataDeps download disabled, as we appear to be in a CI environment, and the environment variable `DATADEPS_ALWAYS_ACCEPT` is not set.\nIf this is indeed running in a headless CI environment, then set the `DATADEPS_ALWAYS_ACCEPT` environment variable to `true` to bypass the accept download prompt (if you do wish to always accept.)\nIf not, then either unset the `CI` environment variable from true, or set `DATADEPS_ALWAYS_ACCEPT` to `false` for the normal prompt behaviour.")
  Stacktrace:
   [1] ensure_download_permitted at /home/pkgeval/.julia/packages/DataDeps/ai3FE/src/resolution_automatic.jl:26 [inlined]
   [2] #download#13(::String, ::Nothing, ::Bool, ::typeof(download), ::DataDeps.DataDep{String,String,typeof(DataDeps.fetch_default),WikiText.var"#3#13"{WikiText.var"#moveup#9"}}, ::String) at /home/pkgeval/.julia/packages/DataDeps/ai3FE/src/resolution_automatic.jl:70
   [3] download at /home/pkgeval/.julia/packages/DataDeps/ai3FE/src/resolution_automatic.jl:70 [inlined]
   [4] handle_missing at /home/pkgeval/.julia/packages/DataDeps/ai3FE/src/resolution_automatic.jl:10 [inlined]
   [5] _resolve(::DataDeps.DataDep{String,String,typeof(DataDeps.fetch_default),WikiText.var"#3#13"{WikiText.var"#moveup#9"}}, ::String) at /home/pkgeval/.julia/packages/DataDeps/ai3FE/src/resolution.jl:83
   [6] resolve(::DataDeps.DataDep{String,String,typeof(DataDeps.fetch_default),WikiText.var"#3#13"{WikiText.var"#moveup#9"}}, ::String, ::String) at /home/pkgeval/.julia/packages/DataDeps/ai3FE/src/resolution.jl:29
   [7] resolve(::String, ::String, ::String) at /home/pkgeval/.julia/packages/DataDeps/ai3FE/src/resolution.jl:54
   [8] resolve at /home/pkgeval/.julia/packages/DataDeps/ai3FE/src/resolution.jl:73 [inlined]
   [9] corpusdir at /home/pkgeval/.julia/packages/WikiText/jilzS/src/WikiText.jl:74 [inlined]
   [10] filename(::WikiText.WikiText103v1, ::Symbol) at /home/pkgeval/.julia/packages/WikiText/jilzS/src/WikiText.jl:66
   [11] filename(::Type{WikiText.WikiText103v1}, ::Symbol) at /home/pkgeval/.julia/packages/WikiText/jilzS/src/WikiText.jl:68
   [12] testfile(::Type) at /home/pkgeval/.julia/packages/WikiText/jilzS/src/WikiText.jl:60
   [13] top-level scope at /home/pkgeval/.julia/packages/WikiText/jilzS/test/runtests.jl:8
   [14] top-level scope at /workspace/srcdir/usr/share/julia/stdlib/v1.3/Test/src/Test.jl:1107
   [15] top-level scope at /home/pkgeval/.julia/packages/WikiText/jilzS/test/runtests.jl:4
  
WikiText: Error During Test at /home/pkgeval/.julia/packages/WikiText/jilzS/test/runtests.jl:6
  Test threw exception
  Expression: isfile(trainfile(corpus))
  DataDeps.DisabledError("DataDeps download disabled, as we appear to be in a CI environment, and the environment variable `DATADEPS_ALWAYS_ACCEPT` is not set.\nIf this is indeed running in a headless CI environment, then set the `DATADEPS_ALWAYS_ACCEPT` environment variable to `true` to bypass the accept download prompt (if you do wish to always accept.)\nIf not, then either unset the `CI` environment variable from true, or set `DATADEPS_ALWAYS_ACCEPT` to `false` for the normal prompt behaviour.")
  Stacktrace:
   [1] ensure_download_permitted at /home/pkgeval/.julia/packages/DataDeps/ai3FE/src/resolution_automatic.jl:26 [inlined]
   [2] #download#13(::String, ::Nothing, ::Bool, ::typeof(download), ::DataDeps.DataDep{String,String,typeof(DataDeps.fetch_default),WikiText.var"#3#13"{WikiText.var"#moveup#9"}}, ::String) at /home/pkgeval/.julia/packages/DataDeps/ai3FE/src/resolution_automatic.jl:70
   [3] download at /home/pkgeval/.julia/packages/DataDeps/ai3FE/src/resolution_automatic.jl:70 [inlined]
   [4] handle_missing at /home/pkgeval/.julia/packages/DataDeps/ai3FE/src/resolution_automatic.jl:10 [inlined]
   [5] _resolve(::DataDeps.DataDep{String,String,typeof(DataDeps.fetch_default),WikiText.var"#3#13"{WikiText.var"#moveup#9"}}, ::String) at /home/pkgeval/.julia/packages/DataDeps/ai3FE/src/resolution.jl:83
   [6] resolve(::DataDeps.DataDep{String,String,typeof(DataDeps.fetch_default),WikiText.var"#3#13"{WikiText.var"#moveup#9"}}, ::String, ::String) at /home/pkgeval/.julia/packages/DataDeps/ai3FE/src/resolution.jl:29
   [7] resolve(::String, ::String, ::String) at /home/pkgeval/.julia/packages/DataDeps/ai3FE/src/resolution.jl:54
   [8] resolve at /home/pkgeval/.julia/packages/DataDeps/ai3FE/src/resolution.jl:73 [inlined]
   [9] corpusdir at /home/pkgeval/.julia/packages/WikiText/jilzS/src/WikiText.jl:74 [inlined]
   [10] filename(::WikiText.WikiText103v1, ::Symbol) at /home/pkgeval/.julia/packages/WikiText/jilzS/src/WikiText.jl:66
   [11] trainfile(::WikiText.WikiText103v1) at /home/pkgeval/.julia/packages/WikiText/jilzS/src/WikiText.jl:58
   [12] top-level scope at /home/pkgeval/.julia/packages/WikiText/jilzS/test/runtests.jl:6
   [13] top-level scope at /workspace/srcdir/usr/share/julia/stdlib/v1.3/Test/src/Test.jl:1107
   [14] top-level scope at /home/pkgeval/.julia/packages/WikiText/jilzS/test/runtests.jl:4
  
WikiText: Error During Test at /home/pkgeval/.julia/packages/WikiText/jilzS/test/runtests.jl:7
  Test threw exception
  Expression: isfile(validfile(corpus))
  DataDeps.DisabledError("DataDeps download disabled, as we appear to be in a CI environment, and the environment variable `DATADEPS_ALWAYS_ACCEPT` is not set.\nIf this is indeed running in a headless CI environment, then set the `DATADEPS_ALWAYS_ACCEPT` environment variable to `true` to bypass the accept download prompt (if you do wish to always accept.)\nIf not, then either unset the `CI` environment variable from true, or set `DATADEPS_ALWAYS_ACCEPT` to `false` for the normal prompt behaviour.")
  Stacktrace:
   [1] ensure_download_permitted at /home/pkgeval/.julia/packages/DataDeps/ai3FE/src/resolution_automatic.jl:26 [inlined]
   [2] #download#13(::String, ::Nothing, ::Bool, ::typeof(download), ::DataDeps.DataDep{String,String,typeof(DataDeps.fetch_default),WikiText.var"#3#13"{WikiText.var"#moveup#9"}}, ::String) at /home/pkgeval/.julia/packages/DataDeps/ai3FE/src/resolution_automatic.jl:70
   [3] download at /home/pkgeval/.julia/packages/DataDeps/ai3FE/src/resolution_automatic.jl:70 [inlined]
   [4] handle_missing at /home/pkgeval/.julia/packages/DataDeps/ai3FE/src/resolution_automatic.jl:10 [inlined]
   [5] _resolve(::DataDeps.DataDep{String,String,typeof(DataDeps.fetch_default),WikiText.var"#3#13"{WikiText.var"#moveup#9"}}, ::String) at /home/pkgeval/.julia/packages/DataDeps/ai3FE/src/resolution.jl:83
   [6] resolve(::DataDeps.DataDep{String,String,typeof(DataDeps.fetch_default),WikiText.var"#3#13"{WikiText.var"#moveup#9"}}, ::String, ::String) at /home/pkgeval/.julia/packages/DataDeps/ai3FE/src/resolution.jl:29
   [7] resolve(::String, ::String, ::String) at /home/pkgeval/.julia/packages/DataDeps/ai3FE/src/resolution.jl:54
   [8] resolve at /home/pkgeval/.julia/packages/DataDeps/ai3FE/src/resolution.jl:73 [inlined]
   [9] corpusdir at /home/pkgeval/.julia/packages/WikiText/jilzS/src/WikiText.jl:74 [inlined]
   [10] filename(::WikiText.WikiText103v1, ::Symbol) at /home/pkgeval/.julia/packages/WikiText/jilzS/src/WikiText.jl:66
   [11] validfile(::WikiText.WikiText103v1) at /home/pkgeval/.julia/packages/WikiText/jilzS/src/WikiText.jl:59
   [12] top-level scope at /home/pkgeval/.julia/packages/WikiText/jilzS/test/runtests.jl:7
   [13] top-level scope at /workspace/srcdir/usr/share/julia/stdlib/v1.3/Test/src/Test.jl:1107
   [14] top-level scope at /home/pkgeval/.julia/packages/WikiText/jilzS/test/runtests.jl:4
  
WikiText: Error During Test at /home/pkgeval/.julia/packages/WikiText/jilzS/test/runtests.jl:8
  Test threw exception
  Expression: isfile(testfile(corpus))
  DataDeps.DisabledError("DataDeps download disabled, as we appear to be in a CI environment, and the environment variable `DATADEPS_ALWAYS_ACCEPT` is not set.\nIf this is indeed running in a headless CI environment, then set the `DATADEPS_ALWAYS_ACCEPT` environment variable to `true` to bypass the accept download prompt (if you do wish to always accept.)\nIf not, then either unset the `CI` environment variable from true, or set `DATADEPS_ALWAYS_ACCEPT` to `false` for the normal prompt behaviour.")
  Stacktrace:
   [1] ensure_download_permitted at /home/pkgeval/.julia/packages/DataDeps/ai3FE/src/resolution_automatic.jl:26 [inlined]
   [2] #download#13(::String, ::Nothing, ::Bool, ::typeof(download), ::DataDeps.DataDep{String,String,typeof(DataDeps.fetch_default),WikiText.var"#3#13"{WikiText.var"#moveup#9"}}, ::String) at /home/pkgeval/.julia/packages/DataDeps/ai3FE/src/resolution_automatic.jl:70
   [3] download at /home/pkgeval/.julia/packages/DataDeps/ai3FE/src/resolution_automatic.jl:70 [inlined]
   [4] handle_missing at /home/pkgeval/.julia/packages/DataDeps/ai3FE/src/resolution_automatic.jl:10 [inlined]
   [5] _resolve(::DataDeps.DataDep{String,String,typeof(DataDeps.fetch_default),WikiText.var"#3#13"{WikiText.var"#moveup#9"}}, ::String) at /home/pkgeval/.julia/packages/DataDeps/ai3FE/src/resolution.jl:83
   [6] resolve(::DataDeps.DataDep{String,String,typeof(DataDeps.fetch_default),WikiText.var"#3#13"{WikiText.var"#moveup#9"}}, ::String, ::String) at /home/pkgeval/.julia/packages/DataDeps/ai3FE/src/resolution.jl:29
   [7] resolve(::String, ::String, ::String) at /home/pkgeval/.julia/packages/DataDeps/ai3FE/src/resolution.jl:54
   [8] resolve at /home/pkgeval/.julia/packages/DataDeps/ai3FE/src/resolution.jl:73 [inlined]
   [9] corpusdir at /home/pkgeval/.julia/packages/WikiText/jilzS/src/WikiText.jl:74 [inlined]
   [10] filename(::WikiText.WikiText103v1, ::Symbol) at /home/pkgeval/.julia/packages/WikiText/jilzS/src/WikiText.jl:66
   [11] testfile(::WikiText.WikiText103v1) at /home/pkgeval/.julia/packages/WikiText/jilzS/src/WikiText.jl:60
   [12] top-level scope at /home/pkgeval/.julia/packages/WikiText/jilzS/test/runtests.jl:8
   [13] top-level scope at /workspace/srcdir/usr/share/julia/stdlib/v1.3/Test/src/Test.jl:1107
   [14] top-level scope at /home/pkgeval/.julia/packages/WikiText/jilzS/test/runtests.jl:4
  
WikiText: Error During Test at /home/pkgeval/.julia/packages/WikiText/jilzS/test/runtests.jl:6
  Test threw exception
  Expression: isfile(trainfile(corpus))
  DataDeps.DisabledError("DataDeps download disabled, as we appear to be in a CI environment, and the environment variable `DATADEPS_ALWAYS_ACCEPT` is not set.\nIf this is indeed running in a headless CI environment, then set the `DATADEPS_ALWAYS_ACCEPT` environment variable to `true` to bypass the accept download prompt (if you do wish to always accept.)\nIf not, then either unset the `CI` environment variable from true, or set `DATADEPS_ALWAYS_ACCEPT` to `false` for the normal prompt behaviour.")
  Stacktrace:
   [1] ensure_download_permitted at /home/pkgeval/.julia/packages/DataDeps/ai3FE/src/resolution_automatic.jl:26 [inlined]
   [2] #download#13(::String, ::Nothing, ::Bool, ::typeof(download), ::DataDeps.DataDep{String,String,typeof(DataDeps.fetch_default),WikiText.var"#5#15"{WikiText.var"#moveup#9"}}, ::String) at /home/pkgeval/.julia/packages/DataDeps/ai3FE/src/resolution_automatic.jl:70
   [3] download at /home/pkgeval/.julia/packages/DataDeps/ai3FE/src/resolution_automatic.jl:70 [inlined]
   [4] handle_missing at /home/pkgeval/.julia/packages/DataDeps/ai3FE/src/resolution_automatic.jl:10 [inlined]
   [5] _resolve(::DataDeps.DataDep{String,String,typeof(DataDeps.fetch_default),WikiText.var"#5#15"{WikiText.var"#moveup#9"}}, ::String) at /home/pkgeval/.julia/packages/DataDeps/ai3FE/src/resolution.jl:83
   [6] resolve(::DataDeps.DataDep{String,String,typeof(DataDeps.fetch_default),WikiText.var"#5#15"{WikiText.var"#moveup#9"}}, ::String, ::String) at /home/pkgeval/.julia/packages/DataDeps/ai3FE/src/resolution.jl:29
   [7] resolve(::String, ::String, ::String) at /home/pkgeval/.julia/packages/DataDeps/ai3FE/src/resolution.jl:54
   [8] resolve at /home/pkgeval/.julia/packages/DataDeps/ai3FE/src/resolution.jl:73 [inlined]
   [9] corpusdir at /home/pkgeval/.julia/packages/WikiText/jilzS/src/WikiText.jl:75 [inlined]
   [10] filename(::WikiText.WikiText2RawV1, ::Symbol) at /home/pkgeval/.julia/packages/WikiText/jilzS/src/WikiText.jl:66
   [11] filename(::Type{WikiText.WikiText2RawV1}, ::Symbol) at /home/pkgeval/.julia/packages/WikiText/jilzS/src/WikiText.jl:68
   [12] trainfile(::Type) at /home/pkgeval/.julia/packages/WikiText/jilzS/src/WikiText.jl:58
   [13] top-level scope at /home/pkgeval/.julia/packages/WikiText/jilzS/test/runtests.jl:6
   [14] top-level scope at /workspace/srcdir/usr/share/julia/stdlib/v1.3/Test/src/Test.jl:1107
   [15] top-level scope at /home/pkgeval/.julia/packages/WikiText/jilzS/test/runtests.jl:4
  
WikiText: Error During Test at /home/pkgeval/.julia/packages/WikiText/jilzS/test/runtests.jl:7
  Test threw exception
  Expression: isfile(validfile(corpus))
  DataDeps.DisabledError("DataDeps download disabled, as we appear to be in a CI environment, and the environment variable `DATADEPS_ALWAYS_ACCEPT` is not set.\nIf this is indeed running in a headless CI environment, then set the `DATADEPS_ALWAYS_ACCEPT` environment variable to `true` to bypass the accept download prompt (if you do wish to always accept.)\nIf not, then either unset the `CI` environment variable from true, or set `DATADEPS_ALWAYS_ACCEPT` to `false` for the normal prompt behaviour.")
  Stacktrace:
   [1] ensure_download_permitted at /home/pkgeval/.julia/packages/DataDeps/ai3FE/src/resolution_automatic.jl:26 [inlined]
   [2] #download#13(::String, ::Nothing, ::Bool, ::typeof(download), ::DataDeps.DataDep{String,String,typeof(DataDeps.fetch_default),WikiText.var"#5#15"{WikiText.var"#moveup#9"}}, ::String) at /home/pkgeval/.julia/packages/DataDeps/ai3FE/src/resolution_automatic.jl:70
   [3] download at /home/pkgeval/.julia/packages/DataDeps/ai3FE/src/resolution_automatic.jl:70 [inlined]
   [4] handle_missing at /home/pkgeval/.julia/packages/DataDeps/ai3FE/src/resolution_automatic.jl:10 [inlined]
   [5] _resolve(::DataDeps.DataDep{String,String,typeof(DataDeps.fetch_default),WikiText.var"#5#15"{WikiText.var"#moveup#9"}}, ::String) at /home/pkgeval/.julia/packages/DataDeps/ai3FE/src/resolution.jl:83
   [6] resolve(::DataDeps.DataDep{String,String,typeof(DataDeps.fetch_default),WikiText.var"#5#15"{WikiText.var"#moveup#9"}}, ::String, ::String) at /home/pkgeval/.julia/packages/DataDeps/ai3FE/src/resolution.jl:29
   [7] resolve(::String, ::String, ::String) at /home/pkgeval/.julia/packages/DataDeps/ai3FE/src/resolution.jl:54
   [8] resolve at /home/pkgeval/.julia/packages/DataDeps/ai3FE/src/resolution.jl:73 [inlined]
   [9] corpusdir at /home/pkgeval/.julia/packages/WikiText/jilzS/src/WikiText.jl:75 [inlined]
   [10] filename(::WikiText.WikiText2RawV1, ::Symbol) at /home/pkgeval/.julia/packages/WikiText/jilzS/src/WikiText.jl:66
   [11] filename(::Type{WikiText.WikiText2RawV1}, ::Symbol) at /home/pkgeval/.julia/packages/WikiText/jilzS/src/WikiText.jl:68
   [12] validfile(::Type) at /home/pkgeval/.julia/packages/WikiText/jilzS/src/WikiText.jl:59
   [13] top-level scope at /home/pkgeval/.julia/packages/WikiText/jilzS/test/runtests.jl:7
   [14] top-level scope at /workspace/srcdir/usr/share/julia/stdlib/v1.3/Test/src/Test.jl:1107
   [15] top-level scope at /home/pkgeval/.julia/packages/WikiText/jilzS/test/runtests.jl:4
  
WikiText: Error During Test at /home/pkgeval/.julia/packages/WikiText/jilzS/test/runtests.jl:8
  Test threw exception
  Expression: isfile(testfile(corpus))
  DataDeps.DisabledError("DataDeps download disabled, as we appear to be in a CI environment, and the environment variable `DATADEPS_ALWAYS_ACCEPT` is not set.\nIf this is indeed running in a headless CI environment, then set the `DATADEPS_ALWAYS_ACCEPT` environment variable to `true` to bypass the accept download prompt (if you do wish to always accept.)\nIf not, then either unset the `CI` environment variable from true, or set `DATADEPS_ALWAYS_ACCEPT` to `false` for the normal prompt behaviour.")
  Stacktrace:
   [1] ensure_download_permitted at /home/pkgeval/.julia/packages/DataDeps/ai3FE/src/resolution_automatic.jl:26 [inlined]
   [2] #download#13(::String, ::Nothing, ::Bool, ::typeof(download), ::DataDeps.DataDep{String,String,typeof(DataDeps.fetch_default),WikiText.var"#5#15"{WikiText.var"#moveup#9"}}, ::String) at /home/pkgeval/.julia/packages/DataDeps/ai3FE/src/resolution_automatic.jl:70
   [3] download at /home/pkgeval/.julia/packages/DataDeps/ai3FE/src/resolution_automatic.jl:70 [inlined]
   [4] handle_missing at /home/pkgeval/.julia/packages/DataDeps/ai3FE/src/resolution_automatic.jl:10 [inlined]
   [5] _resolve(::DataDeps.DataDep{String,String,typeof(DataDeps.fetch_default),WikiText.var"#5#15"{WikiText.var"#moveup#9"}}, ::String) at /home/pkgeval/.julia/packages/DataDeps/ai3FE/src/resolution.jl:83
   [6] resolve(::DataDeps.DataDep{String,String,typeof(DataDeps.fetch_default),WikiText.var"#5#15"{WikiText.var"#moveup#9"}}, ::String, ::String) at /home/pkgeval/.julia/packages/DataDeps/ai3FE/src/resolution.jl:29
   [7] resolve(::String, ::String, ::String) at /home/pkgeval/.julia/packages/DataDeps/ai3FE/src/resolution.jl:54
   [8] resolve at /home/pkgeval/.julia/packages/DataDeps/ai3FE/src/resolution.jl:73 [inlined]
   [9] corpusdir at /home/pkgeval/.julia/packages/WikiText/jilzS/src/WikiText.jl:75 [inlined]
   [10] filename(::WikiText.WikiText2RawV1, ::Symbol) at /home/pkgeval/.julia/packages/WikiText/jilzS/src/WikiText.jl:66
   [11] filename(::Type{WikiText.WikiText2RawV1}, ::Symbol) at /home/pkgeval/.julia/packages/WikiText/jilzS/src/WikiText.jl:68
   [12] testfile(::Type) at /home/pkgeval/.julia/packages/WikiText/jilzS/src/WikiText.jl:60
   [13] top-level scope at /home/pkgeval/.julia/packages/WikiText/jilzS/test/runtests.jl:8
   [14] top-level scope at /workspace/srcdir/usr/share/julia/stdlib/v1.3/Test/src/Test.jl:1107
   [15] top-level scope at /home/pkgeval/.julia/packages/WikiText/jilzS/test/runtests.jl:4
  
WikiText: Error During Test at /home/pkgeval/.julia/packages/WikiText/jilzS/test/runtests.jl:6
  Test threw exception
  Expression: isfile(trainfile(corpus))
  DataDeps.DisabledError("DataDeps download disabled, as we appear to be in a CI environment, and the environment variable `DATADEPS_ALWAYS_ACCEPT` is not set.\nIf this is indeed running in a headless CI environment, then set the `DATADEPS_ALWAYS_ACCEPT` environment variable to `true` to bypass the accept download prompt (if you do wish to always accept.)\nIf not, then either unset the `CI` environment variable from true, or set `DATADEPS_ALWAYS_ACCEPT` to `false` for the normal prompt behaviour.")
  Stacktrace:
   [1] ensure_download_permitted at /home/pkgeval/.julia/packages/DataDeps/ai3FE/src/resolution_automatic.jl:26 [inlined]
   [2] #download#13(::String, ::Nothing, ::Bool, ::typeof(download), ::DataDeps.DataDep{String,String,typeof(DataDeps.fetch_default),WikiText.var"#5#15"{WikiText.var"#moveup#9"}}, ::String) at /home/pkgeval/.julia/packages/DataDeps/ai3FE/src/resolution_automatic.jl:70
   [3] download at /home/pkgeval/.julia/packages/DataDeps/ai3FE/src/resolution_automatic.jl:70 [inlined]
   [4] handle_missing at /home/pkgeval/.julia/packages/DataDeps/ai3FE/src/resolution_automatic.jl:10 [inlined]
   [5] _resolve(::DataDeps.DataDep{String,String,typeof(DataDeps.fetch_default),WikiText.var"#5#15"{WikiText.var"#moveup#9"}}, ::String) at /home/pkgeval/.julia/packages/DataDeps/ai3FE/src/resolution.jl:83
   [6] resolve(::DataDeps.DataDep{String,String,typeof(DataDeps.fetch_default),WikiText.var"#5#15"{WikiText.var"#moveup#9"}}, ::String, ::String) at /home/pkgeval/.julia/packages/DataDeps/ai3FE/src/resolution.jl:29
   [7] resolve(::String, ::String, ::String) at /home/pkgeval/.julia/packages/DataDeps/ai3FE/src/resolution.jl:54
   [8] resolve at /home/pkgeval/.julia/packages/DataDeps/ai3FE/src/resolution.jl:73 [inlined]
   [9] corpusdir at /home/pkgeval/.julia/packages/WikiText/jilzS/src/WikiText.jl:75 [inlined]
   [10] filename(::WikiText.WikiText2RawV1, ::Symbol) at /home/pkgeval/.julia/packages/WikiText/jilzS/src/WikiText.jl:66
   [11] trainfile(::WikiText.WikiText2RawV1) at /home/pkgeval/.julia/packages/WikiText/jilzS/src/WikiText.jl:58
   [12] top-level scope at /home/pkgeval/.julia/packages/WikiText/jilzS/test/runtests.jl:6
   [13] top-level scope at /workspace/srcdir/usr/share/julia/stdlib/v1.3/Test/src/Test.jl:1107
   [14] top-level scope at /home/pkgeval/.julia/packages/WikiText/jilzS/test/runtests.jl:4
  
WikiText: Error During Test at /home/pkgeval/.julia/packages/WikiText/jilzS/test/runtests.jl:7
  Test threw exception
  Expression: isfile(validfile(corpus))
  DataDeps.DisabledError("DataDeps download disabled, as we appear to be in a CI environment, and the environment variable `DATADEPS_ALWAYS_ACCEPT` is not set.\nIf this is indeed running in a headless CI environment, then set the `DATADEPS_ALWAYS_ACCEPT` environment variable to `true` to bypass the accept download prompt (if you do wish to always accept.)\nIf not, then either unset the `CI` environment variable from true, or set `DATADEPS_ALWAYS_ACCEPT` to `false` for the normal prompt behaviour.")
  Stacktrace:
   [1] ensure_download_permitted at /home/pkgeval/.julia/packages/DataDeps/ai3FE/src/resolution_automatic.jl:26 [inlined]
   [2] #download#13(::String, ::Nothing, ::Bool, ::typeof(download), ::DataDeps.DataDep{String,String,typeof(DataDeps.fetch_default),WikiText.var"#5#15"{WikiText.var"#moveup#9"}}, ::String) at /home/pkgeval/.julia/packages/DataDeps/ai3FE/src/resolution_automatic.jl:70
   [3] download at /home/pkgeval/.julia/packages/DataDeps/ai3FE/src/resolution_automatic.jl:70 [inlined]
   [4] handle_missing at /home/pkgeval/.julia/packages/DataDeps/ai3FE/src/resolution_automatic.jl:10 [inlined]
   [5] _resolve(::DataDeps.DataDep{String,String,typeof(DataDeps.fetch_default),WikiText.var"#5#15"{WikiText.var"#moveup#9"}}, ::String) at /home/pkgeval/.julia/packages/DataDeps/ai3FE/src/resolution.jl:83
   [6] resolve(::DataDeps.DataDep{String,String,typeof(DataDeps.fetch_default),WikiText.var"#5#15"{WikiText.var"#moveup#9"}}, ::String, ::String) at /home/pkgeval/.julia/packages/DataDeps/ai3FE/src/resolution.jl:29
   [7] resolve(::String, ::String, ::String) at /home/pkgeval/.julia/packages/DataDeps/ai3FE/src/resolution.jl:54
   [8] resolve at /home/pkgeval/.julia/packages/DataDeps/ai3FE/src/resolution.jl:73 [inlined]
   [9] corpusdir at /home/pkgeval/.julia/packages/WikiText/jilzS/src/WikiText.jl:75 [inlined]
   [10] filename(::WikiText.WikiText2RawV1, ::Symbol) at /home/pkgeval/.julia/packages/WikiText/jilzS/src/WikiText.jl:66
   [11] validfile(::WikiText.WikiText2RawV1) at /home/pkgeval/.julia/packages/WikiText/jilzS/src/WikiText.jl:59
   [12] top-level scope at /home/pkgeval/.julia/packages/WikiText/jilzS/test/runtests.jl:7
   [13] top-level scope at /workspace/srcdir/usr/share/julia/stdlib/v1.3/Test/src/Test.jl:1107
   [14] top-level scope at /home/pkgeval/.julia/packages/WikiText/jilzS/test/runtests.jl:4
  
WikiText: Error During Test at /home/pkgeval/.julia/packages/WikiText/jilzS/test/runtests.jl:8
  Test threw exception
  Expression: isfile(testfile(corpus))
  DataDeps.DisabledError("DataDeps download disabled, as we appear to be in a CI environment, and the environment variable `DATADEPS_ALWAYS_ACCEPT` is not set.\nIf this is indeed running in a headless CI environment, then set the `DATADEPS_ALWAYS_ACCEPT` environment variable to `true` to bypass the accept download prompt (if you do wish to always accept.)\nIf not, then either unset the `CI` environment variable from true, or set `DATADEPS_ALWAYS_ACCEPT` to `false` for the normal prompt behaviour.")
  Stacktrace:
   [1] ensure_download_permitted at /home/pkgeval/.julia/packages/DataDeps/ai3FE/src/resolution_automatic.jl:26 [inlined]
   [2] #download#13(::String, ::Nothing, ::Bool, ::typeof(download), ::DataDeps.DataDep{String,String,typeof(DataDeps.fetch_default),WikiText.var"#5#15"{WikiText.var"#moveup#9"}}, ::String) at /home/pkgeval/.julia/packages/DataDeps/ai3FE/src/resolution_automatic.jl:70
   [3] download at /home/pkgeval/.julia/packages/DataDeps/ai3FE/src/resolution_automatic.jl:70 [inlined]
   [4] handle_missing at /home/pkgeval/.julia/packages/DataDeps/ai3FE/src/resolution_automatic.jl:10 [inlined]
   [5] _resolve(::DataDeps.DataDep{String,String,typeof(DataDeps.fetch_default),WikiText.var"#5#15"{WikiText.var"#moveup#9"}}, ::String) at /home/pkgeval/.julia/packages/DataDeps/ai3FE/src/resolution.jl:83
   [6] resolve(::DataDeps.DataDep{String,String,typeof(DataDeps.fetch_default),WikiText.var"#5#15"{WikiText.var"#moveup#9"}}, ::String, ::String) at /home/pkgeval/.julia/packages/DataDeps/ai3FE/src/resolution.jl:29
   [7] resolve(::String, ::String, ::String) at /home/pkgeval/.julia/packages/DataDeps/ai3FE/src/resolution.jl:54
   [8] resolve at /home/pkgeval/.julia/packages/DataDeps/ai3FE/src/resolution.jl:73 [inlined]
   [9] corpusdir at /home/pkgeval/.julia/packages/WikiText/jilzS/src/WikiText.jl:75 [inlined]
   [10] filename(::WikiText.WikiText2RawV1, ::Symbol) at /home/pkgeval/.julia/packages/WikiText/jilzS/src/WikiText.jl:66
   [11] testfile(::WikiText.WikiText2RawV1) at /home/pkgeval/.julia/packages/WikiText/jilzS/src/WikiText.jl:60
   [12] top-level scope at /home/pkgeval/.julia/packages/WikiText/jilzS/test/runtests.jl:8
   [13] top-level scope at /workspace/srcdir/usr/share/julia/stdlib/v1.3/Test/src/Test.jl:1107
   [14] top-level scope at /home/pkgeval/.julia/packages/WikiText/jilzS/test/runtests.jl:4
  
WikiText: Error During Test at /home/pkgeval/.julia/packages/WikiText/jilzS/test/runtests.jl:6
  Test threw exception
  Expression: isfile(trainfile(corpus))
  DataDeps.DisabledError("DataDeps download disabled, as we appear to be in a CI environment, and the environment variable `DATADEPS_ALWAYS_ACCEPT` is not set.\nIf this is indeed running in a headless CI environment, then set the `DATADEPS_ALWAYS_ACCEPT` environment variable to `true` to bypass the accept download prompt (if you do wish to always accept.)\nIf not, then either unset the `CI` environment variable from true, or set `DATADEPS_ALWAYS_ACCEPT` to `false` for the normal prompt behaviour.")
  Stacktrace:
   [1] ensure_download_permitted at /home/pkgeval/.julia/packages/DataDeps/ai3FE/src/resolution_automatic.jl:26 [inlined]
   [2] #download#13(::String, ::Nothing, ::Bool, ::typeof(download), ::DataDeps.DataDep{String,String,typeof(DataDeps.fetch_default),WikiText.var"#7#17"{WikiText.var"#moveup#9"}}, ::String) at /home/pkgeval/.julia/packages/DataDeps/ai3FE/src/resolution_automatic.jl:70
   [3] download at /home/pkgeval/.julia/packages/DataDeps/ai3FE/src/resolution_automatic.jl:70 [inlined]
   [4] handle_missing at /home/pkgeval/.julia/packages/DataDeps/ai3FE/src/resolution_automatic.jl:10 [inlined]
   [5] _resolve(::DataDeps.DataDep{String,String,typeof(DataDeps.fetch_default),WikiText.var"#7#17"{WikiText.var"#moveup#9"}}, ::String) at /home/pkgeval/.julia/packages/DataDeps/ai3FE/src/resolution.jl:83
   [6] resolve(::DataDeps.DataDep{String,String,typeof(DataDeps.fetch_default),WikiText.var"#7#17"{WikiText.var"#moveup#9"}}, ::String, ::String) at /home/pkgeval/.julia/packages/DataDeps/ai3FE/src/resolution.jl:29
   [7] resolve(::String, ::String, ::String) at /home/pkgeval/.julia/packages/DataDeps/ai3FE/src/resolution.jl:54
   [8] resolve at /home/pkgeval/.julia/packages/DataDeps/ai3FE/src/resolution.jl:73 [inlined]
   [9] corpusdir at /home/pkgeval/.julia/packages/WikiText/jilzS/src/WikiText.jl:76 [inlined]
   [10] filename(::WikiText.WikiText103RawV1, ::Symbol) at /home/pkgeval/.julia/packages/WikiText/jilzS/src/WikiText.jl:66
   [11] filename(::Type{WikiText.WikiText103RawV1}, ::Symbol) at /home/pkgeval/.julia/packages/WikiText/jilzS/src/WikiText.jl:68
   [12] trainfile(::Type) at /home/pkgeval/.julia/packages/WikiText/jilzS/src/WikiText.jl:58
   [13] top-level scope at /home/pkgeval/.julia/packages/WikiText/jilzS/test/runtests.jl:6
   [14] top-level scope at /workspace/srcdir/usr/share/julia/stdlib/v1.3/Test/src/Test.jl:1107
   [15] top-level scope at /home/pkgeval/.julia/packages/WikiText/jilzS/test/runtests.jl:4
  
WikiText: Error During Test at /home/pkgeval/.julia/packages/WikiText/jilzS/test/runtests.jl:7
  Test threw exception
  Expression: isfile(validfile(corpus))
  DataDeps.DisabledError("DataDeps download disabled, as we appear to be in a CI environment, and the environment variable `DATADEPS_ALWAYS_ACCEPT` is not set.\nIf this is indeed running in a headless CI environment, then set the `DATADEPS_ALWAYS_ACCEPT` environment variable to `true` to bypass the accept download prompt (if you do wish to always accept.)\nIf not, then either unset the `CI` environment variable from true, or set `DATADEPS_ALWAYS_ACCEPT` to `false` for the normal prompt behaviour.")
  Stacktrace:
   [1] ensure_download_permitted at /home/pkgeval/.julia/packages/DataDeps/ai3FE/src/resolution_automatic.jl:26 [inlined]
   [2] #download#13(::String, ::Nothing, ::Bool, ::typeof(download), ::DataDeps.DataDep{String,String,typeof(DataDeps.fetch_default),WikiText.var"#7#17"{WikiText.var"#moveup#9"}}, ::String) at /home/pkgeval/.julia/packages/DataDeps/ai3FE/src/resolution_automatic.jl:70
   [3] download at /home/pkgeval/.julia/packages/DataDeps/ai3FE/src/resolution_automatic.jl:70 [inlined]
   [4] handle_missing at /home/pkgeval/.julia/packages/DataDeps/ai3FE/src/resolution_automatic.jl:10 [inlined]
   [5] _resolve(::DataDeps.DataDep{String,String,typeof(DataDeps.fetch_default),WikiText.var"#7#17"{WikiText.var"#moveup#9"}}, ::String) at /home/pkgeval/.julia/packages/DataDeps/ai3FE/src/resolution.jl:83
   [6] resolve(::DataDeps.DataDep{String,String,typeof(DataDeps.fetch_default),WikiText.var"#7#17"{WikiText.var"#moveup#9"}}, ::String, ::String) at /home/pkgeval/.julia/packages/DataDeps/ai3FE/src/resolution.jl:29
   [7] resolve(::String, ::String, ::String) at /home/pkgeval/.julia/packages/DataDeps/ai3FE/src/resolution.jl:54
   [8] resolve at /home/pkgeval/.julia/packages/DataDeps/ai3FE/src/resolution.jl:73 [inlined]
   [9] corpusdir at /home/pkgeval/.julia/packages/WikiText/jilzS/src/WikiText.jl:76 [inlined]
   [10] filename(::WikiText.WikiText103RawV1, ::Symbol) at /home/pkgeval/.julia/packages/WikiText/jilzS/src/WikiText.jl:66
   [11] filename(::Type{WikiText.WikiText103RawV1}, ::Symbol) at /home/pkgeval/.julia/packages/WikiText/jilzS/src/WikiText.jl:68
   [12] validfile(::Type) at /home/pkgeval/.julia/packages/WikiText/jilzS/src/WikiText.jl:59
   [13] top-level scope at /home/pkgeval/.julia/packages/WikiText/jilzS/test/runtests.jl:7
   [14] top-level scope at /workspace/srcdir/usr/share/julia/stdlib/v1.3/Test/src/Test.jl:1107
   [15] top-level scope at /home/pkgeval/.julia/packages/WikiText/jilzS/test/runtests.jl:4
  
WikiText: Error During Test at /home/pkgeval/.julia/packages/WikiText/jilzS/test/runtests.jl:8
  Test threw exception
  Expression: isfile(testfile(corpus))
  DataDeps.DisabledError("DataDeps download disabled, as we appear to be in a CI environment, and the environment variable `DATADEPS_ALWAYS_ACCEPT` is not set.\nIf this is indeed running in a headless CI environment, then set the `DATADEPS_ALWAYS_ACCEPT` environment variable to `true` to bypass the accept download prompt (if you do wish to always accept.)\nIf not, then either unset the `CI` environment variable from true, or set `DATADEPS_ALWAYS_ACCEPT` to `false` for the normal prompt behaviour.")
  Stacktrace:
   [1] ensure_download_permitted at /home/pkgeval/.julia/packages/DataDeps/ai3FE/src/resolution_automatic.jl:26 [inlined]
   [2] #download#13(::String, ::Nothing, ::Bool, ::typeof(download), ::DataDeps.DataDep{String,String,typeof(DataDeps.fetch_default),WikiText.var"#7#17"{WikiText.var"#moveup#9"}}, ::String) at /home/pkgeval/.julia/packages/DataDeps/ai3FE/src/resolution_automatic.jl:70
   [3] download at /home/pkgeval/.julia/packages/DataDeps/ai3FE/src/resolution_automatic.jl:70 [inlined]
   [4] handle_missing at /home/pkgeval/.julia/packages/DataDeps/ai3FE/src/resolution_automatic.jl:10 [inlined]
   [5] _resolve(::DataDeps.DataDep{String,String,typeof(DataDeps.fetch_default),WikiText.var"#7#17"{WikiText.var"#moveup#9"}}, ::String) at /home/pkgeval/.julia/packages/DataDeps/ai3FE/src/resolution.jl:83
   [6] resolve(::DataDeps.DataDep{String,String,typeof(DataDeps.fetch_default),WikiText.var"#7#17"{WikiText.var"#moveup#9"}}, ::String, ::String) at /home/pkgeval/.julia/packages/DataDeps/ai3FE/src/resolution.jl:29
   [7] resolve(::String, ::String, ::String) at /home/pkgeval/.julia/packages/DataDeps/ai3FE/src/resolution.jl:54
   [8] resolve at /home/pkgeval/.julia/packages/DataDeps/ai3FE/src/resolution.jl:73 [inlined]
   [9] corpusdir at /home/pkgeval/.julia/packages/WikiText/jilzS/src/WikiText.jl:76 [inlined]
   [10] filename(::WikiText.WikiText103RawV1, ::Symbol) at /home/pkgeval/.julia/packages/WikiText/jilzS/src/WikiText.jl:66
   [11] filename(::Type{WikiText.WikiText103RawV1}, ::Symbol) at /home/pkgeval/.julia/packages/WikiText/jilzS/src/WikiText.jl:68
   [12] testfile(::Type) at /home/pkgeval/.julia/packages/WikiText/jilzS/src/WikiText.jl:60
   [13] top-level scope at /home/pkgeval/.julia/packages/WikiText/jilzS/test/runtests.jl:8
   [14] top-level scope at /workspace/srcdir/usr/share/julia/stdlib/v1.3/Test/src/Test.jl:1107
   [15] top-level scope at /home/pkgeval/.julia/packages/WikiText/jilzS/test/runtests.jl:4
  
WikiText: Error During Test at /home/pkgeval/.julia/packages/WikiText/jilzS/test/runtests.jl:6
  Test threw exception
  Expression: isfile(trainfile(corpus))
  DataDeps.DisabledError("DataDeps download disabled, as we appear to be in a CI environment, and the environment variable `DATADEPS_ALWAYS_ACCEPT` is not set.\nIf this is indeed running in a headless CI environment, then set the `DATADEPS_ALWAYS_ACCEPT` environment variable to `true` to bypass the accept download prompt (if you do wish to always accept.)\nIf not, then either unset the `CI` environment variable from true, or set `DATADEPS_ALWAYS_ACCEPT` to `false` for the normal prompt behaviour.")
  Stacktrace:
   [1] ensure_download_permitted at /home/pkgeval/.julia/packages/DataDeps/ai3FE/src/resolution_automatic.jl:26 [inlined]
   [2] #download#13(::String, ::Nothing, ::Bool, ::typeof(download), ::DataDeps.DataDep{String,String,typeof(DataDeps.fetch_default),WikiText.var"#7#17"{WikiText.var"#moveup#9"}}, ::String) at /home/pkgeval/.julia/packages/DataDeps/ai3FE/src/resolution_automatic.jl:70
   [3] download at /home/pkgeval/.julia/packages/DataDeps/ai3FE/src/resolution_automatic.jl:70 [inlined]
   [4] handle_missing at /home/pkgeval/.julia/packages/DataDeps/ai3FE/src/resolution_automatic.jl:10 [inlined]
   [5] _resolve(::DataDeps.DataDep{String,String,typeof(DataDeps.fetch_default),WikiText.var"#7#17"{WikiText.var"#moveup#9"}}, ::String) at /home/pkgeval/.julia/packages/DataDeps/ai3FE/src/resolution.jl:83
   [6] resolve(::DataDeps.DataDep{String,String,typeof(DataDeps.fetch_default),WikiText.var"#7#17"{WikiText.var"#moveup#9"}}, ::String, ::String) at /home/pkgeval/.julia/packages/DataDeps/ai3FE/src/resolution.jl:29
   [7] resolve(::String, ::String, ::String) at /home/pkgeval/.julia/packages/DataDeps/ai3FE/src/resolution.jl:54
   [8] resolve at /home/pkgeval/.julia/packages/DataDeps/ai3FE/src/resolution.jl:73 [inlined]
   [9] corpusdir at /home/pkgeval/.julia/packages/WikiText/jilzS/src/WikiText.jl:76 [inlined]
   [10] filename(::WikiText.WikiText103RawV1, ::Symbol) at /home/pkgeval/.julia/packages/WikiText/jilzS/src/WikiText.jl:66
   [11] trainfile(::WikiText.WikiText103RawV1) at /home/pkgeval/.julia/packages/WikiText/jilzS/src/WikiText.jl:58
   [12] top-level scope at /home/pkgeval/.julia/packages/WikiText/jilzS/test/runtests.jl:6
   [13] top-level scope at /workspace/srcdir/usr/share/julia/stdlib/v1.3/Test/src/Test.jl:1107
   [14] top-level scope at /home/pkgeval/.julia/packages/WikiText/jilzS/test/runtests.jl:4
  
WikiText: Error During Test at /home/pkgeval/.julia/packages/WikiText/jilzS/test/runtests.jl:7
  Test threw exception
  Expression: isfile(validfile(corpus))
  DataDeps.DisabledError("DataDeps download disabled, as we appear to be in a CI environment, and the environment variable `DATADEPS_ALWAYS_ACCEPT` is not set.\nIf this is indeed running in a headless CI environment, then set the `DATADEPS_ALWAYS_ACCEPT` environment variable to `true` to bypass the accept download prompt (if you do wish to always accept.)\nIf not, then either unset the `CI` environment variable from true, or set `DATADEPS_ALWAYS_ACCEPT` to `false` for the normal prompt behaviour.")
  Stacktrace:
   [1] ensure_download_permitted at /home/pkgeval/.julia/packages/DataDeps/ai3FE/src/resolution_automatic.jl:26 [inlined]
   [2] #download#13(::String, ::Nothing, ::Bool, ::typeof(download), ::DataDeps.DataDep{String,String,typeof(DataDeps.fetch_default),WikiText.var"#7#17"{WikiText.var"#moveup#9"}}, ::String) at /home/pkgeval/.julia/packages/DataDeps/ai3FE/src/resolution_automatic.jl:70
   [3] download at /home/pkgeval/.julia/packages/DataDeps/ai3FE/src/resolution_automatic.jl:70 [inlined]
   [4] handle_missing at /home/pkgeval/.julia/packages/DataDeps/ai3FE/src/resolution_automatic.jl:10 [inlined]
   [5] _resolve(::DataDeps.DataDep{String,String,typeof(DataDeps.fetch_default),WikiText.var"#7#17"{WikiText.var"#moveup#9"}}, ::String) at /home/pkgeval/.julia/packages/DataDeps/ai3FE/src/resolution.jl:83
   [6] resolve(::DataDeps.DataDep{String,String,typeof(DataDeps.fetch_default),WikiText.var"#7#17"{WikiText.var"#moveup#9"}}, ::String, ::String) at /home/pkgeval/.julia/packages/DataDeps/ai3FE/src/resolution.jl:29
   [7] resolve(::String, ::String, ::String) at /home/pkgeval/.julia/packages/DataDeps/ai3FE/src/resolution.jl:54
   [8] resolve at /home/pkgeval/.julia/packages/DataDeps/ai3FE/src/resolution.jl:73 [inlined]
   [9] corpusdir at /home/pkgeval/.julia/packages/WikiText/jilzS/src/WikiText.jl:76 [inlined]
   [10] filename(::WikiText.WikiText103RawV1, ::Symbol) at /home/pkgeval/.julia/packages/WikiText/jilzS/src/WikiText.jl:66
   [11] validfile(::WikiText.WikiText103RawV1) at /home/pkgeval/.julia/packages/WikiText/jilzS/src/WikiText.jl:59
   [12] top-level scope at /home/pkgeval/.julia/packages/WikiText/jilzS/test/runtests.jl:7
   [13] top-level scope at /workspace/srcdir/usr/share/julia/stdlib/v1.3/Test/src/Test.jl:1107
   [14] top-level scope at /home/pkgeval/.julia/packages/WikiText/jilzS/test/runtests.jl:4
  
WikiText: Error During Test at /home/pkgeval/.julia/packages/WikiText/jilzS/test/runtests.jl:8
  Test threw exception
  Expression: isfile(testfile(corpus))
  DataDeps.DisabledError("DataDeps download disabled, as we appear to be in a CI environment, and the environment variable `DATADEPS_ALWAYS_ACCEPT` is not set.\nIf this is indeed running in a headless CI environment, then set the `DATADEPS_ALWAYS_ACCEPT` environment variable to `true` to bypass the accept download prompt (if you do wish to always accept.)\nIf not, then either unset the `CI` environment variable from true, or set `DATADEPS_ALWAYS_ACCEPT` to `false` for the normal prompt behaviour.")
  Stacktrace:
   [1] ensure_download_permitted at /home/pkgeval/.julia/packages/DataDeps/ai3FE/src/resolution_automatic.jl:26 [inlined]
   [2] #download#13(::String, ::Nothing, ::Bool, ::typeof(download), ::DataDeps.DataDep{String,String,typeof(DataDeps.fetch_default),WikiText.var"#7#17"{WikiText.var"#moveup#9"}}, ::String) at /home/pkgeval/.julia/packages/DataDeps/ai3FE/src/resolution_automatic.jl:70
   [3] download at /home/pkgeval/.julia/packages/DataDeps/ai3FE/src/resolution_automatic.jl:70 [inlined]
   [4] handle_missing at /home/pkgeval/.julia/packages/DataDeps/ai3FE/src/resolution_automatic.jl:10 [inlined]
   [5] _resolve(::DataDeps.DataDep{String,String,typeof(DataDeps.fetch_default),WikiText.var"#7#17"{WikiText.var"#moveup#9"}}, ::String) at /home/pkgeval/.julia/packages/DataDeps/ai3FE/src/resolution.jl:83
   [6] resolve(::DataDeps.DataDep{String,String,typeof(DataDeps.fetch_default),WikiText.var"#7#17"{WikiText.var"#moveup#9"}}, ::String, ::String) at /home/pkgeval/.julia/packages/DataDeps/ai3FE/src/resolution.jl:29
   [7] resolve(::String, ::String, ::String) at /home/pkgeval/.julia/packages/DataDeps/ai3FE/src/resolution.jl:54
   [8] resolve at /home/pkgeval/.julia/packages/DataDeps/ai3FE/src/resolution.jl:73 [inlined]
   [9] corpusdir at /home/pkgeval/.julia/packages/WikiText/jilzS/src/WikiText.jl:76 [inlined]
   [10] filename(::WikiText.WikiText103RawV1, ::Symbol) at /home/pkgeval/.julia/packages/WikiText/jilzS/src/WikiText.jl:66
   [11] testfile(::WikiText.WikiText103RawV1) at /home/pkgeval/.julia/packages/WikiText/jilzS/src/WikiText.jl:60
   [12] top-level scope at /home/pkgeval/.julia/packages/WikiText/jilzS/test/runtests.jl:8
   [13] top-level scope at /workspace/srcdir/usr/share/julia/stdlib/v1.3/Test/src/Test.jl:1107
   [14] top-level scope at /home/pkgeval/.julia/packages/WikiText/jilzS/test/runtests.jl:4
  
Test Summary: | Error  Total
WikiText      |    24     24
ERROR: LoadError: Some tests did not pass: 0 passed, 0 failed, 24 errored, 0 broken.
in expression starting at /home/pkgeval/.julia/packages/WikiText/jilzS/test/runtests.jl:3
ERROR: Package WikiText errored during testing
Stacktrace:
 [1] pkgerror(::String, ::Vararg{String,N} where N) at /workspace/srcdir/usr/share/julia/stdlib/v1.3/Pkg/src/Types.jl:113
 [2] #test#131(::Bool, ::Nothing, ::Cmd, ::Cmd, ::typeof(Pkg.Operations.test), ::Pkg.Types.Context, ::Array{Pkg.Types.PackageSpec,1}) at /workspace/srcdir/usr/share/julia/stdlib/v1.3/Pkg/src/Operations.jl:1372
 [3] #test at ./none:0 [inlined]
 [4] #test#62(::Bool, ::Nothing, ::Cmd, ::Cmd, ::Base.Iterators.Pairs{Union{},Union{},Tuple{},NamedTuple{(),Tuple{}}}, ::typeof(Pkg.API.test), ::Pkg.Types.Context, ::Array{Pkg.Types.PackageSpec,1}) at /workspace/srcdir/usr/share/julia/stdlib/v1.3/Pkg/src/API.jl:253
 [5] test(::Pkg.Types.Context, ::Array{Pkg.Types.PackageSpec,1}) at /workspace/srcdir/usr/share/julia/stdlib/v1.3/Pkg/src/API.jl:239
 [6] #test#61 at /workspace/srcdir/usr/share/julia/stdlib/v1.3/Pkg/src/API.jl:233 [inlined]
 [7] test at /workspace/srcdir/usr/share/julia/stdlib/v1.3/Pkg/src/API.jl:233 [inlined]
 [8] #test#60 at /workspace/srcdir/usr/share/julia/stdlib/v1.3/Pkg/src/API.jl:232 [inlined]
 [9] test at /workspace/srcdir/usr/share/julia/stdlib/v1.3/Pkg/src/API.jl:232 [inlined]
 [10] #test#59(::Base.Iterators.Pairs{Union{},Union{},Tuple{},NamedTuple{(),Tuple{}}}, ::typeof(Pkg.API.test), ::String) at /workspace/srcdir/usr/share/julia/stdlib/v1.3/Pkg/src/API.jl:231
 [11] test(::String) at /workspace/srcdir/usr/share/julia/stdlib/v1.3/Pkg/src/API.jl:231
 [12] top-level scope at none:13
