Current time is 2020-10-25T21:22:14.18
Julia Version 1.5.3-pre.0
Commit 5905edebb1 (2020-09-24 05:09 UTC)
Platform Info:
  OS: Linux (x86_64-pc-linux-gnu)
  CPU: AMD EPYC 7502 32-Core Processor
  WORD_SIZE: 64
  LIBM: libopenlibm
  LLVM: libLLVM-9.0.1 (ORCJIT, znver2)
Environment:
  JULIA_DEPOT_PATH = ::/usr/local/share/julia
  JULIA_NUM_THREADS = 2
  JULIA_MAX_NUM_PRECOMPILE_FILES = 9223372036854775807
  JULIA_PKG_SERVER = 

Starting installation at 2020-10-25T21:22:17.335
  Resolving package versions...
  Installed XML2_jll ─────────── v2.9.10+3
  Installed Libiconv_jll ─────── v1.16.0+7
  Installed Zlib_jll ─────────── v1.2.11+18
  Installed LightXML ─────────── v0.9.0
  Installed MinFEM ───────────── v1.0.0
  Installed TranscodingStreams ─ v0.9.5
  Installed WriteVTK ─────────── v1.7.4
  Installed JLLWrappers ──────── v1.1.3
  Installed Artifacts ────────── v1.3.0
  Installed CodecZlib ────────── v0.7.0
  Installed FillArrays ───────── v0.10.0
Updating `~/.julia/environments/v1.5/Project.toml`
  [bd0dc85c] + MinFEM v1.0.0
Updating `~/.julia/environments/v1.5/Manifest.toml`
  [56f22d72] + Artifacts v1.3.0
  [944b1d66] + CodecZlib v0.7.0
  [1a297f60] + FillArrays v0.10.0
  [692b3bcd] + JLLWrappers v1.1.3
  [94ce4f54] + Libiconv_jll v1.16.0+7
  [9c8b4983] + LightXML v0.9.0
  [bd0dc85c] + MinFEM v1.0.0
  [3bb67fe8] + TranscodingStreams v0.9.5
  [64499a7a] + WriteVTK v1.7.4
  [02c8fc9c] + XML2_jll v2.9.10+3
  [83775a58] + Zlib_jll v1.2.11+18
  [2a0f44e3] + Base64
  [ade2ca70] + Dates
  [8ba89e20] + Distributed
  [b77e0a4c] + InteractiveUtils
  [76f85450] + LibGit2
  [8f399da3] + Libdl
  [37e2e46d] + LinearAlgebra
  [56ddb016] + Logging
  [d6f4376e] + Markdown
  [44cfe95a] + Pkg
  [de0858da] + Printf
  [3fa0cd96] + REPL
  [9a3f8284] + Random
  [ea8e919c] + SHA
  [9e88b42a] + Serialization
  [6462fe0b] + Sockets
  [2f01184e] + SparseArrays
  [8dfed614] + Test
  [cf7118a7] + UUIDs
  [4ec0a83e] + Unicode
Starting tests at 2020-10-25T21:22:21.842
    Testing MinFEM
Status `/tmp/jl_slpTrY/Project.toml`
  [bd0dc85c] MinFEM v1.0.0
  [37e2e46d] LinearAlgebra
  [8dfed614] Test
Status `/tmp/jl_slpTrY/Manifest.toml`
  [56f22d72] Artifacts v1.3.0
  [944b1d66] CodecZlib v0.7.0
  [1a297f60] FillArrays v0.10.0
  [692b3bcd] JLLWrappers v1.1.3
  [94ce4f54] Libiconv_jll v1.16.0+7
  [9c8b4983] LightXML v0.9.0
  [bd0dc85c] MinFEM v1.0.0
  [3bb67fe8] TranscodingStreams v0.9.5
  [64499a7a] WriteVTK v1.7.4
  [02c8fc9c] XML2_jll v2.9.10+3
  [83775a58] Zlib_jll v1.2.11+18
  [2a0f44e3] Base64
  [ade2ca70] Dates
  [8ba89e20] Distributed
  [b77e0a4c] InteractiveUtils
  [76f85450] LibGit2
  [8f399da3] Libdl
  [37e2e46d] LinearAlgebra
  [56ddb016] Logging
  [d6f4376e] Markdown
  [44cfe95a] Pkg
  [de0858da] Printf
  [3fa0cd96] REPL
  [9a3f8284] Random
  [ea8e919c] SHA
  [9e88b42a] Serialization
  [6462fe0b] Sockets
  [2f01184e] SparseArrays
  [8dfed614] Test
  [cf7118a7] UUIDs
  [4ec0a83e] Unicode
    Testing MinFEM tests passed 
Finished at 2020-10-25T21:23:03.263
