Julia Version 1.3.1-pre.19
Commit 602e3006ec (2019-12-17 12:50 UTC)
Platform Info:
  OS: Linux (x86_64-linux-gnu)
  CPU: Intel(R) Xeon(R) Silver 4114 CPU @ 2.20GHz
  WORD_SIZE: 64
  LIBM: libopenlibm
  LLVM: libLLVM-6.0.1 (ORCJIT, skylake)
Environment:
  JULIA_DEPOT_PATH = ::/usr/local/share/julia

 Resolving package versions...
 Installed Reexport ─────────── v0.2.0
 Installed OpenSpecFun_jll ──── v0.5.3+1
 Installed SortingAlgorithms ── v0.3.1
 Installed DataAPI ──────────── v1.1.0
 Installed Missings ─────────── v0.4.3
 Installed OrderedCollections ─ v1.1.0
 Installed SpecialFunctions ─── v0.9.0
 Installed DataArrays ───────── v0.7.0
 Installed StatsBase ────────── v0.32.0
 Installed DataStructures ───── v0.17.6
  Updating `~/.julia/environments/v1.3/Project.toml`
  [0fe7c1db] + DataArrays v0.7.0
  Updating `~/.julia/environments/v1.3/Manifest.toml`
  [9a962f9c] + DataAPI v1.1.0
  [0fe7c1db] + DataArrays v0.7.0
  [864edb3b] + DataStructures v0.17.6
  [e1d29d7a] + Missings v0.4.3
  [efe28fd5] + OpenSpecFun_jll v0.5.3+1
  [bac558e1] + OrderedCollections v1.1.0
  [189a3867] + Reexport v0.2.0
  [a2af1166] + SortingAlgorithms v0.3.1
  [276daf66] + SpecialFunctions v0.9.0
  [2913bbd2] + StatsBase v0.32.0
  [2a0f44e3] + Base64 
  [ade2ca70] + Dates 
  [8ba89e20] + Distributed 
  [b77e0a4c] + InteractiveUtils 
  [76f85450] + LibGit2 
  [8f399da3] + Libdl 
  [37e2e46d] + LinearAlgebra 
  [56ddb016] + Logging 
  [d6f4376e] + Markdown 
  [44cfe95a] + Pkg 
  [de0858da] + Printf 
  [3fa0cd96] + REPL 
  [9a3f8284] + Random 
  [ea8e919c] + SHA 
  [9e88b42a] + Serialization 
  [6462fe0b] + Sockets 
  [2f01184e] + SparseArrays 
  [10745b16] + Statistics 
  [8dfed614] + Test 
  [cf7118a7] + UUIDs 
  [4ec0a83e] + Unicode 
   Testing DataArrays
    Status `/tmp/jl_zvQ230/Manifest.toml`
  [9a962f9c] DataAPI v1.1.0
  [0fe7c1db] DataArrays v0.7.0
  [864edb3b] DataStructures v0.17.6
  [e1d29d7a] Missings v0.4.3
  [efe28fd5] OpenSpecFun_jll v0.5.3+1
  [bac558e1] OrderedCollections v1.1.0
  [189a3867] Reexport v0.2.0
  [a2af1166] SortingAlgorithms v0.3.1
  [276daf66] SpecialFunctions v0.9.0
  [2913bbd2] StatsBase v0.32.0
  [2a0f44e3] Base64  [`@stdlib/Base64`]
  [ade2ca70] Dates  [`@stdlib/Dates`]
  [8ba89e20] Distributed  [`@stdlib/Distributed`]
  [b77e0a4c] InteractiveUtils  [`@stdlib/InteractiveUtils`]
  [76f85450] LibGit2  [`@stdlib/LibGit2`]
  [8f399da3] Libdl  [`@stdlib/Libdl`]
  [37e2e46d] LinearAlgebra  [`@stdlib/LinearAlgebra`]
  [56ddb016] Logging  [`@stdlib/Logging`]
  [d6f4376e] Markdown  [`@stdlib/Markdown`]
  [44cfe95a] Pkg  [`@stdlib/Pkg`]
  [de0858da] Printf  [`@stdlib/Printf`]
  [3fa0cd96] REPL  [`@stdlib/REPL`]
  [9a3f8284] Random  [`@stdlib/Random`]
  [ea8e919c] SHA  [`@stdlib/SHA`]
  [9e88b42a] Serialization  [`@stdlib/Serialization`]
  [6462fe0b] Sockets  [`@stdlib/Sockets`]
  [2f01184e] SparseArrays  [`@stdlib/SparseArrays`]
  [10745b16] Statistics  [`@stdlib/Statistics`]
  [8dfed614] Test  [`@stdlib/Test`]
  [cf7118a7] UUIDs  [`@stdlib/UUIDs`]
  [4ec0a83e] Unicode  [`@stdlib/Unicode`]
ERROR: LoadError: UndefVarError: Test not defined
Stacktrace:
 [1] include at ./boot.jl:328 [inlined]
 [2] include_relative(::Module, ::String) at ./loading.jl:1105
 [3] include(::Module, ::String) at ./Base.jl:31
 [4] include(::String) at ./client.jl:424
 [5] top-level scope at none:6
in expression starting at /home/pkgeval/.julia/packages/DataArrays/mcLPH/test/runtests.jl:5
ERROR: Package DataArrays errored during testing
Stacktrace:
 [1] pkgerror(::String, ::Vararg{String,N} where N) at /workspace/srcdir/usr/share/julia/stdlib/v1.3/Pkg/src/Types.jl:113
 [2] #test#131(::Bool, ::Nothing, ::Cmd, ::Cmd, ::typeof(Pkg.Operations.test), ::Pkg.Types.Context, ::Array{Pkg.Types.PackageSpec,1}) at /workspace/srcdir/usr/share/julia/stdlib/v1.3/Pkg/src/Operations.jl:1372
 [3] #test at ./none:0 [inlined]
 [4] #test#62(::Bool, ::Nothing, ::Cmd, ::Cmd, ::Base.Iterators.Pairs{Union{},Union{},Tuple{},NamedTuple{(),Tuple{}}}, ::typeof(Pkg.API.test), ::Pkg.Types.Context, ::Array{Pkg.Types.PackageSpec,1}) at /workspace/srcdir/usr/share/julia/stdlib/v1.3/Pkg/src/API.jl:253
 [5] test(::Pkg.Types.Context, ::Array{Pkg.Types.PackageSpec,1}) at /workspace/srcdir/usr/share/julia/stdlib/v1.3/Pkg/src/API.jl:239
 [6] #test#61 at /workspace/srcdir/usr/share/julia/stdlib/v1.3/Pkg/src/API.jl:233 [inlined]
 [7] test at /workspace/srcdir/usr/share/julia/stdlib/v1.3/Pkg/src/API.jl:233 [inlined]
 [8] #test#60 at /workspace/srcdir/usr/share/julia/stdlib/v1.3/Pkg/src/API.jl:232 [inlined]
 [9] test at /workspace/srcdir/usr/share/julia/stdlib/v1.3/Pkg/src/API.jl:232 [inlined]
 [10] #test#59(::Base.Iterators.Pairs{Union{},Union{},Tuple{},NamedTuple{(),Tuple{}}}, ::typeof(Pkg.API.test), ::String) at /workspace/srcdir/usr/share/julia/stdlib/v1.3/Pkg/src/API.jl:231
 [11] test(::String) at /workspace/srcdir/usr/share/julia/stdlib/v1.3/Pkg/src/API.jl:231
 [12] top-level scope at none:12
