Julia Version 1.5.1-pre.28
Commit 0d71d8cd8b (2020-08-14 20:35 UTC)
Platform Info:
  OS: Linux (x86_64-linux-gnu)
  CPU: Intel(R) Xeon(R) Silver 4114 CPU @ 2.20GHz
  WORD_SIZE: 64
  LIBM: libopenlibm
  LLVM: libLLVM-9.0.1 (ORCJIT, skylake-avx512)
Environment:
  JULIA_DEPOT_PATH = ::/usr/local/share/julia
  JULIA_NUM_THREADS = 2

  Resolving package versions...
  Installed Suppressor ───────── v0.1.1
  Installed IniFile ──────────── v0.5.0
  Installed MbedTLS_jll ──────── v2.16.6+1
  Installed InstantiateFromURL ─ v0.5.0
  Installed Compat ───────────── v2.2.1
  Installed MbedTLS ──────────── v1.0.2
  Installed BinaryProvider ───── v0.5.10
  Installed HTTP ─────────────── v0.8.17
Updating `~/.julia/environments/v1.5/Project.toml`
  [43edad99] + InstantiateFromURL v0.5.0
Updating `~/.julia/environments/v1.5/Manifest.toml`
  [b99e7846] + BinaryProvider v0.5.10
  [34da2185] + Compat v2.2.1
  [cd3eb016] + HTTP v0.8.17
  [83e8ac13] + IniFile v0.5.0
  [43edad99] + InstantiateFromURL v0.5.0
  [739be429] + MbedTLS v1.0.2
  [c8ffd9c3] + MbedTLS_jll v2.16.6+1
  [fd094767] + Suppressor v0.1.1
  [2a0f44e3] + Base64
  [ade2ca70] + Dates
  [8bb1440f] + DelimitedFiles
  [8ba89e20] + Distributed
  [b77e0a4c] + InteractiveUtils
  [76f85450] + LibGit2
  [8f399da3] + Libdl
  [37e2e46d] + LinearAlgebra
  [56ddb016] + Logging
  [d6f4376e] + Markdown
  [a63ad114] + Mmap
  [44cfe95a] + Pkg
  [de0858da] + Printf
  [3fa0cd96] + REPL
  [9a3f8284] + Random
  [ea8e919c] + SHA
  [9e88b42a] + Serialization
  [1a1011a3] + SharedArrays
  [6462fe0b] + Sockets
  [2f01184e] + SparseArrays
  [10745b16] + Statistics
  [8dfed614] + Test
  [cf7118a7] + UUIDs
  [4ec0a83e] + Unicode
    Testing InstantiateFromURL
Status `/tmp/jl_FZu64I/Project.toml`
  [b99e7846] BinaryProvider v0.5.10
  [cd3eb016] HTTP v0.8.17
  [43edad99] InstantiateFromURL v0.5.0
  [fd094767] Suppressor v0.1.1
  [ade2ca70] Dates
  [d6f4376e] Markdown
  [44cfe95a] Pkg
  [8dfed614] Test
Status `/tmp/jl_FZu64I/Manifest.toml`
  [b99e7846] BinaryProvider v0.5.10
  [34da2185] Compat v2.2.1
  [cd3eb016] HTTP v0.8.17
  [83e8ac13] IniFile v0.5.0
  [43edad99] InstantiateFromURL v0.5.0
  [739be429] MbedTLS v1.0.2
  [c8ffd9c3] MbedTLS_jll v2.16.6+1
  [fd094767] Suppressor v0.1.1
  [2a0f44e3] Base64
  [ade2ca70] Dates
  [8bb1440f] DelimitedFiles
  [8ba89e20] Distributed
  [b77e0a4c] InteractiveUtils
  [76f85450] LibGit2
  [8f399da3] Libdl
  [37e2e46d] LinearAlgebra
  [56ddb016] Logging
  [d6f4376e] Markdown
  [a63ad114] Mmap
  [44cfe95a] Pkg
  [de0858da] Printf
  [3fa0cd96] REPL
  [9a3f8284] Random
  [ea8e919c] SHA
  [9e88b42a] Serialization
  [1a1011a3] SharedArrays
  [6462fe0b] Sockets
  [2f01184e] SparseArrays
  [10745b16] Statistics
  [8dfed614] Test
  [cf7118a7] UUIDs
  [4ec0a83e] Unicode
Downloading arnavs/InstantiationTest-master → /home/pkgeval/.julia/packages/InstantiateFromURL/7E73Z/test/.projects
#=#=#                                                                         ######################################################################## 100.0%##O#- #                                                                       
Instantiating /home/pkgeval/.julia/packages/InstantiateFromURL/7E73Z/test/.projects/InstantiationTest-master
 Activating environment at `~/.julia/packages/InstantiateFromURL/7E73Z/test/.projects/InstantiationTest-master/Project.toml`
  Installed SortingAlgorithms ─── v0.3.1
  Installed QuadGK ────────────── v2.0.2
  Installed PDMats ────────────── v0.9.5
  Installed SpecialFunctions ──── v0.7.1
  Installed Expectations ──────── v1.0.2
  Installed StatsBase ─────────── v0.25.0
  Installed DataStructures ────── v0.14.0
  Installed BinaryProvider ────── v0.5.2
  Installed Compat ────────────── v1.3.0
  Installed Distances ─────────── v0.7.3
  Installed StatsFuns ─────────── v0.7.0
  Installed Missings ──────────── v0.3.1
  Installed URIParser ─────────── v0.4.0
  Installed Distributions ─────── v0.16.4
  Installed OrderedCollections ── v1.0.2
  Installed FastGaussQuadrature ─ v0.3.2
  Installed Rmath ─────────────── v0.5.0
  Installed BinDeps ───────────── v0.8.10
  Installed Arpack ────────────── v0.2.3
   Building SpecialFunctions → `~/.julia/packages/SpecialFunctions/sXbz6/deps/build.log`
   Building Rmath ───────────→ `~/.julia/packages/Rmath/Py9gH/deps/build.log`
   Building Arpack ──────────→ `~/.julia/packages/Arpack/WP3ru/deps/build.log`
Precompiling project...
WARNING: could not import LinearAlgebra.ARPACKException into Arpack
┌ Warning: Shouldn't take too long on new precompilations, etc.
└ @ Main ~/.julia/packages/InstantiateFromURL/7E73Z/test/maintest.jl:15
Downloading arnavs/InstantiationTest-master → /home/pkgeval/.julia/packages/InstantiateFromURL/7E73Z/test/.projects
######################################################################## 100.0%#=#=#                                                                         
Instantiating /home/pkgeval/.julia/packages/InstantiateFromURL/7E73Z/test/.projects/InstantiationTest-master
 Activating environment at `~/.julia/packages/InstantiateFromURL/7E73Z/test/.projects/InstantiationTest-master/Project.toml`
Precompiling project...
Downloading arnavs/InstantiationTest-v0.1.0 → /home/pkgeval/.julia/packages/InstantiateFromURL/7E73Z/test/.projects
#=#=#                                                                         ##O#- #                                                                       
Instantiating /home/pkgeval/.julia/packages/InstantiateFromURL/7E73Z/test/.projects/InstantiationTest-v0.1.0
 Activating environment at `~/.julia/packages/InstantiateFromURL/7E73Z/test/.projects/InstantiationTest-v0.1.0/Project.toml`
  Installed BinaryProvider ─ v0.5.1
Precompiling project...
 Activating environment at `~/.julia/packages/InstantiateFromURL/7E73Z/test/.projects/InstantiationTest-v0.1.0-edit/Project.toml`
Downloading arnavs/InstantiationTest-181f673 → /home/pkgeval/.julia/packages/InstantiateFromURL/7E73Z/test/.projects
#=#=#                                                                         ######################################################################## 100.0%##O#- #                                                                       
Instantiating /home/pkgeval/.julia/packages/InstantiateFromURL/7E73Z/test/.projects/InstantiationTest-181f673
 Activating environment at `~/.julia/packages/InstantiateFromURL/7E73Z/test/.projects/InstantiationTest-181f673/Project.toml`
Precompiling project...
Test Summary: | Pass  Total
Main Tests    |   15     15
Downloading arnavs/InstantiationTest-master → /home/pkgeval/.julia/packages/InstantiateFromURL/7E73Z/test/.projects
#=#=#                                                                         ######################################################################## 100.0%##O#- #                                                                       
Instantiating /home/pkgeval/.julia/packages/InstantiateFromURL/7E73Z/test/.projects/InstantiationTest-master
 Activating environment at `~/.julia/packages/InstantiateFromURL/7E73Z/test/.projects/InstantiationTest-master/Project.toml`
Precompiling project...
Test Summary: | Pass  Total
TOML Tests    |    1      1
Downloading arnavs/InstantiationTest-master → /home/pkgeval/.julia/packages/InstantiateFromURL/7E73Z/test/Name With Spaces, Commas; and other bad characters/.projects
######################################################################## 100.0%######################################################################## 100.0%
Instantiating /home/pkgeval/.julia/packages/InstantiateFromURL/7E73Z/test/Name With Spaces, Commas; and other bad characters/.projects/InstantiationTest-master
 Activating environment at `~/.julia/packages/InstantiateFromURL/7E73Z/test/Name With Spaces, Commas; and other bad characters/.projects/InstantiationTest-master/Project.toml`
Precompiling project...
┌ Warning: Shouldn't take too long on new precompilations, etc.
└ @ Main ~/.julia/packages/InstantiateFromURL/7E73Z/test/namestest.jl:20
Downloading arnavs/InstantiationTest-master → /home/pkgeval/.julia/packages/InstantiateFromURL/7E73Z/test/Name With Spaces, Commas; and other bad characters/.projects
#=#=#                                                                         ######################################################################## 100.0%######################################################################## 100.0%
Instantiating /home/pkgeval/.julia/packages/InstantiateFromURL/7E73Z/test/Name With Spaces, Commas; and other bad characters/.projects/InstantiationTest-master
 Activating environment at `~/.julia/packages/InstantiateFromURL/7E73Z/test/Name With Spaces, Commas; and other bad characters/.projects/InstantiationTest-master/Project.toml`
Precompiling project...
Downloading arnavs/InstantiationTest-v0.1.0 → /home/pkgeval/.julia/packages/InstantiateFromURL/7E73Z/test/Name With Spaces, Commas; and other bad characters/.projects
######################################################################## 100.0%
Instantiating /home/pkgeval/.julia/packages/InstantiateFromURL/7E73Z/test/Name With Spaces, Commas; and other bad characters/.projects/InstantiationTest-v0.1.0
 Activating environment at `~/.julia/packages/InstantiateFromURL/7E73Z/test/Name With Spaces, Commas; and other bad characters/.projects/InstantiationTest-v0.1.0/Project.toml`
Precompiling project...
 Activating environment at `~/.julia/packages/InstantiateFromURL/7E73Z/test/Name With Spaces, Commas; and other bad characters/.projects/InstantiationTest-v0.1.0-edit/Project.toml`
Downloading arnavs/InstantiationTest-181f673 → /home/pkgeval/.julia/packages/InstantiateFromURL/7E73Z/test/Name With Spaces, Commas; and other bad characters/.projects
######################################################################## 100.0%
Instantiating /home/pkgeval/.julia/packages/InstantiateFromURL/7E73Z/test/Name With Spaces, Commas; and other bad characters/.projects/InstantiationTest-181f673
 Activating environment at `~/.julia/packages/InstantiateFromURL/7E73Z/test/Name With Spaces, Commas; and other bad characters/.projects/InstantiationTest-181f673/Project.toml`
Precompiling project...
Test Summary:         | Pass  Total
Directory Names Tests |   15     15
┌ Warning: There was an error retrieving the Project.toml
└ @ InstantiateFromURL ~/.julia/packages/InstantiateFromURL/7E73Z/src/activate.jl:92
Test Summary:             | Pass  Total
Test activate_github_path |    5      5
 Activating environment at `~/.julia/packages/InstantiateFromURL/7E73Z/test/Project.toml`
    Cloning git-repo `https://github.com/KristofferC/TimerOutputs.jl`
[?25l    Fetching: [>                                        ]  0.0 %[2K[?25h  Installed FFTW_jll ─────────────────────── v3.3.9+5
  Installed Expokit ──────────────────────── v0.2.0
  Installed Dierckx ──────────────────────── v0.4.1
  Installed LowRankApprox ────────────────── v0.4.0
  Installed StatsBase ────────────────────── v0.32.2
  Installed DomainSets ───────────────────── v0.3.1
  Installed LazyArrays ───────────────────── v0.16.9
  Installed MatrixFactorizations ─────────── v0.4.0
  Installed GPUCompiler ──────────────────── v0.2.0
  Installed StaticArrays ─────────────────── v0.12.3
  Installed DocStringExtensions ──────────── v0.8.1
  Installed LeftChildRightSiblingTrees ───── v0.1.2
  Installed IRTools ──────────────────────── v0.3.3
  Installed LibVPX_jll ───────────────────── v1.8.1+1
  Installed ApproxFunOrthogonalPolynomials ─ v0.3.4
  Installed IntelOpenMP_jll ──────────────── v2018.0.3+0
  Installed XML2_jll ─────────────────────── v2.9.9+4
  Installed CPUTime ──────────────────────── v1.0.0
  Installed RecursiveFactorization ───────── v0.1.2
  Installed PositiveFactorizations ───────── v0.2.3
  Installed FreeType2_jll ────────────────── v2.10.1+2
  Installed DataFramesMeta ───────────────── v0.5.1
  Installed IncompleteLU ─────────────────── v0.1.1
  Installed Expectations ─────────────────── v1.1.1
  Installed QuantEcon ────────────────────── v0.16.2
  Installed Polynomials ──────────────────── v1.0.6
  Installed LLVM ─────────────────────────── v1.5.1
  Installed Mocking ──────────────────────── v0.7.1
  Installed ArrayLayouts ─────────────────── v0.2.6
  Installed Zlib_jll ─────────────────────── v1.2.11+10
  Installed JuliaVariables ───────────────── v0.2.0
  Installed VectorizationBase ────────────── v0.12.6
  Installed Query ────────────────────────── v0.12.2
  Installed FastTransforms ───────────────── v0.8.2
  Installed IteratorInterfaceExtensions ──── v1.0.0
  Installed Preconditioners ──────────────── v0.3.0
  Installed InvertedIndices ──────────────── v1.0.0
  Installed Formatting ───────────────────── v0.4.1
  Installed FilePaths ────────────────────── v0.8.0
  Installed Setfield ─────────────────────── v0.6.0
  Installed GPUArrays ────────────────────── v3.4.1
  Installed MutableArithmetics ───────────── v0.2.9
  Installed FillArrays ───────────────────── v0.8.9
  Installed FFMPEG_jll ───────────────────── v4.1.0+3
  Installed TableOperations ──────────────── v0.2.1
  Installed RecipesBase ──────────────────── v1.0.1
  Installed KernelDensity ────────────────── v0.5.1
  Installed ApproxFunBase ────────────────── v0.3.5
  Installed TimeZones ────────────────────── v1.2.0
  Installed URIParser ────────────────────── v0.4.1
  Installed FFMPEG ───────────────────────── v0.3.0
  Installed IntervalSets ─────────────────── v0.5.1
  Installed Vega ─────────────────────────── v0.1.1
  Installed MbedTLS_jll ──────────────────── v2.16.0+2
  Installed MKL_jll ──────────────────────── v2020.1.216+0
  Installed FixedEffectModels ────────────── v0.10.7
  Installed x264_jll ─────────────────────── v2019.5.25+2
  Installed StochasticDiffEq ─────────────── v6.20.0
  Installed libass_jll ───────────────────── v0.14.0+2
  Installed OpenSSL_jll ──────────────────── v1.1.1+2
  Installed BenchmarkTools ───────────────── v0.5.0
  Installed CSV ──────────────────────────── v0.6.2
  Installed Optim ────────────────────────── v0.20.1
  Installed Combinatorics ────────────────── v1.0.2
  Installed Parsers ──────────────────────── v1.0.4
  Installed OffsetArrays ─────────────────── v1.0.4
  Installed Colors ───────────────────────── v0.12.1
  Installed Cassette ─────────────────────── v0.3.3
  Installed DSP ──────────────────────────── v0.6.7
  Installed ForwardDiff ──────────────────── v0.10.10
  Installed DataValues ───────────────────── v0.4.13
  Installed LightGraphs ──────────────────── v1.3.3
  Installed Bzip2_jll ────────────────────── v1.0.6+2
  Installed WeakRefStrings ───────────────── v0.6.2
  Installed PDMats ───────────────────────── v0.9.12
  Installed Nullables ────────────────────── v1.0.0
  Installed Mustache ─────────────────────── v1.0.3
  Installed GMP_jll ──────────────────────── v6.1.2+5
  Installed DiffEqOperators ──────────────── v4.10.0
  Installed NameResolution ───────────────── v0.1.3
  Installed ChainRulesCore ───────────────── v0.8.0
  Installed NodeJS ───────────────────────── v1.1.1
  Installed PooledArrays ─────────────────── v0.5.3
  Installed Reexport ─────────────────────── v0.2.0
  Installed DataValueInterfaces ──────────── v1.0.0
  Installed NLSolversBase ────────────────── v7.6.1
  Installed TableTraits ──────────────────── v1.0.0
  Installed IterTools ────────────────────── v1.3.0
  Installed CUDAnative ───────────────────── v3.1.0
  Installed DiffEqJump ───────────────────── v6.7.6
  Installed Inflate ──────────────────────── v0.1.2
  Installed CodecZlib ────────────────────── v0.7.0
  Installed Ipopt ────────────────────────── v0.6.1
  Installed EllipsisNotation ─────────────── v0.4.0
  Installed FixedPointNumbers ────────────── v0.8.0
  Installed Missings ─────────────────────── v0.4.3
  Installed BandedMatrices ───────────────── v0.15.7
  Installed OrdinaryDiffEq ───────────────── v5.38.1
  Installed Distributions ────────────────── v0.23.2
  Installed ZygoteRules ──────────────────── v0.2.0
  Installed LimitedLDLFactorizations ─────── v0.3.0
  Installed ApproxFunSingularities ───────── v0.1.8
  Installed Ratios ───────────────────────── v0.4.0
  Installed MPFR_jll ─────────────────────── v4.0.2+2
  Installed EzXML ────────────────────────── v1.1.0
  Installed FilePathsBase ────────────────── v0.6.2
  Installed ZipFile ──────────────────────── v0.9.2
  Installed DataFrames ───────────────────── v0.21.0
  Installed MLStyle ──────────────────────── v0.3.1
  Installed AxisAlgorithms ───────────────── v1.0.0
  Installed RecipesPipeline ──────────────── v0.1.9
  Installed SpatialIndexing ──────────────── v0.1.2
  Installed KrylovKit ────────────────────── v0.4.2
  Installed PlotThemes ───────────────────── v2.0.0
  Installed ResettableStacks ─────────────── v1.0.0
  Installed CpuId ────────────────────────── v0.2.2
  Installed StatsFuns ────────────────────── v0.9.5
  Installed GLM ──────────────────────────── v1.3.9
  Installed Widgets ──────────────────────── v0.6.2
  Installed ArrayInterface ───────────────── v2.8.7
  Installed Flux ─────────────────────────── v0.10.4
  Installed Arpack_jll ───────────────────── v3.5.0+3
  Installed Observables ──────────────────── v0.3.1
  Installed NLopt_jll ────────────────────── v2.6.2+0
  Installed ConsoleProgressMonitor ───────── v0.1.2
  Installed VertexSafeGraphs ─────────────── v0.1.2
  Installed SpecialFunctions ─────────────── v0.10.3
  Installed AbstractTrees ────────────────── v0.3.3
  Installed Clustering ───────────────────── v0.14.0
  Installed Libiconv_jll ─────────────────── v1.16.0+2
  Installed FileIO ───────────────────────── v1.3.0
  Installed TranscodingStreams ───────────── v0.9.5
  Installed CEnum ────────────────────────── v0.3.0
  Installed BlockBandedMatrices ──────────── v0.8.4
  Installed SLEEFPirates ─────────────────── v0.5.0
  Installed PoissonRandom ────────────────── v0.4.0
  Installed DataStructures ───────────────── v0.17.17
  Installed LineSearches ─────────────────── v7.0.1
  Installed PrettyPrint ──────────────────── v0.1.0
  Installed TerminalLoggers ──────────────── v0.1.1
  Installed LeastSquaresOptim ────────────── v0.7.5
  Installed VegaLite ─────────────────────── v2.1.3
  Installed TreeViews ────────────────────── v0.3.0
  Installed InfiniteArrays ───────────────── v0.7.0
  Installed DiffEqNoiseProcess ───────────── v3.11.0
  Installed Krylov ───────────────────────── v0.5.1
  Installed LaTeXStrings ─────────────────── v1.1.0
  Installed ArnoldiMethod ────────────────── v0.0.4
  Installed GenericSVD ───────────────────── v0.3.0
  Installed Unitful ──────────────────────── v1.2.1
  Installed SIMDPirates ──────────────────── v0.8.5
  Installed MacroTools ───────────────────── v0.5.5
  Installed ConstructionBase ─────────────── v1.0.0
  Installed Contour ──────────────────────── v0.5.3
  Installed GeometryTypes ────────────────── v0.8.3
  Installed LoopVectorization ────────────── v0.8.2
  Installed IterableTables ───────────────── v1.0.0
  Installed Plots ────────────────────────── v1.2.5
  Installed Interpolations ───────────────── v0.12.9
  Installed ProgressMeter ────────────────── v1.2.0
  Installed LoggingExtras ────────────────── v0.4.1
  Installed FriBidi_jll ──────────────────── v1.0.5+3
  Installed Distances ────────────────────── v0.8.2
  Installed FFTW ─────────────────────────── v1.2.2
  Installed LinearOperators ──────────────── v1.1.0
  Installed JuliaInterpreter ─────────────── v0.7.19
  Installed DiffEqBase ───────────────────── v6.36.3
  Installed CommonSubexpressions ─────────── v0.2.0
  Installed StatsPlots ───────────────────── v0.14.6
  Installed SymbolicUtils ────────────────── v0.3.2
  Installed FixedEffects ─────────────────── v0.7.3
  Installed NaNMath ──────────────────────── v0.3.3
  Installed TableTraitsUtils ─────────────── v1.0.1
  Installed PlotUtils ────────────────────── v1.0.4
  Installed Roots ────────────────────────── v1.0.1
  Installed HTTP ─────────────────────────── v0.8.15
  Installed NNlib ────────────────────────── v0.6.6
  Installed ModelingToolkit ──────────────── v3.6.4
  Installed JSONSchema ───────────────────── v0.2.0
  Installed ExponentialUtilities ─────────── v1.6.0
  Installed LAME_jll ─────────────────────── v3.100.0+1
  Installed x265_jll ─────────────────────── v3.0.0+1
  Installed WoodburyMatrices ─────────────── v0.5.2
  Installed Zygote ───────────────────────── v0.4.20
  Installed LabelledArrays ───────────────── v1.2.1
  Installed Primes ───────────────────────── v0.4.0
  Installed GeneralizedGenerated ─────────── v0.2.4
  Installed Intervals ────────────────────── v1.2.0
  Installed Rmath ────────────────────────── v0.6.1
  Installed FastGaussQuadrature ──────────── v0.4.2
  Installed SimpleTraits ─────────────────── v0.9.2
  Installed FunctionWrappers ─────────────── v1.1.1
  Installed ExprTools ────────────────────── v0.1.1
  Installed ApproxFunFourier ─────────────── v0.2.4
  Installed CategoricalArrays ────────────── v0.8.0
  Installed CompilerSupportLibraries_jll ─── v0.3.3+0
  Installed RandomNumbers ────────────────── v1.4.0
  Installed QuadGK ───────────────────────── v2.3.1
  Installed LinearMaps ───────────────────── v2.6.1
  Installed NearestNeighbors ─────────────── v0.4.4
  Installed MuladdMacro ──────────────────── v0.2.2
  Installed SparsityDetection ────────────── v0.3.1
  Installed DualNumbers ──────────────────── v0.6.2
  Installed CodeTracking ─────────────────── v0.5.11
  Installed Ogg_jll ──────────────────────── v1.3.4+0
  Installed libfdk_aac_jll ───────────────── v0.1.6+2
  Installed Latexify ─────────────────────── v0.13.2
  Installed libvorbis_jll ────────────────── v1.3.6+4
  Installed FastClosures ─────────────────── v0.3.2
  Installed UnPack ───────────────────────── v1.0.1
  Installed Cthulhu ──────────────────────── v1.1.1
  Installed GR ───────────────────────────── v0.49.1
  Installed NLsolve ──────────────────────── v4.3.0
  Installed CUDAdrv ──────────────────────── v6.3.0
  Installed Revise ───────────────────────── v2.6.6
  Installed RecursiveArrayTools ──────────── v2.3.5
  Installed OpenSpecFun_jll ──────────────── v0.5.3+3
  Installed Calculus ─────────────────────── v0.5.1
  Installed Requires ─────────────────────── v1.0.1
  Installed MathProgBase ─────────────────── v0.7.8
  Installed ApproxFun ────────────────────── v0.11.13
  Installed ShiftedArrays ────────────────── v1.0.0
  Installed SparseDiffTools ──────────────── v1.8.0
  Installed RegressionTables ─────────────── v0.4.0
  Installed CuArrays ─────────────────────── v2.2.0
  Installed RData ────────────────────────── v0.7.2
  Installed BlackBoxOptim ────────────────── v0.5.0
  Installed CodecBzip2 ───────────────────── v0.7.2
  Installed IterativeSolvers ─────────────── v0.8.4
  Installed DiffResults ──────────────────── v1.0.2
  Installed AMD ──────────────────────────── v0.4.0
  Installed PkgTemplates ─────────────────── v0.6.4
  Installed Compat ───────────────────────── v2.2.0
  Installed Tables ───────────────────────── v1.0.4
  Installed Measures ─────────────────────── v0.3.1
  Installed JSON ─────────────────────────── v0.21.0
  Installed FiniteDiff ───────────────────── v2.3.2
  Installed Showoff ──────────────────────── v0.3.1
  Installed DiffRules ────────────────────── v1.0.1
  Installed Opus_jll ─────────────────────── v1.3.1+1
  Installed CanonicalTraits ──────────────── v0.2.1
  Installed TableShowUtils ───────────────── v0.2.5
  Installed AlgebraicMultigrid ───────────── v0.2.2
  Installed ToeplitzMatrices ─────────────── v0.6.1
  Installed StatsModels ──────────────────── v0.6.11
  Installed OrderedCollections ───────────── v1.2.0
  Installed Juno ─────────────────────────── v0.8.2
  Installed ProgressLogging ──────────────── v0.1.2
  Installed BlockArrays ──────────────────── v0.12.5
  Installed MathOptInterface ─────────────── v0.9.13
  Installed CUDAapi ──────────────────────── v4.0.0
  Installed OpenBLAS_jll ─────────────────── v0.3.9+4
  Installed Media ────────────────────────── v0.5.0
  Installed AbstractFFTs ─────────────────── v0.5.0
  Installed Adapt ────────────────────────── v1.1.0
  Installed Arpack ───────────────────────── v0.4.0
  Installed Parameters ───────────────────── v0.12.1
  Installed ColorTypes ───────────────────── v0.10.3
  Installed FastTransforms_jll ───────────── v0.2.13+1
  Installed LoweredCodeUtils ─────────────── v0.4.5
  Installed DataAPI ──────────────────────── v1.3.0
  Installed NLopt ────────────────────────── v0.6.0
  Installed Rmath_jll ────────────────────── v0.2.2+0
  Installed QueryOperators ───────────────── v0.9.1
  Installed SafeTestsets ─────────────────── v0.0.1
  Installed MultivariateStats ────────────── v0.7.0
  Installed JuMP ─────────────────────────── v0.21.2
  Installed ColorSchemes ─────────────────── v3.9.0
  Installed RDatasets ────────────────────── v0.6.8
   Building Dierckx ──────────→ `~/.julia/packages/Dierckx/9SY4A/deps/build.log`
   Building FFTW ─────────────→ `~/.julia/packages/FFTW/kcXL6/deps/build.log`
   Building TimeZones ────────→ `~/.julia/packages/TimeZones/OjMoF/deps/build.log`
   Building FastTransforms ───→ `~/.julia/packages/FastTransforms/MjTJy/deps/build.log`
   Building VectorizationBase → `~/.julia/packages/VectorizationBase/SyqTC/deps/build.log`
   Building Preconditioners ──→ `~/.julia/packages/Preconditioners/uMaQw/deps/build.log`
   Building Ipopt ────────────→ `~/.julia/packages/Ipopt/ruIXY/deps/build.log`
   Building SLEEFPirates ─────→ `~/.julia/packages/SLEEFPirates/mkNmA/deps/build.log`
   Building GR ───────────────→ `~/.julia/packages/GR/cRdXQ/deps/build.log`
   Building Plots ────────────→ `~/.julia/packages/Plots/5srrj/deps/build.log`
   Building NNlib ────────────→ `~/.julia/packages/NNlib/FAI3o/deps/build.log`
Precompiling project...
ERROR: LoadError: LoadError: LoadError: UndefVarError: AddrSpacePtr not defined
Stacktrace:
 [1] getproperty(::Module, ::Symbol) at ./Base.jl:26
 [2] top-level scope at /home/pkgeval/.julia/packages/CUDAnative/e0IdN/src/device/cuda/wmma.jl:52
 [3] include(::Function, ::Module, ::String) at ./Base.jl:380
 [4] include at ./Base.jl:368 [inlined]
 [5] include(::String) at /home/pkgeval/.julia/packages/CUDAnative/e0IdN/src/CUDAnative.jl:1
 [6] top-level scope at /home/pkgeval/.julia/packages/CUDAnative/e0IdN/src/device/cuda.jl:15
 [7] include(::Function, ::Module, ::String) at ./Base.jl:380
 [8] include at ./Base.jl:368 [inlined]
 [9] include(::String) at /home/pkgeval/.julia/packages/CUDAnative/e0IdN/src/CUDAnative.jl:1
 [10] top-level scope at /home/pkgeval/.julia/packages/CUDAnative/e0IdN/src/CUDAnative.jl:75
 [11] include(::Function, ::Module, ::String) at ./Base.jl:380
 [12] include(::Module, ::String) at ./Base.jl:368
 [13] top-level scope at none:2
 [14] eval at ./boot.jl:331 [inlined]
 [15] eval(::Expr) at ./client.jl:467
 [16] top-level scope at ./none:3
in expression starting at /home/pkgeval/.julia/packages/CUDAnative/e0IdN/src/device/cuda/wmma.jl:52
in expression starting at /home/pkgeval/.julia/packages/CUDAnative/e0IdN/src/device/cuda.jl:14
in expression starting at /home/pkgeval/.julia/packages/CUDAnative/e0IdN/src/CUDAnative.jl:75
ERROR: LoadError: Failed to precompile CUDAnative [be33ccc6-a3ff-5ff2-a52e-74243cff1e17] to /home/pkgeval/.julia/compiled/v1.5/CUDAnative/4Zu2W_9vzTx.ji.
Stacktrace:
 [1] error(::String) at ./error.jl:33
 [2] compilecache(::Base.PkgId, ::String) at ./loading.jl:1305
 [3] _require(::Base.PkgId) at ./loading.jl:1030
 [4] require(::Base.PkgId) at ./loading.jl:928
 [5] require(::Module, ::Symbol) at ./loading.jl:923
 [6] include(::Function, ::Module, ::String) at ./Base.jl:380
 [7] include(::Module, ::String) at ./Base.jl:368
 [8] top-level scope at none:2
 [9] eval at ./boot.jl:331 [inlined]
 [10] eval(::Expr) at ./client.jl:467
 [11] top-level scope at ./none:3
in expression starting at /home/pkgeval/.julia/packages/CuArrays/l0gXB/src/CuArrays.jl:3
[ Info: CUDA is installed, but CuArrays.jl fails to load

signal (11): Segmentation fault
in expression starting at /home/pkgeval/.julia/packages/GeneralizedGenerated/4p9fF/src/GeneralizedGenerated.jl:2
jl_deserialize_value_array at /workspace/srcdir/src/dump.c:1626
jl_deserialize_value at /workspace/srcdir/src/dump.c:2139
jl_deserialize_value_module at /workspace/srcdir/src/dump.c:1900 [inlined]
jl_deserialize_value at /workspace/srcdir/src/dump.c:2195
jl_deserialize_value_any at /workspace/srcdir/src/dump.c:2037 [inlined]
jl_deserialize_value at /workspace/srcdir/src/dump.c:2279
jl_deserialize_datatype at /workspace/srcdir/src/dump.c:1531 [inlined]
jl_deserialize_value at /workspace/srcdir/src/dump.c:2276
jl_deserialize_value_svec at /workspace/srcdir/src/dump.c:1558 [inlined]
jl_deserialize_value at /workspace/srcdir/src/dump.c:2118
jl_deserialize_datatype at /workspace/srcdir/src/dump.c:1535 [inlined]
jl_deserialize_value at /workspace/srcdir/src/dump.c:2276
jl_deserialize_value_svec at /workspace/srcdir/src/dump.c:1558 [inlined]
jl_deserialize_value at /workspace/srcdir/src/dump.c:2118
jl_deserialize_datatype at /workspace/srcdir/src/dump.c:1535 [inlined]
jl_deserialize_value at /workspace/srcdir/src/dump.c:2276
jl_deserialize_value_code_instance at /workspace/srcdir/src/dump.c:1860 [inlined]
jl_deserialize_value at /workspace/srcdir/src/dump.c:2193
jl_deserialize_value_method_instance at /workspace/srcdir/src/dump.c:1836 [inlined]
jl_deserialize_value at /workspace/srcdir/src/dump.c:2191
jl_deserialize_value_svec at /workspace/srcdir/src/dump.c:1558 [inlined]
jl_deserialize_value at /workspace/srcdir/src/dump.c:2118
jl_deserialize_value_method at /workspace/srcdir/src/dump.c:1759 [inlined]
jl_deserialize_value at /workspace/srcdir/src/dump.c:2189
jl_deserialize_struct at /workspace/srcdir/src/dump.c:1989 [inlined]
jl_deserialize_value_any at /workspace/srcdir/src/dump.c:2074 [inlined]
jl_deserialize_value at /workspace/srcdir/src/dump.c:2279
jl_deserialize_struct at /workspace/srcdir/src/dump.c:1989 [inlined]
jl_deserialize_value_any at /workspace/srcdir/src/dump.c:2074 [inlined]
jl_deserialize_value at /workspace/srcdir/src/dump.c:2279
jl_deserialize_value_any at /workspace/srcdir/src/dump.c:2046 [inlined]
jl_deserialize_value at /workspace/srcdir/src/dump.c:2279
jl_deserialize_datatype at /workspace/srcdir/src/dump.c:1531 [inlined]
jl_deserialize_value at /workspace/srcdir/src/dump.c:2276
jl_deserialize_value_singleton at /workspace/srcdir/src/dump.c:1971 [inlined]
jl_deserialize_value at /workspace/srcdir/src/dump.c:2233
jl_deserialize_struct at /workspace/srcdir/src/dump.c:1989 [inlined]
jl_deserialize_value_any at /workspace/srcdir/src/dump.c:2074 [inlined]
jl_deserialize_value at /workspace/srcdir/src/dump.c:2279
jl_deserialize_value_any at /workspace/srcdir/src/dump.c:2046 [inlined]
jl_deserialize_value at /workspace/srcdir/src/dump.c:2279
jl_deserialize_datatype at /workspace/srcdir/src/dump.c:1531 [inlined]
jl_deserialize_value at /workspace/srcdir/src/dump.c:2276
jl_deserialize_value_svec at /workspace/srcdir/src/dump.c:1558 [inlined]
jl_deserialize_value at /workspace/srcdir/src/dump.c:2118
jl_deserialize_datatype at /workspace/srcdir/src/dump.c:1535 [inlined]
jl_deserialize_value at /workspace/srcdir/src/dump.c:2276
jl_deserialize_struct at /workspace/srcdir/src/dump.c:1989 [inlined]
jl_deserialize_value_any at /workspace/srcdir/src/dump.c:2074 [inlined]
jl_deserialize_value at /workspace/srcdir/src/dump.c:2279
jl_deserialize_struct at /workspace/srcdir/src/dump.c:1989 [inlined]
jl_deserialize_value_any at /workspace/srcdir/src/dump.c:2074 [inlined]
jl_deserialize_value at /workspace/srcdir/src/dump.c:2279
jl_deserialize_value_any at /workspace/srcdir/src/dump.c:2046 [inlined]
jl_deserialize_value at /workspace/srcdir/src/dump.c:2279
jl_deserialize_datatype at /workspace/srcdir/src/dump.c:1531 [inlined]
jl_deserialize_value at /workspace/srcdir/src/dump.c:2276
jl_deserialize_value_module at /workspace/srcdir/src/dump.c:1900 [inlined]
jl_deserialize_value at /workspace/srcdir/src/dump.c:2195
jl_deserialize_value_any at /workspace/srcdir/src/dump.c:2037 [inlined]
jl_deserialize_value at /workspace/srcdir/src/dump.c:2279
jl_deserialize_datatype at /workspace/srcdir/src/dump.c:1531 [inlined]
jl_deserialize_value at /workspace/srcdir/src/dump.c:2276
jl_deserialize_value_svec at /workspace/srcdir/src/dump.c:1558 [inlined]
jl_deserialize_value at /workspace/srcdir/src/dump.c:2118
jl_deserialize_datatype at /workspace/srcdir/src/dump.c:1535 [inlined]
jl_deserialize_value at /workspace/srcdir/src/dump.c:2276
jl_deserialize_value_method_instance at /workspace/srcdir/src/dump.c:1815 [inlined]
jl_deserialize_value at /workspace/srcdir/src/dump.c:2191
jl_deserialize_value_array at /workspace/srcdir/src/dump.c:1620
jl_deserialize_value at /workspace/srcdir/src/dump.c:2139
jl_deserialize_value_method_instance at /workspace/srcdir/src/dump.c:1833 [inlined]
jl_deserialize_value at /workspace/srcdir/src/dump.c:2191
jl_deserialize_value_svec at /workspace/srcdir/src/dump.c:1558 [inlined]
jl_deserialize_value at /workspace/srcdir/src/dump.c:2118
jl_deserialize_value_method at /workspace/srcdir/src/dump.c:1759 [inlined]
jl_deserialize_value at /workspace/srcdir/src/dump.c:2189
jl_deserialize_struct at /workspace/srcdir/src/dump.c:1989 [inlined]
jl_deserialize_value_any at /workspace/srcdir/src/dump.c:2074 [inlined]
jl_deserialize_value at /workspace/srcdir/src/dump.c:2279
jl_deserialize_struct at /workspace/srcdir/src/dump.c:1989 [inlined]
jl_deserialize_value_any at /workspace/srcdir/src/dump.c:2074 [inlined]
jl_deserialize_value at /workspace/srcdir/src/dump.c:2279
jl_deserialize_value_any at /workspace/srcdir/src/dump.c:2046 [inlined]
jl_deserialize_value at /workspace/srcdir/src/dump.c:2279
jl_deserialize_datatype at /workspace/srcdir/src/dump.c:1531 [inlined]
jl_deserialize_value at /workspace/srcdir/src/dump.c:2276
jl_deserialize_value_svec at /workspace/srcdir/src/dump.c:1558 [inlined]
jl_deserialize_value at /workspace/srcdir/src/dump.c:2118
jl_deserialize_datatype at /workspace/srcdir/src/dump.c:1535 [inlined]
jl_deserialize_value at /workspace/srcdir/src/dump.c:2276
jl_deserialize_value_svec at /workspace/srcdir/src/dump.c:1558 [inlined]
jl_deserialize_value at /workspace/srcdir/src/dump.c:2118
jl_deserialize_datatype at /workspace/srcdir/src/dump.c:1535 [inlined]
jl_deserialize_value at /workspace/srcdir/src/dump.c:2276
jl_deserialize_value_method_instance at /workspace/srcdir/src/dump.c:1815 [inlined]
jl_deserialize_value at /workspace/srcdir/src/dump.c:2191
jl_deserialize_value_svec at /workspace/srcdir/src/dump.c:1558 [inlined]
jl_deserialize_value at /workspace/srcdir/src/dump.c:2118
jl_deserialize_value_method at /workspace/srcdir/src/dump.c:1759 [inlined]
jl_deserialize_value at /workspace/srcdir/src/dump.c:2189
jl_deserialize_struct at /workspace/srcdir/src/dump.c:1989 [inlined]
jl_deserialize_value_any at /workspace/srcdir/src/dump.c:2074 [inlined]
jl_deserialize_value at /workspace/srcdir/src/dump.c:2279
jl_deserialize_struct at /workspace/srcdir/src/dump.c:1989 [inlined]
jl_deserialize_value_any at /workspace/srcdir/src/dump.c:2074 [inlined]
jl_deserialize_value at /workspace/srcdir/src/dump.c:2279
jl_deserialize_value_any at /workspace/srcdir/src/dump.c:2046 [inlined]
jl_deserialize_value at /workspace/srcdir/src/dump.c:2279
jl_deserialize_datatype at /workspace/srcdir/src/dump.c:1531 [inlined]
jl_deserialize_value at /workspace/srcdir/src/dump.c:2276
jl_deserialize_value at /workspace/srcdir/src/dump.c:2173
jl_deserialize_value at /workspace/srcdir/src/dump.c:2173
jl_deserialize_value at /workspace/srcdir/src/dump.c:2173
jl_deserialize_value at /workspace/srcdir/src/dump.c:2173
jl_deserialize_value at /workspace/srcdir/src/dump.c:2173
jl_deserialize_value at /workspace/srcdir/src/dump.c:2173
jl_deserialize_value at /workspace/srcdir/src/dump.c:2173
jl_deserialize_value at /workspace/srcdir/src/dump.c:2173
jl_deserialize_value at /workspace/srcdir/src/dump.c:2173
jl_deserialize_value at /workspace/srcdir/src/dump.c:2173
jl_deserialize_value_module at /workspace/srcdir/src/dump.c:1900 [inlined]
jl_deserialize_value at /workspace/srcdir/src/dump.c:2195
jl_deserialize_value_module at /workspace/srcdir/src/dump.c:1905 [inlined]
jl_deserialize_value at /workspace/srcdir/src/dump.c:2195
jl_deserialize_value_module at /workspace/srcdir/src/dump.c:1892 [inlined]
jl_deserialize_value at /workspace/srcdir/src/dump.c:2195
jl_deserialize_value_array at /workspace/srcdir/src/dump.c:1620
jl_deserialize_value at /workspace/srcdir/src/dump.c:2139
_jl_restore_incremental at /workspace/srcdir/src/dump.c:3231
jl_restore_incremental at /workspace/srcdir/src/dump.c:3299
_include_from_serialized at ./loading.jl:681
_require_from_serialized at ./loading.jl:749
_require at ./loading.jl:1040
require at ./loading.jl:928
require at ./loading.jl:923
_jl_invoke at /workspace/srcdir/src/gf.c:2214 [inlined]
jl_apply_generic at /workspace/srcdir/src/gf.c:2398
jl_apply at /workspace/srcdir/src/julia.h:1690 [inlined]
call_require at /workspace/srcdir/src/toplevel.c:425 [inlined]
eval_import_path at /workspace/srcdir/src/toplevel.c:462
jl_toplevel_eval_flex at /workspace/srcdir/src/toplevel.c:682
jl_eval_module_expr at /workspace/srcdir/src/toplevel.c:197
jl_toplevel_eval_flex at /workspace/srcdir/src/toplevel.c:666
jl_parse_eval_all at /workspace/srcdir/src/ast.c:913
jl_load_rewrite at /workspace/srcdir/src/toplevel.c:914
include at ./Base.jl:380
include at ./Base.jl:368
_jl_invoke at /workspace/srcdir/src/gf.c:2214 [inlined]
jl_apply_generic at /workspace/srcdir/src/gf.c:2398
jl_apply at /workspace/srcdir/src/julia.h:1690 [inlined]
do_call at /workspace/srcdir/src/interpreter.c:117
eval_value at /workspace/srcdir/src/interpreter.c:206
eval_stmt_value at /workspace/srcdir/src/interpreter.c:157 [inlined]
eval_body at /workspace/srcdir/src/interpreter.c:566
eval_body at /workspace/srcdir/src/interpreter.c:492
jl_interpret_toplevel_thunk at /workspace/srcdir/src/interpreter.c:660
jl_toplevel_eval_flex at /workspace/srcdir/src/toplevel.c:840
jl_toplevel_eval_in at /workspace/srcdir/src/toplevel.c:883
eval at ./boot.jl:331 [inlined]
eval at ./client.jl:467
_jl_invoke at /workspace/srcdir/src/gf.c:2214 [inlined]
jl_apply_generic at /workspace/srcdir/src/gf.c:2398
top-level scope at ./none:3
jl_toplevel_eval_flex at /workspace/srcdir/src/toplevel.c:834
jl_toplevel_eval_flex at /workspace/srcdir/src/toplevel.c:790
jl_toplevel_eval_in at /workspace/srcdir/src/toplevel.c:883
eval at ./boot.jl:331
_jl_invoke at /workspace/srcdir/src/gf.c:2214 [inlined]
jl_apply_generic at /workspace/srcdir/src/gf.c:2398
exec_options at ./client.jl:272
_start at ./client.jl:506
jfptr__start_55847.clone_1 at /opt/julia/lib/julia/sys.so (unknown line)
_jl_invoke at /workspace/srcdir/src/gf.c:2214 [inlined]
jl_apply_generic at /workspace/srcdir/src/gf.c:2398
jl_apply at /workspace/srcdir/ui/../src/julia.h:1690 [inlined]
true_main at /workspace/srcdir/ui/repl.c:106
main at /workspace/srcdir/ui/repl.c:227
__libc_start_main at /lib/x86_64-linux-gnu/libc.so.6 (unknown line)
unknown function (ip: 0x4015e4)
Allocations: 856743 (Pool: 856328; Big: 415); GC: 1
ERROR: LoadError: Failed to precompile GeneralizedGenerated [6b9d7cbe-bcb9-11e9-073f-15a7a543e2eb] to /home/pkgeval/.julia/compiled/v1.5/GeneralizedGenerated/1AXdM_9vzTx.ji.
Stacktrace:
 [1] error(::String) at ./error.jl:33
 [2] compilecache(::Base.PkgId, ::String) at ./loading.jl:1305
 [3] _require(::Base.PkgId) at ./loading.jl:1030
 [4] require(::Base.PkgId) at ./loading.jl:928
 [5] require(::Module, ::Symbol) at ./loading.jl:923
 [6] include(::Function, ::Module, ::String) at ./Base.jl:380
 [7] include(::Module, ::String) at ./Base.jl:368
 [8] top-level scope at none:2
 [9] eval at ./boot.jl:331 [inlined]
 [10] eval(::Expr) at ./client.jl:467
 [11] top-level scope at ./none:3
in expression starting at /home/pkgeval/.julia/packages/ModelingToolkit/MohAp/src/ModelingToolkit.jl:13
WARNING: could not import Compiler.just_construct_ssa into Wrap
ERROR: LoadError: LoadError: LoadError: UndefVarError: AddrSpacePtr not defined
Stacktrace:
 [1] getproperty(::Module, ::Symbol) at ./Base.jl:26
 [2] top-level scope at /home/pkgeval/.julia/packages/CUDAnative/e0IdN/src/device/cuda/wmma.jl:52
 [3] include(::Function, ::Module, ::String) at ./Base.jl:380
 [4] include at ./Base.jl:368 [inlined]
 [5] include(::String) at /home/pkgeval/.julia/packages/CUDAnative/e0IdN/src/CUDAnative.jl:1
 [6] top-level scope at /home/pkgeval/.julia/packages/CUDAnative/e0IdN/src/device/cuda.jl:15
 [7] include(::Function, ::Module, ::String) at ./Base.jl:380
 [8] include at ./Base.jl:368 [inlined]
 [9] include(::String) at /home/pkgeval/.julia/packages/CUDAnative/e0IdN/src/CUDAnative.jl:1
 [10] top-level scope at /home/pkgeval/.julia/packages/CUDAnative/e0IdN/src/CUDAnative.jl:75
 [11] include(::Function, ::Module, ::String) at ./Base.jl:380
 [12] include(::Module, ::String) at ./Base.jl:368
 [13] top-level scope at none:2
 [14] eval at ./boot.jl:331 [inlined]
 [15] eval(::Expr) at ./client.jl:467
 [16] top-level scope at ./none:3
in expression starting at /home/pkgeval/.julia/packages/CUDAnative/e0IdN/src/device/cuda/wmma.jl:52
in expression starting at /home/pkgeval/.julia/packages/CUDAnative/e0IdN/src/device/cuda.jl:14
in expression starting at /home/pkgeval/.julia/packages/CUDAnative/e0IdN/src/CUDAnative.jl:75
ERROR: LoadError: Failed to precompile CUDAnative [be33ccc6-a3ff-5ff2-a52e-74243cff1e17] to /home/pkgeval/.julia/compiled/v1.5/CUDAnative/4Zu2W_9vzTx.ji.
Stacktrace:
 [1] error(::String) at ./error.jl:33
 [2] compilecache(::Base.PkgId, ::String) at ./loading.jl:1305
 [3] _require(::Base.PkgId) at ./loading.jl:1030
 [4] require(::Base.PkgId) at ./loading.jl:928
 [5] require(::Module, ::Symbol) at ./loading.jl:923
 [6] include(::Function, ::Module, ::String) at ./Base.jl:380
 [7] include(::Module, ::String) at ./Base.jl:368
 [8] top-level scope at none:2
 [9] eval at ./boot.jl:331 [inlined]
 [10] eval(::Expr) at ./client.jl:467
 [11] top-level scope at ./none:3
in expression starting at /home/pkgeval/.julia/packages/CuArrays/l0gXB/src/CuArrays.jl:3
ERROR: LoadError: Failed to precompile CuArrays [3a865a2d-5b23-5a0f-bc46-62713ec82fae] to /home/pkgeval/.julia/compiled/v1.5/CuArrays/7YFE0_9vzTx.ji.
Stacktrace:
 [1] error(::String) at ./error.jl:33
 [2] compilecache(::Base.PkgId, ::String) at ./loading.jl:1305
 [3] _require(::Base.PkgId) at ./loading.jl:1030
 [4] require(::Base.PkgId) at ./loading.jl:928
 [5] require(::Module, ::Symbol) at ./loading.jl:923
 [6] include(::Function, ::Module, ::String) at ./Base.jl:380
 [7] include(::Module, ::String) at ./Base.jl:368
 [8] top-level scope at none:2
 [9] eval at ./boot.jl:331 [inlined]
 [10] eval(::Expr) at ./client.jl:467
 [11] top-level scope at ./none:3
in expression starting at /home/pkgeval/.julia/packages/Flux/Fj3bt/src/Flux.jl:26

signal (11): Segmentation fault
in expression starting at /home/pkgeval/.julia/packages/GeneralizedGenerated/4p9fF/src/GeneralizedGenerated.jl:2
jl_deserialize_value_array at /workspace/srcdir/src/dump.c:1626
jl_deserialize_value at /workspace/srcdir/src/dump.c:2139
jl_deserialize_value_module at /workspace/srcdir/src/dump.c:1900 [inlined]
jl_deserialize_value at /workspace/srcdir/src/dump.c:2195
jl_deserialize_value_any at /workspace/srcdir/src/dump.c:2037 [inlined]
jl_deserialize_value at /workspace/srcdir/src/dump.c:2279
jl_deserialize_datatype at /workspace/srcdir/src/dump.c:1531 [inlined]
jl_deserialize_value at /workspace/srcdir/src/dump.c:2276
jl_deserialize_value_svec at /workspace/srcdir/src/dump.c:1558 [inlined]
jl_deserialize_value at /workspace/srcdir/src/dump.c:2118
jl_deserialize_datatype at /workspace/srcdir/src/dump.c:1535 [inlined]
jl_deserialize_value at /workspace/srcdir/src/dump.c:2276
jl_deserialize_value_svec at /workspace/srcdir/src/dump.c:1558 [inlined]
jl_deserialize_value at /workspace/srcdir/src/dump.c:2118
jl_deserialize_datatype at /workspace/srcdir/src/dump.c:1535 [inlined]
jl_deserialize_value at /workspace/srcdir/src/dump.c:2276
jl_deserialize_value_code_instance at /workspace/srcdir/src/dump.c:1860 [inlined]
jl_deserialize_value at /workspace/srcdir/src/dump.c:2193
jl_deserialize_value_method_instance at /workspace/srcdir/src/dump.c:1836 [inlined]
jl_deserialize_value at /workspace/srcdir/src/dump.c:2191
jl_deserialize_value_svec at /workspace/srcdir/src/dump.c:1558 [inlined]
jl_deserialize_value at /workspace/srcdir/src/dump.c:2118
jl_deserialize_value_method at /workspace/srcdir/src/dump.c:1759 [inlined]
jl_deserialize_value at /workspace/srcdir/src/dump.c:2189
jl_deserialize_struct at /workspace/srcdir/src/dump.c:1989 [inlined]
jl_deserialize_value_any at /workspace/srcdir/src/dump.c:2074 [inlined]
jl_deserialize_value at /workspace/srcdir/src/dump.c:2279
jl_deserialize_struct at /workspace/srcdir/src/dump.c:1989 [inlined]
jl_deserialize_value_any at /workspace/srcdir/src/dump.c:2074 [inlined]
jl_deserialize_value at /workspace/srcdir/src/dump.c:2279
jl_deserialize_value_any at /workspace/srcdir/src/dump.c:2046 [inlined]
jl_deserialize_value at /workspace/srcdir/src/dump.c:2279
jl_deserialize_datatype at /workspace/srcdir/src/dump.c:1531 [inlined]
jl_deserialize_value at /workspace/srcdir/src/dump.c:2276
jl_deserialize_value_singleton at /workspace/srcdir/src/dump.c:1971 [inlined]
jl_deserialize_value at /workspace/srcdir/src/dump.c:2233
jl_deserialize_struct at /workspace/srcdir/src/dump.c:1989 [inlined]
jl_deserialize_value_any at /workspace/srcdir/src/dump.c:2074 [inlined]
jl_deserialize_value at /workspace/srcdir/src/dump.c:2279
jl_deserialize_value_any at /workspace/srcdir/src/dump.c:2046 [inlined]
jl_deserialize_value at /workspace/srcdir/src/dump.c:2279
jl_deserialize_datatype at /workspace/srcdir/src/dump.c:1531 [inlined]
jl_deserialize_value at /workspace/srcdir/src/dump.c:2276
jl_deserialize_value_svec at /workspace/srcdir/src/dump.c:1558 [inlined]
jl_deserialize_value at /workspace/srcdir/src/dump.c:2118
jl_deserialize_datatype at /workspace/srcdir/src/dump.c:1535 [inlined]
jl_deserialize_value at /workspace/srcdir/src/dump.c:2276
jl_deserialize_struct at /workspace/srcdir/src/dump.c:1989 [inlined]
jl_deserialize_value_any at /workspace/srcdir/src/dump.c:2074 [inlined]
jl_deserialize_value at /workspace/srcdir/src/dump.c:2279
jl_deserialize_struct at /workspace/srcdir/src/dump.c:1989 [inlined]
jl_deserialize_value_any at /workspace/srcdir/src/dump.c:2074 [inlined]
jl_deserialize_value at /workspace/srcdir/src/dump.c:2279
jl_deserialize_value_any at /workspace/srcdir/src/dump.c:2046 [inlined]
jl_deserialize_value at /workspace/srcdir/src/dump.c:2279
jl_deserialize_datatype at /workspace/srcdir/src/dump.c:1531 [inlined]
jl_deserialize_value at /workspace/srcdir/src/dump.c:2276
jl_deserialize_value_module at /workspace/srcdir/src/dump.c:1900 [inlined]
jl_deserialize_value at /workspace/srcdir/src/dump.c:2195
jl_deserialize_value_any at /workspace/srcdir/src/dump.c:2037 [inlined]
jl_deserialize_value at /workspace/srcdir/src/dump.c:2279
jl_deserialize_datatype at /workspace/srcdir/src/dump.c:1531 [inlined]
jl_deserialize_value at /workspace/srcdir/src/dump.c:2276
jl_deserialize_value_svec at /workspace/srcdir/src/dump.c:1558 [inlined]
jl_deserialize_value at /workspace/srcdir/src/dump.c:2118
jl_deserialize_datatype at /workspace/srcdir/src/dump.c:1535 [inlined]
jl_deserialize_value at /workspace/srcdir/src/dump.c:2276
jl_deserialize_value_method_instance at /workspace/srcdir/src/dump.c:1815 [inlined]
jl_deserialize_value at /workspace/srcdir/src/dump.c:2191
jl_deserialize_value_array at /workspace/srcdir/src/dump.c:1620
jl_deserialize_value at /workspace/srcdir/src/dump.c:2139
jl_deserialize_value_method_instance at /workspace/srcdir/src/dump.c:1833 [inlined]
jl_deserialize_value at /workspace/srcdir/src/dump.c:2191
jl_deserialize_value_svec at /workspace/srcdir/src/dump.c:1558 [inlined]
jl_deserialize_value at /workspace/srcdir/src/dump.c:2118
jl_deserialize_value_method at /workspace/srcdir/src/dump.c:1759 [inlined]
jl_deserialize_value at /workspace/srcdir/src/dump.c:2189
jl_deserialize_struct at /workspace/srcdir/src/dump.c:1989 [inlined]
jl_deserialize_value_any at /workspace/srcdir/src/dump.c:2074 [inlined]
jl_deserialize_value at /workspace/srcdir/src/dump.c:2279
jl_deserialize_struct at /workspace/srcdir/src/dump.c:1989 [inlined]
jl_deserialize_value_any at /workspace/srcdir/src/dump.c:2074 [inlined]
jl_deserialize_value at /workspace/srcdir/src/dump.c:2279
jl_deserialize_value_any at /workspace/srcdir/src/dump.c:2046 [inlined]
jl_deserialize_value at /workspace/srcdir/src/dump.c:2279
jl_deserialize_datatype at /workspace/srcdir/src/dump.c:1531 [inlined]
jl_deserialize_value at /workspace/srcdir/src/dump.c:2276
jl_deserialize_value_svec at /workspace/srcdir/src/dump.c:1558 [inlined]
jl_deserialize_value at /workspace/srcdir/src/dump.c:2118
jl_deserialize_datatype at /workspace/srcdir/src/dump.c:1535 [inlined]
jl_deserialize_value at /workspace/srcdir/src/dump.c:2276
jl_deserialize_value_svec at /workspace/srcdir/src/dump.c:1558 [inlined]
jl_deserialize_value at /workspace/srcdir/src/dump.c:2118
jl_deserialize_datatype at /workspace/srcdir/src/dump.c:1535 [inlined]
jl_deserialize_value at /workspace/srcdir/src/dump.c:2276
jl_deserialize_value_method_instance at /workspace/srcdir/src/dump.c:1815 [inlined]
jl_deserialize_value at /workspace/srcdir/src/dump.c:2191
jl_deserialize_value_svec at /workspace/srcdir/src/dump.c:1558 [inlined]
jl_deserialize_value at /workspace/srcdir/src/dump.c:2118
jl_deserialize_value_method at /workspace/srcdir/src/dump.c:1759 [inlined]
jl_deserialize_value at /workspace/srcdir/src/dump.c:2189
jl_deserialize_struct at /workspace/srcdir/src/dump.c:1989 [inlined]
jl_deserialize_value_any at /workspace/srcdir/src/dump.c:2074 [inlined]
jl_deserialize_value at /workspace/srcdir/src/dump.c:2279
jl_deserialize_struct at /workspace/srcdir/src/dump.c:1989 [inlined]
jl_deserialize_value_any at /workspace/srcdir/src/dump.c:2074 [inlined]
jl_deserialize_value at /workspace/srcdir/src/dump.c:2279
jl_deserialize_value_any at /workspace/srcdir/src/dump.c:2046 [inlined]
jl_deserialize_value at /workspace/srcdir/src/dump.c:2279
jl_deserialize_datatype at /workspace/srcdir/src/dump.c:1531 [inlined]
jl_deserialize_value at /workspace/srcdir/src/dump.c:2276
jl_deserialize_value at /workspace/srcdir/src/dump.c:2173
jl_deserialize_value at /workspace/srcdir/src/dump.c:2173
jl_deserialize_value at /workspace/srcdir/src/dump.c:2173
jl_deserialize_value at /workspace/srcdir/src/dump.c:2173
jl_deserialize_value at /workspace/srcdir/src/dump.c:2173
jl_deserialize_value at /workspace/srcdir/src/dump.c:2173
jl_deserialize_value at /workspace/srcdir/src/dump.c:2173
jl_deserialize_value at /workspace/srcdir/src/dump.c:2173
jl_deserialize_value at /workspace/srcdir/src/dump.c:2173
jl_deserialize_value at /workspace/srcdir/src/dump.c:2173
jl_deserialize_value_module at /workspace/srcdir/src/dump.c:1900 [inlined]
jl_deserialize_value at /workspace/srcdir/src/dump.c:2195
jl_deserialize_value_module at /workspace/srcdir/src/dump.c:1905 [inlined]
jl_deserialize_value at /workspace/srcdir/src/dump.c:2195
jl_deserialize_value_module at /workspace/srcdir/src/dump.c:1892 [inlined]
jl_deserialize_value at /workspace/srcdir/src/dump.c:2195
jl_deserialize_value_array at /workspace/srcdir/src/dump.c:1620
jl_deserialize_value at /workspace/srcdir/src/dump.c:2139
_jl_restore_incremental at /workspace/srcdir/src/dump.c:3231
jl_restore_incremental at /workspace/srcdir/src/dump.c:3299
_include_from_serialized at ./loading.jl:681
_require_search_from_serialized at ./loading.jl:782
_require at ./loading.jl:1007
require at ./loading.jl:928
require at ./loading.jl:923
_jl_invoke at /workspace/srcdir/src/gf.c:2214 [inlined]
jl_apply_generic at /workspace/srcdir/src/gf.c:2398
jl_apply at /workspace/srcdir/src/julia.h:1690 [inlined]
call_require at /workspace/srcdir/src/toplevel.c:425 [inlined]
eval_import_path at /workspace/srcdir/src/toplevel.c:462
jl_toplevel_eval_flex at /workspace/srcdir/src/toplevel.c:682
jl_eval_module_expr at /workspace/srcdir/src/toplevel.c:197
jl_toplevel_eval_flex at /workspace/srcdir/src/toplevel.c:666
jl_parse_eval_all at /workspace/srcdir/src/ast.c:913
jl_load_rewrite at /workspace/srcdir/src/toplevel.c:914
include at ./Base.jl:380
include at ./Base.jl:368
_jl_invoke at /workspace/srcdir/src/gf.c:2214 [inlined]
jl_apply_generic at /workspace/srcdir/src/gf.c:2398
jl_apply at /workspace/srcdir/src/julia.h:1690 [inlined]
do_call at /workspace/srcdir/src/interpreter.c:117
eval_value at /workspace/srcdir/src/interpreter.c:206
eval_stmt_value at /workspace/srcdir/src/interpreter.c:157 [inlined]
eval_body at /workspace/srcdir/src/interpreter.c:566
eval_body at /workspace/srcdir/src/interpreter.c:492
jl_interpret_toplevel_thunk at /workspace/srcdir/src/interpreter.c:660
jl_toplevel_eval_flex at /workspace/srcdir/src/toplevel.c:840
jl_toplevel_eval_in at /workspace/srcdir/src/toplevel.c:883
eval at ./boot.jl:331 [inlined]
eval at ./client.jl:467
_jl_invoke at /workspace/srcdir/src/gf.c:2214 [inlined]
jl_apply_generic at /workspace/srcdir/src/gf.c:2398
top-level scope at ./none:3
jl_toplevel_eval_flex at /workspace/srcdir/src/toplevel.c:834
jl_toplevel_eval_flex at /workspace/srcdir/src/toplevel.c:790
jl_toplevel_eval_in at /workspace/srcdir/src/toplevel.c:883
eval at ./boot.jl:331
_jl_invoke at /workspace/srcdir/src/gf.c:2214 [inlined]
jl_apply_generic at /workspace/srcdir/src/gf.c:2398
exec_options at ./client.jl:272
_start at ./client.jl:506
jfptr__start_55847.clone_1 at /opt/julia/lib/julia/sys.so (unknown line)
_jl_invoke at /workspace/srcdir/src/gf.c:2214 [inlined]
jl_apply_generic at /workspace/srcdir/src/gf.c:2398
jl_apply at /workspace/srcdir/ui/../src/julia.h:1690 [inlined]
true_main at /workspace/srcdir/ui/repl.c:106
main at /workspace/srcdir/ui/repl.c:227
__libc_start_main at /lib/x86_64-linux-gnu/libc.so.6 (unknown line)
unknown function (ip: 0x4015e4)
Allocations: 2543 (Pool: 2534; Big: 9); GC: 0
ERROR: LoadError: Failed to precompile GeneralizedGenerated [6b9d7cbe-bcb9-11e9-073f-15a7a543e2eb] to /home/pkgeval/.julia/compiled/v1.5/GeneralizedGenerated/1AXdM_9vzTx.ji.
Stacktrace:
 [1] error(::String) at ./error.jl:33
 [2] compilecache(::Base.PkgId, ::String) at ./loading.jl:1305
 [3] _require(::Base.PkgId) at ./loading.jl:1030
 [4] require(::Base.PkgId) at ./loading.jl:928
 [5] require(::Module, ::Symbol) at ./loading.jl:923
 [6] include(::Function, ::Module, ::String) at ./Base.jl:380
 [7] include(::Module, ::String) at ./Base.jl:368
 [8] top-level scope at none:2
 [9] eval at ./boot.jl:331 [inlined]
 [10] eval(::Expr) at ./client.jl:467
 [11] top-level scope at ./none:3
in expression starting at /home/pkgeval/.julia/packages/ModelingToolkit/MohAp/src/ModelingToolkit.jl:13
ERROR: LoadError: Failed to precompile ModelingToolkit [961ee093-0014-501f-94e3-6117800e7a78] to /home/pkgeval/.julia/compiled/v1.5/ModelingToolkit/Qmdqu_9vzTx.ji.
Stacktrace:
 [1] error(::String) at ./error.jl:33
 [2] compilecache(::Base.PkgId, ::String) at ./loading.jl:1305
 [3] _require(::Base.PkgId) at ./loading.jl:1030
 [4] require(::Base.PkgId) at ./loading.jl:928
 [5] require(::Module, ::Symbol) at ./loading.jl:923
 [6] include(::Function, ::Module, ::String) at ./Base.jl:380
 [7] include(::Module, ::String) at ./Base.jl:368
 [8] top-level scope at none:2
 [9] eval at ./boot.jl:331 [inlined]
 [10] eval(::Expr) at ./client.jl:467
 [11] top-level scope at ./none:3
in expression starting at /home/pkgeval/.julia/packages/DiffEqOperators/QiB3a/src/DiffEqOperators.jl:8
[1mInfo[0m quantecon-notebooks-julia 0.8.0 activated, master requested
    Testing InstantiateFromURL tests passed 
