Julia Version 1.5.2-pre.0
Commit c4acbf93fb (2020-08-26 10:58 UTC)
Platform Info:
  OS: Linux (x86_64-pc-linux-gnu)
  CPU: Intel(R) Xeon(R) Silver 4114 CPU @ 2.20GHz
  WORD_SIZE: 64
  LIBM: libopenlibm
  LLVM: libLLVM-9.0.1 (ORCJIT, skylake-avx512)
Environment:
  JULIA_DEPOT_PATH = ::/usr/local/share/julia
  JULIA_NUM_THREADS = 2

  Resolving package versions...
  Installed Expokit ─ v0.2.0
Updating `~/.julia/environments/v1.5/Project.toml`
  [a1e7a1ef] + Expokit v0.2.0
Updating `~/.julia/environments/v1.5/Manifest.toml`
  [a1e7a1ef] + Expokit v0.2.0
  [2a0f44e3] + Base64
  [8ba89e20] + Distributed
  [b77e0a4c] + InteractiveUtils
  [8f399da3] + Libdl
  [37e2e46d] + LinearAlgebra
  [56ddb016] + Logging
  [d6f4376e] + Markdown
  [9a3f8284] + Random
  [9e88b42a] + Serialization
  [6462fe0b] + Sockets
  [2f01184e] + SparseArrays
  [8dfed614] + Test
    Testing Expokit
Status `/tmp/jl_9i9evj/Project.toml`
  [a1e7a1ef] Expokit v0.2.0
  [37e2e46d] LinearAlgebra
  [2f01184e] SparseArrays
  [8dfed614] Test
Status `/tmp/jl_9i9evj/Manifest.toml`
  [a1e7a1ef] Expokit v0.2.0
  [2a0f44e3] Base64
  [8ba89e20] Distributed
  [b77e0a4c] InteractiveUtils
  [8f399da3] Libdl
  [37e2e46d] LinearAlgebra
  [56ddb016] Logging
  [d6f4376e] Markdown
  [9a3f8284] Random
  [9e88b42a] Serialization
  [6462fe0b] Sockets
  [2f01184e] SparseArrays
  [8dfed614] Test
testing real n=100 (first expmv, then expm)
residuum: 2.8337295406346067e-15
time dif: -0.5236094789999999

testing complex n=100 (first expmv, then expm)
residuum: 7.853225273829838e-16
time dif: -1.3358641949999999

testing real n=1000 (first expmv, then expm)
residuum: 7.637911978066232e-11
time dif: -10.986058743000001

testing complex n=1000 (first expmv, then expm)
residuum: 1.530642806845925e-14
time dif: -14.101602306

testing linear operator n=1000 (first expmv, then expm)
┌ Warning: opnorm(LinearOp, Inf) is not defined, fall back to using `anorm = 1.0`.
│ To suppress this warning, please specify the `anorm` keyword manually.
└ @ Expokit ~/.julia/packages/Expokit/fQbKs/src/expmv.jl:8
residuum: 5.382298617751871e-14
time dif: 0.7733895339999997

testing 2x2 cases
residua: 1.1102230246251565e-16, 0.0

testing real n=1000 (first padm, then expm)
residuum: 1.325081246572934e-16
time dif: 2.6580033579999993

testing complex n=100 (first padm, then expm)
residuum: 3.390697000324946e-16
time dif: -2.6432206629999992

testing real n=100 (first chbv, then expm)
residuum: 2.875759749772746e-12
time dif: 11.866100422999999

testing complex n=100 (first chbv, then expm)
residuum: 2.9120383600198904e-12
time dif: 24.409670913

testing real n=1000 (first chbv, then expm)
residuum: 4.510838668220382e-12
time dif: 38.690087001

testing real n=100 (first phimv, then expm)
residuum: 8.380989158701535e-16
time dif: -0.915786641

testing complex n=100 (first phimv, then expm)
residuum: 1.483587384249279e-15
time dif: -0.7319658429999998

testing real n=1000 (first phimv, then expm)
residuum: 3.9158393334099664e-14
time dif: -10.958905241

testing complex n=1000 (first phimv, then expm)
residuum: 1.7223127686105114e-14
time dif: -14.097714005999999

testing real n=1000 (first phimv, then expm), the linear operator version.
┌ Warning: opnorm(LinearOp, Inf) is not defined, fall back to using `anorm = 1.0`.
│ To suppress this warning, please specify the `anorm` keyword manually.
└ @ Expokit ~/.julia/packages/Expokit/fQbKs/src/expmv.jl:8
┌ Warning: opnorm(LinearOp, Inf) is not defined, fall back to using `anorm = 1.0`.
│ To suppress this warning, please specify the `anorm` keyword manually.
└ @ Expokit ~/.julia/packages/Expokit/fQbKs/src/expmv.jl:8
residuum: 2.5819336707472113e-14
time dif: -12.76222839

    Testing Expokit tests passed 
