Julia Version 1.3.0
Commit 46ce4d7933 (2019-11-26 06:09 UTC)
Platform Info:
  OS: Linux (x86_64-pc-linux-gnu)
  CPU: Intel(R) Xeon(R) Silver 4114 CPU @ 2.20GHz
  WORD_SIZE: 64
  LIBM: libopenlibm
  LLVM: libLLVM-6.0.1 (ORCJIT, skylake)

   Cloning default registries into `~/.julia`
   Cloning registry from "https://github.com/JuliaRegistries/General.git"
[?25l    Fetching: [>                                        ]  0.0 %    Fetching: [===============>                         ]  36.4 %    Fetching: [===============================>         ]  75.4 %[2K[?25h     Added registry `General` to `~/.julia/registries/General`
 Resolving package versions...
 Installed RecipesBase ───────── v0.7.0
 Installed FastRounding ──────── v0.2.0
 Installed ErrorfreeArithmetic ─ v0.4.0
 Installed CRlibm ────────────── v0.7.1
 Installed IntervalMatrices ──── v0.2.3
 Installed StaticArrays ──────── v0.12.1
 Installed IntervalArithmetic ── v0.16.1
 Installed SetRounding ───────── v0.2.0
 Installed Reexport ──────────── v0.2.0
  Updating `~/.julia/environments/v1.3/Project.toml`
  [5c1f47dc] + IntervalMatrices v0.2.3
  Updating `~/.julia/environments/v1.3/Manifest.toml`
  [96374032] + CRlibm v0.7.1
  [90fa49ef] + ErrorfreeArithmetic v0.4.0
  [fa42c844] + FastRounding v0.2.0
  [d1acc4aa] + IntervalArithmetic v0.16.1
  [5c1f47dc] + IntervalMatrices v0.2.3
  [3cdcf5f2] + RecipesBase v0.7.0
  [189a3867] + Reexport v0.2.0
  [3cc68bcd] + SetRounding v0.2.0
  [90137ffa] + StaticArrays v0.12.1
  [2a0f44e3] + Base64 
  [ade2ca70] + Dates 
  [8ba89e20] + Distributed 
  [b77e0a4c] + InteractiveUtils 
  [76f85450] + LibGit2 
  [8f399da3] + Libdl 
  [37e2e46d] + LinearAlgebra 
  [56ddb016] + Logging 
  [d6f4376e] + Markdown 
  [44cfe95a] + Pkg 
  [de0858da] + Printf 
  [3fa0cd96] + REPL 
  [9a3f8284] + Random 
  [ea8e919c] + SHA 
  [9e88b42a] + Serialization 
  [6462fe0b] + Sockets 
  [2f01184e] + SparseArrays 
  [10745b16] + Statistics 
  [8dfed614] + Test 
  [cf7118a7] + UUIDs 
  [4ec0a83e] + Unicode 
  Building CRlibm → `~/.julia/packages/CRlibm/2S9DB/deps/build.log`
   Testing IntervalMatrices
 Resolving package versions...
    Status `/tmp/jl_uqkNXY/Manifest.toml`
  [96374032] CRlibm v0.7.1
  [90fa49ef] ErrorfreeArithmetic v0.4.0
  [fa42c844] FastRounding v0.2.0
  [d1acc4aa] IntervalArithmetic v0.16.1
  [5c1f47dc] IntervalMatrices v0.2.3
  [3cdcf5f2] RecipesBase v0.7.0
  [189a3867] Reexport v0.2.0
  [3cc68bcd] SetRounding v0.2.0
  [90137ffa] StaticArrays v0.12.1
  [2a0f44e3] Base64  [`@stdlib/Base64`]
  [ade2ca70] Dates  [`@stdlib/Dates`]
  [8ba89e20] Distributed  [`@stdlib/Distributed`]
  [b77e0a4c] InteractiveUtils  [`@stdlib/InteractiveUtils`]
  [76f85450] LibGit2  [`@stdlib/LibGit2`]
  [8f399da3] Libdl  [`@stdlib/Libdl`]
  [37e2e46d] LinearAlgebra  [`@stdlib/LinearAlgebra`]
  [56ddb016] Logging  [`@stdlib/Logging`]
  [d6f4376e] Markdown  [`@stdlib/Markdown`]
  [44cfe95a] Pkg  [`@stdlib/Pkg`]
  [de0858da] Printf  [`@stdlib/Printf`]
  [3fa0cd96] REPL  [`@stdlib/REPL`]
  [9a3f8284] Random  [`@stdlib/Random`]
  [ea8e919c] SHA  [`@stdlib/SHA`]
  [9e88b42a] Serialization  [`@stdlib/Serialization`]
  [6462fe0b] Sockets  [`@stdlib/Sockets`]
  [2f01184e] SparseArrays  [`@stdlib/SparseArrays`]
  [10745b16] Statistics  [`@stdlib/Statistics`]
  [8dfed614] Test  [`@stdlib/Test`]
  [cf7118a7] UUIDs  [`@stdlib/UUIDs`]
  [4ec0a83e] Unicode  [`@stdlib/Unicode`]
Test Summary:       | Pass  Total
Interval arithmetic |    4      4
Test Summary:              | Pass  Total
Interval matrix arithmetic |    5      5
Test Summary:           | Pass  Total
Interval matrix methods |    3      3
Test Summary:               | Pass  Total
Interval matrix exponential |    1      1
Test Summary:         | Pass  Total
Interval matrix split |    2      2
Test Summary:              | Pass  Total
Interval matrix membership |    2      2
Test Summary:        | Pass  Total
Interval matrix rand |    3      3
Test Summary:        |
Interval matrix rand | No tests
   Testing IntervalMatrices tests passed 
