Julia Version 1.4.0
Commit b8e9a9ecc6 (2020-03-21 16:36 UTC)
Platform Info:
  OS: Linux (x86_64-linux-gnu)
  CPU: Intel(R) Xeon(R) Silver 4114 CPU @ 2.20GHz
  WORD_SIZE: 64
  LIBM: libopenlibm
  LLVM: libLLVM-8.0.1 (ORCJIT, skylake)
Environment:
  JULIA_DEPOT_PATH = ::/usr/local/share/julia
  JULIA_NUM_THREADS = 2

  Resolving package versions...
  Installed CompilerSupportLibraries_jll ─ v0.3.3+0
  Installed SortingAlgorithms ──────────── v0.3.1
  Installed DataValueInterfaces ────────── v1.0.0
  Installed PooledArrays ───────────────── v0.5.3
  Installed Compat ─────────────────────── v3.8.0
  Installed Tables ─────────────────────── v1.0.3
  Installed GEMPIC ─────────────────────── v0.1.0
  Installed CategoricalArrays ──────────── v0.7.7
  Installed InvertedIndices ────────────── v1.0.0
  Installed PDMats ─────────────────────── v0.9.12
  Installed FFTW_jll ───────────────────── v3.3.9+5
  Installed DataAPI ────────────────────── v1.1.0
  Installed Rmath ──────────────────────── v0.6.1
  Installed FillArrays ─────────────────── v0.8.7
  Installed QuadGK ─────────────────────── v2.3.1
  Installed Distributions ──────────────── v0.23.2
  Installed OrderedCollections ─────────── v1.1.0
  Installed JSON ───────────────────────── v0.21.0
  Installed FFTW ───────────────────────── v1.2.0
  Installed Missings ───────────────────── v0.4.3
  Installed Rmath_jll ──────────────────── v0.2.2+0
  Installed Reexport ───────────────────── v0.2.0
  Installed SpecialFunctions ───────────── v0.10.0
  Installed StaticArrays ───────────────── v0.12.1
  Installed DataStructures ─────────────── v0.17.11
  Installed StatsBase ──────────────────── v0.33.0
  Installed StatsFuns ──────────────────── v0.9.4
  Installed Arpack ─────────────────────── v0.4.0
  Installed DataFrames ─────────────────── v0.20.2
  Installed OpenBLAS_jll ───────────────── v0.3.9+2
  Installed AbstractFFTs ───────────────── v0.5.0
  Installed IteratorInterfaceExtensions ── v1.0.0
  Installed Arpack_jll ─────────────────── v3.5.0+3
  Installed IntelOpenMP_jll ────────────── v2018.0.3+0
  Installed OpenSpecFun_jll ────────────── v0.5.3+3
  Installed MKL_jll ────────────────────── v2019.0.117+2
  Installed FastGaussQuadrature ────────── v0.4.2
  Installed Parsers ────────────────────── v1.0.1
  Installed TableTraits ────────────────── v1.0.0
  Installed Sobol ──────────────────────── v1.3.0
   Updating `~/.julia/environments/v1.4/Project.toml`
  [b6d65c3a] + GEMPIC v0.1.0
   Updating `~/.julia/environments/v1.4/Manifest.toml`
  [621f4979] + AbstractFFTs v0.5.0
  [7d9fca2a] + Arpack v0.4.0
  [68821587] + Arpack_jll v3.5.0+3
  [324d7699] + CategoricalArrays v0.7.7
  [34da2185] + Compat v3.8.0
  [e66e0078] + CompilerSupportLibraries_jll v0.3.3+0
  [9a962f9c] + DataAPI v1.1.0
  [a93c6f00] + DataFrames v0.20.2
  [864edb3b] + DataStructures v0.17.11
  [e2d170a0] + DataValueInterfaces v1.0.0
  [31c24e10] + Distributions v0.23.2
  [7a1cc6ca] + FFTW v1.2.0
  [f5851436] + FFTW_jll v3.3.9+5
  [442a2c76] + FastGaussQuadrature v0.4.2
  [1a297f60] + FillArrays v0.8.7
  [b6d65c3a] + GEMPIC v0.1.0
  [1d5cc7b8] + IntelOpenMP_jll v2018.0.3+0
  [41ab1584] + InvertedIndices v1.0.0
  [82899510] + IteratorInterfaceExtensions v1.0.0
  [682c06a0] + JSON v0.21.0
  [856f044c] + MKL_jll v2019.0.117+2
  [e1d29d7a] + Missings v0.4.3
  [4536629a] + OpenBLAS_jll v0.3.9+2
  [efe28fd5] + OpenSpecFun_jll v0.5.3+3
  [bac558e1] + OrderedCollections v1.1.0
  [90014a1f] + PDMats v0.9.12
  [69de0a69] + Parsers v1.0.1
  [2dfb63ee] + PooledArrays v0.5.3
  [1fd47b50] + QuadGK v2.3.1
  [189a3867] + Reexport v0.2.0
  [79098fc4] + Rmath v0.6.1
  [f50d1b31] + Rmath_jll v0.2.2+0
  [ed01d8cd] + Sobol v1.3.0
  [a2af1166] + SortingAlgorithms v0.3.1
  [276daf66] + SpecialFunctions v0.10.0
  [90137ffa] + StaticArrays v0.12.1
  [2913bbd2] + StatsBase v0.33.0
  [4c63d2b9] + StatsFuns v0.9.4
  [3783bdb8] + TableTraits v1.0.0
  [bd369af6] + Tables v1.0.3
  [2a0f44e3] + Base64 
  [ade2ca70] + Dates 
  [8bb1440f] + DelimitedFiles 
  [8ba89e20] + Distributed 
  [9fa8497b] + Future 
  [b77e0a4c] + InteractiveUtils 
  [76f85450] + LibGit2 
  [8f399da3] + Libdl 
  [37e2e46d] + LinearAlgebra 
  [56ddb016] + Logging 
  [d6f4376e] + Markdown 
  [a63ad114] + Mmap 
  [44cfe95a] + Pkg 
  [de0858da] + Printf 
  [3fa0cd96] + REPL 
  [9a3f8284] + Random 
  [ea8e919c] + SHA 
  [9e88b42a] + Serialization 
  [1a1011a3] + SharedArrays 
  [6462fe0b] + Sockets 
  [2f01184e] + SparseArrays 
  [10745b16] + Statistics 
  [4607b0f0] + SuiteSparse 
  [8dfed614] + Test 
  [cf7118a7] + UUIDs 
  [4ec0a83e] + Unicode 
   Building FFTW → `~/.julia/packages/FFTW/qqcBj/deps/build.log`
    Testing GEMPIC
Status `/tmp/jl_reWR6c/Manifest.toml`
  [621f4979] AbstractFFTs v0.5.0
  [7d9fca2a] Arpack v0.4.0
  [68821587] Arpack_jll v3.5.0+3
  [324d7699] CategoricalArrays v0.7.7
  [34da2185] Compat v3.8.0
  [e66e0078] CompilerSupportLibraries_jll v0.3.3+0
  [9a962f9c] DataAPI v1.1.0
  [a93c6f00] DataFrames v0.20.2
  [864edb3b] DataStructures v0.17.11
  [e2d170a0] DataValueInterfaces v1.0.0
  [31c24e10] Distributions v0.23.2
  [7a1cc6ca] FFTW v1.2.0
  [f5851436] FFTW_jll v3.3.9+5
  [442a2c76] FastGaussQuadrature v0.4.2
  [1a297f60] FillArrays v0.8.7
  [b6d65c3a] GEMPIC v0.1.0
  [1d5cc7b8] IntelOpenMP_jll v2018.0.3+0
  [41ab1584] InvertedIndices v1.0.0
  [82899510] IteratorInterfaceExtensions v1.0.0
  [682c06a0] JSON v0.21.0
  [856f044c] MKL_jll v2019.0.117+2
  [e1d29d7a] Missings v0.4.3
  [4536629a] OpenBLAS_jll v0.3.9+2
  [efe28fd5] OpenSpecFun_jll v0.5.3+3
  [bac558e1] OrderedCollections v1.1.0
  [90014a1f] PDMats v0.9.12
  [69de0a69] Parsers v1.0.1
  [2dfb63ee] PooledArrays v0.5.3
  [1fd47b50] QuadGK v2.3.1
  [189a3867] Reexport v0.2.0
  [79098fc4] Rmath v0.6.1
  [f50d1b31] Rmath_jll v0.2.2+0
  [ed01d8cd] Sobol v1.3.0
  [a2af1166] SortingAlgorithms v0.3.1
  [276daf66] SpecialFunctions v0.10.0
  [90137ffa] StaticArrays v0.12.1
  [2913bbd2] StatsBase v0.33.0
  [4c63d2b9] StatsFuns v0.9.4
  [3783bdb8] TableTraits v1.0.0
  [bd369af6] Tables v1.0.3
  [2a0f44e3] Base64 
  [ade2ca70] Dates 
  [8bb1440f] DelimitedFiles 
  [8ba89e20] Distributed 
  [9fa8497b] Future 
  [b77e0a4c] InteractiveUtils 
  [76f85450] LibGit2 
  [8f399da3] Libdl 
  [37e2e46d] LinearAlgebra 
  [56ddb016] Logging 
  [d6f4376e] Markdown 
  [a63ad114] Mmap 
  [44cfe95a] Pkg 
  [de0858da] Printf 
  [3fa0cd96] REPL 
  [9a3f8284] Random 
  [ea8e919c] SHA 
  [9e88b42a] Serialization 
  [1a1011a3] SharedArrays 
  [6462fe0b] Sockets 
  [2f01184e] SparseArrays 
  [10745b16] Statistics 
  [4607b0f0] SuiteSparse 
  [8dfed614] Test 
  [cf7118a7] UUIDs 
  [4ec0a83e] Unicode 
thdiag.data = 6×11 DataFrames.DataFrame
│ Row │ Time    │ KineticEnergy │ Momentum1   │ Momentum2   │ PotentialEnergyE1 │ PotentialEnergyE2 │ PotentialEnergyB3 │ Transfer    │ VVB          │ Poynting   │ ErrorPoisson │
│     │ Float64 │ Float64       │ Float64     │ Float64     │ Float64           │ Float64           │ Float64           │ Float64     │ Float64      │ Float64    │ Float64      │
├─────┼─────────┼───────────────┼─────────────┼─────────────┼───────────────────┼───────────────────┼───────────────────┼─────────────┼──────────────┼────────────┼──────────────┤
│ 1   │ 0.0     │ 0.201426      │ 0.0         │ 0.0         │ 2.48154e-7        │ 0.0               │ 2.46528e-8        │ 0.0         │ 0.0          │ 0.0        │ 0.00044278   │
│ 2   │ 0.05    │ 0.201426      │ -1.51216e-8 │ 2.86316e-11 │ 2.53199e-7        │ 9.59964e-11       │ 2.45566e-8        │ -1.73079e-7 │ -4.88475e-11 │ 1.22681e-5 │ 0.000134931  │
│ 3   │ 0.1     │ 0.201426      │ -2.74696e-8 │ 1.14083e-10 │ 3.09189e-7        │ 3.81568e-10       │ 2.42699e-8        │ -1.12404e-6 │ -9.71062e-11 │ 2.44594e-5 │ 0.000504543  │
│ 4   │ 0.15    │ 0.201426      │ -3.46228e-8 │ 2.54945e-10 │ 5.17445e-7        │ 8.49524e-10       │ 2.37978e-8        │ -3.23609e-6 │ -1.44194e-10 │ 3.64981e-5 │ 0.00102219   │
│ 5   │ 0.2     │ 0.201425      │ -3.5211e-8  │ 4.48798e-10 │ 9.89547e-7        │ 1.48808e-9        │ 2.31487e-8        │ -6.3167e-6  │ -1.89541e-10 │ 4.83096e-5 │ 0.00158174   │
│ 6   │ 0.25    │ 0.201425      │ -2.93998e-8 │ 6.92481e-10 │ 1.7895e-6         │ 2.28116e-9        │ 2.23342e-8        │ -9.64283e-6 │ -2.32598e-10 │ 5.98207e-5 │ 0.00238273   │
Test Summary: | Pass  Total
 PIC VM 1D2V  |    5      5
Test Summary: | Pass  Total
 Mesh         |    6      6
Test Summary:  | Pass  Total
 spline pp 1d  |   15     15
 error Poisson  1.2098449631015029e-8 
Test Summary:           | Pass  Total
 Maxwell 1D FEM solver  |   22     22
[ Info: Sobol non symmetric
abs.(mean .- mean_ref) = [7.647948840272534e-5, 0.00012177391556597087, 0.005220915970416795]
abs.(sigma .- sigma_ref) = [3.657929851463848e-5, 3.9451353814680054e-5, 0.017290146481863555]
[ Info: Sobol symmetric
abs.(mean .- mean_ref) = [0.0, 0.0, 0.0]
abs.(sigma .- sigma_ref) = [0.0033103106985361563, 7.298762667330878e-5, 0.012916740649021818]
[ Info: Random non symmetric
abs.(mean .- mean_ref) = [0.0013691850584667264, 5.964889174372698e-5, 0.0009665942507115854]
abs.(sigma .- sigma_ref) = [0.03268925874195716, 6.193896363061203e-5, 0.004852788715179024]
[ Info: Random symmetric
abs.(mean .- mean_ref) = [5.062616992290714e-14, 0.0, 0.0]
abs.(sigma .- sigma_ref) = [0.09673073608386673, 7.520588636120325e-5, 0.04916658648412486]
[ Info: Sobol non symmetric
abs.(mean .- mean_ref) = [7.647948840272534e-5, 0.30026710375054855, 0.29330966001658193]
abs.(sigma .- sigma_ref) = [3.657929851463848e-5, 1.1971307609965702, 0.9070617961907832]
[ Info: Sobol symmetric
abs.(mean .- mean_ref) = [0.0, 8.00000000000245e-5, 8.00000000000245e-5]
abs.(sigma .- sigma_ref) = [0.0033103106985361563, 0.1901080632349137, 0.6692358030593795]
Test Summary: | Pass  Total
Sampling      |    6      6
Test Summary:                           | Pass  Total
 particle-mesh coupling with spline 1d  |    6      6
Test Summary:         | Pass  Total
Hamiltonian splitting |   35     35
Test Summary:               | Pass  Total
Hamiltonian splitting Boris |   11     11
    Testing GEMPIC tests passed 
