Julia Version 1.4.2-pre.13
Commit 58353fd273 (2020-05-10 17:03 UTC)
Platform Info:
  OS: Linux (x86_64-linux-gnu)
  CPU: Intel(R) Xeon(R) Silver 4114 CPU @ 2.20GHz
  WORD_SIZE: 64
  LIBM: libopenlibm
  LLVM: libLLVM-8.0.1 (ORCJIT, skylake)
Environment:
  JULIA_DEPOT_PATH = ::/usr/local/share/julia
  JULIA_NUM_THREADS = 2

  Resolving package versions...
  Installed Reexport ──────────────────── v0.2.0
  Installed CSVReader ─────────────────── v1.0.3
  Installed TableTraits ───────────────── v1.0.0
  Installed IteratorInterfaceExtensions ─ v1.0.0
  Installed DataAPI ───────────────────── v1.3.0
  Installed Parsers ───────────────────── v1.0.3
  Installed Tables ────────────────────── v1.0.4
  Installed OrderedCollections ────────── v1.2.0
  Installed Missings ──────────────────── v0.4.3
  Installed Compat ────────────────────── v3.9.1
  Installed DataValueInterfaces ───────── v1.0.0
  Installed SortingAlgorithms ─────────── v0.3.1
  Installed PooledArrays ──────────────── v0.5.3
  Installed DataStructures ────────────── v0.17.15
  Installed CategoricalArrays ─────────── v0.7.7
  Installed InvertedIndices ───────────── v1.0.0
  Installed JSON ──────────────────────── v0.21.0
  Installed InternedStrings ───────────── v0.7.0
  Installed DataFrames ────────────────── v0.20.2
   Updating `~/.julia/environments/v1.4/Project.toml`
  [6320db66] + CSVReader v1.0.3
   Updating `~/.julia/environments/v1.4/Manifest.toml`
  [6320db66] + CSVReader v1.0.3
  [324d7699] + CategoricalArrays v0.7.7
  [34da2185] + Compat v3.9.1
  [9a962f9c] + DataAPI v1.3.0
  [a93c6f00] + DataFrames v0.20.2
  [864edb3b] + DataStructures v0.17.15
  [e2d170a0] + DataValueInterfaces v1.0.0
  [7d512f48] + InternedStrings v0.7.0
  [41ab1584] + InvertedIndices v1.0.0
  [82899510] + IteratorInterfaceExtensions v1.0.0
  [682c06a0] + JSON v0.21.0
  [e1d29d7a] + Missings v0.4.3
  [bac558e1] + OrderedCollections v1.2.0
  [69de0a69] + Parsers v1.0.3
  [2dfb63ee] + PooledArrays v0.5.3
  [189a3867] + Reexport v0.2.0
  [a2af1166] + SortingAlgorithms v0.3.1
  [3783bdb8] + TableTraits v1.0.0
  [bd369af6] + Tables v1.0.4
  [2a0f44e3] + Base64 
  [ade2ca70] + Dates 
  [8bb1440f] + DelimitedFiles 
  [8ba89e20] + Distributed 
  [9fa8497b] + Future 
  [b77e0a4c] + InteractiveUtils 
  [76f85450] + LibGit2 
  [8f399da3] + Libdl 
  [37e2e46d] + LinearAlgebra 
  [56ddb016] + Logging 
  [d6f4376e] + Markdown 
  [a63ad114] + Mmap 
  [44cfe95a] + Pkg 
  [de0858da] + Printf 
  [3fa0cd96] + REPL 
  [9a3f8284] + Random 
  [ea8e919c] + SHA 
  [9e88b42a] + Serialization 
  [1a1011a3] + SharedArrays 
  [6462fe0b] + Sockets 
  [2f01184e] + SparseArrays 
  [10745b16] + Statistics 
  [8dfed614] + Test 
  [cf7118a7] + UUIDs 
  [4ec0a83e] + Unicode 
    Testing CSVReader
Status `/tmp/jl_Ux6fHz/Manifest.toml`
  [6e4b80f9] BenchmarkTools v0.5.0
  [6320db66] CSVReader v1.0.3
  [324d7699] CategoricalArrays v0.7.7
  [34da2185] Compat v3.9.1
  [9a962f9c] DataAPI v1.3.0
  [a93c6f00] DataFrames v0.20.2
  [864edb3b] DataStructures v0.17.15
  [e2d170a0] DataValueInterfaces v1.0.0
  [7d512f48] InternedStrings v0.7.0
  [41ab1584] InvertedIndices v1.0.0
  [82899510] IteratorInterfaceExtensions v1.0.0
  [682c06a0] JSON v0.21.0
  [e1d29d7a] Missings v0.4.3
  [bac558e1] OrderedCollections v1.2.0
  [69de0a69] Parsers v1.0.3
  [2dfb63ee] PooledArrays v0.5.3
  [189a3867] Reexport v0.2.0
  [a2af1166] SortingAlgorithms v0.3.1
  [3783bdb8] TableTraits v1.0.0
  [bd369af6] Tables v1.0.4
  [2a0f44e3] Base64 
  [ade2ca70] Dates 
  [8bb1440f] DelimitedFiles 
  [8ba89e20] Distributed 
  [9fa8497b] Future 
  [b77e0a4c] InteractiveUtils 
  [76f85450] LibGit2 
  [8f399da3] Libdl 
  [37e2e46d] LinearAlgebra 
  [56ddb016] Logging 
  [d6f4376e] Markdown 
  [a63ad114] Mmap 
  [44cfe95a] Pkg 
  [de0858da] Printf 
  [3fa0cd96] REPL 
  [9a3f8284] Random 
  [ea8e919c] SHA 
  [9e88b42a] Serialization 
  [1a1011a3] SharedArrays 
  [6462fe0b] Sockets 
  [2f01184e] SparseArrays 
  [10745b16] Statistics 
  [8dfed614] Test 
  [cf7118a7] UUIDs 
  [4ec0a83e] Unicode 
2020-05-12T08:55:48.673 generated perf_f3_qf0_s3,10_qs0,0_10.csv
2020-05-12T08:55:48.905 generated perf_f3_qf0_s5,10_qs0,0_10.csv
2020-05-12T08:55:48.907 generated perf_f5_qf0_s3,10_qs0,0_10.csv
2020-05-12T08:55:48.908 generated perf_f5_qf0_s5,10_qs0,0_10.csv
2020-05-12T08:55:48.917 generated perf_f3_qf0_s3,10_qs0,0_1000.csv
2020-05-12T08:55:48.929 generated perf_f3_qf0_s5,10_qs0,0_1000.csv
2020-05-12T08:55:48.982 generated perf_f5_qf0_s3,10_qs0,0_1000.csv
2020-05-12T08:55:48.997 generated perf_f5_qf0_s5,10_qs0,0_1000.csv
2020-05-12T08:55:48.997 [read_csv] performance testing perf_f3_qf0_s3,10_qs0,0_10.csv
  452.380 μs (422 allocations: 23.81 KiB)
2020-05-12T08:56:03.384 [read_csv] performance testing perf_f3_qf0_s5,10_qs0,0_10.csv
  512.832 μs (464 allocations: 26.97 KiB)
2020-05-12T08:56:14.912 [read_csv] performance testing perf_f5_qf0_s3,10_qs0,0_10.csv
  602.447 μs (526 allocations: 29.09 KiB)
2020-05-12T08:56:26.587 [read_csv] performance testing perf_f5_qf0_s5,10_qs0,0_10.csv
  708.472 μs (570 allocations: 32.30 KiB)
2020-05-12T08:56:38.354 [read_csv] performance testing perf_f3_qf0_s3,10_qs0,0_1000.csv
  6.411 ms (22147 allocations: 746.80 KiB)
2020-05-12T08:56:50.141 [read_csv] performance testing perf_f3_qf0_s5,10_qs0,0_1000.csv
  8.883 ms (26127 allocations: 913.38 KiB)
2020-05-12T08:57:01.927 [read_csv] performance testing perf_f5_qf0_s3,10_qs0,0_1000.csv
  9.684 ms (32129 allocations: 1.04 MiB)
2020-05-12T08:57:13.724 [read_csv] performance testing perf_f5_qf0_s5,10_qs0,0_1000.csv
  12.461 ms (36113 allocations: 1.20 MiB)
2020-05-12T08:57:25.223 cleaning up
Test Summary: | Pass  Total
CSVReader     |   15     15
    Testing CSVReader tests passed 
