Julia Version 1.5.2-pre.0
Commit c4acbf93fb (2020-08-26 10:58 UTC)
Platform Info:
  OS: Linux (x86_64-pc-linux-gnu)
  CPU: Intel(R) Xeon(R) Silver 4114 CPU @ 2.20GHz
  WORD_SIZE: 64
  LIBM: libopenlibm
  LLVM: libLLVM-9.0.1 (ORCJIT, skylake-avx512)
Environment:
  JULIA_DEPOT_PATH = ::/usr/local/share/julia
  JULIA_NUM_THREADS = 2

  Resolving package versions...
  Installed ReplMaker ──────── v0.2.3
  Installed AbstractLattices ─ v0.2.1
  Installed AbstractTensors ── v0.5.3
  Installed ReduceLinAlg ───── v0.1.0
  Installed Reduce ─────────── v1.2.7
  Installed ForceImport ────── v0.0.3
  Installed SyntaxTree ─────── v1.0.1
Updating `~/.julia/environments/v1.5/Project.toml`
  [bfcbc1eb] + ReduceLinAlg v0.1.0
Updating `~/.julia/environments/v1.5/Manifest.toml`
  [398f06c4] + AbstractLattices v0.2.1
  [a8e43f4a] + AbstractTensors v0.5.3
  [9dda63f9] + ForceImport v0.0.3
  [93e0c654] + Reduce v1.2.7
  [bfcbc1eb] + ReduceLinAlg v0.1.0
  [b873ce64] + ReplMaker v0.2.3
  [a4af3ec5] + SyntaxTree v1.0.1
  [2a0f44e3] + Base64
  [8ba89e20] + Distributed
  [b77e0a4c] + InteractiveUtils
  [8f399da3] + Libdl
  [37e2e46d] + LinearAlgebra
  [56ddb016] + Logging
  [d6f4376e] + Markdown
  [3fa0cd96] + REPL
  [9a3f8284] + Random
  [9e88b42a] + Serialization
  [6462fe0b] + Sockets
  [8dfed614] + Test
  [4ec0a83e] + Unicode
   Building Reduce → `~/.julia/packages/Reduce/HgVTl/deps/build.log`
┌ Error: Error building `Reduce`: 
│ 
│ gzip: stdin: not in gzip format
│ tar: Child returned status 1
│ tar: Error is not recoverable: exiting now
│ ERROR: LoadError: failed process: Process(`tar -xvf reduce.tar.gz`, ProcessExited(2)) [2]
│ 
│ Stacktrace:
│  [1] pipeline_error at ./process.jl:525 [inlined]
│  [2] run(::Cmd; wait::Bool) at ./process.jl:440
│  [3] run(::Cmd) at ./process.jl:438
│  [4] top-level scope at /home/pkgeval/.julia/packages/Reduce/HgVTl/deps/build.jl:61
│  [5] include(::String) at ./client.jl:457
│  [6] top-level scope at none:5
│ in expression starting at /home/pkgeval/.julia/packages/Reduce/HgVTl/deps/build.jl:30
│ caused by [exception 2]
│ IOError: could not spawn `/home/pkgeval/.julia/packages/Reduce/HgVTl/deps/usr/bin/redcsl`: no such file or directory (ENOENT)
│ Stacktrace:
│  [1] _spawn_primitive(::String, ::Cmd, ::Array{Any,1}) at ./process.jl:99
│  [2] #585 at ./process.jl:112 [inlined]
│  [3] setup_stdios(::Base.var"#585#586"{Cmd}, ::Array{Any,1}) at ./process.jl:196
│  [4] _spawn at ./process.jl:111 [inlined]
│  [5] _spawn(::Base.CmdRedirect, ::Array{Any,1}) at ./process.jl:139 (repeats 3 times)
│  [6] run(::Base.CmdRedirect; wait::Bool) at ./process.jl:443
│  [7] _spawn(::Cmd, ::Base.DevNull, ::Base.DevNull) at /home/pkgeval/.julia/packages/Reduce/HgVTl/deps/svn.jl:25 (repeats 2 times)
│  [8] top-level scope at /home/pkgeval/.julia/packages/Reduce/HgVTl/deps/build.jl:43
│  [9] include(::String) at ./client.jl:457
│  [10] top-level scope at none:5
│ caused by [exception 1]
│ IOError: could not spawn `redcsl`: no such file or directory (ENOENT)
│ Stacktrace:
│  [1] _spawn_primitive(::String, ::Cmd, ::Array{Any,1}) at ./process.jl:99
│  [2] #585 at ./process.jl:112 [inlined]
│  [3] setup_stdios(::Base.var"#585#586"{Cmd}, ::Array{Any,1}) at ./process.jl:196
│  [4] _spawn at ./process.jl:111 [inlined]
│  [5] _spawn(::Base.CmdRedirect, ::Array{Any,1}) at ./process.jl:139 (repeats 3 times)
│  [6] run(::Base.CmdRedirect; wait::Bool) at ./process.jl:443
│  [7] _spawn(::Cmd, ::Base.DevNull, ::Base.DevNull) at /home/pkgeval/.julia/packages/Reduce/HgVTl/deps/svn.jl:25 (repeats 2 times)
│  [8] top-level scope at /home/pkgeval/.julia/packages/Reduce/HgVTl/deps/build.jl:33
│  [9] include(::String) at ./client.jl:457
│  [10] top-level scope at none:5
│ Building Reduce.jl with CSL binaries ... 
└ @ Pkg.Operations /buildworker/worker/package_linux64/build/usr/share/julia/stdlib/v1.5/Pkg/src/Operations.jl:949
    Testing ReduceLinAlg
Status `/tmp/jl_6aZx0v/Project.toml`
  [93e0c654] Reduce v1.2.7
  [bfcbc1eb] ReduceLinAlg v0.1.0
  [37e2e46d] LinearAlgebra
  [8dfed614] Test
Status `/tmp/jl_6aZx0v/Manifest.toml`
  [398f06c4] AbstractLattices v0.2.1
  [a8e43f4a] AbstractTensors v0.5.3
  [9dda63f9] ForceImport v0.0.3
  [93e0c654] Reduce v1.2.7
  [bfcbc1eb] ReduceLinAlg v0.1.0
  [b873ce64] ReplMaker v0.2.3
  [a4af3ec5] SyntaxTree v1.0.1
  [2a0f44e3] Base64
  [8ba89e20] Distributed
  [b77e0a4c] InteractiveUtils
  [8f399da3] Libdl
  [37e2e46d] LinearAlgebra
  [56ddb016] Logging
  [d6f4376e] Markdown
  [3fa0cd96] REPL
  [9a3f8284] Random
  [9e88b42a] Serialization
  [6462fe0b] Sockets
  [8dfed614] Test
  [4ec0a83e] Unicode
ERROR: LoadError: InitError: IOError: could not spawn `/home/pkgeval/.julia/packages/Reduce/HgVTl/src/../deps/usr/bin/redcsl`: no such file or directory (ENOENT)
Stacktrace:
 [1] _spawn_primitive(::String, ::Cmd, ::Array{Any,1}) at ./process.jl:99
 [2] #585 at ./process.jl:112 [inlined]
 [3] setup_stdios(::Base.var"#585#586"{Cmd}, ::Array{Any,1}) at ./process.jl:196
 [4] _spawn at ./process.jl:111 [inlined]
 [5] _spawn(::Base.CmdRedirect, ::Array{Any,1}) at ./process.jl:139 (repeats 3 times)
 [6] run(::Base.CmdRedirect; wait::Bool) at ./process.jl:443
 [7] _spawn(::Cmd, ::Pipe, ::Pipe) at /home/pkgeval/.julia/packages/Reduce/HgVTl/deps/svn.jl:25
 [8] Reduce.PSL() at /home/pkgeval/.julia/packages/Reduce/HgVTl/src/Reduce.jl:32
 [9] Load() at /home/pkgeval/.julia/packages/Reduce/HgVTl/src/Reduce.jl:351
 [10] __init__() at /home/pkgeval/.julia/packages/Reduce/HgVTl/src/Reduce.jl:321
 [11] _include_from_serialized(::String, ::Array{Any,1}) at ./loading.jl:697
 [12] _require_from_serialized(::String) at ./loading.jl:749
 [13] _require(::Base.PkgId) at ./loading.jl:1040
 [14] require(::Base.PkgId) at ./loading.jl:928
 [15] require(::Module, ::Symbol) at ./loading.jl:923
 [16] include(::String) at ./client.jl:457
 [17] top-level scope at none:6
during initialization of module Reduce
in expression starting at /home/pkgeval/.julia/packages/ReduceLinAlg/cPkDZ/test/runtests.jl:1
caused by [exception 1]
IOError: could not spawn `redcsl`: no such file or directory (ENOENT)
Stacktrace:
 [1] _spawn_primitive(::String, ::Cmd, ::Array{Any,1}) at ./process.jl:99
 [2] #585 at ./process.jl:112 [inlined]
 [3] setup_stdios(::Base.var"#585#586"{Cmd}, ::Array{Any,1}) at ./process.jl:196
 [4] _spawn at ./process.jl:111 [inlined]
 [5] _spawn(::Base.CmdRedirect, ::Array{Any,1}) at ./process.jl:139 (repeats 3 times)
 [6] run(::Base.CmdRedirect; wait::Bool) at ./process.jl:443
 [7] _spawn(::Cmd, ::Pipe, ::Pipe) at /home/pkgeval/.julia/packages/Reduce/HgVTl/deps/svn.jl:25
 [8] Reduce.PSL() at /home/pkgeval/.julia/packages/Reduce/HgVTl/src/Reduce.jl:23
 [9] Load() at /home/pkgeval/.julia/packages/Reduce/HgVTl/src/Reduce.jl:351
 [10] __init__() at /home/pkgeval/.julia/packages/Reduce/HgVTl/src/Reduce.jl:321
 [11] _include_from_serialized(::String, ::Array{Any,1}) at ./loading.jl:697
 [12] _require_from_serialized(::String) at ./loading.jl:749
 [13] _require(::Base.PkgId) at ./loading.jl:1040
 [14] require(::Base.PkgId) at ./loading.jl:928
 [15] require(::Module, ::Symbol) at ./loading.jl:923
 [16] include(::String) at ./client.jl:457
 [17] top-level scope at none:6
ERROR: Package ReduceLinAlg errored during testing
Stacktrace:
 [1] pkgerror(::String) at /buildworker/worker/package_linux64/build/usr/share/julia/stdlib/v1.5/Pkg/src/Types.jl:52
 [2] test(::Pkg.Types.Context, ::Array{Pkg.Types.PackageSpec,1}; coverage::Bool, julia_args::Cmd, test_args::Cmd, test_fn::Nothing) at /buildworker/worker/package_linux64/build/usr/share/julia/stdlib/v1.5/Pkg/src/Operations.jl:1578
 [3] test(::Pkg.Types.Context, ::Array{Pkg.Types.PackageSpec,1}; coverage::Bool, test_fn::Nothing, julia_args::Cmd, test_args::Cmd, kwargs::Base.Iterators.Pairs{Union{},Union{},Tuple{},NamedTuple{(),Tuple{}}}) at /buildworker/worker/package_linux64/build/usr/share/julia/stdlib/v1.5/Pkg/src/API.jl:328
 [4] test(::Pkg.Types.Context, ::Array{Pkg.Types.PackageSpec,1}) at /buildworker/worker/package_linux64/build/usr/share/julia/stdlib/v1.5/Pkg/src/API.jl:315
 [5] #test#61 at /buildworker/worker/package_linux64/build/usr/share/julia/stdlib/v1.5/Pkg/src/API.jl:67 [inlined]
 [6] test at /buildworker/worker/package_linux64/build/usr/share/julia/stdlib/v1.5/Pkg/src/API.jl:67 [inlined]
 [7] #test#60 at /buildworker/worker/package_linux64/build/usr/share/julia/stdlib/v1.5/Pkg/src/API.jl:66 [inlined]
 [8] test at /buildworker/worker/package_linux64/build/usr/share/julia/stdlib/v1.5/Pkg/src/API.jl:66 [inlined]
 [9] test(::String; kwargs::Base.Iterators.Pairs{Union{},Union{},Tuple{},NamedTuple{(),Tuple{}}}) at /buildworker/worker/package_linux64/build/usr/share/julia/stdlib/v1.5/Pkg/src/API.jl:65
 [10] test(::String) at /buildworker/worker/package_linux64/build/usr/share/julia/stdlib/v1.5/Pkg/src/API.jl:65
 [11] top-level scope at none:16
