Julia Version 1.4.2-pre.0
Commit ef4fe83698 (2020-04-15 16:24 UTC)
Platform Info:
  OS: Linux (x86_64-linux-gnu)
  CPU: Intel(R) Xeon(R) Silver 4114 CPU @ 2.20GHz
  WORD_SIZE: 64
  LIBM: libopenlibm
  LLVM: libLLVM-8.0.1 (ORCJIT, skylake)
Environment:
  JULIA_DEPOT_PATH = ::/usr/local/share/julia
  JULIA_NUM_THREADS = 2

  Resolving package versions...
  Installed WeakRefStrings ────────────── v0.6.2
  Installed YAML ──────────────────────── v0.4.0
  Installed SortingAlgorithms ─────────── v0.3.1
  Installed EzXML ─────────────────────── v1.1.0
  Installed ExprTools ─────────────────── v0.1.1
  Installed RecipesBase ───────────────── v1.0.1
  Installed DeIdentification ──────────── v0.8.1
  Installed Memento ───────────────────── v0.12.1
  Installed Missings ──────────────────── v0.4.3
  Installed Zlib_jll ──────────────────── v1.2.11+9
  Installed Reexport ──────────────────── v0.2.0
  Installed DataAPI ───────────────────── v1.3.0
  Installed FilePathsBase ─────────────── v0.7.0
  Installed DataStructures ────────────── v0.17.15
  Installed CategoricalArrays ─────────── v0.7.7
  Installed Tables ────────────────────── v1.0.4
  Installed Glob ──────────────────────── v1.3.0
  Installed DataValueInterfaces ───────── v1.0.0
  Installed Syslogs ───────────────────── v0.3.0
  Installed Parsers ───────────────────── v0.3.12
  Installed PooledArrays ──────────────── v0.5.3
  Installed Mocking ───────────────────── v0.7.1
  Installed InvertedIndices ───────────── v1.0.0
  Installed Libiconv_jll ──────────────── v1.16.0+2
  Installed Compat ────────────────────── v3.9.1
  Installed OrderedCollections ────────── v1.2.0
  Installed IteratorInterfaceExtensions ─ v1.0.0
  Installed TimeZones ─────────────────── v1.1.1
  Installed XML2_jll ──────────────────── v2.9.9+4
  Installed DataFrames ────────────────── v0.20.2
  Installed TableTraits ───────────────── v1.0.0
  Installed JSON ──────────────────────── v0.21.0
  Installed CSV ───────────────────────── v0.5.26
   Updating `~/.julia/environments/v1.4/Project.toml`
  [b905b068] + DeIdentification v0.8.1
   Updating `~/.julia/environments/v1.4/Manifest.toml`
  [336ed68f] + CSV v0.5.26
  [324d7699] + CategoricalArrays v0.7.7
  [34da2185] + Compat v3.9.1
  [9a962f9c] + DataAPI v1.3.0
  [a93c6f00] + DataFrames v0.20.2
  [864edb3b] + DataStructures v0.17.15
  [e2d170a0] + DataValueInterfaces v1.0.0
  [b905b068] + DeIdentification v0.8.1
  [e2ba6199] + ExprTools v0.1.1
  [8f5d6c58] + EzXML v1.1.0
  [48062228] + FilePathsBase v0.7.0
  [c27321d9] + Glob v1.3.0
  [41ab1584] + InvertedIndices v1.0.0
  [82899510] + IteratorInterfaceExtensions v1.0.0
  [682c06a0] + JSON v0.21.0
  [94ce4f54] + Libiconv_jll v1.16.0+2
  [f28f55f0] + Memento v0.12.1
  [e1d29d7a] + Missings v0.4.3
  [78c3b35d] + Mocking v0.7.1
  [bac558e1] + OrderedCollections v1.2.0
  [69de0a69] + Parsers v0.3.12
  [2dfb63ee] + PooledArrays v0.5.3
  [3cdcf5f2] + RecipesBase v1.0.1
  [189a3867] + Reexport v0.2.0
  [a2af1166] + SortingAlgorithms v0.3.1
  [cea106d9] + Syslogs v0.3.0
  [3783bdb8] + TableTraits v1.0.0
  [bd369af6] + Tables v1.0.4
  [f269a46b] + TimeZones v1.1.1
  [ea10d353] + WeakRefStrings v0.6.2
  [02c8fc9c] + XML2_jll v2.9.9+4
  [ddb6d928] + YAML v0.4.0
  [83775a58] + Zlib_jll v1.2.11+9
  [2a0f44e3] + Base64 
  [ade2ca70] + Dates 
  [8bb1440f] + DelimitedFiles 
  [8ba89e20] + Distributed 
  [9fa8497b] + Future 
  [b77e0a4c] + InteractiveUtils 
  [76f85450] + LibGit2 
  [8f399da3] + Libdl 
  [37e2e46d] + LinearAlgebra 
  [56ddb016] + Logging 
  [d6f4376e] + Markdown 
  [a63ad114] + Mmap 
  [44cfe95a] + Pkg 
  [de0858da] + Printf 
  [3fa0cd96] + REPL 
  [9a3f8284] + Random 
  [ea8e919c] + SHA 
  [9e88b42a] + Serialization 
  [1a1011a3] + SharedArrays 
  [6462fe0b] + Sockets 
  [2f01184e] + SparseArrays 
  [10745b16] + Statistics 
  [8dfed614] + Test 
  [cf7118a7] + UUIDs 
  [4ec0a83e] + Unicode 
   Building TimeZones → `~/.julia/packages/TimeZones/X323b/deps/build.log`
    Testing DeIdentification
┌ Error: Pkg.Resolve.ResolverError("empty intersection between YAML@0.4.0 and project compatibility 0.3.2-0.3", nothing)
└ @ Pkg.Operations /workspace/srcdir/usr/share/julia/stdlib/v1.4/Pkg/src/Operations.jl:1365
Status `/tmp/jl_n5YyqT/Manifest.toml`
  [336ed68f] CSV v0.5.23
  [324d7699] CategoricalArrays v0.7.7
  [19ecbf4d] Codecs v0.5.0
  [34da2185] Compat v3.9.1
  [9a962f9c] DataAPI v1.3.0
  [a93c6f00] DataFrames v0.20.0
  [864edb3b] DataStructures v0.17.15
  [e2d170a0] DataValueInterfaces v1.0.0
  [b905b068] DeIdentification v0.8.1
  [e2ba6199] ExprTools v0.1.1
  [8f5d6c58] EzXML v1.1.0
  [48062228] FilePathsBase v0.7.0
  [c27321d9] Glob v1.3.0
  [41ab1584] InvertedIndices v1.0.0
  [82899510] IteratorInterfaceExtensions v1.0.0
  [682c06a0] JSON v0.21.0
  [94ce4f54] Libiconv_jll v1.16.0+2
  [f28f55f0] Memento v0.12.1
  [e1d29d7a] Missings v0.4.3
  [78c3b35d] Mocking v0.7.1
  [bac558e1] OrderedCollections v1.2.0
  [69de0a69] Parsers v0.3.12
  [2dfb63ee] PooledArrays v0.5.3
  [3cdcf5f2] RecipesBase v1.0.1
  [189a3867] Reexport v0.2.0
  [a2af1166] SortingAlgorithms v0.3.1
  [cea106d9] Syslogs v0.3.0
  [3783bdb8] TableTraits v1.0.0
  [bd369af6] Tables v0.2.11
  [f269a46b] TimeZones v1.1.1
  [ea10d353] WeakRefStrings v0.6.2
  [02c8fc9c] XML2_jll v2.9.9+4
  [ddb6d928] YAML v0.3.2
  [83775a58] Zlib_jll v1.2.11+9
  [2a0f44e3] Base64 
  [ade2ca70] Dates 
  [8bb1440f] DelimitedFiles 
  [8ba89e20] Distributed 
  [9fa8497b] Future 
  [b77e0a4c] InteractiveUtils 
  [76f85450] LibGit2 
  [8f399da3] Libdl 
  [37e2e46d] LinearAlgebra 
  [56ddb016] Logging 
  [d6f4376e] Markdown 
  [a63ad114] Mmap 
  [44cfe95a] Pkg 
  [de0858da] Printf 
  [3fa0cd96] REPL 
  [9a3f8284] Random 
  [ea8e919c] SHA 
  [9e88b42a] Serialization 
  [1a1011a3] SharedArrays 
  [6462fe0b] Sockets 
  [2f01184e] SparseArrays 
  [10745b16] Statistics 
  [8dfed614] Test 
  [cf7118a7] UUIDs 
  [4ec0a83e] Unicode 
WARNING: Compat.Dates is deprecated, use Dates instead.
  likely near /home/pkgeval/.julia/packages/YAML/nKMpg/src/YAML.jl:15
WARNING: Compat.Printf is deprecated, use Printf instead.
  likely near /home/pkgeval/.julia/packages/YAML/nKMpg/src/YAML.jl:16
Test Summary:   | Pass  Total
config creation |    3      3
Test Summary:          | Pass  Total
create config from csv |    2      2
Test Summary:  | Pass  Total
rid generation |    2      2
[info | deidentify]: 2020-05-12T19:48:06.57 Logging session for project ehr
[info | deidentify]: 2020-05-12T19:48:07.418 Setting seed for project ehr
[info | deidentify]: 2020-05-12T19:48:07.419 ====================== Processing dx ======================
[info | deidentify]: 2020-05-12T19:48:07.419 Reading data from ./data/dx.csv
[info | deidentify]: 2020-05-12T19:48:19.989 Renaming file columns
[info | deidentify]: 2020-05-12T19:48:20.043 Checking for primary column
[info | deidentify]: 2020-05-12T19:48:21.111 ====================== Processing dx_custom_dates ======================
[info | deidentify]: 2020-05-12T19:48:21.112 Reading data from ./data/dx_different_date_format.csv
[info | deidentify]: 2020-05-12T19:48:29.252 Renaming file columns
[info | deidentify]: 2020-05-12T19:48:29.253 Checking for primary column
[info | deidentify]: 2020-05-12T19:48:29.264 ====================== Processing dx_messy_dates ======================
[info | deidentify]: 2020-05-12T19:48:29.264 Reading data from ./data/dx_messy_dates.csv
[info | deidentify]: 2020-05-12T19:48:29.932 Renaming file columns
[info | deidentify]: 2020-05-12T19:48:29.932 Checking for primary column
┌ Warning: Could not date shift non-date value NULL
└ @ DeIdentification ~/.julia/packages/DeIdentification/j8RTi/src/de_identify.jl:183
┌ Warning: Could not date shift non-date value NULL
└ @ DeIdentification ~/.julia/packages/DeIdentification/j8RTi/src/de_identify.jl:183
┌ Warning: Could not date shift non-date value NULL
└ @ DeIdentification ~/.julia/packages/DeIdentification/j8RTi/src/de_identify.jl:183
┌ Warning: Could not date shift non-date value NULL
└ @ DeIdentification ~/.julia/packages/DeIdentification/j8RTi/src/de_identify.jl:183
┌ Warning: Could not date shift non-date value NULL
└ @ DeIdentification ~/.julia/packages/DeIdentification/j8RTi/src/de_identify.jl:183
┌ Warning: Could not date shift non-date value NULL
└ @ DeIdentification ~/.julia/packages/DeIdentification/j8RTi/src/de_identify.jl:183
┌ Warning: Could not date shift non-date value NULL
└ @ DeIdentification ~/.julia/packages/DeIdentification/j8RTi/src/de_identify.jl:183
┌ Warning: Could not date shift non-date value NULL
└ @ DeIdentification ~/.julia/packages/DeIdentification/j8RTi/src/de_identify.jl:183
┌ Warning: Could not date shift non-date value NULL
└ @ DeIdentification ~/.julia/packages/DeIdentification/j8RTi/src/de_identify.jl:183
┌ Warning: Could not date shift non-date value NULL
└ @ DeIdentification ~/.julia/packages/DeIdentification/j8RTi/src/de_identify.jl:183
┌ Warning: Could not date shift non-date value WIKKA
└ @ DeIdentification ~/.julia/packages/DeIdentification/j8RTi/src/de_identify.jl:183
[info | deidentify]: 2020-05-12T19:48:32.273 ====================== Processing pat ======================
[info | deidentify]: 2020-05-12T19:48:32.273 Reading data from ./data/pat.csv
[info | deidentify]: 2020-05-12T19:48:32.289 Renaming file columns
[info | deidentify]: 2020-05-12T19:48:32.29 Checking for primary column
[info | deidentify]: 2020-05-12T19:48:32.518 ====================== Processing med ======================
[info | deidentify]: 2020-05-12T19:48:32.518 Reading data from ./data/med.csv
[info | deidentify]: 2020-05-12T19:48:32.865 Renaming file columns
[info | deidentify]: 2020-05-12T19:48:32.865 Checking for primary column
[info | deidentify]: 2020-05-12T19:48:32.868 Writing ID dictionaries to ./output/id_dicts_20200512194832.json
[info | deidentify]: 2020-05-12T19:48:33.151 Writing dateshift values to ./output/dateshifts_20200512194832.json
[info | deidentify]: 2020-05-12T19:48:33.315 Writing salt values to ./output/salts_20200512194832.json
Test Summary:     | Pass  Total
integration tests |   15     15
[info | deidentify]: 2020-05-12T19:48:45.399 Logging session for project ehr
[info | deidentify]: 2020-05-12T19:48:45.399 Setting seed for project ehr
[info | deidentify]: 2020-05-12T19:48:45.399 ====================== Processing dx ======================
[info | deidentify]: 2020-05-12T19:48:45.399 Reading data from ./data/dx.csv
[info | deidentify]: 2020-05-12T19:48:45.402 Renaming file columns
[info | deidentify]: 2020-05-12T19:48:45.402 Checking for primary column
Test Summary:       | Pass  Total
primary identifiter |    1      1
[info | deidentify]: 2020-05-12T19:48:45.488 Logging session for project ehr
[info | deidentify]: 2020-05-12T19:48:45.488 Setting seed for project ehr
[info | deidentify]: 2020-05-12T19:48:45.488 ====================== Processing dx ======================
[info | deidentify]: 2020-05-12T19:48:45.488 Reading data from ./data/dx.csv
[info | deidentify]: 2020-05-12T19:48:45.49 Renaming file columns
[info | deidentify]: 2020-05-12T19:48:45.49 Checking for primary column
[info | deidentify]: 2020-05-12T19:48:45.499 ====================== Processing dx_custom_dates ======================
[info | deidentify]: 2020-05-12T19:48:45.5 Reading data from ./data/dx_different_date_format.csv
[info | deidentify]: 2020-05-12T19:48:45.502 Renaming file columns
[info | deidentify]: 2020-05-12T19:48:45.502 Checking for primary column
[info | deidentify]: 2020-05-12T19:48:45.512 ====================== Processing dx_messy_dates ======================
[info | deidentify]: 2020-05-12T19:48:45.512 Reading data from ./data/dx_messy_dates.csv
[info | deidentify]: 2020-05-12T19:48:45.514 Renaming file columns
[info | deidentify]: 2020-05-12T19:48:45.515 Checking for primary column
┌ Warning: Could not date shift non-date value NULL
└ @ DeIdentification ~/.julia/packages/DeIdentification/j8RTi/src/de_identify.jl:183
┌ Warning: Could not date shift non-date value NULL
└ @ DeIdentification ~/.julia/packages/DeIdentification/j8RTi/src/de_identify.jl:183
┌ Warning: Could not date shift non-date value NULL
└ @ DeIdentification ~/.julia/packages/DeIdentification/j8RTi/src/de_identify.jl:183
┌ Warning: Could not date shift non-date value NULL
└ @ DeIdentification ~/.julia/packages/DeIdentification/j8RTi/src/de_identify.jl:183
┌ Warning: Could not date shift non-date value NULL
└ @ DeIdentification ~/.julia/packages/DeIdentification/j8RTi/src/de_identify.jl:183
┌ Warning: Could not date shift non-date value NULL
└ @ DeIdentification ~/.julia/packages/DeIdentification/j8RTi/src/de_identify.jl:183
┌ Warning: Could not date shift non-date value NULL
└ @ DeIdentification ~/.julia/packages/DeIdentification/j8RTi/src/de_identify.jl:183
┌ Warning: Could not date shift non-date value NULL
└ @ DeIdentification ~/.julia/packages/DeIdentification/j8RTi/src/de_identify.jl:183
┌ Warning: Could not date shift non-date value NULL
└ @ DeIdentification ~/.julia/packages/DeIdentification/j8RTi/src/de_identify.jl:183
┌ Warning: Could not date shift non-date value NULL
└ @ DeIdentification ~/.julia/packages/DeIdentification/j8RTi/src/de_identify.jl:183
┌ Warning: Could not date shift non-date value WIKKA
└ @ DeIdentification ~/.julia/packages/DeIdentification/j8RTi/src/de_identify.jl:183
[info | deidentify]: 2020-05-12T19:48:45.527 ====================== Processing pat ======================
[info | deidentify]: 2020-05-12T19:48:45.527 Reading data from ./data/pat.csv
[info | deidentify]: 2020-05-12T19:48:45.529 Renaming file columns
[info | deidentify]: 2020-05-12T19:48:45.529 Checking for primary column
[info | deidentify]: 2020-05-12T19:48:45.618 ====================== Processing med ======================
[info | deidentify]: 2020-05-12T19:48:45.619 Reading data from ./data/med.csv
[info | deidentify]: 2020-05-12T19:48:45.62 Renaming file columns
[info | deidentify]: 2020-05-12T19:48:45.62 Checking for primary column
[info | deidentify]: 2020-05-12T19:48:45.624 Writing ID dictionaries to ./output/id_dicts_20200512194845.json
[info | deidentify]: 2020-05-12T19:48:45.624 Writing dateshift values to ./output/dateshifts_20200512194845.json
[info | deidentify]: 2020-05-12T19:48:45.625 Writing salt values to ./output/salts_20200512194845.json
[info | deidentify]: 2020-05-12T19:48:45.625 Logging session for project ehr
[info | deidentify]: 2020-05-12T19:48:45.625 Setting seed for project ehr
[info | deidentify]: 2020-05-12T19:48:45.625 ====================== Processing dx ======================
[info | deidentify]: 2020-05-12T19:48:45.625 Reading data from ./data/dx.csv
[info | deidentify]: 2020-05-12T19:48:45.628 Renaming file columns
[info | deidentify]: 2020-05-12T19:48:45.628 Checking for primary column
[info | deidentify]: 2020-05-12T19:48:45.638 ====================== Processing dx_custom_dates ======================
[info | deidentify]: 2020-05-12T19:48:45.638 Reading data from ./data/dx_different_date_format.csv
[info | deidentify]: 2020-05-12T19:48:45.641 Renaming file columns
[info | deidentify]: 2020-05-12T19:48:45.641 Checking for primary column
[info | deidentify]: 2020-05-12T19:48:45.651 ====================== Processing dx_messy_dates ======================
[info | deidentify]: 2020-05-12T19:48:45.651 Reading data from ./data/dx_messy_dates.csv
[info | deidentify]: 2020-05-12T19:48:45.654 Renaming file columns
[info | deidentify]: 2020-05-12T19:48:45.654 Checking for primary column
┌ Warning: Could not date shift non-date value NULL
└ @ DeIdentification ~/.julia/packages/DeIdentification/j8RTi/src/de_identify.jl:183
┌ Warning: Could not date shift non-date value NULL
└ @ DeIdentification ~/.julia/packages/DeIdentification/j8RTi/src/de_identify.jl:183
┌ Warning: Could not date shift non-date value NULL
└ @ DeIdentification ~/.julia/packages/DeIdentification/j8RTi/src/de_identify.jl:183
┌ Warning: Could not date shift non-date value NULL
└ @ DeIdentification ~/.julia/packages/DeIdentification/j8RTi/src/de_identify.jl:183
┌ Warning: Could not date shift non-date value NULL
└ @ DeIdentification ~/.julia/packages/DeIdentification/j8RTi/src/de_identify.jl:183
┌ Warning: Could not date shift non-date value NULL
└ @ DeIdentification ~/.julia/packages/DeIdentification/j8RTi/src/de_identify.jl:183
┌ Warning: Could not date shift non-date value NULL
└ @ DeIdentification ~/.julia/packages/DeIdentification/j8RTi/src/de_identify.jl:183
┌ Warning: Could not date shift non-date value NULL
└ @ DeIdentification ~/.julia/packages/DeIdentification/j8RTi/src/de_identify.jl:183
┌ Warning: Could not date shift non-date value NULL
└ @ DeIdentification ~/.julia/packages/DeIdentification/j8RTi/src/de_identify.jl:183
┌ Warning: Could not date shift non-date value NULL
└ @ DeIdentification ~/.julia/packages/DeIdentification/j8RTi/src/de_identify.jl:183
┌ Warning: Could not date shift non-date value WIKKA
└ @ DeIdentification ~/.julia/packages/DeIdentification/j8RTi/src/de_identify.jl:183
[info | deidentify]: 2020-05-12T19:48:45.668 ====================== Processing pat ======================
[info | deidentify]: 2020-05-12T19:48:45.668 Reading data from ./data/pat.csv
[info | deidentify]: 2020-05-12T19:48:45.67 Renaming file columns
[info | deidentify]: 2020-05-12T19:48:45.67 Checking for primary column
[info | deidentify]: 2020-05-12T19:48:45.76 ====================== Processing med ======================
[info | deidentify]: 2020-05-12T19:48:45.76 Reading data from ./data/med.csv
[info | deidentify]: 2020-05-12T19:48:45.762 Renaming file columns
[info | deidentify]: 2020-05-12T19:48:45.762 Checking for primary column
[info | deidentify]: 2020-05-12T19:48:45.766 Writing ID dictionaries to ./output/id_dicts_20200512194845.json
[info | deidentify]: 2020-05-12T19:48:45.766 Writing dateshift values to ./output/dateshifts_20200512194845.json
[info | deidentify]: 2020-05-12T19:48:45.767 Writing salt values to ./output/salts_20200512194845.json
[info | deidentify]: 2020-05-12T19:48:45.767 Logging session for project ehr
[info | deidentify]: 2020-05-12T19:48:45.767 Setting seed for project ehr
[info | deidentify]: 2020-05-12T19:48:45.767 ====================== Processing dx ======================
[info | deidentify]: 2020-05-12T19:48:45.768 Reading data from ./data/dx.csv
[info | deidentify]: 2020-05-12T19:48:45.77 Renaming file columns
[info | deidentify]: 2020-05-12T19:48:45.77 Checking for primary column
[info | deidentify]: 2020-05-12T19:48:45.78 ====================== Processing pat ======================
[info | deidentify]: 2020-05-12T19:48:45.78 Reading data from ./data/pat.csv
[info | deidentify]: 2020-05-12T19:48:45.782 Renaming file columns
[info | deidentify]: 2020-05-12T19:48:45.783 Checking for primary column
[info | deidentify]: 2020-05-12T19:48:45.865 ====================== Processing med ======================
[info | deidentify]: 2020-05-12T19:48:45.865 Reading data from ./data/med.csv
[info | deidentify]: 2020-05-12T19:48:45.867 Renaming file columns
[info | deidentify]: 2020-05-12T19:48:45.867 Checking for primary column
[info | deidentify]: 2020-05-12T19:48:45.871 Writing ID dictionaries to ./output/id_dicts_20200512194845.json
[info | deidentify]: 2020-05-12T19:48:45.872 Writing dateshift values to ./output/dateshifts_20200512194845.json
[info | deidentify]: 2020-05-12T19:48:45.872 Writing salt values to ./output/salts_20200512194845.json
Test Summary: | Pass  Total
hash seeding  |    2      2
[info | deidentify]: 2020-05-12T19:48:45.968 Logging session for project ehr
[info | deidentify]: 2020-05-12T19:48:45.968 Setting seed for project ehr
[info | deidentify]: 2020-05-12T19:48:45.968 ====================== Processing dx ======================
[info | deidentify]: 2020-05-12T19:48:45.968 Reading data from ./data/dx.csv
[info | deidentify]: 2020-05-12T19:48:45.971 Renaming file columns
[info | deidentify]: 2020-05-12T19:48:45.971 Checking for primary column
[info | deidentify]: 2020-05-12T19:48:45.987 ====================== Processing pat ======================
[info | deidentify]: 2020-05-12T19:48:45.988 Reading data from ./data/pat.csv
[info | deidentify]: 2020-05-12T19:48:45.991 Renaming file columns
[info | deidentify]: 2020-05-12T19:48:45.992 Checking for primary column
[info | deidentify]: 2020-05-12T19:48:46.094 ====================== Processing med ======================
[info | deidentify]: 2020-05-12T19:48:46.094 Reading data from ./data/med.csv
[info | deidentify]: 2020-05-12T19:48:46.095 Renaming file columns
[info | deidentify]: 2020-05-12T19:48:46.096 Checking for primary column
[info | deidentify]: 2020-05-12T19:48:46.1 Writing ID dictionaries to ./path/to/new/output/id_dicts_20200512194846.json
[info | deidentify]: 2020-05-12T19:48:46.1 Writing dateshift values to ./path/to/new/output/dateshifts_20200512194846.json
[info | deidentify]: 2020-05-12T19:48:46.101 Writing salt values to ./path/to/new/output/salts_20200512194846.json
Test Summary:             | Pass  Total
create output directories |    2      2
    Testing DeIdentification tests passed 
