Running tests with Julia v1.3.1-pre.12
 Resolving package versions...
 Installed UnionFind ─ v0.1.0
  Updating `~/.julia/environments/v1.3/Project.toml`
  [99c6138d] + UnionFind v0.1.0
  Updating `~/.julia/environments/v1.3/Manifest.toml`
  [99c6138d] + UnionFind v0.1.0
  [2a0f44e3] + Base64 
  [8ba89e20] + Distributed 
  [b77e0a4c] + InteractiveUtils 
  [56ddb016] + Logging 
  [d6f4376e] + Markdown 
  [de0858da] + Printf 
  [9a3f8284] + Random 
  [9e88b42a] + Serialization 
  [6462fe0b] + Sockets 
  [8dfed614] + Test 
  [4ec0a83e] + Unicode 
   Testing UnionFind
    Status `/tmp/jl_aHJaj2/Manifest.toml`
  [99c6138d] UnionFind v0.1.0
  [2a0f44e3] Base64  [`@stdlib/Base64`]
  [8ba89e20] Distributed  [`@stdlib/Distributed`]
  [b77e0a4c] InteractiveUtils  [`@stdlib/InteractiveUtils`]
  [56ddb016] Logging  [`@stdlib/Logging`]
  [d6f4376e] Markdown  [`@stdlib/Markdown`]
  [de0858da] Printf  [`@stdlib/Printf`]
  [9a3f8284] Random  [`@stdlib/Random`]
  [9e88b42a] Serialization  [`@stdlib/Serialization`]
  [6462fe0b] Sockets  [`@stdlib/Sockets`]
  [8dfed614] Test  [`@stdlib/Test`]
  [4ec0a83e] Unicode  [`@stdlib/Unicode`]
Test Summary: | Pass  Total
Polymorphism  |   10     10
Test Summary: | Pass  Total
Table         |   68     68
Test Summary: | Pass  Total
Errors        |   20     20
                                    UnionFinder  CompressedFinder
       Sparse 1,000 node graph       75 ns/edge       236 ns/node
        Dense 1,000 node graph       50 ns/edge       282 ns/node
   Sparse 1,000,000 node graph      195 ns/edge        26 ns/node
    Dense 1,000,000 node graph      257 ns/edge        65 ns/node

        Sparse 1,000 node grid       28 ns/edge      8798 ps/node
         Dense 1,000 node grid       32 ns/edge        17 ns/node
    Sparse 1,000,000 node grid      167 ns/edge        11 ns/node
     Dense 1,000,000 node grid      176 ns/edge        20 ns/node
Test Summary: |
Benchmark     | No tests
   Testing UnionFind tests passed 
