Running tests with Julia v1.3.1-pre.12
   Cloning default registries into `~/.julia`
   Cloning registry from "https://github.com/JuliaRegistries/General.git"
[?25l    Fetching: [>                                        ]  0.0 %    Fetching: [=============>                           ]  30.8 %    Fetching: [==============================>          ]  74.3 %[2K[?25h     Added registry `General` to `~/.julia/registries/General`
 Resolving package versions...
 Installed OrderedCollections ─ v1.1.0
 Installed Sched ────────────── v0.1.1
 Installed DataStructures ───── v0.17.6
  Updating `~/.julia/environments/v1.3/Project.toml`
  [1fb05d12] + Sched v0.1.1
  Updating `~/.julia/environments/v1.3/Manifest.toml`
  [864edb3b] + DataStructures v0.17.6
  [bac558e1] + OrderedCollections v1.1.0
  [1fb05d12] + Sched v0.1.1
  [2a0f44e3] + Base64 
  [ade2ca70] + Dates 
  [8ba89e20] + Distributed 
  [b77e0a4c] + InteractiveUtils 
  [56ddb016] + Logging 
  [d6f4376e] + Markdown 
  [de0858da] + Printf 
  [9a3f8284] + Random 
  [9e88b42a] + Serialization 
  [6462fe0b] + Sockets 
  [8dfed614] + Test 
  [4ec0a83e] + Unicode 
   Testing Sched
    Status `/tmp/jl_BfP5a5/Manifest.toml`
  [864edb3b] DataStructures v0.17.6
  [bac558e1] OrderedCollections v1.1.0
  [1fb05d12] Sched v0.1.1
  [2a0f44e3] Base64  [`@stdlib/Base64`]
  [ade2ca70] Dates  [`@stdlib/Dates`]
  [8ba89e20] Distributed  [`@stdlib/Distributed`]
  [b77e0a4c] InteractiveUtils  [`@stdlib/InteractiveUtils`]
  [56ddb016] Logging  [`@stdlib/Logging`]
  [d6f4376e] Markdown  [`@stdlib/Markdown`]
  [de0858da] Printf  [`@stdlib/Printf`]
  [9a3f8284] Random  [`@stdlib/Random`]
  [9e88b42a] Serialization  [`@stdlib/Serialization`]
  [6462fe0b] Sockets  [`@stdlib/Sockets`]
  [8dfed614] Test  [`@stdlib/Test`]
  [4ec0a83e] Unicode  [`@stdlib/Unicode`]
2019-12-05T09:21:32.564
From print_time_args 1.575537698094741e9 positional, argument
From print_time_kwargs 1.575537698226781e9 keyword
From print_time_noparam 1.57553770278803e9
2019-12-05T09:21:42.789
Test Summary:  | Pass  Total
Priority Tests |   19     19
   Testing Sched tests passed 
