Running tests with Julia v1.3.0
   Cloning default registries into `~/.julia`
   Cloning registry from "https://github.com/JuliaRegistries/General.git"
[?25l    Fetching: [>                                        ]  0.0 %    Fetching: [=========>                               ]  21.0 %    Fetching: [========================>                ]  59.0 %[2K[?25h     Added registry `General` to `~/.julia/registries/General`
 Resolving package versions...
 Installed Formatting ─ v0.4.1
  Updating `~/.julia/environments/v1.3/Project.toml`
  [59287772] + Formatting v0.4.1
  Updating `~/.julia/environments/v1.3/Manifest.toml`
  [59287772] + Formatting v0.4.1
  [de0858da] + Printf 
  [4ec0a83e] + Unicode 
   Testing Formatting
 Resolving package versions...
    Status `/tmp/jl_GiTNgo/Manifest.toml`
  [59287772] Formatting v0.4.1
  [2a0f44e3] Base64  [`@stdlib/Base64`]
  [8ba89e20] Distributed  [`@stdlib/Distributed`]
  [b77e0a4c] InteractiveUtils  [`@stdlib/InteractiveUtils`]
  [56ddb016] Logging  [`@stdlib/Logging`]
  [d6f4376e] Markdown  [`@stdlib/Markdown`]
  [de0858da] Printf  [`@stdlib/Printf`]
  [9a3f8284] Random  [`@stdlib/Random`]
  [9e88b42a] Serialization  [`@stdlib/Serialization`]
  [6462fe0b] Sockets  [`@stdlib/Sockets`]
  [8dfed614] Test  [`@stdlib/Test`]
  [4ec0a83e] Unicode  [`@stdlib/Unicode`]
test cformat equality...
...Done
 20.502651 seconds (8.10 M allocations: 450.968 MiB, 3.02% gc time)

Test speed
integer @sprintf speed
  0.132726 seconds (835.52 k allocations: 50.793 MiB, 3.66% gc time)
integer sprintf speed
 34.515502 seconds (8.82 M allocations: 513.806 MiB, 0.27% gc time)
integer sprintf speed, bypass repeated lookup
  0.195275 seconds (1.42 M allocations: 59.001 MiB, 2.80% gc time)

float64 @sprintf speed
  0.226849 seconds (885.51 k allocations: 53.265 MiB, 10.03% gc time)
float64 sprintf speed
 32.334474 seconds (8.64 M allocations: 512.029 MiB, 0.22% gc time)
float64 sprintf speed, bypass repeated lookup
  0.342955 seconds (1.44 M allocations: 60.373 MiB, 4.16% gc time)

test commas...
test format...
   Testing Formatting tests passed 
