   Cloning default registries into `~/.julia`
   Cloning registry from "https://github.com/JuliaRegistries/General.git"
[?25l    Fetching: [>                                        ]  0.0 %    Fetching: [============>                            ]  29.9 %    Fetching: [===============================>         ]  76.3 %[2K[?25h     Added registry `General` to `~/.julia/registries/General`
 Resolving package versions...
 Installed URIParser ────── v0.4.0
 Installed VersionParsing ─ v1.1.3
 Installed CondaBinDeps ─── v0.1.0
 Installed Formatting ───── v0.4.1
 Installed Compat ───────── v2.2.0
 Installed BinDeps ──────── v0.8.10
 Installed NetCDF ───────── v0.8.1
 Installed JSON ─────────── v0.21.0
 Installed Conda ────────── v1.3.0
 Installed Parsers ──────── v0.3.10
  Updating `~/.julia/environments/v1.3/Project.toml`
  [30363a11] + NetCDF v0.8.1
  Updating `~/.julia/environments/v1.3/Manifest.toml`
  [9e28174c] + BinDeps v0.8.10
  [34da2185] + Compat v2.2.0
  [8f4d0f93] + Conda v1.3.0
  [a9693cdc] + CondaBinDeps v0.1.0
  [59287772] + Formatting v0.4.1
  [682c06a0] + JSON v0.21.0
  [30363a11] + NetCDF v0.8.1
  [69de0a69] + Parsers v0.3.10
  [30578b45] + URIParser v0.4.0
  [81def892] + VersionParsing v1.1.3
  [2a0f44e3] + Base64 
  [ade2ca70] + Dates 
  [8bb1440f] + DelimitedFiles 
  [8ba89e20] + Distributed 
  [b77e0a4c] + InteractiveUtils 
  [76f85450] + LibGit2 
  [8f399da3] + Libdl 
  [37e2e46d] + LinearAlgebra 
  [56ddb016] + Logging 
  [d6f4376e] + Markdown 
  [a63ad114] + Mmap 
  [44cfe95a] + Pkg 
  [de0858da] + Printf 
  [3fa0cd96] + REPL 
  [9a3f8284] + Random 
  [ea8e919c] + SHA 
  [9e88b42a] + Serialization 
  [1a1011a3] + SharedArrays 
  [6462fe0b] + Sockets 
  [2f01184e] + SparseArrays 
  [10745b16] + Statistics 
  [8dfed614] + Test 
  [cf7118a7] + UUIDs 
  [4ec0a83e] + Unicode 
  Building Conda ─→ `~/.julia/packages/Conda/kLXeC/deps/build.log`
  Building NetCDF → `~/.julia/packages/NetCDF/rrzYy/deps/build.log`
   Testing NetCDF
 Resolving package versions...
    Status `/tmp/jl_rBsu2F/Manifest.toml`
  [9e28174c] BinDeps v0.8.10
  [34da2185] Compat v2.2.0
  [8f4d0f93] Conda v1.3.0
  [a9693cdc] CondaBinDeps v0.1.0
  [59287772] Formatting v0.4.1
  [682c06a0] JSON v0.21.0
  [30363a11] NetCDF v0.8.1
  [69de0a69] Parsers v0.3.10
  [30578b45] URIParser v0.4.0
  [81def892] VersionParsing v1.1.3
  [2a0f44e3] Base64  [`@stdlib/Base64`]
  [ade2ca70] Dates  [`@stdlib/Dates`]
  [8bb1440f] DelimitedFiles  [`@stdlib/DelimitedFiles`]
  [8ba89e20] Distributed  [`@stdlib/Distributed`]
  [b77e0a4c] InteractiveUtils  [`@stdlib/InteractiveUtils`]
  [76f85450] LibGit2  [`@stdlib/LibGit2`]
  [8f399da3] Libdl  [`@stdlib/Libdl`]
  [37e2e46d] LinearAlgebra  [`@stdlib/LinearAlgebra`]
  [56ddb016] Logging  [`@stdlib/Logging`]
  [d6f4376e] Markdown  [`@stdlib/Markdown`]
  [a63ad114] Mmap  [`@stdlib/Mmap`]
  [44cfe95a] Pkg  [`@stdlib/Pkg`]
  [de0858da] Printf  [`@stdlib/Printf`]
  [3fa0cd96] REPL  [`@stdlib/REPL`]
  [9a3f8284] Random  [`@stdlib/Random`]
  [ea8e919c] SHA  [`@stdlib/SHA`]
  [9e88b42a] Serialization  [`@stdlib/Serialization`]
  [1a1011a3] SharedArrays  [`@stdlib/SharedArrays`]
  [6462fe0b] Sockets  [`@stdlib/Sockets`]
  [2f01184e] SparseArrays  [`@stdlib/SparseArrays`]
  [10745b16] Statistics  [`@stdlib/Statistics`]
  [8dfed614] Test  [`@stdlib/Test`]
  [cf7118a7] UUIDs  [`@stdlib/UUIDs`]
  [4ec0a83e] Unicode  [`@stdlib/Unicode`]
Test Summary: | Pass  Total
NetCDF        |   24     24
   Testing NetCDF tests passed 
