Julia Version 1.5.2-pre.0
Commit c4acbf93fb (2020-08-26 10:58 UTC)
Platform Info:
  OS: Linux (x86_64-pc-linux-gnu)
  CPU: Intel(R) Xeon(R) Silver 4114 CPU @ 2.20GHz
  WORD_SIZE: 64
  LIBM: libopenlibm
  LLVM: libLLVM-9.0.1 (ORCJIT, skylake-avx512)
Environment:
  JULIA_DEPOT_PATH = ::/usr/local/share/julia
  JULIA_NUM_THREADS = 2

  Resolving package versions...
  Installed MPFR_jll ───────────────────── v4.0.2+2
  Installed Requires ───────────────────── v1.0.2
  Installed IntervalSets ───────────────── v0.5.1
  Installed MbedTLS ────────────────────── v1.0.2
  Installed Polynomials ────────────────── v0.8.0
  Installed IterativeSolvers ───────────── v0.8.4
  Installed Dolo ───────────────────────── v0.4.1
  Installed TimeZones ──────────────────── v1.3.2
  Installed EzXML ──────────────────────── v1.1.0
  Installed Combinatorics ──────────────── v0.7.0
  Installed UnPack ─────────────────────── v1.0.2
  Installed OrderedCollections ─────────── v1.3.0
  Installed MKL_jll ────────────────────── v2020.2.254+0
  Installed IterTools ──────────────────── v1.3.0
  Installed NLopt ──────────────────────── v0.6.0
  Installed MPC_jll ────────────────────── v1.1.0+0
  Installed Distances ──────────────────── v0.9.0
  Installed CommonSubexpressions ───────── v0.3.0
  Installed Missings ───────────────────── v0.4.4
  Installed YAML ───────────────────────── v0.4.2
  Installed ArrayInterface ─────────────── v2.12.0
  Installed MacroTools ─────────────────── v0.5.5
  Installed Zlib_jll ───────────────────── v1.2.11+16
  Installed Compat ─────────────────────── v3.15.0
  Installed Rmath ──────────────────────── v0.6.1
  Installed RecipesBase ────────────────── v1.0.2
  Installed NLopt_jll ──────────────────── v2.6.2+0
  Installed AbstractFFTs ───────────────── v0.5.0
  Installed RangeArrays ────────────────── v0.3.2
  Installed Libiconv_jll ───────────────── v1.16.0+6
  Installed XML2_jll ───────────────────── v2.9.10+2
  Installed IntelOpenMP_jll ────────────── v2018.0.3+0
  Installed LineSearches ───────────────── v7.1.0
  Installed StatsFuns ──────────────────── v0.9.5
  Installed Reexport ───────────────────── v0.2.0
  Installed SymEngine ──────────────────── v0.8.2
  Installed MbedTLS_jll ────────────────── v2.16.8+0
  Installed QuadGK ─────────────────────── v2.4.1
  Installed OpenSpecFun_jll ────────────── v0.5.3+3
  Installed Primes ─────────────────────── v0.5.0
  Installed SortingAlgorithms ──────────── v0.3.1
  Installed StringDistances ────────────── v0.8.0
  Installed BasisMatrices ──────────────── v0.6.0
  Installed Intervals ──────────────────── v1.4.2
  Installed Parameters ─────────────────── v0.12.1
  Installed DSP ────────────────────────── v0.6.6
  Installed FFTW ───────────────────────── v1.2.4
  Installed GMP_jll ────────────────────── v6.1.2+5
  Installed NaNMath ────────────────────── v0.3.4
  Installed DataStructures ─────────────── v0.18.4
  Installed StaticArrays ───────────────── v0.12.4
  Installed ForwardDiff ────────────────── v0.10.12
  Installed QuantEcon ──────────────────── v0.16.2
  Installed PDMats ─────────────────────── v0.10.0
  Installed LightGraphs ────────────────── v1.3.0
  Installed FFTW_jll ───────────────────── v3.3.9+5
  Installed DataAPI ────────────────────── v1.3.0
  Installed Dolang ─────────────────────── v3.1.2
  Installed Rmath_jll ──────────────────── v0.2.2+1
  Installed FiniteDiff ─────────────────── v2.6.0
  Installed DiffRules ──────────────────── v1.0.1
  Installed EllipsisNotation ───────────── v0.4.0
  Installed CompilerSupportLibraries_jll ─ v0.3.3+0
  Installed FillArrays ─────────────────── v0.8.14
  Installed ExprTools ──────────────────── v0.1.1
  Installed ArnoldiMethod ──────────────── v0.0.4
  Installed HTTP ───────────────────────── v0.8.17
  Installed MathProgBase ───────────────── v0.7.8
  Installed Optim ──────────────────────── v0.22.0
  Installed SymEngine_jll ──────────────── v0.6.0+1
  Installed SpecialFunctions ───────────── v0.10.3
  Installed IniFile ────────────────────── v0.5.0
  Installed Mocking ────────────────────── v0.7.1
  Installed DiffResults ────────────────── v1.0.2
  Installed SimpleTraits ───────────────── v0.9.3
  Installed AxisArrays ─────────────────── v0.4.3
  Installed StatsBase ──────────────────── v0.33.1
  Installed PositiveFactorizations ─────── v0.2.3
  Installed NLSolversBase ──────────────── v7.7.0
  Installed NLsolve ────────────────────── v4.4.1
  Installed Inflate ────────────────────── v0.1.2
  Installed Distributions ──────────────── v0.23.8
Updating `~/.julia/environments/v1.5/Project.toml`
  [9d24351c] + Dolo v0.4.1
Updating `~/.julia/environments/v1.5/Manifest.toml`
  [621f4979] + AbstractFFTs v0.5.0
  [ec485272] + ArnoldiMethod v0.0.4
  [4fba245c] + ArrayInterface v2.12.0
  [39de3d68] + AxisArrays v0.4.3
  [08854c51] + BasisMatrices v0.6.0
  [861a8166] + Combinatorics v0.7.0
  [bbf7d656] + CommonSubexpressions v0.3.0
  [34da2185] + Compat v3.15.0
  [e66e0078] + CompilerSupportLibraries_jll v0.3.3+0
  [717857b8] + DSP v0.6.6
  [9a962f9c] + DataAPI v1.3.0
  [864edb3b] + DataStructures v0.18.4
  [163ba53b] + DiffResults v1.0.2
  [b552c78f] + DiffRules v1.0.1
  [b4f34e82] + Distances v0.9.0
  [31c24e10] + Distributions v0.23.8
  [e5c7262c] + Dolang v3.1.2
  [9d24351c] + Dolo v0.4.1
  [da5c29d0] + EllipsisNotation v0.4.0
  [e2ba6199] + ExprTools v0.1.1
  [8f5d6c58] + EzXML v1.1.0
  [7a1cc6ca] + FFTW v1.2.4
  [f5851436] + FFTW_jll v3.3.9+5
  [1a297f60] + FillArrays v0.8.14
  [6a86dc24] + FiniteDiff v2.6.0
  [f6369f11] + ForwardDiff v0.10.12
  [781609d7] + GMP_jll v6.1.2+5
  [cd3eb016] + HTTP v0.8.17
  [d25df0c9] + Inflate v0.1.2
  [83e8ac13] + IniFile v0.5.0
  [1d5cc7b8] + IntelOpenMP_jll v2018.0.3+0
  [8197267c] + IntervalSets v0.5.1
  [d8418881] + Intervals v1.4.2
  [c8e1da08] + IterTools v1.3.0
  [42fd0dbc] + IterativeSolvers v0.8.4
  [94ce4f54] + Libiconv_jll v1.16.0+6
  [093fc24a] + LightGraphs v1.3.0
  [d3d80556] + LineSearches v7.1.0
  [856f044c] + MKL_jll v2020.2.254+0
  [2ce0c516] + MPC_jll v1.1.0+0
  [3a97d323] + MPFR_jll v4.0.2+2
  [1914dd2f] + MacroTools v0.5.5
  [fdba3010] + MathProgBase v0.7.8
  [739be429] + MbedTLS v1.0.2
  [c8ffd9c3] + MbedTLS_jll v2.16.8+0
  [e1d29d7a] + Missings v0.4.4
  [78c3b35d] + Mocking v0.7.1
  [d41bc354] + NLSolversBase v7.7.0
  [76087f3c] + NLopt v0.6.0
  [079eb43e] + NLopt_jll v2.6.2+0
  [2774e3e8] + NLsolve v4.4.1
  [77ba4419] + NaNMath v0.3.4
  [efe28fd5] + OpenSpecFun_jll v0.5.3+3
  [429524aa] + Optim v0.22.0
  [bac558e1] + OrderedCollections v1.3.0
  [90014a1f] + PDMats v0.10.0
  [d96e819e] + Parameters v0.12.1
  [f27b6e38] + Polynomials v0.8.0
  [85a6dd25] + PositiveFactorizations v0.2.3
  [27ebfcd6] + Primes v0.5.0
  [1fd47b50] + QuadGK v2.4.1
  [fcd29c91] + QuantEcon v0.16.2
  [b3c3ace0] + RangeArrays v0.3.2
  [3cdcf5f2] + RecipesBase v1.0.2
  [189a3867] + Reexport v0.2.0
  [ae029012] + Requires v1.0.2
  [79098fc4] + Rmath v0.6.1
  [f50d1b31] + Rmath_jll v0.2.2+1
  [699a6c99] + SimpleTraits v0.9.3
  [a2af1166] + SortingAlgorithms v0.3.1
  [276daf66] + SpecialFunctions v0.10.3
  [90137ffa] + StaticArrays v0.12.4
  [2913bbd2] + StatsBase v0.33.1
  [4c63d2b9] + StatsFuns v0.9.5
  [88034a9c] + StringDistances v0.8.0
  [123dc426] + SymEngine v0.8.2
  [3428059b] + SymEngine_jll v0.6.0+1
  [f269a46b] + TimeZones v1.3.2
  [3a884ed6] + UnPack v1.0.2
  [02c8fc9c] + XML2_jll v2.9.10+2
  [ddb6d928] + YAML v0.4.2
  [83775a58] + Zlib_jll v1.2.11+16
  [2a0f44e3] + Base64
  [ade2ca70] + Dates
  [8bb1440f] + DelimitedFiles
  [8ba89e20] + Distributed
  [b77e0a4c] + InteractiveUtils
  [76f85450] + LibGit2
  [8f399da3] + Libdl
  [37e2e46d] + LinearAlgebra
  [56ddb016] + Logging
  [d6f4376e] + Markdown
  [a63ad114] + Mmap
  [44cfe95a] + Pkg
  [de0858da] + Printf
  [3fa0cd96] + REPL
  [9a3f8284] + Random
  [ea8e919c] + SHA
  [9e88b42a] + Serialization
  [1a1011a3] + SharedArrays
  [6462fe0b] + Sockets
  [2f01184e] + SparseArrays
  [10745b16] + Statistics
  [4607b0f0] + SuiteSparse
  [8dfed614] + Test
  [cf7118a7] + UUIDs
  [4ec0a83e] + Unicode
   Building TimeZones → `~/.julia/packages/TimeZones/v0mfN/deps/build.log`
   Building FFTW ─────→ `~/.julia/packages/FFTW/DMUbN/deps/build.log`
    Testing Dolo
Status `/tmp/jl_0FqsM3/Project.toml`
  [39de3d68] AxisArrays v0.4.3
  [08854c51] BasisMatrices v0.6.0
  [34da2185] Compat v3.15.0
  [864edb3b] DataStructures v0.18.4
  [31c24e10] Distributions v0.23.8
  [e5c7262c] Dolang v3.1.2
  [9d24351c] Dolo v0.4.1
  [cd3eb016] HTTP v0.8.17
  [c8e1da08] IterTools v1.3.0
  [42fd0dbc] IterativeSolvers v0.8.4
  [1914dd2f] MacroTools v0.5.5
  [2774e3e8] NLsolve v4.4.1
  [429524aa] Optim v0.22.0
  [fcd29c91] QuantEcon v0.16.2
  [90137ffa] StaticArrays v0.12.4
  [88034a9c] StringDistances v0.8.0
  [ddb6d928] YAML v0.4.2
  [37e2e46d] LinearAlgebra
  [de0858da] Printf
  [3fa0cd96] REPL
  [8dfed614] Test
Status `/tmp/jl_0FqsM3/Manifest.toml`
  [621f4979] AbstractFFTs v0.5.0
  [ec485272] ArnoldiMethod v0.0.4
  [4fba245c] ArrayInterface v2.12.0
  [39de3d68] AxisArrays v0.4.3
  [08854c51] BasisMatrices v0.6.0
  [861a8166] Combinatorics v0.7.0
  [bbf7d656] CommonSubexpressions v0.3.0
  [34da2185] Compat v3.15.0
  [e66e0078] CompilerSupportLibraries_jll v0.3.3+0
  [717857b8] DSP v0.6.6
  [9a962f9c] DataAPI v1.3.0
  [864edb3b] DataStructures v0.18.4
  [163ba53b] DiffResults v1.0.2
  [b552c78f] DiffRules v1.0.1
  [b4f34e82] Distances v0.9.0
  [31c24e10] Distributions v0.23.8
  [e5c7262c] Dolang v3.1.2
  [9d24351c] Dolo v0.4.1
  [da5c29d0] EllipsisNotation v0.4.0
  [e2ba6199] ExprTools v0.1.1
  [8f5d6c58] EzXML v1.1.0
  [7a1cc6ca] FFTW v1.2.4
  [f5851436] FFTW_jll v3.3.9+5
  [1a297f60] FillArrays v0.8.14
  [6a86dc24] FiniteDiff v2.6.0
  [f6369f11] ForwardDiff v0.10.12
  [781609d7] GMP_jll v6.1.2+5
  [cd3eb016] HTTP v0.8.17
  [d25df0c9] Inflate v0.1.2
  [83e8ac13] IniFile v0.5.0
  [1d5cc7b8] IntelOpenMP_jll v2018.0.3+0
  [8197267c] IntervalSets v0.5.1
  [d8418881] Intervals v1.4.2
  [c8e1da08] IterTools v1.3.0
  [42fd0dbc] IterativeSolvers v0.8.4
  [94ce4f54] Libiconv_jll v1.16.0+6
  [093fc24a] LightGraphs v1.3.0
  [d3d80556] LineSearches v7.1.0
  [856f044c] MKL_jll v2020.2.254+0
  [2ce0c516] MPC_jll v1.1.0+0
  [3a97d323] MPFR_jll v4.0.2+2
  [1914dd2f] MacroTools v0.5.5
  [fdba3010] MathProgBase v0.7.8
  [739be429] MbedTLS v1.0.2
  [c8ffd9c3] MbedTLS_jll v2.16.8+0
  [e1d29d7a] Missings v0.4.4
  [78c3b35d] Mocking v0.7.1
  [d41bc354] NLSolversBase v7.7.0
  [76087f3c] NLopt v0.6.0
  [079eb43e] NLopt_jll v2.6.2+0
  [2774e3e8] NLsolve v4.4.1
  [77ba4419] NaNMath v0.3.4
  [efe28fd5] OpenSpecFun_jll v0.5.3+3
  [429524aa] Optim v0.22.0
  [bac558e1] OrderedCollections v1.3.0
  [90014a1f] PDMats v0.10.0
  [d96e819e] Parameters v0.12.1
  [f27b6e38] Polynomials v0.8.0
  [85a6dd25] PositiveFactorizations v0.2.3
  [27ebfcd6] Primes v0.5.0
  [1fd47b50] QuadGK v2.4.1
  [fcd29c91] QuantEcon v0.16.2
  [b3c3ace0] RangeArrays v0.3.2
  [3cdcf5f2] RecipesBase v1.0.2
  [189a3867] Reexport v0.2.0
  [ae029012] Requires v1.0.2
  [79098fc4] Rmath v0.6.1
  [f50d1b31] Rmath_jll v0.2.2+1
  [699a6c99] SimpleTraits v0.9.3
  [a2af1166] SortingAlgorithms v0.3.1
  [276daf66] SpecialFunctions v0.10.3
  [90137ffa] StaticArrays v0.12.4
  [2913bbd2] StatsBase v0.33.1
  [4c63d2b9] StatsFuns v0.9.5
  [88034a9c] StringDistances v0.8.0
  [123dc426] SymEngine v0.8.2
  [3428059b] SymEngine_jll v0.6.0+1
  [f269a46b] TimeZones v1.3.2
  [3a884ed6] UnPack v1.0.2
  [02c8fc9c] XML2_jll v2.9.10+2
  [ddb6d928] YAML v0.4.2
  [83775a58] Zlib_jll v1.2.11+16
  [2a0f44e3] Base64
  [ade2ca70] Dates
  [8bb1440f] DelimitedFiles
  [8ba89e20] Distributed
  [b77e0a4c] InteractiveUtils
  [76f85450] LibGit2
  [8f399da3] Libdl
  [37e2e46d] LinearAlgebra
  [56ddb016] Logging
  [d6f4376e] Markdown
  [a63ad114] Mmap
  [44cfe95a] Pkg
  [de0858da] Printf
  [3fa0cd96] REPL
  [9a3f8284] Random
  [ea8e919c] SHA
  [9e88b42a] Serialization
  [1a1011a3] SharedArrays
  [6462fe0b] Sockets
  [2f01184e] SparseArrays
  [10745b16] Statistics
  [4607b0f0] SuiteSparse
  [8dfed614] Test
  [cf7118a7] UUIDs
  [4ec0a83e] Unicode
Test Summary:       | Pass  Total
testing model_types |   82     82
Importing LAMP.yaml
Importing neoclassical.yaml
Importing rbc.yaml
Importing rbc_catastrophe.yaml
Importing rbc_catastrophe_newstyle.yaml
[0.001]
[0.0; 0.1]
[0.97 0.03; 0.1 0.9]
Importing rbc_iid.yaml
Importing rbc_mc.yaml
Importing rmt3_ch11.yaml
Importing sudden_stop.yaml
Importing sudden_stop_ar1.yaml
Test Summary:       | Pass  Total
Testing yaml_import |   10     10
Test Summary:             | Pass  Total
Testing model calibration |   13     13
┌ Warning: `a::StaticArray + b::Number` is deprecated, use `a .+ b` instead.
│   caller = #196 at none:0 [inlined]
└ @ Core ./none:0
┌ Warning: `a::StaticArray + b::Number` is deprecated, use `a .+ b` instead.
│   caller = #196 at generator.jl:0 [inlined]
└ @ Core ./generator.jl:0
------------------------------------------------------------------
It    ϵₙ              ηₙ=|xₙ-xₙ₋₁|    λₙ=ηₙ/ηₙ₋₁      Time            Newton steps
------------------------------------------------------------------
0     NaN             NaN             NaN             0.00e+00        NaN  
1     NaN             7.56e-01        NaN             2.83e+09        NaN  
2     NaN             4.12e-02        5.45e-02        3.82e+05        NaN  
3     NaN             3.10e-02        7.54e-01        3.97e+05        NaN  
4     NaN             2.51e-02        8.07e-01        3.66e+05        NaN  
5     NaN             2.21e-02        8.81e-01        3.48e+05        NaN  
6     NaN             1.92e-02        8.69e-01        3.06e+05        NaN  
7     NaN             1.71e-02        8.90e-01        3.23e+05        NaN  
8     NaN             1.51e-02        8.85e-01        3.13e+05        NaN  
9     NaN             1.34e-02        8.89e-01        2.94e+05        NaN  
10    NaN             1.20e-02        8.90e-01        3.08e+05        NaN  
11    NaN             1.07e-02        8.92e-01        3.49e+05        NaN  
12    NaN             9.54e-03        8.95e-01        3.66e+05        NaN  
13    NaN             8.56e-03        8.97e-01        3.29e+05        NaN  
14    NaN             7.69e-03        8.99e-01        3.19e+05        NaN  
15    NaN             6.92e-03        9.01e-01        3.28e+05        NaN  
16    NaN             6.25e-03        9.02e-01        3.24e+05        NaN  
17    NaN             5.65e-03        9.04e-01        3.23e+05        NaN  
18    NaN             5.12e-03        9.06e-01        3.26e+05        NaN  
19    NaN             4.64e-03        9.07e-01        3.15e+05        NaN  
20    NaN             4.21e-03        9.08e-01        3.18e+05        NaN  
------------------------------------------------------------------
 22.963706 seconds (23.44 M allocations: 1.159 GiB, 4.94% gc time)
  9.077331 seconds (9.26 M allocations: 488.260 MiB, 4.41% gc time)
 15.656179 seconds (16.61 M allocations: 869.009 MiB, 4.79% gc time)
┌ Warning: `a::StaticArray + b::Number` is deprecated, use `a .+ b` instead.
│   caller = #196 at none:0 [inlined]
└ @ Core ./none:0
┌ Warning: `a::StaticArray + b::Number` is deprecated, use `a .+ b` instead.
│   caller = #196 at generator.jl:0 [inlined]
└ @ Core ./generator.jl:0
  2.546168 seconds (2.62 M allocations: 137.509 MiB, 3.53% gc time)
  1.542291 seconds (1.59 M allocations: 85.440 MiB, 3.07% gc time)
┌ Warning: `a::StaticArray + b::Number` is deprecated, use `a .+ b` instead.
│   caller = Dolo.CubicDR(::Dolo.EmptyGrid, ::Dolo.CartesianGrid{2}, ::Type{Val{2}}) at csplines.jl:14
└ @ Dolo ~/.julia/packages/Dolo/d0Rro/src/numeric/decision_rules/csplines.jl:14
------------------------------------------------------------------
It    ϵₙ              ηₙ=|xₙ-xₙ₋₁|    λₙ=ηₙ/ηₙ₋₁      Time            Newton steps
------------------------------------------------------------------
0     NaN             NaN             NaN             0.00e+00        NaN  
1     NaN             2.08e-01        NaN             1.45e+09        NaN  
2     NaN             5.93e-02        2.85e-01        1.97e+06        NaN  
3     NaN             4.15e-02        6.99e-01        1.73e+06        NaN  
4     NaN             2.95e-02        7.11e-01        1.54e+06        NaN  
5     NaN             2.14e-02        7.26e-01        1.94e+06        NaN  
6     NaN             1.59e-02        7.41e-01        1.51e+06        NaN  
7     NaN             1.20e-02        7.57e-01        2.13e+06        NaN  
8     NaN             9.25e-03        7.71e-01        2.89e+07        NaN  
9     NaN             7.26e-03        7.85e-01        1.56e+06        NaN  
10    NaN             5.79e-03        7.97e-01        1.53e+06        NaN  
11    NaN             4.69e-03        8.09e-01        1.45e+06        NaN  
12    NaN             3.85e-03        8.21e-01        1.73e+06        NaN  
13    NaN             3.20e-03        8.31e-01        1.55e+06        NaN  
14    NaN             2.69e-03        8.40e-01        1.45e+06        NaN  
15    NaN             2.28e-03        8.49e-01        1.54e+06        NaN  
16    NaN             1.95e-03        8.57e-01        1.46e+06        NaN  
17    NaN             1.69e-03        8.64e-01        1.56e+06        NaN  
18    NaN             1.47e-03        8.70e-01        1.47e+06        NaN  
19    NaN             1.28e-03        8.75e-01        5.52e+06        NaN  
20    NaN             1.13e-03        8.80e-01        1.61e+06        NaN  
------------------------------------------------------------------
  5.932234 seconds (4.94 M allocations: 262.564 MiB, 2.71% gc time)
  4.063423 seconds (3.98 M allocations: 262.114 MiB, 3.14% gc time)
  5.527848 seconds (4.78 M allocations: 349.819 MiB, 4.84% gc time)
  1.429407 seconds (1.14 M allocations: 62.130 MiB, 1.65% gc time)
┌ Warning: `a::StaticArray + b::Number` is deprecated, use `a .+ b` instead.
│   caller = Dolo.CubicDR(::Dolo.CartesianGrid{1}, ::Dolo.CartesianGrid{1}, ::Type{Val{2}}) at csplines.jl:53
└ @ Dolo ~/.julia/packages/Dolo/d0Rro/src/numeric/decision_rules/csplines.jl:53
┌ Warning: `a::StaticArray + b::Number` is deprecated, use `a .+ b` instead.
│   caller = Dolo.CubicDR(::Dolo.CartesianGrid{1}, ::Dolo.CartesianGrid{1}, ::Type{Val{2}}) at csplines.jl:53
└ @ Dolo ~/.julia/packages/Dolo/d0Rro/src/numeric/decision_rules/csplines.jl:53
------------------------------------------------------------------
It    ϵₙ              ηₙ=|xₙ-xₙ₋₁|    λₙ=ηₙ/ηₙ₋₁      Time            Newton steps
------------------------------------------------------------------
0     NaN             NaN             NaN             0.00e+00        NaN  
1     NaN             8.71e-01        NaN             1.13e+09        NaN  
2     NaN             7.09e-02        8.13e-02        2.06e+06        NaN  
3     NaN             5.71e-02        8.05e-01        2.66e+06        NaN  
4     NaN             4.61e-02        8.08e-01        2.92e+06        NaN  
5     NaN             3.76e-02        8.14e-01        2.24e+06        NaN  
6     NaN             3.08e-02        8.21e-01        2.36e+06        NaN  
7     NaN             2.56e-02        8.30e-01        2.16e+07        NaN  
8     NaN             2.15e-02        8.39e-01        3.75e+06        NaN  
9     NaN             1.82e-02        8.48e-01        3.58e+06        NaN  
10    NaN             1.56e-02        8.56e-01        3.40e+06        NaN  
11    NaN             1.35e-02        8.63e-01        3.25e+06        NaN  
12    NaN             1.17e-02        8.70e-01        1.72e+06        NaN  
13    NaN             1.03e-02        8.76e-01        3.39e+06        NaN  
14    NaN             9.05e-03        8.82e-01        3.70e+06        NaN  
15    NaN             8.02e-03        8.87e-01        3.23e+06        NaN  
16    NaN             7.15e-03        8.91e-01        2.55e+06        NaN  
17    NaN             6.39e-03        8.95e-01        3.67e+06        NaN  
18    NaN             5.74e-03        8.98e-01        3.18e+06        NaN  
19    NaN             5.17e-03        9.01e-01        2.73e+06        NaN  
20    NaN             4.67e-03        9.03e-01        3.20e+06        NaN  
------------------------------------------------------------------
  5.465636 seconds (5.46 M allocations: 290.053 MiB, 2.94% gc time)
  5.374216 seconds (6.49 M allocations: 374.523 MiB, 3.48% gc time)
  8.142510 seconds (7.92 M allocations: 479.143 MiB, 3.66% gc time)
Test Summary:       | Pass  Total
testing model algos |    6      6
Iter     f(x) inf-norm    Step 2-norm 
------   --------------   --------------
     0     2.336746e-01              NaN
     1     1.090389e+00     1.387779e-16
     2     1.090389e+00     0.000000e+00
     3     1.090389e+00     0.000000e+00
     4     1.090389e+00     0.000000e+00
     5     9.244591e-01     1.038519e-16
     6     7.565965e-01     6.798700e-17
     7     8.702654e-01     4.807407e-17
     8     1.968438e-01     6.542663e-02
     9     8.453575e-02     8.402554e-01
    10     9.037182e-03     1.237813e+00
    11     3.018357e-04     2.353474e-01
    12     1.222641e-07     1.087952e-03
    13     2.930989e-14     1.818754e-06
 40.331466 seconds (26.18 M allocations: 1.251 GiB, 3.26% gc time)
Test Summary:             | Pass  Total
testing perfect_foresight |    1      1
Iter     f(x) inf-norm    Step 2-norm 
------   --------------   --------------
     0     2.336746e-01              NaN
     1     1.090389e+00     1.387779e-16
     2     1.090389e+00     0.000000e+00
     3     1.090389e+00     0.000000e+00
     4     1.090389e+00     0.000000e+00
     5     9.244591e-01     1.038519e-16
     6     7.565965e-01     6.798700e-17
     7     8.702654e-01     4.807407e-17
     8     1.968438e-01     6.542663e-02
     9     8.453575e-02     8.402554e-01
    10     9.037182e-03     1.237813e+00
    11     3.018357e-04     2.353474e-01
    12     1.222641e-07     1.087952e-03
    13     2.930989e-14     1.818754e-06
 22.189999 seconds (6.08 M allocations: 277.259 MiB, 1.29% gc time)
Iter     f(x) inf-norm    Step 2-norm 
------   --------------   --------------
     0     2.336746e-01              NaN
     1     1.090389e+00     1.387779e-16
     2     1.090389e+00     0.000000e+00
     3     1.090389e+00     0.000000e+00
     4     1.090389e+00     0.000000e+00
     5     9.244591e-01     1.038519e-16
     6     7.565965e-01     6.798700e-17
     7     8.702654e-01     4.807407e-17
     8     1.968438e-01     6.542663e-02
     9     8.453575e-02     8.402554e-01
    10     9.037182e-03     1.237813e+00
    11     3.018357e-04     2.353474e-01
    12     1.222641e-07     1.087952e-03
    13     2.930989e-14     1.818754e-06
 15.558978 seconds (2.75 M allocations: 102.814 MiB, 1.10% gc time)
df is the same
Iter     f(x) inf-norm    Step 2-norm 
------   --------------   --------------
     0     2.336746e-01              NaN
     1     1.090389e+00     1.387779e-16
     2     1.090389e+00     0.000000e+00
     3     1.090389e+00     0.000000e+00
     4     1.090389e+00     0.000000e+00
     5     9.244591e-01     1.038519e-16
     6     7.565965e-01     6.798700e-17
     7     8.702654e-01     4.807407e-17
     8     1.968438e-01     6.542663e-02
     9     8.453575e-02     8.402554e-01
    10     9.037182e-03     1.237813e+00
    11     3.018357e-04     2.353474e-01
    12     1.222641e-07     1.087952e-03
    13     2.930989e-14     1.818754e-06
 18.196141 seconds (6.28 M allocations: 287.370 MiB, 1.79% gc time)
Iter     f(x) inf-norm    Step 2-norm 
------   --------------   --------------
     0     2.336746e-01              NaN
     1     1.090389e+00     1.387779e-16
     2     1.090389e+00     0.000000e+00
     3     1.090389e+00     0.000000e+00
     4     1.090389e+00     0.000000e+00
     5     9.244591e-01     1.038519e-16
     6     7.565965e-01     6.798700e-17
     7     8.702654e-01     4.807407e-17
     8     1.968438e-01     6.542663e-02
     9     8.453575e-02     8.402554e-01
    10     9.037182e-03     1.237813e+00
    11     3.018357e-04     2.353474e-01
    12     1.222641e-07     1.087952e-03
    13     2.930989e-14     1.818754e-06
 11.786597 seconds (2.33 M allocations: 81.476 MiB, 1.09% gc time)
df is the same
Iter     f(x) inf-norm    Step 2-norm 
------   --------------   --------------
     0     2.336746e-01              NaN
     1     1.090389e+00     1.387779e-16
     2     1.090389e+00     0.000000e+00
     3     1.090389e+00     0.000000e+00
     4     1.090389e+00     0.000000e+00
     5     9.244591e-01     1.038519e-16
     6     7.565965e-01     6.798700e-17
     7     8.702654e-01     4.807407e-17
     8     1.968438e-01     6.542663e-02
     9     8.453575e-02     8.402554e-01
    10     9.037182e-03     1.237813e+00
    11     3.018357e-04     2.353474e-01
    12     1.222641e-07     1.087952e-03
    13     2.930989e-14     1.818754e-06
  8.904439 seconds (2.21 M allocations: 76.563 MiB, 2.90% gc time)
df is the same
Iter     f(x) inf-norm    Step 2-norm 
------   --------------   --------------
     0     2.336746e-01              NaN
     1     1.090389e+00     1.387779e-16
     2     1.090389e+00     0.000000e+00
     3     1.090389e+00     0.000000e+00
     4     1.090389e+00     0.000000e+00
     5     9.244591e-01     1.038519e-16
     6     7.565965e-01     6.798700e-17
     7     8.702654e-01     4.807407e-17
     8     1.968438e-01     6.542663e-02
     9     8.453575e-02     8.402554e-01
    10     9.037182e-03     1.237813e+00
    11     3.018357e-04     2.353474e-01
    12     1.222641e-07     1.087952e-03
    13     2.930989e-14     1.818754e-06
  9.363555 seconds (2.21 M allocations: 76.563 MiB, 3.68% gc time)
df is the same
Iter     f(x) inf-norm    Step 2-norm 
------   --------------   --------------
     0     2.336746e-01              NaN
     1     1.090389e+00     1.387779e-16
     2     1.090389e+00     0.000000e+00
     3     1.090389e+00     0.000000e+00
     4     1.090389e+00     0.000000e+00
     5     9.244591e-01     1.038519e-16
     6     7.565965e-01     6.798700e-17
     7     8.702654e-01     4.807407e-17
     8     1.968438e-01     6.542663e-02
     9     8.453575e-02     8.402554e-01
    10     9.037182e-03     1.237813e+00
    11     3.018357e-04     2.353474e-01
    12     1.222641e-07     1.087952e-03
    13     2.930989e-14     1.818754e-06
  5.639964 seconds (2.57 M allocations: 93.732 MiB, 5.34% gc time)
df is the same
Test Summary: | Pass  Total
features      |   15     15
/home/pkgeval/.julia/packages/Dolo/d0Rro/examples/models/LAMP.yaml
/home/pkgeval/.julia/packages/Dolo/d0Rro/examples/models/neoclassical.yaml
/home/pkgeval/.julia/packages/Dolo/d0Rro/examples/models/rbc.yaml
/home/pkgeval/.julia/packages/Dolo/d0Rro/examples/models/rbc_catastrophe.yaml
/home/pkgeval/.julia/packages/Dolo/d0Rro/examples/models/rbc_catastrophe_newstyle.yaml
/home/pkgeval/.julia/packages/Dolo/d0Rro/examples/models/rbc_iid.yaml
/home/pkgeval/.julia/packages/Dolo/d0Rro/examples/models/rbc_mc.yaml
/home/pkgeval/.julia/packages/Dolo/d0Rro/examples/models/rmt3_ch11.yaml
/home/pkgeval/.julia/packages/Dolo/d0Rro/examples/models/sudden_stop.yaml
/home/pkgeval/.julia/packages/Dolo/d0Rro/examples/models/sudden_stop_ar1.yaml
error at line 1, column 5 : Invalid model name '' >> Model name should be non-empty string
error at line 8, column 17 : Invalid symbol 'i*$' >> symbol should be an 'alphanumeric' string
error at line 12, column 46 : Invalid symbol '_alpha' >> symbol should not start with a number or an underscore
error at line 12, column 16 : Invalid symbol 'beta' >> beta already declared as 'parameters at line 9, column 23
error at line 18, column 4 : Invalid definition 'rk%' >> symbol should be an 'alphanumeric' string
error at line 19, column 4 : Invalid definition '_w' >> symbol should not start with a number or an underscore
error at line 20, column 4 : Invalid definition 'c' >> c already declared in definitions section at line 17, column 4
error at line 21, column 4 : Invalid definition 'n' >> n  already declared in symbols section as 'controls' at line8, column 14
error at line 30, column 4 : Invalid number of equations 'transition' >> Number of transition equations should be equal to number of states
error at line 68, column 4 : Invalid calibration 'z' >> z already declared in calibration section at line 66, column 4
warning at line 9, colummn 3 : Unknown symbol type 'strange_params' 
warning at line 8, colummn 17 : Symbol not calibrated 'i*$' >> i*$ not found in calibration section
warning at line 10, colummn 18 : Symbol not calibrated '15b' >> 15b not found in calibration section
warning at line 12, colummn 46 : Symbol not calibrated '_alpha' >> _alpha not found in calibration section
warning at line 51, colummn 4 : Calibration not in symbols 'phi' >> phi is not declared in the symbols section 
warning at line 53, colummn 4 : Calibration not in symbols 'alpha' >> alpha is not declared in the symbols section 
warning at line 58, colummn 4 : Calibration not in symbols 'alpha' >> alpha is not declared in the symbols section 
warning at line 61, colummn 4 : Calibration not in symbols 'c_i' >> c_i is not declared in the symbols section 
warning at line 62, colummn 4 : Calibration not in symbols 'c_y' >> c_y is not declared in the symbols section 
warning at line 69, colummn 4 : Calibration not in symbols 'rk' >> rk is not declared in the symbols section 
warning at line 70, colummn 4 : Calibration not in symbols 'w' >> w is not declared in the symbols section 
warning at line 77, colummn 4 : Calibration not in symbols 'm' >> m is not declared in the symbols section 
Test Summary: |
linter        | No tests
Test Summary:     | Pass  Total
minilang.jl tests |    2      2
Test Summary: | Pass  Total
DR types      |  240    240
Test Summary:                  | Pass  Total
testing discretizing functions |    1      1
    Testing Dolo tests passed 
