Julia Version 1.3.1-pre.12
Commit ac555be960 (2019-12-04 10:45 UTC)
Platform Info:
  OS: Linux (x86_64-linux-gnu)
  CPU: Intel(R) Xeon(R) Silver 4114 CPU @ 2.20GHz
  WORD_SIZE: 64
  LIBM: libopenlibm
  LLVM: libLLVM-6.0.1 (ORCJIT, skylake)

   Cloning default registries into `~/.julia`
   Cloning registry from "https://github.com/JuliaRegistries/General.git"
[?25l    Fetching: [>                                        ]  0.0 %    Fetching: [==============>                          ]  32.6 %    Fetching: [==================================>      ]  82.9 %[2K[?25h     Added registry `General` to `~/.julia/registries/General`
 Resolving package versions...
 Installed TimerOutputs ─ v0.5.3
  Updating `~/.julia/environments/v1.3/Project.toml`
  [a759f4b9] + TimerOutputs v0.5.3
  Updating `~/.julia/environments/v1.3/Manifest.toml`
  [a759f4b9] + TimerOutputs v0.5.3
  [de0858da] + Printf 
  [4ec0a83e] + Unicode 
   Testing TimerOutputs
 Resolving package versions...
    Status `/tmp/jl_kh3jyg/Manifest.toml`
  [a759f4b9] TimerOutputs v0.5.3
  [2a0f44e3] Base64  [`@stdlib/Base64`]
  [8ba89e20] Distributed  [`@stdlib/Distributed`]
  [b77e0a4c] InteractiveUtils  [`@stdlib/InteractiveUtils`]
  [56ddb016] Logging  [`@stdlib/Logging`]
  [d6f4376e] Markdown  [`@stdlib/Markdown`]
  [de0858da] Printf  [`@stdlib/Printf`]
  [9a3f8284] Random  [`@stdlib/Random`]
  [9e88b42a] Serialization  [`@stdlib/Serialization`]
  [6462fe0b] Sockets  [`@stdlib/Sockets`]
  [8dfed614] Test  [`@stdlib/Test`]
  [4ec0a83e] Unicode  [`@stdlib/Unicode`]
 ──────────────────────────────────────────────────────────────────
                           Time                   Allocations      
                   ──────────────────────   ───────────────────────
 Tot / % measured:      1.88s / 0.00%           73.2MiB / 0.00%    

 Section   ncalls     time   %tot     avg     alloc   %tot      avg
 ──────────────────────────────────────────────────────────────────
 asdf           0   0.00ns    - %    NaNs     0.00B   - %         -
 ──────────────────────────────────────────────────────────────────Test Summary: | Pass  Total
TimerOutput   |   98     98
Test Summary:       | Pass  Total
Timer from argument |    5      5
   Testing TimerOutputs tests passed 
