Current time is 2020-10-25T22:14:44.877
Julia Version 1.5.3-pre.0
Commit 5905edebb1 (2020-09-24 05:09 UTC)
Platform Info:
  OS: Linux (x86_64-pc-linux-gnu)
  CPU: AMD EPYC 7502 32-Core Processor
  WORD_SIZE: 64
  LIBM: libopenlibm
  LLVM: libLLVM-9.0.1 (ORCJIT, znver2)
Environment:
  JULIA_DEPOT_PATH = ::/usr/local/share/julia
  JULIA_NUM_THREADS = 2
  JULIA_MAX_NUM_PRECOMPILE_FILES = 9223372036854775807
  JULIA_PKG_SERVER = 

Starting installation at 2020-10-25T22:14:48.017
  Resolving package versions...
  Installed CodecBzip2 ─────────────────── v0.7.2
  Installed AbstractFFTs ───────────────── v0.5.0
  Installed HTTP ───────────────────────── v0.8.19
  Installed StatsBase ──────────────────── v0.33.2
  Installed NaiveGAflux ────────────────── v0.7.1
  Installed GPUArrays ──────────────────── v5.2.1
  Installed CUDA ───────────────────────── v1.3.3
  Installed LightGraphs ────────────────── v1.3.0
  Installed NNlib ──────────────────────── v0.7.5
  Installed SIMDPirates ────────────────── v0.8.25
  Installed ZipFile ────────────────────── v0.9.3
  Installed MacroTools ─────────────────── v0.5.6
  Installed ZygoteRules ────────────────── v0.2.0
  Installed FiniteDifferences ──────────── v0.11.2
  Installed ChainRulesCore ─────────────── v0.9.17
  Installed Missings ───────────────────── v0.4.4
  Installed CodecZlib ──────────────────── v0.7.0
  Installed CompilerSupportLibraries_jll ─ v0.3.4+0
  Installed DataAPI ────────────────────── v1.3.0
  Installed VectorizationBase ──────────── v0.12.33
  Installed SLEEFPirates ───────────────── v0.5.5
  Installed JuMP ───────────────────────── v0.21.5
  Installed Flux ───────────────────────── v0.11.1
  Installed Calculus ───────────────────── v0.5.1
  Installed ChainRules ─────────────────── v0.7.31
  Installed Reexport ───────────────────── v0.2.0
  Installed Osi_jll ────────────────────── v0.108.5+3
  Installed Inflate ────────────────────── v0.1.2
  Installed MuladdMacro ────────────────── v0.2.2
  Installed Compat ─────────────────────── v3.22.0
  Installed SimpleTraits ───────────────── v0.9.3
  Installed BinaryProvider ─────────────── v0.5.10
  Installed OffsetArrays ───────────────── v1.3.1
  Installed MathOptInterface ───────────── v0.9.17
  Installed Functors ───────────────────── v0.1.0
  Installed ConstructionBase ───────────── v1.0.0
  Installed Cbc_jll ────────────────────── v2.10.3+4
  Installed CommonSubexpressions ───────── v0.3.0
  Installed ArnoldiMethod ──────────────── v0.0.4
  Installed LoopVectorization ──────────── v0.8.26
  Installed MemPool ────────────────────── v0.3.2
  Installed Colors ─────────────────────── v0.12.4
  Installed JSON ───────────────────────── v0.21.1
  Installed OpenBLAS32_jll ─────────────── v0.3.10+0
  Installed Zlib_jll ───────────────────── v1.2.11+18
  Installed MutableArithmetics ─────────── v0.2.10
  Installed Artifacts ──────────────────── v1.3.0
  Installed OrderedCollections ─────────── v1.3.1
  Installed IterTools ──────────────────── v1.3.0
  Installed FixedPointNumbers ──────────── v0.8.4
  Installed Clp_jll ────────────────────── v1.17.6+6
  Installed CoinUtils_jll ──────────────── v2.11.3+3
  Installed Bzip2_jll ──────────────────── v1.0.6+5
  Installed StaticArrays ───────────────── v0.12.4
  Installed ColorTypes ─────────────────── v0.10.9
  Installed ForwardDiff ────────────────── v0.10.12
  Installed JLD2 ───────────────────────── v0.2.4
  Installed Requires ───────────────────── v1.1.0
  Installed UnPack ─────────────────────── v1.0.2
  Installed MbedTLS_jll ────────────────── v2.16.8+0
  Installed MbedTLS ────────────────────── v1.0.2
  Installed OpenSpecFun_jll ────────────── v0.5.3+4
  Installed NaNMath ────────────────────── v0.3.4
  Installed Juno ───────────────────────── v0.8.4
  Installed ArrayLayouts ───────────────── v0.4.10
  Installed DocStringExtensions ────────── v0.8.3
  Installed Zygote ─────────────────────── v0.5.9
  Installed NaiveNASlib ────────────────── v1.3.0
  Installed Setfield ───────────────────── v0.7.0
  Installed JLLWrappers ────────────────── v1.1.3
  Installed JSONSchema ─────────────────── v0.3.2
  Installed SpecialFunctions ───────────── v0.10.3
  Installed Cbc ────────────────────────── v0.7.1
  Installed BenchmarkTools ─────────────── v0.5.0
  Installed NaiveNASflux ───────────────── v1.5.0
  Installed MetaGraphs ─────────────────── v0.6.6
  Installed TranscodingStreams ─────────── v0.9.5
  Installed DiffRules ──────────────────── v1.0.1
  Installed ChainRulesTestUtils ────────── v0.5.3
  Installed DiffResults ────────────────── v1.0.2
  Installed CEnum ──────────────────────── v0.4.1
  Installed CpuId ──────────────────────── v0.2.2
  Installed AbstractTrees ──────────────── v0.3.3
  Installed IRTools ────────────────────── v0.4.1
  Installed SortingAlgorithms ──────────── v0.3.1
  Installed Adapt ──────────────────────── v2.3.0
  Installed Richardson ─────────────────── v1.2.0
  Installed IniFile ────────────────────── v0.5.0
  Installed Media ──────────────────────── v0.5.0
  Installed LLVM ───────────────────────── v2.0.0
  Installed Cgl_jll ────────────────────── v0.60.2+5
  Installed TimerOutputs ───────────────── v0.5.6
  Installed Parsers ────────────────────── v1.0.11
  Installed ExprTools ──────────────────── v0.1.3
  Installed DataStructures ─────────────── v0.18.8
  Installed FillArrays ─────────────────── v0.9.7
  Installed GPUCompiler ────────────────── v0.6.1
Updating `~/.julia/environments/v1.5/Project.toml`
  [81ede08e] + NaiveGAflux v0.7.1
Updating `~/.julia/environments/v1.5/Manifest.toml`
  [621f4979] + AbstractFFTs v0.5.0
  [1520ce14] + AbstractTrees v0.3.3
  [79e6a3ab] + Adapt v2.3.0
  [ec485272] + ArnoldiMethod v0.0.4
  [4c555306] + ArrayLayouts v0.4.10
  [56f22d72] + Artifacts v1.3.0
  [6e4b80f9] + BenchmarkTools v0.5.0
  [b99e7846] + BinaryProvider v0.5.10
  [6e34b625] + Bzip2_jll v1.0.6+5
  [fa961155] + CEnum v0.4.1
  [052768ef] + CUDA v1.3.3
  [49dc2e85] + Calculus v0.5.1
  [9961bab8] + Cbc v0.7.1
  [38041ee0] + Cbc_jll v2.10.3+4
  [3830e938] + Cgl_jll v0.60.2+5
  [082447d4] + ChainRules v0.7.31
  [d360d2e6] + ChainRulesCore v0.9.17
  [cdddcdb0] + ChainRulesTestUtils v0.5.3
  [06985876] + Clp_jll v1.17.6+6
  [523fee87] + CodecBzip2 v0.7.2
  [944b1d66] + CodecZlib v0.7.0
  [be027038] + CoinUtils_jll v2.11.3+3
  [3da002f7] + ColorTypes v0.10.9
  [5ae59095] + Colors v0.12.4
  [bbf7d656] + CommonSubexpressions v0.3.0
  [34da2185] + Compat v3.22.0
  [e66e0078] + CompilerSupportLibraries_jll v0.3.4+0
  [187b0558] + ConstructionBase v1.0.0
  [adafc99b] + CpuId v0.2.2
  [9a962f9c] + DataAPI v1.3.0
  [864edb3b] + DataStructures v0.18.8
  [163ba53b] + DiffResults v1.0.2
  [b552c78f] + DiffRules v1.0.1
  [ffbed154] + DocStringExtensions v0.8.3
  [e2ba6199] + ExprTools v0.1.3
  [1a297f60] + FillArrays v0.9.7
  [26cc04aa] + FiniteDifferences v0.11.2
  [53c48c17] + FixedPointNumbers v0.8.4
  [587475ba] + Flux v0.11.1
  [f6369f11] + ForwardDiff v0.10.12
  [d9f16b24] + Functors v0.1.0
  [0c68f7d7] + GPUArrays v5.2.1
  [61eb1bfa] + GPUCompiler v0.6.1
  [cd3eb016] + HTTP v0.8.19
  [7869d1d1] + IRTools v0.4.1
  [d25df0c9] + Inflate v0.1.2
  [83e8ac13] + IniFile v0.5.0
  [c8e1da08] + IterTools v1.3.0
  [033835bb] + JLD2 v0.2.4
  [692b3bcd] + JLLWrappers v1.1.3
  [682c06a0] + JSON v0.21.1
  [7d188eb4] + JSONSchema v0.3.2
  [4076af6c] + JuMP v0.21.5
  [e5e0dc1b] + Juno v0.8.4
  [929cbde3] + LLVM v2.0.0
  [093fc24a] + LightGraphs v1.3.0
  [bdcacae8] + LoopVectorization v0.8.26
  [1914dd2f] + MacroTools v0.5.6
  [b8f27783] + MathOptInterface v0.9.17
  [739be429] + MbedTLS v1.0.2
  [c8ffd9c3] + MbedTLS_jll v2.16.8+0
  [e89f7d12] + Media v0.5.0
  [f9f48841] + MemPool v0.3.2
  [626554b9] + MetaGraphs v0.6.6
  [e1d29d7a] + Missings v0.4.4
  [46d2c3a1] + MuladdMacro v0.2.2
  [d8a4904e] + MutableArithmetics v0.2.10
  [872c559c] + NNlib v0.7.5
  [77ba4419] + NaNMath v0.3.4
  [81ede08e] + NaiveGAflux v0.7.1
  [85610aed] + NaiveNASflux v1.5.0
  [bd45eb3e] + NaiveNASlib v1.3.0
  [6fe1bfb0] + OffsetArrays v1.3.1
  [656ef2d0] + OpenBLAS32_jll v0.3.10+0
  [efe28fd5] + OpenSpecFun_jll v0.5.3+4
  [bac558e1] + OrderedCollections v1.3.1
  [7da25872] + Osi_jll v0.108.5+3
  [69de0a69] + Parsers v1.0.11
  [189a3867] + Reexport v0.2.0
  [ae029012] + Requires v1.1.0
  [708f8203] + Richardson v1.2.0
  [21efa798] + SIMDPirates v0.8.25
  [476501e8] + SLEEFPirates v0.5.5
  [efcf1570] + Setfield v0.7.0
  [699a6c99] + SimpleTraits v0.9.3
  [a2af1166] + SortingAlgorithms v0.3.1
  [276daf66] + SpecialFunctions v0.10.3
  [90137ffa] + StaticArrays v0.12.4
  [2913bbd2] + StatsBase v0.33.2
  [a759f4b9] + TimerOutputs v0.5.6
  [3bb67fe8] + TranscodingStreams v0.9.5
  [3a884ed6] + UnPack v1.0.2
  [3d5dd08c] + VectorizationBase v0.12.33
  [a5390f91] + ZipFile v0.9.3
  [83775a58] + Zlib_jll v1.2.11+18
  [e88e6eb3] + Zygote v0.5.9
  [700de1a5] + ZygoteRules v0.2.0
  [2a0f44e3] + Base64
  [ade2ca70] + Dates
  [8bb1440f] + DelimitedFiles
  [8ba89e20] + Distributed
  [9fa8497b] + Future
  [b77e0a4c] + InteractiveUtils
  [76f85450] + LibGit2
  [8f399da3] + Libdl
  [37e2e46d] + LinearAlgebra
  [56ddb016] + Logging
  [d6f4376e] + Markdown
  [a63ad114] + Mmap
  [44cfe95a] + Pkg
  [de0858da] + Printf
  [9abbd945] + Profile
  [3fa0cd96] + REPL
  [9a3f8284] + Random
  [ea8e919c] + SHA
  [9e88b42a] + Serialization
  [1a1011a3] + SharedArrays
  [6462fe0b] + Sockets
  [2f01184e] + SparseArrays
  [10745b16] + Statistics
  [8dfed614] + Test
  [cf7118a7] + UUIDs
  [4ec0a83e] + Unicode
   Building SLEEFPirates → `~/.julia/packages/SLEEFPirates/jGsib/deps/build.log`
   Building Cbc ─────────→ `~/.julia/packages/Cbc/8ANWi/deps/build.log`
Starting tests at 2020-10-25T22:15:14.989
    Testing NaiveGAflux
Status `/tmp/jl_csZ8XZ/Project.toml`
  [052768ef] CUDA v1.3.3
  [c8e1da08] IterTools v1.3.0
  [f9f48841] MemPool v0.3.2
  [81ede08e] NaiveGAflux v0.7.1
  [85610aed] NaiveNASflux v1.5.0
  [189a3867] Reexport v0.2.0
  [efcf1570] Setfield v0.7.0
  [56ddb016] Logging
  [44cfe95a] Pkg
  [9a3f8284] Random
  [9e88b42a] Serialization
  [10745b16] Statistics
  [8dfed614] Test
Status `/tmp/jl_csZ8XZ/Manifest.toml`
  [621f4979] AbstractFFTs v0.5.0
  [1520ce14] AbstractTrees v0.3.3
  [79e6a3ab] Adapt v2.3.0
  [ec485272] ArnoldiMethod v0.0.4
  [4c555306] ArrayLayouts v0.4.10
  [56f22d72] Artifacts v1.3.0
  [6e4b80f9] BenchmarkTools v0.5.0
  [b99e7846] BinaryProvider v0.5.10
  [6e34b625] Bzip2_jll v1.0.6+5
  [fa961155] CEnum v0.4.1
  [052768ef] CUDA v1.3.3
  [49dc2e85] Calculus v0.5.1
  [9961bab8] Cbc v0.7.1
  [38041ee0] Cbc_jll v2.10.3+4
  [3830e938] Cgl_jll v0.60.2+5
  [082447d4] ChainRules v0.7.31
  [d360d2e6] ChainRulesCore v0.9.17
  [cdddcdb0] ChainRulesTestUtils v0.5.3
  [06985876] Clp_jll v1.17.6+6
  [523fee87] CodecBzip2 v0.7.2
  [944b1d66] CodecZlib v0.7.0
  [be027038] CoinUtils_jll v2.11.3+3
  [3da002f7] ColorTypes v0.10.9
  [5ae59095] Colors v0.12.4
  [bbf7d656] CommonSubexpressions v0.3.0
  [34da2185] Compat v3.22.0
  [e66e0078] CompilerSupportLibraries_jll v0.3.4+0
  [187b0558] ConstructionBase v1.0.0
  [adafc99b] CpuId v0.2.2
  [9a962f9c] DataAPI v1.3.0
  [864edb3b] DataStructures v0.18.8
  [163ba53b] DiffResults v1.0.2
  [b552c78f] DiffRules v1.0.1
  [ffbed154] DocStringExtensions v0.8.3
  [e2ba6199] ExprTools v0.1.3
  [1a297f60] FillArrays v0.9.7
  [26cc04aa] FiniteDifferences v0.11.2
  [53c48c17] FixedPointNumbers v0.8.4
  [587475ba] Flux v0.11.1
  [f6369f11] ForwardDiff v0.10.12
  [d9f16b24] Functors v0.1.0
  [0c68f7d7] GPUArrays v5.2.1
  [61eb1bfa] GPUCompiler v0.6.1
  [cd3eb016] HTTP v0.8.19
  [7869d1d1] IRTools v0.4.1
  [d25df0c9] Inflate v0.1.2
  [83e8ac13] IniFile v0.5.0
  [c8e1da08] IterTools v1.3.0
  [033835bb] JLD2 v0.2.4
  [692b3bcd] JLLWrappers v1.1.3
  [682c06a0] JSON v0.21.1
  [7d188eb4] JSONSchema v0.3.2
  [4076af6c] JuMP v0.21.5
  [e5e0dc1b] Juno v0.8.4
  [929cbde3] LLVM v2.0.0
  [093fc24a] LightGraphs v1.3.0
  [bdcacae8] LoopVectorization v0.8.26
  [1914dd2f] MacroTools v0.5.6
  [b8f27783] MathOptInterface v0.9.17
  [739be429] MbedTLS v1.0.2
  [c8ffd9c3] MbedTLS_jll v2.16.8+0
  [e89f7d12] Media v0.5.0
  [f9f48841] MemPool v0.3.2
  [626554b9] MetaGraphs v0.6.6
  [e1d29d7a] Missings v0.4.4
  [46d2c3a1] MuladdMacro v0.2.2
  [d8a4904e] MutableArithmetics v0.2.10
  [872c559c] NNlib v0.7.5
  [77ba4419] NaNMath v0.3.4
  [81ede08e] NaiveGAflux v0.7.1
  [85610aed] NaiveNASflux v1.5.0
  [bd45eb3e] NaiveNASlib v1.3.0
  [6fe1bfb0] OffsetArrays v1.3.1
  [656ef2d0] OpenBLAS32_jll v0.3.10+0
  [efe28fd5] OpenSpecFun_jll v0.5.3+4
  [bac558e1] OrderedCollections v1.3.1
  [7da25872] Osi_jll v0.108.5+3
  [69de0a69] Parsers v1.0.11
  [189a3867] Reexport v0.2.0
  [ae029012] Requires v1.1.0
  [708f8203] Richardson v1.2.0
  [21efa798] SIMDPirates v0.8.25
  [476501e8] SLEEFPirates v0.5.5
  [efcf1570] Setfield v0.7.0
  [699a6c99] SimpleTraits v0.9.3
  [a2af1166] SortingAlgorithms v0.3.1
  [276daf66] SpecialFunctions v0.10.3
  [90137ffa] StaticArrays v0.12.4
  [2913bbd2] StatsBase v0.33.2
  [a759f4b9] TimerOutputs v0.5.6
  [3bb67fe8] TranscodingStreams v0.9.5
  [3a884ed6] UnPack v1.0.2
  [3d5dd08c] VectorizationBase v0.12.33
  [a5390f91] ZipFile v0.9.3
  [83775a58] Zlib_jll v1.2.11+18
  [e88e6eb3] Zygote v0.5.9
  [700de1a5] ZygoteRules v0.2.0
  [2a0f44e3] Base64
  [ade2ca70] Dates
  [8bb1440f] DelimitedFiles
  [8ba89e20] Distributed
  [9fa8497b] Future
  [b77e0a4c] InteractiveUtils
  [76f85450] LibGit2
  [8f399da3] Libdl
  [37e2e46d] LinearAlgebra
  [56ddb016] Logging
  [d6f4376e] Markdown
  [a63ad114] Mmap
  [44cfe95a] Pkg
  [de0858da] Printf
  [9abbd945] Profile
  [3fa0cd96] REPL
  [9a3f8284] Random
  [ea8e919c] SHA
  [9e88b42a] Serialization
  [1a1011a3] SharedArrays
  [6462fe0b] Sockets
  [2f01184e] SparseArrays
  [10745b16] Statistics
  [8dfed614] Test
  [cf7118a7] UUIDs
  [4ec0a83e] Unicode
[ Info: Testing util
[ Info: Testing shape
[ Info: Testing archspace
[ Info: Testing mutation
[ Info: Testing crossover
[ Info: Testing fitness
[ Info: Testing candidate
[ Info: Testing evolve
[ Info: Testing population
[ Info: Testing iterators
[ Info: Testing visualization
[ Info: Testing README examples
[ Info: Testing AutoFlux
[ Info: 	Smoke test with TrainSplitAccuracy and EliteAndSusSelection
[ Info: 	Smoke test with TrainAccuracyVsSize and EliteAndTournamentSelection
Test Summary:  | Pass  Total
NaiveGAflux.jl | 1819   1819
    Testing NaiveGAflux tests passed 
Finished at 2020-10-25T22:41:44.802
