Julia Version 1.4.2-pre.0
Commit ef4fe83698 (2020-04-15 16:24 UTC)
Platform Info:
  OS: Linux (x86_64-linux-gnu)
  CPU: Intel(R) Xeon(R) Silver 4114 CPU @ 2.20GHz
  WORD_SIZE: 64
  LIBM: libopenlibm
  LLVM: libLLVM-8.0.1 (ORCJIT, skylake)
Environment:
  JULIA_DEPOT_PATH = ::/usr/local/share/julia
  JULIA_NUM_THREADS = 2

  Resolving package versions...
  Installed Requires ─ v0.5.2
  Installed RSCG ───── v0.1.1
   Updating `~/.julia/environments/v1.4/Project.toml`
  [4e41d8b6] + RSCG v0.1.1
   Updating `~/.julia/environments/v1.4/Manifest.toml`
  [4e41d8b6] + RSCG v0.1.1
  [ae029012] + Requires v0.5.2
  [2a0f44e3] + Base64 
  [8ba89e20] + Distributed 
  [b77e0a4c] + InteractiveUtils 
  [8f399da3] + Libdl 
  [37e2e46d] + LinearAlgebra 
  [56ddb016] + Logging 
  [d6f4376e] + Markdown 
  [9a3f8284] + Random 
  [9e88b42a] + Serialization 
  [6462fe0b] + Sockets 
  [2f01184e] + SparseArrays 
  [8dfed614] + Test 
    Testing RSCG
Status `/tmp/jl_aIhKrv/Manifest.toml`
  [7a12625a] LinearMaps v2.6.1
  [4e41d8b6] RSCG v0.1.1
  [ae029012] Requires v0.5.2
  [2a0f44e3] Base64 
  [8ba89e20] Distributed 
  [b77e0a4c] InteractiveUtils 
  [8f399da3] Libdl 
  [37e2e46d] LinearAlgebra 
  [56ddb016] Logging 
  [d6f4376e] Markdown 
  [9a3f8284] Random 
  [9e88b42a] Serialization 
  [6462fe0b] Sockets 
  [2f01184e] SparseArrays 
  [8dfed614] Test 
┌ Warning: Package RSCG does not have LinearMaps in its dependencies:
│ - If you have RSCG checked out for development and have
│   added LinearMaps as a dependency but haven't updated your primary
│   environment's manifest file, try `Pkg.resolve()`.
│ - Otherwise you may need to report an issue with RSCG
└ Loading LinearMaps into RSCG from project dependency, future warnings for RSCG are suppressed.
n = 10
Residual 1.3985787785349405e-17
  1.022450 seconds (548.76 k allocations: 25.392 MiB, 6.14% gc time)
n = 100
Residual 1.3985787785349405e-17
  1.073121 seconds (9.01 k allocations: 1.355 MiB)
n = 1000
Residual 1.3985787785349405e-17
  4.419853 seconds (12.83 k allocations: 35.976 MiB, 0.51% gc time)
n = 10
Residual 1.734723475976807e-18
  0.012639 seconds (4.57 k allocations: 469.875 KiB)
n = 100
Residual 1.734723475976807e-18
  1.375309 seconds (13.88 k allocations: 1.903 MiB)
n = 1000
Residual 1.4304896245381992e-17
  9.134306 seconds (14.62 k allocations: 34.716 MiB)
n = 10
Residual 6.876947977892796e-16
Residual 1.4828466601462564e-15
Residual 4.442111658486589e-16
Residual 1.1986424564952127e-15
  0.009949 seconds (6.83 k allocations: 1008.562 KiB)
n = 100
Residual 2.5842811340500016e-8
Residual 1.3406440862014554e-8
Residual 1.163876120192364e-13
Residual 1.185842313445922e-8
  1.616674 seconds (29.09 k allocations: 4.629 MiB)
n = 1000
Residual 7.133376439772628e-66
Residual 4.214867321652605e-65
Residual 1.3069565375593224e-13
Residual 3.796445747658217e-66
  5.360428 seconds (31.91 k allocations: 37.759 MiB, 2.97% gc time)
Test Summary: | Pass  Total
SparseArrays  |   18     18
n = 10
Residual 2.8232559286154947e-15
Residual 1.2755140498515014e-15
Residual 3.26938646683766e-15
Residual 3.1664648464872183e-15
  0.010166 seconds (4.35 k allocations: 655.047 KiB)
n = 100
Residual 1.6386863131182998e-12
Residual 1.3861738035812402e-12
Residual 7.135908679144229e-11
Residual 1.3922505116057402e-12
  0.967962 seconds (20.29 k allocations: 3.322 MiB)
n = 1000
Residual 5.7370746894238955e-9
Residual 2.328712258485833e-8
Residual 4.013071952676797e-11
Residual 5.6077047181131813e-8
  7.136445 seconds (37.94 k allocations: 41.237 MiB, 3.18% gc time)
Test Summary: | Pass  Total
Linearmaps    |   12     12
    Testing RSCG tests passed 
