Julia Version 1.3.2-pre.0
Commit 2e6715c045 (2019-12-31 00:49 UTC)
Platform Info:
  OS: Linux (x86_64-linux-gnu)
  CPU: Intel(R) Xeon(R) Silver 4114 CPU @ 2.20GHz
  WORD_SIZE: 64
  LIBM: libopenlibm
  LLVM: libLLVM-6.0.1 (ORCJIT, skylake)
Environment:
  JULIA_DEPOT_PATH = ::/usr/local/share/julia

 Resolving package versions...
 Installed CodecZlib ────────── v0.6.0
 Installed LightXML ─────────── v0.8.1
 Installed WriteVTK ─────────── v1.4.0
 Installed TranscodingStreams ─ v0.9.5
 Installed BinaryProvider ───── v0.5.8
  Updating `~/.julia/environments/v1.3/Project.toml`
  [64499a7a] + WriteVTK v1.4.0
  Updating `~/.julia/environments/v1.3/Manifest.toml`
  [b99e7846] + BinaryProvider v0.5.8
  [944b1d66] + CodecZlib v0.6.0
  [9c8b4983] + LightXML v0.8.1
  [3bb67fe8] + TranscodingStreams v0.9.5
  [64499a7a] + WriteVTK v1.4.0
  [2a0f44e3] + Base64 
  [8ba89e20] + Distributed 
  [b77e0a4c] + InteractiveUtils 
  [8f399da3] + Libdl 
  [56ddb016] + Logging 
  [d6f4376e] + Markdown 
  [9a3f8284] + Random 
  [ea8e919c] + SHA 
  [9e88b42a] + Serialization 
  [6462fe0b] + Sockets 
  [8dfed614] + Test 
  Building LightXML ─→ `~/.julia/packages/LightXML/W8FVT/deps/build.log`
  Building CodecZlib → `~/.julia/packages/CodecZlib/5t9zO/deps/build.log`
   Testing WriteVTK
 Resolving package versions...
 Installed StaticArrays ─ v0.12.1
    Status `/tmp/jl_ekgnYy/Manifest.toml`
  [b99e7846] BinaryProvider v0.5.8
  [944b1d66] CodecZlib v0.6.0
  [9c8b4983] LightXML v0.8.1
  [90137ffa] StaticArrays v0.12.1
  [3bb67fe8] TranscodingStreams v0.9.5
  [64499a7a] WriteVTK v1.4.0
  [2a0f44e3] Base64  [`@stdlib/Base64`]
  [8ba89e20] Distributed  [`@stdlib/Distributed`]
  [b77e0a4c] InteractiveUtils  [`@stdlib/InteractiveUtils`]
  [8f399da3] Libdl  [`@stdlib/Libdl`]
  [37e2e46d] LinearAlgebra  [`@stdlib/LinearAlgebra`]
  [56ddb016] Logging  [`@stdlib/Logging`]
  [d6f4376e] Markdown  [`@stdlib/Markdown`]
  [de0858da] Printf  [`@stdlib/Printf`]
  [9a3f8284] Random  [`@stdlib/Random`]
  [ea8e919c] SHA  [`@stdlib/SHA`]
  [9e88b42a] Serialization  [`@stdlib/Serialization`]
  [6462fe0b] Sockets  [`@stdlib/Sockets`]
  [2f01184e] SparseArrays  [`@stdlib/SparseArrays`]
  [10745b16] Statistics  [`@stdlib/Statistics`]
  [8dfed614] Test  [`@stdlib/Test`]
  [4ec0a83e] Unicode  [`@stdlib/Unicode`]
TEST (first run): multiblock.jl
  4.406563 seconds (4.88 M allocations: 197.154 MiB, 4.08% gc time)
Saved:  multiblock.vtm  multiblock_1.vts  multiblock_2.vtr  multiblock_3.vtu

TEST (first run): rectilinear.jl
  0.605071 seconds (341.71 k allocations: 17.829 MiB)
  0.127642 seconds (5.58 k allocations: 596.882 KiB)
Saved:  rectilinear_2D.vtr  rectilinear_3D.vtr

TEST (first run): imagedata.jl
  0.318945 seconds (21.34 k allocations: 1.240 MiB)
  0.193704 seconds (22.08 k allocations: 1.117 MiB)
  0.224757 seconds (56.41 k allocations: 2.958 MiB)
  0.038773 seconds (9.20 k allocations: 445.931 KiB)
Saved:   imagedata.vti  imagedata_2D.vti  imagedata_LinRange.vti  imagedata_StepRangeLen.vti

TEST (first run): structured.jl
  0.317775 seconds (277.97 k allocations: 14.212 MiB)
  0.459889 seconds (230.35 k allocations: 7.101 MiB, 8.03% gc time)
Saved:  structured_2D.vts  structured_3D.vts

TEST (first run): unstructured.jl
  0.198358 seconds (160.08 k allocations: 8.720 MiB)
  0.016672 seconds (33.49 k allocations: 984.234 KiB)
  0.426931 seconds (1.30 M allocations: 26.803 MiB)
Saved:  unstructured_1D.vtu  unstructured_2D.vtu  unstructured_3D.vtu

TEST (first run): pvdCollection.jl
  0.586853 seconds (100.35 k allocations: 6.453 MiB)
Saved:  collection.pvd  collection_00.vtr  collection_01.vtr  collection_02.vtr  collection_03.vtr  collection_reload.pvd  collection_reload.vtr

TEST (first run): array.jl
  0.339962 seconds (189.35 k allocations: 11.027 MiB, 3.87% gc time)
Saved:  arraydata_2D.vti  arraydata_3D.vti  arrays.vti

============================================================

TEST (second run): multiblock.jl
  0.923886 seconds (1.68 M allocations: 36.079 MiB, 1.34% gc time)
Saved:  multiblock.vtm  multiblock_1.vts  multiblock_2.vtr  multiblock_3.vtu

TEST (second run): rectilinear.jl
  0.003955 seconds (628 allocations: 271.125 KiB)
  0.143313 seconds (630 allocations: 347.078 KiB)
Saved:  rectilinear_2D.vtr  rectilinear_3D.vtr

TEST (second run): imagedata.jl
  0.181053 seconds (10.34 k allocations: 707.749 KiB)
  0.047781 seconds (19.94 k allocations: 1016.733 KiB)
  0.132537 seconds (9.65 k allocations: 634.140 KiB)
  0.020953 seconds (8.54 k allocations: 407.353 KiB)
Saved:   imagedata.vti  imagedata_2D.vti  imagedata_LinRange.vti  imagedata_StepRangeLen.vti

TEST (second run): structured.jl
  0.008650 seconds (2.57 k allocations: 278.750 KiB)
  0.289208 seconds (152.96 k allocations: 2.945 MiB)
Saved:  structured_2D.vts  structured_3D.vts

TEST (second run): unstructured.jl
  0.001648 seconds (586 allocations: 230.563 KiB)
  0.016119 seconds (33.49 k allocations: 984.234 KiB)
  0.430616 seconds (1.30 M allocations: 26.803 MiB, 2.69% gc time)
Saved:  unstructured_1D.vtu  unstructured_2D.vtu  unstructured_3D.vtu

TEST (second run): pvdCollection.jl
  0.439406 seconds (3.98 k allocations: 1.541 MiB)
Saved:  collection.pvd  collection_00.vtr  collection_01.vtr  collection_02.vtr  collection_03.vtr  collection_reload.pvd  collection_reload.vtr

TEST (second run): array.jl
  0.118775 seconds (588 allocations: 1.080 MiB)
Saved:  arraydata_2D.vti  arraydata_3D.vti  arrays.vti

   Testing WriteVTK tests passed 
