Julia Version 1.4.0
Commit 3fd5790e88 (2020-04-10 10:01 UTC)
Platform Info:
  OS: Linux (x86_64-linux-gnu)
  CPU: Intel(R) Xeon(R) Silver 4114 CPU @ 2.20GHz
  WORD_SIZE: 64
  LIBM: libopenlibm
  LLVM: libLLVM-8.0.1 (ORCJIT, skylake)
Environment:
  JULIA_DEPOT_PATH = ::/usr/local/share/julia
  JULIA_NUM_THREADS = 2

  Resolving package versions...
  Installed MKL_jll ────────────────────── v2019.0.117+2
  Installed Missings ───────────────────── v0.4.3
  Installed SortingAlgorithms ──────────── v0.3.1
  Installed Rmath ──────────────────────── v0.6.1
  Installed OrderedCollections ─────────── v1.1.0
  Installed StatsFuns ──────────────────── v0.9.4
  Installed Polynomials ────────────────── v0.5.3
  Installed NaNMath ────────────────────── v0.3.3
  Installed PDMats ─────────────────────── v0.9.12
  Installed Reexport ───────────────────── v0.2.0
  Installed DiffResults ────────────────── v1.0.2
  Installed StaticArrays ───────────────── v0.12.1
  Installed FFTW_jll ───────────────────── v3.3.9+5
  Installed CommonSubexpressions ───────── v0.2.0
  Installed ForwardDiff ────────────────── v0.10.10
  Installed OpenBLAS_jll ───────────────── v0.3.9+2
  Installed Arpack_jll ─────────────────── v3.5.0+3
  Installed CompilerSupportLibraries_jll ─ v0.3.3+0
  Installed AdaptiveRejectionSampling ──── v0.1.0
  Installed Arpack ─────────────────────── v0.4.0
  Installed QuadGK ─────────────────────── v2.3.1
  Installed PolyChaos ──────────────────── v0.2.2
  Installed AbstractFFTs ───────────────── v0.5.0
  Installed SpecialFunctions ───────────── v0.10.0
  Installed Distributions ──────────────── v0.22.6
  Installed GaussQuadrature ────────────── v0.5.4
  Installed DataStructures ─────────────── v0.17.11
  Installed IntelOpenMP_jll ────────────── v2018.0.3+0
  Installed RecipesBase ────────────────── v1.0.0
  Installed StatsBase ──────────────────── v0.32.2
  Installed DataAPI ────────────────────── v1.1.0
  Installed FFTW ───────────────────────── v1.2.0
  Installed DiffRules ──────────────────── v1.0.1
  Installed Rmath_jll ──────────────────── v0.2.2+0
  Installed OpenSpecFun_jll ────────────── v0.5.3+3
  Installed Combinatorics ──────────────── v1.0.0
  Installed FillArrays ─────────────────── v0.8.7
   Updating `~/.julia/environments/v1.4/Project.toml`
  [8d666b04] + PolyChaos v0.2.2
   Updating `~/.julia/environments/v1.4/Manifest.toml`
  [621f4979] + AbstractFFTs v0.5.0
  [c75e803d] + AdaptiveRejectionSampling v0.1.0
  [7d9fca2a] + Arpack v0.4.0
  [68821587] + Arpack_jll v3.5.0+3
  [861a8166] + Combinatorics v1.0.0
  [bbf7d656] + CommonSubexpressions v0.2.0
  [e66e0078] + CompilerSupportLibraries_jll v0.3.3+0
  [9a962f9c] + DataAPI v1.1.0
  [864edb3b] + DataStructures v0.17.11
  [163ba53b] + DiffResults v1.0.2
  [b552c78f] + DiffRules v1.0.1
  [31c24e10] + Distributions v0.22.6
  [7a1cc6ca] + FFTW v1.2.0
  [f5851436] + FFTW_jll v3.3.9+5
  [1a297f60] + FillArrays v0.8.7
  [f6369f11] + ForwardDiff v0.10.10
  [d54b0c1a] + GaussQuadrature v0.5.4
  [1d5cc7b8] + IntelOpenMP_jll v2018.0.3+0
  [856f044c] + MKL_jll v2019.0.117+2
  [e1d29d7a] + Missings v0.4.3
  [77ba4419] + NaNMath v0.3.3
  [4536629a] + OpenBLAS_jll v0.3.9+2
  [efe28fd5] + OpenSpecFun_jll v0.5.3+3
  [bac558e1] + OrderedCollections v1.1.0
  [90014a1f] + PDMats v0.9.12
  [8d666b04] + PolyChaos v0.2.2
  [f27b6e38] + Polynomials v0.5.3
  [1fd47b50] + QuadGK v2.3.1
  [3cdcf5f2] + RecipesBase v1.0.0
  [189a3867] + Reexport v0.2.0
  [79098fc4] + Rmath v0.6.1
  [f50d1b31] + Rmath_jll v0.2.2+0
  [a2af1166] + SortingAlgorithms v0.3.1
  [276daf66] + SpecialFunctions v0.10.0
  [90137ffa] + StaticArrays v0.12.1
  [2913bbd2] + StatsBase v0.32.2
  [4c63d2b9] + StatsFuns v0.9.4
  [2a0f44e3] + Base64 
  [ade2ca70] + Dates 
  [8ba89e20] + Distributed 
  [b77e0a4c] + InteractiveUtils 
  [76f85450] + LibGit2 
  [8f399da3] + Libdl 
  [37e2e46d] + LinearAlgebra 
  [56ddb016] + Logging 
  [d6f4376e] + Markdown 
  [44cfe95a] + Pkg 
  [de0858da] + Printf 
  [3fa0cd96] + REPL 
  [9a3f8284] + Random 
  [ea8e919c] + SHA 
  [9e88b42a] + Serialization 
  [6462fe0b] + Sockets 
  [2f01184e] + SparseArrays 
  [10745b16] + Statistics 
  [4607b0f0] + SuiteSparse 
  [8dfed614] + Test 
  [cf7118a7] + UUIDs 
  [4ec0a83e] + Unicode 
   Building FFTW → `~/.julia/packages/FFTW/qqcBj/deps/build.log`
    Testing PolyChaos
Status `/tmp/jl_ZpGxjr/Manifest.toml`
  [621f4979] AbstractFFTs v0.5.0
  [c75e803d] AdaptiveRejectionSampling v0.1.0
  [7d9fca2a] Arpack v0.4.0
  [68821587] Arpack_jll v3.5.0+3
  [861a8166] Combinatorics v1.0.0
  [bbf7d656] CommonSubexpressions v0.2.0
  [e66e0078] CompilerSupportLibraries_jll v0.3.3+0
  [9a962f9c] DataAPI v1.1.0
  [864edb3b] DataStructures v0.17.11
  [163ba53b] DiffResults v1.0.2
  [b552c78f] DiffRules v1.0.1
  [31c24e10] Distributions v0.22.6
  [7a1cc6ca] FFTW v1.2.0
  [f5851436] FFTW_jll v3.3.9+5
  [1a297f60] FillArrays v0.8.7
  [f6369f11] ForwardDiff v0.10.10
  [d54b0c1a] GaussQuadrature v0.5.4
  [1d5cc7b8] IntelOpenMP_jll v2018.0.3+0
  [856f044c] MKL_jll v2019.0.117+2
  [e1d29d7a] Missings v0.4.3
  [77ba4419] NaNMath v0.3.3
  [4536629a] OpenBLAS_jll v0.3.9+2
  [efe28fd5] OpenSpecFun_jll v0.5.3+3
  [bac558e1] OrderedCollections v1.1.0
  [90014a1f] PDMats v0.9.12
  [8d666b04] PolyChaos v0.2.2
  [f27b6e38] Polynomials v0.5.3
  [1fd47b50] QuadGK v2.3.1
  [3cdcf5f2] RecipesBase v1.0.0
  [189a3867] Reexport v0.2.0
  [79098fc4] Rmath v0.6.1
  [f50d1b31] Rmath_jll v0.2.2+0
  [a2af1166] SortingAlgorithms v0.3.1
  [276daf66] SpecialFunctions v0.10.0
  [90137ffa] StaticArrays v0.12.1
  [2913bbd2] StatsBase v0.32.2
  [4c63d2b9] StatsFuns v0.9.4
  [2a0f44e3] Base64 
  [ade2ca70] Dates 
  [8ba89e20] Distributed 
  [b77e0a4c] InteractiveUtils 
  [76f85450] LibGit2 
  [8f399da3] Libdl 
  [37e2e46d] LinearAlgebra 
  [56ddb016] Logging 
  [d6f4376e] Markdown 
  [44cfe95a] Pkg 
  [de0858da] Printf 
  [3fa0cd96] REPL 
  [9a3f8284] Random 
  [ea8e919c] SHA 
  [9e88b42a] Serialization 
  [6462fe0b] Sockets 
  [2f01184e] SparseArrays 
  [10745b16] Statistics 
  [4607b0f0] SuiteSparse 
  [8dfed614] Test 
  [cf7118a7] UUIDs 
  [4ec0a83e] Unicode 
Test Summary: | Pass  Total
gaussian      |   27     27
Test Summary: | Pass  Total
beta01        |   27     27
Test Summary: | Pass  Total
gamma         |   27     27
Test Summary:   | Pass  Total
Hermite 1 nodes |   22     22
Test Summary:    | Pass  Total
Hermite 21 nodes |   22     22
Test Summary:    | Pass  Total
Hermite 41 nodes |   22     22
Test Summary:    | Pass  Total
Hermite 61 nodes |   22     22
Test Summary:    | Pass  Total
Hermite 81 nodes |   22     22
Test Summary:     | Pass  Total
Hermite 101 nodes |   22     22
Test Summary:     | Pass  Total
Hermite 121 nodes |   22     22
Test Summary:     | Pass  Total
Hermite 141 nodes |   22     22
Test Summary:     | Pass  Total
Hermite 161 nodes |   22     22
Test Summary:     | Pass  Total
Hermite 181 nodes |   22     22
  0.846228 seconds (1.13 M allocations: 57.597 MiB, 2.18% gc time)
Test Summary:    | Pass  Total
Logistic 1 nodes |    2      2
Test Summary:     | Pass  Total
Logistic 21 nodes |    2      2
Test Summary:     | Pass  Total
Logistic 41 nodes |    2      2
Test Summary:     | Pass  Total
Logistic 61 nodes |    2      2
Test Summary:     | Pass  Total
Logistic 81 nodes |    2      2
Test Summary:      | Pass  Total
Logistic 101 nodes |    2      2
Test Summary:      | Pass  Total
Logistic 121 nodes |    2      2
Test Summary:      | Pass  Total
Logistic 141 nodes |    2      2
Test Summary:      | Pass  Total
Logistic 161 nodes |    2      2
Test Summary:      | Pass  Total
Logistic 181 nodes |    2      2
  0.024037 seconds (11.04 k allocations: 870.960 KiB)
Test Summary:  | Pass  Total
Jacobi 1 nodes |  363    363
Test Summary:   | Pass  Total
Jacobi 21 nodes |  363    363
Test Summary:   | Pass  Total
Jacobi 41 nodes |  363    363
Test Summary:   | Pass  Total
Jacobi 61 nodes |  363    363
Test Summary:   | Pass  Total
Jacobi 81 nodes |  363    363
Test Summary:    | Pass  Total
Jacobi 101 nodes |  363    363
Test Summary:    | Pass  Total
Jacobi 121 nodes |  363    363
Test Summary:    | Pass  Total
Jacobi 141 nodes |  363    363
Test Summary:    | Pass  Total
Jacobi 161 nodes |  363    363
Test Summary:    | Pass  Total
Jacobi 181 nodes |  363    363
  0.480224 seconds (832.69 k allocations: 82.313 MiB, 5.50% gc time)
Test Summary:    | Pass  Total
Jacobi01 1 nodes |  242    242
Test Summary:     | Pass  Total
Jacobi01 21 nodes |  242    242
Test Summary:     | Pass  Total
Jacobi01 41 nodes |  242    242
Test Summary:     | Pass  Total
Jacobi01 61 nodes |  242    242
Test Summary:     | Pass  Total
Jacobi01 81 nodes |  242    242
Test Summary:      | Pass  Total
Jacobi01 101 nodes |  242    242
Test Summary:      | Pass  Total
Jacobi01 121 nodes |  242    242
Test Summary:      | Pass  Total
Jacobi01 141 nodes |  242    242
Test Summary:      | Pass  Total
Jacobi01 161 nodes |  242    242
Test Summary:      | Pass  Total
Jacobi01 181 nodes |  242    242
  0.342831 seconds (624.35 k allocations: 68.969 MiB, 3.32% gc time)
Test Summary:    | Pass  Total
Laguerre 1 nodes |   22     22
Test Summary:     | Pass  Total
Laguerre 21 nodes |   22     22
Test Summary:     | Pass  Total
Laguerre 41 nodes |   22     22
Test Summary:     | Pass  Total
Laguerre 61 nodes |   22     22
Test Summary:     | Pass  Total
Laguerre 81 nodes |   22     22
Test Summary:      | Pass  Total
Laguerre 101 nodes |   22     22
Test Summary:      | Pass  Total
Laguerre 121 nodes |   22     22
Test Summary:      | Pass  Total
Laguerre 141 nodes |   22     22
Test Summary:      | Pass  Total
Laguerre 161 nodes |   22     22
Test Summary:      | Pass  Total
Laguerre 181 nodes |   22     22
  0.083978 seconds (92.81 k allocations: 6.436 MiB)
Test Summary:             | Pass  Total
meixner_pollaczek 1 nodes |  400    400
Test Summary:              | Pass  Total
meixner_pollaczek 21 nodes |  400    400
Test Summary:              | Pass  Total
meixner_pollaczek 41 nodes |  400    400
Test Summary:              | Pass  Total
meixner_pollaczek 61 nodes |  400    400
Test Summary:              | Pass  Total
meixner_pollaczek 81 nodes |  400    400
Test Summary:               | Pass  Total
meixner_pollaczek 101 nodes |  400    400
Test Summary:               | Pass  Total
meixner_pollaczek 121 nodes |  400    400
Test Summary:               | Pass  Total
meixner_pollaczek 141 nodes |  400    400
Test Summary:               | Pass  Total
meixner_pollaczek 161 nodes |  400    400
Test Summary:               | Pass  Total
meixner_pollaczek 181 nodes |  400    400
  1.344632 seconds (1.90 M allocations: 123.061 MiB, 2.08% gc time)
Test Summary:       | Pass  Total
Stieltjes procedure |    8      8
Test Summary:     | Pass  Total
Lanczos procedure |    8      8
Test Summary:    | Pass  Total
Logistic density |   10     10
Test Summary:   | Pass  Total
Test Fejer rule |   40     40
Test Summary:        | Pass  Total
N+1 quadrature rules |   58     58
Test Summary:                 | Pass  Total
N+2 quadrature rule (lobatto) |   20     20
Test Summary: | Pass  Total
Fejer         |    4      4
  0.001464 seconds (1.10 k allocations: 75.828 KiB)
Test Summary: | Pass  Total
Fejer2        |    4      4
  0.196277 seconds (313.60 k allocations: 15.834 MiB)
Test Summary:   | Pass  Total
Clenshaw Curtis |    4      4
  0.002024 seconds (1.82 k allocations: 150.562 KiB)
Test Summary: | Pass  Total
Gauss         |   18     18
  0.191439 seconds (139.85 k allocations: 7.388 MiB)
Test Summary:       | Pass  Total
Radau with Logistic |   36     36
  0.489192 seconds (228.82 k allocations: 11.908 MiB)
Test Summary:      | Pass  Total
Radau with Hermite |   36     36
  0.034251 seconds (14.91 k allocations: 1.220 MiB)
Test Summary: | Pass  Total
gpquad        |   12     12
  0.680067 seconds (777.85 k allocations: 39.342 MiB, 2.56% gc time)
Test Summary:         | Pass  Total
OrthoPoly overloading |    3      3
Test Summary: | Pass  Total
showpoly      |   11     11
Test Summary:              | Pass  Total
Error handling for Measure |    8      8
Test Summary:                              | Pass  Total
General constructor for Gaussian OrthoPoly |   48     48
┌ Warning: For measures of type Uniform01Measure the quadrature rule should be based on the recurrence coefficients.
└ @ PolyChaos ~/.julia/packages/PolyChaos/Dhyx4/src/typesQuad.jl:58
┌ Warning: For measures of type Uniform01Measure the quadrature rule should be based on the recurrence coefficients.
└ @ PolyChaos ~/.julia/packages/PolyChaos/Dhyx4/src/typesQuad.jl:58
┌ Warning: For measures of type Uniform01Measure the quadrature rule should be based on the recurrence coefficients.
└ @ PolyChaos ~/.julia/packages/PolyChaos/Dhyx4/src/typesQuad.jl:58
┌ Warning: For measures of type Uniform01Measure the quadrature rule should be based on the recurrence coefficients.
└ @ PolyChaos ~/.julia/packages/PolyChaos/Dhyx4/src/typesQuad.jl:58
┌ Warning: For measures of type Uniform01Measure the quadrature rule should be based on the recurrence coefficients.
└ @ PolyChaos ~/.julia/packages/PolyChaos/Dhyx4/src/typesQuad.jl:58
┌ Warning: For measures of type Uniform01Measure the quadrature rule should be based on the recurrence coefficients.
└ @ PolyChaos ~/.julia/packages/PolyChaos/Dhyx4/src/typesQuad.jl:58
┌ Warning: For measures of type Uniform01Measure the quadrature rule should be based on the recurrence coefficients.
└ @ PolyChaos ~/.julia/packages/PolyChaos/Dhyx4/src/typesQuad.jl:58
┌ Warning: For measures of type Uniform01Measure the quadrature rule should be based on the recurrence coefficients.
└ @ PolyChaos ~/.julia/packages/PolyChaos/Dhyx4/src/typesQuad.jl:58
┌ Warning: For measures of type Uniform01Measure the quadrature rule should be based on the recurrence coefficients.
└ @ PolyChaos ~/.julia/packages/PolyChaos/Dhyx4/src/typesQuad.jl:58
┌ Warning: For measures of type Uniform01Measure the quadrature rule should be based on the recurrence coefficients.
└ @ PolyChaos ~/.julia/packages/PolyChaos/Dhyx4/src/typesQuad.jl:58
┌ Warning: For measures of type Uniform01Measure the quadrature rule should be based on the recurrence coefficients.
└ @ PolyChaos ~/.julia/packages/PolyChaos/Dhyx4/src/typesQuad.jl:58
┌ Warning: For measures of type Uniform01Measure the quadrature rule should be based on the recurrence coefficients.
└ @ PolyChaos ~/.julia/packages/PolyChaos/Dhyx4/src/typesQuad.jl:58
┌ Warning: For measures of type Uniform01Measure the quadrature rule should be based on the recurrence coefficients.
└ @ PolyChaos ~/.julia/packages/PolyChaos/Dhyx4/src/typesQuad.jl:58
┌ Warning: For measures of type Uniform01Measure the quadrature rule should be based on the recurrence coefficients.
└ @ PolyChaos ~/.julia/packages/PolyChaos/Dhyx4/src/typesQuad.jl:58
┌ Warning: For measures of type Uniform01Measure the quadrature rule should be based on the recurrence coefficients.
└ @ PolyChaos ~/.julia/packages/PolyChaos/Dhyx4/src/typesQuad.jl:58
Test Summary:                                 | Pass  Total
Last-resort-constructor for Quad using quadgp |   45     45
Test Summary:                    | Pass  Total
Evaluation of multivariate basis |  216    216
Test Summary: | Pass  Total
Check tensor  | 3108   3108
Test Summary: | Pass  Total
dimenions     |    3      3
Test Summary: | Pass  Total
degrees       |    3      3
Test Summary:     | Pass  Total
nodes and weights |    5      5
Test Summary: | Pass  Total
coefficients  |    8      8
Test Summary:              | Pass  Total
multi2uni for StaticArrays |    3      3
Test Summary:             | Pass  Total
getentry for StaticArrays |  210    210
Test Summary:         | Pass  Total
Supports of densities |    8      8
Test Summary:                          | Pass  Total
Mean and variance of beta distribution | 5175   5175
    Testing PolyChaos tests passed 
