Current time is 2020-10-25T19:50:06.103
Julia Version 1.5.3-pre.13
Commit 3de1115e9c (2020-10-23 21:58 UTC)
Platform Info:
  OS: Linux (x86_64-linux-gnu)
  CPU: AMD EPYC 7502 32-Core Processor
  WORD_SIZE: 64
  LIBM: libopenlibm
  LLVM: libLLVM-9.0.1 (ORCJIT, znver2)
Environment:
  JULIA_DEPOT_PATH = ::/usr/local/share/julia
  JULIA_NUM_THREADS = 2
  JULIA_MAX_NUM_PRECOMPILE_FILES = 9223372036854775807
  JULIA_PKG_SERVER = 

Starting installation at 2020-10-25T19:50:09.992
  Resolving package versions...
  Installed RobotOSData ─ v0.3.0
Updating `~/.julia/environments/v1.5/Project.toml`
  [f566df43] + RobotOSData v0.3.0
Updating `~/.julia/environments/v1.5/Manifest.toml`
  [f566df43] + RobotOSData v0.3.0
  [2a0f44e3] + Base64
  [ade2ca70] + Dates
  [8ba89e20] + Distributed
  [b77e0a4c] + InteractiveUtils
  [56ddb016] + Logging
  [d6f4376e] + Markdown
  [de0858da] + Printf
  [9a3f8284] + Random
  [9e88b42a] + Serialization
  [6462fe0b] + Sockets
  [8dfed614] + Test
  [4ec0a83e] + Unicode
Starting tests at 2020-10-25T19:50:12.247
    Testing RobotOSData
Status `/tmp/jl_KNxCSZ/Project.toml`
  [523fee87] CodecBzip2 v0.7.2
  [864edb3b] DataStructures v0.18.8
  [6ccb8d0d] FastIOBuffers v0.3.1
  [5789e2e9] FileIO v1.4.3
  [f566df43] RobotOSData v0.3.0
  [90137ffa] StaticArrays v0.12.4
  [0796e94c] Tokenize v0.5.8
  [3bb67fe8] TranscodingStreams v0.9.5
  [ade2ca70] Dates
  [8dfed614] Test
Status `/tmp/jl_KNxCSZ/Manifest.toml`
  [56f22d72] Artifacts v1.3.0
  [6e34b625] Bzip2_jll v1.0.6+5
  [523fee87] CodecBzip2 v0.7.2
  [34da2185] Compat v3.22.0
  [864edb3b] DataStructures v0.18.8
  [6ccb8d0d] FastIOBuffers v0.3.1
  [5789e2e9] FileIO v1.4.3
  [692b3bcd] JLLWrappers v1.1.3
  [bac558e1] OrderedCollections v1.3.1
  [f566df43] RobotOSData v0.3.0
  [90137ffa] StaticArrays v0.12.4
  [0796e94c] Tokenize v0.5.8
  [3bb67fe8] TranscodingStreams v0.9.5
  [2a0f44e3] Base64
  [ade2ca70] Dates
  [8bb1440f] DelimitedFiles
  [8ba89e20] Distributed
  [b77e0a4c] InteractiveUtils
  [76f85450] LibGit2
  [8f399da3] Libdl
  [37e2e46d] LinearAlgebra
  [56ddb016] Logging
  [d6f4376e] Markdown
  [a63ad114] Mmap
  [44cfe95a] Pkg
  [de0858da] Printf
  [3fa0cd96] REPL
  [9a3f8284] Random
  [ea8e919c] SHA
  [9e88b42a] Serialization
  [1a1011a3] SharedArrays
  [6462fe0b] Sockets
  [2f01184e] SparseArrays
  [10745b16] Statistics
  [8dfed614] Test
  [cf7118a7] UUIDs
  [4ec0a83e] Unicode
┌ Warning: Package RobotOSData does not have FileIO in its dependencies:
│ - If you have RobotOSData checked out for development and have
│   added FileIO as a dependency but haven't updated your primary
│   environment's manifest file, try `Pkg.resolve()`.
│ - Otherwise you may need to report an issue with RobotOSData
└ Loading FileIO into RobotOSData from project dependency, future warnings for RobotOSData are suppressed.
    Testing RobotOSData tests passed 
Finished at 2020-10-25T19:51:15.615
