Running tests with Julia v1.3.0
   Cloning default registries into `~/.julia`
   Cloning registry from "https://github.com/JuliaRegistries/General.git"
[?25l    Fetching: [>                                        ]  0.0 %    Fetching: [==============>                          ]  33.9 %    Fetching: [===================================>     ]  87.5 %[2K[?25h     Added registry `General` to `~/.julia/registries/General`
 Resolving package versions...
 Installed URIParser ─────────────────── v0.4.0
 Installed DatasetsCF ────────────────── v0.3.1
 Installed Persa ─────────────────────── v0.1.1
 Installed SortingAlgorithms ─────────── v0.3.1
 Installed DataStructures ────────────── v0.17.6
 Installed StaticArrays ──────────────── v0.12.1
 Installed LazyArrays ────────────────── v0.14.10
 Installed CSV ───────────────────────── v0.5.18
 Installed Missings ──────────────────── v0.4.3
 Installed IterTools ─────────────────── v1.3.0
 Installed MacroTools ────────────────── v0.5.3
 Installed CategoricalArrays ─────────── v0.7.3
 Installed Compat ────────────────────── v3.0.0
 Installed TableTraits ───────────────── v1.0.0
 Installed Parsers ───────────────────── v0.3.10
 Installed OrderedCollections ────────── v1.1.0
 Installed JSON ──────────────────────── v0.21.0
 Installed DataAPI ───────────────────── v1.1.0
 Installed ArrayLayouts ──────────────── v0.1.5
 Installed DataValueInterfaces ───────── v1.0.0
 Installed BinDeps ───────────────────── v1.0.0
 Installed MLBase ────────────────────── v0.8.0
 Installed Tables ────────────────────── v0.2.11
 Installed FilePathsBase ─────────────── v0.7.0
 Installed PooledArrays ──────────────── v0.5.2
 Installed IteratorInterfaceExtensions ─ v1.0.0
 Installed WeakRefStrings ────────────── v0.6.1
 Installed Reexport ──────────────────── v0.2.0
 Installed FillArrays ────────────────── v0.8.2
 Installed DataFrames ────────────────── v0.18.4
 Installed StatsBase ─────────────────── v0.32.0
  Updating `~/.julia/environments/v1.3/Project.toml`
  [6bac03b7] + DatasetsCF v0.3.1
  Updating `~/.julia/environments/v1.3/Manifest.toml`
  [4c555306] + ArrayLayouts v0.1.5
  [9e28174c] + BinDeps v1.0.0
  [336ed68f] + CSV v0.5.18
  [324d7699] + CategoricalArrays v0.7.3
  [34da2185] + Compat v3.0.0
  [9a962f9c] + DataAPI v1.1.0
  [a93c6f00] + DataFrames v0.18.4
  [864edb3b] + DataStructures v0.17.6
  [e2d170a0] + DataValueInterfaces v1.0.0
  [6bac03b7] + DatasetsCF v0.3.1
  [48062228] + FilePathsBase v0.7.0
  [1a297f60] + FillArrays v0.8.2
  [c8e1da08] + IterTools v1.3.0
  [82899510] + IteratorInterfaceExtensions v1.0.0
  [682c06a0] + JSON v0.21.0
  [5078a376] + LazyArrays v0.14.10
  [f0e99cf1] + MLBase v0.8.0
  [1914dd2f] + MacroTools v0.5.3
  [e1d29d7a] + Missings v0.4.3
  [bac558e1] + OrderedCollections v1.1.0
  [69de0a69] + Parsers v0.3.10
  [86800b63] + Persa v0.1.1
  [2dfb63ee] + PooledArrays v0.5.2
  [189a3867] + Reexport v0.2.0
  [a2af1166] + SortingAlgorithms v0.3.1
  [90137ffa] + StaticArrays v0.12.1
  [2913bbd2] + StatsBase v0.32.0
  [3783bdb8] + TableTraits v1.0.0
  [bd369af6] + Tables v0.2.11
  [30578b45] + URIParser v0.4.0
  [ea10d353] + WeakRefStrings v0.6.1
  [2a0f44e3] + Base64 
  [ade2ca70] + Dates 
  [8bb1440f] + DelimitedFiles 
  [8ba89e20] + Distributed 
  [9fa8497b] + Future 
  [b77e0a4c] + InteractiveUtils 
  [76f85450] + LibGit2 
  [8f399da3] + Libdl 
  [37e2e46d] + LinearAlgebra 
  [56ddb016] + Logging 
  [d6f4376e] + Markdown 
  [a63ad114] + Mmap 
  [44cfe95a] + Pkg 
  [de0858da] + Printf 
  [3fa0cd96] + REPL 
  [9a3f8284] + Random 
  [ea8e919c] + SHA 
  [9e88b42a] + Serialization 
  [1a1011a3] + SharedArrays 
  [6462fe0b] + Sockets 
  [2f01184e] + SparseArrays 
  [10745b16] + Statistics 
  [8dfed614] + Test 
  [cf7118a7] + UUIDs 
  [4ec0a83e] + Unicode 
   Testing DatasetsCF
 Resolving package versions...
    Status `/tmp/jl_Hnl2d5/Manifest.toml`
  [4c555306] ArrayLayouts v0.1.5
  [9e28174c] BinDeps v1.0.0
  [336ed68f] CSV v0.5.18
  [324d7699] CategoricalArrays v0.7.3
  [34da2185] Compat v3.0.0
  [9a962f9c] DataAPI v1.1.0
  [a93c6f00] DataFrames v0.18.4
  [864edb3b] DataStructures v0.17.6
  [e2d170a0] DataValueInterfaces v1.0.0
  [6bac03b7] DatasetsCF v0.3.1
  [48062228] FilePathsBase v0.7.0
  [1a297f60] FillArrays v0.8.2
  [c8e1da08] IterTools v1.3.0
  [82899510] IteratorInterfaceExtensions v1.0.0
  [682c06a0] JSON v0.21.0
  [5078a376] LazyArrays v0.14.10
  [f0e99cf1] MLBase v0.8.0
  [1914dd2f] MacroTools v0.5.3
  [e1d29d7a] Missings v0.4.3
  [bac558e1] OrderedCollections v1.1.0
  [69de0a69] Parsers v0.3.10
  [86800b63] Persa v0.1.1
  [2dfb63ee] PooledArrays v0.5.2
  [189a3867] Reexport v0.2.0
  [a2af1166] SortingAlgorithms v0.3.1
  [90137ffa] StaticArrays v0.12.1
  [2913bbd2] StatsBase v0.32.0
  [3783bdb8] TableTraits v1.0.0
  [bd369af6] Tables v0.2.11
  [30578b45] URIParser v0.4.0
  [ea10d353] WeakRefStrings v0.6.1
  [2a0f44e3] Base64  [`@stdlib/Base64`]
  [ade2ca70] Dates  [`@stdlib/Dates`]
  [8bb1440f] DelimitedFiles  [`@stdlib/DelimitedFiles`]
  [8ba89e20] Distributed  [`@stdlib/Distributed`]
  [9fa8497b] Future  [`@stdlib/Future`]
  [b77e0a4c] InteractiveUtils  [`@stdlib/InteractiveUtils`]
  [76f85450] LibGit2  [`@stdlib/LibGit2`]
  [8f399da3] Libdl  [`@stdlib/Libdl`]
  [37e2e46d] LinearAlgebra  [`@stdlib/LinearAlgebra`]
  [56ddb016] Logging  [`@stdlib/Logging`]
  [d6f4376e] Markdown  [`@stdlib/Markdown`]
  [a63ad114] Mmap  [`@stdlib/Mmap`]
  [44cfe95a] Pkg  [`@stdlib/Pkg`]
  [de0858da] Printf  [`@stdlib/Printf`]
  [3fa0cd96] REPL  [`@stdlib/REPL`]
  [9a3f8284] Random  [`@stdlib/Random`]
  [ea8e919c] SHA  [`@stdlib/SHA`]
  [9e88b42a] Serialization  [`@stdlib/Serialization`]
  [1a1011a3] SharedArrays  [`@stdlib/SharedArrays`]
  [6462fe0b] Sockets  [`@stdlib/Sockets`]
  [2f01184e] SparseArrays  [`@stdlib/SparseArrays`]
  [10745b16] Statistics  [`@stdlib/Statistics`]
  [8dfed614] Test  [`@stdlib/Test`]
  [cf7118a7] UUIDs  [`@stdlib/UUIDs`]
  [4ec0a83e] Unicode  [`@stdlib/Unicode`]
WARNING: Compat.Statistics is deprecated, use Statistics instead.
  likely near /home/pkgeval/.julia/packages/CategoricalArrays/U3LvJ/src/extras.jl:1
WARNING: using DataFrames.convert in module Persa conflicts with an existing identifier.
Archive:  /tmp/jl_D0jpsf
   creating: /home/pkgeval/.julia/packages/DatasetsCF/CjEMl/src/../datasets/ml-100k/
  inflating: /home/pkgeval/.julia/packages/DatasetsCF/CjEMl/src/../datasets/ml-100k/allbut.pl  
  inflating: /home/pkgeval/.julia/packages/DatasetsCF/CjEMl/src/../datasets/ml-100k/mku.sh  
  inflating: /home/pkgeval/.julia/packages/DatasetsCF/CjEMl/src/../datasets/ml-100k/README  
  inflating: /home/pkgeval/.julia/packages/DatasetsCF/CjEMl/src/../datasets/ml-100k/u.data  
  inflating: /home/pkgeval/.julia/packages/DatasetsCF/CjEMl/src/../datasets/ml-100k/u.genre  
  inflating: /home/pkgeval/.julia/packages/DatasetsCF/CjEMl/src/../datasets/ml-100k/u.info  
  inflating: /home/pkgeval/.julia/packages/DatasetsCF/CjEMl/src/../datasets/ml-100k/u.item  
  inflating: /home/pkgeval/.julia/packages/DatasetsCF/CjEMl/src/../datasets/ml-100k/u.occupation  
  inflating: /home/pkgeval/.julia/packages/DatasetsCF/CjEMl/src/../datasets/ml-100k/u.user  
  inflating: /home/pkgeval/.julia/packages/DatasetsCF/CjEMl/src/../datasets/ml-100k/u1.base  
  inflating: /home/pkgeval/.julia/packages/DatasetsCF/CjEMl/src/../datasets/ml-100k/u1.test  
  inflating: /home/pkgeval/.julia/packages/DatasetsCF/CjEMl/src/../datasets/ml-100k/u2.base  
  inflating: /home/pkgeval/.julia/packages/DatasetsCF/CjEMl/src/../datasets/ml-100k/u2.test  
  inflating: /home/pkgeval/.julia/packages/DatasetsCF/CjEMl/src/../datasets/ml-100k/u3.base  
  inflating: /home/pkgeval/.julia/packages/DatasetsCF/CjEMl/src/../datasets/ml-100k/u3.test  
  inflating: /home/pkgeval/.julia/packages/DatasetsCF/CjEMl/src/../datasets/ml-100k/u4.base  
  inflating: /home/pkgeval/.julia/packages/DatasetsCF/CjEMl/src/../datasets/ml-100k/u4.test  
  inflating: /home/pkgeval/.julia/packages/DatasetsCF/CjEMl/src/../datasets/ml-100k/u5.base  
  inflating: /home/pkgeval/.julia/packages/DatasetsCF/CjEMl/src/../datasets/ml-100k/u5.test  
  inflating: /home/pkgeval/.julia/packages/DatasetsCF/CjEMl/src/../datasets/ml-100k/ua.base  
  inflating: /home/pkgeval/.julia/packages/DatasetsCF/CjEMl/src/../datasets/ml-100k/ua.test  
  inflating: /home/pkgeval/.julia/packages/DatasetsCF/CjEMl/src/../datasets/ml-100k/ub.base  
  inflating: /home/pkgeval/.julia/packages/DatasetsCF/CjEMl/src/../datasets/ml-100k/ub.test  
Archive:  /tmp/jl_izDmc2
   creating: /home/pkgeval/.julia/packages/DatasetsCF/CjEMl/src/../datasets/ml-1m/
  inflating: /home/pkgeval/.julia/packages/DatasetsCF/CjEMl/src/../datasets/ml-1m/movies.dat  
  inflating: /home/pkgeval/.julia/packages/DatasetsCF/CjEMl/src/../datasets/ml-1m/ratings.dat  
  inflating: /home/pkgeval/.julia/packages/DatasetsCF/CjEMl/src/../datasets/ml-1m/README  
  inflating: /home/pkgeval/.julia/packages/DatasetsCF/CjEMl/src/../datasets/ml-1m/users.dat  
ERROR: LoadError: MethodError: no method matching getindex(::DataFrames.DataFrame, ::typeof(!), ::Symbol)
Closest candidates are:
  getindex(::DataFrames.DataFrame, !Matched::Integer, ::Symbol) at /home/pkgeval/.julia/packages/DataFrames/0Em9Q/src/dataframe/dataframe.jl:327
  getindex(::DataFrames.DataFrame, !Matched::AbstractArray{T,1} where T, ::Union{Signed, Symbol, Unsigned}) at /home/pkgeval/.julia/packages/DataFrames/0Em9Q/src/dataframe/dataframe.jl:337
  getindex(::DataFrames.DataFrame, !Matched::Colon, ::Union{Signed, Symbol, Unsigned}) at /home/pkgeval/.julia/packages/DataFrames/0Em9Q/src/dataframe/dataframe.jl:358
  ...
Stacktrace:
 [1] MovieLens1M() at /home/pkgeval/.julia/packages/DatasetsCF/CjEMl/src/movielens.jl:48
 [2] top-level scope at /home/pkgeval/.julia/packages/DatasetsCF/CjEMl/test/runtests.jl:13
 [3] include at ./boot.jl:328 [inlined]
 [4] include_relative(::Module, ::String) at ./loading.jl:1105
 [5] include(::Module, ::String) at ./Base.jl:31
 [6] include(::String) at ./client.jl:424
 [7] top-level scope at none:6
in expression starting at /home/pkgeval/.julia/packages/DatasetsCF/CjEMl/test/runtests.jl:13
ERROR: Package DatasetsCF errored during testing
Stacktrace:
 [1] pkgerror(::String, ::Vararg{String,N} where N) at /buildworker/worker/package_linux64/build/usr/share/julia/stdlib/v1.3/Pkg/src/Types.jl:113
 [2] #test#131(::Bool, ::Nothing, ::Cmd, ::Cmd, ::typeof(Pkg.Operations.test), ::Pkg.Types.Context, ::Array{Pkg.Types.PackageSpec,1}) at /buildworker/worker/package_linux64/build/usr/share/julia/stdlib/v1.3/Pkg/src/Operations.jl:1370
 [3] #test at ./none:0 [inlined]
 [4] #test#62(::Bool, ::Nothing, ::Cmd, ::Cmd, ::Base.Iterators.Pairs{Union{},Union{},Tuple{},NamedTuple{(),Tuple{}}}, ::typeof(Pkg.API.test), ::Pkg.Types.Context, ::Array{Pkg.Types.PackageSpec,1}) at /buildworker/worker/package_linux64/build/usr/share/julia/stdlib/v1.3/Pkg/src/API.jl:253
 [5] test(::Pkg.Types.Context, ::Array{Pkg.Types.PackageSpec,1}) at /buildworker/worker/package_linux64/build/usr/share/julia/stdlib/v1.3/Pkg/src/API.jl:239
 [6] #test#61 at /buildworker/worker/package_linux64/build/usr/share/julia/stdlib/v1.3/Pkg/src/API.jl:233 [inlined]
 [7] test at /buildworker/worker/package_linux64/build/usr/share/julia/stdlib/v1.3/Pkg/src/API.jl:233 [inlined]
 [8] #test#60 at /buildworker/worker/package_linux64/build/usr/share/julia/stdlib/v1.3/Pkg/src/API.jl:232 [inlined]
 [9] test at /buildworker/worker/package_linux64/build/usr/share/julia/stdlib/v1.3/Pkg/src/API.jl:232 [inlined]
 [10] #test#59(::Base.Iterators.Pairs{Union{},Union{},Tuple{},NamedTuple{(),Tuple{}}}, ::typeof(Pkg.API.test), ::String) at /buildworker/worker/package_linux64/build/usr/share/julia/stdlib/v1.3/Pkg/src/API.jl:231
 [11] test(::String) at /buildworker/worker/package_linux64/build/usr/share/julia/stdlib/v1.3/Pkg/src/API.jl:231
 [12] top-level scope at none:12
