Current time is 2020-10-25T22:30:27.907
Julia Version 1.5.3-pre.13
Commit 3de1115e9c (2020-10-23 21:58 UTC)
Platform Info:
  OS: Linux (x86_64-linux-gnu)
  CPU: AMD EPYC 7502 32-Core Processor
  WORD_SIZE: 64
  LIBM: libopenlibm
  LLVM: libLLVM-9.0.1 (ORCJIT, znver2)
Environment:
  JULIA_DEPOT_PATH = ::/usr/local/share/julia
  JULIA_NUM_THREADS = 2
  JULIA_MAX_NUM_PRECOMPILE_FILES = 9223372036854775807
  JULIA_PKG_SERVER = 

Starting installation at 2020-10-25T22:30:31.009
  Resolving package versions...
  Installed Zlib_jll ───────────────────── v1.2.11+18
  Installed CodecZlib ──────────────────── v0.7.0
  Installed CEnum ──────────────────────── v0.4.1
  Installed AbstractFFTs ───────────────── v0.5.0
  Installed Compat ─────────────────────── v3.22.0
  Installed Requires ───────────────────── v1.1.0
  Installed NNlib ──────────────────────── v0.7.5
  Installed Knet ───────────────────────── v1.4.3
  Installed JLLWrappers ────────────────── v1.1.3
  Installed OpenSpecFun_jll ────────────── v0.5.3+4
  Installed CompilerSupportLibraries_jll ─ v0.3.4+0
  Installed MacroTools ─────────────────── v0.5.6
  Installed ExprTools ──────────────────── v0.1.3
  Installed FileIO ─────────────────────── v1.4.3
  Installed TimerOutputs ───────────────── v0.5.6
  Installed TranscodingStreams ─────────── v0.9.5
  Installed OrderedCollections ─────────── v1.3.1
  Installed SpecialFunctions ───────────── v0.10.3
  Installed GPUCompiler ────────────────── v0.7.3
  Installed GPUArrays ──────────────────── v6.1.0
  Installed CUDA ───────────────────────── v2.0.2
  Installed DataStructures ─────────────── v0.18.8
  Installed Artifacts ──────────────────── v1.3.0
  Installed Reexport ───────────────────── v0.2.0
  Installed Adapt ──────────────────────── v2.3.0
  Installed JLD2 ───────────────────────── v0.2.4
  Installed BFloat16s ──────────────────── v0.1.0
  Installed AutoGrad ───────────────────── v1.2.3
  Installed LLVM ───────────────────────── v3.2.0
Updating `~/.julia/environments/v1.5/Project.toml`
  [1902f260] + Knet v1.4.3
Updating `~/.julia/environments/v1.5/Manifest.toml`
  [621f4979] + AbstractFFTs v0.5.0
  [79e6a3ab] + Adapt v2.3.0
  [56f22d72] + Artifacts v1.3.0
  [6710c13c] + AutoGrad v1.2.3
  [ab4f0b2a] + BFloat16s v0.1.0
  [fa961155] + CEnum v0.4.1
  [052768ef] + CUDA v2.0.2
  [944b1d66] + CodecZlib v0.7.0
  [34da2185] + Compat v3.22.0
  [e66e0078] + CompilerSupportLibraries_jll v0.3.4+0
  [864edb3b] + DataStructures v0.18.8
  [e2ba6199] + ExprTools v0.1.3
  [5789e2e9] + FileIO v1.4.3
  [0c68f7d7] + GPUArrays v6.1.0
  [61eb1bfa] + GPUCompiler v0.7.3
  [033835bb] + JLD2 v0.2.4
  [692b3bcd] + JLLWrappers v1.1.3
  [1902f260] + Knet v1.4.3
  [929cbde3] + LLVM v3.2.0
  [1914dd2f] + MacroTools v0.5.6
  [872c559c] + NNlib v0.7.5
  [efe28fd5] + OpenSpecFun_jll v0.5.3+4
  [bac558e1] + OrderedCollections v1.3.1
  [189a3867] + Reexport v0.2.0
  [ae029012] + Requires v1.1.0
  [276daf66] + SpecialFunctions v0.10.3
  [a759f4b9] + TimerOutputs v0.5.6
  [3bb67fe8] + TranscodingStreams v0.9.5
  [83775a58] + Zlib_jll v1.2.11+18
  [2a0f44e3] + Base64
  [ade2ca70] + Dates
  [8bb1440f] + DelimitedFiles
  [8ba89e20] + Distributed
  [b77e0a4c] + InteractiveUtils
  [76f85450] + LibGit2
  [8f399da3] + Libdl
  [37e2e46d] + LinearAlgebra
  [56ddb016] + Logging
  [d6f4376e] + Markdown
  [a63ad114] + Mmap
  [44cfe95a] + Pkg
  [de0858da] + Printf
  [3fa0cd96] + REPL
  [9a3f8284] + Random
  [ea8e919c] + SHA
  [9e88b42a] + Serialization
  [1a1011a3] + SharedArrays
  [6462fe0b] + Sockets
  [2f01184e] + SparseArrays
  [10745b16] + Statistics
  [8dfed614] + Test
  [cf7118a7] + UUIDs
  [4ec0a83e] + Unicode
Starting tests at 2020-10-25T22:30:37.385
    Testing Knet
Status `/tmp/jl_2zCJW3/Project.toml`
  [6710c13c] AutoGrad v1.2.3
  [052768ef] CUDA v2.0.2
  [5789e2e9] FileIO v1.4.3
  [033835bb] JLD2 v0.2.4
  [1902f260] Knet v1.4.3
  [872c559c] NNlib v0.7.5
  [276daf66] SpecialFunctions v0.10.3
  [8f399da3] Libdl
  [37e2e46d] LinearAlgebra
  [44cfe95a] Pkg
  [de0858da] Printf
  [9a3f8284] Random
  [10745b16] Statistics
  [8dfed614] Test
Status `/tmp/jl_2zCJW3/Manifest.toml`
  [621f4979] AbstractFFTs v0.5.0
  [79e6a3ab] Adapt v2.3.0
  [56f22d72] Artifacts v1.3.0
  [6710c13c] AutoGrad v1.2.3
  [ab4f0b2a] BFloat16s v0.1.0
  [fa961155] CEnum v0.4.1
  [052768ef] CUDA v2.0.2
  [944b1d66] CodecZlib v0.7.0
  [34da2185] Compat v3.22.0
  [e66e0078] CompilerSupportLibraries_jll v0.3.4+0
  [864edb3b] DataStructures v0.18.8
  [e2ba6199] ExprTools v0.1.3
  [5789e2e9] FileIO v1.4.3
  [0c68f7d7] GPUArrays v6.1.0
  [61eb1bfa] GPUCompiler v0.7.3
  [033835bb] JLD2 v0.2.4
  [692b3bcd] JLLWrappers v1.1.3
  [1902f260] Knet v1.4.3
  [929cbde3] LLVM v3.2.0
  [1914dd2f] MacroTools v0.5.6
  [872c559c] NNlib v0.7.5
  [efe28fd5] OpenSpecFun_jll v0.5.3+4
  [bac558e1] OrderedCollections v1.3.1
  [189a3867] Reexport v0.2.0
  [ae029012] Requires v1.1.0
  [276daf66] SpecialFunctions v0.10.3
  [a759f4b9] TimerOutputs v0.5.6
  [3bb67fe8] TranscodingStreams v0.9.5
  [83775a58] Zlib_jll v1.2.11+18
  [2a0f44e3] Base64
  [ade2ca70] Dates
  [8bb1440f] DelimitedFiles
  [8ba89e20] Distributed
  [b77e0a4c] InteractiveUtils
  [76f85450] LibGit2
  [8f399da3] Libdl
  [37e2e46d] LinearAlgebra
  [56ddb016] Logging
  [d6f4376e] Markdown
  [a63ad114] Mmap
  [44cfe95a] Pkg
  [de0858da] Printf
  [3fa0cd96] REPL
  [9a3f8284] Random
  [ea8e919c] SHA
  [9e88b42a] Serialization
  [1a1011a3] SharedArrays
  [6462fe0b] Sockets
  [2f01184e] SparseArrays
  [10745b16] Statistics
  [8dfed614] Test
  [cf7118a7] UUIDs
  [4ec0a83e] Unicode
kptr.jl	237.428656 seconds (26.86 M allocations: 1.707 GiB, 0.66% gc time)
gpu.jl	  3.655044 seconds (2.53 M allocations: 127.253 MiB, 0.87% gc time)
distributions.jl	  5.102691 seconds (10.35 M allocations: 523.372 MiB, 6.80% gc time)
dropout.jl	  4.047504 seconds (6.42 M allocations: 341.869 MiB, 5.49% gc time)
gcnode.jl	  0.019055 seconds (2.67 k allocations: 166.453 KiB)
jld.jl	 24.962182 seconds (28.93 M allocations: 1.411 GiB, 6.02% gc time)
statistics.jl	  0.179324 seconds (11.98 k allocations: 764.891 KiB)
bmm.jl	 14.604672 seconds (16.91 M allocations: 881.007 MiB, 2.40% gc time)
serialize.jl	  0.231054 seconds (221.97 k allocations: 11.543 MiB)
loss.jl	 28.582675 seconds (32.79 M allocations: 1.618 GiB, 2.96% gc time)
cuarray.jl	  0.188947 seconds (11.60 k allocations: 737.125 KiB)
update.jl	┌ Warning: optimizers is deprecated, use sgd, adam etc. instead.
└ @ Knet.Train20 ~/.julia/packages/Knet/OYNCT/src/train20/update.jl:598
 13.260735 seconds (19.39 M allocations: 947.675 MiB, 3.08% gc time)
linalg.jl	 24.009260 seconds (25.75 M allocations: 1.290 GiB, 3.22% gc time)
batchnorm.jl	 31.731153 seconds (34.24 M allocations: 1.639 GiB, 3.14% gc time)
ops20.jl	┌ Warning: Pool mode=2 not yet implemented in NNlib, using 1 instead. See https://github.com/FluxML/NNlib.jl/issues/218
└ @ Knet.Ops20 ~/.julia/packages/Knet/OYNCT/src/ops20/conv.jl:174
┌ Warning: Pool maxpoolingNanOpt=0 not yet implemented in NNlib, using 1 instead. See https://github.com/FluxML/NNlib.jl/issues/218
└ @ Knet.Ops20 ~/.julia/packages/Knet/OYNCT/src/ops20/conv.jl:179
 63.231261 seconds (66.09 M allocations: 3.296 GiB, 4.79% gc time)
karray.jl	  0.379083 seconds (25.56 k allocations: 1.539 MiB)
conv.jl	┌ Warning: Pool padding is buggy in NNlib, use with caution. See https://github.com/FluxML/NNlib.jl/issues/229
└ @ Knet.Ops20 ~/.julia/packages/Knet/OYNCT/src/ops20/conv.jl:183
 57.176253 seconds (51.17 M allocations: 2.586 GiB, 3.13% gc time)
rnn.jl	  1.428328 seconds (24.92 k allocations: 1.503 MiB, 54.98% gc time)
reduction.jl	 55.535408 seconds (50.91 M allocations: 2.578 GiB, 3.05% gc time)
unary.jl	┌ Warning: invx() is deprecated, please use 1/x instead
└ @ Knet.Ops20 ~/.julia/packages/Knet/OYNCT/src/ops20/activation.jl:61
161.194533 seconds (158.56 M allocations: 8.054 GiB, 3.10% gc time)
binary.jl	175.934610 seconds (153.50 M allocations: 7.364 GiB, 3.37% gc time)
Test Summary: | Pass  Broken  Total
Knet          | 2424       5   2429
    Testing Knet tests passed 
Finished at 2020-10-25T22:45:45.717
