Current time is 2020-10-25T19:57:39.802
Julia Version 1.5.3-pre.13
Commit 3de1115e9c (2020-10-23 21:58 UTC)
Platform Info:
  OS: Linux (x86_64-linux-gnu)
  CPU: AMD EPYC 7502 32-Core Processor
  WORD_SIZE: 64
  LIBM: libopenlibm
  LLVM: libLLVM-9.0.1 (ORCJIT, znver2)
Environment:
  JULIA_DEPOT_PATH = ::/usr/local/share/julia
  JULIA_NUM_THREADS = 2
  JULIA_MAX_NUM_PRECOMPILE_FILES = 9223372036854775807
  JULIA_PKG_SERVER = 

Starting installation at 2020-10-25T19:57:42.915
  Resolving package versions...
  Installed Artifacts ──────────────────── v1.3.0
  Installed OpenSpecFun_jll ────────────── v0.5.3+4
  Installed NaNMath ────────────────────── v0.3.4
  Installed SpecialFunctions ───────────── v0.10.3
  Installed DiffRules ──────────────────── v1.0.1
  Installed CommonSubexpressions ───────── v0.3.0
  Installed RootSolvers ────────────────── v0.2.0
  Installed ForwardDiff ────────────────── v0.10.12
  Installed CompilerSupportLibraries_jll ─ v0.3.4+0
  Installed MacroTools ─────────────────── v0.5.6
  Installed DiffResults ────────────────── v1.0.2
  Installed DocStringExtensions ────────── v0.8.3
  Installed JLLWrappers ────────────────── v1.1.3
  Installed StaticArrays ───────────────── v0.12.4
Updating `~/.julia/environments/v1.5/Project.toml`
  [7181ea78] + RootSolvers v0.2.0
Updating `~/.julia/environments/v1.5/Manifest.toml`
  [56f22d72] + Artifacts v1.3.0
  [bbf7d656] + CommonSubexpressions v0.3.0
  [e66e0078] + CompilerSupportLibraries_jll v0.3.4+0
  [163ba53b] + DiffResults v1.0.2
  [b552c78f] + DiffRules v1.0.1
  [ffbed154] + DocStringExtensions v0.8.3
  [f6369f11] + ForwardDiff v0.10.12
  [692b3bcd] + JLLWrappers v1.1.3
  [1914dd2f] + MacroTools v0.5.6
  [77ba4419] + NaNMath v0.3.4
  [efe28fd5] + OpenSpecFun_jll v0.5.3+4
  [7181ea78] + RootSolvers v0.2.0
  [276daf66] + SpecialFunctions v0.10.3
  [90137ffa] + StaticArrays v0.12.4
  [2a0f44e3] + Base64
  [ade2ca70] + Dates
  [8ba89e20] + Distributed
  [b77e0a4c] + InteractiveUtils
  [76f85450] + LibGit2
  [8f399da3] + Libdl
  [37e2e46d] + LinearAlgebra
  [56ddb016] + Logging
  [d6f4376e] + Markdown
  [44cfe95a] + Pkg
  [de0858da] + Printf
  [3fa0cd96] + REPL
  [9a3f8284] + Random
  [ea8e919c] + SHA
  [9e88b42a] + Serialization
  [6462fe0b] + Sockets
  [2f01184e] + SparseArrays
  [10745b16] + Statistics
  [8dfed614] + Test
  [cf7118a7] + UUIDs
  [4ec0a83e] + Unicode
Starting tests at 2020-10-25T19:57:47.899
    Testing RootSolvers
Status `/tmp/jl_FRPD8Z/Project.toml`
  [ffbed154] DocStringExtensions v0.8.3
  [f6369f11] ForwardDiff v0.10.12
  [7181ea78] RootSolvers v0.2.0
  [8dfed614] Test
Status `/tmp/jl_FRPD8Z/Manifest.toml`
  [56f22d72] Artifacts v1.3.0
  [bbf7d656] CommonSubexpressions v0.3.0
  [e66e0078] CompilerSupportLibraries_jll v0.3.4+0
  [163ba53b] DiffResults v1.0.2
  [b552c78f] DiffRules v1.0.1
  [ffbed154] DocStringExtensions v0.8.3
  [f6369f11] ForwardDiff v0.10.12
  [692b3bcd] JLLWrappers v1.1.3
  [1914dd2f] MacroTools v0.5.6
  [77ba4419] NaNMath v0.3.4
  [efe28fd5] OpenSpecFun_jll v0.5.3+4
  [7181ea78] RootSolvers v0.2.0
  [276daf66] SpecialFunctions v0.10.3
  [90137ffa] StaticArrays v0.12.4
  [2a0f44e3] Base64
  [ade2ca70] Dates
  [8ba89e20] Distributed
  [b77e0a4c] InteractiveUtils
  [76f85450] LibGit2
  [8f399da3] Libdl
  [37e2e46d] LinearAlgebra
  [56ddb016] Logging
  [d6f4376e] Markdown
  [44cfe95a] Pkg
  [de0858da] Printf
  [3fa0cd96] REPL
  [9a3f8284] Random
  [ea8e919c] SHA
  [9e88b42a] Serialization
  [6462fe0b] Sockets
  [2f01184e] SparseArrays
  [10745b16] Statistics
  [8dfed614] Test
  [cf7118a7] UUIDs
  [4ec0a83e] Unicode
Test Summary:                                 | Pass  Total
Scalar correctness test with compact solution |   96     96
Test Summary: | Pass  Total
CPU Broadcast |   24     24
Test Summary:        | Pass  Total
CPU isbits Broadcast |   32     32
Test Summary:                                      | Pass  Total
RootSolvers - compact solution non-converged cases |   48     48
Test Summary:                              | Pass  Total
RootSolvers - verbose solution correctness |   48     48
    Testing RootSolvers tests passed 
Finished at 2020-10-25T19:59:08.308
