Current time is 2020-10-25T21:06:28.885
Julia Version 1.5.3-pre.0
Commit 5905edebb1 (2020-09-24 05:09 UTC)
Platform Info:
  OS: Linux (x86_64-pc-linux-gnu)
  CPU: AMD EPYC 7502 32-Core Processor
  WORD_SIZE: 64
  LIBM: libopenlibm
  LLVM: libLLVM-9.0.1 (ORCJIT, znver2)
Environment:
  JULIA_DEPOT_PATH = ::/usr/local/share/julia
  JULIA_NUM_THREADS = 2
  JULIA_MAX_NUM_PRECOMPILE_FILES = 9223372036854775807
  JULIA_PKG_SERVER = 

Starting installation at 2020-10-25T21:06:31.965
  Resolving package versions...
  Installed MPFR_jll ───────────────────── v4.1.0+1
  Installed CompilerSupportLibraries_jll ─ v0.3.4+0
  Installed LaTeXStrings ───────────────── v1.2.0
  Installed Compat ─────────────────────── v3.22.0
  Installed SymEngine ──────────────────── v0.8.2
  Installed RecipesBase ────────────────── v1.1.0
  Installed JSON ───────────────────────── v0.21.1
  Installed Artifacts ──────────────────── v1.3.0
  Installed OpenSpecFun_jll ────────────── v0.5.3+4
  Installed MPC_jll ────────────────────── v1.1.0+0
  Installed GMP_jll ────────────────────── v6.1.2+6
  Installed Combinatorics ──────────────── v1.0.2
  Installed SpecialFunctions ───────────── v0.10.3
  Installed ElectromagneticFields ──────── v0.5.0
  Installed DocStringExtensions ────────── v0.8.3
  Installed JLLWrappers ────────────────── v1.1.3
  Installed Parsers ────────────────────── v1.0.11
  Installed Documenter ─────────────────── v0.25.2
  Installed SymEngine_jll ──────────────── v0.6.0+1
Updating `~/.julia/environments/v1.5/Project.toml`
  [d6c1ba6f] + ElectromagneticFields v0.5.0
Updating `~/.julia/environments/v1.5/Manifest.toml`
  [56f22d72] + Artifacts v1.3.0
  [861a8166] + Combinatorics v1.0.2
  [34da2185] + Compat v3.22.0
  [e66e0078] + CompilerSupportLibraries_jll v0.3.4+0
  [ffbed154] + DocStringExtensions v0.8.3
  [e30172f5] + Documenter v0.25.2
  [d6c1ba6f] + ElectromagneticFields v0.5.0
  [781609d7] + GMP_jll v6.1.2+6
  [692b3bcd] + JLLWrappers v1.1.3
  [682c06a0] + JSON v0.21.1
  [b964fa9f] + LaTeXStrings v1.2.0
  [2ce0c516] + MPC_jll v1.1.0+0
  [3a97d323] + MPFR_jll v4.1.0+1
  [efe28fd5] + OpenSpecFun_jll v0.5.3+4
  [69de0a69] + Parsers v1.0.11
  [3cdcf5f2] + RecipesBase v1.1.0
  [276daf66] + SpecialFunctions v0.10.3
  [123dc426] + SymEngine v0.8.2
  [3428059b] + SymEngine_jll v0.6.0+1
  [2a0f44e3] + Base64
  [ade2ca70] + Dates
  [8bb1440f] + DelimitedFiles
  [8ba89e20] + Distributed
  [b77e0a4c] + InteractiveUtils
  [76f85450] + LibGit2
  [8f399da3] + Libdl
  [37e2e46d] + LinearAlgebra
  [56ddb016] + Logging
  [d6f4376e] + Markdown
  [a63ad114] + Mmap
  [44cfe95a] + Pkg
  [de0858da] + Printf
  [3fa0cd96] + REPL
  [9a3f8284] + Random
  [ea8e919c] + SHA
  [9e88b42a] + Serialization
  [1a1011a3] + SharedArrays
  [6462fe0b] + Sockets
  [2f01184e] + SparseArrays
  [10745b16] + Statistics
  [8dfed614] + Test
  [cf7118a7] + UUIDs
  [4ec0a83e] + Unicode
Starting tests at 2020-10-25T21:06:38.072
    Testing ElectromagneticFields
Status `/tmp/jl_Jft4PY/Project.toml`
  [861a8166] Combinatorics v1.0.2
  [e30172f5] Documenter v0.25.2
  [d6c1ba6f] ElectromagneticFields v0.5.0
  [b964fa9f] LaTeXStrings v1.2.0
  [3cdcf5f2] RecipesBase v1.1.0
  [1bc83da4] SafeTestsets v0.0.1
  [123dc426] SymEngine v0.8.2
  [37e2e46d] LinearAlgebra
  [8dfed614] Test
Status `/tmp/jl_Jft4PY/Manifest.toml`
  [56f22d72] Artifacts v1.3.0
  [861a8166] Combinatorics v1.0.2
  [34da2185] Compat v3.22.0
  [e66e0078] CompilerSupportLibraries_jll v0.3.4+0
  [ffbed154] DocStringExtensions v0.8.3
  [e30172f5] Documenter v0.25.2
  [d6c1ba6f] ElectromagneticFields v0.5.0
  [781609d7] GMP_jll v6.1.2+6
  [692b3bcd] JLLWrappers v1.1.3
  [682c06a0] JSON v0.21.1
  [b964fa9f] LaTeXStrings v1.2.0
  [2ce0c516] MPC_jll v1.1.0+0
  [3a97d323] MPFR_jll v4.1.0+1
  [efe28fd5] OpenSpecFun_jll v0.5.3+4
  [69de0a69] Parsers v1.0.11
  [3cdcf5f2] RecipesBase v1.1.0
  [1bc83da4] SafeTestsets v0.0.1
  [276daf66] SpecialFunctions v0.10.3
  [123dc426] SymEngine v0.8.2
  [3428059b] SymEngine_jll v0.6.0+1
  [2a0f44e3] Base64
  [ade2ca70] Dates
  [8bb1440f] DelimitedFiles
  [8ba89e20] Distributed
  [b77e0a4c] InteractiveUtils
  [76f85450] LibGit2
  [8f399da3] Libdl
  [37e2e46d] LinearAlgebra
  [56ddb016] Logging
  [d6f4376e] Markdown
  [a63ad114] Mmap
  [44cfe95a] Pkg
  [de0858da] Printf
  [3fa0cd96] REPL
  [9a3f8284] Random
  [ea8e919c] SHA
  [9e88b42a] Serialization
  [1a1011a3] SharedArrays
  [6462fe0b] Sockets
  [2f01184e] SparseArrays
  [10745b16] Statistics
  [8dfed614] Test
  [cf7118a7] UUIDs
  [4ec0a83e] Unicode
Test Summary:                                                | Pass  Total
ABC                                                          |  287    287
Test Summary:                                                | Pass  Total
AxisymmetricTokamakCartesian                                 |  287    287
Test Summary:                                                | Pass  Total
AxisymmetricTokamakCylindrical                               |  287    287
Test Summary:                                                | Pass  Total
AxisymmetricTokamakToroidal                                  |  287    287
Test Summary:                                                | Pass  Total
AxisymmetricTokamakToroidalRegularization                    |  287    287
Test Summary:                                                | Pass  Total
PenningTrapUniform                                           |  287    287
Test Summary:                                                | Pass  Total
PenningTrapBottle                                            |  287    287
Test Summary:                                                | Pass  Total
PenningTrapAsymmetric                                        |  287    287
Test Summary:                                                | Pass  Total
Singular                                                     |  254    254
Test Summary:                                                | Pass  Total
SymmetricQuadratic                                           |  287    287
Test Summary:                                                | Pass  Total
ThetaPinch                                                   |  287    287
Test Summary:                                                | Pass  Total
SolovevITER                                                  |  287    287
Test Summary:                                                | Pass  Total
SolovevITERwXpoint                                           |  287    287
Test Summary:                                                | Pass  Total
SolovevNSTX                                                  |  287    287
Test Summary:                                                | Pass  Total
SolovevNSTXwXpoint                                           |  287    287
Test Summary:                                                | Pass  Total
SolovevNSTXwDoubleXpoint                                     |  287    287
Test Summary:                                                | Pass  Total
SolovevSymmetric                                             |  287    287

Test Summary:                                                | Pass  Total
Magnetic Fields                                              |   53     53
Test Summary:                                                | Pass  Total
Consistency                                                  |    6      6

    Testing ElectromagneticFields tests passed 
Finished at 2020-10-25T21:14:32.408
