Current time is 2020-10-25T23:13:23.943
Julia Version 1.5.3-pre.0
Commit 5905edebb1 (2020-09-24 05:09 UTC)
Platform Info:
  OS: Linux (x86_64-pc-linux-gnu)
  CPU: AMD EPYC 7502 32-Core Processor
  WORD_SIZE: 64
  LIBM: libopenlibm
  LLVM: libLLVM-9.0.1 (ORCJIT, znver2)
Environment:
  JULIA_DEPOT_PATH = ::/usr/local/share/julia
  JULIA_NUM_THREADS = 2
  JULIA_MAX_NUM_PRECOMPILE_FILES = 9223372036854775807
  JULIA_PKG_SERVER = 

Starting installation at 2020-10-25T23:13:27.111
  Resolving package versions...
  Installed BayesOpt ─────── v0.1.0
  Installed BinaryProvider ─ v0.5.10
Updating `~/.julia/environments/v1.5/Project.toml`
  [8b8fa57b] + BayesOpt v0.1.0
Updating `~/.julia/environments/v1.5/Manifest.toml`
  [8b8fa57b] + BayesOpt v0.1.0
  [b99e7846] + BinaryProvider v0.5.10
  [2a0f44e3] + Base64
  [8ba89e20] + Distributed
  [b77e0a4c] + InteractiveUtils
  [8f399da3] + Libdl
  [56ddb016] + Logging
  [d6f4376e] + Markdown
  [9a3f8284] + Random
  [ea8e919c] + SHA
  [9e88b42a] + Serialization
  [6462fe0b] + Sockets
  [8dfed614] + Test
   Building BayesOpt → `~/.julia/packages/BayesOpt/lYhDm/deps/build.log`
Starting tests at 2020-10-25T23:13:46.026
    Testing BayesOpt
Status `/tmp/jl_M1N8M2/Project.toml`
  [8b8fa57b] BayesOpt v0.1.0
  [b99e7846] BinaryProvider v0.5.10
  [a2441757] Coverage v1.1.1
  [8f399da3] Libdl
  [8dfed614] Test
Status `/tmp/jl_M1N8M2/Manifest.toml`
  [8b8fa57b] BayesOpt v0.1.0
  [b99e7846] BinaryProvider v0.5.10
  [a2441757] Coverage v1.1.1
  [c36e975a] CoverageTools v1.1.0
  [cd3eb016] HTTP v0.8.19
  [83e8ac13] IniFile v0.5.0
  [682c06a0] JSON v0.21.1
  [739be429] MbedTLS v1.0.2
  [c8ffd9c3] MbedTLS_jll v2.16.8+0
  [69de0a69] Parsers v1.0.11
  [2a0f44e3] Base64
  [ade2ca70] Dates
  [8ba89e20] Distributed
  [b77e0a4c] InteractiveUtils
  [76f85450] LibGit2
  [8f399da3] Libdl
  [56ddb016] Logging
  [d6f4376e] Markdown
  [a63ad114] Mmap
  [44cfe95a] Pkg
  [de0858da] Printf
  [3fa0cd96] REPL
  [9a3f8284] Random
  [ea8e919c] SHA
  [9e88b42a] Serialization
  [6462fe0b] Sockets
  [8dfed614] Test
  [cf7118a7] UUIDs
  [4ec0a83e] Unicode
    Testing BayesOpt tests passed 
Finished at 2020-10-25T23:13:52.75
