Current time is 2020-10-25T23:27:15.006
Julia Version 1.5.3-pre.0
Commit 5905edebb1 (2020-09-24 05:09 UTC)
Platform Info:
  OS: Linux (x86_64-pc-linux-gnu)
  CPU: AMD EPYC 7502 32-Core Processor
  WORD_SIZE: 64
  LIBM: libopenlibm
  LLVM: libLLVM-9.0.1 (ORCJIT, znver2)
Environment:
  JULIA_DEPOT_PATH = ::/usr/local/share/julia
  JULIA_NUM_THREADS = 2
  JULIA_MAX_NUM_PRECOMPILE_FILES = 9223372036854775807
  JULIA_PKG_SERVER = 

Starting installation at 2020-10-25T23:27:18.321
  Resolving package versions...
  Installed XML2_jll ───────────────────── v2.9.10+3
  Installed Qhull_jll ──────────────────── v2019.1.0+2
  Installed CodecZlib ──────────────────── v0.7.0
  Installed URIParser ──────────────────── v0.4.1
  Installed CMake ──────────────────────── v1.2.0
  Installed MacroTools ─────────────────── v0.5.6
  Installed GridapEmbedded ─────────────── v0.5.0
  Installed LightGraphs ────────────────── v1.3.3
  Installed CompilerSupportLibraries_jll ─ v0.3.4+0
  Installed Reexport ───────────────────── v0.2.0
  Installed Compat ─────────────────────── v3.22.0
  Installed SimpleTraits ───────────────── v0.9.3
  Installed CommonSubexpressions ───────── v0.3.0
  Installed Inflate ────────────────────── v0.1.2
  Installed FastGaussQuadrature ────────── v0.4.3
  Installed Libiconv_jll ───────────────── v1.16.0+7
  Installed Parameters ─────────────────── v0.12.1
  Installed MiniQhull ──────────────────── v0.2.1
  Installed Zlib_jll ───────────────────── v1.2.11+18
  Installed ArnoldiMethod ──────────────── v0.0.4
  Installed JSON ───────────────────────── v0.21.1
  Installed Artifacts ──────────────────── v1.3.0
  Installed OrderedCollections ─────────── v1.3.1
  Installed BlockArrays ────────────────── v0.12.13
  Installed Combinatorics ──────────────── v1.0.2
  Installed NLSolversBase ──────────────── v7.7.1
  Installed UnPack ─────────────────────── v1.0.2
  Installed Requires ───────────────────── v1.1.0
  Installed StaticArrays ───────────────── v0.12.4
  Installed LineSearches ───────────────── v7.1.0
  Installed ForwardDiff ────────────────── v0.10.12
  Installed JLD2 ───────────────────────── v0.1.14
  Installed OpenSpecFun_jll ────────────── v0.5.3+4
  Installed NaNMath ────────────────────── v0.3.4
  Installed LightXML ───────────────────── v0.9.0
  Installed DocStringExtensions ────────── v0.8.3
  Installed ArrayLayouts ───────────────── v0.4.10
  Installed BinDeps ────────────────────── v1.0.1
  Installed WriteVTK ───────────────────── v1.7.4
  Installed JLLWrappers ────────────────── v1.1.3
  Installed SpecialFunctions ───────────── v0.10.3
  Installed FiniteDiff ─────────────────── v2.7.0
  Installed Distances ──────────────────── v0.9.2
  Installed ArrayInterface ─────────────── v2.13.6
  Installed TranscodingStreams ─────────── v0.9.5
  Installed DiffRules ──────────────────── v1.0.1
  Installed DiffResults ────────────────── v1.0.2
  Installed FileIO ─────────────────────── v1.4.3
  Installed AbstractTrees ──────────────── v0.3.3
  Installed Gridap ─────────────────────── v0.14.1
  Installed NLsolve ────────────────────── v4.4.1
  Installed QuadGK ─────────────────────── v2.4.1
  Installed Parsers ────────────────────── v1.0.11
  Installed FillArrays ─────────────────── v0.9.7
  Installed DataStructures ─────────────── v0.17.20
  Installed BSON ───────────────────────── v0.2.6
Updating `~/.julia/environments/v1.5/Project.toml`
  [8838a6a3] + GridapEmbedded v0.5.0
Updating `~/.julia/environments/v1.5/Manifest.toml`
  [1520ce14] + AbstractTrees v0.3.3
  [ec485272] + ArnoldiMethod v0.0.4
  [4fba245c] + ArrayInterface v2.13.6
  [4c555306] + ArrayLayouts v0.4.10
  [56f22d72] + Artifacts v1.3.0
  [fbb218c0] + BSON v0.2.6
  [9e28174c] + BinDeps v1.0.1
  [8e7c35d0] + BlockArrays v0.12.13
  [631607c0] + CMake v1.2.0
  [944b1d66] + CodecZlib v0.7.0
  [861a8166] + Combinatorics v1.0.2
  [bbf7d656] + CommonSubexpressions v0.3.0
  [34da2185] + Compat v3.22.0
  [e66e0078] + CompilerSupportLibraries_jll v0.3.4+0
  [864edb3b] + DataStructures v0.17.20
  [163ba53b] + DiffResults v1.0.2
  [b552c78f] + DiffRules v1.0.1
  [b4f34e82] + Distances v0.9.2
  [ffbed154] + DocStringExtensions v0.8.3
  [442a2c76] + FastGaussQuadrature v0.4.3
  [5789e2e9] + FileIO v1.4.3
  [1a297f60] + FillArrays v0.9.7
  [6a86dc24] + FiniteDiff v2.7.0
  [f6369f11] + ForwardDiff v0.10.12
  [56d4f2e9] + Gridap v0.14.1
  [8838a6a3] + GridapEmbedded v0.5.0
  [d25df0c9] + Inflate v0.1.2
  [033835bb] + JLD2 v0.1.14
  [692b3bcd] + JLLWrappers v1.1.3
  [682c06a0] + JSON v0.21.1
  [94ce4f54] + Libiconv_jll v1.16.0+7
  [093fc24a] + LightGraphs v1.3.3
  [9c8b4983] + LightXML v0.9.0
  [d3d80556] + LineSearches v7.1.0
  [1914dd2f] + MacroTools v0.5.6
  [978d7f02] + MiniQhull v0.2.1
  [d41bc354] + NLSolversBase v7.7.1
  [2774e3e8] + NLsolve v4.4.1
  [77ba4419] + NaNMath v0.3.4
  [efe28fd5] + OpenSpecFun_jll v0.5.3+4
  [bac558e1] + OrderedCollections v1.3.1
  [d96e819e] + Parameters v0.12.1
  [69de0a69] + Parsers v1.0.11
  [784f63db] + Qhull_jll v2019.1.0+2
  [1fd47b50] + QuadGK v2.4.1
  [189a3867] + Reexport v0.2.0
  [ae029012] + Requires v1.1.0
  [699a6c99] + SimpleTraits v0.9.3
  [276daf66] + SpecialFunctions v0.10.3
  [90137ffa] + StaticArrays v0.12.4
  [3bb67fe8] + TranscodingStreams v0.9.5
  [30578b45] + URIParser v0.4.1
  [3a884ed6] + UnPack v1.0.2
  [64499a7a] + WriteVTK v1.7.4
  [02c8fc9c] + XML2_jll v2.9.10+3
  [83775a58] + Zlib_jll v1.2.11+18
  [2a0f44e3] + Base64
  [ade2ca70] + Dates
  [8bb1440f] + DelimitedFiles
  [8ba89e20] + Distributed
  [b77e0a4c] + InteractiveUtils
  [76f85450] + LibGit2
  [8f399da3] + Libdl
  [37e2e46d] + LinearAlgebra
  [56ddb016] + Logging
  [d6f4376e] + Markdown
  [a63ad114] + Mmap
  [44cfe95a] + Pkg
  [de0858da] + Printf
  [3fa0cd96] + REPL
  [9a3f8284] + Random
  [ea8e919c] + SHA
  [9e88b42a] + Serialization
  [1a1011a3] + SharedArrays
  [6462fe0b] + Sockets
  [2f01184e] + SparseArrays
  [10745b16] + Statistics
  [8dfed614] + Test
  [cf7118a7] + UUIDs
  [4ec0a83e] + Unicode
   Building CMake ────→ `~/.julia/packages/CMake/ULbyn/deps/build.log`
   Building MiniQhull → `~/.julia/packages/MiniQhull/TRNh0/deps/build.log`
Starting tests at 2020-10-25T23:27:43.152
    Testing GridapEmbedded
Status `/tmp/jl_TJOF24/Project.toml`
  [1520ce14] AbstractTrees v0.3.3
  [861a8166] Combinatorics v1.0.2
  [56d4f2e9] Gridap v0.14.1
  [8838a6a3] GridapEmbedded v0.5.0
  [093fc24a] LightGraphs v1.3.3
  [978d7f02] MiniQhull v0.2.1
  [37e2e46d] LinearAlgebra
  [9a3f8284] Random
  [8dfed614] Test
Status `/tmp/jl_TJOF24/Manifest.toml`
  [1520ce14] AbstractTrees v0.3.3
  [ec485272] ArnoldiMethod v0.0.4
  [4fba245c] ArrayInterface v2.13.6
  [4c555306] ArrayLayouts v0.4.10
  [56f22d72] Artifacts v1.3.0
  [fbb218c0] BSON v0.2.6
  [9e28174c] BinDeps v1.0.1
  [8e7c35d0] BlockArrays v0.12.13
  [631607c0] CMake v1.2.0
  [944b1d66] CodecZlib v0.7.0
  [861a8166] Combinatorics v1.0.2
  [bbf7d656] CommonSubexpressions v0.3.0
  [34da2185] Compat v3.22.0
  [e66e0078] CompilerSupportLibraries_jll v0.3.4+0
  [864edb3b] DataStructures v0.17.20
  [163ba53b] DiffResults v1.0.2
  [b552c78f] DiffRules v1.0.1
  [b4f34e82] Distances v0.9.2
  [ffbed154] DocStringExtensions v0.8.3
  [442a2c76] FastGaussQuadrature v0.4.3
  [5789e2e9] FileIO v1.4.3
  [1a297f60] FillArrays v0.9.7
  [6a86dc24] FiniteDiff v2.7.0
  [f6369f11] ForwardDiff v0.10.12
  [56d4f2e9] Gridap v0.14.1
  [8838a6a3] GridapEmbedded v0.5.0
  [d25df0c9] Inflate v0.1.2
  [033835bb] JLD2 v0.1.14
  [692b3bcd] JLLWrappers v1.1.3
  [682c06a0] JSON v0.21.1
  [94ce4f54] Libiconv_jll v1.16.0+7
  [093fc24a] LightGraphs v1.3.3
  [9c8b4983] LightXML v0.9.0
  [d3d80556] LineSearches v7.1.0
  [1914dd2f] MacroTools v0.5.6
  [978d7f02] MiniQhull v0.2.1
  [d41bc354] NLSolversBase v7.7.1
  [2774e3e8] NLsolve v4.4.1
  [77ba4419] NaNMath v0.3.4
  [efe28fd5] OpenSpecFun_jll v0.5.3+4
  [bac558e1] OrderedCollections v1.3.1
  [d96e819e] Parameters v0.12.1
  [69de0a69] Parsers v1.0.11
  [784f63db] Qhull_jll v2019.1.0+2
  [1fd47b50] QuadGK v2.4.1
  [189a3867] Reexport v0.2.0
  [ae029012] Requires v1.1.0
  [699a6c99] SimpleTraits v0.9.3
  [276daf66] SpecialFunctions v0.10.3
  [90137ffa] StaticArrays v0.12.4
  [3bb67fe8] TranscodingStreams v0.9.5
  [30578b45] URIParser v0.4.1
  [3a884ed6] UnPack v1.0.2
  [64499a7a] WriteVTK v1.7.4
  [02c8fc9c] XML2_jll v2.9.10+3
  [83775a58] Zlib_jll v1.2.11+18
  [2a0f44e3] Base64
  [ade2ca70] Dates
  [8bb1440f] DelimitedFiles
  [8ba89e20] Distributed
  [b77e0a4c] InteractiveUtils
  [76f85450] LibGit2
  [8f399da3] Libdl
  [37e2e46d] LinearAlgebra
  [56ddb016] Logging
  [d6f4376e] Markdown
  [a63ad114] Mmap
  [44cfe95a] Pkg
  [de0858da] Printf
  [3fa0cd96] REPL
  [9a3f8284] Random
  [ea8e919c] SHA
  [9e88b42a] Serialization
  [1a1011a3] SharedArrays
  [6462fe0b] Sockets
  [2f01184e] SparseArrays
  [10745b16] Statistics
  [8dfed614] Test
  [cf7118a7] UUIDs
  [4ec0a83e] Unicode
Test Summary: | Pass  Total
CSG           |   44     44
271.917726 seconds (32.24 M allocations: 1.880 GiB, 0.53% gc time)
Test Summary: | Pass  Total
Interfaces    |   45     45
200.231157 seconds (303.85 M allocations: 15.679 GiB, 4.27% gc time)
Test Summary:   | Pass  Total
LevelSetCutters |   22     22
 56.078464 seconds (151.41 M allocations: 15.770 GiB, 10.20% gc time)
Test Summary: |
AgFEM         | No tests
  7.316830 seconds (11.59 M allocations: 639.479 MiB, 1.71% gc time)
Test Summary:    |
PoissonCSGCutFEM | No tests
 72.297096 seconds (154.88 M allocations: 11.149 GiB, 3.89% gc time)
Test Summary:                |
StokesTubeWithObstacleCutFEM | No tests
141.184977 seconds (217.29 M allocations: 12.629 GiB, 2.14% gc time)
    Testing GridapEmbedded tests passed 
Finished at 2020-10-25T23:40:17.738
