Julia Version 1.4.0
Commit b8e9a9ecc6 (2020-03-21 16:36 UTC)
Platform Info:
  OS: Linux (x86_64-linux-gnu)
  CPU: Intel(R) Xeon(R) Silver 4114 CPU @ 2.20GHz
  WORD_SIZE: 64
  LIBM: libopenlibm
  LLVM: libLLVM-8.0.1 (ORCJIT, skylake)
Environment:
  JULIA_DEPOT_PATH = ::/usr/local/share/julia
  JULIA_NUM_THREADS = 2

  Resolving package versions...
  Installed CxxWrap ──────── v0.9.0
  Installed ViZDoom ──────── v0.1.0
  Installed MacroTools ───── v0.5.5
  Installed BinaryProvider ─ v0.5.8
   Updating `~/.julia/environments/v1.4/Project.toml`
  [13bb3beb] + ViZDoom v0.1.0
   Updating `~/.julia/environments/v1.4/Manifest.toml`
  [b99e7846] + BinaryProvider v0.5.8
  [1f15a43c] + CxxWrap v0.9.0
  [1914dd2f] + MacroTools v0.5.5
  [13bb3beb] + ViZDoom v0.1.0
  [2a0f44e3] + Base64 
  [8ba89e20] + Distributed 
  [b77e0a4c] + InteractiveUtils 
  [8f399da3] + Libdl 
  [56ddb016] + Logging 
  [d6f4376e] + Markdown 
  [9a3f8284] + Random 
  [ea8e919c] + SHA 
  [9e88b42a] + Serialization 
  [6462fe0b] + Sockets 
  [8dfed614] + Test 
   Building CxxWrap → `~/.julia/packages/CxxWrap/lDNAy/deps/build.log`
   Building ViZDoom → `~/.julia/packages/ViZDoom/IubYP/deps/build.log`
┌ Error: Error building `ViZDoom`: 
│ Unreachable reached at 0x7fbdbca4066c
│ 
│ signal (4): Illegal instruction
│ in expression starting at /home/pkgeval/.julia/packages/CxxWrap/lDNAy/src/StdLib.jl:16
│ protect_from_gc at /home/pkgeval/.julia/packages/CxxWrap/lDNAy/src/CxxWrap.jl:319
│ _jl_invoke at /workspace/srcdir/src/gf.c:2158 [inlined]
│ jl_apply_generic at /workspace/srcdir/src/gf.c:2322
│ unknown function (ip: 0x7fbdbca154f3)
│ _ZN5jlcxx15protect_from_gcEP11_jl_value_t at /home/pkgeval/.julia/packages/CxxWrap/lDNAy/deps/usr/lib/libcxxwrap_julia.so (unknown line)
│ _ZN5jlcxx6Module17add_type_internalINSt7__cxx1112basic_stringIcSt11char_traitsIcESaIcEEENS_13ParameterListIJEEE11_jl_value_tEENS_11TypeWrapperIT_EERKS7_PT1_ at /home/pkgeval/.julia/packages/CxxWrap/lDNAy/deps/usr/lib/libcxxwrap_julia_stl.so (unknown line)
│ define_cxxwrap_stl_module at /home/pkgeval/.julia/packages/CxxWrap/lDNAy/deps/usr/lib/libcxxwrap_julia_stl.so (unknown line)
│ register_julia_module at /home/pkgeval/.julia/packages/CxxWrap/lDNAy/deps/usr/lib/libcxxwrap_julia.so (unknown line)
│ register_julia_module at /home/pkgeval/.julia/packages/CxxWrap/lDNAy/src/CxxWrap.jl:360 [inlined]
│ readmodule at /home/pkgeval/.julia/packages/CxxWrap/lDNAy/src/CxxWrap.jl:664
│ wrapmodule at /home/pkgeval/.julia/packages/CxxWrap/lDNAy/src/CxxWrap.jl:670
│ unknown function (ip: 0x7fbdbca3c3c0)
│ _jl_invoke at /workspace/srcdir/src/gf.c:2158 [inlined]
│ jl_apply_generic at /workspace/srcdir/src/gf.c:2322
│ jl_apply at /workspace/srcdir/src/julia.h:1692 [inlined]
│ do_call at /workspace/srcdir/src/interpreter.c:369
│ eval_value at /workspace/srcdir/src/interpreter.c:458
│ eval_stmt_value at /workspace/srcdir/src/interpreter.c:409 [inlined]
│ eval_body at /workspace/srcdir/src/interpreter.c:817
│ jl_interpret_toplevel_thunk at /workspace/srcdir/src/interpreter.c:911
│ jl_toplevel_eval_flex at /workspace/srcdir/src/toplevel.c:814
│ jl_eval_module_expr at /workspace/srcdir/src/toplevel.c:181
│ jl_toplevel_eval_flex at /workspace/srcdir/src/toplevel.c:640
│ jl_parse_eval_all at /workspace/srcdir/src/ast.c:872
│ jl_load at /workspace/srcdir/src/toplevel.c:872
│ include at ./Base.jl:377
│ include at /home/pkgeval/.julia/packages/CxxWrap/lDNAy/src/CxxWrap.jl:1
│ _jl_invoke at /workspace/srcdir/src/gf.c:2158 [inlined]
│ jl_apply_generic at /workspace/srcdir/src/gf.c:2322
│ jl_apply at /workspace/srcdir/src/julia.h:1692 [inlined]
│ do_call at /workspace/srcdir/src/interpreter.c:369
│ eval_value at /workspace/srcdir/src/interpreter.c:458
│ eval_stmt_value at /workspace/srcdir/src/interpreter.c:409 [inlined]
│ eval_body at /workspace/srcdir/src/interpreter.c:817
│ jl_interpret_toplevel_thunk at /workspace/srcdir/src/interpreter.c:911
│ jl_toplevel_eval_flex at /workspace/srcdir/src/toplevel.c:814
│ jl_eval_module_expr at /workspace/srcdir/src/toplevel.c:181
│ jl_toplevel_eval_flex at /workspace/srcdir/src/toplevel.c:640
│ jl_parse_eval_all at /workspace/srcdir/src/ast.c:872
│ jl_load at /workspace/srcdir/src/toplevel.c:872
│ include at ./Base.jl:377
│ _jl_invoke at /workspace/srcdir/src/gf.c:2144 [inlined]
│ jl_apply_generic at /workspace/srcdir/src/gf.c:2322
│ jl_apply at /workspace/srcdir/src/julia.h:1692 [inlined]
│ do_call at /workspace/srcdir/src/interpreter.c:369
│ eval_value at /workspace/srcdir/src/interpreter.c:458
│ eval_stmt_value at /workspace/srcdir/src/interpreter.c:409 [inlined]
│ eval_body at /workspace/srcdir/src/interpreter.c:817
│ eval_body at /workspace/srcdir/src/interpreter.c:744
│ jl_interpret_toplevel_thunk at /workspace/srcdir/src/interpreter.c:911
│ jl_toplevel_eval_flex at /workspace/srcdir/src/toplevel.c:814
│ jl_toplevel_eval_in at /workspace/srcdir/src/toplevel.c:843
│ eval at ./boot.jl:331 [inlined]
│ eval at ./client.jl:449
│ _jl_invoke at /workspace/srcdir/src/gf.c:2144 [inlined]
│ jl_apply_generic at /workspace/srcdir/src/gf.c:2322
│ top-level scope at ./none:3
│ jl_toplevel_eval_flex at /workspace/srcdir/src/toplevel.c:808
│ jl_toplevel_eval_flex at /workspace/srcdir/src/toplevel.c:764
│ jl_toplevel_eval_in at /workspace/srcdir/src/toplevel.c:843
│ eval at ./boot.jl:331
│ _jl_invoke at /workspace/srcdir/src/gf.c:2144 [inlined]
│ jl_apply_generic at /workspace/srcdir/src/gf.c:2322
│ exec_options at ./client.jl:264
│ _start at ./client.jl:484
│ jfptr__start_2076.clone_1 at /opt/julia/lib/julia/sys.so (unknown line)
│ _jl_invoke at /workspace/srcdir/src/gf.c:2144 [inlined]
│ jl_apply_generic at /workspace/srcdir/src/gf.c:2322
│ jl_apply at /workspace/srcdir/ui/../src/julia.h:1692 [inlined]
│ true_main at /workspace/srcdir/ui/repl.c:96
│ main at /workspace/srcdir/ui/repl.c:217
│ __libc_start_main at /lib/x86_64-linux-gnu/libc.so.6 (unknown line)
│ unknown function (ip: 0x4015e4)
│ Allocations: 6849234 (Pool: 6847551; Big: 1683); GC: 8
│ ERROR: LoadError: Failed to precompile CxxWrap [1f15a43c-97ca-5a2a-ae31-89f07a497df4] to /home/pkgeval/.julia/compiled/v1.4/CxxWrap/WGIJU_tdWua.ji.
│ Stacktrace:
│  [1] error(::String) at ./error.jl:33
│  [2] compilecache(::Base.PkgId, ::String) at ./loading.jl:1272
│  [3] _require(::Base.PkgId) at ./loading.jl:1029
│  [4] require(::Base.PkgId) at ./loading.jl:927
│  [5] require(::Module, ::Symbol) at ./loading.jl:922
│  [6] include(::String) at ./client.jl:439
│  [7] top-level scope at none:5
│ in expression starting at /home/pkgeval/.julia/packages/ViZDoom/IubYP/deps/build.jl:2
└ @ Pkg.Operations /workspace/srcdir/usr/share/julia/stdlib/v1.4/Pkg/src/Operations.jl:892
    Testing ViZDoom
Status `/tmp/jl_qCeoGL/Manifest.toml`
  [b99e7846] BinaryProvider v0.5.8
  [1f15a43c] CxxWrap v0.9.0
  [1914dd2f] MacroTools v0.5.5
  [13bb3beb] ViZDoom v0.1.0
  [2a0f44e3] Base64 
  [8ba89e20] Distributed 
  [b77e0a4c] InteractiveUtils 
  [8f399da3] Libdl 
  [56ddb016] Logging 
  [d6f4376e] Markdown 
  [9a3f8284] Random 
  [ea8e919c] SHA 
  [9e88b42a] Serialization 
  [6462fe0b] Sockets 
  [8dfed614] Test 
ERROR: LoadError: could not load library "/home/pkgeval/.julia/packages/ViZDoom/IubYP/src/../deps/usr/ViZDoom-1.1.6/bin/libvizdoomjl.so"
/home/pkgeval/.julia/packages/ViZDoom/IubYP/src/../deps/usr/ViZDoom-1.1.6/bin/libvizdoomjl.so: cannot open shared object file: No such file or directory
Stacktrace:
 [1] dlopen(::String, ::UInt32; throw_error::Bool) at /workspace/srcdir/usr/share/julia/stdlib/v1.4/Libdl/src/Libdl.jl:109
 [2] dlopen at /workspace/srcdir/usr/share/julia/stdlib/v1.4/Libdl/src/Libdl.jl:109 [inlined]
 [3] readmodule(::String, ::Symbol, ::Module, ::Nothing) at /home/pkgeval/.julia/packages/CxxWrap/lDNAy/src/CxxWrap.jl:663
 [4] wrapmodule(::String, ::Symbol, ::Module, ::Nothing) at /home/pkgeval/.julia/packages/CxxWrap/lDNAy/src/CxxWrap.jl:670
 [5] top-level scope at /home/pkgeval/.julia/packages/ViZDoom/IubYP/src/ViZDoom.jl:4
 [6] include(::Module, ::String) at ./Base.jl:377
 [7] top-level scope at none:2
 [8] eval at ./boot.jl:331 [inlined]
 [9] eval(::Expr) at ./client.jl:449
 [10] top-level scope at ./none:3
in expression starting at /home/pkgeval/.julia/packages/ViZDoom/IubYP/src/ViZDoom.jl:4
ERROR: LoadError: Failed to precompile ViZDoom [13bb3beb-38fe-5ca7-9a46-050a216300b1] to /home/pkgeval/.julia/compiled/v1.4/ViZDoom/MvPVa_uCtVe.ji.
Stacktrace:
 [1] error(::String) at ./error.jl:33
 [2] compilecache(::Base.PkgId, ::String) at ./loading.jl:1272
 [3] _require(::Base.PkgId) at ./loading.jl:1029
 [4] require(::Base.PkgId) at ./loading.jl:927
 [5] require(::Module, ::Symbol) at ./loading.jl:922
 [6] include(::String) at ./client.jl:439
 [7] top-level scope at none:6
in expression starting at /home/pkgeval/.julia/packages/ViZDoom/IubYP/test/runtests.jl:1
ERROR: Package ViZDoom errored during testing
Stacktrace:
 [1] pkgerror(::String, ::Vararg{String,N} where N) at /workspace/srcdir/usr/share/julia/stdlib/v1.4/Pkg/src/Types.jl:53
 [2] test(::Pkg.Types.Context, ::Array{Pkg.Types.PackageSpec,1}; coverage::Bool, julia_args::Cmd, test_args::Cmd, test_fn::Nothing) at /workspace/srcdir/usr/share/julia/stdlib/v1.4/Pkg/src/Operations.jl:1503
 [3] test(::Pkg.Types.Context, ::Array{Pkg.Types.PackageSpec,1}; coverage::Bool, test_fn::Nothing, julia_args::Cmd, test_args::Cmd, kwargs::Base.Iterators.Pairs{Union{},Union{},Tuple{},NamedTuple{(),Tuple{}}}) at /workspace/srcdir/usr/share/julia/stdlib/v1.4/Pkg/src/API.jl:316
 [4] test(::Pkg.Types.Context, ::Array{Pkg.Types.PackageSpec,1}) at /workspace/srcdir/usr/share/julia/stdlib/v1.4/Pkg/src/API.jl:303
 [5] #test#68 at /workspace/srcdir/usr/share/julia/stdlib/v1.4/Pkg/src/API.jl:297 [inlined]
 [6] test at /workspace/srcdir/usr/share/julia/stdlib/v1.4/Pkg/src/API.jl:297 [inlined]
 [7] #test#67 at /workspace/srcdir/usr/share/julia/stdlib/v1.4/Pkg/src/API.jl:296 [inlined]
 [8] test at /workspace/srcdir/usr/share/julia/stdlib/v1.4/Pkg/src/API.jl:296 [inlined]
 [9] test(::String; kwargs::Base.Iterators.Pairs{Union{},Union{},Tuple{},NamedTuple{(),Tuple{}}}) at /workspace/srcdir/usr/share/julia/stdlib/v1.4/Pkg/src/API.jl:295
 [10] test(::String) at /workspace/srcdir/usr/share/julia/stdlib/v1.4/Pkg/src/API.jl:295
 [11] top-level scope at none:16
