Julia Version 1.5.1-pre.28
Commit 0d71d8cd8b (2020-08-14 20:35 UTC)
Platform Info:
  OS: Linux (x86_64-linux-gnu)
  CPU: Intel(R) Xeon(R) Silver 4114 CPU @ 2.20GHz
  WORD_SIZE: 64
  LIBM: libopenlibm
  LLVM: libLLVM-9.0.1 (ORCJIT, skylake-avx512)
Environment:
  JULIA_DEPOT_PATH = ::/usr/local/share/julia
  JULIA_NUM_THREADS = 2

  Resolving package versions...
  Installed CompilerSupportLibraries_jll ─ v0.3.3+0
  Installed Bzip2_jll ──────────────────── v1.0.6+3
  Installed Parsers ────────────────────── v1.0.10
  Installed TranscodingStreams ─────────── v0.9.5
  Installed SpecialFunctions ───────────── v0.10.3
  Installed StaticArrays ───────────────── v0.12.4
  Installed ForwardDiff ────────────────── v0.10.12
  Installed SortingAlgorithms ──────────── v0.3.1
  Installed MbedTLS ────────────────────── v1.0.2
  Installed DataStructures ─────────────── v0.17.20
  Installed DataValueInterfaces ────────── v1.0.0
  Installed WeakRefStrings ─────────────── v0.6.2
  Installed MacroTools ─────────────────── v0.5.5
  Installed PyCall ─────────────────────── v1.91.4
  Installed OpenSpecFun_jll ────────────── v0.5.3+3
  Installed Calculus ───────────────────── v0.5.1
  Installed AnyMOD ─────────────────────── v0.1.2
  Installed PooledArrays ───────────────── v0.5.3
  Installed Zlib_jll ───────────────────── v1.2.11+15
  Installed Requires ───────────────────── v1.0.1
  Installed TableTraits ────────────────── v1.0.0
  Installed VersionParsing ─────────────── v1.2.0
  Installed Reexport ───────────────────── v0.2.0
  Installed Conda ──────────────────────── v1.4.1
  Installed CodecZlib ──────────────────── v0.7.0
  Installed CodecBzip2 ─────────────────── v0.7.2
  Installed Compat ─────────────────────── v3.13.0
  Installed DiffResults ────────────────── v1.0.2
  Installed InvertedIndices ────────────── v1.0.0
  Installed IteratorInterfaceExtensions ── v1.0.0
  Installed Tables ─────────────────────── v1.0.5
  Installed CommonSubexpressions ───────── v0.3.0
  Installed Missings ───────────────────── v0.4.3
  Installed IniFile ────────────────────── v0.5.0
  Installed JSON ───────────────────────── v0.21.0
  Installed HTTP ───────────────────────── v0.8.17
  Installed NaNMath ────────────────────── v0.3.4
  Installed MutableArithmetics ─────────── v0.2.10
  Installed DataFrames ─────────────────── v0.21.6
  Installed FilePathsBase ──────────────── v0.8.0
  Installed ZipFile ────────────────────── v0.9.2
  Installed JSONSchema ─────────────────── v0.3.1
  Installed MbedTLS_jll ────────────────── v2.16.6+1
  Installed DataAPI ────────────────────── v1.3.0
  Installed DiffRules ──────────────────── v1.0.1
  Installed OrderedCollections ─────────── v1.3.0
  Installed BenchmarkTools ─────────────── v0.5.0
  Installed CategoricalArrays ──────────── v0.8.1
  Installed CSV ────────────────────────── v0.6.2
  Installed MathOptInterface ───────────── v0.9.14
  Installed JuMP ───────────────────────── v0.21.3
Updating `~/.julia/environments/v1.5/Project.toml`
  [16ed6a40] + AnyMOD v0.1.2
Updating `~/.julia/environments/v1.5/Manifest.toml`
  [16ed6a40] + AnyMOD v0.1.2
  [6e4b80f9] + BenchmarkTools v0.5.0
  [6e34b625] + Bzip2_jll v1.0.6+3
  [336ed68f] + CSV v0.6.2
  [49dc2e85] + Calculus v0.5.1
  [324d7699] + CategoricalArrays v0.8.1
  [523fee87] + CodecBzip2 v0.7.2
  [944b1d66] + CodecZlib v0.7.0
  [bbf7d656] + CommonSubexpressions v0.3.0
  [34da2185] + Compat v3.13.0
  [e66e0078] + CompilerSupportLibraries_jll v0.3.3+0
  [8f4d0f93] + Conda v1.4.1
  [9a962f9c] + DataAPI v1.3.0
  [a93c6f00] + DataFrames v0.21.6
  [864edb3b] + DataStructures v0.17.20
  [e2d170a0] + DataValueInterfaces v1.0.0
  [163ba53b] + DiffResults v1.0.2
  [b552c78f] + DiffRules v1.0.1
  [48062228] + FilePathsBase v0.8.0
  [f6369f11] + ForwardDiff v0.10.12
  [cd3eb016] + HTTP v0.8.17
  [83e8ac13] + IniFile v0.5.0
  [41ab1584] + InvertedIndices v1.0.0
  [82899510] + IteratorInterfaceExtensions v1.0.0
  [682c06a0] + JSON v0.21.0
  [7d188eb4] + JSONSchema v0.3.1
  [4076af6c] + JuMP v0.21.3
  [1914dd2f] + MacroTools v0.5.5
  [b8f27783] + MathOptInterface v0.9.14
  [739be429] + MbedTLS v1.0.2
  [c8ffd9c3] + MbedTLS_jll v2.16.6+1
  [e1d29d7a] + Missings v0.4.3
  [d8a4904e] + MutableArithmetics v0.2.10
  [77ba4419] + NaNMath v0.3.4
  [efe28fd5] + OpenSpecFun_jll v0.5.3+3
  [bac558e1] + OrderedCollections v1.3.0
  [69de0a69] + Parsers v1.0.10
  [2dfb63ee] + PooledArrays v0.5.3
  [438e738f] + PyCall v1.91.4
  [189a3867] + Reexport v0.2.0
  [ae029012] + Requires v1.0.1
  [a2af1166] + SortingAlgorithms v0.3.1
  [276daf66] + SpecialFunctions v0.10.3
  [90137ffa] + StaticArrays v0.12.4
  [3783bdb8] + TableTraits v1.0.0
  [bd369af6] + Tables v1.0.5
  [3bb67fe8] + TranscodingStreams v0.9.5
  [81def892] + VersionParsing v1.2.0
  [ea10d353] + WeakRefStrings v0.6.2
  [a5390f91] + ZipFile v0.9.2
  [83775a58] + Zlib_jll v1.2.11+15
  [2a0f44e3] + Base64
  [ade2ca70] + Dates
  [8bb1440f] + DelimitedFiles
  [8ba89e20] + Distributed
  [9fa8497b] + Future
  [b77e0a4c] + InteractiveUtils
  [76f85450] + LibGit2
  [8f399da3] + Libdl
  [37e2e46d] + LinearAlgebra
  [56ddb016] + Logging
  [d6f4376e] + Markdown
  [a63ad114] + Mmap
  [44cfe95a] + Pkg
  [de0858da] + Printf
  [3fa0cd96] + REPL
  [9a3f8284] + Random
  [ea8e919c] + SHA
  [9e88b42a] + Serialization
  [1a1011a3] + SharedArrays
  [6462fe0b] + Sockets
  [2f01184e] + SparseArrays
  [10745b16] + Statistics
  [8dfed614] + Test
  [cf7118a7] + UUIDs
  [4ec0a83e] + Unicode
   Building Conda ─→ `~/.julia/packages/Conda/3rPhK/deps/build.log`
   Building PyCall → `~/.julia/packages/PyCall/zqDXB/deps/build.log`
    Testing AnyMOD
Status `/tmp/jl_iq3UrV/Project.toml`
  [16ed6a40] AnyMOD v0.1.2
  [336ed68f] CSV v0.6.2
  [9961bab8] Cbc v0.7.0
  [a93c6f00] DataFrames v0.21.6
  [682c06a0] JSON v0.21.0
  [4076af6c] JuMP v0.21.3
  [b8f27783] MathOptInterface v0.9.14
  [438e738f] PyCall v1.91.4
  [189a3867] Reexport v0.2.0
  [ae029012] Requires v1.0.1
  [ade2ca70] Dates
  [37e2e46d] LinearAlgebra
  [44cfe95a] Pkg
  [2f01184e] SparseArrays
  [10745b16] Statistics
  [8dfed614] Test
Status `/tmp/jl_iq3UrV/Manifest.toml`
  [16ed6a40] AnyMOD v0.1.2
  [6e4b80f9] BenchmarkTools v0.5.0
  [b99e7846] BinaryProvider v0.5.10
  [6e34b625] Bzip2_jll v1.0.6+3
  [fa961155] CEnum v0.3.0
  [336ed68f] CSV v0.6.2
  [49dc2e85] Calculus v0.5.1
  [324d7699] CategoricalArrays v0.8.1
  [9961bab8] Cbc v0.7.0
  [38041ee0] Cbc_jll v2.10.3+4
  [3830e938] Cgl_jll v0.60.2+5
  [06985876] Clp_jll v1.17.6+6
  [523fee87] CodecBzip2 v0.7.2
  [944b1d66] CodecZlib v0.7.0
  [be027038] CoinUtils_jll v2.11.3+3
  [bbf7d656] CommonSubexpressions v0.3.0
  [34da2185] Compat v3.13.0
  [e66e0078] CompilerSupportLibraries_jll v0.3.3+0
  [8f4d0f93] Conda v1.4.1
  [9a962f9c] DataAPI v1.3.0
  [a93c6f00] DataFrames v0.21.6
  [864edb3b] DataStructures v0.17.20
  [e2d170a0] DataValueInterfaces v1.0.0
  [163ba53b] DiffResults v1.0.2
  [b552c78f] DiffRules v1.0.1
  [48062228] FilePathsBase v0.8.0
  [f6369f11] ForwardDiff v0.10.12
  [cd3eb016] HTTP v0.8.17
  [83e8ac13] IniFile v0.5.0
  [41ab1584] InvertedIndices v1.0.0
  [82899510] IteratorInterfaceExtensions v1.0.0
  [682c06a0] JSON v0.21.0
  [7d188eb4] JSONSchema v0.3.1
  [4076af6c] JuMP v0.21.3
  [1914dd2f] MacroTools v0.5.5
  [b8f27783] MathOptInterface v0.9.14
  [739be429] MbedTLS v1.0.2
  [c8ffd9c3] MbedTLS_jll v2.16.6+1
  [e1d29d7a] Missings v0.4.3
  [d8a4904e] MutableArithmetics v0.2.10
  [77ba4419] NaNMath v0.3.4
  [656ef2d0] OpenBLAS32_jll v0.3.9+4
  [efe28fd5] OpenSpecFun_jll v0.5.3+3
  [bac558e1] OrderedCollections v1.3.0
  [7da25872] Osi_jll v0.108.5+3
  [69de0a69] Parsers v1.0.10
  [2dfb63ee] PooledArrays v0.5.3
  [438e738f] PyCall v1.91.4
  [189a3867] Reexport v0.2.0
  [ae029012] Requires v1.0.1
  [a2af1166] SortingAlgorithms v0.3.1
  [276daf66] SpecialFunctions v0.10.3
  [90137ffa] StaticArrays v0.12.4
  [3783bdb8] TableTraits v1.0.0
  [bd369af6] Tables v1.0.5
  [3bb67fe8] TranscodingStreams v0.9.5
  [81def892] VersionParsing v1.2.0
  [ea10d353] WeakRefStrings v0.6.2
  [a5390f91] ZipFile v0.9.2
  [83775a58] Zlib_jll v1.2.11+15
  [2a0f44e3] Base64
  [ade2ca70] Dates
  [8bb1440f] DelimitedFiles
  [8ba89e20] Distributed
  [9fa8497b] Future
  [b77e0a4c] InteractiveUtils
  [76f85450] LibGit2
  [8f399da3] Libdl
  [37e2e46d] LinearAlgebra
  [56ddb016] Logging
  [d6f4376e] Markdown
  [a63ad114] Mmap
  [44cfe95a] Pkg
  [de0858da] Printf
  [3fa0cd96] REPL
  [9a3f8284] Random
  [ea8e919c] SHA
  [9e88b42a] Serialization
  [1a1011a3] SharedArrays
  [6462fe0b] Sockets
  [2f01184e] SparseArrays
  [10745b16] Statistics
  [8dfed614] Test
  [cf7118a7] UUIDs
  [4ec0a83e] Unicode
   Building Conda ─→ `~/.julia/packages/Conda/3rPhK/deps/build.log`
   Building PyCall → `~/.julia/packages/PyCall/zqDXB/deps/build.log`
[ Info: Installing networkx via the Conda networkx package...
[ Info: Running `conda install -q -y networkx` in root environment
Collecting package metadata (current_repodata.json): ...working... done
Solving environment: ...working... done

## Package Plan ##

  environment location: /home/pkgeval/.julia/conda/3

  added / updated specs:
    - networkx


The following packages will be downloaded:

    package                    |            build
    ---------------------------|-----------------
    decorator-4.4.2            |             py_0          14 KB
    networkx-2.4               |             py_1         1.1 MB
    ------------------------------------------------------------
                                           Total:         1.1 MB

The following NEW packages will be INSTALLED:

  decorator          pkgs/main/noarch::decorator-4.4.2-py_0
  networkx           pkgs/main/noarch::networkx-2.4-py_1


Preparing transaction: ...working... done
Verifying transaction: ...working... done
Executing transaction: ...working... done
[ Info: Installing matplotlib.pyplot via the Conda matplotlib package...
[ Info: Running `conda install -q -y matplotlib` in root environment
Collecting package metadata (current_repodata.json): ...working... done
Solving environment: ...working... done

## Package Plan ##

  environment location: /home/pkgeval/.julia/conda/3

  added / updated specs:
    - matplotlib


The following packages will be downloaded:

    package                    |            build
    ---------------------------|-----------------
    cycler-0.10.0              |           py38_0          14 KB
    dbus-1.13.16               |       hb2f20db_0         501 KB
    expat-2.2.9                |       he6710b0_2         156 KB
    fontconfig-2.13.0          |       h9420a91_0         227 KB
    freetype-2.10.2            |       h5ab3b9f_0         608 KB
    glib-2.65.0                |       h3eb4bd4_0         2.9 MB
    gst-plugins-base-1.14.0    |       hbbd80ab_1         4.8 MB
    gstreamer-1.14.0           |       hb31296c_0         3.1 MB
    icu-58.2                   |       he6710b0_3        10.5 MB
    jpeg-9b                    |       h024ee3a_2         214 KB
    kiwisolver-1.2.0           |   py38hfd86e86_0          84 KB
    libpng-1.6.37              |       hbc83047_0         278 KB
    libuuid-1.0.3              |       h1bed415_2          15 KB
    libxcb-1.14                |       h7b6447c_0         505 KB
    libxml2-2.9.10             |       he19cac6_1         1.2 MB
    matplotlib-3.2.2           |                0          21 KB
    matplotlib-base-3.2.2      |   py38hef1b27d_0         5.4 MB
    pcre-8.44                  |       he6710b0_0         212 KB
    pyparsing-2.4.7            |             py_0          65 KB
    pyqt-5.9.2                 |   py38h05f1152_4         4.5 MB
    python-dateutil-2.8.1      |             py_0         215 KB
    qt-5.9.7                   |       h5867ecd_1        68.5 MB
    sip-4.19.13                |   py38he6710b0_0         277 KB
    tornado-6.0.4              |   py38h7b6447c_1         603 KB
    ------------------------------------------------------------
                                           Total:       104.8 MB

The following NEW packages will be INSTALLED:

  cycler             pkgs/main/linux-64::cycler-0.10.0-py38_0
  dbus               pkgs/main/linux-64::dbus-1.13.16-hb2f20db_0
  expat              pkgs/main/linux-64::expat-2.2.9-he6710b0_2
  fontconfig         pkgs/main/linux-64::fontconfig-2.13.0-h9420a91_0
  freetype           pkgs/main/linux-64::freetype-2.10.2-h5ab3b9f_0
  glib               pkgs/main/linux-64::glib-2.65.0-h3eb4bd4_0
  gst-plugins-base   pkgs/main/linux-64::gst-plugins-base-1.14.0-hbbd80ab_1
  gstreamer          pkgs/main/linux-64::gstreamer-1.14.0-hb31296c_0
  icu                pkgs/main/linux-64::icu-58.2-he6710b0_3
  jpeg               pkgs/main/linux-64::jpeg-9b-h024ee3a_2
  kiwisolver         pkgs/main/linux-64::kiwisolver-1.2.0-py38hfd86e86_0
  libpng             pkgs/main/linux-64::libpng-1.6.37-hbc83047_0
  libuuid            pkgs/main/linux-64::libuuid-1.0.3-h1bed415_2
  libxcb             pkgs/main/linux-64::libxcb-1.14-h7b6447c_0
  libxml2            pkgs/main/linux-64::libxml2-2.9.10-he19cac6_1
  matplotlib         pkgs/main/linux-64::matplotlib-3.2.2-0
  matplotlib-base    pkgs/main/linux-64::matplotlib-base-3.2.2-py38hef1b27d_0
  pcre               pkgs/main/linux-64::pcre-8.44-he6710b0_0
  pyparsing          pkgs/main/noarch::pyparsing-2.4.7-py_0
  pyqt               pkgs/main/linux-64::pyqt-5.9.2-py38h05f1152_4
  python-dateutil    pkgs/main/noarch::python-dateutil-2.8.1-py_0
  qt                 pkgs/main/linux-64::qt-5.9.7-h5867ecd_1
  sip                pkgs/main/linux-64::sip-4.19.13-py38he6710b0_0
  tornado            pkgs/main/linux-64::tornado-6.0.4-py38h7b6447c_1


Preparing transaction: ...working... done
Verifying transaction: ...working... done
Executing transaction: ...working... done
[ Info: Installing plotly via the Conda plotly package...
[ Info: Running `conda install -q -y plotly` in root environment
Collecting package metadata (current_repodata.json): ...working... done
Solving environment: ...working... done

## Package Plan ##

  environment location: /home/pkgeval/.julia/conda/3

  added / updated specs:
    - plotly


The following packages will be downloaded:

    package                    |            build
    ---------------------------|-----------------
    plotly-4.8.2               |             py_0         2.4 MB
    retrying-1.3.3             |             py_2          14 KB
    ------------------------------------------------------------
                                           Total:         2.5 MB

The following NEW packages will be INSTALLED:

  plotly             pkgs/main/noarch::plotly-4.8.2-py_0
  retrying           pkgs/main/noarch::retrying-1.3.3-py_2


Preparing transaction: ...working... done
Verifying transaction: ...working... done
Executing transaction: ...working... done
test 00:00:42 - Read-in all set files
test 00:01:19 - Read-in all parameter files
test 00:01:19 - Read-in all set and parameter files - No errors and 1 warning(s) encountered. Wrote reporting_test_202008172025.csv for details! 
test 00:01:35 - Created all mappings among sets
test 00:01:52 - Assigned parameter data to model parts
test 00:02:00 - Prepared creation of optimization model - No errors and 2 warning(s) encountered. Wrote reporting_test_202008172025.csv for details! 
test 00:04:45 - Created all variables and prepared constraints for technology wind
test 00:04:45 - Created all variables and prepared constraints for technology gasPlant < ocgt
test 00:04:47 - Created all variables and prepared constraints for technology heatpump
test 00:04:53 - Created all variables and prepared constraints for technology coalPlant
test 00:05:03 - Created all variables and prepared constraints for technology gasStorage
test 00:05:04 - Created all variables and prepared constraints for technology gasBoiler
test 00:05:05 - Created all variables and prepared constraints for technology solar < rooftop < solarThermal
test 00:05:05 - Created all variables and prepared constraints for technology electrolysis
test 00:05:09 - Created all variables and prepared constraints for technology solar < openspace
test 00:05:11 - Created all variables and prepared constraints for technology hydro
test 00:05:14 - Created all variables and prepared constraints for technology gasPlant < ccgt < ccgtCHP
test 00:05:14 - Created all variables and prepared constraints for technology methanation
test 00:05:16 - Created all variables and prepared constraints for technology solar < rooftop < photovoltaic
test 00:05:18 - Created all variables and prepared constraints for technology fuelCell
test 00:05:21 - Created variables and constraints for all technologies - No errors and 2 warning(s) encountered. Wrote reporting_test_202008172025.csv for details! 
test 00:05:31 - Created all variables and constraints related to expansion and capacity for exchange
test 00:05:33 - Created all dispatch variables for exchange
test 00:05:37 - Created all capacity restrictions for exchange
test 00:05:37 - Created variables and constraints for exchange - No errors and 2 warning(s) encountered. Wrote reporting_test_202008172025.csv for details! 
test 00:05:39 - Created variables and constraints for buying carriers
test 00:05:39 - Created variables and constraints for selling carriers
test 00:05:39 - Created variables and constraints for trade - No errors and 2 warning(s) encountered. Wrote reporting_test_202008172025.csv for details! 
test 00:06:04 - Prepared energy balance for hydrogen
test 00:06:07 - Prepared energy balance for electricity
test 00:06:10 - Prepared energy balance for synthGas
test 00:06:11 - Prepared energy balance for heat
test 00:06:15 - Prepared energy balance for districtHeat
test 00:06:17 - Prepared energy balance for naturalGas
test 00:06:21 - Prepared energy balance for gas
test 00:06:22 - Prepared energy balance for coal
test 00:06:22 - Created energy balances for all carriers - No errors and 2 warning(s) encountered. Wrote reporting_test_202008172025.csv for details! 
test 00:06:50 - Prepared constraints to limit variable expExc
test 00:06:55 - Prepared constraints to limit variable capaConv
test 00:06:56 - Prepared constraints to limit variable capaExc
test 00:07:00 - Prepared constraints to limit variable gen
test 00:07:07 - Prepared constraints to limit term emission
test 00:07:07 - Created all limiting constraints - No errors and 2 warning(s) encountered. Wrote reporting_test_202008172025.csv for details! 
test 00:07:07 - Completed model creation - No errors and 2 warning(s) encountered. Wrote reporting_test_202008172025.csv for details! 
test 00:07:24 - Set objective function according to inputs - No errors and 2 warning(s) encountered. Wrote reporting_test_202008172025.csv for details! 
Welcome to the CBC MILP Solver 
Version: 2.10.3 
Build Date: Jan  1 1970 

command line - Cbc_C_Interface -solve -quit (default strategy 1)
Presolve 75292 (-27575) rows, 83365 (-21699) columns and 371170 (-103398) elements
Perturbing problem by 0.001% of 37562.686 - largest nonzero change 0.00099989258 ( 0.07595798%) - largest zero change 0.00099989254
0  Obj -2.0982523e-05 Primal inf 10143.545 (5133) Dual inf 11269.852 (1461)
0  Obj 0 Primal inf 10143.545 (5133) Dual inf 1.6441674e+15 (32115)
627  Obj 25062.151 Primal inf 6540.7586 (5024) Dual inf 1.1413441e+15 (24861)
1248  Obj 25765.123 Primal inf 6115.7348 (4820) Dual inf 1.0530722e+15 (24523)
1858  Obj 27074.927 Primal inf 5636.5285 (4617) Dual inf 1.0260992e+15 (24437)
2464  Obj 27882.938 Primal inf 5204.4849 (4482) Dual inf 9.1947613e+14 (24066)
3069  Obj 29194.285 Primal inf 4841.3641 (4327) Dual inf 8.8178506e+14 (24142)
3679  Obj 32305.736 Primal inf 4458.4321 (4138) Dual inf 8.4679981e+14 (25711)
4282  Obj 52122.574 Primal inf 3937.1007 (3999) Dual inf 8.2052142e+14 (25426)
4887  Obj 55258.59 Primal inf 3612.7916 (3771) Dual inf 6.6268765e+14 (24915)
5497  Obj 61812.731 Primal inf 3152.3216 (3586) Dual inf 5.4250921e+14 (24714)
6103  Obj 68330.567 Primal inf 2682.4808 (3398) Dual inf 5.0301609e+14 (24694)
6706  Obj 79308.581 Primal inf 2245.5442 (3283) Dual inf 4.1222578e+14 (23894)
7307  Obj 83409.905 Primal inf 1884.4102 (3548) Dual inf 4.1231311e+14 (25669)
7908  Obj 96691.204 Primal inf 1456.2467 (3386) Dual inf 4.0362426e+14 (26474)
8509  Obj 104300.41 Primal inf 1097.7213 (3223) Dual inf 3.6078466e+14 (27267)
9110  Obj 110657.07 Primal inf 885.24957 (3039) Dual inf 3.800403e+14 (26394)
9712  Obj 136404.37 Primal inf 748.51185 (2890) Dual inf 2.7817483e+14 (25567)
10315  Obj 145277.04 Primal inf 690.37716 (2943) Dual inf 2.5476493e+14 (24598)
10917  Obj 160696.19 Primal inf 625.15775 (2819) Dual inf 2.4761634e+14 (23900)
11519  Obj 170796.88 Primal inf 596.78882 (2608) Dual inf 2.4931658e+14 (23295)
12128  Obj 184570.95 Primal inf 505.34292 (2404) Dual inf 1.8611033e+14 (22334)
12731  Obj 187945.3 Primal inf 451.74508 (2214) Dual inf 1.8044341e+14 (22206)
13333  Obj 186019.43 Primal inf 408.41721 (1990) Dual inf 2.0341779e+14 (21396)
13935  Obj 188354.83 Primal inf 376.60996 (1846) Dual inf 1.899881e+14 (20915)
14539  Obj 190454.25 Primal inf 343.12118 (1661) Dual inf 1.7132027e+14 (20274)
15158  Obj 192110.09 Primal inf 305.43675 (1520) Dual inf 1.4003976e+14 (19785)
15776  Obj 203521.39 Primal inf 257.22141 (1328) Dual inf 1.0130718e+14 (19351)
16392  Obj 204435.88 Primal inf 226.00534 (1111) Dual inf 1.007281e+14 (19047)
17005  Obj 210424.42 Primal inf 203.13721 (993) Dual inf 7.4782572e+13 (18772)
17612  Obj 199323.84 Primal inf 172.45815 (743) Dual inf 7.7753957e+13 (18229)
18225  Obj 256709.07 Primal inf 65.685233 (651) Dual inf 5.4511543e+13 (17941)
18834  Obj 261329.19 Primal inf 51.884925 (680) Dual inf 5.9441426e+13 (17615)
19448  Obj 264688.94 Primal inf 34.069654 (445) Dual inf 6.4792622e+13 (17574)
20056  Obj 267070.04 Primal inf 23.216854 (391) Dual inf 5.0529439e+13 (17645)
20661  Obj 269677.92 Primal inf 16.076248 (320) Dual inf 3.0251761e+13 (18038)
21263  Obj 269475.36 Primal inf 11.91562 (213) Dual inf 1.6937456e+13 (17830)
21864  Obj 272336.82 Primal inf 8.6776205 (175) Dual inf 1.2720086e+13 (17370)
22465  Obj 275027.07 Primal inf 3.6674934 (117) Dual inf 7.5704278e+12 (16986)
23066  Obj 275001.21 Primal inf 0.87295626 (42) Dual inf 4.4680045e+11 (17849)
23667  Obj 275740.6 Primal inf 0.62612142 (14) Dual inf 2.2723102e+12 (17074)
24268  Obj 275117.03 Primal inf 0.36965581 (6) Dual inf 2.2942231e+12 (16267)
24869  Obj 273891.94 Primal inf 0.16143916 (3) Dual inf 3.0935e+12 (16850)
25471  Obj 270692.26 Dual inf 11310820 (16524)
26072  Obj 259922.34 Dual inf 10235235 (16670)
26674  Obj 256660.81 Dual inf 42317693 (16587)
27275  Obj 253548.89 Dual inf 5950287.1 (15996)
27876  Obj 248472.14 Dual inf 13489962 (15849)
28478  Obj 242287.64 Dual inf 11560727 (15722)
29079  Obj 238886.58 Dual inf 13175698 (15777)
29680  Obj 232729.05 Dual inf 8362103.9 (15424)
30281  Obj 228550.42 Dual inf 9260235.8 (15119)
30882  Obj 224027.66 Dual inf 46005839 (14858)
31483  Obj 222212.64 Dual inf 4741576.8 (14786)
32084  Obj 221726.21 Dual inf 40096641 (14739)
32685  Obj 220523.62 Dual inf 18371773 (14307)
33286  Obj 219501.92 Primal inf 1.0875279e-07 (2) Dual inf 9.5064407e+10 (14010)
33887  Obj 219031.04 Dual inf 9037709 (13949)
34488  Obj 217368.2 Primal inf 2.5639366e-06 (5) Dual inf 6.6742461e+11 (13410)
35089  Obj 216067.8 Dual inf 6870060 (13603)
35690  Obj 214768.48 Dual inf 8627198.2 (13888)
36291  Obj 213760.2 Dual inf 9451972.6 (13962)
36892  Obj 212112.64 Dual inf 9784806.9 (12770)
37493  Obj 209786.62 Primal inf 6.2120066e-07 (10) Dual inf 8.4817905e+11 (13235)
38094  Obj 207317.53 Dual inf 22309522 (12830)
38696  Obj 204824.68 Dual inf 3613777.6 (12470)
39297  Obj 202442.6 Dual inf 7989694.2 (12057)
39898  Obj 199244.96 Dual inf 9889372.1 (12067)
40501  Obj 195578.21 Dual inf 2634392.6 (11626)
41102  Obj 192311.34 Dual inf 7730094.7 (11166)
41703  Obj 188226.1 Dual inf 2765486.7 (11022)
42304  Obj 185020.06 Dual inf 9326343.8 (11461)
42905  Obj 183604.1 Dual inf 22770204 (12104)
43506  Obj 181081.33 Primal inf 1.0919916e-07 (1) Dual inf 5.7008618e+11 (10472)
44107  Obj 176519.95 Dual inf 4309417.8 (10925)
44708  Obj 172883.21 Dual inf 1395538.3 (9771)
45309  Obj 168943.52 Dual inf 4781188.3 (10225)
45910  Obj 164790.67 Dual inf 1818005.7 (9195)
46511  Obj 160416.06 Primal inf 3.8919307e-05 (98) Dual inf 1.3750178e+13 (9278)
47112  Obj 153272.83 Primal inf 8.9069914e-06 (16) Dual inf 1.8603847e+12 (8804)
47713  Obj 149856.01 Dual inf 2612524.7 (9001)
48315  Obj 149566.41 Primal inf 3.702889e-05 (93) Dual inf 9.26478e+12 (8990)
48916  Obj 149048.98 Dual inf 1711087.9 (7698)
49517  Obj 148498.11 Dual inf 4309669.8 (7545)
50118  Obj 147900.94 Dual inf 2032494.5 (7523)
50719  Obj 147420.96 Dual inf 707899.83 (7290)
51320  Obj 147054.74 Dual inf 1277979 (7315)
51921  Obj 146340.37 Dual inf 935809.85 (7027)
52523  Obj 146045.75 Primal inf 1.5959082e-05 (64) Dual inf 3.7965253e+12 (6660)
53124  Obj 145860 Dual inf 1855122.8 (6355)
53725  Obj 145461.63 Dual inf 875364.89 (6148)
54327  Obj 145250.86 Dual inf 1062000.6 (6541)
54930  Obj 144756.01 Dual inf 1490847.6 (5948)
55532  Obj 144164.55 Dual inf 275935.38 (6083)
56133  Obj 143866.83 Primal inf 6.0945048e-05 (174) Dual inf 1.980566e+13 (6210)
56735  Obj 143323.04 Dual inf 251347.78 (5578)
57336  Obj 142979.99 Dual inf 384642.1 (5373)
57938  Obj 142622.96 Dual inf 38718874 (6924)
58539  Obj 142097.98 Primal inf 4.1159964e-05 (78) Dual inf 1.2703886e+13 (5708)
59140  Obj 141895.76 Dual inf 356718.18 (5334)
59742  Obj 141477.67 Dual inf 607857.52 (5675)
60343  Obj 140961.68 Dual inf 380218.37 (5074)
60944  Obj 140395.09 Dual inf 363298.78 (4682)
61545  Obj 139834.43 Dual inf 918406.36 (5115)
62146  Obj 139674.33 Dual inf 436532.53 (4308)
62747  Obj 139419.13 Dual inf 216316.9 (4122)
63348  Obj 139191.97 Dual inf 1532669.1 (4211)
63949  Obj 138756.01 Dual inf 483350.38 (4062)
64550  Obj 138241.12 Dual inf 286773.41 (3797)
65151  Obj 137767.97 Dual inf 144778.56 (3699)
65752  Obj 137402.82 Primal inf 1.4581723e-05 (34) Dual inf 3.5085222e+12 (3732)
66353  Obj 137109.64 Dual inf 175483.75 (3473)
66954  Obj 136379.64 Primal inf 2.1712709e-05 (28) Dual inf 4.2031994e+12 (3870)
67555  Obj 136249.1 Dual inf 997978.04 (4152)
68156  Obj 136174.74 Dual inf 94896.702 (3224)
68757  Obj 136048.97 Dual inf 149385.73 (3673)
69358  Obj 135905.86 Primal inf 2.8668728e-06 (12) Dual inf 2.1108506e+12 (2543)
69959  Obj 135866.58 Dual inf 208489.05 (2432)
70560  Obj 135839.46 Dual inf 14051.784 (2501)
71162  Obj 135800.65 Dual inf 4590.6941 (2198)
71763  Obj 135781.51 Dual inf 1234.4725 (1249)
72364  Obj 135781.15 Dual inf 2293.1319 (455)
72824  Obj 135781.13
Optimal - objective value 135781.13
After Postsolve, objective 135781.13, infeasibilities - dual 0.043492391 (1), primal 0.25607558 (3754)
Presolved model was optimal, full model needs cleaning up
0  Obj 135783.58 Primal inf 35.880152 (384) Dual inf 43.431104 (1)
0  Obj 135783.58 PriCouldn't find a suitable web browser!
Set the BROWSER environment variable to your desired browser.
Warning: program returned non-zero exit code #1
WARNING: You don't seem to have any mimeinfo.cache files.
Try running the update-desktop-database command. If you
don't have this command you should install the
desktop-file-utils package. This package is available from
http://freedesktop.org/wiki/Software/desktop-file-utils/
Can't call method "get_value" on an undefined value at /usr/bin/mimeopen line 159.
/usr/bin/xdg-open: 851: /usr/bin/xdg-open: x-www-browser: not found
/usr/bin/xdg-open: 851: /usr/bin/xdg-open: firefox: not found
/usr/bin/xdg-open: 851: /usr/bin/xdg-open: iceweasel: not found
/usr/bin/xdg-open: 851: /usr/bin/xdg-open: seamonkey: not found
/usr/bin/xdg-open: 851: /usr/bin/xdg-open: mozilla: not found
/usr/bin/xdg-open: 851: /usr/bin/xdg-open: epiphany: not found
/usr/bin/xdg-open: 851: /usr/bin/xdg-open: konqueror: not found
/usr/bin/xdg-open: 851: /usr/bin/xdg-open: chromium: not found
/usr/bin/xdg-open: 851: /usr/bin/xdg-open: chromium-browser: not found
/usr/bin/xdg-open: 851: /usr/bin/xdg-open: google-chrome: not found
/usr/bin/xdg-open: 851: /usr/bin/xdg-open: www-browser: not found
/usr/bin/xdg-open: 851: /usr/bin/xdg-open: links2: not found
/usr/bin/xdg-open: 851: /usr/bin/xdg-open: elinks: not found
/usr/bin/xdg-open: 851: /usr/bin/xdg-open: links: not found
/usr/bin/xdg-open: 851: /usr/bin/xdg-open: lynx: not found
/usr/bin/xdg-open: 851: /usr/bin/xdg-open: w3m: not found
xdg-open: no method available for opening 'file:///home/pkgeval/.julia/packages/AnyMOD/hTBNx/test/testModel/energyFlowSankey_region_timestep_test_202008172025.html'
QStandardPaths: XDG_RUNTIME_DIR not set, defaulting to '/tmp/runtime-pkgeval'
findfont: Font family ['arial'] not found. Falling back to DejaVu Sans.
findfont: Font family ['arial'] not found. Falling back to DejaVu Sans.
test 00:00:00 - Read-in all set files
test 00:00:16 - Read-in all parameter files
test 00:00:16 - Read-in all set and parameter files - No errors and 3 warning(s) encountered. Wrote reporting_test_202008172037.csv for details! 
test 00:00:16 - Created all mappings among sets
test 00:00:17 - Assigned parameter data to model parts
test 00:00:17 - Prepared creation of optimization model - No errors and 4 warning(s) encountered. Wrote reporting_test_202008172037.csv for details! 
test 00:00:17 - Created all variables and prepared constraints for technology gasPlant < ocgt
test 00:00:17 - Created all variables and prepared constraints for technology coalPlant
test 00:00:20 - Created all variables and prepared constraints for technology wind
test 00:00:22 - Created all variables and prepared constraints for technology heatpump
test 00:00:22 - Created all variables and prepared constraints for technology gasStorage
test 00:00:23 - Created all variables and prepared constraints for technology gasBoiler
test 00:00:23 - Created all variables and prepared constraints for technology electrolysis
test 00:00:23 - Created all variables and prepared constraints for technology solar < rooftop < solarThermal
test 00:00:25 - Created all variables and prepared constraints for technology gasPlant < ccgt < ccgtCHP
test 00:00:25 - Created all variables and prepared constraints for technology methanation
test 00:00:28 - Created all variables and prepared constraints for technology solar < openspace
test 00:00:29 - Created all variables and prepared constraints for technology hydro
test 00:00:34 - Created all variables and prepared constraints for technology solar < rooftop < photovoltaic
test 00:00:34 - Created all variables and prepared constraints for technology fuelCell
test 00:00:34 - Created variables and constraints for all technologies - No errors and 4 warning(s) encountered. Wrote reporting_test_202008172037.csv for details! 
test 00:00:34 - Created all variables and constraints related to expansion and capacity for exchange
test 00:00:35 - Created all dispatch variables for exchange
test 00:00:35 - Created all capacity restrictions for exchange
test 00:00:35 - Created variables and constraints for exchange - No errors and 4 warning(s) encountered. Wrote reporting_test_202008172037.csv for details! 
test 00:00:35 - Created variables and constraints for buying carriers
test 00:00:35 - Created variables and constraints for selling carriers
test 00:00:35 - Created variables and constraints for trade - No errors and 4 warning(s) encountered. Wrote reporting_test_202008172037.csv for details! 
test 00:00:41 - Prepared energy balance for electricity
test 00:00:41 - Prepared energy balance for hydrogen
test 00:00:44 - Prepared energy balance for heat
test 00:00:46 - Prepared energy balance for synthGas
test 00:00:49 - Prepared energy balance for naturalGas
test 00:00:51 - Prepared energy balance for districtHeat
test 00:00:54 - Prepared energy balance for gas
test 00:00:56 - Prepared energy balance for coal
test 00:00:56 - Created energy balances for all carriers - No errors and 4 warning(s) encountered. Wrote reporting_test_202008172037.csv for details! 
test 00:00:56 - Prepared constraints to limit variable expExc
test 00:01:04 - Prepared constraints to limit variable gen
test 00:01:05 - Prepared constraints to limit term emission
30
test 00:01:05 - Prepared constraints to limit variable capaConv
test 00:01:05 - Prepared constraints to limit variable capaExc
test 00:01:05 - Created all limiting constraints - Errors encountered! Wrote reporting_test_202008172037.csv for details!Test Summary: | Pass  Total
run_rest      |    4      4
mal inf 35.880152 (384) Dual inf 2.1885432e+14 (12508)
200  Obj 135939.44 Primal inf 0.23670887 (114) Dual inf 5.8021693e+12 (2651)
400  Obj 135920.57 Dual inf 636627.54 (1755)
600  Obj 135893.46 Dual inf 1104706.9 (2117)
800  Obj 135892.44 Dual inf 6089309 (1745)
1000  Obj 135842.16 Dual inf 41633.357 (389)
1200  Obj 135817.47 Dual inf 283224.17 (598)
1400  Obj 135781.55 Dual inf 12749.598 (348)
1600  Obj 135781.2 Dual inf 1399.0198 (262)
1800  Obj 135781.2 Dual inf 375.88991 (132)
1976  Obj 135781.14
Optimal - objective value 135781.14
Optimal objective 135781.1422 - 74800 iterations time 91.272, Presolve 1.33
Total time (CPU seconds):       91.27   (Wallclock seconds):       95.98

    Testing AnyMOD tests passed 
