Current time is 2020-10-25T23:09:35.339
Julia Version 1.5.3-pre.13
Commit 3de1115e9c (2020-10-23 21:58 UTC)
Platform Info:
  OS: Linux (x86_64-linux-gnu)
  CPU: AMD EPYC 7502 32-Core Processor
  WORD_SIZE: 64
  LIBM: libopenlibm
  LLVM: libLLVM-9.0.1 (ORCJIT, znver2)
Environment:
  JULIA_DEPOT_PATH = ::/usr/local/share/julia
  JULIA_NUM_THREADS = 2
  JULIA_MAX_NUM_PRECOMPILE_FILES = 9223372036854775807
  JULIA_PKG_SERVER = 

Starting installation at 2020-10-25T23:09:38.336
  Resolving package versions...
  Installed HeaderREPLs ─ v0.3.0
Updating `~/.julia/environments/v1.5/Project.toml`
  [54d51984] + HeaderREPLs v0.3.0
Updating `~/.julia/environments/v1.5/Manifest.toml`
  [54d51984] + HeaderREPLs v0.3.0
  [2a0f44e3] + Base64
  [8ba89e20] + Distributed
  [b77e0a4c] + InteractiveUtils
  [56ddb016] + Logging
  [d6f4376e] + Markdown
  [3fa0cd96] + REPL
  [9a3f8284] + Random
  [9e88b42a] + Serialization
  [6462fe0b] + Sockets
  [8dfed614] + Test
Starting tests at 2020-10-25T23:09:40.161
    Testing HeaderREPLs
Status `/tmp/jl_9Sl4wZ/Project.toml`
  [54d51984] HeaderREPLs v0.3.0
  [3fa0cd96] REPL
  [8dfed614] Test
Status `/tmp/jl_9Sl4wZ/Manifest.toml`
  [54d51984] HeaderREPLs v0.3.0
  [2a0f44e3] Base64
  [8ba89e20] Distributed
  [b77e0a4c] InteractiveUtils
  [56ddb016] Logging
  [d6f4376e] Markdown
  [3fa0cd96] REPL
  [9a3f8284] Random
  [9e88b42a] Serialization
  [6462fe0b] Sockets
  [8dfed614] Test
WARNING: Method definition transition(Function, REPL.LineEdit.PrefixSearchState, Any) in module LineEdit at /workspace/srcdir/usr/share/julia/stdlib/v1.5/REPL/src/LineEdit.jl:1726 overwritten in module HeaderREPLs at /home/pkgeval/.julia/packages/HeaderREPLs/xrHVE/src/HeaderREPLs.jl:326.
  ** incremental compilation may be fatally broken for this module **

WARNING: Method definition activate(REPL.LineEdit.TextInterface, REPL.LineEdit.ModeState, Any, REPL.Terminals.TextTerminal) in module LineEdit at /workspace/srcdir/usr/share/julia/stdlib/v1.5/REPL/src/LineEdit.jl:2257 overwritten in module HeaderREPLs at /home/pkgeval/.julia/packages/HeaderREPLs/xrHVE/src/HeaderREPLs.jl:381.
  ** incremental compilation may be fatally broken for this module **

WARNING: Method definition deactivate(REPL.LineEdit.TextInterface, REPL.LineEdit.ModeState, Any, REPL.Terminals.TextTerminal) in module LineEdit at /workspace/srcdir/usr/share/julia/stdlib/v1.5/REPL/src/LineEdit.jl:2252 overwritten in module HeaderREPLs at /home/pkgeval/.julia/packages/HeaderREPLs/xrHVE/src/HeaderREPLs.jl:395.
  ** incremental compilation may be fatally broken for this module **

Test Summary:        | Pass  Total
noninteractive-tests |    1      1
    Testing HeaderREPLs tests passed 
Finished at 2020-10-25T23:09:46.665
