Julia Version 1.4.0-rc1.4
Commit 3ac20f95d0 (2020-01-26 14:15 UTC)
Platform Info:
  OS: Linux (x86_64-linux-gnu)
  CPU: Intel(R) Xeon(R) Silver 4114 CPU @ 2.20GHz
  WORD_SIZE: 64
  LIBM: libopenlibm
  LLVM: libLLVM-8.0.1 (ORCJIT, skylake)
Environment:
  JULIA_DEPOT_PATH = ::/usr/local/share/julia
  JULIA_NUM_THREADS = 2

  Resolving package versions...
  Installed URIParser ────────────── v0.4.0
  Installed Parsers ──────────────── v0.3.10
  Installed FixedPointNumbers ────── v0.7.1
  Installed Compat ───────────────── v2.2.0
  Installed Homebrew ─────────────── v0.7.1
  Installed ColorTypes ───────────── v0.9.1
  Installed BinDeps ──────────────── v0.8.10
  Installed SimpleDirectMediaLayer ─ v0.1.1
  Installed JSON ─────────────────── v0.21.0
   Updating `~/.julia/environments/v1.4/Project.toml`
  [98e33af6] + SimpleDirectMediaLayer v0.1.1
   Updating `~/.julia/environments/v1.4/Manifest.toml`
  [9e28174c] + BinDeps v0.8.10
  [3da002f7] + ColorTypes v0.9.1
  [34da2185] + Compat v2.2.0
  [53c48c17] + FixedPointNumbers v0.7.1
  [d9be37ee] + Homebrew v0.7.1
  [682c06a0] + JSON v0.21.0
  [69de0a69] + Parsers v0.3.10
  [98e33af6] + SimpleDirectMediaLayer v0.1.1
  [30578b45] + URIParser v0.4.0
  [2a0f44e3] + Base64 
  [ade2ca70] + Dates 
  [8bb1440f] + DelimitedFiles 
  [8ba89e20] + Distributed 
  [b77e0a4c] + InteractiveUtils 
  [76f85450] + LibGit2 
  [8f399da3] + Libdl 
  [37e2e46d] + LinearAlgebra 
  [56ddb016] + Logging 
  [d6f4376e] + Markdown 
  [a63ad114] + Mmap 
  [44cfe95a] + Pkg 
  [de0858da] + Printf 
  [3fa0cd96] + REPL 
  [9a3f8284] + Random 
  [ea8e919c] + SHA 
  [9e88b42a] + Serialization 
  [1a1011a3] + SharedArrays 
  [6462fe0b] + Sockets 
  [2f01184e] + SparseArrays 
  [10745b16] + Statistics 
  [8dfed614] + Test 
  [cf7118a7] + UUIDs 
  [4ec0a83e] + Unicode 
   Building Homebrew ──────────────→ `~/.julia/packages/Homebrew/s09IX/deps/build.log`
   Building SimpleDirectMediaLayer → `~/.julia/packages/SimpleDirectMediaLayer/6OvWI/deps/build.log`
┌ Error: Error building `SimpleDirectMediaLayer`: 
│ ERROR: LoadError: None of the selected providers can install dependency libSDL2_ttf.
│ Use BinDeps.debug(package_name) to see available providers
│ 
│ Stacktrace:
│  [1] error(::String) at ./error.jl:33
│  [2] satisfy!(::BinDeps.LibraryDependency, ::Array{DataType,1}) at /home/pkgeval/.julia/packages/BinDeps/ZEval/src/dependencies.jl:949
│  [3] satisfy!(::BinDeps.LibraryDependency) at /home/pkgeval/.julia/packages/BinDeps/ZEval/src/dependencies.jl:922
│  [4] top-level scope at /home/pkgeval/.julia/packages/BinDeps/ZEval/src/dependencies.jl:977
│  [5] top-level scope at /home/pkgeval/.julia/packages/SimpleDirectMediaLayer/6OvWI/deps/build.jl:61
│  [6] include(::String) at ./client.jl:439
│  [7] top-level scope at none:5
│ in expression starting at /home/pkgeval/.julia/packages/SimpleDirectMediaLayer/6OvWI/deps/build.jl:31
└ @ Pkg.Operations /workspace/srcdir/usr/share/julia/stdlib/v1.4/Pkg/src/Operations.jl:892
    Testing SimpleDirectMediaLayer
Status `/tmp/jl_7UfGI3/Manifest.toml`
  [9e28174c] BinDeps v0.8.10
  [3da002f7] ColorTypes v0.9.1
  [34da2185] Compat v2.2.0
  [53c48c17] FixedPointNumbers v0.7.1
  [d9be37ee] Homebrew v0.7.1
  [682c06a0] JSON v0.21.0
  [69de0a69] Parsers v0.3.10
  [98e33af6] SimpleDirectMediaLayer v0.1.1
  [30578b45] URIParser v0.4.0
  [2a0f44e3] Base64 
  [ade2ca70] Dates 
  [8bb1440f] DelimitedFiles 
  [8ba89e20] Distributed 
  [b77e0a4c] InteractiveUtils 
  [76f85450] LibGit2 
  [8f399da3] Libdl 
  [37e2e46d] LinearAlgebra 
  [56ddb016] Logging 
  [d6f4376e] Markdown 
  [a63ad114] Mmap 
  [44cfe95a] Pkg 
  [de0858da] Printf 
  [3fa0cd96] REPL 
  [9a3f8284] Random 
  [ea8e919c] SHA 
  [9e88b42a] Serialization 
  [1a1011a3] SharedArrays 
  [6462fe0b] Sockets 
  [2f01184e] SparseArrays 
  [10745b16] Statistics 
  [8dfed614] Test 
  [cf7118a7] UUIDs 
  [4ec0a83e] Unicode 
ERROR: LoadError: SimpleDirectMediaLayer not properly installed. Please run Pkg.build("SimpleDirectMediaLayer") then restart Julia.
Stacktrace:
 [1] error(::String) at ./error.jl:33
 [2] top-level scope at /home/pkgeval/.julia/packages/SimpleDirectMediaLayer/6OvWI/src/SimpleDirectMediaLayer.jl:13
 [3] include(::Module, ::String) at ./Base.jl:377
 [4] top-level scope at none:2
 [5] eval at ./boot.jl:331 [inlined]
 [6] eval(::Expr) at ./client.jl:449
 [7] top-level scope at ./none:3
in expression starting at /home/pkgeval/.julia/packages/SimpleDirectMediaLayer/6OvWI/src/SimpleDirectMediaLayer.jl:10
ERROR: LoadError: Failed to precompile SimpleDirectMediaLayer [98e33af6-2ee5-5afd-9e75-cbc738b767c4] to /home/pkgeval/.julia/compiled/v1.4/SimpleDirectMediaLayer/vVozl_Ks2zi.ji.
Stacktrace:
 [1] error(::String) at ./error.jl:33
 [2] compilecache(::Base.PkgId, ::String) at ./loading.jl:1270
 [3] _require(::Base.PkgId) at ./loading.jl:1029
 [4] require(::Base.PkgId) at ./loading.jl:927
 [5] require(::Module, ::Symbol) at ./loading.jl:922
 [6] include(::String) at ./client.jl:439
 [7] top-level scope at none:6
in expression starting at /home/pkgeval/.julia/packages/SimpleDirectMediaLayer/6OvWI/test/runtests.jl:1
ERROR: Package SimpleDirectMediaLayer errored during testing
Stacktrace:
 [1] pkgerror(::String, ::Vararg{String,N} where N) at /workspace/srcdir/usr/share/julia/stdlib/v1.4/Pkg/src/Types.jl:53
 [2] test(::Pkg.Types.Context, ::Array{Pkg.Types.PackageSpec,1}; coverage::Bool, julia_args::Cmd, test_args::Cmd, test_fn::Nothing) at /workspace/srcdir/usr/share/julia/stdlib/v1.4/Pkg/src/Operations.jl:1503
 [3] test(::Pkg.Types.Context, ::Array{Pkg.Types.PackageSpec,1}; coverage::Bool, test_fn::Nothing, julia_args::Cmd, test_args::Cmd, kwargs::Base.Iterators.Pairs{Union{},Union{},Tuple{},NamedTuple{(),Tuple{}}}) at /workspace/srcdir/usr/share/julia/stdlib/v1.4/Pkg/src/API.jl:316
 [4] test(::Pkg.Types.Context, ::Array{Pkg.Types.PackageSpec,1}) at /workspace/srcdir/usr/share/julia/stdlib/v1.4/Pkg/src/API.jl:303
 [5] #test#68 at /workspace/srcdir/usr/share/julia/stdlib/v1.4/Pkg/src/API.jl:297 [inlined]
 [6] test at /workspace/srcdir/usr/share/julia/stdlib/v1.4/Pkg/src/API.jl:297 [inlined]
 [7] #test#67 at /workspace/srcdir/usr/share/julia/stdlib/v1.4/Pkg/src/API.jl:296 [inlined]
 [8] test at /workspace/srcdir/usr/share/julia/stdlib/v1.4/Pkg/src/API.jl:296 [inlined]
 [9] test(::String; kwargs::Base.Iterators.Pairs{Union{},Union{},Tuple{},NamedTuple{(),Tuple{}}}) at /workspace/srcdir/usr/share/julia/stdlib/v1.4/Pkg/src/API.jl:295
 [10] test(::String) at /workspace/srcdir/usr/share/julia/stdlib/v1.4/Pkg/src/API.jl:295
 [11] top-level scope at none:13
