Current time is 2020-10-25T20:21:28.306
Julia Version 1.5.3-pre.13
Commit 3de1115e9c (2020-10-23 21:58 UTC)
Platform Info:
  OS: Linux (x86_64-linux-gnu)
  CPU: AMD EPYC 7502 32-Core Processor
  WORD_SIZE: 64
  LIBM: libopenlibm
  LLVM: libLLVM-9.0.1 (ORCJIT, znver2)
Environment:
  JULIA_DEPOT_PATH = ::/usr/local/share/julia
  JULIA_NUM_THREADS = 2
  JULIA_MAX_NUM_PRECOMPILE_FILES = 9223372036854775807
  JULIA_PKG_SERVER = 

Starting installation at 2020-10-25T20:21:31.48
  Resolving package versions...
  Installed Crayons ───────────────── v4.0.4
  Installed ReferenceFrameRotations ─ v0.5.6
  Installed StaticArrays ──────────── v0.12.4
Updating `~/.julia/environments/v1.5/Project.toml`
  [74f56ac7] + ReferenceFrameRotations v0.5.6
Updating `~/.julia/environments/v1.5/Manifest.toml`
  [a8cc5b0e] + Crayons v4.0.4
  [74f56ac7] + ReferenceFrameRotations v0.5.6
  [90137ffa] + StaticArrays v0.12.4
  [8f399da3] + Libdl
  [37e2e46d] + LinearAlgebra
  [de0858da] + Printf
  [9a3f8284] + Random
  [9e88b42a] + Serialization
  [2f01184e] + SparseArrays
  [10745b16] + Statistics
  [4ec0a83e] + Unicode
Starting tests at 2020-10-25T20:21:34.485
    Testing ReferenceFrameRotations
Status `/tmp/jl_h90CNW/Project.toml`
  [a8cc5b0e] Crayons v4.0.4
  [74f56ac7] ReferenceFrameRotations v0.5.6
  [90137ffa] StaticArrays v0.12.4
  [37e2e46d] LinearAlgebra
  [de0858da] Printf
  [8dfed614] Test
Status `/tmp/jl_h90CNW/Manifest.toml`
  [a8cc5b0e] Crayons v4.0.4
  [74f56ac7] ReferenceFrameRotations v0.5.6
  [90137ffa] StaticArrays v0.12.4
  [2a0f44e3] Base64
  [8ba89e20] Distributed
  [b77e0a4c] InteractiveUtils
  [8f399da3] Libdl
  [37e2e46d] LinearAlgebra
  [56ddb016] Logging
  [d6f4376e] Markdown
  [de0858da] Printf
  [9a3f8284] Random
  [9e88b42a] Serialization
  [6462fe0b] Sockets
  [2f01184e] SparseArrays
  [10745b16] Statistics
  [8dfed614] Test
  [4ec0a83e] Unicode
Test Summary:             |  Pass  Total
Direction Cosine Matrices | 10013  10013
  8.051164 seconds (9.31 M allocations: 473.102 MiB, 2.06% gc time)

Euler Angles: Test Failed at /home/pkgeval/.julia/packages/ReferenceFrameRotations/7NR6I/test/test_euler_angles.jl:57
  Expression: result == expected
   Evaluated: "EulerAngles{Float64}:\n  R(X):   1.5708 rad (  90.0000 deg)\n  R(Y):   1.0472 rad (  60.0000 deg)\n  R(Z):   0.7854 rad (  45.0000 deg)" == "EulerAngles{Float64}:\n\e[32;1m  R(X): \e[0m  1.5708 rad (  90.0000 deg)\n\e[33;1m  R(Y): \e[0m  1.0472 rad (  60.0000 deg)\n\e[34;1m  R(Z): \e[0m  0.7854 rad (  45.0000 deg)"
Stacktrace:
 [1] top-level scope at /home/pkgeval/.julia/packages/ReferenceFrameRotations/7NR6I/test/test_euler_angles.jl:57
 [2] include(::String) at ./client.jl:457
 [3] macro expansion at /home/pkgeval/.julia/packages/ReferenceFrameRotations/7NR6I/test/runtests.jl:51 [inlined]
 [4] macro expansion at /workspace/srcdir/usr/share/julia/stdlib/v1.5/Test/src/Test.jl:1115 [inlined]
 [5] macro expansion at /home/pkgeval/.julia/packages/ReferenceFrameRotations/7NR6I/test/runtests.jl:51 [inlined]
 [6] top-level scope at ./timing.jl:174 [inlined]
 [7] top-level scope at /home/pkgeval/.julia/packages/ReferenceFrameRotations/7NR6I/test/runtests.jl:0
Test Summary: |   Pass  Fail   Total
Euler Angles  | 120004     1  120005
ERROR: LoadError: Some tests did not pass: 120004 passed, 1 failed, 0 errored, 0 broken.
in expression starting at /home/pkgeval/.julia/packages/ReferenceFrameRotations/7NR6I/test/runtests.jl:50
ERROR: Package ReferenceFrameRotations errored during testing
Stacktrace:
 [1] pkgerror(::String) at /workspace/srcdir/usr/share/julia/stdlib/v1.5/Pkg/src/Types.jl:52
 [2] test(::Pkg.Types.Context, ::Array{Pkg.Types.PackageSpec,1}; coverage::Bool, julia_args::Cmd, test_args::Cmd, test_fn::Nothing) at /workspace/srcdir/usr/share/julia/stdlib/v1.5/Pkg/src/Operations.jl:1578
 [3] test(::Pkg.Types.Context, ::Array{Pkg.Types.PackageSpec,1}; coverage::Bool, test_fn::Nothing, julia_args::Cmd, test_args::Cmd, kwargs::Base.Iterators.Pairs{Union{},Union{},Tuple{},NamedTuple{(),Tuple{}}}) at /workspace/srcdir/usr/share/julia/stdlib/v1.5/Pkg/src/API.jl:327
 [4] test(::Pkg.Types.Context, ::Array{Pkg.Types.PackageSpec,1}) at /workspace/srcdir/usr/share/julia/stdlib/v1.5/Pkg/src/API.jl:314
 [5] #test#61 at /workspace/srcdir/usr/share/julia/stdlib/v1.5/Pkg/src/API.jl:67 [inlined]
 [6] test at /workspace/srcdir/usr/share/julia/stdlib/v1.5/Pkg/src/API.jl:67 [inlined]
 [7] #test#60 at /workspace/srcdir/usr/share/julia/stdlib/v1.5/Pkg/src/API.jl:66 [inlined]
 [8] test at /workspace/srcdir/usr/share/julia/stdlib/v1.5/Pkg/src/API.jl:66 [inlined]
 [9] test(::String; kwargs::Base.Iterators.Pairs{Union{},Union{},Tuple{},NamedTuple{(),Tuple{}}}) at /workspace/srcdir/usr/share/julia/stdlib/v1.5/Pkg/src/API.jl:65
 [10] test(::String) at /workspace/srcdir/usr/share/julia/stdlib/v1.5/Pkg/src/API.jl:65
 [11] top-level scope at none:35
