Running tests with Julia v1.3.0
   Cloning default registries into `~/.julia`
   Cloning registry from "https://github.com/JuliaRegistries/General.git"
[?25l    Fetching: [>                                        ]  0.0 %    Fetching: [=============>                           ]  31.0 %    Fetching: [===============================>         ]  76.5 %[2K[?25h     Added registry `General` to `~/.julia/registries/General`
 Resolving package versions...
 Installed SortingAlgorithms ──────── v0.3.1
 Installed RecipesBase ────────────── v0.7.0
 Installed DataAPI ────────────────── v1.1.0
 Installed Missings ───────────────── v0.4.3
 Installed AverageShiftedHistograms ─ v0.8.1
 Installed OrderedCollections ─────── v1.1.0
 Installed DataStructures ─────────── v0.17.6
 Installed StatsBase ──────────────── v0.32.0
 Installed UnicodePlots ───────────── v1.1.0
  Updating `~/.julia/environments/v1.3/Project.toml`
  [77b51b56] + AverageShiftedHistograms v0.8.1
  Updating `~/.julia/environments/v1.3/Manifest.toml`
  [77b51b56] + AverageShiftedHistograms v0.8.1
  [9a962f9c] + DataAPI v1.1.0
  [864edb3b] + DataStructures v0.17.6
  [e1d29d7a] + Missings v0.4.3
  [bac558e1] + OrderedCollections v1.1.0
  [3cdcf5f2] + RecipesBase v0.7.0
  [a2af1166] + SortingAlgorithms v0.3.1
  [2913bbd2] + StatsBase v0.32.0
  [b8865327] + UnicodePlots v1.1.0
  [2a0f44e3] + Base64 
  [ade2ca70] + Dates 
  [8ba89e20] + Distributed 
  [b77e0a4c] + InteractiveUtils 
  [8f399da3] + Libdl 
  [37e2e46d] + LinearAlgebra 
  [56ddb016] + Logging 
  [d6f4376e] + Markdown 
  [de0858da] + Printf 
  [9a3f8284] + Random 
  [9e88b42a] + Serialization 
  [6462fe0b] + Sockets 
  [2f01184e] + SparseArrays 
  [10745b16] + Statistics 
  [8dfed614] + Test 
  [4ec0a83e] + Unicode 
   Testing AverageShiftedHistograms
 Resolving package versions...
    Status `/tmp/jl_rYXwR4/Manifest.toml`
  [77b51b56] AverageShiftedHistograms v0.8.1
  [9a962f9c] DataAPI v1.1.0
  [864edb3b] DataStructures v0.17.6
  [e1d29d7a] Missings v0.4.3
  [bac558e1] OrderedCollections v1.1.0
  [3cdcf5f2] RecipesBase v0.7.0
  [a2af1166] SortingAlgorithms v0.3.1
  [2913bbd2] StatsBase v0.32.0
  [b8865327] UnicodePlots v1.1.0
  [2a0f44e3] Base64  [`@stdlib/Base64`]
  [ade2ca70] Dates  [`@stdlib/Dates`]
  [8ba89e20] Distributed  [`@stdlib/Distributed`]
  [b77e0a4c] InteractiveUtils  [`@stdlib/InteractiveUtils`]
  [8f399da3] Libdl  [`@stdlib/Libdl`]
  [37e2e46d] LinearAlgebra  [`@stdlib/LinearAlgebra`]
  [56ddb016] Logging  [`@stdlib/Logging`]
  [d6f4376e] Markdown  [`@stdlib/Markdown`]
  [de0858da] Printf  [`@stdlib/Printf`]
  [9a3f8284] Random  [`@stdlib/Random`]
  [9e88b42a] Serialization  [`@stdlib/Serialization`]
  [6462fe0b] Sockets  [`@stdlib/Sockets`]
  [2f01184e] SparseArrays  [`@stdlib/SparseArrays`]
  [10745b16] Statistics  [`@stdlib/Statistics`]
  [8dfed614] Test  [`@stdlib/Test`]
  [4ec0a83e] Unicode  [`@stdlib/Unicode`]
[ Info: Messy Output
Ash
  > edges  | -3.8619 : 0.0152 : 3.7103
  > kernel | biweight
  > m      | 5
  > nobs   | 1000
       ┌────────────────────────────────────────┐ 
   0.6 │⠀⠀⠀⠀⠀⠀⠀⠀⠀⠀⠀⠀⠀⠀⠀⠀⠀⠀⠀⠀⠀⠀⠀⠀⠀⠀⠀⠀⠀⠀⠀⠀⠀⠀⠀⠀⠀⠀⠀⠀│ 
       │⠀⠀⠀⠀⠀⠀⠀⠀⠀⠀⠀⠀⠀⠀⠀⠀⠀⠀⠀⠀⠀⠀⠀⠀⠀⠀⠀⠀⠀⠀⠀⠀⠀⠀⠀⠀⠀⠀⠀⠀│ 
       │⠀⠀⠀⠀⠀⠀⠀⠀⠀⠀⠀⠀⠀⠀⠀⠀⠀⠀⢰⠀⠀⠀⠀⠀⠀⠀⠀⠀⠀⠀⠀⠀⠀⠀⠀⠀⠀⠀⠀⠀│ 
       │⠀⠀⠀⠀⠀⠀⠀⠀⠀⠀⠀⠀⠀⠀⠀⠀⠀⠀⣼⠀⠀⠀⠀⠀⠀⠀⠀⠀⠀⠀⠀⠀⠀⠀⠀⠀⠀⠀⠀⠀│ 
       │⠀⠀⠀⠀⠀⠀⠀⠀⠀⠀⠀⠀⠀⠀⠀⠀⣆⠀⡟⡄⣴⠀⣀⠀⠀⠀⠀⠀⠀⠀⠀⠀⠀⠀⠀⠀⠀⠀⠀⠀│ 
       │⠀⠀⠀⠀⠀⠀⠀⠀⠀⠀⠀⠀⠀⠀⠀⠀⣿⢸⡇⡇⣿⠀⣿⡄⠀⠀⠀⠀⠀⠀⠀⠀⠀⠀⠀⠀⠀⠀⠀⠀│ 
       │⠀⠀⠀⠀⠀⠀⠀⠀⠀⠀⠀⠀⠀⠀⠀⢰⣿⡞⠁⢸⡿⣄⡏⡇⠀⠀⠀⠀⠀⠀⠀⠀⠀⠀⠀⠀⠀⠀⠀⠀│ 
       │⠀⠀⠀⠀⠀⠀⠀⠀⠀⠀⠀⠀⠀⠀⠀⡏⢸⡇⠀⠘⡇⠘⠇⢹⡀⠀⠀⠀⠀⠀⠀⠀⠀⠀⠀⠀⠀⠀⠀⠀│ 
       │⠀⠀⠀⠀⠀⠀⠀⠀⠀⠀⠀⠀⠀⠀⠀⡇⠈⠀⠀⠀⠁⠀⠀⢸⣿⡆⠀⠀⠀⠀⠀⠀⠀⠀⠀⠀⠀⠀⠀⠀│ 
       │⠀⠀⠀⠀⠀⠀⠀⠀⠀⠀⠀⠀⠀⣷⣶⠁⠀⠀⠀⠀⠀⠀⠀⢸⡇⣇⣦⠀⠀⠀⠀⠀⠀⠀⠀⠀⠀⠀⠀⠀│ 
       │⠀⠀⠀⠀⠀⠀⠀⠀⠀⠀⠀⠀⠀⡟⠇⠀⠀⠀⠀⠀⠀⠀⠀⠈⠁⠙⢸⠀⡀⠀⠀⠀⠀⠀⠀⠀⠀⠀⠀⠀│ 
       │⠀⠀⠀⠀⠀⠀⠀⠀⠀⠀⠀⢰⢰⠁⠀⠀⠀⠀⠀⠀⠀⠀⠀⠀⠀⠀⢸⣀⣇⠀⠀⠀⠀⠀⠀⠀⠀⠀⠀⠀│ 
       │⠀⠀⠀⠀⠀⠀⠀⠀⠀⠀⠀⣿⣿⠀⠀⠀⠀⠀⠀⠀⠀⠀⠀⠀⠀⠀⠀⠻⢿⠀⠀⠀⠀⠀⠀⠀⠀⠀⠀⠀│ 
       │⠀⠀⠀⠀⠀⠀⠀⠀⢰⣦⣷⡿⠋⠀⠀⠀⠀⠀⠀⠀⠀⠀⠀⠀⠀⠀⠀⠀⢸⠞⣴⣠⠀⠀⠀⠀⠀⠀⠀⠀│ 
     0 │⠀⠀⢀⣄⣀⣠⣶⠔⣾⠈⠈⠀⠀⠀⠀⠀⠀⠀⠀⠀⠀⠀⠀⠀⠀⠀⠀⠀⠀⠀⠀⠉⠳⣶⣶⣤⡄⠀⠀⠀│ 
       └────────────────────────────────────────┘ 
       -4                                       4Ash2
X:  > edges  | -2.3081 : 0.0104 : 2.858
    > kernel | biweight
    > m      | 5
Y:  > edges  | -2.4519 : 0.0109 : 3.0084
    > kernel | biweight
    > m      | 5
⠀⠀⠀⠀⠀⠀⠀⠀⠀⠀⠀⠀⠀⠀⠀⠀⠀⠀⠀⠀⠀⠀⠀⠀⠀⠀⠀⠀⠀⠀
⠀⠀⠀⠀⠀⠀⠀⠘⠷⠀⠀⠀⠀⠀⠀⠀⠀⠀⠀⠀⠀⠀⠀⠀⠀⠀⠀⠀⠀⠀
⠀⠀⠀⠀⠀⠀⠀⠀⠀⠀⠀⠀⠀⠀⠀⠀⠀⠀⠀⠀⠀⠀⠀⠀⠀⠀⠀⠀⠀⠀
⠀⠀⠀⠀⠀⠀⠀⠀⠀⠀⠰⠆⠀⠀⠀⣀⠀⠀⠀⠀⠀⠀⠀⠀⠀⠀⠀⠀⠀⠀
⠀⠀⠀⠀⠀⠀⠀⣄⡀⠀⠀⠀⠀⠘⠛⠋⣤⠀⠀⠀⠀⠀⠀⠀⠀⠀⠀⠀⠀⠀
⠀⠀⠀⠀⠀⠀⠀⠈⠁⠀⠀⠀⠀⠀⠶⣤⠛⠀⠀⠀⠘⠃⠀⠀⠛⠀⠀⠀⠀⠀
⠀⠀⠀⠀⠀⠀⠀⠀⠀⠀⢠⣄⠰⠆⠀⢰⡆⢀⡀⠀⡜⠃⠀⠀⠀⠀⠀⠀⠀⠀
⠀⠀⢀⡛⠃⠀⣀⡀⠉⣤⡄⣭⠀⠀⣴⣟⣁⢾⡇⠶⠀⠀⠀⠀⠀⠀⠀⠀⠀⠀
⠀⠀⠈⠁⠀⠀⠉⣥⠀⣤⢀⣛⠀⠸⠇⠉⣛⢨⡅⠀⣀⠀⠀⠀⠀⠀⠀⣤⠀⠀
⠀⠀⣀⠀⠘⠃⠀⠀⣶⢠⡌⠏⠶⠰⠆⠀⠉⠘⠃⢐⡛⠃⢠⡄⠀⠀⠀⠀⠀⠀
⠀⠀⠉⠀⠀⠀⠀⣀⠰⢮⡅⠶⠰⠆⣶⠄⠀⠀⣤⡈⠁⠀⠀⠀⠀⠀⠀⠀⠀⠀
⠀⠀⠀⠀⠀⠀⠀⠉⠀⠈⣷⠀⠰⠆⠉⢀⡛⠃⠈⠁⠀⠀⠀⠀⠀⠀⠀⠀⠀⠀
⠀⠀⠀⠀⠀⠀⠀⠀⠀⠀⠶⠀⠀⠀⠀⠈⠁⣤⠀⣀⠀⠆⠀⠀⠀⠀⠀⠀⠀⠀
⠀⠀⠀⠀⠀⢠⡄⠀⠀⠀⠰⠆⠀⠀⠀⠀⠀⠀⠀⠉⠀⠀⠀⠀⠀⠀⠀⠀⠀⠀
⠀⠀⠀⠀⠀⠀⠀⠀⠀⠀⠀⠀⠀⠀⠀⠀⠀⠀⠀⠀⠀⠀⠀⠀⠀⠀⠀⠀⠀⠀


[ Info: Begin Tests
Test Summary: | Pass  Total
Kernels       |   72     72
Test Summary: | Pass  Total
Ash           |   21     21
Test Summary: | Pass  Total
Ash2          |    3      3
   Testing AverageShiftedHistograms tests passed 
