Julia Version 1.3.1-pre.19
Commit 602e3006ec (2019-12-17 12:50 UTC)
Platform Info:
  OS: Linux (x86_64-linux-gnu)
  CPU: Intel(R) Xeon(R) Silver 4114 CPU @ 2.20GHz
  WORD_SIZE: 64
  LIBM: libopenlibm
  LLVM: libLLVM-6.0.1 (ORCJIT, skylake)
Environment:
  JULIA_DEPOT_PATH = ::/usr/local/share/julia

 Resolving package versions...
 Installed Calculus ──────────────── v0.5.1
 Installed OrderedCollections ────── v1.1.0
 Installed PolyJuMP ──────────────── v0.3.4
 Installed MutableArithmetics ────── v0.1.1
 Installed StaticArrays ──────────── v0.12.1
 Installed DataStructures ────────── v0.17.6
 Installed SumOfSquares ──────────── v0.3.6
 Installed JuMP ──────────────────── v0.20.1
 Installed DiffResults ───────────── v1.0.1
 Installed Reexport ──────────────── v0.2.0
 Installed OpenSpecFun_jll ───────── v0.5.3+1
 Installed ForwardDiff ───────────── v0.10.8
 Installed SpecialFunctions ──────── v0.9.0
 Installed BenchmarkTools ────────── v0.4.3
 Installed RowEchelon ────────────── v0.1.1
 Installed SemialgebraicSets ─────── v0.2.0
 Installed Parsers ───────────────── v0.3.10
 Installed JSON ──────────────────── v0.21.0
 Installed MultivariatePolynomials ─ v0.3.3
 Installed MultivariateMoments ───── v0.2.3
 Installed NaNMath ───────────────── v0.3.3
 Installed Compat ────────────────── v2.2.0
 Installed MathOptInterface ──────── v0.9.7
 Installed DiffRules ─────────────── v1.0.0
 Installed CommonSubexpressions ──── v0.2.0
  Updating `~/.julia/environments/v1.3/Project.toml`
  [4b9e565b] + SumOfSquares v0.3.6
  Updating `~/.julia/environments/v1.3/Manifest.toml`
  [6e4b80f9] + BenchmarkTools v0.4.3
  [49dc2e85] + Calculus v0.5.1
  [bbf7d656] + CommonSubexpressions v0.2.0
  [34da2185] + Compat v2.2.0
  [864edb3b] + DataStructures v0.17.6
  [163ba53b] + DiffResults v1.0.1
  [b552c78f] + DiffRules v1.0.0
  [f6369f11] + ForwardDiff v0.10.8
  [682c06a0] + JSON v0.21.0
  [4076af6c] + JuMP v0.20.1
  [b8f27783] + MathOptInterface v0.9.7
  [f4abf1af] + MultivariateMoments v0.2.3
  [102ac46a] + MultivariatePolynomials v0.3.3
  [d8a4904e] + MutableArithmetics v0.1.1
  [77ba4419] + NaNMath v0.3.3
  [efe28fd5] + OpenSpecFun_jll v0.5.3+1
  [bac558e1] + OrderedCollections v1.1.0
  [69de0a69] + Parsers v0.3.10
  [ddf597a6] + PolyJuMP v0.3.4
  [189a3867] + Reexport v0.2.0
  [af85af4c] + RowEchelon v0.1.1
  [8e049039] + SemialgebraicSets v0.2.0
  [276daf66] + SpecialFunctions v0.9.0
  [90137ffa] + StaticArrays v0.12.1
  [4b9e565b] + SumOfSquares v0.3.6
  [2a0f44e3] + Base64 
  [ade2ca70] + Dates 
  [8bb1440f] + DelimitedFiles 
  [8ba89e20] + Distributed 
  [b77e0a4c] + InteractiveUtils 
  [76f85450] + LibGit2 
  [8f399da3] + Libdl 
  [37e2e46d] + LinearAlgebra 
  [56ddb016] + Logging 
  [d6f4376e] + Markdown 
  [a63ad114] + Mmap 
  [44cfe95a] + Pkg 
  [de0858da] + Printf 
  [3fa0cd96] + REPL 
  [9a3f8284] + Random 
  [ea8e919c] + SHA 
  [9e88b42a] + Serialization 
  [1a1011a3] + SharedArrays 
  [6462fe0b] + Sockets 
  [2f01184e] + SparseArrays 
  [10745b16] + Statistics 
  [8dfed614] + Test 
  [cf7118a7] + UUIDs 
  [4ec0a83e] + Unicode 
   Testing SumOfSquares
 Resolving package versions...
 Installed BinaryProvider ───── v0.5.8
 Installed DynamicPolynomials ─ v0.3.4
 Installed URIParser ────────── v0.4.0
 Installed SemidefiniteModels ─ v0.1.1
 Installed BinDeps ──────────── v0.8.10
 Installed GZip ─────────────── v0.5.1
 Installed CSDP ─────────────── v0.5.2
 Installed SCS ──────────────── v0.6.3
 Installed Glob ─────────────── v1.2.0
 Installed MathProgBase ─────── v0.7.7
  Building SCS ─→ `~/.julia/packages/SCS/pHU71/deps/build.log`
  Building CSDP → `~/.julia/packages/CSDP/VXVsT/deps/build.log`
    Status `/tmp/jl_EIIo6M/Manifest.toml`
  [6e4b80f9] BenchmarkTools v0.4.3
  [9e28174c] BinDeps v0.8.10
  [b99e7846] BinaryProvider v0.5.8
  [0a46da34] CSDP v0.5.2
  [49dc2e85] Calculus v0.5.1
  [bbf7d656] CommonSubexpressions v0.2.0
  [34da2185] Compat v2.2.0
  [864edb3b] DataStructures v0.17.6
  [163ba53b] DiffResults v1.0.1
  [b552c78f] DiffRules v1.0.0
  [7c1d4256] DynamicPolynomials v0.3.4
  [f6369f11] ForwardDiff v0.10.8
  [92fee26a] GZip v0.5.1
  [c27321d9] Glob v1.2.0
  [682c06a0] JSON v0.21.0
  [4076af6c] JuMP v0.20.1
  [b8f27783] MathOptInterface v0.9.7
  [fdba3010] MathProgBase v0.7.7
  [f4abf1af] MultivariateMoments v0.2.3
  [102ac46a] MultivariatePolynomials v0.3.3
  [d8a4904e] MutableArithmetics v0.1.1
  [77ba4419] NaNMath v0.3.3
  [efe28fd5] OpenSpecFun_jll v0.5.3+1
  [bac558e1] OrderedCollections v1.1.0
  [69de0a69] Parsers v0.3.10
  [ddf597a6] PolyJuMP v0.3.4
  [189a3867] Reexport v0.2.0
  [af85af4c] RowEchelon v0.1.1
  [c946c3f1] SCS v0.6.3
  [8e049039] SemialgebraicSets v0.2.0
  [169818f4] SemidefiniteModels v0.1.1
  [276daf66] SpecialFunctions v0.9.0
  [90137ffa] StaticArrays v0.12.1
  [4b9e565b] SumOfSquares v0.3.6
  [30578b45] URIParser v0.4.0
  [2a0f44e3] Base64  [`@stdlib/Base64`]
  [ade2ca70] Dates  [`@stdlib/Dates`]
  [8bb1440f] DelimitedFiles  [`@stdlib/DelimitedFiles`]
  [8ba89e20] Distributed  [`@stdlib/Distributed`]
  [9fa8497b] Future  [`@stdlib/Future`]
  [b77e0a4c] InteractiveUtils  [`@stdlib/InteractiveUtils`]
  [76f85450] LibGit2  [`@stdlib/LibGit2`]
  [8f399da3] Libdl  [`@stdlib/Libdl`]
  [37e2e46d] LinearAlgebra  [`@stdlib/LinearAlgebra`]
  [56ddb016] Logging  [`@stdlib/Logging`]
  [d6f4376e] Markdown  [`@stdlib/Markdown`]
  [a63ad114] Mmap  [`@stdlib/Mmap`]
  [44cfe95a] Pkg  [`@stdlib/Pkg`]
  [de0858da] Printf  [`@stdlib/Printf`]
  [3fa0cd96] REPL  [`@stdlib/REPL`]
  [9a3f8284] Random  [`@stdlib/Random`]
  [ea8e919c] SHA  [`@stdlib/SHA`]
  [9e88b42a] Serialization  [`@stdlib/Serialization`]
  [1a1011a3] SharedArrays  [`@stdlib/SharedArrays`]
  [6462fe0b] Sockets  [`@stdlib/Sockets`]
  [2f01184e] SparseArrays  [`@stdlib/SparseArrays`]
  [10745b16] Statistics  [`@stdlib/Statistics`]
  [8dfed614] Test  [`@stdlib/Test`]
  [cf7118a7] UUIDs  [`@stdlib/UUIDs`]
  [4ec0a83e] Unicode  [`@stdlib/Unicode`]
Test Summary:    | Pass  Total
GramMatrix tests |   71     71
Test Summary:                                 | Pass  Total
Creating polynomial with empty MonomialVector |    1      1
Test Summary:         | Broken  Total
GramMatrix JuMP.value |      1      1
Test Summary:           | Pass  Total
Container of GramMatrix |    9      9
Test Summary:                       | Pass  Total
Non-symmetric matrix SOS constraint |    1      1
Test Summary: | Pass  Total
Printing      |    6      6
Model: Error During Test at /home/pkgeval/.julia/packages/SumOfSquares/z99ZS/test/Mock/term.jl:3
  Got exception outside of a @test
  MethodError: no method matching zero(::Type{MathOptInterface.SingleVariable})
  Closest candidates are:
    zero(!Matched::Type{Missing}) at missing.jl:103
    zero(!Matched::Type{LibGit2.GitHash}) at /workspace/srcdir/usr/share/julia/stdlib/v1.3/LibGit2/src/oid.jl:220
    zero(!Matched::Type{Pkg.Resolve.VersionWeights.VersionWeight}) at /workspace/srcdir/usr/share/julia/stdlib/v1.3/Pkg/src/resolve/VersionWeights.jl:19
    ...
  Stacktrace:
   [1] promote_operation(::typeof(-), ::Type, ::Type) at /home/pkgeval/.julia/packages/MutableArithmetics/mgg9J/src/interface.jl:21
   [2] plusorminus(::Polynomial{true,MathOptInterface.SingleVariable}, ::Polynomial{true,MathOptInterface.ScalarAffineFunction{Float64}}, ::Function) at /home/pkgeval/.julia/packages/DynamicPolynomials/wYcBq/src/operators.jl:53
   [3] -(::Polynomial{true,MathOptInterface.SingleVariable}, ::Polynomial{true,MathOptInterface.ScalarAffineFunction{Float64}}) at /home/pkgeval/.julia/packages/DynamicPolynomials/wYcBq/src/operators.jl:129
   [4] -(::Polynomial{true,MathOptInterface.SingleVariable}, ::GramMatrix{MathOptInterface.SingleVariable,Monomial{true},MonomialVector{true}}) at /home/pkgeval/.julia/packages/SumOfSquares/z99ZS/src/gram_matrix.jl:134
   [5] bridge_constraint(::Type{SumOfSquares.Bridges.Constraint.SOSPolynomialBridge{Float64,MathOptInterface.VectorAffineFunction{Float64},FullSpace,Union{MathOptInterface.ConstraintIndex{MathOptInterface.VectorOfVariables,MathOptInterface.Nonnegatives}, MathOptInterface.ConstraintIndex{MathOptInterface.VectorOfVariables,MathOptInterface.PositiveSemidefiniteConeTriangle}, MathOptInterface.ConstraintIndex{MathOptInterface.VectorOfVariables,SumOfSquares.EmptyCone}, MathOptInterface.ConstraintIndex{MathOptInterface.VectorOfVariables,SumOfSquares.PositiveSemidefinite2x2ConeTriangle}},Union{SumOfSquares.EmptyCone, SumOfSquares.PositiveSemidefinite2x2ConeTriangle, MathOptInterface.Nonnegatives, MathOptInterface.PositiveSemidefiniteConeTriangle},MathOptInterface.PositiveSemidefiniteConeTriangle,MonomialBasis,SumOfSquares.Certificate.Remainder{NonnegPolyInnerCone{MathOptInterface.PositiveSemidefiniteConeTriangle},MonomialBasis,Tuple{}},Monomial{true},MonomialVector{true}}}, ::MathOptInterface.Bridges.LazyBridgeOptimizer{MathOptInterface.Utilities.MockOptimizer{MathOptInterface.Utilities.Model{Float64}}}, ::MathOptInterface.VectorOfVariables, ::SumOfSquares.SOSPolynomialSet{FullSpace,Monomial{true},MonomialVector{true},SumOfSquares.Certificate.Remainder{NonnegPolyInnerCone{MathOptInterface.PositiveSemidefiniteConeTriangle},MonomialBasis,Tuple{}}}) at /home/pkgeval/.julia/packages/SumOfSquares/z99ZS/src/Bridges/Constraint/sos_polynomial.jl:35
   [6] add_bridged_constraint(::MathOptInterface.Bridges.LazyBridgeOptimizer{MathOptInterface.Utilities.MockOptimizer{MathOptInterface.Utilities.Model{Float64}}}, ::Type, ::MathOptInterface.VectorOfVariables, ::SumOfSquares.SOSPolynomialSet{FullSpace,Monomial{true},MonomialVector{true},SumOfSquares.Certificate.Remainder{NonnegPolyInnerCone{MathOptInterface.PositiveSemidefiniteConeTriangle},MonomialBasis,Tuple{}}}) at /home/pkgeval/.julia/packages/MathOptInterface/A2UPd/src/Bridges/bridge_optimizer.jl:992
   [7] add_constraint(::MathOptInterface.Bridges.LazyBridgeOptimizer{MathOptInterface.Utilities.MockOptimizer{MathOptInterface.Utilities.Model{Float64}}}, ::MathOptInterface.VectorOfVariables, ::SumOfSquares.SOSPolynomialSet{FullSpace,Monomial{true},MonomialVector{true},SumOfSquares.Certificate.Remainder{NonnegPolyInnerCone{MathOptInterface.PositiveSemidefiniteConeTriangle},MonomialBasis,Tuple{}}}) at /home/pkgeval/.julia/packages/MathOptInterface/A2UPd/src/Bridges/bridge_optimizer.jl:1041
   [8] moi_add_constraint(::MathOptInterface.Bridges.LazyBridgeOptimizer{MathOptInterface.Utilities.MockOptimizer{MathOptInterface.Utilities.Model{Float64}}}, ::MathOptInterface.VectorOfVariables, ::SumOfSquares.SOSPolynomialSet{FullSpace,Monomial{true},MonomialVector{true},SumOfSquares.Certificate.Remainder{NonnegPolyInnerCone{MathOptInterface.PositiveSemidefiniteConeTriangle},MonomialBasis,Tuple{}}}) at /home/pkgeval/.julia/packages/JuMP/MsUSY/src/constraints.jl:373
   [9] add_constraint(::Model, ::VectorConstraint{VariableRef,SumOfSquares.SOSPolynomialSet{FullSpace,Monomial{true},MonomialVector{true},SumOfSquares.Certificate.Remainder{NonnegPolyInnerCone{MathOptInterface.PositiveSemidefiniteConeTriangle},MonomialBasis,Tuple{}}},PolyJuMP.PolynomialShape{Monomial{true},MonomialVector{true}}}, ::String) at /home/pkgeval/.julia/packages/JuMP/MsUSY/src/constraints.jl:385
   [10] add_constraint(::Model, ::BridgeableConstraint{VectorConstraint{VariableRef,SumOfSquares.SOSPolynomialSet{FullSpace,Monomial{true},MonomialVector{true},SumOfSquares.Certificate.Remainder{NonnegPolyInnerCone{MathOptInterface.PositiveSemidefiniteConeTriangle},MonomialBasis,Tuple{}}},PolyJuMP.PolynomialShape{Monomial{true},MonomialVector{true}}},UnionAll}, ::String) at /home/pkgeval/.julia/packages/JuMP/MsUSY/src/constraints.jl:252 (repeats 4 times)
   [11] macro expansion at /home/pkgeval/.julia/packages/JuMP/MsUSY/src/macros.jl:619 [inlined]
   [12] term_test(::MathOptInterface.Bridges.LazyBridgeOptimizer{MathOptInterface.Utilities.MockOptimizer{MathOptInterface.Utilities.Model{Float64}}}, ::MathOptInterface.Test.TestConfig{Float64}, ::NonnegPolyInnerCone{MathOptInterface.PositiveSemidefiniteConeTriangle}) at /home/pkgeval/.julia/packages/SumOfSquares/z99ZS/test/Tests/term.jl:16
   [13] sos_term_test(::MathOptInterface.Bridges.LazyBridgeOptimizer{MathOptInterface.Utilities.MockOptimizer{MathOptInterface.Utilities.Model{Float64}}}, ::MathOptInterface.Test.TestConfig{Float64}) at /home/pkgeval/.julia/packages/SumOfSquares/z99ZS/test/Tests/term.jl:58
   [14] top-level scope at /home/pkgeval/.julia/packages/SumOfSquares/z99ZS/test/Mock/term.jl:8
   [15] top-level scope at /workspace/srcdir/usr/share/julia/stdlib/v1.3/Test/src/Test.jl:1107
   [16] top-level scope at /home/pkgeval/.julia/packages/SumOfSquares/z99ZS/test/Mock/term.jl:4
   [17] include at ./boot.jl:328 [inlined]
   [18] include_relative(::Module, ::String) at ./loading.jl:1105
   [19] include(::Module, ::String) at ./Base.jl:31
   [20] include(::String) at ./client.jl:424
   [21] top-level scope at /home/pkgeval/.julia/packages/SumOfSquares/z99ZS/test/Mock/mock_tests.jl:7
   [22] top-level scope at /workspace/srcdir/usr/share/julia/stdlib/v1.3/Test/src/Test.jl:1107
   [23] top-level scope at /home/pkgeval/.julia/packages/SumOfSquares/z99ZS/test/Mock/mock_tests.jl:7
   [24] include at ./boot.jl:328 [inlined]
   [25] include_relative(::Module, ::String) at ./loading.jl:1105
   [26] include(::Module, ::String) at ./Base.jl:31
   [27] include(::String) at ./client.jl:424
   [28] top-level scope at /home/pkgeval/.julia/packages/SumOfSquares/z99ZS/test/runtests.jl:31
   [29] include at ./boot.jl:328 [inlined]
   [30] include_relative(::Module, ::String) at ./loading.jl:1105
   [31] include(::Module, ::String) at ./Base.jl:31
   [32] include(::String) at ./client.jl:424
   [33] top-level scope at none:6
   [34] eval(::Module, ::Any) at ./boot.jl:330
   [35] exec_options(::Base.JLOptions) at ./client.jl:263
   [36] _start() at ./client.jl:460
  
Test Summary:    | Pass  Error  Total
Term             |  264      1    265
  Model          |           1      1
  NoFreeVariable |  264           264
ERROR: LoadError: LoadError: Some tests did not pass: 264 passed, 0 failed, 1 errored, 0 broken.
in expression starting at /home/pkgeval/.julia/packages/SumOfSquares/z99ZS/test/Mock/mock_tests.jl:6
in expression starting at /home/pkgeval/.julia/packages/SumOfSquares/z99ZS/test/runtests.jl:31
ERROR: Package SumOfSquares errored during testing
Stacktrace:
 [1] pkgerror(::String, ::Vararg{String,N} where N) at /workspace/srcdir/usr/share/julia/stdlib/v1.3/Pkg/src/Types.jl:113
 [2] #test#131(::Bool, ::Nothing, ::Cmd, ::Cmd, ::typeof(Pkg.Operations.test), ::Pkg.Types.Context, ::Array{Pkg.Types.PackageSpec,1}) at /workspace/srcdir/usr/share/julia/stdlib/v1.3/Pkg/src/Operations.jl:1372
 [3] #test at ./none:0 [inlined]
 [4] #test#62(::Bool, ::Nothing, ::Cmd, ::Cmd, ::Base.Iterators.Pairs{Union{},Union{},Tuple{},NamedTuple{(),Tuple{}}}, ::typeof(Pkg.API.test), ::Pkg.Types.Context, ::Array{Pkg.Types.PackageSpec,1}) at /workspace/srcdir/usr/share/julia/stdlib/v1.3/Pkg/src/API.jl:253
 [5] test(::Pkg.Types.Context, ::Array{Pkg.Types.PackageSpec,1}) at /workspace/srcdir/usr/share/julia/stdlib/v1.3/Pkg/src/API.jl:239
 [6] #test#61 at /workspace/srcdir/usr/share/julia/stdlib/v1.3/Pkg/src/API.jl:233 [inlined]
 [7] test at /workspace/srcdir/usr/share/julia/stdlib/v1.3/Pkg/src/API.jl:233 [inlined]
 [8] #test#60 at /workspace/srcdir/usr/share/julia/stdlib/v1.3/Pkg/src/API.jl:232 [inlined]
 [9] test at /workspace/srcdir/usr/share/julia/stdlib/v1.3/Pkg/src/API.jl:232 [inlined]
 [10] #test#59(::Base.Iterators.Pairs{Union{},Union{},Tuple{},NamedTuple{(),Tuple{}}}, ::typeof(Pkg.API.test), ::String) at /workspace/srcdir/usr/share/julia/stdlib/v1.3/Pkg/src/API.jl:231
 [11] test(::String) at /workspace/srcdir/usr/share/julia/stdlib/v1.3/Pkg/src/API.jl:231
 [12] top-level scope at none:12
