Current time is 2020-10-25T21:42:35.416
Julia Version 1.5.3-pre.0
Commit 5905edebb1 (2020-09-24 05:09 UTC)
Platform Info:
  OS: Linux (x86_64-pc-linux-gnu)
  CPU: AMD EPYC 7502 32-Core Processor
  WORD_SIZE: 64
  LIBM: libopenlibm
  LLVM: libLLVM-9.0.1 (ORCJIT, znver2)
Environment:
  JULIA_DEPOT_PATH = ::/usr/local/share/julia
  JULIA_NUM_THREADS = 2
  JULIA_MAX_NUM_PRECOMPILE_FILES = 9223372036854775807
  JULIA_PKG_SERVER = 

Starting installation at 2020-10-25T21:42:38.52
  Resolving package versions...
  Installed JpegTurbo_jll ──────────────── v2.0.1+3
  Installed Glib_jll ───────────────────── v2.59.0+4
  Installed Xorg_libXau_jll ────────────── v1.0.9+4
  Installed LaTeXStrings ───────────────── v1.2.0
  Installed HTTP ───────────────────────── v0.8.19
  Installed GPUArrays ──────────────────── v6.1.0
  Installed ProbabilisticCircuits ──────── v0.2.1
  Installed CUDA ───────────────────────── v2.0.2
  Installed XSLT_jll ───────────────────── v1.1.33+4
  Installed Xorg_xtrans_jll ────────────── v1.4.0+3
  Installed URIParser ──────────────────── v0.4.1
  Installed AbstractFFTs ───────────────── v0.5.0
  Installed XML2_jll ───────────────────── v2.9.10+3
  Installed StatsBase ──────────────────── v0.33.2
  Installed SentinelArrays ─────────────── v1.2.16
  Installed SIMDPirates ────────────────── v0.8.25
  Installed NNlib ──────────────────────── v0.7.5
  Installed LightGraphs ────────────────── v1.3.3
  Installed StatsFuns ──────────────────── v0.9.5
  Installed Libgpg_error_jll ───────────── v1.36.0+3
  Installed Missings ───────────────────── v0.4.4
  Installed MacroTools ─────────────────── v0.5.6
  Installed Libuuid_jll ────────────────── v2.34.0+7
  Installed CodecZlib ──────────────────── v0.7.0
  Installed SLEEFPirates ───────────────── v0.5.5
  Installed TikzGraphs ─────────────────── v1.1.0
  Installed MLDatasets ─────────────────── v0.4.0
  Installed Xorg_libXrender_jll ────────── v0.9.10+4
  Installed CompilerSupportLibraries_jll ─ v0.3.4+0
  Installed libpng_jll ─────────────────── v1.6.37+6
  Installed VectorizationBase ──────────── v0.12.33
  Installed PooledArrays ───────────────── v0.5.3
  Installed DataAPI ────────────────────── v1.3.0
  Installed Zstd_jll ───────────────────── v1.4.5+2
  Installed Rmath_jll ──────────────────── v0.2.2+1
  Installed Reexport ───────────────────── v0.2.0
  Installed Libgcrypt_jll ──────────────── v1.8.5+4
  Installed Inflate ────────────────────── v0.1.2
  Installed SimpleWeightedGraphs ───────── v1.1.1
  Installed Libffi_jll ─────────────────── v3.2.1+4
  Installed Compat ─────────────────────── v2.2.1
  Installed SimpleTraits ───────────────── v0.9.3
  Installed GZip ───────────────────────── v0.5.1
  Installed Pixman_jll ─────────────────── v0.38.4+5
  Installed Expat_jll ──────────────────── v2.2.7+6
  Installed OffsetArrays ───────────────── v1.3.1
  Installed Libiconv_jll ───────────────── v1.16.0+7
  Installed Zlib_jll ───────────────────── v1.2.11+18
  Installed ArnoldiMethod ──────────────── v0.0.4
  Installed CSV ────────────────────────── v0.7.7
  Installed CategoricalArrays ──────────── v0.8.3
  Installed JSON ───────────────────────── v0.21.1
  Installed LoopVectorization ──────────── v0.8.26
  Installed LogicCircuits ──────────────── v0.2.1
  Installed Xorg_libX11_jll ────────────── v1.6.9+4
  Installed Artifacts ──────────────────── v1.3.0
  Installed Xorg_libxcb_jll ────────────── v1.13.0+3
  Installed OrderedCollections ─────────── v1.3.1
  Installed FixedPointNumbers ──────────── v0.7.1
  Installed Tables ─────────────────────── v1.1.0
  Installed StaticArrays ───────────────── v0.12.4
  Installed Libmount_jll ───────────────── v2.34.0+3
  Installed BFloat16s ──────────────────── v0.1.0
  Installed Bzip2_jll ──────────────────── v1.0.6+5
  Installed ColorTypes ─────────────────── v0.9.1
  Installed Requires ───────────────────── v1.1.0
  Installed UnPack ─────────────────────── v1.0.2
  Installed OpenJpeg_jll ───────────────── v2.3.1+0
  Installed OpenSpecFun_jll ────────────── v0.5.3+4
  Installed Gettext_jll ────────────────── v0.20.1+7
  Installed MbedTLS ────────────────────── v1.0.2
  Installed JLD2 ───────────────────────── v0.2.4
  Installed Fontconfig_jll ─────────────── v2.13.1+14
  Installed MbedTLS_jll ────────────────── v2.16.8+0
  Installed DocStringExtensions ────────── v0.8.3
  Installed JLLWrappers ────────────────── v1.1.3
  Installed Cairo_jll ──────────────────── v1.16.0+6
  Installed NearestNeighbors ───────────── v0.4.7
  Installed TikzPictures ───────────────── v3.3.1
  Installed BinDeps ────────────────────── v0.8.10
  Installed SpecialFunctions ───────────── v0.10.3
  Installed Clustering ─────────────────── v0.14.2
  Installed Libtiff_jll ────────────────── v4.1.0+2
  Installed Distances ──────────────────── v0.10.0
  Installed METIS_jll ──────────────────── v5.1.0+4
  Installed StructTypes ────────────────── v1.1.0
  Installed MetaGraphs ─────────────────── v0.6.6
  Installed TranscodingStreams ─────────── v0.9.5
  Installed Metis ──────────────────────── v1.0.0
  Installed Xorg_libXext_jll ───────────── v1.3.4+4
  Installed Xorg_libXdmcp_jll ──────────── v1.1.3+4
  Installed DataFrames ─────────────────── v0.21.8
  Installed CpuId ──────────────────────── v0.2.2
  Installed SortingAlgorithms ──────────── v0.3.1
  Installed BlossomV ───────────────────── v0.4.2
  Installed CEnum ──────────────────────── v0.4.1
  Installed TableTraits ────────────────── v1.0.0
  Installed IteratorInterfaceExtensions ── v1.0.0
  Installed Xorg_libpthread_stubs_jll ──── v0.1.0+3
  Installed DataDeps ───────────────────── v0.7.2
  Installed Adapt ──────────────────────── v2.3.0
  Installed IniFile ────────────────────── v0.5.0
  Installed PCRE_jll ───────────────────── v8.42.0+4
  Installed TimerOutputs ───────────────── v0.5.6
  Installed Parsers ────────────────────── v1.0.11
  Installed LittleCMS_jll ──────────────── v2.9.0+0
  Installed Poppler_jll ────────────────── v0.87.0+0
  Installed FreeType2_jll ──────────────── v2.10.1+5
  Installed LLVM ───────────────────────── v3.2.0
  Installed ExprTools ──────────────────── v0.1.3
  Installed GPUCompiler ────────────────── v0.7.3
  Installed InvertedIndices ────────────── v1.0.0
  Installed LZO_jll ────────────────────── v2.10.0+3
  Installed DataValueInterfaces ────────── v1.0.0
  Installed Rmath ──────────────────────── v0.6.1
  Installed DataStructures ─────────────── v0.17.20
Updating `~/.julia/environments/v1.5/Project.toml`
  [2396afbe] + ProbabilisticCircuits v0.2.1
Updating `~/.julia/environments/v1.5/Manifest.toml`
  [621f4979] + AbstractFFTs v0.5.0
  [79e6a3ab] + Adapt v2.3.0
  [ec485272] + ArnoldiMethod v0.0.4
  [56f22d72] + Artifacts v1.3.0
  [ab4f0b2a] + BFloat16s v0.1.0
  [9e28174c] + BinDeps v0.8.10
  [6c721016] + BlossomV v0.4.2
  [6e34b625] + Bzip2_jll v1.0.6+5
  [fa961155] + CEnum v0.4.1
  [336ed68f] + CSV v0.7.7
  [052768ef] + CUDA v2.0.2
  [83423d85] + Cairo_jll v1.16.0+6
  [324d7699] + CategoricalArrays v0.8.3
  [aaaa29a8] + Clustering v0.14.2
  [944b1d66] + CodecZlib v0.7.0
  [3da002f7] + ColorTypes v0.9.1
  [34da2185] + Compat v2.2.1
  [e66e0078] + CompilerSupportLibraries_jll v0.3.4+0
  [adafc99b] + CpuId v0.2.2
  [9a962f9c] + DataAPI v1.3.0
  [124859b0] + DataDeps v0.7.2
  [a93c6f00] + DataFrames v0.21.8
  [864edb3b] + DataStructures v0.17.20
  [e2d170a0] + DataValueInterfaces v1.0.0
  [b4f34e82] + Distances v0.10.0
  [ffbed154] + DocStringExtensions v0.8.3
  [2e619515] + Expat_jll v2.2.7+6
  [e2ba6199] + ExprTools v0.1.3
  [53c48c17] + FixedPointNumbers v0.7.1
  [a3f928ae] + Fontconfig_jll v2.13.1+14
  [d7e528f0] + FreeType2_jll v2.10.1+5
  [0c68f7d7] + GPUArrays v6.1.0
  [61eb1bfa] + GPUCompiler v0.7.3
  [92fee26a] + GZip v0.5.1
  [78b55507] + Gettext_jll v0.20.1+7
  [7746bdde] + Glib_jll v2.59.0+4
  [cd3eb016] + HTTP v0.8.19
  [d25df0c9] + Inflate v0.1.2
  [83e8ac13] + IniFile v0.5.0
  [41ab1584] + InvertedIndices v1.0.0
  [82899510] + IteratorInterfaceExtensions v1.0.0
  [033835bb] + JLD2 v0.2.4
  [692b3bcd] + JLLWrappers v1.1.3
  [682c06a0] + JSON v0.21.1
  [aacddb02] + JpegTurbo_jll v2.0.1+3
  [929cbde3] + LLVM v3.2.0
  [dd4b983a] + LZO_jll v2.10.0+3
  [b964fa9f] + LaTeXStrings v1.2.0
  [e9f186c6] + Libffi_jll v3.2.1+4
  [d4300ac3] + Libgcrypt_jll v1.8.5+4
  [7add5ba3] + Libgpg_error_jll v1.36.0+3
  [94ce4f54] + Libiconv_jll v1.16.0+7
  [4b2f31a3] + Libmount_jll v2.34.0+3
  [89763e89] + Libtiff_jll v4.1.0+2
  [38a345b3] + Libuuid_jll v2.34.0+7
  [093fc24a] + LightGraphs v1.3.3
  [d3a379c0] + LittleCMS_jll v2.9.0+0
  [a7847b3b] + LogicCircuits v0.2.1
  [bdcacae8] + LoopVectorization v0.8.26
  [d00139f3] + METIS_jll v5.1.0+4
  [eb30cadb] + MLDatasets v0.4.0
  [1914dd2f] + MacroTools v0.5.6
  [739be429] + MbedTLS v1.0.2
  [c8ffd9c3] + MbedTLS_jll v2.16.8+0
  [626554b9] + MetaGraphs v0.6.6
  [2679e427] + Metis v1.0.0
  [e1d29d7a] + Missings v0.4.4
  [872c559c] + NNlib v0.7.5
  [b8a86587] + NearestNeighbors v0.4.7
  [6fe1bfb0] + OffsetArrays v1.3.1
  [643b3616] + OpenJpeg_jll v2.3.1+0
  [efe28fd5] + OpenSpecFun_jll v0.5.3+4
  [bac558e1] + OrderedCollections v1.3.1
  [2f80f16e] + PCRE_jll v8.42.0+4
  [69de0a69] + Parsers v1.0.11
  [30392449] + Pixman_jll v0.38.4+5
  [2dfb63ee] + PooledArrays v0.5.3
  [9c32591e] + Poppler_jll v0.87.0+0
  [2396afbe] + ProbabilisticCircuits v0.2.1
  [189a3867] + Reexport v0.2.0
  [ae029012] + Requires v1.1.0
  [79098fc4] + Rmath v0.6.1
  [f50d1b31] + Rmath_jll v0.2.2+1
  [21efa798] + SIMDPirates v0.8.25
  [476501e8] + SLEEFPirates v0.5.5
  [91c51154] + SentinelArrays v1.2.16
  [699a6c99] + SimpleTraits v0.9.3
  [47aef6b3] + SimpleWeightedGraphs v1.1.1
  [a2af1166] + SortingAlgorithms v0.3.1
  [276daf66] + SpecialFunctions v0.10.3
  [90137ffa] + StaticArrays v0.12.4
  [2913bbd2] + StatsBase v0.33.2
  [4c63d2b9] + StatsFuns v0.9.5
  [856f2bd8] + StructTypes v1.1.0
  [3783bdb8] + TableTraits v1.0.0
  [bd369af6] + Tables v1.1.0
  [b4f28e30] + TikzGraphs v1.1.0
  [37f6aa50] + TikzPictures v3.3.1
  [a759f4b9] + TimerOutputs v0.5.6
  [3bb67fe8] + TranscodingStreams v0.9.5
  [30578b45] + URIParser v0.4.1
  [3a884ed6] + UnPack v1.0.2
  [3d5dd08c] + VectorizationBase v0.12.33
  [02c8fc9c] + XML2_jll v2.9.10+3
  [aed1982a] + XSLT_jll v1.1.33+4
  [4f6342f7] + Xorg_libX11_jll v1.6.9+4
  [0c0b7dd1] + Xorg_libXau_jll v1.0.9+4
  [a3789734] + Xorg_libXdmcp_jll v1.1.3+4
  [1082639a] + Xorg_libXext_jll v1.3.4+4
  [ea2f1a96] + Xorg_libXrender_jll v0.9.10+4
  [14d82f49] + Xorg_libpthread_stubs_jll v0.1.0+3
  [c7cfdc94] + Xorg_libxcb_jll v1.13.0+3
  [c5fb5394] + Xorg_xtrans_jll v1.4.0+3
  [83775a58] + Zlib_jll v1.2.11+18
  [3161d3a3] + Zstd_jll v1.4.5+2
  [b53b4c65] + libpng_jll v1.6.37+6
  [2a0f44e3] + Base64
  [ade2ca70] + Dates
  [8bb1440f] + DelimitedFiles
  [8ba89e20] + Distributed
  [9fa8497b] + Future
  [b77e0a4c] + InteractiveUtils
  [76f85450] + LibGit2
  [8f399da3] + Libdl
  [37e2e46d] + LinearAlgebra
  [56ddb016] + Logging
  [d6f4376e] + Markdown
  [a63ad114] + Mmap
  [44cfe95a] + Pkg
  [de0858da] + Printf
  [3fa0cd96] + REPL
  [9a3f8284] + Random
  [ea8e919c] + SHA
  [9e88b42a] + Serialization
  [1a1011a3] + SharedArrays
  [6462fe0b] + Sockets
  [2f01184e] + SparseArrays
  [10745b16] + Statistics
  [8dfed614] + Test
  [cf7118a7] + UUIDs
  [4ec0a83e] + Unicode
   Building SLEEFPirates → `~/.julia/packages/SLEEFPirates/jGsib/deps/build.log`
   Building BlossomV ────→ `~/.julia/packages/BlossomV/vKHKD/deps/build.log`
Starting tests at 2020-10-25T21:43:24.505
    Testing ProbabilisticCircuits
Status `/tmp/jl_421QNZ/Project.toml`
  [4c88cf16] Aqua v0.5.0
  [052768ef] CUDA v2.0.2
  [a93c6f00] DataFrames v0.21.8
  [ba5e3d4b] Jive v0.2.10
  [093fc24a] LightGraphs v1.3.3
  [a7847b3b] LogicCircuits v0.2.1
  [626554b9] MetaGraphs v0.6.6
  [2396afbe] ProbabilisticCircuits v0.2.1
  [fd094767] Suppressor v0.2.0
  [8ba89e20] Distributed
  [44cfe95a] Pkg
  [9a3f8284] Random
  [8dfed614] Test
Status `/tmp/jl_421QNZ/Manifest.toml`
  [621f4979] AbstractFFTs v0.5.0
  [79e6a3ab] Adapt v2.3.0
  [4c88cf16] Aqua v0.5.0
  [ec485272] ArnoldiMethod v0.0.4
  [56f22d72] Artifacts v1.3.0
  [ab4f0b2a] BFloat16s v0.1.0
  [9e28174c] BinDeps v0.8.10
  [6c721016] BlossomV v0.4.2
  [6e34b625] Bzip2_jll v1.0.6+5
  [fa961155] CEnum v0.4.1
  [336ed68f] CSV v0.7.7
  [052768ef] CUDA v2.0.2
  [83423d85] Cairo_jll v1.16.0+6
  [324d7699] CategoricalArrays v0.8.3
  [aaaa29a8] Clustering v0.14.2
  [944b1d66] CodecZlib v0.7.0
  [3da002f7] ColorTypes v0.9.1
  [34da2185] Compat v2.2.1
  [e66e0078] CompilerSupportLibraries_jll v0.3.4+0
  [adafc99b] CpuId v0.2.2
  [9a962f9c] DataAPI v1.3.0
  [124859b0] DataDeps v0.7.2
  [a93c6f00] DataFrames v0.21.8
  [864edb3b] DataStructures v0.17.20
  [e2d170a0] DataValueInterfaces v1.0.0
  [b4f34e82] Distances v0.10.0
  [ffbed154] DocStringExtensions v0.8.3
  [2e619515] Expat_jll v2.2.7+6
  [e2ba6199] ExprTools v0.1.3
  [53c48c17] FixedPointNumbers v0.7.1
  [a3f928ae] Fontconfig_jll v2.13.1+14
  [d7e528f0] FreeType2_jll v2.10.1+5
  [0c68f7d7] GPUArrays v6.1.0
  [61eb1bfa] GPUCompiler v0.7.3
  [92fee26a] GZip v0.5.1
  [78b55507] Gettext_jll v0.20.1+7
  [7746bdde] Glib_jll v2.59.0+4
  [cd3eb016] HTTP v0.8.19
  [d25df0c9] Inflate v0.1.2
  [83e8ac13] IniFile v0.5.0
  [41ab1584] InvertedIndices v1.0.0
  [82899510] IteratorInterfaceExtensions v1.0.0
  [033835bb] JLD2 v0.2.4
  [692b3bcd] JLLWrappers v1.1.3
  [682c06a0] JSON v0.21.1
  [ba5e3d4b] Jive v0.2.10
  [aacddb02] JpegTurbo_jll v2.0.1+3
  [929cbde3] LLVM v3.2.0
  [dd4b983a] LZO_jll v2.10.0+3
  [b964fa9f] LaTeXStrings v1.2.0
  [e9f186c6] Libffi_jll v3.2.1+4
  [d4300ac3] Libgcrypt_jll v1.8.5+4
  [7add5ba3] Libgpg_error_jll v1.36.0+3
  [94ce4f54] Libiconv_jll v1.16.0+7
  [4b2f31a3] Libmount_jll v2.34.0+3
  [89763e89] Libtiff_jll v4.1.0+2
  [38a345b3] Libuuid_jll v2.34.0+7
  [093fc24a] LightGraphs v1.3.3
  [d3a379c0] LittleCMS_jll v2.9.0+0
  [a7847b3b] LogicCircuits v0.2.1
  [bdcacae8] LoopVectorization v0.8.26
  [d00139f3] METIS_jll v5.1.0+4
  [eb30cadb] MLDatasets v0.4.0
  [1914dd2f] MacroTools v0.5.6
  [739be429] MbedTLS v1.0.2
  [c8ffd9c3] MbedTLS_jll v2.16.8+0
  [626554b9] MetaGraphs v0.6.6
  [2679e427] Metis v1.0.0
  [e1d29d7a] Missings v0.4.4
  [872c559c] NNlib v0.7.5
  [b8a86587] NearestNeighbors v0.4.7
  [6fe1bfb0] OffsetArrays v1.3.1
  [643b3616] OpenJpeg_jll v2.3.1+0
  [efe28fd5] OpenSpecFun_jll v0.5.3+4
  [bac558e1] OrderedCollections v1.3.1
  [2f80f16e] PCRE_jll v8.42.0+4
  [69de0a69] Parsers v1.0.11
  [30392449] Pixman_jll v0.38.4+5
  [2dfb63ee] PooledArrays v0.5.3
  [9c32591e] Poppler_jll v0.87.0+0
  [2396afbe] ProbabilisticCircuits v0.2.1
  [189a3867] Reexport v0.2.0
  [ae029012] Requires v1.1.0
  [79098fc4] Rmath v0.6.1
  [f50d1b31] Rmath_jll v0.2.2+1
  [21efa798] SIMDPirates v0.8.25
  [476501e8] SLEEFPirates v0.5.5
  [91c51154] SentinelArrays v1.2.16
  [699a6c99] SimpleTraits v0.9.3
  [47aef6b3] SimpleWeightedGraphs v1.1.1
  [a2af1166] SortingAlgorithms v0.3.1
  [276daf66] SpecialFunctions v0.10.3
  [90137ffa] StaticArrays v0.12.4
  [2913bbd2] StatsBase v0.33.2
  [4c63d2b9] StatsFuns v0.9.5
  [856f2bd8] StructTypes v1.1.0
  [fd094767] Suppressor v0.2.0
  [3783bdb8] TableTraits v1.0.0
  [bd369af6] Tables v1.1.0
  [b4f28e30] TikzGraphs v1.1.0
  [37f6aa50] TikzPictures v3.3.1
  [a759f4b9] TimerOutputs v0.5.6
  [3bb67fe8] TranscodingStreams v0.9.5
  [30578b45] URIParser v0.4.1
  [3a884ed6] UnPack v1.0.2
  [3d5dd08c] VectorizationBase v0.12.33
  [02c8fc9c] XML2_jll v2.9.10+3
  [aed1982a] XSLT_jll v1.1.33+4
  [4f6342f7] Xorg_libX11_jll v1.6.9+4
  [0c0b7dd1] Xorg_libXau_jll v1.0.9+4
  [a3789734] Xorg_libXdmcp_jll v1.1.3+4
  [1082639a] Xorg_libXext_jll v1.3.4+4
  [ea2f1a96] Xorg_libXrender_jll v0.9.10+4
  [14d82f49] Xorg_libpthread_stubs_jll v0.1.0+3
  [c7cfdc94] Xorg_libxcb_jll v1.13.0+3
  [c5fb5394] Xorg_xtrans_jll v1.4.0+3
  [83775a58] Zlib_jll v1.2.11+18
  [3161d3a3] Zstd_jll v1.4.5+2
  [b53b4c65] libpng_jll v1.6.37+6
  [2a0f44e3] Base64
  [ade2ca70] Dates
  [8bb1440f] DelimitedFiles
  [8ba89e20] Distributed
  [7b1f6079] FileWatching
  [9fa8497b] Future
  [b77e0a4c] InteractiveUtils
  [76f85450] LibGit2
  [8f399da3] Libdl
  [37e2e46d] LinearAlgebra
  [56ddb016] Logging
  [d6f4376e] Markdown
  [a63ad114] Mmap
  [44cfe95a] Pkg
  [de0858da] Printf
  [3fa0cd96] REPL
  [9a3f8284] Random
  [ea8e919c] SHA
  [9e88b42a] Serialization
  [1a1011a3] SharedArrays
  [6462fe0b] Sockets
  [2f01184e] SparseArrays
  [10745b16] Statistics
  [8dfed614] Test
  [cf7118a7] UUIDs
  [4ec0a83e] Unicode
[4m1/21[24m logistic_nodes_tests.jl
WARNING: could not import LaTeXStrings.@L_mstr into TikzPictures
    [32m[1mPass [22m[39m[32m20[39m  (530.32 seconds)
[4m2/21[24m param_bit_circuit_test.jl
    [32m[1mPass [22m[39m[32m570[39m  (10.94 seconds)
[4m3/21[24m parameters_tests.jl
    [32m[1mPass [22m[39m[32m19[39m  (72.24 seconds)
[4m4/21[24m plain_prob_nodes_tests.jl
    [32m[1mPass [22m[39m[32m26[39m  (2.92 seconds)
[4m5/21[24m structured_prob_nodes_tests.jl
    [32m[1mPass [22m[39m[32m254[39m  (18.90 seconds)
[4m6/21[24m LoadSave/circuit_loaders_tests.jl
    [32m[1mPass [22m[39m[32m41[39m  (17.60 seconds)
[4m7/21[24m LoadSave/circuit_savers_tests.jl
    [32m[1mPass [22m[39m[32m159[39m  (15.17 seconds)
[4m8/21[24m Logistic/logistic_tests.jl
[4m9/21[24m mixtures/em_tests.jl
    [32m[1mPass [22m[39m[32m21[39m  (54.83 seconds)
[4m10/21[24m mixtures/shared_prob_nodes_tests.jl
    [32m[1mPass [22m[39m[32m9[39m  (0.78 seconds)
[4m11/21[24m queries/expectation_tests.jl
    [32m[1mPass [22m[39m[32m1564[39m  (24.76 seconds)
[4m12/21[24m queries/informations_tests.jl
    [32m[1mPass [22m[39m[32m4[39m  (2.83 seconds)
[4m13/21[24m queries/likelihood_tests.jl
    [32m[1mPass [22m[39m[32m4[39m  (1.30 seconds)
[4m14/21[24m queries/map_tests.jl
    [32m[1mPass [22m[39m[32m6[39m  (4.40 seconds)
[4m15/21[24m queries/marginal_flow_tests.jl
    [32m[1mPass [22m[39m[32m17[39m  (7.44 seconds)
[4m16/21[24m queries/pr_constraint_tests.jl
    [32m[1mPass [22m[39m[32m3[39m  (2.23 seconds)
[4m17/21[24m queries/sample_test.jl
    [32m[1mPass [22m[39m[32m57[39m  (6.68 seconds)
[4m18/21[24m structurelearner/chow_liu_tree_tests.jl
    [32m[1mPass [22m[39m[32m149[39m  (1.77 seconds)
[4m19/21[24m structurelearner/heuristics_tests.jl
    [32m[1mPass [22m[39m[32m22[39m  (0.43 seconds)
[4m20/21[24m structurelearner/learner_tests.jl
    [32m[1mPass [22m[39m[32m44[39m  (4.68 seconds)
[4m21/21[24m structurelearner/vtree_learner_tests.jl
    [32m[1mPass [22m[39m[32m40[39m  (5.43 seconds)
[32m✅  [39mAll [32m3029[39m tests have been completed.  (786.01 seconds)
    Testing ProbabilisticCircuits tests passed 
Finished at 2020-10-25T21:56:37.541
