Julia Version 1.5.2-pre.0
Commit c4acbf93fb (2020-08-26 10:58 UTC)
Platform Info:
  OS: Linux (x86_64-pc-linux-gnu)
  CPU: Intel(R) Xeon(R) Silver 4114 CPU @ 2.20GHz
  WORD_SIZE: 64
  LIBM: libopenlibm
  LLVM: libLLVM-9.0.1 (ORCJIT, skylake-avx512)
Environment:
  JULIA_DEPOT_PATH = ::/usr/local/share/julia
  JULIA_NUM_THREADS = 2

  Resolving package versions...
  Installed ArgParse ─ v1.1.0
  Installed TextWrap ─ v1.0.1
Updating `~/.julia/environments/v1.5/Project.toml`
  [c7e460c6] + ArgParse v1.1.0
Updating `~/.julia/environments/v1.5/Manifest.toml`
  [c7e460c6] + ArgParse v1.1.0
  [b718987f] + TextWrap v1.0.1
  [56ddb016] + Logging
    Testing ArgParse
Status `/tmp/jl_qj5O3S/Project.toml`
  [c7e460c6] ArgParse v1.1.0
  [8dfed614] Test
Status `/tmp/jl_qj5O3S/Manifest.toml`
  [c7e460c6] ArgParse v1.1.0
  [b718987f] TextWrap v1.0.1
  [2a0f44e3] Base64
  [8ba89e20] Distributed
  [b77e0a4c] InteractiveUtils
  [56ddb016] Logging
  [d6f4376e] Markdown
  [9a3f8284] Random
  [9e88b42a] Serialization
  [6462fe0b] Sockets
  [8dfed614] Test
Test Summary: | Pass  Total
test 01       |   32     32
Test Summary: | Pass  Total
test 02       |   85     85
Test Summary: | Pass  Total
test 03       |   32     32
Test Summary: | Pass  Total
test 04       |   14     14
Test Summary: | Pass  Total
test 05       |   67     67
Test Summary: | Pass  Total
test 06       |   13     13
Test Summary: | Pass  Total
test 07       |    6      6
Test Summary: | Pass  Total
test 08       |   11     11
Test Summary: | Pass  Total
test 09       |    3      3
Test Summary: | Pass  Total
test 10       |   44     44
Test Summary: | Pass  Total
test 11       |    2      2
Test Summary: | Pass  Total
test 12       |   19     19

    Testing ArgParse tests passed 
