Julia Version 1.4.2-pre.0
Commit ef4fe83698 (2020-04-15 16:24 UTC)
Platform Info:
  OS: Linux (x86_64-linux-gnu)
  CPU: Intel(R) Xeon(R) Silver 4114 CPU @ 2.20GHz
  WORD_SIZE: 64
  LIBM: libopenlibm
  LLVM: libLLVM-8.0.1 (ORCJIT, skylake)
Environment:
  JULIA_DEPOT_PATH = ::/usr/local/share/julia
  JULIA_NUM_THREADS = 2

  Resolving package versions...
  Installed UnPack ────────────── v0.1.0
  Installed CpuId ─────────────── v0.2.2
  Installed SIMDPirates ───────── v0.7.24
  Installed SLEEFPirates ──────── v0.4.8
  Installed OffsetArrays ──────── v1.0.4
  Installed VectorizationBase ─── v0.11.3
  Installed DocStringExtensions ─ v0.8.1
  Installed LoopVectorization ─── v0.7.8
   Updating `~/.julia/environments/v1.4/Project.toml`
  [bdcacae8] + LoopVectorization v0.7.8
   Updating `~/.julia/environments/v1.4/Manifest.toml`
  [adafc99b] + CpuId v0.2.2
  [ffbed154] + DocStringExtensions v0.8.1
  [bdcacae8] + LoopVectorization v0.7.8
  [6fe1bfb0] + OffsetArrays v1.0.4
  [21efa798] + SIMDPirates v0.7.24
  [476501e8] + SLEEFPirates v0.4.8
  [3a884ed6] + UnPack v0.1.0
  [3d5dd08c] + VectorizationBase v0.11.3
  [2a0f44e3] + Base64 
  [ade2ca70] + Dates 
  [8ba89e20] + Distributed 
  [b77e0a4c] + InteractiveUtils 
  [76f85450] + LibGit2 
  [8f399da3] + Libdl 
  [37e2e46d] + LinearAlgebra 
  [56ddb016] + Logging 
  [d6f4376e] + Markdown 
  [44cfe95a] + Pkg 
  [de0858da] + Printf 
  [3fa0cd96] + REPL 
  [9a3f8284] + Random 
  [ea8e919c] + SHA 
  [9e88b42a] + Serialization 
  [6462fe0b] + Sockets 
  [8dfed614] + Test 
  [cf7118a7] + UUIDs 
  [4ec0a83e] + Unicode 
   Building VectorizationBase → `~/.julia/packages/VectorizationBase/WPwnU/deps/build.log`
   Building SLEEFPirates ─────→ `~/.julia/packages/SLEEFPirates/pJY4j/deps/build.log`
    Testing LoopVectorization
Status `/tmp/jl_evXuMS/Manifest.toml`
  [adafc99b] CpuId v0.2.2
  [ffbed154] DocStringExtensions v0.8.1
  [bdcacae8] LoopVectorization v0.7.8
  [6fe1bfb0] OffsetArrays v1.0.4
  [21efa798] SIMDPirates v0.7.24
  [476501e8] SLEEFPirates v0.4.8
  [3a884ed6] UnPack v0.1.0
  [3d5dd08c] VectorizationBase v0.11.3
  [2a0f44e3] Base64 
  [ade2ca70] Dates 
  [8ba89e20] Distributed 
  [b77e0a4c] InteractiveUtils 
  [76f85450] LibGit2 
  [8f399da3] Libdl 
  [37e2e46d] LinearAlgebra 
  [56ddb016] Logging 
  [d6f4376e] Markdown 
  [44cfe95a] Pkg 
  [de0858da] Printf 
  [3fa0cd96] REPL 
  [9a3f8284] Random 
  [ea8e919c] SHA 
  [9e88b42a] Serialization 
  [6462fe0b] Sockets 
  [8dfed614] Test 
  [cf7118a7] UUIDs 
  [4ec0a83e] Unicode 
LoopVectorization.VectorizationBase.REGISTER_COUNT = 32
#= /home/pkgeval/.julia/packages/LoopVectorization/WAJXF/test/printmethods.jl:2 =# @__LINE__() = 2
  9.939158 seconds (6.70 M allocations: 334.572 MiB, 1.76% gc time)
(Float64, #= /home/pkgeval/.julia/packages/LoopVectorization/WAJXF/test/fallback.jl:4 =# @__LINE__()) = (Float64, 4)
  6.444202 seconds (4.17 M allocations: 208.947 MiB, 1.20% gc time)
  0.127254 seconds (79.26 k allocations: 4.202 MiB)
 10.694161 seconds (11.12 M allocations: 521.927 MiB, 1.87% gc time)
(T, #= /home/pkgeval/.julia/packages/LoopVectorization/WAJXF/test/offsetarrays.jl:199 =# @__LINE__()) = (Float32, 199)
(T, #= /home/pkgeval/.julia/packages/LoopVectorization/WAJXF/test/offsetarrays.jl:199 =# @__LINE__()) = (Float64, 199)
 57.484113 seconds (46.65 M allocations: 1.971 GiB, 2.01% gc time)
(Float64, #= /home/pkgeval/.julia/packages/LoopVectorization/WAJXF/test/tensors.jl:49 =# @__LINE__()) = (Float64, 49)
 11.733507 seconds (6.50 M allocations: 318.271 MiB, 3.93% gc time)
(T, #= /home/pkgeval/.julia/packages/LoopVectorization/WAJXF/test/map.jl:4 =# @__LINE__()) = (Float32, 4)
(T, #= /home/pkgeval/.julia/packages/LoopVectorization/WAJXF/test/map.jl:4 =# @__LINE__()) = (Float64, 4)
  6.839516 seconds (6.89 M allocations: 345.148 MiB, 1.96% gc time)
(T, #= /home/pkgeval/.julia/packages/LoopVectorization/WAJXF/test/filter.jl:4 =# @__LINE__()) = (Float32, 4)
(T, #= /home/pkgeval/.julia/packages/LoopVectorization/WAJXF/test/filter.jl:4 =# @__LINE__()) = (Float64, 4)
(T, #= /home/pkgeval/.julia/packages/LoopVectorization/WAJXF/test/filter.jl:4 =# @__LINE__()) = (Int32, 4)
(T, #= /home/pkgeval/.julia/packages/LoopVectorization/WAJXF/test/filter.jl:4 =# @__LINE__()) = (Int64, 4)
  1.366768 seconds (1.17 M allocations: 60.559 MiB, 1.06% gc time)
(T, #= /home/pkgeval/.julia/packages/LoopVectorization/WAJXF/test/mapreduce.jl:12 =# @__LINE__()) = (Int32, 12)
(T, #= /home/pkgeval/.julia/packages/LoopVectorization/WAJXF/test/mapreduce.jl:12 =# @__LINE__()) = (Int64, 12)
(T, #= /home/pkgeval/.julia/packages/LoopVectorization/WAJXF/test/mapreduce.jl:12 =# @__LINE__()) = (Float32, 12)
(T, #= /home/pkgeval/.julia/packages/LoopVectorization/WAJXF/test/mapreduce.jl:12 =# @__LINE__()) = (Float64, 12)
 14.698835 seconds (19.36 M allocations: 1.009 GiB, 2.37% gc time)
(T, #= /home/pkgeval/.julia/packages/LoopVectorization/WAJXF/test/ifelsemasks.jl:302 =# @__LINE__()) = (Float32, 302)
(T, #= /home/pkgeval/.julia/packages/LoopVectorization/WAJXF/test/ifelsemasks.jl:302 =# @__LINE__()) = (Float64, 302)
(T, #= /home/pkgeval/.julia/packages/LoopVectorization/WAJXF/test/ifelsemasks.jl:302 =# @__LINE__()) = (Int32, 302)
(T, #= /home/pkgeval/.julia/packages/LoopVectorization/WAJXF/test/ifelsemasks.jl:302 =# @__LINE__()) = (Int64, 302)
 65.133022 seconds (52.52 M allocations: 2.402 GiB, 2.49% gc time)
(T, #= /home/pkgeval/.julia/packages/LoopVectorization/WAJXF/test/dot.jl:214 =# @__LINE__()) = (Float32, 214)
(T, #= /home/pkgeval/.julia/packages/LoopVectorization/WAJXF/test/dot.jl:214 =# @__LINE__()) = (Float64, 214)
(T, #= /home/pkgeval/.julia/packages/LoopVectorization/WAJXF/test/dot.jl:214 =# @__LINE__()) = (Int32, 214)
(T, #= /home/pkgeval/.julia/packages/LoopVectorization/WAJXF/test/dot.jl:214 =# @__LINE__()) = (Int64, 214)
 56.068206 seconds (58.13 M allocations: 2.898 GiB, 2.42% gc time)
(T, #= /home/pkgeval/.julia/packages/LoopVectorization/WAJXF/test/special.jl:276 =# @__LINE__()) = (Float32, 276)
(T, #= /home/pkgeval/.julia/packages/LoopVectorization/WAJXF/test/special.jl:276 =# @__LINE__()) = (Float64, 276)
 15.854214 seconds (16.03 M allocations: 766.473 MiB, 1.83% gc time)
(T, #= /home/pkgeval/.julia/packages/LoopVectorization/WAJXF/test/gemv.jl:187 =# @__LINE__()) = (Float32, 187)
(T, #= /home/pkgeval/.julia/packages/LoopVectorization/WAJXF/test/gemv.jl:187 =# @__LINE__()) = (Float64, 187)
(T, #= /home/pkgeval/.julia/packages/LoopVectorization/WAJXF/test/gemv.jl:187 =# @__LINE__()) = (Int32, 187)
(T, #= /home/pkgeval/.julia/packages/LoopVectorization/WAJXF/test/gemv.jl:187 =# @__LINE__()) = (Int64, 187)
 87.236086 seconds (91.78 M allocations: 3.972 GiB, 3.21% gc time)
(T, #= /home/pkgeval/.julia/packages/LoopVectorization/WAJXF/test/miscellaneous.jl:640 =# @__LINE__()) = (Float32, 640)
(T, #= /home/pkgeval/.julia/packages/LoopVectorization/WAJXF/test/miscellaneous.jl:640 =# @__LINE__()) = (Float64, 640)
(T, #= /home/pkgeval/.julia/packages/LoopVectorization/WAJXF/test/miscellaneous.jl:849 =# @__LINE__()) = (Float32, 849)
182.435686 seconds (170.80 M allocations: 7.188 GiB, 3.09% gc time)
(T, #= /home/pkgeval/.julia/packages/LoopVectorization/WAJXF/test/copy.jl:114 =# @__LINE__()) = (Float32, 114)
(T, #= /home/pkgeval/.julia/packages/LoopVectorization/WAJXF/test/copy.jl:114 =# @__LINE__()) = (Float64, 114)
(T, #= /home/pkgeval/.julia/packages/LoopVectorization/WAJXF/test/copy.jl:114 =# @__LINE__()) = (Int32, 114)
(T, #= /home/pkgeval/.julia/packages/LoopVectorization/WAJXF/test/copy.jl:114 =# @__LINE__()) = (Int64, 114)
 18.009961 seconds (16.67 M allocations: 791.167 MiB, 5.55% gc time)
(T, #= /home/pkgeval/.julia/packages/LoopVectorization/WAJXF/test/broadcast.jl:5 =# @__LINE__()) = (Float32, 5)
(T, #= /home/pkgeval/.julia/packages/LoopVectorization/WAJXF/test/broadcast.jl:5 =# @__LINE__()) = (Float64, 5)
(T, #= /home/pkgeval/.julia/packages/LoopVectorization/WAJXF/test/broadcast.jl:5 =# @__LINE__()) = (Int32, 5)
(T, #= /home/pkgeval/.julia/packages/LoopVectorization/WAJXF/test/broadcast.jl:5 =# @__LINE__()) = (Int64, 5)
270.497797 seconds (220.57 M allocations: 9.820 GiB, 2.28% gc time)
(T, #= /home/pkgeval/.julia/packages/LoopVectorization/WAJXF/test/gemm.jl:598 =# @__LINE__()) = (Float32, 598)
117.368502 seconds (78.22 M allocations: 3.586 GiB, 1.52% gc time)
 51.580406 seconds (35.61 M allocations: 1.554 GiB, 1.37% gc time)
 19.077413 seconds (16.45 M allocations: 840.732 MiB, 2.28% gc time)
 17.957690 seconds (18.10 M allocations: 853.262 MiB, 2.07% gc time)
 14.310507 seconds (10.51 M allocations: 507.146 MiB, 1.96% gc time)
(T, #= /home/pkgeval/.julia/packages/LoopVectorization/WAJXF/test/gemm.jl:598 =# @__LINE__()) = (Float64, 598)
111.772373 seconds (77.28 M allocations: 3.547 GiB, 1.60% gc time)
 49.796724 seconds (35.34 M allocations: 1.546 GiB, 1.29% gc time)
 24.146767 seconds (24.25 M allocations: 1.140 GiB, 1.72% gc time)
 31.660487 seconds (34.39 M allocations: 1.525 GiB, 2.03% gc time)
 13.431038 seconds (10.36 M allocations: 499.505 MiB, 1.53% gc time)
(T, #= /home/pkgeval/.julia/packages/LoopVectorization/WAJXF/test/gemm.jl:598 =# @__LINE__()) = (Int32, 598)
134.823163 seconds (85.51 M allocations: 3.883 GiB, 1.39% gc time)
 57.775151 seconds (37.17 M allocations: 1.608 GiB, 2.08% gc time)
 18.651885 seconds (16.11 M allocations: 816.347 MiB, 1.73% gc time)
 19.434309 seconds (19.05 M allocations: 888.369 MiB, 1.72% gc time)
 15.261536 seconds (10.62 M allocations: 506.893 MiB, 1.26% gc time)
(T, #= /home/pkgeval/.julia/packages/LoopVectorization/WAJXF/test/gemm.jl:598 =# @__LINE__()) = (Int64, 598)
135.689877 seconds (84.95 M allocations: 3.863 GiB, 1.51% gc time)
 57.585979 seconds (36.92 M allocations: 1.601 GiB, 1.67% gc time)
 27.590005 seconds (24.35 M allocations: 1.133 GiB, 2.57% gc time)
 38.741767 seconds (35.96 M allocations: 1.581 GiB, 2.83% gc time)
 15.102421 seconds (10.62 M allocations: 507.023 MiB, 1.50% gc time)
977.694881 seconds (702.51 M allocations: 31.900 GiB, 1.66% gc time)
Test Summary:        | Pass  Total
LoopVectorization.jl | 1255   1255
1792.867958 seconds (1.43 G allocations: 64.460 GiB, 2.10% gc time)
    Testing LoopVectorization tests passed 
