Julia Version 1.3.0
Commit 46ce4d7933 (2019-11-26 06:09 UTC)
Platform Info:
  OS: Linux (x86_64-pc-linux-gnu)
  CPU: Intel(R) Xeon(R) Silver 4114 CPU @ 2.20GHz
  WORD_SIZE: 64
  LIBM: libopenlibm
  LLVM: libLLVM-6.0.1 (ORCJIT, skylake)
Environment:
  JULIA_DEPOT_PATH = ::/usr/local/share/julia

 Resolving package versions...
 Installed RawFile ─ v1.0.0
  Updating `~/.julia/environments/v1.3/Project.toml`
  [7a16de70] + RawFile v1.0.0
  Updating `~/.julia/environments/v1.3/Manifest.toml`
  [7a16de70] + RawFile v1.0.0
   Testing RawFile
[ Info: No changes
    Status `/tmp/jl_OoQi9Q/Manifest.toml`
  [7a16de70] RawFile v1.0.0
[ Info: (100,)
[ Info: (100,)
[ Info: UInt8[0xcf, 0x49, 0xfd, 0x97, 0xe3, 0x9a, 0xcd, 0x0e, 0xae, 0xde, 0x2c]
[ Info: UInt8[0xcf, 0x49, 0xfd, 0x97, 0xe3, 0x9a, 0xcd, 0x0e, 0xae, 0xde, 0x2c]
[ Info: (75, 100)
[ Info: (75, 100)
[ Info: UInt8[0x44, 0x7b, 0xa9, 0xdf, 0x31, 0xf6, 0xf7, 0xa9, 0xf6, 0x75, 0x8d]
[ Info: UInt8[0x44, 0x7b, 0xa9, 0xdf, 0x31, 0xf6, 0xf7, 0xa9, 0xf6, 0x75, 0x8d]
[ Info: (10, 20, 50)
[ Info: (10, 20, 50)
[ Info: UInt8[0x7a, 0xec, 0xbb, 0x72, 0x85, 0x0d, 0xbd, 0x5d, 0x18, 0x2c, 0x41]
[ Info: UInt8[0x7a, 0xec, 0xbb, 0x72, 0x85, 0x0d, 0xbd, 0x5d, 0x18, 0x2c, 0x41]
[ Info: (100,)
[ Info: (100,)
[ Info: Int32[-611741981, 154206873, -132062246, -1482049585, -144332201, 1876126919, 1052308436, 1239679346, -1833471277, 1306505588, 1667756067]
[ Info: Int32[-611741981, 154206873, -132062246, -1482049585, -144332201, 1876126919, 1052308436, 1239679346, -1833471277, 1306505588, 1667756067]
[ Info: (75, 100)
[ Info: (75, 100)
[ Info: Int32[-1979662732, -2010045929, -37386533, -524006180, -429791029, -1867311797, 382987277, 1792481042, -627513826, -886528093, -2027611543]
[ Info: Int32[-1979662732, -2010045929, -37386533, -524006180, -429791029, -1867311797, 382987277, 1792481042, -627513826, -886528093, -2027611543]
[ Info: (10, 20, 50)
[ Info: (10, 20, 50)
[ Info: Int32[415923705, -1573343592, 1355889476, -967168365, -1178051072, 461794290, 1969178914, -1687033364, 1718192986, -752321669, -100655483]
[ Info: Int32[415923705, -1573343592, 1355889476, -967168365, -1178051072, 461794290, 1969178914, -1687033364, 1718192986, -752321669, -100655483]
[ Info: (100,)
[ Info: (100,)
[ Info: [3312945073740548628, 8766949731882373940, -4221915126153335011, -2896046328654952879, -4592028111807659658, 1635226160918217552, -4620297923439871064, 3797563460683182479, 4957075341914355782, 1789457152060164654, -8155376459185713783]
[ Info: [3312945073740548628, 8766949731882373940, -4221915126153335011, -2896046328654952879, -4592028111807659658, 1635226160918217552, -4620297923439871064, 3797563460683182479, 4957075341914355782, 1789457152060164654, -8155376459185713783]
[ Info: (75, 100)
[ Info: (75, 100)
[ Info: [-5649979284561166089, 4171685280616331620, 5980034891663481358, -9221552393610671525, 4830128080721536457, -3249642872809357377, 2518469040511031061, 9126751126548652997, -380376473935106083, -2446466987554516993, 7230299767976800422]
[ Info: [-5649979284561166089, 4171685280616331620, 5980034891663481358, -9221552393610671525, 4830128080721536457, -3249642872809357377, 2518469040511031061, 9126751126548652997, -380376473935106083, -2446466987554516993, 7230299767976800422]
[ Info: (10, 20, 50)
[ Info: (10, 20, 50)
[ Info: [8438600267934775020, -3800280099865822473, 4580921371717561304, 6877223382499147745, -8733270364123001961, -4293767994663331724, -8650684038505663427, -4910220276313887713, -7794598625922853594, -929550380490151946, -2459795734461284923]
[ Info: [8438600267934775020, -3800280099865822473, 4580921371717561304, 6877223382499147745, -8733270364123001961, -4293767994663331724, -8650684038505663427, -4910220276313887713, -7794598625922853594, -929550380490151946, -2459795734461284923]
[ Info: (100,)
[ Info: (100,)
[ Info: Float32[0.7036623, 0.53043723, 0.61376464, 0.68736696, 0.59478676, 0.8562176, 0.52458715, 0.23589194, 0.38746715, 0.063299775, 0.10469031]
[ Info: Float32[0.7036623, 0.53043723, 0.61376464, 0.68736696, 0.59478676, 0.8562176, 0.52458715, 0.23589194, 0.38746715, 0.063299775, 0.10469031]
[ Info: (75, 100)
[ Info: (75, 100)
[ Info: Float32[0.42185998, 0.67620695, 0.9953555, 0.17799687, 0.2996608, 0.5425018, 0.3574921, 0.87511396, 0.8264288, 0.9852531, 0.65380275]
[ Info: Float32[0.42185998, 0.67620695, 0.9953555, 0.17799687, 0.2996608, 0.5425018, 0.3574921, 0.87511396, 0.8264288, 0.9852531, 0.65380275]
[ Info: (10, 20, 50)
[ Info: (10, 20, 50)
[ Info: Float32[0.27627707, 0.5445154, 0.08571696, 0.35805213, 0.37900424, 0.20445776, 0.7811972, 0.02047658, 0.5407418, 0.99047565, 0.7481011]
[ Info: Float32[0.27627707, 0.5445154, 0.08571696, 0.35805213, 0.37900424, 0.20445776, 0.7811972, 0.02047658, 0.5407418, 0.99047565, 0.7481011]
[ Info: (100,)
[ Info: (100,)
[ Info: [0.8839797609774649, 0.1583949084614793, 0.6379726930928586, 0.7928223674334642, 0.4457238534073962, 0.9678367253930424, 0.17989462598808914, 0.5860451410183802, 0.357579051166387, 0.921828692468883, 0.8449595607665972]
[ Info: [0.8839797609774649, 0.1583949084614793, 0.6379726930928586, 0.7928223674334642, 0.4457238534073962, 0.9678367253930424, 0.17989462598808914, 0.5860451410183802, 0.357579051166387, 0.921828692468883, 0.8449595607665972]
[ Info: (75, 100)
[ Info: (75, 100)
[ Info: [0.08761318684612851, 0.9730982128268104, 0.20800382922297023, 0.5813752313002984, 0.9283106486907651, 0.843207681339972, 0.05267974983120771, 0.927287802780141, 0.7566661411667812, 0.7354284904835839, 0.8125734665139333]
[ Info: [0.08761318684612851, 0.9730982128268104, 0.20800382922297023, 0.5813752313002984, 0.9283106486907651, 0.843207681339972, 0.05267974983120771, 0.927287802780141, 0.7566661411667812, 0.7354284904835839, 0.8125734665139333]
[ Info: (10, 20, 50)
[ Info: (10, 20, 50)
[ Info: [0.7835164728001529, 0.7055642541044873, 0.08243336420506253, 0.2798777633775553, 0.573518265834605, 0.7762390318442607, 0.5098278906858824, 0.026927003128490057, 0.7298606152103306, 0.48471765929837973, 0.37158113660615255]
[ Info: [0.7835164728001529, 0.7055642541044873, 0.08243336420506253, 0.2798777633775553, 0.573518265834605, 0.7762390318442607, 0.5098278906858824, 0.026927003128490057, 0.7298606152103306, 0.48471765929837973, 0.37158113660615255]
[ Info: (100,)
[ Info: (100,)
[ Info: Complex{Float16}[Float16(0.169) + Float16(0.01563)im, Float16(0.3457) + Float16(0.6816)im, Float16(0.4932) + Float16(0.91)im, Float16(0.4414) + Float16(0.9004)im, Float16(0.1943) + Float16(0.585)im, Float16(0.6084) + Float16(0.6943)im, Float16(0.878) + Float16(0.4912)im, Float16(0.46) + Float16(0.1357)im, Float16(0.8936) + Float16(0.455)im, Float16(0.084) + Float16(0.865)im, Float16(0.2461) + Float16(0.4424)im]
[ Info: Complex{Float16}[Float16(0.169) + Float16(0.01563)im, Float16(0.3457) + Float16(0.6816)im, Float16(0.4932) + Float16(0.91)im, Float16(0.4414) + Float16(0.9004)im, Float16(0.1943) + Float16(0.585)im, Float16(0.6084) + Float16(0.6943)im, Float16(0.878) + Float16(0.4912)im, Float16(0.46) + Float16(0.1357)im, Float16(0.8936) + Float16(0.455)im, Float16(0.084) + Float16(0.865)im, Float16(0.2461) + Float16(0.4424)im]
[ Info: (75, 100)
[ Info: (75, 100)
[ Info: Complex{Float16}[Float16(0.4004) + Float16(0.621)im, Float16(0.456) + Float16(0.509)im, Float16(0.012695) + Float16(0.782)im, Float16(0.7295) + Float16(0.908)im, Float16(0.1631) + Float16(0.3203)im, Float16(0.0713) + Float16(0.8896)im, Float16(0.4453) + Float16(0.372)im, Float16(0.618) + Float16(0.625)im, Float16(0.744) + Float16(0.4531)im, Float16(0.8467) + Float16(0.6904)im, Float16(0.4658) + Float16(0.583)im]
[ Info: Complex{Float16}[Float16(0.4004) + Float16(0.621)im, Float16(0.456) + Float16(0.509)im, Float16(0.012695) + Float16(0.782)im, Float16(0.7295) + Float16(0.908)im, Float16(0.1631) + Float16(0.3203)im, Float16(0.0713) + Float16(0.8896)im, Float16(0.4453) + Float16(0.372)im, Float16(0.618) + Float16(0.625)im, Float16(0.744) + Float16(0.4531)im, Float16(0.8467) + Float16(0.6904)im, Float16(0.4658) + Float16(0.583)im]
[ Info: (10, 20, 50)
[ Info: (10, 20, 50)
[ Info: Complex{Float16}[Float16(0.993) + Float16(0.289)im, Float16(0.802) + Float16(0.7324)im, Float16(0.6543) + Float16(0.00293)im, Float16(0.3613) + Float16(0.0293)im, Float16(0.9727) + Float16(0.9385)im, Float16(0.4785) + Float16(0.1953)im, Float16(0.704) + Float16(0.756)im, Float16(0.1943) + Float16(0.7314)im, Float16(0.787) + Float16(0.9844)im, Float16(0.927) + Float16(0.331)im, Float16(0.08105) + Float16(0.6895)im]
[ Info: Complex{Float16}[Float16(0.993) + Float16(0.289)im, Float16(0.802) + Float16(0.7324)im, Float16(0.6543) + Float16(0.00293)im, Float16(0.3613) + Float16(0.0293)im, Float16(0.9727) + Float16(0.9385)im, Float16(0.4785) + Float16(0.1953)im, Float16(0.704) + Float16(0.756)im, Float16(0.1943) + Float16(0.7314)im, Float16(0.787) + Float16(0.9844)im, Float16(0.927) + Float16(0.331)im, Float16(0.08105) + Float16(0.6895)im]
[ Info: (100,)
[ Info: (100,)
[ Info: Complex{Float32}[0.9686185f0 + 0.8658674f0im, 0.0148278475f0 + 0.50286746f0im, 0.62447345f0 + 0.8244028f0im, 0.8122885f0 + 0.49759805f0im, 0.9074271f0 + 0.80236995f0im, 0.8952718f0 + 0.2918718f0im, 0.8685615f0 + 0.7032678f0im, 0.2773986f0 + 0.13826108f0im, 0.017224073f0 + 0.8202412f0im, 0.9513768f0 + 0.012137055f0im, 0.017313838f0 + 0.93712807f0im]
[ Info: Complex{Float32}[0.9686185f0 + 0.8658674f0im, 0.0148278475f0 + 0.50286746f0im, 0.62447345f0 + 0.8244028f0im, 0.8122885f0 + 0.49759805f0im, 0.9074271f0 + 0.80236995f0im, 0.8952718f0 + 0.2918718f0im, 0.8685615f0 + 0.7032678f0im, 0.2773986f0 + 0.13826108f0im, 0.017224073f0 + 0.8202412f0im, 0.9513768f0 + 0.012137055f0im, 0.017313838f0 + 0.93712807f0im]
[ Info: (75, 100)
[ Info: (75, 100)
[ Info: Complex{Float32}[0.43374968f0 + 0.7092029f0im, 0.5057677f0 + 0.17947721f0im, 0.9106326f0 + 0.7190745f0im, 0.69757557f0 + 0.36693418f0im, 0.14702213f0 + 0.50769854f0im, 0.52821195f0 + 0.5435624f0im, 0.386783f0 + 0.63045454f0im, 0.7582269f0 + 0.9557183f0im, 0.7892127f0 + 0.8424026f0im, 0.69481516f0 + 0.42248142f0im, 0.630286f0 + 0.657663f0im]
[ Info: Complex{Float32}[0.43374968f0 + 0.7092029f0im, 0.5057677f0 + 0.17947721f0im, 0.9106326f0 + 0.7190745f0im, 0.69757557f0 + 0.36693418f0im, 0.14702213f0 + 0.50769854f0im, 0.52821195f0 + 0.5435624f0im, 0.386783f0 + 0.63045454f0im, 0.7582269f0 + 0.9557183f0im, 0.7892127f0 + 0.8424026f0im, 0.69481516f0 + 0.42248142f0im, 0.630286f0 + 0.657663f0im]
[ Info: (10, 20, 50)
[ Info: (10, 20, 50)
[ Info: Complex{Float32}[0.71265435f0 + 0.98542f0im, 0.9483926f0 + 0.78111327f0im, 0.8176055f0 + 0.438416f0im, 0.8070359f0 + 0.02593863f0im, 0.47770703f0 + 0.054952383f0im, 0.6459578f0 + 0.100985765f0im, 0.87781537f0 + 0.5495722f0im, 0.5407506f0 + 0.79476523f0im, 0.62304664f0 + 0.5933342f0im, 0.11149824f0 + 0.66611385f0im, 0.44041228f0 + 0.21077406f0im]
[ Info: Complex{Float32}[0.71265435f0 + 0.98542f0im, 0.9483926f0 + 0.78111327f0im, 0.8176055f0 + 0.438416f0im, 0.8070359f0 + 0.02593863f0im, 0.47770703f0 + 0.054952383f0im, 0.6459578f0 + 0.100985765f0im, 0.87781537f0 + 0.5495722f0im, 0.5407506f0 + 0.79476523f0im, 0.62304664f0 + 0.5933342f0im, 0.11149824f0 + 0.66611385f0im, 0.44041228f0 + 0.21077406f0im]
   Testing RawFile tests passed 
