Julia Version 1.3.2-pre.0
Commit 2e6715c045 (2019-12-31 00:49 UTC)
Platform Info:
  OS: Linux (x86_64-linux-gnu)
  CPU: Intel(R) Xeon(R) Silver 4114 CPU @ 2.20GHz
  WORD_SIZE: 64
  LIBM: libopenlibm
  LLVM: libLLVM-6.0.1 (ORCJIT, skylake)
Environment:
  JULIA_DEPOT_PATH = ::/usr/local/share/julia
  JULIA_NUM_THREADS = 2

 Resolving package versions...
 Installed jlpkg ─ v1.1.2
  Updating `~/.julia/environments/v1.3/Project.toml`
  [c4c688b2] + jlpkg v1.1.2
  Updating `~/.julia/environments/v1.3/Manifest.toml`
  [c4c688b2] + jlpkg v1.1.2
   Testing jlpkg
 Resolving package versions...
[ Info: No changes
    Status `/tmp/jl_HWLxKx/Manifest.toml`
  [c4c688b2] jlpkg v1.1.2
  [2a0f44e3] Base64  [`@stdlib/Base64`]
  [ade2ca70] Dates  [`@stdlib/Dates`]
  [8ba89e20] Distributed  [`@stdlib/Distributed`]
  [b77e0a4c] InteractiveUtils  [`@stdlib/InteractiveUtils`]
  [76f85450] LibGit2  [`@stdlib/LibGit2`]
  [8f399da3] Libdl  [`@stdlib/Libdl`]
  [56ddb016] Logging  [`@stdlib/Logging`]
  [d6f4376e] Markdown  [`@stdlib/Markdown`]
  [44cfe95a] Pkg  [`@stdlib/Pkg`]
  [de0858da] Printf  [`@stdlib/Printf`]
  [3fa0cd96] REPL  [`@stdlib/REPL`]
  [9a3f8284] Random  [`@stdlib/Random`]
  [ea8e919c] SHA  [`@stdlib/SHA`]
  [9e88b42a] Serialization  [`@stdlib/Serialization`]
  [6462fe0b] Sockets  [`@stdlib/Sockets`]
  [8dfed614] Test  [`@stdlib/Test`]
  [cf7118a7] UUIDs  [`@stdlib/UUIDs`]
  [4ec0a83e] Unicode  [`@stdlib/Unicode`]
  % Total    % Received % Xferd  Average Speed   Time    Time     Time  Current
                                 Dload  Upload   Total   Spent    Left  Speed
  0     0    0     0    0     0      0      0 --:--:-- --:--:-- --:--:--     0  0 84.6M    0 11027    0     0   9630      0  2:33:38  0:00:01  2:33:37  9630 12 84.6M   12 10.5M    0     0  8288k      0  0:00:10  0:00:01  0:00:09 8281k100 84.6M  100 84.6M    0     0  39.9M      0  0:00:02  0:00:02 --:--:-- 39.9M
  % Total    % Received % Xferd  Average Speed   Time    Time     Time  Current
                                 Dload  Upload   Total   Spent    Left  Speed
  0     0    0     0    0     0      0      0 --:--:-- --:--:-- --:--:--     0100   930  100   930    0     0   7153      0 --:--:-- --:--:-- --:--:--  7209
julia-1.0.4-linux-x86_64.tar.gz: OK
  % Total    % Received % Xferd  Average Speed   Time    Time     Time  Current
                                 Dload  Upload   Total   Spent    Left  Speed
  0     0    0     0    0     0      0      0 --:--:-- --:--:-- --:--:--     0  0 85.5M    0 11027    0     0  11138      0  2:14:16 --:--:--  2:14:16 11127 68 85.5M   68 58.2M    0     0  35.1M      0  0:00:02  0:00:01  0:00:01 35.1M100 85.5M  100 85.5M    0     0  44.4M      0  0:00:01  0:00:01 --:--:-- 44.4M
  % Total    % Received % Xferd  Average Speed   Time    Time     Time  Current
                                 Dload  Upload   Total   Spent    Left  Speed
  0     0    0     0    0     0      0      0 --:--:-- --:--:-- --:--:--     0100   832  100   832    0     0   4923      0 --:--:-- --:--:-- --:--:--  4923
julia-1.1.1-linux-x86_64.tar.gz: OK
   Testing jlpkg tests passed 
