Julia Version 1.4.0-rc1.21
Commit 113211dee6 (2020-02-06 08:37 UTC)
Platform Info:
  OS: Linux (x86_64-linux-gnu)
  CPU: Intel(R) Xeon(R) Silver 4114 CPU @ 2.20GHz
  WORD_SIZE: 64
  LIBM: libopenlibm
  LLVM: libLLVM-8.0.1 (ORCJIT, skylake)
Environment:
  JULIA_DEPOT_PATH = ::/usr/local/share/julia
  JULIA_NUM_THREADS = 2

  Resolving package versions...
  Installed jlpkg ─ v1.1.2
   Updating `~/.julia/environments/v1.4/Project.toml`
  [c4c688b2] + jlpkg v1.1.2
   Updating `~/.julia/environments/v1.4/Manifest.toml`
  [c4c688b2] + jlpkg v1.1.2
    Testing jlpkg
Status `/tmp/jl_jo65su/Manifest.toml`
  [c4c688b2] jlpkg v1.1.2
  [2a0f44e3] Base64 
  [ade2ca70] Dates 
  [8ba89e20] Distributed 
  [b77e0a4c] InteractiveUtils 
  [76f85450] LibGit2 
  [8f399da3] Libdl 
  [56ddb016] Logging 
  [d6f4376e] Markdown 
  [44cfe95a] Pkg 
  [de0858da] Printf 
  [3fa0cd96] REPL 
  [9a3f8284] Random 
  [ea8e919c] SHA 
  [9e88b42a] Serialization 
  [6462fe0b] Sockets 
  [8dfed614] Test 
  [cf7118a7] UUIDs 
  [4ec0a83e] Unicode 
  % Total    % Received % Xferd  Average Speed   Time    Time     Time  Current
                                 Dload  Upload   Total   Spent    Left  Speed
  0     0    0     0    0     0      0      0 --:--:-- --:--:-- --:--:--     0 52 84.6M   52 44.7M    0     0  94.2M      0 --:--:-- --:--:-- --:--:-- 94.0M100 84.6M  100 84.6M    0     0   101M      0 --:--:-- --:--:-- --:--:--  101M
  % Total    % Received % Xferd  Average Speed   Time    Time     Time  Current
                                 Dload  Upload   Total   Spent    Left  Speed
  0     0    0     0    0     0      0      0 --:--:-- --:--:-- --:--:--     0100   930  100   930    0     0  16315      0 --:--:-- --:--:-- --:--:-- 16315
julia-1.0.4-linux-x86_64.tar.gz: OK
  % Total    % Received % Xferd  Average Speed   Time    Time     Time  Current
                                 Dload  Upload   Total   Spent    Left  Speed
  0     0    0     0    0     0      0      0 --:--:-- --:--:-- --:--:--     0  0     0    0     0    0     0      0      0 --:--:-- --:--:-- --:--:--     0 65 85.5M   65 55.9M    0     0  53.7M      0  0:00:01  0:00:01 --:--:-- 53.7M100 85.5M  100 85.5M    0     0  57.1M      0  0:00:01  0:00:01 --:--:-- 57.1M
  % Total    % Received % Xferd  Average Speed   Time    Time     Time  Current
                                 Dload  Upload   Total   Spent    Left  Speed
  0     0    0     0    0     0      0      0 --:--:-- --:--:-- --:--:--     0100   832  100   832    0     0  11885      0 --:--:-- --:--:-- --:--:-- 11885
julia-1.1.1-linux-x86_64.tar.gz: OK
    Testing jlpkg tests passed 
