Current time is 2020-10-25T20:38:37.69
Julia Version 1.5.3-pre.13
Commit 3de1115e9c (2020-10-23 21:58 UTC)
Platform Info:
  OS: Linux (x86_64-linux-gnu)
  CPU: AMD EPYC 7502 32-Core Processor
  WORD_SIZE: 64
  LIBM: libopenlibm
  LLVM: libLLVM-9.0.1 (ORCJIT, znver2)
Environment:
  JULIA_DEPOT_PATH = ::/usr/local/share/julia
  JULIA_NUM_THREADS = 2
  JULIA_MAX_NUM_PRECOMPILE_FILES = 9223372036854775807
  JULIA_PKG_SERVER = 

Starting installation at 2020-10-25T20:38:40.812
  Resolving package versions...
  Installed ProjectiveVectors ─ v1.1.2
  Installed StaticArrays ────── v0.12.4
Updating `~/.julia/environments/v1.5/Project.toml`
  [01f381cc] + ProjectiveVectors v1.1.2
Updating `~/.julia/environments/v1.5/Manifest.toml`
  [01f381cc] + ProjectiveVectors v1.1.2
  [90137ffa] + StaticArrays v0.12.4
  [8f399da3] + Libdl
  [37e2e46d] + LinearAlgebra
  [9a3f8284] + Random
  [9e88b42a] + Serialization
  [2f01184e] + SparseArrays
  [10745b16] + Statistics
Starting tests at 2020-10-25T20:38:43.96
    Testing ProjectiveVectors
Status `/tmp/jl_BFZYUW/Project.toml`
  [01f381cc] ProjectiveVectors v1.1.2
  [90137ffa] StaticArrays v0.12.4
  [37e2e46d] LinearAlgebra
  [8dfed614] Test
Status `/tmp/jl_BFZYUW/Manifest.toml`
  [01f381cc] ProjectiveVectors v1.1.2
  [90137ffa] StaticArrays v0.12.4
  [2a0f44e3] Base64
  [8ba89e20] Distributed
  [b77e0a4c] InteractiveUtils
  [8f399da3] Libdl
  [37e2e46d] LinearAlgebra
  [56ddb016] Logging
  [d6f4376e] Markdown
  [9a3f8284] Random
  [9e88b42a] Serialization
  [6462fe0b] Sockets
  [2f01184e] SparseArrays
  [10745b16] Statistics
  [8dfed614] Test
Test Summary:     | Pass  Total
ProjectiveVectors |   57     57
    Testing ProjectiveVectors tests passed 
Finished at 2020-10-25T20:39:15.099
