Julia Version 1.4.2-pre.0
Commit ef4fe83698 (2020-04-15 16:24 UTC)
Platform Info:
  OS: Linux (x86_64-linux-gnu)
  CPU: Intel(R) Xeon(R) Silver 4114 CPU @ 2.20GHz
  WORD_SIZE: 64
  LIBM: libopenlibm
  LLVM: libLLVM-8.0.1 (ORCJIT, skylake)
Environment:
  JULIA_DEPOT_PATH = ::/usr/local/share/julia
  JULIA_NUM_THREADS = 2

  Resolving package versions...
  Installed Distances ────────── v0.8.2
  Installed Compat ───────────── v2.2.0
  Installed TupleTools ───────── v1.2.0
  Installed IterTools ────────── v1.3.0
  Installed OrderedCollections ─ v1.2.0
  Installed RecipesBase ──────── v1.0.1
  Installed DataStructures ───── v0.17.15
  Installed Ripserer ─────────── v0.3.0
   Updating `~/.julia/environments/v1.4/Project.toml`
  [aa79e827] + Ripserer v0.3.0
   Updating `~/.julia/environments/v1.4/Manifest.toml`
  [34da2185] + Compat v2.2.0
  [864edb3b] + DataStructures v0.17.15
  [b4f34e82] + Distances v0.8.2
  [c8e1da08] + IterTools v1.3.0
  [bac558e1] + OrderedCollections v1.2.0
  [3cdcf5f2] + RecipesBase v1.0.1
  [aa79e827] + Ripserer v0.3.0
  [9d95972d] + TupleTools v1.2.0
  [2a0f44e3] + Base64 
  [ade2ca70] + Dates 
  [8bb1440f] + DelimitedFiles 
  [8ba89e20] + Distributed 
  [9fa8497b] + Future 
  [b77e0a4c] + InteractiveUtils 
  [76f85450] + LibGit2 
  [8f399da3] + Libdl 
  [37e2e46d] + LinearAlgebra 
  [56ddb016] + Logging 
  [d6f4376e] + Markdown 
  [a63ad114] + Mmap 
  [44cfe95a] + Pkg 
  [de0858da] + Printf 
  [3fa0cd96] + REPL 
  [9a3f8284] + Random 
  [ea8e919c] + SHA 
  [9e88b42a] + Serialization 
  [1a1011a3] + SharedArrays 
  [6462fe0b] + Sockets 
  [2f01184e] + SparseArrays 
  [10745b16] + Statistics 
  [8dfed614] + Test 
  [cf7118a7] + UUIDs 
  [4ec0a83e] + Unicode 
    Testing Ripserer
Status `/tmp/jl_W5w5us/Manifest.toml`
  [4c88cf16] Aqua v0.4.1
  [34da2185] Compat v2.2.0
  [864edb3b] DataStructures v0.17.15
  [b4f34e82] Distances v0.8.2
  [c8e1da08] IterTools v1.3.0
  [bac558e1] OrderedCollections v1.2.0
  [3cdcf5f2] RecipesBase v1.0.1
  [aa79e827] Ripserer v0.3.0
  [1bc83da4] SafeTestsets v0.0.1
  [9d95972d] TupleTools v1.2.0
  [2a0f44e3] Base64 
  [ade2ca70] Dates 
  [8bb1440f] DelimitedFiles 
  [8ba89e20] Distributed 
  [9fa8497b] Future 
  [b77e0a4c] InteractiveUtils 
  [76f85450] LibGit2 
  [8f399da3] Libdl 
  [37e2e46d] LinearAlgebra 
  [56ddb016] Logging 
  [d6f4376e] Markdown 
  [a63ad114] Mmap 
  [44cfe95a] Pkg 
  [de0858da] Printf 
  [3fa0cd96] REPL 
  [9a3f8284] Random 
  [ea8e919c] SHA 
  [9e88b42a] Serialization 
  [1a1011a3] SharedArrays 
  [6462fe0b] Sockets 
  [2f01184e] SparseArrays 
  [10745b16] Statistics 
  [8dfed614] Test 
  [cf7118a7] UUIDs 
  [4ec0a83e] Unicode 
Skipping Base.Filesystem.JL_O_RANDOM
Skipping Base.Filesystem.JL_O_SEQUENTIAL
Skipping Base.Filesystem.JL_O_SHORT_LIVED
Skipping Base.Filesystem.JL_O_TEMPORARY
Skipping Base.active_repl
Skipping Base.active_repl_backend
Test Summary: | Pass  Total
Aqua          |    3      3
Test Summary: | Pass  Total
infinity      |   29     29
Test Summary: | Pass  Total
simplex       |  471    471
Test Summary:  | Pass  Total
ripsfiltration |  144    144
Test Summary: | Pass  Total
cubical       |  434    434
Test Summary: | Pass  Total
primefield    |   38     38
Test Summary: | Pass  Total
diagram       |   53     53
Test Summary: | Pass  Total
chainelement  |   63     63
Test Summary:     | Pass  Total
reduction_structs |   46     46
Test Summary: | Pass  Total
reduction     |   92     92
Test Summary: | Pass  Total
plotting      |   38     38
    Testing Ripserer tests passed 
