Current time is 2020-10-25T19:40:55.871
Julia Version 1.5.3-pre.13
Commit 3de1115e9c (2020-10-23 21:58 UTC)
Platform Info:
  OS: Linux (x86_64-linux-gnu)
  CPU: AMD EPYC 7502 32-Core Processor
  WORD_SIZE: 64
  LIBM: libopenlibm
  LLVM: libLLVM-9.0.1 (ORCJIT, znver2)
Environment:
  JULIA_DEPOT_PATH = ::/usr/local/share/julia
  JULIA_NUM_THREADS = 2
  JULIA_MAX_NUM_PRECOMPILE_FILES = 9223372036854775807
  JULIA_PKG_SERVER = 

Starting installation at 2020-10-25T19:40:59.697
  Resolving package versions...
  Installed IterationManagers ─ v0.1.0
Updating `~/.julia/environments/v1.5/Project.toml`
  [69680d3f] + IterationManagers v0.1.0
Updating `~/.julia/environments/v1.5/Manifest.toml`
  [69680d3f] + IterationManagers v0.1.0
  [2a0f44e3] + Base64
  [8ba89e20] + Distributed
  [b77e0a4c] + InteractiveUtils
  [8f399da3] + Libdl
  [37e2e46d] + LinearAlgebra
  [56ddb016] + Logging
  [d6f4376e] + Markdown
  [de0858da] + Printf
  [9a3f8284] + Random
  [9e88b42a] + Serialization
  [6462fe0b] + Sockets
  [8dfed614] + Test
  [4ec0a83e] + Unicode
Starting tests at 2020-10-25T19:41:01.509
    Testing IterationManagers
Status `/tmp/jl_YMoxoX/Project.toml`
  [69680d3f] IterationManagers v0.1.0
  [37e2e46d] LinearAlgebra
  [de0858da] Printf
  [8dfed614] Test
Status `/tmp/jl_YMoxoX/Manifest.toml`
  [69680d3f] IterationManagers v0.1.0
  [2a0f44e3] Base64
  [8ba89e20] Distributed
  [b77e0a4c] InteractiveUtils
  [8f399da3] Libdl
  [37e2e46d] LinearAlgebra
  [56ddb016] Logging
  [d6f4376e] Markdown
  [de0858da] Printf
  [9a3f8284] Random
  [9e88b42a] Serialization
  [6462fe0b] Sockets
  [8dfed614] Test
  [4ec0a83e] Unicode
Iteration    Distance       Elapsed (seconds)
---------------------------------------------
1            8.82388e-01    0.21406           
5            1.74299e-01    0.31339           
10           2.29529e-02    0.31361           
15           3.02261e-03    0.31379           
20           3.98039e-04    0.31398           
25           5.24166e-05    0.31418           
30           6.90260e-06    0.31435           
35           9.08985e-07    0.31452           
40           1.19702e-07    0.31469           
45           1.57632e-08    0.31486           
50           2.07581e-09    0.31502           
55           2.73358e-10    0.31519           
60           3.59979e-11    0.31535           
65           4.74021e-12    0.31552           
Iteration    Distance       Elapsed (seconds)
---------------------------------------------
1            1.09990e+02    2.46474           
2            2.19968e+02    2.46657           
4            1.09914e-03    2.46680           
6            0.00000e+00    2.46702           
    Testing IterationManagers tests passed 
Finished at 2020-10-25T19:41:10.641
