Julia Version 1.5.2-pre.0
Commit c4acbf93fb (2020-08-26 10:58 UTC)
Platform Info:
  OS: Linux (x86_64-pc-linux-gnu)
  CPU: Intel(R) Xeon(R) Silver 4114 CPU @ 2.20GHz
  WORD_SIZE: 64
  LIBM: libopenlibm
  LLVM: libLLVM-9.0.1 (ORCJIT, skylake-avx512)
Environment:
  JULIA_DEPOT_PATH = ::/usr/local/share/julia
  JULIA_NUM_THREADS = 2

  Resolving package versions...
  Installed CodecZlib ──────────────────── v0.7.0
  Installed Missings ───────────────────── v0.4.3
  Installed ZipFile ────────────────────── v0.9.2
  Installed DistributedArrays ──────────── v0.6.4
  Installed Distances ──────────────────── v0.9.0
  Installed JLD2 ───────────────────────── v0.1.14
  Installed OrderedCollections ─────────── v1.3.0
  Installed DPMMSubClusters ────────────── v0.1.8
  Installed Compat ─────────────────────── v3.14.0
  Installed Zlib_jll ───────────────────── v1.2.11+15
  Installed StatsFuns ──────────────────── v0.9.5
  Installed QuadGK ─────────────────────── v2.4.1
  Installed Rmath ──────────────────────── v0.6.1
  Installed OpenSpecFun_jll ────────────── v0.5.3+3
  Installed NearestNeighbors ───────────── v0.4.6
  Installed CatViews ───────────────────── v1.0.0
  Installed TranscodingStreams ─────────── v0.9.5
  Installed Primes ─────────────────────── v0.5.0
  Installed SortingAlgorithms ──────────── v0.3.1
  Installed Rmath_jll ──────────────────── v0.2.2+1
  Installed PDMats ─────────────────────── v0.10.0
  Installed DataStructures ─────────────── v0.17.20
  Installed StaticArrays ───────────────── v0.12.4
  Installed FileIO ─────────────────────── v1.4.1
  Installed Clustering ─────────────────── v0.13.4
  Installed DataAPI ────────────────────── v1.3.0
  Installed FillArrays ─────────────────── v0.9.5
  Installed NPZ ────────────────────────── v0.4.0
  Installed CompilerSupportLibraries_jll ─ v0.3.3+0
  Installed StatsBase ──────────────────── v0.33.0
  Installed SpecialFunctions ───────────── v0.10.3
  Installed Distributions ──────────────── v0.23.9
Updating `~/.julia/environments/v1.5/Project.toml`
  [2841fd70] + DPMMSubClusters v0.1.8
Updating `~/.julia/environments/v1.5/Manifest.toml`
  [81a5f4ea] + CatViews v1.0.0
  [aaaa29a8] + Clustering v0.13.4
  [944b1d66] + CodecZlib v0.7.0
  [34da2185] + Compat v3.14.0
  [e66e0078] + CompilerSupportLibraries_jll v0.3.3+0
  [2841fd70] + DPMMSubClusters v0.1.8
  [9a962f9c] + DataAPI v1.3.0
  [864edb3b] + DataStructures v0.17.20
  [b4f34e82] + Distances v0.9.0
  [aaf54ef3] + DistributedArrays v0.6.4
  [31c24e10] + Distributions v0.23.9
  [5789e2e9] + FileIO v1.4.1
  [1a297f60] + FillArrays v0.9.5
  [033835bb] + JLD2 v0.1.14
  [e1d29d7a] + Missings v0.4.3
  [15e1cf62] + NPZ v0.4.0
  [b8a86587] + NearestNeighbors v0.4.6
  [efe28fd5] + OpenSpecFun_jll v0.5.3+3
  [bac558e1] + OrderedCollections v1.3.0
  [90014a1f] + PDMats v0.10.0
  [27ebfcd6] + Primes v0.5.0
  [1fd47b50] + QuadGK v2.4.1
  [79098fc4] + Rmath v0.6.1
  [f50d1b31] + Rmath_jll v0.2.2+1
  [a2af1166] + SortingAlgorithms v0.3.1
  [276daf66] + SpecialFunctions v0.10.3
  [90137ffa] + StaticArrays v0.12.4
  [2913bbd2] + StatsBase v0.33.0
  [4c63d2b9] + StatsFuns v0.9.5
  [3bb67fe8] + TranscodingStreams v0.9.5
  [a5390f91] + ZipFile v0.9.2
  [83775a58] + Zlib_jll v1.2.11+15
  [2a0f44e3] + Base64
  [ade2ca70] + Dates
  [8bb1440f] + DelimitedFiles
  [8ba89e20] + Distributed
  [b77e0a4c] + InteractiveUtils
  [76f85450] + LibGit2
  [8f399da3] + Libdl
  [37e2e46d] + LinearAlgebra
  [56ddb016] + Logging
  [d6f4376e] + Markdown
  [a63ad114] + Mmap
  [44cfe95a] + Pkg
  [de0858da] + Printf
  [3fa0cd96] + REPL
  [9a3f8284] + Random
  [ea8e919c] + SHA
  [9e88b42a] + Serialization
  [1a1011a3] + SharedArrays
  [6462fe0b] + Sockets
  [2f01184e] + SparseArrays
  [10745b16] + Statistics
  [4607b0f0] + SuiteSparse
  [8dfed614] + Test
  [cf7118a7] + UUIDs
  [4ec0a83e] + Unicode
    Testing DPMMSubClusters
Status `/tmp/jl_8pot15/Project.toml`
  [81a5f4ea] CatViews v1.0.0
  [aaaa29a8] Clustering v0.13.4
  [2841fd70] DPMMSubClusters v0.1.8
  [aaf54ef3] DistributedArrays v0.6.4
  [31c24e10] Distributions v0.23.9
  [033835bb] JLD2 v0.1.14
  [15e1cf62] NPZ v0.4.0
  [276daf66] SpecialFunctions v0.10.3
  [2913bbd2] StatsBase v0.33.0
  [8ba89e20] Distributed
  [37e2e46d] LinearAlgebra
  [9a3f8284] Random
  [8dfed614] Test
Status `/tmp/jl_8pot15/Manifest.toml`
  [81a5f4ea] CatViews v1.0.0
  [aaaa29a8] Clustering v0.13.4
  [944b1d66] CodecZlib v0.7.0
  [34da2185] Compat v3.14.0
  [e66e0078] CompilerSupportLibraries_jll v0.3.3+0
  [2841fd70] DPMMSubClusters v0.1.8
  [9a962f9c] DataAPI v1.3.0
  [864edb3b] DataStructures v0.17.20
  [b4f34e82] Distances v0.9.0
  [aaf54ef3] DistributedArrays v0.6.4
  [31c24e10] Distributions v0.23.9
  [5789e2e9] FileIO v1.4.1
  [1a297f60] FillArrays v0.9.5
  [033835bb] JLD2 v0.1.14
  [e1d29d7a] Missings v0.4.3
  [15e1cf62] NPZ v0.4.0
  [b8a86587] NearestNeighbors v0.4.6
  [efe28fd5] OpenSpecFun_jll v0.5.3+3
  [bac558e1] OrderedCollections v1.3.0
  [90014a1f] PDMats v0.10.0
  [27ebfcd6] Primes v0.5.0
  [1fd47b50] QuadGK v2.4.1
  [79098fc4] Rmath v0.6.1
  [f50d1b31] Rmath_jll v0.2.2+1
  [a2af1166] SortingAlgorithms v0.3.1
  [276daf66] SpecialFunctions v0.10.3
  [90137ffa] StaticArrays v0.12.4
  [2913bbd2] StatsBase v0.33.0
  [4c63d2b9] StatsFuns v0.9.5
  [3bb67fe8] TranscodingStreams v0.9.5
  [a5390f91] ZipFile v0.9.2
  [83775a58] Zlib_jll v1.2.11+15
  [2a0f44e3] Base64
  [ade2ca70] Dates
  [8bb1440f] DelimitedFiles
  [8ba89e20] Distributed
  [b77e0a4c] InteractiveUtils
  [76f85450] LibGit2
  [8f399da3] Libdl
  [37e2e46d] LinearAlgebra
  [56ddb016] Logging
  [d6f4376e] Markdown
  [a63ad114] Mmap
  [44cfe95a] Pkg
  [de0858da] Printf
  [3fa0cd96] REPL
  [9a3f8284] Random
  [ea8e919c] SHA
  [9e88b42a] Serialization
  [1a1011a3] SharedArrays
  [6462fe0b] Sockets
  [2f01184e] SparseArrays
  [10745b16] Statistics
  [4607b0f0] SuiteSparse
  [8dfed614] Test
  [cf7118a7] UUIDs
  [4ec0a83e] Unicode
Loading and distributing data:
  1.760784 seconds (957.46 k allocations: 48.194 MiB)
Node Leaders:
Dict{Any,Any}(1 => Any[1])
Iteration: 1 || Clusters count: 1 || Log posterior: -3184.8093386024666 || Vi score: no gt || NMI score: no gt || Iter Time:8.731446027755737 || Total time:8.731446027755737
Iteration: 2 || Clusters count: 1 || Log posterior: -3184.8093386024666 || Vi score: no gt || NMI score: no gt || Iter Time:0.0028460025787353516 || Total time:8.734292030334473
Iteration: 3 || Clusters count: 1 || Log posterior: -3184.8093386024666 || Vi score: no gt || NMI score: no gt || Iter Time:0.0021429061889648438 || Total time:8.736434936523438
Iteration: 4 || Clusters count: 1 || Log posterior: -3184.8093386024666 || Vi score: no gt || NMI score: no gt || Iter Time:0.022230148315429688 || Total time:8.758665084838867
Iteration: 5 || Clusters count: 1 || Log posterior: -3184.8093386024666 || Vi score: no gt || NMI score: no gt || Iter Time:0.0019860267639160156 || Total time:8.760651111602783
Iteration: 6 || Clusters count: 1 || Log posterior: -3184.8093386024666 || Vi score: no gt || NMI score: no gt || Iter Time:0.0018630027770996094 || Total time:8.762514114379883
Iteration: 7 || Clusters count: 1 || Log posterior: -3184.8093386024666 || Vi score: no gt || NMI score: no gt || Iter Time:0.0017979145050048828 || Total time:8.764312028884888
Iteration: 8 || Clusters count: 1 || Log posterior: -3184.8093386024666 || Vi score: no gt || NMI score: no gt || Iter Time:0.001878976821899414 || Total time:8.766191005706787
Iteration: 9 || Clusters count: 1 || Log posterior: -3184.8093386024666 || Vi score: no gt || NMI score: no gt || Iter Time:0.001775979995727539 || Total time:8.767966985702515
Iteration: 10 || Clusters count: 1 || Log posterior: -3184.8093386024666 || Vi score: no gt || NMI score: no gt || Iter Time:0.0018970966339111328 || Total time:8.769864082336426
Iteration: 11 || Clusters count: 1 || Log posterior: -3184.8093386024666 || Vi score: no gt || NMI score: no gt || Iter Time:0.0018558502197265625 || Total time:8.771719932556152
Iteration: 12 || Clusters count: 1 || Log posterior: -3184.8093386024666 || Vi score: no gt || NMI score: no gt || Iter Time:0.0019078254699707031 || Total time:8.773627758026123
Iteration: 13 || Clusters count: 1 || Log posterior: -3184.8093386024666 || Vi score: no gt || NMI score: no gt || Iter Time:0.0020399093627929688 || Total time:8.775667667388916
Iteration: 14 || Clusters count: 1 || Log posterior: -3184.8093386024666 || Vi score: no gt || NMI score: no gt || Iter Time:0.0019259452819824219 || Total time:8.777593612670898
Iteration: 15 || Clusters count: 1 || Log posterior: -3184.8093386024666 || Vi score: no gt || NMI score: no gt || Iter Time:0.0018799304962158203 || Total time:8.779473543167114
Iteration: 16 || Clusters count: 1 || Log posterior: -3184.8093386024666 || Vi score: no gt || NMI score: no gt || Iter Time:0.03205108642578125 || Total time:8.811524629592896
Iteration: 17 || Clusters count: 1 || Log posterior: -3184.8093386024666 || Vi score: no gt || NMI score: no gt || Iter Time:0.0020689964294433594 || Total time:8.813593626022339
Iteration: 18 || Clusters count: 1 || Log posterior: -3184.8093386024666 || Vi score: no gt || NMI score: no gt || Iter Time:0.0019412040710449219 || Total time:8.815534830093384
Iteration: 19 || Clusters count: 1 || Log posterior: -3184.8093386024666 || Vi score: no gt || NMI score: no gt || Iter Time:0.001889944076538086 || Total time:8.817424774169922
Iteration: 20 || Clusters count: 1 || Log posterior: -3184.8093386024666 || Vi score: no gt || NMI score: no gt || Iter Time:0.001833200454711914 || Total time:8.819257974624634
Iteration: 21 || Clusters count: 2 || Log posterior: -2051.7261574596596 || Vi score: no gt || NMI score: no gt || Iter Time:1.31256103515625 || Total time:10.131819009780884
Iteration: 22 || Clusters count: 2 || Log posterior: -1903.740333828373 || Vi score: no gt || NMI score: no gt || Iter Time:0.0028619766235351562 || Total time:10.134680986404419
Iteration: 23 || Clusters count: 2 || Log posterior: -1903.740333828373 || Vi score: no gt || NMI score: no gt || Iter Time:0.0023469924926757812 || Total time:10.137027978897095
Iteration: 24 || Clusters count: 2 || Log posterior: -1903.740333828373 || Vi score: no gt || NMI score: no gt || Iter Time:0.002454042434692383 || Total time:10.139482021331787
Iteration: 25 || Clusters count: 2 || Log posterior: -1903.740333828373 || Vi score: no gt || NMI score: no gt || Iter Time:0.002249002456665039 || Total time:10.141731023788452
Iteration: 26 || Clusters count: 2 || Log posterior: -1903.740333828373 || Vi score: no gt || NMI score: no gt || Iter Time:0.020588159561157227 || Total time:10.16231918334961
Iteration: 27 || Clusters count: 2 || Log posterior: -1903.740333828373 || Vi score: no gt || NMI score: no gt || Iter Time:0.0027670860290527344 || Total time:10.165086269378662
Iteration: 28 || Clusters count: 2 || Log posterior: -1903.740333828373 || Vi score: no gt || NMI score: no gt || Iter Time:0.0026531219482421875 || Total time:10.167739391326904
Iteration: 29 || Clusters count: 2 || Log posterior: -1903.740333828373 || Vi score: no gt || NMI score: no gt || Iter Time:0.0026857852935791016 || Total time:10.170425176620483
Iteration: 30 || Clusters count: 2 || Log posterior: -1903.740333828373 || Vi score: no gt || NMI score: no gt || Iter Time:0.002727031707763672 || Total time:10.173152208328247
Iteration: 31 || Clusters count: 2 || Log posterior: -1903.740333828373 || Vi score: no gt || NMI score: no gt || Iter Time:0.006836891174316406 || Total time:10.179989099502563
Iteration: 32 || Clusters count: 2 || Log posterior: -1903.740333828373 || Vi score: no gt || NMI score: no gt || Iter Time:0.0026128292083740234 || Total time:10.182601928710938
Iteration: 33 || Clusters count: 2 || Log posterior: -1903.740333828373 || Vi score: no gt || NMI score: no gt || Iter Time:0.002485036849975586 || Total time:10.185086965560913
Iteration: 34 || Clusters count: 2 || Log posterior: -1903.740333828373 || Vi score: no gt || NMI score: no gt || Iter Time:0.0024449825286865234 || Total time:10.1875319480896
Iteration: 35 || Clusters count: 3 || Log posterior: -1691.2592468589978 || Vi score: no gt || NMI score: no gt || Iter Time:0.0032389163970947266 || Total time:10.190770864486694
Iteration: 36 || Clusters count: 3 || Log posterior: -1328.973725351735 || Vi score: no gt || NMI score: no gt || Iter Time:0.002591848373413086 || Total time:10.193362712860107
Iteration: 37 || Clusters count: 3 || Log posterior: -1328.973725351735 || Vi score: no gt || NMI score: no gt || Iter Time:0.0027751922607421875 || Total time:10.19613790512085
Iteration: 38 || Clusters count: 3 || Log posterior: -1328.973725351735 || Vi score: no gt || NMI score: no gt || Iter Time:0.002763986587524414 || Total time:10.198901891708374
Iteration: 39 || Clusters count: 3 || Log posterior: -1328.973725351735 || Vi score: no gt || NMI score: no gt || Iter Time:0.0027489662170410156 || Total time:10.201650857925415
Iteration: 40 || Clusters count: 3 || Log posterior: -1328.973725351735 || Vi score: no gt || NMI score: no gt || Iter Time:0.003113985061645508 || Total time:10.20476484298706
Iteration: 41 || Clusters count: 3 || Log posterior: -1328.973725351735 || Vi score: no gt || NMI score: no gt || Iter Time:0.04241514205932617 || Total time:10.247179985046387
Iteration: 42 || Clusters count: 3 || Log posterior: -1328.973725351735 || Vi score: no gt || NMI score: no gt || Iter Time:0.003361940383911133 || Total time:10.250541925430298
Iteration: 43 || Clusters count: 3 || Log posterior: -1328.973725351735 || Vi score: no gt || NMI score: no gt || Iter Time:0.022060155868530273 || Total time:10.272602081298828
Iteration: 44 || Clusters count: 3 || Log posterior: -1328.973725351735 || Vi score: no gt || NMI score: no gt || Iter Time:0.0030879974365234375 || Total time:10.275690078735352
Iteration: 45 || Clusters count: 4 || Log posterior: -1190.7878139347272 || Vi score: no gt || NMI score: no gt || Iter Time:0.003757953643798828 || Total time:10.27944803237915
Iteration: 46 || Clusters count: 4 || Log posterior: -754.2071168750956 || Vi score: no gt || NMI score: no gt || Iter Time:0.0030078887939453125 || Total time:10.282455921173096
Iteration: 47 || Clusters count: 4 || Log posterior: -754.2071168750956 || Vi score: no gt || NMI score: no gt || Iter Time:0.003184080123901367 || Total time:10.285640001296997
Iteration: 48 || Clusters count: 4 || Log posterior: -754.2071168750956 || Vi score: no gt || NMI score: no gt || Iter Time:0.002763032913208008 || Total time:10.288403034210205
Iteration: 49 || Clusters count: 4 || Log posterior: -754.2071168750956 || Vi score: no gt || NMI score: no gt || Iter Time:0.0026111602783203125 || Total time:10.291014194488525
Iteration: 50 || Clusters count: 4 || Log posterior: -754.2071168750956 || Vi score: no gt || NMI score: no gt || Iter Time:0.0034210681915283203 || Total time:10.294435262680054
Iteration: 51 || Clusters count: 4 || Log posterior: -754.2071168750956 || Vi score: no gt || NMI score: no gt || Iter Time:0.0034368038177490234 || Total time:10.297872066497803
Iteration: 52 || Clusters count: 4 || Log posterior: -754.2071168750956 || Vi score: no gt || NMI score: no gt || Iter Time:0.0032830238342285156 || Total time:10.301155090332031
Iteration: 53 || Clusters count: 4 || Log posterior: -754.2071168750956 || Vi score: no gt || NMI score: no gt || Iter Time:0.003415822982788086 || Total time:10.30457091331482
Iteration: 54 || Clusters count: 4 || Log posterior: -754.2071168750956 || Vi score: no gt || NMI score: no gt || Iter Time:0.0032799243927001953 || Total time:10.30785083770752
Iteration: 55 || Clusters count: 4 || Log posterior: -754.2071168750956 || Vi score: no gt || NMI score: no gt || Iter Time:0.0031027793884277344 || Total time:10.310953617095947
Iteration: 56 || Clusters count: 4 || Log posterior: -754.2071168750956 || Vi score: no gt || NMI score: no gt || Iter Time:0.002791881561279297 || Total time:10.313745498657227
Iteration: 57 || Clusters count: 4 || Log posterior: -754.2071168750956 || Vi score: no gt || NMI score: no gt || Iter Time:0.002741098403930664 || Total time:10.316486597061157
Iteration: 58 || Clusters count: 4 || Log posterior: -754.2071168750956 || Vi score: no gt || NMI score: no gt || Iter Time:0.0030670166015625 || Total time:10.31955361366272
Iteration: 59 || Clusters count: 4 || Log posterior: -754.2071168750956 || Vi score: no gt || NMI score: no gt || Iter Time:0.0031890869140625 || Total time:10.322742700576782
Iteration: 60 || Clusters count: 4 || Log posterior: -754.2071168750956 || Vi score: no gt || NMI score: no gt || Iter Time:0.0032689571380615234 || Total time:10.326011657714844
Iteration: 61 || Clusters count: 4 || Log posterior: -754.2071168750956 || Vi score: no gt || NMI score: no gt || Iter Time:0.003481149673461914 || Total time:10.329492807388306
Iteration: 62 || Clusters count: 4 || Log posterior: -754.2071168750956 || Vi score: no gt || NMI score: no gt || Iter Time:0.0035181045532226562 || Total time:10.333010911941528
Iteration: 63 || Clusters count: 4 || Log posterior: -754.2071168750956 || Vi score: no gt || NMI score: no gt || Iter Time:0.003492116928100586 || Total time:10.336503028869629
Iteration: 64 || Clusters count: 4 || Log posterior: -754.2071168750956 || Vi score: no gt || NMI score: no gt || Iter Time:0.0028820037841796875 || Total time:10.339385032653809
Iteration: 65 || Clusters count: 4 || Log posterior: -754.2071168750956 || Vi score: no gt || NMI score: no gt || Iter Time:0.002919912338256836 || Total time:10.342304944992065
Iteration: 66 || Clusters count: 4 || Log posterior: -754.2071168750956 || Vi score: no gt || NMI score: no gt || Iter Time:0.003515958786010742 || Total time:10.345820903778076
Iteration: 67 || Clusters count: 4 || Log posterior: -754.2071168750956 || Vi score: no gt || NMI score: no gt || Iter Time:0.0032019615173339844 || Total time:10.34902286529541
Iteration: 68 || Clusters count: 4 || Log posterior: -754.2071168750956 || Vi score: no gt || NMI score: no gt || Iter Time:0.003490924835205078 || Total time:10.352513790130615
Iteration: 69 || Clusters count: 4 || Log posterior: -754.2071168750956 || Vi score: no gt || NMI score: no gt || Iter Time:0.002602100372314453 || Total time:10.35511589050293
Iteration: 70 || Clusters count: 4 || Log posterior: -754.2071168750956 || Vi score: no gt || NMI score: no gt || Iter Time:0.0031948089599609375 || Total time:10.35831069946289
Iteration: 71 || Clusters count: 4 || Log posterior: -754.2071168750956 || Vi score: no gt || NMI score: no gt || Iter Time:0.0032749176025390625 || Total time:10.36158561706543
Iteration: 72 || Clusters count: 4 || Log posterior: -754.2071168750956 || Vi score: no gt || NMI score: no gt || Iter Time:0.003206014633178711 || Total time:10.364791631698608
Iteration: 73 || Clusters count: 4 || Log posterior: -754.2071168750956 || Vi score: no gt || NMI score: no gt || Iter Time:0.0035309791564941406 || Total time:10.368322610855103
Iteration: 74 || Clusters count: 4 || Log posterior: -754.2071168750956 || Vi score: no gt || NMI score: no gt || Iter Time:0.0035049915313720703 || Total time:10.371827602386475
Iteration: 75 || Clusters count: 4 || Log posterior: -754.2071168750956 || Vi score: no gt || NMI score: no gt || Iter Time:0.0033071041107177734 || Total time:10.375134706497192
Iteration: 76 || Clusters count: 4 || Log posterior: -754.2071168750956 || Vi score: no gt || NMI score: no gt || Iter Time:0.003053903579711914 || Total time:10.378188610076904
Iteration: 77 || Clusters count: 4 || Log posterior: -754.2071168750956 || Vi score: no gt || NMI score: no gt || Iter Time:0.003568887710571289 || Total time:10.381757497787476
Iteration: 78 || Clusters count: 4 || Log posterior: -754.2071168750956 || Vi score: no gt || NMI score: no gt || Iter Time:0.0035619735717773438 || Total time:10.385319471359253
Iteration: 79 || Clusters count: 4 || Log posterior: -754.2071168750956 || Vi score: no gt || NMI score: no gt || Iter Time:0.0033860206604003906 || Total time:10.388705492019653
Iteration: 80 || Clusters count: 4 || Log posterior: -754.2071168750956 || Vi score: no gt || NMI score: no gt || Iter Time:0.0032379627227783203 || Total time:10.391943454742432
Iteration: 81 || Clusters count: 4 || Log posterior: -754.2071168750956 || Vi score: no gt || NMI score: no gt || Iter Time:0.003626108169555664 || Total time:10.395569562911987
Iteration: 82 || Clusters count: 4 || Log posterior: -754.2071168750956 || Vi score: no gt || NMI score: no gt || Iter Time:0.0040628910064697266 || Total time:10.399632453918457
Iteration: 83 || Clusters count: 4 || Log posterior: -754.2071168750956 || Vi score: no gt || NMI score: no gt || Iter Time:0.0035698413848876953 || Total time:10.403202295303345
Iteration: 84 || Clusters count: 4 || Log posterior: -754.2071168750956 || Vi score: no gt || NMI score: no gt || Iter Time:0.00368499755859375 || Total time:10.406887292861938
Iteration: 85 || Clusters count: 4 || Log posterior: -754.2071168750956 || Vi score: no gt || NMI score: no gt || Iter Time:0.0035390853881835938 || Total time:10.410426378250122
Iteration: 86 || Clusters count: 4 || Log posterior: -754.2071168750956 || Vi score: no gt || NMI score: no gt || Iter Time:0.003345012664794922 || Total time:10.413771390914917
Iteration: 87 || Clusters count: 4 || Log posterior: -754.2071168750956 || Vi score: no gt || NMI score: no gt || Iter Time:0.004084110260009766 || Total time:10.417855501174927
Iteration: 88 || Clusters count: 4 || Log posterior: -754.2071168750956 || Vi score: no gt || NMI score: no gt || Iter Time:0.004059791564941406 || Total time:10.421915292739868
Iteration: 89 || Clusters count: 4 || Log posterior: -754.2071168750956 || Vi score: no gt || NMI score: no gt || Iter Time:0.0036020278930664062 || Total time:10.425517320632935
Iteration: 90 || Clusters count: 4 || Log posterior: -754.2071168750956 || Vi score: no gt || NMI score: no gt || Iter Time:0.0037288665771484375 || Total time:10.429246187210083
Iteration: 91 || Clusters count: 4 || Log posterior: -754.2071168750956 || Vi score: no gt || NMI score: no gt || Iter Time:0.003911018371582031 || Total time:10.433157205581665
Iteration: 92 || Clusters count: 4 || Log posterior: -754.2071168750956 || Vi score: no gt || NMI score: no gt || Iter Time:0.003453969955444336 || Total time:10.43661117553711
Iteration: 93 || Clusters count: 4 || Log posterior: -754.2071168750956 || Vi score: no gt || NMI score: no gt || Iter Time:0.0037450790405273438 || Total time:10.440356254577637
Iteration: 94 || Clusters count: 4 || Log posterior: -754.2071168750956 || Vi score: no gt || NMI score: no gt || Iter Time:0.003940105438232422 || Total time:10.44429636001587
Iteration: 95 || Clusters count: 4 || Log posterior: -754.2071168750956 || Vi score: no gt || NMI score: no gt || Iter Time:0.0047550201416015625 || Total time:10.44905138015747
Iteration: 96 || Clusters count: 4 || Log posterior: -754.2071168750956 || Vi score: no gt || NMI score: no gt || Iter Time:0.00391697883605957 || Total time:10.45296835899353
Iteration: 97 || Clusters count: 4 || Log posterior: -754.2071168750956 || Vi score: no gt || NMI score: no gt || Iter Time:0.003963947296142578 || Total time:10.456932306289673
Iteration: 98 || Clusters count: 4 || Log posterior: -754.2071168750956 || Vi score: no gt || NMI score: no gt || Iter Time:0.02297806739807129 || Total time:10.479910373687744
Iteration: 99 || Clusters count: 4 || Log posterior: -754.2071168750956 || Vi score: no gt || NMI score: no gt || Iter Time:0.003420114517211914 || Total time:10.483330488204956
Iteration: 100 || Clusters count: 4 || Log posterior: -754.2071168750956 || Vi score: no gt || NMI score: no gt || Iter Time:0.003412961959838867 || Total time:10.486743450164795
Iteration: 101 || Clusters count: 4 || Log posterior: -754.2071168750956 || Vi score: no gt || NMI score: no gt || Iter Time:0.003760814666748047 || Total time:10.490504264831543
Iteration: 102 || Clusters count: 4 || Log posterior: -754.2071168750956 || Vi score: no gt || NMI score: no gt || Iter Time:0.003991127014160156 || Total time:10.494495391845703
Iteration: 103 || Clusters count: 4 || Log posterior: -754.2071168750956 || Vi score: no gt || NMI score: no gt || Iter Time:0.003325939178466797 || Total time:10.49782133102417
Iteration: 104 || Clusters count: 4 || Log posterior: -754.2071168750956 || Vi score: no gt || NMI score: no gt || Iter Time:0.0032401084899902344 || Total time:10.50106143951416
Iteration: 105 || Clusters count: 4 || Log posterior: -754.2071168750956 || Vi score: no gt || NMI score: no gt || Iter Time:0.0025589466094970703 || Total time:10.503620386123657
Iteration: 106 || Clusters count: 4 || Log posterior: -754.2071168750956 || Vi score: no gt || NMI score: no gt || Iter Time:0.002964019775390625 || Total time:10.506584405899048
Iteration: 107 || Clusters count: 4 || Log posterior: -754.2071168750956 || Vi score: no gt || NMI score: no gt || Iter Time:0.003245115280151367 || Total time:10.5098295211792
Iteration: 108 || Clusters count: 4 || Log posterior: -754.2071168750956 || Vi score: no gt || NMI score: no gt || Iter Time:0.0034668445587158203 || Total time:10.513296365737915
Iteration: 109 || Clusters count: 4 || Log posterior: -754.2071168750956 || Vi score: no gt || NMI score: no gt || Iter Time:0.0041539669036865234 || Total time:10.517450332641602
Iteration: 110 || Clusters count: 4 || Log posterior: -754.2071168750956 || Vi score: no gt || NMI score: no gt || Iter Time:0.0035309791564941406 || Total time:10.520981311798096
Iteration: 111 || Clusters count: 4 || Log posterior: -754.2071168750956 || Vi score: no gt || NMI score: no gt || Iter Time:0.003400087356567383 || Total time:10.524381399154663
Iteration: 112 || Clusters count: 4 || Log posterior: -754.2071168750956 || Vi score: no gt || NMI score: no gt || Iter Time:0.003690958023071289 || Total time:10.528072357177734
Iteration: 113 || Clusters count: 4 || Log posterior: -754.2071168750956 || Vi score: no gt || NMI score: no gt || Iter Time:0.0037670135498046875 || Total time:10.531839370727539
Iteration: 114 || Clusters count: 4 || Log posterior: -754.2071168750956 || Vi score: no gt || NMI score: no gt || Iter Time:0.0032858848571777344 || Total time:10.535125255584717
Iteration: 115 || Clusters count: 4 || Log posterior: -754.2071168750956 || Vi score: no gt || NMI score: no gt || Iter Time:0.0034780502319335938 || Total time:10.53860330581665
Iteration: 116 || Clusters count: 4 || Log posterior: -754.2071168750956 || Vi score: no gt || NMI score: no gt || Iter Time:0.0030670166015625 || Total time:10.541670322418213
Iteration: 117 || Clusters count: 4 || Log posterior: -754.2071168750956 || Vi score: no gt || NMI score: no gt || Iter Time:0.003216981887817383 || Total time:10.54488730430603
Iteration: 118 || Clusters count: 4 || Log posterior: -754.2071168750956 || Vi score: no gt || NMI score: no gt || Iter Time:0.0032379627227783203 || Total time:10.548125267028809
Iteration: 119 || Clusters count: 4 || Log posterior: -754.2071168750956 || Vi score: no gt || NMI score: no gt || Iter Time:0.003511190414428711 || Total time:10.551636457443237
Iteration: 120 || Clusters count: 4 || Log posterior: -754.2071168750956 || Vi score: no gt || NMI score: no gt || Iter Time:0.0033447742462158203 || Total time:10.554981231689453
Iteration: 121 || Clusters count: 4 || Log posterior: -754.2071168750956 || Vi score: no gt || NMI score: no gt || Iter Time:0.003345966339111328 || Total time:10.558327198028564
Iteration: 122 || Clusters count: 4 || Log posterior: -754.2071168750956 || Vi score: no gt || NMI score: no gt || Iter Time:0.0033998489379882812 || Total time:10.561727046966553
Iteration: 123 || Clusters count: 4 || Log posterior: -754.2071168750956 || Vi score: no gt || NMI score: no gt || Iter Time:0.003155946731567383 || Total time:10.56488299369812
Iteration: 124 || Clusters count: 4 || Log posterior: -754.2071168750956 || Vi score: no gt || NMI score: no gt || Iter Time:0.002936840057373047 || Total time:10.567819833755493
Iteration: 125 || Clusters count: 4 || Log posterior: -754.2071168750956 || Vi score: no gt || NMI score: no gt || Iter Time:0.003442049026489258 || Total time:10.571261882781982
Iteration: 126 || Clusters count: 4 || Log posterior: -754.2071168750956 || Vi score: no gt || NMI score: no gt || Iter Time:0.0032219886779785156 || Total time:10.574483871459961
Iteration: 127 || Clusters count: 4 || Log posterior: -754.2071168750956 || Vi score: no gt || NMI score: no gt || Iter Time:0.0034530162811279297 || Total time:10.577936887741089
Iteration: 128 || Clusters count: 4 || Log posterior: -754.2071168750956 || Vi score: no gt || NMI score: no gt || Iter Time:0.003412008285522461 || Total time:10.581348896026611
Iteration: 129 || Clusters count: 4 || Log posterior: -754.2071168750956 || Vi score: no gt || NMI score: no gt || Iter Time:0.0031020641326904297 || Total time:10.584450960159302
Iteration: 130 || Clusters count: 4 || Log posterior: -754.2071168750956 || Vi score: no gt || NMI score: no gt || Iter Time:0.0035598278045654297 || Total time:10.588010787963867
Iteration: 131 || Clusters count: 4 || Log posterior: -754.2071168750956 || Vi score: no gt || NMI score: no gt || Iter Time:0.00339508056640625 || Total time:10.591405868530273
Iteration: 132 || Clusters count: 4 || Log posterior: -754.2071168750956 || Vi score: no gt || NMI score: no gt || Iter Time:0.003632068634033203 || Total time:10.595037937164307
Iteration: 133 || Clusters count: 4 || Log posterior: -754.2071168750956 || Vi score: no gt || NMI score: no gt || Iter Time:0.003409862518310547 || Total time:10.598447799682617
Iteration: 134 || Clusters count: 4 || Log posterior: -754.2071168750956 || Vi score: no gt || NMI score: no gt || Iter Time:0.0029489994049072266 || Total time:10.601396799087524
Iteration: 135 || Clusters count: 4 || Log posterior: -754.2071168750956 || Vi score: no gt || NMI score: no gt || Iter Time:0.0026540756225585938 || Total time:10.604050874710083
Iteration: 136 || Clusters count: 4 || Log posterior: -754.2071168750956 || Vi score: no gt || NMI score: no gt || Iter Time:0.0031409263610839844 || Total time:10.607191801071167
Iteration: 137 || Clusters count: 4 || Log posterior: -754.2071168750956 || Vi score: no gt || NMI score: no gt || Iter Time:0.003330230712890625 || Total time:10.610522031784058
Iteration: 138 || Clusters count: 4 || Log posterior: -754.2071168750956 || Vi score: no gt || NMI score: no gt || Iter Time:0.0030341148376464844 || Total time:10.613556146621704
Iteration: 139 || Clusters count: 4 || Log posterior: -754.2071168750956 || Vi score: no gt || NMI score: no gt || Iter Time:0.003470897674560547 || Total time:10.617027044296265
Iteration: 140 || Clusters count: 4 || Log posterior: -754.2071168750956 || Vi score: no gt || NMI score: no gt || Iter Time:0.003425121307373047 || Total time:10.620452165603638
Iteration: 141 || Clusters count: 4 || Log posterior: -754.2071168750956 || Vi score: no gt || NMI score: no gt || Iter Time:0.0035228729248046875 || Total time:10.623975038528442
Iteration: 142 || Clusters count: 4 || Log posterior: -754.2071168750956 || Vi score: no gt || NMI score: no gt || Iter Time:0.003228902816772461 || Total time:10.627203941345215
Iteration: 143 || Clusters count: 4 || Log posterior: -754.2071168750956 || Vi score: no gt || NMI score: no gt || Iter Time:0.003264188766479492 || Total time:10.630468130111694
Iteration: 144 || Clusters count: 4 || Log posterior: -754.2071168750956 || Vi score: no gt || NMI score: no gt || Iter Time:0.003426074981689453 || Total time:10.633894205093384
Iteration: 145 || Clusters count: 4 || Log posterior: -754.2071168750956 || Vi score: no gt || NMI score: no gt || Iter Time:0.0031108856201171875 || Total time:10.637005090713501
Iteration: 146 || Clusters count: 4 || Log posterior: -754.2071168750956 || Vi score: no gt || NMI score: no gt || Iter Time:0.002833843231201172 || Total time:10.639838933944702
Iteration: 147 || Clusters count: 4 || Log posterior: -754.2071168750956 || Vi score: no gt || NMI score: no gt || Iter Time:0.003361940383911133 || Total time:10.643200874328613
Iteration: 148 || Clusters count: 4 || Log posterior: -754.2071168750956 || Vi score: no gt || NMI score: no gt || Iter Time:0.0032138824462890625 || Total time:10.646414756774902
Iteration: 149 || Clusters count: 4 || Log posterior: -754.2071168750956 || Vi score: no gt || NMI score: no gt || Iter Time:0.00335693359375 || Total time:10.649771690368652
Iteration: 150 || Clusters count: 4 || Log posterior: -754.2071168750956 || Vi score: no gt || NMI score: no gt || Iter Time:0.0034160614013671875 || Total time:10.65318775177002
Iteration: 151 || Clusters count: 4 || Log posterior: -754.2071168750956 || Vi score: no gt || NMI score: no gt || Iter Time:0.003468036651611328 || Total time:10.65665578842163
Iteration: 152 || Clusters count: 4 || Log posterior: -754.2071168750956 || Vi score: no gt || NMI score: no gt || Iter Time:0.0032389163970947266 || Total time:10.659894704818726
Iteration: 153 || Clusters count: 4 || Log posterior: -754.2071168750956 || Vi score: no gt || NMI score: no gt || Iter Time:0.0031239986419677734 || Total time:10.663018703460693
Iteration: 154 || Clusters count: 4 || Log posterior: -754.2071168750956 || Vi score: no gt || NMI score: no gt || Iter Time:0.00347900390625 || Total time:10.666497707366943
Iteration: 155 || Clusters count: 4 || Log posterior: -754.2071168750956 || Vi score: no gt || NMI score: no gt || Iter Time:0.02135491371154785 || Total time:10.687852621078491
Iteration: 156 || Clusters count: 4 || Log posterior: -754.2071168750956 || Vi score: no gt || NMI score: no gt || Iter Time:0.0032579898834228516 || Total time:10.691110610961914
Iteration: 157 || Clusters count: 4 || Log posterior: -754.2071168750956 || Vi score: no gt || NMI score: no gt || Iter Time:0.003323078155517578 || Total time:10.694433689117432
Iteration: 158 || Clusters count: 4 || Log posterior: -754.2071168750956 || Vi score: no gt || NMI score: no gt || Iter Time:0.0032629966735839844 || Total time:10.697696685791016
Iteration: 159 || Clusters count: 4 || Log posterior: -754.2071168750956 || Vi score: no gt || NMI score: no gt || Iter Time:0.0035278797149658203 || Total time:10.701224565505981
Iteration: 160 || Clusters count: 4 || Log posterior: -754.2071168750956 || Vi score: no gt || NMI score: no gt || Iter Time:0.0033729076385498047 || Total time:10.704597473144531
Iteration: 161 || Clusters count: 4 || Log posterior: -754.2071168750956 || Vi score: no gt || NMI score: no gt || Iter Time:0.002777099609375 || Total time:10.707374572753906
Iteration: 162 || Clusters count: 4 || Log posterior: -754.2071168750956 || Vi score: no gt || NMI score: no gt || Iter Time:0.0031249523162841797 || Total time:10.71049952507019
Iteration: 163 || Clusters count: 4 || Log posterior: -754.2071168750956 || Vi score: no gt || NMI score: no gt || Iter Time:0.003077983856201172 || Total time:10.713577508926392
Iteration: 164 || Clusters count: 4 || Log posterior: -754.2071168750956 || Vi score: no gt || NMI score: no gt || Iter Time:0.0031011104583740234 || Total time:10.716678619384766
Iteration: 165 || Clusters count: 4 || Log posterior: -754.2071168750956 || Vi score: no gt || NMI score: no gt || Iter Time:0.0033369064331054688 || Total time:10.720015525817871
Iteration: 166 || Clusters count: 4 || Log posterior: -754.2071168750956 || Vi score: no gt || NMI score: no gt || Iter Time:0.003507852554321289 || Total time:10.723523378372192
Iteration: 167 || Clusters count: 4 || Log posterior: -754.2071168750956 || Vi score: no gt || NMI score: no gt || Iter Time:0.0034339427947998047 || Total time:10.726957321166992
Iteration: 168 || Clusters count: 4 || Log posterior: -754.2071168750956 || Vi score: no gt || NMI score: no gt || Iter Time:0.0033180713653564453 || Total time:10.730275392532349
Iteration: 169 || Clusters count: 4 || Log posterior: -754.2071168750956 || Vi score: no gt || NMI score: no gt || Iter Time:0.002930164337158203 || Total time:10.733205556869507
Iteration: 170 || Clusters count: 4 || Log posterior: -754.2071168750956 || Vi score: no gt || NMI score: no gt || Iter Time:0.003161191940307617 || Total time:10.736366748809814
Iteration: 171 || Clusters count: 4 || Log posterior: -754.2071168750956 || Vi score: no gt || NMI score: no gt || Iter Time:0.003195047378540039 || Total time:10.739561796188354
Iteration: 172 || Clusters count: 4 || Log posterior: -754.2071168750956 || Vi score: no gt || NMI score: no gt || Iter Time:0.0030260086059570312 || Total time:10.742587804794312
Iteration: 173 || Clusters count: 4 || Log posterior: -754.2071168750956 || Vi score: no gt || NMI score: no gt || Iter Time:0.0031948089599609375 || Total time:10.745782613754272
Iteration: 174 || Clusters count: 4 || Log posterior: -754.2071168750956 || Vi score: no gt || NMI score: no gt || Iter Time:0.0031020641326904297 || Total time:10.748884677886963
Iteration: 175 || Clusters count: 4 || Log posterior: -754.2071168750956 || Vi score: no gt || NMI score: no gt || Iter Time:0.0033140182495117188 || Total time:10.752198696136475
Iteration: 176 || Clusters count: 4 || Log posterior: -754.2071168750956 || Vi score: no gt || NMI score: no gt || Iter Time:0.003144979476928711 || Total time:10.755343675613403
Iteration: 177 || Clusters count: 4 || Log posterior: -754.2071168750956 || Vi score: no gt || NMI score: no gt || Iter Time:0.0034019947052001953 || Total time:10.758745670318604
Iteration: 178 || Clusters count: 4 || Log posterior: -754.2071168750956 || Vi score: no gt || NMI score: no gt || Iter Time:0.0033669471740722656 || Total time:10.762112617492676
Iteration: 179 || Clusters count: 4 || Log posterior: -754.2071168750956 || Vi score: no gt || NMI score: no gt || Iter Time:0.0031490325927734375 || Total time:10.76526165008545
Iteration: 180 || Clusters count: 4 || Log posterior: -754.2071168750956 || Vi score: no gt || NMI score: no gt || Iter Time:0.0030698776245117188 || Total time:10.768331527709961
Iteration: 181 || Clusters count: 4 || Log posterior: -754.2071168750956 || Vi score: no gt || NMI score: no gt || Iter Time:0.0032498836517333984 || Total time:10.771581411361694
Iteration: 182 || Clusters count: 4 || Log posterior: -754.2071168750956 || Vi score: no gt || NMI score: no gt || Iter Time:0.003123044967651367 || Total time:10.774704456329346
Iteration: 183 || Clusters count: 4 || Log posterior: -754.2071168750956 || Vi score: no gt || NMI score: no gt || Iter Time:0.003072977066040039 || Total time:10.777777433395386
Iteration: 184 || Clusters count: 4 || Log posterior: -754.2071168750956 || Vi score: no gt || NMI score: no gt || Iter Time:0.0031800270080566406 || Total time:10.780957460403442
Iteration: 185 || Clusters count: 4 || Log posterior: -754.2071168750956 || Vi score: no gt || NMI score: no gt || Iter Time:0.0029959678649902344 || Total time:10.783953428268433
Iteration: 186 || Clusters count: 4 || Log posterior: -754.2071168750956 || Vi score: no gt || NMI score: no gt || Iter Time:0.0031189918518066406 || Total time:10.78707242012024
Iteration: 187 || Clusters count: 4 || Log posterior: -754.2071168750956 || Vi score: no gt || NMI score: no gt || Iter Time:0.003201007843017578 || Total time:10.790273427963257
Iteration: 188 || Clusters count: 4 || Log posterior: -754.2071168750956 || Vi score: no gt || NMI score: no gt || Iter Time:0.0032050609588623047 || Total time:10.79347848892212
Iteration: 189 || Clusters count: 4 || Log posterior: -754.2071168750956 || Vi score: no gt || NMI score: no gt || Iter Time:0.0034449100494384766 || Total time:10.796923398971558
Iteration: 190 || Clusters count: 4 || Log posterior: -754.2071168750956 || Vi score: no gt || NMI score: no gt || Iter Time:0.0032608509063720703 || Total time:10.80018424987793
Iteration: 191 || Clusters count: 4 || Log posterior: -754.2071168750956 || Vi score: no gt || NMI score: no gt || Iter Time:0.0033299922943115234 || Total time:10.803514242172241
Iteration: 192 || Clusters count: 4 || Log posterior: -754.2071168750956 || Vi score: no gt || NMI score: no gt || Iter Time:0.003215789794921875 || Total time:10.806730031967163
Iteration: 193 || Clusters count: 4 || Log posterior: -754.2071168750956 || Vi score: no gt || NMI score: no gt || Iter Time:0.003103971481323242 || Total time:10.809834003448486
Iteration: 194 || Clusters count: 4 || Log posterior: -754.2071168750956 || Vi score: no gt || NMI score: no gt || Iter Time:0.003676891326904297 || Total time:10.81351089477539
Iteration: 195 || Clusters count: 4 || Log posterior: -754.2071168750956 || Vi score: no gt || NMI score: no gt || Iter Time:1.1496992111206055 || Total time:11.963210105895996
Iteration: 196 || Clusters count: 4 || Log posterior: -754.2071168750956 || Vi score: no gt || NMI score: no gt || Iter Time:0.004185199737548828 || Total time:11.967395305633545
Iteration: 197 || Clusters count: 4 || Log posterior: -754.2071168750956 || Vi score: no gt || NMI score: no gt || Iter Time:0.0043849945068359375 || Total time:11.97178030014038
Iteration: 198 || Clusters count: 4 || Log posterior: -754.2071168750956 || Vi score: no gt || NMI score: no gt || Iter Time:0.0040700435638427734 || Total time:11.975850343704224
Iteration: 199 || Clusters count: 4 || Log posterior: -754.2071168750956 || Vi score: no gt || NMI score: no gt || Iter Time:0.0043828487396240234 || Total time:11.980233192443848
Iteration: 200 || Clusters count: 4 || Log posterior: -754.2071168750956 || Vi score: no gt || NMI score: no gt || Iter Time:0.0041310787200927734 || Total time:11.98436427116394
Float32[0.2513003, 0.2151584, 0.22256182, 0.2370522]
Test Summary:                 | Pass  Total
Testing Module (Determinstic) |   10     10
[3798, 7510, 25856, 10044, 13467, 3032, 14417, 11925, 8916, 1035]
Loading and distributing data:
  0.003550 seconds (132 allocations: 1.151 MiB)
Node Leaders:
Dict{Any,Any}(1 => Any[1])
Iteration: 1 || Clusters count: 1 || Log posterior: -7446.187491691671 || Vi score: 2.0708648708156385 || NMI score: -4.288925039084297e-16 || Iter Time:0.44868898391723633 || Total time:0.44868898391723633
Iteration: 2 || Clusters count: 1 || Log posterior: -7446.187491691671 || Vi score: 2.0708648708156385 || NMI score: -4.288925039084297e-16 || Iter Time:0.10154414176940918 || Total time:0.5502331256866455
Iteration: 3 || Clusters count: 1 || Log posterior: -7446.187491691671 || Vi score: 2.0708648708156385 || NMI score: -4.288925039084297e-16 || Iter Time:0.14684200286865234 || Total time:0.6970751285552979
Iteration: 4 || Clusters count: 1 || Log posterior: -7446.187491691671 || Vi score: 2.0708648708156385 || NMI score: -4.288925039084297e-16 || Iter Time:0.2795400619506836 || Total time:0.9766151905059814
Iteration: 5 || Clusters count: 1 || Log posterior: -7446.187491691671 || Vi score: 2.0708648708156385 || NMI score: -4.288925039084297e-16 || Iter Time:0.45580196380615234 || Total time:1.4324171543121338
Iteration: 6 || Clusters count: 1 || Log posterior: -7446.187491691671 || Vi score: 2.0708648708156385 || NMI score: -4.288925039084297e-16 || Iter Time:0.43198204040527344 || Total time:1.8643991947174072
Iteration: 7 || Clusters count: 1 || Log posterior: -7446.187491691671 || Vi score: 2.0708648708156385 || NMI score: -4.288925039084297e-16 || Iter Time:0.26717591285705566 || Total time:2.131575107574463
Iteration: 8 || Clusters count: 1 || Log posterior: -7446.187491691671 || Vi score: 2.0708648708156385 || NMI score: -4.288925039084297e-16 || Iter Time:0.2686901092529297 || Total time:2.4002652168273926
Iteration: 9 || Clusters count: 1 || Log posterior: -7446.187491691671 || Vi score: 2.0708648708156385 || NMI score: -4.288925039084297e-16 || Iter Time:0.3902730941772461 || Total time:2.7905383110046387
Iteration: 10 || Clusters count: 1 || Log posterior: -7446.187491691671 || Vi score: 2.0708648708156385 || NMI score: -4.288925039084297e-16 || Iter Time:0.4449129104614258 || Total time:3.2354512214660645
Iteration: 11 || Clusters count: 1 || Log posterior: -7446.187491691671 || Vi score: 2.0708648708156385 || NMI score: -4.288925039084297e-16 || Iter Time:0.4069399833679199 || Total time:3.6423912048339844
Iteration: 12 || Clusters count: 1 || Log posterior: -7446.187491691671 || Vi score: 2.0708648708156385 || NMI score: -4.288925039084297e-16 || Iter Time:0.3211519718170166 || Total time:3.963543176651001
Iteration: 13 || Clusters count: 1 || Log posterior: -7446.187491691671 || Vi score: 2.0708648708156385 || NMI score: -4.288925039084297e-16 || Iter Time:0.42545199394226074 || Total time:4.388995170593262
Iteration: 14 || Clusters count: 2 || Log posterior: 60469.80750998203 || Vi score: 1.7301506603853203 || NMI score: 0.37205205064262775 || Iter Time:0.3998851776123047 || Total time:4.788880348205566
Iteration: 15 || Clusters count: 2 || Log posterior: 70283.43367394153 || Vi score: 1.6402728563715743 || NMI score: 0.40237304841339355 || Iter Time:0.22513484954833984 || Total time:5.014015197753906
Iteration: 16 || Clusters count: 2 || Log posterior: 87839.2498770589 || Vi score: 1.518019524039825 || NMI score: 0.4446366733813878 || Iter Time:0.32520103454589844 || Total time:5.339216232299805
Iteration: 17 || Clusters count: 2 || Log posterior: 95585.66779431049 || Vi score: 1.4607347523905332 || NMI score: 0.46486581430006807 || Iter Time:0.48616600036621094 || Total time:5.825382232666016
Iteration: 18 || Clusters count: 2 || Log posterior: 96149.73242005054 || Vi score: 1.4527863848031737 || NMI score: 0.46764590224675434 || Iter Time:0.677757978439331 || Total time:6.503140211105347
Iteration: 19 || Clusters count: 2 || Log posterior: 96237.9821654195 || Vi score: 1.451638697099452 || NMI score: 0.46808220392504446 || Iter Time:0.4626319408416748 || Total time:6.9657721519470215
Iteration: 20 || Clusters count: 2 || Log posterior: 96270.29558237735 || Vi score: 1.4505066831096824 || NMI score: 0.4684402658356023 || Iter Time:0.3244290351867676 || Total time:7.290201187133789
Iteration: 21 || Clusters count: 2 || Log posterior: 96350.82734306995 || Vi score: 1.4494352405622677 || NMI score: 0.46880130383708446 || Iter Time:0.4084041118621826 || Total time:7.698605298995972
Iteration: 22 || Clusters count: 2 || Log posterior: 96307.92090710346 || Vi score: 1.4505500921042116 || NMI score: 0.468404333329631 || Iter Time:0.4305992126464844 || Total time:8.129204511642456
Iteration: 23 || Clusters count: 2 || Log posterior: 96224.70184954349 || Vi score: 1.4513253287553685 || NMI score: 0.4681392072709773 || Iter Time:0.3285820484161377 || Total time:8.457786560058594
Iteration: 24 || Clusters count: 2 || Log posterior: 96249.88907774631 || Vi score: 1.4515004597262715 || NMI score: 0.4680918784661308 || Iter Time:0.5149381160736084 || Total time:8.972724676132202
Iteration: 25 || Clusters count: 2 || Log posterior: 96344.07732733432 || Vi score: 1.4489201292487741 || NMI score: 0.46899113976872825 || Iter Time:0.594512939453125 || Total time:9.567237615585327
Iteration: 26 || Clusters count: 2 || Log posterior: 96285.17073544208 || Vi score: 1.4502090171098054 || NMI score: 0.4685398707993942 || Iter Time:0.44478893280029297 || Total time:10.01202654838562
Iteration: 27 || Clusters count: 2 || Log posterior: 96202.51419647876 || Vi score: 1.452620777472065 || NMI score: 0.4676739584835832 || Iter Time:0.6449759006500244 || Total time:10.657002449035645
Iteration: 28 || Clusters count: 2 || Log posterior: 96267.76474150363 || Vi score: 1.450771183708475 || NMI score: 0.4683180322508128 || Iter Time:0.3716278076171875 || Total time:11.028630256652832
Iteration: 29 || Clusters count: 4 || Log posterior: 251300.31279739086 || Vi score: 0.8683196725124855 || NMI score: 0.74541033255001 || Iter Time:0.6137540340423584 || Total time:11.64238429069519
Iteration: 30 || Clusters count: 4 || Log posterior: 268714.7672017449 || Vi score: 0.7900130492595044 || NMI score: 0.7676616940193315 || Iter Time:0.6225719451904297 || Total time:12.26495623588562
Iteration: 31 || Clusters count: 4 || Log posterior: 294363.6143544549 || Vi score: 0.749914447128022 || NMI score: 0.7792017580782459 || Iter Time:0.5944309234619141 || Total time:12.859387159347534
Iteration: 32 || Clusters count: 4 || Log posterior: 294392.52054580394 || Vi score: 0.7488041544137256 || NMI score: 0.7795294578245338 || Iter Time:0.6708469390869141 || Total time:13.530234098434448
Iteration: 33 || Clusters count: 4 || Log posterior: 294369.3018544549 || Vi score: 0.749914447128022 || NMI score: 0.7792017580782459 || Iter Time:0.7845380306243896 || Total time:14.314772129058838
Iteration: 34 || Clusters count: 4 || Log posterior: 294350.05184873287 || Vi score: 0.749900566394161 || NMI score: 0.7792059247896024 || Iter Time:0.5998959541320801 || Total time:14.914668083190918
Iteration: 35 || Clusters count: 4 || Log posterior: 294395.14554580394 || Vi score: 0.7488041544137256 || NMI score: 0.7795294578245338 || Iter Time:0.3869950771331787 || Total time:15.301663160324097
Iteration: 36 || Clusters count: 4 || Log posterior: 294345.33311017684 || Vi score: 0.7500221118829561 || NMI score: 0.7791699783670756 || Iter Time:0.7290570735931396 || Total time:16.030720233917236
Iteration: 37 || Clusters count: 4 || Log posterior: 294362.7705801362 || Vi score: 0.7494780478432778 || NMI score: 0.7793305663939569 || Iter Time:0.6977720260620117 || Total time:16.728492259979248
Iteration: 38 || Clusters count: 4 || Log posterior: 294378.77054580394 || Vi score: 0.7488041544137256 || NMI score: 0.7795294578245338 || Iter Time:0.5600020885467529 || Total time:17.288494348526
Iteration: 39 || Clusters count: 4 || Log posterior: 294400.6455171937 || Vi score: 0.7482214805463318 || NMI score: 0.7797014101916022 || Iter Time:0.3790700435638428 || Total time:17.667564392089844
Iteration: 40 || Clusters count: 4 || Log posterior: 294394.9580801362 || Vi score: 0.7494780478432778 || NMI score: 0.7793305663939569 || Iter Time:0.3103029727935791 || Total time:17.977867364883423
Iteration: 41 || Clusters count: 4 || Log posterior: 294368.92682441405 || Vi score: 0.7493674261593478 || NMI score: 0.7793632163953694 || Iter Time:0.7275211811065674 || Total time:18.70538854598999
Iteration: 42 || Clusters count: 4 || Log posterior: 294349.9268658989 || Vi score: 0.750225251446825 || NMI score: 0.7791100878049898 || Iter Time:1.0325520038604736 || Total time:19.737940549850464
Iteration: 43 || Clusters count: 4 || Log posterior: 294383.3330286377 || Vi score: 0.7484571326090227 || NMI score: 0.7796318690719773 || Iter Time:0.9366960525512695 || Total time:20.674636602401733
Iteration: 44 || Clusters count: 6 || Log posterior: 371584.6922088497 || Vi score: 0.66959984028577 || NMI score: 0.821073582239766 || Iter Time:0.7896730899810791 || Total time:21.464309692382812
Iteration: 45 || Clusters count: 6 || Log posterior: 372748.1072803372 || Vi score: 0.6694149634185831 || NMI score: 0.8211130069530946 || Iter Time:0.6314008235931396 || Total time:22.095710515975952
Iteration: 46 || Clusters count: 6 || Log posterior: 372970.6189647549 || Vi score: 0.6681113539229858 || NMI score: 0.8214622825303132 || Iter Time:0.476917028427124 || Total time:22.572627544403076
Iteration: 47 || Clusters count: 6 || Log posterior: 373666.9097953671 || Vi score: 0.6673315370534492 || NMI score: 0.8216621914084613 || Iter Time:0.5239689350128174 || Total time:23.096596479415894
Iteration: 48 || Clusters count: 6 || Log posterior: 374647.19593199424 || Vi score: 0.6643158536157853 || NMI score: 0.8224451246506186 || Iter Time:0.6431269645690918 || Total time:23.739723443984985
Iteration: 49 || Clusters count: 6 || Log posterior: 375573.72930391965 || Vi score: 0.6604179721849833 || NMI score: 0.8234583322937984 || Iter Time:0.4525260925292969 || Total time:24.192249536514282
Iteration: 50 || Clusters count: 6 || Log posterior: 376160.34953459434 || Vi score: 0.6559345102475405 || NMI score: 0.824624974518163 || Iter Time:0.6364600658416748 || Total time:24.828709602355957
Iteration: 51 || Clusters count: 6 || Log posterior: 376546.15838965116 || Vi score: 0.6510051475018335 || NMI score: 0.8259055070611314 || Iter Time:0.5271198749542236 || Total time:25.35582947731018
Iteration: 52 || Clusters count: 6 || Log posterior: 376999.356844508 || Vi score: 0.6443743165515823 || NMI score: 0.8276298542823681 || Iter Time:0.6931471824645996 || Total time:26.04897665977478
Iteration: 53 || Clusters count: 6 || Log posterior: 377445.77196701703 || Vi score: 0.6352330405925997 || NMI score: 0.830018054284091 || Iter Time:0.4823579788208008 || Total time:26.53133463859558
Iteration: 54 || Clusters count: 6 || Log posterior: 378216.75445088086 || Vi score: 0.6219535488106065 || NMI score: 0.8334784441882188 || Iter Time:0.6864538192749023 || Total time:27.217788457870483
Iteration: 55 || Clusters count: 7 || Log posterior: 401120.30532642547 || Vi score: 0.5308318371305877 || NMI score: 0.8639530040584951 || Iter Time:0.6386709213256836 || Total time:27.856459379196167
Iteration: 56 || Clusters count: 7 || Log posterior: 425658.923414194 || Vi score: 0.4189323478491438 || NMI score: 0.8924511642864652 || Iter Time:0.6914768218994141 || Total time:28.54793620109558
Iteration: 57 || Clusters count: 7 || Log posterior: 440260.3730201358 || Vi score: 0.3695595358539519 || NMI score: 0.905055120078158 || Iter Time:0.7191429138183594 || Total time:29.26707911491394
Iteration: 58 || Clusters count: 7 || Log posterior: 442200.5222530002 || Vi score: 0.362240502217588 || NMI score: 0.9069859025101308 || Iter Time:0.6943490505218506 || Total time:29.96142816543579
Iteration: 59 || Clusters count: 9 || Log posterior: 520556.1651262873 || Vi score: 0.24337627054589472 || NMI score: 0.9394531878905842 || Iter Time:0.7725911140441895 || Total time:30.73401927947998
Iteration: 60 || Clusters count: 10 || Log posterior: 545768.2016604776 || Vi score: 0.22999879601888643 || NMI score: 0.9444693544200589 || Iter Time:0.7461450099945068 || Total time:31.480164289474487
Iteration: 61 || Clusters count: 11 || Log posterior: 553650.7363011474 || Vi score: 0.17205605787598258 || NMI score: 0.9591425675506858 || Iter Time:0.6958088874816895 || Total time:32.17597317695618
Iteration: 62 || Clusters count: 11 || Log posterior: 565837.8884837264 || Vi score: 0.1085574822041726 || NMI score: 0.9741931391819512 || Iter Time:0.5823068618774414 || Total time:32.75828003883362
Iteration: 63 || Clusters count: 11 || Log posterior: 572192.4748479957 || Vi score: 0.07368993016475275 || NMI score: 0.9824591176385281 || Iter Time:0.6761698722839355 || Total time:33.434449911117554
Iteration: 64 || Clusters count: 11 || Log posterior: 576253.660855257 || Vi score: 0.05043735588656959 || NMI score: 0.9879662927217165 || Iter Time:0.9902708530426025 || Total time:34.424720764160156
Iteration: 65 || Clusters count: 11 || Log posterior: 576308.8224615688 || Vi score: 0.049170680370309326 || NMI score: 0.9882672754255455 || Iter Time:0.793586015701294 || Total time:35.21830677986145
Iteration: 66 || Clusters count: 11 || Log posterior: 576071.0341770286 || Vi score: 0.04941098374391968 || NMI score: 0.9882106121026287 || Iter Time:0.6958911418914795 || Total time:35.91419792175293
Iteration: 67 || Clusters count: 11 || Log posterior: 576019.5355918044 || Vi score: 0.04937681986388479 || NMI score: 0.9882186675190934 || Iter Time:0.8649461269378662 || Total time:36.779144048690796
Iteration: 68 || Clusters count: 11 || Log posterior: 575943.0944943065 || Vi score: 0.049558393265931845 || NMI score: 0.9881758562831074 || Iter Time:1.0660309791564941 || Total time:37.84517502784729
Iteration: 69 || Clusters count: 11 || Log posterior: 575876.2653071517 || Vi score: 0.04951314607618844 || NMI score: 0.9881865242834277 || Iter Time:0.6549868583679199 || Total time:38.50016188621521
Iteration: 70 || Clusters count: 11 || Log posterior: 575894.8958799476 || Vi score: 0.04933118250462647 || NMI score: 0.9882294284436349 || Iter Time:0.4848299026489258 || Total time:38.984991788864136
Iteration: 71 || Clusters count: 11 || Log posterior: 575930.8420443172 || Vi score: 0.04846910918429689 || NMI score: 0.9884327424759657 || Iter Time:0.6400890350341797 || Total time:39.625080823898315
Iteration: 72 || Clusters count: 11 || Log posterior: 575842.4153275127 || Vi score: 0.04926254295966393 || NMI score: 0.9882456135410252 || Iter Time:0.8150029182434082 || Total time:40.440083742141724
Iteration: 73 || Clusters count: 11 || Log posterior: 575758.9011294479 || Vi score: 0.04922814049618737 || NMI score: 0.9882537257875762 || Iter Time:0.721390962600708 || Total time:41.16147470474243
Iteration: 74 || Clusters count: 11 || Log posterior: 575687.9568435783 || Vi score: 0.04958098038897058 || NMI score: 0.9881705309681569 || Iter Time:0.8228399753570557 || Total time:41.98431468009949
Iteration: 75 || Clusters count: 11 || Log posterior: 575612.067648136 || Vi score: 0.04995017156995245 || NMI score: 0.9880834957333842 || Iter Time:1.0100231170654297 || Total time:42.99433779716492
Iteration: 76 || Clusters count: 11 || Log posterior: 575507.7883262271 || Vi score: 0.05045389094716426 || NMI score: 0.9879647707807752 || Iter Time:0.6812059879302979 || Total time:43.675543785095215
Iteration: 77 || Clusters count: 11 || Log posterior: 575395.9622213477 || Vi score: 0.05108161757374337 || NMI score: 0.9878168576648226 || Iter Time:0.5019819736480713 || Total time:44.177525758743286
Iteration: 78 || Clusters count: 11 || Log posterior: 575372.7912439937 || Vi score: 0.050913406866699686 || NMI score: 0.9878564893163064 || Iter Time:0.8750278949737549 || Total time:45.05255365371704
Iteration: 79 || Clusters count: 11 || Log posterior: 575425.1958930129 || Vi score: 0.050421424061217274 || NMI score: 0.9879724222557019 || Iter Time:0.7057840824127197 || Total time:45.75833773612976
Iteration: 80 || Clusters count: 11 || Log posterior: 575428.0198559398 || Vi score: 0.0495922648391443 || NMI score: 0.9881678704803434 || Iter Time:0.677746057510376 || Total time:46.43608379364014
Iteration: 81 || Clusters count: 11 || Log posterior: 575448.7142393226 || Vi score: 0.04933118250462647 || NMI score: 0.9882294284436349 || Iter Time:0.8973500728607178 || Total time:47.333433866500854
Iteration: 82 || Clusters count: 11 || Log posterior: 575447.4098999137 || Vi score: 0.049939080490632407 || NMI score: 0.9880861101843077 || Iter Time:0.6038239002227783 || Total time:47.93725776672363
Iteration: 83 || Clusters count: 11 || Log posterior: 575420.1476587886 || Vi score: 0.04992798339704755 || NMI score: 0.9880887260667949 || Iter Time:0.7677059173583984 || Total time:48.70496368408203
Iteration: 84 || Clusters count: 11 || Log posterior: 575273.7333538169 || Vi score: 0.04964859605188868 || NMI score: 0.9881545897192067 || Iter Time:0.8710861206054688 || Total time:49.5760498046875
Iteration: 85 || Clusters count: 11 || Log posterior: 575201.431831562 || Vi score: 0.049524466996313334 || NMI score: 0.9881838551108715 || Iter Time:0.72611403465271 || Total time:50.30216383934021
Iteration: 86 || Clusters count: 11 || Log posterior: 575173.5806476707 || Vi score: 0.05018169815077798 || NMI score: 0.9880289221583871 || Iter Time:0.7076871395111084 || Total time:51.00985097885132
Iteration: 87 || Clusters count: 11 || Log posterior: 575186.1183383102 || Vi score: 0.05007177702078345 || NMI score: 0.988054831127385 || Iter Time:0.6870150566101074 || Total time:51.696866035461426
Iteration: 88 || Clusters count: 11 || Log posterior: 575203.5176496143 || Vi score: 0.04945645016327059 || NMI score: 0.9881998918921582 || Iter Time:0.8232901096343994 || Total time:52.520156145095825
Iteration: 89 || Clusters count: 11 || Log posterior: 575328.9092909927 || Vi score: 0.04796461704491901 || NMI score: 0.9885517622674334 || Iter Time:0.6140382289886475 || Total time:53.13419437408447
Iteration: 90 || Clusters count: 11 || Log posterior: 575344.7954475516 || Vi score: 0.048254260495465405 || NMI score: 0.9884834260772899 || Iter Time:0.7269558906555176 || Total time:53.86115026473999
Iteration: 91 || Clusters count: 11 || Log posterior: 575362.1951617831 || Vi score: 0.04808574487949679 || NMI score: 0.9885231831725501 || Iter Time:0.621129035949707 || Total time:54.4822793006897
Iteration: 92 || Clusters count: 11 || Log posterior: 575407.6891626948 || Vi score: 0.04792815488879839 || NMI score: 0.9885603655304156 || Iter Time:0.6978070735931396 || Total time:55.18008637428284
Iteration: 93 || Clusters count: 11 || Log posterior: 575400.270805561 || Vi score: 0.04842154086179933 || NMI score: 0.9884439635714085 || Iter Time:0.7743878364562988 || Total time:55.954474210739136
Iteration: 94 || Clusters count: 11 || Log posterior: 575392.6662404174 || Vi score: 0.04849285575164487 || NMI score: 0.9884271408917674 || Iter Time:1.0282199382781982 || Total time:56.982694149017334
Iteration: 95 || Clusters count: 11 || Log posterior: 579639.6261429423 || Vi score: 0.007897885556471706 || NMI score: 0.9980967242687689 || Iter Time:0.9902279376983643 || Total time:57.9729220867157
Iteration: 96 || Clusters count: 11 || Log posterior: 579885.6127496595 || Vi score: 0.0022328932393851546 || NMI score: 0.9994611695528824 || Iter Time:0.7537939548492432 || Total time:58.72671604156494
Iteration: 97 || Clusters count: 11 || Log posterior: 579961.492650711 || Vi score: 0.0004242942167423495 || NMI score: 0.9998975667700741 || Iter Time:0.8791449069976807 || Total time:59.60586094856262
Iteration: 98 || Clusters count: 10 || Log posterior: 579941.2777713174 || Vi score: -0.0 || NMI score: 1.0 || Iter Time:0.6437978744506836 || Total time:60.249658823013306
Iteration: 99 || Clusters count: 10 || Log posterior: 579941.2777713174 || Vi score: -0.0 || NMI score: 1.0 || Iter Time:0.9078800678253174 || Total time:61.15753889083862
Iteration: 100 || Clusters count: 10 || Log posterior: 579941.2777713174 || Vi score: -0.0 || NMI score: 1.0 || Iter Time:0.8491339683532715 || Total time:62.006672859191895
Test Summary:                | Pass  Total
Testing Module (Random mess) |    1      1
Multinomial Module And save load: Error During Test at /home/pkgeval/.julia/packages/DPMMSubClusters/io5pH/test/module_tests.jl:41
  Got exception outside of a @test
  SystemError: opening file "save_load_test/mnm_data.npy": Permission denied
  Stacktrace:
   [1] systemerror(::String, ::Int32; extrainfo::Nothing) at ./error.jl:168
   [2] #systemerror#48 at ./error.jl:167 [inlined]
   [3] systemerror at ./error.jl:167 [inlined]
   [4] open(::String; lock::Bool, read::Nothing, write::Nothing, create::Nothing, truncate::Bool, append::Nothing) at ./iostream.jl:284
   [5] open(::String, ::String; lock::Bool) at ./iostream.jl:346
   [6] open at ./iostream.jl:346 [inlined]
   [7] npzwrite(::String, ::Adjoint{Float32,Array{Float32,2}}) at /home/pkgeval/.julia/packages/NPZ/OBINJ/src/NPZ.jl:305
   [8] top-level scope at /home/pkgeval/.julia/packages/DPMMSubClusters/io5pH/test/module_tests.jl:46
   [9] top-level scope at /buildworker/worker/package_linux64/build/usr/share/julia/stdlib/v1.5/Test/src/Test.jl:1115
   [10] top-level scope at /home/pkgeval/.julia/packages/DPMMSubClusters/io5pH/test/module_tests.jl:42
   [11] include(::String) at ./client.jl:457
   [12] top-level scope at /home/pkgeval/.julia/packages/DPMMSubClusters/io5pH/test/runtests.jl:11
   [13] include(::String) at ./client.jl:457
   [14] top-level scope at none:6
   [15] eval(::Module, ::Any) at ./boot.jl:331
   [16] exec_options(::Base.JLOptions) at ./client.jl:272
   [17] _start() at ./client.jl:506
  
Test Summary:                    | Pass  Error  Total
Multinomial Module And save load |    2      1      3
ERROR: LoadError: LoadError: Some tests did not pass: 2 passed, 0 failed, 1 errored, 0 broken.
in expression starting at /home/pkgeval/.julia/packages/DPMMSubClusters/io5pH/test/module_tests.jl:41
in expression starting at /home/pkgeval/.julia/packages/DPMMSubClusters/io5pH/test/runtests.jl:11
ERROR: Package DPMMSubClusters errored during testing
Stacktrace:
 [1] pkgerror(::String) at /buildworker/worker/package_linux64/build/usr/share/julia/stdlib/v1.5/Pkg/src/Types.jl:52
 [2] test(::Pkg.Types.Context, ::Array{Pkg.Types.PackageSpec,1}; coverage::Bool, julia_args::Cmd, test_args::Cmd, test_fn::Nothing) at /buildworker/worker/package_linux64/build/usr/share/julia/stdlib/v1.5/Pkg/src/Operations.jl:1578
 [3] test(::Pkg.Types.Context, ::Array{Pkg.Types.PackageSpec,1}; coverage::Bool, test_fn::Nothing, julia_args::Cmd, test_args::Cmd, kwargs::Base.Iterators.Pairs{Union{},Union{},Tuple{},NamedTuple{(),Tuple{}}}) at /buildworker/worker/package_linux64/build/usr/share/julia/stdlib/v1.5/Pkg/src/API.jl:328
 [4] test(::Pkg.Types.Context, ::Array{Pkg.Types.PackageSpec,1}) at /buildworker/worker/package_linux64/build/usr/share/julia/stdlib/v1.5/Pkg/src/API.jl:315
 [5] #test#61 at /buildworker/worker/package_linux64/build/usr/share/julia/stdlib/v1.5/Pkg/src/API.jl:67 [inlined]
 [6] test at /buildworker/worker/package_linux64/build/usr/share/julia/stdlib/v1.5/Pkg/src/API.jl:67 [inlined]
 [7] #test#60 at /buildworker/worker/package_linux64/build/usr/share/julia/stdlib/v1.5/Pkg/src/API.jl:66 [inlined]
 [8] test at /buildworker/worker/package_linux64/build/usr/share/julia/stdlib/v1.5/Pkg/src/API.jl:66 [inlined]
 [9] test(::String; kwargs::Base.Iterators.Pairs{Union{},Union{},Tuple{},NamedTuple{(),Tuple{}}}) at /buildworker/worker/package_linux64/build/usr/share/julia/stdlib/v1.5/Pkg/src/API.jl:65
 [10] test(::String) at /buildworker/worker/package_linux64/build/usr/share/julia/stdlib/v1.5/Pkg/src/API.jl:65
 [11] top-level scope at none:16
