Julia Version 1.5.0-beta1.4
Commit f221fe9a2e (2020-06-01 10:07 UTC)
Platform Info:
  OS: Linux (x86_64-linux-gnu)
  CPU: Intel(R) Xeon(R) Silver 4114 CPU @ 2.20GHz
  WORD_SIZE: 64
  LIBM: libopenlibm
  LLVM: libLLVM-9.0.1 (ORCJIT, skylake)
Environment:
  JULIA_DEPOT_PATH = ::/usr/local/share/julia
  JULIA_NUM_THREADS = 2

  Resolving package versions...
  Installed MbedTLS_jll ─ v2.16.0+2
  Installed MbedTLS ───── v1.0.2
Updating `~/.julia/environments/v1.5/Project.toml`
  [739be429] + MbedTLS v1.0.2
Updating `~/.julia/environments/v1.5/Manifest.toml`
  [739be429] + MbedTLS v1.0.2
  [c8ffd9c3] + MbedTLS_jll v2.16.0+2
  [2a0f44e3] + Base64
  [ade2ca70] + Dates
  [b77e0a4c] + InteractiveUtils
  [76f85450] + LibGit2
  [8f399da3] + Libdl
  [56ddb016] + Logging
  [d6f4376e] + Markdown
  [44cfe95a] + Pkg
  [de0858da] + Printf
  [3fa0cd96] + REPL
  [9a3f8284] + Random
  [ea8e919c] + SHA
  [9e88b42a] + Serialization
  [6462fe0b] + Sockets
  [cf7118a7] + UUIDs
  [4ec0a83e] + Unicode
    Testing MbedTLS
Status `/tmp/jl_F5jo7M/Project.toml`
  [739be429] MbedTLS v1.0.2
  [c8ffd9c3] MbedTLS_jll v2.16.0+2
  [ade2ca70] Dates
  [8ba89e20] Distributed
  [9a3f8284] Random
  [6462fe0b] Sockets
  [8dfed614] Test
Status `/tmp/jl_F5jo7M/Manifest.toml`
  [739be429] MbedTLS v1.0.2
  [c8ffd9c3] MbedTLS_jll v2.16.0+2
  [2a0f44e3] Base64
  [ade2ca70] Dates
  [8ba89e20] Distributed
  [b77e0a4c] InteractiveUtils
  [76f85450] LibGit2
  [8f399da3] Libdl
  [56ddb016] Logging
  [d6f4376e] Markdown
  [44cfe95a] Pkg
  [de0858da] Printf
  [3fa0cd96] REPL
  [9a3f8284] Random
  [ea8e919c] SHA
  [9e88b42a] Serialization
  [6462fe0b] Sockets
  [8dfed614] Test
  [cf7118a7] UUIDs
  [4ec0a83e] Unicode
Internal error: encountered unexpected error in runtime:
TypeError(func=:Tuple, context="parameter", expected=Type, got=<?#0x7f3c7e0161d0::<circular reference @-1>>)
jl_type_error_rt at /workspace/srcdir/src/rtutils.c:118
jl_f_apply_type at /workspace/srcdir/src/builtins.c:975
_jl_invoke at /workspace/srcdir/src/gf.c:2214 [inlined]
jl_apply_generic at /workspace/srcdir/src/gf.c:2398
jl_apply at /workspace/srcdir/src/julia.h:1689 [inlined]
do_apply at /workspace/srcdir/src/builtins.c:655
argtypes_to_type at ./compiler/typeutils.jl:46 [inlined]
abstract_call_known at ./compiler/abstractinterpretation.jl:886
abstract_call at ./compiler/abstractinterpretation.jl:909
abstract_call at ./compiler/abstractinterpretation.jl:894
abstract_eval at ./compiler/abstractinterpretation.jl:988
typeinf_local at ./compiler/abstractinterpretation.jl:1242
typeinf_nocycle at ./compiler/abstractinterpretation.jl:1298
typeinf at ./compiler/typeinfer.jl:12
typeinf_ext at ./compiler/typeinfer.jl:570
typeinf_ext at ./compiler/typeinfer.jl:601
jfptr_typeinf_ext_22808.clone_1 at /opt/julia/lib/julia/sys.so (unknown line)
_jl_invoke at /workspace/srcdir/src/gf.c:2214 [inlined]
jl_apply_generic at /workspace/srcdir/src/gf.c:2398
jl_apply at /workspace/srcdir/src/julia.h:1689 [inlined]
jl_type_infer at /workspace/srcdir/src/gf.c:296
jl_generate_fptr at /workspace/srcdir/src/jitlayers.cpp:290
jl_compile_method_internal at /workspace/srcdir/src/gf.c:1964
jl_compile_method_internal at /workspace/srcdir/src/gf.c:1919 [inlined]
_jl_invoke at /workspace/srcdir/src/gf.c:2224 [inlined]
jl_apply_generic at /workspace/srcdir/src/gf.c:2398
unknown function (ip: 0x7f3c7a703a47)
mbedtls_mpi_fill_random at /home/pkgeval/.julia/artifacts/1ee278227f735cf0fdd626da214cae2cbb761bb3/lib/libmbedcrypto.so.3 (unknown line)
mbedtls_ecp_gen_privkey at /home/pkgeval/.julia/artifacts/1ee278227f735cf0fdd626da214cae2cbb761bb3/lib/libmbedcrypto.so.3 (unknown line)
ecdh_gen_public_restartable at /home/pkgeval/.julia/artifacts/1ee278227f735cf0fdd626da214cae2cbb761bb3/lib/libmbedcrypto.so.3 (unknown line)
mbedtls_ecdh_gen_public at /home/pkgeval/.julia/artifacts/1ee278227f735cf0fdd626da214cae2cbb761bb3/lib/libmbedcrypto.so.3 (unknown line)
ecdh_make_public_internal at /home/pkgeval/.julia/artifacts/1ee278227f735cf0fdd626da214cae2cbb761bb3/lib/libmbedcrypto.so.3 (unknown line)
mbedtls_ecdh_make_public at /home/pkgeval/.julia/artifacts/1ee278227f735cf0fdd626da214cae2cbb761bb3/lib/libmbedcrypto.so.3 (unknown line)
ssl_write_client_key_exchange at /home/pkgeval/.julia/artifacts/1ee278227f735cf0fdd626da214cae2cbb761bb3/lib/libmbedtls.so (unknown line)
mbedtls_ssl_handshake_client_step at /home/pkgeval/.julia/artifacts/1ee278227f735cf0fdd626da214cae2cbb761bb3/lib/libmbedtls.so (unknown line)
mbedtls_ssl_handshake_step at /home/pkgeval/.julia/artifacts/1ee278227f735cf0fdd626da214cae2cbb761bb3/lib/libmbedtls.so (unknown line)
mbedtls_ssl_handshake at /home/pkgeval/.julia/artifacts/1ee278227f735cf0fdd626da214cae2cbb761bb3/lib/libmbedtls.so (unknown line)
ssl_handshake at /home/pkgeval/.julia/packages/MbedTLS/VbsaQ/src/ssl.jl:614
handshake at /home/pkgeval/.julia/packages/MbedTLS/VbsaQ/src/ssl.jl:74
_jl_invoke at /workspace/srcdir/src/gf.c:2231 [inlined]
jl_apply_generic at /workspace/srcdir/src/gf.c:2398
jl_apply at /workspace/srcdir/src/julia.h:1689 [inlined]
do_call at /workspace/srcdir/src/interpreter.c:117
eval_value at /workspace/srcdir/src/interpreter.c:206
eval_stmt_value at /workspace/srcdir/src/interpreter.c:157 [inlined]
eval_body at /workspace/srcdir/src/interpreter.c:566
jl_interpret_toplevel_thunk at /workspace/srcdir/src/interpreter.c:660
top-level scope at /home/pkgeval/.julia/packages/MbedTLS/VbsaQ/test/runtests.jl:123
jl_toplevel_eval_flex at /workspace/srcdir/src/toplevel.c:840
jl_parse_eval_all at /workspace/srcdir/src/ast.c:913
jl_load_rewrite at /workspace/srcdir/src/toplevel.c:914
include at ./client.jl:457
_jl_invoke at /workspace/srcdir/src/gf.c:2214 [inlined]
jl_apply_generic at /workspace/srcdir/src/gf.c:2398
jl_apply at /workspace/srcdir/src/julia.h:1689 [inlined]
do_call at /workspace/srcdir/src/interpreter.c:117
eval_value at /workspace/srcdir/src/interpreter.c:206
eval_stmt_value at /workspace/srcdir/src/interpreter.c:157 [inlined]
eval_body at /workspace/srcdir/src/interpreter.c:566
jl_interpret_toplevel_thunk at /workspace/srcdir/src/interpreter.c:660
top-level scope at none:6
jl_toplevel_eval_flex at /workspace/srcdir/src/toplevel.c:840
jl_toplevel_eval_flex at /workspace/srcdir/src/toplevel.c:790
jl_toplevel_eval_in at /workspace/srcdir/src/toplevel.c:883
eval at ./boot.jl:331
_jl_invoke at /workspace/srcdir/src/gf.c:2214 [inlined]
jl_apply_generic at /workspace/srcdir/src/gf.c:2398
exec_options at ./client.jl:272
_start at ./client.jl:506
jfptr__start_51967.clone_1 at /opt/julia/lib/julia/sys.so (unknown line)
_jl_invoke at /workspace/srcdir/src/gf.c:2214 [inlined]
jl_apply_generic at /workspace/srcdir/src/gf.c:2398
jl_apply at /workspace/srcdir/ui/../src/julia.h:1689 [inlined]
true_main at /workspace/srcdir/ui/repl.c:106
main at /workspace/srcdir/ui/repl.c:227
__libc_start_main at /lib/x86_64-linux-gnu/libc.so.6 (unknown line)
unknown function (ip: 0x4015e4)

signal (11): Segmentation fault
in expression starting at /home/pkgeval/.julia/packages/MbedTLS/VbsaQ/test/runtests.jl:89
jl_field_offset at /workspace/srcdir/src/julia.h:1011 [inlined]
set_nth_field at /workspace/srcdir/src/datatype.c:1057
jl_f_tuple at /workspace/srcdir/src/builtins.c:737
jl_method_error at /workspace/srcdir/src/gf.c:1814
jl_lookup_generic_ at /workspace/srcdir/src/gf.c:2373 [inlined]
jl_apply_generic at /workspace/srcdir/src/gf.c:2394
f_rng at /home/pkgeval/.julia/packages/MbedTLS/VbsaQ/src/ctr_drbg.jl:22
_jl_invoke at /workspace/srcdir/src/gf.c:2231 [inlined]
jl_apply_generic at /workspace/srcdir/src/gf.c:2398
unknown function (ip: 0x7f3c7a703a47)
mbedtls_mpi_fill_random at /home/pkgeval/.julia/artifacts/1ee278227f735cf0fdd626da214cae2cbb761bb3/lib/libmbedcrypto.so.3 (unknown line)
mbedtls_ecp_gen_privkey at /home/pkgeval/.julia/artifacts/1ee278227f735cf0fdd626da214cae2cbb761bb3/lib/libmbedcrypto.so.3 (unknown line)
ecdh_gen_public_restartable at /home/pkgeval/.julia/artifacts/1ee278227f735cf0fdd626da214cae2cbb761bb3/lib/libmbedcrypto.so.3 (unknown line)
mbedtls_ecdh_gen_public at /home/pkgeval/.julia/artifacts/1ee278227f735cf0fdd626da214cae2cbb761bb3/lib/libmbedcrypto.so.3 (unknown line)
ecdh_make_public_internal at /home/pkgeval/.julia/artifacts/1ee278227f735cf0fdd626da214cae2cbb761bb3/lib/libmbedcrypto.so.3 (unknown line)
mbedtls_ecdh_make_public at /home/pkgeval/.julia/artifacts/1ee278227f735cf0fdd626da214cae2cbb761bb3/lib/libmbedcrypto.so.3 (unknown line)
ssl_write_client_key_exchange at /home/pkgeval/.julia/artifacts/1ee278227f735cf0fdd626da214cae2cbb761bb3/lib/libmbedtls.so (unknown line)
mbedtls_ssl_handshake_client_step at /home/pkgeval/.julia/artifacts/1ee278227f735cf0fdd626da214cae2cbb761bb3/lib/libmbedtls.so (unknown line)
mbedtls_ssl_handshake_step at /home/pkgeval/.julia/artifacts/1ee278227f735cf0fdd626da214cae2cbb761bb3/lib/libmbedtls.so (unknown line)
mbedtls_ssl_handshake at /home/pkgeval/.julia/artifacts/1ee278227f735cf0fdd626da214cae2cbb761bb3/lib/libmbedtls.so (unknown line)
ssl_handshake at /home/pkgeval/.julia/packages/MbedTLS/VbsaQ/src/ssl.jl:614
handshake at /home/pkgeval/.julia/packages/MbedTLS/VbsaQ/src/ssl.jl:74
_jl_invoke at /workspace/srcdir/src/gf.c:2231 [inlined]
jl_apply_generic at /workspace/srcdir/src/gf.c:2398
jl_apply at /workspace/srcdir/src/julia.h:1689 [inlined]
do_call at /workspace/srcdir/src/interpreter.c:117
eval_value at /workspace/srcdir/src/interpreter.c:206
eval_stmt_value at /workspace/srcdir/src/interpreter.c:157 [inlined]
eval_body at /workspace/srcdir/src/interpreter.c:566
jl_interpret_toplevel_thunk at /workspace/srcdir/src/interpreter.c:660
jl_toplevel_eval_flex at /workspace/srcdir/src/toplevel.c:840
jl_parse_eval_all at /workspace/srcdir/src/ast.c:913
jl_load_rewrite at /workspace/srcdir/src/toplevel.c:914
include at ./client.jl:457
_jl_invoke at /workspace/srcdir/src/gf.c:2214 [inlined]
jl_apply_generic at /workspace/srcdir/src/gf.c:2398
jl_apply at /workspace/srcdir/src/julia.h:1689 [inlined]
do_call at /workspace/srcdir/src/interpreter.c:117
eval_value at /workspace/srcdir/src/interpreter.c:206
eval_stmt_value at /workspace/srcdir/src/interpreter.c:157 [inlined]
eval_body at /workspace/srcdir/src/interpreter.c:566
jl_interpret_toplevel_thunk at /workspace/srcdir/src/interpreter.c:660
jl_toplevel_eval_flex at /workspace/srcdir/src/toplevel.c:840
jl_toplevel_eval_flex at /workspace/srcdir/src/toplevel.c:790
jl_toplevel_eval_in at /workspace/srcdir/src/toplevel.c:883
eval at ./boot.jl:331
_jl_invoke at /workspace/srcdir/src/gf.c:2214 [inlined]
jl_apply_generic at /workspace/srcdir/src/gf.c:2398
exec_options at ./client.jl:272
_start at ./client.jl:506
jfptr__start_51967.clone_1 at /opt/julia/lib/julia/sys.so (unknown line)
_jl_invoke at /workspace/srcdir/src/gf.c:2214 [inlined]
jl_apply_generic at /workspace/srcdir/src/gf.c:2398
jl_apply at /workspace/srcdir/ui/../src/julia.h:1689 [inlined]
true_main at /workspace/srcdir/ui/repl.c:106
main at /workspace/srcdir/ui/repl.c:227
__libc_start_main at /lib/x86_64-linux-gnu/libc.so.6 (unknown line)
unknown function (ip: 0x4015e4)
Allocations: 3314177 (Pool: 3313233; Big: 944); GC: 4
ERROR: Package MbedTLS errored during testing (received signal: 11)
Stacktrace:
 [1] pkgerror(::String) at /workspace/srcdir/usr/share/julia/stdlib/v1.5/Pkg/src/Types.jl:52
 [2] test(::Pkg.Types.Context, ::Array{Pkg.Types.PackageSpec,1}; coverage::Bool, julia_args::Cmd, test_args::Cmd, test_fn::Nothing) at /workspace/srcdir/usr/share/julia/stdlib/v1.5/Pkg/src/Operations.jl:1557
 [3] test(::Pkg.Types.Context, ::Array{Pkg.Types.PackageSpec,1}; coverage::Bool, test_fn::Nothing, julia_args::Cmd, test_args::Cmd, kwargs::Base.Iterators.Pairs{Union{},Union{},Tuple{},NamedTuple{(),Tuple{}}}) at /workspace/srcdir/usr/share/julia/stdlib/v1.5/Pkg/src/API.jl:327
 [4] test(::Pkg.Types.Context, ::Array{Pkg.Types.PackageSpec,1}) at /workspace/srcdir/usr/share/julia/stdlib/v1.5/Pkg/src/API.jl:314
 [5] #test#61 at /workspace/srcdir/usr/share/julia/stdlib/v1.5/Pkg/src/API.jl:67 [inlined]
 [6] test at /workspace/srcdir/usr/share/julia/stdlib/v1.5/Pkg/src/API.jl:67 [inlined]
 [7] #test#60 at /workspace/srcdir/usr/share/julia/stdlib/v1.5/Pkg/src/API.jl:66 [inlined]
 [8] test at /workspace/srcdir/usr/share/julia/stdlib/v1.5/Pkg/src/API.jl:66 [inlined]
 [9] test(::String; kwargs::Base.Iterators.Pairs{Union{},Union{},Tuple{},NamedTuple{(),Tuple{}}}) at /workspace/srcdir/usr/share/julia/stdlib/v1.5/Pkg/src/API.jl:65
 [10] test(::String) at /workspace/srcdir/usr/share/julia/stdlib/v1.5/Pkg/src/API.jl:65
 [11] top-level scope at none:16
