Current time is 2020-10-25T21:27:45.501
Julia Version 1.5.3-pre.13
Commit 3de1115e9c (2020-10-23 21:58 UTC)
Platform Info:
  OS: Linux (x86_64-linux-gnu)
  CPU: AMD EPYC 7502 32-Core Processor
  WORD_SIZE: 64
  LIBM: libopenlibm
  LLVM: libLLVM-9.0.1 (ORCJIT, znver2)
Environment:
  JULIA_DEPOT_PATH = ::/usr/local/share/julia
  JULIA_NUM_THREADS = 2
  JULIA_MAX_NUM_PRECOMPILE_FILES = 9223372036854775807
  JULIA_PKG_SERVER = 

Starting installation at 2020-10-25T21:27:48.364
  Resolving package versions...
  Installed Artifacts ─────────── v1.3.0
  Installed Libiconv_jll ──────── v1.16.0+7
  Installed ReadStat_jll ──────── v1.1.1+0
  Installed Zlib_jll ──────────── v1.2.11+18
  Installed DataValueInterfaces ─ v1.0.0
  Installed ReadStat ──────────── v1.0.2
  Installed DataValues ────────── v0.4.13
  Installed JLLWrappers ───────── v1.1.3
Updating `~/.julia/environments/v1.5/Project.toml`
  [d71aba96] + ReadStat v1.0.2
Updating `~/.julia/environments/v1.5/Manifest.toml`
  [56f22d72] + Artifacts v1.3.0
  [e2d170a0] + DataValueInterfaces v1.0.0
  [e7dc6d0d] + DataValues v0.4.13
  [692b3bcd] + JLLWrappers v1.1.3
  [94ce4f54] + Libiconv_jll v1.16.0+7
  [d71aba96] + ReadStat v1.0.2
  [a4dc8951] + ReadStat_jll v1.1.1+0
  [83775a58] + Zlib_jll v1.2.11+18
  [2a0f44e3] + Base64
  [ade2ca70] + Dates
  [b77e0a4c] + InteractiveUtils
  [76f85450] + LibGit2
  [8f399da3] + Libdl
  [56ddb016] + Logging
  [d6f4376e] + Markdown
  [44cfe95a] + Pkg
  [de0858da] + Printf
  [3fa0cd96] + REPL
  [9a3f8284] + Random
  [ea8e919c] + SHA
  [9e88b42a] + Serialization
  [6462fe0b] + Sockets
  [cf7118a7] + UUIDs
  [4ec0a83e] + Unicode
Starting tests at 2020-10-25T21:27:52.569
    Testing ReadStat
Status `/tmp/jl_PDuM2Z/Project.toml`
  [e7dc6d0d] DataValues v0.4.13
  [d71aba96] ReadStat v1.0.2
  [a4dc8951] ReadStat_jll v1.1.1+0
  [ade2ca70] Dates
  [8dfed614] Test
Status `/tmp/jl_PDuM2Z/Manifest.toml`
  [56f22d72] Artifacts v1.3.0
  [e2d170a0] DataValueInterfaces v1.0.0
  [e7dc6d0d] DataValues v0.4.13
  [692b3bcd] JLLWrappers v1.1.3
  [94ce4f54] Libiconv_jll v1.16.0+7
  [d71aba96] ReadStat v1.0.2
  [a4dc8951] ReadStat_jll v1.1.1+0
  [83775a58] Zlib_jll v1.2.11+18
  [2a0f44e3] Base64
  [ade2ca70] Dates
  [8ba89e20] Distributed
  [b77e0a4c] InteractiveUtils
  [76f85450] LibGit2
  [8f399da3] Libdl
  [56ddb016] Logging
  [d6f4376e] Markdown
  [44cfe95a] Pkg
  [de0858da] Printf
  [3fa0cd96] REPL
  [9a3f8284] Random
  [ea8e919c] SHA
  [9e88b42a] Serialization
  [6462fe0b] Sockets
  [8dfed614] Test
  [cf7118a7] UUIDs
  [4ec0a83e] Unicode
Test Summary: | Pass  Total
ReadStat      |   24     24
    Testing ReadStat tests passed 
Finished at 2020-10-25T21:28:26.108
