Julia Version 1.3.2-pre.0
Commit 2e6715c045 (2019-12-31 00:49 UTC)
Platform Info:
  OS: Linux (x86_64-linux-gnu)
  CPU: Intel(R) Xeon(R) Silver 4114 CPU @ 2.20GHz
  WORD_SIZE: 64
  LIBM: libopenlibm
  LLVM: libLLVM-6.0.1 (ORCJIT, skylake)
Environment:
  JULIA_DEPOT_PATH = ::/usr/local/share/julia

 Resolving package versions...
 Installed DataValueInterfaces ───────── v1.0.0
 Installed Trajectories ──────────────── v0.1.0
 Installed RecipesBase ───────────────── v0.7.0
 Installed DataAPI ───────────────────── v1.1.0
 Installed Tables ────────────────────── v0.2.11
 Installed TableTraits ───────────────── v1.0.0
 Installed DynamicIterators ──────────── v0.3.0
 Installed IteratorInterfaceExtensions ─ v1.0.0
  Updating `~/.julia/environments/v1.3/Project.toml`
  [6c76993d] + DynamicIterators v0.3.0
  Updating `~/.julia/environments/v1.3/Manifest.toml`
  [9a962f9c] + DataAPI v1.1.0
  [e2d170a0] + DataValueInterfaces v1.0.0
  [6c76993d] + DynamicIterators v0.3.0
  [82899510] + IteratorInterfaceExtensions v1.0.0
  [3cdcf5f2] + RecipesBase v0.7.0
  [3783bdb8] + TableTraits v1.0.0
  [bd369af6] + Tables v0.2.11
  [2c80a279] + Trajectories v0.1.0
  [2a0f44e3] + Base64 
  [8ba89e20] + Distributed 
  [b77e0a4c] + InteractiveUtils 
  [8f399da3] + Libdl 
  [37e2e46d] + LinearAlgebra 
  [56ddb016] + Logging 
  [d6f4376e] + Markdown 
  [9a3f8284] + Random 
  [9e88b42a] + Serialization 
  [6462fe0b] + Sockets 
  [8dfed614] + Test 
   Testing DynamicIterators
 Resolving package versions...
 Installed BinaryProvider ───── v0.5.8
 Installed OpenBLAS_jll ─────── v0.3.7+4
 Installed DataStructures ───── v0.17.7
 Installed Rmath ────────────── v0.6.0
 Installed StatsFuns ────────── v0.9.3
 Installed SpecialFunctions ─── v0.9.0
 Installed PDMats ───────────── v0.9.10
 Installed Distributions ────── v0.22.0
 Installed QuadGK ───────────── v2.3.1
 Installed SortingAlgorithms ── v0.3.1
 Installed Arpack ───────────── v0.4.0
 Installed OrderedCollections ─ v1.1.0
 Installed StatsBase ────────── v0.32.0
 Installed OpenSpecFun_jll ──── v0.5.3+1
 Installed Arpack_jll ───────── v3.5.0+2
 Installed FillArrays ───────── v0.8.2
 Installed Missings ─────────── v0.4.3
  Building Rmath → `~/.julia/packages/Rmath/BoBag/deps/build.log`
    Status `/tmp/jl_bimpbB/Manifest.toml`
  [7d9fca2a] Arpack v0.4.0
  [68821587] Arpack_jll v3.5.0+2
  [b99e7846] BinaryProvider v0.5.8
  [9a962f9c] DataAPI v1.1.0
  [864edb3b] DataStructures v0.17.7
  [e2d170a0] DataValueInterfaces v1.0.0
  [31c24e10] Distributions v0.22.0
  [6c76993d] DynamicIterators v0.3.0
  [1a297f60] FillArrays v0.8.2
  [82899510] IteratorInterfaceExtensions v1.0.0
  [e1d29d7a] Missings v0.4.3
  [4536629a] OpenBLAS_jll v0.3.7+4
  [efe28fd5] OpenSpecFun_jll v0.5.3+1
  [bac558e1] OrderedCollections v1.1.0
  [90014a1f] PDMats v0.9.10
  [1fd47b50] QuadGK v2.3.1
  [3cdcf5f2] RecipesBase v0.7.0
  [79098fc4] Rmath v0.6.0
  [a2af1166] SortingAlgorithms v0.3.1
  [276daf66] SpecialFunctions v0.9.0
  [2913bbd2] StatsBase v0.32.0
  [4c63d2b9] StatsFuns v0.9.3
  [3783bdb8] TableTraits v1.0.0
  [bd369af6] Tables v0.2.11
  [2c80a279] Trajectories v0.1.0
  [2a0f44e3] Base64  [`@stdlib/Base64`]
  [ade2ca70] Dates  [`@stdlib/Dates`]
  [8ba89e20] Distributed  [`@stdlib/Distributed`]
  [b77e0a4c] InteractiveUtils  [`@stdlib/InteractiveUtils`]
  [76f85450] LibGit2  [`@stdlib/LibGit2`]
  [8f399da3] Libdl  [`@stdlib/Libdl`]
  [37e2e46d] LinearAlgebra  [`@stdlib/LinearAlgebra`]
  [56ddb016] Logging  [`@stdlib/Logging`]
  [d6f4376e] Markdown  [`@stdlib/Markdown`]
  [44cfe95a] Pkg  [`@stdlib/Pkg`]
  [de0858da] Printf  [`@stdlib/Printf`]
  [3fa0cd96] REPL  [`@stdlib/REPL`]
  [9a3f8284] Random  [`@stdlib/Random`]
  [ea8e919c] SHA  [`@stdlib/SHA`]
  [9e88b42a] Serialization  [`@stdlib/Serialization`]
  [6462fe0b] Sockets  [`@stdlib/Sockets`]
  [2f01184e] SparseArrays  [`@stdlib/SparseArrays`]
  [10745b16] Statistics  [`@stdlib/Statistics`]
  [4607b0f0] SuiteSparse  [`@stdlib/SuiteSparse`]
  [8dfed614] Test  [`@stdlib/Test`]
  [cf7118a7] UUIDs  [`@stdlib/UUIDs`]
  [4ec0a83e] Unicode  [`@stdlib/Unicode`]
collect(bind(1:5, Summed())) = Any[1, 3, 6, 10, 15]
Test Summary: |
Examples      | No tests
Test Summary: | Pass  Total
Evolve        |   12     12
Test Summary: | Pass  Total
time          |    2      2
(x, s) = iterate(F) = ((2, 1), (2, 1))
(x, s) = iterate(F, s) = ((5, 2), (5, 2))
(x, s) = iterate(F, s) = ((9, 3), (9, 3))
Test Summary: | Pass  Total
Mix           |    3      3
collectfrom(WhiteNoise(), Sample(Start(0 => 0.0)), 10) = Pair{Int64,Float64}[1 => 1.0249982802256081, 2 => 0.7271366924164612, 3 => 1.795080396123175, 4 => 0.10174856090024748, 5 => 0.8947128141633789, 6 => 1.2693636305228628, 7 => -0.9552801476326316, 8 => 1.0813799598474887, 9 => -1.1049806633857393, 10 => 0.11242710523135695]
Test Summary: | Pass  Total
random        |   10     10
Test Summary: | Pass  Total
control       |    5      5
Test Summary: | Pass  Total
TimeLift      |    1      1
u = (0.0 => (0, 0), (1.6056361484760078 => 1, 0.1903819685620635 => 1))
collectfrom(PP, u, 10) = Tuple{Pair{Float64,Tuple{Int64,Int64}},Tuple{Pair{Float64,Int64},Pair{Float64,Int64}}}[(0.1903819685620635 => (0, 1), (1.6056361484760078 => 1, 0.8971612332583258 => 2)), (0.8971612332583258 => (0, 2), (1.6056361484760078 => 1, 1.2506972308610207 => 3)), (1.2506972308610207 => (0, 3), (1.6056361484760078 => 1, 1.627026652301094 => 4)), (1.6056361484760078 => (1, 3), (6.1439244329098495 => 2, 1.627026652301094 => 4)), (1.627026652301094 => (1, 4), (6.1439244329098495 => 2, 2.0519908357923553 => 5)), (2.0519908357923553 => (1, 5), (6.1439244329098495 => 2, 2.101449022140246 => 6)), (2.101449022140246 => (1, 6), (6.1439244329098495 => 2, 2.4188745306529698 => 7)), (2.4188745306529698 => (1, 7), (6.1439244329098495 => 2, 2.6418040054814296 => 8)), (2.6418040054814296 => (1, 8), (6.1439244329098495 => 2, 2.9574839746542447 => 9)), (2.9574839746542447 => (1, 9), (6.1439244329098495 => 2, 7.095177604583378 => 10))]
Test Summary: |
Synchronize   | No tests
  0.000025 seconds (6 allocations: 224 bytes)
  0.000029 seconds (6 allocations: 224 bytes)
  0.000019 seconds (4 allocations: 160 bytes)
Done   Testing DynamicIterators tests passed 
