Julia Version 1.4.2-pre.13
Commit 58353fd273 (2020-05-10 17:03 UTC)
Platform Info:
  OS: Linux (x86_64-linux-gnu)
  CPU: Intel(R) Xeon(R) Silver 4114 CPU @ 2.20GHz
  WORD_SIZE: 64
  LIBM: libopenlibm
  LLVM: libLLVM-8.0.1 (ORCJIT, skylake)
Environment:
  JULIA_DEPOT_PATH = ::/usr/local/share/julia
  JULIA_NUM_THREADS = 2

  Resolving package versions...
  Installed Signals ──────────── v1.2.0
  Installed OrderedCollections ─ v1.2.0
  Installed DataStructures ───── v0.17.15
   Updating `~/.julia/environments/v1.4/Project.toml`
  [6303bc30] + Signals v1.2.0
   Updating `~/.julia/environments/v1.4/Manifest.toml`
  [864edb3b] + DataStructures v0.17.15
  [bac558e1] + OrderedCollections v1.2.0
  [6303bc30] + Signals v1.2.0
  [2a0f44e3] + Base64 
  [8ba89e20] + Distributed 
  [b77e0a4c] + InteractiveUtils 
  [d6f4376e] + Markdown 
  [9a3f8284] + Random 
  [9e88b42a] + Serialization 
  [6462fe0b] + Sockets 
    Testing Signals
Status `/tmp/jl_jBdh05/Manifest.toml`
  [6e4b80f9] BenchmarkTools v0.5.0
  [864edb3b] DataStructures v0.17.15
  [682c06a0] JSON v0.21.0
  [bac558e1] OrderedCollections v1.2.0
  [69de0a69] Parsers v1.0.3
  [a223df75] Reactive v0.8.3
  [6303bc30] Signals v1.2.0
  [90137ffa] StaticArrays v0.12.3
  [2a0f44e3] Base64 
  [ade2ca70] Dates 
  [8ba89e20] Distributed 
  [b77e0a4c] InteractiveUtils 
  [8f399da3] Libdl 
  [37e2e46d] LinearAlgebra 
  [56ddb016] Logging 
  [d6f4376e] Markdown 
  [a63ad114] Mmap 
  [de0858da] Printf 
  [9a3f8284] Random 
  [ea8e919c] SHA 
  [9e88b42a] Serialization 
  [6462fe0b] Sockets 
  [2f01184e] SparseArrays 
  [10745b16] Statistics 
  [8dfed614] Test 
  [cf7118a7] UUIDs 
  [4ec0a83e] Unicode 
Test Summary: | Pass  Total
push-pull     |    5      5
Test Summary: | Pass  Total
strict_push   |    4      4

Signals function call overhead on pull = 135.6725ns
Signals function call overhead on push = 167.5375ns
Reactive function call overhead = 656.035ns

Signals function call time on pull (4x4 SArray multiply)= 234.1225ns
Signals function call time on push (4x4 SArray multiply) = 379.72297297297297ns
Reactive function call time on push (4x4 SArray multiply) = 2689.03125ns

Signals function call time on pull (4x4 Matrix)= 972.35ns
Signals function call time on push (4x4 Matrix) = 1152.55ns
Reactive function call time on push (4x4 Matrix) = 3460.0ns
Test Summary: |
benchmark     | No tests
Test Summary: | Pass  Total
drop_repeats  |    6      6
Test Summary: | Pass  Total
when do       |    4      4
Test Summary: | Pass  Total
sampleon      |    5      5
Test Summary: | Pass  Total
filter        |    6      6
Test Summary: | Pass  Total
foldp         |    2      2
Test Summary: | Pass  Total
merge         |    5      5
Test Summary: | Pass  Total
async_signal  |    2      2
Test Summary:  | Pass  Total
recursion_free |    4      4
Test Summary: | Pass  Total
bind          |    4      4
Test Summary:         | Pass  Total
throttle and debounce |    4      4
Test Summary: | Pass  Total
for_signal    |    8      8
Test Summary: | Pass  Total
buffer        |   12     12
    Testing Signals tests passed 
