Current time is 2020-10-25T19:43:04.91
Julia Version 1.5.3-pre.13
Commit 3de1115e9c (2020-10-23 21:58 UTC)
Platform Info:
  OS: Linux (x86_64-linux-gnu)
  CPU: AMD EPYC 7502 32-Core Processor
  WORD_SIZE: 64
  LIBM: libopenlibm
  LLVM: libLLVM-9.0.1 (ORCJIT, znver2)
Environment:
  JULIA_DEPOT_PATH = ::/usr/local/share/julia
  JULIA_NUM_THREADS = 2
  JULIA_MAX_NUM_PRECOMPILE_FILES = 9223372036854775807
  JULIA_PKG_SERVER = 

Starting installation at 2020-10-25T19:43:08.357
  Resolving package versions...
  Installed MbedTLS_jll ────────────────── v2.16.8+0
  Installed IniFile ────────────────────── v0.5.0
  Installed CodecZlib ──────────────────── v0.6.0
  Installed Compat ─────────────────────── v3.22.0
  Installed Parsers ────────────────────── v1.0.11
  Installed Requires ───────────────────── v1.1.0
  Installed TextAnalysis ───────────────── v0.6.0
  Installed NNlib ──────────────────────── v0.6.6
  Installed StructTypes ────────────────── v1.1.0
  Installed PooledArrays ───────────────── v0.5.3
  Installed CommonSubexpressions ───────── v0.3.0
  Installed StrTables ──────────────────── v1.0.1
  Installed JLLWrappers ────────────────── v1.1.3
  Installed ForwardDiff ────────────────── v0.10.12
  Installed OpenSpecFun_jll ────────────── v0.5.3+4
  Installed InvertedIndices ────────────── v1.0.0
  Installed Tracker ────────────────────── v0.2.12
  Installed DiffResults ────────────────── v1.0.2
  Installed MacroTools ─────────────────── v0.5.6
  Installed DataDeps ───────────────────── v0.7.2
  Installed CompilerSupportLibraries_jll ─ v0.3.4+0
  Installed Media ──────────────────────── v0.5.0
  Installed FixedPointNumbers ──────────── v0.6.1
  Installed SortingAlgorithms ──────────── v0.3.1
  Installed HTML_Entities ──────────────── v1.0.0
  Installed DataFrames ─────────────────── v0.21.8
  Installed MbedTLS ────────────────────── v1.0.2
  Installed AbstractTrees ──────────────── v0.2.1
  Installed OrderedCollections ─────────── v1.3.1
  Installed TranscodingStreams ─────────── v0.9.5
  Installed DiffRules ──────────────────── v1.0.1
  Installed SpecialFunctions ───────────── v0.10.3
  Installed CategoricalArrays ──────────── v0.8.3
  Installed DataStructures ─────────────── v0.17.20
  Installed IteratorInterfaceExtensions ── v1.0.0
  Installed DataValueInterfaces ────────── v1.0.0
  Installed Tables ─────────────────────── v1.1.0
  Installed HTTP ───────────────────────── v0.8.19
  Installed Juno ───────────────────────── v0.7.2
  Installed StaticArrays ───────────────── v0.12.4
  Installed ZipFile ────────────────────── v0.8.4
  Installed ColorTypes ─────────────────── v0.8.1
  Installed Reexport ───────────────────── v0.2.0
  Installed WordTokenizers ─────────────── v0.5.6
  Installed NaNMath ────────────────────── v0.3.4
  Installed JSON ───────────────────────── v0.21.1
  Installed TableTraits ────────────────── v1.0.0
  Installed Artifacts ──────────────────── v1.3.0
  Installed Missings ───────────────────── v0.4.4
  Installed StatsBase ──────────────────── v0.33.2
  Installed Languages ──────────────────── v0.4.3
  Installed BinaryProvider ─────────────── v0.5.10
  Installed DataAPI ────────────────────── v1.3.0
  Installed Flux ───────────────────────── v0.8.3
  Installed BSON ───────────────────────── v0.2.6
  Installed Adapt ──────────────────────── v1.1.0
  Installed Colors ─────────────────────── v0.9.6
Updating `~/.julia/environments/v1.5/Project.toml`
  [a2db99b7] + TextAnalysis v0.6.0
Updating `~/.julia/environments/v1.5/Manifest.toml`
  [1520ce14] + AbstractTrees v0.2.1
  [79e6a3ab] + Adapt v1.1.0
  [56f22d72] + Artifacts v1.3.0
  [fbb218c0] + BSON v0.2.6
  [b99e7846] + BinaryProvider v0.5.10
  [324d7699] + CategoricalArrays v0.8.3
  [944b1d66] + CodecZlib v0.6.0
  [3da002f7] + ColorTypes v0.8.1
  [5ae59095] + Colors v0.9.6
  [bbf7d656] + CommonSubexpressions v0.3.0
  [34da2185] + Compat v3.22.0
  [e66e0078] + CompilerSupportLibraries_jll v0.3.4+0
  [9a962f9c] + DataAPI v1.3.0
  [124859b0] + DataDeps v0.7.2
  [a93c6f00] + DataFrames v0.21.8
  [864edb3b] + DataStructures v0.17.20
  [e2d170a0] + DataValueInterfaces v1.0.0
  [163ba53b] + DiffResults v1.0.2
  [b552c78f] + DiffRules v1.0.1
  [53c48c17] + FixedPointNumbers v0.6.1
  [587475ba] + Flux v0.8.3
  [f6369f11] + ForwardDiff v0.10.12
  [7693890a] + HTML_Entities v1.0.0
  [cd3eb016] + HTTP v0.8.19
  [83e8ac13] + IniFile v0.5.0
  [41ab1584] + InvertedIndices v1.0.0
  [82899510] + IteratorInterfaceExtensions v1.0.0
  [692b3bcd] + JLLWrappers v1.1.3
  [682c06a0] + JSON v0.21.1
  [e5e0dc1b] + Juno v0.7.2
  [8ef0a80b] + Languages v0.4.3
  [1914dd2f] + MacroTools v0.5.6
  [739be429] + MbedTLS v1.0.2
  [c8ffd9c3] + MbedTLS_jll v2.16.8+0
  [e89f7d12] + Media v0.5.0
  [e1d29d7a] + Missings v0.4.4
  [872c559c] + NNlib v0.6.6
  [77ba4419] + NaNMath v0.3.4
  [efe28fd5] + OpenSpecFun_jll v0.5.3+4
  [bac558e1] + OrderedCollections v1.3.1
  [69de0a69] + Parsers v1.0.11
  [2dfb63ee] + PooledArrays v0.5.3
  [189a3867] + Reexport v0.2.0
  [ae029012] + Requires v1.1.0
  [a2af1166] + SortingAlgorithms v0.3.1
  [276daf66] + SpecialFunctions v0.10.3
  [90137ffa] + StaticArrays v0.12.4
  [2913bbd2] + StatsBase v0.33.2
  [9700d1a9] + StrTables v1.0.1
  [856f2bd8] + StructTypes v1.1.0
  [3783bdb8] + TableTraits v1.0.0
  [bd369af6] + Tables v1.1.0
  [a2db99b7] + TextAnalysis v0.6.0
  [9f7883ad] + Tracker v0.2.12
  [3bb67fe8] + TranscodingStreams v0.9.5
  [796a5d58] + WordTokenizers v0.5.6
  [a5390f91] + ZipFile v0.8.4
  [2a0f44e3] + Base64
  [ade2ca70] + Dates
  [8bb1440f] + DelimitedFiles
  [8ba89e20] + Distributed
  [9fa8497b] + Future
  [b77e0a4c] + InteractiveUtils
  [76f85450] + LibGit2
  [8f399da3] + Libdl
  [37e2e46d] + LinearAlgebra
  [56ddb016] + Logging
  [d6f4376e] + Markdown
  [a63ad114] + Mmap
  [44cfe95a] + Pkg
  [de0858da] + Printf
  [9abbd945] + Profile
  [3fa0cd96] + REPL
  [9a3f8284] + Random
  [ea8e919c] + SHA
  [9e88b42a] + Serialization
  [1a1011a3] + SharedArrays
  [6462fe0b] + Sockets
  [2f01184e] + SparseArrays
  [10745b16] + Statistics
  [8dfed614] + Test
  [cf7118a7] + UUIDs
  [4ec0a83e] + Unicode
   Building HTML_Entities → `~/.julia/packages/HTML_Entities/g4t7p/deps/build.log`
   Building ZipFile ──────→ `~/.julia/packages/ZipFile/DW0Qr/deps/build.log`
   Building CodecZlib ────→ `~/.julia/packages/CodecZlib/5t9zO/deps/build.log`
   Building NNlib ────────→ `~/.julia/packages/NNlib/FAI3o/deps/build.log`
   Building TextAnalysis ─→ `~/.julia/packages/TextAnalysis/pcFQf/deps/build.log`
Starting tests at 2020-10-25T19:43:55.333
    Testing TextAnalysis
Status `/tmp/jl_nSuc8W/Project.toml`
  [fbb218c0] BSON v0.2.6
  [b99e7846] BinaryProvider v0.5.10
  [a93c6f00] DataFrames v0.21.8
  [587475ba] Flux v0.8.3
  [682c06a0] JSON v0.21.1
  [8ef0a80b] Languages v0.4.3
  [a2db99b7] TextAnalysis v0.6.0
  [796a5d58] WordTokenizers v0.5.6
  [8f399da3] Libdl
  [37e2e46d] LinearAlgebra
  [de0858da] Printf
  [2f01184e] SparseArrays
  [8dfed614] Test
Status `/tmp/jl_nSuc8W/Manifest.toml`
  [1520ce14] AbstractTrees v0.2.1
  [79e6a3ab] Adapt v1.1.0
  [56f22d72] Artifacts v1.3.0
  [fbb218c0] BSON v0.2.6
  [b99e7846] BinaryProvider v0.5.10
  [324d7699] CategoricalArrays v0.8.3
  [944b1d66] CodecZlib v0.6.0
  [3da002f7] ColorTypes v0.8.1
  [5ae59095] Colors v0.9.6
  [bbf7d656] CommonSubexpressions v0.3.0
  [34da2185] Compat v3.22.0
  [e66e0078] CompilerSupportLibraries_jll v0.3.4+0
  [9a962f9c] DataAPI v1.3.0
  [124859b0] DataDeps v0.7.2
  [a93c6f00] DataFrames v0.21.8
  [864edb3b] DataStructures v0.17.20
  [e2d170a0] DataValueInterfaces v1.0.0
  [163ba53b] DiffResults v1.0.2
  [b552c78f] DiffRules v1.0.1
  [53c48c17] FixedPointNumbers v0.6.1
  [587475ba] Flux v0.8.3
  [f6369f11] ForwardDiff v0.10.12
  [7693890a] HTML_Entities v1.0.0
  [cd3eb016] HTTP v0.8.19
  [83e8ac13] IniFile v0.5.0
  [41ab1584] InvertedIndices v1.0.0
  [82899510] IteratorInterfaceExtensions v1.0.0
  [692b3bcd] JLLWrappers v1.1.3
  [682c06a0] JSON v0.21.1
  [e5e0dc1b] Juno v0.7.2
  [8ef0a80b] Languages v0.4.3
  [1914dd2f] MacroTools v0.5.6
  [739be429] MbedTLS v1.0.2
  [c8ffd9c3] MbedTLS_jll v2.16.8+0
  [e89f7d12] Media v0.5.0
  [e1d29d7a] Missings v0.4.4
  [872c559c] NNlib v0.6.6
  [77ba4419] NaNMath v0.3.4
  [efe28fd5] OpenSpecFun_jll v0.5.3+4
  [bac558e1] OrderedCollections v1.3.1
  [69de0a69] Parsers v1.0.11
  [2dfb63ee] PooledArrays v0.5.3
  [189a3867] Reexport v0.2.0
  [ae029012] Requires v1.1.0
  [a2af1166] SortingAlgorithms v0.3.1
  [276daf66] SpecialFunctions v0.10.3
  [90137ffa] StaticArrays v0.12.4
  [2913bbd2] StatsBase v0.33.2
  [9700d1a9] StrTables v1.0.1
  [856f2bd8] StructTypes v1.1.0
  [3783bdb8] TableTraits v1.0.0
  [bd369af6] Tables v1.1.0
  [a2db99b7] TextAnalysis v0.6.0
  [9f7883ad] Tracker v0.2.12
  [3bb67fe8] TranscodingStreams v0.9.5
  [796a5d58] WordTokenizers v0.5.6
  [a5390f91] ZipFile v0.8.4
  [2a0f44e3] Base64
  [ade2ca70] Dates
  [8bb1440f] DelimitedFiles
  [8ba89e20] Distributed
  [9fa8497b] Future
  [b77e0a4c] InteractiveUtils
  [76f85450] LibGit2
  [8f399da3] Libdl
  [37e2e46d] LinearAlgebra
  [56ddb016] Logging
  [d6f4376e] Markdown
  [a63ad114] Mmap
  [44cfe95a] Pkg
  [de0858da] Printf
  [9abbd945] Profile
  [3fa0cd96] REPL
  [9a3f8284] Random
  [ea8e919c] SHA
  [9e88b42a] Serialization
  [1a1011a3] SharedArrays
  [6462fe0b] Sockets
  [2f01184e] SparseArrays
  [10745b16] Statistics
  [8dfed614] Test
  [cf7118a7] UUIDs
  [4ec0a83e] Unicode
ERROR: LoadError: ArgumentError: Package Compat not found in current path:
- Run `import Pkg; Pkg.add("Compat")` to install the Compat package.

Stacktrace:
 [1] require(::Module, ::Symbol) at ./loading.jl:893
 [2] include(::String) at ./client.jl:457
 [3] top-level scope at none:6
in expression starting at /home/pkgeval/.julia/packages/TextAnalysis/pcFQf/test/runtests.jl:6
ERROR: Package TextAnalysis errored during testing
Stacktrace:
 [1] pkgerror(::String) at /workspace/srcdir/usr/share/julia/stdlib/v1.5/Pkg/src/Types.jl:52
 [2] test(::Pkg.Types.Context, ::Array{Pkg.Types.PackageSpec,1}; coverage::Bool, julia_args::Cmd, test_args::Cmd, test_fn::Nothing) at /workspace/srcdir/usr/share/julia/stdlib/v1.5/Pkg/src/Operations.jl:1578
 [3] test(::Pkg.Types.Context, ::Array{Pkg.Types.PackageSpec,1}; coverage::Bool, test_fn::Nothing, julia_args::Cmd, test_args::Cmd, kwargs::Base.Iterators.Pairs{Union{},Union{},Tuple{},NamedTuple{(),Tuple{}}}) at /workspace/srcdir/usr/share/julia/stdlib/v1.5/Pkg/src/API.jl:327
 [4] test(::Pkg.Types.Context, ::Array{Pkg.Types.PackageSpec,1}) at /workspace/srcdir/usr/share/julia/stdlib/v1.5/Pkg/src/API.jl:314
 [5] #test#61 at /workspace/srcdir/usr/share/julia/stdlib/v1.5/Pkg/src/API.jl:67 [inlined]
 [6] test at /workspace/srcdir/usr/share/julia/stdlib/v1.5/Pkg/src/API.jl:67 [inlined]
 [7] #test#60 at /workspace/srcdir/usr/share/julia/stdlib/v1.5/Pkg/src/API.jl:66 [inlined]
 [8] test at /workspace/srcdir/usr/share/julia/stdlib/v1.5/Pkg/src/API.jl:66 [inlined]
 [9] test(::String; kwargs::Base.Iterators.Pairs{Union{},Union{},Tuple{},NamedTuple{(),Tuple{}}}) at /workspace/srcdir/usr/share/julia/stdlib/v1.5/Pkg/src/API.jl:65
 [10] test(::String) at /workspace/srcdir/usr/share/julia/stdlib/v1.5/Pkg/src/API.jl:65
 [11] top-level scope at none:35
