Julia Version 1.3.1-pre.13
Commit 8639e5771d (2019-12-07 10:31 UTC)
Platform Info:
  OS: Linux (x86_64-linux-gnu)
  CPU: Intel(R) Xeon(R) Silver 4114 CPU @ 2.20GHz
  WORD_SIZE: 64
  LIBM: libopenlibm
  LLVM: libLLVM-6.0.1 (ORCJIT, skylake)

   Cloning default registries into `~/.julia`
   Cloning registry from "https://github.com/JuliaRegistries/General.git"
[?25l    Fetching: [>                                        ]  0.0 %    Fetching: [=============>                           ]  30.6 %    Fetching: [==============================>          ]  75.0 %[2K[?25h     Added registry `General` to `~/.julia/registries/General`
 Resolving package versions...
 Installed LibCURL ──────── v0.5.2
 Installed BinaryProvider ─ v0.5.8
  Updating `~/.julia/environments/v1.3/Project.toml`
  [b27032c2] + LibCURL v0.5.2
  Updating `~/.julia/environments/v1.3/Manifest.toml`
  [b99e7846] + BinaryProvider v0.5.8
  [b27032c2] + LibCURL v0.5.2
  [8f399da3] + Libdl 
  [ea8e919c] + SHA 
  Building LibCURL → `~/.julia/packages/LibCURL/lWJxD/deps/build.log`
   Testing LibCURL
 Resolving package versions...
    Status `/tmp/jl_jSSP9Z/Manifest.toml`
  [b99e7846] BinaryProvider v0.5.8
  [b27032c2] LibCURL v0.5.2
  [2a0f44e3] Base64  [`@stdlib/Base64`]
  [8ba89e20] Distributed  [`@stdlib/Distributed`]
  [b77e0a4c] InteractiveUtils  [`@stdlib/InteractiveUtils`]
  [8f399da3] Libdl  [`@stdlib/Libdl`]
  [56ddb016] Logging  [`@stdlib/Logging`]
  [d6f4376e] Markdown  [`@stdlib/Markdown`]
  [9a3f8284] Random  [`@stdlib/Random`]
  [ea8e919c] SHA  [`@stdlib/SHA`]
  [9e88b42a] Serialization  [`@stdlib/Serialization`]
  [6462fe0b] Sockets  [`@stdlib/Sockets`]
  [8dfed614] Test  [`@stdlib/Test`]
  % Total    % Received % Xferd  Average Speed   Time    Time     Time  Current
                                 Dload  Upload   Total   Spent    Left  Speed
  0     0    0     0    0     0      0      0 --:--:-- --:--:-- --:--:--     0100 69990    0 69990    0     0   216k      0 --:--:-- --:--:-- --:--:--  216k
Test Summary: | Pass  Total
LibCURL       |    6      6
   Testing LibCURL tests passed 
