Julia Version 1.3.1-pre.13
Commit 8639e5771d (2019-12-07 10:31 UTC)
Platform Info:
  OS: Linux (x86_64-linux-gnu)
  CPU: Intel(R) Xeon(R) Silver 4114 CPU @ 2.20GHz
  WORD_SIZE: 64
  LIBM: libopenlibm
  LLVM: libLLVM-6.0.1 (ORCJIT, skylake)

   Cloning default registries into `~/.julia`
   Cloning registry from "https://github.com/JuliaRegistries/General.git"
[?25l    Fetching: [>                                        ]  0.0 %    Fetching: [============>                            ]  29.2 %    Fetching: [=========================>               ]  62.2 %[2K[?25h     Added registry `General` to `~/.julia/registries/General`
 Resolving package versions...
 Installed MsgPack ──────────── v0.2.0
 Installed Retry ────────────── v0.4.0
 Installed Mocking ──────────── v0.7.0
 Installed CMake ────────────── v1.1.2
 Installed OffsetArrays ─────── v0.11.2
 Installed Parameters ───────── v0.12.0
 Installed BigArrays ────────── v1.3.0
 Installed JSON ─────────────── v0.21.0
 Installed URIParser ────────── v0.4.0
 Installed BinDeps ──────────── v1.0.0
 Installed TranscodingStreams ─ v0.9.5
 Installed OrderedCollections ─ v1.1.0
 Installed SymDict ──────────── v0.3.0
 Installed HTTP ─────────────── v0.8.8
 Installed AWSS3 ────────────── v0.6.5
 Installed XMLDict ──────────── v0.3.0
 Installed IterTools ────────── v1.3.0
 Installed IniFile ──────────── v0.5.0
 Installed GoogleCloud ──────── v0.8.0
 Installed Blosc ────────────── v0.5.1
 Installed BufferedStreams ──── v1.0.0
 Installed Compat ───────────── v2.2.0
 Installed CodecZlib ────────── v0.6.0
 Installed AWSCore ──────────── v0.6.6
 Installed LazyJSON ─────────── v0.1.1
 Installed BinaryProvider ───── v0.5.8
 Installed CodecZstd ────────── v0.6.1
 Installed MbedTLS ──────────── v0.7.0
 Installed Parsers ──────────── v0.3.10
 Installed EzXML ────────────── v0.9.5
 Installed CMakeWrapper ─────── v0.2.3
 Installed Libz ─────────────── v1.0.0
 Installed DataStructures ───── v0.17.6
 Installed FilePathsBase ────── v0.7.0
  Updating `~/.julia/environments/v1.3/Project.toml`
  [c2a8506f] + BigArrays v1.3.0
  Updating `~/.julia/environments/v1.3/Manifest.toml`
  [4f1ea46c] + AWSCore v0.6.6
  [1c724243] + AWSS3 v0.6.5
  [c2a8506f] + BigArrays v1.3.0
  [9e28174c] + BinDeps v1.0.0
  [b99e7846] + BinaryProvider v0.5.8
  [a74b3585] + Blosc v0.5.1
  [e1450e63] + BufferedStreams v1.0.0
  [631607c0] + CMake v1.1.2
  [d5fb7624] + CMakeWrapper v0.2.3
  [944b1d66] + CodecZlib v0.6.0
  [6b39b394] + CodecZstd v0.6.1
  [34da2185] + Compat v2.2.0
  [864edb3b] + DataStructures v0.17.6
  [8f5d6c58] + EzXML v0.9.5
  [48062228] + FilePathsBase v0.7.0
  [55e21f81] + GoogleCloud v0.8.0
  [cd3eb016] + HTTP v0.8.8
  [83e8ac13] + IniFile v0.5.0
  [c8e1da08] + IterTools v1.3.0
  [682c06a0] + JSON v0.21.0
  [fc18253b] + LazyJSON v0.1.1
  [2ec943e9] + Libz v1.0.0
  [739be429] + MbedTLS v0.7.0
  [78c3b35d] + Mocking v0.7.0
  [99f44e22] + MsgPack v0.2.0
  [6fe1bfb0] + OffsetArrays v0.11.2
  [bac558e1] + OrderedCollections v1.1.0
  [d96e819e] + Parameters v0.12.0
  [69de0a69] + Parsers v0.3.10
  [20febd7b] + Retry v0.4.0
  [2da68c74] + SymDict v0.3.0
  [3bb67fe8] + TranscodingStreams v0.9.5
  [30578b45] + URIParser v0.4.0
  [228000da] + XMLDict v0.3.0
  [2a0f44e3] + Base64 
  [ade2ca70] + Dates 
  [8bb1440f] + DelimitedFiles 
  [8ba89e20] + Distributed 
  [b77e0a4c] + InteractiveUtils 
  [76f85450] + LibGit2 
  [8f399da3] + Libdl 
  [37e2e46d] + LinearAlgebra 
  [56ddb016] + Logging 
  [d6f4376e] + Markdown 
  [a63ad114] + Mmap 
  [44cfe95a] + Pkg 
  [de0858da] + Printf 
  [3fa0cd96] + REPL 
  [9a3f8284] + Random 
  [ea8e919c] + SHA 
  [9e88b42a] + Serialization 
  [1a1011a3] + SharedArrays 
  [6462fe0b] + Sockets 
  [2f01184e] + SparseArrays 
  [10745b16] + Statistics 
  [8dfed614] + Test 
  [cf7118a7] + UUIDs 
  [4ec0a83e] + Unicode 
  Building CMake ────→ `~/.julia/packages/CMake/nSK2r/deps/build.log`
  Building Blosc ────→ `~/.julia/packages/Blosc/lzFr0/deps/build.log`
  Building CodecZlib → `~/.julia/packages/CodecZlib/5t9zO/deps/build.log`
  Building CodecZstd → `~/.julia/packages/CodecZstd/zTSNC/deps/build.log`
  Building MbedTLS ──→ `~/.julia/packages/MbedTLS/a1JFn/deps/build.log`
  Building EzXML ────→ `~/.julia/packages/EzXML/QtGgF/deps/build.log`
   Testing BigArrays
 Resolving package versions...
    Status `/tmp/jl_Vp47Vn/Manifest.toml`
  [4f1ea46c] AWSCore v0.6.6
  [1c724243] AWSS3 v0.6.5
  [c2a8506f] BigArrays v1.3.0
  [9e28174c] BinDeps v1.0.0
  [b99e7846] BinaryProvider v0.5.8
  [a74b3585] Blosc v0.5.1
  [e1450e63] BufferedStreams v1.0.0
  [631607c0] CMake v1.1.2
  [d5fb7624] CMakeWrapper v0.2.3
  [944b1d66] CodecZlib v0.6.0
  [6b39b394] CodecZstd v0.6.1
  [34da2185] Compat v2.2.0
  [864edb3b] DataStructures v0.17.6
  [8f5d6c58] EzXML v0.9.5
  [48062228] FilePathsBase v0.7.0
  [55e21f81] GoogleCloud v0.8.0
  [cd3eb016] HTTP v0.8.8
  [83e8ac13] IniFile v0.5.0
  [c8e1da08] IterTools v1.3.0
  [682c06a0] JSON v0.21.0
  [fc18253b] LazyJSON v0.1.1
  [2ec943e9] Libz v1.0.0
  [739be429] MbedTLS v0.7.0
  [78c3b35d] Mocking v0.7.0
  [99f44e22] MsgPack v0.2.0
  [6fe1bfb0] OffsetArrays v0.11.2
  [bac558e1] OrderedCollections v1.1.0
  [d96e819e] Parameters v0.12.0
  [69de0a69] Parsers v0.3.10
  [20febd7b] Retry v0.4.0
  [2da68c74] SymDict v0.3.0
  [3bb67fe8] TranscodingStreams v0.9.5
  [30578b45] URIParser v0.4.0
  [228000da] XMLDict v0.3.0
  [2a0f44e3] Base64  [`@stdlib/Base64`]
  [ade2ca70] Dates  [`@stdlib/Dates`]
  [8bb1440f] DelimitedFiles  [`@stdlib/DelimitedFiles`]
  [8ba89e20] Distributed  [`@stdlib/Distributed`]
  [b77e0a4c] InteractiveUtils  [`@stdlib/InteractiveUtils`]
  [76f85450] LibGit2  [`@stdlib/LibGit2`]
  [8f399da3] Libdl  [`@stdlib/Libdl`]
  [37e2e46d] LinearAlgebra  [`@stdlib/LinearAlgebra`]
  [56ddb016] Logging  [`@stdlib/Logging`]
  [d6f4376e] Markdown  [`@stdlib/Markdown`]
  [a63ad114] Mmap  [`@stdlib/Mmap`]
  [44cfe95a] Pkg  [`@stdlib/Pkg`]
  [de0858da] Printf  [`@stdlib/Printf`]
  [3fa0cd96] REPL  [`@stdlib/REPL`]
  [9a3f8284] Random  [`@stdlib/Random`]
  [ea8e919c] SHA  [`@stdlib/SHA`]
  [9e88b42a] Serialization  [`@stdlib/Serialization`]
  [1a1011a3] SharedArrays  [`@stdlib/SharedArrays`]
  [6462fe0b] Sockets  [`@stdlib/Sockets`]
  [2f01184e] SparseArrays  [`@stdlib/SparseArrays`]
  [10745b16] Statistics  [`@stdlib/Statistics`]
  [8dfed614] Test  [`@stdlib/Test`]
  [cf7118a7] UUIDs  [`@stdlib/UUIDs`]
  [4ec0a83e] Unicode  [`@stdlib/Unicode`]
┌ Warning: did not find AWS credential! set it in environment variables.
└ @ BigArrays.S3Dicts ~/.julia/packages/BigArrays/aB3lD/src/backends/S3Dicts.jl:23
Test Summary:             | Pass  Total
test index transformation |    2      2
layerDir = "/tmp/jl_WXuEUG"
path = "/tmp/jl_M5NQKY"
Test Summary:              |
test bigarray construction | No tests
path = "/tmp/jl_WXuEUG"
a = UInt8[0x2b, 0xc3, 0x0e, 0x4b, 0x5f, 0xcf, 0x6e, 0xb8, 0xdc, 0x4f, 0x38, 0xc9, 0xf4, 0xd2, 0x8c, 0x49, 0x92, 0xae, 0xe6, 0x03]
b = UInt8[0x2b, 0xc3, 0x0e, 0x4b, 0x5f, 0xcf, 0x6e, 0xb8, 0xdc, 0x4f, 0x38, 0xc9, 0xf4, 0xd2, 0x8c, 0x49, 0x92, 0xae, 0xe6, 0x03]
Test Summary: | Pass  Total

test BinDict |    3      3
path = "/tmp/jl_WXuEUG"
info: Info{UInt8}("", 1, BigArrays.Infos.InfoScales.InfoScale[Symbol("6_6_30"), Symbol("12_12_30")], "", :image)
cutout speed: 0.6244216782035076 MB/s
Test Summary:       | Pass  Total

test file protocol |    1      1
path = "/tmp/jl_WXuEUG"
saving speed: 0.22723357466959174 MB/s
cutout speed: 0.4526218118451128 MB/s
Test Summary:                                | Pass  Total

test IO of BigArray with backend of BinDict |    1      1
path = "/tmp/jl_WXuEUG"
saving speed: 5.991286871502774 MB/s
cutout speed: 24.65452462147215 MB/s
Test Summary:             | Pass  Total

test negative coordinate |    1      1
path = "/tmp/jl_WXuEUG"
saving speed: 23.247366509262623 MB/s
cutout speed: 80.95527221210281 MB/s
Test Summary:                                 | Pass  Total

test aligned IO crossing the volume boundary |    1      1
path = "/tmp/jl_WXuEUG"
saving speed: 18.845161103216263 MB/s
cutout speed: 64.65993333001641 MB/s
Test Summary:                                    | Pass  Total

test nonaligned IO crossing the volume boundary |    1      1
path = "/tmp/jl_WXuEUG"
saving speed: 1.3535646124067733 MB/s
cutout speed: 25.874476446140662 MB/s
Test Summary:                                                     | Pass  Total
test IO of BigArray with backend of BinDict with zstd compression |    1      1
path = "/tmp/jl_WXuEUG"
saving speed: 5.059352529360055 MB/s
cutout speed: 26.46552864893476 MB/s
Test Summary:                                                        | Pass  Total
test IO of BigArray with backend of BinDict with blosclz compression |    1      1
path = "/tmp/jl_WXuEUG"
saving speed: 20.27369488089204 MB/s
cutout speed: 25.262891969558215 MB/s
Test Summary:                            | Pass  Total
test dataset not aligned starting from 0 |    1      1
path = "/tmp/jl_WXuEUG"
saving speed: 19.47277462697466 MB/s
cutout speed: 25.732988082409893 MB/s
Test Summary:                                                     | Pass  Total
test dataset not aligned starting from 0 and negative coordinates |    1      1
   Testing BigArrays tests passed 
