Julia Version 1.3.0
Commit 46ce4d7933 (2019-11-26 06:09 UTC)
Platform Info:
  OS: Linux (x86_64-pc-linux-gnu)
  CPU: Intel(R) Xeon(R) Silver 4114 CPU @ 2.20GHz
  WORD_SIZE: 64
  LIBM: libopenlibm
  LLVM: libLLVM-6.0.1 (ORCJIT, skylake)

   Cloning default registries into `~/.julia`
   Cloning registry from "https://github.com/JuliaRegistries/General.git"
[?25l    Fetching: [>                                        ]  0.0 %    Fetching: [=============>                           ]  30.9 %    Fetching: [================================>        ]  79.1 %[2K[?25h     Added registry `General` to `~/.julia/registries/General`
 Resolving package versions...
 Installed StrTables ────── v1.0.1
 Installed LightXML ─────── v0.8.1
 Installed LaTeX_Entities ─ v1.0.0
 Installed BinaryProvider ─ v0.5.8
  Updating `~/.julia/environments/v1.3/Project.toml`
  [9927f19a] + LaTeX_Entities v1.0.0
  Updating `~/.julia/environments/v1.3/Manifest.toml`
  [b99e7846] + BinaryProvider v0.5.8
  [9927f19a] + LaTeX_Entities v1.0.0
  [9c8b4983] + LightXML v0.8.1
  [9700d1a9] + StrTables v1.0.1
  [ade2ca70] + Dates 
  [8f399da3] + Libdl 
  [de0858da] + Printf 
  [ea8e919c] + SHA 
  [4ec0a83e] + Unicode 
  Building LightXML ──────→ `~/.julia/packages/LightXML/W8FVT/deps/build.log`
  Building LaTeX_Entities → `~/.julia/packages/LaTeX_Entities/MRzBD/deps/build.log`
   Testing LaTeX_Entities
 Resolving package versions...
    Status `/tmp/jl_bhnccw/Manifest.toml`
  [b99e7846] BinaryProvider v0.5.8
  [9927f19a] LaTeX_Entities v1.0.0
  [9c8b4983] LightXML v0.8.1
  [9700d1a9] StrTables v1.0.1
  [2a0f44e3] Base64  [`@stdlib/Base64`]
  [ade2ca70] Dates  [`@stdlib/Dates`]
  [8ba89e20] Distributed  [`@stdlib/Distributed`]
  [b77e0a4c] InteractiveUtils  [`@stdlib/InteractiveUtils`]
  [8f399da3] Libdl  [`@stdlib/Libdl`]
  [56ddb016] Logging  [`@stdlib/Logging`]
  [d6f4376e] Markdown  [`@stdlib/Markdown`]
  [de0858da] Printf  [`@stdlib/Printf`]
  [9a3f8284] Random  [`@stdlib/Random`]
  [ea8e919c] SHA  [`@stdlib/SHA`]
  [9e88b42a] Serialization  [`@stdlib/Serialization`]
  [6462fe0b] Sockets  [`@stdlib/Sockets`]
  [8dfed614] Test  [`@stdlib/Test`]
  [4ec0a83e] Unicode  [`@stdlib/Unicode`]
Test Summary:  | Pass  Total
LaTeX_Entities |   30     30
   Testing LaTeX_Entities tests passed 
