Julia Version 1.3.2-pre.0
Commit 2e6715c045 (2019-12-31 00:49 UTC)
Platform Info:
  OS: Linux (x86_64-linux-gnu)
  CPU: Intel(R) Xeon(R) Silver 4114 CPU @ 2.20GHz
  WORD_SIZE: 64
  LIBM: libopenlibm
  LLVM: libLLVM-6.0.1 (ORCJIT, skylake)
Environment:
  JULIA_DEPOT_PATH = ::/usr/local/share/julia
  JULIA_NUM_THREADS = 2

 Resolving package versions...
 Installed FixedPointNumbers ─ v0.6.1
 Installed Spinnaker ───────── v0.1.8
  Updating `~/.julia/environments/v1.3/Project.toml`
  [8e0d2ad3] + Spinnaker v0.1.8
  Updating `~/.julia/environments/v1.3/Manifest.toml`
  [53c48c17] + FixedPointNumbers v0.6.1
  [8e0d2ad3] + Spinnaker v0.1.8
  [8f399da3] + Libdl 
  Building Spinnaker → `~/.julia/packages/Spinnaker/pl5GO/deps/build.log`
[ Info: No changes
   Testing Spinnaker
 Resolving package versions...
 Installed Graphics ───── v1.0.1
 Installed Reexport ───── v0.2.0
 Installed OffsetArrays ─ v1.0.2
 Installed MappedArrays ─ v0.2.2
 Installed PaddedViews ── v0.5.1
 Installed ImageCore ──── v0.8.11
 Installed ColorTypes ─── v0.9.1
 Installed Requires ───── v1.0.1
 Installed NaNMath ────── v0.3.3
 Installed Colors ─────── v0.11.2
[ Info: No changes
    Status `/tmp/jl_wYdbZe/Manifest.toml`
  [3da002f7] ColorTypes v0.9.1
  [5ae59095] Colors v0.11.2
  [53c48c17] FixedPointNumbers v0.6.1
  [a2bd30eb] Graphics v1.0.1
  [a09fc81d] ImageCore v0.8.11
  [dbb5928d] MappedArrays v0.2.2
  [77ba4419] NaNMath v0.3.3
  [6fe1bfb0] OffsetArrays v1.0.2
  [5432bcbf] PaddedViews v0.5.1
  [189a3867] Reexport v0.2.0
  [ae029012] Requires v1.0.1
  [8e0d2ad3] Spinnaker v0.1.8
  [2a0f44e3] Base64  [`@stdlib/Base64`]
  [ade2ca70] Dates  [`@stdlib/Dates`]
  [8ba89e20] Distributed  [`@stdlib/Distributed`]
  [b77e0a4c] InteractiveUtils  [`@stdlib/InteractiveUtils`]
  [76f85450] LibGit2  [`@stdlib/LibGit2`]
  [8f399da3] Libdl  [`@stdlib/Libdl`]
  [37e2e46d] LinearAlgebra  [`@stdlib/LinearAlgebra`]
  [56ddb016] Logging  [`@stdlib/Logging`]
  [d6f4376e] Markdown  [`@stdlib/Markdown`]
  [44cfe95a] Pkg  [`@stdlib/Pkg`]
  [de0858da] Printf  [`@stdlib/Printf`]
  [3fa0cd96] REPL  [`@stdlib/REPL`]
  [9a3f8284] Random  [`@stdlib/Random`]
  [ea8e919c] SHA  [`@stdlib/SHA`]
  [9e88b42a] Serialization  [`@stdlib/Serialization`]
  [6462fe0b] Sockets  [`@stdlib/Sockets`]
  [8dfed614] Test  [`@stdlib/Test`]
  [cf7118a7] UUIDs  [`@stdlib/UUIDs`]
  [4ec0a83e] Unicode  [`@stdlib/Unicode`]
[ Info: CI testing is disabled due to the need for a Spinnaker-compatible camera during tests.
   Testing Spinnaker tests passed 
