Current time is 2020-10-25T19:55:20.126
Julia Version 1.5.3-pre.13
Commit 3de1115e9c (2020-10-23 21:58 UTC)
Platform Info:
  OS: Linux (x86_64-linux-gnu)
  CPU: AMD EPYC 7502 32-Core Processor
  WORD_SIZE: 64
  LIBM: libopenlibm
  LLVM: libLLVM-9.0.1 (ORCJIT, znver2)
Environment:
  JULIA_DEPOT_PATH = ::/usr/local/share/julia
  JULIA_NUM_THREADS = 2
  JULIA_MAX_NUM_PRECOMPILE_FILES = 9223372036854775807
  JULIA_PKG_SERVER = 

Starting installation at 2020-10-25T19:55:23.477
  Resolving package versions...
  Installed Crayons ───────────── v4.0.4
  Installed Tokenize ──────────── v0.5.8
  Installed URIParser ─────────── v0.4.1
  Installed OrderedCollections ── v1.3.1
  Installed DataStructures ────── v0.18.8
  Installed JSON ──────────────── v0.21.1
  Installed JuliaFormatter ────── v0.10.8
  Installed Documenter ────────── v0.25.2
  Installed Parsers ───────────── v1.0.11
  Installed Compat ────────────── v3.22.0
  Installed DocStringExtensions ─ v0.8.3
  Installed CSTParser ─────────── v2.5.0
  Installed CommonMark ────────── v0.6.4
Updating `~/.julia/environments/v1.5/Project.toml`
  [98e50ef6] + JuliaFormatter v0.10.8
Updating `~/.julia/environments/v1.5/Manifest.toml`
  [00ebfdb7] + CSTParser v2.5.0
  [a80b9123] + CommonMark v0.6.4
  [34da2185] + Compat v3.22.0
  [a8cc5b0e] + Crayons v4.0.4
  [864edb3b] + DataStructures v0.18.8
  [ffbed154] + DocStringExtensions v0.8.3
  [e30172f5] + Documenter v0.25.2
  [682c06a0] + JSON v0.21.1
  [98e50ef6] + JuliaFormatter v0.10.8
  [bac558e1] + OrderedCollections v1.3.1
  [69de0a69] + Parsers v1.0.11
  [0796e94c] + Tokenize v0.5.8
  [30578b45] + URIParser v0.4.1
  [2a0f44e3] + Base64
  [ade2ca70] + Dates
  [8bb1440f] + DelimitedFiles
  [8ba89e20] + Distributed
  [b77e0a4c] + InteractiveUtils
  [76f85450] + LibGit2
  [8f399da3] + Libdl
  [37e2e46d] + LinearAlgebra
  [56ddb016] + Logging
  [d6f4376e] + Markdown
  [a63ad114] + Mmap
  [44cfe95a] + Pkg
  [de0858da] + Printf
  [3fa0cd96] + REPL
  [9a3f8284] + Random
  [ea8e919c] + SHA
  [9e88b42a] + Serialization
  [1a1011a3] + SharedArrays
  [6462fe0b] + Sockets
  [2f01184e] + SparseArrays
  [10745b16] + Statistics
  [8dfed614] + Test
  [cf7118a7] + UUIDs
  [4ec0a83e] + Unicode
Starting tests at 2020-10-25T19:55:27.744
    Testing JuliaFormatter
Status `/tmp/jl_0NHmh4/Project.toml`
  [00ebfdb7] CSTParser v2.5.0
  [a80b9123] CommonMark v0.6.4
  [864edb3b] DataStructures v0.18.8
  [e30172f5] Documenter v0.25.2
  [98e50ef6] JuliaFormatter v0.10.8
  [0796e94c] Tokenize v0.5.8
  [44cfe95a] Pkg
  [8dfed614] Test
Status `/tmp/jl_0NHmh4/Manifest.toml`
  [00ebfdb7] CSTParser v2.5.0
  [a80b9123] CommonMark v0.6.4
  [34da2185] Compat v3.22.0
  [a8cc5b0e] Crayons v4.0.4
  [864edb3b] DataStructures v0.18.8
  [ffbed154] DocStringExtensions v0.8.3
  [e30172f5] Documenter v0.25.2
  [682c06a0] JSON v0.21.1
  [98e50ef6] JuliaFormatter v0.10.8
  [bac558e1] OrderedCollections v1.3.1
  [69de0a69] Parsers v1.0.11
  [0796e94c] Tokenize v0.5.8
  [30578b45] URIParser v0.4.1
  [2a0f44e3] Base64
  [ade2ca70] Dates
  [8bb1440f] DelimitedFiles
  [8ba89e20] Distributed
  [b77e0a4c] InteractiveUtils
  [76f85450] LibGit2
  [8f399da3] Libdl
  [37e2e46d] LinearAlgebra
  [56ddb016] Logging
  [d6f4376e] Markdown
  [a63ad114] Mmap
  [44cfe95a] Pkg
  [de0858da] Printf
  [3fa0cd96] REPL
  [9a3f8284] Random
  [ea8e919c] SHA
  [9e88b42a] Serialization
  [1a1011a3] SharedArrays
  [6462fe0b] Sockets
  [2f01184e] SparseArrays
  [10745b16] Statistics
  [8dfed614] Test
  [cf7118a7] UUIDs
  [4ec0a83e] Unicode
Splitpath issue: Test Failed at /home/pkgeval/.julia/packages/JuliaFormatter/e1ear/test/issues.jl:8
  Expression: occursin("JuliaFormatter", dirs[end - 1])
   Evaluated: occursin("JuliaFormatter", "e1ear")
Stacktrace:
 [1] top-level scope at /home/pkgeval/.julia/packages/JuliaFormatter/e1ear/test/issues.jl:8
 [2] top-level scope at /workspace/srcdir/usr/share/julia/stdlib/v1.5/Test/src/Test.jl:1115
 [3] top-level scope at /home/pkgeval/.julia/packages/JuliaFormatter/e1ear/test/issues.jl:5
 [4] top-level scope at /workspace/srcdir/usr/share/julia/stdlib/v1.5/Test/src/Test.jl:1115
 [5] top-level scope at /home/pkgeval/.julia/packages/JuliaFormatter/e1ear/test/issues.jl:2
Test Summary:                                                     | Pass  Fail  Broken  Total
JuliaFormatter                                                    |  988     1       3    992
  Default Style                                                   |  616             1    617
  YAS Style                                                       |   83                   83
  Blue Style                                                      |   36                   36
  Github Issues                                                   |   64     1       1     66
    Splitpath issue                                               |    2     1              3
    issue #137                                                    |    5                    5
    multiline / issue 139                                         |    4                    4
    issue #150                                                    |    2                    2
    issue #170 - block within comprehension                       |    8                    8
    issue #183                                                    |    1             1      2
    issue #189                                                    |    1                    1
    issue #193                                                    |    2                    2
    issue #194                                                    |    1                    1
    issue #200                                                    |    2                    2
    issue #202                                                    |    2                    2
    issue #207                                                    |    4                    4
    issue #218                                                    |    2                    2
    issue 248                                                     |    1                    1
    issue 260 - BracesCat                                         |    3                    3
    issue 262 - removal of @ in nested macrocall                  |   15                   15
    issue 264 - `let` empty block body                            |    1                    1
    issue 268 - whitespace around dot op if LHS is number literal |    2                    2
    issue 277 - flatten ops when no whitespace is allowed         |    2                    2
    issue 286 - Float32 leading/trailing zeros                    |    1                    1
    issue 289 - no spaces/nesting for matrix elements             |    1                    1
    issue 317 - infinite recursion                                |    1                    1
    issue 324 - bounds error when aligning binary op calls        |    1                    1
  Formatting Options                                              |  148             1    149
  .JuliaFormatter.toml config                                     |   24                   24
  Document                                                        |    1                    1
  format interface                                                |    8                    8
  format_file interface                                           |    8                    8
ERROR: LoadError: Some tests did not pass: 988 passed, 1 failed, 0 errored, 3 broken.
in expression starting at /home/pkgeval/.julia/packages/JuliaFormatter/e1ear/test/runtests.jl:46
ERROR: Package JuliaFormatter errored during testing
Stacktrace:
 [1] pkgerror(::String) at /workspace/srcdir/usr/share/julia/stdlib/v1.5/Pkg/src/Types.jl:52
 [2] test(::Pkg.Types.Context, ::Array{Pkg.Types.PackageSpec,1}; coverage::Bool, julia_args::Cmd, test_args::Cmd, test_fn::Nothing) at /workspace/srcdir/usr/share/julia/stdlib/v1.5/Pkg/src/Operations.jl:1578
 [3] test(::Pkg.Types.Context, ::Array{Pkg.Types.PackageSpec,1}; coverage::Bool, test_fn::Nothing, julia_args::Cmd, test_args::Cmd, kwargs::Base.Iterators.Pairs{Union{},Union{},Tuple{},NamedTuple{(),Tuple{}}}) at /workspace/srcdir/usr/share/julia/stdlib/v1.5/Pkg/src/API.jl:327
 [4] test(::Pkg.Types.Context, ::Array{Pkg.Types.PackageSpec,1}) at /workspace/srcdir/usr/share/julia/stdlib/v1.5/Pkg/src/API.jl:314
 [5] #test#61 at /workspace/srcdir/usr/share/julia/stdlib/v1.5/Pkg/src/API.jl:67 [inlined]
 [6] test at /workspace/srcdir/usr/share/julia/stdlib/v1.5/Pkg/src/API.jl:67 [inlined]
 [7] #test#60 at /workspace/srcdir/usr/share/julia/stdlib/v1.5/Pkg/src/API.jl:66 [inlined]
 [8] test at /workspace/srcdir/usr/share/julia/stdlib/v1.5/Pkg/src/API.jl:66 [inlined]
 [9] test(::String; kwargs::Base.Iterators.Pairs{Union{},Union{},Tuple{},NamedTuple{(),Tuple{}}}) at /workspace/srcdir/usr/share/julia/stdlib/v1.5/Pkg/src/API.jl:65
 [10] test(::String) at /workspace/srcdir/usr/share/julia/stdlib/v1.5/Pkg/src/API.jl:65
 [11] top-level scope at none:35
