Julia Version 1.5.1-pre.0
Commit f0b8c76f6f (2020-08-02 04:55 UTC)
Platform Info:
  OS: Linux (x86_64-pc-linux-gnu)
  CPU: Intel(R) Xeon(R) Silver 4114 CPU @ 2.20GHz
  WORD_SIZE: 64
  LIBM: libopenlibm
  LLVM: libLLVM-9.0.1 (ORCJIT, skylake)
Environment:
  JULIA_DEPOT_PATH = ::/usr/local/share/julia
  JULIA_NUM_THREADS = 2

  Resolving package versions...
  Installed Reexport ──── v0.2.0
  Installed UnetSockets ─ v0.1.0
  Installed Parsers ───── v1.0.10
  Installed Fjage ─────── v0.1.0
  Installed JSON ──────── v0.21.0
Updating `~/.julia/environments/v1.5/Project.toml`
  [28ddc128] + UnetSockets v0.1.0
Updating `~/.julia/environments/v1.5/Manifest.toml`
  [e0fd600c] + Fjage v0.1.0
  [682c06a0] + JSON v0.21.0
  [69de0a69] + Parsers v1.0.10
  [189a3867] + Reexport v0.2.0
  [28ddc128] + UnetSockets v0.1.0
  [2a0f44e3] + Base64
  [ade2ca70] + Dates
  [8ba89e20] + Distributed
  [b77e0a4c] + InteractiveUtils
  [76f85450] + LibGit2
  [8f399da3] + Libdl
  [56ddb016] + Logging
  [d6f4376e] + Markdown
  [a63ad114] + Mmap
  [44cfe95a] + Pkg
  [de0858da] + Printf
  [3fa0cd96] + REPL
  [9a3f8284] + Random
  [ea8e919c] + SHA
  [9e88b42a] + Serialization
  [6462fe0b] + Sockets
  [8dfed614] + Test
  [cf7118a7] + UUIDs
  [4ec0a83e] + Unicode
    Testing UnetSockets
Status `/tmp/jl_XbypW0/Project.toml`
  [28ddc128] UnetSockets v0.1.0
  [ade2ca70] Dates
  [8dfed614] Test
Status `/tmp/jl_XbypW0/Manifest.toml`
  [e0fd600c] Fjage v0.1.0
  [682c06a0] JSON v0.21.0
  [69de0a69] Parsers v1.0.10
  [189a3867] Reexport v0.2.0
  [28ddc128] UnetSockets v0.1.0
  [2a0f44e3] Base64
  [ade2ca70] Dates
  [8ba89e20] Distributed
  [b77e0a4c] InteractiveUtils
  [76f85450] LibGit2
  [8f399da3] Libdl
  [56ddb016] Logging
  [d6f4376e] Markdown
  [a63ad114] Mmap
  [44cfe95a] Pkg
  [de0858da] Printf
  [3fa0cd96] REPL
  [9a3f8284] Random
  [ea8e919c] SHA
  [9e88b42a] Serialization
  [6462fe0b] Sockets
  [8dfed614] Test
  [cf7118a7] UUIDs
  [4ec0a83e] Unicode
Starting 2-node simulation...
sim.sh: line 4: /unet: No such file or directory
Starting tests...
socket: Error During Test at /home/pkgeval/.julia/packages/UnetSockets/ALghi/test/runtests.jl:16
  Got exception outside of a @test
  IOError: connect: connection refused (ECONNREFUSED)
  Stacktrace:
   [1] wait_connected(::Sockets.TCPSocket) at /buildworker/worker/package_linux64/build/usr/share/julia/stdlib/v1.5/Sockets/src/Sockets.jl:525
   [2] connect at /buildworker/worker/package_linux64/build/usr/share/julia/stdlib/v1.5/Sockets/src/Sockets.jl:560 [inlined]
   [3] connect at /buildworker/worker/package_linux64/build/usr/share/julia/stdlib/v1.5/Sockets/src/Sockets.jl:545 [inlined]
   [4] Gateway(::String, ::String, ::Int64) at /home/pkgeval/.julia/packages/Fjage/aVmFV/src/Fjage.jl:168
   [5] Gateway(::String, ::Int64) at /home/pkgeval/.julia/packages/Fjage/aVmFV/src/Fjage.jl:180
   [6] UnetSocket(::String, ::Int64) at /home/pkgeval/.julia/packages/UnetSockets/ALghi/src/UnetSockets.jl:84
   [7] top-level scope at /home/pkgeval/.julia/packages/UnetSockets/ALghi/test/runtests.jl:17
   [8] top-level scope at /buildworker/worker/package_linux64/build/usr/share/julia/stdlib/v1.5/Test/src/Test.jl:1115
   [9] top-level scope at /home/pkgeval/.julia/packages/UnetSockets/ALghi/test/runtests.jl:17
   [10] include(::String) at ./client.jl:457
   [11] top-level scope at none:6
   [12] eval(::Module, ::Any) at ./boot.jl:331
   [13] exec_options(::Base.JLOptions) at ./client.jl:272
   [14] _start() at ./client.jl:506
  
Test Summary: | Error  Total
socket        |     1      1
Stopping 2-node simulation...
Could not stop!
ERROR: LoadError: Some tests did not pass: 0 passed, 0 failed, 1 errored, 0 broken.
in expression starting at /home/pkgeval/.julia/packages/UnetSockets/ALghi/test/runtests.jl:14
ERROR: Package UnetSockets errored during testing
Stacktrace:
 [1] pkgerror(::String) at /buildworker/worker/package_linux64/build/usr/share/julia/stdlib/v1.5/Pkg/src/Types.jl:52
 [2] test(::Pkg.Types.Context, ::Array{Pkg.Types.PackageSpec,1}; coverage::Bool, julia_args::Cmd, test_args::Cmd, test_fn::Nothing) at /buildworker/worker/package_linux64/build/usr/share/julia/stdlib/v1.5/Pkg/src/Operations.jl:1566
 [3] test(::Pkg.Types.Context, ::Array{Pkg.Types.PackageSpec,1}; coverage::Bool, test_fn::Nothing, julia_args::Cmd, test_args::Cmd, kwargs::Base.Iterators.Pairs{Union{},Union{},Tuple{},NamedTuple{(),Tuple{}}}) at /buildworker/worker/package_linux64/build/usr/share/julia/stdlib/v1.5/Pkg/src/API.jl:328
 [4] test(::Pkg.Types.Context, ::Array{Pkg.Types.PackageSpec,1}) at /buildworker/worker/package_linux64/build/usr/share/julia/stdlib/v1.5/Pkg/src/API.jl:315
 [5] #test#61 at /buildworker/worker/package_linux64/build/usr/share/julia/stdlib/v1.5/Pkg/src/API.jl:67 [inlined]
 [6] test at /buildworker/worker/package_linux64/build/usr/share/julia/stdlib/v1.5/Pkg/src/API.jl:67 [inlined]
 [7] #test#60 at /buildworker/worker/package_linux64/build/usr/share/julia/stdlib/v1.5/Pkg/src/API.jl:66 [inlined]
 [8] test at /buildworker/worker/package_linux64/build/usr/share/julia/stdlib/v1.5/Pkg/src/API.jl:66 [inlined]
 [9] test(::String; kwargs::Base.Iterators.Pairs{Union{},Union{},Tuple{},NamedTuple{(),Tuple{}}}) at /buildworker/worker/package_linux64/build/usr/share/julia/stdlib/v1.5/Pkg/src/API.jl:65
 [10] test(::String) at /buildworker/worker/package_linux64/build/usr/share/julia/stdlib/v1.5/Pkg/src/API.jl:65
 [11] top-level scope at none:16
