Julia Version 1.4.2-pre.0
Commit ef4fe83698 (2020-04-15 16:24 UTC)
Platform Info:
  OS: Linux (x86_64-linux-gnu)
  CPU: Intel(R) Xeon(R) Silver 4114 CPU @ 2.20GHz
  WORD_SIZE: 64
  LIBM: libopenlibm
  LLVM: libLLVM-8.0.1 (ORCJIT, skylake)
Environment:
  JULIA_DEPOT_PATH = ::/usr/local/share/julia
  JULIA_NUM_THREADS = 2

  Resolving package versions...
  Installed ZipFile ────────────────────── v0.9.1
  Installed Requires ───────────────────── v1.0.1
  Installed CompilerSupportLibraries_jll ─ v0.3.3+0
  Installed NeuralNetDiffEq ────────────── v1.4.0
  Installed VertexSafeGraphs ───────────── v0.1.2
  Installed RecipesBase ────────────────── v1.0.1
  Installed NLsolve ────────────────────── v4.3.0
  Installed RandomNumbers ──────────────── v1.4.0
  Installed DiffResults ────────────────── v1.0.2
  Installed ZygoteRules ────────────────── v0.2.0
  Installed MuladdMacro ────────────────── v0.2.2
  Installed PDMats ─────────────────────── v0.9.12
  Installed BinaryProvider ─────────────── v0.5.9
  Installed DiffEqCallbacks ────────────── v2.13.1
  Installed CodeTracking ───────────────── v0.5.11
  Installed NLSolversBase ──────────────── v7.6.1
  Installed MKL_jll ────────────────────── v2019.0.117+2
  Installed Adapt ──────────────────────── v1.0.1
  Installed ChainRulesCore ─────────────── v0.7.5
  Installed GPUCompiler ────────────────── v0.2.0
  Installed ExprTools ──────────────────── v0.1.1
  Installed TimerOutputs ───────────────── v0.5.5
  Installed CEnum ──────────────────────── v0.3.0
  Installed CodecZlib ──────────────────── v0.7.0
  Installed DiffRules ──────────────────── v1.0.1
  Installed AbstractFFTs ───────────────── v0.5.0
  Installed Rmath ──────────────────────── v0.6.1
  Installed GenericSVD ─────────────────── v0.3.0
  Installed DiffEqNoiseProcess ─────────── v3.10.0
  Installed SortingAlgorithms ──────────── v0.3.1
  Installed Missings ───────────────────── v0.4.3
  Installed Reexport ───────────────────── v0.2.0
  Installed OpenBLAS_jll ───────────────── v0.3.9+4
  Installed DiffEqSensitivity ──────────── v6.13.0
  Installed IterativeSolvers ───────────── v0.8.4
  Installed Flux ───────────────────────── v0.10.4
  Installed IRTools ────────────────────── v0.3.2
  Installed ForwardDiff ────────────────── v0.10.10
  Installed Arpack_jll ─────────────────── v3.5.0+3
  Installed DiffEqBase ─────────────────── v6.32.2
  Installed CUDAapi ────────────────────── v4.0.0
  Installed ArrayInterface ─────────────── v2.8.7
  Installed StatsFuns ──────────────────── v0.9.4
  Installed Sobol ──────────────────────── v1.3.0
  Installed FFTW_jll ───────────────────── v3.3.9+5
  Installed ExponentialUtilities ───────── v1.6.0
  Installed TranscodingStreams ─────────── v0.9.5
  Installed NNlib ──────────────────────── v0.6.6
  Installed Roots ──────────────────────── v1.0.1
  Installed ConsoleProgressMonitor ─────── v0.1.2
  Installed ProgressLogging ────────────── v0.1.2
  Installed Cthulhu ────────────────────── v1.0.2
  Installed UnPack ─────────────────────── v1.0.0
  Installed OrdinaryDiffEq ─────────────── v5.36.1
  Installed ArrayLayouts ───────────────── v0.2.6
  Installed CUDAdrv ────────────────────── v6.3.0
  Installed Optim ──────────────────────── v0.20.6
  Installed MacroTools ─────────────────── v0.5.5
  Installed ArnoldiMethod ──────────────── v0.0.4
  Installed Parameters ─────────────────── v0.12.1
  Installed AbstractTrees ──────────────── v0.3.3
  Installed GPUArrays ──────────────────── v3.3.0
  Installed LLVM ───────────────────────── v1.4.1
  Installed Zlib_jll ───────────────────── v1.2.11+9
  Installed QuasiMonteCarlo ────────────── v0.2.0
  Installed DataAPI ────────────────────── v1.3.0
  Installed Arpack ─────────────────────── v0.4.0
  Installed LeftChildRightSiblingTrees ─── v0.1.2
  Installed SimpleTraits ───────────────── v0.9.2
  Installed LabelledArrays ─────────────── v1.2.0
  Installed Inflate ────────────────────── v0.1.2
  Installed SpatialIndexing ────────────── v0.1.2
  Installed DataStructures ─────────────── v0.17.15
  Installed SpecialFunctions ───────────── v0.10.0
  Installed LightGraphs ────────────────── v1.3.3
  Installed CPUTime ────────────────────── v1.0.0
  Installed FunctionWrappers ───────────── v1.1.1
  Installed LineSearches ───────────────── v7.0.1
  Installed Juno ───────────────────────── v0.8.1
  Installed DiffEqFlux ─────────────────── v1.10.0
  Installed StaticArrays ───────────────── v0.12.3
  Installed CUDAnative ─────────────────── v3.1.0
  Installed CuArrays ───────────────────── v2.2.0
  Installed ProgressMeter ──────────────── v1.2.0
  Installed NaNMath ────────────────────── v0.3.3
  Installed TreeViews ──────────────────── v0.3.0
  Installed ColorTypes ─────────────────── v0.10.3
  Installed IntelOpenMP_jll ────────────── v2018.0.3+0
  Installed Media ──────────────────────── v0.5.0
  Installed SparseDiffTools ────────────── v1.7.1
  Installed CommonSubexpressions ───────── v0.2.0
  Installed TerminalLoggers ────────────── v0.1.1
  Installed OpenSpecFun_jll ────────────── v0.5.3+3
  Installed ResettableStacks ───────────── v1.0.0
  Installed OrderedCollections ─────────── v1.2.0
  Installed StochasticDiffEq ───────────── v6.20.0
  Installed Zygote ─────────────────────── v0.4.20
  Installed RecursiveArrayTools ────────── v2.3.2
  Installed IteratorInterfaceExtensions ── v1.0.0
  Installed StatsBase ──────────────────── v0.33.0
  Installed BlackBoxOptim ──────────────── v0.5.0
  Installed Rmath_jll ──────────────────── v0.2.2+0
  Installed RecursiveFactorization ─────── v0.1.0
  Installed QuadGK ─────────────────────── v2.3.1
  Installed LatinHypercubeSampling ─────── v1.6.4
  Installed Compat ─────────────────────── v3.9.1
  Installed ReverseDiff ────────────────── v1.2.0
  Installed LoggingExtras ──────────────── v0.4.0
  Installed FiniteDiff ─────────────────── v2.3.1
  Installed Tracker ────────────────────── v0.2.6
  Installed Colors ─────────────────────── v0.12.0
  Installed FixedPointNumbers ──────────── v0.8.0
  Installed DocStringExtensions ────────── v0.8.1
  Installed Distributions ──────────────── v0.23.2
  Installed PositiveFactorizations ─────── v0.2.3
  Installed TableTraits ────────────────── v1.0.0
  Installed FillArrays ─────────────────── v0.8.9
  Installed Distances ──────────────────── v0.8.2
  Installed FFTW ───────────────────────── v1.2.1
   Updating `~/.julia/environments/v1.4/Project.toml`
  [8faf48c0] + NeuralNetDiffEq v1.4.0
   Updating `~/.julia/environments/v1.4/Manifest.toml`
  [621f4979] + AbstractFFTs v0.5.0
  [1520ce14] + AbstractTrees v0.3.3
  [79e6a3ab] + Adapt v1.0.1
  [ec485272] + ArnoldiMethod v0.0.4
  [7d9fca2a] + Arpack v0.4.0
  [68821587] + Arpack_jll v3.5.0+3
  [4fba245c] + ArrayInterface v2.8.7
  [4c555306] + ArrayLayouts v0.2.6
  [b99e7846] + BinaryProvider v0.5.9
  [a134a8b2] + BlackBoxOptim v0.5.0
  [fa961155] + CEnum v0.3.0
  [a9c8d775] + CPUTime v1.0.0
  [3895d2a7] + CUDAapi v4.0.0
  [c5f51814] + CUDAdrv v6.3.0
  [be33ccc6] + CUDAnative v3.1.0
  [d360d2e6] + ChainRulesCore v0.7.5
  [da1fd8a2] + CodeTracking v0.5.11
  [944b1d66] + CodecZlib v0.7.0
  [3da002f7] + ColorTypes v0.10.3
  [5ae59095] + Colors v0.12.0
  [bbf7d656] + CommonSubexpressions v0.2.0
  [34da2185] + Compat v3.9.1
  [e66e0078] + CompilerSupportLibraries_jll v0.3.3+0
  [88cd18e8] + ConsoleProgressMonitor v0.1.2
  [f68482b8] + Cthulhu v1.0.2
  [3a865a2d] + CuArrays v2.2.0
  [9a962f9c] + DataAPI v1.3.0
  [864edb3b] + DataStructures v0.17.15
  [2b5f629d] + DiffEqBase v6.32.2
  [459566f4] + DiffEqCallbacks v2.13.1
  [aae7a2af] + DiffEqFlux v1.10.0
  [77a26b50] + DiffEqNoiseProcess v3.10.0
  [41bf760c] + DiffEqSensitivity v6.13.0
  [163ba53b] + DiffResults v1.0.2
  [b552c78f] + DiffRules v1.0.1
  [b4f34e82] + Distances v0.8.2
  [31c24e10] + Distributions v0.23.2
  [ffbed154] + DocStringExtensions v0.8.1
  [d4d017d3] + ExponentialUtilities v1.6.0
  [e2ba6199] + ExprTools v0.1.1
  [7a1cc6ca] + FFTW v1.2.1
  [f5851436] + FFTW_jll v3.3.9+5
  [1a297f60] + FillArrays v0.8.9
  [6a86dc24] + FiniteDiff v2.3.1
  [53c48c17] + FixedPointNumbers v0.8.0
  [587475ba] + Flux v0.10.4
  [f6369f11] + ForwardDiff v0.10.10
  [069b7b12] + FunctionWrappers v1.1.1
  [0c68f7d7] + GPUArrays v3.3.0
  [61eb1bfa] + GPUCompiler v0.2.0
  [01680d73] + GenericSVD v0.3.0
  [7869d1d1] + IRTools v0.3.2
  [d25df0c9] + Inflate v0.1.2
  [1d5cc7b8] + IntelOpenMP_jll v2018.0.3+0
  [42fd0dbc] + IterativeSolvers v0.8.4
  [82899510] + IteratorInterfaceExtensions v1.0.0
  [e5e0dc1b] + Juno v0.8.1
  [929cbde3] + LLVM v1.4.1
  [2ee39098] + LabelledArrays v1.2.0
  [a5e1c1ea] + LatinHypercubeSampling v1.6.4
  [1d6d02ad] + LeftChildRightSiblingTrees v0.1.2
  [093fc24a] + LightGraphs v1.3.3
  [d3d80556] + LineSearches v7.0.1
  [e6f89c97] + LoggingExtras v0.4.0
  [856f044c] + MKL_jll v2019.0.117+2
  [1914dd2f] + MacroTools v0.5.5
  [e89f7d12] + Media v0.5.0
  [e1d29d7a] + Missings v0.4.3
  [46d2c3a1] + MuladdMacro v0.2.2
  [d41bc354] + NLSolversBase v7.6.1
  [2774e3e8] + NLsolve v4.3.0
  [872c559c] + NNlib v0.6.6
  [77ba4419] + NaNMath v0.3.3
  [8faf48c0] + NeuralNetDiffEq v1.4.0
  [4536629a] + OpenBLAS_jll v0.3.9+4
  [efe28fd5] + OpenSpecFun_jll v0.5.3+3
  [429524aa] + Optim v0.20.6
  [bac558e1] + OrderedCollections v1.2.0
  [1dea7af3] + OrdinaryDiffEq v5.36.1
  [90014a1f] + PDMats v0.9.12
  [d96e819e] + Parameters v0.12.1
  [85a6dd25] + PositiveFactorizations v0.2.3
  [33c8b6b6] + ProgressLogging v0.1.2
  [92933f4c] + ProgressMeter v1.2.0
  [1fd47b50] + QuadGK v2.3.1
  [8a4e6c94] + QuasiMonteCarlo v0.2.0
  [e6cf234a] + RandomNumbers v1.4.0
  [3cdcf5f2] + RecipesBase v1.0.1
  [731186ca] + RecursiveArrayTools v2.3.2
  [f2c3362d] + RecursiveFactorization v0.1.0
  [189a3867] + Reexport v0.2.0
  [ae029012] + Requires v1.0.1
  [ae5879a3] + ResettableStacks v1.0.0
  [37e2e3b7] + ReverseDiff v1.2.0
  [79098fc4] + Rmath v0.6.1
  [f50d1b31] + Rmath_jll v0.2.2+0
  [f2b01f46] + Roots v1.0.1
  [699a6c99] + SimpleTraits v0.9.2
  [ed01d8cd] + Sobol v1.3.0
  [a2af1166] + SortingAlgorithms v0.3.1
  [47a9eef4] + SparseDiffTools v1.7.1
  [d4ead438] + SpatialIndexing v0.1.2
  [276daf66] + SpecialFunctions v0.10.0
  [90137ffa] + StaticArrays v0.12.3
  [2913bbd2] + StatsBase v0.33.0
  [4c63d2b9] + StatsFuns v0.9.4
  [789caeaf] + StochasticDiffEq v6.20.0
  [3783bdb8] + TableTraits v1.0.0
  [5d786b92] + TerminalLoggers v0.1.1
  [a759f4b9] + TimerOutputs v0.5.5
  [9f7883ad] + Tracker v0.2.6
  [3bb67fe8] + TranscodingStreams v0.9.5
  [a2a6695c] + TreeViews v0.3.0
  [3a884ed6] + UnPack v1.0.0
  [19fa3120] + VertexSafeGraphs v0.1.2
  [a5390f91] + ZipFile v0.9.1
  [83775a58] + Zlib_jll v1.2.11+9
  [e88e6eb3] + Zygote v0.4.20
  [700de1a5] + ZygoteRules v0.2.0
  [2a0f44e3] + Base64 
  [ade2ca70] + Dates 
  [8bb1440f] + DelimitedFiles 
  [8ba89e20] + Distributed 
  [9fa8497b] + Future 
  [b77e0a4c] + InteractiveUtils 
  [76f85450] + LibGit2 
  [8f399da3] + Libdl 
  [37e2e46d] + LinearAlgebra 
  [56ddb016] + Logging 
  [d6f4376e] + Markdown 
  [a63ad114] + Mmap 
  [44cfe95a] + Pkg 
  [de0858da] + Printf 
  [9abbd945] + Profile 
  [3fa0cd96] + REPL 
  [9a3f8284] + Random 
  [ea8e919c] + SHA 
  [9e88b42a] + Serialization 
  [1a1011a3] + SharedArrays 
  [6462fe0b] + Sockets 
  [2f01184e] + SparseArrays 
  [10745b16] + Statistics 
  [4607b0f0] + SuiteSparse 
  [8dfed614] + Test 
  [cf7118a7] + UUIDs 
  [4ec0a83e] + Unicode 
   Building NNlib → `~/.julia/packages/NNlib/FAI3o/deps/build.log`
   Building FFTW ─→ `~/.julia/packages/FFTW/5DZuu/deps/build.log`
    Testing NeuralNetDiffEq
Status `/tmp/jl_AU4eip/Manifest.toml`
  [621f4979] AbstractFFTs v0.5.0
  [1520ce14] AbstractTrees v0.3.3
  [79e6a3ab] Adapt v1.0.1
  [ec485272] ArnoldiMethod v0.0.4
  [7d9fca2a] Arpack v0.4.0
  [68821587] Arpack_jll v3.5.0+3
  [4fba245c] ArrayInterface v2.8.7
  [4c555306] ArrayLayouts v0.2.6
  [b99e7846] BinaryProvider v0.5.9
  [a134a8b2] BlackBoxOptim v0.5.0
  [fa961155] CEnum v0.3.0
  [a9c8d775] CPUTime v1.0.0
  [3895d2a7] CUDAapi v4.0.0
  [c5f51814] CUDAdrv v6.3.0
  [be33ccc6] CUDAnative v3.1.0
  [d360d2e6] ChainRulesCore v0.7.5
  [da1fd8a2] CodeTracking v0.5.11
  [944b1d66] CodecZlib v0.7.0
  [3da002f7] ColorTypes v0.10.3
  [5ae59095] Colors v0.12.0
  [bbf7d656] CommonSubexpressions v0.2.0
  [34da2185] Compat v3.9.1
  [e66e0078] CompilerSupportLibraries_jll v0.3.3+0
  [88cd18e8] ConsoleProgressMonitor v0.1.2
  [f68482b8] Cthulhu v1.0.2
  [3a865a2d] CuArrays v2.2.0
  [9a962f9c] DataAPI v1.3.0
  [864edb3b] DataStructures v0.17.15
  [2b5f629d] DiffEqBase v6.32.2
  [459566f4] DiffEqCallbacks v2.13.1
  [f3b72e0c] DiffEqDevTools v2.19.0
  [aae7a2af] DiffEqFlux v1.10.0
  [77a26b50] DiffEqNoiseProcess v3.10.0
  [41bf760c] DiffEqSensitivity v6.13.0
  [163ba53b] DiffResults v1.0.2
  [b552c78f] DiffRules v1.0.1
  [b4f34e82] Distances v0.8.2
  [31c24e10] Distributions v0.23.2
  [ffbed154] DocStringExtensions v0.8.1
  [d4d017d3] ExponentialUtilities v1.6.0
  [e2ba6199] ExprTools v0.1.1
  [7a1cc6ca] FFTW v1.2.1
  [f5851436] FFTW_jll v3.3.9+5
  [1a297f60] FillArrays v0.8.9
  [6a86dc24] FiniteDiff v2.3.1
  [53c48c17] FixedPointNumbers v0.8.0
  [587475ba] Flux v0.10.4
  [f6369f11] ForwardDiff v0.10.10
  [069b7b12] FunctionWrappers v1.1.1
  [0c68f7d7] GPUArrays v3.3.0
  [61eb1bfa] GPUCompiler v0.2.0
  [01680d73] GenericSVD v0.3.0
  [7869d1d1] IRTools v0.3.2
  [d25df0c9] Inflate v0.1.2
  [1d5cc7b8] IntelOpenMP_jll v2018.0.3+0
  [42fd0dbc] IterativeSolvers v0.8.4
  [82899510] IteratorInterfaceExtensions v1.0.0
  [e5e0dc1b] Juno v0.8.1
  [929cbde3] LLVM v1.4.1
  [2ee39098] LabelledArrays v1.2.0
  [a5e1c1ea] LatinHypercubeSampling v1.6.4
  [1d6d02ad] LeftChildRightSiblingTrees v0.1.2
  [093fc24a] LightGraphs v1.3.3
  [d3d80556] LineSearches v7.0.1
  [e6f89c97] LoggingExtras v0.4.0
  [856f044c] MKL_jll v2019.0.117+2
  [1914dd2f] MacroTools v0.5.5
  [e89f7d12] Media v0.5.0
  [e1d29d7a] Missings v0.4.3
  [46d2c3a1] MuladdMacro v0.2.2
  [d41bc354] NLSolversBase v7.6.1
  [2774e3e8] NLsolve v4.3.0
  [872c559c] NNlib v0.6.6
  [77ba4419] NaNMath v0.3.3
  [8faf48c0] NeuralNetDiffEq v1.4.0
  [4536629a] OpenBLAS_jll v0.3.9+4
  [efe28fd5] OpenSpecFun_jll v0.5.3+3
  [429524aa] Optim v0.20.6
  [bac558e1] OrderedCollections v1.2.0
  [1dea7af3] OrdinaryDiffEq v5.36.1
  [90014a1f] PDMats v0.9.12
  [d96e819e] Parameters v0.12.1
  [85a6dd25] PositiveFactorizations v0.2.3
  [33c8b6b6] ProgressLogging v0.1.2
  [92933f4c] ProgressMeter v1.2.0
  [1fd47b50] QuadGK v2.3.1
  [8a4e6c94] QuasiMonteCarlo v0.2.0
  [e6cf234a] RandomNumbers v1.4.0
  [3cdcf5f2] RecipesBase v1.0.1
  [731186ca] RecursiveArrayTools v2.3.2
  [f2c3362d] RecursiveFactorization v0.1.0
  [189a3867] Reexport v0.2.0
  [ae029012] Requires v1.0.1
  [ae5879a3] ResettableStacks v1.0.0
  [37e2e3b7] ReverseDiff v1.2.0
  [79098fc4] Rmath v0.6.1
  [f50d1b31] Rmath_jll v0.2.2+0
  [f2b01f46] Roots v1.0.1
  [1bc83da4] SafeTestsets v0.0.1
  [699a6c99] SimpleTraits v0.9.2
  [ed01d8cd] Sobol v1.3.0
  [a2af1166] SortingAlgorithms v0.3.1
  [47a9eef4] SparseDiffTools v1.7.1
  [d4ead438] SpatialIndexing v0.1.2
  [276daf66] SpecialFunctions v0.10.0
  [90137ffa] StaticArrays v0.12.3
  [2913bbd2] StatsBase v0.33.0
  [4c63d2b9] StatsFuns v0.9.4
  [789caeaf] StochasticDiffEq v6.20.0
  [3783bdb8] TableTraits v1.0.0
  [5d786b92] TerminalLoggers v0.1.1
  [a759f4b9] TimerOutputs v0.5.5
  [9f7883ad] Tracker v0.2.6
  [3bb67fe8] TranscodingStreams v0.9.5
  [a2a6695c] TreeViews v0.3.0
  [3a884ed6] UnPack v1.0.0
  [19fa3120] VertexSafeGraphs v0.1.2
  [a5390f91] ZipFile v0.9.1
  [83775a58] Zlib_jll v1.2.11+9
  [e88e6eb3] Zygote v0.4.20
  [700de1a5] ZygoteRules v0.2.0
  [2a0f44e3] Base64 
  [ade2ca70] Dates 
  [8bb1440f] DelimitedFiles 
  [8ba89e20] Distributed 
  [9fa8497b] Future 
  [b77e0a4c] InteractiveUtils 
  [76f85450] LibGit2 
  [8f399da3] Libdl 
  [37e2e46d] LinearAlgebra 
  [56ddb016] Logging 
  [d6f4376e] Markdown 
  [a63ad114] Mmap 
  [44cfe95a] Pkg 
  [de0858da] Printf 
  [9abbd945] Profile 
  [3fa0cd96] REPL 
  [9a3f8284] Random 
  [ea8e919c] SHA 
  [9e88b42a] Serialization 
  [1a1011a3] SharedArrays 
  [6462fe0b] Sockets 
  [2f01184e] SparseArrays 
  [10745b16] Statistics 
  [4607b0f0] SuiteSparse 
  [8dfed614] Test 
  [cf7118a7] UUIDs 
  [4ec0a83e] Unicode 
Training   0%|                                          |  ETA: N/A
Current loss is: 11.534031807694547
loss: 11.5   0%|▎                                       |  ETA: 5:30:52
Current loss is: 11.20460305868039
loss: 11.2   1%|▍                                       |  ETA: 2:50:07
Current loss is: 10.939146992147805
loss: 10.9   2%|▋                                       |  ETA: 1:52:55
Current loss is: 8.572886381898453
loss: 8.57   2%|▊                                       |  ETA: 1:24:21
Current loss is: 8.964689685940685
loss: 8.96   2%|█                                       |  ETA: 1:07:12
Current loss is: 10.041152745122721
loss: 10   3%|█▎                                        |  ETA: 0:55:46
Current loss is: 9.466374902663633
loss: 9.47   4%|█▍                                      |  ETA: 0:47:36
Current loss is: 8.45772749728629
loss: 8.46   4%|█▋                                      |  ETA: 0:41:28
Current loss is: 8.37115497841425
loss: 8.37   4%|█▊                                      |  ETA: 0:36:42
Current loss is: 8.955305408991215
loss: 8.96   5%|██                                      |  ETA: 0:33:01
Current loss is: 9.128277025787302
loss: 9.13   6%|██▎                                     |  ETA: 0:29:54
Current loss is: 8.66502863569318
loss: 8.67   6%|██▍                                     |  ETA: 0:27:17
Current loss is: 8.20860126508163
loss: 8.21   6%|██▋                                     |  ETA: 0:25:04
Current loss is: 8.231054445662368
loss: 8.23   7%|██▊                                     |  ETA: 0:23:11
Current loss is: 8.533346058787664
loss: 8.53   8%|███                                     |  ETA: 0:21:32
Current loss is: 8.607599915247631
loss: 8.61   8%|███▎                                    |  ETA: 0:20:06
Current loss is: 8.334835681422982
loss: 8.33   8%|███▍                                    |  ETA: 0:18:50
Current loss is: 8.03515147377391
loss: 8.04   9%|███▋                                    |  ETA: 0:17:42
Current loss is: 7.99358135658175
loss: 7.99  10%|███▊                                    |  ETA: 0:16:42
Current loss is: 8.137125330183073
loss: 8.14  10%|████                                    |  ETA: 0:15:47
Current loss is: 8.174867912494559
loss: 8.17  10%|████▎                                   |  ETA: 0:14:58
Current loss is: 7.992613418216129
loss: 7.99  11%|████▍                                   |  ETA: 0:14:13
Current loss is: 7.770928665641798
loss: 7.77  12%|████▋                                   |  ETA: 0:13:32
Current loss is: 7.695787918379796
loss: 7.7  12%|████▉                                    |  ETA: 0:12:54
Current loss is: 7.743486556074174
loss: 7.74  12%|█████                                   |  ETA: 0:12:20
Current loss is: 7.73210058763708
loss: 7.73  13%|█████▎                                  |  ETA: 0:11:48
Current loss is: 7.5788517146803995
loss: 7.58  14%|█████▍                                  |  ETA: 0:11:18
Current loss is: 7.396188622270304
loss: 7.4  14%|█████▊                                   |  ETA: 0:10:51
Current loss is: 7.307268545601925
loss: 7.31  14%|█████▊                                  |  ETA: 0:10:25
Current loss is: 7.290835651427727
loss: 7.29  15%|██████                                  |  ETA: 0:10:01
Current loss is: 7.2218168843809325
loss: 7.22  16%|██████▎                                 |  ETA: 0:09:39
Current loss is: 7.053142555003323
loss: 7.05  16%|██████▍                                 |  ETA: 0:09:18
Current loss is: 6.88199667743727
loss: 6.88  16%|██████▋                                 |  ETA: 0:08:59
Current loss is: 6.779973046606871
loss: 6.78  17%|██████▊                                 |  ETA: 0:08:40
Current loss is: 6.700273236551604
loss: 6.7  18%|███████▏                                 |  ETA: 0:08:23
Current loss is: 6.557017745635317
loss: 6.56  18%|███████▎                                |  ETA: 0:08:06
Current loss is: 6.362194703461596
loss: 6.36  18%|███████▍                                |  ETA: 0:07:50
Current loss is: 6.187406644622151
loss: 6.19  19%|███████▋                                |  ETA: 0:07:36
Current loss is: 6.051447542597113
loss: 6.05  20%|███████▊                                |  ETA: 0:07:22
Current loss is: 5.894263700331304
loss: 5.89  20%|████████                                |  ETA: 0:07:08
Current loss is: 5.679099608883385
loss: 5.68  20%|████████▎                               |  ETA: 0:06:55
Current loss is: 5.454061696896789
loss: 5.45  21%|████████▍                               |  ETA: 0:06:44
Current loss is: 5.255250598777795
loss: 5.26  22%|████████▋                               |  ETA: 0:06:32
Current loss is: 5.05104141753846
loss: 5.05  22%|████████▊                               |  ETA: 0:06:21
Current loss is: 4.802208337130143
loss: 4.8  22%|█████████▎                               |  ETA: 0:06:10
Current loss is: 4.529713101269231
loss: 4.53  23%|█████████▎                              |  ETA: 0:06:00
Current loss is: 4.272897157749935
loss: 4.27  24%|█████████▍                              |  ETA: 0:05:51
Current loss is: 4.019538220437502
loss: 4.02  24%|█████████▋                              |  ETA: 0:05:41
Current loss is: 3.7380854181938137
loss: 3.74  24%|█████████▊                              |  ETA: 0:05:32
Current loss is: 3.4365942075054625
loss: 3.44  25%|██████████                              |  ETA: 0:05:24
Current loss is: 3.14711679598333
loss: 3.15  26%|██████████▎                             |  ETA: 0:05:15
Current loss is: 2.866662221552684
loss: 2.87  26%|██████████▍                             |  ETA: 0:05:08
Current loss is: 2.577902823463076
loss: 2.58  26%|██████████▋                             |  ETA: 0:05:00
Current loss is: 2.28340669169581
loss: 2.28  27%|██████████▊                             |  ETA: 0:04:53
Current loss is: 2.003329397549276
loss: 2  28%|███████████▉                               |  ETA: 0:04:45
Current loss is: 1.743635759682866
loss: 1.74  28%|███████████▎                            |  ETA: 0:04:39
Current loss is: 1.495104956875598
loss: 1.5  28%|███████████▋                             |  ETA: 0:04:32
Current loss is: 1.2565565351703958
loss: 1.26  29%|███████████▋                            |  ETA: 0:04:26
Current loss is: 1.040947375975973
loss: 1.04  30%|███████████▊                            |  ETA: 0:04:20
Current loss is: 0.8513347630420233
loss: 0.851  30%|███████████▊                           |  ETA: 0:04:14
Current loss is: 0.6882859614466901
loss: 0.688  30%|███████████▉                           |  ETA: 0:04:08
Current loss is: 0.5432492948464539
loss: 0.543  31%|████████████▏                          |  ETA: 0:04:03
Current loss is: 0.419407156647356
loss: 0.419  32%|████████████▎                          |  ETA: 0:03:57
Current loss is: 0.31937318054158875
loss: 0.319  32%|████████████▌                          |  ETA: 0:03:52
Current loss is: 0.2403570302062141
loss: 0.24  32%|█████████████                           |  ETA: 0:03:47
Current loss is: 0.17902069913323246
loss: 0.179  33%|████████████▉                          |  ETA: 0:03:42
Current loss is: 0.1325104451147597
loss: 0.133  34%|█████████████▏                         |  ETA: 0:03:38
Current loss is: 0.09892922411257725
loss: 0.0989  34%|████████████▉                         |  ETA: 0:03:33
Current loss is: 0.07728778639803177
loss: 0.0773  34%|█████████████▏                        |  ETA: 0:03:28
Current loss is: 0.0658210977024121
loss: 0.0658  35%|█████████████▎                        |  ETA: 0:03:24
Current loss is: 0.06121047070002014
loss: 0.0612  36%|█████████████▌                        |  ETA: 0:03:20
Current loss is: 0.059679333314169816
loss: 0.0597  36%|█████████████▋                        |  ETA: 0:03:16
Current loss is: 0.058172935111250636
loss: 0.0582  36%|█████████████▉                        |  ETA: 0:03:12
Current loss is: 0.055564843419087025
loss: 0.0556  37%|██████████████                        |  ETA: 0:03:08
Current loss is: 0.053035215182737974
loss: 0.053  38%|██████████████▋                        |  ETA: 0:03:04
Current loss is: 0.05216942229768018
loss: 0.0522  38%|██████████████▌                       |  ETA: 0:03:00
Current loss is: 0.05303075398617738
loss: 0.053  38%|███████████████                        |  ETA: 0:02:57
Current loss is: 0.05292686582627145
loss: 0.0529  39%|██████████████▉                       |  ETA: 0:02:53
Current loss is: 0.04963137173256843
loss: 0.0496  40%|███████████████                       |  ETA: 0:02:50
Current loss is: 0.043401379432412984
loss: 0.0434  40%|███████████████▎                      |  ETA: 0:02:46
Current loss is: 0.0366036453027133
loss: 0.0366  40%|███████████████▍                      |  ETA: 0:02:43
Current loss is: 0.031247523312003027
loss: 0.0312  41%|███████████████▋                      |  ETA: 0:02:40
Current loss is: 0.027410220738399566
loss: 0.0274  42%|███████████████▊                      |  ETA: 0:02:37
Current loss is: 0.024225023548838407
loss: 0.0242  42%|████████████████                      |  ETA: 0:02:33
Current loss is: 0.020961088067655086
loss: 0.021  42%|████████████████▋                      |  ETA: 0:02:30
Current loss is: 0.017474259512391184
loss: 0.0175  43%|████████████████▍                     |  ETA: 0:02:28
Current loss is: 0.013978071147694678
loss: 0.014  44%|█████████████████                      |  ETA: 0:02:25
Current loss is: 0.010841115858458546
loss: 0.0108  44%|████████████████▊                     |  ETA: 0:02:22
Current loss is: 0.008359255514346907
loss: 0.00836  44%|████████████████▌                    |  ETA: 0:02:19
Current loss is: 0.006492111758081973
loss: 0.00649  45%|████████████████▋                    |  ETA: 0:02:17
Current loss is: 0.0052411157792655845
loss: 0.00524  46%|████████████████▉                    |  ETA: 0:02:14
Current loss is: 0.004547870143747048
loss: 0.00455  46%|█████████████████                    |  ETA: 0:02:11
Current loss is: 0.00434169833522818
loss: 0.00434  46%|█████████████████▎                   |  ETA: 0:02:09
Current loss is: 0.004555829139544672
loss: 0.00456  47%|█████████████████▍                   |  ETA: 0:02:06
Current loss is: 0.005141154850205698
loss: 0.00514  48%|█████████████████▋                   |  ETA: 0:02:04
Current loss is: 0.005780710564168152
loss: 0.00578  48%|█████████████████▊                   |  ETA: 0:02:02
Current loss is: 0.006296885506000129
loss: 0.0063  48%|██████████████████▍                   |  ETA: 0:01:59
Current loss is: 0.006596950157272524
loss: 0.0066  49%|██████████████████▋                   |  ETA: 0:01:57
Current loss is: 0.006700889726343457
loss: 0.0067  50%|██████████████████▊                   |  ETA: 0:01:55
Current loss is: 0.006868523306821273
loss: 0.00687  50%|██████████████████▌                  |  ETA: 0:01:53
Current loss is: 0.006918912698692462
loss: 0.00692  50%|██████████████████▋                  |  ETA: 0:01:50
Current loss is: 0.006862071567516087
loss: 0.00686  51%|██████████████████▉                  |  ETA: 0:01:48
Current loss is: 0.0064998022332437315
loss: 0.0065  52%|███████████████████▋                  |  ETA: 0:01:46
Current loss is: 0.005960371924948041
loss: 0.00596  52%|███████████████████▎                 |  ETA: 0:01:44
Current loss is: 0.005370097131886254
loss: 0.00537  52%|███████████████████▍                 |  ETA: 0:01:42
Current loss is: 0.005009247916201617
loss: 0.00501  53%|███████████████████▋                 |  ETA: 0:01:40
Current loss is: 0.004812875962838279
loss: 0.00481  54%|███████████████████▊                 |  ETA: 0:01:38
Current loss is: 0.004653161812710936
loss: 0.00465  54%|████████████████████                 |  ETA: 0:01:37
Current loss is: 0.004459785918297987
loss: 0.00446  55%|████████████████████▏                |  ETA: 0:01:35
Current loss is: 0.0042623832339810045
loss: 0.00426  55%|████████████████████▍                |  ETA: 0:01:33
Current loss is: 0.0040172344273627925
loss: 0.00402  56%|████████████████████▌                |  ETA: 0:01:31
Current loss is: 0.0038472241874406453
loss: 0.00385  56%|████████████████████▊                |  ETA: 0:01:29
Current loss is: 0.003749537742163196
loss: 0.00375  56%|████████████████████▉                |  ETA: 0:01:28
Current loss is: 0.0037115063619780715
loss: 0.00371  57%|█████████████████████▏               |  ETA: 0:01:26
Current loss is: 0.0037134083034056275
loss: 0.00371  57%|█████████████████████▎               |  ETA: 0:01:24
Current loss is: 0.0037184134143197906
loss: 0.00372  58%|█████████████████████▌               |  ETA: 0:01:23
Current loss is: 0.00378092639237194
loss: 0.00378  58%|█████████████████████▋               |  ETA: 0:01:21
Current loss is: 0.0038326570026049594
loss: 0.00383  59%|█████████████████████▉               |  ETA: 0:01:19
Current loss is: 0.0038370806862383904
loss: 0.00384  60%|██████████████████████               |  ETA: 0:01:18
Current loss is: 0.003816918305426668
loss: 0.00382  60%|██████████████████████▎              |  ETA: 0:01:16
Current loss is: 0.003746338015245367
loss: 0.00375  60%|██████████████████████▍              |  ETA: 0:01:15
Current loss is: 0.003611938117352333
loss: 0.00361  61%|██████████████████████▋              |  ETA: 0:01:13
Current loss is: 0.003491337431745332
loss: 0.00349  62%|██████████████████████▊              |  ETA: 0:01:12
Current loss is: 0.0033473442721352617
loss: 0.00335  62%|███████████████████████              |  ETA: 0:01:10
Current loss is: 0.003189051853156991
loss: 0.00319  62%|███████████████████████▏             |  ETA: 0:01:09
Current loss is: 0.003067616894361999
loss: 0.00307  63%|███████████████████████▎             |  ETA: 0:01:08
Current loss is: 0.002990379048662683
loss: 0.00299  64%|███████████████████████▌             |  ETA: 0:01:06
Current loss is: 0.0028974292423046633
loss: 0.0029  64%|████████████████████████▍             |  ETA: 0:01:05
Current loss is: 0.0028019628236418573
loss: 0.0028  64%|████████████████████████▌             |  ETA: 0:01:03
Current loss is: 0.0027478707251871242
loss: 0.00275  65%|████████████████████████             |  ETA: 0:01:02
Current loss is: 0.0026469526834478913
loss: 0.00265  66%|████████████████████████▎            |  ETA: 0:01:01
Current loss is: 0.0025477838382166377
loss: 0.00255  66%|████████████████████████▍            |  ETA: 0:00:59
Current loss is: 0.002448041913459887
loss: 0.00245  66%|████████████████████████▋            |  ETA: 0:00:58
Current loss is: 0.002365993644763251
loss: 0.00237  67%|████████████████████████▊            |  ETA: 0:00:57
Current loss is: 0.0022709329864742354
loss: 0.00227  68%|█████████████████████████            |  ETA: 0:00:56
Current loss is: 0.0022112570928918968
loss: 0.00221  68%|█████████████████████████▏           |  ETA: 0:00:55
Current loss is: 0.002169169561160006
loss: 0.00217  68%|█████████████████████████▍           |  ETA: 0:00:53
Current loss is: 0.0021249251892035484
loss: 0.00212  69%|█████████████████████████▌           |  ETA: 0:00:52
Current loss is: 0.0020817228909718365
loss: 0.00208  70%|█████████████████████████▊           |  ETA: 0:00:51
Current loss is: 0.00202466025917314
loss: 0.00202  70%|█████████████████████████▉           |  ETA: 0:00:50
Current loss is: 0.0019788074635802427
loss: 0.00198  70%|██████████████████████████▏          |  ETA: 0:00:49
Current loss is: 0.0019040342655095254
loss: 0.0019  71%|███████████████████████████           |  ETA: 0:00:48
Current loss is: 0.0018438904864075704
loss: 0.00184  72%|██████████████████████████▌          |  ETA: 0:00:46
Current loss is: 0.001781849566242306
loss: 0.00178  72%|██████████████████████████▋          |  ETA: 0:00:45
Current loss is: 0.0017337060222592194
loss: 0.00173  72%|██████████████████████████▉          |  ETA: 0:00:44
Current loss is: 0.0016780527761107447
loss: 0.00168  73%|███████████████████████████          |  ETA: 0:00:43
Current loss is: 0.0016315077923231775
loss: 0.00163  74%|███████████████████████████▎         |  ETA: 0:00:42
Current loss is: 0.0015950145741625297
loss: 0.0016  74%|████████████████████████████▏         |  ETA: 0:00:41
Current loss is: 0.0015514905630786596
loss: 0.00155  74%|███████████████████████████▋         |  ETA: 0:00:40
Current loss is: 0.0014916852292424267
loss: 0.00149  75%|███████████████████████████▊         |  ETA: 0:00:39
Current loss is: 0.0014452879235381901
loss: 0.00145  76%|███████████████████████████▉         |  ETA: 0:00:38
Current loss is: 0.0014152964531735145
loss: 0.00142  76%|████████████████████████████▏        |  ETA: 0:00:37
Current loss is: 0.0013859059437921896
loss: 0.00139  76%|████████████████████████████▎        |  ETA: 0:00:36
Current loss is: 0.0013503801352484726
loss: 0.00135  77%|████████████████████████████▌        |  ETA: 0:00:35
Current loss is: 0.0013216154454805916
loss: 0.00132  78%|████████████████████████████▋        |  ETA: 0:00:34
Current loss is: 0.0012904323136809445
loss: 0.00129  78%|████████████████████████████▉        |  ETA: 0:00:33
Current loss is: 0.0012562473379428532
loss: 0.00126  78%|█████████████████████████████        |  ETA: 0:00:32
Current loss is: 0.0012270344418586793
loss: 0.00123  79%|█████████████████████████████▎       |  ETA: 0:00:31
Current loss is: 0.001202445451500475
loss: 0.0012  80%|██████████████████████████████▎       |  ETA: 0:00:30
Current loss is: 0.0011707010876945906
loss: 0.00117  80%|█████████████████████████████▋       |  ETA: 0:00:29
Current loss is: 0.001145848871503179
loss: 0.00115  80%|█████████████████████████████▊       |  ETA: 0:00:29
Current loss is: 0.001125038449072522
loss: 0.00113  81%|██████████████████████████████       |  ETA: 0:00:28
Current loss is: 0.0011008493135000776
loss: 0.0011  82%|███████████████████████████████       |  ETA: 0:00:27
Current loss is: 0.0010751124228368164
loss: 0.00108  82%|██████████████████████████████▍      |  ETA: 0:00:26
Current loss is: 0.0010561274471805671
loss: 0.00106  82%|██████████████████████████████▌      |  ETA: 0:00:25
Current loss is: 0.0010255583242102506
loss: 0.00103  83%|██████████████████████████████▊      |  ETA: 0:00:24
Current loss is: 0.0010070631149141584
loss: 0.00101  84%|██████████████████████████████▉      |  ETA: 0:00:23
Current loss is: 0.0009863156955486011
loss: 0.000986  84%|██████████████████████████████▎     |  ETA: 0:00:23
Current loss is: 0.0009707884597488642
loss: 0.000971  84%|██████████████████████████████▍     |  ETA: 0:00:22
Current loss is: 0.0009472252945414715
loss: 0.000947  85%|██████████████████████████████▋     |  ETA: 0:00:21
Current loss is: 0.0009304514641027226
loss: 0.00093  86%|███████████████████████████████▋     |  ETA: 0:00:20
Current loss is: 0.0009117268473571377
loss: 0.000912  86%|███████████████████████████████     |  ETA: 0:00:19
Current loss is: 0.0008917861698555362
loss: 0.000892  86%|███████████████████████████████▏    |  ETA: 0:00:19
Current loss is: 0.0008807728908571723
loss: 0.000881  87%|███████████████████████████████▍    |  ETA: 0:00:18
Current loss is: 0.0008551912441141862
loss: 0.000855  88%|███████████████████████████████▌    |  ETA: 0:00:17
Current loss is: 0.0008380602346787461
loss: 0.000838  88%|███████████████████████████████▋    |  ETA: 0:00:16
Current loss is: 0.0008214760206705873
loss: 0.000821  88%|███████████████████████████████▉    |  ETA: 0:00:16
Current loss is: 0.0008034642252838666
loss: 0.000803  89%|████████████████████████████████    |  ETA: 0:00:15
Current loss is: 0.0007905112057099526
loss: 0.000791  90%|████████████████████████████████▎   |  ETA: 0:00:14
Current loss is: 0.0007699085011208176
loss: 0.00077  90%|█████████████████████████████████▎   |  ETA: 0:00:13
Current loss is: 0.0007575751356441732
loss: 0.000758  90%|████████████████████████████████▋   |  ETA: 0:00:13
Current loss is: 0.0007397286321811873
loss: 0.00074  91%|█████████████████████████████████▋   |  ETA: 0:00:12
Current loss is: 0.000726165543400385
loss: 0.000726  92%|█████████████████████████████████   |  ETA: 0:00:11
Current loss is: 0.0007125990921273041
loss: 0.000713  92%|█████████████████████████████████▏  |  ETA: 0:00:10
Current loss is: 0.0006985270968208231
loss: 0.000699  92%|█████████████████████████████████▎  |  ETA: 0:00:10
Current loss is: 0.0006810601576317112
loss: 0.000681  93%|█████████████████████████████████▌  |  ETA: 0:00:09
Current loss is: 0.0006695798148212888
loss: 0.00067  94%|██████████████████████████████████▋  |  ETA: 0:00:08
Current loss is: 0.0006548635266790506
loss: 0.000655  94%|█████████████████████████████████▉  |  ETA: 0:00:08
Current loss is: 0.000640416609482468
loss: 0.00064  94%|███████████████████████████████████  |  ETA: 0:00:07
Current loss is: 0.0006244446103153014
loss: 0.000624  95%|██████████████████████████████████▎ |  ETA: 0:00:06
Current loss is: 0.0006155981472260585
loss: 0.000616  96%|██████████████████████████████████▍ |  ETA: 0:00:06
Current loss is: 0.0006001310768582657
loss: 0.0006  96%|████████████████████████████████████▌ |  ETA: 0:00:05
Current loss is: 0.0005936710995440954
loss: 0.000594  96%|██████████████████████████████████▊ |  ETA: 0:00:04
Current loss is: 0.0005808535223536919
loss: 0.000581  97%|██████████████████████████████████▉ |  ETA: 0:00:04
Current loss is: 0.0005681671578246281
loss: 0.000568  98%|███████████████████████████████████▏|  ETA: 0:00:03
Current loss is: 0.0005561611497407354
loss: 0.000556  98%|███████████████████████████████████▎|  ETA: 0:00:02
Current loss is: 0.0005473056779349115
loss: 0.000547  98%|███████████████████████████████████▌|  ETA: 0:00:02
Current loss is: 0.0005345295432647467
loss: 0.000535  99%|███████████████████████████████████▋|  ETA: 0:00:01
Current loss is: 0.0005316215319639199
loss: 0.000532 100%|███████████████████████████████████▉|  ETA: 0:00:01
Current loss is: 0.0005195357499979609
loss: 0.00052 100%|█████████████████████████████████████| Time: 0:02:01
Current loss is: 0.0005195357499979609
Training 100%|██████████████████████████████████████████| Time: 0:02:02
Current loss is: 11.534031807694547
Current loss is: 8.983930098729541
Current loss is: 8.599133071718862
Current loss is: 8.370072697975344
Current loss is: 8.103844041330367
Current loss is: 6.399833845077423
Current loss is: 6.13923264826324
Current loss is: 4.56255386198171
Current loss is: 3.45115862223327
Current loss is: 1.8684868809877966
Current loss is: 1.2982026588003999
Current loss is: 0.12030177270718442
Current loss is: 0.008070764973966015
Current loss is: 0.0022662985820344644
Current loss is: 0.0019044572956460916
Current loss is: 0.0017875910294443602
Current loss is: 0.0017355850559562006
Current loss is: 0.001624542835994027
Current loss is: 0.0015045937086251122
Current loss is: 0.0009725446678600241
Current loss is: 0.0005964061786451977
Current loss is: 0.00042383023522043074
Current loss is: 0.0003470866642797419
Current loss is: 0.00031104999735385584
Current loss is: 0.0003012060958537989
Current loss is: 0.0002974398994525406
Current loss is: 0.0002958165834587343
Current loss is: 0.00029564325055337937
Current loss is: 0.0002953888034123048
Current loss is: 0.00029361223300436597
Current loss is: 0.00029337649184701687
Current loss is: 82.23947487129502
Current loss is: 20.78395329241102
Current loss is: 11.859020384276475
Current loss is: 9.374169977861778
Current loss is: 8.091274047947161
Current loss is: 6.810931692328377
Current loss is: 6.019639773619473
Current loss is: 2.8966746231909224
Current loss is: 2.075575066756082
Current loss is: 0.8526114854283997
Current loss is: 0.4374804638169575
Current loss is: 0.12164249134654073
Current loss is: 0.05110401561485599
Current loss is: 0.008999467354052802
Current loss is: 0.0021436539424326147
Current loss is: 0.0014983076125113296
Current loss is: 0.0007818839165817049
Current loss is: 0.0007236554000249999
Current loss is: 0.0006948994226357227
Current loss is: 0.0006948033589287721
Current loss is: 0.000654674492550731
Current loss is: 0.0006081788537009379
Current loss is: 0.0003435481568948123
Current loss is: 0.0002557190117520462
Current loss is: 0.00022944481769275688
Current loss is: 0.00019702880164590604
Current loss is: 0.000145081258025585
Current loss is: 0.00013276654280226465
Current loss is: 0.0001293999486187785
Current loss is: 0.000125408687917638
Current loss is: 0.00012101862724875791
Current loss is: 0.00010804625949454582
Current loss is: 0.00010422288665540343
Current loss is: 0.00010332795954212011
Current loss is: 9.808526323262794e-5
Current loss is: 9.649354236049645e-5
Current loss is: 9.621580597818082e-5
Current loss is: 9.621580597818082e-5
Training   0%|                                          |  ETA: N/A
Current loss is: 3558.9082
loss: 3.56e+03   0%|▏                                   |  ETA: 0:46:25
Current loss is: 659.5106
loss: 660   1%|▍                                        |  ETA: 0:24:59
Current loss is: 68.92902
loss: 68.9   2%|▋                                       |  ETA: 0:16:36
Current loss is: 4.073709
loss: 4.07   2%|▊                                       |  ETA: 0:12:25
Current loss is: 11.331241
loss: 11.3   2%|█                                       |  ETA: 0:09:54
Current loss is: 49.24051
loss: 49.2   3%|█▎                                      |  ETA: 0:08:13
Current loss is: 148.32605
loss: 148   4%|█▍                                       |  ETA: 0:07:01
Current loss is: 309.52216
loss: 310   4%|█▋                                       |  ETA: 0:06:07
Current loss is: 470.62485
loss: 471   4%|█▉                                       |  ETA: 0:05:25
Current loss is: 543.3184
loss: 543   5%|██                                       |  ETA: 0:04:52
Current loss is: 496.59326
loss: 497   6%|██▎                                      |  ETA: 0:04:24
Current loss is: 375.08038
loss: 375   6%|██▌                                      |  ETA: 0:04:02
Current loss is: 241.69308
loss: 242   6%|██▋                                      |  ETA: 0:03:42
Current loss is: 138.59834
loss: 139   7%|██▉                                      |  ETA: 0:03:26
Current loss is: 73.14746
loss: 73.1   8%|███                                     |  ETA: 0:03:11
Current loss is: 37.126667
loss: 37.1   8%|███▎                                    |  ETA: 0:02:59
Current loss is: 18.966276
loss: 19   8%|███▋                                      |  ETA: 0:02:47
Current loss is: 10.053572
loss: 10.1   9%|███▋                                    |  ETA: 0:02:38
Current loss is: 5.630705
loss: 5.63  10%|███▊                                    |  ETA: 0:02:29
Current loss is: 3.6745186
loss: 3.67  10%|████                                    |  ETA: 0:02:21
Current loss is: 3.6858501
loss: 3.69  10%|████▎                                   |  ETA: 0:02:14
Current loss is: 5.791673
loss: 5.79  11%|████▍                                   |  ETA: 0:02:07
Current loss is: 10.240965
loss: 10.2  12%|████▋                                   |  ETA: 0:02:01
Current loss is: 16.943954
loss: 16.9  12%|████▊                                   |  ETA: 0:01:56
Current loss is: 25.353992
loss: 25.4  12%|█████                                   |  ETA: 0:01:51
Current loss is: 34.31383
loss: 34.3  13%|█████▎                                  |  ETA: 0:01:46
Current loss is: 42.469852
loss: 42.5  14%|█████▍                                  |  ETA: 0:01:42
Current loss is: 48.275578
loss: 48.3  14%|█████▋                                  |  ETA: 0:01:38
Current loss is: 50.752087
loss: 50.8  14%|█████▊                                  |  ETA: 0:01:34
Current loss is: 49.748814
loss: 49.7  15%|██████                                  |  ETA: 0:01:30
Current loss is: 45.587406
loss: 45.6  16%|██████▎                                 |  ETA: 0:01:27
Current loss is: 39.44259
loss: 39.4  16%|██████▍                                 |  ETA: 0:01:24
Current loss is: 32.30241
loss: 32.3  16%|██████▋                                 |  ETA: 0:01:21
Current loss is: 25.331236
loss: 25.3  17%|██████▊                                 |  ETA: 0:01:18
Current loss is: 19.159342
loss: 19.2  18%|███████                                 |  ETA: 0:01:16
Current loss is: 14.127598
loss: 14.1  18%|███████▎                                |  ETA: 0:01:13
Current loss is: 10.280581
loss: 10.3  18%|███████▍                                |  ETA: 0:01:11
Current loss is: 7.4943147
loss: 7.49  19%|███████▋                                |  ETA: 0:01:09
Current loss is: 5.607755
loss: 5.61  20%|███████▊                                |  ETA: 0:01:07
Current loss is: 4.404026
loss: 4.4  20%|████████▎                                |  ETA: 0:01:05
Current loss is: 3.711971
loss: 3.71  20%|████████▎                               |  ETA: 0:01:03
Current loss is: 3.3797555
loss: 3.38  21%|████████▍                               |  ETA: 0:01:01
Current loss is: 3.2909853
loss: 3.29  22%|████████▋                               |  ETA: 0:01:00
Current loss is: 3.3754737
loss: 3.38  22%|████████▊                               |  ETA: 0:00:58
Current loss is: 3.5552065
loss: 3.56  22%|█████████                               |  ETA: 0:00:56
Current loss is: 3.7950041
loss: 3.8  23%|█████████▍                               |  ETA: 0:00:55
Current loss is: 4.0689564
loss: 4.07  24%|█████████▍                              |  ETA: 0:00:53
Current loss is: 4.337351
loss: 4.34  24%|█████████▋                              |  ETA: 0:00:52
Current loss is: 4.5977077
loss: 4.6  24%|██████████                               |  ETA: 0:00:51
Current loss is: 4.8323426
loss: 4.83  25%|██████████                              |  ETA: 0:00:50
Current loss is: 5.028931
loss: 5.03  26%|██████████▎                             |  ETA: 0:00:48
Current loss is: 5.1720614
loss: 5.17  26%|██████████▍                             |  ETA: 0:00:47
Current loss is: 5.278719
loss: 5.28  26%|██████████▋                             |  ETA: 0:00:46
Current loss is: 5.3341913
loss: 5.33  27%|██████████▊                             |  ETA: 0:00:45
Current loss is: 5.351144
loss: 5.35  28%|███████████                             |  ETA: 0:00:44
Current loss is: 5.3125014
loss: 5.31  28%|███████████▎                            |  ETA: 0:00:43
Current loss is: 5.243788
loss: 5.24  28%|███████████▍                            |  ETA: 0:00:42
Current loss is: 5.1508207
loss: 5.15  29%|███████████▋                            |  ETA: 0:00:41
Current loss is: 5.019662
loss: 5.02  30%|███████████▊                            |  ETA: 0:00:40
Current loss is: 4.8777995
loss: 4.88  30%|████████████                            |  ETA: 0:00:39
Current loss is: 4.71399
loss: 4.71  30%|████████████▎                           |  ETA: 0:00:39
Current loss is: 4.551253
loss: 4.55  31%|████████████▍                           |  ETA: 0:00:38
Current loss is: 4.376399
loss: 4.38  32%|████████████▋                           |  ETA: 0:00:37
Current loss is: 4.2040954
loss: 4.2  32%|█████████████▏                           |  ETA: 0:00:36
Current loss is: 4.0444303
loss: 4.04  32%|█████████████                           |  ETA: 0:00:35
Current loss is: 3.8867152
loss: 3.89  33%|█████████████▎                          |  ETA: 0:00:35
Current loss is: 3.7407877
loss: 3.74  34%|█████████████▍                          |  ETA: 0:00:34
Current loss is: 3.6085074
loss: 3.61  34%|█████████████▋                          |  ETA: 0:00:33
Current loss is: 3.4986365
loss: 3.5  34%|██████████████▏                          |  ETA: 0:00:33
Current loss is: 3.4050555
loss: 3.41  35%|██████████████                          |  ETA: 0:00:32
Current loss is: 3.3237772
loss: 3.32  36%|██████████████▎                         |  ETA: 0:00:31
Current loss is: 3.2628987
loss: 3.26  36%|██████████████▍                         |  ETA: 0:00:31
Current loss is: 3.2158575
loss: 3.22  36%|██████████████▋                         |  ETA: 0:00:30
Current loss is: 3.1883042
loss: 3.19  37%|██████████████▊                         |  ETA: 0:00:30
Current loss is: 3.178891
loss: 3.18  38%|███████████████                         |  ETA: 0:00:29
Current loss is: 3.1758585
loss: 3.18  38%|███████████████▎                        |  ETA: 0:00:28
Current loss is: 3.1838832
loss: 3.18  38%|███████████████▍                        |  ETA: 0:00:28
Current loss is: 3.1998806
loss: 3.2  39%|████████████████                         |  ETA: 0:00:27
Current loss is: 3.2292662
loss: 3.23  40%|███████████████▊                        |  ETA: 0:00:27
Current loss is: 3.2540064
loss: 3.25  40%|████████████████                        |  ETA: 0:00:26
Current loss is: 3.291654
loss: 3.29  40%|████████████████▎                       |  ETA: 0:00:26
Current loss is: 3.3208804
loss: 3.32  41%|████████████████▍                       |  ETA: 0:00:25
Current loss is: 3.3438056
loss: 3.34  42%|████████████████▋                       |  ETA: 0:00:25
Current loss is: 3.3709278
loss: 3.37  42%|████████████████▊                       |  ETA: 0:00:24
Current loss is: 3.3911781
loss: 3.39  42%|█████████████████                       |  ETA: 0:00:24
Current loss is: 3.4045873
loss: 3.4  43%|█████████████████▋                       |  ETA: 0:00:24
Current loss is: 3.415822
loss: 3.42  44%|█████████████████▍                      |  ETA: 0:00:23
Current loss is: 3.4133515
loss: 3.41  44%|█████████████████▋                      |  ETA: 0:00:23
Current loss is: 3.412718
loss: 3.41  44%|█████████████████▊                      |  ETA: 0:00:22
Current loss is: 3.406869
loss: 3.41  45%|██████████████████                      |  ETA: 0:00:22
Current loss is: 3.390211
loss: 3.39  46%|██████████████████▎                     |  ETA: 0:00:21
Current loss is: 3.3725271
loss: 3.37  46%|██████████████████▍                     |  ETA: 0:00:21
Current loss is: 3.354156
loss: 3.35  46%|██████████████████▋                     |  ETA: 0:00:21
Current loss is: 3.334206
loss: 3.33  47%|██████████████████▊                     |  ETA: 0:00:20
Current loss is: 3.3102303
loss: 3.31  48%|███████████████████                     |  ETA: 0:00:20
Current loss is: 3.283374
loss: 3.28  48%|███████████████████▎                    |  ETA: 0:00:20
Current loss is: 3.2621522
loss: 3.26  48%|███████████████████▍                    |  ETA: 0:00:19
Current loss is: 3.2411492
loss: 3.24  49%|███████████████████▋                    |  ETA: 0:00:19
Current loss is: 3.2227392
loss: 3.22  50%|███████████████████▊                    |  ETA: 0:00:18
Current loss is: 3.198063
loss: 3.2  50%|████████████████████▌                    |  ETA: 0:00:18
Current loss is: 3.1830392
loss: 3.18  50%|████████████████████▎                   |  ETA: 0:00:18
Current loss is: 3.1684062
loss: 3.17  51%|████████████████████▍                   |  ETA: 0:00:17
Current loss is: 3.150581
loss: 3.15  52%|████████████████████▋                   |  ETA: 0:00:17
Current loss is: 3.1424294
loss: 3.14  52%|████████████████████▊                   |  ETA: 0:00:17
Current loss is: 3.126532
loss: 3.13  52%|█████████████████████                   |  ETA: 0:00:17
Current loss is: 3.1169324
loss: 3.12  53%|█████████████████████▎                  |  ETA: 0:00:16
Current loss is: 3.104438
loss: 3.1  54%|█████████████████████▉                   |  ETA: 0:00:16
Current loss is: 3.09806
loss: 3.1  54%|██████████████████████▏                  |  ETA: 0:00:16
Current loss is: 3.0942612
loss: 3.09  55%|█████████████████████▊                  |  ETA: 0:00:15
Current loss is: 3.0857348
loss: 3.09  55%|██████████████████████                  |  ETA: 0:00:15
Current loss is: 3.0828524
loss: 3.08  56%|██████████████████████▎                 |  ETA: 0:00:15
Current loss is: 3.078457
loss: 3.08  56%|██████████████████████▍                 |  ETA: 0:00:15
Current loss is: 3.073687
loss: 3.07  56%|██████████████████████▋                 |  ETA: 0:00:14
Current loss is: 3.0673485
loss: 3.07  57%|██████████████████████▊                 |  ETA: 0:00:14
Current loss is: 3.0665662
loss: 3.07  57%|███████████████████████                 |  ETA: 0:00:14
Current loss is: 3.0627017
loss: 3.06  58%|███████████████████████▎                |  ETA: 0:00:13
Current loss is: 3.0585015
loss: 3.06  58%|███████████████████████▍                |  ETA: 0:00:13
Current loss is: 3.0592973
loss: 3.06  59%|███████████████████████▋                |  ETA: 0:00:13
Current loss is: 3.056276
loss: 3.06  60%|███████████████████████▊                |  ETA: 0:00:13
Current loss is: 3.0517063
loss: 3.05  60%|████████████████████████                |  ETA: 0:00:12
Current loss is: 3.0511992
loss: 3.05  60%|████████████████████████▎               |  ETA: 0:00:12
Current loss is: 3.0490155
loss: 3.05  61%|████████████████████████▍               |  ETA: 0:00:12
Current loss is: 3.0471084
loss: 3.05  62%|████████████████████████▋               |  ETA: 0:00:12
Current loss is: 3.0463405
loss: 3.05  62%|████████████████████████▊               |  ETA: 0:00:12
Current loss is: 3.0437098
loss: 3.04  62%|█████████████████████████               |  ETA: 0:00:11
Current loss is: 3.0429804
loss: 3.04  63%|█████████████████████████▎              |  ETA: 0:00:11
Current loss is: 3.045187
loss: 3.05  64%|█████████████████████████▍              |  ETA: 0:00:11
Current loss is: 3.0426395
loss: 3.04  64%|█████████████████████████▋              |  ETA: 0:00:11
Current loss is: 3.042261
loss: 3.04  64%|█████████████████████████▊              |  ETA: 0:00:10
Current loss is: 3.040341
loss: 3.04  65%|██████████████████████████              |  ETA: 0:00:10
Current loss is: 3.0384455
loss: 3.04  66%|██████████████████████████▎             |  ETA: 0:00:10
Current loss is: 3.0363204
loss: 3.04  66%|██████████████████████████▍             |  ETA: 0:00:10
Current loss is: 3.03394
loss: 3.03  66%|██████████████████████████▋             |  ETA: 0:00:10
Current loss is: 3.032942
loss: 3.03  67%|██████████████████████████▊             |  ETA: 0:00:09
Current loss is: 3.0297356
loss: 3.03  68%|███████████████████████████             |  ETA: 0:00:09
Current loss is: 3.026482
loss: 3.03  68%|███████████████████████████▎            |  ETA: 0:00:09
Current loss is: 3.0275464
loss: 3.03  68%|███████████████████████████▍            |  ETA: 0:00:09
Current loss is: 3.0256445
loss: 3.03  69%|███████████████████████████▋            |  ETA: 0:00:09
Current loss is: 3.0203626
loss: 3.02  70%|███████████████████████████▊            |  ETA: 0:00:08
Current loss is: 3.0161939
loss: 3.02  70%|████████████████████████████            |  ETA: 0:00:08
Current loss is: 3.0145917
loss: 3.01  70%|████████████████████████████▎           |  ETA: 0:00:08
Current loss is: 3.010683
loss: 3.01  71%|████████████████████████████▍           |  ETA: 0:00:08
Current loss is: 3.0087733
loss: 3.01  72%|████████████████████████████▋           |  ETA: 0:00:08
Current loss is: 3.0022209
loss: 3  72%|███████████████████████████████            |  ETA: 0:00:08
Current loss is: 3.0031672
loss: 3  72%|███████████████████████████████▏           |  ETA: 0:00:07
Current loss is: 2.9920685
loss: 2.99  73%|█████████████████████████████▎          |  ETA: 0:00:07
Current loss is: 2.9907267
loss: 2.99  74%|█████████████████████████████▍          |  ETA: 0:00:07
Current loss is: 2.985671
loss: 2.99  74%|█████████████████████████████▋          |  ETA: 0:00:07
Current loss is: 2.981988
loss: 2.98  74%|█████████████████████████████▊          |  ETA: 0:00:07
Current loss is: 2.9782317
loss: 2.98  75%|██████████████████████████████          |  ETA: 0:00:07
Current loss is: 2.9743056
loss: 2.97  76%|██████████████████████████████▎         |  ETA: 0:00:06
Current loss is: 2.971822
loss: 2.97  76%|██████████████████████████████▍         |  ETA: 0:00:06
Current loss is: 2.9623585
loss: 2.96  76%|██████████████████████████████▋         |  ETA: 0:00:06
Current loss is: 2.961125
loss: 2.96  77%|██████████████████████████████▊         |  ETA: 0:00:06
Current loss is: 2.957434
loss: 2.96  78%|███████████████████████████████         |  ETA: 0:00:06
Current loss is: 2.952763
loss: 2.95  78%|███████████████████████████████▎        |  ETA: 0:00:06
Current loss is: 2.9503844
loss: 2.95  78%|███████████████████████████████▍        |  ETA: 0:00:05
Current loss is: 2.9449594
loss: 2.94  79%|███████████████████████████████▋        |  ETA: 0:00:05
Current loss is: 2.9429688
loss: 2.94  80%|███████████████████████████████▊        |  ETA: 0:00:05
Current loss is: 2.9408734
loss: 2.94  80%|████████████████████████████████        |  ETA: 0:00:05
Current loss is: 2.9307988
loss: 2.93  80%|████████████████████████████████▎       |  ETA: 0:00:05
Current loss is: 2.9288514
loss: 2.93  81%|████████████████████████████████▍       |  ETA: 0:00:05
Current loss is: 2.9231772
loss: 2.92  82%|████████████████████████████████▋       |  ETA: 0:00:05
Current loss is: 2.9214633
loss: 2.92  82%|████████████████████████████████▊       |  ETA: 0:00:04
Current loss is: 2.9197783
loss: 2.92  82%|█████████████████████████████████       |  ETA: 0:00:04
Current loss is: 2.9127152
loss: 2.91  83%|█████████████████████████████████▎      |  ETA: 0:00:04
Current loss is: 2.9126277
loss: 2.91  84%|█████████████████████████████████▍      |  ETA: 0:00:04
Current loss is: 2.911193
loss: 2.91  84%|█████████████████████████████████▋      |  ETA: 0:00:04
Current loss is: 2.904326
loss: 2.9  84%|██████████████████████████████████▋      |  ETA: 0:00:04
Current loss is: 2.9027987
loss: 2.9  85%|██████████████████████████████████▉      |  ETA: 0:00:04
Current loss is: 2.8991604
loss: 2.9  86%|███████████████████████████████████      |  ETA: 0:00:03
Current loss is: 2.895975
loss: 2.9  86%|███████████████████████████████████▎     |  ETA: 0:00:03
Current loss is: 2.8880994
loss: 2.89  86%|██████████████████████████████████▋     |  ETA: 0:00:03
Current loss is: 2.8849738
loss: 2.88  87%|██████████████████████████████████▊     |  ETA: 0:00:03
Current loss is: 2.8859155
loss: 2.89  88%|███████████████████████████████████     |  ETA: 0:00:03
Current loss is: 2.8802428
loss: 2.88  88%|███████████████████████████████████▎    |  ETA: 0:00:03
Current loss is: 2.8781064
loss: 2.88  88%|███████████████████████████████████▍    |  ETA: 0:00:03
Current loss is: 2.8767338
loss: 2.88  89%|███████████████████████████████████▋    |  ETA: 0:00:03
Current loss is: 2.8726244
loss: 2.87  90%|███████████████████████████████████▊    |  ETA: 0:00:02
Current loss is: 2.869306
loss: 2.87  90%|████████████████████████████████████    |  ETA: 0:00:02
Current loss is: 2.8636763
loss: 2.86  90%|████████████████████████████████████▎   |  ETA: 0:00:02
Current loss is: 2.8591387
loss: 2.86  91%|████████████████████████████████████▍   |  ETA: 0:00:02
Current loss is: 2.8580334
loss: 2.86  92%|████████████████████████████████████▋   |  ETA: 0:00:02
Current loss is: 2.853444
loss: 2.85  92%|████████████████████████████████████▊   |  ETA: 0:00:02
Current loss is: 2.849996
loss: 2.85  92%|█████████████████████████████████████   |  ETA: 0:00:02
Current loss is: 2.8495605
loss: 2.85  93%|█████████████████████████████████████▎  |  ETA: 0:00:02
Current loss is: 2.8398135
loss: 2.84  94%|█████████████████████████████████████▍  |  ETA: 0:00:01
Current loss is: 2.8374007
loss: 2.84  94%|█████████████████████████████████████▋  |  ETA: 0:00:01
Current loss is: 2.8357415
loss: 2.84  94%|█████████████████████████████████████▊  |  ETA: 0:00:01
Current loss is: 2.8319848
loss: 2.83  95%|██████████████████████████████████████  |  ETA: 0:00:01
Current loss is: 2.82973
loss: 2.83  96%|██████████████████████████████████████▎ |  ETA: 0:00:01
Current loss is: 2.8249974
loss: 2.82  96%|██████████████████████████████████████▍ |  ETA: 0:00:01
Current loss is: 2.821001
loss: 2.82  96%|██████████████████████████████████████▋ |  ETA: 0:00:01
Current loss is: 2.8218896
loss: 2.82  97%|██████████████████████████████████████▊ |  ETA: 0:00:01
Current loss is: 2.8147373
loss: 2.81  98%|███████████████████████████████████████ |  ETA: 0:00:01
Current loss is: 2.8146796
loss: 2.81  98%|███████████████████████████████████████▎|  ETA: 0:00:00
Current loss is: 2.8050776
loss: 2.81  98%|███████████████████████████████████████▍|  ETA: 0:00:00
Current loss is: 2.8053575
loss: 2.81  99%|███████████████████████████████████████▋|  ETA: 0:00:00
Current loss is: 2.8006341
loss: 2.8 100%|████████████████████████████████████████▊|  ETA: 0:00:00
Current loss is: 2.794961
loss: 2.79 100%|████████████████████████████████████████| Time: 0:00:21
Current loss is: 2.794961
Training 100%|██████████████████████████████████████████| Time: 0:00:21
Training   0%|                                          |  ETA: N/A
Current loss is: 3.9039013
loss: 3.9   1%|▍                                        |  ETA: 0:06:22
Current loss is: 3.3023338
loss: 3.3   2%|▉                                        |  ETA: 0:03:10
Current loss is: 2.7826443
loss: 2.78   3%|█▎                                      |  ETA: 0:02:06
Current loss is: 2.3366237
loss: 2.34   4%|█▋                                      |  ETA: 0:01:35
Current loss is: 1.9560719
loss: 1.96   5%|██                                      |  ETA: 0:01:15
Current loss is: 1.6356435
loss: 1.64   6%|██▍                                     |  ETA: 0:01:03
Current loss is: 1.3681921
loss: 1.37   7%|██▊                                     |  ETA: 0:00:53
Current loss is: 1.1478223
loss: 1.15   8%|███▎                                    |  ETA: 0:00:47
Current loss is: 0.9690265
loss: 0.969   9%|███▌                                   |  ETA: 0:00:41
Current loss is: 0.8272025
loss: 0.827  10%|███▉                                   |  ETA: 0:00:37
Current loss is: 0.7173334
loss: 0.717  11%|████▎                                  |  ETA: 0:00:33
Current loss is: 0.6357656
loss: 0.636  12%|████▋                                  |  ETA: 0:00:31
Current loss is: 0.5777192
loss: 0.578  13%|█████▏                                 |  ETA: 0:00:28
Current loss is: 0.5392754
loss: 0.539  14%|█████▌                                 |  ETA: 0:00:26
Current loss is: 0.5150983
loss: 0.515  15%|█████▉                                 |  ETA: 0:00:24
Current loss is: 0.50277007
loss: 0.503  16%|██████▎                                |  ETA: 0:00:22
Current loss is: 0.49751472
loss: 0.498  17%|██████▋                                |  ETA: 0:00:21
Current loss is: 0.49613136
loss: 0.496  18%|███████                                |  ETA: 0:00:20
Current loss is: 0.4960041
loss: 0.496  19%|███████▍                               |  ETA: 0:00:19
Current loss is: 0.49538636
loss: 0.495  20%|███████▊                               |  ETA: 0:00:18
Current loss is: 0.49242136
loss: 0.492  21%|████████▎                              |  ETA: 0:00:17
Current loss is: 0.48665458
loss: 0.487  22%|████████▋                              |  ETA: 0:00:16
Current loss is: 0.4770909
loss: 0.477  23%|█████████                              |  ETA: 0:00:15
Current loss is: 0.46484548
loss: 0.465  24%|█████████▍                             |  ETA: 0:00:14
Current loss is: 0.44875792
loss: 0.449  25%|█████████▊                             |  ETA: 0:00:14
Current loss is: 0.4314453
loss: 0.431  26%|██████████▏                            |  ETA: 0:00:13
Current loss is: 0.41148806
loss: 0.411  27%|██████████▌                            |  ETA: 0:00:12
Current loss is: 0.39040327
loss: 0.39  28%|███████████▎                            |  ETA: 0:00:12
Current loss is: 0.36984825
loss: 0.37  29%|███████████▋                            |  ETA: 0:00:11
Current loss is: 0.34888065
loss: 0.349  30%|███████████▊                           |  ETA: 0:00:11
Current loss is: 0.32962635
loss: 0.33  31%|████████████▍                           |  ETA: 0:00:11
Current loss is: 0.3107835
loss: 0.311  32%|████████████▌                          |  ETA: 0:00:10
Current loss is: 0.2933805
loss: 0.293  33%|████████████▉                          |  ETA: 0:00:10
Current loss is: 0.27812356
loss: 0.278  34%|█████████████▎                         |  ETA: 0:00:09
Current loss is: 0.26406184
loss: 0.264  35%|█████████████▋                         |  ETA: 0:00:09
Current loss is: 0.25174615
loss: 0.252  36%|██████████████                         |  ETA: 0:00:09
Current loss is: 0.24053918
loss: 0.241  37%|██████████████▍                        |  ETA: 0:00:08
Current loss is: 0.23085982
loss: 0.231  38%|██████████████▉                        |  ETA: 0:00:08
Current loss is: 0.22248426
loss: 0.222  39%|███████████████▎                       |  ETA: 0:00:08
Current loss is: 0.21513373
loss: 0.215  40%|███████████████▋                       |  ETA: 0:00:07
Current loss is: 0.20814097
loss: 0.208  41%|████████████████                       |  ETA: 0:00:07
Current loss is: 0.20229375
loss: 0.202  42%|████████████████▍                      |  ETA: 0:00:07
Current loss is: 0.19690669
loss: 0.197  43%|████████████████▊                      |  ETA: 0:00:07
Current loss is: 0.19182785
loss: 0.192  44%|█████████████████▏                     |  ETA: 0:00:07
Current loss is: 0.18702526
loss: 0.187  45%|█████████████████▌                     |  ETA: 0:00:06
Current loss is: 0.18258572
loss: 0.183  46%|██████████████████                     |  ETA: 0:00:06
Current loss is: 0.17821664
loss: 0.178  47%|██████████████████▍                    |  ETA: 0:00:06
Current loss is: 0.17397429
loss: 0.174  48%|██████████████████▊                    |  ETA: 0:00:06
Current loss is: 0.16970968
loss: 0.17  49%|███████████████████▋                    |  ETA: 0:00:05
Current loss is: 0.16567984
loss: 0.166  50%|███████████████████▌                   |  ETA: 0:00:05
Current loss is: 0.16148387
loss: 0.161  51%|███████████████████▉                   |  ETA: 0:00:05
Current loss is: 0.1575267
loss: 0.158  52%|████████████████████▎                  |  ETA: 0:00:05
Current loss is: 0.15348276
loss: 0.153  53%|████████████████████▋                  |  ETA: 0:00:05
Current loss is: 0.14947516
loss: 0.149  54%|█████████████████████                  |  ETA: 0:00:05
Current loss is: 0.14551029
loss: 0.146  55%|█████████████████████▌                 |  ETA: 0:00:04
Current loss is: 0.14165331
loss: 0.142  56%|█████████████████████▉                 |  ETA: 0:00:04
Current loss is: 0.13778599
loss: 0.138  57%|██████████████████████▎                |  ETA: 0:00:04
Current loss is: 0.13404733
loss: 0.134  58%|██████████████████████▋                |  ETA: 0:00:04
Current loss is: 0.13042772
loss: 0.13  59%|███████████████████████▋                |  ETA: 0:00:04
Current loss is: 0.12689243
loss: 0.127  60%|███████████████████████▍               |  ETA: 0:00:04
Current loss is: 0.123571046
loss: 0.124  61%|███████████████████████▊               |  ETA: 0:00:04
Current loss is: 0.12016697
loss: 0.12  62%|████████████████████████▊               |  ETA: 0:00:03
Current loss is: 0.11698865
loss: 0.117  63%|████████████████████████▋              |  ETA: 0:00:03
Current loss is: 0.113997355
loss: 0.114  64%|█████████████████████████              |  ETA: 0:00:03
Current loss is: 0.11107205
loss: 0.111  65%|█████████████████████████▍             |  ETA: 0:00:03
Current loss is: 0.1082879
loss: 0.108  66%|█████████████████████████▊             |  ETA: 0:00:03
Current loss is: 0.10568402
loss: 0.106  67%|██████████████████████████▏            |  ETA: 0:00:03
Current loss is: 0.103048846
loss: 0.103  68%|██████████████████████████▌            |  ETA: 0:00:03
Current loss is: 0.1005735
loss: 0.101  69%|██████████████████████████▉            |  ETA: 0:00:03
Current loss is: 0.09828754
loss: 0.0983  70%|██████████████████████████▋           |  ETA: 0:00:03
Current loss is: 0.09594585
loss: 0.0959  71%|███████████████████████████           |  ETA: 0:00:02
Current loss is: 0.09362444
loss: 0.0936  72%|███████████████████████████▍          |  ETA: 0:00:02
Current loss is: 0.091592714
loss: 0.0916  73%|███████████████████████████▊          |  ETA: 0:00:02
Current loss is: 0.08952148
loss: 0.0895  74%|████████████████████████████▏         |  ETA: 0:00:02
Current loss is: 0.087589845
loss: 0.0876  75%|████████████████████████████▌         |  ETA: 0:00:02
Current loss is: 0.08563177
loss: 0.0856  76%|████████████████████████████▉         |  ETA: 0:00:02
Current loss is: 0.08375576
loss: 0.0838  77%|█████████████████████████████▎        |  ETA: 0:00:02
Current loss is: 0.08198138
loss: 0.082  78%|██████████████████████████████▍        |  ETA: 0:00:02
Current loss is: 0.08016378
loss: 0.0802  79%|██████████████████████████████        |  ETA: 0:00:02
Current loss is: 0.07850201
loss: 0.0785  80%|██████████████████████████████▍       |  ETA: 0:00:02
Current loss is: 0.076855235
loss: 0.0769  81%|██████████████████████████████▊       |  ETA: 0:00:01
Current loss is: 0.07526089
loss: 0.0753  82%|███████████████████████████████▏      |  ETA: 0:00:01
Current loss is: 0.073630214
loss: 0.0736  83%|███████████████████████████████▌      |  ETA: 0:00:01
Current loss is: 0.072062775
loss: 0.0721  84%|███████████████████████████████▉      |  ETA: 0:00:01
Current loss is: 0.0706191
loss: 0.0706  85%|████████████████████████████████▎     |  ETA: 0:00:01
Current loss is: 0.06912128
loss: 0.0691  86%|████████████████████████████████▋     |  ETA: 0:00:01
Current loss is: 0.06767739
loss: 0.0677  87%|█████████████████████████████████     |  ETA: 0:00:01
Current loss is: 0.06629242
loss: 0.0663  88%|█████████████████████████████████▌    |  ETA: 0:00:01
Current loss is: 0.06489889
loss: 0.0649  89%|█████████████████████████████████▉    |  ETA: 0:00:01
Current loss is: 0.063623674
loss: 0.0636  90%|██████████████████████████████████▎   |  ETA: 0:00:01
Current loss is: 0.0623227
loss: 0.0623  91%|██████████████████████████████████▋   |  ETA: 0:00:01
Current loss is: 0.061049454
loss: 0.061  92%|███████████████████████████████████▉   |  ETA: 0:00:01
Current loss is: 0.05974506
loss: 0.0597  93%|███████████████████████████████████▍  |  ETA: 0:00:00
Current loss is: 0.05863087
loss: 0.0586  94%|███████████████████████████████████▊  |  ETA: 0:00:00
Current loss is: 0.057458542
loss: 0.0575  95%|████████████████████████████████████▏ |  ETA: 0:00:00
Current loss is: 0.056374557
loss: 0.0564  96%|████████████████████████████████████▌ |  ETA: 0:00:00
Current loss is: 0.05520849
loss: 0.0552  97%|████████████████████████████████████▉ |  ETA: 0:00:00
Current loss is: 0.054127358
loss: 0.0541  98%|█████████████████████████████████████▎|  ETA: 0:00:00
Current loss is: 0.0530367
loss: 0.053  99%|██████████████████████████████████████▋|  ETA: 0:00:00
Current loss is: 0.05201774
loss: 0.052 100%|███████████████████████████████████████| Time: 0:00:06
Current loss is: 0.05201774
Training 100%|██████████████████████████████████████████| Time: 0:00:06
Test Summary: | Pass  Total
NNODE         |    2      2
1607.957740 seconds (284.76 M allocations: 13.799 GiB, 0.67% gc time)
Current loss is: 11619.876485018098
Current loss is: 17902.942366051495
Current loss is: 19363.79357599425
Current loss is: 20567.31772837251
Current loss is: 15977.140585728532
Current loss is: 13410.21866546615
Current loss is: 10738.55631173837
Current loss is: 21533.390006740938
Current loss is: 16545.012509603584
Current loss is: 23364.80895445383
Current loss is: 17014.196436621805
Current loss is: 16036.253329767107
Current loss is: 17551.146994063827
Current loss is: 16740.64424458995
Current loss is: 16446.50727491836
Current loss is: 20093.075866973108
Current loss is: 18969.5665997746
Current loss is: 17889.261493952687
Current loss is: 20041.716865486735
Current loss is: 16599.105077869328
Current loss is: 18126.59444058998
Current loss is: 14106.604227469094
Current loss is: 17736.70980204628
Current loss is: 13970.585753452087
Current loss is: 22390.737453010504
Current loss is: 26536.79749278765
Current loss is: 23853.707951900396
Current loss is: 13722.497732240645
Current loss is: 16946.031257876508
Current loss is: 28627.628452349316
Current loss is: 17920.823869621374
Current loss is: 14027.676847746852
Current loss is: 20977.385940103883
Current loss is: 19260.00472913743
Current loss is: 19583.333858380243
Current loss is: 20228.309939974017
Current loss is: 19986.58135841389
Current loss is: 18470.391319196595
Current loss is: 15773.64414778621
Current loss is: 13912.756752812487
Current loss is: 19110.15899234333
Current loss is: 11092.210036091337
Current loss is: 16072.18674402558
Current loss is: 18398.14685137693
Current loss is: 14540.867859431813
Current loss is: 15918.847779931768
Current loss is: 18472.41250673347
Current loss is: 17416.94728387529
Current loss is: 11743.397434605238
Current loss is: 12119.94737661188
Current loss is: 26479.580945373666
Current loss is: 12015.992033299162
Current loss is: 13831.799294682885
Current loss is: 10949.218635128307
Current loss is: 16733.06802610086
Current loss is: 12813.124488605634
Current loss is: 12477.606882543281
Current loss is: 18841.536876080783
Current loss is: 16838.15979704049
Current loss is: 15553.691716072202
Current loss is: 19804.538308577674
Current loss is: 14097.713423186968
Current loss is: 12922.210632073757
Current loss is: 14964.992156641285
Current loss is: 19645.689124694563
Current loss is: 16035.024305049834
Current loss is: 20471.276332234276
Current loss is: 12266.552738098791
Current loss is: 22225.60672232971
Current loss is: 19233.29854587447
Current loss is: 18231.879081753774
Current loss is: 18386.408445956946
Current loss is: 17571.48135383404
Current loss is: 16962.462000164225
Current loss is: 20802.791452111902
Current loss is: 15677.996224246928
Current loss is: 13026.797428632457
Current loss is: 14496.08038688789
Current loss is: 18311.87337698055
Current loss is: 18130.334980810523
Current loss is: 21909.242269947637
Current loss is: 18340.28294513553
Current loss is: 13616.61273845929
Current loss is: 15600.610720375227
Current loss is: 16152.130550081556
Current loss is: 17467.10208680518
Current loss is: 19475.805719489617
Current loss is: 14121.056696552056
Current loss is: 18046.35532601083
Current loss is: 18536.8432946329
Current loss is: 11110.65430803753
Current loss is: 14896.263959549371
Current loss is: 19012.250859503034
Current loss is: 15080.195218589739
Current loss is: 16560.545213478308
Current loss is: 18087.449475639623
Current loss is: 16312.548226252862
Current loss is: 16601.325290494893
Current loss is: 19392.965401178422
Current loss is: 14457.556147406523
Current loss is: 13637.578133400046
Current loss is: 20947.476813990354
Current loss is: 13433.324689401843
Current loss is: 14100.426562333636
Current loss is: 12965.673846922527
Current loss is: 18098.311100054285
Current loss is: 15602.125741794309
Current loss is: 14678.510035774345
Current loss is: 16711.564880815822
Current loss is: 16073.586573622018
Current loss is: 13621.331842725946
Current loss is: 14276.103468496254
Current loss is: 18844.37684654467
Current loss is: 13555.958661565635
Current loss is: 19394.241106417212
Current loss is: 15079.612862703358
Current loss is: 11183.809173492129
Current loss is: 14044.554384913112
Current loss is: 14798.193127081477
Current loss is: 14687.80385454084
Current loss is: 18615.493833135948
Current loss is: 16927.39906939925
Current loss is: 15469.664735868864
Current loss is: 15479.505121868526
Current loss is: 20330.494803418584
Current loss is: 16391.510484620325
Current loss is: 16004.10140591109
Current loss is: 14867.082396872709
Current loss is: 17450.004819041224
Current loss is: 16349.748306514672
Current loss is: 15382.397402463243
Current loss is: 14118.14183102297
Current loss is: 15911.785866921326
Current loss is: 14188.291310547702
Current loss is: 15768.790506475725
Current loss is: 15435.772070725925
Current loss is: 15809.600257411314
Current loss is: 17506.923859186943
Current loss is: 16841.422465054715
Current loss is: 14715.165130752113
Current loss is: 14846.570554295173
Current loss is: 15885.745207921998
Current loss is: 15328.879946339152
Current loss is: 17349.306644801276
Current loss is: 16705.393271548666
Current loss is: 16289.352764417936
Current loss is: 15400.79984168621
Current loss is: 13858.685612181813
Current loss is: 13987.721854116371
Current loss is: 14481.789241057213
Current loss is: 14362.762017366602
Current loss is: 14277.19547449325
Current loss is: 15447.390314112057
Current loss is: 16174.969488055134
Current loss is: 15361.439955387832
Current loss is: 14814.904407036753
Current loss is: 15950.856345137388
Current loss is: 16243.687514781175
Current loss is: 14969.805233706193
Current loss is: 17791.551055584227
Current loss is: 15857.92190889517
Current loss is: 16079.94078108239
Current loss is: 17044.19803761578
Current loss is: 17211.02233726324
Current loss is: 16837.48671257135
Current loss is: 17852.903524136756
Current loss is: 15313.237087850855
Current loss is: 17971.621062696806
Current loss is: 16001.637516071994
Current loss is: 16768.24932446548
Current loss is: 16492.185154248902
Current loss is: 15206.102357562002
Current loss is: 15944.598509547053
Current loss is: 18602.077160118693
Current loss is: 15855.955519793624
Current loss is: 17701.59554817323
Current loss is: 13663.602792991709
Current loss is: 15504.311349457192
Current loss is: 13946.679225263255
Current loss is: 15652.443609638494
Current loss is: 15712.63040361022
Current loss is: 15466.216129950128
Current loss is: 16222.829849913138
Current loss is: 13828.09736890858
Current loss is: 16566.679410928165
Current loss is: 15228.816712772188
Current loss is: 15603.9906353046
Current loss is: 14553.866076114016
Current loss is: 14984.760827283826
Current loss is: 18794.632010788406
Current loss is: 16637.819608803893
Current loss is: 15427.557357113637
Current loss is: 14912.205737473083
Current loss is: 16074.457866641213
Current loss is: 16774.57634895571
Current loss is: 14560.954587416409
Current loss is: 14507.348466018035
Current loss is: 15632.824218368492
Current loss is: 14216.264726945092
Current loss is: 15674.63284596521
one-dimensional heat equation
error_l2 = 125.53404

NNPDEHan: Test Failed at /home/pkgeval/.julia/packages/NeuralNetDiffEq/skSLw/test/NNPDEHan_tests.jl:42
  Expression: error_l2 < 0.1
   Evaluated: 125.53404f0 < 0.1
Stacktrace:
 [1] top-level scope at /home/pkgeval/.julia/packages/NeuralNetDiffEq/skSLw/test/NNPDEHan_tests.jl:42
 [2] include(::Module, ::String) at ./Base.jl:377
 [3] include(::String) at /home/pkgeval/.julia/packages/SafeTestsets/A83XK/src/SafeTestsets.jl:23
 [4] top-level scope at /home/pkgeval/.julia/packages/NeuralNetDiffEq/skSLw/test/runtests.jl:15
 [5] top-level scope at /workspace/srcdir/usr/share/julia/stdlib/v1.4/Test/src/Test.jl:1113
 [6] top-level scope at /home/pkgeval/.julia/packages/NeuralNetDiffEq/skSLw/test/runtests.jl:15
Current loss is: 3.993414708617924e6
Current loss is: 4.0574859633944514e6
Current loss is: 3.943613876382329e6
Current loss is: 3.8997437128074556e6
Current loss is: 3.932613850562903e6
Current loss is: 3.7794491691649933e6
Current loss is: 3.7114426784746503e6
Current loss is: 3.7778845567433676e6
Current loss is: 3.654729982880887e6
Current loss is: 3.7994449660671116e6
Current loss is: 3.6625180369514073e6
Current loss is: 3.524513769513368e6
Current loss is: 3.5031593993245154e6
Current loss is: 3.4594522688519815e6
Current loss is: 3.589751237029298e6
Current loss is: 3.4415331369678196e6
Current loss is: 3.4313951543944585e6
Current loss is: 3.4016447920545554e6
Current loss is: 3.47529741052462e6
Current loss is: 3.1760421762580513e6
Current loss is: 3.126494636733918e6
Current loss is: 3.176025005648812e6
Current loss is: 2.8904562249340164e6
Current loss is: 2.902574581880389e6
Current loss is: 2.691229825800833e6
Current loss is: 2.8164727970498367e6
Current loss is: 2.4245998225598503e6
Current loss is: 2.497069270317474e6
Current loss is: 2.249206219540962e6
Current loss is: 2.25632111827956e6
Current loss is: 2.1348773814080902e6
Current loss is: 2.0849126468945285e6
Current loss is: 1.775127351988121e6
Current loss is: 1.7862960787148832e6
Current loss is: 1.642339093083668e6
Current loss is: 1.4462975295749835e6
Current loss is: 1.2410127586743373e6
Current loss is: 1.1082308168859568e6
Current loss is: 1.01183580337946e6
Current loss is: 887085.1035093035
Current loss is: 736210.4561920672
Current loss is: 630716.921577194
Current loss is: 473095.65204620507
Current loss is: 407005.8424831616
Current loss is: 293407.942110217
Current loss is: 230926.59794520366
Current loss is: 128441.68030163254
Current loss is: 74881.25323489208
Current loss is: 51495.11805609741
Current loss is: 35961.43889504699
Current loss is: 15670.616567969584
Current loss is: 26119.940372973084
Current loss is: 38295.25029266686
Current loss is: 57089.71030786981
Current loss is: 69878.3513698678
Current loss is: 100312.51471354376
Current loss is: 115969.81619636042
Current loss is: 92567.25574677438
Current loss is: 151852.53089622263
Current loss is: 127753.65458042949
Current loss is: 132975.74655223763
Current loss is: 112300.13417259508
Current loss is: 113961.08837744754
Current loss is: 94506.2518346732
Current loss is: 92297.97220340867
Current loss is: 52864.46257467738
Current loss is: 68238.49902804528
Current loss is: 28023.597627550156
Current loss is: 25077.370526072253
Current loss is: 17902.163547204585
Current loss is: 17338.064339470926
Current loss is: 17560.098650291467
Current loss is: 21293.131893006215

signal (15): Terminated
in expression starting at none:16
pthread_cond_wait at /lib/x86_64-linux-gnu/libpthread.so.0 (unknown line)
