Current time is 2020-10-25T22:14:55.505
Julia Version 1.5.3-pre.13
Commit 3de1115e9c (2020-10-23 21:58 UTC)
Platform Info:
  OS: Linux (x86_64-linux-gnu)
  CPU: AMD EPYC 7502 32-Core Processor
  WORD_SIZE: 64
  LIBM: libopenlibm
  LLVM: libLLVM-9.0.1 (ORCJIT, znver2)
Environment:
  JULIA_DEPOT_PATH = ::/usr/local/share/julia
  JULIA_NUM_THREADS = 2
  JULIA_MAX_NUM_PRECOMPILE_FILES = 9223372036854775807
  JULIA_PKG_SERVER = 

Starting installation at 2020-10-25T22:14:58.641
  Resolving package versions...
  Installed Fire ─ v0.1.0
Updating `~/.julia/environments/v1.5/Project.toml`
  [652a1917] + Fire v0.1.0
Updating `~/.julia/environments/v1.5/Manifest.toml`
  [652a1917] + Fire v0.1.0
  [2a0f44e3] + Base64
  [8ba89e20] + Distributed
  [b77e0a4c] + InteractiveUtils
  [56ddb016] + Logging
  [d6f4376e] + Markdown
  [9a3f8284] + Random
  [9e88b42a] + Serialization
  [6462fe0b] + Sockets
  [8dfed614] + Test
Starting tests at 2020-10-25T22:15:00.41
    Testing Fire
Status `/tmp/jl_yskATY/Project.toml`
  [652a1917] Fire v0.1.0
  [8dfed614] Test
Status `/tmp/jl_yskATY/Manifest.toml`
  [652a1917] Fire v0.1.0
  [2a0f44e3] Base64
  [8ba89e20] Distributed
  [b77e0a4c] InteractiveUtils
  [56ddb016] Logging
  [d6f4376e] Markdown
  [9a3f8284] Random
  [9e88b42a] Serialization
  [6462fe0b] Sockets
  [8dfed614] Test
call: Error During Test at /home/pkgeval/.julia/packages/Fire/Ge5mF/test/runtests.jl:26
  Test threw exception
  Expression: length(read(`julia $f`)) == 0
  IOError: could not spawn `julia /tmp/jl_pOoutt/test0.jl`: no such file or directory (ENOENT)
  Stacktrace:
   [1] _spawn_primitive(::String, ::Cmd, ::Array{Any,1}) at ./process.jl:99
   [2] #585 at ./process.jl:112 [inlined]
   [3] setup_stdios(::Base.var"#585#586"{Cmd}, ::Array{Any,1}) at ./process.jl:196
   [4] _spawn at ./process.jl:111 [inlined]
   [5] open(::Cmd, ::Base.DevNull; write::Bool, read::Bool) at ./process.jl:370
   [6] open at ./process.jl:361 [inlined]
   [7] open(::Cmd, ::String, ::Base.DevNull) at ./process.jl:341
   [8] read(::Cmd) at ./process.jl:410
   [9] top-level scope at /home/pkgeval/.julia/packages/Fire/Ge5mF/test/runtests.jl:26
   [10] top-level scope at /workspace/srcdir/usr/share/julia/stdlib/v1.5/Test/src/Test.jl:1115
   [11] top-level scope at /home/pkgeval/.julia/packages/Fire/Ge5mF/test/runtests.jl:20
  
call: Error During Test at /home/pkgeval/.julia/packages/Fire/Ge5mF/test/runtests.jl:34
  Test threw exception
  Expression: length(read(`julia $f`)) != 0
  IOError: could not spawn `julia /tmp/jl_pOoutt/test1.jl`: no such file or directory (ENOENT)
  Stacktrace:
   [1] _spawn_primitive(::String, ::Cmd, ::Array{Any,1}) at ./process.jl:99
   [2] #585 at ./process.jl:112 [inlined]
   [3] setup_stdios(::Base.var"#585#586"{Cmd}, ::Array{Any,1}) at ./process.jl:196
   [4] _spawn at ./process.jl:111 [inlined]
   [5] open(::Cmd, ::Base.DevNull; write::Bool, read::Bool) at ./process.jl:370
   [6] open at ./process.jl:361 [inlined]
   [7] open(::Cmd, ::String, ::Base.DevNull) at ./process.jl:341
   [8] read(::Cmd) at ./process.jl:410
   [9] top-level scope at /home/pkgeval/.julia/packages/Fire/Ge5mF/test/runtests.jl:34
   [10] top-level scope at /workspace/srcdir/usr/share/julia/stdlib/v1.5/Test/src/Test.jl:1115
   [11] top-level scope at /home/pkgeval/.julia/packages/Fire/Ge5mF/test/runtests.jl:20
  
Test Summary: | Error  Total
call          |     2      2
ERROR: LoadError: Some tests did not pass: 0 passed, 0 failed, 2 errored, 0 broken.
in expression starting at /home/pkgeval/.julia/packages/Fire/Ge5mF/test/runtests.jl:19
ERROR: Package Fire errored during testing
Stacktrace:
 [1] pkgerror(::String) at /workspace/srcdir/usr/share/julia/stdlib/v1.5/Pkg/src/Types.jl:52
 [2] test(::Pkg.Types.Context, ::Array{Pkg.Types.PackageSpec,1}; coverage::Bool, julia_args::Cmd, test_args::Cmd, test_fn::Nothing) at /workspace/srcdir/usr/share/julia/stdlib/v1.5/Pkg/src/Operations.jl:1578
 [3] test(::Pkg.Types.Context, ::Array{Pkg.Types.PackageSpec,1}; coverage::Bool, test_fn::Nothing, julia_args::Cmd, test_args::Cmd, kwargs::Base.Iterators.Pairs{Union{},Union{},Tuple{},NamedTuple{(),Tuple{}}}) at /workspace/srcdir/usr/share/julia/stdlib/v1.5/Pkg/src/API.jl:327
 [4] test(::Pkg.Types.Context, ::Array{Pkg.Types.PackageSpec,1}) at /workspace/srcdir/usr/share/julia/stdlib/v1.5/Pkg/src/API.jl:314
 [5] #test#61 at /workspace/srcdir/usr/share/julia/stdlib/v1.5/Pkg/src/API.jl:67 [inlined]
 [6] test at /workspace/srcdir/usr/share/julia/stdlib/v1.5/Pkg/src/API.jl:67 [inlined]
 [7] #test#60 at /workspace/srcdir/usr/share/julia/stdlib/v1.5/Pkg/src/API.jl:66 [inlined]
 [8] test at /workspace/srcdir/usr/share/julia/stdlib/v1.5/Pkg/src/API.jl:66 [inlined]
 [9] test(::String; kwargs::Base.Iterators.Pairs{Union{},Union{},Tuple{},NamedTuple{(),Tuple{}}}) at /workspace/srcdir/usr/share/julia/stdlib/v1.5/Pkg/src/API.jl:65
 [10] test(::String) at /workspace/srcdir/usr/share/julia/stdlib/v1.5/Pkg/src/API.jl:65
 [11] top-level scope at none:35
