Current time is 2020-10-25T19:34:31.091
Julia Version 1.5.3-pre.13
Commit 3de1115e9c (2020-10-23 21:58 UTC)
Platform Info:
  OS: Linux (x86_64-linux-gnu)
  CPU: AMD EPYC 7502 32-Core Processor
  WORD_SIZE: 64
  LIBM: libopenlibm
  LLVM: libLLVM-9.0.1 (ORCJIT, znver2)
Environment:
  JULIA_DEPOT_PATH = ::/usr/local/share/julia
  JULIA_NUM_THREADS = 2
  JULIA_MAX_NUM_PRECOMPILE_FILES = 9223372036854775807
  JULIA_PKG_SERVER = 

Starting installation at 2020-10-25T19:34:34.312
  Resolving package versions...
  Installed MbedTLS_jll ────────────────── v2.16.8+0
  Installed Rmath_jll ──────────────────── v0.2.2+1
  Installed Zlib_jll ───────────────────── v1.2.11+18
  Installed BoundaryValueDiffEq ────────── v2.5.0
  Installed Parsers ────────────────────── v1.0.11
  Installed RecipesPipeline ────────────── v0.1.13
  Installed InformationGeometry ────────── v1.1.5
  Installed Distributions ──────────────── v0.23.12
  Installed Opus_jll ───────────────────── v1.3.1+3
  Installed OpenSpecFun_jll ────────────── v0.5.3+4
  Installed Distances ──────────────────── v0.9.2
  Installed StructTypes ────────────────── v1.1.0
  Installed Contour ────────────────────── v0.5.5
  Installed CommonSubexpressions ───────── v0.3.0
  Installed CpuId ──────────────────────── v0.2.2
  Installed ForwardDiff ────────────────── v0.10.12
  Installed DiffResults ────────────────── v1.0.2
  Installed MacroTools ─────────────────── v0.5.6
  Installed UnPack ─────────────────────── v1.0.2
  Installed Scratch ────────────────────── v1.0.3
  Installed MbedTLS ────────────────────── v1.0.2
  Installed FixedPointNumbers ──────────── v0.8.4
  Installed IteratorInterfaceExtensions ── v1.0.0
  Installed CUDA ───────────────────────── v1.3.3
  Installed BandedMatrices ─────────────── v0.15.25
  Installed Strided ────────────────────── v1.1.1
  Installed SimpleTraits ───────────────── v0.9.3
  Installed x265_jll ───────────────────── v3.0.0+3
  Installed PDMats ─────────────────────── v0.10.1
  Installed DocStringExtensions ────────── v0.8.3
  Installed FastClosures ───────────────── v0.3.2
  Installed libass_jll ─────────────────── v0.14.0+4
  Installed SparseDiffTools ────────────── v1.10.0
  Installed Formatting ─────────────────── v0.4.1
  Installed NaNMath ────────────────────── v0.3.4
  Installed PlotThemes ─────────────────── v2.0.0
  Installed NLSolversBase ──────────────── v7.7.1
  Installed HTTP ───────────────────────── v0.8.19
  Installed JSON ───────────────────────── v0.21.1
  Installed Plots ──────────────────────── v1.7.3
  Installed Artifacts ──────────────────── v1.3.0
  Installed NLsolve ────────────────────── v4.4.1
  Installed OpenSSL_jll ────────────────── v1.1.1+6
  Installed Requires ───────────────────── v1.1.0
  Installed GeometryTypes ──────────────── v0.8.3
  Installed Latexify ───────────────────── v0.14.1
  Installed ArrayLayouts ───────────────── v0.4.10
  Installed LsqFit ─────────────────────── v0.11.0
  Installed Grisu ──────────────────────── v1.0.0
  Installed VertexSafeGraphs ───────────── v0.1.2
  Installed LaTeXStrings ───────────────── v1.2.0
  Installed GPUArrays ──────────────────── v5.2.1
  Installed LRUCache ───────────────────── v1.1.0
  Installed SortingAlgorithms ──────────── v0.3.1
  Installed VectorizationBase ──────────── v0.12.33
  Installed GPUCompiler ────────────────── v0.6.1
  Installed SpecialFunctions ───────────── v0.10.3
  Installed DataStructures ─────────────── v0.18.8
  Installed IterativeSolvers ───────────── v0.8.4
  Installed DataValueInterfaces ────────── v1.0.0
  Installed Rmath ──────────────────────── v0.6.1
  Installed FriBidi_jll ────────────────── v1.0.5+6
  Installed x264_jll ───────────────────── v2020.7.14+2
  Installed LabelledArrays ─────────────── v1.3.0
  Installed TableTraits ────────────────── v1.0.0
  Installed RecursiveFactorization ─────── v0.1.4
  Installed FiniteDiff ─────────────────── v2.7.0
  Installed ColorSchemes ───────────────── v3.10.1
  Installed SLEEFPirates ───────────────── v0.5.5
  Installed QuadGK ─────────────────────── v2.4.1
  Installed Missings ───────────────────── v0.4.4
  Installed ZygoteRules ────────────────── v0.2.0
  Installed DataAPI ────────────────────── v1.3.0
  Installed BenchmarkTools ─────────────── v0.5.0
  Installed GenericSVD ─────────────────── v0.3.0
  Installed libfdk_aac_jll ─────────────── v0.1.6+4
  Installed libvorbis_jll ──────────────── v1.3.6+6
  Installed RecursiveArrayTools ────────── v2.7.2
  Installed Measures ───────────────────── v0.3.1
  Installed DiffEqCallbacks ────────────── v2.14.1
  Installed GR ─────────────────────────── v0.52.0
  Installed NNlib ──────────────────────── v0.7.5
  Installed ArrayInterface ─────────────── v2.13.6
  Installed IniFile ────────────────────── v0.5.0
  Installed AbstractFFTs ───────────────── v0.5.0
  Installed JLLWrappers ────────────────── v1.1.3
  Installed PooledArrays ───────────────── v0.5.3
  Installed Calculus ───────────────────── v0.5.1
  Installed PositiveFactorizations ─────── v0.2.3
  Installed CompilerSupportLibraries_jll ─ v0.3.4+0
  Installed TreeViews ──────────────────── v0.3.0
  Installed Showoff ────────────────────── v0.3.2
  Installed CategoricalArrays ──────────── v0.8.3
  Installed TimerOutputs ───────────────── v0.5.6
  Installed LightGraphs ────────────────── v1.3.0
  Installed DiffRules ──────────────────── v1.0.1
  Installed ChainRulesCore ─────────────── v0.9.17
  Installed LAME_jll ───────────────────── v3.100.0+3
  Installed ExponentialUtilities ───────── v1.8.0
  Installed LLVM ───────────────────────── v2.0.0
  Installed Bzip2_jll ──────────────────── v1.0.6+5
  Installed SIMDPirates ────────────────── v0.8.25
  Installed Measurements ───────────────── v2.3.0
  Installed Inflate ────────────────────── v0.1.2
  Installed IterTools ──────────────────── v1.3.0
  Installed LineSearches ───────────────── v7.1.0
  Installed Ogg_jll ────────────────────── v1.3.4+2
  Installed OrdinaryDiffEq ─────────────── v5.43.0
  Installed EarCut_jll ─────────────────── v2.1.5+0
  Installed FFMPEG_jll ─────────────────── v4.3.1+4
  Installed BinaryProvider ─────────────── v0.5.10
  Installed StatsBase ──────────────────── v0.33.2
  Installed PlotUtils ──────────────────── v1.0.7
  Installed ArnoldiMethod ──────────────── v0.0.4
  Installed DiffEqBase ─────────────────── v6.48.2
  Installed Adapt ──────────────────────── v2.3.0
  Installed OffsetArrays ───────────────── v1.3.1
  Installed Colors ─────────────────────── v0.12.4
  Installed Roots ──────────────────────── v1.0.5
  Installed FunctionWrappers ───────────── v1.1.1
  Installed StructArrays ───────────────── v0.4.4
  Installed StatsFuns ──────────────────── v0.9.5
  Installed RecipesBase ────────────────── v1.1.0
  Installed Compat ─────────────────────── v3.22.0
  Installed CEnum ──────────────────────── v0.4.1
  Installed FFMPEG ─────────────────────── v0.4.0
  Installed TupleTools ─────────────────── v1.2.0
  Installed MuladdMacro ────────────────── v0.2.2
  Installed LibVPX_jll ─────────────────── v1.9.0+1
  Installed OptimBase ──────────────────── v2.0.1
  Installed InvertedIndices ────────────── v1.0.0
  Installed ExprTools ──────────────────── v0.1.3
  Installed Parameters ─────────────────── v0.12.1
  Installed OrderedCollections ─────────── v1.3.1
  Installed TensorOperations ───────────── v3.0.1
  Installed DataFrames ─────────────────── v0.21.8
  Installed Reexport ───────────────────── v0.2.0
  Installed GeometryBasics ─────────────── v0.3.3
  Installed LoopVectorization ──────────── v0.8.26
  Installed ColorTypes ─────────────────── v0.10.9
  Installed Optim ──────────────────────── v1.2.0
  Installed Tables ─────────────────────── v1.1.0
  Installed StaticArrays ───────────────── v0.12.4
  Installed FreeType2_jll ──────────────── v2.10.1+5
  Installed Combinatorics ──────────────── v1.0.2
  Installed FillArrays ─────────────────── v0.9.7
Updating `~/.julia/environments/v1.5/Project.toml`
  [ee9d1287] + InformationGeometry v1.1.5
Updating `~/.julia/environments/v1.5/Manifest.toml`
  [621f4979] + AbstractFFTs v0.5.0
  [79e6a3ab] + Adapt v2.3.0
  [ec485272] + ArnoldiMethod v0.0.4
  [4fba245c] + ArrayInterface v2.13.6
  [4c555306] + ArrayLayouts v0.4.10
  [56f22d72] + Artifacts v1.3.0
  [aae01518] + BandedMatrices v0.15.25
  [6e4b80f9] + BenchmarkTools v0.5.0
  [b99e7846] + BinaryProvider v0.5.10
  [764a87c0] + BoundaryValueDiffEq v2.5.0
  [6e34b625] + Bzip2_jll v1.0.6+5
  [fa961155] + CEnum v0.4.1
  [052768ef] + CUDA v1.3.3
  [49dc2e85] + Calculus v0.5.1
  [324d7699] + CategoricalArrays v0.8.3
  [d360d2e6] + ChainRulesCore v0.9.17
  [35d6a980] + ColorSchemes v3.10.1
  [3da002f7] + ColorTypes v0.10.9
  [5ae59095] + Colors v0.12.4
  [861a8166] + Combinatorics v1.0.2
  [bbf7d656] + CommonSubexpressions v0.3.0
  [34da2185] + Compat v3.22.0
  [e66e0078] + CompilerSupportLibraries_jll v0.3.4+0
  [d38c429a] + Contour v0.5.5
  [adafc99b] + CpuId v0.2.2
  [9a962f9c] + DataAPI v1.3.0
  [a93c6f00] + DataFrames v0.21.8
  [864edb3b] + DataStructures v0.18.8
  [e2d170a0] + DataValueInterfaces v1.0.0
  [2b5f629d] + DiffEqBase v6.48.2
  [459566f4] + DiffEqCallbacks v2.14.1
  [163ba53b] + DiffResults v1.0.2
  [b552c78f] + DiffRules v1.0.1
  [b4f34e82] + Distances v0.9.2
  [31c24e10] + Distributions v0.23.12
  [ffbed154] + DocStringExtensions v0.8.3
  [5ae413db] + EarCut_jll v2.1.5+0
  [d4d017d3] + ExponentialUtilities v1.8.0
  [e2ba6199] + ExprTools v0.1.3
  [c87230d0] + FFMPEG v0.4.0
  [b22a6f82] + FFMPEG_jll v4.3.1+4
  [9aa1b823] + FastClosures v0.3.2
  [1a297f60] + FillArrays v0.9.7
  [6a86dc24] + FiniteDiff v2.7.0
  [53c48c17] + FixedPointNumbers v0.8.4
  [59287772] + Formatting v0.4.1
  [f6369f11] + ForwardDiff v0.10.12
  [d7e528f0] + FreeType2_jll v2.10.1+5
  [559328eb] + FriBidi_jll v1.0.5+6
  [069b7b12] + FunctionWrappers v1.1.1
  [0c68f7d7] + GPUArrays v5.2.1
  [61eb1bfa] + GPUCompiler v0.6.1
  [28b8d3ca] + GR v0.52.0
  [01680d73] + GenericSVD v0.3.0
  [5c1252a2] + GeometryBasics v0.3.3
  [4d00f742] + GeometryTypes v0.8.3
  [42e2da0e] + Grisu v1.0.0
  [cd3eb016] + HTTP v0.8.19
  [d25df0c9] + Inflate v0.1.2
  [ee9d1287] + InformationGeometry v1.1.5
  [83e8ac13] + IniFile v0.5.0
  [41ab1584] + InvertedIndices v1.0.0
  [c8e1da08] + IterTools v1.3.0
  [42fd0dbc] + IterativeSolvers v0.8.4
  [82899510] + IteratorInterfaceExtensions v1.0.0
  [692b3bcd] + JLLWrappers v1.1.3
  [682c06a0] + JSON v0.21.1
  [c1c5ebd0] + LAME_jll v3.100.0+3
  [929cbde3] + LLVM v2.0.0
  [8ac3fa9e] + LRUCache v1.1.0
  [b964fa9f] + LaTeXStrings v1.2.0
  [2ee39098] + LabelledArrays v1.3.0
  [23fbe1c1] + Latexify v0.14.1
  [dd192d2f] + LibVPX_jll v1.9.0+1
  [093fc24a] + LightGraphs v1.3.0
  [d3d80556] + LineSearches v7.1.0
  [bdcacae8] + LoopVectorization v0.8.26
  [2fda8390] + LsqFit v0.11.0
  [1914dd2f] + MacroTools v0.5.6
  [739be429] + MbedTLS v1.0.2
  [c8ffd9c3] + MbedTLS_jll v2.16.8+0
  [eff96d63] + Measurements v2.3.0
  [442fdcdd] + Measures v0.3.1
  [e1d29d7a] + Missings v0.4.4
  [46d2c3a1] + MuladdMacro v0.2.2
  [d41bc354] + NLSolversBase v7.7.1
  [2774e3e8] + NLsolve v4.4.1
  [872c559c] + NNlib v0.7.5
  [77ba4419] + NaNMath v0.3.4
  [6fe1bfb0] + OffsetArrays v1.3.1
  [e7412a2a] + Ogg_jll v1.3.4+2
  [458c3c95] + OpenSSL_jll v1.1.1+6
  [efe28fd5] + OpenSpecFun_jll v0.5.3+4
  [429524aa] + Optim v1.2.0
  [87e2bd06] + OptimBase v2.0.1
  [91d4177d] + Opus_jll v1.3.1+3
  [bac558e1] + OrderedCollections v1.3.1
  [1dea7af3] + OrdinaryDiffEq v5.43.0
  [90014a1f] + PDMats v0.10.1
  [d96e819e] + Parameters v0.12.1
  [69de0a69] + Parsers v1.0.11
  [ccf2f8ad] + PlotThemes v2.0.0
  [995b91a9] + PlotUtils v1.0.7
  [91a5bcdd] + Plots v1.7.3
  [2dfb63ee] + PooledArrays v0.5.3
  [85a6dd25] + PositiveFactorizations v0.2.3
  [1fd47b50] + QuadGK v2.4.1
  [3cdcf5f2] + RecipesBase v1.1.0
  [01d81517] + RecipesPipeline v0.1.13
  [731186ca] + RecursiveArrayTools v2.7.2
  [f2c3362d] + RecursiveFactorization v0.1.4
  [189a3867] + Reexport v0.2.0
  [ae029012] + Requires v1.1.0
  [79098fc4] + Rmath v0.6.1
  [f50d1b31] + Rmath_jll v0.2.2+1
  [f2b01f46] + Roots v1.0.5
  [21efa798] + SIMDPirates v0.8.25
  [476501e8] + SLEEFPirates v0.5.5
  [6c6a2e73] + Scratch v1.0.3
  [992d4aef] + Showoff v0.3.2
  [699a6c99] + SimpleTraits v0.9.3
  [a2af1166] + SortingAlgorithms v0.3.1
  [47a9eef4] + SparseDiffTools v1.10.0
  [276daf66] + SpecialFunctions v0.10.3
  [90137ffa] + StaticArrays v0.12.4
  [2913bbd2] + StatsBase v0.33.2
  [4c63d2b9] + StatsFuns v0.9.5
  [5e0ebb24] + Strided v1.1.1
  [09ab397b] + StructArrays v0.4.4
  [856f2bd8] + StructTypes v1.1.0
  [3783bdb8] + TableTraits v1.0.0
  [bd369af6] + Tables v1.1.0
  [6aa20fa7] + TensorOperations v3.0.1
  [a759f4b9] + TimerOutputs v0.5.6
  [a2a6695c] + TreeViews v0.3.0
  [9d95972d] + TupleTools v1.2.0
  [3a884ed6] + UnPack v1.0.2
  [3d5dd08c] + VectorizationBase v0.12.33
  [19fa3120] + VertexSafeGraphs v0.1.2
  [83775a58] + Zlib_jll v1.2.11+18
  [700de1a5] + ZygoteRules v0.2.0
  [0ac62f75] + libass_jll v0.14.0+4
  [f638f0a6] + libfdk_aac_jll v0.1.6+4
  [f27f6e37] + libvorbis_jll v1.3.6+6
  [1270edf5] + x264_jll v2020.7.14+2
  [dfaa095f] + x265_jll v3.0.0+3
  [2a0f44e3] + Base64
  [ade2ca70] + Dates
  [8bb1440f] + DelimitedFiles
  [8ba89e20] + Distributed
  [9fa8497b] + Future
  [b77e0a4c] + InteractiveUtils
  [76f85450] + LibGit2
  [8f399da3] + Libdl
  [37e2e46d] + LinearAlgebra
  [56ddb016] + Logging
  [d6f4376e] + Markdown
  [a63ad114] + Mmap
  [44cfe95a] + Pkg
  [de0858da] + Printf
  [3fa0cd96] + REPL
  [9a3f8284] + Random
  [ea8e919c] + SHA
  [9e88b42a] + Serialization
  [1a1011a3] + SharedArrays
  [6462fe0b] + Sockets
  [2f01184e] + SparseArrays
  [10745b16] + Statistics
  [4607b0f0] + SuiteSparse
  [8dfed614] + Test
  [cf7118a7] + UUIDs
  [4ec0a83e] + Unicode
   Building GR ──────────→ `~/.julia/packages/GR/BwGt2/deps/build.log`
   Building SLEEFPirates → `~/.julia/packages/SLEEFPirates/jGsib/deps/build.log`
Starting tests at 2020-10-25T19:35:08.272
    Testing InformationGeometry
Status `/tmp/jl_VYzTWX/Project.toml`
  [6e4b80f9] BenchmarkTools v0.5.0
  [764a87c0] BoundaryValueDiffEq v2.5.0
  [861a8166] Combinatorics v1.0.2
  [a93c6f00] DataFrames v0.21.8
  [459566f4] DiffEqCallbacks v2.14.1
  [31c24e10] Distributions v0.23.12
  [f6369f11] ForwardDiff v0.10.12
  [ee9d1287] InformationGeometry v1.1.5
  [2fda8390] LsqFit v0.11.0
  [eff96d63] Measurements v2.3.0
  [429524aa] Optim v1.2.0
  [1dea7af3] OrdinaryDiffEq v5.43.0
  [91a5bcdd] Plots v1.7.3
  [3cdcf5f2] RecipesBase v1.1.0
  [f2b01f46] Roots v1.0.5
  [1bc83da4] SafeTestsets v0.0.1
  [276daf66] SpecialFunctions v0.10.3
  [90137ffa] StaticArrays v0.12.4
  [6aa20fa7] TensorOperations v3.0.1
  [8ba89e20] Distributed
  [37e2e46d] LinearAlgebra
  [9a3f8284] Random
  [2f01184e] SparseArrays
  [8dfed614] Test
Status `/tmp/jl_VYzTWX/Manifest.toml`
  [621f4979] AbstractFFTs v0.5.0
  [79e6a3ab] Adapt v2.3.0
  [ec485272] ArnoldiMethod v0.0.4
  [4fba245c] ArrayInterface v2.13.6
  [4c555306] ArrayLayouts v0.4.10
  [56f22d72] Artifacts v1.3.0
  [aae01518] BandedMatrices v0.15.25
  [6e4b80f9] BenchmarkTools v0.5.0
  [b99e7846] BinaryProvider v0.5.10
  [764a87c0] BoundaryValueDiffEq v2.5.0
  [6e34b625] Bzip2_jll v1.0.6+5
  [fa961155] CEnum v0.4.1
  [052768ef] CUDA v1.3.3
  [49dc2e85] Calculus v0.5.1
  [324d7699] CategoricalArrays v0.8.3
  [d360d2e6] ChainRulesCore v0.9.17
  [35d6a980] ColorSchemes v3.10.1
  [3da002f7] ColorTypes v0.10.9
  [5ae59095] Colors v0.12.4
  [861a8166] Combinatorics v1.0.2
  [bbf7d656] CommonSubexpressions v0.3.0
  [34da2185] Compat v3.22.0
  [e66e0078] CompilerSupportLibraries_jll v0.3.4+0
  [d38c429a] Contour v0.5.5
  [adafc99b] CpuId v0.2.2
  [9a962f9c] DataAPI v1.3.0
  [a93c6f00] DataFrames v0.21.8
  [864edb3b] DataStructures v0.18.8
  [e2d170a0] DataValueInterfaces v1.0.0
  [2b5f629d] DiffEqBase v6.48.2
  [459566f4] DiffEqCallbacks v2.14.1
  [163ba53b] DiffResults v1.0.2
  [b552c78f] DiffRules v1.0.1
  [b4f34e82] Distances v0.9.2
  [31c24e10] Distributions v0.23.12
  [ffbed154] DocStringExtensions v0.8.3
  [5ae413db] EarCut_jll v2.1.5+0
  [d4d017d3] ExponentialUtilities v1.8.0
  [e2ba6199] ExprTools v0.1.3
  [c87230d0] FFMPEG v0.4.0
  [b22a6f82] FFMPEG_jll v4.3.1+4
  [9aa1b823] FastClosures v0.3.2
  [1a297f60] FillArrays v0.9.7
  [6a86dc24] FiniteDiff v2.7.0
  [53c48c17] FixedPointNumbers v0.8.4
  [59287772] Formatting v0.4.1
  [f6369f11] ForwardDiff v0.10.12
  [d7e528f0] FreeType2_jll v2.10.1+5
  [559328eb] FriBidi_jll v1.0.5+6
  [069b7b12] FunctionWrappers v1.1.1
  [0c68f7d7] GPUArrays v5.2.1
  [61eb1bfa] GPUCompiler v0.6.1
  [28b8d3ca] GR v0.52.0
  [01680d73] GenericSVD v0.3.0
  [5c1252a2] GeometryBasics v0.3.3
  [4d00f742] GeometryTypes v0.8.3
  [42e2da0e] Grisu v1.0.0
  [cd3eb016] HTTP v0.8.19
  [d25df0c9] Inflate v0.1.2
  [ee9d1287] InformationGeometry v1.1.5
  [83e8ac13] IniFile v0.5.0
  [41ab1584] InvertedIndices v1.0.0
  [c8e1da08] IterTools v1.3.0
  [42fd0dbc] IterativeSolvers v0.8.4
  [82899510] IteratorInterfaceExtensions v1.0.0
  [692b3bcd] JLLWrappers v1.1.3
  [682c06a0] JSON v0.21.1
  [c1c5ebd0] LAME_jll v3.100.0+3
  [929cbde3] LLVM v2.0.0
  [8ac3fa9e] LRUCache v1.1.0
  [b964fa9f] LaTeXStrings v1.2.0
  [2ee39098] LabelledArrays v1.3.0
  [23fbe1c1] Latexify v0.14.1
  [dd192d2f] LibVPX_jll v1.9.0+1
  [093fc24a] LightGraphs v1.3.0
  [d3d80556] LineSearches v7.1.0
  [bdcacae8] LoopVectorization v0.8.26
  [2fda8390] LsqFit v0.11.0
  [1914dd2f] MacroTools v0.5.6
  [739be429] MbedTLS v1.0.2
  [c8ffd9c3] MbedTLS_jll v2.16.8+0
  [eff96d63] Measurements v2.3.0
  [442fdcdd] Measures v0.3.1
  [e1d29d7a] Missings v0.4.4
  [46d2c3a1] MuladdMacro v0.2.2
  [d41bc354] NLSolversBase v7.7.1
  [2774e3e8] NLsolve v4.4.1
  [872c559c] NNlib v0.7.5
  [77ba4419] NaNMath v0.3.4
  [6fe1bfb0] OffsetArrays v1.3.1
  [e7412a2a] Ogg_jll v1.3.4+2
  [458c3c95] OpenSSL_jll v1.1.1+6
  [efe28fd5] OpenSpecFun_jll v0.5.3+4
  [429524aa] Optim v1.2.0
  [87e2bd06] OptimBase v2.0.1
  [91d4177d] Opus_jll v1.3.1+3
  [bac558e1] OrderedCollections v1.3.1
  [1dea7af3] OrdinaryDiffEq v5.43.0
  [90014a1f] PDMats v0.10.1
  [d96e819e] Parameters v0.12.1
  [69de0a69] Parsers v1.0.11
  [ccf2f8ad] PlotThemes v2.0.0
  [995b91a9] PlotUtils v1.0.7
  [91a5bcdd] Plots v1.7.3
  [2dfb63ee] PooledArrays v0.5.3
  [85a6dd25] PositiveFactorizations v0.2.3
  [1fd47b50] QuadGK v2.4.1
  [3cdcf5f2] RecipesBase v1.1.0
  [01d81517] RecipesPipeline v0.1.13
  [731186ca] RecursiveArrayTools v2.7.2
  [f2c3362d] RecursiveFactorization v0.1.4
  [189a3867] Reexport v0.2.0
  [ae029012] Requires v1.1.0
  [79098fc4] Rmath v0.6.1
  [f50d1b31] Rmath_jll v0.2.2+1
  [f2b01f46] Roots v1.0.5
  [21efa798] SIMDPirates v0.8.25
  [476501e8] SLEEFPirates v0.5.5
  [1bc83da4] SafeTestsets v0.0.1
  [6c6a2e73] Scratch v1.0.3
  [992d4aef] Showoff v0.3.2
  [699a6c99] SimpleTraits v0.9.3
  [a2af1166] SortingAlgorithms v0.3.1
  [47a9eef4] SparseDiffTools v1.10.0
  [276daf66] SpecialFunctions v0.10.3
  [90137ffa] StaticArrays v0.12.4
  [2913bbd2] StatsBase v0.33.2
  [4c63d2b9] StatsFuns v0.9.5
  [5e0ebb24] Strided v1.1.1
  [09ab397b] StructArrays v0.4.4
  [856f2bd8] StructTypes v1.1.0
  [3783bdb8] TableTraits v1.0.0
  [bd369af6] Tables v1.1.0
  [6aa20fa7] TensorOperations v3.0.1
  [a759f4b9] TimerOutputs v0.5.6
  [a2a6695c] TreeViews v0.3.0
  [9d95972d] TupleTools v1.2.0
  [3a884ed6] UnPack v1.0.2
  [3d5dd08c] VectorizationBase v0.12.33
  [19fa3120] VertexSafeGraphs v0.1.2
  [83775a58] Zlib_jll v1.2.11+18
  [700de1a5] ZygoteRules v0.2.0
  [0ac62f75] libass_jll v0.14.0+4
  [f638f0a6] libfdk_aac_jll v0.1.6+4
  [f27f6e37] libvorbis_jll v1.3.6+6
  [1270edf5] x264_jll v2020.7.14+2
  [dfaa095f] x265_jll v3.0.0+3
  [2a0f44e3] Base64
  [ade2ca70] Dates
  [8bb1440f] DelimitedFiles
  [8ba89e20] Distributed
  [9fa8497b] Future
  [b77e0a4c] InteractiveUtils
  [76f85450] LibGit2
  [8f399da3] Libdl
  [37e2e46d] LinearAlgebra
  [56ddb016] Logging
  [d6f4376e] Markdown
  [a63ad114] Mmap
  [44cfe95a] Pkg
  [de0858da] Printf
  [3fa0cd96] REPL
  [9a3f8284] Random
  [ea8e919c] SHA
  [9e88b42a] Serialization
  [1a1011a3] SharedArrays
  [6462fe0b] Sockets
  [2f01184e] SparseArrays
  [10745b16] Statistics
  [4607b0f0] SuiteSparse
  [8dfed614] Test
  [cf7118a7] UUIDs
  [4ec0a83e] Unicode
 34.828528 seconds (25.70 M allocations: 1.412 GiB, 3.81% gc time)
 13.901997 seconds (2.02 M allocations: 288.444 MiB, 1.52% gc time)
Test Summary:       | Pass  Total
Probability Objects |   11     11
Inverse covariance matrix not perfectly positive-definite. Using only upper half and symmetrizing.
Test Summary:                       | Pass  Total
Inputting Dataset of various shapes |    2      2
Test Summary:                | Pass  Total
Kullback-Leibler Divergences |   12     12
Test Summary:         | Pass  Total
Differential Geometry |    7      7
Test Summary:              | Pass  Total
Numerical Helper Functions |    6      6
    Testing InformationGeometry tests passed 
Finished at 2020-10-25T19:56:34.012
