Julia Version 1.4.0
Commit 3fd5790e88 (2020-04-10 10:01 UTC)
Platform Info:
  OS: Linux (x86_64-linux-gnu)
  CPU: Intel(R) Xeon(R) Silver 4114 CPU @ 2.20GHz
  WORD_SIZE: 64
  LIBM: libopenlibm
  LLVM: libLLVM-8.0.1 (ORCJIT, skylake)
Environment:
  JULIA_DEPOT_PATH = ::/usr/local/share/julia
  JULIA_NUM_THREADS = 2

  Resolving package versions...
  Installed NumberTheoreticTransforms ─ v1.0.0
   Updating `~/.julia/environments/v1.4/Project.toml`
  [8497c1d1] + NumberTheoreticTransforms v1.0.0
   Updating `~/.julia/environments/v1.4/Manifest.toml`
  [8497c1d1] + NumberTheoreticTransforms v1.0.0
    Testing NumberTheoreticTransforms
Status `/tmp/jl_iIcZbk/Manifest.toml`
  [621f4979] AbstractFFTs v0.5.0
  [e66e0078] CompilerSupportLibraries_jll v0.3.3+0
  [717857b8] DSP v0.6.4
  [e2ba6199] ExprTools v0.1.0
  [8f5d6c58] EzXML v1.1.0
  [7a1cc6ca] FFTW v1.2.0
  [f5851436] FFTW_jll v3.3.9+5
  [1d5cc7b8] IntelOpenMP_jll v2018.0.3+0
  [d8418881] Intervals v1.0.0
  [c8e1da08] IterTools v1.3.0
  [94ce4f54] Libiconv_jll v1.16.0+2
  [856f044c] MKL_jll v2019.0.117+2
  [78c3b35d] Mocking v0.7.1
  [8497c1d1] NumberTheoreticTransforms v1.0.0
  [efe28fd5] OpenSpecFun_jll v0.5.3+3
  [f27b6e38] Polynomials v0.7.0
  [3cdcf5f2] RecipesBase v1.0.0
  [189a3867] Reexport v0.2.0
  [276daf66] SpecialFunctions v0.10.0
  [f269a46b] TimeZones v1.0.1
  [02c8fc9c] XML2_jll v2.9.9+2
  [83775a58] Zlib_jll v1.2.11+9
  [2a0f44e3] Base64 
  [ade2ca70] Dates 
  [8ba89e20] Distributed 
  [b77e0a4c] InteractiveUtils 
  [76f85450] LibGit2 
  [8f399da3] Libdl 
  [37e2e46d] LinearAlgebra 
  [56ddb016] Logging 
  [d6f4376e] Markdown 
  [44cfe95a] Pkg 
  [de0858da] Printf 
  [3fa0cd96] REPL 
  [9a3f8284] Random 
  [ea8e919c] SHA 
  [9e88b42a] Serialization 
  [6462fe0b] Sockets 
  [2f01184e] SparseArrays 
  [10745b16] Statistics 
  [8dfed614] Test 
  [cf7118a7] UUIDs 
  [4ec0a83e] Unicode 
Test Summary: | Pass  Total
NTT 1D        |    2      2
Test Summary:      | Pass  Total
NTT 1D convolution |    1      1
Test Summary: | Pass  Total
NTT 2D        |    3      3
Test Summary:      | Pass  Total
NTT 2D convolution |    1      1
t = 1
length(x) = 4
  0.062768 seconds (115.05 k allocations: 5.741 MiB)
t = 2
length(x) = 8
  0.000217 seconds (1.11 k allocations: 23.305 KiB)
t = 3
length(x) = 16
  0.000427 seconds (2.66 k allocations: 55.727 KiB)
t = 4
length(x) = 32
  0.000912 seconds (6.25 k allocations: 130.539 KiB)
t = 5
length(x) = 64
  0.001908 seconds (14.34 k allocations: 299.383 KiB)
t = 6
length(x) = 128
  0.003624 seconds (32.15 k allocations: 721.719 KiB)
t = 7
length(x) = 256
  0.007855 seconds (73.99 k allocations: 1.779 MiB)
t = 8
length(x) = 512
  0.020376 seconds (163.74 k allocations: 4.878 MiB)
t = 9
length(x) = 1024
  0.232131 seconds (358.75 k allocations: 14.751 MiB, 72.02% gc time)
t = 10
length(x) = 2048
  0.342696 seconds (780.08 k allocations: 49.822 MiB, 47.52% gc time)
t = 11
length(x) = 4096
  0.584708 seconds (1.68 M allocations: 184.632 MiB, 14.33% gc time)
t = 12
length(x) = 8192
  1.925389 seconds (3.62 M allocations: 729.018 MiB, 12.73% gc time)
t = 13
length(x) = 16384
  7.477074 seconds (7.74 M allocations: 2.916 GiB, 14.04% gc time)
Test Summary: | Pass  Total
FNT 1D        |   13     13
Test Summary:         | Pass  Total
FNT and NTT coherence |    1      1
Test Summary:      | Pass  Total
FNT 1D convolution |    1      1
Test Summary: | Pass  Total
FNT 2D        |    2      2
Test Summary:      | Pass  Total
FNT 2D convolution |    1      1
Test Summary: | Pass  Total
FNT in-place  |    4      4
Test Summary:                    | Pass  Total
FNT fails for non fermat modulus |    2      2
Test Summary:    | Pass  Total
isfermat() tests |    1      1
Test Summary:     | Pass  Total
modfermat() tests |   15     15
    Testing NumberTheoreticTransforms tests passed 
