Julia Version 1.5.2-pre.0
Commit c4acbf93fb (2020-08-26 10:58 UTC)
Platform Info:
  OS: Linux (x86_64-pc-linux-gnu)
  CPU: Intel(R) Xeon(R) Silver 4114 CPU @ 2.20GHz
  WORD_SIZE: 64
  LIBM: libopenlibm
  LLVM: libLLVM-9.0.1 (ORCJIT, skylake-avx512)
Environment:
  JULIA_DEPOT_PATH = ::/usr/local/share/julia
  JULIA_NUM_THREADS = 2

  Resolving package versions...
  Installed VectorizedRNG ─────── v0.1.12
  Installed OffsetArrays ──────── v1.1.2
  Installed PaddedMatrices ────── v0.1.10
  Installed SLEEFPirates ──────── v0.5.5
  Installed StackPointers ─────── v0.1.2
  Installed UnPack ────────────── v1.0.2
  Installed CpuId ─────────────── v0.2.2
  Installed VectorizationBase ─── v0.12.32
  Installed DocStringExtensions ─ v0.8.2
  Installed SIMDPirates ───────── v0.8.24
  Installed LoopVectorization ─── v0.8.24
Updating `~/.julia/environments/v1.5/Project.toml`
  [aaaacae8] + PaddedMatrices v0.1.10
Updating `~/.julia/environments/v1.5/Manifest.toml`
  [adafc99b] + CpuId v0.2.2
  [ffbed154] + DocStringExtensions v0.8.2
  [bdcacae8] + LoopVectorization v0.8.24
  [6fe1bfb0] + OffsetArrays v1.1.2
  [aaaacae8] + PaddedMatrices v0.1.10
  [21efa798] + SIMDPirates v0.8.24
  [476501e8] + SLEEFPirates v0.5.5
  [062a3e2c] + StackPointers v0.1.2
  [3a884ed6] + UnPack v1.0.2
  [3d5dd08c] + VectorizationBase v0.12.32
  [33b4df10] + VectorizedRNG v0.1.12
  [2a0f44e3] + Base64
  [ade2ca70] + Dates
  [8ba89e20] + Distributed
  [b77e0a4c] + InteractiveUtils
  [76f85450] + LibGit2
  [8f399da3] + Libdl
  [37e2e46d] + LinearAlgebra
  [56ddb016] + Logging
  [d6f4376e] + Markdown
  [44cfe95a] + Pkg
  [de0858da] + Printf
  [3fa0cd96] + REPL
  [9a3f8284] + Random
  [ea8e919c] + SHA
  [9e88b42a] + Serialization
  [6462fe0b] + Sockets
  [8dfed614] + Test
  [cf7118a7] + UUIDs
  [4ec0a83e] + Unicode
   Building SLEEFPirates → `~/.julia/packages/SLEEFPirates/jGsib/deps/build.log`
    Testing PaddedMatrices
Status `/tmp/jl_kBWunS/Project.toml`
  [bdcacae8] LoopVectorization v0.8.24
  [aaaacae8] PaddedMatrices v0.1.10
  [21efa798] SIMDPirates v0.8.24
  [476501e8] SLEEFPirates v0.5.5
  [062a3e2c] StackPointers v0.1.2
  [3d5dd08c] VectorizationBase v0.12.32
  [33b4df10] VectorizedRNG v0.1.12
  [37e2e46d] LinearAlgebra
  [9a3f8284] Random
  [8dfed614] Test
Status `/tmp/jl_kBWunS/Manifest.toml`
  [adafc99b] CpuId v0.2.2
  [ffbed154] DocStringExtensions v0.8.2
  [bdcacae8] LoopVectorization v0.8.24
  [6fe1bfb0] OffsetArrays v1.1.2
  [aaaacae8] PaddedMatrices v0.1.10
  [21efa798] SIMDPirates v0.8.24
  [476501e8] SLEEFPirates v0.5.5
  [062a3e2c] StackPointers v0.1.2
  [3a884ed6] UnPack v1.0.2
  [3d5dd08c] VectorizationBase v0.12.32
  [33b4df10] VectorizedRNG v0.1.12
  [2a0f44e3] Base64
  [ade2ca70] Dates
  [8ba89e20] Distributed
  [b77e0a4c] InteractiveUtils
  [76f85450] LibGit2
  [8f399da3] Libdl
  [37e2e46d] LinearAlgebra
  [56ddb016] Logging
  [d6f4376e] Markdown
  [44cfe95a] Pkg
  [de0858da] Printf
  [3fa0cd96] REPL
  [9a3f8284] Random
  [ea8e919c] SHA
  [9e88b42a] Serialization
  [6462fe0b] Sockets
  [8dfed614] Test
  [cf7118a7] UUIDs
  [4ec0a83e] Unicode
(T, #= /home/pkgeval/.julia/packages/PaddedMatrices/UQAJd/test/matmul_tests.jl:45 =# @__LINE__()) = (Float32, 45)
(s, blastime, bops) = (8, 1.246187821, 8.217059922623013e-7)
(s, pmtime_nn, pmops_nn, pmtime_nt, pmops_nt) = (8, 7.525292096, 1.3607445225206579e-7, 6.48478326, 1.5790813030195246e-7)
(s, pmtime_tn, pmops_tn, pmtime_tt, pmops_tt) = (8, 2.328130185, 4.3983794660520675e-7, 2.985150563, 3.4303127376292414e-7)
(s, blastime, bops) = (27, 1.6327e-5, 2.4110981809272984)
(s, pmtime_nn, pmops_nn, pmtime_nt, pmops_nt) = (27, 1.671e-5, 2.355834829443447, 6.559e-6, 6.0018295471870715)
(s, pmtime_tn, pmops_tn, pmtime_tt, pmops_tt) = (27, 2.8737e-5, 1.3698715941121204, 6.289e-6, 6.2595007155350615)
(s, blastime, bops) = (64, 3.9984e-5, 13.112444977991197)
(s, pmtime_nn, pmops_nn, pmtime_nt, pmops_nt) = (64, 1.568e-5, 33.436734693877554, 1.7703e-5, 29.61577133819127)
(s, pmtime_tn, pmops_tn, pmtime_tt, pmops_tt) = (64, 3.5856e-5, 14.622043730477468, 2.202e-5, 23.809627611262492)
(s, blastime, bops) = (125, 0.000460258, 8.487087676911646)
(s, pmtime_nn, pmops_nn, pmtime_nt, pmops_nt) = (125, 0.000193492, 20.18817315444566, 0.000254044, 15.376273401458016)
(s, pmtime_tn, pmops_tn, pmtime_tt, pmops_tt) = (125, 0.000145679, 26.81409125543146, 0.000157725, 24.766207005864636)
(s, blastime, bops) = (216, 0.000305704, 65.93107057807552)
(s, pmtime_nn, pmops_nn, pmtime_nt, pmops_nt) = (216, 0.000800961, 25.16401173090825, 0.00090854, 22.184374931208314)
(s, pmtime_tn, pmops_tn, pmtime_tt, pmops_tt) = (216, 0.000671916, 29.996892468701443, 0.000768305, 26.233581715594717)
(s, blastime, bops) = (343, 0.001696995, 47.558899112843584)
(s, pmtime_nn, pmops_nn, pmtime_nt, pmops_nt) = (343, 0.00326622, 24.70966866898127, 0.052016444, 1.5515711531530298)
(s, pmtime_tn, pmops_tn, pmtime_tt, pmops_tt) = (343, 0.003169262, 25.465617547555237, 0.023553141, 3.426600893698212)
(s, blastime, bops) = (512, 0.002756335, 97.38854529656228)
(s, pmtime_nn, pmops_nn, pmtime_nt, pmops_nt) = (512, 0.008067955, 33.271808779300336, 0.008614186, 31.16202227349166)
(s, pmtime_tn, pmops_tn, pmtime_tt, pmops_tt) = (512, 0.068518313, 3.9177184061726686, 0.009029617, 29.728332442007233)
(s, blastime, bops) = (729, 0.005815177, 133.24460768777976)
(s, pmtime_nn, pmops_nn, pmtime_nt, pmops_nt) = (729, 0.079017437, 9.805949261553499, 0.097830436, 7.920244554567865)
(s, pmtime_tn, pmops_tn, pmtime_tt, pmops_tt) = (729, 0.037923207, 20.43184211715006, 0.024727018, 31.33580353279963)
(s, blastime, bops) = (1000, 0.012610175, 158.6020812558113)
(s, pmtime_nn, pmops_nn, pmtime_nt, pmops_nt) = (1000, 0.171841324, 11.63864403186279, 0.058075449, 34.43796017831907)
(s, pmtime_tn, pmops_tn, pmtime_tt, pmops_tt) = (1000, 0.055884833, 35.787885417855684, 0.058684868, 34.08033566676848)
(s, blastime, bops) = (1331, 0.071095431, 66.33190509809273)
(s, pmtime_nn, pmops_nn, pmtime_nt, pmops_nt) = (1331, 0.277431125, 16.998436574122678, 0.135213547, 34.877388298969784)
(s, pmtime_tn, pmops_tn, pmtime_tt, pmops_tt) = (1331, 0.131746009, 35.795356669969415, 0.136519695, 34.54369995479407)
(s, blastime, bops) = (1728, 0.201878057, 51.11779287632039)
(s, pmtime_nn, pmops_nn, pmtime_nt, pmops_nt) = (1728, 0.341552064, 30.213726666280667, 0.274435062, 37.60292372554058)
(s, pmtime_tn, pmops_tn, pmtime_tt, pmops_tt) = (1728, 0.270644226, 38.12961708630725, 0.274963797, 37.53061609052482)
(s, blastime, bops) = (2197, 0.361367059, 58.691012968063596)
(s, pmtime_nn, pmops_nn, pmtime_nt, pmops_nt) = (2197, 0.62355193, 34.013203593163446, 0.570043735, 37.20591499176813)
(s, pmtime_tn, pmops_tn, pmtime_tt, pmops_tt) = (2197, 0.556223246, 38.13037103091517, 0.544029252, 38.985033742266495)
(s, blastime, bops) = (2744, 0.761313313, 54.277382074362855)
(s, pmtime_nn, pmops_nn, pmtime_nt, pmops_nt) = (2744, 1.190615112, 34.706508553034396, 1.02509276, 40.31058961727523)
(s, pmtime_tn, pmops_tn, pmtime_tt, pmops_tt) = (2744, 1.065591524, 38.77854941346174, 1.095443557, 37.72179160117147)
(s, blastime, bops) = (3375, 1.185330368, 64.865223085215)
(s, pmtime_nn, pmops_nn, pmtime_nt, pmops_nt) = (3375, 2.053075147, 37.449539468805426, 1.926286705, 39.91447303790637)
(s, pmtime_tn, pmops_tn, pmtime_tt, pmops_tt) = (3375, 1.934542516, 39.74413491256659, 1.968652783, 39.05549999164073)
 45.243922 seconds (2.42 M allocations: 1.568 GiB, 2.31% gc time)
(T, #= /home/pkgeval/.julia/packages/PaddedMatrices/UQAJd/test/matmul_tests.jl:45 =# @__LINE__()) = (Float64, 45)
(s, blastime, bops) = (8, 0.003186701, 0.0003213354500469294)
(s, pmtime_nn, pmops_nn, pmtime_nt, pmops_nt) = (8, 14.995133648, 6.828882116276288e-8, 15.571556539, 6.576092745996997e-8)
(s, pmtime_tn, pmops_tn, pmtime_tt, pmops_tt) = (8, 5.03858323, 2.0323173266307244e-7, 6.566479503, 1.5594353100960255e-7)
(s, blastime, bops) = (27, 3.8684e-5, 1.0176300279185193)
(s, pmtime_nn, pmops_nn, pmtime_nt, pmops_nt) = (27, 4.3063e-5, 0.9141490374567495, 2.284e-5, 1.723555166374781)
(s, pmtime_tn, pmops_tn, pmtime_tt, pmops_tt) = (27, 4.8121e-5, 0.8180628000249371, 2.4528e-5, 1.6049412915851273)
(s, blastime, bops) = (64, 6.4172e-5, 8.170043009412206)
(s, pmtime_nn, pmops_nn, pmtime_nt, pmops_nt) = (64, 2.7504e-5, 19.062245491564866, 4.652e-5, 11.270163370593293)
(s, pmtime_tn, pmops_tn, pmtime_tt, pmops_tt) = (64, 6.8342e-5, 7.671534341985894, 4.9377e-5, 10.618061040565447)
(s, blastime, bops) = (125, 0.000348342, 11.213835828008106)
(s, pmtime_nn, pmops_nn, pmtime_nt, pmops_nt) = (125, 0.000356385, 10.960758730025113, 0.000353732, 11.042964730360838)
(s, pmtime_tn, pmops_tn, pmtime_tt, pmops_tt) = (125, 0.000281305, 13.886173370540874, 0.000219866, 17.76650323378785)
(s, blastime, bops) = (216, 0.000789816, 25.519098119055577)
(s, pmtime_nn, pmops_nn, pmtime_nt, pmops_nt) = (216, 0.0012678, 15.897927117841933, 0.001154356, 17.46029127929339)
(s, pmtime_tn, pmops_tn, pmtime_tt, pmops_tt) = (216, 0.001406352, 14.331683675210758, 0.00144506, 13.947789019141075)
(s, blastime, bops) = (343, 0.00151371, 53.31748749760522)
(s, pmtime_nn, pmops_nn, pmtime_nt, pmops_nt) = (343, 0.00470824, 17.14169498581211, 0.018916158, 4.266575379630472)
(s, pmtime_tn, pmops_tn, pmtime_tt, pmops_tt) = (343, 0.00745112, 10.831554719290523, 0.007894692, 10.222971839813383)
(s, blastime, bops) = (512, 0.004936355, 54.37928512029625)
(s, pmtime_nn, pmops_nn, pmtime_nt, pmops_nt) = (512, 0.080539168, 3.3329802463318225, 0.017407113, 15.421021050417725)
(s, pmtime_tn, pmops_tn, pmtime_tt, pmops_tt) = (512, 0.091123207, 2.9458517192003573, 0.028144223, 9.537852794870195)
(s, blastime, bops) = (729, 0.009926757, 78.0558019099289)
(s, pmtime_nn, pmops_nn, pmtime_nt, pmops_nt) = (729, 0.131065403, 5.9118650709066225, 0.051590911, 15.01894351119328)
(s, pmtime_tn, pmops_tn, pmtime_tt, pmops_tt) = (729, 0.047246297, 16.400036134048772, 0.0546519, 14.177750050775911)
(s, blastime, bops) = (1000, 0.078151786, 25.59122577185888)
(s, pmtime_nn, pmops_nn, pmtime_nt, pmops_nt) = (1000, 0.273164906, 7.321584713374565, 0.129861476, 15.401026244303583)
(s, pmtime_tn, pmops_tn, pmtime_tt, pmops_tt) = (1000, 0.113822029, 17.5712910547395, 0.113759951, 17.580879583888006)
(s, blastime, bops) = (1331, 0.110693232, 42.60328564622632)
(s, pmtime_nn, pmops_nn, pmtime_nt, pmops_nt) = (1331, 0.392274484, 12.021927436911753, 0.254075405, 18.561007044345754)
(s, pmtime_tn, pmops_tn, pmtime_tt, pmops_tt) = (1331, 0.251229069, 18.77129665277707, 0.250801233, 18.803318171884744)
(s, blastime, bops) = (1728, 0.399651526, 25.821396973722557)
(s, pmtime_nn, pmops_nn, pmtime_nt, pmops_nt) = (1728, 0.682610044, 15.117797920945916, 0.545732058, 18.909573943336127)
(s, pmtime_tn, pmops_tn, pmtime_tt, pmops_tt) = (1728, 0.531188444, 19.427306487111757, 0.56381713, 18.30302797646464)
(s, blastime, bops) = (2197, 0.842792237, 25.165156743132176)
(s, pmtime_nn, pmops_nn, pmtime_nt, pmops_nt) = (2197, 1.22575399, 17.302818444017465, 1.136666724, 18.658942237144267)
(s, pmtime_tn, pmops_tn, pmtime_tt, pmops_tt) = (2197, 1.120198319, 18.933253501873896, 1.136072485, 18.668702064375765)
(s, blastime, bops) = (2744, 1.261306726, 32.76133609391377)
(s, pmtime_nn, pmops_nn, pmtime_nt, pmops_nt) = (2744, 2.465628075, 16.759256591446785, 2.201722093, 18.768078723185162)
(s, pmtime_tn, pmops_tn, pmtime_tt, pmops_tt) = (2744, 2.231152015, 18.520519126528452, 2.21746247, 18.63485588912808)
(s, blastime, bops) = (3375, 2.95367895, 26.03083139756946)
(s, pmtime_nn, pmops_nn, pmtime_nt, pmops_nt) = (3375, 4.382509173, 17.543994938718637, 4.238023045, 18.14211908090273)
(s, pmtime_tn, pmops_tn, pmtime_tt, pmops_tt) = (3375, 4.233123782, 18.163116107527046, 4.200751285, 18.303087598769846)
 87.888932 seconds (38.19 M allocations: 5.100 GiB, 2.22% gc time)
(T, #= /home/pkgeval/.julia/packages/PaddedMatrices/UQAJd/test/matmul_tests.jl:45 =# @__LINE__()) = (Int32, 45)
(s, blastime, bops) = (8, 1.686006418, 6.073523736728741e-7)
(s, pmtime_nn, pmops_nn, pmtime_nt, pmops_nt) = (8, 17.035967108, 6.01081226271642e-8, 14.43563202, 7.093558484874707e-8)
(s, pmtime_tn, pmops_tn, pmtime_tt, pmops_tt) = (8, 5.001489837, 2.0473899445414388e-7, 6.47617458, 1.5811803516884192e-7)
(s, blastime, bops) = (27, 5.6238e-5, 0.6999893310572922)
(s, pmtime_nn, pmops_nn, pmtime_nt, pmops_nt) = (27, 9.427e-6, 4.175877797814787, 1.8587e-5, 2.117931887878625)
(s, pmtime_tn, pmops_tn, pmtime_tt, pmops_tt) = (27, 1.1355e-5, 3.4668428005284015, 6.796e-6, 5.792525014714538)
(s, blastime, bops) = (64, 0.000781959, 0.670480165839897)
(s, pmtime_nn, pmops_nn, pmtime_nt, pmops_nt) = (64, 5.8039e-5, 9.033374110511899, 2.7341e-5, 19.17588968947734)
(s, pmtime_tn, pmops_tn, pmtime_tt, pmops_tt) = (64, 3.7882e-5, 13.840029565492847, 3.1903e-5, 16.433815001723975)
(s, blastime, bops) = (125, 0.00281293, 1.3886765756702086)
(s, pmtime_nn, pmops_nn, pmtime_nt, pmops_nt) = (125, 0.000278684, 14.016771684057929, 0.000269021, 14.520241914200007)
(s, pmtime_tn, pmops_tn, pmtime_tt, pmops_tt) = (125, 0.000245152, 15.933991972327373, 0.000239011, 16.34339005317747)
(s, blastime, bops) = (216, 0.014065967, 1.4329190449543925)
(s, pmtime_nn, pmops_nn, pmtime_nt, pmops_nt) = (216, 0.001181984, 17.052169910929422, 0.001206413, 16.70687567192993)
(s, pmtime_tn, pmops_tn, pmtime_tt, pmops_tt) = (216, 0.001119985, 17.996126733840185, 0.001043727, 19.310980744964922)
(s, blastime, bops) = (343, 0.055306832, 1.4592630075069206)
(s, pmtime_nn, pmops_nn, pmtime_nt, pmops_nt) = (343, 0.004195213, 19.237929993065908, 0.004613737, 17.4928076741262)
(s, pmtime_tn, pmops_tn, pmtime_tt, pmops_tt) = (343, 0.004192342, 19.251104513897005, 0.00445469, 18.117358110216426)
(s, blastime, bops) = (512, 0.185774408, 1.4449539034461625)
(s, pmtime_nn, pmops_nn, pmtime_nt, pmops_nt) = (512, 0.013243063, 20.269891942672178, 0.013555052, 19.80335125235964)
(s, pmtime_tn, pmops_tn, pmtime_tt, pmops_tt) = (512, 0.013640421, 19.6794113612769, 0.013340658, 20.121605396075665)
(s, blastime, bops) = (729, 0.572500383, 1.3534331172665786)
(s, pmtime_nn, pmops_nn, pmtime_nt, pmops_nt) = (729, 0.039201257, 19.76571766563506, 0.040062914, 19.340604580086215)
(s, pmtime_tn, pmops_tn, pmtime_tt, pmops_tt) = (729, 0.038985694, 19.875007945222166, 0.039990618, 19.375568989706537)
(s, blastime, bops) = (1000, 1.530751641, 1.3065476765998776)
(s, pmtime_nn, pmops_nn, pmtime_nt, pmops_nt) = (1000, 0.09764394, 20.482581919574322, 0.099220416, 20.157141852741272)
(s, pmtime_tn, pmops_tn, pmtime_tt, pmops_tt) = (1000, 0.102079818, 19.592511420817775, 0.105755276, 18.911586028105113)
 48.401118 seconds (41.75 M allocations: 2.394 GiB, 2.01% gc time)
(T, #= /home/pkgeval/.julia/packages/PaddedMatrices/UQAJd/test/matmul_tests.jl:45 =# @__LINE__()) = (Int64, 45)
(s, blastime, bops) = (8, 1.203789345, 8.506471703319489e-7)
(s, pmtime_nn, pmops_nn, pmtime_nt, pmops_nt) = (8, 14.715798327, 6.958507973850136e-8, 12.862580916, 7.961077226159391e-8)
(s, pmtime_tn, pmops_tn, pmtime_tt, pmops_tt) = (8, 4.463235149, 2.2942999098522293e-7, 5.599075846, 1.8288732429505297e-7)
(s, blastime, bops) = (27, 4.604e-5, 0.8550390964378801)
(s, pmtime_nn, pmops_nn, pmtime_nt, pmops_nt) = (27, 2.9247e-5, 1.3459842035080523, 9.856e-6, 3.99411525974026)
(s, pmtime_tn, pmops_tn, pmtime_tt, pmops_tt) = (27, 1.9238e-5, 2.0462626052604223, 1.2438e-5, 3.1649782923299568)
(s, blastime, bops) = (64, 0.000579306, 0.9050277400890031)
(s, pmtime_nn, pmops_nn, pmtime_nt, pmops_nt) = (64, 0.000108979, 4.810908523660522, 7.4658e-5, 7.0225294007340135)
(s, pmtime_tn, pmops_tn, pmtime_tt, pmops_tt) = (64, 0.000100771, 5.2027666689821475, 8.0764e-5, 6.4916051706205735)
(s, blastime, bops) = (125, 0.002883746, 1.354574917485798)
(s, pmtime_nn, pmops_nn, pmtime_nt, pmops_nt) = (125, 0.000664943, 5.874563684406032, 0.000688839, 5.6707735769896885)
(s, pmtime_tn, pmops_tn, pmtime_tt, pmops_tt) = (125, 0.000612332, 6.3793007714769105, 0.000606917, 6.43621780243427)
(s, blastime, bops) = (216, 0.015227946, 1.3235791616282329)
(s, pmtime_nn, pmops_nn, pmtime_nt, pmops_nt) = (216, 0.002827326, 7.128782460883535, 0.002834691, 7.110260695081052)
(s, pmtime_tn, pmops_tn, pmtime_tt, pmops_tt) = (216, 0.003015103, 6.684810435995057, 0.003310561, 6.088210427175334)
(s, blastime, bops) = (343, 0.05824615, 1.3856231527749046)
(s, pmtime_nn, pmops_nn, pmtime_nt, pmops_nt) = (343, 0.011466036, 7.038806959964193, 0.011899046, 6.78266257647882)
(s, pmtime_tn, pmops_tn, pmtime_tt, pmops_tt) = (343, 0.011925634, 6.767540744584314, 0.01223285, 6.5975806128580015)
(s, blastime, bops) = (512, 0.202484127, 1.325711106234021)
(s, pmtime_nn, pmops_nn, pmtime_nt, pmops_nt) = (512, 0.039047545, 6.874579592647886, 0.040052403, 6.7021061383008655)
(s, pmtime_tn, pmops_tn, pmtime_tt, pmops_tt) = (512, 0.039483691, 6.798641393480666, 0.040411521, 6.642547703166135)
(s, blastime, bops) = (729, 0.638038504, 1.2144110004997444)
(s, pmtime_nn, pmops_nn, pmtime_nt, pmops_nt) = (729, 0.130476107, 5.938566039527835, 0.134556756, 5.758469518988702)
(s, pmtime_tn, pmops_tn, pmtime_tt, pmops_tt) = (729, 0.124831189, 6.207110452180345, 0.117437605, 6.597894924713426)
(s, blastime, bops) = (1000, 1.651179883, 1.2112550671137265)
(s, pmtime_nn, pmops_nn, pmtime_nt, pmops_nt) = (1000, 0.292370716, 6.840630372844865, 0.287671845, 6.952366158738962)
(s, pmtime_tn, pmops_tn, pmtime_tt, pmops_tt) = (1000, 0.285120321, 7.014582450613894, 0.288086736, 6.942353638940183)
 44.056619 seconds (41.65 M allocations: 2.485 GiB, 1.53% gc time)
(M, K, N, time) = (2, 2, 2, 2.302361958)
(M, K, N, time) = (2, 2, 2, 0.084746356)
(M, K, N, time) = (2, 2, 2, 0.158894719)
(M, K, N, time) = (2, 2, 2, 0.073976498)
(M, K, N, time) = (2, 2, 3, 0.417232289)
(M, K, N, time) = (2, 2, 3, 0.092644578)
(M, K, N, time) = (2, 2, 3, 0.082870168)
(M, K, N, time) = (2, 2, 3, 0.084668396)
(M, K, N, time) = (2, 2, 4, 0.477399285)
(M, K, N, time) = (2, 2, 4, 0.097387533)
(M, K, N, time) = (2, 2, 4, 0.088609062)
(M, K, N, time) = (2, 2, 4, 0.090620759)
(M, K, N, time) = (2, 2, 5, 0.465095018)
(M, K, N, time) = (2, 2, 5, 0.113467022)
(M, K, N, time) = (2, 2, 5, 0.120171259)
(M, K, N, time) = (2, 2, 5, 0.102640938)
(M, K, N, time) = (2, 2, 6, 0.445607557)
(M, K, N, time) = (2, 2, 6, 0.123880073)
(M, K, N, time) = (2, 2, 6, 0.110545399)
(M, K, N, time) = (2, 2, 6, 0.167270683)
(M, K, N, time) = (2, 2, 7, 0.449471962)
(M, K, N, time) = (2, 2, 7, 0.131549359)
(M, K, N, time) = (2, 2, 7, 0.114575513)
(M, K, N, time) = (2, 2, 7, 0.128074272)
(M, K, N, time) = (2, 3, 2, 0.071529141)
(M, K, N, time) = (2, 3, 2, 0.065970647)
(M, K, N, time) = (2, 3, 2, 0.092927146)
(M, K, N, time) = (2, 3, 2, 0.081146483)
(M, K, N, time) = (2, 3, 3, 0.10113235)
(M, K, N, time) = (2, 3, 3, 0.090289583)
(M, K, N, time) = (2, 3, 3, 0.089626802)
(M, K, N, time) = (2, 3, 3, 0.089009969)
(M, K, N, time) = (2, 3, 4, 0.209469915)
(M, K, N, time) = (2, 3, 4, 0.101584284)
(M, K, N, time) = (2, 3, 4, 0.103144921)
(M, K, N, time) = (2, 3, 4, 0.103072215)
(M, K, N, time) = (2, 3, 5, 0.147045822)
(M, K, N, time) = (2, 3, 5, 0.11778437)
(M, K, N, time) = (2, 3, 5, 0.110353926)
(M, K, N, time) = (2, 3, 5, 0.112780298)
(M, K, N, time) = (2, 3, 6, 0.137253907)
(M, K, N, time) = (2, 3, 6, 0.196221777)
(M, K, N, time) = (2, 3, 6, 0.204874722)
(M, K, N, time) = (2, 3, 6, 0.19452603)
(M, K, N, time) = (2, 3, 7, 0.148055232)
(M, K, N, time) = (2, 3, 7, 0.133200567)
(M, K, N, time) = (2, 3, 7, 0.137162737)
(M, K, N, time) = (2, 3, 7, 0.134453297)
(M, K, N, time) = (2, 4, 2, 0.087643028)
(M, K, N, time) = (2, 4, 2, 0.07772604)
(M, K, N, time) = (2, 4, 2, 0.100267599)
(M, K, N, time) = (2, 4, 2, 0.087119167)
(M, K, N, time) = (2, 4, 3, 0.145554184)
(M, K, N, time) = (2, 4, 3, 0.14416126)
(M, K, N, time) = (2, 4, 3, 0.147451744)
(M, K, N, time) = (2, 4, 3, 0.118826534)
(M, K, N, time) = (2, 4, 4, 0.12303491)
(M, K, N, time) = (2, 4, 4, 0.111108549)
(M, K, N, time) = (2, 4, 4, 0.124810391)
(M, K, N, time) = (2, 4, 4, 0.119406634)
(M, K, N, time) = (2, 4, 5, 0.172713907)
(M, K, N, time) = (2, 4, 5, 0.189009129)
(M, K, N, time) = (2, 4, 5, 0.19423418)
(M, K, N, time) = (2, 4, 5, 0.183503229)
(M, K, N, time) = (2, 4, 6, 0.154830098)
(M, K, N, time) = (2, 4, 6, 0.152565253)
(M, K, N, time) = (2, 4, 6, 0.140924825)
(M, K, N, time) = (2, 4, 6, 0.136510508)
(M, K, N, time) = (2, 4, 7, 0.167277026)
(M, K, N, time) = (2, 4, 7, 0.149764251)
(M, K, N, time) = (2, 4, 7, 0.156705338)
(M, K, N, time) = (2, 4, 7, 0.189606455)
(M, K, N, time) = (2, 5, 2, 0.114953654)
(M, K, N, time) = (2, 5, 2, 0.096738676)
(M, K, N, time) = (2, 5, 2, 0.170473633)
(M, K, N, time) = (2, 5, 2, 0.167824977)
(M, K, N, time) = (2, 5, 3, 0.119107759)
(M, K, N, time) = (2, 5, 3, 0.105509935)
(M, K, N, time) = (2, 5, 3, 0.130755189)
(M, K, N, time) = (2, 5, 3, 0.109159087)
(M, K, N, time) = (2, 5, 4, 0.136233198)
(M, K, N, time) = (2, 5, 4, 0.123695532)
(M, K, N, time) = (2, 5, 4, 0.125113996)
(M, K, N, time) = (2, 5, 4, 0.123961771)
(M, K, N, time) = (2, 5, 5, 0.147771028)
(M, K, N, time) = (2, 5, 5, 0.142201678)
(M, K, N, time) = (2, 5, 5, 0.142737425)
(M, K, N, time) = (2, 5, 5, 0.135883217)
(M, K, N, time) = (2, 5, 6, 0.164588371)
(M, K, N, time) = (2, 5, 6, 0.15118888)
(M, K, N, time) = (2, 5, 6, 0.214155544)
(M, K, N, time) = (2, 5, 6, 0.171381193)
(M, K, N, time) = (2, 5, 7, 0.19457826)
(M, K, N, time) = (2, 5, 7, 0.125039497)
(M, K, N, time) = (2, 5, 7, 0.249548493)
(M, K, N, time) = (2, 5, 7, 0.172930627)
(M, K, N, time) = (2, 6, 2, 0.120697303)
(M, K, N, time) = (2, 6, 2, 0.10787543)
(M, K, N, time) = (2, 6, 2, 0.171527258)
(M, K, N, time) = (2, 6, 2, 0.146623611)
(M, K, N, time) = (2, 6, 3, 0.140037831)
(M, K, N, time) = (2, 6, 3, 0.117088485)
(M, K, N, time) = (2, 6, 3, 0.125452836)
(M, K, N, time) = (2, 6, 3, 0.126006203)
(M, K, N, time) = (2, 6, 4, 0.143831502)
(M, K, N, time) = (2, 6, 4, 0.1305569)
(M, K, N, time) = (2, 6, 4, 0.18637635)
(M, K, N, time) = (2, 6, 4, 0.135757851)
(M, K, N, time) = (2, 6, 5, 0.167403091)
(M, K, N, time) = (2, 6, 5, 0.152796683)
(M, K, N, time) = (2, 6, 5, 0.217117628)
(M, K, N, time) = (2, 6, 5, 0.199569895)
(M, K, N, time) = (2, 6, 6, 0.276361264)
(M, K, N, time) = (2, 6, 6, 0.128056987)
(M, K, N, time) = (2, 6, 6, 0.283853633)
(M, K, N, time) = (2, 6, 6, 0.174379579)
(M, K, N, time) = (2, 6, 7, 0.227986454)
(M, K, N, time) = (2, 6, 7, 0.184141189)
(M, K, N, time) = (2, 6, 7, 0.190107994)
(M, K, N, time) = (2, 6, 7, 0.201682409)
(M, K, N, time) = (2, 7, 2, 0.156832695)
(M, K, N, time) = (2, 7, 2, 0.113307363)
(M, K, N, time) = (2, 7, 2, 0.190831782)
(M, K, N, time) = (2, 7, 2, 0.167922745)
(M, K, N, time) = (2, 7, 3, 0.140287218)
(M, K, N, time) = (2, 7, 3, 0.186967429)
(M, K, N, time) = (2, 7, 3, 0.130522336)
(M, K, N, time) = (2, 7, 3, 0.12937721)
(M, K, N, time) = (2, 7, 4, 0.156238493)
(M, K, N, time) = (2, 7, 4, 0.159760681)
(M, K, N, time) = (2, 7, 4, 0.150371204)
(M, K, N, time) = (2, 7, 4, 0.186149147)
(M, K, N, time) = (2, 7, 5, 0.195999101)
(M, K, N, time) = (2, 7, 5, 0.157963494)
(M, K, N, time) = (2, 7, 5, 0.166134201)
(M, K, N, time) = (2, 7, 5, 0.185312375)
(M, K, N, time) = (2, 7, 6, 0.297675054)
(M, K, N, time) = (2, 7, 6, 0.155235884)
(M, K, N, time) = (2, 7, 6, 0.203485282)
(M, K, N, time) = (2, 7, 6, 0.149208195)
(M, K, N, time) = (2, 7, 7, 0.176466693)
(M, K, N, time) = (2, 7, 7, 0.130405596)
(M, K, N, time) = (2, 7, 7, 0.189404968)
(M, K, N, time) = (2, 7, 7, 0.151061932)
(M, K, N, time) = (3, 2, 2, 0.614120711)
(M, K, N, time) = (3, 2, 2, 0.117930473)
(M, K, N, time) = (3, 2, 2, 0.12026445)
(M, K, N, time) = (3, 2, 2, 0.11883137)
(M, K, N, time) = (3, 2, 3, 0.569477137)
(M, K, N, time) = (3, 2, 3, 0.082177965)
(M, K, N, time) = (3, 2, 3, 0.085516656)
(M, K, N, time) = (3, 2, 3, 0.085127592)
(M, K, N, time) = (3, 2, 4, 0.407813586)
(M, K, N, time) = (3, 2, 4, 0.094518133)
(M, K, N, time) = (3, 2, 4, 0.097145625)
(M, K, N, time) = (3, 2, 4, 0.096508922)
(M, K, N, time) = (3, 2, 5, 0.394792871)
(M, K, N, time) = (3, 2, 5, 0.127296414)
(M, K, N, time) = (3, 2, 5, 0.134285993)
(M, K, N, time) = (3, 2, 5, 0.15585049)
(M, K, N, time) = (3, 2, 6, 0.486576667)
(M, K, N, time) = (3, 2, 6, 0.11417326)
(M, K, N, time) = (3, 2, 6, 0.116778651)
(M, K, N, time) = (3, 2, 6, 0.165981753)
(M, K, N, time) = (3, 2, 7, 0.409485769)
(M, K, N, time) = (3, 2, 7, 0.131104148)
(M, K, N, time) = (3, 2, 7, 0.131497402)
(M, K, N, time) = (3, 2, 7, 0.117946526)
(M, K, N, time) = (3, 3, 2, 0.08925888)
(M, K, N, time) = (3, 3, 2, 0.086416398)
(M, K, N, time) = (3, 3, 2, 0.11125215)
(M, K, N, time) = (3, 3, 2, 0.101361833)
(M, K, N, time) = (3, 3, 3, 0.091311131)
(M, K, N, time) = (3, 3, 3, 0.090908424)
(M, K, N, time) = (3, 3, 3, 0.099139177)
(M, K, N, time) = (3, 3, 3, 0.094549249)
(M, K, N, time) = (3, 3, 4, 0.105593335)
(M, K, N, time) = (3, 3, 4, 0.10449618)
(M, K, N, time) = (3, 3, 4, 0.107473571)
(M, K, N, time) = (3, 3, 4, 0.106058595)
(M, K, N, time) = (3, 3, 5, 0.115605489)
(M, K, N, time) = (3, 3, 5, 0.114157514)
(M, K, N, time) = (3, 3, 5, 0.123787096)
(M, K, N, time) = (3, 3, 5, 0.169556033)
(M, K, N, time) = (3, 3, 6, 0.167108281)
(M, K, N, time) = (3, 3, 6, 0.14567722)
(M, K, N, time) = (3, 3, 6, 0.134528225)
(M, K, N, time) = (3, 3, 6, 0.128561731)
(M, K, N, time) = (3, 3, 7, 0.193862345)
(M, K, N, time) = (3, 3, 7, 0.154360024)
(M, K, N, time) = (3, 3, 7, 0.137844296)
(M, K, N, time) = (3, 3, 7, 0.135735151)
(M, K, N, time) = (3, 4, 2, 0.111199935)
(M, K, N, time) = (3, 4, 2, 0.097865764)
(M, K, N, time) = (3, 4, 2, 0.116720623)
(M, K, N, time) = (3, 4, 2, 0.114914699)
(M, K, N, time) = (3, 4, 3, 0.104238602)
(M, K, N, time) = (3, 4, 3, 0.10634616)
(M, K, N, time) = (3, 4, 3, 0.124897307)
(M, K, N, time) = (3, 4, 3, 0.121900453)
(M, K, N, time) = (3, 4, 4, 0.123398265)
(M, K, N, time) = (3, 4, 4, 0.136397597)
(M, K, N, time) = (3, 4, 4, 0.117927926)
(M, K, N, time) = (3, 4, 4, 0.113587354)
(M, K, N, time) = (3, 4, 5, 0.133046604)
(M, K, N, time) = (3, 4, 5, 0.126167332)
(M, K, N, time) = (3, 4, 5, 0.130828793)
(M, K, N, time) = (3, 4, 5, 0.129226749)
(M, K, N, time) = (3, 4, 6, 0.145948352)
(M, K, N, time) = (3, 4, 6, 0.145059405)
(M, K, N, time) = (3, 4, 6, 0.17406302)
(M, K, N, time) = (3, 4, 6, 0.145997245)
(M, K, N, time) = (3, 4, 7, 0.162376358)
(M, K, N, time) = (3, 4, 7, 0.223199565)
(M, K, N, time) = (3, 4, 7, 0.16509168)
(M, K, N, time) = (3, 4, 7, 0.155412658)
(M, K, N, time) = (3, 5, 2, 0.11385396)
(M, K, N, time) = (3, 5, 2, 0.108511071)
(M, K, N, time) = (3, 5, 2, 0.129882282)
(M, K, N, time) = (3, 5, 2, 0.123855047)
(M, K, N, time) = (3, 5, 3, 0.11222194)
(M, K, N, time) = (3, 5, 3, 0.107648133)
(M, K, N, time) = (3, 5, 3, 0.118907174)
(M, K, N, time) = (3, 5, 3, 0.113811434)
(M, K, N, time) = (3, 5, 4, 0.148074256)
(M, K, N, time) = (3, 5, 4, 0.134671952)
(M, K, N, time) = (3, 5, 4, 0.130272433)
(M, K, N, time) = (3, 5, 4, 0.129358218)
(M, K, N, time) = (3, 5, 5, 0.144512857)
(M, K, N, time) = (3, 5, 5, 0.139447505)
(M, K, N, time) = (3, 5, 5, 0.145697576)
(M, K, N, time) = (3, 5, 5, 0.140279785)
(M, K, N, time) = (3, 5, 6, 0.167697779)
(M, K, N, time) = (3, 5, 6, 0.156786187)
(M, K, N, time) = (3, 5, 6, 0.164514844)
(M, K, N, time) = (3, 5, 6, 0.160407883)
(M, K, N, time) = (3, 5, 7, 0.236689027)
(M, K, N, time) = (3, 5, 7, 0.167871854)
(M, K, N, time) = (3, 5, 7, 0.183058801)
(M, K, N, time) = (3, 5, 7, 0.174344839)
(M, K, N, time) = (3, 6, 2, 0.140462383)
(M, K, N, time) = (3, 6, 2, 0.135633781)
(M, K, N, time) = (3, 6, 2, 0.146827478)
(M, K, N, time) = (3, 6, 2, 0.142132288)
(M, K, N, time) = (3, 6, 3, 0.130923021)
(M, K, N, time) = (3, 6, 3, 0.120344189)
(M, K, N, time) = (3, 6, 3, 0.129387205)
(M, K, N, time) = (3, 6, 3, 0.121552815)
(M, K, N, time) = (3, 6, 4, 0.141153335)
(M, K, N, time) = (3, 6, 4, 0.13974387)
(M, K, N, time) = (3, 6, 4, 0.142281108)
(M, K, N, time) = (3, 6, 4, 0.140508649)
(M, K, N, time) = (3, 6, 5, 0.178574232)
(M, K, N, time) = (3, 6, 5, 0.15884255)
(M, K, N, time) = (3, 6, 5, 0.160370335)
(M, K, N, time) = (3, 6, 5, 0.167125436)
(M, K, N, time) = (3, 6, 6, 0.190020433)
(M, K, N, time) = (3, 6, 6, 0.17974373)
(M, K, N, time) = (3, 6, 6, 0.252604901)
(M, K, N, time) = (3, 6, 6, 0.182799713)
(M, K, N, time) = (3, 6, 7, 0.206780587)
(M, K, N, time) = (3, 6, 7, 0.186442894)
(M, K, N, time) = (3, 6, 7, 0.19947462)
(M, K, N, time) = (3, 6, 7, 0.22403468)
(M, K, N, time) = (3, 7, 2, 0.138788629)
(M, K, N, time) = (3, 7, 2, 0.147705403)
(M, K, N, time) = (3, 7, 2, 0.162653099)
(M, K, N, time) = (3, 7, 2, 0.193547933)
(M, K, N, time) = (3, 7, 3, 0.226036658)
(M, K, N, time) = (3, 7, 3, 0.142944983)
(M, K, N, time) = (3, 7, 3, 0.164380419)
(M, K, N, time) = (3, 7, 3, 0.163062527)
(M, K, N, time) = (3, 7, 4, 0.212773792)
(M, K, N, time) = (3, 7, 4, 0.153450076)
(M, K, N, time) = (3, 7, 4, 0.159109901)
(M, K, N, time) = (3, 7, 4, 0.143919643)
(M, K, N, time) = (3, 7, 5, 0.178931407)
(M, K, N, time) = (3, 7, 5, 0.168845083)
(M, K, N, time) = (3, 7, 5, 0.186874231)
(M, K, N, time) = (3, 7, 5, 0.255471469)
(M, K, N, time) = (3, 7, 6, 0.249670265)
(M, K, N, time) = (3, 7, 6, 0.191586343)
(M, K, N, time) = (3, 7, 6, 0.210086697)
(M, K, N, time) = (3, 7, 6, 0.19370258)
(M, K, N, time) = (3, 7, 7, 0.281144918)
(M, K, N, time) = (3, 7, 7, 0.299489432)
(M, K, N, time) = (3, 7, 7, 0.314769313)
(M, K, N, time) = (3, 7, 7, 0.2987828)
(M, K, N, time) = (4, 2, 2, 0.789882209)
(M, K, N, time) = (4, 2, 2, 0.081570166)
(M, K, N, time) = (4, 2, 2, 0.138081004)
(M, K, N, time) = (4, 2, 2, 0.132645105)
(M, K, N, time) = (4, 2, 3, 0.490634333)
(M, K, N, time) = (4, 2, 3, 0.070225738)
(M, K, N, time) = (4, 2, 3, 0.111918273)
(M, K, N, time) = (4, 2, 3, 0.095503524)
(M, K, N, time) = (4, 2, 4, 0.424831898)
(M, K, N, time) = (4, 2, 4, 0.076695606)
(M, K, N, time) = (4, 2, 4, 0.100625241)
(M, K, N, time) = (4, 2, 4, 0.093768567)
(M, K, N, time) = (4, 2, 5, 0.405185036)
(M, K, N, time) = (4, 2, 5, 0.099144186)
(M, K, N, time) = (4, 2, 5, 0.104449819)
(M, K, N, time) = (4, 2, 5, 0.106263667)
(M, K, N, time) = (4, 2, 6, 0.604705182)
(M, K, N, time) = (4, 2, 6, 0.154663513)
(M, K, N, time) = (4, 2, 6, 0.162970921)
(M, K, N, time) = (4, 2, 6, 0.163988864)
(M, K, N, time) = (4, 2, 7, 0.60435102)
(M, K, N, time) = (4, 2, 7, 0.182786778)
(M, K, N, time) = (4, 2, 7, 0.178892667)
(M, K, N, time) = (4, 2, 7, 0.174474227)
(M, K, N, time) = (4, 3, 2, 0.10413062)
(M, K, N, time) = (4, 3, 2, 0.099187868)
(M, K, N, time) = (4, 3, 2, 0.152113925)
(M, K, N, time) = (4, 3, 2, 0.12355567)
(M, K, N, time) = (4, 3, 3, 0.089029028)
(M, K, N, time) = (4, 3, 3, 0.088913568)
(M, K, N, time) = (4, 3, 3, 0.100067378)
(M, K, N, time) = (4, 3, 3, 0.090133448)
(M, K, N, time) = (4, 3, 4, 0.171252556)
(M, K, N, time) = (4, 3, 4, 0.102971789)
(M, K, N, time) = (4, 3, 4, 0.101093461)
(M, K, N, time) = (4, 3, 4, 0.102016024)
(M, K, N, time) = (4, 3, 5, 0.114359462)
(M, K, N, time) = (4, 3, 5, 0.159197294)
(M, K, N, time) = (4, 3, 5, 0.11882117)
(M, K, N, time) = (4, 3, 5, 0.115813244)
(M, K, N, time) = (4, 3, 6, 0.122277319)
(M, K, N, time) = (4, 3, 6, 0.129041262)
(M, K, N, time) = (4, 3, 6, 0.148323978)
(M, K, N, time) = (4, 3, 6, 0.152841868)
(M, K, N, time) = (4, 3, 7, 0.17879982)
(M, K, N, time) = (4, 3, 7, 0.166172196)
(M, K, N, time) = (4, 3, 7, 0.136699781)
(M, K, N, time) = (4, 3, 7, 0.132397882)
(M, K, N, time) = (4, 4, 2, 0.088599841)
(M, K, N, time) = (4, 4, 2, 0.081790035)
(M, K, N, time) = (4, 4, 2, 0.112103016)
(M, K, N, time) = (4, 4, 2, 0.136125031)
(M, K, N, time) = (4, 4, 3, 0.129602777)
(M, K, N, time) = (4, 4, 3, 0.165990211)
(M, K, N, time) = (4, 4, 3, 0.109545065)
(M, K, N, time) = (4, 4, 3, 0.098780602)
(M, K, N, time) = (4, 4, 4, 0.123032564)
(M, K, N, time) = (4, 4, 4, 0.126697488)
(M, K, N, time) = (4, 4, 4, 0.112451294)
(M, K, N, time) = (4, 4, 4, 0.117787177)
(M, K, N, time) = (4, 4, 5, 0.152594548)
(M, K, N, time) = (4, 4, 5, 0.15789212)
(M, K, N, time) = (4, 4, 5, 0.181972766)
(M, K, N, time) = (4, 4, 5, 0.166298057)
(M, K, N, time) = (4, 4, 6, 0.16289038)
(M, K, N, time) = (4, 4, 6, 0.154985948)
(M, K, N, time) = (4, 4, 6, 0.14408782)
(M, K, N, time) = (4, 4, 6, 0.141065614)
(M, K, N, time) = (4, 4, 7, 0.197829166)
(M, K, N, time) = (4, 4, 7, 0.203059784)
(M, K, N, time) = (4, 4, 7, 0.15743657)
(M, K, N, time) = (4, 4, 7, 0.221874696)
(M, K, N, time) = (4, 5, 2, 0.114224989)
(M, K, N, time) = (4, 5, 2, 0.104639317)
(M, K, N, time) = (4, 5, 2, 0.130921648)
(M, K, N, time) = (4, 5, 2, 0.139246063)
(M, K, N, time) = (4, 5, 3, 0.144407083)
(M, K, N, time) = (4, 5, 3, 0.140942679)
(M, K, N, time) = (4, 5, 3, 0.124098656)
(M, K, N, time) = (4, 5, 3, 0.115213929)
(M, K, N, time) = (4, 5, 4, 0.154561268)
(M, K, N, time) = (4, 5, 4, 0.146380428)
(M, K, N, time) = (4, 5, 4, 0.130712738)
(M, K, N, time) = (4, 5, 4, 0.127383811)
(M, K, N, time) = (4, 5, 5, 0.181151265)
(M, K, N, time) = (4, 5, 5, 0.177587942)
(M, K, N, time) = (4, 5, 5, 0.1465009)
(M, K, N, time) = (4, 5, 5, 0.143822841)
(M, K, N, time) = (4, 5, 6, 0.224108249)
(M, K, N, time) = (4, 5, 6, 0.27008132)
(M, K, N, time) = (4, 5, 6, 0.209057793)
(M, K, N, time) = (4, 5, 6, 0.172068885)
(M, K, N, time) = (4, 5, 7, 0.244489417)
(M, K, N, time) = (4, 5, 7, 0.231504873)
(M, K, N, time) = (4, 5, 7, 0.179143772)
(M, K, N, time) = (4, 5, 7, 0.192453288)
(M, K, N, time) = (4, 6, 2, 0.120676654)
(M, K, N, time) = (4, 6, 2, 0.10999131)
(M, K, N, time) = (4, 6, 2, 0.191475174)
(M, K, N, time) = (4, 6, 2, 0.214116706)
(M, K, N, time) = (4, 6, 3, 0.188321353)
(M, K, N, time) = (4, 6, 3, 0.146106004)
(M, K, N, time) = (4, 6, 3, 0.125606269)
(M, K, N, time) = (4, 6, 3, 0.170424347)
(M, K, N, time) = (4, 6, 4, 0.25406459)
(M, K, N, time) = (4, 6, 4, 0.173507639)
(M, K, N, time) = (4, 6, 4, 0.142366411)
(M, K, N, time) = (4, 6, 4, 0.142110477)
(M, K, N, time) = (4, 6, 5, 0.422593725)
(M, K, N, time) = (4, 6, 5, 0.204505927)
(M, K, N, time) = (4, 6, 5, 0.159938184)
(M, K, N, time) = (4, 6, 5, 0.15246461)
(M, K, N, time) = (4, 6, 6, 0.232047798)
(M, K, N, time) = (4, 6, 6, 0.229665283)
(M, K, N, time) = (4, 6, 6, 0.200205891)
(M, K, N, time) = (4, 6, 6, 0.164581072)
(M, K, N, time) = (4, 6, 7, 0.262727455)
(M, K, N, time) = (4, 6, 7, 0.358306762)
(M, K, N, time) = (4, 6, 7, 0.194360005)
(M, K, N, time) = (4, 6, 7, 0.213007563)
(M, K, N, time) = (4, 7, 2, 0.135776078)
(M, K, N, time) = (4, 7, 2, 0.119706181)
(M, K, N, time) = (4, 7, 2, 0.153249499)
(M, K, N, time) = (4, 7, 2, 0.170801339)
(M, K, N, time) = (4, 7, 3, 0.181407519)
(M, K, N, time) = (4, 7, 3, 0.163171758)
(M, K, N, time) = (4, 7, 3, 0.133391692)
(M, K, N, time) = (4, 7, 3, 0.131087686)
(M, K, N, time) = (4, 7, 4, 0.260109373)
(M, K, N, time) = (4, 7, 4, 0.183765632)
(M, K, N, time) = (4, 7, 4, 0.179725683)
(M, K, N, time) = (4, 7, 4, 0.207096349)
(M, K, N, time) = (4, 7, 5, 0.280037009)
(M, K, N, time) = (4, 7, 5, 0.244149794)
(M, K, N, time) = (4, 7, 5, 0.173271074)
(M, K, N, time) = (4, 7, 5, 0.165123493)
(M, K, N, time) = (4, 7, 6, 0.271276564)
(M, K, N, time) = (4, 7, 6, 0.265325518)
(M, K, N, time) = (4, 7, 6, 0.217579191)
(M, K, N, time) = (4, 7, 6, 0.200773965)
(M, K, N, time) = (4, 7, 7, 0.379194516)
(M, K, N, time) = (4, 7, 7, 0.302693227)
(M, K, N, time) = (4, 7, 7, 0.215234461)
(M, K, N, time) = (4, 7, 7, 0.215180465)
(M, K, N, time) = (5, 2, 2, 0.580082436)
(M, K, N, time) = (5, 2, 2, 0.076062233)
(M, K, N, time) = (5, 2, 2, 0.090997952)
(M, K, N, time) = (5, 2, 2, 0.101839817)
(M, K, N, time) = (5, 2, 3, 0.401763341)
(M, K, N, time) = (5, 2, 3, 0.102187826)
(M, K, N, time) = (5, 2, 3, 0.139623632)
(M, K, N, time) = (5, 2, 3, 0.097017283)
(M, K, N, time) = (5, 2, 4, 0.396081702)
(M, K, N, time) = (5, 2, 4, 0.110287155)
(M, K, N, time) = (5, 2, 4, 0.118242934)
(M, K, N, time) = (5, 2, 4, 0.111398063)
(M, K, N, time) = (5, 2, 5, 0.421077406)
(M, K, N, time) = (5, 2, 5, 0.113601515)
(M, K, N, time) = (5, 2, 5, 0.154853161)
(M, K, N, time) = (5, 2, 5, 0.152808224)
(M, K, N, time) = (5, 2, 6, 0.645872941)
(M, K, N, time) = (5, 2, 6, 0.177554471)
(M, K, N, time) = (5, 2, 6, 0.172542945)
(M, K, N, time) = (5, 2, 6, 0.256097175)
(M, K, N, time) = (5, 2, 7, 0.630637356)
(M, K, N, time) = (5, 2, 7, 0.170883614)
(M, K, N, time) = (5, 2, 7, 0.161943362)
(M, K, N, time) = (5, 2, 7, 0.326765775)
(M, K, N, time) = (5, 3, 2, 0.109844776)
(M, K, N, time) = (5, 3, 2, 0.099918459)
(M, K, N, time) = (5, 3, 2, 0.159576547)
(M, K, N, time) = (5, 3, 2, 0.129121794)
(M, K, N, time) = (5, 3, 3, 0.114792753)
(M, K, N, time) = (5, 3, 3, 0.106281099)
(M, K, N, time) = (5, 3, 3, 0.107663819)
(M, K, N, time) = (5, 3, 3, 0.094131016)
(M, K, N, time) = (5, 3, 4, 0.140798152)
(M, K, N, time) = (5, 3, 4, 0.139776235)
(M, K, N, time) = (5, 3, 4, 0.109253938)
(M, K, N, time) = (5, 3, 4, 0.106788502)
(M, K, N, time) = (5, 3, 5, 0.127100409)
(M, K, N, time) = (5, 3, 5, 0.114245996)
(M, K, N, time) = (5, 3, 5, 0.118897652)
(M, K, N, time) = (5, 3, 5, 0.117780511)
(M, K, N, time) = (5, 3, 6, 0.132934798)
(M, K, N, time) = (5, 3, 6, 0.149246858)
(M, K, N, time) = (5, 3, 6, 0.140622961)
(M, K, N, time) = (5, 3, 6, 0.149991775)
(M, K, N, time) = (5, 3, 7, 0.235012716)
(M, K, N, time) = (5, 3, 7, 0.145547643)
(M, K, N, time) = (5, 3, 7, 0.167190107)
(M, K, N, time) = (5, 3, 7, 0.156968339)
(M, K, N, time) = (5, 4, 2, 0.121191005)
(M, K, N, time) = (5, 4, 2, 0.113510081)
(M, K, N, time) = (5, 4, 2, 0.136509125)
(M, K, N, time) = (5, 4, 2, 0.141067159)
(M, K, N, time) = (5, 4, 3, 0.151199433)
(M, K, N, time) = (5, 4, 3, 0.111011583)
(M, K, N, time) = (5, 4, 3, 0.138572354)
(M, K, N, time) = (5, 4, 3, 0.121131948)
(M, K, N, time) = (5, 4, 4, 0.151164892)
(M, K, N, time) = (5, 4, 4, 0.138403132)
(M, K, N, time) = (5, 4, 4, 0.171190055)
(M, K, N, time) = (5, 4, 4, 0.183419654)
(M, K, N, time) = (5, 4, 5, 0.171446394)
(M, K, N, time) = (5, 4, 5, 0.202036896)
(M, K, N, time) = (5, 4, 5, 0.179742994)
(M, K, N, time) = (5, 4, 5, 0.164719381)
(M, K, N, time) = (5, 4, 6, 0.197812883)
(M, K, N, time) = (5, 4, 6, 0.164250779)
(M, K, N, time) = (5, 4, 6, 0.16972712)
(M, K, N, time) = (5, 4, 6, 0.167175043)
(M, K, N, time) = (5, 4, 7, 0.201874152)
(M, K, N, time) = (5, 4, 7, 0.184819224)
(M, K, N, time) = (5, 4, 7, 0.24685608)
(M, K, N, time) = (5, 4, 7, 0.175628677)
(M, K, N, time) = (5, 5, 2, 0.115806509)
(M, K, N, time) = (5, 5, 2, 0.122247177)
(M, K, N, time) = (5, 5, 2, 0.135243632)
(M, K, N, time) = (5, 5, 2, 0.141754189)
(M, K, N, time) = (5, 5, 3, 0.115624982)
(M, K, N, time) = (5, 5, 3, 0.109598284)
(M, K, N, time) = (5, 5, 3, 0.118721523)
(M, K, N, time) = (5, 5, 3, 0.125204978)
(M, K, N, time) = (5, 5, 4, 0.141778047)
(M, K, N, time) = (5, 5, 4, 0.131156124)
(M, K, N, time) = (5, 5, 4, 0.129006799)
(M, K, N, time) = (5, 5, 4, 0.128702927)
(M, K, N, time) = (5, 5, 5, 0.14512676)
(M, K, N, time) = (5, 5, 5, 0.137131332)
(M, K, N, time) = (5, 5, 5, 0.143708663)
(M, K, N, time) = (5, 5, 5, 0.146337732)
(M, K, N, time) = (5, 5, 6, 0.157520567)
(M, K, N, time) = (5, 5, 6, 0.153658965)
(M, K, N, time) = (5, 5, 6, 0.161203681)
(M, K, N, time) = (5, 5, 6, 0.161251229)
(M, K, N, time) = (5, 5, 7, 0.208855691)
(M, K, N, time) = (5, 5, 7, 0.170087491)
(M, K, N, time) = (5, 5, 7, 0.224990227)
(M, K, N, time) = (5, 5, 7, 0.183379255)
(M, K, N, time) = (5, 6, 2, 0.131160003)
(M, K, N, time) = (5, 6, 2, 0.169993926)
(M, K, N, time) = (5, 6, 2, 0.152771195)
(M, K, N, time) = (5, 6, 2, 0.15914286)
(M, K, N, time) = (5, 6, 3, 0.128205341)
(M, K, N, time) = (5, 6, 3, 0.124366823)
(M, K, N, time) = (5, 6, 3, 0.127638429)
(M, K, N, time) = (5, 6, 3, 0.121055997)
(M, K, N, time) = (5, 6, 4, 0.140726006)
(M, K, N, time) = (5, 6, 4, 0.139890985)
(M, K, N, time) = (5, 6, 4, 0.150749126)
(M, K, N, time) = (5, 6, 4, 0.147993514)
(M, K, N, time) = (5, 6, 5, 0.156629422)
(M, K, N, time) = (5, 6, 5, 0.159457433)
(M, K, N, time) = (5, 6, 5, 0.176344382)
(M, K, N, time) = (5, 6, 5, 0.161879146)
(M, K, N, time) = (5, 6, 6, 0.202858729)
(M, K, N, time) = (5, 6, 6, 0.19497422)
(M, K, N, time) = (5, 6, 6, 0.19543029)
(M, K, N, time) = (5, 6, 6, 0.188792851)
(M, K, N, time) = (5, 6, 7, 0.283571261)
(M, K, N, time) = (5, 6, 7, 0.219363536)
(M, K, N, time) = (5, 6, 7, 0.275124712)
(M, K, N, time) = (5, 6, 7, 0.217839837)
(M, K, N, time) = (5, 7, 2, 0.138723367)
(M, K, N, time) = (5, 7, 2, 0.158485844)
(M, K, N, time) = (5, 7, 2, 0.15783165)
(M, K, N, time) = (5, 7, 2, 0.164271518)
(M, K, N, time) = (5, 7, 3, 0.152580391)
(M, K, N, time) = (5, 7, 3, 0.142639507)
(M, K, N, time) = (5, 7, 3, 0.161949452)
(M, K, N, time) = (5, 7, 3, 0.137825306)
(M, K, N, time) = (5, 7, 4, 0.158372575)
(M, K, N, time) = (5, 7, 4, 0.160652773)
(M, K, N, time) = (5, 7, 4, 0.206387586)
(M, K, N, time) = (5, 7, 4, 0.201779163)
(M, K, N, time) = (5, 7, 5, 0.188694859)
(M, K, N, time) = (5, 7, 5, 0.174901234)
(M, K, N, time) = (5, 7, 5, 0.177977122)
(M, K, N, time) = (5, 7, 5, 0.196499281)
(M, K, N, time) = (5, 7, 6, 0.210762337)
(M, K, N, time) = (5, 7, 6, 0.243887957)
(M, K, N, time) = (5, 7, 6, 0.209865518)
(M, K, N, time) = (5, 7, 6, 0.198086888)
(M, K, N, time) = (5, 7, 7, 0.211234712)
(M, K, N, time) = (5, 7, 7, 0.285089371)
(M, K, N, time) = (5, 7, 7, 0.278236984)
(M, K, N, time) = (5, 7, 7, 0.251431968)
(M, K, N, time) = (6, 2, 2, 0.382204356)
(M, K, N, time) = (6, 2, 2, 0.095338925)
(M, K, N, time) = (6, 2, 2, 0.087016467)
(M, K, N, time) = (6, 2, 2, 0.085310369)
(M, K, N, time) = (6, 2, 3, 0.3983761)
(M, K, N, time) = (6, 2, 3, 0.088646248)
(M, K, N, time) = (6, 2, 3, 0.101180167)
(M, K, N, time) = (6, 2, 3, 0.120953441)
(M, K, N, time) = (6, 2, 4, 0.523361398)
(M, K, N, time) = (6, 2, 4, 0.099045584)
(M, K, N, time) = (6, 2, 4, 0.126576298)
(M, K, N, time) = (6, 2, 4, 0.111745907)
(M, K, N, time) = (6, 2, 5, 0.451615381)
(M, K, N, time) = (6, 2, 5, 0.101751469)
(M, K, N, time) = (6, 2, 5, 0.106014062)
(M, K, N, time) = (6, 2, 5, 0.156738821)
(M, K, N, time) = (6, 2, 6, 0.553030306)
(M, K, N, time) = (6, 2, 6, 0.19871506)
(M, K, N, time) = (6, 2, 6, 0.171992438)
(M, K, N, time) = (6, 2, 6, 0.139741135)
(M, K, N, time) = (6, 2, 7, 0.47035147)
(M, K, N, time) = (6, 2, 7, 0.120030406)
(M, K, N, time) = (6, 2, 7, 0.149773849)
(M, K, N, time) = (6, 2, 7, 0.12637247)
(M, K, N, time) = (6, 3, 2, 0.093603521)
(M, K, N, time) = (6, 3, 2, 0.107184221)
(M, K, N, time) = (6, 3, 2, 0.125437895)
(M, K, N, time) = (6, 3, 2, 0.127520328)
(M, K, N, time) = (6, 3, 3, 0.146683456)
(M, K, N, time) = (6, 3, 3, 0.153338449)
(M, K, N, time) = (6, 3, 3, 0.153824102)
(M, K, N, time) = (6, 3, 3, 0.144499511)
(M, K, N, time) = (6, 3, 4, 0.132177814)
(M, K, N, time) = (6, 3, 4, 0.164700537)
(M, K, N, time) = (6, 3, 4, 0.212869363)
(M, K, N, time) = (6, 3, 4, 0.126562421)
(M, K, N, time) = (6, 3, 5, 0.131120882)
(M, K, N, time) = (6, 3, 5, 0.130969331)
(M, K, N, time) = (6, 3, 5, 0.120424327)
(M, K, N, time) = (6, 3, 5, 0.119591077)
(M, K, N, time) = (6, 3, 6, 0.147946182)
(M, K, N, time) = (6, 3, 6, 0.121560915)
(M, K, N, time) = (6, 3, 6, 0.12911246)
(M, K, N, time) = (6, 3, 6, 0.145489425)
(M, K, N, time) = (6, 3, 7, 0.149325262)
(M, K, N, time) = (6, 3, 7, 0.137430631)
(M, K, N, time) = (6, 3, 7, 0.15932338)
(M, K, N, time) = (6, 3, 7, 0.195418703)
(M, K, N, time) = (6, 4, 2, 0.143032203)
(M, K, N, time) = (6, 4, 2, 0.12188662)
(M, K, N, time) = (6, 4, 2, 0.153191923)
(M, K, N, time) = (6, 4, 2, 0.175358769)
(M, K, N, time) = (6, 4, 3, 0.185748213)
(M, K, N, time) = (6, 4, 3, 0.186401174)
(M, K, N, time) = (6, 4, 3, 0.19689287)
(M, K, N, time) = (6, 4, 3, 0.191953176)
(M, K, N, time) = (6, 4, 4, 0.176936934)
(M, K, N, time) = (6, 4, 4, 0.169999517)
(M, K, N, time) = (6, 4, 4, 0.180875627)
(M, K, N, time) = (6, 4, 4, 0.179242157)
(M, K, N, time) = (6, 4, 5, 0.269706156)
(M, K, N, time) = (6, 4, 5, 0.186626637)
(M, K, N, time) = (6, 4, 5, 0.196663623)
(M, K, N, time) = (6, 4, 5, 0.185494785)
(M, K, N, time) = (6, 4, 6, 0.193681375)
(M, K, N, time) = (6, 4, 6, 0.153730005)
(M, K, N, time) = (6, 4, 6, 0.158332586)
(M, K, N, time) = (6, 4, 6, 0.164314362)
(M, K, N, time) = (6, 4, 7, 0.178522235)
(M, K, N, time) = (6, 4, 7, 0.182095247)
(M, K, N, time) = (6, 4, 7, 0.197120603)
(M, K, N, time) = (6, 4, 7, 0.177048262)
(M, K, N, time) = (6, 5, 2, 0.148712565)
(M, K, N, time) = (6, 5, 2, 0.162807862)
(M, K, N, time) = (6, 5, 2, 0.208245279)
(M, K, N, time) = (6, 5, 2, 0.150767681)
(M, K, N, time) = (6, 5, 3, 0.205160055)
(M, K, N, time) = (6, 5, 3, 0.143424287)
(M, K, N, time) = (6, 5, 3, 0.159676286)
(M, K, N, time) = (6, 5, 3, 0.160607486)
(M, K, N, time) = (6, 5, 4, 0.131892802)
(M, K, N, time) = (6, 5, 4, 0.159804336)
(M, K, N, time) = (6, 5, 4, 0.152472856)
(M, K, N, time) = (6, 5, 4, 0.151709577)
(M, K, N, time) = (6, 5, 5, 0.254452615)
(M, K, N, time) = (6, 5, 5, 0.189393336)
(M, K, N, time) = (6, 5, 5, 0.163798359)
(M, K, N, time) = (6, 5, 5, 0.200639124)
(M, K, N, time) = (6, 5, 6, 0.161605731)
(M, K, N, time) = (6, 5, 6, 0.186685135)
(M, K, N, time) = (6, 5, 6, 0.178909573)
(M, K, N, time) = (6, 5, 6, 0.17774922)
(M, K, N, time) = (6, 5, 7, 0.253518988)
(M, K, N, time) = (6, 5, 7, 0.200430813)
(M, K, N, time) = (6, 5, 7, 0.175639769)
(M, K, N, time) = (6, 5, 7, 0.177727522)
(M, K, N, time) = (6, 6, 2, 0.130877983)
(M, K, N, time) = (6, 6, 2, 0.119061237)
(M, K, N, time) = (6, 6, 2, 0.157310666)
(M, K, N, time) = (6, 6, 2, 0.140083239)
(M, K, N, time) = (6, 6, 3, 0.145024778)
(M, K, N, time) = (6, 6, 3, 0.121425133)
(M, K, N, time) = (6, 6, 3, 0.133439038)
(M, K, N, time) = (6, 6, 3, 0.142766331)
(M, K, N, time) = (6, 6, 4, 0.143984069)
(M, K, N, time) = (6, 6, 4, 0.158221568)
(M, K, N, time) = (6, 6, 4, 0.144744432)
(M, K, N, time) = (6, 6, 4, 0.217773367)
(M, K, N, time) = (6, 6, 5, 0.173382241)
(M, K, N, time) = (6, 6, 5, 0.165678146)
(M, K, N, time) = (6, 6, 5, 0.196123134)
(M, K, N, time) = (6, 6, 5, 0.15477712)
(M, K, N, time) = (6, 6, 6, 0.190929166)
(M, K, N, time) = (6, 6, 6, 0.166750936)
(M, K, N, time) = (6, 6, 6, 0.198967116)
(M, K, N, time) = (6, 6, 6, 0.169675017)
(M, K, N, time) = (6, 6, 7, 0.23070365)
(M, K, N, time) = (6, 6, 7, 0.192959335)
(M, K, N, time) = (6, 6, 7, 0.220845661)
(M, K, N, time) = (6, 6, 7, 0.19577296)
(M, K, N, time) = (6, 7, 2, 0.158184379)
(M, K, N, time) = (6, 7, 2, 0.139589415)
(M, K, N, time) = (6, 7, 2, 0.166518257)
(M, K, N, time) = (6, 7, 2, 0.189390284)
(M, K, N, time) = (6, 7, 3, 0.137039446)
(M, K, N, time) = (6, 7, 3, 0.148103404)
(M, K, N, time) = (6, 7, 3, 0.142242384)
(M, K, N, time) = (6, 7, 3, 0.135807141)
(M, K, N, time) = (6, 7, 4, 0.178742792)
(M, K, N, time) = (6, 7, 4, 0.244753517)
(M, K, N, time) = (6, 7, 4, 0.177409532)
(M, K, N, time) = (6, 7, 4, 0.226310854)
(M, K, N, time) = (6, 7, 5, 0.190438365)
(M, K, N, time) = (6, 7, 5, 0.178330096)
(M, K, N, time) = (6, 7, 5, 0.181359997)
(M, K, N, time) = (6, 7, 5, 0.183585672)
(M, K, N, time) = (6, 7, 6, 0.200945391)
(M, K, N, time) = (6, 7, 6, 0.199255748)
(M, K, N, time) = (6, 7, 6, 0.193584924)
(M, K, N, time) = (6, 7, 6, 0.195026306)
(M, K, N, time) = (6, 7, 7, 0.227148333)
(M, K, N, time) = (6, 7, 7, 0.210069866)
(M, K, N, time) = (6, 7, 7, 0.237832795)
(M, K, N, time) = (6, 7, 7, 0.209128413)
(M, K, N, time) = (7, 2, 2, 0.484229197)
(M, K, N, time) = (7, 2, 2, 0.096267666)
(M, K, N, time) = (7, 2, 2, 0.110558661)
(M, K, N, time) = (7, 2, 2, 0.088540545)
(M, K, N, time) = (7, 2, 3, 0.466564751)
(M, K, N, time) = (7, 2, 3, 0.095767943)
(M, K, N, time) = (7, 2, 3, 0.112850162)
(M, K, N, time) = (7, 2, 3, 0.123537269)
(M, K, N, time) = (7, 2, 4, 0.449302098)
(M, K, N, time) = (7, 2, 4, 0.14321131)
(M, K, N, time) = (7, 2, 4, 0.145562674)
(M, K, N, time) = (7, 2, 4, 0.104027197)
(M, K, N, time) = (7, 2, 5, 0.538774063)
(M, K, N, time) = (7, 2, 5, 0.148037038)
(M, K, N, time) = (7, 2, 5, 0.152288419)
(M, K, N, time) = (7, 2, 5, 0.158886876)
(M, K, N, time) = (7, 2, 6, 0.599201507)
(M, K, N, time) = (7, 2, 6, 0.161770267)
(M, K, N, time) = (7, 2, 6, 0.165543807)
(M, K, N, time) = (7, 2, 6, 0.168830077)
(M, K, N, time) = (7, 2, 7, 0.457868362)
(M, K, N, time) = (7, 2, 7, 0.128928291)
(M, K, N, time) = (7, 2, 7, 0.144753025)
(M, K, N, time) = (7, 2, 7, 0.202943565)
(M, K, N, time) = (7, 3, 2, 0.093227535)
(M, K, N, time) = (7, 3, 2, 0.093056301)
(M, K, N, time) = (7, 3, 2, 0.118521309)
(M, K, N, time) = (7, 3, 2, 0.113987093)
(M, K, N, time) = (7, 3, 3, 0.10863103)
(M, K, N, time) = (7, 3, 3, 0.10345982)
(M, K, N, time) = (7, 3, 3, 0.116552931)
(M, K, N, time) = (7, 3, 3, 0.159719154)
(M, K, N, time) = (7, 3, 4, 0.153998008)
(M, K, N, time) = (7, 3, 4, 0.121015848)
(M, K, N, time) = (7, 3, 4, 0.119492963)
(M, K, N, time) = (7, 3, 4, 0.174366032)
(M, K, N, time) = (7, 3, 5, 0.203427503)
(M, K, N, time) = (7, 3, 5, 0.129404889)
(M, K, N, time) = (7, 3, 5, 0.206559998)
(M, K, N, time) = (7, 3, 5, 0.203076359)
(M, K, N, time) = (7, 3, 6, 0.17185114)
(M, K, N, time) = (7, 3, 6, 0.173742566)
(M, K, N, time) = (7, 3, 6, 0.160651337)
(M, K, N, time) = (7, 3, 6, 0.148448802)
(M, K, N, time) = (7, 3, 7, 0.143882979)
(M, K, N, time) = (7, 3, 7, 0.13798652)
(M, K, N, time) = (7, 3, 7, 0.185913486)
(M, K, N, time) = (7, 3, 7, 0.146747629)
(M, K, N, time) = (7, 4, 2, 0.116652902)
(M, K, N, time) = (7, 4, 2, 0.143034311)
(M, K, N, time) = (7, 4, 2, 0.134201135)
(M, K, N, time) = (7, 4, 2, 0.192880121)
(M, K, N, time) = (7, 4, 3, 0.122542899)
(M, K, N, time) = (7, 4, 3, 0.155211118)
(M, K, N, time) = (7, 4, 3, 0.192596038)
(M, K, N, time) = (7, 4, 3, 0.18705918)
(M, K, N, time) = (7, 4, 4, 0.162188411)
(M, K, N, time) = (7, 4, 4, 0.187496077)
(M, K, N, time) = (7, 4, 4, 0.183215022)
(M, K, N, time) = (7, 4, 4, 0.171526231)
(M, K, N, time) = (7, 4, 5, 0.200810837)
(M, K, N, time) = (7, 4, 5, 0.177781238)
(M, K, N, time) = (7, 4, 5, 0.195942967)
(M, K, N, time) = (7, 4, 5, 0.208604233)
(M, K, N, time) = (7, 4, 6, 0.218505691)
(M, K, N, time) = (7, 4, 6, 0.218754067)
(M, K, N, time) = (7, 4, 6, 0.176643887)
(M, K, N, time) = (7, 4, 6, 0.220407105)
(M, K, N, time) = (7, 4, 7, 0.227894528)
(M, K, N, time) = (7, 4, 7, 0.219618992)
(M, K, N, time) = (7, 4, 7, 0.208413293)
(M, K, N, time) = (7, 4, 7, 0.190261816)
(M, K, N, time) = (7, 5, 2, 0.198412601)
(M, K, N, time) = (7, 5, 2, 0.180765039)
(M, K, N, time) = (7, 5, 2, 0.181893976)
(M, K, N, time) = (7, 5, 2, 0.17932848)
(M, K, N, time) = (7, 5, 3, 0.29051969)
(M, K, N, time) = (7, 5, 3, 0.184414104)
(M, K, N, time) = (7, 5, 3, 0.218814671)
(M, K, N, time) = (7, 5, 3, 0.216869748)
(M, K, N, time) = (7, 5, 4, 0.206492291)
(M, K, N, time) = (7, 5, 4, 0.192275779)
(M, K, N, time) = (7, 5, 4, 0.173117906)
(M, K, N, time) = (7, 5, 4, 0.220463949)
(M, K, N, time) = (7, 5, 5, 0.228160103)
(M, K, N, time) = (7, 5, 5, 0.205021296)
(M, K, N, time) = (7, 5, 5, 0.181224767)
(M, K, N, time) = (7, 5, 5, 0.238538695)
(M, K, N, time) = (7, 5, 6, 0.234237257)
(M, K, N, time) = (7, 5, 6, 0.271353821)
(M, K, N, time) = (7, 5, 6, 0.285193665)
(M, K, N, time) = (7, 5, 6, 0.215747772)
(M, K, N, time) = (7, 5, 7, 0.249548589)
(M, K, N, time) = (7, 5, 7, 0.213111732)
(M, K, N, time) = (7, 5, 7, 0.224844198)
(M, K, N, time) = (7, 5, 7, 0.202857678)
(M, K, N, time) = (7, 6, 2, 0.157349135)
(M, K, N, time) = (7, 6, 2, 0.14518413)
(M, K, N, time) = (7, 6, 2, 0.227761265)
(M, K, N, time) = (7, 6, 2, 0.302037906)
(M, K, N, time) = (7, 6, 3, 0.186627972)
(M, K, N, time) = (7, 6, 3, 0.17451685)
(M, K, N, time) = (7, 6, 3, 0.245679149)
(M, K, N, time) = (7, 6, 3, 0.248100696)
(M, K, N, time) = (7, 6, 4, 0.170575437)
(M, K, N, time) = (7, 6, 4, 0.136545488)
(M, K, N, time) = (7, 6, 4, 0.210311005)
(M, K, N, time) = (7, 6, 4, 0.222895607)
(M, K, N, time) = (7, 6, 5, 0.251871964)
(M, K, N, time) = (7, 6, 5, 0.240478474)
(M, K, N, time) = (7, 6, 5, 0.273733994)
(M, K, N, time) = (7, 6, 5, 0.246890093)
(M, K, N, time) = (7, 6, 6, 0.282394701)
(M, K, N, time) = (7, 6, 6, 0.265418005)
(M, K, N, time) = (7, 6, 6, 0.301229899)
(M, K, N, time) = (7, 6, 6, 0.244937136)
(M, K, N, time) = (7, 6, 7, 0.303055658)
(M, K, N, time) = (7, 6, 7, 0.308454748)
(M, K, N, time) = (7, 6, 7, 0.302134499)
(M, K, N, time) = (7, 6, 7, 0.29929393)
(M, K, N, time) = (7, 7, 2, 0.204306012)
(M, K, N, time) = (7, 7, 2, 0.18218085)
(M, K, N, time) = (7, 7, 2, 0.224328984)
(M, K, N, time) = (7, 7, 2, 0.224265625)
(M, K, N, time) = (7, 7, 3, 0.231013612)
(M, K, N, time) = (7, 7, 3, 0.238339707)
(M, K, N, time) = (7, 7, 3, 0.261996183)
(M, K, N, time) = (7, 7, 3, 0.25371429)
(M, K, N, time) = (7, 7, 4, 0.217756319)
(M, K, N, time) = (7, 7, 4, 0.214693072)
(M, K, N, time) = (7, 7, 4, 0.234619275)
(M, K, N, time) = (7, 7, 4, 0.232267881)
(M, K, N, time) = (7, 7, 5, 0.262789147)
(M, K, N, time) = (7, 7, 5, 0.262836149)
(M, K, N, time) = (7, 7, 5, 0.270170612)
(M, K, N, time) = (7, 7, 5, 0.256261237)
(M, K, N, time) = (7, 7, 6, 0.297268755)
(M, K, N, time) = (7, 7, 6, 0.283923938)
(M, K, N, time) = (7, 7, 6, 0.267529686)
(M, K, N, time) = (7, 7, 6, 0.285252533)
(M, K, N, time) = (7, 7, 7, 0.330125757)
(M, K, N, time) = (7, 7, 7, 0.34205421)
(M, K, N, time) = (7, 7, 7, 0.365488687)
(M, K, N, time) = (7, 7, 7, 0.33052045)
(M, K, N, time) = (8, 8, 8, 0.991293024)
(M, K, N, time) = (8, 8, 8, 0.724027707)
(M, K, N, time) = (8, 8, 8, 0.415700767)
(M, K, N, time) = (8, 8, 8, 0.397843124)
(M, K, N, time) = (9, 9, 9, 1.07135274)
(M, K, N, time) = (9, 9, 9, 0.676215591)
(M, K, N, time) = (9, 9, 9, 0.398348862)
(M, K, N, time) = (9, 9, 9, 0.406157702)
(M, K, N, time) = (10, 10, 10, 1.095876505)
(M, K, N, time) = (10, 10, 10, 0.551063448)
(M, K, N, time) = (10, 10, 10, 0.408195644)
(M, K, N, time) = (10, 10, 10, 0.282784638)
(M, K, N, time) = (11, 11, 11, 1.052813588)
(M, K, N, time) = (11, 11, 11, 0.41670701)
(M, K, N, time) = (11, 11, 11, 0.317834629)
(M, K, N, time) = (11, 11, 11, 0.316457576)
(M, K, N, time) = (12, 12, 12, 1.12027998)
(M, K, N, time) = (12, 12, 12, 0.495006337)
(M, K, N, time) = (12, 12, 12, 0.260443355)
(M, K, N, time) = (12, 12, 12, 0.26017928)
(M, K, N, time) = (13, 13, 13, 1.076863964)
(M, K, N, time) = (13, 13, 13, 0.554261987)
(M, K, N, time) = (13, 13, 13, 0.43264411)
(M, K, N, time) = (13, 13, 13, 0.668199587)
(M, K, N, time) = (14, 14, 14, 1.397558968)
(M, K, N, time) = (14, 14, 14, 0.666036929)
(M, K, N, time) = (14, 14, 14, 0.349749065)
(M, K, N, time) = (14, 14, 14, 0.759778121)
(M, K, N, time) = (15, 15, 15, 0.815423319)
(M, K, N, time) = (15, 15, 15, 0.488496726)
(M, K, N, time) = (15, 15, 15, 0.409710444)
(M, K, N, time) = (15, 15, 15, 0.424415149)
(M, K, N, time) = (16, 16, 16, 0.775488065)
(M, K, N, time) = (16, 16, 16, 0.350881584)
(M, K, N, time) = (16, 16, 16, 0.258889962)
(M, K, N, time) = (16, 16, 16, 0.224995152)
(M, K, N, time) = (17, 17, 17, 1.51019331)
(M, K, N, time) = (17, 17, 17, 1.147507393)
(M, K, N, time) = (17, 17, 17, 1.193575036)
(M, K, N, time) = (17, 17, 17, 1.268454963)
(M, K, N, time) = (18, 18, 18, 0.85425769)
(M, K, N, time) = (18, 18, 18, 0.391486995)
(M, K, N, time) = (18, 18, 18, 1.38588943)
(M, K, N, time) = (18, 18, 18, 1.186742593)
(M, K, N, time) = (19, 19, 19, 1.155748368)
(M, K, N, time) = (19, 19, 19, 0.692198697)
(M, K, N, time) = (19, 19, 19, 1.340054912)
(M, K, N, time) = (19, 19, 19, 0.971504194)
(M, K, N, time) = (20, 20, 20, 1.054365664)
(M, K, N, time) = (20, 20, 20, 0.750208929)
(M, K, N, time) = (20, 20, 20, 1.842078324)
(M, K, N, time) = (20, 20, 20, 1.569286419)
(M, K, N, time) = (21, 21, 21, 1.03275716)
(M, K, N, time) = (21, 21, 21, 0.533566236)
(M, K, N, time) = (21, 21, 21, 1.468102351)
(M, K, N, time) = (21, 21, 21, 1.296727497)
(M, K, N, time) = (22, 22, 22, 1.430345438)
(M, K, N, time) = (22, 22, 22, 0.859973309)
(M, K, N, time) = (22, 22, 22, 1.770301595)
(M, K, N, time) = (22, 22, 22, 1.365669254)
(M, K, N, time) = (23, 23, 23, 1.32562034)
(M, K, N, time) = (23, 23, 23, 0.917168996)
(M, K, N, time) = (23, 23, 23, 1.138859624)
(M, K, N, time) = (23, 23, 23, 1.10511795)
(M, K, N, time) = (24, 24, 24, 0.729070251)
(M, K, N, time) = (24, 24, 24, 0.328826157)
(M, K, N, time) = (24, 24, 24, 1.681444832)
(M, K, N, time) = (24, 24, 24, 1.556134815)
(M, K, N, time) = (25, 25, 25, 1.227077035)
(M, K, N, time) = (25, 25, 25, 0.760647402)
(M, K, N, time) = (25, 25, 25, 1.301413957)
(M, K, N, time) = (25, 25, 25, 1.074440457)
(M, K, N, time) = (26, 26, 26, 1.287616436)
(M, K, N, time) = (26, 26, 26, 0.82992084)
(M, K, N, time) = (26, 26, 26, 1.830204691)
(M, K, N, time) = (26, 26, 26, 1.578607424)
(M, K, N, time) = (27, 27, 27, 0.859351304)
(M, K, N, time) = (27, 27, 27, 0.409273197)
(M, K, N, time) = (27, 27, 27, 1.38898278)
(M, K, N, time) = (27, 27, 27, 1.279594099)
(M, K, N, time) = (28, 28, 28, 0.996204199)
(M, K, N, time) = (28, 28, 28, 0.532402177)
(M, K, N, time) = (28, 28, 28, 1.959019095)
(M, K, N, time) = (28, 28, 28, 1.979762955)
(M, K, N, time) = (29, 29, 29, 0.959059388)
(M, K, N, time) = (29, 29, 29, 0.471064535)
(M, K, N, time) = (29, 29, 29, 1.885140161)
(M, K, N, time) = (29, 29, 29, 1.954083706)
(M, K, N, time) = (30, 30, 30, 0.964654337)
(M, K, N, time) = (30, 30, 30, 0.627551694)
(M, K, N, time) = (30, 30, 30, 1.120568741)
(M, K, N, time) = (30, 30, 30, 1.046428454)
(M, K, N, time) = (31, 31, 31, 0.872570758)
(M, K, N, time) = (31, 31, 31, 0.470298866)
(M, K, N, time) = (31, 31, 31, 1.941236856)
(M, K, N, time) = (31, 31, 31, 1.808206445)
(M, K, N, time) = (32, 32, 32, 0.788706047)
(M, K, N, time) = (32, 32, 32, 0.332061576)
(M, K, N, time) = (32, 32, 32, 2.172791837)
(M, K, N, time) = (32, 32, 32, 2.152188611)
(M, K, N, time) = (33, 33, 33, 1.287505982)
(M, K, N, time) = (33, 33, 33, 0.593337576)
(M, K, N, time) = (33, 33, 33, 1.203450391)
(M, K, N, time) = (33, 33, 33, 1.593303403)
(M, K, N, time) = (23, 37, 19, 2.1874e-5)
(M, K, N, time) = (23, 37, 19, 1.0233e-5)
(M, K, N, time) = (23, 37, 19, 7.159e-6)
579.428435 seconds (605.28 M allocations: 35.554 GiB, 2.27% gc time)
  4.663644 seconds (5.41 M allocations: 271.483 MiB)
  1.577368 seconds (1.40 M allocations: 75.979 MiB, 24.50% gc time)
Test Summary:     | Pass  Total
PaddedMatrices.jl | 1021   1021
    Testing PaddedMatrices tests passed 
