Julia Version 1.5.2-pre.0
Commit c4acbf93fb (2020-08-26 10:58 UTC)
Platform Info:
  OS: Linux (x86_64-pc-linux-gnu)
  CPU: Intel(R) Xeon(R) Silver 4114 CPU @ 2.20GHz
  WORD_SIZE: 64
  LIBM: libopenlibm
  LLVM: libLLVM-9.0.1 (ORCJIT, skylake-avx512)
Environment:
  JULIA_DEPOT_PATH = ::/usr/local/share/julia
  JULIA_NUM_THREADS = 2

  Resolving package versions...
  Installed CpuId ───────────── v0.2.2
  Installed VectorizationBase ─ v0.12.33
  Installed SIMDPirates ─────── v0.8.25
  Installed SLEEFPirates ────── v0.5.5
Updating `~/.julia/environments/v1.5/Project.toml`
  [476501e8] + SLEEFPirates v0.5.5
Updating `~/.julia/environments/v1.5/Manifest.toml`
  [adafc99b] + CpuId v0.2.2
  [21efa798] + SIMDPirates v0.8.25
  [476501e8] + SLEEFPirates v0.5.5
  [3d5dd08c] + VectorizationBase v0.12.33
  [2a0f44e3] + Base64
  [8ba89e20] + Distributed
  [b77e0a4c] + InteractiveUtils
  [8f399da3] + Libdl
  [37e2e46d] + LinearAlgebra
  [56ddb016] + Logging
  [d6f4376e] + Markdown
  [9a3f8284] + Random
  [9e88b42a] + Serialization
  [6462fe0b] + Sockets
  [8dfed614] + Test
   Building SLEEFPirates → `~/.julia/packages/SLEEFPirates/jGsib/deps/build.log`
    Testing SLEEFPirates
Status `/tmp/jl_Y01YBd/Project.toml`
  [21efa798] SIMDPirates v0.8.25
  [476501e8] SLEEFPirates v0.5.5
  [3d5dd08c] VectorizationBase v0.12.33
  [8f399da3] Libdl
  [8dfed614] Test
Status `/tmp/jl_Y01YBd/Manifest.toml`
  [adafc99b] CpuId v0.2.2
  [21efa798] SIMDPirates v0.8.25
  [476501e8] SLEEFPirates v0.5.5
  [3d5dd08c] VectorizationBase v0.12.33
  [2a0f44e3] Base64
  [8ba89e20] Distributed
  [b77e0a4c] InteractiveUtils
  [8f399da3] Libdl
  [37e2e46d] LinearAlgebra
  [56ddb016] Logging
  [d6f4376e] Markdown
  [9a3f8284] Random
  [9e88b42a] Serialization
  [6462fe0b] Sockets
  [8dfed614] Test
Accuracy tests for Float32
exp               : max 0.9168446063995361 at x = 5.2546                          : mean 0.2671680408889828
asinh             : max 0.5239218473434448 at x = -947.36                         : mean 0.24976974112500575
atanh             : max 0.5094122886657715 at x = 0.1848                          : mean 0.012682608773737508
acosh             : max 0.5103896856307983 at x = 1.0824                          : mean 0.2508816756435975
cos               : max 0.9199888110160828 at x = 1583.3651                       : mean 0.2522556703582676
sin               : max 0.9094935655593872 at x = 1556.6604                       : mean 0.252371198794601
tan               : max 1.009971261024475 at x = 2647.5781                       : mean 0.2961919354071046
tan_fast          : max 3.1237261295318604 at x = 2309.8552                       : mean 0.4886726591135699
cos_fast          : max 1.7095487117767334 at x = 7046.593                        : mean 0.34603441400456275
sin_fast          : max 1.6963168382644653 at x = 1908.52                         : mean 0.34382828553004674
cos_sincos_fast   : max 1.7208495140075684 at x = 2361.6938                       : mean 0.32471985710798795
sin_sincos_fast   : max 1.6828246116638184 at x = 3901.0713                       : mean 0.32182619301331694
sin_sincos        : max 0.8941673040390015 at x = 753.1963                        : mean 0.2537058697200127
cos_sincos        : max 0.8821758031845093 at x = 6166.1704                       : mean 0.25388458191748314
acos_fast         : max 2.421334743499756 at x = 0.68704                         : mean 0.42344907010014493
asin_fast         : max 2.354989767074585 at x = 0.2447                          : mean 0.4620244666696027
asin              : max 0.8321952223777771 at x = 0.7292                          : mean 0.2546848257920135
acos              : max 0.8610202074050903 at x = 0.68968                         : mean 0.25265419449881676
atan_fast         : max 2.4062461853027344 at x = 1.007                           : mean 0.39008577052557286
atan              : max 0.8387206196784973 at x = 1.065                           : mean 0.25020498687078574
atan_fast         : max 0.9826280474662781 at x = 42.29, 45.08                    : mean 0.31648243250897873
atan              : max 0.7576087713241577 at x = 41.27, 44.04                    : mean 0.2957435097086721
log_fast          : max 2.4908556938171387 at x = 1.2701                          : mean 0.3237609027102584
log               : max 0.5902544856071472 at x = 0.7194                          : mean 0.2477699417743692
log2              : max 0.5061692595481873 at x = 0.7161                          : mean 0.24988235206621487
log10             : max 0.5022841691970825 at x = 1.4178                          : mean 0.25029572117951243
log1p             : max 1.0 at x = -1.0e-45                        : mean 0.22028513134966785
pow               : max 0.7071853876113892 at x = 2.9, 77.76                      : mean 0.034696276294199274
cbrt_fast         : max 1.5276296138763428 at x = 2013.6                          : mean 0.3389125449390158
cbrt              : max 0.49999576807022095 at x = 1705.0                          : mean 0.2456132545054474
exp2              : max 0.7849998474121094 at x = 9.498                           : mean 0.10799703277189944
exp10             : max 0.9024035930633545 at x = 3.7798                          : mean 0.14052339828538224
expm1             : max 0.7198569774627686 at x = 6.309573e-8                     : mean 0.08133823713451895
tanh              : max 0.5642557740211487 at x = 0.3476                          : mean 0.11978063395382298
sinh              : max 0.5648414492607117 at x = 0.3726                          : mean 0.13681719526698063
cosh              : max 0.5266055464744568 at x = 8.003                           : mean 0.13635898251095785
Accuracy tests for Float64
exp               : max 0.9286251288497035 at x = -7.9692                         : mean 0.2668576427892973
asinh             : max 0.504840270218849 at x = -0.37                           : mean 0.2499282423226349
atanh             : max 0.5041520781056084 at x = 0.1046                          : mean 0.012809073805229356
acosh             : max 0.5012130243148949 at x = 1.127                           : mean 0.24977950297103693
cos               : max 0.7448464753656046 at x = 9.4218                          : mean 0.20862328031282823
sin               : max 0.7989949289913338 at x = 1.5724                          : mean 0.208193240943644
tan               : max 0.675634012166378 at x = 6678.240583368507               : mean 0.25099578057394034
tan_fast          : max 2.603572045148083 at x = 6.5094506e6                     : mean 0.42845124423971814
cos_fast          : max 2.380638627677767 at x = 4.7831879e6                     : mean 0.30765049101183917
sin_fast          : max 2.4077368677302493 at x = 1.9315628e6                     : mean 0.30398828332048816
cos_sincos_fast   : max 1.4399801286210892 at x = 7.6014                          : mean 0.25648028831046277
sin_sincos_fast   : max 1.536017563561393 at x = 3.5375654e6                     : mean 0.25464240845078034
sin_sincos        : max 0.8732286242797076 at x = 3117.245310524474               : mean 0.21408664835309305
cos_sincos        : max 0.8767041083960657 at x = 3224.059460746519               : mean 0.2146801608026118
acos_fast         : max 2.0827101578368117 at x = 0.96982                         : mean 0.36373525037778104
asin_fast         : max 2.2629442722643422 at x = 0.24504                         : mean 0.4216418019937454
asin              : max 0.8723023301581104 at x = 0.689                           : mean 0.25920044465215764
acos              : max 0.9196713044247699 at x = 0.7067                          : mean 0.2528318622432504
atan_fast         : max 1.7468436178645819 at x = 1.1154                          : mean 0.33153537797157145
atan              : max 0.8209950627761206 at x = 1.0554                          : mean 0.2503364079414454
atan_fast         : max 1.063052055633788 at x = 5.555, 5.86                     : mean 0.2716704208353696
atan              : max 0.895234485131745 at x = 35.15, 37.8                     : mean 0.24992947130339552
log_fast          : max 2.6716125069234966 at x = 0.743                           : mean 0.39847266979588397
log               : max 0.7416786826277655 at x = 1.4898                          : mean 0.24941817656302276
log2              : max 0.5036918793521963 at x = 1.4027                          : mean 0.25017394935273946
log10             : max 0.5029167982287911 at x = 1.286                           : mean 0.2499514545418465
log1p             : max 0.8385085460136625 at x = -6.309573444801943e-17          : mean 0.21900237165886768
pow               : max 0.792791125025193 at x = 93.8, 89.9                      : mean 0.12714922595578013
cbrt_fast         : max 1.6139781531881676 at x = 9447.0                          : mean 0.3633137727888114
cbrt              : max 0.531322309716995 at x = 8194.6                          : mean 0.25040175559066397
exp2              : max 1.0770046403121791 at x = 8.524                           : mean 0.22876789462818806
exp10             : max 1.2647242517386263 at x = 8.0236                          : mean 0.2351812008341197
expm1             : max 0.7440532939364092 at x = -7.943282347242789e-17          : mean 0.12526833544459257
tanh              : max 0.989998105231458 at x = 18.72                           : mean 0.12739486592813515
sinh              : max 0.5815771544390032 at x = 0.2288                          : mean 0.21355266357902664
cosh              : max 0.5271522243019784 at x = 196.52                          : mean 0.21327375822714825
Test Summary: | Pass  Total
SLEEFPirates  |  517    517
    Testing SLEEFPirates tests passed 
