Julia Version 1.5.1-pre.28
Commit 0d71d8cd8b (2020-08-14 20:35 UTC)
Platform Info:
  OS: Linux (x86_64-linux-gnu)
  CPU: Intel(R) Xeon(R) Silver 4114 CPU @ 2.20GHz
  WORD_SIZE: 64
  LIBM: libopenlibm
  LLVM: libLLVM-9.0.1 (ORCJIT, skylake-avx512)
Environment:
  JULIA_DEPOT_PATH = ::/usr/local/share/julia
  JULIA_NUM_THREADS = 2

  Resolving package versions...
  Installed EllipsisNotation ─ v0.4.0
  Installed GrowableArrays ─── v0.1.0
Updating `~/.julia/environments/v1.5/Project.toml`
  [7ebbc34c] + GrowableArrays v0.1.0
Updating `~/.julia/environments/v1.5/Manifest.toml`
  [da5c29d0] + EllipsisNotation v0.4.0
  [7ebbc34c] + GrowableArrays v0.1.0
  [2a0f44e3] + Base64
  [8ba89e20] + Distributed
  [b77e0a4c] + InteractiveUtils
  [56ddb016] + Logging
  [d6f4376e] + Markdown
  [9a3f8284] + Random
  [9e88b42a] + Serialization
  [6462fe0b] + Sockets
  [8dfed614] + Test
    Testing GrowableArrays
Status `/tmp/jl_9hqXRr/Project.toml`
  [da5c29d0] EllipsisNotation v0.4.0
  [7ebbc34c] GrowableArrays v0.1.0
  [8dfed614] Test
Status `/tmp/jl_9hqXRr/Manifest.toml`
  [da5c29d0] EllipsisNotation v0.4.0
  [7ebbc34c] GrowableArrays v0.1.0
  [2a0f44e3] Base64
  [8ba89e20] Distributed
  [b77e0a4c] InteractiveUtils
  [56ddb016] Logging
  [d6f4376e] Markdown
  [9a3f8284] Random
  [9e88b42a] Serialization
  [6462fe0b] Sockets
  [8dfed614] Test
Run Benchmarks
Pre-Compile
Running Benchmarks
Benchmark results: 1.603532422 2.669005172 0.036852806 0.042640668 0.041917367 0.014714692 0.034147591 0.012472339
Note the overhead of building the type before the loop for small runs
    Testing GrowableArrays tests passed 
