Julia Version 1.3.0
Commit 46ce4d7933 (2019-11-26 06:09 UTC)
Platform Info:
  OS: Linux (x86_64-pc-linux-gnu)
  CPU: Intel(R) Xeon(R) Silver 4114 CPU @ 2.20GHz
  WORD_SIZE: 64
  LIBM: libopenlibm
  LLVM: libLLVM-6.0.1 (ORCJIT, skylake)

   Cloning default registries into `~/.julia`
   Cloning registry from "https://github.com/JuliaRegistries/General.git"
[?25l    Fetching: [>                                        ]  0.0 %    Fetching: [============>                            ]  29.6 %    Fetching: [=======================>                 ]  57.0 %[2K[?25h     Added registry `General` to `~/.julia/registries/General`
 Resolving package versions...
 Installed LZO_jll ─────────────────── v2.10.0+0
 Installed FriBidi_jll ─────────────── v1.0.5+2
 Installed X11_jll ─────────────────── v1.6.8+4
 Installed Xorg_xtrans_jll ─────────── v1.4.0+0
 Installed Cairo_jll ───────────────── v1.16.0+2
 Installed PaddedViews ─────────────── v0.4.2
 Installed Cairo ───────────────────── v1.0.1
 Installed ForTheBadge ─────────────── v0.1.0
 Installed SortingAlgorithms ───────── v0.3.1
 Installed Xorg_libX11_jll ─────────── v1.6.8+0
 Installed QuartzImageIO ───────────── v0.6.0
 Installed DataStructures ──────────── v0.17.6
 Installed Juno ────────────────────── v0.7.2
 Installed Libgpg_error_jll ────────── v1.36.0+0
 Installed FFTW ────────────────────── v1.1.0
 Installed Libtiff_jll ─────────────── v4.0.10+0
 Installed FileIO ──────────────────── v1.1.0
 Installed BinaryProvider ──────────── v0.5.8
 Installed Compat ──────────────────── v2.2.0
 Installed Libuuid_jll ─────────────── v2.34.0+3
 Installed Pango_jll ───────────────── v1.42.4+7
 Installed Parsers ─────────────────── v0.3.10
 Installed Xorg_libXext_jll ────────── v1.3.4+0
 Installed Pixman_jll ──────────────── v0.38.4+1
 Installed Missings ────────────────── v0.4.3
 Installed MacroTools ──────────────── v0.5.3
 Installed Xorg_libXau_jll ─────────── v1.0.9+0
 Installed Xorg_xcb_proto_jll ──────── v1.13.0+0
 Installed Gettext_jll ─────────────── v0.20.1+0
 Installed PCRE_jll ────────────────── v8.42.0+1
 Installed Xorg_xextproto_jll ──────── v7.3.0+0
 Installed Expat_jll ───────────────── v2.2.7+0
 Installed OrderedCollections ──────── v1.1.0
 Installed Libiconv_jll ────────────── v1.16.0+0
 Installed ImageMagick_jll ─────────── v6.9.10-12+0
 Installed FixedPointNumbers ───────── v0.6.1
 Installed SpecialFunctions ────────── v0.9.0
 Installed Libgcrypt_jll ───────────── v1.8.5+0
 Installed HarfBuzz_jll ────────────── v2.6.1+4
 Installed Xorg_renderproto_jll ────── v0.11.1+0
 Installed JSON ────────────────────── v0.21.0
 Installed DataAPI ─────────────────── v1.1.0
 Installed ColorTypes ──────────────── v0.8.0
 Installed Xorg_libXdmcp_jll ───────── v1.1.3+0
 Installed NaNMath ─────────────────── v0.3.3
 Installed Xorg_libXrender_jll ─────── v0.9.10+0
 Installed ImageCore ───────────────── v0.8.5
 Installed ImageMagick ─────────────── v1.0.0
 Installed OpenSpecFun_jll ─────────── v0.5.3+1
 Installed Bzip2_jll ───────────────── v1.0.6+1
 Installed Colors ──────────────────── v0.9.6
 Installed Xorg_libxcb_jll ─────────── v1.13.0+0
 Installed ColorVectorSpace ────────── v0.7.1
 Installed Xorg_kbproto_jll ────────── v1.0.7+0
 Installed Glib_jll ────────────────── v2.59.0+1
 Installed Conda ───────────────────── v1.3.0
 Installed Graphite2_jll ───────────── v1.3.13+1
 Installed Graphics ────────────────── v1.0.0
 Installed XML2_jll ────────────────── v2.9.9+0
 Installed XSLT_jll ────────────────── v1.1.33+0
 Installed Zlib_jll ────────────────── v1.2.11+7
 Installed Luxor ───────────────────── v1.7.0
 Installed VersionParsing ──────────── v1.1.3
 Installed JpegTurbo_jll ───────────── v2.0.1+0
 Installed Xorg_inputproto_jll ─────── v2.3.2+0
 Installed Xorg_xproto_jll ─────────── v7.0.31+0
 Installed MappedArrays ────────────── v0.2.2
 Installed FreeType2_jll ───────────── v2.10.1+1
 Installed Libffi_jll ──────────────── v3.2.1+0
 Installed libpng_jll ──────────────── v1.6.37+2
 Installed Media ───────────────────── v0.5.0
 Installed Reexport ────────────────── v0.2.0
 Installed OffsetArrays ────────────── v0.11.2
 Installed Xorg_util_macros_jll ────── v1.19.2+0
 Installed StatsBase ───────────────── v0.32.0
 Installed Xorg_libpthread_stubs_jll ─ v0.1.0+0
 Installed Fontconfig_jll ──────────── v2.13.1+7
 Installed AbstractFFTs ────────────── v0.5.0
 Installed Zstd_jll ────────────────── v1.4.2+0
  Updating `~/.julia/environments/v1.3/Project.toml`
  [64e55fb5] + ForTheBadge v0.1.0
  Updating `~/.julia/environments/v1.3/Manifest.toml`
  [621f4979] + AbstractFFTs v0.5.0
  [b99e7846] + BinaryProvider v0.5.8
  [6e34b625] + Bzip2_jll v1.0.6+1
  [159f3aea] + Cairo v1.0.1
  [83423d85] + Cairo_jll v1.16.0+2
  [3da002f7] + ColorTypes v0.8.0
  [c3611d14] + ColorVectorSpace v0.7.1
  [5ae59095] + Colors v0.9.6
  [34da2185] + Compat v2.2.0
  [8f4d0f93] + Conda v1.3.0
  [9a962f9c] + DataAPI v1.1.0
  [864edb3b] + DataStructures v0.17.6
  [2e619515] + Expat_jll v2.2.7+0
  [7a1cc6ca] + FFTW v1.1.0
  [5789e2e9] + FileIO v1.1.0
  [53c48c17] + FixedPointNumbers v0.6.1
  [a3f928ae] + Fontconfig_jll v2.13.1+7
  [64e55fb5] + ForTheBadge v0.1.0
  [d7e528f0] + FreeType2_jll v2.10.1+1
  [559328eb] + FriBidi_jll v1.0.5+2
  [78b55507] + Gettext_jll v0.20.1+0
  [7746bdde] + Glib_jll v2.59.0+1
  [a2bd30eb] + Graphics v1.0.0
  [3b182d85] + Graphite2_jll v1.3.13+1
  [2e76f6c2] + HarfBuzz_jll v2.6.1+4
  [a09fc81d] + ImageCore v0.8.5
  [6218d12a] + ImageMagick v1.0.0
  [c73af94c] + ImageMagick_jll v6.9.10-12+0
  [682c06a0] + JSON v0.21.0
  [aacddb02] + JpegTurbo_jll v2.0.1+0
  [e5e0dc1b] + Juno v0.7.2
  [dd4b983a] + LZO_jll v2.10.0+0
  [e9f186c6] + Libffi_jll v3.2.1+0
  [d4300ac3] + Libgcrypt_jll v1.8.5+0
  [7add5ba3] + Libgpg_error_jll v1.36.0+0
  [94ce4f54] + Libiconv_jll v1.16.0+0
  [89763e89] + Libtiff_jll v4.0.10+0
  [38a345b3] + Libuuid_jll v2.34.0+3
  [ae8d54c2] + Luxor v1.7.0
  [1914dd2f] + MacroTools v0.5.3
  [dbb5928d] + MappedArrays v0.2.2
  [e89f7d12] + Media v0.5.0
  [e1d29d7a] + Missings v0.4.3
  [77ba4419] + NaNMath v0.3.3
  [6fe1bfb0] + OffsetArrays v0.11.2
  [efe28fd5] + OpenSpecFun_jll v0.5.3+1
  [bac558e1] + OrderedCollections v1.1.0
  [2f80f16e] + PCRE_jll v8.42.0+1
  [5432bcbf] + PaddedViews v0.4.2
  [36c8627f] + Pango_jll v1.42.4+7
  [69de0a69] + Parsers v0.3.10
  [30392449] + Pixman_jll v0.38.4+1
  [dca85d43] + QuartzImageIO v0.6.0
  [189a3867] + Reexport v0.2.0
  [a2af1166] + SortingAlgorithms v0.3.1
  [276daf66] + SpecialFunctions v0.9.0
  [2913bbd2] + StatsBase v0.32.0
  [81def892] + VersionParsing v1.1.3
  [546b0b6d] + X11_jll v1.6.8+4
  [02c8fc9c] + XML2_jll v2.9.9+0
  [aed1982a] + XSLT_jll v1.1.33+0
  [84d6cd60] + Xorg_inputproto_jll v2.3.2+0
  [060dd47b] + Xorg_kbproto_jll v1.0.7+0
  [4f6342f7] + Xorg_libX11_jll v1.6.8+0
  [0c0b7dd1] + Xorg_libXau_jll v1.0.9+0
  [a3789734] + Xorg_libXdmcp_jll v1.1.3+0
  [1082639a] + Xorg_libXext_jll v1.3.4+0
  [ea2f1a96] + Xorg_libXrender_jll v0.9.10+0
  [14d82f49] + Xorg_libpthread_stubs_jll v0.1.0+0
  [c7cfdc94] + Xorg_libxcb_jll v1.13.0+0
  [21e99dc2] + Xorg_renderproto_jll v0.11.1+0
  [7c09cfe3] + Xorg_util_macros_jll v1.19.2+0
  [c2e9c405] + Xorg_xcb_proto_jll v1.13.0+0
  [d13bc2ba] + Xorg_xextproto_jll v7.3.0+0
  [46797783] + Xorg_xproto_jll v7.0.31+0
  [c5fb5394] + Xorg_xtrans_jll v1.4.0+0
  [83775a58] + Zlib_jll v1.2.11+7
  [3161d3a3] + Zstd_jll v1.4.2+0
  [b53b4c65] + libpng_jll v1.6.37+2
  [2a0f44e3] + Base64 
  [ade2ca70] + Dates 
  [8bb1440f] + DelimitedFiles 
  [8ba89e20] + Distributed 
  [b77e0a4c] + InteractiveUtils 
  [76f85450] + LibGit2 
  [8f399da3] + Libdl 
  [37e2e46d] + LinearAlgebra 
  [56ddb016] + Logging 
  [d6f4376e] + Markdown 
  [a63ad114] + Mmap 
  [44cfe95a] + Pkg 
  [de0858da] + Printf 
  [9abbd945] + Profile 
  [3fa0cd96] + REPL 
  [9a3f8284] + Random 
  [ea8e919c] + SHA 
  [9e88b42a] + Serialization 
  [1a1011a3] + SharedArrays 
  [6462fe0b] + Sockets 
  [2f01184e] + SparseArrays 
  [10745b16] + Statistics 
  [8dfed614] + Test 
  [cf7118a7] + UUIDs 
  [4ec0a83e] + Unicode 
  Building Conda → `~/.julia/packages/Conda/kLXeC/deps/build.log`
  Building FFTW ─→ `~/.julia/packages/FFTW/loJ3F/deps/build.log`
   Testing ForTheBadge
 Resolving package versions...
    Status `/tmp/jl_jnhqne/Manifest.toml`
  [621f4979] AbstractFFTs v0.5.0
  [b99e7846] BinaryProvider v0.5.8
  [6e34b625] Bzip2_jll v1.0.6+1
  [159f3aea] Cairo v1.0.1
  [83423d85] Cairo_jll v1.16.0+2
  [3da002f7] ColorTypes v0.8.0
  [c3611d14] ColorVectorSpace v0.7.1
  [5ae59095] Colors v0.9.6
  [34da2185] Compat v2.2.0
  [8f4d0f93] Conda v1.3.0
  [9a962f9c] DataAPI v1.1.0
  [864edb3b] DataStructures v0.17.6
  [2e619515] Expat_jll v2.2.7+0
  [7a1cc6ca] FFTW v1.1.0
  [5789e2e9] FileIO v1.1.0
  [53c48c17] FixedPointNumbers v0.6.1
  [a3f928ae] Fontconfig_jll v2.13.1+7
  [64e55fb5] ForTheBadge v0.1.0
  [d7e528f0] FreeType2_jll v2.10.1+1
  [559328eb] FriBidi_jll v1.0.5+2
  [78b55507] Gettext_jll v0.20.1+0
  [7746bdde] Glib_jll v2.59.0+1
  [a2bd30eb] Graphics v1.0.0
  [3b182d85] Graphite2_jll v1.3.13+1
  [2e76f6c2] HarfBuzz_jll v2.6.1+4
  [a09fc81d] ImageCore v0.8.5
  [6218d12a] ImageMagick v1.0.0
  [c73af94c] ImageMagick_jll v6.9.10-12+0
  [682c06a0] JSON v0.21.0
  [aacddb02] JpegTurbo_jll v2.0.1+0
  [e5e0dc1b] Juno v0.7.2
  [dd4b983a] LZO_jll v2.10.0+0
  [e9f186c6] Libffi_jll v3.2.1+0
  [d4300ac3] Libgcrypt_jll v1.8.5+0
  [7add5ba3] Libgpg_error_jll v1.36.0+0
  [94ce4f54] Libiconv_jll v1.16.0+0
  [89763e89] Libtiff_jll v4.0.10+0
  [38a345b3] Libuuid_jll v2.34.0+3
  [ae8d54c2] Luxor v1.7.0
  [1914dd2f] MacroTools v0.5.3
  [dbb5928d] MappedArrays v0.2.2
  [e89f7d12] Media v0.5.0
  [e1d29d7a] Missings v0.4.3
  [77ba4419] NaNMath v0.3.3
  [6fe1bfb0] OffsetArrays v0.11.2
  [efe28fd5] OpenSpecFun_jll v0.5.3+1
  [bac558e1] OrderedCollections v1.1.0
  [2f80f16e] PCRE_jll v8.42.0+1
  [5432bcbf] PaddedViews v0.4.2
  [36c8627f] Pango_jll v1.42.4+7
  [69de0a69] Parsers v0.3.10
  [30392449] Pixman_jll v0.38.4+1
  [dca85d43] QuartzImageIO v0.6.0
  [189a3867] Reexport v0.2.0
  [a2af1166] SortingAlgorithms v0.3.1
  [276daf66] SpecialFunctions v0.9.0
  [2913bbd2] StatsBase v0.32.0
  [81def892] VersionParsing v1.1.3
  [546b0b6d] X11_jll v1.6.8+4
  [02c8fc9c] XML2_jll v2.9.9+0
  [aed1982a] XSLT_jll v1.1.33+0
  [84d6cd60] Xorg_inputproto_jll v2.3.2+0
  [060dd47b] Xorg_kbproto_jll v1.0.7+0
  [4f6342f7] Xorg_libX11_jll v1.6.8+0
  [0c0b7dd1] Xorg_libXau_jll v1.0.9+0
  [a3789734] Xorg_libXdmcp_jll v1.1.3+0
  [1082639a] Xorg_libXext_jll v1.3.4+0
  [ea2f1a96] Xorg_libXrender_jll v0.9.10+0
  [14d82f49] Xorg_libpthread_stubs_jll v0.1.0+0
  [c7cfdc94] Xorg_libxcb_jll v1.13.0+0
  [21e99dc2] Xorg_renderproto_jll v0.11.1+0
  [7c09cfe3] Xorg_util_macros_jll v1.19.2+0
  [c2e9c405] Xorg_xcb_proto_jll v1.13.0+0
  [d13bc2ba] Xorg_xextproto_jll v7.3.0+0
  [46797783] Xorg_xproto_jll v7.0.31+0
  [c5fb5394] Xorg_xtrans_jll v1.4.0+0
  [83775a58] Zlib_jll v1.2.11+7
  [3161d3a3] Zstd_jll v1.4.2+0
  [b53b4c65] libpng_jll v1.6.37+2
  [2a0f44e3] Base64  [`@stdlib/Base64`]
  [ade2ca70] Dates  [`@stdlib/Dates`]
  [8bb1440f] DelimitedFiles  [`@stdlib/DelimitedFiles`]
  [8ba89e20] Distributed  [`@stdlib/Distributed`]
  [b77e0a4c] InteractiveUtils  [`@stdlib/InteractiveUtils`]
  [76f85450] LibGit2  [`@stdlib/LibGit2`]
  [8f399da3] Libdl  [`@stdlib/Libdl`]
  [37e2e46d] LinearAlgebra  [`@stdlib/LinearAlgebra`]
  [56ddb016] Logging  [`@stdlib/Logging`]
  [d6f4376e] Markdown  [`@stdlib/Markdown`]
  [a63ad114] Mmap  [`@stdlib/Mmap`]
  [44cfe95a] Pkg  [`@stdlib/Pkg`]
  [de0858da] Printf  [`@stdlib/Printf`]
  [9abbd945] Profile  [`@stdlib/Profile`]
  [3fa0cd96] REPL  [`@stdlib/REPL`]
  [9a3f8284] Random  [`@stdlib/Random`]
  [ea8e919c] SHA  [`@stdlib/SHA`]
  [9e88b42a] Serialization  [`@stdlib/Serialization`]
  [1a1011a3] SharedArrays  [`@stdlib/SharedArrays`]
  [6462fe0b] Sockets  [`@stdlib/Sockets`]
  [2f01184e] SparseArrays  [`@stdlib/SparseArrays`]
  [10745b16] Statistics  [`@stdlib/Statistics`]
  [8dfed614] Test  [`@stdlib/Test`]
  [cf7118a7] UUIDs  [`@stdlib/UUIDs`]
  [4ec0a83e] Unicode  [`@stdlib/Unicode`]
Error: no "view" mailcap rules found for type "application/pdf"
/usr/bin/xdg-open: 851: /usr/bin/xdg-open: www-browser: not found
/usr/bin/xdg-open: 851: /usr/bin/xdg-open: links2: not found
/usr/bin/xdg-open: 851: /usr/bin/xdg-open: elinks: not found
/usr/bin/xdg-open: 851: /usr/bin/xdg-open: links: not found
/usr/bin/xdg-open: 851: /usr/bin/xdg-open: lynx: not found
/usr/bin/xdg-open: 851: /usr/bin/xdg-open: w3m: not found
xdg-open: no method available for opening 'FOR THE_BADGE.pdf'
create badges: Error During Test at /home/pkgeval/.julia/packages/ForTheBadge/dxVFL/test/runtests.jl:11
  Got exception outside of a @test
  failed process: Process(`xdg-open 'FOR THE_BADGE.pdf'`, ProcessExited(3)) [3]
  
  Stacktrace:
   [1] pipeline_error at ./process.jl:525 [inlined]
   [2] #run#565(::Bool, ::typeof(run), ::Cmd) at ./process.jl:440
   [3] run at ./process.jl:438 [inlined]
   [4] preview() at /home/pkgeval/.julia/packages/Luxor/PWcXR/src/drawings.jl:291
   [5] #badge#1(::Tuple{String,String}, ::Tuple{ColorTypes.RGB{FixedPointNumbers.Normed{UInt8,8}},ColorTypes.RGB{FixedPointNumbers.Normed{UInt8,8}}}, ::Tuple{ColorTypes.RGB{FixedPointNumbers.Normed{UInt8,8}},ColorTypes.RGB{FixedPointNumbers.Normed{UInt8,8}}}, ::Int64, ::Int64, ::Symbol, ::String, ::Int64, ::Symbol, ::Bool, ::typeof(badge), ::Tuple{String,String}) at /home/pkgeval/.julia/packages/ForTheBadge/dxVFL/src/ForTheBadge.jl:94
   [6] badge(::Tuple{String,String}) at /home/pkgeval/.julia/packages/ForTheBadge/dxVFL/src/ForTheBadge.jl:64
   [7] #badge#8 at /home/pkgeval/.julia/packages/ForTheBadge/dxVFL/src/ForTheBadge.jl:99 [inlined]
   [8] badge(::String, ::String) at /home/pkgeval/.julia/packages/ForTheBadge/dxVFL/src/ForTheBadge.jl:99
   [9] top-level scope at /home/pkgeval/.julia/packages/ForTheBadge/dxVFL/test/runtests.jl:12
   [10] top-level scope at /buildworker/worker/package_linux64/build/usr/share/julia/stdlib/v1.3/Test/src/Test.jl:1107
   [11] top-level scope at /home/pkgeval/.julia/packages/ForTheBadge/dxVFL/test/runtests.jl:12
   [12] include at ./boot.jl:328 [inlined]
   [13] include_relative(::Module, ::String) at ./loading.jl:1105
   [14] include(::Module, ::String) at ./Base.jl:31
   [15] include(::String) at ./client.jl:424
   [16] top-level scope at none:6
   [17] eval(::Module, ::Any) at ./boot.jl:330
   [18] exec_options(::Base.JLOptions) at ./client.jl:263
   [19] _start() at ./client.jl:460
  
Test Summary: | Error  Total
create badges |     1      1
ERROR: LoadError: Some tests did not pass: 0 passed, 0 failed, 1 errored, 0 broken.
in expression starting at /home/pkgeval/.julia/packages/ForTheBadge/dxVFL/test/runtests.jl:11
ERROR: Package ForTheBadge errored during testing
Stacktrace:
 [1] pkgerror(::String, ::Vararg{String,N} where N) at /buildworker/worker/package_linux64/build/usr/share/julia/stdlib/v1.3/Pkg/src/Types.jl:113
 [2] #test#131(::Bool, ::Nothing, ::Cmd, ::Cmd, ::typeof(Pkg.Operations.test), ::Pkg.Types.Context, ::Array{Pkg.Types.PackageSpec,1}) at /buildworker/worker/package_linux64/build/usr/share/julia/stdlib/v1.3/Pkg/src/Operations.jl:1370
 [3] #test at ./none:0 [inlined]
 [4] #test#62(::Bool, ::Nothing, ::Cmd, ::Cmd, ::Base.Iterators.Pairs{Union{},Union{},Tuple{},NamedTuple{(),Tuple{}}}, ::typeof(Pkg.API.test), ::Pkg.Types.Context, ::Array{Pkg.Types.PackageSpec,1}) at /buildworker/worker/package_linux64/build/usr/share/julia/stdlib/v1.3/Pkg/src/API.jl:253
 [5] test(::Pkg.Types.Context, ::Array{Pkg.Types.PackageSpec,1}) at /buildworker/worker/package_linux64/build/usr/share/julia/stdlib/v1.3/Pkg/src/API.jl:239
 [6] #test#61 at /buildworker/worker/package_linux64/build/usr/share/julia/stdlib/v1.3/Pkg/src/API.jl:233 [inlined]
 [7] test at /buildworker/worker/package_linux64/build/usr/share/julia/stdlib/v1.3/Pkg/src/API.jl:233 [inlined]
 [8] #test#60 at /buildworker/worker/package_linux64/build/usr/share/julia/stdlib/v1.3/Pkg/src/API.jl:232 [inlined]
 [9] test at /buildworker/worker/package_linux64/build/usr/share/julia/stdlib/v1.3/Pkg/src/API.jl:232 [inlined]
 [10] #test#59(::Base.Iterators.Pairs{Union{},Union{},Tuple{},NamedTuple{(),Tuple{}}}, ::typeof(Pkg.API.test), ::String) at /buildworker/worker/package_linux64/build/usr/share/julia/stdlib/v1.3/Pkg/src/API.jl:231
 [11] test(::String) at /buildworker/worker/package_linux64/build/usr/share/julia/stdlib/v1.3/Pkg/src/API.jl:231
 [12] top-level scope at none:12
