Julia Version 1.4.0
Commit 571c4c41f7 (2020-04-07 06:24 UTC)
Platform Info:
  OS: Linux (x86_64-linux-gnu)
  CPU: Intel(R) Xeon(R) Silver 4114 CPU @ 2.20GHz
  WORD_SIZE: 64
  LIBM: libopenlibm
  LLVM: libLLVM-8.0.1 (ORCJIT, skylake)
Environment:
  JULIA_DEPOT_PATH = ::/usr/local/share/julia
  JULIA_NUM_THREADS = 2

  Resolving package versions...
  Installed Expokit ─ v0.2.0
   Updating `~/.julia/environments/v1.4/Project.toml`
  [a1e7a1ef] + Expokit v0.2.0
   Updating `~/.julia/environments/v1.4/Manifest.toml`
  [a1e7a1ef] + Expokit v0.2.0
  [2a0f44e3] + Base64 
  [8ba89e20] + Distributed 
  [b77e0a4c] + InteractiveUtils 
  [8f399da3] + Libdl 
  [37e2e46d] + LinearAlgebra 
  [56ddb016] + Logging 
  [d6f4376e] + Markdown 
  [9a3f8284] + Random 
  [9e88b42a] + Serialization 
  [6462fe0b] + Sockets 
  [2f01184e] + SparseArrays 
  [8dfed614] + Test 
    Testing Expokit
Status `/tmp/jl_OEKDO9/Manifest.toml`
  [a1e7a1ef] Expokit v0.2.0
  [2a0f44e3] Base64 
  [8ba89e20] Distributed 
  [b77e0a4c] InteractiveUtils 
  [8f399da3] Libdl 
  [37e2e46d] LinearAlgebra 
  [56ddb016] Logging 
  [d6f4376e] Markdown 
  [9a3f8284] Random 
  [9e88b42a] Serialization 
  [6462fe0b] Sockets 
  [2f01184e] SparseArrays 
  [8dfed614] Test 
testing real n=100 (first expmv, then expm)
residuum: 2.8259643908311197e-15
time dif: -0.6882188199999999

testing complex n=100 (first expmv, then expm)
residuum: 4.732991135720615e-16
time dif: -1.1572438750000003

testing real n=1000 (first expmv, then expm)
residuum: 7.791379306343208e-11
time dif: -7.963432626

testing complex n=1000 (first expmv, then expm)
residuum: 1.3528144246238935e-14
time dif: -16.125055909

testing linear operator n=1000 (first expmv, then expm)
┌ Warning: opnorm(LinearOp, Inf) is not defined, fall back to using `anorm = 1.0`.
│ To suppress this warning, please specify the `anorm` keyword manually.
└ @ Expokit ~/.julia/packages/Expokit/fQbKs/src/expmv.jl:8
residuum: 2.137733077173222e-14
time dif: 0.4835091680000003

testing 2x2 cases
residua: 1.1102230246251565e-16, 0.0

testing real n=1000 (first padm, then expm)
residuum: 1.7960303390928933e-16
time dif: -2.1197886910000006

testing complex n=100 (first padm, then expm)
residuum: 1.4929002118135493e-16
time dif: -3.65224046

testing real n=100 (first chbv, then expm)
residuum: 2.9050765119045107e-12
time dif: 16.190018187

testing complex n=100 (first chbv, then expm)
residuum: 2.752032191764695e-12
time dif: 27.691021044000003

testing real n=1000 (first chbv, then expm)
residuum: 4.345158718281501e-12
time dif: 40.446386484

testing real n=100 (first phimv, then expm)
residuum: 9.590754754961275e-16
time dif: -0.46636925300000004

testing complex n=100 (first phimv, then expm)
residuum: 2.7280423169618324e-15
time dif: -0.552957398

testing real n=1000 (first phimv, then expm)
residuum: 1.709658473632629e-14
time dif: -5.381687836999999

testing complex n=1000 (first phimv, then expm)
residuum: 1.7016220778081098e-14
time dif: -13.419637355999999

testing real n=1000 (first phimv, then expm), the linear operator version.
┌ Warning: opnorm(LinearOp, Inf) is not defined, fall back to using `anorm = 1.0`.
│ To suppress this warning, please specify the `anorm` keyword manually.
└ @ Expokit ~/.julia/packages/Expokit/fQbKs/src/expmv.jl:8
┌ Warning: opnorm(LinearOp, Inf) is not defined, fall back to using `anorm = 1.0`.
│ To suppress this warning, please specify the `anorm` keyword manually.
└ @ Expokit ~/.julia/packages/Expokit/fQbKs/src/expmv.jl:8
residuum: 2.78883329369703e-14
time dif: -5.669398737

    Testing Expokit tests passed 
