Current time is 2020-10-25T19:47:05.47
Julia Version 1.5.3-pre.0
Commit 5905edebb1 (2020-09-24 05:09 UTC)
Platform Info:
  OS: Linux (x86_64-pc-linux-gnu)
  CPU: AMD EPYC 7502 32-Core Processor
  WORD_SIZE: 64
  LIBM: libopenlibm
  LLVM: libLLVM-9.0.1 (ORCJIT, znver2)
Environment:
  JULIA_DEPOT_PATH = ::/usr/local/share/julia
  JULIA_NUM_THREADS = 2
  JULIA_MAX_NUM_PRECOMPILE_FILES = 9223372036854775807
  JULIA_PKG_SERVER = 

Starting installation at 2020-10-25T19:47:09.01
  Resolving package versions...
  Installed StrTables ────── v1.0.1
  Installed Emoji_Entities ─ v1.0.0
  Installed Parsers ──────── v1.0.11
  Installed JSON ─────────── v0.21.1
Updating `~/.julia/environments/v1.5/Project.toml`
  [fd8f23de] + Emoji_Entities v1.0.0
Updating `~/.julia/environments/v1.5/Manifest.toml`
  [fd8f23de] + Emoji_Entities v1.0.0
  [682c06a0] + JSON v0.21.1
  [69de0a69] + Parsers v1.0.11
  [9700d1a9] + StrTables v1.0.1
  [ade2ca70] + Dates
  [a63ad114] + Mmap
  [de0858da] + Printf
  [4ec0a83e] + Unicode
   Building Emoji_Entities → `~/.julia/packages/Emoji_Entities/MGJjG/deps/build.log`
Starting tests at 2020-10-25T19:47:22.158
    Testing Emoji_Entities
Status `/tmp/jl_M71ss0/Project.toml`
  [fd8f23de] Emoji_Entities v1.0.0
  [682c06a0] JSON v0.21.1
  [9700d1a9] StrTables v1.0.1
  [8dfed614] Test
Status `/tmp/jl_M71ss0/Manifest.toml`
  [fd8f23de] Emoji_Entities v1.0.0
  [682c06a0] JSON v0.21.1
  [69de0a69] Parsers v1.0.11
  [9700d1a9] StrTables v1.0.1
  [2a0f44e3] Base64
  [ade2ca70] Dates
  [8ba89e20] Distributed
  [b77e0a4c] InteractiveUtils
  [56ddb016] Logging
  [d6f4376e] Markdown
  [a63ad114] Mmap
  [de0858da] Printf
  [9a3f8284] Random
  [9e88b42a] Serialization
  [6462fe0b] Sockets
  [8dfed614] Test
  [4ec0a83e] Unicode
Test Summary:  | Pass  Total
Emoji_Entities |   30     30
    Testing Emoji_Entities tests passed 
Finished at 2020-10-25T19:47:31.627
