Current time is 2020-10-25T19:30:50.595
Julia Version 1.5.3-pre.0
Commit 5905edebb1 (2020-09-24 05:09 UTC)
Platform Info:
  OS: Linux (x86_64-pc-linux-gnu)
  CPU: AMD EPYC 7502 32-Core Processor
  WORD_SIZE: 64
  LIBM: libopenlibm
  LLVM: libLLVM-9.0.1 (ORCJIT, znver2)
Environment:
  JULIA_DEPOT_PATH = ::/usr/local/share/julia
  JULIA_NUM_THREADS = 2
  JULIA_MAX_NUM_PRECOMPILE_FILES = 9223372036854775807
  JULIA_PKG_SERVER = 

Starting installation at 2020-10-25T19:30:53.587
  Resolving package versions...
  Installed KissCaches ─ v0.1.0
Updating `~/.julia/environments/v1.5/Project.toml`
  [6ce64394] + KissCaches v0.1.0
Updating `~/.julia/environments/v1.5/Manifest.toml`
  [6ce64394] + KissCaches v0.1.0
Starting tests at 2020-10-25T19:30:55.089
    Testing KissCaches
Status `/tmp/jl_8pBSyX/Project.toml`
  [6ce64394] KissCaches v0.1.0
  [8dfed614] Test
Status `/tmp/jl_8pBSyX/Manifest.toml`
  [6ce64394] KissCaches v0.1.0
  [2a0f44e3] Base64
  [8ba89e20] Distributed
  [b77e0a4c] InteractiveUtils
  [56ddb016] Logging
  [d6f4376e] Markdown
  [9a3f8284] Random
  [9e88b42a] Serialization
  [6462fe0b] Sockets
  [8dfed614] Test
Test Summary: | Pass  Total
test          |   25     25
Test Summary: | Pass  Total
GLOBAL_CACHE  |    6      6
Test Summary:         | Pass  Total
interesting behaviour |   12     12
    Testing KissCaches tests passed 
Finished at 2020-10-25T19:31:05.781
