Current time is 2020-10-25T19:46:28.384
Julia Version 1.5.3-pre.0
Commit 5905edebb1 (2020-09-24 05:09 UTC)
Platform Info:
  OS: Linux (x86_64-pc-linux-gnu)
  CPU: AMD EPYC 7502 32-Core Processor
  WORD_SIZE: 64
  LIBM: libopenlibm
  LLVM: libLLVM-9.0.1 (ORCJIT, znver2)
Environment:
  JULIA_DEPOT_PATH = ::/usr/local/share/julia
  JULIA_NUM_THREADS = 2
  JULIA_MAX_NUM_PRECOMPILE_FILES = 9223372036854775807
  JULIA_PKG_SERVER = 

Starting installation at 2020-10-25T19:46:31.412
  Resolving package versions...
  Installed Crayons ──────────────── v4.0.4
  Installed TextWrap ─────────────── v1.0.1
  Installed TERMIOS ──────────────── v0.2.1
  Installed TerminalUserInterfaces ─ v0.2.0
Updating `~/.julia/environments/v1.5/Project.toml`
  [408767e4] + TerminalUserInterfaces v0.2.0
Updating `~/.julia/environments/v1.5/Manifest.toml`
  [a8cc5b0e] + Crayons v4.0.4
  [10233e3b] + TERMIOS v0.2.1
  [408767e4] + TerminalUserInterfaces v0.2.0
  [b718987f] + TextWrap v1.0.1
  [2a0f44e3] + Base64
  [b77e0a4c] + InteractiveUtils
  [d6f4376e] + Markdown
  [3fa0cd96] + REPL
  [6462fe0b] + Sockets
Starting tests at 2020-10-25T19:46:34.413
    Testing TerminalUserInterfaces
Status `/tmp/jl_7O5yCX/Project.toml`
  [a8cc5b0e] Crayons v4.0.4
  [10233e3b] TERMIOS v0.2.1
  [408767e4] TerminalUserInterfaces v0.2.0
  [b718987f] TextWrap v1.0.1
  [d6f4376e] Markdown
  [3fa0cd96] REPL
  [8dfed614] Test
Status `/tmp/jl_7O5yCX/Manifest.toml`
  [a8cc5b0e] Crayons v4.0.4
  [10233e3b] TERMIOS v0.2.1
  [408767e4] TerminalUserInterfaces v0.2.0
  [b718987f] TextWrap v1.0.1
  [2a0f44e3] Base64
  [8ba89e20] Distributed
  [b77e0a4c] InteractiveUtils
  [56ddb016] Logging
  [d6f4376e] Markdown
  [3fa0cd96] REPL
  [9a3f8284] Random
  [9e88b42a] Serialization
  [6462fe0b] Sockets
  [8dfed614] Test
Test Summary: |
TUI.jl        | No tests
    Testing TerminalUserInterfaces tests passed 
Finished at 2020-10-25T19:46:44.805
