Julia Version 1.5.2-pre.25
Commit be8475f41a (2020-09-09 06:41 UTC)
Platform Info:
  OS: Linux (x86_64-linux-gnu)
  CPU: Intel(R) Xeon(R) Silver 4114 CPU @ 2.20GHz
  WORD_SIZE: 64
  LIBM: libopenlibm
  LLVM: libLLVM-9.0.1 (ORCJIT, skylake-avx512)
Environment:
  JULIA_DEPOT_PATH = ::/usr/local/share/julia
  JULIA_NUM_THREADS = 2

  Resolving package versions...
  Installed Requires ───────────────────── v1.0.2
  Installed UnPack ─────────────────────── v1.0.2
  Installed ConditionalDists ───────────── v0.4.2
  Installed VectorizationBase ──────────── v0.12.33
  Installed GPUCompiler ────────────────── v0.6.1
  Installed IRTools ────────────────────── v0.4.1
  Installed DocStringExtensions ────────── v0.8.3
  Installed Flux ───────────────────────── v0.11.1
  Installed CompilerSupportLibraries_jll ─ v0.3.3+0
  Installed DataAPI ────────────────────── v1.3.0
  Installed Colors ─────────────────────── v0.12.4
  Installed SortingAlgorithms ──────────── v0.3.1
  Installed ZipFile ────────────────────── v0.9.2
  Installed StatsBase ──────────────────── v0.33.1
  Installed Rmath_jll ──────────────────── v0.2.2+1
  Installed Zlib_jll ───────────────────── v1.2.11+16
  Installed GPUArrays ──────────────────── v5.1.0
  Installed DistributionsAD ────────────── v0.6.7
  Installed Rmath ──────────────────────── v0.6.1
  Installed TranscodingStreams ─────────── v0.9.5
  Installed FillArrays ─────────────────── v0.9.6
  Installed CpuId ──────────────────────── v0.2.2
  Installed AbstractTrees ──────────────── v0.3.3
  Installed DiffResults ────────────────── v1.0.2
  Installed OpenSpecFun_jll ────────────── v0.5.3+3
  Installed TimerOutputs ───────────────── v0.5.6
  Installed Juno ───────────────────────── v0.8.3
  Installed AbstractFFTs ───────────────── v0.5.0
  Installed LLVM ───────────────────────── v2.0.0
  Installed CodecZlib ──────────────────── v0.7.0
  Installed ArrayLayouts ───────────────── v0.4.7
  Installed ChainRulesCore ─────────────── v0.9.7
  Installed OffsetArrays ───────────────── v1.1.3
  Installed NaNMath ────────────────────── v0.3.4
  Installed Zygote ─────────────────────── v0.5.6
  Installed Compat ─────────────────────── v3.15.0
  Installed NNlib ──────────────────────── v0.7.4
  Installed PDMats ─────────────────────── v0.10.0
  Installed SpecialFunctions ───────────── v0.10.3
  Installed OrderedCollections ─────────── v1.3.0
  Installed MacroTools ─────────────────── v0.5.5
  Installed DiffRules ──────────────────── v1.0.1
  Installed FixedPointNumbers ──────────── v0.8.4
  Installed SLEEFPirates ───────────────── v0.5.5
  Installed CUDA ───────────────────────── v1.3.3
  Installed Missings ───────────────────── v0.4.4
  Installed Functors ───────────────────── v0.1.0
  Installed CEnum ──────────────────────── v0.4.1
  Installed QuadGK ─────────────────────── v2.4.1
  Installed ColorTypes ─────────────────── v0.10.9
  Installed StatsFuns ──────────────────── v0.9.5
  Installed ForwardDiff ────────────────── v0.10.12
  Installed StaticArrays ───────────────── v0.12.4
  Installed CommonSubexpressions ───────── v0.3.0
  Installed ExprTools ──────────────────── v0.1.2
  Installed BinaryProvider ─────────────── v0.5.10
  Installed DataStructures ─────────────── v0.18.4
  Installed Reexport ───────────────────── v0.2.0
  Installed MuladdMacro ────────────────── v0.2.2
  Installed SIMDPirates ────────────────── v0.8.25
  Installed Adapt ──────────────────────── v2.0.2
  Installed Media ──────────────────────── v0.5.0
  Installed ChainRules ─────────────────── v0.7.17
  Installed ZygoteRules ────────────────── v0.2.0
  Installed Distributions ──────────────── v0.23.11
  Installed LoopVectorization ──────────── v0.8.26
Updating `~/.julia/environments/v1.5/Project.toml`
  [c648c4dd] + ConditionalDists v0.4.2
Updating `~/.julia/environments/v1.5/Manifest.toml`
  [621f4979] + AbstractFFTs v0.5.0
  [1520ce14] + AbstractTrees v0.3.3
  [79e6a3ab] + Adapt v2.0.2
  [4c555306] + ArrayLayouts v0.4.7
  [b99e7846] + BinaryProvider v0.5.10
  [fa961155] + CEnum v0.4.1
  [052768ef] + CUDA v1.3.3
  [082447d4] + ChainRules v0.7.17
  [d360d2e6] + ChainRulesCore v0.9.7
  [944b1d66] + CodecZlib v0.7.0
  [3da002f7] + ColorTypes v0.10.9
  [5ae59095] + Colors v0.12.4
  [bbf7d656] + CommonSubexpressions v0.3.0
  [34da2185] + Compat v3.15.0
  [e66e0078] + CompilerSupportLibraries_jll v0.3.3+0
  [c648c4dd] + ConditionalDists v0.4.2
  [adafc99b] + CpuId v0.2.2
  [9a962f9c] + DataAPI v1.3.0
  [864edb3b] + DataStructures v0.18.4
  [163ba53b] + DiffResults v1.0.2
  [b552c78f] + DiffRules v1.0.1
  [31c24e10] + Distributions v0.23.11
  [ced4e74d] + DistributionsAD v0.6.7
  [ffbed154] + DocStringExtensions v0.8.3
  [e2ba6199] + ExprTools v0.1.2
  [1a297f60] + FillArrays v0.9.6
  [53c48c17] + FixedPointNumbers v0.8.4
  [587475ba] + Flux v0.11.1
  [f6369f11] + ForwardDiff v0.10.12
  [d9f16b24] + Functors v0.1.0
  [0c68f7d7] + GPUArrays v5.1.0
  [61eb1bfa] + GPUCompiler v0.6.1
  [7869d1d1] + IRTools v0.4.1
  [e5e0dc1b] + Juno v0.8.3
  [929cbde3] + LLVM v2.0.0
  [bdcacae8] + LoopVectorization v0.8.26
  [1914dd2f] + MacroTools v0.5.5
  [e89f7d12] + Media v0.5.0
  [e1d29d7a] + Missings v0.4.4
  [46d2c3a1] + MuladdMacro v0.2.2
  [872c559c] + NNlib v0.7.4
  [77ba4419] + NaNMath v0.3.4
  [6fe1bfb0] + OffsetArrays v1.1.3
  [efe28fd5] + OpenSpecFun_jll v0.5.3+3
  [bac558e1] + OrderedCollections v1.3.0
  [90014a1f] + PDMats v0.10.0
  [1fd47b50] + QuadGK v2.4.1
  [189a3867] + Reexport v0.2.0
  [ae029012] + Requires v1.0.2
  [79098fc4] + Rmath v0.6.1
  [f50d1b31] + Rmath_jll v0.2.2+1
  [21efa798] + SIMDPirates v0.8.25
  [476501e8] + SLEEFPirates v0.5.5
  [a2af1166] + SortingAlgorithms v0.3.1
  [276daf66] + SpecialFunctions v0.10.3
  [90137ffa] + StaticArrays v0.12.4
  [2913bbd2] + StatsBase v0.33.1
  [4c63d2b9] + StatsFuns v0.9.5
  [a759f4b9] + TimerOutputs v0.5.6
  [3bb67fe8] + TranscodingStreams v0.9.5
  [3a884ed6] + UnPack v1.0.2
  [3d5dd08c] + VectorizationBase v0.12.33
  [a5390f91] + ZipFile v0.9.2
  [83775a58] + Zlib_jll v1.2.11+16
  [e88e6eb3] + Zygote v0.5.6
  [700de1a5] + ZygoteRules v0.2.0
  [2a0f44e3] + Base64
  [ade2ca70] + Dates
  [8bb1440f] + DelimitedFiles
  [8ba89e20] + Distributed
  [9fa8497b] + Future
  [b77e0a4c] + InteractiveUtils
  [76f85450] + LibGit2
  [8f399da3] + Libdl
  [37e2e46d] + LinearAlgebra
  [56ddb016] + Logging
  [d6f4376e] + Markdown
  [a63ad114] + Mmap
  [44cfe95a] + Pkg
  [de0858da] + Printf
  [9abbd945] + Profile
  [3fa0cd96] + REPL
  [9a3f8284] + Random
  [ea8e919c] + SHA
  [9e88b42a] + Serialization
  [1a1011a3] + SharedArrays
  [6462fe0b] + Sockets
  [2f01184e] + SparseArrays
  [10745b16] + Statistics
  [4607b0f0] + SuiteSparse
  [8dfed614] + Test
  [cf7118a7] + UUIDs
  [4ec0a83e] + Unicode
   Building SLEEFPirates → `~/.julia/packages/SLEEFPirates/jGsib/deps/build.log`
    Testing ConditionalDists
Status `/tmp/jl_r6mlsG/Project.toml`
  [d360d2e6] ChainRulesCore v0.9.7
  [c648c4dd] ConditionalDists v0.4.2
  [31c24e10] Distributions v0.23.11
  [ced4e74d] DistributionsAD v0.6.7
  [587475ba] Flux v0.11.1
  [90014a1f] PDMats v0.10.0
  [37e2e46d] LinearAlgebra
  [9a3f8284] Random
  [8dfed614] Test
Status `/tmp/jl_r6mlsG/Manifest.toml`
  [621f4979] AbstractFFTs v0.5.0
  [1520ce14] AbstractTrees v0.3.3
  [79e6a3ab] Adapt v2.0.2
  [4c555306] ArrayLayouts v0.4.7
  [b99e7846] BinaryProvider v0.5.10
  [fa961155] CEnum v0.4.1
  [052768ef] CUDA v1.3.3
  [082447d4] ChainRules v0.7.17
  [d360d2e6] ChainRulesCore v0.9.7
  [944b1d66] CodecZlib v0.7.0
  [3da002f7] ColorTypes v0.10.9
  [5ae59095] Colors v0.12.4
  [bbf7d656] CommonSubexpressions v0.3.0
  [34da2185] Compat v3.15.0
  [e66e0078] CompilerSupportLibraries_jll v0.3.3+0
  [c648c4dd] ConditionalDists v0.4.2
  [adafc99b] CpuId v0.2.2
  [9a962f9c] DataAPI v1.3.0
  [864edb3b] DataStructures v0.18.4
  [163ba53b] DiffResults v1.0.2
  [b552c78f] DiffRules v1.0.1
  [31c24e10] Distributions v0.23.11
  [ced4e74d] DistributionsAD v0.6.7
  [ffbed154] DocStringExtensions v0.8.3
  [e2ba6199] ExprTools v0.1.2
  [1a297f60] FillArrays v0.9.6
  [53c48c17] FixedPointNumbers v0.8.4
  [587475ba] Flux v0.11.1
  [f6369f11] ForwardDiff v0.10.12
  [d9f16b24] Functors v0.1.0
  [0c68f7d7] GPUArrays v5.1.0
  [61eb1bfa] GPUCompiler v0.6.1
  [7869d1d1] IRTools v0.4.1
  [e5e0dc1b] Juno v0.8.3
  [929cbde3] LLVM v2.0.0
  [bdcacae8] LoopVectorization v0.8.26
  [1914dd2f] MacroTools v0.5.5
  [e89f7d12] Media v0.5.0
  [e1d29d7a] Missings v0.4.4
  [46d2c3a1] MuladdMacro v0.2.2
  [872c559c] NNlib v0.7.4
  [77ba4419] NaNMath v0.3.4
  [6fe1bfb0] OffsetArrays v1.1.3
  [efe28fd5] OpenSpecFun_jll v0.5.3+3
  [bac558e1] OrderedCollections v1.3.0
  [90014a1f] PDMats v0.10.0
  [1fd47b50] QuadGK v2.4.1
  [189a3867] Reexport v0.2.0
  [ae029012] Requires v1.0.2
  [79098fc4] Rmath v0.6.1
  [f50d1b31] Rmath_jll v0.2.2+1
  [21efa798] SIMDPirates v0.8.25
  [476501e8] SLEEFPirates v0.5.5
  [a2af1166] SortingAlgorithms v0.3.1
  [276daf66] SpecialFunctions v0.10.3
  [90137ffa] StaticArrays v0.12.4
  [2913bbd2] StatsBase v0.33.1
  [4c63d2b9] StatsFuns v0.9.5
  [a759f4b9] TimerOutputs v0.5.6
  [3bb67fe8] TranscodingStreams v0.9.5
  [3a884ed6] UnPack v1.0.2
  [3d5dd08c] VectorizationBase v0.12.33
  [a5390f91] ZipFile v0.9.2
  [83775a58] Zlib_jll v1.2.11+16
  [e88e6eb3] Zygote v0.5.6
  [700de1a5] ZygoteRules v0.2.0
  [2a0f44e3] Base64
  [ade2ca70] Dates
  [8bb1440f] DelimitedFiles
  [8ba89e20] Distributed
  [9fa8497b] Future
  [b77e0a4c] InteractiveUtils
  [76f85450] LibGit2
  [8f399da3] Libdl
  [37e2e46d] LinearAlgebra
  [56ddb016] Logging
  [d6f4376e] Markdown
  [a63ad114] Mmap
  [44cfe95a] Pkg
  [de0858da] Printf
  [9abbd945] Profile
  [3fa0cd96] REPL
  [9a3f8284] Random
  [ea8e919c] SHA
  [9e88b42a] Serialization
  [1a1011a3] SharedArrays
  [6462fe0b] Sockets
  [2f01184e] SparseArrays
  [10745b16] Statistics
  [4607b0f0] SuiteSparse
  [8dfed614] Test
  [cf7118a7] UUIDs
  [4ec0a83e] Unicode
ConditionalDistribution: Error During Test at /home/pkgeval/.julia/packages/ConditionalDists/O1xjn/test/cond_dist.jl:1
  Got exception outside of a @test
  GPU compilation of kernel broadcast_kernel(CUDA.CuKernelContext, CUDA.CuDeviceArray{Float64,1,CUDA.AS.Global}, Base.Broadcast.Broadcasted{Nothing,Tuple{Base.OneTo{Int64}},typeof(+),Tuple{Base.Broadcast.Extruded{CUDA.CuDeviceArray{Float32,1,CUDA.AS.Global},Tuple{Bool},Tuple{Int64}},Base.Broadcast.Broadcasted{CUDA.CuArrayStyle{1},Nothing,typeof(*),Tuple{Base.Broadcast.Extruded{CUDA.CuDeviceArray{Float32,1,CUDA.AS.Global},Tuple{Bool},Tuple{Int64}},Base.Broadcast.Extruded{Array{Float64,1},Tuple{Bool},Tuple{Int64}}}}}}, Int64) failed
  KernelError: passing and using non-bitstype argument
  
  Argument 4 to your kernel function is of type Base.Broadcast.Broadcasted{Nothing,Tuple{Base.OneTo{Int64}},typeof(+),Tuple{Base.Broadcast.Extruded{CUDA.CuDeviceArray{Float32,1,CUDA.AS.Global},Tuple{Bool},Tuple{Int64}},Base.Broadcast.Broadcasted{CUDA.CuArrayStyle{1},Nothing,typeof(*),Tuple{Base.Broadcast.Extruded{CUDA.CuDeviceArray{Float32,1,CUDA.AS.Global},Tuple{Bool},Tuple{Int64}},Base.Broadcast.Extruded{Array{Float64,1},Tuple{Bool},Tuple{Int64}}}}}}, which is not isbits:
    .args is of type Tuple{Base.Broadcast.Extruded{CUDA.CuDeviceArray{Float32,1,CUDA.AS.Global},Tuple{Bool},Tuple{Int64}},Base.Broadcast.Broadcasted{CUDA.CuArrayStyle{1},Nothing,typeof(*),Tuple{Base.Broadcast.Extruded{CUDA.CuDeviceArray{Float32,1,CUDA.AS.Global},Tuple{Bool},Tuple{Int64}},Base.Broadcast.Extruded{Array{Float64,1},Tuple{Bool},Tuple{Int64}}}}} which is not isbits.
      .2 is of type Base.Broadcast.Broadcasted{CUDA.CuArrayStyle{1},Nothing,typeof(*),Tuple{Base.Broadcast.Extruded{CUDA.CuDeviceArray{Float32,1,CUDA.AS.Global},Tuple{Bool},Tuple{Int64}},Base.Broadcast.Extruded{Array{Float64,1},Tuple{Bool},Tuple{Int64}}}} which is not isbits.
        .args is of type Tuple{Base.Broadcast.Extruded{CUDA.CuDeviceArray{Float32,1,CUDA.AS.Global},Tuple{Bool},Tuple{Int64}},Base.Broadcast.Extruded{Array{Float64,1},Tuple{Bool},Tuple{Int64}}} which is not isbits.
          .2 is of type Base.Broadcast.Extruded{Array{Float64,1},Tuple{Bool},Tuple{Int64}} which is not isbits.
            .x is of type Array{Float64,1} which is not isbits.
  
  
  Stacktrace:
   [1] check_invocation(::GPUCompiler.CompilerJob{GPUCompiler.PTXCompilerTarget,CUDA.CUDACompilerParams}, ::LLVM.Function) at /home/pkgeval/.julia/packages/GPUCompiler/GKp4B/src/validation.jl:68
   [2] macro expansion at /home/pkgeval/.julia/packages/GPUCompiler/GKp4B/src/driver.jl:240 [inlined]
   [3] macro expansion at /home/pkgeval/.julia/packages/TimerOutputs/dVnaw/src/TimerOutput.jl:206 [inlined]
   [4] codegen(::Symbol, ::GPUCompiler.CompilerJob{GPUCompiler.PTXCompilerTarget,CUDA.CUDACompilerParams}; libraries::Bool, deferred_codegen::Bool, optimize::Bool, strip::Bool, validate::Bool, only_entry::Bool) at /home/pkgeval/.julia/packages/GPUCompiler/GKp4B/src/driver.jl:239
   [5] compile(::Symbol, ::GPUCompiler.CompilerJob{GPUCompiler.PTXCompilerTarget,CUDA.CUDACompilerParams}; libraries::Bool, deferred_codegen::Bool, optimize::Bool, strip::Bool, validate::Bool, only_entry::Bool) at /home/pkgeval/.julia/packages/GPUCompiler/GKp4B/src/driver.jl:39
   [6] compile at /home/pkgeval/.julia/packages/GPUCompiler/GKp4B/src/driver.jl:35 [inlined]
   [7] _cufunction(::GPUCompiler.FunctionSpec{GPUArrays.var"#broadcast_kernel#18",Tuple{CUDA.CuKernelContext,CUDA.CuDeviceArray{Float64,1,CUDA.AS.Global},Base.Broadcast.Broadcasted{Nothing,Tuple{Base.OneTo{Int64}},typeof(+),Tuple{Base.Broadcast.Extruded{CUDA.CuDeviceArray{Float32,1,CUDA.AS.Global},Tuple{Bool},Tuple{Int64}},Base.Broadcast.Broadcasted{CUDA.CuArrayStyle{1},Nothing,typeof(*),Tuple{Base.Broadcast.Extruded{CUDA.CuDeviceArray{Float32,1,CUDA.AS.Global},Tuple{Bool},Tuple{Int64}},Base.Broadcast.Extruded{Array{Float64,1},Tuple{Bool},Tuple{Int64}}}}}},Int64}}; kwargs::Base.Iterators.Pairs{Union{},Union{},Tuple{},NamedTuple{(),Tuple{}}}) at /home/pkgeval/.julia/packages/CUDA/dZvbp/src/compiler/execution.jl:310
   [8] _cufunction at /home/pkgeval/.julia/packages/CUDA/dZvbp/src/compiler/execution.jl:304 [inlined]
   [9] check_cache(::typeof(CUDA._cufunction), ::GPUCompiler.FunctionSpec{GPUArrays.var"#broadcast_kernel#18",Tuple{CUDA.CuKernelContext,CUDA.CuDeviceArray{Float64,1,CUDA.AS.Global},Base.Broadcast.Broadcasted{Nothing,Tuple{Base.OneTo{Int64}},typeof(+),Tuple{Base.Broadcast.Extruded{CUDA.CuDeviceArray{Float32,1,CUDA.AS.Global},Tuple{Bool},Tuple{Int64}},Base.Broadcast.Broadcasted{CUDA.CuArrayStyle{1},Nothing,typeof(*),Tuple{Base.Broadcast.Extruded{CUDA.CuDeviceArray{Float32,1,CUDA.AS.Global},Tuple{Bool},Tuple{Int64}},Base.Broadcast.Extruded{Array{Float64,1},Tuple{Bool},Tuple{Int64}}}}}},Int64}}, ::UInt64; kwargs::Base.Iterators.Pairs{Union{},Union{},Tuple{},NamedTuple{(),Tuple{}}}) at /home/pkgeval/.julia/packages/GPUCompiler/GKp4B/src/cache.jl:24
   [10] broadcast_kernel at /home/pkgeval/.julia/packages/GPUArrays/eVYIC/src/host/broadcast.jl:60 [inlined]
   [11] cached_compilation(::typeof(CUDA._cufunction), ::GPUCompiler.FunctionSpec{GPUArrays.var"#broadcast_kernel#18",Tuple{CUDA.CuKernelContext,CUDA.CuDeviceArray{Float64,1,CUDA.AS.Global},Base.Broadcast.Broadcasted{Nothing,Tuple{Base.OneTo{Int64}},typeof(+),Tuple{Base.Broadcast.Extruded{CUDA.CuDeviceArray{Float32,1,CUDA.AS.Global},Tuple{Bool},Tuple{Int64}},Base.Broadcast.Broadcasted{CUDA.CuArrayStyle{1},Nothing,typeof(*),Tuple{Base.Broadcast.Extruded{CUDA.CuDeviceArray{Float32,1,CUDA.AS.Global},Tuple{Bool},Tuple{Int64}},Base.Broadcast.Extruded{Array{Float64,1},Tuple{Bool},Tuple{Int64}}}}}},Int64}}, ::UInt64; kwargs::Base.Iterators.Pairs{Union{},Union{},Tuple{},NamedTuple{(),Tuple{}}}) at /home/pkgeval/.julia/packages/GPUCompiler/GKp4B/src/cache.jl:0
   [12] cached_compilation at /home/pkgeval/.julia/packages/GPUCompiler/GKp4B/src/cache.jl:40 [inlined]
   [13] cufunction(::GPUArrays.var"#broadcast_kernel#18", ::Type{Tuple{CUDA.CuKernelContext,CUDA.CuDeviceArray{Float64,1,CUDA.AS.Global},Base.Broadcast.Broadcasted{Nothing,Tuple{Base.OneTo{Int64}},typeof(+),Tuple{Base.Broadcast.Extruded{CUDA.CuDeviceArray{Float32,1,CUDA.AS.Global},Tuple{Bool},Tuple{Int64}},Base.Broadcast.Broadcasted{CUDA.CuArrayStyle{1},Nothing,typeof(*),Tuple{Base.Broadcast.Extruded{CUDA.CuDeviceArray{Float32,1,CUDA.AS.Global},Tuple{Bool},Tuple{Int64}},Base.Broadcast.Extruded{Array{Float64,1},Tuple{Bool},Tuple{Int64}}}}}},Int64}}; name::Nothing, kwargs::Base.Iterators.Pairs{Union{},Union{},Tuple{},NamedTuple{(),Tuple{}}}) at /home/pkgeval/.julia/packages/CUDA/dZvbp/src/compiler/execution.jl:298
   [14] cufunction(::GPUArrays.var"#broadcast_kernel#18", ::Type{Tuple{CUDA.CuKernelContext,CUDA.CuDeviceArray{Float64,1,CUDA.AS.Global},Base.Broadcast.Broadcasted{Nothing,Tuple{Base.OneTo{Int64}},typeof(+),Tuple{Base.Broadcast.Extruded{CUDA.CuDeviceArray{Float32,1,CUDA.AS.Global},Tuple{Bool},Tuple{Int64}},Base.Broadcast.Broadcasted{CUDA.CuArrayStyle{1},Nothing,typeof(*),Tuple{Base.Broadcast.Extruded{CUDA.CuDeviceArray{Float32,1,CUDA.AS.Global},Tuple{Bool},Tuple{Int64}},Base.Broadcast.Extruded{Array{Float64,1},Tuple{Bool},Tuple{Int64}}}}}},Int64}}) at /home/pkgeval/.julia/packages/CUDA/dZvbp/src/compiler/execution.jl:293
   [15] #launch_heuristic#838 at /home/pkgeval/.julia/packages/CUDA/dZvbp/src/gpuarrays.jl:19 [inlined]
   [16] launch_heuristic at /home/pkgeval/.julia/packages/CUDA/dZvbp/src/gpuarrays.jl:17 [inlined]
   [17] copyto! at /home/pkgeval/.julia/packages/GPUArrays/eVYIC/src/host/broadcast.jl:66 [inlined]
   [18] copyto! at ./broadcast.jl:886 [inlined]
   [19] copy at ./broadcast.jl:862 [inlined]
   [20] materialize at ./broadcast.jl:837 [inlined]
   [21] rand(::Random._GLOBAL_RNG, ::TuringDiagMvNormal{CUDA.CuArray{Float32,1},CUDA.CuArray{Float32,1}}) at /home/pkgeval/.julia/packages/DistributionsAD/YEXln/src/multivariate.jl:121
   [22] rand(::TuringDiagMvNormal{CUDA.CuArray{Float32,1},CUDA.CuArray{Float32,1}}) at /home/pkgeval/.julia/packages/DistributionsAD/YEXln/src/multivariate.jl:119
   [23] rand(::ConditionalDistribution{typeof(TuringMvNormal),SplitLayer}, ::CUDA.CuArray{Float32,1}) at /home/pkgeval/.julia/packages/ConditionalDists/O1xjn/src/cond_dist.jl:6
   [24] rrule at ./none:0 [inlined]
   [25] chain_rrule at /home/pkgeval/.julia/packages/Zygote/Xgcgs/src/compiler/chainrules.jl:89 [inlined]
   [26] macro expansion at /home/pkgeval/.julia/packages/Zygote/Xgcgs/src/compiler/interface2.jl:0 [inlined]
   [27] _pullback(::Zygote.Context, ::typeof(rand), ::ConditionalDistribution{typeof(TuringMvNormal),SplitLayer}, ::CUDA.CuArray{Float32,1}) at /home/pkgeval/.julia/packages/Zygote/Xgcgs/src/compiler/interface2.jl:12
   [28] f at /home/pkgeval/.julia/packages/ConditionalDists/O1xjn/test/cond_dist.jl:25 [inlined]
   [29] _pullback(::Zygote.Context, ::var"#f#12"{ConditionalDistribution{typeof(TuringMvNormal),SplitLayer}}) at /home/pkgeval/.julia/packages/Zygote/Xgcgs/src/compiler/interface2.jl:0
   [30] pullback(::Function, ::Zygote.Params) at /home/pkgeval/.julia/packages/Zygote/Xgcgs/src/compiler/interface.jl:172
   [31] gradient(::Function, ::Zygote.Params) at /home/pkgeval/.julia/packages/Zygote/Xgcgs/src/compiler/interface.jl:53
   [32] (::var"#4#14")() at /workspace/srcdir/usr/share/julia/stdlib/v1.5/Test/src/Test.jl:633
   [33] redirect_stderr(::var"#4#14", ::IOStream) at ./stream.jl:1150
   [34] #3 at /workspace/srcdir/usr/share/julia/stdlib/v1.5/Test/src/Test.jl:632 [inlined]
   [35] open(::var"#3#13", ::String, ::Vararg{String,N} where N; kwargs::Base.Iterators.Pairs{Union{},Union{},Tuple{},NamedTuple{(),Tuple{}}}) at ./io.jl:325
   [36] open(::Function, ::String, ::String) at ./io.jl:323
   [37] top-level scope at /workspace/srcdir/usr/share/julia/stdlib/v1.5/Test/src/Test.jl:631
   [38] top-level scope at /home/pkgeval/.julia/packages/ConditionalDists/O1xjn/test/cond_dist.jl:26
   [39] top-level scope at /workspace/srcdir/usr/share/julia/stdlib/v1.5/Test/src/Test.jl:1115
   [40] top-level scope at /home/pkgeval/.julia/packages/ConditionalDists/O1xjn/test/cond_dist.jl:3
   [41] include(::String) at ./client.jl:457
   [42] top-level scope at /home/pkgeval/.julia/packages/ConditionalDists/O1xjn/test/runtests.jl:12
   [43] include(::String) at ./client.jl:457
   [44] top-level scope at none:6
   [45] eval(::Module, ::Any) at ./boot.jl:331
   [46] exec_options(::Base.JLOptions) at ./client.jl:272
   [47] _start() at ./client.jl:506
  
Test Summary:           | Pass  Error  Broken  Total
ConditionalDistribution |    4      1       1      6
ERROR: LoadError: LoadError: Some tests did not pass: 4 passed, 0 failed, 1 errored, 1 broken.
in expression starting at /home/pkgeval/.julia/packages/ConditionalDists/O1xjn/test/cond_dist.jl:1
in expression starting at /home/pkgeval/.julia/packages/ConditionalDists/O1xjn/test/runtests.jl:12
ERROR: Package ConditionalDists errored during testing
Stacktrace:
 [1] pkgerror(::String) at /workspace/srcdir/usr/share/julia/stdlib/v1.5/Pkg/src/Types.jl:52
 [2] test(::Pkg.Types.Context, ::Array{Pkg.Types.PackageSpec,1}; coverage::Bool, julia_args::Cmd, test_args::Cmd, test_fn::Nothing) at /workspace/srcdir/usr/share/julia/stdlib/v1.5/Pkg/src/Operations.jl:1578
 [3] test(::Pkg.Types.Context, ::Array{Pkg.Types.PackageSpec,1}; coverage::Bool, test_fn::Nothing, julia_args::Cmd, test_args::Cmd, kwargs::Base.Iterators.Pairs{Union{},Union{},Tuple{},NamedTuple{(),Tuple{}}}) at /workspace/srcdir/usr/share/julia/stdlib/v1.5/Pkg/src/API.jl:328
 [4] test(::Pkg.Types.Context, ::Array{Pkg.Types.PackageSpec,1}) at /workspace/srcdir/usr/share/julia/stdlib/v1.5/Pkg/src/API.jl:315
 [5] #test#61 at /workspace/srcdir/usr/share/julia/stdlib/v1.5/Pkg/src/API.jl:67 [inlined]
 [6] test at /workspace/srcdir/usr/share/julia/stdlib/v1.5/Pkg/src/API.jl:67 [inlined]
 [7] #test#60 at /workspace/srcdir/usr/share/julia/stdlib/v1.5/Pkg/src/API.jl:66 [inlined]
 [8] test at /workspace/srcdir/usr/share/julia/stdlib/v1.5/Pkg/src/API.jl:66 [inlined]
 [9] test(::String; kwargs::Base.Iterators.Pairs{Union{},Union{},Tuple{},NamedTuple{(),Tuple{}}}) at /workspace/srcdir/usr/share/julia/stdlib/v1.5/Pkg/src/API.jl:65
 [10] test(::String) at /workspace/srcdir/usr/share/julia/stdlib/v1.5/Pkg/src/API.jl:65
 [11] top-level scope at none:19
