Julia Version 1.4.0
Commit 571c4c41f7 (2020-04-07 06:24 UTC)
Platform Info:
  OS: Linux (x86_64-linux-gnu)
  CPU: Intel(R) Xeon(R) Silver 4114 CPU @ 2.20GHz
  WORD_SIZE: 64
  LIBM: libopenlibm
  LLVM: libLLVM-8.0.1 (ORCJIT, skylake)
Environment:
  JULIA_DEPOT_PATH = ::/usr/local/share/julia
  JULIA_NUM_THREADS = 2

  Resolving package versions...
  Installed ProgressMeter ─ v1.2.0
  Installed NSGAII ──────── v0.1.0
   Updating `~/.julia/environments/v1.4/Project.toml`
  [0faa7b20] + NSGAII v0.1.0
   Updating `~/.julia/environments/v1.4/Manifest.toml`
  [0faa7b20] + NSGAII v0.1.0
  [92933f4c] + ProgressMeter v1.2.0
  [8ba89e20] + Distributed 
  [8f399da3] + Libdl 
  [37e2e46d] + LinearAlgebra 
  [de0858da] + Printf 
  [9a3f8284] + Random 
  [9e88b42a] + Serialization 
  [6462fe0b] + Sockets 
  [4ec0a83e] + Unicode 
    Testing NSGAII
Status `/tmp/jl_hwCbaG/Manifest.toml`
  [0faa7b20] NSGAII v0.1.0
  [92933f4c] ProgressMeter v1.2.0
  [2a0f44e3] Base64 
  [8ba89e20] Distributed 
  [b77e0a4c] InteractiveUtils 
  [8f399da3] Libdl 
  [37e2e46d] LinearAlgebra 
  [56ddb016] Logging 
  [d6f4376e] Markdown 
  [de0858da] Printf 
  [9a3f8284] Random 
  [9e88b42a] Serialization 
  [6462fe0b] Sockets 
  [8dfed614] Test 
  [4ec0a83e] Unicode 
Progress:  35%|██████████████▍                          |  ETA: 0:00:01[KProgress:  95%|███████████████████████████████████████  |  ETA: 0:00:00[KProgress: 100%|█████████████████████████████████████████| Time: 0:00:01[K
Progress:  25%|██████████▎                              |  ETA: 0:00:02[KProgress:  48%|███████████████████▋                     |  ETA: 0:00:01[KProgress:  70%|████████████████████████████▌            |  ETA: 0:00:01[KProgress:  92%|█████████████████████████████████████▉   |  ETA: 0:00:00[KProgress: 100%|█████████████████████████████████████████| Time: 0:00:02[K
Progress:  12%|████▉                                    |  ETA: 0:00:04[KProgress:  41%|████████████████▊                        |  ETA: 0:00:01[KProgress:  68%|███████████████████████████▉             |  ETA: 0:00:01[KProgress:  96%|███████████████████████████████████████▋ |  ETA: 0:00:00[KProgress: 100%|█████████████████████████████████████████| Time: 0:00:02[K
    Testing NSGAII tests passed 
