Julia Version 1.5.1-pre.28
Commit 0d71d8cd8b (2020-08-14 20:35 UTC)
Platform Info:
  OS: Linux (x86_64-linux-gnu)
  CPU: Intel(R) Xeon(R) Silver 4114 CPU @ 2.20GHz
  WORD_SIZE: 64
  LIBM: libopenlibm
  LLVM: libLLVM-9.0.1 (ORCJIT, skylake-avx512)
Environment:
  JULIA_DEPOT_PATH = ::/usr/local/share/julia
  JULIA_NUM_THREADS = 2

  Resolving package versions...
  Installed Triangle_jll ──────── v1.6.0+0
  Installed Adapt ─────────────── v2.0.2
  Installed ElasticArrays ─────── v1.2.4
  Installed ExtendableGrids ───── v0.2.3
  Installed AbstractTrees ─────── v0.3.3
  Installed DocStringExtensions ─ v0.8.2
  Installed Triangulate ───────── v0.5.0
Updating `~/.julia/environments/v1.5/Project.toml`
  [cfc395e8] + ExtendableGrids v0.2.3
Updating `~/.julia/environments/v1.5/Manifest.toml`
  [1520ce14] + AbstractTrees v0.3.3
  [79e6a3ab] + Adapt v2.0.2
  [ffbed154] + DocStringExtensions v0.8.2
  [fdbdab4c] + ElasticArrays v1.2.4
  [cfc395e8] + ExtendableGrids v0.2.3
  [5639c1d2] + Triangle_jll v1.6.0+0
  [f7e6ffb2] + Triangulate v0.5.0
  [2a0f44e3] + Base64
  [ade2ca70] + Dates
  [8ba89e20] + Distributed
  [b77e0a4c] + InteractiveUtils
  [76f85450] + LibGit2
  [8f399da3] + Libdl
  [37e2e46d] + LinearAlgebra
  [56ddb016] + Logging
  [d6f4376e] + Markdown
  [44cfe95a] + Pkg
  [de0858da] + Printf
  [3fa0cd96] + REPL
  [9a3f8284] + Random
  [ea8e919c] + SHA
  [9e88b42a] + Serialization
  [6462fe0b] + Sockets
  [8dfed614] + Test
  [cf7118a7] + UUIDs
  [4ec0a83e] + Unicode
    Testing ExtendableGrids
Status `/tmp/jl_q4w7tI/Project.toml`
  [1520ce14] AbstractTrees v0.3.3
  [ffbed154] DocStringExtensions v0.8.2
  [fdbdab4c] ElasticArrays v1.2.4
  [cfc395e8] ExtendableGrids v0.2.3
  [f7e6ffb2] Triangulate v0.5.0
  [b77e0a4c] InteractiveUtils
  [de0858da] Printf
  [8dfed614] Test
Status `/tmp/jl_q4w7tI/Manifest.toml`
  [1520ce14] AbstractTrees v0.3.3
  [79e6a3ab] Adapt v2.0.2
  [ffbed154] DocStringExtensions v0.8.2
  [fdbdab4c] ElasticArrays v1.2.4
  [cfc395e8] ExtendableGrids v0.2.3
  [5639c1d2] Triangle_jll v1.6.0+0
  [f7e6ffb2] Triangulate v0.5.0
  [2a0f44e3] Base64
  [ade2ca70] Dates
  [8ba89e20] Distributed
  [b77e0a4c] InteractiveUtils
  [76f85450] LibGit2
  [8f399da3] Libdl
  [37e2e46d] LinearAlgebra
  [56ddb016] Logging
  [d6f4376e] Markdown
  [44cfe95a] Pkg
  [de0858da] Printf
  [3fa0cd96] REPL
  [9a3f8284] Random
  [ea8e919c] SHA
  [9e88b42a] Serialization
  [6462fe0b] Sockets
  [8dfed614] Test
  [cf7118a7] UUIDs
  [4ec0a83e] Unicode
Directory /home/pkgeval/.julia/packages/ExtendableGrids/s3QXW/test:
  adjacency:
  extendablegrid:
  runtests:
  test_ctriangulate:
   compile:  2.374689 seconds (2.89 M allocations: 144.754 MiB, 5.04% gc time)
       run:  0.001635 seconds (93 allocations: 15.668 KiB)
  test_geomspace:
   compile:  2.481588 seconds (2.82 M allocations: 148.492 MiB, 1.94% gc time)
       run:  0.001155 seconds (473 allocations: 12.500 KiB)
  test_gridconstruct:
   compile:  1.635402 seconds (1.08 M allocations: 55.501 MiB, 1.49% gc time)
       run:  0.002193 seconds (146 allocations: 22.027 KiB)
  test_triangulate:
   compile:  0.117000 seconds (118.33 k allocations: 6.567 MiB, 15.54% gc time)
       run:  0.001287 seconds (146 allocations: 21.699 KiB)
 29.554741 seconds (9.83 M allocations: 510.940 MiB, 1.49% gc time)
 29.555084 seconds (9.83 M allocations: 510.943 MiB, 1.49% gc time)
    Testing ExtendableGrids tests passed 
