Current time is 2020-10-25T20:45:55.433
Julia Version 1.5.3-pre.0
Commit 5905edebb1 (2020-09-24 05:09 UTC)
Platform Info:
  OS: Linux (x86_64-pc-linux-gnu)
  CPU: AMD EPYC 7502 32-Core Processor
  WORD_SIZE: 64
  LIBM: libopenlibm
  LLVM: libLLVM-9.0.1 (ORCJIT, znver2)
Environment:
  JULIA_DEPOT_PATH = ::/usr/local/share/julia
  JULIA_NUM_THREADS = 2
  JULIA_MAX_NUM_PRECOMPILE_FILES = 9223372036854775807
  JULIA_PKG_SERVER = 

Starting installation at 2020-10-25T20:45:58.407
  Resolving package versions...
  Installed FixedPointNumbers ─ v0.8.4
Updating `~/.julia/environments/v1.5/Project.toml`
  [53c48c17] + FixedPointNumbers v0.8.4
Updating `~/.julia/environments/v1.5/Manifest.toml`
  [53c48c17] + FixedPointNumbers v0.8.4
  [8f399da3] + Libdl
  [37e2e46d] + LinearAlgebra
  [9a3f8284] + Random
  [9e88b42a] + Serialization
  [2f01184e] + SparseArrays
  [10745b16] + Statistics
Starting tests at 2020-10-25T20:46:01.415
    Testing FixedPointNumbers
Status `/tmp/jl_oq9xnX/Project.toml`
  [53c48c17] FixedPointNumbers v0.8.4
  [10745b16] Statistics
  [8dfed614] Test
Status `/tmp/jl_oq9xnX/Manifest.toml`
  [53c48c17] FixedPointNumbers v0.8.4
  [2a0f44e3] Base64
  [8ba89e20] Distributed
  [b77e0a4c] InteractiveUtils
  [8f399da3] Libdl
  [37e2e46d] LinearAlgebra
  [56ddb016] Logging
  [d6f4376e] Markdown
  [9a3f8284] Random
  [9e88b42a] Serialization
  [6462fe0b] Sockets
  [2f01184e] SparseArrays
  [10745b16] Statistics
  [8dfed614] Test
Skipping Base.active_repl
Skipping Base.active_repl_backend
Test Summary: | Pass  Broken  Total
normed        | 6392       3   6395
┌ Warning: `Fixed` reserves one bit for the sign. Support for `f=8` with raw type `T=Int8` will be removed in a future release.
│   caller = typemin at FixedPointNumbers.jl:117 [inlined]
└ @ Core ~/.julia/packages/FixedPointNumbers/HAGk2/src/FixedPointNumbers.jl:117
┌ Warning: `Fixed` reserves one bit for the sign. Support for `f=8` with raw type `T=Int8` will be removed in a future release.
│   caller = typemax at FixedPointNumbers.jl:116 [inlined]
└ @ Core ~/.julia/packages/FixedPointNumbers/HAGk2/src/FixedPointNumbers.jl:116
┌ Warning: `Fixed` reserves one bit for the sign. Support for `f=16` with raw type `T=Int16` will be removed in a future release.
│   caller = typemax(::Type{Fixed{Int16,16}}) at FixedPointNumbers.jl:116
└ @ FixedPointNumbers ~/.julia/packages/FixedPointNumbers/HAGk2/src/FixedPointNumbers.jl:116
┌ Warning: `Fixed` reserves one bit for the sign. Support for `f=16` with raw type `T=Int16` will be removed in a future release.
│   caller = typemin at FixedPointNumbers.jl:117 [inlined]
└ @ Core ~/.julia/packages/FixedPointNumbers/HAGk2/src/FixedPointNumbers.jl:117
┌ Warning: `Fixed` reserves one bit for the sign. Support for `f=16` with raw type `T=Int16` will be removed in a future release.
│   caller = typemax at FixedPointNumbers.jl:116 [inlined]
└ @ Core ~/.julia/packages/FixedPointNumbers/HAGk2/src/FixedPointNumbers.jl:116
┌ Warning: `Fixed` reserves one bit for the sign. Support for `f=16` with raw type `T=Int16` will be removed in a future release.
│   caller = eps(::Type{Fixed{Int16,16}}) at FixedPointNumbers.jl:115
└ @ FixedPointNumbers ~/.julia/packages/FixedPointNumbers/HAGk2/src/FixedPointNumbers.jl:115
┌ Warning: `Fixed` reserves one bit for the sign. Support for `f=8` with raw type `T=Int8` will be removed in a future release.
│   caller = typemin at FixedPointNumbers.jl:117 [inlined]
└ @ Core ~/.julia/packages/FixedPointNumbers/HAGk2/src/FixedPointNumbers.jl:117
┌ Warning: `Fixed` reserves one bit for the sign. Support for `f=8` with raw type `T=Int8` will be removed in a future release.
│   caller = typemax at FixedPointNumbers.jl:116 [inlined]
└ @ Core ~/.julia/packages/FixedPointNumbers/HAGk2/src/FixedPointNumbers.jl:116
┌ Warning: `Fixed` reserves one bit for the sign. Support for `f=8` with raw type `T=Int8` will be removed in a future release.
│   caller = reinterpret at FixedPointNumbers.jl:44 [inlined]
└ @ Core ~/.julia/packages/FixedPointNumbers/HAGk2/src/FixedPointNumbers.jl:44
┌ Warning: `Fixed` reserves one bit for the sign. Support for `f=8` with raw type `T=Int8` will be removed in a future release.
│   caller = zero at FixedPointNumbers.jl:107 [inlined]
└ @ Core ~/.julia/packages/FixedPointNumbers/HAGk2/src/FixedPointNumbers.jl:107
┌ Warning: `Fixed` reserves one bit for the sign. Support for `f=8` with raw type `T=Int8` will be removed in a future release.
│   caller = zero at FixedPointNumbers.jl:107 [inlined]
└ @ Core ~/.julia/packages/FixedPointNumbers/HAGk2/src/FixedPointNumbers.jl:107
┌ Warning: `Fixed` reserves one bit for the sign. Support for `f=8` with raw type `T=Int8` will be removed in a future release.
│   caller = reinterpret(::Type{Fixed{Int8,8}}, ::Int8) at FixedPointNumbers.jl:44
└ @ FixedPointNumbers ~/.julia/packages/FixedPointNumbers/HAGk2/src/FixedPointNumbers.jl:44
Test Summary: |  Pass  Broken  Total
fixed         | 34195       4  34199
Test Summary: | Pass  Broken  Total
traits        |  258       1    259
    Testing FixedPointNumbers tests passed 
Finished at 2020-10-25T20:50:02.012
