Current time is 2020-10-25T20:26:05.339
Julia Version 1.5.3-pre.13
Commit 3de1115e9c (2020-10-23 21:58 UTC)
Platform Info:
  OS: Linux (x86_64-linux-gnu)
  CPU: AMD EPYC 7502 32-Core Processor
  WORD_SIZE: 64
  LIBM: libopenlibm
  LLVM: libLLVM-9.0.1 (ORCJIT, znver2)
Environment:
  JULIA_DEPOT_PATH = ::/usr/local/share/julia
  JULIA_NUM_THREADS = 2
  JULIA_MAX_NUM_PRECOMPILE_FILES = 9223372036854775807
  JULIA_PKG_SERVER = 

Starting installation at 2020-10-25T20:26:08.715
  Resolving package versions...
  Installed Artifacts ─────── v1.3.0
  Installed MKL_jll ───────── v2020.2.254+0
  Installed FFTW_jll ──────── v3.3.9+6
  Installed IntelOpenMP_jll ─ v2018.0.3+0
  Installed AbstractFFTs ──── v0.5.0
  Installed JetPack ───────── v1.0.0
  Installed Jets ──────────── v1.0.0
  Installed FFTW ──────────── v1.2.4
  Installed Reexport ──────── v0.2.0
  Installed JLLWrappers ───── v1.1.3
Updating `~/.julia/environments/v1.5/Project.toml`
  [24ef3835] + JetPack v1.0.0
Updating `~/.julia/environments/v1.5/Manifest.toml`
  [621f4979] + AbstractFFTs v0.5.0
  [56f22d72] + Artifacts v1.3.0
  [7a1cc6ca] + FFTW v1.2.4
  [f5851436] + FFTW_jll v3.3.9+6
  [1d5cc7b8] + IntelOpenMP_jll v2018.0.3+0
  [692b3bcd] + JLLWrappers v1.1.3
  [24ef3835] + JetPack v1.0.0
  [2a57b368] + Jets v1.0.0
  [856f044c] + MKL_jll v2020.2.254+0
  [189a3867] + Reexport v0.2.0
  [2a0f44e3] + Base64
  [8bf52ea8] + CRC32c
  [ade2ca70] + Dates
  [b77e0a4c] + InteractiveUtils
  [76f85450] + LibGit2
  [8f399da3] + Libdl
  [37e2e46d] + LinearAlgebra
  [56ddb016] + Logging
  [d6f4376e] + Markdown
  [44cfe95a] + Pkg
  [de0858da] + Printf
  [3fa0cd96] + REPL
  [9a3f8284] + Random
  [ea8e919c] + SHA
  [9e88b42a] + Serialization
  [6462fe0b] + Sockets
  [2f01184e] + SparseArrays
  [10745b16] + Statistics
  [cf7118a7] + UUIDs
  [4ec0a83e] + Unicode
   Building FFTW → `~/.julia/packages/FFTW/DMUbN/deps/build.log`
Starting tests at 2020-10-25T20:26:13.183
    Testing JetPack
Status `/tmp/jl_vktZEY/Project.toml`
  [7a1cc6ca] FFTW v1.2.4
  [24ef3835] JetPack v1.0.0
  [2a57b368] Jets v1.0.0
  [37e2e46d] LinearAlgebra
  [10745b16] Statistics
  [8dfed614] Test
Status `/tmp/jl_vktZEY/Manifest.toml`
  [621f4979] AbstractFFTs v0.5.0
  [56f22d72] Artifacts v1.3.0
  [7a1cc6ca] FFTW v1.2.4
  [f5851436] FFTW_jll v3.3.9+6
  [1d5cc7b8] IntelOpenMP_jll v2018.0.3+0
  [692b3bcd] JLLWrappers v1.1.3
  [24ef3835] JetPack v1.0.0
  [2a57b368] Jets v1.0.0
  [856f044c] MKL_jll v2020.2.254+0
  [189a3867] Reexport v0.2.0
  [2a0f44e3] Base64
  [8bf52ea8] CRC32c
  [ade2ca70] Dates
  [8ba89e20] Distributed
  [b77e0a4c] InteractiveUtils
  [76f85450] LibGit2
  [8f399da3] Libdl
  [37e2e46d] LinearAlgebra
  [56ddb016] Logging
  [d6f4376e] Markdown
  [44cfe95a] Pkg
  [de0858da] Printf
  [3fa0cd96] REPL
  [9a3f8284] Random
  [ea8e919c] SHA
  [9e88b42a] Serialization
  [6462fe0b] Sockets
  [2f01184e] SparseArrays
  [10745b16] Statistics
  [8dfed614] Test
  [cf7118a7] UUIDs
  [4ec0a83e] Unicode
Test Summary:                  | Pass  Total
JopAtan, correctness T=Float64 |    1      1
Test Summary:                  | Pass  Total
JopAtan, correctness T=Float32 |    1      1
Test Summary:                           | Pass  Total
JopAtan, correctness T=Complex{Float64} |    1      1
Test Summary:                           | Pass  Total
JopAtan, correctness T=Complex{Float32} |    1      1
Test Summary:                      | Pass  Total
JopAtan, linearity test, T=Float64 |    1      1
Test Summary:                      | Pass  Total
JopAtan, linearity test, T=Float32 |    1      1
Test Summary:                               | Pass  Total
JopAtan, linearity test, T=Complex{Float64} |    1      1
Test Summary:                               | Pass  Total
JopAtan, linearity test, T=Complex{Float32} |    1      1
Test Summary:                        | Pass  Total
JopAtan, dot product test, T=Float64 |    1      1
Test Summary:                        | Pass  Total
JopAtan, dot product test, T=Float32 |    1      1
Test Summary:                                 | Pass  Total
JopAtan, dot product test, T=Complex{Float64} |    1      1
Test Summary:                                 | Pass  Total
JopAtan, dot product test, T=Complex{Float32} |    1      1
Test Summary:                          | Pass  Total
JopAtan, linearization test, T=Float64 |    1      1
Test Summary:                          | Pass  Total
JopAtan, linearization test, T=Float32 |    1      1
Test Summary:                                   | Pass  Total
JopAtan, linearization test, T=Complex{Float64} |    1      1
Test Summary:                                   | Pass  Total
JopAtan, linearization test, T=Complex{Float32} |    1      1
Test Summary: | Pass  Total
JopBlend      |    1      1
Test Summary: | Pass  Total
JopCircShift  |   12     12
Test Summary:                            | Pass  Total
JopDerivative, 2D, along first dimension | 2471   2471
Test Summary:                            | Pass  Total
JopDerivative, 3D, along first dimension | 2471   2471
Test Summary:                                 | Pass  Total
JopDiagonal, non constant diagonal, T=Float64 |    2      2
Test Summary:                                          | Pass  Total
JopDiagonal, non constant diagonal, T=Complex{Float64} |    2      2
Test Summary:                                           | Pass  Total
JopDiagonal, non constant real diagonal, complex spaces |    3      3
Test Summary:                  | Pass  Total
JopDiagonal, constant diagonal |    2      2
Test Summary:                                | Pass  Total
JopDifference, linearity, n=(11,), T=Float32 |    1      1
Test Summary:                                | Pass  Total
JopDifference, linearity, n=(11,), T=Float64 |    1      1
Test Summary:                                   | Pass  Total
JopDifference, linearity, n=(11, 22), T=Float32 |    1      1
Test Summary:                                   | Pass  Total
JopDifference, linearity, n=(11, 22), T=Float64 |    1      1
Test Summary:                                       | Pass  Total
JopDifference, linearity, n=(11, 22, 33), T=Float32 |    1      1
Test Summary:                                       | Pass  Total
JopDifference, linearity, n=(11, 22, 33), T=Float64 |    1      1
Test Summary:                                  | Pass  Total
JopDifference, dot-product, n=(11,), T=Float32 |    1      1
Test Summary:                                  | Pass  Total
JopDifference, dot-product, n=(11,), T=Float64 |    1      1
Test Summary:                                     | Pass  Total
JopDifference, dot-product, n=(11, 22), T=Float32 |    1      1
Test Summary:                                     | Pass  Total
JopDifference, dot-product, n=(11, 22), T=Float64 |    1      1
Test Summary:                                         | Pass  Total
JopDifference, dot-product, n=(11, 22, 33), T=Float32 |    1      1
Test Summary:                                         | Pass  Total
JopDifference, dot-product, n=(11, 22, 33), T=Float64 |    1      1
Test Summary:                       | Pass  Total
JopDifference, correctness, n=(11,) |    1      1
Test Summary:                          | Pass  Total
JopDifference, correctness, n=(11, 12) |    2      2
Test Summary:                              | Pass  Total
JopDifference, correctness, n=(11, 12, 13) |    3      3
Test Summary:                 | Pass  Total
JopExp, correctness T=Float64 |    1      1
Test Summary:                 | Pass  Total
JopExp, correctness T=Float32 |    1      1
Test Summary:                          | Pass  Total
JopExp, correctness T=Complex{Float64} |    1      1
Test Summary:                          | Pass  Total
JopExp, correctness T=Complex{Float32} |    1      1
Test Summary:                     | Pass  Total
JopExp, linearity test, T=Float64 |    1      1
Test Summary:                     | Pass  Total
JopExp, linearity test, T=Float32 |    1      1
Test Summary:                              | Pass  Total
JopExp, linearity test, T=Complex{Float64} |    1      1
Test Summary:                              | Pass  Total
JopExp, linearity test, T=Complex{Float32} |    1      1
Test Summary:                       | Pass  Total
JopExp, dot product test, T=Float64 |    1      1
Test Summary:                       | Pass  Total
JopExp, dot product test, T=Float32 |    1      1
Test Summary:                                | Pass  Total
JopExp, dot product test, T=Complex{Float64} |    1      1
Test Summary:                                | Pass  Total
JopExp, dot product test, T=Complex{Float32} |    1      1
Test Summary:                         | Pass  Total
JopExp, linearization test, T=Float64 |    1      1
Test Summary:                         | Pass  Total
JopExp, linearization test, T=Float32 |    1      1
Test Summary:                                  | Pass  Total
JopExp, linearization test, T=Complex{Float64} |    1      1
Test Summary:                                  | Pass  Total
JopExp, linearization test, T=Complex{Float32} |    1      1
Test Summary:                            | Pass  Total
JopGradient2D, linearity test, T=Float32 |    1      1
Test Summary:                            | Pass  Total
JopGradient2D, linearity test, T=Float64 |    1      1
Test Summary:                         | Pass  Total
Gradient3D, linearity test, T=Float32 |    1      1
Test Summary:                         | Pass  Total
Gradient3D, linearity test, T=Float64 |    1      1
Test Summary:                           | Pass  Total
Gradient2D, dot product test, T=Float32 |    1      1
Test Summary:                           | Pass  Total
Gradient2D, dot product test, T=Float64 |    1      1
Test Summary:                          | Pass  Total
Gradient3D dot product test, T=Float64 |    1      1
Test Summary:                          | Pass  Total
Gradient3D dot product test, T=Float32 |    1      1
Test Summary:                          | Pass  Total
Gradient2D correctness test, T=Float64 |    2      2
Test Summary:                          | Pass  Total
Gradient2D correctness test, T=Float32 |    2      2
Test Summary:                          | Pass  Total
Gradient3D correctness test, T=Float64 |    2      2
Test Summary:                          | Pass  Total
Gradient3D correctness test, T=Float32 |    2      2
Test Summary: | Pass  Total
highpass      |    1      1
Test Summary: | Pass  Total
highpass      |    1      1
Test Summary:                        | Pass  Total
JopImag, dot product test, T=Float64 |    1      1
Test Summary:                        | Pass  Total
JopImag, dot product test, T=Float32 |    1      1
Test Summary:                      | Pass  Total
JopImag, linearity test, T=Float64 |    1      1
Test Summary:                      | Pass  Total
JopImag, linearity test, T=Float32 |    1      1
Test Summary:                        | Pass  Total
JopImag, correctness test, T=Float64 |    1      1
Test Summary:                        | Pass  Total
JopImag, correctness test, T=Float32 |    1      1
Test Summary:             | Pass  Total
JopInterp, linearity test |    1      1
Test Summary:             | Pass  Total
JopInterp, linearity test |    1      1
Test Summary:                          | Pass  Total
JopInterp, dot product test, T=Float32 |    1      1
Test Summary:                          | Pass  Total
JopInterp, dot product test, T=Float64 |    1      1
Test Summary:                                         | Pass  Total
JopInter, test bugfix for specific dom,rng, T=Float32 |    1      1
Test Summary:                                         | Pass  Total
JopInter, test bugfix for specific dom,rng, T=Float64 |    1      1
Test Summary:           | Pass  Total
JopLaplacian, T=Float32 |    2      2
Test Summary:           | Pass  Total
JopLaplacian, T=Float64 |    2      2
Test Summary:                                   | Pass  Total
JopLeakyIntegration, 1D, correctness, T=Float32 |    1      1
Test Summary:                                   | Pass  Total
JopLeakyIntegration, 1D, correctness, T=Float32 |    1      1
Test Summary:                                   | Pass  Total
JopLeakyIntegration, 1D, correctness, T=Float64 |    1      1
Test Summary:                                   | Pass  Total
JopLeakyIntegration, 1D, correctness, T=Float64 |    1      1
Test Summary:                                            | Pass  Total
JopLeakyIntegration, 1D, correctness, T=Complex{Float32} |    1      1
Test Summary:                                            | Pass  Total
JopLeakyIntegration, 1D, correctness, T=Complex{Float32} |    1      1
Test Summary:                                            | Pass  Total
JopLeakyIntegration, 1D, correctness, T=Complex{Float64} |    1      1
Test Summary:                                            | Pass  Total
JopLeakyIntegration, 1D, correctness, T=Complex{Float64} |    1      1
Test Summary:                               | Pass  Total
JopLeakyIntegration, 1D, adjoint, T=Float32 |    1      1
Test Summary:                               | Pass  Total
JopLeakyIntegration, 1D, adjoint, T=Float32 |    1      1
Test Summary:                               | Pass  Total
JopLeakyIntegration, 1D, adjoint, T=Float64 |    1      1
Test Summary:                               | Pass  Total
JopLeakyIntegration, 1D, adjoint, T=Float64 |    1      1
Test Summary:                                        | Pass  Total
JopLeakyIntegration, 1D, adjoint, T=Complex{Float32} |    1      1
Test Summary:                                        | Pass  Total
JopLeakyIntegration, 1D, adjoint, T=Complex{Float32} |    1      1
Test Summary:                                        | Pass  Total
JopLeakyIntegration, 1D, adjoint, T=Complex{Float64} |    1      1
Test Summary:                                        | Pass  Total
JopLeakyIntegration, 1D, adjoint, T=Complex{Float64} |    1      1
Test Summary:                               | Pass  Total
JopLeakyIntegration, 2D, adjoint, T=Float32 |    1      1
Test Summary:                               | Pass  Total
JopLeakyIntegration, 2D, adjoint, T=Float32 |    1      1
Test Summary:                               | Pass  Total
JopLeakyIntegration, 2D, adjoint, T=Float64 |    1      1
Test Summary:                               | Pass  Total
JopLeakyIntegration, 2D, adjoint, T=Float64 |    1      1
Test Summary:                                        | Pass  Total
JopLeakyIntegration, 2D, adjoint, T=Complex{Float32} |    1      1
Test Summary:                                        | Pass  Total
JopLeakyIntegration, 2D, adjoint, T=Complex{Float32} |    1      1
Test Summary:                                        | Pass  Total
JopLeakyIntegration, 2D, adjoint, T=Complex{Float64} |    1      1
Test Summary:                                        | Pass  Total
JopLeakyIntegration, 2D, adjoint, T=Complex{Float64} |    1      1
Test Summary:                               | Pass  Total
JopLeakyIntegration, 3D, adjoint, T=Float32 |    1      1
Test Summary:                               | Pass  Total
JopLeakyIntegration, 3D, adjoint, T=Float32 |    1      1
Test Summary:                               | Pass  Total
JopLeakyIntegration, 3D, adjoint, T=Float64 |    1      1
Test Summary:                               | Pass  Total
JopLeakyIntegration, 3D, adjoint, T=Float64 |    1      1
Test Summary:                                        | Pass  Total
JopLeakyIntegration, 3D, adjoint, T=Complex{Float32} |    1      1
Test Summary:                                        | Pass  Total
JopLeakyIntegration, 3D, adjoint, T=Complex{Float32} |    1      1
Test Summary:                                        | Pass  Total
JopLeakyIntegration, 3D, adjoint, T=Complex{Float64} |    1      1
Test Summary:                                        | Pass  Total
JopLeakyIntegration, 3D, adjoint, T=Complex{Float64} |    1      1
Test Summary:                                 | Pass  Total
JopLeakyIntegration, 1D, linearity, T=Float32 |    2      2
Test Summary:                                 | Pass  Total
JopLeakyIntegration, 1D, linearity, T=Float32 |    2      2
Test Summary:                                 | Pass  Total
JopLeakyIntegration, 1D, linearity, T=Float64 |    2      2
Test Summary:                                 | Pass  Total
JopLeakyIntegration, 1D, linearity, T=Float64 |    2      2
Test Summary:                                          | Pass  Total
JopLeakyIntegration, 1D, linearity, T=Complex{Float32} |    2      2
Test Summary:                                          | Pass  Total
JopLeakyIntegration, 1D, linearity, T=Complex{Float32} |    2      2
Test Summary:                                          | Pass  Total
JopLeakyIntegration, 1D, linearity, T=Complex{Float64} |    2      2
Test Summary:                                          | Pass  Total
JopLeakyIntegration, 1D, linearity, T=Complex{Float64} |    2      2
Test Summary:                                 | Pass  Total
JopLeakyIntegration, 2D, linearity, T=Float32 |    2      2
Test Summary:                                 | Pass  Total
JopLeakyIntegration, 2D, linearity, T=Float32 |    2      2
Test Summary:                                 | Pass  Total
JopLeakyIntegration, 2D, linearity, T=Float64 |    2      2
Test Summary:                                 | Pass  Total
JopLeakyIntegration, 2D, linearity, T=Float64 |    2      2
Test Summary:                                          | Pass  Total
JopLeakyIntegration, 2D, linearity, T=Complex{Float32} |    2      2
Test Summary:                                          | Pass  Total
JopLeakyIntegration, 2D, linearity, T=Complex{Float32} |    2      2
Test Summary:                                          | Pass  Total
JopLeakyIntegration, 2D, linearity, T=Complex{Float64} |    2      2
Test Summary:                                          | Pass  Total
JopLeakyIntegration, 2D, linearity, T=Complex{Float64} |    2      2
Test Summary:                                 | Pass  Total
JopLeakyIntegration, 2D, linearity, T=Float32 |    2      2
Test Summary:                                 | Pass  Total
JopLeakyIntegration, 2D, linearity, T=Float32 |    2      2
Test Summary:                                 | Pass  Total
JopLeakyIntegration, 2D, linearity, T=Float64 |    2      2
Test Summary:                                 | Pass  Total
JopLeakyIntegration, 2D, linearity, T=Float64 |    2      2
Test Summary:                                          | Pass  Total
JopLeakyIntegration, 2D, linearity, T=Complex{Float32} |    2      2
Test Summary:                                          | Pass  Total
JopLeakyIntegration, 2D, linearity, T=Complex{Float32} |    2      2
Test Summary:                                          | Pass  Total
JopLeakyIntegration, 2D, linearity, T=Complex{Float64} |    2      2
Test Summary:                                          | Pass  Total
JopLeakyIntegration, 2D, linearity, T=Complex{Float64} |    2      2
Test Summary:                                 | Pass  Total
JopLeakyIntegration, 3D, linearity, T=Float32 |    2      2
Test Summary:                                 | Pass  Total
JopLeakyIntegration, 3D, linearity, T=Float32 |    2      2
Test Summary:                                 | Pass  Total
JopLeakyIntegration, 3D, linearity, T=Float64 |    2      2
Test Summary:                                 | Pass  Total
JopLeakyIntegration, 3D, linearity, T=Float64 |    2      2
Test Summary:                                          | Pass  Total
JopLeakyIntegration, 3D, linearity, T=Complex{Float32} |    2      2
Test Summary:                                          | Pass  Total
JopLeakyIntegration, 3D, linearity, T=Complex{Float32} |    2      2
Test Summary:                                          | Pass  Total
JopLeakyIntegration, 3D, linearity, T=Complex{Float64} |    2      2
Test Summary:                                          | Pass  Total
JopLeakyIntegration, 3D, linearity, T=Complex{Float64} |    2      2
Test Summary:                 | Pass  Total
JopLog, correctness T=Float64 |    1      1
Test Summary:                 | Pass  Total
JopLog, correctness T=Float32 |    1      1
Test Summary:                          | Pass  Total
JopLog, correctness T=Complex{Float64} |    1      1
Test Summary:                          | Pass  Total
JopLog, correctness T=Complex{Float32} |    1      1
Test Summary:                     | Pass  Total
JopLog, linearity test, T=Float64 |    1      1
Test Summary:                     | Pass  Total
JopLog, linearity test, T=Float32 |    1      1
Test Summary:                              | Pass  Total
JopLog, linearity test, T=Complex{Float64} |    1      1
Test Summary:                              | Pass  Total
JopLog, linearity test, T=Complex{Float32} |    1      1
Test Summary:                       | Pass  Total
JopLog, dot product test, T=Float64 |    1      1
Test Summary:                       | Pass  Total
JopLog, dot product test, T=Float32 |    1      1
Test Summary:                                | Pass  Total
JopLog, dot product test, T=Complex{Float64} |    1      1
Test Summary:                                | Pass  Total
JopLog, dot product test, T=Complex{Float32} |    1      1
Test Summary:                         | Pass  Total
JopLog, linearization test, T=Float64 |    1      1
Test Summary:                         | Pass  Total
JopLog, linearization test, T=Float32 |    1      1
Test Summary:                                  | Pass  Total
JopLog, linearization test, T=Complex{Float64} |    1      1
Test Summary:                                  | Pass  Total
JopLog, linearization test, T=Complex{Float32} |    1      1
Test Summary: | Pass  Total
JopLMO        |    1      1
Test Summary:                                 | Pass  Total
JopMix, linearity test, T=Float32, mix=(4, 3) |    1      1
Test Summary:                                 | Pass  Total
JopMix, linearity test, T=Float32, mix=(0, 3) |    1      1
Test Summary:                                 | Pass  Total
JopMix, linearity test, T=Float32, mix=(3, 0) |    1      1
Test Summary:                                 | Pass  Total
JopMix, linearity test, T=Float64, mix=(4, 3) |    1      1
Test Summary:                                 | Pass  Total
JopMix, linearity test, T=Float64, mix=(0, 3) |    1      1
Test Summary:                                 | Pass  Total
JopMix, linearity test, T=Float64, mix=(3, 0) |    1      1
Test Summary:                                   | Pass  Total
JopMix, dot product test, T=Float32, mix=(4, 3) |    1      1
Test Summary:                                   | Pass  Total
JopMix, dot product test, T=Float32, mix=(0, 3) |    1      1
Test Summary:                                   | Pass  Total
JopMix, dot product test, T=Float32, mix=(3, 0) |    1      1
Test Summary:                                   | Pass  Total
JopMix, dot product test, T=Float64, mix=(4, 3) |    1      1
Test Summary:                                   | Pass  Total
JopMix, dot product test, T=Float64, mix=(0, 3) |    1      1
Test Summary:                                   | Pass  Total
JopMix, dot product test, T=Float64, mix=(3, 0) |    1      1
Test Summary:                 | Pass  Total
JopNim, correctness T=Float64 |    1      1
Test Summary:                 | Pass  Total
JopNim, correctness T=Float32 |    1      1
Test Summary:                          | Pass  Total
JopNim, correctness T=Complex{Float64} |    1      1
Test Summary:                          | Pass  Total
JopNim, correctness T=Complex{Float32} |    1      1
Test Summary:                     | Pass  Total
JopNim, linearity test, T=Float64 |    1      1
Test Summary:                     | Pass  Total
JopNim, linearity test, T=Float32 |    1      1
Test Summary:                              | Pass  Total
JopNim, linearity test, T=Complex{Float64} |    1      1
Test Summary:                              | Pass  Total
JopNim, linearity test, T=Complex{Float32} |    1      1
Test Summary:                       | Pass  Total
JopNim, dot product test, T=Float64 |    1      1
Test Summary:                       | Pass  Total
JopNim, dot product test, T=Float32 |    1      1
Test Summary:                                | Pass  Total
JopNim, dot product test, T=Complex{Float64} |    1      1
Test Summary:                                | Pass  Total
JopNim, dot product test, T=Complex{Float32} |    1      1
Test Summary:                         | Pass  Total
JopNim, linearization test, T=Float64 |    1      1
Test Summary:                         | Pass  Total
JopNim, linearization test, T=Float32 |    1      1
Test Summary:                                  | Pass  Total
JopNim, linearization test, T=Complex{Float64} |    1      1
Test Summary:                                  | Pass  Total
JopNim, linearization test, T=Complex{Float32} |    1      1
Test Summary:                       | Pass  Total
JopNormalize, correctness T=Float32 |    1      1
Test Summary:                       | Pass  Total
JopNormalize, correctness T=Float64 |    1      1
Test Summary:                                | Pass  Total
JopNormalize, correctness T=Complex{Float32} |    1      1
Test Summary:                                | Pass  Total
JopNormalize, correctness T=Complex{Float64} |    1      1
Test Summary:                           | Pass  Total
JopNormalize, linearity test, T=Float32 |    2      2
Test Summary:                           | Pass  Total
JopNormalize, linearity test, T=Float64 |    2      2
Test Summary:                                    | Pass  Total
JopNormalize, linearity test, T=Complex{Float32} |    2      2
Test Summary:                                    | Pass  Total
JopNormalize, linearity test, T=Complex{Float64} |    2      2
Test Summary:                             | Pass  Total
JopNormalize, dot product test, T=Float32 |    1      1
Test Summary:                             | Pass  Total
JopNormalize, dot product test, T=Float64 |    1      1
Test Summary:                                      | Pass  Total
JopNormalize, dot product test, T=Complex{Float32} |    1      1
Test Summary:                                      | Pass  Total
JopNormalize, dot product test, T=Complex{Float64} |    1      1
Test Summary:                               | Pass  Total
JopNormalize, linearization test, T=Float32 |    1      1
Test Summary:                               | Pass  Total
JopNormalize, linearization test, T=Float64 |    1      1
Test Summary:                                        | Pass  Total
JopNormalize, linearization test, T=Complex{Float32} |    1      1
Test Summary:                                        | Pass  Total
JopNormalize, linearization test, T=Complex{Float64} |    1      1
Test Summary: | Pass  Total
pad, 1D, end  |    3      3
Test Summary:  | Pass  Total
pad, 1D, start |    3      3
Test Summary:      | Pass  Total
pad, 1D, start+end |    3      3
Test Summary:      | Pass  Total
pad, 2D, all sides |    3      3
Test Summary:           | Pass  Total
truncate, 2D, all sides |    3      3
Test Summary:          | Pass  Total
pad, 2D, top and sides |    3      3
Test Summary:       | Pass  Total
extend pad, 1D, end |    3      3
Test Summary:         | Pass  Total
extend pad, 1D, start |    3      3
Test Summary:       | Pass  Total
extend pad, 1D, end |    3      3
Test Summary:  | Pass  Total
extend pad, 2D |    3      3
Test Summary:           | Pass  Total
extend pad and truc, 2D |    3      3
Test Summary: | Pass  Total
jop_permute   |    5      5
Test Summary:      | Pass  Total
JopPermutedims, 2D |    2      2
Test Summary:      | Pass  Total
JopPermutedims, 3D |    2      2
Test Summary:                 | Pass  Total
JopPow, correctness T=Float64 |    1      1
Test Summary:                 | Pass  Total
JopPow, correctness T=Float32 |    1      1
Test Summary:                          | Pass  Total
JopPow, correctness T=Complex{Float64} |    1      1
Test Summary:                          | Pass  Total
JopPow, correctness T=Complex{Float32} |    1      1
Test Summary:                     | Pass  Total
JopPow, linearity test, T=Float64 |    1      1
Test Summary:                     | Pass  Total
JopPow, linearity test, T=Float32 |    1      1
Test Summary:                              | Pass  Total
JopPow, linearity test, T=Complex{Float64} |    1      1
Test Summary:                              | Pass  Total
JopPow, linearity test, T=Complex{Float32} |    1      1
Test Summary:                       | Pass  Total
JopPow, dot product test, T=Float64 |    1      1
Test Summary:                       | Pass  Total
JopPow, dot product test, T=Float32 |    1      1
Test Summary:                                | Pass  Total
JopPow, dot product test, T=Complex{Float64} |    1      1
Test Summary:                                | Pass  Total
JopPow, dot product test, T=Complex{Float32} |    1      1
Test Summary:                         | Pass  Total
JopPow, linearization test, T=Float64 |    1      1
Test Summary:                         | Pass  Total
JopPow, linearization test, T=Float32 |    1      1
Test Summary:                                  | Pass  Total
JopPow, linearization test, T=Complex{Float64} |    1      1
Test Summary:                                  | Pass  Total
JopPow, linearization test, T=Complex{Float32} |    1      1
Test Summary:                      | Pass  Total
JopProjection, 2D, first component |    3      3
Test Summary:                       | Pass  Total
JopProjection, 2D, second component |    3      3
Test Summary:                        | Pass  Total
JopReal, dot product test, T=Float64 |    1      1
Test Summary:                        | Pass  Total
JopReal, dot product test, T=Float32 |    1      1
Test Summary:                      | Pass  Total
JopReal, linearity test, T=Float64 |    1      1
Test Summary:                      | Pass  Total
JopReal, linearity test, T=Float32 |    1      1
Test Summary:                        | Pass  Total
JopReal, correctness test, T=Float64 |    1      1
Test Summary:                        | Pass  Total
JopReal, correctness test, T=Float32 |    1      1
Test Summary: | Pass  Total
reghost       |    1      1
Test Summary:                            | Pass  Total
JopRemoveDC, correctness test, T=Float32 |    1      1
Test Summary:                            | Pass  Total
JopRemoveDC, correctness test, T=Float64 |    1      1
Test Summary:                                     | Pass  Total
JopRemoveDC, correctness test, T=Complex{Float32} |    1      1
Test Summary:                                     | Pass  Total
JopRemoveDC, correctness test, T=Complex{Float64} |    1      1
Test Summary:                          | Pass  Total
JopRemoveDC, linearity test, T=Float32 |    1      1
Test Summary:                          | Pass  Total
JopRemoveDC, linearity test, T=Float64 |    1      1
Test Summary:                                   | Pass  Total
JopRemoveDC, linearity test, T=Complex{Float32} |    1      1
Test Summary:                                   | Pass  Total
JopRemoveDC, linearity test, T=Complex{Float64} |    1      1
Test Summary:                            | Pass  Total
JopRemoveDC, dot product test, T=Float32 |    1      1
Test Summary:                            | Pass  Total
JopRemoveDC, dot product test, T=Float64 |    1      1
Test Summary:                                     | Pass  Total
JopRemoveDC, dot product test, T=Complex{Float32} |    1      1
Test Summary:                                     | Pass  Total
JopRemoveDC, dot product test, T=Complex{Float64} |    1      1
Test Summary:                         | Pass  Total
JopReshape, linearity test, T=Float64 |    1      1
Test Summary:                         | Pass  Total
JopReshape, linearity test, T=Float32 |    1      1
Test Summary:                           | Pass  Total
JopReshape, dot product test, T=Float64 |    2      2
Test Summary:                           | Pass  Total
JopReshape, dot product test, T=Float32 |    2      2
Test Summary:           | Pass  Total
JopReshape, correctness |    4      4
Test Summary:                 | Pass  Total
restriction, real to real, 1D |    3      3
Test Summary:                 | Pass  Total
restriction, real to real, 2D |    2      2
Test Summary:                                   | Pass  Total
roughness, dot product test N=(256, 512), dim=1 |    1      1
Test Summary:                                        | Pass  Total
roughness, dot product test N=(16, 32, 64, 4), dim=1 |    1      1
Test Summary:                                        | Pass  Total
roughness, dot product test N=(16, 32, 64, 4), dim=2 |    1      1
Test Summary:                                        | Pass  Total
roughness, dot product test N=(16, 32, 64, 4), dim=3 |    1      1
Test Summary:                                 | Pass  Total
roughness, linearity test N=(256, 512), dim=1 |    1      1
Test Summary:                                      | Pass  Total
roughness, linearity test N=(16, 32, 64, 4), dim=1 |    1      1
Test Summary:                                      | Pass  Total
roughness, linearity test N=(16, 32, 64, 4), dim=2 |    1      1
Test Summary:                                      | Pass  Total
roughness, linearity test N=(16, 32, 64, 4), dim=3 |    1      1
Test Summary:                   | Pass  Total
JopShift, correctness T=Float64 |    4      4
Test Summary:                   | Pass  Total
JopShift, correctness T=Float32 |    4      4
Test Summary:                            | Pass  Total
JopShift, correctness T=Complex{Float64} |    4      4
Test Summary:                            | Pass  Total
JopShift, correctness T=Complex{Float32} |    4      4
[ Info: Testing scalar b
[ Info: Testing vector b
Test Summary:                       | Pass  Total
JopShift, linearity test, T=Float64 |    2      2
[ Info: Testing scalar b
[ Info: Testing vector b
Test Summary:                       | Pass  Total
JopShift, linearity test, T=Float32 |    2      2
[ Info: Testing scalar b
[ Info: Testing vector b
Test Summary:                                | Pass  Total
JopShift, linearity test, T=Complex{Float64} |    2      2
[ Info: Testing scalar b
[ Info: Testing vector b
Test Summary:                                | Pass  Total
JopShift, linearity test, T=Complex{Float32} |    2      2
[ Info: Testing scalar b
[ Info: Testing vector b
Test Summary:                         | Pass  Total
JopShift, dot product test, T=Float64 |    2      2
[ Info: Testing scalar b
[ Info: Testing vector b
Test Summary:                         | Pass  Total
JopShift, dot product test, T=Float32 |    2      2
[ Info: Testing scalar b
[ Info: Testing vector b
Test Summary:                                  | Pass  Total
JopShift, dot product test, T=Complex{Float64} |    2      2
[ Info: Testing scalar b
[ Info: Testing vector b
Test Summary:                                  | Pass  Total
JopShift, dot product test, T=Complex{Float32} |    2      2
[ Info: Testing scalar b
phi = [0.0, 4.93518798514289e-15, 3.600958362654362e-15, 3.600958362654362e-15, 1.6910413304902302e-15, 3.0445222344970464e-15, 2.7465400791133423e-15, 3.1616999831336794e-15, 3.0424972776820704e-15, 3.3839044131518772e-15, 3.2501293141927617e-15, 3.4093067331007116e-15, 3.3083901009314997e-15, 3.3546376631528325e-15]
[ Info: Testing vector b
phi = [0.0, 3.0105524938599445e-15, 2.4725840765205216e-15, 2.737549743767154e-15, 1.456043846448818e-15, 2.5129144636570637e-15, 2.2093159237770886e-15, 2.701431795413705e-15, 2.4850154473731614e-15, 2.858588491028501e-15, 2.5414166642833352e-15, 2.8694822339994978e-15, 2.842338989409176e-15, 2.7429264167579738e-15]
Test Summary:                           | Pass  Total
JopShift, linearization test, T=Float64 |    2      2
[ Info: Testing scalar b
phi = [9.000103992546499e-7, 1.2061297603063673e-6, 1.3314669074826644e-6, 1.089558989801663e-6, 1.1434153373987005e-6, 1.0301088459991898e-6, 9.955938511186878e-7, 9.78130011375201e-7, 9.907871609854275e-7, 9.742314798238512e-7, 9.863229315633869e-7, 9.777970933822324e-7, 9.673783464830873e-7, 9.397761425892497e-7]
[ Info: Testing vector b
phi = [1.2894456179609261e-6, 1.3014021784509673e-6, 1.437942753054478e-6, 1.1818339322897769e-6, 1.220804402128699e-6, 1.0820749267060613e-6, 1.0988532939306868e-6, 1.062283571373575e-6, 1.0413769012484638e-6, 1.0270508447300908e-6, 1.041117004341658e-6, 9.904015057113024e-7, 1.0244514454438845e-6, 1.0412512569247564e-6]
Test Summary:                           | Pass  Total
JopShift, linearization test, T=Float32 |    2      2
[ Info: Testing scalar b
phi = [0.0, 4.664918823261585e-15, 3.934640423845914e-15, 4.1740547012353215e-15, 1.9357399876532506e-15, 3.69430777790721e-15, 3.1244445429724018e-15, 3.916586118171724e-15, 3.8587238286830786e-15, 4.203847424645342e-15, 3.87863687158228e-15, 4.308824046522781e-15, 4.165186303040984e-15, 4.286237385574756e-15]
[ Info: Testing vector b
phi = [0.0, 4.127283025443763e-15, 2.9873046363423827e-15, 3.848728671687718e-15, 2.022922624776835e-15, 3.848753691945686e-15, 2.886579864025407e-15, 3.902990582633435e-15, 3.588957991961153e-15, 4.047772698149629e-15, 4.089781947856666e-15, 4.160473064018482e-15, 3.899732454010066e-15, 3.92653116424703e-15]
Test Summary:                                    | Pass  Total
JopShift, linearization test, T=Complex{Float64} |    2      2
[ Info: Testing scalar b
phi = [1.8998834431778464e-6, 1.9914826248945837e-6, 2.0946602095133757e-6, 1.6552809051423008e-6, 1.7241615848685179e-6, 1.6016719501839628e-6, 1.6171707877670245e-6, 1.5631995738271291e-6, 1.5437991342667683e-6, 1.5461920310890409e-6, 1.524577045865381e-6, 1.5392518612293932e-6, 1.5392415362143173e-6, 1.5140454880491886e-6]
[ Info: Testing vector b
phi = [1.896139826844557e-6, 1.8763882093890342e-6, 2.043144285798384e-6, 1.7096870277415477e-6, 1.6845563365295624e-6, 1.5207434215312624e-6, 1.5266965048424174e-6, 1.4742877570404858e-6, 1.481035998803514e-6, 1.433863596204569e-6, 1.4570076606434056e-6, 1.4502172033346398e-6, 1.393040664944589e-6, 1.4360553980223876e-6]
Test Summary:                                    | Pass  Total
JopShift, linearization test, T=Complex{Float32} |    2      2
Test Summary:                     | Pass  Total
JopSigmoid, correctness T=Float64 |    1      1
Test Summary:                     | Pass  Total
JopSigmoid, correctness T=Float32 |    1      1
Test Summary:                              | Pass  Total
JopSigmoid, correctness T=Complex{Float64} |    1      1
Test Summary:                              | Pass  Total
JopSigmoid, correctness T=Complex{Float32} |    1      1
Test Summary:                         | Pass  Total
JopSigmoid, linearity test, T=Float64 |    1      1
Test Summary:                         | Pass  Total
JopSigmoid, linearity test, T=Float32 |    1      1
Test Summary:                                  | Pass  Total
JopSigmoid, linearity test, T=Complex{Float64} |    1      1
Test Summary:                                  | Pass  Total
JopSigmoid, linearity test, T=Complex{Float32} |    1      1
Test Summary:                           | Pass  Total
JopSigmoid, dot product test, T=Float64 |    1      1
Test Summary:                           | Pass  Total
JopSigmoid, dot product test, T=Float32 |    1      1
Test Summary:                                    | Pass  Total
JopSigmoid, dot product test, T=Complex{Float64} |    1      1
Test Summary:                                    | Pass  Total
JopSigmoid, dot product test, T=Complex{Float32} |    1      1
Test Summary:                             | Pass  Total
JopSigmoid, linearization test, T=Float64 |    1      1
Test Summary:                             | Pass  Total
JopSigmoid, linearization test, T=Float32 |    1      1
Test Summary:                                      | Pass  Total
JopSigmoid, linearization test, T=Complex{Float64} |    1      1
Test Summary:                                      | Pass  Total
JopSigmoid, linearization test, T=Complex{Float32} |    1      1
Test Summary: | Pass  Total
taper         |    4      4
Test Summary:                    | Pass  Total
JopTranslation, dot product test |    1      1
Test Summary:             | Pass  Total
JopTranslation, Linearity |    1      1
Test Summary:               | Pass  Total
JopTranslation, Correctness |    1      1
Test Summary:                               | Pass  Total
JopTranslation, Correctness half width in t |    1      1
Test Summary:                               | Pass  Total
JopTranslation, Correctness half width in x |    1      1
    Testing JetPack tests passed 
Finished at 2020-10-25T20:30:25.666
