Julia Version 1.3.2-pre.0
Commit 2e6715c045 (2019-12-31 00:49 UTC)
Platform Info:
  OS: Linux (x86_64-linux-gnu)
  CPU: Intel(R) Xeon(R) Silver 4114 CPU @ 2.20GHz
  WORD_SIZE: 64
  LIBM: libopenlibm
  LLVM: libLLVM-6.0.1 (ORCJIT, skylake)
Environment:
  JULIA_DEPOT_PATH = ::/usr/local/share/julia

 Resolving package versions...
 Installed CEnum ────────────── v0.2.0
 Installed TimerOutputs ─────── v0.5.3
 Installed CUDAapi ──────────── v2.1.0
 Installed Adapt ────────────── v1.0.0
 Installed OrderedCollections ─ v1.1.0
 Installed DataStructures ───── v0.17.7
 Installed CUDAnative ───────── v2.7.0
 Installed LLVM ─────────────── v1.3.3
 Installed CUDAdrv ──────────── v5.0.1
  Updating `~/.julia/environments/v1.3/Project.toml`
  [be33ccc6] + CUDAnative v2.7.0
  Updating `~/.julia/environments/v1.3/Manifest.toml`
  [79e6a3ab] + Adapt v1.0.0
  [fa961155] + CEnum v0.2.0
  [3895d2a7] + CUDAapi v2.1.0
  [c5f51814] + CUDAdrv v5.0.1
  [be33ccc6] + CUDAnative v2.7.0
  [864edb3b] + DataStructures v0.17.7
  [929cbde3] + LLVM v1.3.3
  [bac558e1] + OrderedCollections v1.1.0
  [a759f4b9] + TimerOutputs v0.5.3
  [2a0f44e3] + Base64 
  [8ba89e20] + Distributed 
  [b77e0a4c] + InteractiveUtils 
  [8f399da3] + Libdl 
  [37e2e46d] + LinearAlgebra 
  [56ddb016] + Logging 
  [d6f4376e] + Markdown 
  [de0858da] + Printf 
  [9a3f8284] + Random 
  [9e88b42a] + Serialization 
  [6462fe0b] + Sockets 
  [8dfed614] + Test 
  [4ec0a83e] + Unicode 
   Testing CUDAnative
 Resolving package versions...
 Installed Requires ─────── v1.0.0
 Installed GPUArrays ────── v2.0.1
 Installed CuArrays ─────── v1.6.0
 Installed MacroTools ───── v0.5.3
 Installed BinaryProvider ─ v0.5.8
 Installed AbstractFFTs ─── v0.5.0
 Installed NNlib ────────── v0.6.2
  Building NNlib → `~/.julia/packages/NNlib/udnNA/deps/build.log`
    Status `/tmp/jl_C3BRWV/Manifest.toml`
  [621f4979] AbstractFFTs v0.5.0
  [79e6a3ab] Adapt v1.0.0
  [b99e7846] BinaryProvider v0.5.8
  [fa961155] CEnum v0.2.0
  [3895d2a7] CUDAapi v2.1.0
  [c5f51814] CUDAdrv v5.0.1
  [be33ccc6] CUDAnative v2.7.0
  [3a865a2d] CuArrays v1.6.0
  [864edb3b] DataStructures v0.17.7
  [0c68f7d7] GPUArrays v2.0.1
  [929cbde3] LLVM v1.3.3
  [1914dd2f] MacroTools v0.5.3
  [872c559c] NNlib v0.6.2
  [bac558e1] OrderedCollections v1.1.0
  [ae029012] Requires v1.0.0
  [a759f4b9] TimerOutputs v0.5.3
  [2a0f44e3] Base64  [`@stdlib/Base64`]
  [8ba89e20] Distributed  [`@stdlib/Distributed`]
  [b77e0a4c] InteractiveUtils  [`@stdlib/InteractiveUtils`]
  [8f399da3] Libdl  [`@stdlib/Libdl`]
  [37e2e46d] LinearAlgebra  [`@stdlib/LinearAlgebra`]
  [56ddb016] Logging  [`@stdlib/Logging`]
  [d6f4376e] Markdown  [`@stdlib/Markdown`]
  [de0858da] Printf  [`@stdlib/Printf`]
  [9a3f8284] Random  [`@stdlib/Random`]
  [ea8e919c] SHA  [`@stdlib/SHA`]
  [9e88b42a] Serialization  [`@stdlib/Serialization`]
  [6462fe0b] Sockets  [`@stdlib/Sockets`]
  [2f01184e] SparseArrays  [`@stdlib/SparseArrays`]
  [10745b16] Statistics  [`@stdlib/Statistics`]
  [8dfed614] Test  [`@stdlib/Test`]
  [cf7118a7] UUIDs  [`@stdlib/UUIDs`]
  [4ec0a83e] Unicode  [`@stdlib/Unicode`]
[ Info: CUDAdrv.jl failed to initialize, GPU functionality unavailable (set JULIA_CUDA_SILENT or JULIA_CUDA_VERBOSE to silence or expand this message)
CUDAnative: Test Failed at /home/pkgeval/.julia/packages/CUDAnative/Phjco/test/runtests.jl:10
  Expression: CUDAnative.functional()
Stacktrace:
 [1] top-level scope at /home/pkgeval/.julia/packages/CUDAnative/Phjco/test/runtests.jl:10
 [2] top-level scope at /workspace/srcdir/usr/share/julia/stdlib/v1.3/Test/src/Test.jl:1107
 [3] top-level scope at /home/pkgeval/.julia/packages/CUDAnative/Phjco/test/runtests.jl:10
CUDAnative: Error During Test at /home/pkgeval/.julia/packages/CUDAnative/Phjco/test/runtests.jl:8
  Got exception outside of a @test
  UndefRefError: access to undefined reference
  Stacktrace:
   [1] getproperty at ./Base.jl:20 [inlined]
   [2] getindex at ./refvalue.jl:32 [inlined]
   [3] version() at /home/pkgeval/.julia/packages/CUDAnative/Phjco/src/CUDAnative.jl:19
   [4] top-level scope at /home/pkgeval/.julia/packages/CUDAnative/Phjco/test/runtests.jl:12
   [5] top-level scope at /workspace/srcdir/usr/share/julia/stdlib/v1.3/Test/src/Test.jl:1107
   [6] top-level scope at /home/pkgeval/.julia/packages/CUDAnative/Phjco/test/runtests.jl:10
   [7] include at ./boot.jl:328 [inlined]
   [8] include_relative(::Module, ::String) at ./loading.jl:1105
   [9] include(::Module, ::String) at ./Base.jl:31
   [10] include(::String) at ./client.jl:424
   [11] top-level scope at none:6
   [12] eval(::Module, ::Any) at ./boot.jl:330
   [13] exec_options(::Base.JLOptions) at ./client.jl:263
   [14] _start() at ./client.jl:460
  
Test Summary: | Fail  Error  Total
CUDAnative    |    1      1      2
ERROR: LoadError: Some tests did not pass: 0 passed, 1 failed, 1 errored, 0 broken.
in expression starting at /home/pkgeval/.julia/packages/CUDAnative/Phjco/test/runtests.jl:8
ERROR: Package CUDAnative errored during testing
Stacktrace:
 [1] pkgerror(::String, ::Vararg{String,N} where N) at /workspace/srcdir/usr/share/julia/stdlib/v1.3/Pkg/src/Types.jl:113
 [2] #test#131(::Bool, ::Nothing, ::Cmd, ::Cmd, ::typeof(Pkg.Operations.test), ::Pkg.Types.Context, ::Array{Pkg.Types.PackageSpec,1}) at /workspace/srcdir/usr/share/julia/stdlib/v1.3/Pkg/src/Operations.jl:1372
 [3] #test at ./none:0 [inlined]
 [4] #test#62(::Bool, ::Nothing, ::Cmd, ::Cmd, ::Base.Iterators.Pairs{Union{},Union{},Tuple{},NamedTuple{(),Tuple{}}}, ::typeof(Pkg.API.test), ::Pkg.Types.Context, ::Array{Pkg.Types.PackageSpec,1}) at /workspace/srcdir/usr/share/julia/stdlib/v1.3/Pkg/src/API.jl:253
 [5] test(::Pkg.Types.Context, ::Array{Pkg.Types.PackageSpec,1}) at /workspace/srcdir/usr/share/julia/stdlib/v1.3/Pkg/src/API.jl:239
 [6] #test#61 at /workspace/srcdir/usr/share/julia/stdlib/v1.3/Pkg/src/API.jl:233 [inlined]
 [7] test at /workspace/srcdir/usr/share/julia/stdlib/v1.3/Pkg/src/API.jl:233 [inlined]
 [8] #test#60 at /workspace/srcdir/usr/share/julia/stdlib/v1.3/Pkg/src/API.jl:232 [inlined]
 [9] test at /workspace/srcdir/usr/share/julia/stdlib/v1.3/Pkg/src/API.jl:232 [inlined]
 [10] #test#59(::Base.Iterators.Pairs{Union{},Union{},Tuple{},NamedTuple{(),Tuple{}}}, ::typeof(Pkg.API.test), ::String) at /workspace/srcdir/usr/share/julia/stdlib/v1.3/Pkg/src/API.jl:231
 [11] test(::String) at /workspace/srcdir/usr/share/julia/stdlib/v1.3/Pkg/src/API.jl:231
 [12] top-level scope at none:13
