Julia Version 1.4.2-pre.13
Commit 58353fd273 (2020-05-10 17:03 UTC)
Platform Info:
  OS: Linux (x86_64-linux-gnu)
  CPU: Intel(R) Xeon(R) Silver 4114 CPU @ 2.20GHz
  WORD_SIZE: 64
  LIBM: libopenlibm
  LLVM: libLLVM-8.0.1 (ORCJIT, skylake)
Environment:
  JULIA_DEPOT_PATH = ::/usr/local/share/julia
  JULIA_NUM_THREADS = 2

  Resolving package versions...
  Installed RawFile ─ v1.0.0
   Updating `~/.julia/environments/v1.4/Project.toml`
  [7a16de70] + RawFile v1.0.0
   Updating `~/.julia/environments/v1.4/Manifest.toml`
  [7a16de70] + RawFile v1.0.0
    Testing RawFile
Status `/tmp/jl_ccXtbp/Manifest.toml`
  [7a16de70] RawFile v1.0.0
[ Info: (100,)
[ Info: (100,)
[ Info: UInt8[0x52, 0x9f, 0x80, 0xec, 0x2d, 0x2b, 0xfb, 0xf9, 0xa3, 0x63, 0x46]
[ Info: UInt8[0x52, 0x9f, 0x80, 0xec, 0x2d, 0x2b, 0xfb, 0xf9, 0xa3, 0x63, 0x46]
[ Info: (75, 100)
[ Info: (75, 100)
[ Info: UInt8[0xce, 0x7a, 0x3d, 0x00, 0x6b, 0x61, 0x8c, 0xd6, 0x4b, 0xd9, 0xac]
[ Info: UInt8[0xce, 0x7a, 0x3d, 0x00, 0x6b, 0x61, 0x8c, 0xd6, 0x4b, 0xd9, 0xac]
[ Info: (10, 20, 50)
[ Info: (10, 20, 50)
[ Info: UInt8[0x53, 0x66, 0x0c, 0x25, 0xaf, 0xae, 0x8e, 0xff, 0x2d, 0x07, 0x4a]
[ Info: UInt8[0x53, 0x66, 0x0c, 0x25, 0xaf, 0xae, 0x8e, 0xff, 0x2d, 0x07, 0x4a]
[ Info: (100,)
[ Info: (100,)
[ Info: Int32[-1422293855, 2062632804, 1492861490, 919586030, -59950300, 1794357222, -849369559, -527678175, -253686847, -1515206245, -1484730322]
[ Info: Int32[-1422293855, 2062632804, 1492861490, 919586030, -59950300, 1794357222, -849369559, -527678175, -253686847, -1515206245, -1484730322]
[ Info: (75, 100)
[ Info: (75, 100)
[ Info: Int32[-183340244, 134349415, -2138998675, -848007702, 512744198, -386701589, -476973239, -1567618418, 1323056300, 1496981787, -2130378374]
[ Info: Int32[-183340244, 134349415, -2138998675, -848007702, 512744198, -386701589, -476973239, -1567618418, 1323056300, 1496981787, -2130378374]
[ Info: (10, 20, 50)
[ Info: (10, 20, 50)
[ Info: Int32[1678558419, -1671261518, -14251027, -573935913, -2118578707, -779539773, 964894024, 134839459, -865568029, 1049157011, -2135078049]
[ Info: Int32[1678558419, -1671261518, -14251027, -573935913, -2118578707, -779539773, 964894024, 134839459, -865568029, 1049157011, -2135078049]
[ Info: (100,)
[ Info: (100,)
[ Info: [-2020672973409291414, 3028852445281729074, -2379944146819448324, 1264191527161168128, -5721796464909489420, 8807094003636167181, -8920001018280273758, 7614887735614880809, 2456008857508497343, -6007765898990083622, 6061831957905652879]
[ Info: [-2020672973409291414, 3028852445281729074, -2379944146819448324, 1264191527161168128, -5721796464909489420, 8807094003636167181, -8920001018280273758, 7614887735614880809, 2456008857508497343, -6007765898990083622, 6061831957905652879]
[ Info: (75, 100)
[ Info: (75, 100)
[ Info: [760443041278946919, -3498791342653436542, 2984797118967781725, 3551345668923867319, -8583251328555286063, -2706308705356406927, -5513534909625872875, 485520183551179807, -8648299006173133720, 7283394991368002586, 7949233329003896310]
[ Info: [760443041278946919, -3498791342653436542, 2984797118967781725, 3551345668923867319, -8583251328555286063, -2706308705356406927, -5513534909625872875, 485520183551179807, -8648299006173133720, 7283394991368002586, 7949233329003896310]
[ Info: (10, 20, 50)
[ Info: (10, 20, 50)
[ Info: [-2585851732972122916, -8529779814682584819, -9021661789649980706, 7129207594999158285, -8827484991828031515, 3197874329902879795, -4001886189348647070, 127509058932860201, 2898549837722029604, -4883053433171541492, -6709355913331336628]
[ Info: [-2585851732972122916, -8529779814682584819, -9021661789649980706, 7129207594999158285, -8827484991828031515, 3197874329902879795, -4001886189348647070, 127509058932860201, 2898549837722029604, -4883053433171541492, -6709355913331336628]
[ Info: (100,)
[ Info: (100,)
[ Info: Float32[0.66032183, 0.9515246, 0.98764765, 0.46827734, 0.634035, 0.12639046, 0.35122907, 0.7011832, 0.7306074, 0.964761, 0.52941406]
[ Info: Float32[0.66032183, 0.9515246, 0.98764765, 0.46827734, 0.634035, 0.12639046, 0.35122907, 0.7011832, 0.7306074, 0.964761, 0.52941406]
[ Info: (75, 100)
[ Info: (75, 100)
[ Info: Float32[0.46941578, 0.04506266, 0.15955055, 0.0862807, 0.17056096, 0.36884022, 0.16573215, 0.64201856, 0.7707093, 0.28455758, 0.105038404]
[ Info: Float32[0.46941578, 0.04506266, 0.15955055, 0.0862807, 0.17056096, 0.36884022, 0.16573215, 0.64201856, 0.7707093, 0.28455758, 0.105038404]
[ Info: (10, 20, 50)
[ Info: (10, 20, 50)
[ Info: Float32[0.18072093, 0.20870829, 0.5071964, 0.021400213, 0.3316785, 0.50267935, 0.30544066, 0.3711214, 0.10933471, 0.42791605, 0.73114026]
[ Info: Float32[0.18072093, 0.20870829, 0.5071964, 0.021400213, 0.3316785, 0.50267935, 0.30544066, 0.3711214, 0.10933471, 0.42791605, 0.73114026]
[ Info: (100,)
[ Info: (100,)
[ Info: [0.7002144779048245, 0.42751282344765706, 0.9042755376811786, 0.671253572195009, 0.2917147194616805, 0.7297104258845077, 0.5495290742330845, 0.1667584430956528, 0.5932328562136255, 0.8406793685411693, 0.9668488857831528]
[ Info: [0.7002144779048245, 0.42751282344765706, 0.9042755376811786, 0.671253572195009, 0.2917147194616805, 0.7297104258845077, 0.5495290742330845, 0.1667584430956528, 0.5932328562136255, 0.8406793685411693, 0.9668488857831528]
[ Info: (75, 100)
[ Info: (75, 100)
[ Info: [0.6798357536941197, 0.9507990400145241, 0.4794901900220967, 0.7846707825571579, 0.6416398979909688, 0.9346380197158857, 0.648259585956259, 0.07496720313198946, 0.8373713755383825, 0.8965437844576005, 0.1039687104392506]
[ Info: [0.6798357536941197, 0.9507990400145241, 0.4794901900220967, 0.7846707825571579, 0.6416398979909688, 0.9346380197158857, 0.648259585956259, 0.07496720313198946, 0.8373713755383825, 0.8965437844576005, 0.1039687104392506]
[ Info: (10, 20, 50)
[ Info: (10, 20, 50)
[ Info: [0.7897268560094739, 0.43890280848283525, 0.5869343157486528, 0.8464451396429682, 0.1342061421660583, 0.74566933594834, 0.4096099361032681, 0.9723008553120622, 0.537485323688931, 0.5925679253148362, 0.44271257609460735]
[ Info: [0.7897268560094739, 0.43890280848283525, 0.5869343157486528, 0.8464451396429682, 0.1342061421660583, 0.74566933594834, 0.4096099361032681, 0.9723008553120622, 0.537485323688931, 0.5925679253148362, 0.44271257609460735]
[ Info: (100,)
[ Info: (100,)
[ Info: Complex{Float16}[Float16(0.706) + Float16(0.2021)im, Float16(0.8516) + Float16(0.6504)im, Float16(0.885) + Float16(0.333)im, Float16(0.1963) + Float16(0.4736)im, Float16(0.7256) + Float16(0.1533)im, Float16(0.9336) + Float16(0.6113)im, Float16(0.9873) + Float16(0.6113)im, Float16(0.991) + Float16(0.1562)im, Float16(0.1113) + Float16(0.3887)im, Float16(0.1279) + Float16(0.743)im, Float16(0.415) + Float16(0.66)im]
[ Info: Complex{Float16}[Float16(0.706) + Float16(0.2021)im, Float16(0.8516) + Float16(0.6504)im, Float16(0.885) + Float16(0.333)im, Float16(0.1963) + Float16(0.4736)im, Float16(0.7256) + Float16(0.1533)im, Float16(0.9336) + Float16(0.6113)im, Float16(0.9873) + Float16(0.6113)im, Float16(0.991) + Float16(0.1562)im, Float16(0.1113) + Float16(0.3887)im, Float16(0.1279) + Float16(0.743)im, Float16(0.415) + Float16(0.66)im]
[ Info: (75, 100)
[ Info: (75, 100)
[ Info: Complex{Float16}[Float16(0.331) + Float16(0.2412)im, Float16(0.4883) + Float16(0.3574)im, Float16(0.8613) + Float16(0.6357)im, Float16(0.2461) + Float16(0.5664)im, Float16(0.1826) + Float16(0.504)im, Float16(0.1895) + Float16(0.8643)im, Float16(0.7656) + Float16(0.577)im, Float16(0.37) + Float16(0.3916)im, Float16(0.8936) + Float16(0.8887)im, Float16(0.0381) + Float16(0.8926)im, Float16(0.1562) + Float16(0.2227)im]
[ Info: Complex{Float16}[Float16(0.331) + Float16(0.2412)im, Float16(0.4883) + Float16(0.3574)im, Float16(0.8613) + Float16(0.6357)im, Float16(0.2461) + Float16(0.5664)im, Float16(0.1826) + Float16(0.504)im, Float16(0.1895) + Float16(0.8643)im, Float16(0.7656) + Float16(0.577)im, Float16(0.37) + Float16(0.3916)im, Float16(0.8936) + Float16(0.8887)im, Float16(0.0381) + Float16(0.8926)im, Float16(0.1562) + Float16(0.2227)im]
[ Info: (10, 20, 50)
[ Info: (10, 20, 50)
[ Info: Complex{Float16}[Float16(0.1426) + Float16(0.461)im, Float16(0.574) + Float16(0.9375)im, Float16(0.1006) + Float16(0.799)im, Float16(0.2666) + Float16(0.925)im, Float16(0.7676) + Float16(0.5713)im, Float16(0.333) + Float16(0.704)im, Float16(0.1904) + Float16(0.87)im, Float16(0.2734) + Float16(0.788)im, Float16(0.1533) + Float16(0.2441)im, Float16(0.7295) + Float16(0.9414)im, Float16(0.661) + Float16(0.1279)im]
[ Info: Complex{Float16}[Float16(0.1426) + Float16(0.461)im, Float16(0.574) + Float16(0.9375)im, Float16(0.1006) + Float16(0.799)im, Float16(0.2666) + Float16(0.925)im, Float16(0.7676) + Float16(0.5713)im, Float16(0.333) + Float16(0.704)im, Float16(0.1904) + Float16(0.87)im, Float16(0.2734) + Float16(0.788)im, Float16(0.1533) + Float16(0.2441)im, Float16(0.7295) + Float16(0.9414)im, Float16(0.661) + Float16(0.1279)im]
[ Info: (100,)
[ Info: (100,)
[ Info: Complex{Float32}[0.3014598f0 + 0.44403052f0im, 0.4399233f0 + 0.3868636f0im, 0.5035554f0 + 0.21024072f0im, 0.86979795f0 + 0.14935017f0im, 0.34570765f0 + 0.1050328f0im, 0.29468274f0 + 0.85589814f0im, 0.15840125f0 + 0.13143814f0im, 0.43142653f0 + 0.48808002f0im, 0.9104204f0 + 0.14455044f0im, 0.55853236f0 + 0.14652896f0im, 0.55776095f0 + 0.18734968f0im]
[ Info: Complex{Float32}[0.3014598f0 + 0.44403052f0im, 0.4399233f0 + 0.3868636f0im, 0.5035554f0 + 0.21024072f0im, 0.86979795f0 + 0.14935017f0im, 0.34570765f0 + 0.1050328f0im, 0.29468274f0 + 0.85589814f0im, 0.15840125f0 + 0.13143814f0im, 0.43142653f0 + 0.48808002f0im, 0.9104204f0 + 0.14455044f0im, 0.55853236f0 + 0.14652896f0im, 0.55776095f0 + 0.18734968f0im]
[ Info: (75, 100)
[ Info: (75, 100)
[ Info: Complex{Float32}[0.90161264f0 + 0.08851302f0im, 0.62774086f0 + 0.25617456f0im, 0.64680123f0 + 0.13768399f0im, 0.02464521f0 + 0.80449414f0im, 0.09169519f0 + 0.7627069f0im, 0.4834801f0 + 0.49669456f0im, 0.49783266f0 + 0.5986155f0im, 0.09780991f0 + 0.951072f0im, 0.999048f0 + 0.59386086f0im, 0.19923484f0 + 0.89457583f0im, 0.3358835f0 + 0.8104025f0im]
[ Info: Complex{Float32}[0.90161264f0 + 0.08851302f0im, 0.62774086f0 + 0.25617456f0im, 0.64680123f0 + 0.13768399f0im, 0.02464521f0 + 0.80449414f0im, 0.09169519f0 + 0.7627069f0im, 0.4834801f0 + 0.49669456f0im, 0.49783266f0 + 0.5986155f0im, 0.09780991f0 + 0.951072f0im, 0.999048f0 + 0.59386086f0im, 0.19923484f0 + 0.89457583f0im, 0.3358835f0 + 0.8104025f0im]
[ Info: (10, 20, 50)
[ Info: (10, 20, 50)
[ Info: Complex{Float32}[0.9229336f0 + 0.017002344f0im, 0.116624f0 + 0.123414755f0im, 0.9875046f0 + 0.68625903f0im, 0.04165697f0 + 0.21300828f0im, 0.9738318f0 + 0.17408752f0im, 0.17719662f0 + 0.7347237f0im, 0.4770285f0 + 0.24856663f0im, 0.6550571f0 + 0.039993167f0im, 0.8139936f0 + 0.8375697f0im, 0.0024149418f0 + 0.97500086f0im, 0.3582033f0 + 0.021808982f0im]
[ Info: Complex{Float32}[0.9229336f0 + 0.017002344f0im, 0.116624f0 + 0.123414755f0im, 0.9875046f0 + 0.68625903f0im, 0.04165697f0 + 0.21300828f0im, 0.9738318f0 + 0.17408752f0im, 0.17719662f0 + 0.7347237f0im, 0.4770285f0 + 0.24856663f0im, 0.6550571f0 + 0.039993167f0im, 0.8139936f0 + 0.8375697f0im, 0.0024149418f0 + 0.97500086f0im, 0.3582033f0 + 0.021808982f0im]
    Testing RawFile tests passed 
