Julia Version 1.4.2-pre.0
Commit ef4fe83698 (2020-04-15 16:24 UTC)
Platform Info:
  OS: Linux (x86_64-linux-gnu)
  CPU: Intel(R) Xeon(R) Silver 4114 CPU @ 2.20GHz
  WORD_SIZE: 64
  LIBM: libopenlibm
  LLVM: libLLVM-8.0.1 (ORCJIT, skylake)
Environment:
  JULIA_DEPOT_PATH = ::/usr/local/share/julia
  JULIA_NUM_THREADS = 2

  Resolving package versions...
  Installed Graphs ───────────── v0.10.3
  Installed OrderedCollections ─ v1.2.0
  Installed DataStructures ───── v0.17.15
   Updating `~/.julia/environments/v1.4/Project.toml`
  [86223c79] + Graphs v0.10.3
   Updating `~/.julia/environments/v1.4/Manifest.toml`
  [864edb3b] + DataStructures v0.17.15
  [86223c79] + Graphs v0.10.3
  [bac558e1] + OrderedCollections v1.2.0
  [2a0f44e3] + Base64 
  [b77e0a4c] + InteractiveUtils 
  [8f399da3] + Libdl 
  [37e2e46d] + LinearAlgebra 
  [d6f4376e] + Markdown 
  [9a3f8284] + Random 
  [9e88b42a] + Serialization 
  [2f01184e] + SparseArrays 
    Testing Graphs
Status `/tmp/jl_W44ZNC/Manifest.toml`
  [864edb3b] DataStructures v0.17.15
  [86223c79] Graphs v0.10.3
  [bac558e1] OrderedCollections v1.2.0
  [2a0f44e3] Base64 
  [8ba89e20] Distributed 
  [b77e0a4c] InteractiveUtils 
  [8f399da3] Libdl 
  [37e2e46d] LinearAlgebra 
  [56ddb016] Logging 
  [d6f4376e] Markdown 
  [9a3f8284] Random 
  [9e88b42a] Serialization 
  [6462fe0b] Sockets 
  [2f01184e] SparseArrays 
  [8dfed614] Test 
running /home/pkgeval/.julia/packages/Graphs/GQCid/test/edgelist.jl ...
running /home/pkgeval/.julia/packages/Graphs/GQCid/test/adjlist.jl ...
running /home/pkgeval/.julia/packages/Graphs/GQCid/test/bellman_test.jl ...
running /home/pkgeval/.julia/packages/Graphs/GQCid/test/inclist.jl ...
running /home/pkgeval/.julia/packages/Graphs/GQCid/test/graph.jl ...
Test Summary:       | Pass  Total
SimpleDirectedGraph |   58     58
Test Summary:         | Pass  Total
SimpleUndirectedGraph |   34     34
Test Summary:                       | Pass  Total
Extended and General directed graph |  104    104
Test Summary:       | Pass  Total
graph() constructor | 2206   2206
running /home/pkgeval/.julia/packages/Graphs/GQCid/test/gmatrix.jl ...
running /home/pkgeval/.julia/packages/Graphs/GQCid/test/bfs.jl ...
running /home/pkgeval/.julia/packages/Graphs/GQCid/test/dfs.jl ...
running /home/pkgeval/.julia/packages/Graphs/GQCid/test/conn_comp.jl ...
running /home/pkgeval/.julia/packages/Graphs/GQCid/test/dijkstra.jl ...
┌ Warning: `mutable_binary_minheap(::Type{T}) where T` is deprecated, use `MutableBinaryMinHeap{T}()` instead.
│   caller = create_dijkstra_states(::GenericIncidenceList{Int64,Edge{Int64},UnitRange{Int64},Array{Array{Edge{Int64},1},1}}, ::Type{Float64}) at dijkstra_spath.jl:33
└ @ Graphs ~/.julia/packages/Graphs/GQCid/src/dijkstra_spath.jl:33
┌ Warning: `mutable_binary_minheap(::Type{T}) where T` is deprecated, use `MutableBinaryMinHeap{T}()` instead.
│   caller = create_dijkstra_states(::GenericGraph{Int64,ExEdge{Int64},Array{Int64,1},Array{ExEdge{Int64},1},Array{Array{ExEdge{Int64},1},1}}, ::Type{Float64}) at dijkstra_spath.jl:33
└ @ Graphs ~/.julia/packages/Graphs/GQCid/src/dijkstra_spath.jl:33
┌ Warning: `mutable_binary_minheap(::Type{T}) where T` is deprecated, use `MutableBinaryMinHeap{T}()` instead.
│   caller = create_dijkstra_states(::GenericGraph{Int64,Edge{Int64},UnitRange{Int64},Array{Edge{Int64},1},Array{Array{Edge{Int64},1},1}}, ::Type{Float64}) at dijkstra_spath.jl:33
└ @ Graphs ~/.julia/packages/Graphs/GQCid/src/dijkstra_spath.jl:33
┌ Warning: `mutable_binary_minheap(::Type{T}) where T` is deprecated, use `MutableBinaryMinHeap{T}()` instead.
│   caller = create_dijkstra_states(::GenericIncidenceList{Int64,Edge{Int64},Array{Int64,1},Array{Array{Edge{Int64},1},1}}, ::Type{Float64}) at dijkstra_spath.jl:33
└ @ Graphs ~/.julia/packages/Graphs/GQCid/src/dijkstra_spath.jl:33
running /home/pkgeval/.julia/packages/Graphs/GQCid/test/a_star_spath.jl ...
running /home/pkgeval/.julia/packages/Graphs/GQCid/test/mst.jl ...
┌ Warning: `mutable_binary_minheap(::Type{T}) where T` is deprecated, use `MutableBinaryMinHeap{T}()` instead.
│   caller = create_prim_states(::GenericIncidenceList{Int64,Edge{Int64},UnitRange{Int64},Array{Array{Edge{Int64},1},1}}, ::Type{Float64}) at prim_mst.jl:35
└ @ Graphs ~/.julia/packages/Graphs/GQCid/src/prim_mst.jl:35
running /home/pkgeval/.julia/packages/Graphs/GQCid/test/floyd.jl ...
running /home/pkgeval/.julia/packages/Graphs/GQCid/test/dot.jl ...
running /home/pkgeval/.julia/packages/Graphs/GQCid/test/dot2.jl ...
implements_edge_list(sgd) == true = true
implements_vertex_map(sgd) == true = true
digraph graphname {
1
2
3
4
}

digraph graphname {
1
2
3
4
1 -> 3
3 -> 1
2 -> 3
}

implements_edge_list(ag) == true = true
implements_vertex_map(ag) == true = true
digraph graphname {
1	["label"="a","color"="bisque"]
2	["label"="b","color"="bisque"]
3	["label"="c","color"="bisque"]
4	["label"="d","color"="bisque"]
1 -> 3
3 -> 1
2 -> 3
}

graph graphname {
1	["label"="a","color"="bisque"]
2	["label"="b","color"="bisque"]
3	["label"="c","color"="bisque"]
4	["label"="d","color"="bisque"]
1 -- 3
2 -- 3
}

implements_edge_list(agu) == true = true
implements_vertex_map(agu) == true = true
running /home/pkgeval/.julia/packages/Graphs/GQCid/test/cliques.jl ...
running /home/pkgeval/.julia/packages/Graphs/GQCid/test/random.jl ...
running /home/pkgeval/.julia/packages/Graphs/GQCid/test/generators.jl ...
running /home/pkgeval/.julia/packages/Graphs/GQCid/test/maximum_adjacency_visit.jl ...
running /home/pkgeval/.julia/packages/Graphs/GQCid/test/issue_related_tests.jl ...
running /home/pkgeval/.julia/packages/Graphs/GQCid/test/inclist_dict_delete.jl ...
Test Summary:          | Pass  Total
Incidence Dictionaries |   22     22
    Testing Graphs tests passed 
