Julia Version 1.4.0
Commit b8e9a9ecc6 (2020-03-21 16:36 UTC)
Platform Info:
  OS: Linux (x86_64-linux-gnu)
  CPU: Intel(R) Xeon(R) Silver 4114 CPU @ 2.20GHz
  WORD_SIZE: 64
  LIBM: libopenlibm
  LLVM: libLLVM-8.0.1 (ORCJIT, skylake)
Environment:
  JULIA_DEPOT_PATH = ::/usr/local/share/julia
  JULIA_NUM_THREADS = 2

  Resolving package versions...
  Installed CompilerSupportLibraries_jll ─ v0.3.3+0
  Installed Requires ───────────────────── v1.0.1
  Installed ArrayInterface ─────────────── v2.7.0
  Installed DiffResults ────────────────── v1.0.2
  Installed Parameters ─────────────────── v0.12.0
  Installed BinaryProvider ─────────────── v0.5.8
  Installed NLsolve ────────────────────── v4.3.0
  Installed Gridap ─────────────────────── v0.8.0
  Installed FillArrays ─────────────────── v0.8.7
  Installed DiffRules ──────────────────── v1.0.1
  Installed QuadGK ─────────────────────── v2.3.1
  Installed LineSearches ───────────────── v7.0.1
  Installed RecipesBase ────────────────── v1.0.0
  Installed DocStringExtensions ────────── v0.8.1
  Installed JSON ───────────────────────── v0.21.0
  Installed FiniteDiff ─────────────────── v2.3.0
  Installed JLD2 ───────────────────────── v0.1.12
  Installed Reexport ───────────────────── v0.2.0
  Installed OrderedCollections ─────────── v1.1.0
  Installed SpecialFunctions ───────────── v0.10.0
  Installed FileIO ─────────────────────── v1.2.4
  Installed LightXML ───────────────────── v0.8.1
  Installed StaticArrays ───────────────── v0.12.1
  Installed DataStructures ─────────────── v0.17.11
  Installed ForwardDiff ────────────────── v0.10.10
  Installed Distances ──────────────────── v0.8.2
  Installed NLSolversBase ──────────────── v7.6.1
  Installed NaNMath ────────────────────── v0.3.3
  Installed OpenSpecFun_jll ────────────── v0.5.3+3
  Installed CodecZlib ──────────────────── v0.6.0
  Installed CommonSubexpressions ───────── v0.2.0
  Installed FastGaussQuadrature ────────── v0.4.2
  Installed Polynomials ────────────────── v0.5.3
  Installed Combinatorics ──────────────── v1.0.0
  Installed TranscodingStreams ─────────── v0.9.5
  Installed Parsers ────────────────────── v1.0.1
  Installed BSON ───────────────────────── v0.2.5
  Installed WriteVTK ───────────────────── v1.4.1
   Updating `~/.julia/environments/v1.4/Project.toml`
  [56d4f2e9] + Gridap v0.8.0
   Updating `~/.julia/environments/v1.4/Manifest.toml`
  [4fba245c] + ArrayInterface v2.7.0
  [fbb218c0] + BSON v0.2.5
  [b99e7846] + BinaryProvider v0.5.8
  [944b1d66] + CodecZlib v0.6.0
  [861a8166] + Combinatorics v1.0.0
  [bbf7d656] + CommonSubexpressions v0.2.0
  [e66e0078] + CompilerSupportLibraries_jll v0.3.3+0
  [864edb3b] + DataStructures v0.17.11
  [163ba53b] + DiffResults v1.0.2
  [b552c78f] + DiffRules v1.0.1
  [b4f34e82] + Distances v0.8.2
  [ffbed154] + DocStringExtensions v0.8.1
  [442a2c76] + FastGaussQuadrature v0.4.2
  [5789e2e9] + FileIO v1.2.4
  [1a297f60] + FillArrays v0.8.7
  [6a86dc24] + FiniteDiff v2.3.0
  [f6369f11] + ForwardDiff v0.10.10
  [56d4f2e9] + Gridap v0.8.0
  [033835bb] + JLD2 v0.1.12
  [682c06a0] + JSON v0.21.0
  [9c8b4983] + LightXML v0.8.1
  [d3d80556] + LineSearches v7.0.1
  [d41bc354] + NLSolversBase v7.6.1
  [2774e3e8] + NLsolve v4.3.0
  [77ba4419] + NaNMath v0.3.3
  [efe28fd5] + OpenSpecFun_jll v0.5.3+3
  [bac558e1] + OrderedCollections v1.1.0
  [d96e819e] + Parameters v0.12.0
  [69de0a69] + Parsers v1.0.1
  [f27b6e38] + Polynomials v0.5.3
  [1fd47b50] + QuadGK v2.3.1
  [3cdcf5f2] + RecipesBase v1.0.0
  [189a3867] + Reexport v0.2.0
  [ae029012] + Requires v1.0.1
  [276daf66] + SpecialFunctions v0.10.0
  [90137ffa] + StaticArrays v0.12.1
  [3bb67fe8] + TranscodingStreams v0.9.5
  [64499a7a] + WriteVTK v1.4.1
  [2a0f44e3] + Base64 
  [ade2ca70] + Dates 
  [8ba89e20] + Distributed 
  [b77e0a4c] + InteractiveUtils 
  [76f85450] + LibGit2 
  [8f399da3] + Libdl 
  [37e2e46d] + LinearAlgebra 
  [56ddb016] + Logging 
  [d6f4376e] + Markdown 
  [a63ad114] + Mmap 
  [44cfe95a] + Pkg 
  [de0858da] + Printf 
  [3fa0cd96] + REPL 
  [9a3f8284] + Random 
  [ea8e919c] + SHA 
  [9e88b42a] + Serialization 
  [6462fe0b] + Sockets 
  [2f01184e] + SparseArrays 
  [10745b16] + Statistics 
  [8dfed614] + Test 
  [cf7118a7] + UUIDs 
  [4ec0a83e] + Unicode 
   Building LightXML ─→ `~/.julia/packages/LightXML/W8FVT/deps/build.log`
   Building CodecZlib → `~/.julia/packages/CodecZlib/5t9zO/deps/build.log`
    Testing Gridap
Status `/tmp/jl_MAI29J/Manifest.toml`
  [4fba245c] ArrayInterface v2.7.0
  [fbb218c0] BSON v0.2.5
  [b99e7846] BinaryProvider v0.5.8
  [944b1d66] CodecZlib v0.6.0
  [861a8166] Combinatorics v1.0.0
  [bbf7d656] CommonSubexpressions v0.2.0
  [e66e0078] CompilerSupportLibraries_jll v0.3.3+0
  [864edb3b] DataStructures v0.17.11
  [163ba53b] DiffResults v1.0.2
  [b552c78f] DiffRules v1.0.1
  [b4f34e82] Distances v0.8.2
  [ffbed154] DocStringExtensions v0.8.1
  [442a2c76] FastGaussQuadrature v0.4.2
  [5789e2e9] FileIO v1.2.4
  [1a297f60] FillArrays v0.8.7
  [6a86dc24] FiniteDiff v2.3.0
  [f6369f11] ForwardDiff v0.10.10
  [56d4f2e9] Gridap v0.8.0
  [033835bb] JLD2 v0.1.12
  [682c06a0] JSON v0.21.0
  [9c8b4983] LightXML v0.8.1
  [d3d80556] LineSearches v7.0.1
  [d41bc354] NLSolversBase v7.6.1
  [2774e3e8] NLsolve v4.3.0
  [77ba4419] NaNMath v0.3.3
  [efe28fd5] OpenSpecFun_jll v0.5.3+3
  [bac558e1] OrderedCollections v1.1.0
  [d96e819e] Parameters v0.12.0
  [69de0a69] Parsers v1.0.1
  [f27b6e38] Polynomials v0.5.3
  [1fd47b50] QuadGK v2.3.1
  [3cdcf5f2] RecipesBase v1.0.0
  [189a3867] Reexport v0.2.0
  [ae029012] Requires v1.0.1
  [276daf66] SpecialFunctions v0.10.0
  [90137ffa] StaticArrays v0.12.1
  [3bb67fe8] TranscodingStreams v0.9.5
  [64499a7a] WriteVTK v1.4.1
  [2a0f44e3] Base64 
  [ade2ca70] Dates 
  [8ba89e20] Distributed 
  [b77e0a4c] InteractiveUtils 
  [76f85450] LibGit2 
  [8f399da3] Libdl 
  [37e2e46d] LinearAlgebra 
  [56ddb016] Logging 
  [d6f4376e] Markdown 
  [a63ad114] Mmap 
  [44cfe95a] Pkg 
  [de0858da] Printf 
  [3fa0cd96] REPL 
  [9a3f8284] Random 
  [ea8e919c] SHA 
  [9e88b42a] Serialization 
  [6462fe0b] Sockets 
  [2f01184e] SparseArrays 
  [10745b16] Statistics 
  [8dfed614] Test 
  [cf7118a7] UUIDs 
  [4ec0a83e] Unicode 
Test Summary: | Pass  Total
Helpers       |   13     13
212.987905 seconds (11.72 M allocations: 632.257 MiB, 0.28% gc time)
Test Summary: | Pass  Total
Inference     |   17     17
  2.417001 seconds (2.20 M allocations: 125.251 MiB, 1.43% gc time)
Test Summary: | Pass  Total
Io            |    9      9
 31.047358 seconds (29.37 M allocations: 1.407 GiB, 3.62% gc time)
Test Summary: | Pass  Total
Algebra       |  684    684
 85.588173 seconds (85.26 M allocations: 4.045 GiB, 2.81% gc time)
Test Summary: | Pass  Total
TensorValues  |  227    227
 16.130936 seconds (13.42 M allocations: 690.269 MiB, 2.28% gc time)
Test Summary: | Pass  Total
Arrays        |  292    292
 28.447546 seconds (25.40 M allocations: 1.243 GiB, 3.20% gc time)
Test Summary: | Pass  Total
Fields        |  580    580
 65.648286 seconds (50.71 M allocations: 2.487 GiB, 2.43% gc time)
Test Summary: | Pass  Total
Polynomials   |  261    261
 25.337077 seconds (21.23 M allocations: 1.064 GiB, 2.86% gc time)
Test Summary: | Pass  Total
Integration   |   28     28
 19.438044 seconds (30.42 M allocations: 1.371 GiB, 8.70% gc time)
Test Summary: | Pass  Total
ReferenceFEs  |  981    981
 89.323594 seconds (78.46 M allocations: 3.897 GiB, 3.12% gc time)
Test Summary: | Pass  Total
Geometry      | 2105   2105
149.066586 seconds (125.66 M allocations: 6.392 GiB, 3.29% gc time)
Test Summary: | Pass  Total
FESpaces      |  917    917
320.677327 seconds (244.00 M allocations: 12.216 GiB, 3.00% gc time)
Test Summary: | Pass  Total
MultiField    |  161    161
105.967539 seconds (66.57 M allocations: 3.379 GiB, 3.65% gc time)
Test Summary: |
Visualization | No tests
 31.178875 seconds (20.63 M allocations: 1.054 GiB, 1.91% gc time)
Test Summary: | Pass  Total
Gridap        |   24     24
695.704820 seconds (365.99 M allocations: 18.984 GiB, 3.20% gc time)
+++ running suite for n = 1 +++
  0.000000 seconds
  0.000000 seconds (1 allocation: 32 bytes)
  0.000004 seconds
  0.000000 seconds
  0.000000 seconds
  0.000000 seconds
  0.000000 seconds
+++ running suite for n = 1 +++
  0.000000 seconds
  0.000000 seconds (1 allocation: 32 bytes)
  0.000000 seconds
  0.000000 seconds
  0.000000 seconds
  0.000000 seconds
  0.000000 seconds
+++ running suite for n = 10 +++
  0.000000 seconds
  0.000001 seconds (10 allocations: 320 bytes)
  0.000000 seconds
  0.000000 seconds
  0.000000 seconds
  0.000000 seconds
  0.000000 seconds
+++ running suite for n = 1000 +++
  0.000000 seconds
  0.000061 seconds (1000 allocations: 31.250 KiB)
  0.000025 seconds
  0.000000 seconds
  0.000023 seconds
  0.000025 seconds
  0.000010 seconds
+++ running suite for n = 100000 +++
  0.000000 seconds
  0.006100 seconds (100.00 k allocations: 3.052 MiB)
  0.002372 seconds
  0.000000 seconds
  0.002099 seconds
  0.009828 seconds
  0.001332 seconds
WARNING: replacing module ArraysBenchs.
+++ running suite for n = 1 +++
  0.000000 seconds
  0.000000 seconds
  0.000001 seconds (1 allocation: 32 bytes)
  0.000001 seconds (1 allocation: 32 bytes)
  0.000000 seconds
  0.000001 seconds
  0.000004 seconds
+++ running suite for n = 1 +++
  0.000000 seconds
  0.000000 seconds
  0.000000 seconds (1 allocation: 32 bytes)
  0.000002 seconds (1 allocation: 32 bytes)
  0.000000 seconds
  0.000000 seconds
  0.000000 seconds
+++ running suite for n = 10 +++
  0.000000 seconds
  0.000000 seconds
  0.000002 seconds (10 allocations: 320 bytes)
  0.000004 seconds (10 allocations: 320 bytes)
  0.000000 seconds
  0.000002 seconds
  0.000004 seconds (2 allocations: 288 bytes)
+++ running suite for n = 1000 +++
  0.000004 seconds
  0.000004 seconds
  0.000088 seconds (1000 allocations: 31.250 KiB)
  0.000372 seconds (1000 allocations: 31.250 KiB)
  0.000005 seconds
  0.000113 seconds
  0.000189 seconds (2 allocations: 288 bytes)
+++ running suite for n = 100000 +++
  0.000401 seconds
  0.000441 seconds
  0.008912 seconds (100.00 k allocations: 3.052 MiB)
  0.036268 seconds (100.00 k allocations: 3.052 MiB)
  0.000462 seconds
  0.022362 seconds
  0.022640 seconds (2 allocations: 288 bytes)
+++ running suite for n = 1 +++
  0.000000 seconds
  0.000002 seconds
  0.000004 seconds
  0.000002 seconds
+++ running suite for n = 1 +++
  0.000000 seconds
  0.000000 seconds
  0.000000 seconds
  0.000000 seconds
+++ running suite for n = 10 +++
  0.000001 seconds
  0.000001 seconds
  0.000001 seconds
  0.000001 seconds
+++ running suite for n = 1000 +++
  0.000024 seconds
  0.000026 seconds
  0.000076 seconds
  0.000072 seconds
+++ running suite for n = 100000 +++
  0.003140 seconds
  0.003252 seconds
  0.008945 seconds
  0.008059 seconds
+++ running suite for n = 1 +++
  0.000005 seconds
  0.000000 seconds
  0.000004 seconds
  0.000000 seconds
+++ running suite for n = 1 +++
  0.000001 seconds
  0.000000 seconds
  0.000001 seconds
  0.000000 seconds
+++ running suite for n = 10 +++
  0.000001 seconds
  0.000000 seconds
  0.000001 seconds
  0.000000 seconds
+++ running suite for n = 1000 +++
  0.000015 seconds
  0.000000 seconds
  0.000060 seconds
  0.000000 seconds
+++ running suite for n = 100000 +++
  0.001456 seconds
  0.000000 seconds
  0.004849 seconds
  0.000000 seconds
+++ running suite for n = 1 +++
  0.000004 seconds
  0.000002 seconds
  0.000002 seconds
+++ running suite for n = 1 +++
  0.000001 seconds
  0.000001 seconds
  0.000001 seconds
+++ running suite for n = 10 +++
  0.000002 seconds
  0.000001 seconds
  0.000001 seconds
+++ running suite for n = 1000 +++
  0.000090 seconds
  0.000098 seconds
  0.000114 seconds
+++ running suite for n = 100000 +++
  0.009789 seconds
  0.010076 seconds
  0.011314 seconds
+++ running suite for n = 1 +++
  0.000000 seconds
  0.000000 seconds
  0.000001 seconds
  0.000001 seconds
  0.000000 seconds
  0.000000 seconds
  0.000001 seconds
  0.000000 seconds
  0.000000 seconds
  0.000000 seconds
  0.000005 seconds (3 allocations: 48 bytes)
  0.000001 seconds
  0.000001 seconds
  0.000000 seconds
  0.000001 seconds
  0.000001 seconds
+++ running suite for n = 1 +++
  0.000000 seconds
  0.000000 seconds
  0.000001 seconds
  0.000001 seconds
  0.000000 seconds
  0.000000 seconds
  0.000001 seconds
  0.000004 seconds
  0.000000 seconds
  0.000000 seconds
  0.000003 seconds (3 allocations: 48 bytes)
  0.000001 seconds
  0.000000 seconds
  0.000000 seconds
  0.000001 seconds
  0.000001 seconds
+++ running suite for n = 10 +++
  0.000001 seconds
  0.000000 seconds
  0.000002 seconds
  0.000002 seconds
  0.000001 seconds
  0.000000 seconds
  0.000002 seconds
  0.000002 seconds
  0.000001 seconds
  0.000000 seconds
  0.000004 seconds (30 allocations: 480 bytes)
  0.000002 seconds
  0.000001 seconds
  0.000000 seconds
  0.000006 seconds
  0.000005 seconds
+++ running suite for n = 1000 +++
  0.000031 seconds
  0.000003 seconds
  0.000095 seconds
  0.000111 seconds
  0.000029 seconds
  0.000001 seconds
  0.000145 seconds
  0.000125 seconds
  0.000030 seconds
  0.000009 seconds
  0.000238 seconds (3.49 k allocations: 54.516 KiB)
  0.000122 seconds
  0.000079 seconds
  0.000001 seconds
  0.000336 seconds
  0.000351 seconds
+++ running suite for n = 100000 +++
  0.003229 seconds
  0.000302 seconds
  0.011801 seconds
  0.013140 seconds
  0.002838 seconds
  0.000147 seconds
  0.014238 seconds
  0.012546 seconds
  0.002901 seconds
  0.000914 seconds
  0.025265 seconds (399.49 k allocations: 6.096 MiB)
  0.011246 seconds
  0.007338 seconds
  0.000124 seconds
  0.043798 seconds
  0.043239 seconds
+++ running suite for n = 1 +++
  0.000000 seconds
  0.000000 seconds
  0.000001 seconds
  0.000001 seconds (1 allocation: 112 bytes)
  0.000000 seconds
  0.000001 seconds
  0.000001 seconds (1 allocation: 144 bytes)
+++ running suite for n = 1 +++
  0.000000 seconds
  0.000000 seconds
  0.000001 seconds
  0.000001 seconds (1 allocation: 112 bytes)
  0.000000 seconds
  0.000001 seconds
  0.000001 seconds (1 allocation: 144 bytes)
+++ running suite for n = 10 +++
  0.000001 seconds
  0.000000 seconds
  0.000003 seconds
  0.000004 seconds (1 allocation: 112 bytes)
  0.000000 seconds
  0.000003 seconds
  0.000003 seconds (1 allocation: 144 bytes)
+++ running suite for n = 1000 +++
  0.000083 seconds
  0.000007 seconds
  0.000216 seconds
  0.000222 seconds (1 allocation: 112 bytes)
  0.000010 seconds
  0.000234 seconds
  0.000231 seconds (1 allocation: 144 bytes)
+++ running suite for n = 100000 +++
  0.007511 seconds
  0.000632 seconds
  0.022001 seconds
  0.020765 seconds (1 allocation: 112 bytes)
  0.000893 seconds
  0.023195 seconds
  0.022972 seconds (1 allocation: 144 bytes)
+++ running suite for n = 1 +++
  0.000001 seconds
  0.000001 seconds
  0.000001 seconds
  0.000002 seconds
  0.000001 seconds
  0.000001 seconds
  0.000003 seconds
  0.000001 seconds
  0.000002 seconds
  0.000001 seconds
  0.000001 seconds
  0.000001 seconds
  0.000003 seconds
+++ running suite for n = 1 +++
  0.000001 seconds
  0.000001 seconds
  0.000001 seconds
  0.000001 seconds
  0.000001 seconds
  0.000001 seconds
  0.000001 seconds
  0.000001 seconds
  0.000001 seconds
  0.000001 seconds
  0.000001 seconds
  0.000001 seconds
  0.000003 seconds
+++ running suite for n = 10 +++
  0.000002 seconds
  0.000002 seconds
  0.000005 seconds
  0.000001 seconds
  0.000001 seconds
  0.000003 seconds
  0.000002 seconds
  0.000002 seconds
  0.000002 seconds
  0.000002 seconds
  0.000004 seconds
  0.000002 seconds
  0.000006 seconds
+++ running suite for n = 1000 +++
  0.000163 seconds
  0.000204 seconds
  0.000709 seconds
  0.000169 seconds
  0.000205 seconds
  0.000738 seconds
  0.000100 seconds
  0.000217 seconds
  0.000173 seconds
  0.000193 seconds
  0.000232 seconds
  0.000179 seconds
  0.000486 seconds
+++ running suite for n = 100000 +++
  0.016480 seconds
  0.015087 seconds
  0.035848 seconds
  0.009193 seconds
  0.011359 seconds
  0.031551 seconds
  0.010000 seconds
  0.013212 seconds
  0.010196 seconds
  0.013014 seconds
  0.015317 seconds
  0.010724 seconds
  0.028803 seconds
+++ running suite for n = 1 +++
  0.000003 seconds
  0.000001 seconds
  0.000002 seconds
+++ running suite for n = 1 +++
  0.000000 seconds
  0.000001 seconds
  0.000002 seconds
+++ running suite for n = 10 +++
  0.000001 seconds
  0.000003 seconds
  0.000014 seconds
+++ running suite for n = 1000 +++
  0.000101 seconds
  0.000346 seconds
  0.001384 seconds
+++ running suite for n = 100000 +++
  0.010123 seconds
  0.029562 seconds
  0.132102 seconds
+++ running suite for n = 1 +++
  0.000000 seconds
  0.000007 seconds (3 allocations: 48 bytes)
+++ running suite for n = 1 +++
  0.000000 seconds
  0.000004 seconds (3 allocations: 48 bytes)
+++ running suite for n = 10 +++
  0.000001 seconds
  0.000009 seconds (30 allocations: 480 bytes)
+++ running suite for n = 1000 +++
  0.000146 seconds
  0.001238 seconds (3.49 k allocations: 54.516 KiB)
+++ running suite for n = 100000 +++
  0.010990 seconds
  0.107756 seconds (399.49 k allocations: 6.096 MiB)
+++ running suite for n = 1 +++
  0.000007 seconds
  0.000001 seconds
  0.000009 seconds (5 allocations: 96 bytes)
  0.446536 seconds (197.37 k allocations: 9.824 MiB)
  0.000001 seconds
  0.000001 seconds
  0.000000 seconds
+++ running suite for n = 1 +++
  0.000001 seconds
  0.000001 seconds
  0.000005 seconds (5 allocations: 96 bytes)
  0.000011 seconds (5 allocations: 96 bytes)
  0.000000 seconds
  0.000001 seconds
  0.000000 seconds
+++ running suite for n = 10 +++
  0.000001 seconds
  0.000002 seconds
  0.000030 seconds (50 allocations: 960 bytes)
  0.000063 seconds (50 allocations: 960 bytes)
  0.000001 seconds
  0.000004 seconds
  0.000001 seconds
+++ running suite for n = 1000 +++
  0.000049 seconds
  0.000148 seconds
  0.002391 seconds (5.49 k allocations: 101.391 KiB)
  0.009721 seconds (5.49 k allocations: 101.391 KiB)
  0.000035 seconds
  0.000184 seconds
  0.000002 seconds
+++ running suite for n = 100000 +++
  0.002691 seconds
  0.016155 seconds
  0.262654 seconds (599.49 k allocations: 10.673 MiB)
  0.588390 seconds (599.49 k allocations: 10.673 MiB)
  0.003478 seconds
  0.015881 seconds
  0.000164 seconds
+++ running suite for n = 1 +++
  0.000004 seconds
  0.000009 seconds
  0.000007 seconds
  0.000013 seconds (30 allocations: 1.406 KiB)
+++ running suite for n = 1 +++
  0.000002 seconds
  0.000003 seconds
  0.000002 seconds
  0.000005 seconds (30 allocations: 1.406 KiB)
+++ running suite for n = 10 +++
  0.000008 seconds
  0.000015 seconds
  0.000012 seconds
  0.000056 seconds (300 allocations: 14.062 KiB)
+++ running suite for n = 1000 +++
  0.000765 seconds
  0.001503 seconds
  0.001250 seconds
  0.003486 seconds (30.00 k allocations: 1.373 MiB)
+++ running suite for n = 100000 +++
  0.077823 seconds
  0.145930 seconds
  0.123434 seconds
  0.398115 seconds (3.00 M allocations: 137.329 MiB)
    Testing Gridap tests passed 
