Current time is 2020-10-25T22:14:42.977
Julia Version 1.5.3-pre.13
Commit 3de1115e9c (2020-10-23 21:58 UTC)
Platform Info:
  OS: Linux (x86_64-linux-gnu)
  CPU: AMD EPYC 7502 32-Core Processor
  WORD_SIZE: 64
  LIBM: libopenlibm
  LLVM: libLLVM-9.0.1 (ORCJIT, znver2)
Environment:
  JULIA_DEPOT_PATH = ::/usr/local/share/julia
  JULIA_NUM_THREADS = 2
  JULIA_MAX_NUM_PRECOMPILE_FILES = 9223372036854775807
  JULIA_PKG_SERVER = 

Starting installation at 2020-10-25T22:14:46.357
  Resolving package versions...
  Installed PushVectors ─ v0.2.1
Updating `~/.julia/environments/v1.5/Project.toml`
  [36b54c61] + PushVectors v0.2.1
Updating `~/.julia/environments/v1.5/Manifest.toml`
  [36b54c61] + PushVectors v0.2.1
Starting tests at 2020-10-25T22:14:48.401
    Testing PushVectors
Status `/tmp/jl_IkDWIZ/Project.toml`
  [6e4b80f9] BenchmarkTools v0.5.0
  [36b54c61] PushVectors v0.2.1
  [8dfed614] Test
Status `/tmp/jl_IkDWIZ/Manifest.toml`
  [6e4b80f9] BenchmarkTools v0.5.0
  [682c06a0] JSON v0.21.1
  [69de0a69] Parsers v1.0.11
  [36b54c61] PushVectors v0.2.1
  [2a0f44e3] Base64
  [ade2ca70] Dates
  [8ba89e20] Distributed
  [b77e0a4c] InteractiveUtils
  [8f399da3] Libdl
  [37e2e46d] LinearAlgebra
  [56ddb016] Logging
  [d6f4376e] Markdown
  [a63ad114] Mmap
  [de0858da] Printf
  [9a3f8284] Random
  [ea8e919c] SHA
  [9e88b42a] Serialization
  [6462fe0b] Sockets
  [2f01184e] SparseArrays
  [10745b16] Statistics
  [8dfed614] Test
  [cf7118a7] UUIDs
  [4ec0a83e] Unicode
Test Summary:                | Pass  Total
implementation sanity checks |   20     20
Test Summary: | Pass  Total
append!       | 2000   2000
┌ Info: benchmarks
│   T_PushVector = 5.0519e-5
│   T_Vector = 8.0639e-5
└   push!_ratio = 0.63
┌ Info: benchmarks
│   A_PushVector = 8.6009e-5
│   A_Vector = 8.0999e-5
└   append!_ratio = 1.06
Test Summary:         | Pass  Total
relative benchmarking |    1      1
    Testing PushVectors tests passed 
Finished at 2020-10-25T22:15:39.323
