Julia Version 1.3.2-pre.0
Commit 2e6715c045 (2019-12-31 00:49 UTC)
Platform Info:
  OS: Linux (x86_64-linux-gnu)
  CPU: Intel(R) Xeon(R) Silver 4114 CPU @ 2.20GHz
  WORD_SIZE: 64
  LIBM: libopenlibm
  LLVM: libLLVM-6.0.1 (ORCJIT, skylake)
Environment:
  JULIA_DEPOT_PATH = ::/usr/local/share/julia

 Resolving package versions...
 Installed Expokit ─ v0.2.0
  Updating `~/.julia/environments/v1.3/Project.toml`
  [a1e7a1ef] + Expokit v0.2.0
  Updating `~/.julia/environments/v1.3/Manifest.toml`
  [a1e7a1ef] + Expokit v0.2.0
  [2a0f44e3] + Base64 
  [8ba89e20] + Distributed 
  [b77e0a4c] + InteractiveUtils 
  [8f399da3] + Libdl 
  [37e2e46d] + LinearAlgebra 
  [56ddb016] + Logging 
  [d6f4376e] + Markdown 
  [9a3f8284] + Random 
  [9e88b42a] + Serialization 
  [6462fe0b] + Sockets 
  [2f01184e] + SparseArrays 
  [8dfed614] + Test 
   Testing Expokit
    Status `/tmp/jl_RBMbFV/Manifest.toml`
  [a1e7a1ef] Expokit v0.2.0
  [2a0f44e3] Base64  [`@stdlib/Base64`]
  [8ba89e20] Distributed  [`@stdlib/Distributed`]
  [b77e0a4c] InteractiveUtils  [`@stdlib/InteractiveUtils`]
  [8f399da3] Libdl  [`@stdlib/Libdl`]
  [37e2e46d] LinearAlgebra  [`@stdlib/LinearAlgebra`]
  [56ddb016] Logging  [`@stdlib/Logging`]
  [d6f4376e] Markdown  [`@stdlib/Markdown`]
  [9a3f8284] Random  [`@stdlib/Random`]
  [9e88b42a] Serialization  [`@stdlib/Serialization`]
  [6462fe0b] Sockets  [`@stdlib/Sockets`]
  [2f01184e] SparseArrays  [`@stdlib/SparseArrays`]
  [8dfed614] Test  [`@stdlib/Test`]
testing real n=100 (first expmv, then expm)
residuum: 7.214891837519766e-15
time dif: -0.047816022

testing complex n=100 (first expmv, then expm)
residuum: 1.5121504749824534e-15
time dif: -0.23219377500000005

testing real n=1000 (first expmv, then expm)
residuum: 7.073092752946268e-11
time dif: -1.6386688289999998

testing complex n=1000 (first expmv, then expm)
residuum: 2.7138969333058694e-14
time dif: -10.794993067

testing linear operator n=1000 (first expmv, then expm)
┌ Warning: opnorm(LinearOp, Inf) is not defined, fall back to using `anorm = 1.0`.
│ To suppress this warning, please specify the `anorm` keyword manually.
└ @ Expokit ~/.julia/packages/Expokit/fQbKs/src/expmv.jl:8
residuum: 5.615965149889408e-14
time dif: 0.02553177100000026

testing 2x2 cases
residua: 1.1102230246251565e-16, 0.0

testing real n=1000 (first padm, then expm)
residuum: 1.397316964105607e-16
time dif: 0.622182408

testing complex n=100 (first padm, then expm)
residuum: 1.3986091429838805e-16
time dif: -3.270049534

testing real n=100 (first chbv, then expm)
residuum: 2.8961288563095562e-12
time dif: 9.546801096

testing complex n=100 (first chbv, then expm)
residuum: 2.8029801762472086e-12
time dif: 18.760672739

testing real n=1000 (first chbv, then expm)
residuum: 4.374476743673506e-12
time dif: 18.40029766

testing real n=100 (first phimv, then expm)
residuum: 1.8322094081159457e-15
time dif: -0.036933835000000026

testing complex n=100 (first phimv, then expm)
residuum: 1.4687228424972593e-15
time dif: 0.37484494999999995

testing real n=1000 (first phimv, then expm)
residuum: 5.56707570391951e-15
time dif: -4.158360331

testing complex n=1000 (first phimv, then expm)
residuum: 1.4665035445697797e-14
time dif: -10.068927589

testing real n=1000 (first phimv, then expm), the linear operator version.
┌ Warning: opnorm(LinearOp, Inf) is not defined, fall back to using `anorm = 1.0`.
│ To suppress this warning, please specify the `anorm` keyword manually.
└ @ Expokit ~/.julia/packages/Expokit/fQbKs/src/expmv.jl:8
┌ Warning: opnorm(LinearOp, Inf) is not defined, fall back to using `anorm = 1.0`.
│ To suppress this warning, please specify the `anorm` keyword manually.
└ @ Expokit ~/.julia/packages/Expokit/fQbKs/src/expmv.jl:8
residuum: 1.2728004904913981e-14
time dif: -3.194387755

   Testing Expokit tests passed 
