Julia Version 1.4.0
Commit 3fd5790e88 (2020-04-10 10:01 UTC)
Platform Info:
  OS: Linux (x86_64-linux-gnu)
  CPU: Intel(R) Xeon(R) Silver 4114 CPU @ 2.20GHz
  WORD_SIZE: 64
  LIBM: libopenlibm
  LLVM: libLLVM-8.0.1 (ORCJIT, skylake)
Environment:
  JULIA_DEPOT_PATH = ::/usr/local/share/julia
  JULIA_NUM_THREADS = 2

  Resolving package versions...
  Installed LinearTimeVaryingModelsBase ─ v0.2.1
  Installed OrderedCollections ────────── v1.1.0
  Installed Parameters ────────────────── v0.12.0
   Updating `~/.julia/environments/v1.4/Project.toml`
  [5e7a79f3] + LinearTimeVaryingModelsBase v0.2.1
   Updating `~/.julia/environments/v1.4/Manifest.toml`
  [5e7a79f3] + LinearTimeVaryingModelsBase v0.2.1
  [bac558e1] + OrderedCollections v1.1.0
  [d96e819e] + Parameters v0.12.0
  [2a0f44e3] + Base64 
  [8ba89e20] + Distributed 
  [b77e0a4c] + InteractiveUtils 
  [8f399da3] + Libdl 
  [37e2e46d] + LinearAlgebra 
  [56ddb016] + Logging 
  [d6f4376e] + Markdown 
  [9a3f8284] + Random 
  [9e88b42a] + Serialization 
  [6462fe0b] + Sockets 
  [2f01184e] + SparseArrays 
  [10745b16] + Statistics 
  [8dfed614] + Test 
    Testing LinearTimeVaryingModelsBase
Status `/tmp/jl_o6iyLN/Manifest.toml`
  [5e7a79f3] LinearTimeVaryingModelsBase v0.2.1
  [bac558e1] OrderedCollections v1.1.0
  [d96e819e] Parameters v0.12.0
  [2a0f44e3] Base64 
  [8ba89e20] Distributed 
  [b77e0a4c] InteractiveUtils 
  [8f399da3] Libdl 
  [37e2e46d] LinearAlgebra 
  [56ddb016] Logging 
  [d6f4376e] Markdown 
  [9a3f8284] Random 
  [9e88b42a] Serialization 
  [6462fe0b] Sockets 
  [2f01184e] SparseArrays 
  [10745b16] Statistics 
  [8dfed614] Test 
[-0.5903081911910946, -0.18346349544674548][-1.2033032322332367, 0.10713034383444475]
[1.598457387724551, -1.2470460241572672][1.3516649145750204, -0.2442658651389861]
    Testing LinearTimeVaryingModelsBase tests passed 
