Current time is 2020-10-25T20:34:33.556
Julia Version 1.5.3-pre.0
Commit 5905edebb1 (2020-09-24 05:09 UTC)
Platform Info:
  OS: Linux (x86_64-pc-linux-gnu)
  CPU: AMD EPYC 7502 32-Core Processor
  WORD_SIZE: 64
  LIBM: libopenlibm
  LLVM: libLLVM-9.0.1 (ORCJIT, znver2)
Environment:
  JULIA_DEPOT_PATH = ::/usr/local/share/julia
  JULIA_NUM_THREADS = 2
  JULIA_MAX_NUM_PRECOMPILE_FILES = 9223372036854775807
  JULIA_PKG_SERVER = 

Starting installation at 2020-10-25T20:34:36.536
  Resolving package versions...
  Installed ITK ──────────── v0.1.0
  Installed BinaryProvider ─ v0.5.10
  Installed Cxx ──────────── v0.4.0
Updating `~/.julia/environments/v1.5/Project.toml`
  [c07c4cf6] + ITK v0.1.0
Updating `~/.julia/environments/v1.5/Manifest.toml`
  [b99e7846] + BinaryProvider v0.5.10
  [a0b5b9ef] + Cxx v0.4.0
  [c07c4cf6] + ITK v0.1.0
  [2a0f44e3] + Base64
  [b77e0a4c] + InteractiveUtils
  [8f399da3] + Libdl
  [56ddb016] + Logging
  [d6f4376e] + Markdown
  [3fa0cd96] + REPL
  [ea8e919c] + SHA
  [6462fe0b] + Sockets
   Building Cxx → `~/.julia/packages/Cxx/1RaOv/deps/build.log`
┌ Error: Error building `Cxx`: 
│ ERROR: LoadError: could not load library "libLLVM-9.0.1"
│ libLLVM-9.0.1.so: cannot open shared object file: No such file or directory
│ Stacktrace:
│  [1] dlopen(::String, ::UInt32; throw_error::Bool) at /buildworker/worker/package_linux64/build/usr/share/julia/stdlib/v1.5/Libdl/src/Libdl.jl:109
│  [2] dlopen at /buildworker/worker/package_linux64/build/usr/share/julia/stdlib/v1.5/Libdl/src/Libdl.jl:109 [inlined] (repeats 2 times)
│  [3] dlpath(::String) at /buildworker/worker/package_linux64/build/usr/share/julia/stdlib/v1.5/Libdl/src/Libdl.jl:232
│  [4] top-level scope at /home/pkgeval/.julia/packages/Cxx/1RaOv/deps/build.jl:23
│  [5] include(::String) at ./client.jl:457
│  [6] top-level scope at none:5
│ in expression starting at /home/pkgeval/.julia/packages/Cxx/1RaOv/deps/build.jl:23
│ writing path.jl file
│ Tuning for julia installation at /opt/julia/bin with sources possibly at /opt/
└ @ Pkg.Operations /buildworker/worker/package_linux64/build/usr/share/julia/stdlib/v1.5/Pkg/src/Operations.jl:949
   Building ITK → `~/.julia/packages/ITK/elhVq/deps/build.log`
Starting tests at 2020-10-25T20:34:58.417
    Testing ITK
Status `/tmp/jl_XvWWLY/Project.toml`
  [b99e7846] BinaryProvider v0.5.10
  [a0b5b9ef] Cxx v0.4.0
  [c07c4cf6] ITK v0.1.0
  [5e47fb64] TestImages v1.3.0
  [8f399da3] Libdl
  [8dfed614] Test
Status `/tmp/jl_XvWWLY/Manifest.toml`
  [39de3d68] AxisArrays v0.4.3
  [b99e7846] BinaryProvider v0.5.10
  [3da002f7] ColorTypes v0.10.9
  [a0b5b9ef] Cxx v0.4.0
  [b4f34e82] Distances v0.9.2
  [da5c29d0] EllipsisNotation v0.4.0
  [5789e2e9] FileIO v1.4.3
  [53c48c17] FixedPointNumbers v0.8.4
  [c07c4cf6] ITK v0.1.0
  [8197267c] IntervalSets v0.5.1
  [c8e1da08] IterTools v1.3.0
  [b3c3ace0] RangeArrays v0.3.2
  [88034a9c] StringDistances v0.8.0
  [5e47fb64] TestImages v1.3.0
  [2a0f44e3] Base64
  [ade2ca70] Dates
  [8ba89e20] Distributed
  [b77e0a4c] InteractiveUtils
  [76f85450] LibGit2
  [8f399da3] Libdl
  [37e2e46d] LinearAlgebra
  [56ddb016] Logging
  [d6f4376e] Markdown
  [44cfe95a] Pkg
  [de0858da] Printf
  [3fa0cd96] REPL
  [9a3f8284] Random
  [ea8e919c] SHA
  [9e88b42a] Serialization
  [6462fe0b] Sockets
  [2f01184e] SparseArrays
  [10745b16] Statistics
  [8dfed614] Test
  [cf7118a7] UUIDs
  [4ec0a83e] Unicode
ERROR: LoadError: path.jl not generated. Try running Pkg.build("Cxx")
Stacktrace:
 [1] error(::String) at ./error.jl:33
 [2] top-level scope at /home/pkgeval/.julia/packages/Cxx/1RaOv/src/Cxx.jl:146
 [3] include(::Function, ::Module, ::String) at ./Base.jl:380
 [4] include(::Module, ::String) at ./Base.jl:368
 [5] top-level scope at none:2
 [6] eval at ./boot.jl:331 [inlined]
 [7] eval(::Expr) at ./client.jl:467
 [8] top-level scope at ./none:3
in expression starting at /home/pkgeval/.julia/packages/Cxx/1RaOv/src/Cxx.jl:146
ERROR: LoadError: Failed to precompile Cxx [a0b5b9ef-44b7-5148-a2d1-f6db19f3c3d2] to /home/pkgeval/.julia/compiled/v1.5/Cxx/ESGkI_iCAzI.ji.
Stacktrace:
 [1] error(::String) at ./error.jl:33
 [2] compilecache(::Base.PkgId, ::String) at ./loading.jl:1305
 [3] _require(::Base.PkgId) at ./loading.jl:1030
 [4] require(::Base.PkgId) at ./loading.jl:928
 [5] require(::Module, ::Symbol) at ./loading.jl:923
 [6] include(::Function, ::Module, ::String) at ./Base.jl:380
 [7] include(::Module, ::String) at ./Base.jl:368
 [8] top-level scope at none:2
 [9] eval at ./boot.jl:331 [inlined]
 [10] eval(::Expr) at ./client.jl:467
 [11] top-level scope at ./none:3
in expression starting at /home/pkgeval/.julia/packages/ITK/elhVq/src/ITK.jl:2
ERROR: LoadError: Failed to precompile ITK [c07c4cf6-b85e-11e9-2ee5-393f21797b38] to /home/pkgeval/.julia/compiled/v1.5/ITK/QC5td_iCAzI.ji.
Stacktrace:
 [1] error(::String) at ./error.jl:33
 [2] compilecache(::Base.PkgId, ::String) at ./loading.jl:1305
 [3] _require(::Base.PkgId) at ./loading.jl:1030
 [4] require(::Base.PkgId) at ./loading.jl:928
 [5] require(::Module, ::Symbol) at ./loading.jl:923
 [6] include(::String) at ./client.jl:457
 [7] top-level scope at none:6
in expression starting at /home/pkgeval/.julia/packages/ITK/elhVq/test/runtests.jl:1
ERROR: Package ITK errored during testing
Stacktrace:
 [1] pkgerror(::String) at /buildworker/worker/package_linux64/build/usr/share/julia/stdlib/v1.5/Pkg/src/Types.jl:52
 [2] test(::Pkg.Types.Context, ::Array{Pkg.Types.PackageSpec,1}; coverage::Bool, julia_args::Cmd, test_args::Cmd, test_fn::Nothing) at /buildworker/worker/package_linux64/build/usr/share/julia/stdlib/v1.5/Pkg/src/Operations.jl:1578
 [3] test(::Pkg.Types.Context, ::Array{Pkg.Types.PackageSpec,1}; coverage::Bool, test_fn::Nothing, julia_args::Cmd, test_args::Cmd, kwargs::Base.Iterators.Pairs{Union{},Union{},Tuple{},NamedTuple{(),Tuple{}}}) at /buildworker/worker/package_linux64/build/usr/share/julia/stdlib/v1.5/Pkg/src/API.jl:327
 [4] test(::Pkg.Types.Context, ::Array{Pkg.Types.PackageSpec,1}) at /buildworker/worker/package_linux64/build/usr/share/julia/stdlib/v1.5/Pkg/src/API.jl:314
 [5] #test#61 at /buildworker/worker/package_linux64/build/usr/share/julia/stdlib/v1.5/Pkg/src/API.jl:67 [inlined]
 [6] test at /buildworker/worker/package_linux64/build/usr/share/julia/stdlib/v1.5/Pkg/src/API.jl:67 [inlined]
 [7] #test#60 at /buildworker/worker/package_linux64/build/usr/share/julia/stdlib/v1.5/Pkg/src/API.jl:66 [inlined]
 [8] test at /buildworker/worker/package_linux64/build/usr/share/julia/stdlib/v1.5/Pkg/src/API.jl:66 [inlined]
 [9] test(::String; kwargs::Base.Iterators.Pairs{Union{},Union{},Tuple{},NamedTuple{(),Tuple{}}}) at /buildworker/worker/package_linux64/build/usr/share/julia/stdlib/v1.5/Pkg/src/API.jl:65
 [10] test(::String) at /buildworker/worker/package_linux64/build/usr/share/julia/stdlib/v1.5/Pkg/src/API.jl:65
 [11] top-level scope at none:35
