Julia Version 1.3.2-pre.0
Commit 2e6715c045 (2019-12-31 00:49 UTC)
Platform Info:
  OS: Linux (x86_64-linux-gnu)
  CPU: Intel(R) Xeon(R) Silver 4114 CPU @ 2.20GHz
  WORD_SIZE: 64
  LIBM: libopenlibm
  LLVM: libLLVM-6.0.1 (ORCJIT, skylake)
Environment:
  JULIA_DEPOT_PATH = ::/usr/local/share/julia
  JULIA_NUM_THREADS = 2

 Resolving package versions...
 Installed WoodburyMatrices ─ v0.5.0
  Updating `~/.julia/environments/v1.3/Project.toml`
  [efce3f68] + WoodburyMatrices v0.5.0
  Updating `~/.julia/environments/v1.3/Manifest.toml`
  [efce3f68] + WoodburyMatrices v0.5.0
  [8f399da3] + Libdl 
  [37e2e46d] + LinearAlgebra 
  [9a3f8284] + Random 
  [9e88b42a] + Serialization 
  [2f01184e] + SparseArrays 
   Testing WoodburyMatrices
 Resolving package versions...
    Status `/tmp/jl_7ARS3L/Manifest.toml`
  [efce3f68] WoodburyMatrices v0.5.0
  [2a0f44e3] Base64  [`@stdlib/Base64`]
  [8ba89e20] Distributed  [`@stdlib/Distributed`]
  [b77e0a4c] InteractiveUtils  [`@stdlib/InteractiveUtils`]
  [8f399da3] Libdl  [`@stdlib/Libdl`]
  [37e2e46d] LinearAlgebra  [`@stdlib/LinearAlgebra`]
  [56ddb016] Logging  [`@stdlib/Logging`]
  [d6f4376e] Markdown  [`@stdlib/Markdown`]
  [9a3f8284] Random  [`@stdlib/Random`]
  [9e88b42a] Serialization  [`@stdlib/Serialization`]
  [6462fe0b] Sockets  [`@stdlib/Sockets`]
  [2f01184e] SparseArrays  [`@stdlib/SparseArrays`]
  [8dfed614] Test  [`@stdlib/Test`]
Test Summary: | Pass  Broken  Total
Woodbury      |  104       5    109
┌ Warning: liftFactor and liftFactorVars are no longer necessary and will be removed in a future release. Use `O\x` instead.
│   caller = liftFactor(::SymWoodbury{Float64,Diagonal{Float64,Array{Float64,1}},Array{Float64,2},Array{Float64,2},Array{Float64,2}}) at deprecated.jl:31
└ @ WoodburyMatrices ~/.julia/packages/WoodburyMatrices/AYvnZ/src/deprecated.jl:31
┌ Warning: liftFactor and liftFactorVars are no longer necessary and will be removed in a future release. Use `O\x` instead.
│   caller = liftFactorVars at deprecated.jl:22 [inlined]
└ @ Core ~/.julia/packages/WoodburyMatrices/AYvnZ/src/deprecated.jl:22
┌ Warning: liftFactor and liftFactorVars are no longer necessary and will be removed in a future release. Use `O\x` instead.
│   caller = liftFactorVars at deprecated.jl:17 [inlined]
└ @ Core ~/.julia/packages/WoodburyMatrices/AYvnZ/src/deprecated.jl:17
Test Summary: | Pass  Broken  Total
SymWoodbury   |  591       2    593
   Testing WoodburyMatrices tests passed 
