Julia Version 1.4.0
Commit b8e9a9ecc6 (2020-03-21 16:36 UTC)
Platform Info:
  OS: Linux (x86_64-linux-gnu)
  CPU: Intel(R) Xeon(R) Silver 4114 CPU @ 2.20GHz
  WORD_SIZE: 64
  LIBM: libopenlibm
  LLVM: libLLVM-8.0.1 (ORCJIT, skylake)
Environment:
  JULIA_DEPOT_PATH = ::/usr/local/share/julia
  JULIA_NUM_THREADS = 2

  Resolving package versions...
  Installed SortingAlgorithms ── v0.3.1
  Installed Graph500 ─────────── v0.1.0
  Installed Missings ─────────── v0.4.3
  Installed OrderedCollections ─ v1.1.0
  Installed MacroTools ───────── v0.5.5
  Installed StaticArrays ─────── v0.12.1
  Installed ArnoldiMethod ────── v0.0.4
  Installed DataStructures ───── v0.17.11
  Installed DataAPI ──────────── v1.1.0
  Installed Inflate ──────────── v0.1.2
  Installed StatsBase ────────── v0.33.0
  Installed SimpleTraits ─────── v0.9.1
  Installed ProgressMeter ────── v0.9.0
  Installed LightGraphs ──────── v1.3.1
   Updating `~/.julia/environments/v1.4/Project.toml`
  [1ba61846] + Graph500 v0.1.0
   Updating `~/.julia/environments/v1.4/Manifest.toml`
  [ec485272] + ArnoldiMethod v0.0.4
  [9a962f9c] + DataAPI v1.1.0
  [864edb3b] + DataStructures v0.17.11
  [1ba61846] + Graph500 v0.1.0
  [d25df0c9] + Inflate v0.1.2
  [093fc24a] + LightGraphs v1.3.1
  [1914dd2f] + MacroTools v0.5.5
  [e1d29d7a] + Missings v0.4.3
  [bac558e1] + OrderedCollections v1.1.0
  [92933f4c] + ProgressMeter v0.9.0
  [699a6c99] + SimpleTraits v0.9.1
  [a2af1166] + SortingAlgorithms v0.3.1
  [90137ffa] + StaticArrays v0.12.1
  [2913bbd2] + StatsBase v0.33.0
  [2a0f44e3] + Base64 
  [8bb1440f] + DelimitedFiles 
  [8ba89e20] + Distributed 
  [b77e0a4c] + InteractiveUtils 
  [8f399da3] + Libdl 
  [37e2e46d] + LinearAlgebra 
  [56ddb016] + Logging 
  [d6f4376e] + Markdown 
  [a63ad114] + Mmap 
  [de0858da] + Printf 
  [9a3f8284] + Random 
  [9e88b42a] + Serialization 
  [1a1011a3] + SharedArrays 
  [6462fe0b] + Sockets 
  [2f01184e] + SparseArrays 
  [10745b16] + Statistics 
  [8dfed614] + Test 
  [4ec0a83e] + Unicode 
    Testing Graph500
Status `/tmp/jl_xxPPGj/Manifest.toml`
  [ec485272] ArnoldiMethod v0.0.4
  [9a962f9c] DataAPI v1.1.0
  [864edb3b] DataStructures v0.17.11
  [1ba61846] Graph500 v0.1.0
  [d25df0c9] Inflate v0.1.2
  [093fc24a] LightGraphs v1.3.1
  [1914dd2f] MacroTools v0.5.5
  [e1d29d7a] Missings v0.4.3
  [bac558e1] OrderedCollections v1.1.0
  [92933f4c] ProgressMeter v0.9.0
  [699a6c99] SimpleTraits v0.9.1
  [a2af1166] SortingAlgorithms v0.3.1
  [90137ffa] StaticArrays v0.12.1
  [2913bbd2] StatsBase v0.33.0
  [2a0f44e3] Base64 
  [8bb1440f] DelimitedFiles 
  [8ba89e20] Distributed 
  [b77e0a4c] InteractiveUtils 
  [8f399da3] Libdl 
  [37e2e46d] LinearAlgebra 
  [56ddb016] Logging 
  [d6f4376e] Markdown 
  [a63ad114] Mmap 
  [de0858da] Printf 
  [9a3f8284] Random 
  [9e88b42a] Serialization 
  [1a1011a3] SharedArrays 
  [6462fe0b] Sockets 
  [2f01184e] SparseArrays 
  [10745b16] Statistics 
  [8dfed614] Test 
  [4ec0a83e] Unicode 
kernel_1: Test Failed at /home/pkgeval/.julia/packages/Graph500/fBDvZ/test/kernel_1.jl:6
  Expression: nv(g) == 4
   Evaluated: 0x02 == 4
Stacktrace:
 [1] top-level scope at /home/pkgeval/.julia/packages/Graph500/fBDvZ/test/kernel_1.jl:6
 [2] top-level scope at /workspace/srcdir/usr/share/julia/stdlib/v1.4/Test/src/Test.jl:1113
 [3] top-level scope at /home/pkgeval/.julia/packages/Graph500/fBDvZ/test/kernel_1.jl:2
Generating graph.
Starting Kernel 1.

[32mBenchmark Info[39m
Scale : 4
Number of vertices : 15
Number of Edges : 18
Number of Bfs : 12


[32mGraph construction time[39m
Graph Construction Time : 1.9909e-5


[32mBFS time statistics[39m
BFS min time : 2.387e-6
BFS first quartile time : 3.00225e-6
BFS median time : 3.1840000000000003e-6
BFS third quartile time : 3.60575e-6
BFS max time : 1.54e-5
BFS mean time : 4.751750000000001e-6
BFS standard deviation time : 3.932043977489201e-6


[32mEdges traversed per BFS statistics[39m
BFS min nedge : 31.0
BFS first quartile nedge : 31.375
BFS median nedge : 33.0
BFS third quartile nedge : 34.5
BFS max nedge : 39.0
BFS mean nedge : 33.583333333333336
BFS standard deviation nedge : 2.929732638541158


[32mEdges traversed per second statistics[39m
BFS min TEPS : 2.0129870129870127e6
BFS first quartile TEPS : 8.86886471277114e6
BFS median TEPS : 1.0195107012951978e7
BFS third quartile TEPS : 1.1819921437618164e7
BFS max TEPS : 1.633850020946795e7
BFS harmonic mean TEPS : 6.834828250419792e6
BFS harmonic standard deviation TEPS : 1.8254831782549534e6


[32mBenchmark Info[39m
Scale : 4
Number of vertices : 15
Number of Edges : 18
Number of Bfs : 12


[32mGraph construction time[39m
Graph Construction Time : 1.9909e-5


[32mBFS time statistics[39m
BFS min time : 2.387e-6
BFS first quartile time : 3.00225e-6
BFS median time : 3.1840000000000003e-6
BFS third quartile time : 3.60575e-6
BFS max time : 1.54e-5
BFS mean time : 4.751750000000001e-6
BFS standard deviation time : 3.932043977489201e-6


[32mEdges traversed per BFS statistics[39m
BFS min nedge : 31.0
BFS first quartile nedge : 31.375
BFS median nedge : 33.0
BFS third quartile nedge : 34.5
BFS max nedge : 39.0
BFS mean nedge : 33.583333333333336
BFS standard deviation nedge : 2.929732638541158


[32mEdges traversed per second statistics[39m
BFS min TEPS : 2.0129870129870127e6
BFS first quartile TEPS : 8.86886471277114e6
BFS median TEPS : 1.0195107012951978e7
BFS third quartile TEPS : 1.1819921437618164e7
BFS max TEPS : 1.633850020946795e7
BFS harmonic mean TEPS : 6.834828250419792e6
BFS harmonic standard deviation TEPS : 1.8254831782549534e6

Generating graph.
Starting Kernel 1.

[32mBenchmark Info[39m
Scale : 4
Number of vertices : 16
Number of Edges : 16
Number of Bfs : 12


[32mGraph construction time[39m
Graph Construction Time : 1.6783e-5


[32mBFS time statistics[39m
BFS min time : 2.162e-6
BFS first quartile time : 2.54675e-6
BFS median time : 2.6535e-6
BFS third quartile time : 2.9605e-6
BFS max time : 7.731e-6
BFS mean time : 3.0582500000000003e-6
BFS standard deviation time : 1.5028486964912512e-6


[32mEdges traversed per BFS statistics[39m
BFS min nedge : 28.0
BFS first quartile nedge : 31.75
BFS median nedge : 33.0
BFS third quartile nedge : 33.0
BFS max nedge : 39.0
BFS mean nedge : 32.75
BFS standard deviation nedge : 2.7675062617979584


[32mEdges traversed per second statistics[39m
BFS min TEPS : 4.268529297632907e6
BFS first quartile TEPS : 1.056051119571139e7
BFS median TEPS : 1.211460828282483e7
BFS third quartile TEPS : 1.3962447450013956e7
BFS max TEPS : 1.5263644773358004e7
BFS harmonic mean TEPS : 1.0654792330913408e7
BFS harmonic standard deviation TEPS : 1.5686062055291533e6

Test Summary:         | Pass  Fail  Total
test set              |   15     1     16
  kronecker_generator |    4            4
  kernel_1            |    2     1      3
  kernel_2            |    3            3
  validations         |    4            4
  output              |             No tests
  driver              |    2            2
ERROR: LoadError: Some tests did not pass: 15 passed, 1 failed, 0 errored, 0 broken.
in expression starting at /home/pkgeval/.julia/packages/Graph500/fBDvZ/test/runtests.jl:4
ERROR: Package Graph500 errored during testing
Stacktrace:
 [1] pkgerror(::String, ::Vararg{String,N} where N) at /workspace/srcdir/usr/share/julia/stdlib/v1.4/Pkg/src/Types.jl:53
 [2] test(::Pkg.Types.Context, ::Array{Pkg.Types.PackageSpec,1}; coverage::Bool, julia_args::Cmd, test_args::Cmd, test_fn::Nothing) at /workspace/srcdir/usr/share/julia/stdlib/v1.4/Pkg/src/Operations.jl:1503
 [3] test(::Pkg.Types.Context, ::Array{Pkg.Types.PackageSpec,1}; coverage::Bool, test_fn::Nothing, julia_args::Cmd, test_args::Cmd, kwargs::Base.Iterators.Pairs{Union{},Union{},Tuple{},NamedTuple{(),Tuple{}}}) at /workspace/srcdir/usr/share/julia/stdlib/v1.4/Pkg/src/API.jl:316
 [4] test(::Pkg.Types.Context, ::Array{Pkg.Types.PackageSpec,1}) at /workspace/srcdir/usr/share/julia/stdlib/v1.4/Pkg/src/API.jl:303
 [5] #test#68 at /workspace/srcdir/usr/share/julia/stdlib/v1.4/Pkg/src/API.jl:297 [inlined]
 [6] test at /workspace/srcdir/usr/share/julia/stdlib/v1.4/Pkg/src/API.jl:297 [inlined]
 [7] #test#67 at /workspace/srcdir/usr/share/julia/stdlib/v1.4/Pkg/src/API.jl:296 [inlined]
 [8] test at /workspace/srcdir/usr/share/julia/stdlib/v1.4/Pkg/src/API.jl:296 [inlined]
 [9] test(::String; kwargs::Base.Iterators.Pairs{Union{},Union{},Tuple{},NamedTuple{(),Tuple{}}}) at /workspace/srcdir/usr/share/julia/stdlib/v1.4/Pkg/src/API.jl:295
 [10] test(::String) at /workspace/srcdir/usr/share/julia/stdlib/v1.4/Pkg/src/API.jl:295
 [11] top-level scope at none:16
