Julia Version 1.3.1-pre.12
Commit ac555be960 (2019-12-04 10:45 UTC)
Platform Info:
  OS: Linux (x86_64-linux-gnu)
  CPU: Intel(R) Xeon(R) Silver 4114 CPU @ 2.20GHz
  WORD_SIZE: 64
  LIBM: libopenlibm
  LLVM: libLLVM-6.0.1 (ORCJIT, skylake)

   Cloning default registries into `~/.julia`
   Cloning registry from "https://github.com/JuliaRegistries/General.git"
[?25l    Fetching: [>                                        ]  0.0 %    Fetching: [=============>                           ]  31.1 %    Fetching: [================================>        ]  77.6 %[2K[?25h     Added registry `General` to `~/.julia/registries/General`
 Resolving package versions...
 Installed Mocking ──────── v0.7.0
 Installed EzXML ────────── v0.9.5
 Installed BinaryProvider ─ v0.5.8
 Installed TimeZones ────── v0.10.3
  Updating `~/.julia/environments/v1.3/Project.toml`
  [f269a46b] + TimeZones v0.10.3
  Updating `~/.julia/environments/v1.3/Manifest.toml`
  [b99e7846] + BinaryProvider v0.5.8
  [8f5d6c58] + EzXML v0.9.5
  [78c3b35d] + Mocking v0.7.0
  [f269a46b] + TimeZones v0.10.3
  [ade2ca70] + Dates 
  [8f399da3] + Libdl 
  [de0858da] + Printf 
  [ea8e919c] + SHA 
  [9e88b42a] + Serialization 
  [4ec0a83e] + Unicode 
  Building EzXML ────→ `~/.julia/packages/EzXML/QtGgF/deps/build.log`
  Building TimeZones → `~/.julia/packages/TimeZones/pjvlM/deps/build.log`
   Testing TimeZones
 Resolving package versions...
    Status `/tmp/jl_tVz4Aj/Manifest.toml`
  [b99e7846] BinaryProvider v0.5.8
  [8f5d6c58] EzXML v0.9.5
  [78c3b35d] Mocking v0.7.0
  [f269a46b] TimeZones v0.10.3
  [2a0f44e3] Base64  [`@stdlib/Base64`]
  [ade2ca70] Dates  [`@stdlib/Dates`]
  [8ba89e20] Distributed  [`@stdlib/Distributed`]
  [b77e0a4c] InteractiveUtils  [`@stdlib/InteractiveUtils`]
  [8f399da3] Libdl  [`@stdlib/Libdl`]
  [56ddb016] Logging  [`@stdlib/Logging`]
  [d6f4376e] Markdown  [`@stdlib/Markdown`]
  [de0858da] Printf  [`@stdlib/Printf`]
  [9a3f8284] Random  [`@stdlib/Random`]
  [ea8e919c] SHA  [`@stdlib/SHA`]
  [9e88b42a] Serialization  [`@stdlib/Serialization`]
  [6462fe0b] Sockets  [`@stdlib/Sockets`]
  [8dfed614] Test  [`@stdlib/Test`]
  [4ec0a83e] Unicode  [`@stdlib/Unicode`]
[ Info: Downloading 2016j tzdata
[ Info: Extracting 2016j tzdata archive
TimeZones: Test Failed at /home/pkgeval/.julia/packages/TimeZones/pjvlM/test/conversions.jl:30
  Expression: today(apia) - today(midway) == Dates.Day(1)
   Evaluated: 2 days == 1 day
Stacktrace:
 [1] top-level scope at /home/pkgeval/.julia/packages/TimeZones/pjvlM/test/conversions.jl:30
 [2] include at ./boot.jl:328 [inlined]
 [3] include_relative(::Module, ::String) at ./loading.jl:1105
 [4] include(::Module, ::String) at ./Base.jl:31
 [5] include(::String) at ./client.jl:424
 [6] top-level scope at /home/pkgeval/.julia/packages/TimeZones/pjvlM/test/runtests.jl:66
 [7] top-level scope at /workspace/srcdir/julia/usr/share/julia/stdlib/v1.3/Test/src/Test.jl:1107
 [8] top-level scope at /home/pkgeval/.julia/packages/TimeZones/pjvlM/test/runtests.jl:46
[ Info: Extracting 2016j tzdata archive
africa
antarctica
asia
australasia
europe
northamerica
southamerica
pacificnew
etcetera
backward
[ Info: Converting tz source files into TimeZone data
[ Info: Successfully built TimeZones
Test Summary:                  | Pass  Fail  Total
TimeZones                      | 1522     1   1523
  Class                        |   30           30
  tryparse_dayofmonth_function |    7            7
  compile                      |   79           79
  istimezone                   |    3            3
  etcetera                     |    9            9
  FixedTimeZone                |   35           35
  VariableTimeZone             |   21           21
  ZonedDateTime                |  204          204
  Exceptions                   |    3            3
  Transitions I/O              |    6            6
  todayat                      |    4            4
  legacy time zones            |    6            6
  next_transition_instant      |   12           12
  show_next_transition         |    9            9
  parse                        |    5            5
  tryparse                     |    2            2
  parse components             |    1            1
  default format               |    1            1
  parse constructor            |    6            6
  build process                |   15           15
ERROR: LoadError: Some tests did not pass: 1522 passed, 1 failed, 0 errored, 0 broken.
in expression starting at /home/pkgeval/.julia/packages/TimeZones/pjvlM/test/runtests.jl:45
ERROR: Package TimeZones errored during testing
Stacktrace:
 [1] pkgerror(::String, ::Vararg{String,N} where N) at /workspace/srcdir/julia/usr/share/julia/stdlib/v1.3/Pkg/src/Types.jl:113
 [2] #test#131(::Bool, ::Nothing, ::Cmd, ::Cmd, ::typeof(Pkg.Operations.test), ::Pkg.Types.Context, ::Array{Pkg.Types.PackageSpec,1}) at /workspace/srcdir/julia/usr/share/julia/stdlib/v1.3/Pkg/src/Operations.jl:1370
 [3] #test at ./none:0 [inlined]
 [4] #test#62(::Bool, ::Nothing, ::Cmd, ::Cmd, ::Base.Iterators.Pairs{Union{},Union{},Tuple{},NamedTuple{(),Tuple{}}}, ::typeof(Pkg.API.test), ::Pkg.Types.Context, ::Array{Pkg.Types.PackageSpec,1}) at /workspace/srcdir/julia/usr/share/julia/stdlib/v1.3/Pkg/src/API.jl:253
 [5] test(::Pkg.Types.Context, ::Array{Pkg.Types.PackageSpec,1}) at /workspace/srcdir/julia/usr/share/julia/stdlib/v1.3/Pkg/src/API.jl:239
 [6] #test#61 at /workspace/srcdir/julia/usr/share/julia/stdlib/v1.3/Pkg/src/API.jl:233 [inlined]
 [7] test at /workspace/srcdir/julia/usr/share/julia/stdlib/v1.3/Pkg/src/API.jl:233 [inlined]
 [8] #test#60 at /workspace/srcdir/julia/usr/share/julia/stdlib/v1.3/Pkg/src/API.jl:232 [inlined]
 [9] test at /workspace/srcdir/julia/usr/share/julia/stdlib/v1.3/Pkg/src/API.jl:232 [inlined]
 [10] #test#59(::Base.Iterators.Pairs{Union{},Union{},Tuple{},NamedTuple{(),Tuple{}}}, ::typeof(Pkg.API.test), ::String) at /workspace/srcdir/julia/usr/share/julia/stdlib/v1.3/Pkg/src/API.jl:231
 [11] test(::String) at /workspace/srcdir/julia/usr/share/julia/stdlib/v1.3/Pkg/src/API.jl:231
 [12] top-level scope at none:12
