Current time is 2020-10-25T22:24:27.642
Julia Version 1.5.3-pre.0
Commit 5905edebb1 (2020-09-24 05:09 UTC)
Platform Info:
  OS: Linux (x86_64-pc-linux-gnu)
  CPU: AMD EPYC 7502 32-Core Processor
  WORD_SIZE: 64
  LIBM: libopenlibm
  LLVM: libLLVM-9.0.1 (ORCJIT, znver2)
Environment:
  JULIA_DEPOT_PATH = ::/usr/local/share/julia
  JULIA_NUM_THREADS = 2
  JULIA_MAX_NUM_PRECOMPILE_FILES = 9223372036854775807
  JULIA_PKG_SERVER = 

Starting installation at 2020-10-25T22:24:30.526
  Resolving package versions...
  Installed AbstractFFTs ───────────────── v0.5.0
  Installed UNet ───────────────────────── v0.2.0
  Installed PaddedViews ────────────────── v0.5.6
  Installed FillArrays ─────────────────── v0.8.14
  Installed ImageTransformations ───────── v0.8.6
  Installed StatsBase ──────────────────── v0.30.0
  Installed GPUArrays ──────────────────── v5.2.1
  Installed CUDA ───────────────────────── v1.3.3
  Installed URIParser ──────────────────── v0.4.1
  Installed ZygoteRules ────────────────── v0.2.0
  Installed MacroTools ─────────────────── v0.5.6
  Installed MosaicViews ────────────────── v0.2.3
  Installed NNlib ──────────────────────── v0.7.5
  Installed ChainRulesCore ─────────────── v0.8.1
  Installed CodecZlib ──────────────────── v0.7.0
  Installed StatsFuns ──────────────────── v0.8.0
  Installed ZipFile ────────────────────── v0.9.3
  Installed Missings ───────────────────── v0.4.4
  Installed CompilerSupportLibraries_jll ─ v0.3.4+0
  Installed DataAPI ────────────────────── v1.3.0
  Installed Flux ───────────────────────── v0.11.1
  Installed Reexport ───────────────────── v0.2.0
  Installed MuladdMacro ────────────────── v0.2.2
  Installed BinaryProvider ─────────────── v0.5.10
  Installed WoodburyMatrices ───────────── v0.5.3
  Installed Compat ─────────────────────── v2.2.1
  Installed ChainRules ─────────────────── v0.6.5
  Installed OffsetArrays ───────────────── v1.3.1
  Installed Functors ───────────────────── v0.1.0
  Installed Zlib_jll ───────────────────── v1.2.11+18
  Installed Artifacts ──────────────────── v1.3.0
  Installed CommonSubexpressions ───────── v0.3.0
  Installed OrderedCollections ─────────── v1.3.1
  Installed Colors ─────────────────────── v0.12.4
  Installed FixedPointNumbers ──────────── v0.8.4
  Installed AxisAlgorithms ─────────────── v1.0.0
  Installed Rotations ──────────────────── v1.0.1
  Installed Requires ───────────────────── v1.1.0
  Installed ColorTypes ─────────────────── v0.10.9
  Installed StaticArrays ───────────────── v0.12.4
  Installed ForwardDiff ────────────────── v0.10.12
  Installed NaNMath ────────────────────── v0.3.4
  Installed Juno ───────────────────────── v0.8.4
  Installed OpenBLAS_jll ───────────────── v0.3.10+0
  Installed MappedArrays ───────────────── v0.2.2
  Installed CoordinateTransformations ──── v0.6.0
  Installed BinDeps ────────────────────── v0.8.10
  Installed Zygote ─────────────────────── v0.5.1
  Installed ArrayLayouts ───────────────── v0.3.8
  Installed JLLWrappers ────────────────── v1.1.3
  Installed ColorVectorSpace ───────────── v0.8.6
  Installed TranscodingStreams ─────────── v0.9.5
  Installed SpecialFunctions ───────────── v0.7.2
  Installed FileIO ─────────────────────── v1.4.3
  Installed IdentityRanges ─────────────── v0.3.1
  Installed Graphics ───────────────────── v1.0.2
  Installed CEnum ──────────────────────── v0.4.1
  Installed DiffRules ──────────────────── v0.0.10
  Installed PDMats ─────────────────────── v0.9.12
  Installed DiffResults ────────────────── v1.0.2
  Installed SortingAlgorithms ──────────── v0.3.1
  Installed AbstractTrees ──────────────── v0.3.3
  Installed ImageCore ──────────────────── v0.8.18
  Installed Distributions ──────────────── v0.20.0
  Installed IRTools ────────────────────── v0.4.1
  Installed Arpack_jll ─────────────────── v3.5.0+3
  Installed Adapt ──────────────────────── v2.3.0
  Installed LLVM ───────────────────────── v2.0.0
  Installed QuadGK ─────────────────────── v2.4.1
  Installed TimerOutputs ───────────────── v0.5.6
  Installed Media ──────────────────────── v0.5.0
  Installed GPUCompiler ────────────────── v0.6.1
  Installed Arpack ─────────────────────── v0.4.0
  Installed Ratios ─────────────────────── v0.4.0
  Installed ExprTools ──────────────────── v0.1.3
  Installed DataStructures ─────────────── v0.17.20
  Installed Rmath ──────────────────────── v0.5.1
  Installed Interpolations ─────────────── v0.12.10
Updating `~/.julia/environments/v1.5/Project.toml`
  [0d73aaa9] + UNet v0.2.0
Updating `~/.julia/environments/v1.5/Manifest.toml`
  [621f4979] + AbstractFFTs v0.5.0
  [1520ce14] + AbstractTrees v0.3.3
  [79e6a3ab] + Adapt v2.3.0
  [7d9fca2a] + Arpack v0.4.0
  [68821587] + Arpack_jll v3.5.0+3
  [4c555306] + ArrayLayouts v0.3.8
  [56f22d72] + Artifacts v1.3.0
  [13072b0f] + AxisAlgorithms v1.0.0
  [9e28174c] + BinDeps v0.8.10
  [b99e7846] + BinaryProvider v0.5.10
  [fa961155] + CEnum v0.4.1
  [052768ef] + CUDA v1.3.3
  [082447d4] + ChainRules v0.6.5
  [d360d2e6] + ChainRulesCore v0.8.1
  [944b1d66] + CodecZlib v0.7.0
  [3da002f7] + ColorTypes v0.10.9
  [c3611d14] + ColorVectorSpace v0.8.6
  [5ae59095] + Colors v0.12.4
  [bbf7d656] + CommonSubexpressions v0.3.0
  [34da2185] + Compat v2.2.1
  [e66e0078] + CompilerSupportLibraries_jll v0.3.4+0
  [150eb455] + CoordinateTransformations v0.6.0
  [9a962f9c] + DataAPI v1.3.0
  [864edb3b] + DataStructures v0.17.20
  [163ba53b] + DiffResults v1.0.2
  [b552c78f] + DiffRules v0.0.10
  [31c24e10] + Distributions v0.20.0
  [e2ba6199] + ExprTools v0.1.3
  [5789e2e9] + FileIO v1.4.3
  [1a297f60] + FillArrays v0.8.14
  [53c48c17] + FixedPointNumbers v0.8.4
  [587475ba] + Flux v0.11.1
  [f6369f11] + ForwardDiff v0.10.12
  [d9f16b24] + Functors v0.1.0
  [0c68f7d7] + GPUArrays v5.2.1
  [61eb1bfa] + GPUCompiler v0.6.1
  [a2bd30eb] + Graphics v1.0.2
  [7869d1d1] + IRTools v0.4.1
  [bbac6d45] + IdentityRanges v0.3.1
  [a09fc81d] + ImageCore v0.8.18
  [02fcd773] + ImageTransformations v0.8.6
  [a98d9a8b] + Interpolations v0.12.10
  [692b3bcd] + JLLWrappers v1.1.3
  [e5e0dc1b] + Juno v0.8.4
  [929cbde3] + LLVM v2.0.0
  [1914dd2f] + MacroTools v0.5.6
  [dbb5928d] + MappedArrays v0.2.2
  [e89f7d12] + Media v0.5.0
  [e1d29d7a] + Missings v0.4.4
  [e94cdb99] + MosaicViews v0.2.3
  [46d2c3a1] + MuladdMacro v0.2.2
  [872c559c] + NNlib v0.7.5
  [77ba4419] + NaNMath v0.3.4
  [6fe1bfb0] + OffsetArrays v1.3.1
  [4536629a] + OpenBLAS_jll v0.3.10+0
  [bac558e1] + OrderedCollections v1.3.1
  [90014a1f] + PDMats v0.9.12
  [5432bcbf] + PaddedViews v0.5.6
  [1fd47b50] + QuadGK v2.4.1
  [c84ed2f1] + Ratios v0.4.0
  [189a3867] + Reexport v0.2.0
  [ae029012] + Requires v1.1.0
  [79098fc4] + Rmath v0.5.1
  [6038ab10] + Rotations v1.0.1
  [a2af1166] + SortingAlgorithms v0.3.1
  [276daf66] + SpecialFunctions v0.7.2
  [90137ffa] + StaticArrays v0.12.4
  [2913bbd2] + StatsBase v0.30.0
  [4c63d2b9] + StatsFuns v0.8.0
  [a759f4b9] + TimerOutputs v0.5.6
  [3bb67fe8] + TranscodingStreams v0.9.5
  [0d73aaa9] + UNet v0.2.0
  [30578b45] + URIParser v0.4.1
  [efce3f68] + WoodburyMatrices v0.5.3
  [a5390f91] + ZipFile v0.9.3
  [83775a58] + Zlib_jll v1.2.11+18
  [e88e6eb3] + Zygote v0.5.1
  [700de1a5] + ZygoteRules v0.2.0
  [2a0f44e3] + Base64
  [ade2ca70] + Dates
  [8bb1440f] + DelimitedFiles
  [8ba89e20] + Distributed
  [9fa8497b] + Future
  [b77e0a4c] + InteractiveUtils
  [76f85450] + LibGit2
  [8f399da3] + Libdl
  [37e2e46d] + LinearAlgebra
  [56ddb016] + Logging
  [d6f4376e] + Markdown
  [a63ad114] + Mmap
  [44cfe95a] + Pkg
  [de0858da] + Printf
  [9abbd945] + Profile
  [3fa0cd96] + REPL
  [9a3f8284] + Random
  [ea8e919c] + SHA
  [9e88b42a] + Serialization
  [1a1011a3] + SharedArrays
  [6462fe0b] + Sockets
  [2f01184e] + SparseArrays
  [10745b16] + Statistics
  [4607b0f0] + SuiteSparse
  [8dfed614] + Test
  [cf7118a7] + UUIDs
  [4ec0a83e] + Unicode
   Building SpecialFunctions → `~/.julia/packages/SpecialFunctions/fvheQ/deps/build.log`
   Building Rmath ───────────→ `~/.julia/packages/Rmath/4wt82/deps/build.log`
Starting tests at 2020-10-25T22:24:59.821
    Testing UNet
Status `/tmp/jl_pK5xSZ/Project.toml`
  [31c24e10] Distributions v0.20.0
  [5789e2e9] FileIO v1.4.3
  [587475ba] Flux v0.11.1
  [a09fc81d] ImageCore v0.8.18
  [02fcd773] ImageTransformations v0.8.6
  [189a3867] Reexport v0.2.0
  [2913bbd2] StatsBase v0.30.0
  [0d73aaa9] UNet v0.2.0
  [10745b16] Statistics
  [8dfed614] Test
Status `/tmp/jl_pK5xSZ/Manifest.toml`
  [621f4979] AbstractFFTs v0.5.0
  [1520ce14] AbstractTrees v0.3.3
  [79e6a3ab] Adapt v2.3.0
  [7d9fca2a] Arpack v0.4.0
  [68821587] Arpack_jll v3.5.0+3
  [4c555306] ArrayLayouts v0.3.8
  [56f22d72] Artifacts v1.3.0
  [13072b0f] AxisAlgorithms v1.0.0
  [9e28174c] BinDeps v0.8.10
  [b99e7846] BinaryProvider v0.5.10
  [fa961155] CEnum v0.4.1
  [052768ef] CUDA v1.3.3
  [082447d4] ChainRules v0.6.5
  [d360d2e6] ChainRulesCore v0.8.1
  [944b1d66] CodecZlib v0.7.0
  [3da002f7] ColorTypes v0.10.9
  [c3611d14] ColorVectorSpace v0.8.6
  [5ae59095] Colors v0.12.4
  [bbf7d656] CommonSubexpressions v0.3.0
  [34da2185] Compat v2.2.1
  [e66e0078] CompilerSupportLibraries_jll v0.3.4+0
  [150eb455] CoordinateTransformations v0.6.0
  [9a962f9c] DataAPI v1.3.0
  [864edb3b] DataStructures v0.17.20
  [163ba53b] DiffResults v1.0.2
  [b552c78f] DiffRules v0.0.10
  [31c24e10] Distributions v0.20.0
  [e2ba6199] ExprTools v0.1.3
  [5789e2e9] FileIO v1.4.3
  [1a297f60] FillArrays v0.8.14
  [53c48c17] FixedPointNumbers v0.8.4
  [587475ba] Flux v0.11.1
  [f6369f11] ForwardDiff v0.10.12
  [d9f16b24] Functors v0.1.0
  [0c68f7d7] GPUArrays v5.2.1
  [61eb1bfa] GPUCompiler v0.6.1
  [a2bd30eb] Graphics v1.0.2
  [7869d1d1] IRTools v0.4.1
  [bbac6d45] IdentityRanges v0.3.1
  [a09fc81d] ImageCore v0.8.18
  [02fcd773] ImageTransformations v0.8.6
  [a98d9a8b] Interpolations v0.12.10
  [692b3bcd] JLLWrappers v1.1.3
  [e5e0dc1b] Juno v0.8.4
  [929cbde3] LLVM v2.0.0
  [1914dd2f] MacroTools v0.5.6
  [dbb5928d] MappedArrays v0.2.2
  [e89f7d12] Media v0.5.0
  [e1d29d7a] Missings v0.4.4
  [e94cdb99] MosaicViews v0.2.3
  [46d2c3a1] MuladdMacro v0.2.2
  [872c559c] NNlib v0.7.5
  [77ba4419] NaNMath v0.3.4
  [6fe1bfb0] OffsetArrays v1.3.1
  [4536629a] OpenBLAS_jll v0.3.10+0
  [bac558e1] OrderedCollections v1.3.1
  [90014a1f] PDMats v0.9.12
  [5432bcbf] PaddedViews v0.5.6
  [1fd47b50] QuadGK v2.4.1
  [c84ed2f1] Ratios v0.4.0
  [189a3867] Reexport v0.2.0
  [ae029012] Requires v1.1.0
  [79098fc4] Rmath v0.5.1
  [6038ab10] Rotations v1.0.1
  [a2af1166] SortingAlgorithms v0.3.1
  [276daf66] SpecialFunctions v0.7.2
  [90137ffa] StaticArrays v0.12.4
  [2913bbd2] StatsBase v0.30.0
  [4c63d2b9] StatsFuns v0.8.0
  [a759f4b9] TimerOutputs v0.5.6
  [3bb67fe8] TranscodingStreams v0.9.5
  [0d73aaa9] UNet v0.2.0
  [30578b45] URIParser v0.4.1
  [efce3f68] WoodburyMatrices v0.5.3
  [a5390f91] ZipFile v0.9.3
  [83775a58] Zlib_jll v1.2.11+18
  [e88e6eb3] Zygote v0.5.1
  [700de1a5] ZygoteRules v0.2.0
  [2a0f44e3] Base64
  [ade2ca70] Dates
  [8bb1440f] DelimitedFiles
  [8ba89e20] Distributed
  [9fa8497b] Future
  [b77e0a4c] InteractiveUtils
  [76f85450] LibGit2
  [8f399da3] Libdl
  [37e2e46d] LinearAlgebra
  [56ddb016] Logging
  [d6f4376e] Markdown
  [a63ad114] Mmap
  [44cfe95a] Pkg
  [de0858da] Printf
  [9abbd945] Profile
  [3fa0cd96] REPL
  [9a3f8284] Random
  [ea8e919c] SHA
  [9e88b42a] Serialization
  [1a1011a3] SharedArrays
  [6462fe0b] Sockets
  [2f01184e] SparseArrays
  [10745b16] Statistics
  [4607b0f0] SuiteSparse
  [8dfed614] Test
  [cf7118a7] UUIDs
  [4ec0a83e] Unicode
┌ Warning: Error requiring StatsFuns from Zygote:
│ LoadError: UndefVarError: logsubexp not defined
│ Stacktrace:
│  [1] include(::Function, ::Module, ::String) at ./Base.jl:380
│  [2] include(::Module, ::String) at ./Base.jl:368
│  [3] top-level scope at /home/pkgeval/.julia/packages/Requires/vyVBT/src/Requires.jl:22
│  [4] eval at ./boot.jl:331 [inlined]
│  [5] eval at /home/pkgeval/.julia/packages/Zygote/pmW1K/src/Zygote.jl:1 [inlined]
│  [6] (::Zygote.var"#1295#1299")() at /home/pkgeval/.julia/packages/Requires/vyVBT/src/require.jl:97
│  [7] err(::Any, ::Module, ::String) at /home/pkgeval/.julia/packages/Requires/vyVBT/src/require.jl:42
│  [8] (::Zygote.var"#1294#1298")() at /home/pkgeval/.julia/packages/Requires/vyVBT/src/require.jl:96
│  [9] withpath(::Any, ::String) at /home/pkgeval/.julia/packages/Requires/vyVBT/src/require.jl:32
│  [10] (::Zygote.var"#1293#1297")() at /home/pkgeval/.julia/packages/Requires/vyVBT/src/require.jl:95
│  [11] listenpkg(::Any, ::Base.PkgId) at /home/pkgeval/.julia/packages/Requires/vyVBT/src/require.jl:15
│  [12] macro expansion at /home/pkgeval/.julia/packages/Requires/vyVBT/src/require.jl:93 [inlined]
│  [13] (::Zygote.var"#1292#1296")() at /home/pkgeval/.julia/packages/Requires/vyVBT/src/init.jl:11
│  [14] __init__() at /home/pkgeval/.julia/packages/Requires/vyVBT/src/init.jl:18
│  [15] _include_from_serialized(::String, ::Array{Any,1}) at ./loading.jl:697
│  [16] _require_search_from_serialized(::Base.PkgId, ::String) at ./loading.jl:782
│  [17] _tryrequire_from_serialized(::Base.PkgId, ::UInt64, ::Nothing) at ./loading.jl:712
│  [18] _require_from_serialized(::String) at ./loading.jl:744
│  [19] _require(::Base.PkgId) at ./loading.jl:1040
│  [20] require(::Base.PkgId) at ./loading.jl:928
│  [21] require(::Module, ::Symbol) at ./loading.jl:923
│  [22] include(::String) at ./client.jl:457
│  [23] top-level scope at none:6
│  [24] eval(::Module, ::Any) at ./boot.jl:331
│  [25] exec_options(::Base.JLOptions) at ./client.jl:272
│  [26] _start() at ./client.jl:506
│ in expression starting at /home/pkgeval/.julia/packages/Zygote/pmW1K/src/lib/statsfuns.jl:2
└ @ Requires ~/.julia/packages/Requires/vyVBT/src/require.jl:44
Test Summary: | Pass  Total
Inference     |    3      3
Test Summary:  | Pass  Total
Variable Sizes |    4      4
Test Summary:  | Pass  Total
Gradient Tests |    1      1
    Testing UNet tests passed 
Finished at 2020-10-25T22:35:28.068
