Julia Version 1.4.0
Commit 3fd5790e88 (2020-04-10 10:01 UTC)
Platform Info:
  OS: Linux (x86_64-linux-gnu)
  CPU: Intel(R) Xeon(R) Silver 4114 CPU @ 2.20GHz
  WORD_SIZE: 64
  LIBM: libopenlibm
  LLVM: libLLVM-8.0.1 (ORCJIT, skylake)
Environment:
  JULIA_DEPOT_PATH = ::/usr/local/share/julia
  JULIA_NUM_THREADS = 2

  Resolving package versions...
  Installed SortingAlgorithms ──────────── v0.3.1
  Installed ToeplitzMatrices ───────────── v0.5.0
  Installed ProgressMeter ──────────────── v0.9.0
  Installed StatsFuns ──────────────────── v0.8.0
  Installed OrderedCollections ─────────── v1.1.0
  Installed BlockBandedMatrices ────────── v0.2.0
  Installed Polynomials ────────────────── v0.6.1
  Installed PDSampler ──────────────────── v0.1.1
  Installed Rmath ──────────────────────── v0.6.1
  Installed Missings ───────────────────── v0.4.3
  Installed NaNMath ────────────────────── v0.3.3
  Installed PDMats ─────────────────────── v0.9.12
  Installed QuadGK ─────────────────────── v2.3.1
  Installed BinDeps ────────────────────── v0.8.10
  Installed Arpack_jll ─────────────────── v3.5.0+3
  Installed Reexport ───────────────────── v0.2.0
  Installed BandedMatrices ─────────────── v0.7.1
  Installed CompilerSupportLibraries_jll ─ v0.3.3+0
  Installed VersionParsing ─────────────── v1.2.0
  Installed StaticArrays ───────────────── v0.12.1
  Installed Conda ──────────────────────── v1.4.1
  Installed IntervalSets ───────────────── v0.3.2
  Installed OpenBLAS_jll ───────────────── v0.3.9+2
  Installed Arpack ─────────────────────── v0.4.0
  Installed JSON ───────────────────────── v0.21.0
  Installed DualNumbers ────────────────── v0.6.2
  Installed BinaryProvider ─────────────── v0.5.8
  Installed HierarchicalMatrices ───────── v0.1.4
  Installed BlockArrays ────────────────── v0.7.0
  Installed Rmath_jll ──────────────────── v0.2.2+0
  Installed Calculus ───────────────────── v0.5.1
  Installed AbstractFFTs ───────────────── v0.4.1
  Installed SpecialFunctions ───────────── v0.7.2
  Installed FillArrays ─────────────────── v0.5.0
  Installed Compat ─────────────────────── v2.2.0
  Installed Parsers ────────────────────── v1.0.1
  Installed DataStructures ─────────────── v0.17.11
  Installed DomainSets ─────────────────── v0.0.1
  Installed Distributions ──────────────── v0.21.5
  Installed FastTransforms ─────────────── v0.5.0
  Installed ApproxFun ──────────────────── v0.10.0
  Installed FastGaussQuadrature ────────── v0.4.2
  Installed Nullables ──────────────────── v1.0.0
  Installed DSP ────────────────────────── v0.5.2
  Installed StatsBase ──────────────────── v0.32.2
  Installed InfiniteArrays ─────────────── v0.0.2
  Installed DataAPI ────────────────────── v1.1.0
  Installed URIParser ──────────────────── v0.4.0
  Installed LazyArrays ─────────────────── v0.3.2
  Installed RecipesBase ────────────────── v0.7.0
  Installed LowRankApprox ──────────────── v0.2.3
  Installed FFTW ───────────────────────── v0.3.0
   Updating `~/.julia/environments/v1.4/Project.toml`
  [f9d848e4] + PDSampler v0.1.1
   Updating `~/.julia/environments/v1.4/Manifest.toml`
  [621f4979] + AbstractFFTs v0.4.1
  [28f2ccd6] + ApproxFun v0.10.0
  [7d9fca2a] + Arpack v0.4.0
  [68821587] + Arpack_jll v3.5.0+3
  [aae01518] + BandedMatrices v0.7.1
  [9e28174c] + BinDeps v0.8.10
  [b99e7846] + BinaryProvider v0.5.8
  [8e7c35d0] + BlockArrays v0.7.0
  [ffab5731] + BlockBandedMatrices v0.2.0
  [49dc2e85] + Calculus v0.5.1
  [34da2185] + Compat v2.2.0
  [e66e0078] + CompilerSupportLibraries_jll v0.3.3+0
  [8f4d0f93] + Conda v1.4.1
  [717857b8] + DSP v0.5.2
  [9a962f9c] + DataAPI v1.1.0
  [864edb3b] + DataStructures v0.17.11
  [31c24e10] + Distributions v0.21.5
  [5b8099bc] + DomainSets v0.0.1
  [fa6b7ba4] + DualNumbers v0.6.2
  [7a1cc6ca] + FFTW v0.3.0
  [442a2c76] + FastGaussQuadrature v0.4.2
  [057dd010] + FastTransforms v0.5.0
  [1a297f60] + FillArrays v0.5.0
  [7c893195] + HierarchicalMatrices v0.1.4
  [4858937d] + InfiniteArrays v0.0.2
  [8197267c] + IntervalSets v0.3.2
  [682c06a0] + JSON v0.21.0
  [5078a376] + LazyArrays v0.3.2
  [898213cb] + LowRankApprox v0.2.3
  [e1d29d7a] + Missings v0.4.3
  [77ba4419] + NaNMath v0.3.3
  [4d1e1d77] + Nullables v1.0.0
  [4536629a] + OpenBLAS_jll v0.3.9+2
  [bac558e1] + OrderedCollections v1.1.0
  [90014a1f] + PDMats v0.9.12
  [f9d848e4] + PDSampler v0.1.1
  [69de0a69] + Parsers v1.0.1
  [f27b6e38] + Polynomials v0.6.1
  [92933f4c] + ProgressMeter v0.9.0
  [1fd47b50] + QuadGK v2.3.1
  [3cdcf5f2] + RecipesBase v0.7.0
  [189a3867] + Reexport v0.2.0
  [79098fc4] + Rmath v0.6.1
  [f50d1b31] + Rmath_jll v0.2.2+0
  [a2af1166] + SortingAlgorithms v0.3.1
  [276daf66] + SpecialFunctions v0.7.2
  [90137ffa] + StaticArrays v0.12.1
  [2913bbd2] + StatsBase v0.32.2
  [4c63d2b9] + StatsFuns v0.8.0
  [c751599d] + ToeplitzMatrices v0.5.0
  [30578b45] + URIParser v0.4.0
  [81def892] + VersionParsing v1.2.0
  [2a0f44e3] + Base64 
  [ade2ca70] + Dates 
  [8bb1440f] + DelimitedFiles 
  [8ba89e20] + Distributed 
  [b77e0a4c] + InteractiveUtils 
  [76f85450] + LibGit2 
  [8f399da3] + Libdl 
  [37e2e46d] + LinearAlgebra 
  [56ddb016] + Logging 
  [d6f4376e] + Markdown 
  [a63ad114] + Mmap 
  [44cfe95a] + Pkg 
  [de0858da] + Printf 
  [9abbd945] + Profile 
  [3fa0cd96] + REPL 
  [9a3f8284] + Random 
  [ea8e919c] + SHA 
  [9e88b42a] + Serialization 
  [1a1011a3] + SharedArrays 
  [6462fe0b] + Sockets 
  [2f01184e] + SparseArrays 
  [10745b16] + Statistics 
  [4607b0f0] + SuiteSparse 
  [8dfed614] + Test 
  [cf7118a7] + UUIDs 
  [4ec0a83e] + Unicode 
   Building Conda ───────────→ `~/.julia/packages/Conda/3rPhK/deps/build.log`
   Building SpecialFunctions → `~/.julia/packages/SpecialFunctions/fvheQ/deps/build.log`
   Building FFTW ────────────→ `~/.julia/packages/FFTW/2okGQ/deps/build.log`
    Testing PDSampler
Status `/tmp/jl_lje7Bs/Manifest.toml`
  [621f4979] AbstractFFTs v0.4.1
  [28f2ccd6] ApproxFun v0.10.0
  [7d9fca2a] Arpack v0.4.0
  [68821587] Arpack_jll v3.5.0+3
  [aae01518] BandedMatrices v0.7.1
  [9e28174c] BinDeps v0.8.10
  [b99e7846] BinaryProvider v0.5.8
  [8e7c35d0] BlockArrays v0.7.0
  [ffab5731] BlockBandedMatrices v0.2.0
  [49dc2e85] Calculus v0.5.1
  [34da2185] Compat v2.2.0
  [e66e0078] CompilerSupportLibraries_jll v0.3.3+0
  [8f4d0f93] Conda v1.4.1
  [717857b8] DSP v0.5.2
  [9a962f9c] DataAPI v1.1.0
  [864edb3b] DataStructures v0.17.11
  [31c24e10] Distributions v0.21.5
  [5b8099bc] DomainSets v0.0.1
  [fa6b7ba4] DualNumbers v0.6.2
  [7a1cc6ca] FFTW v0.3.0
  [442a2c76] FastGaussQuadrature v0.4.2
  [057dd010] FastTransforms v0.5.0
  [1a297f60] FillArrays v0.5.0
  [7c893195] HierarchicalMatrices v0.1.4
  [4858937d] InfiniteArrays v0.0.2
  [8197267c] IntervalSets v0.3.2
  [682c06a0] JSON v0.21.0
  [5078a376] LazyArrays v0.3.2
  [898213cb] LowRankApprox v0.2.3
  [e1d29d7a] Missings v0.4.3
  [77ba4419] NaNMath v0.3.3
  [4d1e1d77] Nullables v1.0.0
  [4536629a] OpenBLAS_jll v0.3.9+2
  [bac558e1] OrderedCollections v1.1.0
  [90014a1f] PDMats v0.9.12
  [f9d848e4] PDSampler v0.1.1
  [69de0a69] Parsers v1.0.1
  [f27b6e38] Polynomials v0.6.1
  [92933f4c] ProgressMeter v0.9.0
  [1fd47b50] QuadGK v2.3.1
  [3cdcf5f2] RecipesBase v0.7.0
  [189a3867] Reexport v0.2.0
  [79098fc4] Rmath v0.6.1
  [f50d1b31] Rmath_jll v0.2.2+0
  [a2af1166] SortingAlgorithms v0.3.1
  [276daf66] SpecialFunctions v0.7.2
  [90137ffa] StaticArrays v0.12.1
  [2913bbd2] StatsBase v0.32.2
  [4c63d2b9] StatsFuns v0.8.0
  [c751599d] ToeplitzMatrices v0.5.0
  [30578b45] URIParser v0.4.0
  [81def892] VersionParsing v1.2.0
  [2a0f44e3] Base64 
  [ade2ca70] Dates 
  [8bb1440f] DelimitedFiles 
  [8ba89e20] Distributed 
  [b77e0a4c] InteractiveUtils 
  [76f85450] LibGit2 
  [8f399da3] Libdl 
  [37e2e46d] LinearAlgebra 
  [56ddb016] Logging 
  [d6f4376e] Markdown 
  [a63ad114] Mmap 
  [44cfe95a] Pkg 
  [de0858da] Printf 
  [9abbd945] Profile 
  [3fa0cd96] REPL 
  [9a3f8284] Random 
  [ea8e919c] SHA 
  [9e88b42a] Serialization 
  [1a1011a3] SharedArrays 
  [6462fe0b] Sockets 
  [2f01184e] SparseArrays 
  [10745b16] Statistics 
  [4607b0f0] SuiteSparse 
  [8dfed614] Test 
  [cf7118a7] UUIDs 
  [4ec0a83e] Unicode 
WARNING: could not import LinearAlgebra.has_offset_axes into BandedMatrices
Test Summary: | Pass  Total
gaussian      |    5      5
Test Summary: | Pass  Total
t-gaussian    |   16     16
Test Summary: | Pass  Total
logreg        |    6      6
Test Summary: | Pass  Total
pmf           |    9      9
Test Summary: | Pass  Total
geometry      |    2      2
Test Summary: | Pass  Total
ippsampler    |    9      9
Test Summary: | Pass  Total
kernels       |    7      7
Test Summary: | Pass  Total
path          |    5      5
Test Summary: | Pass  Total
simulate      |   17     17
Test Summary: | Pass  Total
l_event       |    7      7
Test Summary: | Pass  Total
l_fgraph      |   14     14
Test Summary: | Pass  Total
l_sim         |   21     21
Test Summary: | Pass  Total
ex_gbps1      |    3      3
Test Summary: | Pass  Total
ex_genbps     |    2      2
Test Summary: | Pass  Total
ex_lbps1      |    1      1
    Testing PDSampler tests passed 
