Julia Version 1.5.2-pre.0
Commit c4acbf93fb (2020-08-26 10:58 UTC)
Platform Info:
  OS: Linux (x86_64-pc-linux-gnu)
  CPU: Intel(R) Xeon(R) Silver 4114 CPU @ 2.20GHz
  WORD_SIZE: 64
  LIBM: libopenlibm
  LLVM: libLLVM-9.0.1 (ORCJIT, skylake-avx512)
Environment:
  JULIA_DEPOT_PATH = ::/usr/local/share/julia
  JULIA_NUM_THREADS = 2

  Resolving package versions...
  Installed KrylovMethods ─ v0.6.0
  Installed ParSpMatVec ─── v0.1.1
  Installed jInv ────────── v1.0.0
Updating `~/.julia/environments/v1.5/Project.toml`
  [3dacf901] + jInv v1.0.0
Updating `~/.julia/environments/v1.5/Manifest.toml`
  [9a2cd570] + KrylovMethods v0.6.0
  [ccf9b6e2] + ParSpMatVec v0.1.1
  [3dacf901] + jInv v1.0.0
  [2a0f44e3] + Base64
  [ade2ca70] + Dates
  [8ba89e20] + Distributed
  [b77e0a4c] + InteractiveUtils
  [76f85450] + LibGit2
  [8f399da3] + Libdl
  [37e2e46d] + LinearAlgebra
  [56ddb016] + Logging
  [d6f4376e] + Markdown
  [44cfe95a] + Pkg
  [de0858da] + Printf
  [3fa0cd96] + REPL
  [9a3f8284] + Random
  [ea8e919c] + SHA
  [9e88b42a] + Serialization
  [6462fe0b] + Sockets
  [2f01184e] + SparseArrays
  [8dfed614] + Test
  [cf7118a7] + UUIDs
  [4ec0a83e] + Unicode
   Building ParSpMatVec → `~/.julia/packages/ParSpMatVec/Rtbqp/deps/build.log`
    Testing jInv
Status `/tmp/jl_l3BZEA/Project.toml`
  [9a2cd570] KrylovMethods v0.6.0
  [ccf9b6e2] ParSpMatVec v0.1.1
  [3dacf901] jInv v1.0.0
  [8ba89e20] Distributed
  [37e2e46d] LinearAlgebra
  [44cfe95a] Pkg
  [de0858da] Printf
  [2f01184e] SparseArrays
  [8dfed614] Test
Status `/tmp/jl_l3BZEA/Manifest.toml`
  [9a2cd570] KrylovMethods v0.6.0
  [ccf9b6e2] ParSpMatVec v0.1.1
  [3dacf901] jInv v1.0.0
  [2a0f44e3] Base64
  [ade2ca70] Dates
  [8ba89e20] Distributed
  [b77e0a4c] InteractiveUtils
  [76f85450] LibGit2
  [8f399da3] Libdl
  [37e2e46d] LinearAlgebra
  [56ddb016] Logging
  [d6f4376e] Markdown
  [44cfe95a] Pkg
  [de0858da] Printf
  [3fa0cd96] REPL
  [9a3f8284] Random
  [ea8e919c] SHA
  [9e88b42a] Serialization
  [6462fe0b] Sockets
  [2f01184e] SparseArrays
  [8dfed614] Test
  [cf7118a7] UUIDs
  [4ec0a83e] Unicode
/home/pkgeval/.julia/packages/ParSpMatVec/Rtbqp/deps/builds/ParSpMatVec
3-dimensional regular mesh of size [3, 4, 5]
Number of cells:   60
Number of faces:   [80, 75, 72] = 227
Number of edges:   [90, 96, 100] = 286
Number of nodes:   120
Coordinate origin: [1.2, 0.0, 0.0]
Domain size:       [1.2, 2.4, 0.0, 1.1, 0.0, 2.3]
Cell size:         [0.39999999999999997, 0.275, 0.45999999999999996]
2-dimensional regular mesh of size [3, 4]
Number of cells:   12
Number of faces:   [16, 15] = 31
Number of edges:   [15, 16] = 31
Number of nodes:   20
Coordinate origin: [1.2, 0.0]
Domain size:       [1.2, 2.4, 0.0, 1.1]
Cell size:         [0.39999999999999997, 0.275]
3-dimensional tensor mesh of size [4, 5, 6]
Number of cells:   120
Number of faces:   [150, 144, 140] = 434
Number of edges:   [168, 175, 180] = 523
Number of nodes:   210
Coordinate origin: [0.0, 0.0, 0.0]
Domain size:       2.8100646980056228m x 1.895497675241592m x 3.5705668596017146m
Minimum cell size: 0.37415479187410017m x 0.07771566727980295m x 0.051996401513859425m
Maximum cell size: 0.9372893886985827m x 0.7723430859369709m x 0.9733573450493773m
	test cell-centered axes...passed
	test nodal axes...passed
	test cell-centered grid...passed
	test nodal grid...passed
	test face grid...passed
	test edge grid...passed
	test volume...passed
	test area...passed
	test length...passed
	test counting...passed
	test nodal gradient matrix...passed
	test divergence matrix...passed
	test curl matrix...passed
	test face average matrix...passed
	test edge average matrix...passed
	testing differential operators for TensorMesh3D...passed!
	testing differential operators for RegularMesh...passed!
	testing differential operators for TensorMesh3D...passed!
   test getInterpolationMatrix (RegularMesh) ...  dim=2 dim=3 passed
   test getInterpolationMatrix (TensorMesh) ... passed
	testing nodal averaging for TensorMesh3D...passed!
	testing nodal averaging for RegularMesh...passed!
	testing nodal averaging for TensorMesh3D...passed!
	testing nodal averaging for RegularMesh...passed!
	testing boundary nodes for TensorMesh3D...passed!

	testing boundary nodes for RegularMesh...passed!

	testing boundary nodes for RegularMesh...passed!

	test getEdgeMassMatrix on RegularMesh
	test getNodalMassMatrix on RegularMesh
	test getFaceMassMatrix on RegularMesh
	test getEdgeMassMatrix on TensorMesh3D
	test getNodalMassMatrix on TensorMesh3D
	test getFaceMassMatrix on TensorMesh3D
	testing forward operators for RegularMesh...passed!
	testing forward operators for RegularMesh...passed!
	testing forward operators for RegularMesh...passed!
	testing forward operators for RegularMesh...passed!
	testing 2D elasticity operators for RegularMesh...passed!
	testing 3D elasticity operators for RegularMesh...passed!
WARNING: could not import Base.Test into Main
        h	       E0	       E1	       O1	       O2	  OK?
1.000e-01	1.303e-01	7.585e-17	0.000e+00	0.000e+00	    1
1.000e-02	1.303e-02	5.632e-17	1.000e+00	1.292e-01	    1
1.000e-03	1.303e-03	8.948e-17	1.000e+00	-2.010e-01	    1
1.000e-04	1.303e-04	1.447e-16	1.000e+00	-2.087e-01	    1
1.000e-05	1.303e-05	9.863e-17	1.000e+00	1.665e-01	    1
1.000e-06	1.303e-06	1.182e-16	1.000e+00	-7.856e-02	    1
1.000e-07	1.303e-07	9.289e-17	1.000e+00	1.046e-01	    1
1.000e-08	1.303e-08	1.133e-16	1.000e+00	-8.616e-02	    1
1.000e-09	1.303e-09	1.095e-16	1.000e+00	1.467e-02	    1
1.000e-10	1.303e-10	1.167e-16	1.000e+00	-2.772e-02	    1
        h	       E0	       E1	       O1	       O2	  OK?
1.000e-01	1.408e-01	5.341e-03	0.000e+00	0.000e+00	    0
1.000e-02	1.456e-02	5.341e-05	9.854e-01	2.000e+00	    1
1.000e-03	1.461e-03	5.341e-07	9.986e-01	2.000e+00	    1
1.000e-04	1.462e-04	5.341e-09	9.999e-01	2.000e+00	    1
1.000e-05	1.462e-05	5.341e-11	1.000e+00	2.000e+00	    1
1.000e-06	1.462e-06	5.339e-13	1.000e+00	2.000e+00	    1
1.000e-07	1.462e-07	5.365e-15	1.000e+00	1.998e+00	    1
1.000e-08	1.462e-08	0.000e+00	1.000e+00	Inf	    1
1.000e-09	1.462e-09	1.341e-16	1.000e+00	-Inf	    1
1.000e-10	1.462e-10	1.341e-16	1.000e+00	0.000e+00	    1
        h	       E0	       E1	       O1	       O2	  OK?
1.000e-01	1.045e-01	3.975e-03	0.000e+00	0.000e+00	    0
1.000e-02	1.078e-02	3.975e-05	9.865e-01	2.000e+00	    1
1.000e-03	1.081e-03	3.975e-07	9.987e-01	2.000e+00	    1
1.000e-04	1.081e-04	3.975e-09	9.999e-01	2.000e+00	    1
1.000e-05	1.081e-05	3.975e-11	1.000e+00	2.000e+00	    1
1.000e-06	1.081e-06	3.975e-13	1.000e+00	2.000e+00	    1
1.000e-07	1.081e-07	3.941e-15	1.000e+00	2.004e+00	    1
1.000e-08	1.081e-08	1.151e-16	1.000e+00	1.534e+00	    1
1.000e-09	1.081e-09	9.118e-17	1.000e+00	1.013e-01	    1
1.000e-10	1.081e-10	1.361e-16	1.000e+00	-1.739e-01	    1

 i.LS	       F	       R	alpha[1]	   Jc/J0	 #Active
  1.0	1.62e+02	0.00e+00	1.00e+00	1.00e+00	  0
   .1	5.22e+00	5.35e+00			6.54e-02
  2.0	5.22e+00	5.35e+00	1.00e+00	6.54e-02	  1
   .1	3.88e+00	5.98e+00			6.09e-02
  3.0	3.88e+00	5.98e+00	1.00e+00	6.09e-02	  0
   .1	3.89e+00	5.95e+00			6.08e-02
  4.0	3.89e+00	5.95e+00	1.00e+00	6.08e-02	  0
   .1	3.89e+00	5.95e+00			6.08e-02
  5.0	3.89e+00	5.95e+00	1.00e+00	6.08e-02	  0
   .1	3.89e+00	5.95e+00			6.08e-02
projGN iterated maxIter=5 times but reached only stepNorm of 0.0003046871892756764 instead 0.0001.

 i.LS	       F	       R	alpha[1]	   Jc/J0	 #Active
  1.0	1.62e+02	0.00e+00	1.00e+00	1.00e+00	  0
   .1	5.22e+00	5.35e+00			6.54e-02
  2.0	5.22e+00	5.35e+00	1.00e+00	6.54e-02	  1
   .1	3.88e+00	5.98e+00			6.09e-02
  3.0	3.88e+00	5.98e+00	1.00e+00	6.09e-02	  0
   .1	3.89e+00	5.95e+00			6.08e-02
  4.0	3.89e+00	5.95e+00	1.00e+00	6.08e-02	  0
   .1	3.89e+00	5.95e+00			6.08e-02
  5.0	3.89e+00	5.95e+00	1.00e+00	6.08e-02	  0
   .1	3.89e+00	5.95e+00			6.08e-02
projGN iterated maxIter=5 times but reached only stepNorm of 0.0003046871892756764 instead 0.0001.

 i.LS	       F	       R	alpha[1]	   Jc/J0	 #Active
  1.0	2.34e+01	0.00e+00	1.00e+00	1.00e+00	  0
   .1	1.62e+00	3.06e+00			2.00e-01
  2.0	1.62e+00	3.06e+00	1.00e+00	2.00e-01	  0
   .1	1.44e+00	3.16e+00			1.97e-01
  3.0	1.44e+00	3.16e+00	1.00e+00	1.97e-01	  0
   .1	1.44e+00	3.16e+00			1.97e-01
  4.0	1.44e+00	3.16e+00	1.00e+00	1.97e-01	  0
   .1	1.44e+00	3.16e+00			1.97e-01
  5.0	1.44e+00	3.16e+00	1.00e+00	1.97e-01	  0
   .1	1.44e+00	3.16e+00			1.97e-01
projGN reached desired accuracy at iteration 5.
projGN reached desired accuracy at iteration 5.

 i.LS	       F	       R	alpha[1]	   Jc/J0	 #Active
  1.0	2.34e+01	0.00e+00	1.00e+00	1.00e+00	  0
   .1	1.62e+00	3.07e+00			2.01e-01
  2.0	1.62e+00	3.07e+00	1.00e+00	2.01e-01	  0
   .1	1.42e+00	3.18e+00			1.97e-01
  3.0	1.42e+00	3.18e+00	1.00e+00	1.97e-01	  0
   .1	1.44e+00	3.16e+00			1.97e-01
  4.0	1.44e+00	3.16e+00	1.00e+00	1.97e-01	  0
   .1	1.44e+00	3.16e+00			1.97e-01
  5.0	1.44e+00	3.16e+00	1.00e+00	1.97e-01	  0
   .1	1.44e+00	3.16e+00			1.97e-01
projGN iterated maxIter=5 times but reached only stepNorm of 0.00024078112969583287 instead 0.0001.
projGN iterated maxIter=5 times but reached only stepNorm of 0.00024078112969583287 instead 0.0001.
Starting projGNCG minimization with alpha 1 of 3.0
alpha = 100.0

 i.LS	       F	       R	alpha[1]	   Jc/J0	 #Active
  1.0	2.34e+01	0.00e+00	1.00e+02	1.00e+00	  0
   .1	2.11e+01	1.09e+00			9.51e-01
  2.0	2.11e+01	1.09e+00	1.00e+02	9.51e-01	  0
   .1	2.11e+01	1.09e+00			9.51e-01
projGN iterated maxIter=2 times but reached only stepNorm of 0.0003132085225300788 instead 0.0001.
[23.39423229889188, 21.14649683225933, 21.146486913710703]
Starting projGNCG minimization with alpha 2 of 3.0
alpha = 10.0

 i.LS	       F	       R	alpha[1]	   Jc/J0	 #Active
  1.0	2.11e+01	0.00e+00	1.00e+01	1.00e+00	  0
   .1	9.69e+00	4.48e+00			6.70e-01
  2.0	9.69e+00	4.48e+00	1.00e+01	6.70e-01	  0
   .1	9.70e+00	4.47e+00			6.70e-01
projGN iterated maxIter=2 times but reached only stepNorm of 0.0017939353286634263 instead 0.0001.
[21.146486913710703, 9.694792227901779, 9.697428474950655]
iteratedTikhonov exiting after reaching desired misfit
Starting projGNCG minimization with alpha 1 of 3.0
alpha = 100.0

 i.LS	       F	       R	alpha[1]	   Jc/J0	 #Active
  1.0	2.34e+01	0.00e+00	1.00e+02	1.00e+00	  0
   .1	2.11e+01	1.09e+00			9.51e-01
  2.0	2.11e+01	1.09e+00	1.00e+02	9.51e-01	  0
   .1	2.11e+01	1.09e+00			9.51e-01
projGN iterated maxIter=2 times but reached only stepNorm of 0.0003132085225300788 instead 0.0001.
[23.39423229889188, 21.14649683225933, 21.146486913710703]
Starting projGNCG minimization with alpha 2 of 3.0
alpha = 10.0

 i.LS	       F	       R	alpha[1]	   Jc/J0	 #Active
  1.0	2.11e+01	0.00e+00	1.00e+01	1.00e+00	  0
   .1	9.69e+00	4.48e+00			6.70e-01
  2.0	9.69e+00	4.48e+00	1.00e+01	6.70e-01	  0
   .1	9.70e+00	4.47e+00			6.70e-01
projGN iterated maxIter=2 times but reached only stepNorm of 0.0017939353286634263 instead 0.0001.
[21.146486913710703, 9.694792227901779, 9.697428474950655]
iteratedTikhonov exiting after reaching desired misfit
i.LS	       F	       R	alpha[1]	   Jc/J0	 #Active
  1.0	2.34e+01	5.98e-01	1.00e+00	1.00e+00	  0
   .1	5.62e+00	9.32e+00			6.22e-01
  2.0	5.62e+00	9.32e+00	1.00e+00	6.22e-01	  1
   .1	1.05e+01	3.91e+00			5.99e-01
  3.0	1.05e+01	3.91e+00	1.00e+00	5.99e-01	  0
   .1	3.85e+00	5.61e+00			3.95e-01
  4.0	3.85e+00	5.61e+00	1.00e+00	3.95e-01	  1
   .1	8.06e+00	8.73e+00			7.00e-01
   .2	4.46e+00	1.40e+00			2.44e-01
  5.0	4.46e+00	1.40e+00	1.00e+00	2.44e-01	  0
   .1	3.76e+00	1.50e+01			7.82e-01
   .2	2.68e+00	4.32e+00			2.92e-01
   .3	3.14e+00	1.60e+00			1.98e-01
  6.0	3.14e+00	1.60e+00	1.00e+00	1.98e-01	  0
   .1	4.80e+00	9.72e+00			6.05e-01
   .2	3.23e+00	2.37e+00			2.33e-01
   .3	3.00e+00	1.16e+00			1.73e-01
  7.0	3.00e+00	1.16e+00	1.00e+00	1.73e-01	  0
   .1	3.25e+00	1.31e+01			6.82e-01
   .2	2.06e+00	3.92e+00			2.49e-01
   .3	2.22e+00	1.59e+00			1.59e-01
  8.0	2.22e+00	1.59e+00	1.00e+00	1.59e-01	  0
   .1	6.45e+00	1.71e+01			9.83e-01
   .2	3.09e+00	3.79e+00			2.87e-01
   .3	2.34e+00	1.30e+00			1.52e-01
  9.0	2.34e+00	1.30e+00	1.00e+00	1.52e-01	  0
   .1	4.57e+00	2.17e+01			1.10e+00
   .2	2.11e+00	5.79e+00			3.29e-01
   .3	1.76e+00	1.85e+00			1.50e-01
 10.0	1.76e+00	1.85e+00	1.00e+00	1.50e-01	  0
   .1	9.06e+00	2.84e+01			1.56e+00
   .2	3.31e+00	5.97e+00			3.87e-01
   .3	2.00e+00	1.56e+00			1.48e-01
 11.0	2.00e+00	1.56e+00	1.00e+00	1.48e-01	  0
   .1	4.96e+00	2.40e+01			1.21e+00
   .2	2.05e+00	5.98e+00			3.34e-01
   .3	1.52e+00	1.75e+00			1.36e-01
 12.0	1.52e+00	1.75e+00	1.00e+00	1.36e-01	  0
   .1	8.39e+00	2.78e+01			1.51e+00
   .2	3.01e+00	6.15e+00			3.82e-01
   .3	1.77e+00	1.68e+00			1.44e-01
   .4	1.52e+00	1.15e+00			1.11e-01
 13.0	1.52e+00	1.15e+00	1.00e+00	1.11e-01	  0
   .1	1.19e+00	1.65e+00			1.18e-01
   .2	1.32e+00	1.29e+00			1.09e-01
 14.0	1.32e+00	1.29e+00	1.00e+00	1.09e-01	  0
   .1	2.11e+00	4.77e+00			2.87e-01
   .2	1.47e+00	1.86e+00			1.39e-01
   .3	1.33e+00	1.28e+00			1.09e-01
   .4	1.31e+00	1.21e+00			1.05e-01
 15.0	1.31e+00	1.21e+00	1.00e+00	1.05e-01	  0
   .1	1.12e+00	1.38e+00			1.04e-01
 16.0	1.12e+00	1.38e+00	1.00e+00	1.04e-01	  0
   .1	1.88e+00	4.24e+00			2.55e-01
   .2	1.29e+00	1.85e+00			1.31e-01
   .3	1.16e+00	1.37e+00			1.05e-01
   .4	1.12e+00	1.32e+00			1.02e-01
 17.0	1.12e+00	1.32e+00	1.00e+00	1.02e-01	  0
   .1	1.07e+00	1.42e+00			1.04e-01
   .2	1.09e+00	1.35e+00			1.02e-01
   .3	1.11e+00	1.33e+00			1.02e-01
 18.0	1.11e+00	1.33e+00	1.00e+00	1.02e-01	  0
   .1	1.11e+00	1.41e+00			1.05e-01
   .2	1.10e+00	1.35e+00			1.02e-01
   .3	1.10e+00	1.33e+00			1.02e-01
 19.0	1.10e+00	1.33e+00	1.00e+00	1.02e-01	  0
   .1	1.06e+00	1.50e+00			1.07e-01
   .2	1.08e+00	1.38e+00			1.02e-01
   .3	1.09e+00	1.35e+00			1.02e-01
 20.0	1.09e+00	1.35e+00	1.00e+00	1.02e-01	  0
   .1	1.14e+00	1.50e+00			1.10e-01
   .2	1.10e+00	1.37e+00			1.03e-01
   .3	1.09e+00	1.35e+00			1.02e-01
   .4	1.09e+00	1.34e+00			1.01e-01
projSD iterated maxIter=20 times but reached only stepNorm of 0.008408548666044069 instead 0.0001.
projSD iterated maxIter=20 times but reached only stepNorm of 0.008408548666044069 instead 0.0001.
---jInv.InverseSolve.InverseParam---
inverse mesh type:    RegularMesh
number of cells:      1024
model function:       fMod
maxStep:              1.0
pcgMaxIter:           10
pcgTol:               0.1
minUpdate:            0.0001
maxIter:              10
===  Example 2D DivSigGrad ====
cg achieved desired tolerance at iteration 3. Residual norm is 1.18e-06.
bcgstb achieved desired tolerance at iteration 1.5. Residual norm is 3.18e-06.
===  Test for nonsymmetric matrices ====
===  Example 2D DivSigGrad ====
blockCG achieved desired tolerance at iteration 1. Residual norm is 4.37e-06.
blockBiCGSTB achieved desired tolerance at iteration 0.5. Residual norm is 3.93e-06.
===  Test for nonsymmetric matrices ====
===  Test Julia wrapper with symmetric (real) matrix ====
nrhs=1, issparse(rhs)=false : sym=0, sym=1, sym=2, 
nrhs=1, issparse(rhs)=true : sym=0, sym=1, sym=2, 
nrhs=3, issparse(rhs)=false : sym=0, sym=1, sym=2, 
nrhs=3, issparse(rhs)=true : sym=0, sym=1, sym=2, 


===  Test Julia wrapper with shifted (complex) Laplacian ====
nrhs=1, issparse(rhs)=false : sym=0, sym=1, sym=2, 
nrhs=1, issparse(rhs)=true : sym=0, sym=1, sym=2, 
nrhs=3, issparse(rhs)=false : sym=0, sym=1, sym=2, 
nrhs=3, issparse(rhs)=true : sym=0, sym=1, sym=2, 


===  Test Julia Wrapper: nonsymmetric matrices ====
===  End Test Julia Wrapper ====
Test Summary: | Pass  Total
jInv          |  282    282
    Testing jInv tests passed 
