Julia Version 1.5.1-pre.28
Commit 0d71d8cd8b (2020-08-14 20:35 UTC)
Platform Info:
  OS: Linux (x86_64-linux-gnu)
  CPU: Intel(R) Xeon(R) Silver 4114 CPU @ 2.20GHz
  WORD_SIZE: 64
  LIBM: libopenlibm
  LLVM: libLLVM-9.0.1 (ORCJIT, skylake-avx512)
Environment:
  JULIA_DEPOT_PATH = ::/usr/local/share/julia
  JULIA_NUM_THREADS = 2

  Resolving package versions...
  Installed CodecZlib ────────── v0.7.0
  Installed Libiconv_jll ─────── v1.16.0+5
  Installed JLD2 ─────────────── v0.1.14
  Installed TranscodingStreams ─ v0.9.5
  Installed OrderedCollections ─ v1.3.0
  Installed FileIO ───────────── v1.4.1
  Installed FEHM ─────────────── v0.2.0
  Installed HDF5 ─────────────── v0.13.4
  Installed Zlib_jll ─────────── v1.2.11+15
  Installed Zstd_jll ─────────── v1.4.5+0
  Installed Blosc_jll ────────── v1.14.3+1
  Installed FillArrays ───────── v0.9.4
  Installed HDF5_jll ─────────── v1.10.5+5
  Installed Lz4_jll ──────────── v1.9.2+2
  Installed DocumentFunction ─── v0.6.0
  Installed WriteVTK ─────────── v1.7.3
  Installed DataStructures ───── v0.17.20
  Installed LightXML ─────────── v0.9.0
  Installed Blosc ────────────── v0.7.0
  Installed XML2_jll ─────────── v2.9.10+1
  Installed JLD ──────────────── v0.10.0
Updating `~/.julia/environments/v1.5/Project.toml`
  [08f7bda6] + FEHM v0.2.0
Updating `~/.julia/environments/v1.5/Manifest.toml`
  [a74b3585] + Blosc v0.7.0
  [0b7ba130] + Blosc_jll v1.14.3+1
  [944b1d66] + CodecZlib v0.7.0
  [864edb3b] + DataStructures v0.17.20
  [e1f3b4f0] + DocumentFunction v0.6.0
  [08f7bda6] + FEHM v0.2.0
  [5789e2e9] + FileIO v1.4.1
  [1a297f60] + FillArrays v0.9.4
  [f67ccb44] + HDF5 v0.13.4
  [0234f1f7] + HDF5_jll v1.10.5+5
  [4138dd39] + JLD v0.10.0
  [033835bb] + JLD2 v0.1.14
  [94ce4f54] + Libiconv_jll v1.16.0+5
  [9c8b4983] + LightXML v0.9.0
  [5ced341a] + Lz4_jll v1.9.2+2
  [bac558e1] + OrderedCollections v1.3.0
  [3bb67fe8] + TranscodingStreams v0.9.5
  [64499a7a] + WriteVTK v1.7.3
  [02c8fc9c] + XML2_jll v2.9.10+1
  [83775a58] + Zlib_jll v1.2.11+15
  [3161d3a3] + Zstd_jll v1.4.5+0
  [2a0f44e3] + Base64
  [ade2ca70] + Dates
  [8ba89e20] + Distributed
  [b77e0a4c] + InteractiveUtils
  [76f85450] + LibGit2
  [8f399da3] + Libdl
  [37e2e46d] + LinearAlgebra
  [56ddb016] + Logging
  [d6f4376e] + Markdown
  [a63ad114] + Mmap
  [44cfe95a] + Pkg
  [de0858da] + Printf
  [3fa0cd96] + REPL
  [9a3f8284] + Random
  [ea8e919c] + SHA
  [9e88b42a] + Serialization
  [6462fe0b] + Sockets
  [2f01184e] + SparseArrays
  [8dfed614] + Test
  [cf7118a7] + UUIDs
  [4ec0a83e] + Unicode
   Building HDF5 → `~/.julia/packages/HDF5/cvKpY/deps/build.log`
    Testing FEHM
Status `/tmp/jl_lgRmyS/Project.toml`
  [e1f3b4f0] DocumentFunction v0.6.0
  [08f7bda6] FEHM v0.2.0
  [5789e2e9] FileIO v1.4.1
  [4138dd39] JLD v0.10.0
  [033835bb] JLD2 v0.1.14
  [64499a7a] WriteVTK v1.7.3
Status `/tmp/jl_lgRmyS/Manifest.toml`
  [a74b3585] Blosc v0.7.0
  [0b7ba130] Blosc_jll v1.14.3+1
  [944b1d66] CodecZlib v0.7.0
  [864edb3b] DataStructures v0.17.20
  [e1f3b4f0] DocumentFunction v0.6.0
  [08f7bda6] FEHM v0.2.0
  [5789e2e9] FileIO v1.4.1
  [1a297f60] FillArrays v0.9.4
  [f67ccb44] HDF5 v0.13.4
  [0234f1f7] HDF5_jll v1.10.5+5
  [4138dd39] JLD v0.10.0
  [033835bb] JLD2 v0.1.14
  [94ce4f54] Libiconv_jll v1.16.0+5
  [9c8b4983] LightXML v0.9.0
  [5ced341a] Lz4_jll v1.9.2+2
  [bac558e1] OrderedCollections v1.3.0
  [3bb67fe8] TranscodingStreams v0.9.5
  [64499a7a] WriteVTK v1.7.3
  [02c8fc9c] XML2_jll v2.9.10+1
  [83775a58] Zlib_jll v1.2.11+15
  [3161d3a3] Zstd_jll v1.4.5+0
  [2a0f44e3] Base64
  [ade2ca70] Dates
  [8ba89e20] Distributed
  [b77e0a4c] InteractiveUtils
  [76f85450] LibGit2
  [8f399da3] Libdl
  [37e2e46d] LinearAlgebra
  [56ddb016] Logging
  [d6f4376e] Markdown
  [a63ad114] Mmap
  [44cfe95a] Pkg
  [de0858da] Printf
  [3fa0cd96] REPL
  [9a3f8284] Random
  [ea8e919c] SHA
  [9e88b42a] Serialization
  [6462fe0b] Sockets
  [2f01184e] SparseArrays
  [8dfed614] Test
  [cf7118a7] UUIDs
  [4ec0a83e] Unicode
ERROR: LoadError: syntax: invalid escape sequence
Stacktrace:
 [1] top-level scope at /home/pkgeval/.julia/packages/FEHM/BD5wp/src/FEHM.jl:139
 [2] include(::Function, ::Module, ::String) at ./Base.jl:380
 [3] include(::Module, ::String) at ./Base.jl:368
 [4] top-level scope at none:2
 [5] eval at ./boot.jl:331 [inlined]
 [6] eval(::Expr) at ./client.jl:467
 [7] top-level scope at ./none:3
in expression starting at /home/pkgeval/.julia/packages/FEHM/BD5wp/src/FEHM.jl:139
ERROR: LoadError: Failed to precompile FEHM [08f7bda6-d19a-5869-bd1c-a698fdb2a278] to /home/pkgeval/.julia/compiled/v1.5/FEHM/xluHv_YIXkF.ji.
Stacktrace:
 [1] error(::String) at ./error.jl:33
 [2] compilecache(::Base.PkgId, ::String) at ./loading.jl:1305
 [3] _require(::Base.PkgId) at ./loading.jl:1030
 [4] require(::Base.PkgId) at ./loading.jl:928
 [5] require(::Module, ::Symbol) at ./loading.jl:923
 [6] include(::String) at ./client.jl:457
 [7] top-level scope at none:6
in expression starting at /home/pkgeval/.julia/packages/FEHM/BD5wp/test/runtests.jl:1
ERROR: Package FEHM errored during testing
Stacktrace:
 [1] pkgerror(::String) at /workspace/srcdir/usr/share/julia/stdlib/v1.5/Pkg/src/Types.jl:52
 [2] test(::Pkg.Types.Context, ::Array{Pkg.Types.PackageSpec,1}; coverage::Bool, julia_args::Cmd, test_args::Cmd, test_fn::Nothing) at /workspace/srcdir/usr/share/julia/stdlib/v1.5/Pkg/src/Operations.jl:1566
 [3] test(::Pkg.Types.Context, ::Array{Pkg.Types.PackageSpec,1}; coverage::Bool, test_fn::Nothing, julia_args::Cmd, test_args::Cmd, kwargs::Base.Iterators.Pairs{Union{},Union{},Tuple{},NamedTuple{(),Tuple{}}}) at /workspace/srcdir/usr/share/julia/stdlib/v1.5/Pkg/src/API.jl:328
 [4] test(::Pkg.Types.Context, ::Array{Pkg.Types.PackageSpec,1}) at /workspace/srcdir/usr/share/julia/stdlib/v1.5/Pkg/src/API.jl:315
 [5] #test#61 at /workspace/srcdir/usr/share/julia/stdlib/v1.5/Pkg/src/API.jl:67 [inlined]
 [6] test at /workspace/srcdir/usr/share/julia/stdlib/v1.5/Pkg/src/API.jl:67 [inlined]
 [7] #test#60 at /workspace/srcdir/usr/share/julia/stdlib/v1.5/Pkg/src/API.jl:66 [inlined]
 [8] test at /workspace/srcdir/usr/share/julia/stdlib/v1.5/Pkg/src/API.jl:66 [inlined]
 [9] test(::String; kwargs::Base.Iterators.Pairs{Union{},Union{},Tuple{},NamedTuple{(),Tuple{}}}) at /workspace/srcdir/usr/share/julia/stdlib/v1.5/Pkg/src/API.jl:65
 [10] test(::String) at /workspace/srcdir/usr/share/julia/stdlib/v1.5/Pkg/src/API.jl:65
 [11] top-level scope at none:16
