Julia Version 1.4.0
Commit b8e9a9ecc6 (2020-03-21 16:36 UTC)
Platform Info:
  OS: Linux (x86_64-linux-gnu)
  CPU: Intel(R) Xeon(R) Silver 4114 CPU @ 2.20GHz
  WORD_SIZE: 64
  LIBM: libopenlibm
  LLVM: libLLVM-8.0.1 (ORCJIT, skylake)
Environment:
  JULIA_DEPOT_PATH = ::/usr/local/share/julia
  JULIA_NUM_THREADS = 2

  Resolving package versions...
  Installed Adapt ────────────── v1.0.1
  Installed AbstractFFTs ─────── v0.5.0
  Installed OrderedCollections ─ v1.1.0
  Installed Primes ───────────── v0.4.0
  Installed LRUCache ─────────── v1.1.0
  Installed MacroTools ───────── v0.5.5
  Installed BinaryProvider ───── v0.5.8
  Installed TensorKit ────────── v0.2.2
  Installed CEnum ────────────── v0.2.0
  Installed Requires ─────────── v1.0.1
  Installed DataStructures ───── v0.17.11
  Installed GPUArrays ────────── v2.0.1
  Installed Strided ──────────── v0.3.3
  Installed LLVM ─────────────── v1.3.4
  Installed TupleTools ───────── v1.2.0
  Installed TensorOperations ─── v2.1.4
  Installed RationalRoots ────── v0.1.0
  Installed TimerOutputs ─────── v0.5.3
  Installed CUDAapi ──────────── v3.1.0
  Installed CuArrays ─────────── v1.7.3
  Installed CUDAnative ───────── v2.10.2
  Installed WignerSymbols ────── v1.1.0
  Installed HalfIntegers ─────── v1.1.0
  Installed CUDAdrv ──────────── v6.0.0
  Installed NNlib ────────────── v0.6.6
   Updating `~/.julia/environments/v1.4/Project.toml`
  [07d1fe3e] + TensorKit v0.2.2
   Updating `~/.julia/environments/v1.4/Manifest.toml`
  [621f4979] + AbstractFFTs v0.5.0
  [79e6a3ab] + Adapt v1.0.1
  [b99e7846] + BinaryProvider v0.5.8
  [fa961155] + CEnum v0.2.0
  [3895d2a7] + CUDAapi v3.1.0
  [c5f51814] + CUDAdrv v6.0.0
  [be33ccc6] + CUDAnative v2.10.2
  [3a865a2d] + CuArrays v1.7.3
  [864edb3b] + DataStructures v0.17.11
  [0c68f7d7] + GPUArrays v2.0.1
  [f0d1745a] + HalfIntegers v1.1.0
  [929cbde3] + LLVM v1.3.4
  [8ac3fa9e] + LRUCache v1.1.0
  [1914dd2f] + MacroTools v0.5.5
  [872c559c] + NNlib v0.6.6
  [bac558e1] + OrderedCollections v1.1.0
  [27ebfcd6] + Primes v0.4.0
  [308eb6b3] + RationalRoots v0.1.0
  [ae029012] + Requires v1.0.1
  [5e0ebb24] + Strided v0.3.3
  [07d1fe3e] + TensorKit v0.2.2
  [6aa20fa7] + TensorOperations v2.1.4
  [a759f4b9] + TimerOutputs v0.5.3
  [9d95972d] + TupleTools v1.2.0
  [9f57e263] + WignerSymbols v1.1.0
  [2a0f44e3] + Base64 
  [8ba89e20] + Distributed 
  [b77e0a4c] + InteractiveUtils 
  [8f399da3] + Libdl 
  [37e2e46d] + LinearAlgebra 
  [56ddb016] + Logging 
  [d6f4376e] + Markdown 
  [de0858da] + Printf 
  [9a3f8284] + Random 
  [ea8e919c] + SHA 
  [9e88b42a] + Serialization 
  [6462fe0b] + Sockets 
  [2f01184e] + SparseArrays 
  [10745b16] + Statistics 
  [8dfed614] + Test 
  [cf7118a7] + UUIDs 
  [4ec0a83e] + Unicode 
   Building NNlib → `~/.julia/packages/NNlib/FAI3o/deps/build.log`
    Testing TensorKit
Status `/tmp/jl_vNTjo6/Manifest.toml`
  [621f4979] AbstractFFTs v0.5.0
  [79e6a3ab] Adapt v1.0.1
  [b99e7846] BinaryProvider v0.5.8
  [fa961155] CEnum v0.2.0
  [3895d2a7] CUDAapi v3.1.0
  [c5f51814] CUDAdrv v6.0.0
  [be33ccc6] CUDAnative v2.10.2
  [861a8166] Combinatorics v1.0.0
  [3a865a2d] CuArrays v1.7.3
  [864edb3b] DataStructures v0.17.11
  [0c68f7d7] GPUArrays v2.0.1
  [f0d1745a] HalfIntegers v1.1.0
  [929cbde3] LLVM v1.3.4
  [8ac3fa9e] LRUCache v1.1.0
  [1914dd2f] MacroTools v0.5.5
  [872c559c] NNlib v0.6.6
  [bac558e1] OrderedCollections v1.1.0
  [f27b6e38] Polynomials v0.6.1
  [27ebfcd6] Primes v0.4.0
  [308eb6b3] RationalRoots v0.1.0
  [3cdcf5f2] RecipesBase v0.8.0
  [ae029012] Requires v1.0.1
  [5e0ebb24] Strided v0.3.3
  [07d1fe3e] TensorKit v0.2.2
  [6aa20fa7] TensorOperations v2.1.4
  [a759f4b9] TimerOutputs v0.5.3
  [9d95972d] TupleTools v1.2.0
  [9f57e263] WignerSymbols v1.1.0
  [2a0f44e3] Base64 
  [8ba89e20] Distributed 
  [b77e0a4c] InteractiveUtils 
  [8f399da3] Libdl 
  [37e2e46d] LinearAlgebra 
  [56ddb016] Logging 
  [d6f4376e] Markdown 
  [de0858da] Printf 
  [9a3f8284] Random 
  [ea8e919c] SHA 
  [9e88b42a] Serialization 
  [6462fe0b] Sockets 
  [2f01184e] SparseArrays 
  [10745b16] Statistics 
  [8dfed614] Test 
  [cf7118a7] UUIDs 
  [4ec0a83e] Unicode 
------------------------------------
Sectors
------------------------------------
Test Summary:           | Pass  Total  Time: 30.8
Properties of sector ℤ₂ |   67     67
Test Summary:           | Pass  Total  Time: 1.35
Properties of sector ℤ₃ |  217    217
Test Summary:           | Pass  Total  Time: 1.43
Properties of sector ℤ₄ |  551    551
Test Summary:           | Pass  Total  Time: 1.72
Properties of sector U₁ | 1192   1192
Test Summary:            | Pass  Total  Time: 6.48
Properties of sector CU₁ | 4844   4844
Test Summary:            |  Pass  Total  Time: 17.9
Properties of sector SU₂ | 50888  50888
Test Summary:                       | Pass  Total  Time: 2.1
Properties of sector FibonacciAnyon |  104    104
Test Summary:                  | Pass  Total  Time: 3.04
Properties of sector (ℤ₃ × ℤ₄) | 2239   2239
Test Summary:                   |   Pass   Total  Time: 39.3
Properties of sector (U₁ × SU₂) | 156866  156866
Test Summary:                    |  Pass  Total  Time: 31.3
Properties of sector (SU₂ × SU₂) | 72597  72597
Test Summary:                                               |  Pass  Total  Time: 5.73
Properties of sector (ℤ₂ × FibonacciAnyon × FibonacciAnyon) | 18333  18333
Finished sector tests in 152.0 seconds.
------------------------------------
Fusion Trees
------------------------------------
Test Summary:              | Pass  Total  Time: 74.5
Fusion trees for sector ℤ₂ |   86     86
Test Summary:              | Pass  Total  Time: 20.6
Fusion trees for sector ℤ₃ |   86     86
Test Summary:              | Pass  Total  Time: 21.8
Fusion trees for sector ℤ₄ |   86     86
Test Summary:              | Pass  Total  Time: 20.1
Fusion trees for sector U₁ |   86     86
Test Summary:               | Pass  Total  Time: 45.3
Fusion trees for sector CU₁ |  159    159
Test Summary:               | Pass  Total  Time: 63.9
Fusion trees for sector SU₂ | 1140   1140
Test Summary:                          | Pass  Total  Time: 18.5
Fusion trees for sector FibonacciAnyon |   83     83
Test Summary:                     | Pass  Total  Time: 20.6
Fusion trees for sector (ℤ₃ × ℤ₄) |   74     74
Test Summary:                      | Pass  Total  Time: 38.2
Fusion trees for sector (U₁ × SU₂) |  205    205
Test Summary:                       | Pass  Total  Time: 38.8
Fusion trees for sector (SU₂ × SU₂) |  157    157
Test Summary:                                                  | Pass  Total  Time: 26.5
Fusion trees for sector (ℤ₂ × FibonacciAnyon × FibonacciAnyon) |   65     65
Finished fusion tree tests in 390.0 seconds.
------------------------------------
Fields and vector spaces
------------------------------------
Test Summary: | Pass  Total  Time: 0.375
Fields        |  106    106
Test Summary:                   | Pass  Total  Time: 0.22
ElementarySpace: CartesianSpace |   19     19
Test Summary:                 | Pass  Total  Time: 0.251
ElementarySpace: ComplexSpace |   21     21
Test Summary:                 | Pass  Total  Time: 0.245
ElementarySpace: GeneralSpace |   13     13
Test Summary:                            | Pass  Total  Time: 2.57
ElementarySpace: RepresentationSpace{ℤ₂} |   34     34
Test Summary:                            | Pass  Total  Time: 2.6
ElementarySpace: RepresentationSpace{ℤ₃} |   34     34
Test Summary:                            | Pass  Total  Time: 2.57
ElementarySpace: RepresentationSpace{ℤ₄} |   34     34
Test Summary:                            | Pass  Total  Time: 2.89
ElementarySpace: RepresentationSpace{U₁} |   34     34
Test Summary:                             | Pass  Total  Time: 3.14
ElementarySpace: RepresentationSpace{CU₁} |   34     34
Test Summary:                             | Pass  Total  Time: 3.32
ElementarySpace: RepresentationSpace{SU₂} |   34     34
Test Summary:                                        | Pass  Total  Time: 2.31
ElementarySpace: RepresentationSpace{FibonacciAnyon} |   33     33
Test Summary:                                   | Pass  Total  Time: 3.1
ElementarySpace: RepresentationSpace{(ℤ₃ × ℤ₄)} |   34     34
Test Summary:                                    | Pass  Total  Time: 3.28
ElementarySpace: RepresentationSpace{(U₁ × SU₂)} |   34     34
Test Summary:                                     | Pass  Total  Time: 3.2
ElementarySpace: RepresentationSpace{(SU₂ × SU₂)} |   34     34
Test Summary:                                                                | Pass  Total  Time: 3.04
ElementarySpace: RepresentationSpace{(ℤ₂ × FibonacciAnyon × FibonacciAnyon)} |   33     33
Finished vector space tests in 35.1 seconds.
------------------------------------
Tensors with symmetry: Trivial
------------------------------------
Test Summary:           | Pass  Total  Time: 5.3
Basic tensor properties |   36     36
Test Summary:          | Pass  Total  Time: 3.13
Tensor Dict conversion |    3      3
Test Summary:        | Pass  Total  Time: 7.36
Basic linear algebra |   30     30
Test Summary:                             | Pass  Total  Time: 4.89
Basic linear algebra: test via conversion |    8      8
Test Summary:                                   | Pass  Total  Time: 9.8
Permutations: test via inner product invariance | 1440   1440
Test Summary:                     | Pass  Total  Time: 1.67
Permutations: test via conversion | 1440   1440
Test Summary:                     | Pass  Total  Time: 11.8
Full trace: test self-consistency |    3      3
Test Summary:                        | Pass  Total  Time: 8.59
Partial trace: test self-consistency |    1      1
Test Summary:              | Pass  Total  Time: 5.62
Trace: test via conversion |    1      1
Test Summary:         | Pass  Total  Time: 14.6
Trace and contraction |    1      1
Test Summary:                           | Pass  Total  Time: 50.0
Tensor contraction: test via conversion |    1      1
Test Summary:                                  | Pass  Total  Time: 26.9
Multiplication and inverse: test compatibility |   16     16
Test Summary:                                   | Pass  Total  Time: 48.6
Multiplication and inverse: test via conversion |   40     40
Test Summary: | Pass  Total  Time: 76.6
Factorization |  286    286
Test Summary:     | Pass  Total  Time: 14.1
Tensor truncation |   64     64
Test Summary:  | Pass  Total  Time: 8.35
Exponentiation |    2      2
Test Summary:                              | Pass  Total  Time: 4.61
Tensor product: test via norm preservation |    2      2
Test Summary:                       | Pass  Total  Time: 7.61
Tensor product: test via conversion |    2      2
Test Summary:                               | Pass  Total  Time: 13.3
Tensor product: test via tensor contraction |    2      2
Finished tensor tests with symmetry Trivial in 323.0 seconds.
------------------------------------
Tensors with symmetry: ℤ₂
------------------------------------
Test Summary:           | Pass  Total  Time: 7.29
Basic tensor properties |   36     36
Test Summary:          | Pass  Total  Time: 5.11
Tensor Dict conversion |    3      3
Test Summary:        | Pass  Total  Time: 2.61
Basic linear algebra |   30     30
Test Summary:                             | Pass  Total  Time: 5.25
Basic linear algebra: test via conversion |    8      8
Test Summary:                                   | Pass  Total  Time: 25.6
Permutations: test via inner product invariance | 1440   1440
Test Summary:                     | Pass  Total  Time: 4.47
Permutations: test via conversion | 1440   1440
Test Summary:                     | Pass  Total  Time: 15.1
Full trace: test self-consistency |    3      3
Test Summary:                        | Pass  Total  Time: 12.1
Partial trace: test self-consistency |    1      1
Test Summary:              | Pass  Total  Time: 3.79
Trace: test via conversion |    1      1
Test Summary:         | Pass  Total  Time: 14.6
Trace and contraction |    1      1
Test Summary:                           | Pass  Total  Time: 37.7
Tensor contraction: test via conversion |    1      1
Test Summary:                                  | Pass  Total  Time: 17.0
Multiplication and inverse: test compatibility |   16     16
Test Summary:                                   | Pass  Total  Time: 44.7
Multiplication and inverse: test via conversion |   40     40
Test Summary: | Pass  Total  Time: 66.4
Factorization |  286    286
Test Summary:     | Pass  Total  Time: 17.0
Tensor truncation |   64     64
Test Summary:  | Pass  Total  Time: 1.68
Exponentiation |    2      2
Test Summary:                              | Pass  Total  Time: 11.2
Tensor product: test via norm preservation |    2      2
Test Summary:                       | Pass  Total  Time: 15.7
Tensor product: test via conversion |    2      2
Test Summary:                               | Pass  Total  Time: 25.0
Tensor product: test via tensor contraction |    2      2
Finished tensor tests with symmetry ℤ₂ in 332.0 seconds.
------------------------------------
Tensors with symmetry: ℤ₃
------------------------------------
Test Summary:           | Pass  Total  Time: 7.79
Basic tensor properties |   36     36
Test Summary:          | Pass  Total  Time: 4.96
Tensor Dict conversion |    3      3
Test Summary:        | Pass  Total  Time: 3.09
Basic linear algebra |   30     30
Test Summary:                             | Pass  Total  Time: 1.57
Basic linear algebra: test via conversion |    8      8
Test Summary:                                   | Pass  Total  Time: 28.8
Permutations: test via inner product invariance | 1440   1440
Test Summary:                     | Pass  Total  Time: 20.1
Permutations: test via conversion | 1440   1440
Test Summary:                     | Pass  Total  Time: 11.6
Full trace: test self-consistency |    3      3
Test Summary:                        | Pass  Total  Time: 7.87
Partial trace: test self-consistency |    1      1
Test Summary:              | Pass  Total  Time: 0.73
Trace: test via conversion |    1      1
Test Summary:         | Pass  Total  Time: 12.7
Trace and contraction |    1      1
Test Summary:                           | Pass  Total  Time: 34.6
Tensor contraction: test via conversion |    1      1
Test Summary:                                  | Pass  Total  Time: 27.5
Multiplication and inverse: test compatibility |   16     16
Test Summary:                                   | Pass  Total  Time: 54.8
Multiplication and inverse: test via conversion |   40     40
Test Summary: | Pass  Total  Time: 70.6
Factorization |  286    286
Test Summary:     | Pass  Total  Time: 17.9
Tensor truncation |   64     64
Test Summary:  | Pass  Total  Time: 7.82
Exponentiation |    2      2
Test Summary:                              | Pass  Total  Time: 8.55
Tensor product: test via norm preservation |    2      2
Test Summary:                       | Pass  Total  Time: 9.38
Tensor product: test via conversion |    2      2
Test Summary:                               | Pass  Total  Time: 20.1
Tensor product: test via tensor contraction |    2      2
Finished tensor tests with symmetry ℤ₃ in 350.0 seconds.
------------------------------------
Tensors with symmetry: U₁
------------------------------------
Test Summary:           | Pass  Total  Time: 7.36
Basic tensor properties |   36     36
Test Summary:          | Pass  Total  Time: 4.35
Tensor Dict conversion |    3      3
Test Summary:        | Pass  Total  Time: 2.55
Basic linear algebra |   30     30
Test Summary:                             | Pass  Total  Time: 1.39
Basic linear algebra: test via conversion |    8      8
Test Summary:                                   | Pass  Total  Time: 32.7
Permutations: test via inner product invariance | 1440   1440
Test Summary:                     | Pass  Total  Time: 11.6
Permutations: test via conversion | 1440   1440
Test Summary:                     | Pass  Total  Time: 10.2
Full trace: test self-consistency |    3      3
Test Summary:                        | Pass  Total  Time: 7.72
Partial trace: test self-consistency |    1      1
Test Summary:              | Pass  Total  Time: 0.699
Trace: test via conversion |    1      1
Test Summary:         | Pass  Total  Time: 11.5
Trace and contraction |    1      1
Test Summary:                           | Pass  Total  Time: 35.7
Tensor contraction: test via conversion |    1      1
Test Summary:                                  | Pass  Total  Time: 21.4
Multiplication and inverse: test compatibility |   16     16
Test Summary:                                   | Pass  Total  Time: 49.7
Multiplication and inverse: test via conversion |   40     40
Test Summary: | Pass  Total  Time: 72.1
Factorization |  286    286
Test Summary:     | Pass  Total  Time: 17.8
Tensor truncation |   64     64
Test Summary:  | Pass  Total  Time: 6.3
Exponentiation |    2      2
Test Summary:                              | Pass  Total  Time: 6.0
Tensor product: test via norm preservation |    2      2
Test Summary:                       | Pass  Total  Time: 6.02
Tensor product: test via conversion |    2      2
Test Summary:                               | Pass  Total  Time: 18.0
Tensor product: test via tensor contraction |    2      2
Finished tensor tests with symmetry U₁ in 323.0 seconds.
------------------------------------
Tensors with symmetry: CU₁
------------------------------------
Test Summary:           | Pass  Total  Time: 9.7
Basic tensor properties |   36     36
Test Summary:          | Pass  Total  Time: 5.2
Tensor Dict conversion |    3      3
Test Summary:        | Pass  Total  Time: 2.93
Basic linear algebra |   30     30
Test Summary:                             | Pass  Total  Time: 1.62
Basic linear algebra: test via conversion |    8      8
Test Summary:                                   | Pass  Total  Time: 49.7
Permutations: test via inner product invariance | 1440   1440
Test Summary:                     | Pass  Total  Time: 9.04
Permutations: test via conversion | 1440   1440
Test Summary:                     | Pass  Total  Time: 18.1
Full trace: test self-consistency |    3      3
Test Summary:                        | Pass  Total  Time: 15.7
Partial trace: test self-consistency |    1      1
Test Summary:              | Pass  Total  Time: 0.858
Trace: test via conversion |    1      1
Test Summary:         | Pass  Total  Time: 15.7
Trace and contraction |    1      1
Test Summary:                           | Pass  Total  Time: 49.3
Tensor contraction: test via conversion |    1      1
Test Summary:                                  | Pass  Total  Time: 22.9
Multiplication and inverse: test compatibility |   16     16
Test Summary:                                   | Pass  Total  Time: 54.0
Multiplication and inverse: test via conversion |   40     40
Test Summary: | Pass  Total  Time: 79.8
Factorization |  286    286
Test Summary:     | Pass  Total  Time: 20.5
Tensor truncation |   64     64
Test Summary:  | Pass  Total  Time: 5.57
Exponentiation |    2      2
Test Summary:                              | Pass  Total  Time: 10.6
Tensor product: test via norm preservation |    2      2
Test Summary:                       | Pass  Total  Time: 15.5
Tensor product: test via conversion |    2      2
Test Summary:                               | Pass  Total  Time: 33.2
Tensor product: test via tensor contraction |    2      2
Finished tensor tests with symmetry CU₁ in 420.0 seconds.
------------------------------------
Tensors with symmetry: SU₂
------------------------------------
Test Summary:           | Pass  Total  Time: 7.06
Basic tensor properties |   36     36
Test Summary:          | Pass  Total  Time: 4.58
Tensor Dict conversion |    3      3
Test Summary:        | Pass  Total  Time: 2.57
Basic linear algebra |   30     30
Test Summary:                             | Pass  Total  Time: 1.76
Basic linear algebra: test via conversion |    8      8
Test Summary:                                   | Pass  Total  Time: 50.1
Permutations: test via inner product invariance | 1440   1440
Test Summary:                     | Pass  Total  Time: 81.8
Permutations: test via conversion | 1440   1440
Test Summary:                     | Pass  Total  Time: 18.4
Full trace: test self-consistency |    3      3
Test Summary:                        | Pass  Total  Time: 12.3
Partial trace: test self-consistency |    1      1
Test Summary:              | Pass  Total  Time: 1.87
Trace: test via conversion |    1      1
Test Summary:         | Pass  Total  Time: 18.3
Trace and contraction |    1      1
Test Summary:                           | Pass  Total  Time: 47.2
Tensor contraction: test via conversion |    1      1
Test Summary:                                  | Pass  Total  Time: 15.1
Multiplication and inverse: test compatibility |   16     16
Test Summary:                                   | Pass  Total  Time: 48.5
Multiplication and inverse: test via conversion |   40     40
Test Summary: | Pass  Total  Time: 58.5
Factorization |  286    286
Test Summary:     | Pass  Total  Time: 20.7
Tensor truncation |   64     64
Test Summary:  | Pass  Total  Time: 6.89
Exponentiation |    2      2
Test Summary:                              | Pass  Total  Time: 9.49
Tensor product: test via norm preservation |    2      2
Test Summary:                       | Pass  Total  Time: 17.8
Tensor product: test via conversion |    2      2
Test Summary:                               | Pass  Total  Time: 27.0
Tensor product: test via tensor contraction |    2      2
Finished tensor tests with symmetry SU₂ in 450.0 seconds.
    Testing TensorKit tests passed 
