Julia Version 1.4.0
Commit b8e9a9ecc6 (2020-03-21 16:36 UTC)
Platform Info:
  OS: Linux (x86_64-linux-gnu)
  CPU: Intel(R) Xeon(R) Silver 4114 CPU @ 2.20GHz
  WORD_SIZE: 64
  LIBM: libopenlibm
  LLVM: libLLVM-8.0.1 (ORCJIT, skylake)
Environment:
  JULIA_DEPOT_PATH = ::/usr/local/share/julia
  JULIA_NUM_THREADS = 2

  Resolving package versions...
  Installed CompilerSupportLibraries_jll ─ v0.3.3+0
  Installed Requires ───────────────────── v1.0.1
  Installed Compat ─────────────────────── v2.2.0
  Installed ArrayInterface ─────────────── v2.7.0
  Installed DiffResults ────────────────── v1.0.2
  Installed Inflate ────────────────────── v0.1.2
  Installed BinaryProvider ─────────────── v0.5.8
  Installed VoronoiFVM ─────────────────── v0.7.1
  Installed SimpleTraits ───────────────── v0.9.1
  Installed DocStringExtensions ────────── v0.8.1
  Installed DiffRules ──────────────────── v1.0.1
  Installed BinDeps ────────────────────── v0.8.10
  Installed RecipesBase ────────────────── v1.0.0
  Installed MacroTools ─────────────────── v0.5.5
  Installed FiniteDiff ─────────────────── v2.3.0
  Installed OrderedCollections ─────────── v1.1.0
  Installed Triangulate ────────────────── v0.4.3
  Installed IterativeSolvers ───────────── v0.8.4
  Installed VertexSafeGraphs ───────────── v0.1.1
  Installed SpecialFunctions ───────────── v0.10.0
  Installed ElasticArrays ──────────────── v1.0.0
  Installed StaticArrays ───────────────── v0.12.1
  Installed CommonSubexpressions ───────── v0.2.0
  Installed DataStructures ─────────────── v0.17.11
  Installed ArnoldiMethod ──────────────── v0.0.4
  Installed ForwardDiff ────────────────── v0.10.10
  Installed ExtendableSparse ───────────── v0.2.7
  Installed Adapt ──────────────────────── v1.0.1
  Installed URIParser ──────────────────── v0.4.0
  Installed LightGraphs ────────────────── v1.3.1
  Installed NaNMath ────────────────────── v0.3.3
  Installed OpenSpecFun_jll ────────────── v0.5.3+3
  Installed SparseDiffTools ────────────── v1.5.0
   Updating `~/.julia/environments/v1.4/Project.toml`
  [82b139dc] + VoronoiFVM v0.7.1
   Updating `~/.julia/environments/v1.4/Manifest.toml`
  [79e6a3ab] + Adapt v1.0.1
  [ec485272] + ArnoldiMethod v0.0.4
  [4fba245c] + ArrayInterface v2.7.0
  [9e28174c] + BinDeps v0.8.10
  [b99e7846] + BinaryProvider v0.5.8
  [bbf7d656] + CommonSubexpressions v0.2.0
  [34da2185] + Compat v2.2.0
  [e66e0078] + CompilerSupportLibraries_jll v0.3.3+0
  [864edb3b] + DataStructures v0.17.11
  [163ba53b] + DiffResults v1.0.2
  [b552c78f] + DiffRules v1.0.1
  [ffbed154] + DocStringExtensions v0.8.1
  [fdbdab4c] + ElasticArrays v1.0.0
  [95c220a8] + ExtendableSparse v0.2.7
  [6a86dc24] + FiniteDiff v2.3.0
  [f6369f11] + ForwardDiff v0.10.10
  [d25df0c9] + Inflate v0.1.2
  [42fd0dbc] + IterativeSolvers v0.8.4
  [093fc24a] + LightGraphs v1.3.1
  [1914dd2f] + MacroTools v0.5.5
  [77ba4419] + NaNMath v0.3.3
  [efe28fd5] + OpenSpecFun_jll v0.5.3+3
  [bac558e1] + OrderedCollections v1.1.0
  [3cdcf5f2] + RecipesBase v1.0.0
  [ae029012] + Requires v1.0.1
  [699a6c99] + SimpleTraits v0.9.1
  [47a9eef4] + SparseDiffTools v1.5.0
  [276daf66] + SpecialFunctions v0.10.0
  [90137ffa] + StaticArrays v0.12.1
  [f7e6ffb2] + Triangulate v0.4.3
  [30578b45] + URIParser v0.4.0
  [19fa3120] + VertexSafeGraphs v0.1.1
  [82b139dc] + VoronoiFVM v0.7.1
  [2a0f44e3] + Base64 
  [ade2ca70] + Dates 
  [8bb1440f] + DelimitedFiles 
  [8ba89e20] + Distributed 
  [b77e0a4c] + InteractiveUtils 
  [76f85450] + LibGit2 
  [8f399da3] + Libdl 
  [37e2e46d] + LinearAlgebra 
  [56ddb016] + Logging 
  [d6f4376e] + Markdown 
  [a63ad114] + Mmap 
  [44cfe95a] + Pkg 
  [de0858da] + Printf 
  [3fa0cd96] + REPL 
  [9a3f8284] + Random 
  [ea8e919c] + SHA 
  [9e88b42a] + Serialization 
  [1a1011a3] + SharedArrays 
  [6462fe0b] + Sockets 
  [2f01184e] + SparseArrays 
  [10745b16] + Statistics 
  [8dfed614] + Test 
  [cf7118a7] + UUIDs 
  [4ec0a83e] + Unicode 
   Building Triangulate → `~/.julia/packages/Triangulate/SUpBB/deps/build.log`
    Testing VoronoiFVM
Status `/tmp/jl_iEZG7w/Manifest.toml`
  [79e6a3ab] Adapt v1.0.1
  [ec485272] ArnoldiMethod v0.0.4
  [4fba245c] ArrayInterface v2.7.0
  [9e28174c] BinDeps v0.8.10
  [b99e7846] BinaryProvider v0.5.8
  [bbf7d656] CommonSubexpressions v0.2.0
  [34da2185] Compat v2.2.0
  [e66e0078] CompilerSupportLibraries_jll v0.3.3+0
  [864edb3b] DataStructures v0.17.11
  [163ba53b] DiffResults v1.0.2
  [b552c78f] DiffRules v1.0.1
  [ffbed154] DocStringExtensions v0.8.1
  [fdbdab4c] ElasticArrays v1.0.0
  [95c220a8] ExtendableSparse v0.2.7
  [6a86dc24] FiniteDiff v2.3.0
  [f6369f11] ForwardDiff v0.10.10
  [d25df0c9] Inflate v0.1.2
  [42fd0dbc] IterativeSolvers v0.8.4
  [093fc24a] LightGraphs v1.3.1
  [1914dd2f] MacroTools v0.5.5
  [77ba4419] NaNMath v0.3.3
  [efe28fd5] OpenSpecFun_jll v0.5.3+3
  [bac558e1] OrderedCollections v1.1.0
  [3cdcf5f2] RecipesBase v1.0.0
  [ae029012] Requires v1.0.1
  [699a6c99] SimpleTraits v0.9.1
  [47a9eef4] SparseDiffTools v1.5.0
  [276daf66] SpecialFunctions v0.10.0
  [90137ffa] StaticArrays v0.12.1
  [f7e6ffb2] Triangulate v0.4.3
  [30578b45] URIParser v0.4.0
  [19fa3120] VertexSafeGraphs v0.1.1
  [82b139dc] VoronoiFVM v0.7.1
  [2a0f44e3] Base64 
  [ade2ca70] Dates 
  [8bb1440f] DelimitedFiles 
  [8ba89e20] Distributed 
  [b77e0a4c] InteractiveUtils 
  [76f85450] LibGit2 
  [8f399da3] Libdl 
  [37e2e46d] LinearAlgebra 
  [56ddb016] Logging 
  [d6f4376e] Markdown 
  [a63ad114] Mmap 
  [44cfe95a] Pkg 
  [de0858da] Printf 
  [3fa0cd96] REPL 
  [9a3f8284] Random 
  [ea8e919c] SHA 
  [9e88b42a] Serialization 
  [1a1011a3] SharedArrays 
  [6462fe0b] Sockets 
  [2f01184e] SparseArrays 
  [10745b16] Statistics 
  [8dfed614] Test 
  [cf7118a7] UUIDs 
  [4ec0a83e] Unicode 
Directory /home/pkgeval/.julia/packages/VoronoiFVM/sd93r/test:
  TriangleExamples:
  api-0:
  runtests:
  test_ctriangulate:
   compile:  2.320092 seconds (2.38 M allocations: 120.385 MiB, 13.91% gc time)
       run:  0.001390 seconds (90 allocations: 18.230 KiB)
  test_geomspace:
   compile:  1.914110 seconds (2.28 M allocations: 116.357 MiB, 2.17% gc time)
       run:  0.001010 seconds (477 allocations: 12.438 KiB)
  test_gridconstruct:
   compile:  0.964597 seconds (868.63 k allocations: 44.247 MiB, 1.28% gc time)
       run:  0.001008 seconds (139 allocations: 25.824 KiB)
  test_prepare_edges:
   compile:  2.325766 seconds (1.47 M allocations: 74.563 MiB, 1.19% gc time)
       run:  0.000587 seconds (147 allocations: 11.609 KiB)
  test_read_sg:
   compile:  2.157190 seconds (672.43 k allocations: 32.718 MiB, 0.72% gc time)
       run:  1.002906 seconds (502 allocations: 23.953 KiB)
  test_triangulate:
   compile:  0.084024 seconds (122.88 k allocations: 6.830 MiB)
       run:  0.001145 seconds (142 allocations: 25.496 KiB)
169.637147 seconds (15.39 M allocations: 803.077 MiB, 0.38% gc time)
Directory /home/pkgeval/.julia/packages/VoronoiFVM/sd93r/test/../examples:
  Example101_Laplace1D:
   compile:  8.874761 seconds (9.11 M allocations: 456.595 MiB, 3.11% gc time)
       run:  0.000742 seconds (379 allocations: 51.617 KiB)
  Example102_StationaryConvectionDiffusion1D:
   compile:  9.838372 seconds (11.25 M allocations: 592.011 MiB, 6.39% gc time)
       run:  0.001675 seconds (1.64 k allocations: 183.297 KiB)
  Example105_NonlinearPoisson1D:
   compile:  3.697246 seconds (2.78 M allocations: 142.456 MiB, 1.66% gc time)
       run:  0.002090 seconds (1.55 k allocations: 263.875 KiB)
  Example106_NonlinearDiffusion1D:
   compile:  2.410740 seconds (2.11 M allocations: 118.346 MiB, 2.28% gc time)
       run:  0.106810 seconds (81.53 k allocations: 17.765 MiB)
  Example107_NonlinearStorage1D:
   compile:  2.314284 seconds (1.61 M allocations: 96.564 MiB, 1.26% gc time)
       run:  0.190064 seconds (109.36 k allocations: 23.782 MiB, 5.79% gc time)
  Example110_ReactionDiffusion1D_TwoSpecies:
   compile:  2.738684 seconds (2.25 M allocations: 149.279 MiB, 2.82% gc time)
       run:  0.412778 seconds (258.44 k allocations: 47.896 MiB, 2.16% gc time)
  Example115_HeterogeneousCatalysis1D:
   compile:  2.930398 seconds (2.43 M allocations: 139.487 MiB, 3.82% gc time)
       run:  0.116380 seconds (96.45 k allocations: 21.780 MiB)
  Example120_ThreeRegions1D:
   compile:  5.331722 seconds (3.07 M allocations: 360.363 MiB, 1.84% gc time)
       run:  2.549028 seconds (642.66 k allocations: 238.850 MiB, 1.61% gc time)
  Example121_PoissonPointCharge1D:
   compile:  8.787971 seconds (10.00 M allocations: 536.236 MiB, 8.80% gc time)
       run:  0.003768 seconds (1.85 k allocations: 331.234 KiB)
  Example125_TestFunctions1D:
   compile:  7.844730 seconds (6.10 M allocations: 322.598 MiB, 3.61% gc time)
       run:  0.202769 seconds (83.06 k allocations: 16.851 MiB)
  Example150_Impedance1D:
   compile: 21.279644 seconds (21.05 M allocations: 1.052 GiB, 3.62% gc time)
       run:  0.012564 seconds (26.21 k allocations: 6.863 MiB)
  Example160_UnipolarDriftDiffusion1D:
   compile:  4.985344 seconds (3.04 M allocations: 228.076 MiB, 1.79% gc time)
       run:  1.107976 seconds (301.41 k allocations: 95.505 MiB, 2.06% gc time)
  Example202_Laplace2D_Unstructured:
   compile:  3.542033 seconds (2.84 M allocations: 142.232 MiB, 3.32% gc time)
       run:  0.004554 seconds (1.10 k allocations: 150.039 KiB)
  Example203_CoordinateSystems:
   compile:  3.000272 seconds (2.37 M allocations: 102.681 MiB, 1.50% gc time)
       run:  0.433138 seconds (758.77 k allocations: 18.369 MiB, 28.46% gc time)
  Example205_NonlinearPoisson2D:
   compile: 12.451414 seconds (7.97 M allocations: 421.475 MiB, 4.18% gc time)
       run:  5.296971 seconds (329.89 k allocations: 53.656 MiB, 0.27% gc time)
  Example210_NonlinearPoisson2D_Reaction:
   compile: 28.982638 seconds (2.00 M allocations: 226.844 MiB, 1.11% gc time)
       run: 22.012893 seconds (395.30 k allocations: 143.907 MiB, 0.34% gc time)
  Example215_NonlinearPoisson2D_BoundaryReaction:
   compile:  5.522085 seconds (2.00 M allocations: 193.981 MiB, 1.28% gc time)
       run:  3.478213 seconds (395.60 k allocations: 110.834 MiB, 0.19% gc time)
  Example220_NonlinearPoisson2D_BoundarySpecies:
   compile:  6.338777 seconds (4.19 M allocations: 318.795 MiB, 1.17% gc time)
       run:  3.672075 seconds (1.52 M allocations: 180.956 MiB, 0.60% gc time)
185.105362 seconds (102.48 M allocations: 6.512 GiB, 2.56% gc time)
Directory /home/pkgeval/.julia/packages/VoronoiFVM/sd93r/test/../test/api-0.6:
  Example101_Laplace1D:
WARNING: replacing module Example101_Laplace1D.
   compile:  1.176560 seconds (1.51 M allocations: 78.409 MiB, 1.27% gc time)
       run:  0.000940 seconds (457 allocations: 54.117 KiB)
  Example102_StationaryConvectionDiffusion1D:
WARNING: replacing module Example102_StationaryConvectionDiffusion1D.
   compile:  4.324543 seconds (4.32 M allocations: 223.871 MiB, 2.84% gc time)
       run:  0.002074 seconds (1.99 k allocations: 195.109 KiB)
  Example105_NonlinearPoisson1D:
WARNING: replacing module Example105_NonlinearPoisson1D.
   compile:  1.683859 seconds (1.74 M allocations: 89.646 MiB, 2.55% gc time)
       run:  0.004069 seconds (1.95 k allocations: 279.500 KiB)
  Example106_NonlinearDiffusion1D:
WARNING: replacing module Example106_NonlinearDiffusion1D.
   compile:  2.446222 seconds (1.68 M allocations: 96.644 MiB, 1.62% gc time)
       run:  0.287982 seconds (128.41 k allocations: 19.553 MiB)
  Example107_NonlinearStorage1D:
WARNING: replacing module Example107_NonlinearStorage1D.
   compile:  2.970054 seconds (1.85 M allocations: 107.925 MiB, 1.69% gc time)
       run:  0.393930 seconds (169.29 k allocations: 25.953 MiB)
  Example110_NonlinearPoisson1D_TwoSpecies:
   compile:  3.276281 seconds (2.33 M allocations: 151.563 MiB, 1.50% gc time)
       run:  0.950545 seconds (348.81 k allocations: 51.342 MiB, 1.17% gc time)
  Example115_HeterogeneousCatalysis1D:
WARNING: replacing module Example115_HeterogeneousCatalysis1D.
   compile:  3.135394 seconds (2.45 M allocations: 139.130 MiB, 1.63% gc time)
       run:  0.192367 seconds (122.26 k allocations: 22.861 MiB, 5.93% gc time)
  Example120_ThreeRegions1D:
WARNING: replacing module Example120_ThreeRegions1D.
   compile:  6.633525 seconds (3.37 M allocations: 370.051 MiB, 1.30% gc time)
       run:  4.985889 seconds (1.11 M allocations: 256.517 MiB, 0.67% gc time)
  Example121_PoissonPointCharge1D:
WARNING: replacing module Example121_PoissonPointCharge1D.
   compile:  1.661588 seconds (1.43 M allocations: 75.104 MiB, 1.63% gc time)
       run:  0.006404 seconds (1.85 k allocations: 331.219 KiB)
  Example125_TestFunctions1D:
WARNING: replacing module Example125_TestFunctions1D.
   compile:  3.276973 seconds (2.24 M allocations: 123.203 MiB, 1.60% gc time)
       run:  0.476126 seconds (121.46 k allocations: 18.316 MiB)
  Example150_Impedance1D:
WARNING: replacing module Example150_Impedance1D.
   compile:  9.522693 seconds (8.35 M allocations: 457.460 MiB, 2.73% gc time)
       run:  0.014644 seconds (26.21 k allocations: 6.863 MiB)
  Example160_UnipolarDriftDiffusion1D:
WARNING: replacing module Example160_UnipolarDriftDiffusion1D.
   compile:  5.485995 seconds (3.13 M allocations: 230.121 MiB, 1.40% gc time)
       run:  1.853410 seconds (444.75 k allocations: 100.879 MiB, 0.91% gc time)
  Example202_Laplace2D_Unstructured:
WARNING: replacing module Example202_Laplace2D_Unstructured.
   compile:  1.676686 seconds (1.81 M allocations: 96.509 MiB, 3.14% gc time)
       run:  0.006745 seconds (2.30 k allocations: 196.914 KiB)
  Example203_CoordinateSystems:
WARNING: replacing module Example203_CoordinateSystems.
   compile:  2.184509 seconds (2.39 M allocations: 102.058 MiB, 1.79% gc time)
       run:  0.654309 seconds (806.77 k allocations: 20.200 MiB)
  Example205_NonlinearPoisson2D:
WARNING: replacing module Example205_NonlinearPoisson2D.
   compile: 11.259605 seconds (1.86 M allocations: 133.084 MiB, 0.44% gc time)
       run:  9.963856 seconds (329.85 k allocations: 53.638 MiB, 0.43% gc time)
  Example210_NonlinearPoisson2D_Reaction:
WARNING: replacing module Example210_NonlinearPoisson2D_Reaction.
   compile: 33.594050 seconds (3.24 M allocations: 277.790 MiB, 1.79% gc time)
       run: 37.435235 seconds (1.36 M allocations: 180.531 MiB, 1.39% gc time)
  Example215_NonlinearPoisson2D_BoundaryReaction:
WARNING: replacing module Example215_NonlinearPoisson2D_BoundaryReaction.
   compile:  8.436225 seconds (4.35 M allocations: 305.387 MiB, 3.52% gc time)
       run:  5.586244 seconds (1.36 M allocations: 147.483 MiB, 0.84% gc time)
  Example220_NonlinearPoisson2D_BoundarySpecies:
WARNING: replacing module Example220_NonlinearPoisson2D_BoundarySpecies.
   compile:  8.020545 seconds (5.05 M allocations: 350.305 MiB, 1.73% gc time)
       run:  5.639372 seconds (2.48 M allocations: 217.563 MiB, 0.57% gc time)
182.167508 seconds (62.30 M allocations: 4.445 GiB, 1.52% gc time)
536.911160 seconds (180.17 M allocations: 11.742 GiB, 1.52% gc time)
    Testing VoronoiFVM tests passed 
