Julia Version 1.4.0
Commit 571c4c41f7 (2020-04-07 06:24 UTC)
Platform Info:
  OS: Linux (x86_64-linux-gnu)
  CPU: Intel(R) Xeon(R) Silver 4114 CPU @ 2.20GHz
  WORD_SIZE: 64
  LIBM: libopenlibm
  LLVM: libLLVM-8.0.1 (ORCJIT, skylake)
Environment:
  JULIA_DEPOT_PATH = ::/usr/local/share/julia
  JULIA_NUM_THREADS = 2

  Resolving package versions...
  Installed ScikitLearnBase ─ v0.5.0
  Installed DecisionTree ──── v0.10.1
   Updating `~/.julia/environments/v1.4/Project.toml`
  [7806a523] + DecisionTree v0.10.1
   Updating `~/.julia/environments/v1.4/Manifest.toml`
  [7806a523] + DecisionTree v0.10.1
  [6e75b9c4] + ScikitLearnBase v0.5.0
  [2a0f44e3] + Base64 
  [8bb1440f] + DelimitedFiles 
  [8ba89e20] + Distributed 
  [b77e0a4c] + InteractiveUtils 
  [8f399da3] + Libdl 
  [37e2e46d] + LinearAlgebra 
  [56ddb016] + Logging 
  [d6f4376e] + Markdown 
  [a63ad114] + Mmap 
  [9a3f8284] + Random 
  [9e88b42a] + Serialization 
  [6462fe0b] + Sockets 
  [2f01184e] + SparseArrays 
  [10745b16] + Statistics 
  [8dfed614] + Test 
    Testing DecisionTree
Status `/tmp/jl_hflIv3/Manifest.toml`
  [7806a523] DecisionTree v0.10.1
  [6e75b9c4] ScikitLearnBase v0.5.0
  [2a0f44e3] Base64 
  [8bb1440f] DelimitedFiles 
  [8ba89e20] Distributed 
  [b77e0a4c] InteractiveUtils 
  [8f399da3] Libdl 
  [37e2e46d] LinearAlgebra 
  [56ddb016] Logging 
  [d6f4376e] Markdown 
  [a63ad114] Mmap 
  [9a3f8284] Random 
  [9e88b42a] Serialization 
  [6462fe0b] Sockets 
  [2f01184e] SparseArrays 
  [10745b16] Statistics 
  [8dfed614] Test 
Julia version: 1.4.0
TEST: classification/random.jl 

Feature 1, Threshold 0.43238112189724165
L-> Feature 5, Threshold 0.48845173204189063
    L-> Feature 3, Threshold 0.4016309185953214
        L-> 0 : 79/90
        R-> -1 : 121/141
    R-> Feature 3, Threshold 0.6491270596195745
        L-> -1 : 124/131
        R-> -1 : 49/69
R-> Feature 3, Threshold 0.3225911070133347
    L-> Feature 5, Threshold 0.3214949325746119
        L-> 0 : 48/76
        R-> 0 : 116/121
    R-> Feature 5, Threshold 0.47684569375938257
        L-> 0 : 150/171
        R-> -1 : 140/201
random.jl: Test Failed at /home/pkgeval/.julia/packages/DecisionTree/gJ95y/test/classification/random.jl:107
  Expression: length.(m1.trees) == length.(m2.trees)
   Evaluated: [59, 70, 73, 82, 66] == [78, 81, 71, 75, 62]
Stacktrace:
 [1] top-level scope at /home/pkgeval/.julia/packages/DecisionTree/gJ95y/test/classification/random.jl:107
 [2] top-level scope at /workspace/srcdir/usr/share/julia/stdlib/v1.4/Test/src/Test.jl:1113
 [3] top-level scope at /home/pkgeval/.julia/packages/DecisionTree/gJ95y/test/classification/random.jl:4
random.jl: Test Failed at /home/pkgeval/.julia/packages/DecisionTree/gJ95y/test/classification/random.jl:108
  Expression: depth.(m1.trees) == depth.(m2.trees)
   Evaluated: [10, 13, 10, 13, 11] == [11, 15, 13, 12, 14]
Stacktrace:
 [1] top-level scope at /home/pkgeval/.julia/packages/DecisionTree/gJ95y/test/classification/random.jl:108
 [2] top-level scope at /workspace/srcdir/usr/share/julia/stdlib/v1.4/Test/src/Test.jl:1113
 [3] top-level scope at /home/pkgeval/.julia/packages/DecisionTree/gJ95y/test/classification/random.jl:4

##### nfoldCV Classification Tree #####

Fold 1
Classes:  [-2, -1, 0, 1]
Matrix:   4×4 Array{Int64,2}:
 0    5    0  0
 0  151   19  0
 0   29  122  0
 0    0    7  0
Accuracy: 0.8198198198198198
Kappa:    0.6500324044069992

Fold 2
Classes:  [-2, -1, 0, 1]
Matrix:   4×4 Array{Int64,2}:
 0   11    0  0
 0  148    6  0
 0   29  131  0
 0    0    8  0
Accuracy: 0.8378378378378378
Kappa:    0.6938556616783288

Fold 3
Classes:  [-2, -1, 0, 1]
Matrix:   4×4 Array{Int64,2}:
 0    4    0  0
 0  135   10  0
 0   30  139  0
 0    0   15  0
Accuracy: 0.8228228228228228
Kappa:    0.6651155655553282

Mean Accuracy: 0.8268268268268267

Fold 1
Classes:  [-2, -1, 0, 1]
Matrix:   4×4 Array{Int64,2}:
 0    5    0  0
 0  151   19  0
 0   29  122  0
 0    0    7  0
Accuracy: 0.8198198198198198
Kappa:    0.6500324044069992

Fold 2
Classes:  [-2, -1, 0, 1]
Matrix:   4×4 Array{Int64,2}:
 0   11    0  0
 0  148    6  0
 0   29  131  0
 0    0    8  0
Accuracy: 0.8378378378378378
Kappa:    0.6938556616783288

Fold 3
Classes:  [-2, -1, 0, 1]
Matrix:   4×4 Array{Int64,2}:
 0    4    0  0
 0  135   10  0
 0   30  139  0
 0    0   15  0
Accuracy: 0.8228228228228228
Kappa:    0.6651155655553282

Mean Accuracy: 0.8268268268268267

Fold 1
Classes:  [-2, -1, 0, 1]
Matrix:   4×4 Array{Int64,2}:
 0    5    0  0
 0  142   11  0
 0   34  129  0
 0    0   12  0
Accuracy: 0.8138138138138138
Kappa:    0.6465936323176994

Fold 2
Classes:  [-2, -1, 0, 1]
Matrix:   4×4 Array{Int64,2}:
 0    6    0  0
 0  141   12  0
 0   27  135  0
 0    0   12  0
Accuracy: 0.8288288288288288
Kappa:    0.6755883710198429

Fold 3
Classes:  [-2, -1, 0, 1]
Matrix:   4×4 Array{Int64,2}:
 0    9    0  0
 0  151   12  0
 0   27  128  0
 0    0    6  0
Accuracy: 0.8378378378378378
Kappa:    0.6887742739451002

Mean Accuracy: 0.8268268268268267

##### nfoldCV Classification Forest #####

Fold 1
Classes:  [-2, -1, 0, 1]
Matrix:   4×4 Array{Int64,2}:
 5    0    0  0
 0  168    2  0
 0    0  151  0
 0    0    0  7
Accuracy: 0.993993993993994
Kappa:    0.9887408709764675

Fold 2
Classes:  [-2, -1, 0, 1]
Matrix:   4×4 Array{Int64,2}:
 11    0    0  0
  0  152    2  0
  0    2  158  0
  0    0    1  7
Accuracy: 0.984984984984985
Kappa:    0.9728101116990006

Fold 3
Classes:  [-2, -1, 0, 1]
Matrix:   4×4 Array{Int64,2}:
 4    0    0   0
 0  145    0   0
 0    0  169   0
 0    0    3  12
Accuracy: 0.990990990990991
Kappa:    0.9835148514851485

Mean Accuracy: 0.98998998998999

Fold 1
Classes:  [-2, -1, 0, 1]
Matrix:   4×4 Array{Int64,2}:
 4    1    0  0
 0  167    3  0
 0    1  150  0
 0    0    2  5
Accuracy: 0.978978978978979
Kappa:    0.9602889316683422

Fold 2
Classes:  [-2, -1, 0, 1]
Matrix:   4×4 Array{Int64,2}:
 10    1    0  0
  0  154    0  0
  0    0  160  0
  0    0    1  7
Accuracy: 0.993993993993994
Kappa:    0.9890985873995386

Fold 3
Classes:  [-2, -1, 0, 1]
Matrix:   4×4 Array{Int64,2}:
 4    0    0   0
 0  144    1   0
 0    0  169   0
 0    0    4  11
Accuracy: 0.984984984984985
Kappa:    0.9724438118566086

Mean Accuracy: 0.985985985985986

Fold 1
Classes:  [-2, -1, 0, 1]
Matrix:   4×4 Array{Int64,2}:
 5    0    0  0
 0  153    0  0
 0    0  163  0
 0    0    5  7
Accuracy: 0.984984984984985
Kappa:    0.9722439861970094

Fold 2
Classes:  [-2, -1, 0, 1]
Matrix:   4×4 Array{Int64,2}:
 6    0    0   0
 0  152    1   0
 0    0  162   0
 0    0    0  12
Accuracy: 0.996996996996997
Kappa:    0.9945451864956508

Fold 3
Classes:  [-2, -1, 0, 1]
Matrix:   4×4 Array{Int64,2}:
 9    0    0  0
 0  162    1  0
 0    0  155  0
 0    0    1  5
Accuracy: 0.993993993993994
Kappa:    0.9889068407815184

Mean Accuracy: 0.9919919919919921
random.jl: Test Failed at /home/pkgeval/.julia/packages/DecisionTree/gJ95y/test/classification/random.jl:139
  Expression: accuracy == accuracy2
   Evaluated: [0.993993993993994, 0.984984984984985, 0.990990990990991] == [0.978978978978979, 0.993993993993994, 0.984984984984985]
Stacktrace:
 [1] top-level scope at /home/pkgeval/.julia/packages/DecisionTree/gJ95y/test/classification/random.jl:139
 [2] top-level scope at /workspace/srcdir/usr/share/julia/stdlib/v1.4/Test/src/Test.jl:1113
 [3] top-level scope at /home/pkgeval/.julia/packages/DecisionTree/gJ95y/test/classification/random.jl:4

##### nfoldCV Adaboosted Stumps #####

Fold 1
Classes:  [-2, -1, 0, 1]
Matrix:   4×4 Array{Int64,2}:
 0    5    0  0
 0  147   23  0
 0   16  135  0
 0    0    7  0
Accuracy: 0.8468468468468469
Kappa:    0.7042010659421047

Fold 2
Classes:  [-2, -1, 0, 1]
Matrix:   4×4 Array{Int64,2}:
 0   11    0  0
 0  149    5  0
 0   26  131  3
 0    0    8  0
Accuracy: 0.8408408408408409
Kappa:    0.7017792872712527

Fold 3
Classes:  [-2, -1, 0, 1]
Matrix:   4×4 Array{Int64,2}:
 0    4    0  0
 0  129   16  0
 0   12  157  0
 0    0   15  0
Accuracy: 0.8588588588588588
Kappa:    0.7305825242718446

Mean Accuracy: 0.8488488488488488

Fold 1
Classes:  [-2, -1, 0, 1]
Matrix:   4×4 Array{Int64,2}:
 0    5    0  0
 0  147   23  0
 0   16  135  0
 0    0    7  0
Accuracy: 0.8468468468468469
Kappa:    0.7042010659421047

Fold 2
Classes:  [-2, -1, 0, 1]
Matrix:   4×4 Array{Int64,2}:
 0   11    0  0
 0  149    5  0
 0   26  131  3
 0    0    8  0
Accuracy: 0.8408408408408409
Kappa:    0.7017792872712527

Fold 3
Classes:  [-2, -1, 0, 1]
Matrix:   4×4 Array{Int64,2}:
 0    4    0  0
 0  129   16  0
 0   12  157  0
 0    0   15  0
Accuracy: 0.8588588588588588
Kappa:    0.7305825242718446

Mean Accuracy: 0.8488488488488488

Fold 1
Classes:  [-2, -1, 0, 1]
Matrix:   4×4 Array{Int64,2}:
 0    5    0  0
 0  139   14  0
 0   18  145  0
 0    0   12  0
Accuracy: 0.8528528528528528
Kappa:    0.7197836166924265

Fold 2
Classes:  [-2, -1, 0, 1]
Matrix:   4×4 Array{Int64,2}:
 0    6    0  0
 0  145    8  0
 0   25  137  0
 0    0   12  0
Accuracy: 0.8468468468468469
Kappa:    0.709826234045825

Fold 3
Classes:  [-2, -1, 0, 1]
Matrix:   4×4 Array{Int64,2}:
 0    9    0  0
 0  156    7  0
 0   20  135  0
 0    0    6  0
Accuracy: 0.8738738738738738
Kappa:    0.7580025608194622

Mean Accuracy: 0.8578578578578578
==================================================
TEST: classification/low_precision.jl 


##### nfoldCV Classification Tree #####

Fold 1
Classes:  Int32[-5, -4, -3, -2, -1, 0, 1, 2, 3, 4]
Matrix:   10×10 Array{Int64,2}:
 1  0   0   0   0   0   0   0   0  0
 0  3   0   0   0   0   0   0   0  0
 0  0  12   0   0   0   0   0   0  0
 0  0   0  37   0   0   0   0   0  0
 0  0   0   0  79   0   0   0   0  0
 0  0   0   0   0  82   0   0   0  0
 0  0   0   0   0   0  64   0   0  0
 0  0   0   0   0   0   0  39   0  0
 0  0   0   0   0   0   0   0  14  0
 0  0   0   0   0   0   0   0   0  2
Accuracy: 1.0
Kappa:    1.0

Fold 2
Classes:  Int32[-5, -4, -3, -2, -1, 0, 1, 2, 3, 4]
Matrix:   10×10 Array{Int64,2}:
 1  0   0   0   0   0   0   0  0  0
 0  5   0   0   0   0   0   0  0  0
 0  0  13   0   0   0   0   0  0  0
 0  0   0  35   0   0   0   0  0  0
 0  0   0   0  70   0   0   0  0  0
 0  0   0   0   0  95   0   0  0  0
 0  0   0   0   0   0  79   0  0  0
 0  0   0   0   0   0   0  30  0  0
 0  0   0   0   0   0   0   0  4  0
 0  0   0   0   0   0   0   0  0  1
Accuracy: 1.0
Kappa:    1.0

Fold 3
Classes:  Int32[-4, -3, -2, -1, 0, 1, 2, 3, 4]
Matrix:   9×9 Array{Int64,2}:
 1  0   0   0    0   0   0   0  0
 0  7   0   0    0   0   0   0  0
 0  0  34   0    0   0   0   0  0
 0  0   0  80    0   0   0   0  0
 0  0   0   0  102   0   0   0  0
 0  0   0   0    0  66   0   0  0
 0  0   0   0    0   0  30   0  0
 0  0   0   0    0   0   0  11  0
 0  0   0   0    0   0   0   0  2
Accuracy: 1.0
Kappa:    1.0

Mean Accuracy: 1.0

##### nfoldCV Classification Forest #####

Fold 1
Classes:  Int32[-5, -4, -3, -2, -1, 0, 1, 2, 3]
Matrix:   9×9 Array{Int64,2}:
 0  1  1   0   0   0   0   0  0
 0  2  1   0   0   0   0   0  0
 0  0  2   4   0   0   0   0  0
 0  0  0  35   1   1   0   0  0
 0  0  0   5  63   3   0   0  0
 0  0  0   0   0  93   0   0  0
 0  0  0   0   1  12  58   0  0
 0  0  0   0   0   1   5  38  0
 0  0  0   0   0   0   0   2  4
Accuracy: 0.8858858858858859
Kappa:    0.8564101400267798

Fold 2
Classes:  Int32[-4, -3, -2, -1, 0, 1, 2, 3, 4]
Matrix:   9×9 Array{Int64,2}:
 0   1   0   1    0   0   0  0  0
 0  14   0   0    0   0   0  0  0
 0   0  26   4    0   0   0  0  0
 0   0   1  76    2   0   0  0  0
 0   0   0   3  101   1   0  0  0
 0   0   0   0    0  59   2  0  0
 0   0   0   0    0   2  24  0  0
 0   0   0   0    0   0   4  9  0
 0   0   0   0    0   0   2  1  0
Accuracy: 0.9279279279279279
Kappa:    0.9088441271072382

Fold 3
Classes:  Int32[-4, -3, -2, -1, 0, 1, 2, 3, 4]
Matrix:   9×9 Array{Int64,2}:
 0   3   1   0   0   0   0  0  0
 0  10   2   0   0   0   0  0  0
 0   0  33   5   1   0   0  0  0
 0   0   1  72   6   0   0  0  0
 0   0   0   0  79   2   0  0  0
 0   0   0   0   8  68   1  0  0
 0   0   0   0   1   2  25  1  0
 0   0   0   0   0   0   2  8  0
 0   0   0   0   0   0   1  0  1
Accuracy: 0.8888888888888888
Kappa:    0.8616162183411018

Mean Accuracy: 0.9009009009009009

##### nfoldCV Adaboosted Stumps #####

Fold 1
Classes:  Int32[-5, -4, -3, -2, -1, 0, 1, 2, 3, 4]
Matrix:   10×10 Array{Int64,2}:
 0  0  0  0   2   0   0  0  0  0
 0  0  0  0   3   0   0  0  0  0
 0  0  0  0  12   0   0  0  0  0
 0  0  0  0  37   1   0  0  0  0
 0  0  0  0  68   9   0  0  0  0
 0  0  0  0  18  67   4  0  0  0
 0  0  0  0   2  61   6  0  0  0
 0  0  0  0   0  17  17  0  0  0
 0  0  0  0   0   2   4  0  0  0
 0  0  0  0   0   1   2  0  0  0
Accuracy: 0.42342342342342343
Kappa:    0.23536165327210104

Fold 2
Classes:  Int32[-4, -3, -2, -1, 0, 1, 2, 3, 4]
Matrix:   9×9 Array{Int64,2}:
 0  0  0   3   0   0  0  0  0
 0  0  0  14   0   0  0  0  0
 0  0  0  33   0   0  0  0  0
 0  0  0  67   6   5  0  0  0
 0  0  0  19  33  41  0  0  0
 0  0  0   0  12  58  1  0  0
 0  0  0   0   0  33  0  0  0
 0  0  0   0   0   7  0  0  0
 0  0  0   0   0   1  0  0  0
Accuracy: 0.4744744744744745
Kappa:    0.31610139654970076

Fold 3
Classes:  Int32[-4, -3, -2, -1, 0, 1, 2, 3, 4]
Matrix:   9×9 Array{Int64,2}:
 0  0  0   3   0   0  0  0  0
 0  0  0   4   2   0  0  0  0
 0  0  0  17  18   0  0  0  0
 0  0  0  24  49   0  0  0  0
 0  0  0  35  62   1  0  0  0
 0  0  0   9  30  30  0  0  0
 0  0  0   1   4  27  0  0  0
 0  0  0   0   0  16  0  0  0
 0  0  0   0   0   1  0  0  0
Accuracy: 0.3483483483483483
Kappa:    0.12680804785209354

Mean Accuracy: 0.41541541541541543
==================================================
TEST: classification/heterogeneous.jl 

==================================================
TEST: classification/digits.jl 

==================================================
TEST: classification/iris.jl 

Feature 4, Threshold 0.8
L-> Iris-setosa : 50/50
R-> Feature 4, Threshold 1.75
    L-> Feature 3, Threshold 4.95
        L-> Feature 4, Threshold 1.65
            L-> Iris-versicolor : 47/47
            R-> Iris-virginica : 1/1
        R-> Feature 4, Threshold 1.55
            L-> Iris-virginica : 3/3
            R-> Feature 1, Threshold 6.95
                L-> Iris-versicolor : 2/2
                R-> Iris-virginica : 1/1
    R-> Feature 3, Threshold 4.85
        L-> Feature 2, Threshold 3.1
            L-> Iris-virginica : 2/2
            R-> Iris-versicolor : 1/1
        R-> Iris-virginica : 43/43

##### nfoldCV Classification Tree #####

Fold 1
Classes:  ["Iris-setosa", "Iris-versicolor", "Iris-virginica"]
Matrix:   3×3 Array{Int64,2}:
 9   0   0
 0  19   0
 0   0  22
Accuracy: 1.0
Kappa:    1.0

Fold 2
Classes:  ["Iris-setosa", "Iris-versicolor", "Iris-virginica"]
Matrix:   3×3 Array{Int64,2}:
 24   0   0
  0  10   0
  0   0  16
Accuracy: 1.0
Kappa:    1.0

Fold 3
Classes:  ["Iris-setosa", "Iris-versicolor", "Iris-virginica"]
Matrix:   3×3 Array{Int64,2}:
 17   0   0
  0  21   0
  0   0  12
Accuracy: 1.0
Kappa:    1.0

Mean Accuracy: 1.0

##### nfoldCV Classification Forest #####

Fold 1
Classes:  ["Iris-setosa", "Iris-versicolor", "Iris-virginica"]
Matrix:   3×3 Array{Int64,2}:
 16   0   0
  0  18   1
  0   0  15
Accuracy: 0.98
Kappa:    0.9699157641395908

Fold 2
Classes:  ["Iris-setosa", "Iris-versicolor", "Iris-virginica"]
Matrix:   3×3 Array{Int64,2}:
 20   0   0
  0  16   0
  0   1  13
Accuracy: 0.98
Kappa:    0.9696233292831106

Fold 3
Classes:  ["Iris-setosa", "Iris-versicolor", "Iris-virginica"]
Matrix:   3×3 Array{Int64,2}:
 14   0   0
  0  14   1
  0   1  20
Accuracy: 0.96
Kappa:    0.938949938949939

Mean Accuracy: 0.9733333333333333

##### nfoldCV Classification Adaboosted Stumps #####

Fold 1
Classes:  ["Iris-setosa", "Iris-versicolor", "Iris-virginica"]
Matrix:   3×3 Array{Int64,2}:
 16   0   0
  0  14   2
  0   1  17
Accuracy: 0.94
Kappa:    0.9097472924187725

Fold 2
Classes:  ["Iris-setosa", "Iris-versicolor", "Iris-virginica"]
Matrix:   3×3 Array{Int64,2}:
 13   0   0
  0  20   0
  0   3  14
Accuracy: 0.94
Kappa:    0.9081445192896509

Fold 3
Classes:  ["Iris-setosa", "Iris-versicolor", "Iris-virginica"]
Matrix:   3×3 Array{Int64,2}:
 21   0   0
  0  12   2
  0   1  14
Accuracy: 0.94
Kappa:    0.9083689676237018

Mean Accuracy: 0.94
==================================================
TEST: classification/adult.jl 

==================================================
TEST: classification/scikitlearn.jl 

scikitlearn.jl: Test Failed at /home/pkgeval/.julia/packages/DecisionTree/gJ95y/test/classification/scikitlearn.jl:36
  Expression: predict_proba(fit!(RandomForestClassifier(; rng = 10), X, y), X) == predict_proba(fit!(RandomForestClassifier(; rng = 10), X, y), X)
   Evaluated: [0.4 0.6; 0.3 0.7; … ; 0.6 0.4; 0.3 0.7] == [0.3 0.7; 0.3 0.7; … ; 0.4 0.6; 0.4 0.6]
Stacktrace:
 [1] top-level scope at /home/pkgeval/.julia/packages/DecisionTree/gJ95y/test/classification/scikitlearn.jl:36
 [2] top-level scope at /workspace/srcdir/usr/share/julia/stdlib/v1.4/Test/src/Test.jl:1113
 [3] top-level scope at /home/pkgeval/.julia/packages/DecisionTree/gJ95y/test/classification/scikitlearn.jl:3
==================================================
TEST: regression/random.jl 

random.jl: Test Failed at /home/pkgeval/.julia/packages/DecisionTree/gJ95y/test/regression/random.jl:173
  Expression: length.(m1.trees) == length.(m2.trees)
   Evaluated: [109, 113, 117, 108, 112] == [109, 114, 114, 112, 113]
Stacktrace:
 [1] top-level scope at /home/pkgeval/.julia/packages/DecisionTree/gJ95y/test/regression/random.jl:173
 [2] top-level scope at /workspace/srcdir/usr/share/julia/stdlib/v1.4/Test/src/Test.jl:1113
 [3] top-level scope at /home/pkgeval/.julia/packages/DecisionTree/gJ95y/test/regression/random.jl:3
random.jl: Test Failed at /home/pkgeval/.julia/packages/DecisionTree/gJ95y/test/regression/random.jl:174
  Expression: depth.(m1.trees) == depth.(m2.trees)
   Evaluated: [11, 13, 11, 13, 13] == [12, 11, 12, 12, 11]
Stacktrace:
 [1] top-level scope at /home/pkgeval/.julia/packages/DecisionTree/gJ95y/test/regression/random.jl:174
 [2] top-level scope at /workspace/srcdir/usr/share/julia/stdlib/v1.4/Test/src/Test.jl:1113
 [3] top-level scope at /home/pkgeval/.julia/packages/DecisionTree/gJ95y/test/regression/random.jl:3

##### nfoldCV Classification Tree #####

Fold 1
Mean Squared Error:     4.67352967811284
Correlation Coeff:      0.8147290401798616
Coeff of Determination: 0.6623172680793121

Fold 2
Mean Squared Error:     4.342179891353847
Correlation Coeff:      0.8373910448239521
Coeff of Determination: 0.7003052798355491

Fold 3
Mean Squared Error:     4.003285553163639
Correlation Coeff:      0.8270058046714887
Coeff of Determination: 0.6817681645607626

Mean Coeff of Determination: 0.6814635708252079

Fold 1
Mean Squared Error:     4.67352967811284
Correlation Coeff:      0.8147290401798616
Coeff of Determination: 0.6623172680793121

Fold 2
Mean Squared Error:     4.342179891353847
Correlation Coeff:      0.8373910448239521
Coeff of Determination: 0.7003052798355491

Fold 3
Mean Squared Error:     4.003285553163639
Correlation Coeff:      0.8270058046714887
Coeff of Determination: 0.6817681645607626

Mean Coeff of Determination: 0.6814635708252079

Fold 1
Mean Squared Error:     4.074335497973641
Correlation Coeff:      0.8391963844797984
Coeff of Determination: 0.7037000555223341

Fold 2
Mean Squared Error:     4.402381737207544
Correlation Coeff:      0.8207869300719152
Coeff of Determination: 0.6701005379155469

Fold 3
Mean Squared Error:     4.555284426323749
Correlation Coeff:      0.8212077773023579
Coeff of Determination: 0.672545376126066

Mean Coeff of Determination: 0.6821153231879823

##### nfoldCV Regression Forest #####

Fold 1
Mean Squared Error:     1.0773684168323652
Correlation Coeff:      0.968206400768726
Coeff of Determination: 0.9221554723435661

Fold 2
Mean Squared Error:     0.9577474936299489
Correlation Coeff:      0.9758580086082574
Coeff of Determination: 0.9338968273370779

Fold 3
Mean Squared Error:     1.044629678580426
Correlation Coeff:      0.9686505659016482
Coeff of Determination: 0.9169596034171882

Mean Coeff of Determination: 0.9243373010326107

Fold 1
Mean Squared Error:     0.8925207996621863
Correlation Coeff:      0.9734066616947726
Coeff of Determination: 0.9355115121366546

Fold 2
Mean Squared Error:     0.8967162366763396
Correlation Coeff:      0.978967009550652
Coeff of Determination: 0.9381091690483039

Fold 3
Mean Squared Error:     1.0409862538044907
Correlation Coeff:      0.9682232520293661
Coeff of Determination: 0.9172492289605908

Mean Coeff of Determination: 0.9302899700485164

Fold 1
Mean Squared Error:     1.0112189894369643
Correlation Coeff:      0.9719614041773942
Coeff of Determination: 0.926460614111442

Fold 2
Mean Squared Error:     1.0758612521879853
Correlation Coeff:      0.9652624769565372
Coeff of Determination: 0.9193786296688905

Fold 3
Mean Squared Error:     1.1213648455977128
Correlation Coeff:      0.9735547966579676
Coeff of Determination: 0.9193911796991808

Mean Coeff of Determination: 0.9217434744931712
random.jl: Test Failed at /home/pkgeval/.julia/packages/DecisionTree/gJ95y/test/regression/random.jl:197
  Expression: r2_1 == r2_2
   Evaluated: [0.9221554723435661, 0.9338968273370779, 0.9169596034171882] == [0.9355115121366546, 0.9381091690483039, 0.9172492289605908]
Stacktrace:
 [1] top-level scope at /home/pkgeval/.julia/packages/DecisionTree/gJ95y/test/regression/random.jl:197
 [2] top-level scope at /workspace/srcdir/usr/share/julia/stdlib/v1.4/Test/src/Test.jl:1113
 [3] top-level scope at /home/pkgeval/.julia/packages/DecisionTree/gJ95y/test/regression/random.jl:3
==================================================
TEST: regression/low_precision.jl 


##### nfoldCV Regression Tree #####

Fold 1
Mean Squared Error:     0.7007132087278969
Correlation Coeff:      0.9723772479874594
Coeff of Determination: 0.9450559381674372

Fold 2
Mean Squared Error:     0.9448723893434907
Correlation Coeff:      0.9661922065079812
Coeff of Determination: 0.9333988505922214

Fold 3
Mean Squared Error:     0.8578607414308893
Correlation Coeff:      0.9688134454827464
Coeff of Determination: 0.9385023332623817

Mean Coeff of Determination: 0.9389857073406801

##### nfoldCV Regression Forest #####

Fold 1
Mean Squared Error:     0.9907354656028057
Correlation Coeff:      0.9678293798802717
Coeff of Determination: 0.922720669287012

Fold 2
Mean Squared Error:     1.0210581723613104
Correlation Coeff:      0.9706111947428743
Coeff of Determination: 0.9258419569154963

Fold 3
Mean Squared Error:     1.1153265919451072
Correlation Coeff:      0.9717346788742894
Coeff of Determination: 0.9227093004231395

Mean Coeff of Determination: 0.9237573088752159
==================================================
TEST: regression/digits.jl 

==================================================
TEST: regression/scikitlearn.jl 

scikitlearn.jl: Test Failed at /home/pkgeval/.julia/packages/DecisionTree/gJ95y/test/regression/scikitlearn.jl:31
  Expression: fit_predict!(RandomForestRegressor(; rng = 10), X, y) == fit_predict!(RandomForestRegressor(; rng = 10), X, y)
   Evaluated: [-0.10951129633366638, 0.1663588454036849, 0.23566611255991493, -0.05430947563607227, -0.8136611217001569, -0.3591209354346625, 0.28001537975392965, -0.3658149112743264, -0.5876377355544598, -0.30152551354639984  …  -0.10307142722419749, 0.19263153972888197, -0.33626065936699173, -0.0009326553228863222, -0.31715649503051874, 0.32837395796300417, 0.7212663538092228, -0.8610414432800212, 0.24515118415288478, -0.5182605746064844] == [0.1969506295407301, 0.15599441556946153, 0.0840217808257433, -0.1302109638587492, -0.6403312041283662, -0.5405627394840256, 0.40107664265313864, -0.10546305959242563, -0.4891660048276415, -0.2112804591868604  …  -0.22672753806705592, -0.06523108607792676, -0.5652739136543803, -0.056117015171130144, -0.1358157467978683, 0.4869929346952763, 0.6004853216502606, -0.47832448163210495, 0.3913675296236903, -0.7624102479716466]
Stacktrace:
 [1] top-level scope at /home/pkgeval/.julia/packages/DecisionTree/gJ95y/test/regression/scikitlearn.jl:31
 [2] top-level scope at /workspace/srcdir/usr/share/julia/stdlib/v1.4/Test/src/Test.jl:1113
 [3] top-level scope at /home/pkgeval/.julia/packages/DecisionTree/gJ95y/test/regression/scikitlearn.jl:3
==================================================
Test Summary:        | Pass  Fail  Total
Test Suites          |  128     8    136
  Classification     |   84     4     88
    random.jl        |   25     3     28
    low_precision.jl |   16           16
    heterogeneous.jl |    3            3
    digits.jl        |    9            9
    iris.jl          |   24           24
    adult.jl         |    3            3
    scikitlearn.jl   |    4     1      5
  Regression         |   44     4     48
    random.jl        |   22     3     25
    low_precision.jl |   10           10
    digits.jl        |    7            7
    scikitlearn.jl   |    5     1      6
  Miscellaneous      |             No tests
ERROR: LoadError: Some tests did not pass: 128 passed, 8 failed, 0 errored, 0 broken.
in expression starting at /home/pkgeval/.julia/packages/DecisionTree/gJ95y/test/runtests.jl:45
ERROR: Package DecisionTree errored during testing
Stacktrace:
 [1] pkgerror(::String, ::Vararg{String,N} where N) at /workspace/srcdir/usr/share/julia/stdlib/v1.4/Pkg/src/Types.jl:53
 [2] test(::Pkg.Types.Context, ::Array{Pkg.Types.PackageSpec,1}; coverage::Bool, julia_args::Cmd, test_args::Cmd, test_fn::Nothing) at /workspace/srcdir/usr/share/julia/stdlib/v1.4/Pkg/src/Operations.jl:1503
 [3] test(::Pkg.Types.Context, ::Array{Pkg.Types.PackageSpec,1}; coverage::Bool, test_fn::Nothing, julia_args::Cmd, test_args::Cmd, kwargs::Base.Iterators.Pairs{Union{},Union{},Tuple{},NamedTuple{(),Tuple{}}}) at /workspace/srcdir/usr/share/julia/stdlib/v1.4/Pkg/src/API.jl:316
 [4] test(::Pkg.Types.Context, ::Array{Pkg.Types.PackageSpec,1}) at /workspace/srcdir/usr/share/julia/stdlib/v1.4/Pkg/src/API.jl:303
 [5] #test#68 at /workspace/srcdir/usr/share/julia/stdlib/v1.4/Pkg/src/API.jl:297 [inlined]
 [6] test at /workspace/srcdir/usr/share/julia/stdlib/v1.4/Pkg/src/API.jl:297 [inlined]
 [7] #test#67 at /workspace/srcdir/usr/share/julia/stdlib/v1.4/Pkg/src/API.jl:296 [inlined]
 [8] test at /workspace/srcdir/usr/share/julia/stdlib/v1.4/Pkg/src/API.jl:296 [inlined]
 [9] test(::String; kwargs::Base.Iterators.Pairs{Union{},Union{},Tuple{},NamedTuple{(),Tuple{}}}) at /workspace/srcdir/usr/share/julia/stdlib/v1.4/Pkg/src/API.jl:295
 [10] test(::String) at /workspace/srcdir/usr/share/julia/stdlib/v1.4/Pkg/src/API.jl:295
 [11] top-level scope at none:16
