Current time is 2020-10-25T19:58:05.318
Julia Version 1.5.3-pre.0
Commit 5905edebb1 (2020-09-24 05:09 UTC)
Platform Info:
  OS: Linux (x86_64-pc-linux-gnu)
  CPU: AMD EPYC 7502 32-Core Processor
  WORD_SIZE: 64
  LIBM: libopenlibm
  LLVM: libLLVM-9.0.1 (ORCJIT, znver2)
Environment:
  JULIA_DEPOT_PATH = ::/usr/local/share/julia
  JULIA_NUM_THREADS = 2
  JULIA_MAX_NUM_PRECOMPILE_FILES = 9223372036854775807
  JULIA_PKG_SERVER = 

Starting installation at 2020-10-25T19:58:08.45
  Resolving package versions...
  Installed ScikitLearnBase ─ v0.5.0
Updating `~/.julia/environments/v1.5/Project.toml`
  [6e75b9c4] + ScikitLearnBase v0.5.0
Updating `~/.julia/environments/v1.5/Manifest.toml`
  [6e75b9c4] + ScikitLearnBase v0.5.0
  [8f399da3] + Libdl
  [37e2e46d] + LinearAlgebra
  [9a3f8284] + Random
  [9e88b42a] + Serialization
  [2f01184e] + SparseArrays
  [10745b16] + Statistics
Starting tests at 2020-10-25T19:58:11.496
    Testing ScikitLearnBase
Status `/tmp/jl_K9xZP0/Project.toml`
  [6e75b9c4] ScikitLearnBase v0.5.0
  [10745b16] Statistics
  [8dfed614] Test
Status `/tmp/jl_K9xZP0/Manifest.toml`
  [6e75b9c4] ScikitLearnBase v0.5.0
  [2a0f44e3] Base64
  [8ba89e20] Distributed
  [b77e0a4c] InteractiveUtils
  [8f399da3] Libdl
  [37e2e46d] LinearAlgebra
  [56ddb016] Logging
  [d6f4376e] Markdown
  [9a3f8284] Random
  [9e88b42a] Serialization
  [6462fe0b] Sockets
  [2f01184e] SparseArrays
  [10745b16] Statistics
  [8dfed614] Test
    Testing ScikitLearnBase tests passed 
Finished at 2020-10-25T19:58:21.673
