Julia Version 1.3.1-pre.19
Commit 602e3006ec (2019-12-17 12:50 UTC)
Platform Info:
  OS: Linux (x86_64-linux-gnu)
  CPU: Intel(R) Xeon(R) Silver 4114 CPU @ 2.20GHz
  WORD_SIZE: 64
  LIBM: libopenlibm
  LLVM: libLLVM-6.0.1 (ORCJIT, skylake)
Environment:
  JULIA_DEPOT_PATH = ::/usr/local/share/julia

 Resolving package versions...
 Installed OpenSpecFun_jll ─── v0.5.3+1
 Installed RecipesBase ─────── v0.7.0
 Installed IntervalSets ────── v0.3.2
 Installed Reexport ────────── v0.2.0
 Installed AbstractFFTs ────── v0.5.0
 Installed Unitful ─────────── v0.17.0
 Installed SampledSignals ──── v2.1.0
 Installed DSP ─────────────── v0.6.2
 Installed TreeViews ───────── v0.3.0
 Installed FFTW_jll ────────── v3.3.9+3
 Installed FixedPointNumbers ─ v0.6.1
 Installed FFTW ────────────── v1.2.0
 Installed IntelOpenMP_jll ─── v2018.0.3+0
 Installed Compat ──────────── v2.2.0
 Installed Polynomials ─────── v0.6.0
 Installed SpecialFunctions ── v0.9.0
 Installed MKL_jll ─────────── v2019.0.117+0
  Updating `~/.julia/environments/v1.3/Project.toml`
  [bd7594eb] + SampledSignals v2.1.0
  Updating `~/.julia/environments/v1.3/Manifest.toml`
  [621f4979] + AbstractFFTs v0.5.0
  [34da2185] + Compat v2.2.0
  [717857b8] + DSP v0.6.2
  [7a1cc6ca] + FFTW v1.2.0
  [f5851436] + FFTW_jll v3.3.9+3
  [53c48c17] + FixedPointNumbers v0.6.1
  [1d5cc7b8] + IntelOpenMP_jll v2018.0.3+0
  [8197267c] + IntervalSets v0.3.2
  [856f044c] + MKL_jll v2019.0.117+0
  [efe28fd5] + OpenSpecFun_jll v0.5.3+1
  [f27b6e38] + Polynomials v0.6.0
  [3cdcf5f2] + RecipesBase v0.7.0
  [189a3867] + Reexport v0.2.0
  [bd7594eb] + SampledSignals v2.1.0
  [276daf66] + SpecialFunctions v0.9.0
  [a2a6695c] + TreeViews v0.3.0
  [1986cc42] + Unitful v0.17.0
  [2a0f44e3] + Base64 
  [ade2ca70] + Dates 
  [8bb1440f] + DelimitedFiles 
  [8ba89e20] + Distributed 
  [b77e0a4c] + InteractiveUtils 
  [76f85450] + LibGit2 
  [8f399da3] + Libdl 
  [37e2e46d] + LinearAlgebra 
  [56ddb016] + Logging 
  [d6f4376e] + Markdown 
  [a63ad114] + Mmap 
  [44cfe95a] + Pkg 
  [de0858da] + Printf 
  [3fa0cd96] + REPL 
  [9a3f8284] + Random 
  [ea8e919c] + SHA 
  [9e88b42a] + Serialization 
  [1a1011a3] + SharedArrays 
  [6462fe0b] + Sockets 
  [2f01184e] + SparseArrays 
  [10745b16] + Statistics 
  [8dfed614] + Test 
  [cf7118a7] + UUIDs 
  [4ec0a83e] + Unicode 
  Building FFTW → `~/.julia/packages/FFTW/qqcBj/deps/build.log`
   Testing SampledSignals
 Resolving package versions...
 Installed FileIO ─ v1.2.0
    Status `/tmp/jl_OhKwgo/Manifest.toml`
  [621f4979] AbstractFFTs v0.5.0
  [34da2185] Compat v2.2.0
  [717857b8] DSP v0.6.2
  [7a1cc6ca] FFTW v1.2.0
  [f5851436] FFTW_jll v3.3.9+3
  [5789e2e9] FileIO v1.2.0
  [53c48c17] FixedPointNumbers v0.6.1
  [1d5cc7b8] IntelOpenMP_jll v2018.0.3+0
  [8197267c] IntervalSets v0.3.2
  [856f044c] MKL_jll v2019.0.117+0
  [efe28fd5] OpenSpecFun_jll v0.5.3+1
  [f27b6e38] Polynomials v0.6.0
  [3cdcf5f2] RecipesBase v0.7.0
  [189a3867] Reexport v0.2.0
  [bd7594eb] SampledSignals v2.1.0
  [276daf66] SpecialFunctions v0.9.0
  [a2a6695c] TreeViews v0.3.0
  [1986cc42] Unitful v0.17.0
  [2a0f44e3] Base64  [`@stdlib/Base64`]
  [ade2ca70] Dates  [`@stdlib/Dates`]
  [8bb1440f] DelimitedFiles  [`@stdlib/DelimitedFiles`]
  [8ba89e20] Distributed  [`@stdlib/Distributed`]
  [b77e0a4c] InteractiveUtils  [`@stdlib/InteractiveUtils`]
  [76f85450] LibGit2  [`@stdlib/LibGit2`]
  [8f399da3] Libdl  [`@stdlib/Libdl`]
  [37e2e46d] LinearAlgebra  [`@stdlib/LinearAlgebra`]
  [56ddb016] Logging  [`@stdlib/Logging`]
  [d6f4376e] Markdown  [`@stdlib/Markdown`]
  [a63ad114] Mmap  [`@stdlib/Mmap`]
  [44cfe95a] Pkg  [`@stdlib/Pkg`]
  [de0858da] Printf  [`@stdlib/Printf`]
  [3fa0cd96] REPL  [`@stdlib/REPL`]
  [9a3f8284] Random  [`@stdlib/Random`]
  [ea8e919c] SHA  [`@stdlib/SHA`]
  [9e88b42a] Serialization  [`@stdlib/Serialization`]
  [1a1011a3] SharedArrays  [`@stdlib/SharedArrays`]
  [6462fe0b] Sockets  [`@stdlib/Sockets`]
  [2f01184e] SparseArrays  [`@stdlib/SparseArrays`]
  [10745b16] Statistics  [`@stdlib/Statistics`]
  [8dfed614] Test  [`@stdlib/Test`]
  [cf7118a7] UUIDs  [`@stdlib/UUIDs`]
  [4ec0a83e] Unicode  [`@stdlib/Unicode`]
┌ Warning: Replacing docs for `FileIO.filename :: Tuple{Any}` in module `FileIO`
└ @ Base.Docs docs/Docs.jl:223
┌ Warning: Replacing docs for `FileIO.file_extension :: Tuple{Any}` in module `FileIO`
└ @ Base.Docs docs/Docs.jl:223
Test Summary:        | Pass  Total
SampledSignals Tests |  335    335
   Testing SampledSignals tests passed 
