Julia Version 1.5.1-pre.0
Commit f0b8c76f6f (2020-08-02 04:55 UTC)
Platform Info:
  OS: Linux (x86_64-pc-linux-gnu)
  CPU: Intel(R) Xeon(R) Silver 4114 CPU @ 2.20GHz
  WORD_SIZE: 64
  LIBM: libopenlibm
  LLVM: libLLVM-9.0.1 (ORCJIT, skylake)
Environment:
  JULIA_DEPOT_PATH = ::/usr/local/share/julia
  JULIA_NUM_THREADS = 2

  Resolving package versions...
  Installed Missings ───────────────────── v0.4.3
  Installed ZipFile ────────────────────── v0.9.2
  Installed FastGaussQuadrature ────────── v0.4.2
  Installed DataAPI ────────────────────── v1.3.0
  Installed QuadGK ─────────────────────── v2.4.0
  Installed CommonSubexpressions ───────── v0.3.0
  Installed JSON ───────────────────────── v0.21.0
  Installed InfiniteOpt ────────────────── v0.1.1
  Installed OpenSpecFun_jll ────────────── v0.5.3+3
  Installed CodecZlib ──────────────────── v0.7.0
  Installed Calculus ───────────────────── v0.5.1
  Installed JSONSchema ─────────────────── v0.3.1
  Installed MbedTLS ────────────────────── v1.0.2
  Installed OrderedCollections ─────────── v1.3.0
  Installed StatsFuns ──────────────────── v0.9.5
  Installed Distributions ──────────────── v0.23.9
  Installed DiffRules ──────────────────── v1.0.1
  Installed BenchmarkTools ─────────────── v0.5.0
  Installed SortingAlgorithms ──────────── v0.3.1
  Installed CodecBzip2 ─────────────────── v0.7.2
  Installed CompilerSupportLibraries_jll ─ v0.3.3+0
  Installed ForwardDiff ────────────────── v0.10.12
  Installed HTTP ───────────────────────── v0.8.17
  Installed StatsBase ──────────────────── v0.33.0
  Installed MbedTLS_jll ────────────────── v2.16.6+1
  Installed DiffResults ────────────────── v1.0.2
  Installed TranscodingStreams ─────────── v0.9.5
  Installed IniFile ────────────────────── v0.5.0
  Installed Zlib_jll ───────────────────── v1.2.11+15
  Installed Bzip2_jll ──────────────────── v1.0.6+3
  Installed Rmath_jll ──────────────────── v0.2.2+1
  Installed Rmath ──────────────────────── v0.6.1
  Installed Parsers ────────────────────── v1.0.10
  Installed MacroTools ─────────────────── v0.5.5
  Installed SpecialFunctions ───────────── v0.10.3
  Installed StaticArrays ───────────────── v0.12.4
  Installed NaNMath ────────────────────── v0.3.4
  Installed PDMats ─────────────────────── v0.10.0
  Installed FillArrays ─────────────────── v0.9.4
  Installed DataStructures ─────────────── v0.17.20
  Installed JuMP ───────────────────────── v0.21.3
  Installed MathOptInterface ───────────── v0.9.14
  Installed MutableArithmetics ─────────── v0.2.10
Updating `~/.julia/environments/v1.5/Project.toml`
  [20393b10] + InfiniteOpt v0.1.1
Updating `~/.julia/environments/v1.5/Manifest.toml`
  [6e4b80f9] + BenchmarkTools v0.5.0
  [6e34b625] + Bzip2_jll v1.0.6+3
  [49dc2e85] + Calculus v0.5.1
  [523fee87] + CodecBzip2 v0.7.2
  [944b1d66] + CodecZlib v0.7.0
  [bbf7d656] + CommonSubexpressions v0.3.0
  [e66e0078] + CompilerSupportLibraries_jll v0.3.3+0
  [9a962f9c] + DataAPI v1.3.0
  [864edb3b] + DataStructures v0.17.20
  [163ba53b] + DiffResults v1.0.2
  [b552c78f] + DiffRules v1.0.1
  [31c24e10] + Distributions v0.23.9
  [442a2c76] + FastGaussQuadrature v0.4.2
  [1a297f60] + FillArrays v0.9.4
  [f6369f11] + ForwardDiff v0.10.12
  [cd3eb016] + HTTP v0.8.17
  [20393b10] + InfiniteOpt v0.1.1
  [83e8ac13] + IniFile v0.5.0
  [682c06a0] + JSON v0.21.0
  [7d188eb4] + JSONSchema v0.3.1
  [4076af6c] + JuMP v0.21.3
  [1914dd2f] + MacroTools v0.5.5
  [b8f27783] + MathOptInterface v0.9.14
  [739be429] + MbedTLS v1.0.2
  [c8ffd9c3] + MbedTLS_jll v2.16.6+1
  [e1d29d7a] + Missings v0.4.3
  [d8a4904e] + MutableArithmetics v0.2.10
  [77ba4419] + NaNMath v0.3.4
  [efe28fd5] + OpenSpecFun_jll v0.5.3+3
  [bac558e1] + OrderedCollections v1.3.0
  [90014a1f] + PDMats v0.10.0
  [69de0a69] + Parsers v1.0.10
  [1fd47b50] + QuadGK v2.4.0
  [79098fc4] + Rmath v0.6.1
  [f50d1b31] + Rmath_jll v0.2.2+1
  [a2af1166] + SortingAlgorithms v0.3.1
  [276daf66] + SpecialFunctions v0.10.3
  [90137ffa] + StaticArrays v0.12.4
  [2913bbd2] + StatsBase v0.33.0
  [4c63d2b9] + StatsFuns v0.9.5
  [3bb67fe8] + TranscodingStreams v0.9.5
  [a5390f91] + ZipFile v0.9.2
  [83775a58] + Zlib_jll v1.2.11+15
  [2a0f44e3] + Base64
  [ade2ca70] + Dates
  [8ba89e20] + Distributed
  [b77e0a4c] + InteractiveUtils
  [76f85450] + LibGit2
  [8f399da3] + Libdl
  [37e2e46d] + LinearAlgebra
  [56ddb016] + Logging
  [d6f4376e] + Markdown
  [a63ad114] + Mmap
  [44cfe95a] + Pkg
  [de0858da] + Printf
  [3fa0cd96] + REPL
  [9a3f8284] + Random
  [ea8e919c] + SHA
  [9e88b42a] + Serialization
  [6462fe0b] + Sockets
  [2f01184e] + SparseArrays
  [10745b16] + Statistics
  [4607b0f0] + SuiteSparse
  [8dfed614] + Test
  [cf7118a7] + UUIDs
  [4ec0a83e] + Unicode
    Testing InfiniteOpt
Status `/tmp/jl_sJPRqh/Project.toml`
  [31c24e10] Distributions v0.23.9
  [442a2c76] FastGaussQuadrature v0.4.2
  [20393b10] InfiniteOpt v0.1.1
  [4076af6c] JuMP v0.21.3
  [b8f27783] MathOptInterface v0.9.14
  [d8a4904e] MutableArithmetics v0.2.10
  [37e2e46d] LinearAlgebra
  [9a3f8284] Random
  [8dfed614] Test
Status `/tmp/jl_sJPRqh/Manifest.toml`
  [6e4b80f9] BenchmarkTools v0.5.0
  [6e34b625] Bzip2_jll v1.0.6+3
  [49dc2e85] Calculus v0.5.1
  [523fee87] CodecBzip2 v0.7.2
  [944b1d66] CodecZlib v0.7.0
  [bbf7d656] CommonSubexpressions v0.3.0
  [e66e0078] CompilerSupportLibraries_jll v0.3.3+0
  [9a962f9c] DataAPI v1.3.0
  [864edb3b] DataStructures v0.17.20
  [163ba53b] DiffResults v1.0.2
  [b552c78f] DiffRules v1.0.1
  [31c24e10] Distributions v0.23.9
  [442a2c76] FastGaussQuadrature v0.4.2
  [1a297f60] FillArrays v0.9.4
  [f6369f11] ForwardDiff v0.10.12
  [cd3eb016] HTTP v0.8.17
  [20393b10] InfiniteOpt v0.1.1
  [83e8ac13] IniFile v0.5.0
  [682c06a0] JSON v0.21.0
  [7d188eb4] JSONSchema v0.3.1
  [4076af6c] JuMP v0.21.3
  [1914dd2f] MacroTools v0.5.5
  [b8f27783] MathOptInterface v0.9.14
  [739be429] MbedTLS v1.0.2
  [c8ffd9c3] MbedTLS_jll v2.16.6+1
  [e1d29d7a] Missings v0.4.3
  [d8a4904e] MutableArithmetics v0.2.10
  [77ba4419] NaNMath v0.3.4
  [efe28fd5] OpenSpecFun_jll v0.5.3+3
  [bac558e1] OrderedCollections v1.3.0
  [90014a1f] PDMats v0.10.0
  [69de0a69] Parsers v1.0.10
  [1fd47b50] QuadGK v2.4.0
  [79098fc4] Rmath v0.6.1
  [f50d1b31] Rmath_jll v0.2.2+1
  [a2af1166] SortingAlgorithms v0.3.1
  [276daf66] SpecialFunctions v0.10.3
  [90137ffa] StaticArrays v0.12.4
  [2913bbd2] StatsBase v0.33.0
  [4c63d2b9] StatsFuns v0.9.5
  [3bb67fe8] TranscodingStreams v0.9.5
  [a5390f91] ZipFile v0.9.2
  [83775a58] Zlib_jll v1.2.11+15
  [2a0f44e3] Base64
  [ade2ca70] Dates
  [8ba89e20] Distributed
  [b77e0a4c] InteractiveUtils
  [76f85450] LibGit2
  [8f399da3] Libdl
  [37e2e46d] LinearAlgebra
  [56ddb016] Logging
  [d6f4376e] Markdown
  [a63ad114] Mmap
  [44cfe95a] Pkg
  [de0858da] Printf
  [3fa0cd96] REPL
  [9a3f8284] Random
  [ea8e919c] SHA
  [9e88b42a] Serialization
  [6462fe0b] Sockets
  [2f01184e] SparseArrays
  [10745b16] Statistics
  [4607b0f0] SuiteSparse
  [8dfed614] Test
  [cf7118a7] UUIDs
  [4ec0a83e] Unicode
-----------------------------------------
----------------UNIT TESTS---------------
-----------------------------------------
Test Summary: | Pass  Total
Collections   |  177    177
 22.486129 seconds (16.71 M allocations: 873.064 MiB, 1.97% gc time)

Test Summary: | Pass  Total
Datatypes     |   61     61
 10.320704 seconds (9.53 M allocations: 496.841 MiB, 2.48% gc time)

Test Summary: | Pass  Total
Utilities     |   50     50
 12.244836 seconds (10.02 M allocations: 511.734 MiB, 2.27% gc time)

Test Summary:        | Pass  Total
Infinite Set Methods |   34     34
  2.625202 seconds (2.32 M allocations: 119.678 MiB, 4.99% gc time)

Test Summary:     | Pass  Total
Parameter Methods |  278    278
 26.050761 seconds (19.17 M allocations: 994.766 MiB, 2.04% gc time)

Test Summary:           | Pass  Total
Optimizer Setup Methods |   51     51
 27.136591 seconds (33.95 M allocations: 1.699 GiB, 8.94% gc time)

Test Summary:    | Pass  Total
Variable Methods |  832    832
 54.670022 seconds (29.23 M allocations: 1.499 GiB, 2.37% gc time)

Test Summary: | Pass  Total
Operators     |  549    549
 21.703725 seconds (12.91 M allocations: 670.125 MiB, 3.38% gc time)

Test Summary:      | Pass  Total
Expression Methods |   46     46
  6.662390 seconds (4.10 M allocations: 212.990 MiB, 2.51% gc time)

Test Summary:              | Pass  Total
MutableArithmetics Methods |   45     45
  3.604107 seconds (2.07 M allocations: 107.576 MiB, 2.26% gc time)

Test Summary:     | Pass  Total
Macro Expressions |  516    516
 14.664397 seconds (10.89 M allocations: 615.976 MiB, 3.80% gc time)

Test Summary:              | Pass  Total
Measure Evaluation Methods |   55     55
 36.107883 seconds (44.14 M allocations: 2.124 GiB, 7.07% gc time)

Test Summary:   | Pass  Total
Measure Methods |  248    248
 42.354067 seconds (25.27 M allocations: 1.279 GiB, 2.10% gc time)

Test Summary:     | Pass  Total
Objective Methods |   69     69
  4.539627 seconds (3.62 M allocations: 189.513 MiB, 2.31% gc time)

Test Summary:      | Pass  Total
Constraint Methods |  203    203
 15.533739 seconds (9.45 M allocations: 492.481 MiB, 2.60% gc time)

Test Summary:    | Pass  Total
Deletion Methods |  291    291
 11.420730 seconds (5.46 M allocations: 286.569 MiB, 2.40% gc time)

Test Summary:     | Pass  Total
Expansion Methods |  133    133
 21.785134 seconds (16.00 M allocations: 869.569 MiB, 2.71% gc time)

Test Summary:    | Pass  Total
Printing Methods |   50     50
  6.195243 seconds (4.53 M allocations: 234.227 MiB, 2.05% gc time)

Test Summary:    | Pass  Total
TranscriptionOpt |  366    366
 48.716492 seconds (33.20 M allocations: 1.701 GiB, 2.52% gc time)

Test Summary:    | Pass  Total
Solution Methods |   29     29
  1.552934 seconds (962.92 k allocations: 52.355 MiB)

Test Summary:    | Pass  Total
Solution Queries |   57     57
 37.886644 seconds (33.05 M allocations: 1.604 GiB, 3.68% gc time)

Test Summary: | Pass  Total
Extensions    |  119    119
 16.908367 seconds (10.03 M allocations: 509.458 MiB, 2.31% gc time)

-----------------------------------------
-------------TESTING COMPLETE------------
-----------------------------------------
    Testing InfiniteOpt tests passed 
