Current time is 2020-10-25T22:54:41.492
Julia Version 1.5.3-pre.0
Commit 5905edebb1 (2020-09-24 05:09 UTC)
Platform Info:
  OS: Linux (x86_64-pc-linux-gnu)
  CPU: AMD EPYC 7502 32-Core Processor
  WORD_SIZE: 64
  LIBM: libopenlibm
  LLVM: libLLVM-9.0.1 (ORCJIT, znver2)
Environment:
  JULIA_DEPOT_PATH = ::/usr/local/share/julia
  JULIA_NUM_THREADS = 2
  JULIA_MAX_NUM_PRECOMPILE_FILES = 9223372036854775807
  JULIA_PKG_SERVER = 

Starting installation at 2020-10-25T22:54:44.524
  Resolving package versions...
  Installed OrderedCollections ────── v1.3.1
  Installed MultivariateBases ─────── v0.1.2
  Installed Compat ────────────────── v3.22.0
  Installed MutableArithmetics ────── v0.2.10
  Installed MultivariatePolynomials ─ v0.3.11
  Installed DataStructures ────────── v0.18.8
Updating `~/.julia/environments/v1.5/Project.toml`
  [be282fd4] + MultivariateBases v0.1.2
Updating `~/.julia/environments/v1.5/Manifest.toml`
  [34da2185] + Compat v3.22.0
  [864edb3b] + DataStructures v0.18.8
  [be282fd4] + MultivariateBases v0.1.2
  [102ac46a] + MultivariatePolynomials v0.3.11
  [d8a4904e] + MutableArithmetics v0.2.10
  [bac558e1] + OrderedCollections v1.3.1
  [2a0f44e3] + Base64
  [ade2ca70] + Dates
  [8bb1440f] + DelimitedFiles
  [8ba89e20] + Distributed
  [b77e0a4c] + InteractiveUtils
  [76f85450] + LibGit2
  [8f399da3] + Libdl
  [37e2e46d] + LinearAlgebra
  [56ddb016] + Logging
  [d6f4376e] + Markdown
  [a63ad114] + Mmap
  [44cfe95a] + Pkg
  [de0858da] + Printf
  [3fa0cd96] + REPL
  [9a3f8284] + Random
  [ea8e919c] + SHA
  [9e88b42a] + Serialization
  [1a1011a3] + SharedArrays
  [6462fe0b] + Sockets
  [2f01184e] + SparseArrays
  [10745b16] + Statistics
  [8dfed614] + Test
  [cf7118a7] + UUIDs
  [4ec0a83e] + Unicode
Starting tests at 2020-10-25T22:54:47.938
    Testing MultivariateBases
Status `/tmp/jl_Nls6gZ/Project.toml`
  [7c1d4256] DynamicPolynomials v0.3.14
  [be282fd4] MultivariateBases v0.1.2
  [102ac46a] MultivariatePolynomials v0.3.11
  [d8a4904e] MutableArithmetics v0.2.10
  [8dfed614] Test
Status `/tmp/jl_Nls6gZ/Manifest.toml`
  [34da2185] Compat v3.22.0
  [864edb3b] DataStructures v0.18.8
  [7c1d4256] DynamicPolynomials v0.3.14
  [be282fd4] MultivariateBases v0.1.2
  [102ac46a] MultivariatePolynomials v0.3.11
  [d8a4904e] MutableArithmetics v0.2.10
  [bac558e1] OrderedCollections v1.3.1
  [189a3867] Reexport v0.2.0
  [2a0f44e3] Base64
  [ade2ca70] Dates
  [8bb1440f] DelimitedFiles
  [8ba89e20] Distributed
  [9fa8497b] Future
  [b77e0a4c] InteractiveUtils
  [76f85450] LibGit2
  [8f399da3] Libdl
  [37e2e46d] LinearAlgebra
  [56ddb016] Logging
  [d6f4376e] Markdown
  [a63ad114] Mmap
  [44cfe95a] Pkg
  [de0858da] Printf
  [3fa0cd96] REPL
  [9a3f8284] Random
  [ea8e919c] SHA
  [9e88b42a] Serialization
  [1a1011a3] SharedArrays
  [6462fe0b] Sockets
  [2f01184e] SparseArrays
  [10745b16] Statistics
  [8dfed614] Test
  [cf7118a7] UUIDs
  [4ec0a83e] Unicode
Test Summary: | Pass  Total
Monomial      |   97     97
Test Summary: | Pass  Total
Scaled        |   97     97
Test Summary: | Pass  Total
Fixed         |   13     13
Test Summary: | Pass  Total
Hermite       |  214    214
Test Summary: | Pass  Total
Laguerre      |  111    111
Test Summary: | Pass  Total
Legendre      |  107    107
Test Summary: | Pass  Total
Chebyshev     |  214    214
    Testing MultivariateBases tests passed 
Finished at 2020-10-25T22:56:05.414
