Current time is 2020-10-25T22:19:29.916
Julia Version 1.5.3-pre.0
Commit 5905edebb1 (2020-09-24 05:09 UTC)
Platform Info:
  OS: Linux (x86_64-pc-linux-gnu)
  CPU: AMD EPYC 7502 32-Core Processor
  WORD_SIZE: 64
  LIBM: libopenlibm
  LLVM: libLLVM-9.0.1 (ORCJIT, znver2)
Environment:
  JULIA_DEPOT_PATH = ::/usr/local/share/julia
  JULIA_NUM_THREADS = 2
  JULIA_MAX_NUM_PRECOMPILE_FILES = 9223372036854775807
  JULIA_PKG_SERVER = 

Starting installation at 2020-10-25T22:19:32.816
  Resolving package versions...
  Installed TwoDimensional ─ v0.2.0
Updating `~/.julia/environments/v1.5/Project.toml`
  [1907e7ba] + TwoDimensional v0.2.0
Updating `~/.julia/environments/v1.5/Manifest.toml`
  [1907e7ba] + TwoDimensional v0.2.0
  [8f399da3] + Libdl
  [37e2e46d] + LinearAlgebra
Starting tests at 2020-10-25T22:19:34.544
    Testing TwoDimensional
Status `/tmp/jl_FoSo0Z/Project.toml`
  [1907e7ba] TwoDimensional v0.2.0
  [37e2e46d] LinearAlgebra
  [8dfed614] Test
Status `/tmp/jl_FoSo0Z/Manifest.toml`
  [1907e7ba] TwoDimensional v0.2.0
  [2a0f44e3] Base64
  [8ba89e20] Distributed
  [b77e0a4c] InteractiveUtils
  [8f399da3] Libdl
  [37e2e46d] LinearAlgebra
  [56ddb016] Logging
  [d6f4376e] Markdown
  [9a3f8284] Random
  [9e88b42a] Serialization
  [6462fe0b] Sockets
  [8dfed614] Test
Test Summary:             | Pass  Total
Points and bounding-boxes |  222    222
Test Summary:          |    Pass    Total
Bounding-box algorithm | 1048576  1048576
Test Summary:    | Pass  Total
AffineTransforms |  864    864
    Testing TwoDimensional tests passed 
Finished at 2020-10-25T22:19:54.026
