Current time is 2020-10-25T22:35:07.027
Julia Version 1.5.3-pre.13
Commit 3de1115e9c (2020-10-23 21:58 UTC)
Platform Info:
  OS: Linux (x86_64-linux-gnu)
  CPU: AMD EPYC 7502 32-Core Processor
  WORD_SIZE: 64
  LIBM: libopenlibm
  LLVM: libLLVM-9.0.1 (ORCJIT, znver2)
Environment:
  JULIA_DEPOT_PATH = ::/usr/local/share/julia
  JULIA_NUM_THREADS = 2
  JULIA_MAX_NUM_PRECOMPILE_FILES = 9223372036854775807
  JULIA_PKG_SERVER = 

Starting installation at 2020-10-25T22:35:10.018
  Resolving package versions...
  Installed Purses ─ v0.2.0
Updating `~/.julia/environments/v1.5/Project.toml`
  [b933ae29] + Purses v0.2.0
Updating `~/.julia/environments/v1.5/Manifest.toml`
  [b933ae29] + Purses v0.2.0
Starting tests at 2020-10-25T22:35:11.717
    Testing Purses
Status `/tmp/jl_xwfWkX/Project.toml`
  [b933ae29] Purses v0.2.0
  [8dfed614] Test
Status `/tmp/jl_xwfWkX/Manifest.toml`
  [b933ae29] Purses v0.2.0
  [2a0f44e3] Base64
  [8ba89e20] Distributed
  [b77e0a4c] InteractiveUtils
  [56ddb016] Logging
  [d6f4376e] Markdown
  [9a3f8284] Random
  [9e88b42a] Serialization
  [6462fe0b] Sockets
  [8dfed614] Test
Test Summary:       | Pass  Total
Basic functionality |   14     14
Test Summary: | Pass  Total
Conversion    |    9      9
Test Summary:         | Pass  Total
Function registration |    8      8
Test Summary:   | Pass  Total
Unary operators |   49     49
Test Summary:    | Pass  Total
Binary operators |   11     11
Test Summary:      | Pass  Total
Iteration protocol |   15     15
    Testing Purses tests passed 
Finished at 2020-10-25T22:35:26.901
