Julia Version 1.5.2-pre.0
Commit c4acbf93fb (2020-08-26 10:58 UTC)
Platform Info:
  OS: Linux (x86_64-pc-linux-gnu)
  CPU: Intel(R) Xeon(R) Silver 4114 CPU @ 2.20GHz
  WORD_SIZE: 64
  LIBM: libopenlibm
  LLVM: libLLVM-9.0.1 (ORCJIT, skylake-avx512)
Environment:
  JULIA_DEPOT_PATH = ::/usr/local/share/julia
  JULIA_NUM_THREADS = 2

  Resolving package versions...
  Installed SortingAlgorithms ─────────── v0.3.1
  Installed DataAPI ───────────────────── v1.3.0
  Installed IteratorInterfaceExtensions ─ v1.0.0
  Installed TableOperations ───────────── v0.2.1
  Installed Tables ────────────────────── v1.0.5
  Installed DataStructures ────────────── v0.17.20
  Installed Impute ────────────────────── v0.5.0
  Installed StaticArrays ──────────────── v0.12.4
  Installed Distances ─────────────────── v0.8.2
  Installed OrderedCollections ────────── v1.3.0
  Installed StatsBase ─────────────────── v0.32.2
  Installed IterTools ─────────────────── v1.3.0
  Installed TableTraits ───────────────── v1.0.0
  Installed Missings ──────────────────── v0.4.4
  Installed DataValueInterfaces ───────── v1.0.0
  Installed NearestNeighbors ──────────── v0.4.4
Updating `~/.julia/environments/v1.5/Project.toml`
  [f7bf1975] + Impute v0.5.0
Updating `~/.julia/environments/v1.5/Manifest.toml`
  [9a962f9c] + DataAPI v1.3.0
  [864edb3b] + DataStructures v0.17.20
  [e2d170a0] + DataValueInterfaces v1.0.0
  [b4f34e82] + Distances v0.8.2
  [f7bf1975] + Impute v0.5.0
  [c8e1da08] + IterTools v1.3.0
  [82899510] + IteratorInterfaceExtensions v1.0.0
  [e1d29d7a] + Missings v0.4.4
  [b8a86587] + NearestNeighbors v0.4.4
  [bac558e1] + OrderedCollections v1.3.0
  [a2af1166] + SortingAlgorithms v0.3.1
  [90137ffa] + StaticArrays v0.12.4
  [2913bbd2] + StatsBase v0.32.2
  [ab02a1b2] + TableOperations v0.2.1
  [3783bdb8] + TableTraits v1.0.0
  [bd369af6] + Tables v1.0.5
  [2a0f44e3] + Base64
  [8ba89e20] + Distributed
  [b77e0a4c] + InteractiveUtils
  [8f399da3] + Libdl
  [37e2e46d] + LinearAlgebra
  [56ddb016] + Logging
  [d6f4376e] + Markdown
  [de0858da] + Printf
  [9a3f8284] + Random
  [9e88b42a] + Serialization
  [6462fe0b] + Sockets
  [2f01184e] + SparseArrays
  [10745b16] + Statistics
  [8dfed614] + Test
  [4ec0a83e] + Unicode
    Testing Impute
Status `/tmp/jl_RDRvqR/Project.toml`
  [39de3d68] AxisArrays v0.4.3
  [861a8166] Combinatorics v1.0.2
  [a93c6f00] DataFrames v0.21.7
  [b4f34e82] Distances v0.8.2
  [f7bf1975] Impute v0.5.0
  [c8e1da08] IterTools v1.3.0
  [e1d29d7a] Missings v0.4.4
  [b8a86587] NearestNeighbors v0.4.4
  [ce6b1742] RDatasets v0.6.10
  [2913bbd2] StatsBase v0.32.2
  [ab02a1b2] TableOperations v0.2.1
  [bd369af6] Tables v1.0.5
  [ade2ca70] Dates
  [37e2e46d] LinearAlgebra
  [9a3f8284] Random
  [10745b16] Statistics
  [8dfed614] Test
Status `/tmp/jl_RDRvqR/Manifest.toml`
  [39de3d68] AxisArrays v0.4.3
  [336ed68f] CSV v0.7.7
  [324d7699] CategoricalArrays v0.8.2
  [944b1d66] CodecZlib v0.7.0
  [861a8166] Combinatorics v1.0.2
  [34da2185] Compat v3.15.0
  [9a962f9c] DataAPI v1.3.0
  [a93c6f00] DataFrames v0.21.7
  [864edb3b] DataStructures v0.17.20
  [e2d170a0] DataValueInterfaces v1.0.0
  [b4f34e82] Distances v0.8.2
  [da5c29d0] EllipsisNotation v0.4.0
  [e2ba6199] ExprTools v0.1.2
  [8f5d6c58] EzXML v1.1.0
  [5789e2e9] FileIO v1.4.3
  [f7bf1975] Impute v0.5.0
  [8197267c] IntervalSets v0.5.1
  [41ab1584] InvertedIndices v1.0.0
  [c8e1da08] IterTools v1.3.0
  [82899510] IteratorInterfaceExtensions v1.0.0
  [682c06a0] JSON v0.21.1
  [94ce4f54] Libiconv_jll v1.16.0+6
  [e1d29d7a] Missings v0.4.4
  [78c3b35d] Mocking v0.7.1
  [b8a86587] NearestNeighbors v0.4.4
  [bac558e1] OrderedCollections v1.3.0
  [69de0a69] Parsers v1.0.10
  [2dfb63ee] PooledArrays v0.5.3
  [df47a6cb] RData v0.7.2
  [ce6b1742] RDatasets v0.6.10
  [b3c3ace0] RangeArrays v0.3.2
  [3cdcf5f2] RecipesBase v1.0.2
  [189a3867] Reexport v0.2.0
  [ae029012] Requires v1.0.2
  [91c51154] SentinelArrays v1.2.15
  [a2af1166] SortingAlgorithms v0.3.1
  [90137ffa] StaticArrays v0.12.4
  [2913bbd2] StatsBase v0.32.2
  [856f2bd8] StructTypes v1.1.0
  [ab02a1b2] TableOperations v0.2.1
  [3783bdb8] TableTraits v1.0.0
  [bd369af6] Tables v1.0.5
  [f269a46b] TimeZones v1.3.2
  [3bb67fe8] TranscodingStreams v0.9.5
  [02c8fc9c] XML2_jll v2.9.10+2
  [83775a58] Zlib_jll v1.2.11+16
  [2a0f44e3] Base64
  [ade2ca70] Dates
  [8bb1440f] DelimitedFiles
  [8ba89e20] Distributed
  [9fa8497b] Future
  [b77e0a4c] InteractiveUtils
  [76f85450] LibGit2
  [8f399da3] Libdl
  [37e2e46d] LinearAlgebra
  [56ddb016] Logging
  [d6f4376e] Markdown
  [a63ad114] Mmap
  [44cfe95a] Pkg
  [de0858da] Printf
  [3fa0cd96] REPL
  [9a3f8284] Random
  [ea8e919c] SHA
  [9e88b42a] Serialization
  [1a1011a3] SharedArrays
  [6462fe0b] Sockets
  [2f01184e] SparseArrays
  [10745b16] Statistics
  [8dfed614] Test
  [cf7118a7] UUIDs
  [4ec0a83e] Unicode
WARNING: Impute.Drop is deprecated, use DropObs instead.
  likely near /home/pkgeval/.julia/packages/Impute/GmIMg/test/runtests.jl:16
SRS: Test Failed at /home/pkgeval/.julia/packages/Impute/GmIMg/test/runtests.jl:361
  Expression: result == expected
   Evaluated: Union{Missing, Float64}[1.0, 20.0, 8.0, 4.0, 5.0, 6.0, 14.0, 8.0, 9.0, 10.0, 11.0, 12.0, 13.0, 14.0, 15.0, 16.0, 17.0, 18.0, 19.0, 20.0] == Union{Missing, Float64}[1.0, 9.0, 16.0, 4.0, 5.0, 6.0, 17.0, 8.0, 9.0, 10.0, 11.0, 12.0, 13.0, 14.0, 15.0, 16.0, 17.0, 18.0, 19.0, 20.0]
Stacktrace:
 [1] top-level scope at /home/pkgeval/.julia/packages/Impute/GmIMg/test/runtests.jl:361
 [2] top-level scope at /buildworker/worker/package_linux64/build/usr/share/julia/stdlib/v1.5/Test/src/Test.jl:1115
 [3] top-level scope at /home/pkgeval/.julia/packages/Impute/GmIMg/test/runtests.jl:355
 [4] top-level scope at /buildworker/worker/package_linux64/build/usr/share/julia/stdlib/v1.5/Test/src/Test.jl:1115
 [5] top-level scope at /home/pkgeval/.julia/packages/Impute/GmIMg/test/runtests.jl:56
┌ Warning: `map(f::Base.Callable, gd::GroupedDataFrame)` is deprecated, use `combine(f, gd, ungroup = false)` instead.
│   caller = top-level scope at runtests.jl:430
└ @ Core ~/.julia/packages/Impute/GmIMg/test/runtests.jl:430
┌ Warning: Passing a tuple (:hod, :obj) of column selectors when sorting data frame is deprecated. Pass a vector [:hod, :obj] instead.
│   caller = sort(::DataFrame, ::Tuple{Symbol,Symbol}; alg::Nothing, lt::Function, by::Function, rev::Bool, order::Base.Order.ForwardOrdering) at sort.jl:353
└ @ DataFrames ~/.julia/packages/DataFrames/cdZCk/src/abstractdataframe/sort.jl:353
┌ Warning: impute(data, args...; kwargs...) is deprecated.
│ Please use Impute.method(data) or impute(data, imputor::Imputor).
│   caller = ip:0x0
└ @ Core :-1
┌ Warning: impute!(data, method) is deprecated.
│ Please use Impute.method!(data) or impute!(data, imputor::Imputor).
│   caller = ip:0x0
└ @ Core :-1
┌ Warning: Passing `limit` directly to impute functions is deprecated. Please pass `context=Context(; limit=0.2)` in the future.
└ @ Impute ~/.julia/packages/Impute/GmIMg/src/deprecated.jl:174
┌ Warning: Passing `limit` directly to impute functions is deprecated. Please pass `context=Context(; limit=0.2)` in the future.
└ @ Impute ~/.julia/packages/Impute/GmIMg/src/deprecated.jl:174
┌ Warning: `Fill(val; kwargs...)` is deprecated, use `Fill(; value = val, kwargs...)` instead.
│   caller = ip:0x0
└ @ Core :-1
┌ Warning: Passing `limit` directly to impute functions is deprecated. Please pass `context=Context(; limit=0.2)` in the future.
└ @ Impute ~/.julia/packages/Impute/GmIMg/src/deprecated.jl:174
┌ Warning: Passing `limit` directly to impute functions is deprecated. Please pass `context=Context(; limit=0.2)` in the future.
└ @ Impute ~/.julia/packages/Impute/GmIMg/src/deprecated.jl:174
┌ Warning: impute(data, args...; kwargs...) is deprecated.
│ Please use Impute.method(data) or impute(data, imputor::Imputor).
│   caller = top-level scope at deprecated.jl:111
└ @ Core ~/.julia/packages/Impute/GmIMg/test/deprecated.jl:111
┌ Warning: impute!(data, method) is deprecated.
│ Please use Impute.method!(data) or impute!(data, imputor::Imputor).
│   caller = impute(::Array{Union{Missing, Float64},1}, ::Symbol; kwargs::Base.Iterators.Pairs{Union{},Union{},Tuple{},NamedTuple{(),Tuple{}}}) at deprecated.jl:96
└ @ Impute ~/.julia/packages/Impute/GmIMg/src/deprecated.jl:96
┌ Warning: chain(data, args...) is deprecated.
│ Please use result = imp1(data) |> imp2 |> imp3
│   caller = ip:0x0
└ @ Core :-1
┌ Warning: chain!(data, imputors...) is deprecated.
│ Please use data = imp1(data) |> imp2 |> imp3
│   caller = ip:0x0
└ @ Core :-1
WARNING: Impute.Drop is deprecated, use DropObs instead.
  likely near /home/pkgeval/.julia/packages/Impute/GmIMg/test/deprecated.jl:1
WARNING: Impute.Drop is deprecated, use DropObs instead.
  likely near /home/pkgeval/.julia/packages/Impute/GmIMg/test/deprecated.jl:1
┌ Warning: Passing `limit` directly to impute functions is deprecated. Please pass `context=Context(; limit=1.0)` in the future.
└ @ Impute ~/.julia/packages/Impute/GmIMg/src/deprecated.jl:174
┌ Warning: dropobs! did not mutate input data of type Matrix
└ @ Main ~/.julia/packages/Impute/GmIMg/test/testutils.jl:121
┌ Warning: dropobs! did not mutate input data of type DataFrame
└ @ Main ~/.julia/packages/Impute/GmIMg/test/testutils.jl:190
┌ Warning: dropobs! did not mutate input data of type AxisArray
└ @ Main ~/.julia/packages/Impute/GmIMg/test/testutils.jl:297
┌ Warning: dropobs! did not mutate input data of column table
└ @ Main ~/.julia/packages/Impute/GmIMg/test/testutils.jl:330
┌ Warning: dropvars! did not mutate input data of type Matrix
└ @ Main ~/.julia/packages/Impute/GmIMg/test/testutils.jl:121
┌ Warning: dropvars! did not mutate input data of type DataFrame
└ @ Main ~/.julia/packages/Impute/GmIMg/test/testutils.jl:190
┌ Warning: dropvars! did not mutate input data of type AxisArray
└ @ Main ~/.julia/packages/Impute/GmIMg/test/testutils.jl:297
┌ Warning: dropvars! did not mutate input data of column table
└ @ Main ~/.julia/packages/Impute/GmIMg/test/testutils.jl:330
┌ Warning: dropvars! did not mutate input data of row table
└ @ Main ~/.julia/packages/Impute/GmIMg/test/testutils.jl:364
┌ Warning: interpolate! did not mutate input data of row table
└ @ Main ~/.julia/packages/Impute/GmIMg/test/testutils.jl:364
┌ Warning: fill! did not mutate input data of row table
└ @ Main ~/.julia/packages/Impute/GmIMg/test/testutils.jl:364
┌ Warning: locf! did not mutate input data of row table
└ @ Main ~/.julia/packages/Impute/GmIMg/test/testutils.jl:364
┌ Warning: nocb! did not mutate input data of row table
└ @ Main ~/.julia/packages/Impute/GmIMg/test/testutils.jl:364
[ Info: Before: Diff=missing, MAE=4547.3318452748645, convergence=missing, normsq=missing, 0.0
[ Info: Iteration 1: Diff=1.2296265764523406e7, MAE=867.383556592804, MSS=1.6691781042258618e12, convergence=58.69223307471181
[ Info: Iteration 2: Diff=2.1425785243090303e6, MAE=299.63545276433325, MSS=9.867571743212119e13, convergence=0.017891112518788593
[ Info: Iteration 3: Diff=691954.5881148028, MAE=206.92594254419714, MSS=1.2333966198481897e14, convergence=0.00026703389040007134
[ Info: Iteration 4: Diff=311211.3324422573, MAE=152.49484882365775, MSS=1.2587644128089134e14, convergence=2.9289575886576372e-5
[ Info: Iteration 5: Diff=-314933.6709394938, MAE=98.160738415949, MSS=1.2639579445831994e14, convergence=1.2487494985393296e-5
[ Info: Iteration 6: Diff=-24206.795136904133, MAE=67.3137935316606, MSS=1.2669085218495669e14, convergence=4.4008990890082535e-6
[ Info: Iteration 7: Diff=-231563.1037803586, MAE=37.08065198932307, MSS=1.2681223928063605e14, convergence=1.7683648369498435e-6
[ Info: Iteration 8: Diff=-33505.154928729244, MAE=24.757724018853516, MSS=1.2689741841065038e14, convergence=6.534204063172003e-7
[ Info: Iteration 9: Diff=-6719.102245432854, MAE=20.367953228883753, MSS=1.2696817806416525e14, convergence=2.1988998960780644e-7
[ Info: Iteration 10: Diff=-2218.211760464449, MAE=11.805121005420744, MSS=1.269878361883029e14, convergence=1.4807556843016457e-7
[ Info: Iteration 11: Diff=-1363.033635793495, MAE=9.388411376816501, MSS=1.2700472802552975e14, convergence=5.1116517531890913e-8
[ Info: Iteration 12: Diff=-1196.1677765592467, MAE=5.885583938825726, MSS=1.2701106834179831e14, convergence=2.6797089208059115e-8
[ Info: Iteration 13: Diff=1383.2224807305533, MAE=3.5594625190796245, MSS=1.2701144169649911e14, convergence=1.4320189756648003e-8
[ Info: Iteration 14: Diff=345.19015045531523, MAE=2.263146131932714, MSS=1.2701174421289481e14, convergence=6.109824516008725e-9
[ Info: Iteration 15: Diff=355.1968027596397, MAE=1.7480773007724413, MSS=1.2701200060407436e14, convergence=2.15364549786873e-9
[ Info: Iteration 16: Diff=173.21032556423253, MAE=1.3963260856728652, MSS=1.2701216908592094e14, convergence=8.96204068093185e-10
[ Info: Iteration 17: Diff=-69.1563706949521, MAE=1.2331689124766398, MSS=1.2701231230206862e14, convergence=3.9052050882222153e-10
[ Info: Iteration 18: Diff=-143.92232298879256, MAE=1.029394625059168, MSS=1.270124169887149e14, convergence=1.8685691096498068e-10
[ Info: Iteration 19: Diff=-27.926487927896055, MAE=0.9625832608925982, MSS=1.2701242112129562e14, convergence=9.790053090730792e-11
[ Info: Before: Diff=missing, MAE=2290.5940697816586, convergence=missing, normsq=missing, 0.0
[ Info: Iteration 1: Diff=24225.876943918567, MAE=881.3458452211898, MSS=2.9116888542315893e9, convergence=0.11921511825802332
[ Info: Iteration 2: Diff=-291.3832296141892, MAE=5.542299694995359, MSS=2.9997293630999527e9, convergence=9.319192008016501e-6
[ Info: Iteration 3: Diff=-7.0929153561204705, MAE=3.025019767427647, MSS=2.9997526364198933e9, convergence=1.375026382680342e-7
[ Info: Iteration 4: Diff=-0.35795241766537017, MAE=1.0255135840393967, MSS=2.999770026773914e9, convergence=1.492610458806224e-7
[ Info: Iteration 5: Diff=-0.1991703121931927, MAE=0.02016772546915314, MSS=2.999768952659837e9, convergence=1.0198605993284879e-11
[ Info: Before: Diff=missing, MAE=49.87535477689075, convergence=missing, normsq=missing, 0.0
[ Info: Iteration 1: Diff=32.78750579830211, MAE=1.111145090278456, MSS=2.3678714125284194e6, convergence=0.0014027281182992857
[ Info: Iteration 2: Diff=34.02293169202283, MAE=1.067473345723069, MSS=2.3682906947876695e6, convergence=8.722796124732052e-5
[ Info: Iteration 3: Diff=2.6262072762876585, MAE=1.0414929886171251, MSS=2.365859521213097e6, convergence=6.244651914792749e-5
[ Info: Iteration 4: Diff=-19.640438553266293, MAE=1.0180624844770942, MSS=2.365868229313483e6, convergence=5.538021897443519e-5
[ Info: Iteration 5: Diff=-25.34908220666494, MAE=0.9999567669088038, MSS=2.3680015680825375e6, convergence=5.994474974311154e-5
[ Info: Iteration 6: Diff=-30.03916179202104, MAE=0.9731753978713873, MSS=2.370768710168918e6, convergence=5.811389460352494e-5
[ Info: Iteration 7: Diff=-11.79270742026221, MAE=0.9538837567149604, MSS=2.3740236428777827e6, convergence=5.1567906899332584e-5
[ Info: Iteration 8: Diff=-21.92011017801679, MAE=0.932215272673519, MSS=2.3754984300658926e6, convergence=4.269972669543562e-5
[ Info: Iteration 9: Diff=-13.108579663951517, MAE=0.9175568085597113, MSS=2.3779136963196937e6, convergence=4.0202039745517525e-5
[ Info: Iteration 10: Diff=-20.961975696427416, MAE=0.9021328610325104, MSS=2.3794601272025993e6, convergence=4.680748967396764e-5
[ Info: Iteration 11: Diff=-12.678720778405996, MAE=0.8798695303713184, MSS=2.3817112138721314e6, convergence=4.068298248430748e-5
[ Info: Iteration 12: Diff=-6.849474367213055, MAE=0.862918227171039, MSS=2.3831734810440824e6, convergence=3.933265175992019e-5
[ Info: Iteration 13: Diff=-8.363599364154844, MAE=0.8497933638586295, MSS=2.3840400059554265e6, convergence=3.3440754580114266e-5
[ Info: Iteration 14: Diff=-8.47450911014127, MAE=0.8352306709654704, MSS=2.3851197880736697e6, convergence=3.454228342283354e-5
[ Info: Iteration 15: Diff=11.089359771531278, MAE=0.8183452439061143, MSS=2.3861147885881993e6, convergence=3.4076526477558615e-5
[ Info: Iteration 16: Diff=6.262402610466346, MAE=0.8050624486821, MSS=2.385103349705428e6, convergence=3.318279979279801e-5
[ Info: Iteration 17: Diff=18.95345106165356, MAE=0.7845802869316081, MSS=2.384622002251899e6, convergence=4.154299319477172e-5
[ Info: Iteration 18: Diff=8.047443311938196, MAE=0.7651509056966584, MSS=2.382915300943146e6, convergence=4.15002235253085e-5
[ Info: Iteration 19: Diff=-0.4446702607865376, MAE=0.7488994135408451, MSS=2.382335395535781e6, convergence=3.41678679739902e-5
[ Info: Iteration 20: Diff=-1.8910661123807486, MAE=0.7334208447032511, MSS=2.3825820061593326e6, convergence=3.4489083251604735e-5
[ Info: Iteration 21: Diff=2.724910537747185, MAE=0.7210868531239519, MSS=2.3830024155885726e6, convergence=3.175134130194674e-5
[ Info: Iteration 22: Diff=-2.796366911885194, MAE=0.7036855775739796, MSS=2.382963258169339e6, convergence=2.931643491363037e-5
[ Info: Iteration 23: Diff=16.731206889505515, MAE=0.6858417447826708, MSS=2.383484709617202e6, convergence=3.269654467997687e-5
[ Info: Iteration 24: Diff=7.860259878723291, MAE=0.6707603104834091, MSS=2.3820693870155113e6, convergence=3.214771632980403e-5
[ Info: Iteration 25: Diff=3.5826220818949395, MAE=0.6539905456907256, MSS=2.3815559419985716e6, convergence=3.0941606971435136e-5
[ Info: Iteration 26: Diff=6.533290662071934, MAE=0.6382645384888885, MSS=2.381404503300155e6, convergence=2.7013459761934403e-5
[ Info: Iteration 27: Diff=1.5180121551024754, MAE=0.6213417244185168, MSS=2.3810166321549243e6, convergence=2.5884438209406382e-5
[ Info: Iteration 28: Diff=0.4133568918414454, MAE=0.6042745141275829, MSS=2.381141478422293e6, convergence=2.688423178565907e-5
[ Info: Iteration 29: Diff=-8.048137166918814, MAE=0.5896048786498402, MSS=2.3814070173649965e6, convergence=2.5586400991078275e-5
[ Info: Iteration 30: Diff=-3.909061051382764, MAE=0.5744030482926223, MSS=2.3825326590434974e6, convergence=2.353555346647771e-5
[ Info: Iteration 31: Diff=2.7247493439638646, MAE=0.5605521395364155, MSS=2.3832455290799043e6, convergence=2.2138195870604126e-5
[ Info: Iteration 32: Diff=3.541772309857599, MAE=0.5455299094141063, MSS=2.3833555931874793e6, convergence=2.341746163510863e-5
[ Info: Iteration 33: Diff=-1.9244642004236638, MAE=0.5317250607259376, MSS=2.3832997966469885e6, convergence=2.3610461450923746e-5
[ Info: Iteration 34: Diff=-0.7447982679483047, MAE=0.5188936824517001, MSS=2.383784659404677e6, convergence=2.2907722791443677e-5
[ Info: Iteration 35: Diff=5.991228321964897, MAE=0.5045496334670481, MSS=2.3842002040183293e6, convergence=2.1760866094786796e-5
[ Info: Iteration 36: Diff=-0.7669093575128869, MAE=0.49044728670863724, MSS=2.3839867987848227e6, convergence=2.153838394834028e-5
[ Info: Iteration 37: Diff=-1.716858505132329, MAE=0.4749863438797268, MSS=2.384425424214633e6, convergence=1.9709894472520917e-5
[ Info: Iteration 38: Diff=-0.05208869345270983, MAE=0.45894677411096146, MSS=2.38497130444415e6, convergence=2.0643903978623025e-5
[ Info: Iteration 39: Diff=-7.729328667980226, MAE=0.44252654545482717, MSS=2.385420611017128e6, convergence=2.103650909824891e-5
[ Info: Iteration 40: Diff=-12.254430753291203, MAE=0.4275212643127725, MSS=2.386552930918756e6, convergence=1.887320693347827e-5
[ Info: Iteration 41: Diff=-12.500374353454156, MAE=0.41252451839599386, MSS=2.388141776871197e6, convergence=1.6886136044361412e-5
[ Info: Iteration 42: Diff=-12.940415325327763, MAE=0.39715187657956014, MSS=2.389780687065045e6, convergence=1.6465168917751e-5
[ Info: Iteration 43: Diff=-8.339916094266421, MAE=0.38309435340931974, MSS=2.391455204857373e6, convergence=1.5660098655123454e-5
[ Info: Iteration 44: Diff=-10.563524477033774, MAE=0.36979356124485746, MSS=2.3927073915636716e6, convergence=1.5417570487230642e-5
[ Info: Iteration 45: Diff=-7.091992520217339, MAE=0.3549874840211343, MSS=2.3942219793395777e6, convergence=1.5223648046310599e-5
[ Info: Iteration 46: Diff=-2.6452691250192046, MAE=0.34132064392552425, MSS=2.395392122055771e6, convergence=1.4888898788178928e-5
[ Info: Iteration 47: Diff=-3.956408918183179, MAE=0.32629573337042767, MSS=2.3961217853758717e6, convergence=1.3988951708089298e-5
[ Info: Iteration 48: Diff=-5.964520252719716, MAE=0.3135444603649467, MSS=2.397000841977842e6, convergence=1.3107917150325494e-5
[ Info: Iteration 49: Diff=-7.814333013432687, MAE=0.2991018597335947, MSS=2.3980828914309954e6, convergence=1.2277380402440734e-5
[ Info: Iteration 50: Diff=-5.04572321381157, MAE=0.2839994849757617, MSS=2.399345199452295e6, convergence=1.1422055641712924e-5
[ Info: Iteration 51: Diff=-0.6697958362328293, MAE=0.27150571085810915, MSS=2.400323158699299e6, convergence=1.0661714442717941e-5
[ Info: Iteration 52: Diff=2.8638703521545708, MAE=0.2578912878180952, MSS=2.4008937734861434e6, convergence=1.0057528792550009e-5
[ Info: Iteration 53: Diff=3.422875657740377, MAE=0.24447623836725124, MSS=2.401095232816234e6, convergence=9.406245467402424e-6
[ Info: Iteration 54: Diff=1.644093766121152, MAE=0.2310577617369801, MSS=2.4012196832154943e6, convergence=8.482022725491607e-6
[ Info: Iteration 55: Diff=2.988015361886248, MAE=0.21846981498121248, MSS=2.401476504517075e6, convergence=7.395745946862317e-6
[ Info: Iteration 56: Diff=0.433954396088879, MAE=0.2063251608335588, MSS=2.4015710715886788e6, convergence=6.7422596706981045e-6
[ Info: Iteration 57: Diff=-1.756311485895182, MAE=0.1949548010565006, MSS=2.401907417939613e6, convergence=6.233343975327413e-6
[ Info: Iteration 58: Diff=-2.010684175374365, MAE=0.18351646019598916, MSS=2.402436056878251e6, convergence=5.7142646625241825e-6
[ Info: Iteration 59: Diff=-1.9478072806911513, MAE=0.1721796052425401, MSS=2.4029733570140246e6, convergence=5.174426290475741e-6
[ Info: Iteration 60: Diff=0.71339235438721, MAE=0.16128418872721423, MSS=2.403483413155284e6, convergence=4.872460243134983e-6
[ Info: Iteration 61: Diff=0.9674896959433568, MAE=0.15048499981397512, MSS=2.4036803022913923e6, convergence=4.373256112513692e-6
[ Info: Iteration 62: Diff=1.7256302055164312, MAE=0.14042987412607177, MSS=2.403814440524306e6, convergence=3.8035032708569465e-6
[ Info: Iteration 63: Diff=-0.7028748193243146, MAE=0.1310799605145107, MSS=2.4038501526319985e6, convergence=3.6225075825526304e-6
[ Info: Iteration 64: Diff=-1.1319813654598434, MAE=0.12236403707390772, MSS=2.404115064805042e6, convergence=3.182842774102194e-6
[ Info: Iteration 65: Diff=-0.2595782549179617, MAE=0.1129210786704828, MSS=2.404408129469165e6, convergence=2.8554726011606386e-6
[ Info: Iteration 66: Diff=-0.2608189801412806, MAE=0.10415760554446506, MSS=2.404619003053844e6, convergence=2.4327070829223736e-6
[ Info: Iteration 67: Diff=1.2175512741215044, MAE=0.09518360047061832, MSS=2.404824092520971e6, convergence=2.1231918137798807e-6
[ Info: Iteration 68: Diff=1.7408851695824268, MAE=0.08752767835726893, MSS=2.404868224749777e6, convergence=1.8835406556671746e-6
[ Info: Iteration 69: Diff=1.7858563455919167, MAE=0.08019410081954109, MSS=2.404849810383257e6, convergence=1.5499046093524592e-6
[ Info: Iteration 70: Diff=2.4698258831054716, MAE=0.07325746248460555, MSS=2.404816867039291e6, convergence=1.3584394446626175e-6
[ Info: Iteration 71: Diff=3.1979502108449864, MAE=0.06673782821354605, MSS=2.404708158610798e6, convergence=1.159639032957817e-6
[ Info: Iteration 72: Diff=2.5023570721298896, MAE=0.06076106750014373, MSS=2.4045124347792403e6, convergence=1.0342128807729615e-6
[ Info: Iteration 73: Diff=1.6232100853168063, MAE=0.05504410761398825, MSS=2.4043695638343864e6, convergence=8.741071597185203e-7
[ Info: Iteration 74: Diff=1.1013498132452, MAE=0.049213812951146775, MSS=2.404294038025297e6, convergence=7.484308290772504e-7
[ Info: Iteration 75: Diff=0.7254925771430187, MAE=0.044048474256649754, MSS=2.4042607946312814e6, convergence=6.32387098225714e-7
[ Info: Iteration 76: Diff=0.7792471832383292, MAE=0.03917275348128036, MSS=2.4042645367354667e6, convergence=5.207732520110696e-7
[ Info: Iteration 77: Diff=0.5306793915775501, MAE=0.03477922435776046, MSS=2.4042485416481416e6, convergence=4.3904226396480605e-7
[ Info: Iteration 78: Diff=-0.2662196261499119, MAE=0.030769464764505296, MSS=2.404251885426266e6, convergence=3.4920440356578144e-7
[ Info: Iteration 79: Diff=-0.2859706855771549, MAE=0.026901088473246616, MSS=2.404328950768288e6, convergence=2.700331271374482e-7
[ Info: Iteration 80: Diff=-0.3771254966463715, MAE=0.023402809272555832, MSS=2.40439685028614e6, convergence=2.1441559570232178e-7
[ Info: Iteration 81: Diff=-0.6503019411409667, MAE=0.020235735363440824, MSS=2.4044675288990885e6, convergence=1.7406567875185303e-7
[ Info: Iteration 82: Diff=-0.7430030255335467, MAE=0.01730994346927245, MSS=2.404562108517974e6, convergence=1.2979668536776146e-7
[ Info: Iteration 83: Diff=-0.778486550898478, MAE=0.014864254286512198, MSS=2.4046561216443833e6, convergence=9.662072199403134e-8
[ Info: Iteration 84: Diff=-0.4509917975891966, MAE=0.0125372347064167, MSS=2.4047511369818724e6, convergence=6.99484334917397e-8
[ Info: Iteration 85: Diff=-0.01710443747234791, MAE=0.010468701994438587, MSS=2.40480460001104e6, convergence=5.3221255384254123e-8
[ Info: Iteration 86: Diff=-0.009711540974713273, MAE=0.008671552798813275, MSS=2.404813416982522e6, convergence=3.8852610353507214e-8
[ Info: Iteration 87: Diff=0.17303028440039014, MAE=0.0070949823555771846, MSS=2.4048214799995143e6, convergence=2.679327182212278e-8
[ Info: Iteration 88: Diff=0.02258787554839614, MAE=0.005740077761028032, MSS=2.4048075603479715e6, convergence=1.9044499732798562e-8
[ Info: Iteration 89: Diff=0.006640720424456958, MAE=0.0046612524423349086, MSS=2.4048071591833807e6, convergence=1.2650630148978778e-8
[ Info: Iteration 90: Diff=0.020949941884730094, MAE=0.0037449172255997172, MSS=2.404809058973e6, convergence=9.016420894415114e-9
[ Info: Iteration 91: Diff=-0.04406376225663422, MAE=0.002982654861481813, MSS=2.404808564287692e6, convergence=6.004070408337759e-9
[ Info: Iteration 92: Diff=0.049475971646096184, MAE=0.0022503697951560798, MSS=2.4048138864977774e6, convergence=3.6424814626922147e-9
[ Info: Iteration 93: Diff=0.03217529260229668, MAE=0.0016172984319171063, MSS=2.4048090160076176e6, convergence=2.008775093842338e-9
[ Info: Iteration 94: Diff=-0.03134411122322689, MAE=0.0011151052838559556, MSS=2.404806405723215e6, convergence=9.39692387419264e-10
[ Info: Iteration 95: Diff=-0.009850105998225445, MAE=0.0007764515444878477, MSS=2.4048094662322e6, convergence=4.910010951572261e-10
[ Info: Iteration 96: Diff=0.005741613279404589, MAE=0.00044211986043970553, MSS=2.404810137469868e6, convergence=1.9760523135792604e-10
[ Info: Iteration 97: Diff=0.0044392816539655655, MAE=0.00016500625034980492, MSS=2.404809618084039e6, convergence=2.8556115782635e-11
Test Summary:                 | Pass  Fail  Broken  Total
Impute                        |  398     1       9    408
  Equality                    |    7                    7
  Drop                        |   33             9     42
  Interpolate                 |    6                    6
  Fill                        |    8                    8
  LOCF                        |    3                    3
  NOCB                        |    3                    3
  SRS                         |    2     1              3
  Not enough data             |    2                    2
  Chain                       |   16                   16
  Alternate missing functions |    2                    2
  Contexts                    |    5                    5
  Utils                       |    8                    8
  KNN                         |   12                   12
  deprecated                  |   27                   27
  DropObs                     |   45                   45
  DropVars                    |   32                   32
  Interpolate                 |   46                   46
  Fill                        |   46                   46
  LOCF                        |   46                   46
  NOCB                        |   46                   46
  SVD                         |    3                    3
ERROR: LoadError: Some tests did not pass: 398 passed, 1 failed, 0 errored, 9 broken.
in expression starting at /home/pkgeval/.julia/packages/Impute/GmIMg/test/runtests.jl:54
ERROR: Package Impute errored during testing
Stacktrace:
 [1] pkgerror(::String) at /buildworker/worker/package_linux64/build/usr/share/julia/stdlib/v1.5/Pkg/src/Types.jl:52
 [2] test(::Pkg.Types.Context, ::Array{Pkg.Types.PackageSpec,1}; coverage::Bool, julia_args::Cmd, test_args::Cmd, test_fn::Nothing) at /buildworker/worker/package_linux64/build/usr/share/julia/stdlib/v1.5/Pkg/src/Operations.jl:1578
 [3] test(::Pkg.Types.Context, ::Array{Pkg.Types.PackageSpec,1}; coverage::Bool, test_fn::Nothing, julia_args::Cmd, test_args::Cmd, kwargs::Base.Iterators.Pairs{Union{},Union{},Tuple{},NamedTuple{(),Tuple{}}}) at /buildworker/worker/package_linux64/build/usr/share/julia/stdlib/v1.5/Pkg/src/API.jl:328
 [4] test(::Pkg.Types.Context, ::Array{Pkg.Types.PackageSpec,1}) at /buildworker/worker/package_linux64/build/usr/share/julia/stdlib/v1.5/Pkg/src/API.jl:315
 [5] #test#61 at /buildworker/worker/package_linux64/build/usr/share/julia/stdlib/v1.5/Pkg/src/API.jl:67 [inlined]
 [6] test at /buildworker/worker/package_linux64/build/usr/share/julia/stdlib/v1.5/Pkg/src/API.jl:67 [inlined]
 [7] #test#60 at /buildworker/worker/package_linux64/build/usr/share/julia/stdlib/v1.5/Pkg/src/API.jl:66 [inlined]
 [8] test at /buildworker/worker/package_linux64/build/usr/share/julia/stdlib/v1.5/Pkg/src/API.jl:66 [inlined]
 [9] test(::String; kwargs::Base.Iterators.Pairs{Union{},Union{},Tuple{},NamedTuple{(),Tuple{}}}) at /buildworker/worker/package_linux64/build/usr/share/julia/stdlib/v1.5/Pkg/src/API.jl:65
 [10] test(::String) at /buildworker/worker/package_linux64/build/usr/share/julia/stdlib/v1.5/Pkg/src/API.jl:65
 [11] top-level scope at none:19
