Julia Version 1.4.0
Commit b8e9a9ecc6 (2020-03-21 16:36 UTC)
Platform Info:
  OS: Linux (x86_64-linux-gnu)
  CPU: Intel(R) Xeon(R) Silver 4114 CPU @ 2.20GHz
  WORD_SIZE: 64
  LIBM: libopenlibm
  LLVM: libLLVM-8.0.1 (ORCJIT, skylake)
Environment:
  JULIA_DEPOT_PATH = ::/usr/local/share/julia
  JULIA_NUM_THREADS = 2

  Resolving package versions...
  Installed SortingAlgorithms ──────────── v0.3.1
  Installed CEnum ──────────────────────── v0.2.0
  Installed Bzip2_jll ──────────────────── v1.0.6+2
  Installed DataAPI ────────────────────── v1.1.0
  Installed CompilerSupportLibraries_jll ─ v0.3.3+0
  Installed FreeTypeAbstraction ────────── v0.6.5
  Installed GeometryTypes ──────────────── v0.8.2
  Installed Colors ─────────────────────── v0.12.0
  Installed OrderedCollections ─────────── v1.1.0
  Installed Missings ───────────────────── v0.4.3
  Installed Zlib_jll ───────────────────── v1.2.11+9
  Installed SpecialFunctions ───────────── v0.10.0
  Installed Reexport ───────────────────── v0.2.0
  Installed ColorTypes ─────────────────── v0.10.0
  Installed DataStructures ─────────────── v0.17.11
  Installed StaticArrays ───────────────── v0.12.1
  Installed StatsBase ──────────────────── v0.33.0
  Installed FixedPointNumbers ──────────── v0.8.0
  Installed FreeType ───────────────────── v3.0.0
  Installed ColorVectorSpace ───────────── v0.8.5
  Installed OpenSpecFun_jll ────────────── v0.5.3+3
  Installed FreeType2_jll ──────────────── v2.10.1+2
   Updating `~/.julia/environments/v1.4/Project.toml`
  [663a7486] + FreeTypeAbstraction v0.6.5
   Updating `~/.julia/environments/v1.4/Manifest.toml`
  [6e34b625] + Bzip2_jll v1.0.6+2
  [fa961155] + CEnum v0.2.0
  [3da002f7] + ColorTypes v0.10.0
  [c3611d14] + ColorVectorSpace v0.8.5
  [5ae59095] + Colors v0.12.0
  [e66e0078] + CompilerSupportLibraries_jll v0.3.3+0
  [9a962f9c] + DataAPI v1.1.0
  [864edb3b] + DataStructures v0.17.11
  [53c48c17] + FixedPointNumbers v0.8.0
  [b38be410] + FreeType v3.0.0
  [d7e528f0] + FreeType2_jll v2.10.1+2
  [663a7486] + FreeTypeAbstraction v0.6.5
  [4d00f742] + GeometryTypes v0.8.2
  [e1d29d7a] + Missings v0.4.3
  [efe28fd5] + OpenSpecFun_jll v0.5.3+3
  [bac558e1] + OrderedCollections v1.1.0
  [189a3867] + Reexport v0.2.0
  [a2af1166] + SortingAlgorithms v0.3.1
  [276daf66] + SpecialFunctions v0.10.0
  [90137ffa] + StaticArrays v0.12.1
  [2913bbd2] + StatsBase v0.33.0
  [83775a58] + Zlib_jll v1.2.11+9
  [2a0f44e3] + Base64 
  [ade2ca70] + Dates 
  [8ba89e20] + Distributed 
  [b77e0a4c] + InteractiveUtils 
  [76f85450] + LibGit2 
  [8f399da3] + Libdl 
  [37e2e46d] + LinearAlgebra 
  [56ddb016] + Logging 
  [d6f4376e] + Markdown 
  [44cfe95a] + Pkg 
  [de0858da] + Printf 
  [3fa0cd96] + REPL 
  [9a3f8284] + Random 
  [ea8e919c] + SHA 
  [9e88b42a] + Serialization 
  [6462fe0b] + Sockets 
  [2f01184e] + SparseArrays 
  [10745b16] + Statistics 
  [8dfed614] + Test 
  [cf7118a7] + UUIDs 
  [4ec0a83e] + Unicode 
    Testing FreeTypeAbstraction
Status `/tmp/jl_jA5xjE/Manifest.toml`
  [6e34b625] Bzip2_jll v1.0.6+2
  [fa961155] CEnum v0.2.0
  [3da002f7] ColorTypes v0.10.0
  [c3611d14] ColorVectorSpace v0.8.5
  [5ae59095] Colors v0.12.0
  [e66e0078] CompilerSupportLibraries_jll v0.3.3+0
  [9a962f9c] DataAPI v1.1.0
  [864edb3b] DataStructures v0.17.11
  [53c48c17] FixedPointNumbers v0.8.0
  [b38be410] FreeType v3.0.0
  [d7e528f0] FreeType2_jll v2.10.1+2
  [663a7486] FreeTypeAbstraction v0.6.5
  [4d00f742] GeometryTypes v0.8.2
  [e1d29d7a] Missings v0.4.3
  [efe28fd5] OpenSpecFun_jll v0.5.3+3
  [bac558e1] OrderedCollections v1.1.0
  [189a3867] Reexport v0.2.0
  [a2af1166] SortingAlgorithms v0.3.1
  [276daf66] SpecialFunctions v0.10.0
  [90137ffa] StaticArrays v0.12.1
  [2913bbd2] StatsBase v0.33.0
  [83775a58] Zlib_jll v1.2.11+9
  [2a0f44e3] Base64 
  [ade2ca70] Dates 
  [8ba89e20] Distributed 
  [b77e0a4c] InteractiveUtils 
  [76f85450] LibGit2 
  [8f399da3] Libdl 
  [37e2e46d] LinearAlgebra 
  [56ddb016] Logging 
  [d6f4376e] Markdown 
  [44cfe95a] Pkg 
  [de0858da] Printf 
  [3fa0cd96] REPL 
  [9a3f8284] Random 
  [ea8e919c] SHA 
  [9e88b42a] Serialization 
  [6462fe0b] Sockets 
  [2f01184e] SparseArrays 
  [10745b16] Statistics 
  [8dfed614] Test 
  [cf7118a7] UUIDs 
  [4ec0a83e] Unicode 
Test Summary: | Pass  Total
finding fonts |    3      3
  0.869171 seconds (24.67 k allocations: 1.637 MiB)
  0.718521 seconds (24.67 k allocations: 1.637 MiB)
  0.708280 seconds (24.67 k allocations: 1.637 MiB)
  0.722632 seconds (24.67 k allocations: 1.637 MiB)
  0.733841 seconds (24.67 k allocations: 1.637 MiB)
  0.784705 seconds (24.67 k allocations: 1.637 MiB)
  0.727530 seconds (24.67 k allocations: 1.637 MiB)
  0.930412 seconds (24.67 k allocations: 1.637 MiB, 3.65% gc time)
  0.846845 seconds (24.67 k allocations: 1.637 MiB)
  0.848406 seconds (24.67 k allocations: 1.637 MiB)
Test Summary:         | Pass  Total
loading lots of fonts |    1      1
    Testing FreeTypeAbstraction tests passed 
