Current time is 2020-10-25T20:21:32.406
Julia Version 1.5.3-pre.13
Commit 3de1115e9c (2020-10-23 21:58 UTC)
Platform Info:
  OS: Linux (x86_64-linux-gnu)
  CPU: AMD EPYC 7502 32-Core Processor
  WORD_SIZE: 64
  LIBM: libopenlibm
  LLVM: libLLVM-9.0.1 (ORCJIT, znver2)
Environment:
  JULIA_DEPOT_PATH = ::/usr/local/share/julia
  JULIA_NUM_THREADS = 2
  JULIA_MAX_NUM_PRECOMPILE_FILES = 9223372036854775807
  JULIA_PKG_SERVER = 

Starting installation at 2020-10-25T20:21:36.008
  Resolving package versions...
  Installed EllipsisNotation ───────────── v0.4.0
  Installed MKL_jll ────────────────────── v2020.2.254+0
  Installed Libuuid_jll ────────────────── v2.34.0+7
  Installed IndirectArrays ─────────────── v0.5.1
  Installed Images ─────────────────────── v0.22.5
  Installed TikzPictures ───────────────── v3.3.1
  Installed ImageTransformations ───────── v0.8.6
  Installed libpng_jll ─────────────────── v1.6.37+6
  Installed XML2_jll ───────────────────── v2.9.10+3
  Installed Pixman_jll ─────────────────── v0.38.4+5
  Installed WoodburyMatrices ───────────── v0.5.3
  Installed Discretizers ───────────────── v3.2.0
  Installed PGFPlots ───────────────────── v3.3.3
  Installed Requires ───────────────────── v1.1.0
  Installed Zlib_jll ───────────────────── v1.2.11+18
  Installed IntervalSets ───────────────── v0.5.1
  Installed Distances ──────────────────── v0.9.2
  Installed AbstractFFTs ───────────────── v0.5.0
  Installed Parsers ────────────────────── v1.0.11
  Installed Xorg_xtrans_jll ────────────── v1.4.0+3
  Installed CustomUnitRanges ───────────── v1.0.0
  Installed CoordinateTransformations ──── v0.6.0
  Installed Xorg_libXext_jll ───────────── v1.3.4+4
  Installed Compat ─────────────────────── v3.22.0
  Installed StructTypes ────────────────── v1.1.0
  Installed Contour ────────────────────── v0.5.5
  Installed PooledArrays ───────────────── v0.5.3
  Installed LZO_jll ────────────────────── v2.10.0+3
  Installed PaddedViews ────────────────── v0.5.6
  Installed ColorBrewer ────────────────── v0.4.0
  Installed JLLWrappers ────────────────── v1.1.3
  Installed OpenSpecFun_jll ────────────── v0.5.3+4
  Installed Xorg_libxcb_jll ────────────── v1.13.0+3
  Installed Xorg_libXdmcp_jll ──────────── v1.1.3+4
  Installed ImageShow ──────────────────── v0.2.3
  Installed CatIndices ─────────────────── v0.2.1
  Installed MosaicViews ────────────────── v0.2.3
  Installed Libtiff_jll ────────────────── v4.1.0+2
  Installed Cairo_jll ──────────────────── v1.16.0+6
  Installed ImageMagick ────────────────── v1.1.6
  Installed CompilerSupportLibraries_jll ─ v0.3.4+0
  Installed LaTeXStrings ───────────────── v1.2.0
  Installed InvertedIndices ────────────── v1.0.0
  Installed FixedPointNumbers ──────────── v0.8.4
  Installed ImageMetadata ──────────────── v0.9.4
  Installed XSLT_jll ───────────────────── v1.1.33+4
  Installed ImageMagick_jll ────────────── v6.9.10-12+3
  Installed FFTW_jll ───────────────────── v3.3.9+6
  Installed Xorg_libXau_jll ────────────── v1.0.9+4
  Installed SortingAlgorithms ──────────── v0.3.1
  Installed MacroTools ─────────────────── v0.5.6
  Installed ComputationalResources ─────── v0.3.2
  Installed ImageAxes ──────────────────── v0.6.7
  Installed FileIO ─────────────────────── v1.4.3
  Installed DataFrames ─────────────────── v0.21.8
  Installed ImageContrastAdjustment ────── v0.3.6
  Installed OrderedCollections ─────────── v1.3.1
  Installed UnPack ─────────────────────── v1.0.2
  Installed ImageDistances ─────────────── v0.2.8
  Installed Ratios ─────────────────────── v0.4.0
  Installed Libgpg_error_jll ───────────── v1.36.0+3
  Installed RangeArrays ────────────────── v0.3.2
  Installed IteratorInterfaceExtensions ── v1.0.0
  Installed SimpleTraits ───────────────── v0.9.3
  Installed SpecialFunctions ───────────── v0.10.3
  Installed Rotations ──────────────────── v1.0.1
  Installed DataStructures ─────────────── v0.17.20
  Installed CategoricalArrays ──────────── v0.8.3
  Installed Interpolations ─────────────── v0.12.10
  Installed DataValueInterfaces ────────── v1.0.0
  Installed Tables ─────────────────────── v1.1.0
  Installed Parameters ─────────────────── v0.12.1
  Installed ColorTypes ─────────────────── v0.10.9
  Installed Poppler_jll ────────────────── v0.87.0+0
  Installed PCRE_jll ───────────────────── v8.42.0+4
  Installed Libgcrypt_jll ──────────────── v1.8.5+4
  Installed Glib_jll ───────────────────── v2.59.0+4
  Installed IntelOpenMP_jll ────────────── v2018.0.3+0
  Installed ImageFiltering ─────────────── v0.6.17
  Installed JpegTurbo_jll ──────────────── v2.0.1+3
  Installed Bzip2_jll ──────────────────── v1.0.6+5
  Installed Libmount_jll ───────────────── v2.34.0+3
  Installed Reexport ───────────────────── v0.2.0
  Installed Xorg_libX11_jll ────────────── v1.6.9+4
  Installed TableTraits ────────────────── v1.0.0
  Installed StaticArrays ───────────────── v0.12.4
  Installed IterTools ──────────────────── v1.3.0
  Installed Fontconfig_jll ─────────────── v2.13.1+14
  Installed FreeType2_jll ──────────────── v2.10.1+5
  Installed NaNMath ────────────────────── v0.3.4
  Installed JSON ───────────────────────── v0.21.1
  Installed ImageMorphology ────────────── v0.2.9
  Installed Zstd_jll ───────────────────── v1.4.5+2
  Installed AxisArrays ─────────────────── v0.4.3
  Installed Missings ───────────────────── v0.4.4
  Installed Expat_jll ──────────────────── v2.2.7+6
  Installed FFTW ───────────────────────── v1.2.4
  Installed StatsBase ──────────────────── v0.33.2
  Installed Graphics ───────────────────── v1.0.2
  Installed IdentityRanges ─────────────── v0.3.1
  Installed TiledIteration ─────────────── v0.2.5
  Installed LittleCMS_jll ──────────────── v2.9.0+0
  Installed Libiconv_jll ───────────────── v1.16.0+7
  Installed Artifacts ──────────────────── v1.3.0
  Installed Gettext_jll ────────────────── v0.20.1+7
  Installed AxisAlgorithms ─────────────── v1.0.0
  Installed MappedArrays ───────────────── v0.2.2
  Installed DataAPI ────────────────────── v1.3.0
  Installed Xorg_libXrender_jll ────────── v0.9.10+4
  Installed Xorg_libpthread_stubs_jll ──── v0.1.0+3
  Installed FFTViews ───────────────────── v0.3.1
  Installed ImageQualityIndexes ────────── v0.1.4
  Installed OffsetArrays ───────────────── v1.3.1
  Installed ImageCore ──────────────────── v0.8.18
  Installed Colors ─────────────────────── v0.12.4
  Installed ColorSchemes ───────────────── v3.10.1
  Installed ColorVectorSpace ───────────── v0.8.6
  Installed OpenJpeg_jll ───────────────── v2.3.1+0
  Installed Libffi_jll ─────────────────── v3.2.1+4
Updating `~/.julia/environments/v1.5/Project.toml`
  [3b7a836e] + PGFPlots v3.3.3
Updating `~/.julia/environments/v1.5/Manifest.toml`
  [621f4979] + AbstractFFTs v0.5.0
  [56f22d72] + Artifacts v1.3.0
  [13072b0f] + AxisAlgorithms v1.0.0
  [39de3d68] + AxisArrays v0.4.3
  [6e34b625] + Bzip2_jll v1.0.6+5
  [83423d85] + Cairo_jll v1.16.0+6
  [aafaddc9] + CatIndices v0.2.1
  [324d7699] + CategoricalArrays v0.8.3
  [a2cac450] + ColorBrewer v0.4.0
  [35d6a980] + ColorSchemes v3.10.1
  [3da002f7] + ColorTypes v0.10.9
  [c3611d14] + ColorVectorSpace v0.8.6
  [5ae59095] + Colors v0.12.4
  [34da2185] + Compat v3.22.0
  [e66e0078] + CompilerSupportLibraries_jll v0.3.4+0
  [ed09eef8] + ComputationalResources v0.3.2
  [d38c429a] + Contour v0.5.5
  [150eb455] + CoordinateTransformations v0.6.0
  [dc8bdbbb] + CustomUnitRanges v1.0.0
  [9a962f9c] + DataAPI v1.3.0
  [a93c6f00] + DataFrames v0.21.8
  [864edb3b] + DataStructures v0.17.20
  [e2d170a0] + DataValueInterfaces v1.0.0
  [6e83dbb3] + Discretizers v3.2.0
  [b4f34e82] + Distances v0.9.2
  [da5c29d0] + EllipsisNotation v0.4.0
  [2e619515] + Expat_jll v2.2.7+6
  [4f61f5a4] + FFTViews v0.3.1
  [7a1cc6ca] + FFTW v1.2.4
  [f5851436] + FFTW_jll v3.3.9+6
  [5789e2e9] + FileIO v1.4.3
  [53c48c17] + FixedPointNumbers v0.8.4
  [a3f928ae] + Fontconfig_jll v2.13.1+14
  [d7e528f0] + FreeType2_jll v2.10.1+5
  [78b55507] + Gettext_jll v0.20.1+7
  [7746bdde] + Glib_jll v2.59.0+4
  [a2bd30eb] + Graphics v1.0.2
  [bbac6d45] + IdentityRanges v0.3.1
  [2803e5a7] + ImageAxes v0.6.7
  [f332f351] + ImageContrastAdjustment v0.3.6
  [a09fc81d] + ImageCore v0.8.18
  [51556ac3] + ImageDistances v0.2.8
  [6a3955dd] + ImageFiltering v0.6.17
  [6218d12a] + ImageMagick v1.1.6
  [c73af94c] + ImageMagick_jll v6.9.10-12+3
  [bc367c6b] + ImageMetadata v0.9.4
  [787d08f9] + ImageMorphology v0.2.9
  [2996bd0c] + ImageQualityIndexes v0.1.4
  [4e3cecfd] + ImageShow v0.2.3
  [02fcd773] + ImageTransformations v0.8.6
  [916415d5] + Images v0.22.5
  [9b13fd28] + IndirectArrays v0.5.1
  [1d5cc7b8] + IntelOpenMP_jll v2018.0.3+0
  [a98d9a8b] + Interpolations v0.12.10
  [8197267c] + IntervalSets v0.5.1
  [41ab1584] + InvertedIndices v1.0.0
  [c8e1da08] + IterTools v1.3.0
  [82899510] + IteratorInterfaceExtensions v1.0.0
  [692b3bcd] + JLLWrappers v1.1.3
  [682c06a0] + JSON v0.21.1
  [aacddb02] + JpegTurbo_jll v2.0.1+3
  [dd4b983a] + LZO_jll v2.10.0+3
  [b964fa9f] + LaTeXStrings v1.2.0
  [e9f186c6] + Libffi_jll v3.2.1+4
  [d4300ac3] + Libgcrypt_jll v1.8.5+4
  [7add5ba3] + Libgpg_error_jll v1.36.0+3
  [94ce4f54] + Libiconv_jll v1.16.0+7
  [4b2f31a3] + Libmount_jll v2.34.0+3
  [89763e89] + Libtiff_jll v4.1.0+2
  [38a345b3] + Libuuid_jll v2.34.0+7
  [d3a379c0] + LittleCMS_jll v2.9.0+0
  [856f044c] + MKL_jll v2020.2.254+0
  [1914dd2f] + MacroTools v0.5.6
  [dbb5928d] + MappedArrays v0.2.2
  [e1d29d7a] + Missings v0.4.4
  [e94cdb99] + MosaicViews v0.2.3
  [77ba4419] + NaNMath v0.3.4
  [6fe1bfb0] + OffsetArrays v1.3.1
  [643b3616] + OpenJpeg_jll v2.3.1+0
  [efe28fd5] + OpenSpecFun_jll v0.5.3+4
  [bac558e1] + OrderedCollections v1.3.1
  [2f80f16e] + PCRE_jll v8.42.0+4
  [3b7a836e] + PGFPlots v3.3.3
  [5432bcbf] + PaddedViews v0.5.6
  [d96e819e] + Parameters v0.12.1
  [69de0a69] + Parsers v1.0.11
  [30392449] + Pixman_jll v0.38.4+5
  [2dfb63ee] + PooledArrays v0.5.3
  [9c32591e] + Poppler_jll v0.87.0+0
  [b3c3ace0] + RangeArrays v0.3.2
  [c84ed2f1] + Ratios v0.4.0
  [189a3867] + Reexport v0.2.0
  [ae029012] + Requires v1.1.0
  [6038ab10] + Rotations v1.0.1
  [699a6c99] + SimpleTraits v0.9.3
  [a2af1166] + SortingAlgorithms v0.3.1
  [276daf66] + SpecialFunctions v0.10.3
  [90137ffa] + StaticArrays v0.12.4
  [2913bbd2] + StatsBase v0.33.2
  [856f2bd8] + StructTypes v1.1.0
  [3783bdb8] + TableTraits v1.0.0
  [bd369af6] + Tables v1.1.0
  [37f6aa50] + TikzPictures v3.3.1
  [06e1c1a7] + TiledIteration v0.2.5
  [3a884ed6] + UnPack v1.0.2
  [efce3f68] + WoodburyMatrices v0.5.3
  [02c8fc9c] + XML2_jll v2.9.10+3
  [aed1982a] + XSLT_jll v1.1.33+4
  [4f6342f7] + Xorg_libX11_jll v1.6.9+4
  [0c0b7dd1] + Xorg_libXau_jll v1.0.9+4
  [a3789734] + Xorg_libXdmcp_jll v1.1.3+4
  [1082639a] + Xorg_libXext_jll v1.3.4+4
  [ea2f1a96] + Xorg_libXrender_jll v0.9.10+4
  [14d82f49] + Xorg_libpthread_stubs_jll v0.1.0+3
  [c7cfdc94] + Xorg_libxcb_jll v1.13.0+3
  [c5fb5394] + Xorg_xtrans_jll v1.4.0+3
  [83775a58] + Zlib_jll v1.2.11+18
  [3161d3a3] + Zstd_jll v1.4.5+2
  [b53b4c65] + libpng_jll v1.6.37+6
  [2a0f44e3] + Base64
  [ade2ca70] + Dates
  [8bb1440f] + DelimitedFiles
  [8ba89e20] + Distributed
  [9fa8497b] + Future
  [b77e0a4c] + InteractiveUtils
  [76f85450] + LibGit2
  [8f399da3] + Libdl
  [37e2e46d] + LinearAlgebra
  [56ddb016] + Logging
  [d6f4376e] + Markdown
  [a63ad114] + Mmap
  [44cfe95a] + Pkg
  [de0858da] + Printf
  [3fa0cd96] + REPL
  [9a3f8284] + Random
  [ea8e919c] + SHA
  [9e88b42a] + Serialization
  [1a1011a3] + SharedArrays
  [6462fe0b] + Sockets
  [2f01184e] + SparseArrays
  [10745b16] + Statistics
  [8dfed614] + Test
  [cf7118a7] + UUIDs
  [4ec0a83e] + Unicode
   Building FFTW → `~/.julia/packages/FFTW/DMUbN/deps/build.log`
Starting tests at 2020-10-25T20:21:49.945
    Testing PGFPlots
Status `/tmp/jl_QI78kX/Project.toml`
  [a2cac450] ColorBrewer v0.4.0
  [35d6a980] ColorSchemes v3.10.1
  [5ae59095] Colors v0.12.4
  [d38c429a] Contour v0.5.5
  [a93c6f00] DataFrames v0.21.8
  [6e83dbb3] Discretizers v3.2.0
  [6218d12a] ImageMagick v1.1.6
  [916415d5] Images v0.22.5
  [9b13fd28] IndirectArrays v0.5.1
  [0db19996] NBInclude v2.2.0
  [3b7a836e] PGFPlots v3.3.3
  [ae029012] Requires v1.1.0
  [2913bbd2] StatsBase v0.33.2
  [37f6aa50] TikzPictures v3.3.1
  [8bb1440f] DelimitedFiles
  [8ba89e20] Distributed
  [de0858da] Printf
  [9a3f8284] Random
  [8dfed614] Test
Status `/tmp/jl_QI78kX/Manifest.toml`
  [621f4979] AbstractFFTs v0.5.0
  [56f22d72] Artifacts v1.3.0
  [13072b0f] AxisAlgorithms v1.0.0
  [39de3d68] AxisArrays v0.4.3
  [6e34b625] Bzip2_jll v1.0.6+5
  [83423d85] Cairo_jll v1.16.0+6
  [aafaddc9] CatIndices v0.2.1
  [324d7699] CategoricalArrays v0.8.3
  [a2cac450] ColorBrewer v0.4.0
  [35d6a980] ColorSchemes v3.10.1
  [3da002f7] ColorTypes v0.10.9
  [c3611d14] ColorVectorSpace v0.8.6
  [5ae59095] Colors v0.12.4
  [34da2185] Compat v3.22.0
  [e66e0078] CompilerSupportLibraries_jll v0.3.4+0
  [ed09eef8] ComputationalResources v0.3.2
  [d38c429a] Contour v0.5.5
  [150eb455] CoordinateTransformations v0.6.0
  [dc8bdbbb] CustomUnitRanges v1.0.0
  [9a962f9c] DataAPI v1.3.0
  [a93c6f00] DataFrames v0.21.8
  [864edb3b] DataStructures v0.17.20
  [e2d170a0] DataValueInterfaces v1.0.0
  [6e83dbb3] Discretizers v3.2.0
  [b4f34e82] Distances v0.9.2
  [da5c29d0] EllipsisNotation v0.4.0
  [2e619515] Expat_jll v2.2.7+6
  [4f61f5a4] FFTViews v0.3.1
  [7a1cc6ca] FFTW v1.2.4
  [f5851436] FFTW_jll v3.3.9+6
  [5789e2e9] FileIO v1.4.3
  [53c48c17] FixedPointNumbers v0.8.4
  [a3f928ae] Fontconfig_jll v2.13.1+14
  [d7e528f0] FreeType2_jll v2.10.1+5
  [78b55507] Gettext_jll v0.20.1+7
  [7746bdde] Glib_jll v2.59.0+4
  [a2bd30eb] Graphics v1.0.2
  [bbac6d45] IdentityRanges v0.3.1
  [2803e5a7] ImageAxes v0.6.7
  [f332f351] ImageContrastAdjustment v0.3.6
  [a09fc81d] ImageCore v0.8.18
  [51556ac3] ImageDistances v0.2.8
  [6a3955dd] ImageFiltering v0.6.17
  [6218d12a] ImageMagick v1.1.6
  [c73af94c] ImageMagick_jll v6.9.10-12+3
  [bc367c6b] ImageMetadata v0.9.4
  [787d08f9] ImageMorphology v0.2.9
  [2996bd0c] ImageQualityIndexes v0.1.4
  [4e3cecfd] ImageShow v0.2.3
  [02fcd773] ImageTransformations v0.8.6
  [916415d5] Images v0.22.5
  [9b13fd28] IndirectArrays v0.5.1
  [1d5cc7b8] IntelOpenMP_jll v2018.0.3+0
  [a98d9a8b] Interpolations v0.12.10
  [8197267c] IntervalSets v0.5.1
  [41ab1584] InvertedIndices v1.0.0
  [c8e1da08] IterTools v1.3.0
  [82899510] IteratorInterfaceExtensions v1.0.0
  [692b3bcd] JLLWrappers v1.1.3
  [682c06a0] JSON v0.21.1
  [aacddb02] JpegTurbo_jll v2.0.1+3
  [dd4b983a] LZO_jll v2.10.0+3
  [b964fa9f] LaTeXStrings v1.2.0
  [e9f186c6] Libffi_jll v3.2.1+4
  [d4300ac3] Libgcrypt_jll v1.8.5+4
  [7add5ba3] Libgpg_error_jll v1.36.0+3
  [94ce4f54] Libiconv_jll v1.16.0+7
  [4b2f31a3] Libmount_jll v2.34.0+3
  [89763e89] Libtiff_jll v4.1.0+2
  [38a345b3] Libuuid_jll v2.34.0+7
  [d3a379c0] LittleCMS_jll v2.9.0+0
  [856f044c] MKL_jll v2020.2.254+0
  [1914dd2f] MacroTools v0.5.6
  [dbb5928d] MappedArrays v0.2.2
  [e1d29d7a] Missings v0.4.4
  [e94cdb99] MosaicViews v0.2.3
  [0db19996] NBInclude v2.2.0
  [77ba4419] NaNMath v0.3.4
  [6fe1bfb0] OffsetArrays v1.3.1
  [643b3616] OpenJpeg_jll v2.3.1+0
  [efe28fd5] OpenSpecFun_jll v0.5.3+4
  [bac558e1] OrderedCollections v1.3.1
  [2f80f16e] PCRE_jll v8.42.0+4
  [3b7a836e] PGFPlots v3.3.3
  [5432bcbf] PaddedViews v0.5.6
  [d96e819e] Parameters v0.12.1
  [69de0a69] Parsers v1.0.11
  [30392449] Pixman_jll v0.38.4+5
  [2dfb63ee] PooledArrays v0.5.3
  [9c32591e] Poppler_jll v0.87.0+0
  [b3c3ace0] RangeArrays v0.3.2
  [c84ed2f1] Ratios v0.4.0
  [189a3867] Reexport v0.2.0
  [ae029012] Requires v1.1.0
  [6038ab10] Rotations v1.0.1
  [699a6c99] SimpleTraits v0.9.3
  [b85f4697] SoftGlobalScope v1.1.0
  [a2af1166] SortingAlgorithms v0.3.1
  [276daf66] SpecialFunctions v0.10.3
  [90137ffa] StaticArrays v0.12.4
  [2913bbd2] StatsBase v0.33.2
  [856f2bd8] StructTypes v1.1.0
  [3783bdb8] TableTraits v1.0.0
  [bd369af6] Tables v1.1.0
  [37f6aa50] TikzPictures v3.3.1
  [06e1c1a7] TiledIteration v0.2.5
  [3a884ed6] UnPack v1.0.2
  [efce3f68] WoodburyMatrices v0.5.3
  [02c8fc9c] XML2_jll v2.9.10+3
  [aed1982a] XSLT_jll v1.1.33+4
  [4f6342f7] Xorg_libX11_jll v1.6.9+4
  [0c0b7dd1] Xorg_libXau_jll v1.0.9+4
  [a3789734] Xorg_libXdmcp_jll v1.1.3+4
  [1082639a] Xorg_libXext_jll v1.3.4+4
  [ea2f1a96] Xorg_libXrender_jll v0.9.10+4
  [14d82f49] Xorg_libpthread_stubs_jll v0.1.0+3
  [c7cfdc94] Xorg_libxcb_jll v1.13.0+3
  [c5fb5394] Xorg_xtrans_jll v1.4.0+3
  [83775a58] Zlib_jll v1.2.11+18
  [3161d3a3] Zstd_jll v1.4.5+2
  [b53b4c65] libpng_jll v1.6.37+6
  [2a0f44e3] Base64
  [ade2ca70] Dates
  [8bb1440f] DelimitedFiles
  [8ba89e20] Distributed
  [9fa8497b] Future
  [b77e0a4c] InteractiveUtils
  [76f85450] LibGit2
  [8f399da3] Libdl
  [37e2e46d] LinearAlgebra
  [56ddb016] Logging
  [d6f4376e] Markdown
  [a63ad114] Mmap
  [44cfe95a] Pkg
  [de0858da] Printf
  [3fa0cd96] REPL
  [9a3f8284] Random
  [ea8e919c] SHA
  [9e88b42a] Serialization
  [1a1011a3] SharedArrays
  [6462fe0b] Sockets
  [2f01184e] SparseArrays
  [10745b16] Statistics
  [8dfed614] Test
  [cf7118a7] UUIDs
  [4ec0a83e] Unicode
WARNING: could not import LaTeXStrings.@L_mstr into TikzPictures
WARNING: could not import TikzPictures.@L_mstr into PGFPlots
\begin{axis}

\addplot+ coordinates {
  (1, 2)
  (2, 4)
  (3, 1)
};

\end{axis}\begin{axis}[
  legend style = {at={(1.05,1.0)}, anchor=north west},
  ylabel = {Y},
  ylabel style = {rotate = -90},
  title = {My Title},
  xlabel = {X}
]

\addplot+ coordinates {
  (1, 2)
  (2, 4)
  (3, 1)
};

\legend{{}{My Plot}}
\end{axis}\begin{axis}[
  colorbar = {true}
]

\addplot+[
  scatter,
  scatter src = explicit,
  only marks = {true}
] coordinates {
  (1, 2) [3]
  (2, 4) [6]
  (3, 6) [9]
  (4, 8) [12]
  (5, 10) [15]
  (6, 12) [18]
  (7, 14) [21]
  (8, 16) [24]
  (9, 18) [27]
  (10, 20) [30]
};

\end{axis}\begin{axis}[
  ymin = {0}
]

\addplot+[
  mark = none,
  fill=blue!10,
  hist = {density = {false}, cumulative = {false}, bins = {10}}
] table[
  row sep=\\,
  y index = 0
] { data \\
  1.3657231388032196 \\ 
  1.024753164848041 \\ 
  0.10109801186007723 \\ 
  -1.756295227862993 \\ 
  2.1501368038359336 \\ 
  -0.05262624040038018 \\ 
  0.9324865889876508 \\ 
  -1.0329961389012718 \\ 
  0.2635132246021377 \\ 
  0.5461407904529331 \\ 
  -0.44131056254755985 \\ 
  0.7195595316969364 \\ 
  0.7129581435483123 \\ 
  -0.454161874270227 \\ 
  0.3754694328737094 \\ 
  0.2912157842838389 \\ 
  0.2852582517755615 \\ 
  1.7776164423304703 \\ 
  -1.71908109348533 \\ 
  -1.8872574278070031 \\ 
  2.040833265483616 \\ 
  -0.30362955195924707 \\ 
  -1.7018243975680434 \\ 
  1.0325586835198655 \\ 
  0.8910492797691624 \\ 
  -0.7725547637528422 \\ 
  -1.096829793239997 \\ 
  -0.04910746758157334 \\ 
  -1.1233544982835344 \\ 
  1.461757661629468 \\ 
  -1.422645908192811 \\ 
  1.0636594802102384 \\ 
  -0.053160093934051265 \\ 
  -1.0175006043661428 \\ 
  1.568531196900113 \\ 
  -0.361521248758267 \\ 
  -0.7622435903566426 \\ 
  -1.6626628165971336 \\ 
  -0.271252362735637 \\ 
  -0.5507826335146891 \\ 
  -1.1222157727046056 \\ 
  1.0290879570483251 \\ 
  -0.7681534943730929 \\ 
  1.635762992182869 \\ 
  1.0717049067443125 \\ 
  0.11266453788675275 \\ 
  1.4940495458084764 \\ 
  0.450983150690714 \\ 
  -1.3802965472530162 \\ 
  -0.4811644127357725 \\ 
  -0.4671773357420385 \\ 
  1.5917148913217458 \\ 
  1.2851136579446867 \\ 
  -1.0836973503310317 \\ 
  -0.3824626626227119 \\ 
  -0.4732896855696734 \\ 
  0.7203842741548024 \\ 
  0.6170534539007471 \\ 
  -0.6183224930010384 \\ 
  0.5645357281592643 \\ 
  0.8564546556949609 \\ 
  -1.2649949835772893 \\ 
  -0.08935791678258967 \\ 
  2.337447832663988 \\ 
  -2.0886004690682807 \\ 
  0.07113333627148116 \\ 
  -0.6171114271611203 \\ 
  0.9145993334862734 \\ 
  -0.3276446002213525 \\ 
  0.3404285728427144 \\ 
  -1.6307170595528784 \\ 
  -1.037993656345984 \\ 
  0.18837566591105087 \\ 
  1.2021157044890713 \\ 
  0.2706192464289022 \\ 
  0.3344911243838033 \\ 
  -1.230618798596734 \\ 
  1.0385676694884685 \\ 
  0.8513759662249106 \\ 
  -1.5935490124718006 \\ 
  -1.055258665285926 \\ 
  -0.45361357809976965 \\ 
  -0.15815955884509703 \\ 
  -0.05794088009587128 \\ 
  -0.891125221927126 \\ 
  1.407179969327927 \\ 
  0.4604032727763319 \\ 
  0.9346821332878218 \\ 
  0.6718522742135241 \\ 
  0.45580673479862854 \\ 
  0.6931801849821502 \\ 
  -1.928186805102394 \\ 
  -0.03421364975725309 \\ 
  0.6745087062180047 \\ 
  1.556915763166073 \\ 
  1.5307140692039167 \\ 
  1.3297198968035708 \\ 
  -0.18664446089733838 \\ 
  0.5423847439131144 \\ 
  -0.8865694796462249 \\ 
};

\end{axis}\begin{axis}[
  ybar = 0pt,
  bar width = 18pt,
  xtick = data,
  symbolic x coords = {a, b},
  ymin = {0}
]

\addplot+ coordinates {
  (a, 1)
  (b, 2)
};

\end{axis}\begin{axis}[
  enlargelimits = false,
  axis on top,
  colormap={wb}{gray(0cm)=(0); gray(1cm)=(1)},
  colorbar
]

\addplot[
  point meta min = -0.42870694108441587,
  point meta max = 0.42870694108441587
] graphics[
  xmin = -2,
  xmax = 2,
  ymin = -2,
  ymax = 2
] {tmp_10000000000001.png};

\end{axis}\begin{axis}

\addplot[
  patch type = {rectangle},
  shader = {interp},
  patch
] table[
  point meta = \thisrow{c}
] {
  x y c
  0 0 0.2
  1 0 0
  1 1 1
  0 1 1

  1 0 0
  2 0 -1
  2 1 0
  1 1 1

  1 1 0.5
  2 1 1
  2 2 0.5
  1 2 0

};

\end{axis}\begin{axis}[
  enlargelimits = false,
  axis on top,
  colormap={wb}{gray(0cm)=(0); gray(1cm)=(1)},
  colorbar,
  colorbar style = {ymode = log, scaled ticks = false}
]

\addplot[
  point meta min = 1.0,
  point meta max = 59.00000000000001
] graphics[
  xmin = -7.283076880250103,
  xmax = 9.966017126923045,
  ymin = -5.578307237079343,
  ymax = 2.087018363721474
] {tmp_10000000000022.png};

\end{axis}\begin{axis}[
  enlargelimits = false,
  axis on top,
  colormap={wb}{gray(0cm)=(0); gray(1cm)=(1)},
  colorbar,
  xmin = 0.5,
  xmax = 2.5,
  ymin = 0.5,
  ymax = 2.5
]

\addplot[
  point meta min = 1,
  point meta max = 10,
  point meta = explicit,
  matrix plot*,
  mesh/cols = 2,
  mesh/rows = 2
] table[
  meta = data
] {tmp_10000000000023.dat};

\end{axis}┌ Warning: Matrix is too large for vector plotting, consider switching to raster mode.
└ @ PGFPlots.Plots ~/.julia/packages/PGFPlots/NQLGe/src/plots.jl:520
\begin{axis}[
  xmin = {0},
  xmax = {10},
  ymax = {10},
  hide axis = {true},
  ymin = {0}
]

\draw (axis cs:5, 5) circle[radius=5];

\draw (axis cs:5, 5) ellipse[x radius=3, y radius=5];

\end{axis}    Testing PGFPlots tests passed 
Finished at 2020-10-25T20:29:16.456
