Current time is 2020-10-25T22:36:41.873
Julia Version 1.5.3-pre.13
Commit 3de1115e9c (2020-10-23 21:58 UTC)
Platform Info:
  OS: Linux (x86_64-linux-gnu)
  CPU: AMD EPYC 7502 32-Core Processor
  WORD_SIZE: 64
  LIBM: libopenlibm
  LLVM: libLLVM-9.0.1 (ORCJIT, znver2)
Environment:
  JULIA_DEPOT_PATH = ::/usr/local/share/julia
  JULIA_NUM_THREADS = 2
  JULIA_MAX_NUM_PRECOMPILE_FILES = 9223372036854775807
  JULIA_PKG_SERVER = 

Starting installation at 2020-10-25T22:36:45.185
  Resolving package versions...
  Installed ReplMaker ─ v0.2.3
Updating `~/.julia/environments/v1.5/Project.toml`
  [b873ce64] + ReplMaker v0.2.3
Updating `~/.julia/environments/v1.5/Manifest.toml`
  [b873ce64] + ReplMaker v0.2.3
  [2a0f44e3] + Base64
  [b77e0a4c] + InteractiveUtils
  [d6f4376e] + Markdown
  [3fa0cd96] + REPL
  [6462fe0b] + Sockets
  [4ec0a83e] + Unicode
Starting tests at 2020-10-25T22:36:48.138
    Testing ReplMaker
Status `/tmp/jl_bxaEIY/Project.toml`
  [b873ce64] ReplMaker v0.2.3
  [3fa0cd96] REPL
  [8dfed614] Test
  [4ec0a83e] Unicode
Status `/tmp/jl_bxaEIY/Manifest.toml`
  [b873ce64] ReplMaker v0.2.3
  [2a0f44e3] Base64
  [8ba89e20] Distributed
  [b77e0a4c] InteractiveUtils
  [56ddb016] Logging
  [d6f4376e] Markdown
  [3fa0cd96] REPL
  [9a3f8284] Random
  [9e88b42a] Serialization
  [6462fe0b] Sockets
  [8dfed614] Test
  [4ec0a83e] Unicode
 ^C
exit()

julia> 
 using ReplMaker
function parse_to_expr(s)
    quote Meta.parse($s) end
end
initrepl(parse_to_expr,
         prompt_text="Expr> ",
         prompt_color = :blue,
         start_key=')',
         mode_name="Expr_mode");
) x + 1
^C
exit()

julia> 
test opening REPL modes manually: Test Failed at /home/pkgeval/.julia/packages/ReplMaker/pwo5w/test/runtests.jl:85
  Expression: out1[end - 5] == "\e[?2004h\r\e[0K\e[34m\e[1mExpr> \e[0m\e[0m\r\e[6C\r\e[6C\r\e[0K\e[34m\e[1mExpr> \e[0m\e[0m\r\e[6C\r\e[6C^C\r"
   Evaluated: "         mode_name=\"Expr_mode\");\r" == "\e[?2004h\r\e[0K\e[34m\e[1mExpr> \e[0m\e[0m\r\e[6C\r\e[6C\r\e[0K\e[34m\e[1mExpr> \e[0m\e[0m\r\e[6C\r\e[6C^C\r"
Stacktrace:
 [1] top-level scope at /home/pkgeval/.julia/packages/ReplMaker/pwo5w/test/runtests.jl:85
 [2] top-level scope at /workspace/srcdir/usr/share/julia/stdlib/v1.5/Test/src/Test.jl:1115
 [3] top-level scope at /home/pkgeval/.julia/packages/ReplMaker/pwo5w/test/runtests.jl:84
Test Summary:                    | Fail  Total
test opening REPL modes manually |    1      1
ERROR: LoadError: Some tests did not pass: 0 passed, 1 failed, 0 errored, 0 broken.
in expression starting at /home/pkgeval/.julia/packages/ReplMaker/pwo5w/test/runtests.jl:83
ERROR: Package ReplMaker errored during testing
Stacktrace:
 [1] pkgerror(::String) at /workspace/srcdir/usr/share/julia/stdlib/v1.5/Pkg/src/Types.jl:52
 [2] test(::Pkg.Types.Context, ::Array{Pkg.Types.PackageSpec,1}; coverage::Bool, julia_args::Cmd, test_args::Cmd, test_fn::Nothing) at /workspace/srcdir/usr/share/julia/stdlib/v1.5/Pkg/src/Operations.jl:1578
 [3] test(::Pkg.Types.Context, ::Array{Pkg.Types.PackageSpec,1}; coverage::Bool, test_fn::Nothing, julia_args::Cmd, test_args::Cmd, kwargs::Base.Iterators.Pairs{Union{},Union{},Tuple{},NamedTuple{(),Tuple{}}}) at /workspace/srcdir/usr/share/julia/stdlib/v1.5/Pkg/src/API.jl:327
 [4] test(::Pkg.Types.Context, ::Array{Pkg.Types.PackageSpec,1}) at /workspace/srcdir/usr/share/julia/stdlib/v1.5/Pkg/src/API.jl:314
 [5] #test#61 at /workspace/srcdir/usr/share/julia/stdlib/v1.5/Pkg/src/API.jl:67 [inlined]
 [6] test at /workspace/srcdir/usr/share/julia/stdlib/v1.5/Pkg/src/API.jl:67 [inlined]
 [7] #test#60 at /workspace/srcdir/usr/share/julia/stdlib/v1.5/Pkg/src/API.jl:66 [inlined]
 [8] test at /workspace/srcdir/usr/share/julia/stdlib/v1.5/Pkg/src/API.jl:66 [inlined]
 [9] test(::String; kwargs::Base.Iterators.Pairs{Union{},Union{},Tuple{},NamedTuple{(),Tuple{}}}) at /workspace/srcdir/usr/share/julia/stdlib/v1.5/Pkg/src/API.jl:65
 [10] test(::String) at /workspace/srcdir/usr/share/julia/stdlib/v1.5/Pkg/src/API.jl:65
 [11] top-level scope at none:35
