Julia Version 1.3.2-pre.0
Commit 2e6715c045 (2019-12-31 00:49 UTC)
Platform Info:
  OS: Linux (x86_64-linux-gnu)
  CPU: Intel(R) Xeon(R) Silver 4114 CPU @ 2.20GHz
  WORD_SIZE: 64
  LIBM: libopenlibm
  LLVM: libLLVM-6.0.1 (ORCJIT, skylake)
Environment:
  JULIA_DEPOT_PATH = ::/usr/local/share/julia

 Resolving package versions...
 Installed Requires ──────────────────── v1.0.0
 Installed ArgCheck ──────────────────── v1.0.1
 Installed DataValueInterfaces ───────── v1.0.0
 Installed Compat ────────────────────── v3.2.0
 Installed IteratorInterfaceExtensions ─ v1.0.0
 Installed BangBang ──────────────────── v0.3.11
 Installed Transducers ───────────────── v0.4.7
 Installed Setfield ──────────────────── v0.5.4
 Installed OrderedCollections ────────── v1.1.0
 Installed Tables ────────────────────── v0.2.11
 Installed TableTraits ───────────────── v1.0.0
 Installed ZygoteRules ───────────────── v0.2.0
 Installed DataStructures ────────────── v0.17.6
 Installed MacroTools ────────────────── v0.5.3
 Installed ConstructionBase ──────────── v1.0.0
 Installed InitialValues ─────────────── v0.2.1
 Installed DataAPI ───────────────────── v1.1.0
  Updating `~/.julia/environments/v1.3/Project.toml`
  [28d57a85] + Transducers v0.4.7
  Updating `~/.julia/environments/v1.3/Manifest.toml`
  [dce04be8] + ArgCheck v1.0.1
  [198e06fe] + BangBang v0.3.11
  [34da2185] + Compat v3.2.0
  [187b0558] + ConstructionBase v1.0.0
  [9a962f9c] + DataAPI v1.1.0
  [864edb3b] + DataStructures v0.17.6
  [e2d170a0] + DataValueInterfaces v1.0.0
  [22cec73e] + InitialValues v0.2.1
  [82899510] + IteratorInterfaceExtensions v1.0.0
  [1914dd2f] + MacroTools v0.5.3
  [bac558e1] + OrderedCollections v1.1.0
  [ae029012] + Requires v1.0.0
  [efcf1570] + Setfield v0.5.4
  [3783bdb8] + TableTraits v1.0.0
  [bd369af6] + Tables v0.2.11
  [28d57a85] + Transducers v0.4.7
  [700de1a5] + ZygoteRules v0.2.0
  [2a0f44e3] + Base64 
  [ade2ca70] + Dates 
  [8bb1440f] + DelimitedFiles 
  [8ba89e20] + Distributed 
  [9fa8497b] + Future 
  [b77e0a4c] + InteractiveUtils 
  [76f85450] + LibGit2 
  [8f399da3] + Libdl 
  [37e2e46d] + LinearAlgebra 
  [56ddb016] + Logging 
  [d6f4376e] + Markdown 
  [a63ad114] + Mmap 
  [44cfe95a] + Pkg 
  [de0858da] + Printf 
  [3fa0cd96] + REPL 
  [9a3f8284] + Random 
  [ea8e919c] + SHA 
  [9e88b42a] + Serialization 
  [1a1011a3] + SharedArrays 
  [6462fe0b] + Sockets 
  [2f01184e] + SparseArrays 
  [10745b16] + Statistics 
  [8dfed614] + Test 
  [cf7118a7] + UUIDs 
  [4ec0a83e] + Unicode 
   Testing Transducers
 Resolving package versions...
 Installed Aqua ──────────────── v0.4.0
 Installed StructArrays ──────── v0.4.1
 Installed LazyArrays ────────── v0.14.10
 Installed BlockArrays ───────── v0.11.1
 Installed StaticArrays ──────── v0.12.1
 Installed Documenter ────────── v0.24.3
 Installed TypedTables ───────── v1.2.0
 Installed DataFrames ────────── v0.20.0
 Installed OnlineStats ───────── v1.0.2
 Installed CategoricalArrays ─── v0.7.5
 Installed SortingAlgorithms ─── v0.3.1
 Installed SweepOperator ─────── v0.3.0
 Installed Missings ──────────── v0.4.3
 Installed InvertedIndices ───── v1.0.0
 Installed DocStringExtensions ─ v0.8.1
 Installed WeakRefStrings ────── v0.6.2
 Installed Indexing ──────────── v1.1.0
 Installed PenaltyFunctions ──── v0.1.2
 Installed Parsers ───────────── v0.3.10
 Installed ArrayLayouts ──────── v0.1.5
 Installed JSON ──────────────── v0.21.0
 Installed LossFunctions ─────── v0.5.1
 Installed Dictionaries ──────── v0.2.1
 Installed OnlineStatsBase ───── v1.0.2
 Installed StatsBase ─────────── v0.32.0
 Installed PooledArrays ──────── v0.5.3
 Installed FillArrays ────────── v0.8.2
 Installed RecipesBase ───────── v0.7.0
 Installed Reexport ──────────── v0.2.0
 Installed SplitApplyCombine ─── v1.0.0
 Installed LearnBase ─────────── v0.2.2
  Updating `/tmp/jl_W6xVmg/Project.toml`
  [4c88cf16] + Aqua v0.4.0
  [8e7c35d0] + BlockArrays v0.11.1
  [a93c6f00] + DataFrames v0.20.0
  [e30172f5] + Documenter v0.24.3
  [5078a376] + LazyArrays v0.14.10
  [a15396b6] + OnlineStats v1.0.2
  [90137ffa] + StaticArrays v0.12.1
  [09ab397b] + StructArrays v0.4.1
  [9d95f2ec] + TypedTables v1.2.0
  Updating `/tmp/jl_W6xVmg/Manifest.toml`
  [4c88cf16] + Aqua v0.4.0
  [4c555306] + ArrayLayouts v0.1.5
  [8e7c35d0] + BlockArrays v0.11.1
  [324d7699] + CategoricalArrays v0.7.5
  [a93c6f00] + DataFrames v0.20.0
  [85a47980] + Dictionaries v0.2.1
  [ffbed154] + DocStringExtensions v0.8.1
  [e30172f5] + Documenter v0.24.3
  [1a297f60] + FillArrays v0.8.2
  [313cdc1a] + Indexing v1.1.0
  [41ab1584] + InvertedIndices v1.0.0
  [682c06a0] + JSON v0.21.0
  [5078a376] + LazyArrays v0.14.10
  [7f8f8fb0] + LearnBase v0.2.2
  [30fc2ffe] + LossFunctions v0.5.1
  [e1d29d7a] + Missings v0.4.3
  [a15396b6] + OnlineStats v1.0.2
  [925886fa] + OnlineStatsBase v1.0.2
  [69de0a69] + Parsers v0.3.10
  [06bb1623] + PenaltyFunctions v0.1.2
  [2dfb63ee] + PooledArrays v0.5.3
  [3cdcf5f2] + RecipesBase v0.7.0
  [189a3867] + Reexport v0.2.0
  [a2af1166] + SortingAlgorithms v0.3.1
  [03a91e81] + SplitApplyCombine v1.0.0
  [90137ffa] + StaticArrays v0.12.1
  [2913bbd2] + StatsBase v0.32.0
  [09ab397b] + StructArrays v0.4.1
  [7522ee7d] + SweepOperator v0.3.0
  [9d95f2ec] + TypedTables v1.2.0
  [ea10d353] + WeakRefStrings v0.6.2
[ Info: Running Sandbox
    Status `/tmp/jl_W6xVmg/Project.toml`
  [4c88cf16] Aqua v0.4.0
  [dce04be8] ArgCheck v1.0.1
  [198e06fe] BangBang v0.3.11
  [8e7c35d0] BlockArrays v0.11.1
  [a93c6f00] DataFrames v0.20.0
  [e30172f5] Documenter v0.24.3
  [22cec73e] InitialValues v0.2.1
  [5078a376] LazyArrays v0.14.10
  [a15396b6] OnlineStats v1.0.2
  [efcf1570] Setfield v0.5.4
  [90137ffa] StaticArrays v0.12.1
  [09ab397b] StructArrays v0.4.1
  [28d57a85] Transducers v0.4.7
  [9d95f2ec] TypedTables v1.2.0
  [ade2ca70] Dates 
  [8ba89e20] Distributed 
  [b77e0a4c] InteractiveUtils 
  [56ddb016] Logging 
  [d6f4376e] Markdown 
  [9a3f8284] Random 
  [2f01184e] SparseArrays 
  [10745b16] Statistics 
  [8dfed614] Test 
Test Summary: | Pass  Total
test_aqua.jl  |    2      2
BlockVector: Error During Test at /home/pkgeval/.julia/packages/Transducers/V8swU/test/test_blockarrays.jl:11
  Test threw exception
  Expression: collect(Map(identity), B) == A
  UndefVarError: nblocks not defined
  Stacktrace:
   [1] getproperty at ./Base.jl:13 [inlined]
   [2] _foldl_blockarray at /home/pkgeval/.julia/packages/Transducers/V8swU/src/interop/blockarrays.jl:39 [inlined]
   [3] _foldl_blockarray(::Transducers.Reduction{Transducers.Map{typeof(identity)},Transducers.BottomRF{Transducers.Completing{typeof(BangBang.push!!)}}}, ::Array{Union{},1}, ::BlockArrays.BlockArray{Int64,1,Array{UnitRange{Int64},1},Tuple{BlockArrays.BlockedUnitRange{Array{Int64,1}}}}) at /home/pkgeval/.julia/packages/Transducers/V8swU/src/interop/blockarrays.jl:4
   [4] __foldl__ at /home/pkgeval/.julia/packages/Transducers/V8swU/src/Transducers.jl:72 [inlined]
   [5] #transduce#55 at /home/pkgeval/.julia/packages/Transducers/V8swU/src/processes.jl:348 [inlined]
   [6] transduce at /home/pkgeval/.julia/packages/Transducers/V8swU/src/processes.jl:346 [inlined]
   [7] collect(::Transducers.Map{typeof(identity)}, ::BlockArrays.BlockArray{Int64,1,Array{UnitRange{Int64},1},Tuple{BlockArrays.BlockedUnitRange{Array{Int64,1}}}}) at /home/pkgeval/.julia/packages/Transducers/V8swU/src/processes.jl:592
   [8] top-level scope at /home/pkgeval/.julia/packages/Transducers/V8swU/test/test_blockarrays.jl:11
   [9] top-level scope at /workspace/srcdir/usr/share/julia/stdlib/v1.3/Test/src/Test.jl:1107
   [10] top-level scope at /home/pkgeval/.julia/packages/Transducers/V8swU/test/test_blockarrays.jl:9
  
BlockMatrix: Error During Test at /home/pkgeval/.julia/packages/Transducers/V8swU/test/test_blockarrays.jl:17
  Test threw exception
  Expression: collect(Map(identity), B) == A[:]
  UndefVarError: nblocks not defined
  Stacktrace:
   [1] getproperty at ./Base.jl:13 [inlined]
   [2] _foldl_blockarray at /home/pkgeval/.julia/packages/Transducers/V8swU/src/interop/blockarrays.jl:15 [inlined]
   [3] _foldl_blockarray(::Transducers.Reduction{Transducers.Map{typeof(identity)},Transducers.BottomRF{Transducers.Completing{typeof(BangBang.push!!)}}}, ::Array{Union{},1}, ::BlockArrays.BlockArray{Int64,2,Array{Array{Int64,2},2},Tuple{BlockArrays.BlockedUnitRange{Array{Int64,1}},BlockArrays.BlockedUnitRange{Array{Int64,1}}}}) at /home/pkgeval/.julia/packages/Transducers/V8swU/src/interop/blockarrays.jl:4
   [4] __foldl__ at /home/pkgeval/.julia/packages/Transducers/V8swU/src/Transducers.jl:72 [inlined]
   [5] #transduce#55 at /home/pkgeval/.julia/packages/Transducers/V8swU/src/processes.jl:348 [inlined]
   [6] transduce at /home/pkgeval/.julia/packages/Transducers/V8swU/src/processes.jl:346 [inlined]
   [7] collect(::Transducers.Map{typeof(identity)}, ::BlockArrays.BlockArray{Int64,2,Array{Array{Int64,2},2},Tuple{BlockArrays.BlockedUnitRange{Array{Int64,1}},BlockArrays.BlockedUnitRange{Array{Int64,1}}}}) at /home/pkgeval/.julia/packages/Transducers/V8swU/src/processes.jl:592
   [8] top-level scope at /home/pkgeval/.julia/packages/Transducers/V8swU/test/test_blockarrays.jl:17
   [9] top-level scope at /workspace/srcdir/usr/share/julia/stdlib/v1.3/Test/src/Test.jl:1107
   [10] top-level scope at /home/pkgeval/.julia/packages/Transducers/V8swU/test/test_blockarrays.jl:15
  
BlockArray{T, 3}: Error During Test at /home/pkgeval/.julia/packages/Transducers/V8swU/test/test_blockarrays.jl:23
  Test threw exception
  Expression: collect(Map(identity), B) == A[:]
  UndefVarError: nblocks not defined
  Stacktrace:
   [1] getproperty at ./Base.jl:13 [inlined]
   [2] _foldl_blockarray at /home/pkgeval/.julia/packages/Transducers/V8swU/src/interop/blockarrays.jl:15 [inlined]
   [3] _foldl_blockarray(::Transducers.Reduction{Transducers.Map{typeof(identity)},Transducers.BottomRF{Transducers.Completing{typeof(BangBang.push!!)}}}, ::Array{Union{},1}, ::BlockArrays.BlockArray{Int64,3,Array{Array{Int64,3},3},Tuple{BlockArrays.BlockedUnitRange{Array{Int64,1}},BlockArrays.BlockedUnitRange{Array{Int64,1}},BlockArrays.BlockedUnitRange{Array{Int64,1}}}}) at /home/pkgeval/.julia/packages/Transducers/V8swU/src/interop/blockarrays.jl:4
   [4] __foldl__ at /home/pkgeval/.julia/packages/Transducers/V8swU/src/Transducers.jl:72 [inlined]
   [5] #transduce#55 at /home/pkgeval/.julia/packages/Transducers/V8swU/src/processes.jl:348 [inlined]
   [6] transduce at /home/pkgeval/.julia/packages/Transducers/V8swU/src/processes.jl:346 [inlined]
   [7] collect(::Transducers.Map{typeof(identity)}, ::BlockArrays.BlockArray{Int64,3,Array{Array{Int64,3},3},Tuple{BlockArrays.BlockedUnitRange{Array{Int64,1}},BlockArrays.BlockedUnitRange{Array{Int64,1}},BlockArrays.BlockedUnitRange{Array{Int64,1}}}}) at /home/pkgeval/.julia/packages/Transducers/V8swU/src/processes.jl:592
   [8] top-level scope at /home/pkgeval/.julia/packages/Transducers/V8swU/test/test_blockarrays.jl:23
   [9] top-level scope at /workspace/srcdir/usr/share/julia/stdlib/v1.3/Test/src/Test.jl:1107
   [10] top-level scope at /home/pkgeval/.julia/packages/Transducers/V8swU/test/test_blockarrays.jl:21
  
Test Summary:       | Error  Total
test_blockarrays.jl |     3      3
  BlockVector       |     1      1
  BlockMatrix       |     1      1
  BlockArray{T, 3}  |     1      1
Test Summary:       | Error  Total
test_blockarrays.jl |     3      3
  BlockVector       |     1      1
  BlockMatrix       |     1      1
  BlockArray{T, 3}  |     1      1
ERROR: LoadError: Some tests did not pass: 0 passed, 0 failed, 3 errored, 0 broken.
in expression starting at /home/pkgeval/.julia/packages/Transducers/V8swU/test/runtests.jl:4
caused by [exception 1]
Some tests did not pass: 0 passed, 0 failed, 3 errored, 0 broken.
ERROR: Package Transducers errored during testing
Stacktrace:
 [1] pkgerror(::String, ::Vararg{String,N} where N) at /workspace/srcdir/usr/share/julia/stdlib/v1.3/Pkg/src/Types.jl:113
 [2] #test#131(::Bool, ::Nothing, ::Cmd, ::Cmd, ::typeof(Pkg.Operations.test), ::Pkg.Types.Context, ::Array{Pkg.Types.PackageSpec,1}) at /workspace/srcdir/usr/share/julia/stdlib/v1.3/Pkg/src/Operations.jl:1372
 [3] #test at ./none:0 [inlined]
 [4] #test#62(::Bool, ::Nothing, ::Cmd, ::Cmd, ::Base.Iterators.Pairs{Union{},Union{},Tuple{},NamedTuple{(),Tuple{}}}, ::typeof(Pkg.API.test), ::Pkg.Types.Context, ::Array{Pkg.Types.PackageSpec,1}) at /workspace/srcdir/usr/share/julia/stdlib/v1.3/Pkg/src/API.jl:253
 [5] test(::Pkg.Types.Context, ::Array{Pkg.Types.PackageSpec,1}) at /workspace/srcdir/usr/share/julia/stdlib/v1.3/Pkg/src/API.jl:239
 [6] #test#61 at /workspace/srcdir/usr/share/julia/stdlib/v1.3/Pkg/src/API.jl:233 [inlined]
 [7] test at /workspace/srcdir/usr/share/julia/stdlib/v1.3/Pkg/src/API.jl:233 [inlined]
 [8] #test#60 at /workspace/srcdir/usr/share/julia/stdlib/v1.3/Pkg/src/API.jl:232 [inlined]
 [9] test at /workspace/srcdir/usr/share/julia/stdlib/v1.3/Pkg/src/API.jl:232 [inlined]
 [10] #test#59(::Base.Iterators.Pairs{Union{},Union{},Tuple{},NamedTuple{(),Tuple{}}}, ::typeof(Pkg.API.test), ::String) at /workspace/srcdir/usr/share/julia/stdlib/v1.3/Pkg/src/API.jl:231
 [11] test(::String) at /workspace/srcdir/usr/share/julia/stdlib/v1.3/Pkg/src/API.jl:231
 [12] top-level scope at none:12
