Julia Version 1.5.1-pre.28
Commit 0d71d8cd8b (2020-08-14 20:35 UTC)
Platform Info:
  OS: Linux (x86_64-linux-gnu)
  CPU: Intel(R) Xeon(R) Silver 4114 CPU @ 2.20GHz
  WORD_SIZE: 64
  LIBM: libopenlibm
  LLVM: libLLVM-9.0.1 (ORCJIT, skylake-avx512)
Environment:
  JULIA_DEPOT_PATH = ::/usr/local/share/julia
  JULIA_NUM_THREADS = 2

  Resolving package versions...
  Installed Crayons ───────────── v4.0.3
  Installed CodeTracking ──────── v1.0.0
  Installed Debugger ──────────── v0.6.5
  Installed DocStringExtensions ─ v0.8.2
  Installed JuliaInterpreter ──── v0.7.24
  Installed Highlights ────────── v0.4.5
Updating `~/.julia/environments/v1.5/Project.toml`
  [31a5f54b] + Debugger v0.6.5
Updating `~/.julia/environments/v1.5/Manifest.toml`
  [da1fd8a2] + CodeTracking v1.0.0
  [a8cc5b0e] + Crayons v4.0.3
  [31a5f54b] + Debugger v0.6.5
  [ffbed154] + DocStringExtensions v0.8.2
  [eafb193a] + Highlights v0.4.5
  [aa1ae85d] + JuliaInterpreter v0.7.24
  [2a0f44e3] + Base64
  [ade2ca70] + Dates
  [8ba89e20] + Distributed
  [b77e0a4c] + InteractiveUtils
  [76f85450] + LibGit2
  [8f399da3] + Libdl
  [56ddb016] + Logging
  [d6f4376e] + Markdown
  [44cfe95a] + Pkg
  [de0858da] + Printf
  [3fa0cd96] + REPL
  [9a3f8284] + Random
  [ea8e919c] + SHA
  [9e88b42a] + Serialization
  [6462fe0b] + Sockets
  [8dfed614] + Test
  [cf7118a7] + UUIDs
  [4ec0a83e] + Unicode
    Testing Debugger
Status `/tmp/jl_dYHVeU/Project.toml`
  [da1fd8a2] CodeTracking v1.0.0
  [a8cc5b0e] Crayons v4.0.3
  [31a5f54b] Debugger v0.6.5
  [eafb193a] Highlights v0.4.5
  [aa1ae85d] JuliaInterpreter v0.7.24
  [98bfdc55] TerminalRegressionTests v0.2.0
  [b77e0a4c] InteractiveUtils
  [d6f4376e] Markdown
  [3fa0cd96] REPL
  [8dfed614] Test
Status `/tmp/jl_dYHVeU/Manifest.toml`
  [da1fd8a2] CodeTracking v1.0.0
  [3da002f7] ColorTypes v0.10.8
  [a8cc5b0e] Crayons v4.0.3
  [31a5f54b] Debugger v0.6.5
  [ab62b9b5] DeepDiffs v1.2.0
  [ffbed154] DocStringExtensions v0.8.2
  [53c48c17] FixedPointNumbers v0.5.3
  [eafb193a] Highlights v0.4.5
  [aa1ae85d] JuliaInterpreter v0.7.24
  [98bfdc55] TerminalRegressionTests v0.2.0
  [7774df62] VT100 v0.3.2
  [2a0f44e3] Base64
  [ade2ca70] Dates
  [8ba89e20] Distributed
  [b77e0a4c] InteractiveUtils
  [76f85450] LibGit2
  [8f399da3] Libdl
  [56ddb016] Logging
  [d6f4376e] Markdown
  [44cfe95a] Pkg
  [de0858da] Printf
  [3fa0cd96] REPL
  [9a3f8284] Random
  [ea8e919c] SHA
  [9e88b42a] Serialization
  [6462fe0b] Sockets
  [8dfed614] Test
  [cf7118a7] UUIDs
  [4ec0a83e] Unicode
┌ Warning: Assignment to `frame` in soft scope is ambiguous because a global variable by the same name exists: `frame` will be treated as a new local. Disambiguate by using `local frame` to suppress this warning or `global frame` to assign to the existing global variable.
└ @ ~/.julia/packages/Debugger/Xr8bu/src/Debugger.jl:95
Test Failed at /home/pkgeval/.julia/packages/Debugger/Xr8bu/test/misc.jl:69
  Expression: occursin(x_1_plus_1_colored, st)
   Evaluated: occursin("x \e[91m=\e[39m 1 \e[91m+\e[39m", "\e[0mIn f() at /home/pkgeval/.julia/packages/Debugger/Xr8bu/test/misc.jl:51\n\e[0m 51  function f()\n\e[33m>52  \e[39m    x = 1 + 1\n\e[0m 53      @info \"hello\"\n\e[0m 54  end\n\nAbout to run: (+)(1, 1)")
ERROR: LoadError: LoadError: There was an error during testing
in expression starting at /home/pkgeval/.julia/packages/Debugger/Xr8bu/test/misc.jl:64
in expression starting at /home/pkgeval/.julia/packages/Debugger/Xr8bu/test/runtests.jl:18
ERROR: Package Debugger errored during testing
Stacktrace:
 [1] pkgerror(::String) at /workspace/srcdir/usr/share/julia/stdlib/v1.5/Pkg/src/Types.jl:52
 [2] test(::Pkg.Types.Context, ::Array{Pkg.Types.PackageSpec,1}; coverage::Bool, julia_args::Cmd, test_args::Cmd, test_fn::Nothing) at /workspace/srcdir/usr/share/julia/stdlib/v1.5/Pkg/src/Operations.jl:1566
 [3] test(::Pkg.Types.Context, ::Array{Pkg.Types.PackageSpec,1}; coverage::Bool, test_fn::Nothing, julia_args::Cmd, test_args::Cmd, kwargs::Base.Iterators.Pairs{Union{},Union{},Tuple{},NamedTuple{(),Tuple{}}}) at /workspace/srcdir/usr/share/julia/stdlib/v1.5/Pkg/src/API.jl:328
 [4] test(::Pkg.Types.Context, ::Array{Pkg.Types.PackageSpec,1}) at /workspace/srcdir/usr/share/julia/stdlib/v1.5/Pkg/src/API.jl:315
 [5] #test#61 at /workspace/srcdir/usr/share/julia/stdlib/v1.5/Pkg/src/API.jl:67 [inlined]
 [6] test at /workspace/srcdir/usr/share/julia/stdlib/v1.5/Pkg/src/API.jl:67 [inlined]
 [7] #test#60 at /workspace/srcdir/usr/share/julia/stdlib/v1.5/Pkg/src/API.jl:66 [inlined]
 [8] test at /workspace/srcdir/usr/share/julia/stdlib/v1.5/Pkg/src/API.jl:66 [inlined]
 [9] test(::String; kwargs::Base.Iterators.Pairs{Union{},Union{},Tuple{},NamedTuple{(),Tuple{}}}) at /workspace/srcdir/usr/share/julia/stdlib/v1.5/Pkg/src/API.jl:65
 [10] test(::String) at /workspace/srcdir/usr/share/julia/stdlib/v1.5/Pkg/src/API.jl:65
 [11] top-level scope at none:16
