Julia Version 1.3.1-pre.19
Commit 602e3006ec (2019-12-17 12:50 UTC)
Platform Info:
  OS: Linux (x86_64-linux-gnu)
  CPU: Intel(R) Xeon(R) Silver 4114 CPU @ 2.20GHz
  WORD_SIZE: 64
  LIBM: libopenlibm
  LLVM: libLLVM-6.0.1 (ORCJIT, skylake)
Environment:
  JULIA_DEPOT_PATH = ::/usr/local/share/julia

 Resolving package versions...
 Installed SolveDSGE ─ v0.2.0
  Updating `~/.julia/environments/v1.3/Project.toml`
  [00bf1f32] + SolveDSGE v0.2.0
  Updating `~/.julia/environments/v1.3/Manifest.toml`
  [00bf1f32] + SolveDSGE v0.2.0
  [8f399da3] + Libdl 
  [37e2e46d] + LinearAlgebra 
   Testing SolveDSGE
    Status `/tmp/jl_wcP2aA/Manifest.toml`
  [00bf1f32] SolveDSGE v0.2.0
  [8f399da3] Libdl  [`@stdlib/Libdl`]
  [37e2e46d] LinearAlgebra  [`@stdlib/LinearAlgebra`]
Pass
Pass
Pass
Pass
Pass
1.0408340855860843e-16
5.551115123125783e-17
2.7755575615628914e-17
Fail: Need first derivative for all model equations
4.549632781625235e-9
6.162715990298828e-9
1.1302570268600931e-9
   Testing SolveDSGE tests passed 
