Julia Version 1.5.1-pre.0
Commit f0b8c76f6f (2020-08-02 04:55 UTC)
Platform Info:
  OS: Linux (x86_64-pc-linux-gnu)
  CPU: Intel(R) Xeon(R) Silver 4114 CPU @ 2.20GHz
  WORD_SIZE: 64
  LIBM: libopenlibm
  LLVM: libLLVM-9.0.1 (ORCJIT, skylake)
Environment:
  JULIA_DEPOT_PATH = ::/usr/local/share/julia
  JULIA_NUM_THREADS = 2

  Resolving package versions...
  Installed NODAL ─ v0.4.0
Updating `~/.julia/environments/v1.5/Project.toml`
  [44063525] + NODAL v0.4.0
Updating `~/.julia/environments/v1.5/Manifest.toml`
  [44063525] + NODAL v0.4.0
  [2a0f44e3] + Base64
  [8ba89e20] + Distributed
  [b77e0a4c] + InteractiveUtils
  [8f399da3] + Libdl
  [37e2e46d] + LinearAlgebra
  [56ddb016] + Logging
  [d6f4376e] + Markdown
  [de0858da] + Printf
  [9a3f8284] + Random
  [9e88b42a] + Serialization
  [6462fe0b] + Sockets
  [2f01184e] + SparseArrays
  [10745b16] + Statistics
  [8dfed614] + Test
  [4ec0a83e] + Unicode
    Testing NODAL
Status `/tmp/jl_ZVbJmt/Project.toml`
  [44063525] NODAL v0.4.0
  [8ba89e20] Distributed
  [de0858da] Printf
  [9a3f8284] Random
  [10745b16] Statistics
  [8dfed614] Test
Status `/tmp/jl_ZVbJmt/Manifest.toml`
  [44063525] NODAL v0.4.0
  [2a0f44e3] Base64
  [8ba89e20] Distributed
  [b77e0a4c] InteractiveUtils
  [8f399da3] Libdl
  [37e2e46d] LinearAlgebra
  [56ddb016] Logging
  [d6f4376e] Markdown
  [de0858da] Printf
  [9a3f8284] Random
  [9e88b42a] Serialization
  [6462fe0b] Sockets
  [2f01184e] SparseArrays
  [10745b16] Statistics
  [8dfed614] Test
  [4ec0a83e] Unicode
Test Summary:   | Pass  Total
NumberParameter |   86     86
    [EnumParameter]
    name   : test
    current: test
    values : 
    [EnumParameter]
    name   : test
    current: test
    values : 
    [StringParameter]
    name : test
    value: "a"
    ***
    [StringParameter]
    name : test
    value: "b"
    ***
    [EnumParameter]
    name   : test
    current: test
    values : 
    [StringParameter]
    name : test
    value: "c"
Test Summary: | Pass  Total
EnumParameter |   37     37
    [PermutationParameter]
    name : test
    value: [1, 2, 3, 4, 5, 6]
    size : 6
    [PermutationParameter]
    name : test
    value: [3, 2, 1, 4, 5, 6]
    size : 6
    [PermutationParameter]
    name : test
    value: [3, 2, 1, 4, 5, 6]
    size : 6
    [PermutationParameter]
    name : test
    value: [3, 1, 4, 2, 5, 6]
    size : 6
    [PermutationParameter]
    name : test
    value: [1, 2, 3, 4, 5, 6]
    size : 6
    [PermutationParameter]
    name : test
    value: [6, 2, 5, 4, 1, 3]
    size : 6
Test Summary:        | Pass  Total
PermutationParameter |    9      9
Test Summary:   | Pass  Total
StringParameter |    6      6
    [BoolParameter]
    name : test
    value: true
Test Summary: | Pass  Total
BoolParameter |    6      6
  [Configuration]
  name      : test
  parameters:
    [NumberParameter]
    name : i0
    min  : 1.000000
    max  : 38.000000
    value: 3.000000
    ***
    [NumberParameter]
    name : i3
    min  : 2.330000
    max  : 85.330000
    value: 22.200000
    ***
    [NumberParameter]
    name : i1
    min  : 4.000000
    max  : 66.000000
    value: 55.000000
    ***
    [StringParameter]
    name : i2
    value: "value"

Test Summary: | Pass  Total
Configuration |   27     27
Test Summary: | Pass  Total
Run           |    1      1
[Result]
Cost              : 1.0
Found in Iteration: 1
Current Iteration : 4
Technique         : Initialize
Function Calls    : 1
  ***
1.0
Test Summary: | Pass  Total
Search        |    3      3
[Result]
Cost              : 1.0
Found in Iteration: 1
Current Iteration : 7
Technique         : Initialize
Function Calls    : 1
  ***
[Result]
Cost              : 1.0
Found in Iteration: 1
Current Iteration : 5894
Technique         : Initialize
Function Calls    : 1
  ***
[Result]
Cost              : 1.0
Found in Iteration: 1
Current Iteration : 16386
Technique         : Initialize
Function Calls    : 1
  ***
[Result]
Cost              : 0.0015966290190831667
Found in Iteration: 7
Current Iteration : 24707
Technique         : Iterative First Improvement
Function Calls    : 11829
  ***
[Result]
Cost              : 0.0015966290190831667
Found in Iteration: 7
Current Iteration : 38795
Technique         : Iterative First Improvement
Function Calls    : 11829
  ***
[Result]
Cost              : 0.0015966290190831667
Found in Iteration: 7
Current Iteration : 51118
Technique         : Iterative First Improvement
Function Calls    : 11829
  ***
[Result]
Cost              : 0.0015966290190831667
Found in Iteration: 7
Current Iteration : 64982
Technique         : Iterative First Improvement
Function Calls    : 11829
  ***
[Result]
Cost              : 6.5598748736147e-5
Found in Iteration: 10
Current Iteration : 78837
Technique         : Iterative First Improvement
Function Calls    : 39322
  ***
[bioFinal Result]
Cost                  : 6.5598748736147e-5
Found in Iteration    : 10
Current Iteration     : 91870
Technique             : Iterative First Improvement
Function Calls        : 39322
Starting Configuration:
  [Configuration]
  name      : rosenbrock_config
  parameters:
    [NumberParameter]
    name : i0
    min  : -2.000000
    max  : 2.000000
    value: 1.002715
    ***
    [NumberParameter]
    name : i1
    min  : -2.000000
    max  : 2.000000
    value: 1.004674
Minimum Configuration :
  [Configuration]
  name      : rosenbrock_config
  parameters:
    [NumberParameter]
    name : i0
    min  : -2.000000
    max  : 2.000000
    value: 1.002715
    ***
    [NumberParameter]
    name : i1
    min  : -2.000000
    max  : 2.000000
    value: 1.004674
6.5598748736147e-5
Test Summary: | Pass  Total
Search        |    3      3
[Result]
Cost              : 1.0
Found in Iteration: 1
Current Iteration : 7
Technique         : Initialize
Function Calls    : 1
  ***
[Result]
Cost              : 0.7290353089023753
Found in Iteration: 8192
Current Iteration : 32299
Technique         : Iterative Probabilistic Improvement
Function Calls    : 8192
  ***
[Result]
Cost              : 0.7290353089023753
Found in Iteration: 8192
Current Iteration : 78950
Technique         : Iterative Probabilistic Improvement
Function Calls    : 8192
  ***
[Result]
Cost              : 0.3729273020748448
Found in Iteration: 52590
Current Iteration : 129857
Technique         : Iterative Probabilistic Improvement
Function Calls    : 52590
  ***
[Result]
Cost              : 0.3729273020748448
Found in Iteration: 52590
Current Iteration : 177475
Technique         : Iterative Probabilistic Improvement
Function Calls    : 52590
  ***
[Result]
Cost              : 0.3729273020748448
Found in Iteration: 52590
Current Iteration : 229739
Technique         : Iterative Probabilistic Improvement
Function Calls    : 52590
  ***
[bioFinal Result]
Cost                  : 0.3729273020748448
Found in Iteration    : 52590
Current Iteration     : 283200
Technique             : Iterative Probabilistic Improvement
Function Calls        : 52590
Starting Configuration:
  [Configuration]
  name      : rosenbrock_config
  parameters:
    [NumberParameter]
    name : i0
    min  : -2.000000
    max  : 2.000000
    value: 0.436913
    ***
    [NumberParameter]
    name : i1
    min  : -2.000000
    max  : 2.000000
    value: 0.214528
Minimum Configuration :
  [Configuration]
  name      : rosenbrock_config
  parameters:
    [NumberParameter]
    name : i0
    min  : -2.000000
    max  : 2.000000
    value: 0.436913
    ***
    [NumberParameter]
    name : i1
    min  : -2.000000
    max  : 2.000000
    value: 0.214528
0.3729273020748448
Test Summary: | Pass  Total
Search        |    3      3
[Result]
Cost              : 1.0
Found in Iteration: 1
Current Iteration : 7
Technique         : Initialize
Function Calls    : 1
  ***
[Result]
Cost              : 1.0
Found in Iteration: 1
Current Iteration : 77481
Technique         : Initialize
Function Calls    : 1
  ***
[Result]
Cost              : 1.0
Found in Iteration: 1
Current Iteration : 157291
Technique         : Initialize
Function Calls    : 1
  ***
[Result]
Cost              : 0.00018156604078864644
Found in Iteration: 2405
Current Iteration : 231111
Technique         : Randomized First Improvement
Function Calls    : 109400
  ***
[Result]
Cost              : 0.00018156604078864644
Found in Iteration: 2405
Current Iteration : 301699
Technique         : Randomized First Improvement
Function Calls    : 109400
  ***
[Result]
Cost              : 0.00018156604078864644
Found in Iteration: 2405
Current Iteration : 376633
Technique         : Randomized First Improvement
Function Calls    : 109400
  ***
[bioFinal Result]
Cost                  : 0.00018156604078864644
Found in Iteration    : 2405
Current Iteration     : 451666
Technique             : Randomized First Improvement
Function Calls        : 109400
Starting Configuration:
  [Configuration]
  name      : rosenbrock_config
  parameters:
    [NumberParameter]
    name : i0
    min  : -2.000000
    max  : 2.000000
    value: 1.013003
    ***
    [NumberParameter]
    name : i1
    min  : -2.000000
    max  : 2.000000
    value: 1.026529
Minimum Configuration :
  [Configuration]
  name      : rosenbrock_config
  parameters:
    [NumberParameter]
    name : i0
    min  : -2.000000
    max  : 2.000000
    value: 1.013003
    ***
    [NumberParameter]
    name : i1
    min  : -2.000000
    max  : 2.000000
    value: 1.026529
0.00018156604078864644
Test Summary: | Pass  Total
Search        |    3      3
[Result]
Cost              : 1.0
Found in Iteration: 1
Current Iteration : 7
Technique         : Initialize
Function Calls    : 1
  ***
[Result]
Cost              : 1.0
Found in Iteration: 1
Current Iteration : 97938
Technique         : Initialize
Function Calls    : 1
  ***
[Result]
Cost              : 1.0
Found in Iteration: 1
Current Iteration : 411640
Technique         : Initialize
Function Calls    : 1
  ***
[bioFinal Result]
Cost                  : 1.0
Found in Iteration    : 1
Current Iteration     : 725984
Technique             : Initialize
Function Calls        : 1
Starting Configuration:
  [Configuration]
  name      : rosenbrock_config
  parameters:
    [NumberParameter]
    name : i0
    min  : -2.000000
    max  : 2.000000
    value: 0.000000
    ***
    [NumberParameter]
    name : i1
    min  : -2.000000
    max  : 2.000000
    value: 0.000000
Minimum Configuration :
  [Configuration]
  name      : rosenbrock_config
  parameters:
    [NumberParameter]
    name : i0
    min  : -2.000000
    max  : 2.000000
    value: 0.000000
    ***
    [NumberParameter]
    name : i1
    min  : -2.000000
    max  : 2.000000
    value: 0.000000
1.0
Test Summary: | Pass  Total
Search        |    3      3
[Result]
Cost              : 1.0
Found in Iteration: 1
Current Iteration : 7
Technique         : Initialize
Function Calls    : 1
  ***
[Result]
Cost              : 1.0
Found in Iteration: 1
Current Iteration : 57527
Technique         : Initialize
Function Calls    : 1
  ***
[Result]
Cost              : 1.0
Found in Iteration: 1
Current Iteration : 125144
Technique         : Initialize
Function Calls    : 1
  ***
[bioFinal Result]
Cost                  : 1.0
Found in Iteration    : 1
Current Iteration     : 196636
Technique             : Initialize
Function Calls        : 1
Starting Configuration:
  [Configuration]
  name      : rosenbrock_config
  parameters:
    [NumberParameter]
    name : i0
    min  : -2.000000
    max  : 2.000000
    value: 0.000000
    ***
    [NumberParameter]
    name : i1
    min  : -2.000000
    max  : 2.000000
    value: 0.000000
Minimum Configuration :
  [Configuration]
  name      : rosenbrock_config
  parameters:
    [NumberParameter]
    name : i0
    min  : -2.000000
    max  : 2.000000
    value: 0.000000
    ***
    [NumberParameter]
    name : i1
    min  : -2.000000
    max  : 2.000000
    value: 0.000000
1.0
Test Summary: | Pass  Total
Search        |    3      3
Test Summary: | Pass  Total
unit_value    |    6      6
    Testing NODAL tests passed 
