Running tests with Julia v1.3.1-pre.12
 Resolving package versions...
 Installed BoundingSphere ─ v0.2.0
  Updating `~/.julia/environments/v1.3/Project.toml`
  [747eb165] + BoundingSphere v0.2.0
  Updating `~/.julia/environments/v1.3/Manifest.toml`
  [747eb165] + BoundingSphere v0.2.0
  [2a0f44e3] + Base64 
  [b77e0a4c] + InteractiveUtils 
  [8f399da3] + Libdl 
  [37e2e46d] + LinearAlgebra 
  [d6f4376e] + Markdown 
  [9a3f8284] + Random 
  [9e88b42a] + Serialization 
  [2f01184e] + SparseArrays 
  [10745b16] + Statistics 
   Testing BoundingSphere
 Resolving package versions...
 Installed BenchmarkTools ─ v0.4.3
 Installed JSON ─────────── v0.21.0
 Installed Parsers ──────── v0.3.10
 Installed StaticArrays ─── v0.12.1
    Status `/tmp/jl_wqoh2h/Manifest.toml`
  [6e4b80f9] BenchmarkTools v0.4.3
  [747eb165] BoundingSphere v0.2.0
  [682c06a0] JSON v0.21.0
  [69de0a69] Parsers v0.3.10
  [90137ffa] StaticArrays v0.12.1
  [2a0f44e3] Base64  [`@stdlib/Base64`]
  [ade2ca70] Dates  [`@stdlib/Dates`]
  [8ba89e20] Distributed  [`@stdlib/Distributed`]
  [b77e0a4c] InteractiveUtils  [`@stdlib/InteractiveUtils`]
  [8f399da3] Libdl  [`@stdlib/Libdl`]
  [37e2e46d] LinearAlgebra  [`@stdlib/LinearAlgebra`]
  [56ddb016] Logging  [`@stdlib/Logging`]
  [d6f4376e] Markdown  [`@stdlib/Markdown`]
  [a63ad114] Mmap  [`@stdlib/Mmap`]
  [de0858da] Printf  [`@stdlib/Printf`]
  [9a3f8284] Random  [`@stdlib/Random`]
  [9e88b42a] Serialization  [`@stdlib/Serialization`]
  [6462fe0b] Sockets  [`@stdlib/Sockets`]
  [2f01184e] SparseArrays  [`@stdlib/SparseArrays`]
  [10745b16] Statistics  [`@stdlib/Statistics`]
  [8dfed614] Test  [`@stdlib/Test`]
  [4ec0a83e] Unicode  [`@stdlib/Unicode`]
Test Summary: | Pass  Broken  Total
6 points 2d   |    1       2      3
Test Summary: | Pass  Total
prefix        |    4      4
Test Summary:  | Pass  Total
move_to_front! |    3      3
Test Summary: | Pass  Total
isinside      |    3      3
Test Summary:        | Pass  Total
Generic type support |   72     72
Test Summary: | Pass  Total
support_count |   10     10
Test Summary:        | Pass  Total
random support_count |  780    780
Test Summary: | Pass  Total
random Ritter | 1000   1000
Test Summary:     |  Pass  Broken  Total
random WelzlPivot | 12042      18  12060
Test Summary:   | Pass  Total
random WelzlMTF |  400    400
Test Summary: | Pass  Total
2 points 2d   |    4      4
Test Summary: | Pass  Broken  Total
2 points 1d   |    1       1      2
Test Summary: | Pass  Total
3 points 3d   |    4      4
Running Ritter() on 100 points of dimension 2
BenchmarkTools.Trial: 
  memory estimate:  0 bytes
  allocs estimate:  0
  --------------
  minimum time:     1.426 μs (0.00% GC)
  median time:      1.605 μs (0.00% GC)
  mean time:        1.664 μs (0.00% GC)
  maximum time:     150.269 μs (0.00% GC)
  --------------
  samples:          10000
  evals/sample:     10
Running WelzlMTF() on 100 points of dimension 2
BenchmarkTools.Trial: 
  memory estimate:  7.44 KiB
  allocs estimate:  102
  --------------
  minimum time:     21.143 μs (0.00% GC)
  median time:      35.800 μs (0.00% GC)
  mean time:        38.447 μs (0.00% GC)
  maximum time:     10.354 ms (0.00% GC)
  --------------
  samples:          10000
  evals/sample:     1
Running WelzlPivot(1000) on 100 points of dimension 2
BenchmarkTools.Trial: 
  memory estimate:  3.92 KiB
  allocs estimate:  27
  --------------
  minimum time:     5.883 μs (0.00% GC)
  median time:      11.097 μs (0.00% GC)
  mean time:        12.006 μs (5.46% GC)
  maximum time:     1.358 ms (98.10% GC)
  --------------
  samples:          10000
  evals/sample:     6
Running Ritter() on 1000 points of dimension 3
BenchmarkTools.Trial: 
  memory estimate:  0 bytes
  allocs estimate:  0
  --------------
  minimum time:     10.062 μs (0.00% GC)
  median time:      13.845 μs (0.00% GC)
  mean time:        14.500 μs (0.00% GC)
  maximum time:     882.840 μs (0.00% GC)
  --------------
  samples:          10000
  evals/sample:     4
Running WelzlMTF() on 1000 points of dimension 3
BenchmarkTools.Trial: 
  memory estimate:  31.50 KiB
  allocs estimate:  168
  --------------
  minimum time:     64.577 μs (0.00% GC)
  median time:      107.771 μs (0.00% GC)
  mean time:        114.315 μs (3.16% GC)
  maximum time:     12.224 ms (0.00% GC)
  --------------
  samples:          10000
  evals/sample:     1
Running WelzlPivot(1000) on 1000 points of dimension 3
BenchmarkTools.Trial: 
  memory estimate:  24.89 KiB
  allocs estimate:  27
  --------------
  minimum time:     26.721 μs (0.00% GC)
  median time:      45.987 μs (0.00% GC)
  mean time:        54.003 μs (4.03% GC)
  maximum time:     9.179 ms (0.00% GC)
  --------------
  samples:          10000
  evals/sample:     1
   Testing BoundingSphere tests passed 
