Running tests with Julia v1.3.1-pre.12
   Cloning default registries into `~/.julia`
   Cloning registry from "https://github.com/JuliaRegistries/General.git"
[?25l    Fetching: [>                                        ]  0.0 %    Fetching: [=============>                           ]  30.4 %    Fetching: [========================>                ]  58.1 %[2K[?25h     Added registry `General` to `~/.julia/registries/General`
 Resolving package versions...
 Installed Requires ────────── v0.5.2
 Installed AbstractLattices ── v0.1.2
 Installed FixedPointNumbers ─ v0.6.1
 Installed Fatou ───────────── v1.1.0
 Installed ColorTypes ──────── v0.8.0
 Installed Leibniz ─────────── v0.0.3
 Installed ForceImport ─────── v0.0.3
 Installed Colors ──────────── v0.9.6
 Installed LaTeXStrings ────── v1.0.3
 Installed DirectSum ───────── v0.4.2
 Installed Reexport ────────── v0.2.0
 Installed Reduce ──────────── v1.2.3
 Installed Compat ──────────── v2.2.0
 Installed SyntaxTree ──────── v1.0.1
 Installed StaticArrays ────── v0.12.1
 Installed AbstractTensors ─── v0.3.0
 Installed ColorSchemes ────── v3.5.0
  Updating `~/.julia/environments/v1.3/Project.toml`
  [5f923234] + Fatou v1.1.0
  Updating `~/.julia/environments/v1.3/Manifest.toml`
  [398f06c4] + AbstractLattices v0.1.2
  [a8e43f4a] + AbstractTensors v0.3.0
  [35d6a980] + ColorSchemes v3.5.0
  [3da002f7] + ColorTypes v0.8.0
  [5ae59095] + Colors v0.9.6
  [34da2185] + Compat v2.2.0
  [22fd7b30] + DirectSum v0.4.2
  [5f923234] + Fatou v1.1.0
  [53c48c17] + FixedPointNumbers v0.6.1
  [9dda63f9] + ForceImport v0.0.3
  [b964fa9f] + LaTeXStrings v1.0.3
  [edad4870] + Leibniz v0.0.3
  [93e0c654] + Reduce v1.2.3
  [189a3867] + Reexport v0.2.0
  [ae029012] + Requires v0.5.2
  [90137ffa] + StaticArrays v0.12.1
  [a4af3ec5] + SyntaxTree v1.0.1
  [2a0f44e3] + Base64 
  [ade2ca70] + Dates 
  [8bb1440f] + DelimitedFiles 
  [8ba89e20] + Distributed 
  [b77e0a4c] + InteractiveUtils 
  [76f85450] + LibGit2 
  [8f399da3] + Libdl 
  [37e2e46d] + LinearAlgebra 
  [56ddb016] + Logging 
  [d6f4376e] + Markdown 
  [a63ad114] + Mmap 
  [44cfe95a] + Pkg 
  [de0858da] + Printf 
  [3fa0cd96] + REPL 
  [9a3f8284] + Random 
  [ea8e919c] + SHA 
  [9e88b42a] + Serialization 
  [1a1011a3] + SharedArrays 
  [6462fe0b] + Sockets 
  [2f01184e] + SparseArrays 
  [10745b16] + Statistics 
  [8dfed614] + Test 
  [cf7118a7] + UUIDs 
  [4ec0a83e] + Unicode 
  Building Reduce → `~/.julia/packages/Reduce/4dmwd/deps/build.log`
   Testing Fatou
    Status `/tmp/jl_S7TxOP/Manifest.toml`
  [398f06c4] AbstractLattices v0.1.2
  [a8e43f4a] AbstractTensors v0.3.0
  [35d6a980] ColorSchemes v3.5.0
  [3da002f7] ColorTypes v0.8.0
  [5ae59095] Colors v0.9.6
  [34da2185] Compat v2.2.0
  [22fd7b30] DirectSum v0.4.2
  [5f923234] Fatou v1.1.0
  [53c48c17] FixedPointNumbers v0.6.1
  [9dda63f9] ForceImport v0.0.3
  [b964fa9f] LaTeXStrings v1.0.3
  [edad4870] Leibniz v0.0.3
  [93e0c654] Reduce v1.2.3
  [189a3867] Reexport v0.2.0
  [ae029012] Requires v0.5.2
  [90137ffa] StaticArrays v0.12.1
  [a4af3ec5] SyntaxTree v1.0.1
  [2a0f44e3] Base64  [`@stdlib/Base64`]
  [ade2ca70] Dates  [`@stdlib/Dates`]
  [8bb1440f] DelimitedFiles  [`@stdlib/DelimitedFiles`]
  [8ba89e20] Distributed  [`@stdlib/Distributed`]
  [b77e0a4c] InteractiveUtils  [`@stdlib/InteractiveUtils`]
  [76f85450] LibGit2  [`@stdlib/LibGit2`]
  [8f399da3] Libdl  [`@stdlib/Libdl`]
  [37e2e46d] LinearAlgebra  [`@stdlib/LinearAlgebra`]
  [56ddb016] Logging  [`@stdlib/Logging`]
  [d6f4376e] Markdown  [`@stdlib/Markdown`]
  [a63ad114] Mmap  [`@stdlib/Mmap`]
  [44cfe95a] Pkg  [`@stdlib/Pkg`]
  [de0858da] Printf  [`@stdlib/Printf`]
  [3fa0cd96] REPL  [`@stdlib/REPL`]
  [9a3f8284] Random  [`@stdlib/Random`]
  [ea8e919c] SHA  [`@stdlib/SHA`]
  [9e88b42a] Serialization  [`@stdlib/Serialization`]
  [1a1011a3] SharedArrays  [`@stdlib/SharedArrays`]
  [6462fe0b] Sockets  [`@stdlib/Sockets`]
  [2f01184e] SparseArrays  [`@stdlib/SparseArrays`]
  [10745b16] Statistics  [`@stdlib/Statistics`]
  [8dfed614] Test  [`@stdlib/Test`]
  [cf7118a7] UUIDs  [`@stdlib/UUIDs`]
  [4ec0a83e] Unicode  [`@stdlib/Unicode`]
/home/pkgeval/.julia/packages/Reduce/4dmwd/deps/usr/lib/reduce/cslbuild/csl/reduce: error while loading shared libraries: libXft.so.2: cannot open shared object file: No such file or directory
/home/pkgeval/.julia/packages/Reduce/4dmwd/deps/usr/lib/reduce/cslbuild/csl/reduce: error while loading shared libraries: libXft.so.2: cannot open shared object file: No such file or directory
Fatou detected 1 julia threads.
ERROR: LoadError: IOError: write: broken pipe (EPIPE)
Stacktrace:
 [1] uv_write(::Base.PipeEndpoint, ::Ptr{UInt8}, ::UInt64) at ./stream.jl:953
 [2] unsafe_write(::Base.PipeEndpoint, ::Ptr{UInt8}, ::UInt64) at ./stream.jl:1007
 [3] unsafe_write at ./io.jl:310 [inlined]
 [4] macro expansion at ./gcutils.jl:91 [inlined]
 [5] write at ./strings/io.jl:186 [inlined]
 [6] clear(::Reduce.PSL) at /home/pkgeval/.julia/packages/Reduce/4dmwd/src/Reduce.jl:76
 [7] write(::Reduce.PSL, ::String) at /home/pkgeval/.julia/packages/Reduce/4dmwd/src/Reduce.jl:83
 [8] #rcall#40(::Array{Symbol,1}, ::Array{Symbol,1}, ::typeof(Reduce.rcall), ::Reduce.RExpr) at /home/pkgeval/.julia/packages/Reduce/4dmwd/src/rexpr.jl:464
 [9] #rcall at ./none:0 [inlined]
 [10] #rcall#41(::Array{Symbol,1}, ::Array{Symbol,1}, ::typeof(Reduce.rcall), ::String) at /home/pkgeval/.julia/packages/Reduce/4dmwd/src/rexpr.jl:498
 [11] rcall(::String) at /home/pkgeval/.julia/packages/Reduce/4dmwd/src/rexpr.jl:498
 [12] |>(::String, ::typeof(Reduce.rcall)) at ./operators.jl:854
 [13] load_package(::Symbol) at /home/pkgeval/.julia/packages/Reduce/4dmwd/src/Reduce.jl:283
 [14] top-level scope at /home/pkgeval/.julia/packages/Fatou/jOP9J/test/runtests.jl:6
 [15] include at ./boot.jl:328 [inlined]
 [16] include_relative(::Module, ::String) at ./loading.jl:1105
 [17] include(::Module, ::String) at ./Base.jl:31
 [18] include(::String) at ./client.jl:424
 [19] top-level scope at none:6
in expression starting at /home/pkgeval/.julia/packages/Fatou/jOP9J/test/runtests.jl:6
ERROR: Package Fatou errored during testing
Stacktrace:
 [1] pkgerror(::String, ::Vararg{String,N} where N) at /workspace/srcdir/julia/usr/share/julia/stdlib/v1.3/Pkg/src/Types.jl:113
 [2] #test#131(::Bool, ::Nothing, ::Cmd, ::Cmd, ::typeof(Pkg.Operations.test), ::Pkg.Types.Context, ::Array{Pkg.Types.PackageSpec,1}) at /workspace/srcdir/julia/usr/share/julia/stdlib/v1.3/Pkg/src/Operations.jl:1370
 [3] #test at ./none:0 [inlined]
 [4] #test#62(::Bool, ::Nothing, ::Cmd, ::Cmd, ::Base.Iterators.Pairs{Union{},Union{},Tuple{},NamedTuple{(),Tuple{}}}, ::typeof(Pkg.API.test), ::Pkg.Types.Context, ::Array{Pkg.Types.PackageSpec,1}) at /workspace/srcdir/julia/usr/share/julia/stdlib/v1.3/Pkg/src/API.jl:253
 [5] test(::Pkg.Types.Context, ::Array{Pkg.Types.PackageSpec,1}) at /workspace/srcdir/julia/usr/share/julia/stdlib/v1.3/Pkg/src/API.jl:239
 [6] #test#61 at /workspace/srcdir/julia/usr/share/julia/stdlib/v1.3/Pkg/src/API.jl:233 [inlined]
 [7] test at /workspace/srcdir/julia/usr/share/julia/stdlib/v1.3/Pkg/src/API.jl:233 [inlined]
 [8] #test#60 at /workspace/srcdir/julia/usr/share/julia/stdlib/v1.3/Pkg/src/API.jl:232 [inlined]
 [9] test at /workspace/srcdir/julia/usr/share/julia/stdlib/v1.3/Pkg/src/API.jl:232 [inlined]
 [10] #test#59(::Base.Iterators.Pairs{Union{},Union{},Tuple{},NamedTuple{(),Tuple{}}}, ::typeof(Pkg.API.test), ::String) at /workspace/srcdir/julia/usr/share/julia/stdlib/v1.3/Pkg/src/API.jl:231
 [11] test(::String) at /workspace/srcdir/julia/usr/share/julia/stdlib/v1.3/Pkg/src/API.jl:231
 [12] top-level scope at none:12
