Running tests with Julia v1.3.1-pre.12
   Cloning default registries into `~/.julia`
   Cloning registry from "https://github.com/JuliaRegistries/General.git"
[?25l    Fetching: [>                                        ]  0.0 %    Fetching: [==============>                          ]  33.3 %    Fetching: [===================================>     ]  85.1 %[2K[?25h     Added registry `General` to `~/.julia/registries/General`
 Resolving package versions...
 Installed Ratios ────────────── v0.3.1
 Installed ArgCheck ──────────── v1.0.1
 Installed WoodburyMatrices ──── v0.4.1
 Installed Compat ────────────── v2.2.0
 Installed OrderedCollections ── v1.1.0
 Installed MacroTools ────────── v0.5.3
 Installed Marconi ───────────── v0.1.0
 Installed PGFPlotsX ─────────── v1.2.0
 Installed DefaultApplication ── v0.1.3
 Installed Missings ──────────── v0.4.3
 Installed OffsetArrays ──────── v0.11.2
 Installed StaticArrays ──────── v0.12.1
 Installed Requires ──────────── v0.5.2
 Installed Parameters ────────── v0.12.0
 Installed DataStructures ────── v0.17.6
 Installed DataAPI ───────────── v1.1.0
 Installed StatsBase ─────────── v0.32.0
 Installed Interpolations ────── v0.12.5
 Installed SortingAlgorithms ─── v0.3.1
 Installed AxisAlgorithms ────── v1.0.0
 Installed DocStringExtensions ─ v0.8.1
  Updating `~/.julia/environments/v1.3/Project.toml`
  [bbe32c30] + Marconi v0.1.0
  Updating `~/.julia/environments/v1.3/Manifest.toml`
  [dce04be8] + ArgCheck v1.0.1
  [13072b0f] + AxisAlgorithms v1.0.0
  [34da2185] + Compat v2.2.0
  [9a962f9c] + DataAPI v1.1.0
  [864edb3b] + DataStructures v0.17.6
  [3f0dd361] + DefaultApplication v0.1.3
  [ffbed154] + DocStringExtensions v0.8.1
  [a98d9a8b] + Interpolations v0.12.5
  [1914dd2f] + MacroTools v0.5.3
  [bbe32c30] + Marconi v0.1.0
  [e1d29d7a] + Missings v0.4.3
  [6fe1bfb0] + OffsetArrays v0.11.2
  [bac558e1] + OrderedCollections v1.1.0
  [8314cec4] + PGFPlotsX v1.2.0
  [d96e819e] + Parameters v0.12.0
  [c84ed2f1] + Ratios v0.3.1
  [ae029012] + Requires v0.5.2
  [a2af1166] + SortingAlgorithms v0.3.1
  [90137ffa] + StaticArrays v0.12.1
  [2913bbd2] + StatsBase v0.32.0
  [efce3f68] + WoodburyMatrices v0.4.1
  [2a0f44e3] + Base64 
  [ade2ca70] + Dates 
  [8bb1440f] + DelimitedFiles 
  [8ba89e20] + Distributed 
  [b77e0a4c] + InteractiveUtils 
  [76f85450] + LibGit2 
  [8f399da3] + Libdl 
  [37e2e46d] + LinearAlgebra 
  [56ddb016] + Logging 
  [d6f4376e] + Markdown 
  [a63ad114] + Mmap 
  [44cfe95a] + Pkg 
  [de0858da] + Printf 
  [3fa0cd96] + REPL 
  [9a3f8284] + Random 
  [ea8e919c] + SHA 
  [9e88b42a] + Serialization 
  [1a1011a3] + SharedArrays 
  [6462fe0b] + Sockets 
  [2f01184e] + SparseArrays 
  [10745b16] + Statistics 
  [8dfed614] + Test 
  [cf7118a7] + UUIDs 
  [4ec0a83e] + Unicode 
   Testing Marconi
 Resolving package versions...
 Installed CoverageTools ── v1.0.0
 Installed HTTP ─────────── v0.8.8
 Installed Coverage ─────── v1.0.0
 Installed JSON ─────────── v0.21.0
 Installed IniFile ──────── v0.5.0
 Installed BinaryProvider ─ v0.5.8
 Installed Parsers ──────── v0.3.10
 Installed MbedTLS ──────── v0.7.0
  Building MbedTLS → `~/.julia/packages/MbedTLS/a1JFn/deps/build.log`
    Status `/tmp/jl_E9TEt8/Manifest.toml`
  [dce04be8] ArgCheck v1.0.1
  [13072b0f] AxisAlgorithms v1.0.0
  [b99e7846] BinaryProvider v0.5.8
  [34da2185] Compat v2.2.0
  [a2441757] Coverage v1.0.0
  [c36e975a] CoverageTools v1.0.0
  [9a962f9c] DataAPI v1.1.0
  [864edb3b] DataStructures v0.17.6
  [3f0dd361] DefaultApplication v0.1.3
  [ffbed154] DocStringExtensions v0.8.1
  [cd3eb016] HTTP v0.8.8
  [83e8ac13] IniFile v0.5.0
  [a98d9a8b] Interpolations v0.12.5
  [682c06a0] JSON v0.21.0
  [1914dd2f] MacroTools v0.5.3
  [bbe32c30] Marconi v0.1.0
  [739be429] MbedTLS v0.7.0
  [e1d29d7a] Missings v0.4.3
  [6fe1bfb0] OffsetArrays v0.11.2
  [bac558e1] OrderedCollections v1.1.0
  [8314cec4] PGFPlotsX v1.2.0
  [d96e819e] Parameters v0.12.0
  [69de0a69] Parsers v0.3.10
  [c84ed2f1] Ratios v0.3.1
  [ae029012] Requires v0.5.2
  [a2af1166] SortingAlgorithms v0.3.1
  [90137ffa] StaticArrays v0.12.1
  [2913bbd2] StatsBase v0.32.0
  [efce3f68] WoodburyMatrices v0.4.1
  [2a0f44e3] Base64  [`@stdlib/Base64`]
  [ade2ca70] Dates  [`@stdlib/Dates`]
  [8bb1440f] DelimitedFiles  [`@stdlib/DelimitedFiles`]
  [8ba89e20] Distributed  [`@stdlib/Distributed`]
  [b77e0a4c] InteractiveUtils  [`@stdlib/InteractiveUtils`]
  [76f85450] LibGit2  [`@stdlib/LibGit2`]
  [8f399da3] Libdl  [`@stdlib/Libdl`]
  [37e2e46d] LinearAlgebra  [`@stdlib/LinearAlgebra`]
  [56ddb016] Logging  [`@stdlib/Logging`]
  [d6f4376e] Markdown  [`@stdlib/Markdown`]
  [a63ad114] Mmap  [`@stdlib/Mmap`]
  [44cfe95a] Pkg  [`@stdlib/Pkg`]
  [de0858da] Printf  [`@stdlib/Printf`]
  [3fa0cd96] REPL  [`@stdlib/REPL`]
  [9a3f8284] Random  [`@stdlib/Random`]
  [ea8e919c] SHA  [`@stdlib/SHA`]
  [9e88b42a] Serialization  [`@stdlib/Serialization`]
  [1a1011a3] SharedArrays  [`@stdlib/SharedArrays`]
  [6462fe0b] Sockets  [`@stdlib/Sockets`]
  [2f01184e] SparseArrays  [`@stdlib/SparseArrays`]
  [10745b16] Statistics  [`@stdlib/Statistics`]
  [8dfed614] Test  [`@stdlib/Test`]
  [cf7118a7] UUIDs  [`@stdlib/UUIDs`]
  [4ec0a83e] Unicode  [`@stdlib/Unicode`]
PGFPlotsX.latexengine = PGFPlotsX.latexengine
┌ Error: Exception while generating log record in module Main at /home/pkgeval/.julia/packages/Marconi/EEiv0/test/runtests.jl:14
│   exception =
│    UndefVarError: HAVE_PDFTOPPM not defined
│    Stacktrace:
│     [1] getproperty(::Module, ::Symbol) at ./Base.jl:13
│     [2] top-level scope at logging.jl:320
│     [3] include at ./boot.jl:328 [inlined]
│     [4] include_relative(::Module, ::String) at ./loading.jl:1105
│     [5] include(::Module, ::String) at ./Base.jl:31
│     [6] include(::String) at ./client.jl:424
│     [7] top-level scope at none:6
│     [8] eval(::Module, ::Any) at ./boot.jl:330
│     [9] exec_options(::Base.JLOptions) at ./client.jl:263
│     [10] _start() at ./client.jl:460
└ @ Main ~/.julia/packages/Marconi/EEiv0/test/runtests.jl:14
ERROR: LoadError: UndefVarError: HAVE_PDFTOPPM not defined
Stacktrace:
 [1] getproperty(::Module, ::Symbol) at ./Base.jl:13
 [2] top-level scope at /home/pkgeval/.julia/packages/Marconi/EEiv0/test/runtests.jl:16
 [3] include at ./boot.jl:328 [inlined]
 [4] include_relative(::Module, ::String) at ./loading.jl:1105
 [5] include(::Module, ::String) at ./Base.jl:31
 [6] include(::String) at ./client.jl:424
 [7] top-level scope at none:6
in expression starting at /home/pkgeval/.julia/packages/Marconi/EEiv0/test/runtests.jl:16
ERROR: Package Marconi errored during testing
Stacktrace:
 [1] pkgerror(::String, ::Vararg{String,N} where N) at /workspace/srcdir/julia/usr/share/julia/stdlib/v1.3/Pkg/src/Types.jl:113
 [2] #test#131(::Bool, ::Nothing, ::Cmd, ::Cmd, ::typeof(Pkg.Operations.test), ::Pkg.Types.Context, ::Array{Pkg.Types.PackageSpec,1}) at /workspace/srcdir/julia/usr/share/julia/stdlib/v1.3/Pkg/src/Operations.jl:1370
 [3] #test at ./none:0 [inlined]
 [4] #test#62(::Bool, ::Nothing, ::Cmd, ::Cmd, ::Base.Iterators.Pairs{Union{},Union{},Tuple{},NamedTuple{(),Tuple{}}}, ::typeof(Pkg.API.test), ::Pkg.Types.Context, ::Array{Pkg.Types.PackageSpec,1}) at /workspace/srcdir/julia/usr/share/julia/stdlib/v1.3/Pkg/src/API.jl:253
 [5] test(::Pkg.Types.Context, ::Array{Pkg.Types.PackageSpec,1}) at /workspace/srcdir/julia/usr/share/julia/stdlib/v1.3/Pkg/src/API.jl:239
 [6] #test#61 at /workspace/srcdir/julia/usr/share/julia/stdlib/v1.3/Pkg/src/API.jl:233 [inlined]
 [7] test at /workspace/srcdir/julia/usr/share/julia/stdlib/v1.3/Pkg/src/API.jl:233 [inlined]
 [8] #test#60 at /workspace/srcdir/julia/usr/share/julia/stdlib/v1.3/Pkg/src/API.jl:232 [inlined]
 [9] test at /workspace/srcdir/julia/usr/share/julia/stdlib/v1.3/Pkg/src/API.jl:232 [inlined]
 [10] #test#59(::Base.Iterators.Pairs{Union{},Union{},Tuple{},NamedTuple{(),Tuple{}}}, ::typeof(Pkg.API.test), ::String) at /workspace/srcdir/julia/usr/share/julia/stdlib/v1.3/Pkg/src/API.jl:231
 [11] test(::String) at /workspace/srcdir/julia/usr/share/julia/stdlib/v1.3/Pkg/src/API.jl:231
 [12] top-level scope at none:12
