Current time is 2020-10-25T21:18:21.472
Julia Version 1.5.3-pre.13
Commit 3de1115e9c (2020-10-23 21:58 UTC)
Platform Info:
  OS: Linux (x86_64-linux-gnu)
  CPU: AMD EPYC 7502 32-Core Processor
  WORD_SIZE: 64
  LIBM: libopenlibm
  LLVM: libLLVM-9.0.1 (ORCJIT, znver2)
Environment:
  JULIA_DEPOT_PATH = ::/usr/local/share/julia
  JULIA_NUM_THREADS = 2
  JULIA_MAX_NUM_PRECOMPILE_FILES = 9223372036854775807
  JULIA_PKG_SERVER = 

Starting installation at 2020-10-25T21:18:24.527
  Resolving package versions...
  Installed Zlib_jll ───────────────────── v1.2.11+18
  Installed CodecZlib ──────────────────── v0.7.0
  Installed ArrayLayouts ───────────────── v0.4.10
  Installed Requires ───────────────────── v1.1.0
  Installed IRTools ────────────────────── v0.4.1
  Installed FiniteDifferences ──────────── v0.11.2
  Installed NNlib ──────────────────────── v0.7.5
  Installed Flux ───────────────────────── v0.11.1
  Installed AbstractFFTs ───────────────── v0.5.0
  Installed CEnum ──────────────────────── v0.4.1
  Installed Compat ─────────────────────── v3.22.0
  Installed JLLWrappers ────────────────── v1.1.3
  Installed OpenSpecFun_jll ────────────── v0.5.3+4
  Installed CpuId ──────────────────────── v0.2.2
  Installed MuladdMacro ────────────────── v0.2.2
  Installed CommonSubexpressions ───────── v0.3.0
  Installed ForwardDiff ────────────────── v0.10.12
  Installed CompilerSupportLibraries_jll ─ v0.3.4+0
  Installed DiffResults ────────────────── v1.0.2
  Installed FixedPointNumbers ──────────── v0.8.4
  Installed ChainRulesTestUtils ────────── v0.5.3
  Installed LoopVectorization ──────────── v0.8.26
  Installed GPUArrays ──────────────────── v5.2.1
  Installed ChainRules ─────────────────── v0.7.31
  Installed CUDA ───────────────────────── v1.3.3
  Installed SortingAlgorithms ──────────── v0.3.1
  Installed MacroTools ─────────────────── v0.5.6
  Installed VectorizationBase ──────────── v0.12.33
  Installed UnPack ─────────────────────── v1.0.2
  Installed OrderedCollections ─────────── v1.3.1
  Installed ExprTools ──────────────────── v0.1.3
  Installed Media ──────────────────────── v0.5.0
  Installed GPUCompiler ────────────────── v0.6.1
  Installed SpecialFunctions ───────────── v0.10.3
  Installed TimerOutputs ───────────────── v0.5.6
  Installed AbstractTrees ──────────────── v0.3.3
  Installed ChainRulesCore ─────────────── v0.9.17
  Installed TranscodingStreams ─────────── v0.9.5
  Installed DataStructures ─────────────── v0.18.8
  Installed DiffRules ──────────────────── v1.0.1
  Installed Richardson ─────────────────── v1.2.0
  Installed ZipFile ────────────────────── v0.9.3
  Installed Juno ───────────────────────── v0.8.4
  Installed SIMDPirates ────────────────── v0.8.25
  Installed ColorTypes ─────────────────── v0.10.9
  Installed LLVM ───────────────────────── v2.0.0
  Installed DocStringExtensions ────────── v0.8.3
  Installed SLEEFPirates ───────────────── v0.5.5
  Installed StaticArrays ───────────────── v0.12.4
  Installed Zygote ─────────────────────── v0.5.9
  Installed Missings ───────────────────── v0.4.4
  Installed Reexport ───────────────────── v0.2.0
  Installed NaNMath ────────────────────── v0.3.4
  Installed Artifacts ──────────────────── v1.3.0
  Installed StatsBase ──────────────────── v0.33.2
  Installed ZygoteRules ────────────────── v0.2.0
  Installed FillArrays ─────────────────── v0.9.7
  Installed DataAPI ────────────────────── v1.3.0
  Installed BinaryProvider ─────────────── v0.5.10
  Installed Functors ───────────────────── v0.1.0
  Installed Colors ─────────────────────── v0.12.4
  Installed Adapt ──────────────────────── v2.3.0
  Installed OffsetArrays ───────────────── v1.3.1
Updating `~/.julia/environments/v1.5/Project.toml`
  [587475ba] + Flux v0.11.1
Updating `~/.julia/environments/v1.5/Manifest.toml`
  [621f4979] + AbstractFFTs v0.5.0
  [1520ce14] + AbstractTrees v0.3.3
  [79e6a3ab] + Adapt v2.3.0
  [4c555306] + ArrayLayouts v0.4.10
  [56f22d72] + Artifacts v1.3.0
  [b99e7846] + BinaryProvider v0.5.10
  [fa961155] + CEnum v0.4.1
  [052768ef] + CUDA v1.3.3
  [082447d4] + ChainRules v0.7.31
  [d360d2e6] + ChainRulesCore v0.9.17
  [cdddcdb0] + ChainRulesTestUtils v0.5.3
  [944b1d66] + CodecZlib v0.7.0
  [3da002f7] + ColorTypes v0.10.9
  [5ae59095] + Colors v0.12.4
  [bbf7d656] + CommonSubexpressions v0.3.0
  [34da2185] + Compat v3.22.0
  [e66e0078] + CompilerSupportLibraries_jll v0.3.4+0
  [adafc99b] + CpuId v0.2.2
  [9a962f9c] + DataAPI v1.3.0
  [864edb3b] + DataStructures v0.18.8
  [163ba53b] + DiffResults v1.0.2
  [b552c78f] + DiffRules v1.0.1
  [ffbed154] + DocStringExtensions v0.8.3
  [e2ba6199] + ExprTools v0.1.3
  [1a297f60] + FillArrays v0.9.7
  [26cc04aa] + FiniteDifferences v0.11.2
  [53c48c17] + FixedPointNumbers v0.8.4
  [587475ba] + Flux v0.11.1
  [f6369f11] + ForwardDiff v0.10.12
  [d9f16b24] + Functors v0.1.0
  [0c68f7d7] + GPUArrays v5.2.1
  [61eb1bfa] + GPUCompiler v0.6.1
  [7869d1d1] + IRTools v0.4.1
  [692b3bcd] + JLLWrappers v1.1.3
  [e5e0dc1b] + Juno v0.8.4
  [929cbde3] + LLVM v2.0.0
  [bdcacae8] + LoopVectorization v0.8.26
  [1914dd2f] + MacroTools v0.5.6
  [e89f7d12] + Media v0.5.0
  [e1d29d7a] + Missings v0.4.4
  [46d2c3a1] + MuladdMacro v0.2.2
  [872c559c] + NNlib v0.7.5
  [77ba4419] + NaNMath v0.3.4
  [6fe1bfb0] + OffsetArrays v1.3.1
  [efe28fd5] + OpenSpecFun_jll v0.5.3+4
  [bac558e1] + OrderedCollections v1.3.1
  [189a3867] + Reexport v0.2.0
  [ae029012] + Requires v1.1.0
  [708f8203] + Richardson v1.2.0
  [21efa798] + SIMDPirates v0.8.25
  [476501e8] + SLEEFPirates v0.5.5
  [a2af1166] + SortingAlgorithms v0.3.1
  [276daf66] + SpecialFunctions v0.10.3
  [90137ffa] + StaticArrays v0.12.4
  [2913bbd2] + StatsBase v0.33.2
  [a759f4b9] + TimerOutputs v0.5.6
  [3bb67fe8] + TranscodingStreams v0.9.5
  [3a884ed6] + UnPack v1.0.2
  [3d5dd08c] + VectorizationBase v0.12.33
  [a5390f91] + ZipFile v0.9.3
  [83775a58] + Zlib_jll v1.2.11+18
  [e88e6eb3] + Zygote v0.5.9
  [700de1a5] + ZygoteRules v0.2.0
  [2a0f44e3] + Base64
  [ade2ca70] + Dates
  [8bb1440f] + DelimitedFiles
  [8ba89e20] + Distributed
  [9fa8497b] + Future
  [b77e0a4c] + InteractiveUtils
  [76f85450] + LibGit2
  [8f399da3] + Libdl
  [37e2e46d] + LinearAlgebra
  [56ddb016] + Logging
  [d6f4376e] + Markdown
  [a63ad114] + Mmap
  [44cfe95a] + Pkg
  [de0858da] + Printf
  [9abbd945] + Profile
  [3fa0cd96] + REPL
  [9a3f8284] + Random
  [ea8e919c] + SHA
  [9e88b42a] + Serialization
  [1a1011a3] + SharedArrays
  [6462fe0b] + Sockets
  [2f01184e] + SparseArrays
  [10745b16] + Statistics
  [8dfed614] + Test
  [cf7118a7] + UUIDs
  [4ec0a83e] + Unicode
   Building SLEEFPirates → `~/.julia/packages/SLEEFPirates/jGsib/deps/build.log`
Starting tests at 2020-10-25T21:18:47.044
    Testing Flux
Status `/tmp/jl_Y14Fy5/Project.toml`
  [1520ce14] AbstractTrees v0.3.3
  [79e6a3ab] Adapt v2.3.0
  [052768ef] CUDA v1.3.3
  [944b1d66] CodecZlib v0.7.0
  [5ae59095] Colors v0.12.4
  [e30172f5] Documenter v0.25.2
  [587475ba] Flux v0.11.1
  [d9f16b24] Functors v0.1.0
  [c8e1da08] IterTools v1.3.0
  [e5e0dc1b] Juno v0.8.4
  [1914dd2f] MacroTools v0.5.6
  [872c559c] NNlib v0.7.5
  [189a3867] Reexport v0.2.0
  [2913bbd2] StatsBase v0.33.2
  [a5390f91] ZipFile v0.9.3
  [e88e6eb3] Zygote v0.5.9
  [8bb1440f] DelimitedFiles
  [37e2e46d] LinearAlgebra
  [44cfe95a] Pkg
  [de0858da] Printf
  [9a3f8284] Random
  [ea8e919c] SHA
  [10745b16] Statistics
  [8dfed614] Test
Status `/tmp/jl_Y14Fy5/Manifest.toml`
  [621f4979] AbstractFFTs v0.5.0
  [1520ce14] AbstractTrees v0.3.3
  [79e6a3ab] Adapt v2.3.0
  [4c555306] ArrayLayouts v0.4.10
  [56f22d72] Artifacts v1.3.0
  [b99e7846] BinaryProvider v0.5.10
  [fa961155] CEnum v0.4.1
  [052768ef] CUDA v1.3.3
  [082447d4] ChainRules v0.7.31
  [d360d2e6] ChainRulesCore v0.9.17
  [cdddcdb0] ChainRulesTestUtils v0.5.3
  [944b1d66] CodecZlib v0.7.0
  [3da002f7] ColorTypes v0.10.9
  [5ae59095] Colors v0.12.4
  [bbf7d656] CommonSubexpressions v0.3.0
  [34da2185] Compat v3.22.0
  [e66e0078] CompilerSupportLibraries_jll v0.3.4+0
  [adafc99b] CpuId v0.2.2
  [9a962f9c] DataAPI v1.3.0
  [864edb3b] DataStructures v0.18.8
  [163ba53b] DiffResults v1.0.2
  [b552c78f] DiffRules v1.0.1
  [ffbed154] DocStringExtensions v0.8.3
  [e30172f5] Documenter v0.25.2
  [e2ba6199] ExprTools v0.1.3
  [1a297f60] FillArrays v0.9.7
  [26cc04aa] FiniteDifferences v0.11.2
  [53c48c17] FixedPointNumbers v0.8.4
  [587475ba] Flux v0.11.1
  [f6369f11] ForwardDiff v0.10.12
  [d9f16b24] Functors v0.1.0
  [0c68f7d7] GPUArrays v5.2.1
  [61eb1bfa] GPUCompiler v0.6.1
  [7869d1d1] IRTools v0.4.1
  [c8e1da08] IterTools v1.3.0
  [692b3bcd] JLLWrappers v1.1.3
  [682c06a0] JSON v0.21.1
  [e5e0dc1b] Juno v0.8.4
  [929cbde3] LLVM v2.0.0
  [bdcacae8] LoopVectorization v0.8.26
  [1914dd2f] MacroTools v0.5.6
  [e89f7d12] Media v0.5.0
  [e1d29d7a] Missings v0.4.4
  [46d2c3a1] MuladdMacro v0.2.2
  [872c559c] NNlib v0.7.5
  [77ba4419] NaNMath v0.3.4
  [6fe1bfb0] OffsetArrays v1.3.1
  [efe28fd5] OpenSpecFun_jll v0.5.3+4
  [bac558e1] OrderedCollections v1.3.1
  [69de0a69] Parsers v1.0.11
  [189a3867] Reexport v0.2.0
  [ae029012] Requires v1.1.0
  [708f8203] Richardson v1.2.0
  [21efa798] SIMDPirates v0.8.25
  [476501e8] SLEEFPirates v0.5.5
  [a2af1166] SortingAlgorithms v0.3.1
  [276daf66] SpecialFunctions v0.10.3
  [90137ffa] StaticArrays v0.12.4
  [2913bbd2] StatsBase v0.33.2
  [a759f4b9] TimerOutputs v0.5.6
  [3bb67fe8] TranscodingStreams v0.9.5
  [3a884ed6] UnPack v1.0.2
  [3d5dd08c] VectorizationBase v0.12.33
  [a5390f91] ZipFile v0.9.3
  [83775a58] Zlib_jll v1.2.11+18
  [e88e6eb3] Zygote v0.5.9
  [700de1a5] ZygoteRules v0.2.0
  [2a0f44e3] Base64
  [ade2ca70] Dates
  [8bb1440f] DelimitedFiles
  [8ba89e20] Distributed
  [9fa8497b] Future
  [b77e0a4c] InteractiveUtils
  [76f85450] LibGit2
  [8f399da3] Libdl
  [37e2e46d] LinearAlgebra
  [56ddb016] Logging
  [d6f4376e] Markdown
  [a63ad114] Mmap
  [44cfe95a] Pkg
  [de0858da] Printf
  [9abbd945] Profile
  [3fa0cd96] REPL
  [9a3f8284] Random
  [ea8e919c] SHA
  [9e88b42a] Serialization
  [1a1011a3] SharedArrays
  [6462fe0b] Sockets
  [2f01184e] SparseArrays
  [10745b16] Statistics
  [8dfed614] Test
  [cf7118a7] UUIDs
  [4ec0a83e] Unicode
Test Summary: | Pass  Total
Utils         |   60     60
Test Summary: | Pass  Total
Onehot        |    9      9
Test Summary: | Pass  Total
Optimise      |   24     24
[ Info: Downloading CMUDict dataset
[ Info: Downloading MNIST dataset
[ Info: Downloading MNIST dataset
[ Info: Downloading MNIST dataset
[ Info: Downloading MNIST dataset
[ Info: Downloading Fashion-MNIST dataset
[ Info: Downloading Fashion-MNIST dataset
[ Info: Downloading Fashion-MNIST dataset
[ Info: Downloading Fashion-MNIST dataset
[ Info: Downloading sentiment treebank dataset
[ Info: Downloading iris dataset.
[ Info: Downloading the Boston housing Dataset
Test Summary: | Pass  Total
Data          |   53     53
Test Summary: | Pass  Total
Losses        |   88     88
┌ Warning: Slow fallback implementation invoked for conv!  You probably don't want this; check your datatypes.
│   yT = Float64
│   T1 = Float32
│   T2 = Float64
└ @ NNlib ~/.julia/packages/NNlib/haems/src/conv.jl:206
Test Summary: | Pass  Total
Layers        |  218    218
┌ Warning: CUDA unavailable, not testing GPU support
└ @ Main ~/.julia/packages/Flux/05b38/test/runtests.jl:40
Test Summary: |
CUDA          | No tests
[ Info: SetupBuildDirectory: setting up build directory.
[ Info: Doctest: running doctests.
[ Info: Skipped ExpandTemplates step (doctest only).
[ Info: Skipped CrossReferences step (doctest only).
[ Info: Skipped CheckDocument step (doctest only).
[ Info: Skipped Populate step (doctest only).
[ Info: Skipped RenderDocument step (doctest only).
Test Summary: | Pass  Total
Docs          |    1      1
    Testing Flux tests passed 
Finished at 2020-10-25T21:33:34.753
