Julia Version 1.3.0
Commit 46ce4d7933 (2019-11-26 06:09 UTC)
Platform Info:
  OS: Linux (x86_64-pc-linux-gnu)
  CPU: Intel(R) Xeon(R) Silver 4114 CPU @ 2.20GHz
  WORD_SIZE: 64
  LIBM: libopenlibm
  LLVM: libLLVM-6.0.1 (ORCJIT, skylake)
Environment:
  JULIA_DEPOT_PATH = ::/usr/local/share/julia

 Resolving package versions...
 Installed RecipesBase ──────── v0.7.0
 Installed GraphRecipes ─────── v0.4.0
 Installed SimpleTraits ─────── v0.9.1
 Installed Inflate ──────────── v0.1.1
 Installed ColorTypes ───────── v0.8.1
 Installed MacroTools ───────── v0.5.3
 Installed IterTools ────────── v1.3.0
 Installed GeometryTypes ────── v0.7.6
 Installed OrderedCollections ─ v1.1.0
 Installed DataStructures ───── v0.17.6
 Installed StaticArrays ─────── v0.12.1
 Installed FixedPointNumbers ── v0.7.0
 Installed Reexport ─────────── v0.2.0
 Installed Colors ───────────── v0.10.0
 Installed NetworkLayout ────── v0.2.0
 Installed ArnoldiMethod ────── v0.0.4
 Installed PlotUtils ────────── v0.6.1
 Installed LightGraphs ──────── v1.3.0
  Updating `~/.julia/environments/v1.3/Project.toml`
  [bd48cda9] + GraphRecipes v0.4.0
  Updating `~/.julia/environments/v1.3/Manifest.toml`
  [ec485272] + ArnoldiMethod v0.0.4
  [3da002f7] + ColorTypes v0.8.1
  [5ae59095] + Colors v0.10.0
  [864edb3b] + DataStructures v0.17.6
  [53c48c17] + FixedPointNumbers v0.7.0
  [4d00f742] + GeometryTypes v0.7.6
  [bd48cda9] + GraphRecipes v0.4.0
  [d25df0c9] + Inflate v0.1.1
  [c8e1da08] + IterTools v1.3.0
  [093fc24a] + LightGraphs v1.3.0
  [1914dd2f] + MacroTools v0.5.3
  [46757867] + NetworkLayout v0.2.0
  [bac558e1] + OrderedCollections v1.1.0
  [995b91a9] + PlotUtils v0.6.1
  [3cdcf5f2] + RecipesBase v0.7.0
  [189a3867] + Reexport v0.2.0
  [699a6c99] + SimpleTraits v0.9.1
  [90137ffa] + StaticArrays v0.12.1
  [2a0f44e3] + Base64 
  [ade2ca70] + Dates 
  [8bb1440f] + DelimitedFiles 
  [8ba89e20] + Distributed 
  [b77e0a4c] + InteractiveUtils 
  [76f85450] + LibGit2 
  [8f399da3] + Libdl 
  [37e2e46d] + LinearAlgebra 
  [56ddb016] + Logging 
  [d6f4376e] + Markdown 
  [a63ad114] + Mmap 
  [44cfe95a] + Pkg 
  [de0858da] + Printf 
  [3fa0cd96] + REPL 
  [9a3f8284] + Random 
  [ea8e919c] + SHA 
  [9e88b42a] + Serialization 
  [1a1011a3] + SharedArrays 
  [6462fe0b] + Sockets 
  [2f01184e] + SparseArrays 
  [10745b16] + Statistics 
  [8dfed614] + Test 
  [cf7118a7] + UUIDs 
  [4ec0a83e] + Unicode 
   Testing GraphRecipes
 Resolving package versions...
 Installed PlotThemes ──────── v1.0.1
 Installed DataAPI ─────────── v1.1.0
 Installed Missings ────────── v0.4.3
 Installed Measures ────────── v0.3.1
 Installed Plots ───────────── v0.27.1
 Installed Requires ────────── v1.0.0
 Installed Contour ─────────── v0.5.1
 Installed SortingAlgorithms ─ v0.3.1
 Installed NaNMath ─────────── v0.3.3
 Installed FFMPEG ──────────── v0.2.4
 Installed Showoff ─────────── v0.3.1
 Installed JSON ────────────── v0.21.0
 Installed Parsers ─────────── v0.3.10
 Installed BinaryProvider ──── v0.5.8
 Installed StatsBase ───────── v0.32.0
 Installed GR ──────────────── v0.44.0
  Building GR ────→ `~/.julia/packages/GR/oiZD3/deps/build.log`
  Building FFMPEG → `~/.julia/packages/FFMPEG/guN1x/deps/build.log`
  Building Plots ─→ `~/.julia/packages/Plots/WwFyB/deps/build.log`
    Status `/tmp/jl_mWGMW9/Manifest.toml`
  [ec485272] ArnoldiMethod v0.0.4
  [b99e7846] BinaryProvider v0.5.8
  [3da002f7] ColorTypes v0.8.1
  [5ae59095] Colors v0.10.0
  [d38c429a] Contour v0.5.1
  [9a962f9c] DataAPI v1.1.0
  [864edb3b] DataStructures v0.17.6
  [c87230d0] FFMPEG v0.2.4
  [53c48c17] FixedPointNumbers v0.7.0
  [28b8d3ca] GR v0.44.0
  [4d00f742] GeometryTypes v0.7.6
  [bd48cda9] GraphRecipes v0.4.0
  [d25df0c9] Inflate v0.1.1
  [c8e1da08] IterTools v1.3.0
  [682c06a0] JSON v0.21.0
  [093fc24a] LightGraphs v1.3.0
  [1914dd2f] MacroTools v0.5.3
  [442fdcdd] Measures v0.3.1
  [e1d29d7a] Missings v0.4.3
  [77ba4419] NaNMath v0.3.3
  [46757867] NetworkLayout v0.2.0
  [bac558e1] OrderedCollections v1.1.0
  [69de0a69] Parsers v0.3.10
  [ccf2f8ad] PlotThemes v1.0.1
  [995b91a9] PlotUtils v0.6.1
  [91a5bcdd] Plots v0.27.1
  [3cdcf5f2] RecipesBase v0.7.0
  [189a3867] Reexport v0.2.0
  [ae029012] Requires v1.0.0
  [992d4aef] Showoff v0.3.1
  [699a6c99] SimpleTraits v0.9.1
  [a2af1166] SortingAlgorithms v0.3.1
  [90137ffa] StaticArrays v0.12.1
  [2913bbd2] StatsBase v0.32.0
  [2a0f44e3] Base64  [`@stdlib/Base64`]
  [ade2ca70] Dates  [`@stdlib/Dates`]
  [8bb1440f] DelimitedFiles  [`@stdlib/DelimitedFiles`]
  [8ba89e20] Distributed  [`@stdlib/Distributed`]
  [b77e0a4c] InteractiveUtils  [`@stdlib/InteractiveUtils`]
  [76f85450] LibGit2  [`@stdlib/LibGit2`]
  [8f399da3] Libdl  [`@stdlib/Libdl`]
  [37e2e46d] LinearAlgebra  [`@stdlib/LinearAlgebra`]
  [56ddb016] Logging  [`@stdlib/Logging`]
  [d6f4376e] Markdown  [`@stdlib/Markdown`]
  [a63ad114] Mmap  [`@stdlib/Mmap`]
  [44cfe95a] Pkg  [`@stdlib/Pkg`]
  [de0858da] Printf  [`@stdlib/Printf`]
  [3fa0cd96] REPL  [`@stdlib/REPL`]
  [9a3f8284] Random  [`@stdlib/Random`]
  [ea8e919c] SHA  [`@stdlib/SHA`]
  [9e88b42a] Serialization  [`@stdlib/Serialization`]
  [1a1011a3] SharedArrays  [`@stdlib/SharedArrays`]
  [6462fe0b] Sockets  [`@stdlib/Sockets`]
  [2f01184e] SparseArrays  [`@stdlib/SparseArrays`]
  [10745b16] Statistics  [`@stdlib/Statistics`]
  [8dfed614] Test  [`@stdlib/Test`]
  [cf7118a7] UUIDs  [`@stdlib/UUIDs`]
  [4ec0a83e] Unicode  [`@stdlib/Unicode`]
Test Summary: | Pass  Total
utils.jl      |  108    108
   Testing GraphRecipes tests passed 
