Julia Version 1.4.0
Commit b8e9a9ecc6 (2020-03-21 16:36 UTC)
Platform Info:
  OS: Linux (x86_64-linux-gnu)
  CPU: Intel(R) Xeon(R) Silver 4114 CPU @ 2.20GHz
  WORD_SIZE: 64
  LIBM: libopenlibm
  LLVM: libLLVM-8.0.1 (ORCJIT, skylake)
Environment:
  JULIA_DEPOT_PATH = ::/usr/local/share/julia
  JULIA_NUM_THREADS = 2

  Resolving package versions...
  Installed CompilerSupportLibraries_jll ─ v0.3.3+0
  Installed OpenSpecFun_jll ────────────── v0.5.3+3
  Installed TimerOutputs ───────────────── v0.5.3
  Installed SpecialFunctions ───────────── v0.10.0
  Installed AutoGrad ───────────────────── v1.2.1
   Updating `~/.julia/environments/v1.4/Project.toml`
  [6710c13c] + AutoGrad v1.2.1
   Updating `~/.julia/environments/v1.4/Manifest.toml`
  [6710c13c] + AutoGrad v1.2.1
  [e66e0078] + CompilerSupportLibraries_jll v0.3.3+0
  [efe28fd5] + OpenSpecFun_jll v0.5.3+3
  [276daf66] + SpecialFunctions v0.10.0
  [a759f4b9] + TimerOutputs v0.5.3
  [2a0f44e3] + Base64 
  [ade2ca70] + Dates 
  [b77e0a4c] + InteractiveUtils 
  [76f85450] + LibGit2 
  [8f399da3] + Libdl 
  [37e2e46d] + LinearAlgebra 
  [56ddb016] + Logging 
  [d6f4376e] + Markdown 
  [44cfe95a] + Pkg 
  [de0858da] + Printf 
  [3fa0cd96] + REPL 
  [9a3f8284] + Random 
  [ea8e919c] + SHA 
  [9e88b42a] + Serialization 
  [6462fe0b] + Sockets 
  [2f01184e] + SparseArrays 
  [10745b16] + Statistics 
  [cf7118a7] + UUIDs 
  [4ec0a83e] + Unicode 
    Testing AutoGrad
Status `/tmp/jl_3DI72S/Manifest.toml`
  [6710c13c] AutoGrad v1.2.1
  [e66e0078] CompilerSupportLibraries_jll v0.3.3+0
  [efe28fd5] OpenSpecFun_jll v0.5.3+3
  [276daf66] SpecialFunctions v0.10.0
  [a759f4b9] TimerOutputs v0.5.3
  [2a0f44e3] Base64 
  [ade2ca70] Dates 
  [8ba89e20] Distributed 
  [b77e0a4c] InteractiveUtils 
  [76f85450] LibGit2 
  [8f399da3] Libdl 
  [37e2e46d] LinearAlgebra 
  [56ddb016] Logging 
  [d6f4376e] Markdown 
  [44cfe95a] Pkg 
  [de0858da] Printf 
  [3fa0cd96] REPL 
  [9a3f8284] Random 
  [ea8e919c] SHA 
  [9e88b42a] Serialization 
  [6462fe0b] Sockets 
  [2f01184e] SparseArrays 
  [10745b16] Statistics 
  [8dfed614] Test 
  [cf7118a7] UUIDs 
  [4ec0a83e] Unicode 
147.045845 seconds (113.07 M allocations: 6.097 GiB, 2.99% gc time)
 32.355515 seconds (22.53 M allocations: 1.771 GiB, 3.13% gc time)
┌ Warning: Output independent of params
└ @ AutoGrad ~/.julia/packages/AutoGrad/FSgUc/test/gradcheck.jl:159
(pa, xi, f0, nd, ad) = ("2-element Array{Float64,1}", 0.13430023756127, Inf, NaN, 0)
 30.660268 seconds (25.02 M allocations: 1.535 GiB, 3.96% gc time)
147.373091 seconds (102.62 M allocations: 6.981 GiB, 3.11% gc time)
 18.663918 seconds (15.59 M allocations: 835.343 MiB, 3.94% gc time)
 34.078536 seconds (20.86 M allocations: 2.494 GiB, 3.68% gc time)
 46.119168 seconds (33.23 M allocations: 3.214 GiB, 3.95% gc time)
249.740939 seconds (188.51 M allocations: 20.841 GiB, 4.29% gc time)
 26.425596 seconds (17.92 M allocations: 2.045 GiB, 3.72% gc time)
  3.507691 seconds (2.51 M allocations: 105.406 MiB, 6.25% gc time)
 19.528353 seconds (12.60 M allocations: 1.399 GiB, 5.37% gc time)
  1.224074 seconds (898.80 k allocations: 47.015 MiB)
 81.785492 seconds (60.62 M allocations: 7.233 GiB, 4.20% gc time)
 59.818296 seconds (40.10 M allocations: 5.611 GiB, 4.24% gc time)
Test Summary: | Pass  Broken  Total
AutoGrad      |  564      15    579
    Testing AutoGrad tests passed 
