Julia Version 1.4.2-pre.0
Commit ef4fe83698 (2020-04-15 16:24 UTC)
Platform Info:
  OS: Linux (x86_64-linux-gnu)
  CPU: Intel(R) Xeon(R) Silver 4114 CPU @ 2.20GHz
  WORD_SIZE: 64
  LIBM: libopenlibm
  LLVM: libLLVM-8.0.1 (ORCJIT, skylake)
Environment:
  JULIA_DEPOT_PATH = ::/usr/local/share/julia
  JULIA_NUM_THREADS = 2

  Resolving package versions...
  Installed CompilerSupportLibraries_jll ─ v0.3.3+0
  Installed ZipFile ────────────────────── v0.9.1
  Installed PDMats ─────────────────────── v0.9.12
  Installed CodecZlib ──────────────────── v0.7.0
  Installed SortingAlgorithms ──────────── v0.3.1
  Installed Rmath ──────────────────────── v0.6.1
  Installed Clustering ─────────────────── v0.13.4
  Installed DPMMSubClusters ────────────── v0.1.8
  Installed Arpack_jll ─────────────────── v3.5.0+3
  Installed Missings ───────────────────── v0.4.3
  Installed OpenBLAS_jll ───────────────── v0.3.9+4
  Installed StatsFuns ──────────────────── v0.9.4
  Installed NearestNeighbors ───────────── v0.4.4
  Installed DistributedArrays ──────────── v0.6.4
  Installed CatViews ───────────────────── v1.0.0
  Installed DataAPI ────────────────────── v1.3.0
  Installed TranscodingStreams ─────────── v0.9.5
  Installed Zlib_jll ───────────────────── v1.2.11+9
  Installed Arpack ─────────────────────── v0.4.0
  Installed OpenSpecFun_jll ────────────── v0.5.3+3
  Installed SpecialFunctions ───────────── v0.10.0
  Installed DataStructures ─────────────── v0.17.15
  Installed OrderedCollections ─────────── v1.2.0
  Installed Primes ─────────────────────── v0.4.0
  Installed StaticArrays ───────────────── v0.12.3
  Installed StatsBase ──────────────────── v0.33.0
  Installed NPZ ────────────────────────── v0.4.0
  Installed Rmath_jll ──────────────────── v0.2.2+0
  Installed Compat ─────────────────────── v3.9.1
  Installed QuadGK ─────────────────────── v2.3.1
  Installed FileIO ─────────────────────── v1.3.0
  Installed Distances ──────────────────── v0.8.2
  Installed JLD2 ───────────────────────── v0.1.13
  Installed FillArrays ─────────────────── v0.8.9
  Installed Distributions ──────────────── v0.23.2
   Updating `~/.julia/environments/v1.4/Project.toml`
  [2841fd70] + DPMMSubClusters v0.1.8
   Updating `~/.julia/environments/v1.4/Manifest.toml`
  [7d9fca2a] + Arpack v0.4.0
  [68821587] + Arpack_jll v3.5.0+3
  [81a5f4ea] + CatViews v1.0.0
  [aaaa29a8] + Clustering v0.13.4
  [944b1d66] + CodecZlib v0.7.0
  [34da2185] + Compat v3.9.1
  [e66e0078] + CompilerSupportLibraries_jll v0.3.3+0
  [2841fd70] + DPMMSubClusters v0.1.8
  [9a962f9c] + DataAPI v1.3.0
  [864edb3b] + DataStructures v0.17.15
  [b4f34e82] + Distances v0.8.2
  [aaf54ef3] + DistributedArrays v0.6.4
  [31c24e10] + Distributions v0.23.2
  [5789e2e9] + FileIO v1.3.0
  [1a297f60] + FillArrays v0.8.9
  [033835bb] + JLD2 v0.1.13
  [e1d29d7a] + Missings v0.4.3
  [15e1cf62] + NPZ v0.4.0
  [b8a86587] + NearestNeighbors v0.4.4
  [4536629a] + OpenBLAS_jll v0.3.9+4
  [efe28fd5] + OpenSpecFun_jll v0.5.3+3
  [bac558e1] + OrderedCollections v1.2.0
  [90014a1f] + PDMats v0.9.12
  [27ebfcd6] + Primes v0.4.0
  [1fd47b50] + QuadGK v2.3.1
  [79098fc4] + Rmath v0.6.1
  [f50d1b31] + Rmath_jll v0.2.2+0
  [a2af1166] + SortingAlgorithms v0.3.1
  [276daf66] + SpecialFunctions v0.10.0
  [90137ffa] + StaticArrays v0.12.3
  [2913bbd2] + StatsBase v0.33.0
  [4c63d2b9] + StatsFuns v0.9.4
  [3bb67fe8] + TranscodingStreams v0.9.5
  [a5390f91] + ZipFile v0.9.1
  [83775a58] + Zlib_jll v1.2.11+9
  [2a0f44e3] + Base64 
  [ade2ca70] + Dates 
  [8bb1440f] + DelimitedFiles 
  [8ba89e20] + Distributed 
  [b77e0a4c] + InteractiveUtils 
  [76f85450] + LibGit2 
  [8f399da3] + Libdl 
  [37e2e46d] + LinearAlgebra 
  [56ddb016] + Logging 
  [d6f4376e] + Markdown 
  [a63ad114] + Mmap 
  [44cfe95a] + Pkg 
  [de0858da] + Printf 
  [3fa0cd96] + REPL 
  [9a3f8284] + Random 
  [ea8e919c] + SHA 
  [9e88b42a] + Serialization 
  [1a1011a3] + SharedArrays 
  [6462fe0b] + Sockets 
  [2f01184e] + SparseArrays 
  [10745b16] + Statistics 
  [4607b0f0] + SuiteSparse 
  [8dfed614] + Test 
  [cf7118a7] + UUIDs 
  [4ec0a83e] + Unicode 
    Testing DPMMSubClusters
Status `/tmp/jl_AG5Ufa/Manifest.toml`
  [7d9fca2a] Arpack v0.4.0
  [68821587] Arpack_jll v3.5.0+3
  [81a5f4ea] CatViews v1.0.0
  [aaaa29a8] Clustering v0.13.4
  [944b1d66] CodecZlib v0.7.0
  [34da2185] Compat v3.9.1
  [e66e0078] CompilerSupportLibraries_jll v0.3.3+0
  [2841fd70] DPMMSubClusters v0.1.8
  [9a962f9c] DataAPI v1.3.0
  [864edb3b] DataStructures v0.17.15
  [b4f34e82] Distances v0.8.2
  [aaf54ef3] DistributedArrays v0.6.4
  [31c24e10] Distributions v0.23.2
  [5789e2e9] FileIO v1.3.0
  [1a297f60] FillArrays v0.8.9
  [033835bb] JLD2 v0.1.13
  [e1d29d7a] Missings v0.4.3
  [15e1cf62] NPZ v0.4.0
  [b8a86587] NearestNeighbors v0.4.4
  [4536629a] OpenBLAS_jll v0.3.9+4
  [efe28fd5] OpenSpecFun_jll v0.5.3+3
  [bac558e1] OrderedCollections v1.2.0
  [90014a1f] PDMats v0.9.12
  [27ebfcd6] Primes v0.4.0
  [1fd47b50] QuadGK v2.3.1
  [79098fc4] Rmath v0.6.1
  [f50d1b31] Rmath_jll v0.2.2+0
  [a2af1166] SortingAlgorithms v0.3.1
  [276daf66] SpecialFunctions v0.10.0
  [90137ffa] StaticArrays v0.12.3
  [2913bbd2] StatsBase v0.33.0
  [4c63d2b9] StatsFuns v0.9.4
  [3bb67fe8] TranscodingStreams v0.9.5
  [a5390f91] ZipFile v0.9.1
  [83775a58] Zlib_jll v1.2.11+9
  [2a0f44e3] Base64 
  [ade2ca70] Dates 
  [8bb1440f] DelimitedFiles 
  [8ba89e20] Distributed 
  [b77e0a4c] InteractiveUtils 
  [76f85450] LibGit2 
  [8f399da3] Libdl 
  [37e2e46d] LinearAlgebra 
  [56ddb016] Logging 
  [d6f4376e] Markdown 
  [a63ad114] Mmap 
  [44cfe95a] Pkg 
  [de0858da] Printf 
  [3fa0cd96] REPL 
  [9a3f8284] Random 
  [ea8e919c] SHA 
  [9e88b42a] Serialization 
  [1a1011a3] SharedArrays 
  [6462fe0b] Sockets 
  [2f01184e] SparseArrays 
  [10745b16] Statistics 
  [4607b0f0] SuiteSparse 
  [8dfed614] Test 
  [cf7118a7] UUIDs 
  [4ec0a83e] Unicode 
Loading and distributing data:
  1.744459 seconds (1.02 M allocations: 50.416 MiB)
Node Leaders:
Dict{Any,Any}(1 => Any[1])
Iteration: 1 || Clusters count: 1 || Log posterior: -3184.8093386024666 || Vi score: no gt || NMI score: no gt || Iter Time:8.762531042098999 || Total time:8.762531042098999
Iteration: 2 || Clusters count: 1 || Log posterior: -3184.8093386024666 || Vi score: no gt || NMI score: no gt || Iter Time:0.0029790401458740234 || Total time:8.765510082244873
Iteration: 3 || Clusters count: 1 || Log posterior: -3184.8093386024666 || Vi score: no gt || NMI score: no gt || Iter Time:0.0026421546936035156 || Total time:8.768152236938477
Iteration: 4 || Clusters count: 1 || Log posterior: -3184.8093386024666 || Vi score: no gt || NMI score: no gt || Iter Time:0.027525901794433594 || Total time:8.79567813873291
Iteration: 5 || Clusters count: 1 || Log posterior: -3184.8093386024666 || Vi score: no gt || NMI score: no gt || Iter Time:0.003267049789428711 || Total time:8.798945188522339
Iteration: 6 || Clusters count: 1 || Log posterior: -3184.8093386024666 || Vi score: no gt || NMI score: no gt || Iter Time:0.002402067184448242 || Total time:8.801347255706787
Iteration: 7 || Clusters count: 1 || Log posterior: -3184.8093386024666 || Vi score: no gt || NMI score: no gt || Iter Time:0.0019872188568115234 || Total time:8.803334474563599
Iteration: 8 || Clusters count: 1 || Log posterior: -3184.8093386024666 || Vi score: no gt || NMI score: no gt || Iter Time:0.0026960372924804688 || Total time:8.806030511856079
Iteration: 9 || Clusters count: 1 || Log posterior: -3184.8093386024666 || Vi score: no gt || NMI score: no gt || Iter Time:0.002335071563720703 || Total time:8.8083655834198
Iteration: 10 || Clusters count: 1 || Log posterior: -3184.8093386024666 || Vi score: no gt || NMI score: no gt || Iter Time:0.0019757747650146484 || Total time:8.810341358184814
Iteration: 11 || Clusters count: 1 || Log posterior: -3184.8093386024666 || Vi score: no gt || NMI score: no gt || Iter Time:0.0028760433197021484 || Total time:8.813217401504517
Iteration: 12 || Clusters count: 1 || Log posterior: -3184.8093386024666 || Vi score: no gt || NMI score: no gt || Iter Time:0.002621889114379883 || Total time:8.815839290618896
Iteration: 13 || Clusters count: 1 || Log posterior: -3184.8093386024666 || Vi score: no gt || NMI score: no gt || Iter Time:0.0033910274505615234 || Total time:8.819230318069458
Iteration: 14 || Clusters count: 1 || Log posterior: -3184.8093386024666 || Vi score: no gt || NMI score: no gt || Iter Time:0.0030341148376464844 || Total time:8.822264432907104
Iteration: 15 || Clusters count: 1 || Log posterior: -3184.8093386024666 || Vi score: no gt || NMI score: no gt || Iter Time:0.002731800079345703 || Total time:8.82499623298645
Iteration: 16 || Clusters count: 1 || Log posterior: -3184.8093386024666 || Vi score: no gt || NMI score: no gt || Iter Time:0.0020270347595214844 || Total time:8.827023267745972
Iteration: 17 || Clusters count: 1 || Log posterior: -3184.8093386024666 || Vi score: no gt || NMI score: no gt || Iter Time:0.002768993377685547 || Total time:8.829792261123657
Iteration: 18 || Clusters count: 1 || Log posterior: -3184.8093386024666 || Vi score: no gt || NMI score: no gt || Iter Time:0.002746105194091797 || Total time:8.832538366317749
Iteration: 19 || Clusters count: 1 || Log posterior: -3184.8093386024666 || Vi score: no gt || NMI score: no gt || Iter Time:0.0020530223846435547 || Total time:8.834591388702393
Iteration: 20 || Clusters count: 1 || Log posterior: -3184.8093386024666 || Vi score: no gt || NMI score: no gt || Iter Time:0.002959012985229492 || Total time:8.837550401687622
Iteration: 21 || Clusters count: 1 || Log posterior: -3184.8093386024666 || Vi score: no gt || NMI score: no gt || Iter Time:0.002981901168823242 || Total time:8.840532302856445
Iteration: 22 || Clusters count: 2 || Log posterior: -2872.3473899692726 || Vi score: no gt || NMI score: no gt || Iter Time:1.3746700286865234 || Total time:10.215202331542969
Iteration: 23 || Clusters count: 2 || Log posterior: -2101.637026104374 || Vi score: no gt || NMI score: no gt || Iter Time:0.002827882766723633 || Total time:10.218030214309692
Iteration: 24 || Clusters count: 2 || Log posterior: -1903.740333828373 || Vi score: no gt || NMI score: no gt || Iter Time:0.002810955047607422 || Total time:10.2208411693573
Iteration: 25 || Clusters count: 2 || Log posterior: -1903.740333828373 || Vi score: no gt || NMI score: no gt || Iter Time:0.002868175506591797 || Total time:10.223709344863892
Iteration: 26 || Clusters count: 2 || Log posterior: -1903.740333828373 || Vi score: no gt || NMI score: no gt || Iter Time:0.0030770301818847656 || Total time:10.226786375045776
Iteration: 27 || Clusters count: 2 || Log posterior: -1903.740333828373 || Vi score: no gt || NMI score: no gt || Iter Time:0.019804954528808594 || Total time:10.246591329574585
Iteration: 28 || Clusters count: 2 || Log posterior: -1903.740333828373 || Vi score: no gt || NMI score: no gt || Iter Time:0.0030078887939453125 || Total time:10.24959921836853
Iteration: 29 || Clusters count: 2 || Log posterior: -1903.740333828373 || Vi score: no gt || NMI score: no gt || Iter Time:0.002892017364501953 || Total time:10.252491235733032
Iteration: 30 || Clusters count: 3 || Log posterior: -1802.5768947929573 || Vi score: no gt || NMI score: no gt || Iter Time:0.0036411285400390625 || Total time:10.256132364273071
Iteration: 31 || Clusters count: 3 || Log posterior: -1328.973725351735 || Vi score: no gt || NMI score: no gt || Iter Time:0.0031108856201171875 || Total time:10.259243249893188
Iteration: 32 || Clusters count: 3 || Log posterior: -1328.973725351735 || Vi score: no gt || NMI score: no gt || Iter Time:0.0034101009368896484 || Total time:10.262653350830078
Iteration: 33 || Clusters count: 3 || Log posterior: -1328.973725351735 || Vi score: no gt || NMI score: no gt || Iter Time:0.003470897674560547 || Total time:10.266124248504639
Iteration: 34 || Clusters count: 4 || Log posterior: -1176.710482391758 || Vi score: no gt || NMI score: no gt || Iter Time:0.0045261383056640625 || Total time:10.270650386810303
Iteration: 35 || Clusters count: 4 || Log posterior: -754.2071168750956 || Vi score: no gt || NMI score: no gt || Iter Time:0.0037069320678710938 || Total time:10.274357318878174
Iteration: 36 || Clusters count: 4 || Log posterior: -754.2071168750956 || Vi score: no gt || NMI score: no gt || Iter Time:0.0038950443267822266 || Total time:10.278252363204956
Iteration: 37 || Clusters count: 4 || Log posterior: -754.2071168750956 || Vi score: no gt || NMI score: no gt || Iter Time:0.0038530826568603516 || Total time:10.282105445861816
Iteration: 38 || Clusters count: 4 || Log posterior: -754.2071168750956 || Vi score: no gt || NMI score: no gt || Iter Time:0.016928911209106445 || Total time:10.299034357070923
Iteration: 39 || Clusters count: 4 || Log posterior: -754.2071168750956 || Vi score: no gt || NMI score: no gt || Iter Time:0.004015207290649414 || Total time:10.303049564361572
Iteration: 40 || Clusters count: 5 || Log posterior: -760.3350456089211 || Vi score: no gt || NMI score: no gt || Iter Time:0.00491786003112793 || Total time:10.3079674243927
Iteration: 41 || Clusters count: 4 || Log posterior: -754.2071168750956 || Vi score: no gt || NMI score: no gt || Iter Time:0.004606008529663086 || Total time:10.312573432922363
Iteration: 42 || Clusters count: 4 || Log posterior: -754.2071168750956 || Vi score: no gt || NMI score: no gt || Iter Time:0.0043108463287353516 || Total time:10.316884279251099
Iteration: 43 || Clusters count: 4 || Log posterior: -754.2071168750956 || Vi score: no gt || NMI score: no gt || Iter Time:0.004354953765869141 || Total time:10.321239233016968
Iteration: 44 || Clusters count: 4 || Log posterior: -754.2071168750956 || Vi score: no gt || NMI score: no gt || Iter Time:0.004232168197631836 || Total time:10.3254714012146
Iteration: 45 || Clusters count: 4 || Log posterior: -754.2071168750956 || Vi score: no gt || NMI score: no gt || Iter Time:0.004115104675292969 || Total time:10.329586505889893
Iteration: 46 || Clusters count: 4 || Log posterior: -754.2071168750956 || Vi score: no gt || NMI score: no gt || Iter Time:0.004429817199707031 || Total time:10.3340163230896
Iteration: 47 || Clusters count: 4 || Log posterior: -754.2071168750956 || Vi score: no gt || NMI score: no gt || Iter Time:0.004387855529785156 || Total time:10.338404178619385
Iteration: 48 || Clusters count: 4 || Log posterior: -754.2071168750956 || Vi score: no gt || NMI score: no gt || Iter Time:0.004188060760498047 || Total time:10.342592239379883
Iteration: 49 || Clusters count: 4 || Log posterior: -754.2071168750956 || Vi score: no gt || NMI score: no gt || Iter Time:0.004168987274169922 || Total time:10.346761226654053
Iteration: 50 || Clusters count: 4 || Log posterior: -754.2071168750956 || Vi score: no gt || NMI score: no gt || Iter Time:0.003984928131103516 || Total time:10.350746154785156
Iteration: 51 || Clusters count: 4 || Log posterior: -754.2071168750956 || Vi score: no gt || NMI score: no gt || Iter Time:0.004220008850097656 || Total time:10.354966163635254
Iteration: 52 || Clusters count: 4 || Log posterior: -754.2071168750956 || Vi score: no gt || NMI score: no gt || Iter Time:0.00412297248840332 || Total time:10.359089136123657
Iteration: 53 || Clusters count: 4 || Log posterior: -754.2071168750956 || Vi score: no gt || NMI score: no gt || Iter Time:0.004179954528808594 || Total time:10.363269090652466
Iteration: 54 || Clusters count: 4 || Log posterior: -754.2071168750956 || Vi score: no gt || NMI score: no gt || Iter Time:0.004072904586791992 || Total time:10.367341995239258
Iteration: 55 || Clusters count: 4 || Log posterior: -754.2071168750956 || Vi score: no gt || NMI score: no gt || Iter Time:0.004316091537475586 || Total time:10.371658086776733
Iteration: 56 || Clusters count: 4 || Log posterior: -754.2071168750956 || Vi score: no gt || NMI score: no gt || Iter Time:0.004583120346069336 || Total time:10.376241207122803
Iteration: 57 || Clusters count: 4 || Log posterior: -754.2071168750956 || Vi score: no gt || NMI score: no gt || Iter Time:0.00466609001159668 || Total time:10.3809072971344
Iteration: 58 || Clusters count: 4 || Log posterior: -754.2071168750956 || Vi score: no gt || NMI score: no gt || Iter Time:0.004839181900024414 || Total time:10.385746479034424
Iteration: 59 || Clusters count: 4 || Log posterior: -754.2071168750956 || Vi score: no gt || NMI score: no gt || Iter Time:0.004025936126708984 || Total time:10.389772415161133
Iteration: 60 || Clusters count: 4 || Log posterior: -754.2071168750956 || Vi score: no gt || NMI score: no gt || Iter Time:0.003963947296142578 || Total time:10.393736362457275
Iteration: 61 || Clusters count: 4 || Log posterior: -754.2071168750956 || Vi score: no gt || NMI score: no gt || Iter Time:0.00441288948059082 || Total time:10.398149251937866
Iteration: 62 || Clusters count: 4 || Log posterior: -754.2071168750956 || Vi score: no gt || NMI score: no gt || Iter Time:0.004376888275146484 || Total time:10.402526140213013
Iteration: 63 || Clusters count: 4 || Log posterior: -754.2071168750956 || Vi score: no gt || NMI score: no gt || Iter Time:0.004244089126586914 || Total time:10.4067702293396
Iteration: 64 || Clusters count: 4 || Log posterior: -754.2071168750956 || Vi score: no gt || NMI score: no gt || Iter Time:0.0043680667877197266 || Total time:10.41113829612732
Iteration: 65 || Clusters count: 4 || Log posterior: -754.2071168750956 || Vi score: no gt || NMI score: no gt || Iter Time:0.004191160202026367 || Total time:10.415329456329346
Iteration: 66 || Clusters count: 4 || Log posterior: -754.2071168750956 || Vi score: no gt || NMI score: no gt || Iter Time:0.004613161087036133 || Total time:10.419942617416382
Iteration: 67 || Clusters count: 4 || Log posterior: -754.2071168750956 || Vi score: no gt || NMI score: no gt || Iter Time:0.0047130584716796875 || Total time:10.424655675888062
Iteration: 68 || Clusters count: 4 || Log posterior: -754.2071168750956 || Vi score: no gt || NMI score: no gt || Iter Time:0.004400968551635742 || Total time:10.429056644439697
Iteration: 69 || Clusters count: 4 || Log posterior: -754.2071168750956 || Vi score: no gt || NMI score: no gt || Iter Time:0.004415988922119141 || Total time:10.433472633361816
Iteration: 70 || Clusters count: 4 || Log posterior: -754.2071168750956 || Vi score: no gt || NMI score: no gt || Iter Time:0.0045928955078125 || Total time:10.438065528869629
Iteration: 71 || Clusters count: 4 || Log posterior: -754.2071168750956 || Vi score: no gt || NMI score: no gt || Iter Time:0.004698991775512695 || Total time:10.442764520645142
Iteration: 72 || Clusters count: 4 || Log posterior: -754.2071168750956 || Vi score: no gt || NMI score: no gt || Iter Time:0.004909038543701172 || Total time:10.447673559188843
Iteration: 73 || Clusters count: 4 || Log posterior: -754.2071168750956 || Vi score: no gt || NMI score: no gt || Iter Time:0.0042650699615478516 || Total time:10.45193862915039
Iteration: 74 || Clusters count: 4 || Log posterior: -754.2071168750956 || Vi score: no gt || NMI score: no gt || Iter Time:0.004069089889526367 || Total time:10.456007719039917
Iteration: 75 || Clusters count: 4 || Log posterior: -754.2071168750956 || Vi score: no gt || NMI score: no gt || Iter Time:0.004455089569091797 || Total time:10.460462808609009
Iteration: 76 || Clusters count: 4 || Log posterior: -754.2071168750956 || Vi score: no gt || NMI score: no gt || Iter Time:0.004194021224975586 || Total time:10.464656829833984
Iteration: 77 || Clusters count: 4 || Log posterior: -754.2071168750956 || Vi score: no gt || NMI score: no gt || Iter Time:0.004416942596435547 || Total time:10.46907377243042
Iteration: 78 || Clusters count: 4 || Log posterior: -754.2071168750956 || Vi score: no gt || NMI score: no gt || Iter Time:0.004415988922119141 || Total time:10.473489761352539
Iteration: 79 || Clusters count: 4 || Log posterior: -754.2071168750956 || Vi score: no gt || NMI score: no gt || Iter Time:0.004508018493652344 || Total time:10.477997779846191
Iteration: 80 || Clusters count: 4 || Log posterior: -754.2071168750956 || Vi score: no gt || NMI score: no gt || Iter Time:0.004709959030151367 || Total time:10.482707738876343
Iteration: 81 || Clusters count: 4 || Log posterior: -754.2071168750956 || Vi score: no gt || NMI score: no gt || Iter Time:0.004662036895751953 || Total time:10.487369775772095
Iteration: 82 || Clusters count: 4 || Log posterior: -754.2071168750956 || Vi score: no gt || NMI score: no gt || Iter Time:0.004589080810546875 || Total time:10.491958856582642
Iteration: 83 || Clusters count: 4 || Log posterior: -754.2071168750956 || Vi score: no gt || NMI score: no gt || Iter Time:0.04870295524597168 || Total time:10.540661811828613
Iteration: 84 || Clusters count: 4 || Log posterior: -754.2071168750956 || Vi score: no gt || NMI score: no gt || Iter Time:0.0043790340423583984 || Total time:10.545040845870972
Iteration: 85 || Clusters count: 4 || Log posterior: -754.2071168750956 || Vi score: no gt || NMI score: no gt || Iter Time:0.004481077194213867 || Total time:10.549521923065186
Iteration: 86 || Clusters count: 4 || Log posterior: -754.2071168750956 || Vi score: no gt || NMI score: no gt || Iter Time:0.0041539669036865234 || Total time:10.553675889968872
Iteration: 87 || Clusters count: 4 || Log posterior: -754.2071168750956 || Vi score: no gt || NMI score: no gt || Iter Time:0.004583835601806641 || Total time:10.558259725570679
Iteration: 88 || Clusters count: 4 || Log posterior: -754.2071168750956 || Vi score: no gt || NMI score: no gt || Iter Time:0.004353046417236328 || Total time:10.562612771987915
Iteration: 89 || Clusters count: 4 || Log posterior: -754.2071168750956 || Vi score: no gt || NMI score: no gt || Iter Time:0.0045299530029296875 || Total time:10.567142724990845
Iteration: 90 || Clusters count: 4 || Log posterior: -754.2071168750956 || Vi score: no gt || NMI score: no gt || Iter Time:0.004105091094970703 || Total time:10.571247816085815
Iteration: 91 || Clusters count: 4 || Log posterior: -754.2071168750956 || Vi score: no gt || NMI score: no gt || Iter Time:0.004343986511230469 || Total time:10.575591802597046
Iteration: 92 || Clusters count: 4 || Log posterior: -754.2071168750956 || Vi score: no gt || NMI score: no gt || Iter Time:0.003996133804321289 || Total time:10.579587936401367
Iteration: 93 || Clusters count: 4 || Log posterior: -754.2071168750956 || Vi score: no gt || NMI score: no gt || Iter Time:0.004371166229248047 || Total time:10.583959102630615
Iteration: 94 || Clusters count: 4 || Log posterior: -754.2071168750956 || Vi score: no gt || NMI score: no gt || Iter Time:0.004209995269775391 || Total time:10.58816909790039
Iteration: 95 || Clusters count: 4 || Log posterior: -754.2071168750956 || Vi score: no gt || NMI score: no gt || Iter Time:0.004225969314575195 || Total time:10.592395067214966
Iteration: 96 || Clusters count: 4 || Log posterior: -754.2071168750956 || Vi score: no gt || NMI score: no gt || Iter Time:0.004094839096069336 || Total time:10.596489906311035
Iteration: 97 || Clusters count: 4 || Log posterior: -754.2071168750956 || Vi score: no gt || NMI score: no gt || Iter Time:0.004053831100463867 || Total time:10.600543737411499
Iteration: 98 || Clusters count: 4 || Log posterior: -754.2071168750956 || Vi score: no gt || NMI score: no gt || Iter Time:0.00436711311340332 || Total time:10.604910850524902
Iteration: 99 || Clusters count: 4 || Log posterior: -754.2071168750956 || Vi score: no gt || NMI score: no gt || Iter Time:0.004266977310180664 || Total time:10.609177827835083
Iteration: 100 || Clusters count: 4 || Log posterior: -754.2071168750956 || Vi score: no gt || NMI score: no gt || Iter Time:0.004138946533203125 || Total time:10.613316774368286
Iteration: 101 || Clusters count: 4 || Log posterior: -754.2071168750956 || Vi score: no gt || NMI score: no gt || Iter Time:0.0037589073181152344 || Total time:10.617075681686401
Iteration: 102 || Clusters count: 4 || Log posterior: -754.2071168750956 || Vi score: no gt || NMI score: no gt || Iter Time:0.0035881996154785156 || Total time:10.62066388130188
Iteration: 103 || Clusters count: 4 || Log posterior: -754.2071168750956 || Vi score: no gt || NMI score: no gt || Iter Time:0.004654884338378906 || Total time:10.625318765640259
Iteration: 104 || Clusters count: 4 || Log posterior: -754.2071168750956 || Vi score: no gt || NMI score: no gt || Iter Time:0.0060541629791259766 || Total time:10.631372928619385
Iteration: 105 || Clusters count: 4 || Log posterior: -754.2071168750956 || Vi score: no gt || NMI score: no gt || Iter Time:0.004203081130981445 || Total time:10.635576009750366
Iteration: 106 || Clusters count: 4 || Log posterior: -754.2071168750956 || Vi score: no gt || NMI score: no gt || Iter Time:0.0029969215393066406 || Total time:10.638572931289673
Iteration: 107 || Clusters count: 4 || Log posterior: -754.2071168750956 || Vi score: no gt || NMI score: no gt || Iter Time:0.003840208053588867 || Total time:10.642413139343262
Iteration: 108 || Clusters count: 4 || Log posterior: -754.2071168750956 || Vi score: no gt || NMI score: no gt || Iter Time:0.005692958831787109 || Total time:10.648106098175049
Iteration: 109 || Clusters count: 4 || Log posterior: -754.2071168750956 || Vi score: no gt || NMI score: no gt || Iter Time:0.005506992340087891 || Total time:10.653613090515137
Iteration: 110 || Clusters count: 4 || Log posterior: -754.2071168750956 || Vi score: no gt || NMI score: no gt || Iter Time:0.0028378963470458984 || Total time:10.656450986862183
Iteration: 111 || Clusters count: 4 || Log posterior: -754.2071168750956 || Vi score: no gt || NMI score: no gt || Iter Time:0.0032291412353515625 || Total time:10.659680128097534
Iteration: 112 || Clusters count: 4 || Log posterior: -754.2071168750956 || Vi score: no gt || NMI score: no gt || Iter Time:0.002691984176635742 || Total time:10.66237211227417
Iteration: 113 || Clusters count: 4 || Log posterior: -754.2071168750956 || Vi score: no gt || NMI score: no gt || Iter Time:0.0032508373260498047 || Total time:10.66562294960022
Iteration: 114 || Clusters count: 4 || Log posterior: -754.2071168750956 || Vi score: no gt || NMI score: no gt || Iter Time:0.0033788681030273438 || Total time:10.669001817703247
Iteration: 115 || Clusters count: 4 || Log posterior: -754.2071168750956 || Vi score: no gt || NMI score: no gt || Iter Time:0.0037450790405273438 || Total time:10.672746896743774
Iteration: 116 || Clusters count: 4 || Log posterior: -754.2071168750956 || Vi score: no gt || NMI score: no gt || Iter Time:0.004033088684082031 || Total time:10.676779985427856
Iteration: 117 || Clusters count: 4 || Log posterior: -754.2071168750956 || Vi score: no gt || NMI score: no gt || Iter Time:0.002959012985229492 || Total time:10.679738998413086
Iteration: 118 || Clusters count: 4 || Log posterior: -754.2071168750956 || Vi score: no gt || NMI score: no gt || Iter Time:0.0028769969940185547 || Total time:10.682615995407104
Iteration: 119 || Clusters count: 4 || Log posterior: -754.2071168750956 || Vi score: no gt || NMI score: no gt || Iter Time:0.0037229061126708984 || Total time:10.686338901519775
Iteration: 120 || Clusters count: 4 || Log posterior: -754.2071168750956 || Vi score: no gt || NMI score: no gt || Iter Time:0.0034818649291992188 || Total time:10.689820766448975
Iteration: 121 || Clusters count: 4 || Log posterior: -754.2071168750956 || Vi score: no gt || NMI score: no gt || Iter Time:0.0034551620483398438 || Total time:10.693275928497314
Iteration: 122 || Clusters count: 4 || Log posterior: -754.2071168750956 || Vi score: no gt || NMI score: no gt || Iter Time:0.0027480125427246094 || Total time:10.696023941040039
Iteration: 123 || Clusters count: 4 || Log posterior: -754.2071168750956 || Vi score: no gt || NMI score: no gt || Iter Time:0.0027511119842529297 || Total time:10.698775053024292
Iteration: 124 || Clusters count: 4 || Log posterior: -754.2071168750956 || Vi score: no gt || NMI score: no gt || Iter Time:0.003927946090698242 || Total time:10.70270299911499
Iteration: 125 || Clusters count: 4 || Log posterior: -754.2071168750956 || Vi score: no gt || NMI score: no gt || Iter Time:0.0036640167236328125 || Total time:10.706367015838623
Iteration: 126 || Clusters count: 4 || Log posterior: -754.2071168750956 || Vi score: no gt || NMI score: no gt || Iter Time:0.00541996955871582 || Total time:10.711786985397339
Iteration: 127 || Clusters count: 4 || Log posterior: -754.2071168750956 || Vi score: no gt || NMI score: no gt || Iter Time:0.003951072692871094 || Total time:10.71573805809021
Iteration: 128 || Clusters count: 4 || Log posterior: -754.2071168750956 || Vi score: no gt || NMI score: no gt || Iter Time:0.004422187805175781 || Total time:10.720160245895386
Iteration: 129 || Clusters count: 4 || Log posterior: -754.2071168750956 || Vi score: no gt || NMI score: no gt || Iter Time:0.004395961761474609 || Total time:10.72455620765686
Iteration: 130 || Clusters count: 4 || Log posterior: -754.2071168750956 || Vi score: no gt || NMI score: no gt || Iter Time:0.003589153289794922 || Total time:10.728145360946655
Iteration: 131 || Clusters count: 4 || Log posterior: -754.2071168750956 || Vi score: no gt || NMI score: no gt || Iter Time:0.0034520626068115234 || Total time:10.731597423553467
Iteration: 132 || Clusters count: 4 || Log posterior: -754.2071168750956 || Vi score: no gt || NMI score: no gt || Iter Time:0.0045659542083740234 || Total time:10.73616337776184
Iteration: 133 || Clusters count: 4 || Log posterior: -754.2071168750956 || Vi score: no gt || NMI score: no gt || Iter Time:0.0028150081634521484 || Total time:10.738978385925293
Iteration: 134 || Clusters count: 4 || Log posterior: -754.2071168750956 || Vi score: no gt || NMI score: no gt || Iter Time:0.003952980041503906 || Total time:10.742931365966797
Iteration: 135 || Clusters count: 4 || Log posterior: -754.2071168750956 || Vi score: no gt || NMI score: no gt || Iter Time:0.003961086273193359 || Total time:10.74689245223999
Iteration: 136 || Clusters count: 4 || Log posterior: -754.2071168750956 || Vi score: no gt || NMI score: no gt || Iter Time:0.004611015319824219 || Total time:10.751503467559814
Iteration: 137 || Clusters count: 4 || Log posterior: -754.2071168750956 || Vi score: no gt || NMI score: no gt || Iter Time:0.002936124801635742 || Total time:10.75443959236145
Iteration: 138 || Clusters count: 4 || Log posterior: -754.2071168750956 || Vi score: no gt || NMI score: no gt || Iter Time:0.00513911247253418 || Total time:10.759578704833984
Iteration: 139 || Clusters count: 4 || Log posterior: -754.2071168750956 || Vi score: no gt || NMI score: no gt || Iter Time:0.00379180908203125 || Total time:10.763370513916016
Iteration: 140 || Clusters count: 4 || Log posterior: -754.2071168750956 || Vi score: no gt || NMI score: no gt || Iter Time:0.004773855209350586 || Total time:10.768144369125366
Iteration: 141 || Clusters count: 4 || Log posterior: -754.2071168750956 || Vi score: no gt || NMI score: no gt || Iter Time:0.0030570030212402344 || Total time:10.771201372146606
Iteration: 142 || Clusters count: 4 || Log posterior: -754.2071168750956 || Vi score: no gt || NMI score: no gt || Iter Time:0.0032482147216796875 || Total time:10.774449586868286
Iteration: 143 || Clusters count: 4 || Log posterior: -754.2071168750956 || Vi score: no gt || NMI score: no gt || Iter Time:0.003306865692138672 || Total time:10.777756452560425
Iteration: 144 || Clusters count: 4 || Log posterior: -754.2071168750956 || Vi score: no gt || NMI score: no gt || Iter Time:0.003206968307495117 || Total time:10.78096342086792
Iteration: 145 || Clusters count: 4 || Log posterior: -754.2071168750956 || Vi score: no gt || NMI score: no gt || Iter Time:0.003545999526977539 || Total time:10.784509420394897
Iteration: 146 || Clusters count: 4 || Log posterior: -754.2071168750956 || Vi score: no gt || NMI score: no gt || Iter Time:0.0036318302154541016 || Total time:10.788141250610352
Iteration: 147 || Clusters count: 4 || Log posterior: -754.2071168750956 || Vi score: no gt || NMI score: no gt || Iter Time:0.0027348995208740234 || Total time:10.790876150131226
Iteration: 148 || Clusters count: 4 || Log posterior: -754.2071168750956 || Vi score: no gt || NMI score: no gt || Iter Time:0.003598928451538086 || Total time:10.794475078582764
Iteration: 149 || Clusters count: 4 || Log posterior: -754.2071168750956 || Vi score: no gt || NMI score: no gt || Iter Time:0.002836942672729492 || Total time:10.797312021255493
Iteration: 150 || Clusters count: 4 || Log posterior: -754.2071168750956 || Vi score: no gt || NMI score: no gt || Iter Time:0.0035140514373779297 || Total time:10.800826072692871
Iteration: 151 || Clusters count: 4 || Log posterior: -754.2071168750956 || Vi score: no gt || NMI score: no gt || Iter Time:0.003052949905395508 || Total time:10.803879022598267
Iteration: 152 || Clusters count: 4 || Log posterior: -754.2071168750956 || Vi score: no gt || NMI score: no gt || Iter Time:0.0034470558166503906 || Total time:10.807326078414917
Iteration: 153 || Clusters count: 4 || Log posterior: -754.2071168750956 || Vi score: no gt || NMI score: no gt || Iter Time:0.002727985382080078 || Total time:10.810054063796997
Iteration: 154 || Clusters count: 4 || Log posterior: -754.2071168750956 || Vi score: no gt || NMI score: no gt || Iter Time:0.0027909278869628906 || Total time:10.81284499168396
Iteration: 155 || Clusters count: 4 || Log posterior: -754.2071168750956 || Vi score: no gt || NMI score: no gt || Iter Time:0.003596067428588867 || Total time:10.816441059112549
Iteration: 156 || Clusters count: 4 || Log posterior: -754.2071168750956 || Vi score: no gt || NMI score: no gt || Iter Time:0.0026388168334960938 || Total time:10.819079875946045
Iteration: 157 || Clusters count: 4 || Log posterior: -754.2071168750956 || Vi score: no gt || NMI score: no gt || Iter Time:0.0028078556060791016 || Total time:10.821887731552124
Iteration: 158 || Clusters count: 4 || Log posterior: -754.2071168750956 || Vi score: no gt || NMI score: no gt || Iter Time:0.002871990203857422 || Total time:10.824759721755981
Iteration: 159 || Clusters count: 4 || Log posterior: -754.2071168750956 || Vi score: no gt || NMI score: no gt || Iter Time:0.0032498836517333984 || Total time:10.828009605407715
Iteration: 160 || Clusters count: 4 || Log posterior: -754.2071168750956 || Vi score: no gt || NMI score: no gt || Iter Time:0.0052220821380615234 || Total time:10.833231687545776
Iteration: 161 || Clusters count: 4 || Log posterior: -754.2071168750956 || Vi score: no gt || NMI score: no gt || Iter Time:0.004658937454223633 || Total time:10.837890625
Iteration: 162 || Clusters count: 4 || Log posterior: -754.2071168750956 || Vi score: no gt || NMI score: no gt || Iter Time:0.003111124038696289 || Total time:10.841001749038696
Iteration: 163 || Clusters count: 4 || Log posterior: -754.2071168750956 || Vi score: no gt || NMI score: no gt || Iter Time:0.0030710697174072266 || Total time:10.844072818756104
Iteration: 164 || Clusters count: 4 || Log posterior: -754.2071168750956 || Vi score: no gt || NMI score: no gt || Iter Time:0.003080129623413086 || Total time:10.847152948379517
Iteration: 165 || Clusters count: 4 || Log posterior: -754.2071168750956 || Vi score: no gt || NMI score: no gt || Iter Time:0.0029599666595458984 || Total time:10.850112915039062
Iteration: 166 || Clusters count: 4 || Log posterior: -754.2071168750956 || Vi score: no gt || NMI score: no gt || Iter Time:0.0032820701599121094 || Total time:10.853394985198975
Iteration: 167 || Clusters count: 4 || Log posterior: -754.2071168750956 || Vi score: no gt || NMI score: no gt || Iter Time:0.00448298454284668 || Total time:10.857877969741821
Iteration: 168 || Clusters count: 4 || Log posterior: -754.2071168750956 || Vi score: no gt || NMI score: no gt || Iter Time:0.003383159637451172 || Total time:10.861261129379272
Iteration: 169 || Clusters count: 4 || Log posterior: -754.2071168750956 || Vi score: no gt || NMI score: no gt || Iter Time:0.0032258033752441406 || Total time:10.864486932754517
Iteration: 170 || Clusters count: 4 || Log posterior: -754.2071168750956 || Vi score: no gt || NMI score: no gt || Iter Time:0.03486895561218262 || Total time:10.8993558883667
Iteration: 171 || Clusters count: 4 || Log posterior: -754.2071168750956 || Vi score: no gt || NMI score: no gt || Iter Time:0.003754138946533203 || Total time:10.903110027313232
Iteration: 172 || Clusters count: 4 || Log posterior: -754.2071168750956 || Vi score: no gt || NMI score: no gt || Iter Time:0.0038819313049316406 || Total time:10.906991958618164
Iteration: 173 || Clusters count: 4 || Log posterior: -754.2071168750956 || Vi score: no gt || NMI score: no gt || Iter Time:0.0037648677825927734 || Total time:10.910756826400757
Iteration: 174 || Clusters count: 4 || Log posterior: -754.2071168750956 || Vi score: no gt || NMI score: no gt || Iter Time:0.003175973892211914 || Total time:10.913932800292969
Iteration: 175 || Clusters count: 4 || Log posterior: -754.2071168750956 || Vi score: no gt || NMI score: no gt || Iter Time:0.0029990673065185547 || Total time:10.916931867599487
Iteration: 176 || Clusters count: 4 || Log posterior: -754.2071168750956 || Vi score: no gt || NMI score: no gt || Iter Time:0.003592967987060547 || Total time:10.920524835586548
Iteration: 177 || Clusters count: 4 || Log posterior: -754.2071168750956 || Vi score: no gt || NMI score: no gt || Iter Time:0.011664867401123047 || Total time:10.932189702987671
Iteration: 178 || Clusters count: 4 || Log posterior: -754.2071168750956 || Vi score: no gt || NMI score: no gt || Iter Time:0.003958940505981445 || Total time:10.936148643493652
Iteration: 179 || Clusters count: 4 || Log posterior: -754.2071168750956 || Vi score: no gt || NMI score: no gt || Iter Time:0.003383159637451172 || Total time:10.939531803131104
Iteration: 180 || Clusters count: 4 || Log posterior: -754.2071168750956 || Vi score: no gt || NMI score: no gt || Iter Time:0.0035321712493896484 || Total time:10.943063974380493
Iteration: 181 || Clusters count: 4 || Log posterior: -754.2071168750956 || Vi score: no gt || NMI score: no gt || Iter Time:0.003340005874633789 || Total time:10.946403980255127
Iteration: 182 || Clusters count: 4 || Log posterior: -754.2071168750956 || Vi score: no gt || NMI score: no gt || Iter Time:0.003000974655151367 || Total time:10.949404954910278
Iteration: 183 || Clusters count: 4 || Log posterior: -754.2071168750956 || Vi score: no gt || NMI score: no gt || Iter Time:0.0030460357666015625 || Total time:10.95245099067688
Iteration: 184 || Clusters count: 4 || Log posterior: -754.2071168750956 || Vi score: no gt || NMI score: no gt || Iter Time:0.0029261112213134766 || Total time:10.955377101898193
Iteration: 185 || Clusters count: 4 || Log posterior: -754.2071168750956 || Vi score: no gt || NMI score: no gt || Iter Time:0.002755880355834961 || Total time:10.958132982254028
Iteration: 186 || Clusters count: 4 || Log posterior: -754.2071168750956 || Vi score: no gt || NMI score: no gt || Iter Time:0.0026640892028808594 || Total time:10.96079707145691
Iteration: 187 || Clusters count: 4 || Log posterior: -754.2071168750956 || Vi score: no gt || NMI score: no gt || Iter Time:0.0027310848236083984 || Total time:10.963528156280518
Iteration: 188 || Clusters count: 4 || Log posterior: -754.2071168750956 || Vi score: no gt || NMI score: no gt || Iter Time:0.002680063247680664 || Total time:10.966208219528198
Iteration: 189 || Clusters count: 4 || Log posterior: -754.2071168750956 || Vi score: no gt || NMI score: no gt || Iter Time:0.002668142318725586 || Total time:10.968876361846924
Iteration: 190 || Clusters count: 4 || Log posterior: -754.2071168750956 || Vi score: no gt || NMI score: no gt || Iter Time:0.0029540061950683594 || Total time:10.971830368041992
Iteration: 191 || Clusters count: 4 || Log posterior: -754.2071168750956 || Vi score: no gt || NMI score: no gt || Iter Time:0.0031900405883789062 || Total time:10.975020408630371
Iteration: 192 || Clusters count: 4 || Log posterior: -754.2071168750956 || Vi score: no gt || NMI score: no gt || Iter Time:0.002705812454223633 || Total time:10.977726221084595
Iteration: 193 || Clusters count: 4 || Log posterior: -754.2071168750956 || Vi score: no gt || NMI score: no gt || Iter Time:0.002821207046508789 || Total time:10.980547428131104
Iteration: 194 || Clusters count: 4 || Log posterior: -754.2071168750956 || Vi score: no gt || NMI score: no gt || Iter Time:0.0027129650115966797 || Total time:10.9832603931427
Iteration: 195 || Clusters count: 4 || Log posterior: -754.2071168750956 || Vi score: no gt || NMI score: no gt || Iter Time:1.1770570278167725 || Total time:12.160317420959473
Iteration: 196 || Clusters count: 4 || Log posterior: -754.2071168750956 || Vi score: no gt || NMI score: no gt || Iter Time:0.0045588016510009766 || Total time:12.164876222610474
Iteration: 197 || Clusters count: 4 || Log posterior: -754.2071168750956 || Vi score: no gt || NMI score: no gt || Iter Time:0.004343986511230469 || Total time:12.169220209121704
Iteration: 198 || Clusters count: 4 || Log posterior: -754.2071168750956 || Vi score: no gt || NMI score: no gt || Iter Time:0.004423856735229492 || Total time:12.173644065856934
Iteration: 199 || Clusters count: 4 || Log posterior: -754.2071168750956 || Vi score: no gt || NMI score: no gt || Iter Time:0.005173921585083008 || Total time:12.178817987442017
Iteration: 200 || Clusters count: 4 || Log posterior: -754.2071168750956 || Vi score: no gt || NMI score: no gt || Iter Time:0.004849910736083984 || Total time:12.1836678981781
Float32[0.23466104, 0.2045327, 0.24046217, 0.22403972]
Test Summary:                 | Pass  Total
Testing Module (Determinstic) |   10     10
[3798, 7510, 25856, 10044, 13467, 3032, 14417, 11925, 8916, 1035]
Loading and distributing data:
  0.001425 seconds (132 allocations: 1.151 MiB)
Node Leaders:
Dict{Any,Any}(1 => Any[1])
Iteration: 1 || Clusters count: 1 || Log posterior: -7445.937491691671 || Vi score: 2.0708648708156385 || NMI score: -4.288925039084297e-16 || Iter Time:0.38990187644958496 || Total time:0.38990187644958496
Iteration: 2 || Clusters count: 1 || Log posterior: -7445.937491691671 || Vi score: 2.0708648708156385 || NMI score: -4.288925039084297e-16 || Iter Time:0.2216639518737793 || Total time:0.6115658283233643
Iteration: 3 || Clusters count: 1 || Log posterior: -7445.937491691671 || Vi score: 2.0708648708156385 || NMI score: -4.288925039084297e-16 || Iter Time:0.15854287147521973 || Total time:0.770108699798584
Iteration: 4 || Clusters count: 1 || Log posterior: -7445.937491691671 || Vi score: 2.0708648708156385 || NMI score: -4.288925039084297e-16 || Iter Time:0.17134594917297363 || Total time:0.9414546489715576
Iteration: 5 || Clusters count: 1 || Log posterior: -7445.937491691671 || Vi score: 2.0708648708156385 || NMI score: -4.288925039084297e-16 || Iter Time:0.17436599731445312 || Total time:1.1158206462860107
Iteration: 6 || Clusters count: 1 || Log posterior: -7445.937491691671 || Vi score: 2.0708648708156385 || NMI score: -4.288925039084297e-16 || Iter Time:0.35191893577575684 || Total time:1.4677395820617676
Iteration: 7 || Clusters count: 1 || Log posterior: -7445.937491691671 || Vi score: 2.0708648708156385 || NMI score: -4.288925039084297e-16 || Iter Time:0.2894589900970459 || Total time:1.7571985721588135
Iteration: 8 || Clusters count: 1 || Log posterior: -7445.937491691671 || Vi score: 2.0708648708156385 || NMI score: -4.288925039084297e-16 || Iter Time:0.309039831161499 || Total time:2.0662384033203125
Iteration: 9 || Clusters count: 1 || Log posterior: -7445.937491691671 || Vi score: 2.0708648708156385 || NMI score: -4.288925039084297e-16 || Iter Time:0.22523784637451172 || Total time:2.291476249694824
Iteration: 10 || Clusters count: 1 || Log posterior: -7445.937491691671 || Vi score: 2.0708648708156385 || NMI score: -4.288925039084297e-16 || Iter Time:0.3708329200744629 || Total time:2.662309169769287
Iteration: 11 || Clusters count: 1 || Log posterior: -7445.937491691671 || Vi score: 2.0708648708156385 || NMI score: -4.288925039084297e-16 || Iter Time:0.33971691131591797 || Total time:3.002026081085205
Iteration: 12 || Clusters count: 1 || Log posterior: -7445.937491691671 || Vi score: 2.0708648708156385 || NMI score: -4.288925039084297e-16 || Iter Time:0.4917299747467041 || Total time:3.493756055831909
Iteration: 13 || Clusters count: 1 || Log posterior: -7445.937491691671 || Vi score: 2.0708648708156385 || NMI score: -4.288925039084297e-16 || Iter Time:0.3061830997467041 || Total time:3.7999391555786133
Iteration: 14 || Clusters count: 2 || Log posterior: 64511.0710955495 || Vi score: 1.6949263658285303 || NMI score: 0.38383857014044875 || Iter Time:0.2131509780883789 || Total time:4.013090133666992
Iteration: 15 || Clusters count: 2 || Log posterior: 79069.89069899259 || Vi score: 1.577584953710743 || NMI score: 0.42388797960445 || Iter Time:0.27243995666503906 || Total time:4.285530090332031
Iteration: 16 || Clusters count: 2 || Log posterior: 94250.28984888736 || Vi score: 1.4745729472667002 || NMI score: 0.4599817339075402 || Iter Time:0.3878488540649414 || Total time:4.673378944396973
Iteration: 17 || Clusters count: 2 || Log posterior: 96028.54381998716 || Vi score: 1.456021765687406 || NMI score: 0.46652863968993513 || Iter Time:0.37903285026550293 || Total time:5.052411794662476
Iteration: 18 || Clusters count: 2 || Log posterior: 96198.79517468158 || Vi score: 1.4512430677929433 || NMI score: 0.46819566769192156 || Iter Time:0.5268549919128418 || Total time:5.579266786575317
Iteration: 19 || Clusters count: 2 || Log posterior: 96216.63875445072 || Vi score: 1.452503872957127 || NMI score: 0.46774416843192923 || Iter Time:0.5841279029846191 || Total time:6.1633946895599365
Iteration: 20 || Clusters count: 2 || Log posterior: 96241.1080823773 || Vi score: 1.450315618163847 || NMI score: 0.4685102844249672 || Iter Time:0.5778348445892334 || Total time:6.74122953414917
Iteration: 21 || Clusters count: 2 || Log posterior: 96284.82684954349 || Vi score: 1.450452660301933 || NMI score: 0.46845901023054526 || Iter Time:0.693701982498169 || Total time:7.434931516647339
Iteration: 22 || Clusters count: 2 || Log posterior: 96230.13887318317 || Vi score: 1.4530168961696612 || NMI score: 0.46754881070824267 || Iter Time:0.4190549850463867 || Total time:7.853986501693726
Iteration: 23 || Clusters count: 2 || Log posterior: 96217.60832127271 || Vi score: 1.4518660475440097 || NMI score: 0.4679273412343381 || Iter Time:0.3183708190917969 || Total time:8.172357320785522
Iteration: 24 || Clusters count: 2 || Log posterior: 96292.82657774631 || Vi score: 1.4513113346177424 || NMI score: 0.4681611841150123 || Iter Time:0.457470178604126 || Total time:8.629827499389648
Iteration: 25 || Clusters count: 2 || Log posterior: 96266.51395901386 || Vi score: 1.4514932217771235 || NMI score: 0.4681018958918288 || Iter Time:0.6060800552368164 || Total time:9.235907554626465
Iteration: 26 || Clusters count: 2 || Log posterior: 96263.76417931257 || Vi score: 1.4515049753263654 || NMI score: 0.4680839073247916 || Iter Time:0.409959077835083 || Total time:9.645866632461548
Iteration: 27 || Clusters count: 2 || Log posterior: 96181.13938387576 || Vi score: 1.4517880596642865 || NMI score: 0.46796752398050884 || Iter Time:0.2638580799102783 || Total time:9.909724712371826
Iteration: 28 || Clusters count: 2 || Log posterior: 96255.38938387576 || Vi score: 1.4517880596642865 || NMI score: 0.46796752398050884 || Iter Time:0.2807149887084961 || Total time:10.190439701080322
Iteration: 29 || Clusters count: 4 || Log posterior: 257786.51767953578 || Vi score: 0.797815152349633 || NMI score: 0.7643086879343179 || Iter Time:0.47652697563171387 || Total time:10.666966676712036
Iteration: 30 || Clusters count: 4 || Log posterior: 279695.1200621957 || Vi score: 0.7663305481476216 || NMI score: 0.7733147978086516 || Iter Time:0.6191890239715576 || Total time:11.286155700683594
Iteration: 31 || Clusters count: 4 || Log posterior: 279716.3700693482 || Vi score: 0.7660304272392143 || NMI score: 0.7734034915004312 || Iter Time:0.6839179992675781 || Total time:11.970073699951172
Iteration: 32 || Clusters count: 4 || Log posterior: 279702.3076094026 || Vi score: 0.7663401598217358 || NMI score: 0.7733112920291468 || Iter Time:0.554481029510498 || Total time:12.52455472946167
Iteration: 33 || Clusters count: 4 || Log posterior: 279707.5731514329 || Vi score: 0.7660812804805734 || NMI score: 0.7733890278156419 || Iter Time:0.30228710174560547 || Total time:12.826841831207275
Iteration: 34 || Clusters count: 4 || Log posterior: 279726.6825765008 || Vi score: 0.7657020371019202 || NMI score: 0.7735005474247512 || Iter Time:0.25984621047973633 || Total time:13.086688041687012
Iteration: 35 || Clusters count: 4 || Log posterior: 279759.90125497524 || Vi score: 0.7648124730290502 || NMI score: 0.7737646712803022 || Iter Time:0.271312952041626 || Total time:13.358000993728638
Iteration: 36 || Clusters count: 4 || Log posterior: 279728.80754646 || Vi score: 0.765155016133246 || NMI score: 0.7736627701006519 || Iter Time:0.19449400901794434 || Total time:13.552495002746582
Iteration: 37 || Clusters count: 4 || Log posterior: 279704.94817002956 || Vi score: 0.7664059609734717 || NMI score: 0.7732927388278378 || Iter Time:0.2702968120574951 || Total time:13.822791814804077
Iteration: 38 || Clusters count: 4 || Log posterior: 279726.68250926683 || Vi score: 0.7653455388202174 || NMI score: 0.7736069081509658 || Iter Time:0.6760048866271973 || Total time:14.498796701431274
Iteration: 39 || Clusters count: 4 || Log posterior: 279736.08879502956 || Vi score: 0.7655963589233361 || NMI score: 0.7735322203007845 || Iter Time:0.6758928298950195 || Total time:15.174689531326294
Iteration: 40 || Clusters count: 4 || Log posterior: 279756.9637435311 || Vi score: 0.7645819502467978 || NMI score: 0.773833024363275 || Iter Time:0.734050989151001 || Total time:15.908740520477295
Iteration: 41 || Clusters count: 4 || Log posterior: 279684.557590806 || Vi score: 0.7668584895253494 || NMI score: 0.7731582169125243 || Iter Time:0.5761308670043945 || Total time:16.48487138748169
Iteration: 42 || Clusters count: 4 || Log posterior: 279663.9481972093 || Vi score: 0.7673208986731265 || NMI score: 0.7730216836393233 || Iter Time:0.6701648235321045 || Total time:17.155036211013794
Iteration: 43 || Clusters count: 4 || Log posterior: 279703.0106743211 || Vi score: 0.7669014902399274 || NMI score: 0.7731460775072116 || Iter Time:0.3505971431732178 || Total time:17.50563335418701
Iteration: 44 || Clusters count: 6 || Log posterior: 386730.1361137266 || Vi score: 0.654040273388814 || NMI score: 0.82593861209589 || Iter Time:0.7273328304290771 || Total time:18.23296618461609
Iteration: 45 || Clusters count: 6 || Log posterior: 389657.8619767064 || Vi score: 0.6511173325726523 || NMI score: 0.8267228866339339 || Iter Time:0.5606498718261719 || Total time:18.79361605644226
Iteration: 46 || Clusters count: 6 || Log posterior: 390047.6080280179 || Vi score: 0.6492730509429502 || NMI score: 0.8271967198905463 || Iter Time:0.37981390953063965 || Total time:19.1734299659729
Iteration: 47 || Clusters count: 6 || Log posterior: 390352.8716855878 || Vi score: 0.6460584550786326 || NMI score: 0.8280260860088263 || Iter Time:0.6501359939575195 || Total time:19.82356595993042
Iteration: 48 || Clusters count: 6 || Log posterior: 390574.5502181882 || Vi score: 0.6424232596693614 || NMI score: 0.8289639054318466 || Iter Time:0.6290228366851807 || Total time:20.4525887966156
Iteration: 49 || Clusters count: 6 || Log posterior: 391032.3434215421 || Vi score: 0.6356646547268201 || NMI score: 0.8307105643530649 || Iter Time:0.5605471134185791 || Total time:21.01313591003418
Iteration: 50 || Clusters count: 6 || Log posterior: 391482.86366089527 || Vi score: 0.6279564497110739 || NMI score: 0.8327093692375342 || Iter Time:0.6627819538116455 || Total time:21.675917863845825
Iteration: 51 || Clusters count: 6 || Log posterior: 392052.5358496541 || Vi score: 0.6189843099938289 || NMI score: 0.8350316830104704 || Iter Time:0.7703371047973633 || Total time:22.44625496864319
Iteration: 52 || Clusters count: 6 || Log posterior: 393012.9892564649 || Vi score: 0.6041152371278167 || NMI score: 0.8388970065911481 || Iter Time:0.39548301696777344 || Total time:22.841737985610962
Iteration: 53 || Clusters count: 6 || Log posterior: 394223.282013976 || Vi score: 0.5854697076661597 || NMI score: 0.8437623276205741 || Iter Time:0.4186880588531494 || Total time:23.26042604446411
Iteration: 54 || Clusters count: 6 || Log posterior: 396533.0028949613 || Vi score: 0.5560549336838758 || NMI score: 0.851488846930718 || Iter Time:0.31795716285705566 || Total time:23.578383207321167
Iteration: 55 || Clusters count: 6 || Log posterior: 401386.7976675861 || Vi score: 0.522120081900054 || NMI score: 0.8605092115419344 || Iter Time:0.3493328094482422 || Total time:23.92771601676941
Iteration: 56 || Clusters count: 6 || Log posterior: 406266.24925764743 || Vi score: 0.5181710651951057 || NMI score: 0.8617473854468258 || Iter Time:0.3772158622741699 || Total time:24.30493187904358
Iteration: 57 || Clusters count: 6 || Log posterior: 429389.96399649326 || Vi score: 0.5043555651821431 || NMI score: 0.8656273771832488 || Iter Time:0.52229905128479 || Total time:24.82723093032837
Iteration: 58 || Clusters count: 6 || Log posterior: 431022.04664858524 || Vi score: 0.5040553531479124 || NMI score: 0.8657470958367185 || Iter Time:0.6147761344909668 || Total time:25.442007064819336
Iteration: 59 || Clusters count: 8 || Log posterior: 480685.49197181413 || Vi score: 0.3948678250512324 || NMI score: 0.9000815756719535 || Iter Time:0.5199759006500244 || Total time:25.96198296546936
Iteration: 60 || Clusters count: 8 || Log posterior: 484198.2386620874 || Vi score: 0.36710007558243707 || NMI score: 0.9069465092598378 || Iter Time:0.5527880191802979 || Total time:26.514770984649658
Iteration: 61 || Clusters count: 8 || Log posterior: 487142.73722752277 || Vi score: 0.3347631670349714 || NMI score: 0.9148558859658814 || Iter Time:0.46698808670043945 || Total time:26.981759071350098
Iteration: 62 || Clusters count: 8 || Log posterior: 488797.9037776822 || Vi score: 0.3135301787874784 || NMI score: 0.9200635020891624 || Iter Time:0.5002050399780273 || Total time:27.481964111328125
Iteration: 63 || Clusters count: 8 || Log posterior: 489784.9589804048 || Vi score: 0.3000635265531826 || NMI score: 0.9234119810636389 || Iter Time:0.34415388107299805 || Total time:27.826117992401123
Iteration: 64 || Clusters count: 8 || Log posterior: 490486.622043931 || Vi score: 0.2960442730040393 || NMI score: 0.9244653157691881 || Iter Time:0.4099700450897217 || Total time:28.236088037490845
Iteration: 65 || Clusters count: 8 || Log posterior: 490567.9219160909 || Vi score: 0.3013690611422951 || NMI score: 0.9232933719189417 || Iter Time:0.3215641975402832 || Total time:28.557652235031128
Iteration: 66 || Clusters count: 8 || Log posterior: 490846.4898599023 || Vi score: 0.306211388698239 || NMI score: 0.9222314352565794 || Iter Time:0.3933601379394531 || Total time:28.95101237297058
Iteration: 67 || Clusters count: 9 || Log posterior: 506472.52906151954 || Vi score: 0.23974323420751137 || NMI score: 0.9418580513319841 || Iter Time:0.5640459060668945 || Total time:29.515058279037476
Iteration: 68 || Clusters count: 10 || Log posterior: 542666.299627387 || Vi score: 0.14605584651398093 || NMI score: 0.9649650659274196 || Iter Time:0.5650649070739746 || Total time:30.08012318611145
Iteration: 69 || Clusters count: 10 || Log posterior: 567017.1939941281 || Vi score: 0.09088495677659932 || NMI score: 0.978176783964113 || Iter Time:0.8942539691925049 || Total time:30.974377155303955
Iteration: 70 || Clusters count: 10 || Log posterior: 571462.8333648079 || Vi score: 0.05836939259285075 || NMI score: 0.9859680283600567 || Iter Time:0.69992995262146 || Total time:31.674307107925415
Iteration: 71 || Clusters count: 10 || Log posterior: 576180.5703538293 || Vi score: 0.03804609898835345 || NMI score: 0.9908423247461431 || Iter Time:0.37340402603149414 || Total time:32.04771113395691
Iteration: 72 || Clusters count: 10 || Log posterior: 576895.2186423177 || Vi score: 0.029867227028434362 || NMI score: 0.9928050777108274 || Iter Time:0.5151510238647461 || Total time:32.562862157821655
Iteration: 73 || Clusters count: 10 || Log posterior: 577573.8542042607 || Vi score: 0.020544402085205946 || NMI score: 0.9950465799741053 || Iter Time:0.799185037612915 || Total time:33.36204719543457
Iteration: 74 || Clusters count: 11 || Log posterior: 579343.0767395132 || Vi score: 0.007533472840358715 || NMI score: 0.9981843303066636 || Iter Time:0.5016090869903564 || Total time:33.86365628242493
Iteration: 75 || Clusters count: 11 || Log posterior: 579404.5764753455 || Vi score: 0.006318305552821224 || NMI score: 0.9984768002971643 || Iter Time:0.9440710544586182 || Total time:34.807727336883545
Iteration: 76 || Clusters count: 11 || Log posterior: 579501.6153227919 || Vi score: 0.005051946682665099 || NMI score: 0.9987817186767026 || Iter Time:0.6015279293060303 || Total time:35.409255266189575
Iteration: 77 || Clusters count: 11 || Log posterior: 579601.6282109851 || Vi score: 0.00387596057099282 || NMI score: 0.9990650436029332 || Iter Time:1.0027439594268799 || Total time:36.411999225616455
Iteration: 78 || Clusters count: 11 || Log posterior: 579685.6017107599 || Vi score: 0.0029038018389576465 || NMI score: 0.9992993827298602 || Iter Time:0.7803819179534912 || Total time:37.192381143569946
Iteration: 79 || Clusters count: 11 || Log posterior: 579808.2516400451 || Vi score: 0.001900880883068661 || NMI score: 0.9995412523324979 || Iter Time:0.7435290813446045 || Total time:37.93591022491455
Iteration: 80 || Clusters count: 11 || Log posterior: 579885.2500666017 || Vi score: 0.0008925941681214056 || NMI score: 0.9997845340231944 || Iter Time:0.6005830764770508 || Total time:38.5364933013916
Iteration: 81 || Clusters count: 11 || Log posterior: 579931.3642955058 || Vi score: 0.000522161400561591 || NMI score: 0.9998739409798193 || Iter Time:0.8373310565948486 || Total time:39.37382435798645
Iteration: 82 || Clusters count: 11 || Log posterior: 579963.0218898887 || Vi score: 0.0001846142079316812 || NMI score: 0.9999554278065477 || Iter Time:0.5391700267791748 || Total time:39.912994384765625
Iteration: 83 || Clusters count: 10 || Log posterior: 579945.2269900674 || Vi score: -0.0 || NMI score: 1.0 || Iter Time:0.5157089233398438 || Total time:40.42870330810547
Iteration: 84 || Clusters count: 10 || Log posterior: 579945.2269900674 || Vi score: -0.0 || NMI score: 1.0 || Iter Time:0.5559020042419434 || Total time:40.98460531234741
Iteration: 85 || Clusters count: 10 || Log posterior: 579945.2269900674 || Vi score: -0.0 || NMI score: 1.0 || Iter Time:0.6960639953613281 || Total time:41.68066930770874
Iteration: 86 || Clusters count: 10 || Log posterior: 579945.2269900674 || Vi score: -0.0 || NMI score: 1.0 || Iter Time:0.8038630485534668 || Total time:42.48453235626221
Iteration: 87 || Clusters count: 10 || Log posterior: 579945.2269900674 || Vi score: -0.0 || NMI score: 1.0 || Iter Time:1.0505928993225098 || Total time:43.53512525558472
Iteration: 88 || Clusters count: 10 || Log posterior: 579945.2269900674 || Vi score: -0.0 || NMI score: 1.0 || Iter Time:0.6023550033569336 || Total time:44.13748025894165
Iteration: 89 || Clusters count: 10 || Log posterior: 579945.2269900674 || Vi score: -0.0 || NMI score: 1.0 || Iter Time:0.8175208568572998 || Total time:44.95500111579895
Iteration: 90 || Clusters count: 10 || Log posterior: 579945.2269900674 || Vi score: -0.0 || NMI score: 1.0 || Iter Time:0.5784080028533936 || Total time:45.533409118652344
Iteration: 91 || Clusters count: 10 || Log posterior: 579945.2269900674 || Vi score: -0.0 || NMI score: 1.0 || Iter Time:0.4695320129394531 || Total time:46.0029411315918
Iteration: 92 || Clusters count: 10 || Log posterior: 579945.2269900674 || Vi score: -0.0 || NMI score: 1.0 || Iter Time:0.5086660385131836 || Total time:46.51160717010498
Iteration: 93 || Clusters count: 10 || Log posterior: 579945.2269900674 || Vi score: -0.0 || NMI score: 1.0 || Iter Time:0.7035720348358154 || Total time:47.215179204940796
Iteration: 94 || Clusters count: 10 || Log posterior: 579945.2269900674 || Vi score: -0.0 || NMI score: 1.0 || Iter Time:0.6762368679046631 || Total time:47.89141607284546
Iteration: 95 || Clusters count: 10 || Log posterior: 579945.2269900674 || Vi score: -0.0 || NMI score: 1.0 || Iter Time:0.6855509281158447 || Total time:48.576967000961304
Iteration: 96 || Clusters count: 10 || Log posterior: 579945.2269900674 || Vi score: -0.0 || NMI score: 1.0 || Iter Time:0.7431039810180664 || Total time:49.32007098197937
Iteration: 97 || Clusters count: 10 || Log posterior: 579945.2269900674 || Vi score: -0.0 || NMI score: 1.0 || Iter Time:0.6940529346466064 || Total time:50.01412391662598
Iteration: 98 || Clusters count: 10 || Log posterior: 579945.2269900674 || Vi score: -0.0 || NMI score: 1.0 || Iter Time:0.6790609359741211 || Total time:50.6931848526001
Iteration: 99 || Clusters count: 10 || Log posterior: 579945.2269900674 || Vi score: -0.0 || NMI score: 1.0 || Iter Time:0.7622809410095215 || Total time:51.45546579360962
Iteration: 100 || Clusters count: 10 || Log posterior: 579945.2269900674 || Vi score: -0.0 || NMI score: 1.0 || Iter Time:0.9666309356689453 || Total time:52.422096729278564
Test Summary:                | Pass  Total
Testing Module (Random mess) |    1      1
Multinomial Module And save load: Error During Test at /home/pkgeval/.julia/packages/DPMMSubClusters/io5pH/test/module_tests.jl:41
  Got exception outside of a @test
  SystemError: opening file "save_load_test/mnm_data.npy": Permission denied
  Stacktrace:
   [1] systemerror(::String, ::Int32; extrainfo::Nothing) at ./error.jl:168
   [2] #systemerror#50 at ./error.jl:167 [inlined]
   [3] systemerror at ./error.jl:167 [inlined]
   [4] open(::String; read::Nothing, write::Nothing, create::Nothing, truncate::Bool, append::Nothing) at ./iostream.jl:254
   [5] open(::String, ::String) at ./iostream.jl:310
   [6] npzwrite(::String, ::Adjoint{Float32,Array{Float32,2}}) at /home/pkgeval/.julia/packages/NPZ/OBINJ/src/NPZ.jl:305
   [7] top-level scope at /home/pkgeval/.julia/packages/DPMMSubClusters/io5pH/test/module_tests.jl:46
   [8] top-level scope at /workspace/srcdir/usr/share/julia/stdlib/v1.4/Test/src/Test.jl:1113
   [9] top-level scope at /home/pkgeval/.julia/packages/DPMMSubClusters/io5pH/test/module_tests.jl:42
   [10] include(::String) at ./client.jl:439
   [11] top-level scope at /home/pkgeval/.julia/packages/DPMMSubClusters/io5pH/test/runtests.jl:11
   [12] include(::String) at ./client.jl:439
   [13] top-level scope at none:6
   [14] eval(::Module, ::Any) at ./boot.jl:331
   [15] exec_options(::Base.JLOptions) at ./client.jl:264
   [16] _start() at ./client.jl:484
  
Test Summary:                    | Pass  Error  Total
Multinomial Module And save load |    2      1      3
ERROR: LoadError: LoadError: Some tests did not pass: 2 passed, 0 failed, 1 errored, 0 broken.
in expression starting at /home/pkgeval/.julia/packages/DPMMSubClusters/io5pH/test/module_tests.jl:41
in expression starting at /home/pkgeval/.julia/packages/DPMMSubClusters/io5pH/test/runtests.jl:11
ERROR: Package DPMMSubClusters errored during testing
Stacktrace:
 [1] pkgerror(::String, ::Vararg{String,N} where N) at /workspace/srcdir/usr/share/julia/stdlib/v1.4/Pkg/src/Types.jl:53
 [2] test(::Pkg.Types.Context, ::Array{Pkg.Types.PackageSpec,1}; coverage::Bool, julia_args::Cmd, test_args::Cmd, test_fn::Nothing) at /workspace/srcdir/usr/share/julia/stdlib/v1.4/Pkg/src/Operations.jl:1503
 [3] test(::Pkg.Types.Context, ::Array{Pkg.Types.PackageSpec,1}; coverage::Bool, test_fn::Nothing, julia_args::Cmd, test_args::Cmd, kwargs::Base.Iterators.Pairs{Union{},Union{},Tuple{},NamedTuple{(),Tuple{}}}) at /workspace/srcdir/usr/share/julia/stdlib/v1.4/Pkg/src/API.jl:316
 [4] test(::Pkg.Types.Context, ::Array{Pkg.Types.PackageSpec,1}) at /workspace/srcdir/usr/share/julia/stdlib/v1.4/Pkg/src/API.jl:303
 [5] #test#68 at /workspace/srcdir/usr/share/julia/stdlib/v1.4/Pkg/src/API.jl:297 [inlined]
 [6] test at /workspace/srcdir/usr/share/julia/stdlib/v1.4/Pkg/src/API.jl:297 [inlined]
 [7] #test#67 at /workspace/srcdir/usr/share/julia/stdlib/v1.4/Pkg/src/API.jl:296 [inlined]
 [8] test at /workspace/srcdir/usr/share/julia/stdlib/v1.4/Pkg/src/API.jl:296 [inlined]
 [9] test(::String; kwargs::Base.Iterators.Pairs{Union{},Union{},Tuple{},NamedTuple{(),Tuple{}}}) at /workspace/srcdir/usr/share/julia/stdlib/v1.4/Pkg/src/API.jl:295
 [10] test(::String) at /workspace/srcdir/usr/share/julia/stdlib/v1.4/Pkg/src/API.jl:295
 [11] top-level scope at none:16
