Julia Version 1.3.2-pre.0
Commit 2e6715c045 (2019-12-31 00:49 UTC)
Platform Info:
  OS: Linux (x86_64-linux-gnu)
  CPU: Intel(R) Xeon(R) Silver 4114 CPU @ 2.20GHz
  WORD_SIZE: 64
  LIBM: libopenlibm
  LLVM: libLLVM-6.0.1 (ORCJIT, skylake)
Environment:
  JULIA_DEPOT_PATH = ::/usr/local/share/julia
  JULIA_NUM_THREADS = 2

 Resolving package versions...
 Installed Reexport ──────────────────── v0.2.0
 Installed DataAPI ───────────────────── v1.1.0
 Installed ProgressMeter ─────────────── v1.2.0
 Installed EvoTrees ──────────────────── v0.4.1
 Installed FixedPointNumbers ─────────── v0.7.1
 Installed TableTraits ───────────────── v1.0.0
 Installed DataStructures ────────────── v0.17.9
 Installed PrettyTables ──────────────── v0.6.0
 Installed DataValueInterfaces ───────── v1.0.0
 Installed OpenSpecFun_jll ───────────── v0.5.3+1
 Installed Arpack_jll ────────────────── v3.5.0+2
 Installed Rmath ─────────────────────── v0.6.0
 Installed BinaryProvider ────────────── v0.5.8
 Installed StaticArrays ──────────────── v0.12.1
 Installed LossFunctions ─────────────── v0.5.1
 Installed QuadGK ────────────────────── v2.3.1
 Installed ColorTypes ────────────────── v0.8.1
 Installed Tables ────────────────────── v0.2.11
 Installed PDMats ────────────────────── v0.9.11
 Installed Crayons ───────────────────── v4.0.1
 Installed Missings ──────────────────── v0.4.3
 Installed ComputationalResources ────── v0.3.0
 Installed MLJBase ───────────────────── v0.10.1
 Installed LearnBase ─────────────────── v0.2.2
 Installed ScientificTypes ───────────── v0.5.1
 Installed Parameters ────────────────── v0.12.0
 Installed IteratorInterfaceExtensions ─ v1.0.0
 Installed OpenBLAS_jll ──────────────── v0.3.7+5
 Installed OrderedCollections ────────── v1.1.0
 Installed JSON ──────────────────────── v0.21.0
 Installed Formatting ────────────────── v0.4.1
 Installed FillArrays ────────────────── v0.8.4
 Installed InvertedIndices ───────────── v1.0.0
 Installed Parsers ───────────────────── v0.3.11
 Installed RecipesBase ───────────────── v0.7.0
 Installed Compat ────────────────────── v3.2.0
 Installed StatsBase ─────────────────── v0.32.0
 Installed Distributions ─────────────── v0.21.12
 Installed SpecialFunctions ──────────── v0.9.0
 Installed CategoricalArrays ─────────── v0.7.7
 Installed Arpack ────────────────────── v0.4.0
 Installed StatsFuns ─────────────────── v0.9.3
 Installed SortingAlgorithms ─────────── v0.3.1
  Updating `~/.julia/environments/v1.3/Project.toml`
  [f6006082] + EvoTrees v0.4.1
  Updating `~/.julia/environments/v1.3/Manifest.toml`
  [7d9fca2a] + Arpack v0.4.0
  [68821587] + Arpack_jll v3.5.0+2
  [b99e7846] + BinaryProvider v0.5.8
  [324d7699] + CategoricalArrays v0.7.7
  [3da002f7] + ColorTypes v0.8.1
  [34da2185] + Compat v3.2.0
  [ed09eef8] + ComputationalResources v0.3.0
  [a8cc5b0e] + Crayons v4.0.1
  [9a962f9c] + DataAPI v1.1.0
  [864edb3b] + DataStructures v0.17.9
  [e2d170a0] + DataValueInterfaces v1.0.0
  [31c24e10] + Distributions v0.21.12
  [f6006082] + EvoTrees v0.4.1
  [1a297f60] + FillArrays v0.8.4
  [53c48c17] + FixedPointNumbers v0.7.1
  [59287772] + Formatting v0.4.1
  [41ab1584] + InvertedIndices v1.0.0
  [82899510] + IteratorInterfaceExtensions v1.0.0
  [682c06a0] + JSON v0.21.0
  [7f8f8fb0] + LearnBase v0.2.2
  [30fc2ffe] + LossFunctions v0.5.1
  [a7f614a8] + MLJBase v0.10.1
  [e1d29d7a] + Missings v0.4.3
  [4536629a] + OpenBLAS_jll v0.3.7+5
  [efe28fd5] + OpenSpecFun_jll v0.5.3+1
  [bac558e1] + OrderedCollections v1.1.0
  [90014a1f] + PDMats v0.9.11
  [d96e819e] + Parameters v0.12.0
  [69de0a69] + Parsers v0.3.11
  [08abe8d2] + PrettyTables v0.6.0
  [92933f4c] + ProgressMeter v1.2.0
  [1fd47b50] + QuadGK v2.3.1
  [3cdcf5f2] + RecipesBase v0.7.0
  [189a3867] + Reexport v0.2.0
  [79098fc4] + Rmath v0.6.0
  [321657f4] + ScientificTypes v0.5.1
  [a2af1166] + SortingAlgorithms v0.3.1
  [276daf66] + SpecialFunctions v0.9.0
  [90137ffa] + StaticArrays v0.12.1
  [2913bbd2] + StatsBase v0.32.0
  [4c63d2b9] + StatsFuns v0.9.3
  [3783bdb8] + TableTraits v1.0.0
  [bd369af6] + Tables v0.2.11
  [2a0f44e3] + Base64 
  [ade2ca70] + Dates 
  [8bb1440f] + DelimitedFiles 
  [8ba89e20] + Distributed 
  [9fa8497b] + Future 
  [b77e0a4c] + InteractiveUtils 
  [76f85450] + LibGit2 
  [8f399da3] + Libdl 
  [37e2e46d] + LinearAlgebra 
  [56ddb016] + Logging 
  [d6f4376e] + Markdown 
  [a63ad114] + Mmap 
  [44cfe95a] + Pkg 
  [de0858da] + Printf 
  [3fa0cd96] + REPL 
  [9a3f8284] + Random 
  [ea8e919c] + SHA 
  [9e88b42a] + Serialization 
  [1a1011a3] + SharedArrays 
  [6462fe0b] + Sockets 
  [2f01184e] + SparseArrays 
  [10745b16] + Statistics 
  [4607b0f0] + SuiteSparse 
  [8dfed614] + Test 
  [cf7118a7] + UUIDs 
  [4ec0a83e] + Unicode 
  Building Rmath → `~/.julia/packages/Rmath/BoBag/deps/build.log`
   Testing EvoTrees
    Status `/tmp/jl_Y8WpkL/Manifest.toml`
  [7d9fca2a] Arpack v0.4.0
  [68821587] Arpack_jll v3.5.0+2
  [b99e7846] BinaryProvider v0.5.8
  [324d7699] CategoricalArrays v0.7.7
  [3da002f7] ColorTypes v0.8.1
  [34da2185] Compat v3.2.0
  [ed09eef8] ComputationalResources v0.3.0
  [a8cc5b0e] Crayons v4.0.1
  [9a962f9c] DataAPI v1.1.0
  [864edb3b] DataStructures v0.17.9
  [e2d170a0] DataValueInterfaces v1.0.0
  [31c24e10] Distributions v0.21.12
  [f6006082] EvoTrees v0.4.1
  [1a297f60] FillArrays v0.8.4
  [53c48c17] FixedPointNumbers v0.7.1
  [59287772] Formatting v0.4.1
  [41ab1584] InvertedIndices v1.0.0
  [82899510] IteratorInterfaceExtensions v1.0.0
  [682c06a0] JSON v0.21.0
  [7f8f8fb0] LearnBase v0.2.2
  [30fc2ffe] LossFunctions v0.5.1
  [a7f614a8] MLJBase v0.10.1
  [e1d29d7a] Missings v0.4.3
  [4536629a] OpenBLAS_jll v0.3.7+5
  [efe28fd5] OpenSpecFun_jll v0.5.3+1
  [bac558e1] OrderedCollections v1.1.0
  [90014a1f] PDMats v0.9.11
  [d96e819e] Parameters v0.12.0
  [69de0a69] Parsers v0.3.11
  [08abe8d2] PrettyTables v0.6.0
  [92933f4c] ProgressMeter v1.2.0
  [1fd47b50] QuadGK v2.3.1
  [3cdcf5f2] RecipesBase v0.7.0
  [189a3867] Reexport v0.2.0
  [79098fc4] Rmath v0.6.0
  [321657f4] ScientificTypes v0.5.1
  [a2af1166] SortingAlgorithms v0.3.1
  [276daf66] SpecialFunctions v0.9.0
  [90137ffa] StaticArrays v0.12.1
  [2913bbd2] StatsBase v0.32.0
  [4c63d2b9] StatsFuns v0.9.3
  [3783bdb8] TableTraits v1.0.0
  [bd369af6] Tables v0.2.11
  [2a0f44e3] Base64  [`@stdlib/Base64`]
  [ade2ca70] Dates  [`@stdlib/Dates`]
  [8bb1440f] DelimitedFiles  [`@stdlib/DelimitedFiles`]
  [8ba89e20] Distributed  [`@stdlib/Distributed`]
  [9fa8497b] Future  [`@stdlib/Future`]
  [b77e0a4c] InteractiveUtils  [`@stdlib/InteractiveUtils`]
  [76f85450] LibGit2  [`@stdlib/LibGit2`]
  [8f399da3] Libdl  [`@stdlib/Libdl`]
  [37e2e46d] LinearAlgebra  [`@stdlib/LinearAlgebra`]
  [56ddb016] Logging  [`@stdlib/Logging`]
  [d6f4376e] Markdown  [`@stdlib/Markdown`]
  [a63ad114] Mmap  [`@stdlib/Mmap`]
  [44cfe95a] Pkg  [`@stdlib/Pkg`]
  [de0858da] Printf  [`@stdlib/Printf`]
  [3fa0cd96] REPL  [`@stdlib/REPL`]
  [9a3f8284] Random  [`@stdlib/Random`]
  [ea8e919c] SHA  [`@stdlib/SHA`]
  [9e88b42a] Serialization  [`@stdlib/Serialization`]
  [1a1011a3] SharedArrays  [`@stdlib/SharedArrays`]
  [6462fe0b] Sockets  [`@stdlib/Sockets`]
  [2f01184e] SparseArrays  [`@stdlib/SparseArrays`]
  [10745b16] Statistics  [`@stdlib/Statistics`]
  [4607b0f0] SuiteSparse  [`@stdlib/SuiteSparse`]
  [8dfed614] Test  [`@stdlib/Test`]
  [cf7118a7] UUIDs  [`@stdlib/UUIDs`]
  [4ec0a83e] Unicode  [`@stdlib/Unicode`]
"iter:25, eval: 0.16288370262970048""iter:50, eval: 0.11404821787311237""iter:75, eval: 0.09979996977798768""iter:100, eval: 0.09593822217361973"  7.837706 seconds (8.36 M allocations: 458.929 MiB, 2.53% gc time)
  2.132927 seconds (2.23 M allocations: 121.821 MiB, 3.08% gc time)
  0.007644 seconds (1.80 k allocations: 177.109 KiB)
"iter:25, eval: 0.5549334311851236""iter:50, eval: 0.4931216120827224""iter:75, eval: 0.4614181502598802""iter:100, eval: 0.4438160868395974"  1.997398 seconds (970.21 k allocations: 92.393 MiB, 2.76% gc time)
  0.227990 seconds (270.13 k allocations: 12.598 MiB, 3.98% gc time)
"iter:25, eval: 0.14416886098968998""iter:50, eval: 0.12093598963553791""iter:75, eval: 0.10835649355256426""iter:100, eval: 0.1006857764223847"  1.616203 seconds (1.07 M allocations: 93.301 MiB, 1.81% gc time)
  0.154986 seconds (178.41 k allocations: 8.270 MiB)
"iter:25, eval: 0.24354801898188563""iter:50, eval: 0.19363236433694436""iter:75, eval: 0.16173390093469367""iter:100, eval: 0.13951533425305035"  1.977239 seconds (1.14 M allocations: 95.431 MiB, 1.58% gc time)
  0.104551 seconds (1.76 k allocations: 223.250 KiB)
"iter:25, eval: 0.09048713441961596""iter:50, eval: 0.06388505313250659""iter:75, eval: 0.05345743098924107""iter:100, eval: 0.0489294463589613"  2.897232 seconds (1.91 M allocations: 124.085 MiB, 1.48% gc time)
  0.017436 seconds (1.74 k allocations: 222.891 KiB)
"iter:25, eval: -1.1523303481923945""iter:50, eval: -1.5962799539768808""iter:75, eval: -1.8536459830904546""iter:100, eval: -1.9837692602640051"  3.457906 seconds (2.94 M allocations: 210.026 MiB, 2.31% gc time)
  0.615016 seconds (637.02 k allocations: 31.718 MiB, 2.58% gc time)
   Testing EvoTrees tests passed 
