Julia Version 1.4.0-rc1.21
Commit 113211dee6 (2020-02-06 08:37 UTC)
Platform Info:
  OS: Linux (x86_64-linux-gnu)
  CPU: Intel(R) Xeon(R) Silver 4114 CPU @ 2.20GHz
  WORD_SIZE: 64
  LIBM: libopenlibm
  LLVM: libLLVM-8.0.1 (ORCJIT, skylake)
Environment:
  JULIA_DEPOT_PATH = ::/usr/local/share/julia
  JULIA_NUM_THREADS = 2

  Resolving package versions...
  Installed Formatting ────────────────── v0.4.1
  Installed DataAPI ───────────────────── v1.1.0
  Installed EvoTrees ──────────────────── v0.4.1
  Installed Arpack ────────────────────── v0.4.0
  Installed ColorTypes ────────────────── v0.8.1
  Installed SpecialFunctions ──────────── v0.9.0
  Installed QuadGK ────────────────────── v2.3.1
  Installed ScientificTypes ───────────── v0.5.1
  Installed TableTraits ───────────────── v1.0.0
  Installed Parameters ────────────────── v0.12.0
  Installed Arpack_jll ────────────────── v3.5.0+2
  Installed LearnBase ─────────────────── v0.2.2
  Installed Compat ────────────────────── v3.2.0
  Installed InvertedIndices ───────────── v1.0.0
  Installed Reexport ──────────────────── v0.2.0
  Installed ProgressMeter ─────────────── v1.2.0
  Installed FillArrays ────────────────── v0.8.4
  Installed ComputationalResources ────── v0.3.0
  Installed MLJBase ───────────────────── v0.10.1
  Installed Distributions ─────────────── v0.21.12
  Installed FixedPointNumbers ─────────── v0.7.1
  Installed PrettyTables ──────────────── v0.6.0
  Installed Missings ──────────────────── v0.4.3
  Installed PDMats ────────────────────── v0.9.11
  Installed DataValueInterfaces ───────── v1.0.0
  Installed OrderedCollections ────────── v1.1.0
  Installed RecipesBase ───────────────── v0.7.0
  Installed StaticArrays ──────────────── v0.12.1
  Installed StatsBase ─────────────────── v0.32.0
  Installed Parsers ───────────────────── v0.3.11
  Installed Tables ────────────────────── v0.2.11
  Installed StatsFuns ─────────────────── v0.9.3
  Installed CategoricalArrays ─────────── v0.7.7
  Installed Crayons ───────────────────── v4.0.1
  Installed IteratorInterfaceExtensions ─ v1.0.0
  Installed BinaryProvider ────────────── v0.5.8
  Installed LossFunctions ─────────────── v0.5.1
  Installed JSON ──────────────────────── v0.21.0
  Installed Rmath ─────────────────────── v0.6.0
  Installed OpenSpecFun_jll ───────────── v0.5.3+1
  Installed OpenBLAS_jll ──────────────── v0.3.7+5
  Installed DataStructures ────────────── v0.17.9
  Installed SortingAlgorithms ─────────── v0.3.1
#=#=#                                                                         ##O#- #                                                                       #######                                                                   10.9%######################################################################## 100.0%
#=#=#                                                                         #####                                                                      7.1%######################################################################## 100.0%
#=#=#                                                                         ##O#- #                                                                       ###                                                                        4.9%####################################                                      51.0%######################################################################## 100.0%
   Updating `~/.julia/environments/v1.4/Project.toml`
  [f6006082] + EvoTrees v0.4.1
   Updating `~/.julia/environments/v1.4/Manifest.toml`
  [7d9fca2a] + Arpack v0.4.0
  [68821587] + Arpack_jll v3.5.0+2
  [b99e7846] + BinaryProvider v0.5.8
  [324d7699] + CategoricalArrays v0.7.7
  [3da002f7] + ColorTypes v0.8.1
  [34da2185] + Compat v3.2.0
  [ed09eef8] + ComputationalResources v0.3.0
  [a8cc5b0e] + Crayons v4.0.1
  [9a962f9c] + DataAPI v1.1.0
  [864edb3b] + DataStructures v0.17.9
  [e2d170a0] + DataValueInterfaces v1.0.0
  [31c24e10] + Distributions v0.21.12
  [f6006082] + EvoTrees v0.4.1
  [1a297f60] + FillArrays v0.8.4
  [53c48c17] + FixedPointNumbers v0.7.1
  [59287772] + Formatting v0.4.1
  [41ab1584] + InvertedIndices v1.0.0
  [82899510] + IteratorInterfaceExtensions v1.0.0
  [682c06a0] + JSON v0.21.0
  [7f8f8fb0] + LearnBase v0.2.2
  [30fc2ffe] + LossFunctions v0.5.1
  [a7f614a8] + MLJBase v0.10.1
  [e1d29d7a] + Missings v0.4.3
  [4536629a] + OpenBLAS_jll v0.3.7+5
  [efe28fd5] + OpenSpecFun_jll v0.5.3+1
  [bac558e1] + OrderedCollections v1.1.0
  [90014a1f] + PDMats v0.9.11
  [d96e819e] + Parameters v0.12.0
  [69de0a69] + Parsers v0.3.11
  [08abe8d2] + PrettyTables v0.6.0
  [92933f4c] + ProgressMeter v1.2.0
  [1fd47b50] + QuadGK v2.3.1
  [3cdcf5f2] + RecipesBase v0.7.0
  [189a3867] + Reexport v0.2.0
  [79098fc4] + Rmath v0.6.0
  [321657f4] + ScientificTypes v0.5.1
  [a2af1166] + SortingAlgorithms v0.3.1
  [276daf66] + SpecialFunctions v0.9.0
  [90137ffa] + StaticArrays v0.12.1
  [2913bbd2] + StatsBase v0.32.0
  [4c63d2b9] + StatsFuns v0.9.3
  [3783bdb8] + TableTraits v1.0.0
  [bd369af6] + Tables v0.2.11
  [2a0f44e3] + Base64 
  [ade2ca70] + Dates 
  [8bb1440f] + DelimitedFiles 
  [8ba89e20] + Distributed 
  [9fa8497b] + Future 
  [b77e0a4c] + InteractiveUtils 
  [76f85450] + LibGit2 
  [8f399da3] + Libdl 
  [37e2e46d] + LinearAlgebra 
  [56ddb016] + Logging 
  [d6f4376e] + Markdown 
  [a63ad114] + Mmap 
  [44cfe95a] + Pkg 
  [de0858da] + Printf 
  [3fa0cd96] + REPL 
  [9a3f8284] + Random 
  [ea8e919c] + SHA 
  [9e88b42a] + Serialization 
  [1a1011a3] + SharedArrays 
  [6462fe0b] + Sockets 
  [2f01184e] + SparseArrays 
  [10745b16] + Statistics 
  [4607b0f0] + SuiteSparse 
  [8dfed614] + Test 
  [cf7118a7] + UUIDs 
  [4ec0a83e] + Unicode 
   Building Rmath → `~/.julia/packages/Rmath/BoBag/deps/build.log`
    Testing EvoTrees
Status `/tmp/jl_zCrMTx/Manifest.toml`
  [7d9fca2a] Arpack v0.4.0
  [68821587] Arpack_jll v3.5.0+2
  [b99e7846] BinaryProvider v0.5.8
  [324d7699] CategoricalArrays v0.7.7
  [3da002f7] ColorTypes v0.8.1
  [34da2185] Compat v3.2.0
  [ed09eef8] ComputationalResources v0.3.0
  [a8cc5b0e] Crayons v4.0.1
  [9a962f9c] DataAPI v1.1.0
  [864edb3b] DataStructures v0.17.9
  [e2d170a0] DataValueInterfaces v1.0.0
  [31c24e10] Distributions v0.21.12
  [f6006082] EvoTrees v0.4.1
  [1a297f60] FillArrays v0.8.4
  [53c48c17] FixedPointNumbers v0.7.1
  [59287772] Formatting v0.4.1
  [41ab1584] InvertedIndices v1.0.0
  [82899510] IteratorInterfaceExtensions v1.0.0
  [682c06a0] JSON v0.21.0
  [7f8f8fb0] LearnBase v0.2.2
  [30fc2ffe] LossFunctions v0.5.1
  [a7f614a8] MLJBase v0.10.1
  [e1d29d7a] Missings v0.4.3
  [4536629a] OpenBLAS_jll v0.3.7+5
  [efe28fd5] OpenSpecFun_jll v0.5.3+1
  [bac558e1] OrderedCollections v1.1.0
  [90014a1f] PDMats v0.9.11
  [d96e819e] Parameters v0.12.0
  [69de0a69] Parsers v0.3.11
  [08abe8d2] PrettyTables v0.6.0
  [92933f4c] ProgressMeter v1.2.0
  [1fd47b50] QuadGK v2.3.1
  [3cdcf5f2] RecipesBase v0.7.0
  [189a3867] Reexport v0.2.0
  [79098fc4] Rmath v0.6.0
  [321657f4] ScientificTypes v0.5.1
  [a2af1166] SortingAlgorithms v0.3.1
  [276daf66] SpecialFunctions v0.9.0
  [90137ffa] StaticArrays v0.12.1
  [2913bbd2] StatsBase v0.32.0
  [4c63d2b9] StatsFuns v0.9.3
  [3783bdb8] TableTraits v1.0.0
  [bd369af6] Tables v0.2.11
  [2a0f44e3] Base64 
  [ade2ca70] Dates 
  [8bb1440f] DelimitedFiles 
  [8ba89e20] Distributed 
  [9fa8497b] Future 
  [b77e0a4c] InteractiveUtils 
  [76f85450] LibGit2 
  [8f399da3] Libdl 
  [37e2e46d] LinearAlgebra 
  [56ddb016] Logging 
  [d6f4376e] Markdown 
  [a63ad114] Mmap 
  [44cfe95a] Pkg 
  [de0858da] Printf 
  [3fa0cd96] REPL 
  [9a3f8284] Random 
  [ea8e919c] SHA 
  [9e88b42a] Serialization 
  [1a1011a3] SharedArrays 
  [6462fe0b] Sockets 
  [2f01184e] SparseArrays 
  [10745b16] Statistics 
  [4607b0f0] SuiteSparse 
  [8dfed614] Test 
  [cf7118a7] UUIDs 
  [4ec0a83e] Unicode 
"iter:25, eval: 0.1641088313737512""iter:50, eval: 0.1140221677572731""iter:75, eval: 0.09963522898538088""iter:100, eval: 0.09552605688266193"  9.457154 seconds (8.69 M allocations: 486.855 MiB, 2.40% gc time)
  1.788094 seconds (2.03 M allocations: 110.868 MiB, 2.47% gc time)
  0.011026 seconds (1.43 k allocations: 171.109 KiB)
"iter:25, eval: 0.5549471804156662""iter:50, eval: 0.4932249237724789""iter:75, eval: 0.4613931711811929""iter:100, eval: 0.4435566946151031"  1.665074 seconds (962.74 k allocations: 92.436 MiB, 1.89% gc time)
  0.222915 seconds (269.79 k allocations: 12.583 MiB)
"iter:25, eval: 0.1439348409863048""iter:50, eval: 0.12082737140410305""iter:75, eval: 0.10828775046567216""iter:100, eval: 0.10092242378734118"  1.687810 seconds (1.06 M allocations: 92.812 MiB, 2.51% gc time)
  0.180078 seconds (176.93 k allocations: 8.205 MiB, 5.30% gc time)
"iter:25, eval: 0.2464794237107659""iter:50, eval: 0.19392204146501432""iter:75, eval: 0.16027482721685593""iter:100, eval: 0.13864459725784456"  1.532369 seconds (1.13 M allocations: 95.718 MiB, 1.81% gc time)
  0.026878 seconds (1.43 k allocations: 217.938 KiB)
"iter:25, eval: 0.090098498434822""iter:50, eval: 0.06433804043198751""iter:75, eval: 0.0532786192468686""iter:100, eval: 0.048532732559325525"  3.120017 seconds (1.90 M allocations: 123.512 MiB, 1.37% gc time)
  0.017172 seconds (1.43 k allocations: 217.922 KiB)
"iter:25, eval: -1.1491523911765658""iter:50, eval: -1.5901172984243193""iter:75, eval: -1.868335408329027""iter:100, eval: -2.0266559532176456"  3.833422 seconds (2.92 M allocations: 209.137 MiB, 2.82% gc time)
  0.701225 seconds (640.45 k allocations: 31.940 MiB)
    Testing EvoTrees tests passed 
