Current time is 2020-10-25T22:54:20.784
Julia Version 1.5.3-pre.13
Commit 3de1115e9c (2020-10-23 21:58 UTC)
Platform Info:
  OS: Linux (x86_64-linux-gnu)
  CPU: AMD EPYC 7502 32-Core Processor
  WORD_SIZE: 64
  LIBM: libopenlibm
  LLVM: libLLVM-9.0.1 (ORCJIT, znver2)
Environment:
  JULIA_DEPOT_PATH = ::/usr/local/share/julia
  JULIA_NUM_THREADS = 2
  JULIA_MAX_NUM_PRECOMPILE_FILES = 9223372036854775807
  JULIA_PKG_SERVER = 

Starting installation at 2020-10-25T22:54:23.847
  Resolving package versions...
  Installed PrettyPrint ────────── v0.2.0
  Installed OrderedCollections ─── v1.3.1
  Installed NameResolution ─────── v0.1.5
  Installed CanonicalTraits ────── v0.2.3
  Installed JuliaVariables ─────── v0.2.3
  Installed DataStructures ─────── v0.18.8
  Installed GeneralizedGenerated ─ v0.2.8
  Installed MLStyle ────────────── v0.4.6
  Installed Compat ─────────────── v3.22.0
Updating `~/.julia/environments/v1.5/Project.toml`
  [6b9d7cbe] + GeneralizedGenerated v0.2.8
Updating `~/.julia/environments/v1.5/Manifest.toml`
  [a603d957] + CanonicalTraits v0.2.3
  [34da2185] + Compat v3.22.0
  [864edb3b] + DataStructures v0.18.8
  [6b9d7cbe] + GeneralizedGenerated v0.2.8
  [b14d175d] + JuliaVariables v0.2.3
  [d8e11817] + MLStyle v0.4.6
  [71a1bf82] + NameResolution v0.1.5
  [bac558e1] + OrderedCollections v1.3.1
  [8162dcfd] + PrettyPrint v0.2.0
  [2a0f44e3] + Base64
  [ade2ca70] + Dates
  [8bb1440f] + DelimitedFiles
  [8ba89e20] + Distributed
  [b77e0a4c] + InteractiveUtils
  [76f85450] + LibGit2
  [8f399da3] + Libdl
  [37e2e46d] + LinearAlgebra
  [56ddb016] + Logging
  [d6f4376e] + Markdown
  [a63ad114] + Mmap
  [44cfe95a] + Pkg
  [de0858da] + Printf
  [3fa0cd96] + REPL
  [9a3f8284] + Random
  [ea8e919c] + SHA
  [9e88b42a] + Serialization
  [1a1011a3] + SharedArrays
  [6462fe0b] + Sockets
  [2f01184e] + SparseArrays
  [10745b16] + Statistics
  [8dfed614] + Test
  [cf7118a7] + UUIDs
  [4ec0a83e] + Unicode
Starting tests at 2020-10-25T22:54:28.394
    Testing GeneralizedGenerated
Status `/tmp/jl_1nrNJ0/Project.toml`
  [6e4b80f9] BenchmarkTools v0.5.0
  [a603d957] CanonicalTraits v0.2.3
  [864edb3b] DataStructures v0.18.8
  [6b9d7cbe] GeneralizedGenerated v0.2.8
  [b14d175d] JuliaVariables v0.2.3
  [d8e11817] MLStyle v0.4.6
  [8dfed614] Test
Status `/tmp/jl_1nrNJ0/Manifest.toml`
  [6e4b80f9] BenchmarkTools v0.5.0
  [a603d957] CanonicalTraits v0.2.3
  [34da2185] Compat v3.22.0
  [864edb3b] DataStructures v0.18.8
  [6b9d7cbe] GeneralizedGenerated v0.2.8
  [682c06a0] JSON v0.21.1
  [b14d175d] JuliaVariables v0.2.3
  [d8e11817] MLStyle v0.4.6
  [71a1bf82] NameResolution v0.1.5
  [bac558e1] OrderedCollections v1.3.1
  [69de0a69] Parsers v1.0.11
  [8162dcfd] PrettyPrint v0.2.0
  [2a0f44e3] Base64
  [ade2ca70] Dates
  [8bb1440f] DelimitedFiles
  [8ba89e20] Distributed
  [b77e0a4c] InteractiveUtils
  [76f85450] LibGit2
  [8f399da3] Libdl
  [37e2e46d] LinearAlgebra
  [56ddb016] Logging
  [d6f4376e] Markdown
  [a63ad114] Mmap
  [44cfe95a] Pkg
  [de0858da] Printf
  [3fa0cd96] REPL
  [9a3f8284] Random
  [ea8e919c] SHA
  [9e88b42a] Serialization
  [1a1011a3] SharedArrays
  [6462fe0b] Sockets
  [2f01184e] SparseArrays
  [10745b16] Statistics
  [8dfed614] Test
  [cf7118a7] UUIDs
  [4ec0a83e] Unicode
Test Summary: | Pass  Total
no kwargs     |    3      3
Test Summary: | Pass  Total
kwargs        |    1      1
Test Summary: | Pass  Total
namedtuple    |    1      1
Test Summary: | Pass  Total
mk funcs      |    2      2
Test Summary:                | Pass  Total
type encoding more datatypes |    5      5
Test Summary: | Pass  Total
runtime eval  |    6      6
Test Summary:  | Pass  Total
self recursive |    1      1
Test Summary:  | Pass  Total
self recursive |    1      1
Test Summary:                                             | Pass  Total
support where clauses and return type annotations for @gg |    3      3
Test Summary:             | Pass  Total
support default arguments |    1      1
Test Summary:                 | Pass  Total
specifying evaluation modules |    3      3
Test Summary:                       | Pass  Total
test free variables of let bindings |    1      1
function = (x;) -> begin
    begin
        (GeneralizedGenerated).:+(x, 1)
    end
end
function = (x::(GeneralizedGenerated).Int=2;) -> begin
    begin
        (GeneralizedGenerated).:+(x, 1)
    end
end
Test Summary:  | Pass  Total
show something |    2      2
Test Summary:          | Pass  Total
omit func argname: #34 |    2      2
Test Summary:                              |
support for 1-d arrays' type encoding: #42 | No tests
Test Summary:              | Pass  Total
#54: fastmath/typeable Val |    2      2
    Testing GeneralizedGenerated tests passed 
Finished at 2020-10-25T22:56:42.969
