Julia Version 1.3.1-pre.13
Commit 8639e5771d (2019-12-07 10:31 UTC)
Platform Info:
  OS: Linux (x86_64-linux-gnu)
  CPU: Intel(R) Xeon(R) Silver 4114 CPU @ 2.20GHz
  WORD_SIZE: 64
  LIBM: libopenlibm
  LLVM: libLLVM-6.0.1 (ORCJIT, skylake)

   Cloning default registries into `~/.julia`
   Cloning registry from "https://github.com/JuliaRegistries/General.git"
[?25l    Fetching: [>                                        ]  0.0 %    Fetching: [=============>                           ]  32.0 %    Fetching: [==============================>          ]  72.8 %[2K[?25h     Added registry `General` to `~/.julia/registries/General`
 Resolving package versions...
 Installed RecipesBase ───────── v0.7.0
 Installed WoodburyMatrices ──── v0.4.1
 Installed OffsetArrays ──────── v0.11.2
 Installed Conda ─────────────── v1.3.0
 Installed StaticArrays ──────── v0.12.1
 Installed JSON ──────────────── v0.21.0
 Installed SeisReconstruction ── v0.1.0
 Installed DocStringExtensions ─ v0.8.1
 Installed SpecialFunctions ──── v0.9.0
 Installed Ratios ────────────── v0.3.1
 Installed BinaryProvider ────── v0.5.8
 Installed VersionParsing ────── v1.1.3
 Installed DocumenterTools ───── v0.1.3
 Installed Requires ──────────── v0.5.2
 Installed FFTW ──────────────── v1.1.0
 Installed Compat ────────────── v2.2.0
 Installed AxisAlgorithms ────── v1.0.0
 Installed Sass ──────────────── v0.1.0
 Installed AbstractFFTs ──────── v0.5.0
 Installed Polynomials ───────── v0.6.0
 Installed Parsers ───────────── v0.3.10
 Installed Reexport ──────────── v0.2.0
 Installed DSP ───────────────── v0.6.2
 Installed OpenSpecFun_jll ───── v0.5.3+1
 Installed Documenter ────────── v0.23.4
 Installed Interpolations ────── v0.12.5
  Updating `~/.julia/environments/v1.3/Project.toml`
  [fc1ed427] + SeisReconstruction v0.1.0
  Updating `~/.julia/environments/v1.3/Manifest.toml`
  [621f4979] + AbstractFFTs v0.5.0
  [13072b0f] + AxisAlgorithms v1.0.0
  [b99e7846] + BinaryProvider v0.5.8
  [34da2185] + Compat v2.2.0
  [8f4d0f93] + Conda v1.3.0
  [717857b8] + DSP v0.6.2
  [ffbed154] + DocStringExtensions v0.8.1
  [e30172f5] + Documenter v0.23.4
  [35a29f4d] + DocumenterTools v0.1.3
  [7a1cc6ca] + FFTW v1.1.0
  [a98d9a8b] + Interpolations v0.12.5
  [682c06a0] + JSON v0.21.0
  [6fe1bfb0] + OffsetArrays v0.11.2
  [efe28fd5] + OpenSpecFun_jll v0.5.3+1
  [69de0a69] + Parsers v0.3.10
  [f27b6e38] + Polynomials v0.6.0
  [c84ed2f1] + Ratios v0.3.1
  [3cdcf5f2] + RecipesBase v0.7.0
  [189a3867] + Reexport v0.2.0
  [ae029012] + Requires v0.5.2
  [322a6be2] + Sass v0.1.0
  [fc1ed427] + SeisReconstruction v0.1.0
  [276daf66] + SpecialFunctions v0.9.0
  [90137ffa] + StaticArrays v0.12.1
  [81def892] + VersionParsing v1.1.3
  [efce3f68] + WoodburyMatrices v0.4.1
  [2a0f44e3] + Base64 
  [ade2ca70] + Dates 
  [8bb1440f] + DelimitedFiles 
  [8ba89e20] + Distributed 
  [7b1f6079] + FileWatching 
  [b77e0a4c] + InteractiveUtils 
  [76f85450] + LibGit2 
  [8f399da3] + Libdl 
  [37e2e46d] + LinearAlgebra 
  [56ddb016] + Logging 
  [d6f4376e] + Markdown 
  [a63ad114] + Mmap 
  [44cfe95a] + Pkg 
  [de0858da] + Printf 
  [3fa0cd96] + REPL 
  [9a3f8284] + Random 
  [ea8e919c] + SHA 
  [9e88b42a] + Serialization 
  [1a1011a3] + SharedArrays 
  [6462fe0b] + Sockets 
  [2f01184e] + SparseArrays 
  [10745b16] + Statistics 
  [8dfed614] + Test 
  [cf7118a7] + UUIDs 
  [4ec0a83e] + Unicode 
  Building Conda → `~/.julia/packages/Conda/kLXeC/deps/build.log`
  Building FFTW ─→ `~/.julia/packages/FFTW/loJ3F/deps/build.log`
  Building Sass ─→ `~/.julia/packages/Sass/EZMlY/deps/build.log`
   Testing SeisReconstruction
    Status `/tmp/jl_W27jRl/Manifest.toml`
  [621f4979] AbstractFFTs v0.5.0
  [13072b0f] AxisAlgorithms v1.0.0
  [b99e7846] BinaryProvider v0.5.8
  [34da2185] Compat v2.2.0
  [8f4d0f93] Conda v1.3.0
  [717857b8] DSP v0.6.2
  [ffbed154] DocStringExtensions v0.8.1
  [e30172f5] Documenter v0.23.4
  [35a29f4d] DocumenterTools v0.1.3
  [7a1cc6ca] FFTW v1.1.0
  [a98d9a8b] Interpolations v0.12.5
  [682c06a0] JSON v0.21.0
  [6fe1bfb0] OffsetArrays v0.11.2
  [efe28fd5] OpenSpecFun_jll v0.5.3+1
  [69de0a69] Parsers v0.3.10
  [f27b6e38] Polynomials v0.6.0
  [c84ed2f1] Ratios v0.3.1
  [3cdcf5f2] RecipesBase v0.7.0
  [189a3867] Reexport v0.2.0
  [ae029012] Requires v0.5.2
  [322a6be2] Sass v0.1.0
  [fc1ed427] SeisReconstruction v0.1.0
  [276daf66] SpecialFunctions v0.9.0
  [90137ffa] StaticArrays v0.12.1
  [81def892] VersionParsing v1.1.3
  [efce3f68] WoodburyMatrices v0.4.1
  [2a0f44e3] Base64  [`@stdlib/Base64`]
  [ade2ca70] Dates  [`@stdlib/Dates`]
  [8bb1440f] DelimitedFiles  [`@stdlib/DelimitedFiles`]
  [8ba89e20] Distributed  [`@stdlib/Distributed`]
  [7b1f6079] FileWatching  [`@stdlib/FileWatching`]
  [b77e0a4c] InteractiveUtils  [`@stdlib/InteractiveUtils`]
  [76f85450] LibGit2  [`@stdlib/LibGit2`]
  [8f399da3] Libdl  [`@stdlib/Libdl`]
  [37e2e46d] LinearAlgebra  [`@stdlib/LinearAlgebra`]
  [56ddb016] Logging  [`@stdlib/Logging`]
  [d6f4376e] Markdown  [`@stdlib/Markdown`]
  [a63ad114] Mmap  [`@stdlib/Mmap`]
  [44cfe95a] Pkg  [`@stdlib/Pkg`]
  [de0858da] Printf  [`@stdlib/Printf`]
  [3fa0cd96] REPL  [`@stdlib/REPL`]
  [9a3f8284] Random  [`@stdlib/Random`]
  [ea8e919c] SHA  [`@stdlib/SHA`]
  [9e88b42a] Serialization  [`@stdlib/Serialization`]
  [1a1011a3] SharedArrays  [`@stdlib/SharedArrays`]
  [6462fe0b] Sockets  [`@stdlib/Sockets`]
  [2f01184e] SparseArrays  [`@stdlib/SparseArrays`]
  [10745b16] Statistics  [`@stdlib/Statistics`]
  [8dfed614] Test  [`@stdlib/Test`]
  [cf7118a7] UUIDs  [`@stdlib/UUIDs`]
  [4ec0a83e] Unicode  [`@stdlib/Unicode`]
Quality factor = 131.5098095851571
<d_rand,d_fwd> = 24.967129
<m_rand,m_adj> = 24.967129
ERROR: LoadError: LoadError: ArgumentError: Package SeisProcessing not found in current path:
- Run `import Pkg; Pkg.add("SeisProcessing")` to install the SeisProcessing package.

Stacktrace:
 [1] require(::Module, ::Symbol) at ./loading.jl:887
 [2] include at ./boot.jl:328 [inlined]
 [3] include_relative(::Module, ::String) at ./loading.jl:1105
 [4] include(::Module, ::String) at ./Base.jl:31
 [5] include(::String) at ./client.jl:424
 [6] top-level scope at /home/pkgeval/.julia/packages/SeisReconstruction/KxOpc/test/runtests.jl:3
 [7] include at ./boot.jl:328 [inlined]
 [8] include_relative(::Module, ::String) at ./loading.jl:1105
 [9] include(::Module, ::String) at ./Base.jl:31
 [10] include(::String) at ./client.jl:424
 [11] top-level scope at none:6
in expression starting at /home/pkgeval/.julia/packages/SeisReconstruction/KxOpc/test/test_MWNI.jl:2
in expression starting at /home/pkgeval/.julia/packages/SeisReconstruction/KxOpc/test/runtests.jl:3
ERROR: Package SeisReconstruction errored during testing
Stacktrace:
 [1] pkgerror(::String, ::Vararg{String,N} where N) at /workspace/srcdir/julia/usr/share/julia/stdlib/v1.3/Pkg/src/Types.jl:113
 [2] #test#131(::Bool, ::Nothing, ::Cmd, ::Cmd, ::typeof(Pkg.Operations.test), ::Pkg.Types.Context, ::Array{Pkg.Types.PackageSpec,1}) at /workspace/srcdir/julia/usr/share/julia/stdlib/v1.3/Pkg/src/Operations.jl:1370
 [3] #test at ./none:0 [inlined]
 [4] #test#62(::Bool, ::Nothing, ::Cmd, ::Cmd, ::Base.Iterators.Pairs{Union{},Union{},Tuple{},NamedTuple{(),Tuple{}}}, ::typeof(Pkg.API.test), ::Pkg.Types.Context, ::Array{Pkg.Types.PackageSpec,1}) at /workspace/srcdir/julia/usr/share/julia/stdlib/v1.3/Pkg/src/API.jl:253
 [5] test(::Pkg.Types.Context, ::Array{Pkg.Types.PackageSpec,1}) at /workspace/srcdir/julia/usr/share/julia/stdlib/v1.3/Pkg/src/API.jl:239
 [6] #test#61 at /workspace/srcdir/julia/usr/share/julia/stdlib/v1.3/Pkg/src/API.jl:233 [inlined]
 [7] test at /workspace/srcdir/julia/usr/share/julia/stdlib/v1.3/Pkg/src/API.jl:233 [inlined]
 [8] #test#60 at /workspace/srcdir/julia/usr/share/julia/stdlib/v1.3/Pkg/src/API.jl:232 [inlined]
 [9] test at /workspace/srcdir/julia/usr/share/julia/stdlib/v1.3/Pkg/src/API.jl:232 [inlined]
 [10] #test#59(::Base.Iterators.Pairs{Union{},Union{},Tuple{},NamedTuple{(),Tuple{}}}, ::typeof(Pkg.API.test), ::String) at /workspace/srcdir/julia/usr/share/julia/stdlib/v1.3/Pkg/src/API.jl:231
 [11] test(::String) at /workspace/srcdir/julia/usr/share/julia/stdlib/v1.3/Pkg/src/API.jl:231
 [12] top-level scope at none:12
