Current time is 2020-10-25T21:16:50.673
Julia Version 1.5.3-pre.13
Commit 3de1115e9c (2020-10-23 21:58 UTC)
Platform Info:
  OS: Linux (x86_64-linux-gnu)
  CPU: AMD EPYC 7502 32-Core Processor
  WORD_SIZE: 64
  LIBM: libopenlibm
  LLVM: libLLVM-9.0.1 (ORCJIT, znver2)
Environment:
  JULIA_DEPOT_PATH = ::/usr/local/share/julia
  JULIA_NUM_THREADS = 2
  JULIA_MAX_NUM_PRECOMPILE_FILES = 9223372036854775807
  JULIA_PKG_SERVER = 

Starting installation at 2020-10-25T21:16:53.795
  Resolving package versions...
  Installed CircularArrays ─ v1.1.1
  Installed OffsetArrays ─── v1.3.1
Updating `~/.julia/environments/v1.5/Project.toml`
  [7a955b69] + CircularArrays v1.1.1
Updating `~/.julia/environments/v1.5/Manifest.toml`
  [7a955b69] + CircularArrays v1.1.1
  [6fe1bfb0] + OffsetArrays v1.3.1
Starting tests at 2020-10-25T21:16:56.634
    Testing CircularArrays
Status `/tmp/jl_sMaSa1/Project.toml`
  [7a955b69] CircularArrays v1.1.1
  [6fe1bfb0] OffsetArrays v1.3.1
  [8dfed614] Test
Status `/tmp/jl_sMaSa1/Manifest.toml`
  [7a955b69] CircularArrays v1.1.1
  [6fe1bfb0] OffsetArrays v1.3.1
  [2a0f44e3] Base64
  [8ba89e20] Distributed
  [b77e0a4c] InteractiveUtils
  [56ddb016] Logging
  [d6f4376e] Markdown
  [9a3f8284] Random
  [9e88b42a] Serialization
  [6462fe0b] Sockets
  [8dfed614] Test
WARNING: Method definition similar(CircularArrays.CircularArray{T, N, A} where A where N where T, Type{T}, Tuple{Union{Integer, Base.AbstractUnitRange{T} where T}, Vararg{Union{Integer, Base.AbstractUnitRange{T} where T}, N} where N}) where {T} in module CircularArrays at /home/pkgeval/.julia/packages/CircularArrays/g4SMt/src/CircularArrays.jl:46 overwritten at /home/pkgeval/.julia/packages/CircularArrays/g4SMt/src/CircularArrays.jl:52.
  ** incremental compilation may be fatally broken for this module **

Test Summary: | Pass  Total
construction  |    4      4
Test Summary:  | Pass  Total
type stability |   60     60
Test Summary: | Pass  Total
vector        |   16     16
Test Summary: | Pass  Total
matrix        |   11     11
Test Summary:  | Pass  Total
offset indices |   15     15
    Testing CircularArrays tests passed 
Finished at 2020-10-25T21:17:18.561
