Julia Version 1.3.2-pre.0
Commit 2e6715c045 (2019-12-31 00:49 UTC)
Platform Info:
  OS: Linux (x86_64-linux-gnu)
  CPU: Intel(R) Xeon(R) Silver 4114 CPU @ 2.20GHz
  WORD_SIZE: 64
  LIBM: libopenlibm
  LLVM: libLLVM-6.0.1 (ORCJIT, skylake)
Environment:
  JULIA_DEPOT_PATH = ::/usr/local/share/julia
  JULIA_NUM_THREADS = 2

 Resolving package versions...
 Installed CMakeWrapper ─────── v0.2.3
 Installed XMLDict ──────────── v0.4.0
 Installed Libz ─────────────── v1.0.1
 Installed Parameters ───────── v0.12.0
 Installed BinDeps ──────────── v1.0.0
 Installed BigArrays ────────── v1.3.0
 Installed BinaryProvider ───── v0.5.8
 Installed GoogleCloud ──────── v0.8.0
 Installed Parsers ──────────── v0.3.10
 Installed OrderedCollections ─ v1.1.0
 Installed Libiconv_jll ─────── v1.16.0+0
 Installed IterTools ────────── v1.3.0
 Installed HTTP ─────────────── v0.8.8
 Installed OffsetArrays ─────── v1.0.2
 Installed BufferedStreams ──── v1.0.0
 Installed SymDict ──────────── v0.3.0
 Installed IniFile ──────────── v0.5.0
 Installed TranscodingStreams ─ v0.9.5
 Installed URIParser ────────── v0.4.0
 Installed CodecZlib ────────── v0.6.0
 Installed AWSS3 ────────────── v0.6.2
 Installed Zlib_jll ─────────── v1.2.11+7
 Installed CodecZstd ────────── v0.6.1
 Installed CMake ────────────── v1.1.2
 Installed DataStructures ───── v0.17.9
 Installed Compat ───────────── v2.2.0
 Installed EzXML ────────────── v1.1.0
 Installed FilePathsBase ────── v0.6.2
 Installed MbedTLS ──────────── v0.7.0
 Installed MsgPack ──────────── v0.2.0
 Installed XML2_jll ─────────── v2.9.9+1
 Installed Blosc ────────────── v0.5.1
 Installed JSON ─────────────── v0.21.0
 Installed Retry ────────────── v0.4.0
 Installed AWSCore ──────────── v0.6.2
 Installed LazyJSON ─────────── v0.2.0
  Updating `~/.julia/environments/v1.3/Project.toml`
  [c2a8506f] + BigArrays v1.3.0
  Updating `~/.julia/environments/v1.3/Manifest.toml`
  [4f1ea46c] + AWSCore v0.6.2
  [1c724243] + AWSS3 v0.6.2
  [c2a8506f] + BigArrays v1.3.0
  [9e28174c] + BinDeps v1.0.0
  [b99e7846] + BinaryProvider v0.5.8
  [a74b3585] + Blosc v0.5.1
  [e1450e63] + BufferedStreams v1.0.0
  [631607c0] + CMake v1.1.2
  [d5fb7624] + CMakeWrapper v0.2.3
  [944b1d66] + CodecZlib v0.6.0
  [6b39b394] + CodecZstd v0.6.1
  [34da2185] + Compat v2.2.0
  [864edb3b] + DataStructures v0.17.9
  [8f5d6c58] + EzXML v1.1.0
  [48062228] + FilePathsBase v0.6.2
  [55e21f81] + GoogleCloud v0.8.0
  [cd3eb016] + HTTP v0.8.8
  [83e8ac13] + IniFile v0.5.0
  [c8e1da08] + IterTools v1.3.0
  [682c06a0] + JSON v0.21.0
  [fc18253b] + LazyJSON v0.2.0
  [94ce4f54] + Libiconv_jll v1.16.0+0
  [2ec943e9] + Libz v1.0.1
  [739be429] + MbedTLS v0.7.0
  [99f44e22] + MsgPack v0.2.0
  [6fe1bfb0] + OffsetArrays v1.0.2
  [bac558e1] + OrderedCollections v1.1.0
  [d96e819e] + Parameters v0.12.0
  [69de0a69] + Parsers v0.3.10
  [20febd7b] + Retry v0.4.0
  [2da68c74] + SymDict v0.3.0
  [3bb67fe8] + TranscodingStreams v0.9.5
  [30578b45] + URIParser v0.4.0
  [02c8fc9c] + XML2_jll v2.9.9+1
  [228000da] + XMLDict v0.4.0
  [83775a58] + Zlib_jll v1.2.11+7
  [2a0f44e3] + Base64 
  [ade2ca70] + Dates 
  [8bb1440f] + DelimitedFiles 
  [8ba89e20] + Distributed 
  [b77e0a4c] + InteractiveUtils 
  [76f85450] + LibGit2 
  [8f399da3] + Libdl 
  [37e2e46d] + LinearAlgebra 
  [56ddb016] + Logging 
  [d6f4376e] + Markdown 
  [a63ad114] + Mmap 
  [44cfe95a] + Pkg 
  [de0858da] + Printf 
  [3fa0cd96] + REPL 
  [9a3f8284] + Random 
  [ea8e919c] + SHA 
  [9e88b42a] + Serialization 
  [1a1011a3] + SharedArrays 
  [6462fe0b] + Sockets 
  [2f01184e] + SparseArrays 
  [10745b16] + Statistics 
  [8dfed614] + Test 
  [cf7118a7] + UUIDs 
  [4ec0a83e] + Unicode 
  Building CodecZstd → `~/.julia/packages/CodecZstd/zTSNC/deps/build.log`
  Building CMake ────→ `~/.julia/packages/CMake/nSK2r/deps/build.log`
  Building CodecZlib → `~/.julia/packages/CodecZlib/5t9zO/deps/build.log`
  Building MbedTLS ──→ `~/.julia/packages/MbedTLS/a1JFn/deps/build.log`
  Building Blosc ────→ `~/.julia/packages/Blosc/lzFr0/deps/build.log`
   Testing BigArrays
 Resolving package versions...
    Status `/tmp/jl_m1t5w2/Manifest.toml`
  [4f1ea46c] AWSCore v0.6.2
  [1c724243] AWSS3 v0.6.2
  [c2a8506f] BigArrays v1.3.0
  [9e28174c] BinDeps v1.0.0
  [b99e7846] BinaryProvider v0.5.8
  [a74b3585] Blosc v0.5.1
  [e1450e63] BufferedStreams v1.0.0
  [631607c0] CMake v1.1.2
  [d5fb7624] CMakeWrapper v0.2.3
  [944b1d66] CodecZlib v0.6.0
  [6b39b394] CodecZstd v0.6.1
  [34da2185] Compat v2.2.0
  [864edb3b] DataStructures v0.17.9
  [8f5d6c58] EzXML v1.1.0
  [48062228] FilePathsBase v0.6.2
  [55e21f81] GoogleCloud v0.8.0
  [cd3eb016] HTTP v0.8.8
  [83e8ac13] IniFile v0.5.0
  [c8e1da08] IterTools v1.3.0
  [682c06a0] JSON v0.21.0
  [fc18253b] LazyJSON v0.2.0
  [94ce4f54] Libiconv_jll v1.16.0+0
  [2ec943e9] Libz v1.0.1
  [739be429] MbedTLS v0.7.0
  [99f44e22] MsgPack v0.2.0
  [6fe1bfb0] OffsetArrays v1.0.2
  [bac558e1] OrderedCollections v1.1.0
  [d96e819e] Parameters v0.12.0
  [69de0a69] Parsers v0.3.10
  [20febd7b] Retry v0.4.0
  [2da68c74] SymDict v0.3.0
  [3bb67fe8] TranscodingStreams v0.9.5
  [30578b45] URIParser v0.4.0
  [02c8fc9c] XML2_jll v2.9.9+1
  [228000da] XMLDict v0.4.0
  [83775a58] Zlib_jll v1.2.11+7
  [2a0f44e3] Base64  [`@stdlib/Base64`]
  [ade2ca70] Dates  [`@stdlib/Dates`]
  [8bb1440f] DelimitedFiles  [`@stdlib/DelimitedFiles`]
  [8ba89e20] Distributed  [`@stdlib/Distributed`]
  [b77e0a4c] InteractiveUtils  [`@stdlib/InteractiveUtils`]
  [76f85450] LibGit2  [`@stdlib/LibGit2`]
  [8f399da3] Libdl  [`@stdlib/Libdl`]
  [37e2e46d] LinearAlgebra  [`@stdlib/LinearAlgebra`]
  [56ddb016] Logging  [`@stdlib/Logging`]
  [d6f4376e] Markdown  [`@stdlib/Markdown`]
  [a63ad114] Mmap  [`@stdlib/Mmap`]
  [44cfe95a] Pkg  [`@stdlib/Pkg`]
  [de0858da] Printf  [`@stdlib/Printf`]
  [3fa0cd96] REPL  [`@stdlib/REPL`]
  [9a3f8284] Random  [`@stdlib/Random`]
  [ea8e919c] SHA  [`@stdlib/SHA`]
  [9e88b42a] Serialization  [`@stdlib/Serialization`]
  [1a1011a3] SharedArrays  [`@stdlib/SharedArrays`]
  [6462fe0b] Sockets  [`@stdlib/Sockets`]
  [2f01184e] SparseArrays  [`@stdlib/SparseArrays`]
  [10745b16] Statistics  [`@stdlib/Statistics`]
  [8dfed614] Test  [`@stdlib/Test`]
  [cf7118a7] UUIDs  [`@stdlib/UUIDs`]
  [4ec0a83e] Unicode  [`@stdlib/Unicode`]
┌ Warning: did not find AWS credential! set it in environment variables.
└ @ BigArrays.S3Dicts ~/.julia/packages/BigArrays/aB3lD/src/backends/S3Dicts.jl:23
Test Summary:             | Pass  Total
test index transformation |    2      2
layerDir = "/tmp/jl_rpqdiG"
path = "/tmp/jl_2ud8O1"
Test Summary:              |
test bigarray construction | No tests
path = "/tmp/jl_rpqdiG"
a = UInt8[0xaa, 0x2e, 0x3c, 0x3c, 0xd8, 0x3d, 0x83, 0x3a, 0x64, 0xb6, 0xf7, 0x00, 0x4a, 0x52, 0x2d, 0x4f, 0x68, 0xeb, 0x8c, 0x6b]
b = UInt8[0xaa, 0x2e, 0x3c, 0x3c, 0xd8, 0x3d, 0x83, 0x3a, 0x64, 0xb6, 0xf7, 0x00, 0x4a, 0x52, 0x2d, 0x4f, 0x68, 0xeb, 0x8c, 0x6b]
Test Summary: | Pass  Total

test BinDict |    3      3
path = "/tmp/jl_rpqdiG"
info: Info{UInt8}("", 1, BigArrays.Infos.InfoScales.InfoScale[Symbol("6_6_30"), Symbol("12_12_30")], "", :image)
cutout speed: 0.6612646852421428 MB/s
Test Summary:       | Pass  Total

test file protocol |    1      1
path = "/tmp/jl_rpqdiG"
saving speed: 0.3347320950756306 MB/s
cutout speed: 0.541390487024731 MB/s
Test Summary:                                | Pass  Total

test IO of BigArray with backend of BinDict |    1      1
path = "/tmp/jl_rpqdiG"
saving speed: 6.680461123004304 MB/s
cutout speed: 31.44855586265944 MB/s
Test Summary:             | Pass  Total

test negative coordinate |    1      1
path = "/tmp/jl_rpqdiG"
saving speed: 27.658691743880514 MB/s
cutout speed: 70.09550512573381 MB/s
Test Summary:                                 | Pass  Total

test aligned IO crossing the volume boundary |    1      1
path = "/tmp/jl_rpqdiG"
saving speed: 20.931243859620867 MB/s
cutout speed: 55.63832519907526 MB/s
Test Summary:                                    | Pass  Total

test nonaligned IO crossing the volume boundary |    1      1
path = "/tmp/jl_rpqdiG"
saving speed: 1.3301365717725067 MB/s
cutout speed: 23.63193264899195 MB/s
Test Summary:                                                     | Pass  Total
test IO of BigArray with backend of BinDict with zstd compression |    1      1
path = "/tmp/jl_rpqdiG"
saving speed: 4.739392646832308 MB/s
cutout speed: 25.35496957403651 MB/s
Test Summary:                                                        | Pass  Total
test IO of BigArray with backend of BinDict with blosclz compression |    1      1
path = "/tmp/jl_rpqdiG"
saving speed: 23.1840377899816 MB/s
cutout speed: 24.853210724160427 MB/s
Test Summary:                            | Pass  Total
test dataset not aligned starting from 0 |    1      1
path = "/tmp/jl_rpqdiG"
saving speed: 22.241683695455745 MB/s
cutout speed: 23.76002376002376 MB/s
Test Summary:                                                     | Pass  Total
test dataset not aligned starting from 0 and negative coordinates |    1      1
   Testing BigArrays tests passed 
