Julia Version 1.4.2-pre.0
Commit ef4fe83698 (2020-04-15 16:24 UTC)
Platform Info:
  OS: Linux (x86_64-linux-gnu)
  CPU: Intel(R) Xeon(R) Silver 4114 CPU @ 2.20GHz
  WORD_SIZE: 64
  LIBM: libopenlibm
  LLVM: libLLVM-8.0.1 (ORCJIT, skylake)
Environment:
  JULIA_DEPOT_PATH = ::/usr/local/share/julia
  JULIA_NUM_THREADS = 2

  Resolving package versions...
  Installed IniFile ───── v0.5.0
  Installed RecipesBase ─ v0.7.0
  Installed MbedTLS_jll ─ v2.16.0+2
  Installed Parsers ───── v1.0.3
  Installed MbedTLS ───── v1.0.2
  Installed HTTP ──────── v0.8.14
  Installed JSON ──────── v0.21.0
  Installed Temporal ──── v0.7.0
   Updating `~/.julia/environments/v1.4/Project.toml`
  [a110ec8f] + Temporal v0.7.0
   Updating `~/.julia/environments/v1.4/Manifest.toml`
  [cd3eb016] + HTTP v0.8.14
  [83e8ac13] + IniFile v0.5.0
  [682c06a0] + JSON v0.21.0
  [739be429] + MbedTLS v1.0.2
  [c8ffd9c3] + MbedTLS_jll v2.16.0+2
  [69de0a69] + Parsers v1.0.3
  [3cdcf5f2] + RecipesBase v0.7.0
  [a110ec8f] + Temporal v0.7.0
  [2a0f44e3] + Base64 
  [ade2ca70] + Dates 
  [8ba89e20] + Distributed 
  [b77e0a4c] + InteractiveUtils 
  [76f85450] + LibGit2 
  [8f399da3] + Libdl 
  [37e2e46d] + LinearAlgebra 
  [56ddb016] + Logging 
  [d6f4376e] + Markdown 
  [a63ad114] + Mmap 
  [44cfe95a] + Pkg 
  [de0858da] + Printf 
  [3fa0cd96] + REPL 
  [9a3f8284] + Random 
  [ea8e919c] + SHA 
  [9e88b42a] + Serialization 
  [6462fe0b] + Sockets 
  [2f01184e] + SparseArrays 
  [10745b16] + Statistics 
  [8dfed614] + Test 
  [cf7118a7] + UUIDs 
  [4ec0a83e] + Unicode 
    Testing Temporal
Status `/tmp/jl_KmQFva/Manifest.toml`
  [cd3eb016] HTTP v0.8.14
  [83e8ac13] IniFile v0.5.0
  [682c06a0] JSON v0.21.0
  [739be429] MbedTLS v1.0.2
  [c8ffd9c3] MbedTLS_jll v2.16.0+2
  [69de0a69] Parsers v1.0.3
  [3cdcf5f2] RecipesBase v0.7.0
  [a110ec8f] Temporal v0.7.0
  [2a0f44e3] Base64 
  [ade2ca70] Dates 
  [8ba89e20] Distributed 
  [b77e0a4c] InteractiveUtils 
  [76f85450] LibGit2 
  [8f399da3] Libdl 
  [37e2e46d] LinearAlgebra 
  [56ddb016] Logging 
  [d6f4376e] Markdown 
  [a63ad114] Mmap 
  [44cfe95a] Pkg 
  [de0858da] Printf 
  [3fa0cd96] REPL 
  [9a3f8284] Random 
  [ea8e919c] SHA 
  [9e88b42a] Serialization 
  [6462fe0b] Sockets 
  [2f01184e] SparseArrays 
  [10745b16] Statistics 
  [8dfed614] Test 
  [cf7118a7] UUIDs 
  [4ec0a83e] Unicode 
252x4 TS{Float64,Date}: 2019-09-05 to 2020-05-13

Index       A       B       C       D       
2019-09-05  0.3468  0.1891  0.0287  0.2845  
2019-09-06  0.8749  0.1122  0.2622  0.7489  
2019-09-07  0.957   0.8289  0.3865  0.3006  
2019-09-08  0.5672  0.2659  0.0646  0.7835  
2019-09-09  0.3079  0.1858  0.6923  0.2549  
2019-09-10  0.8906  0.5176  0.3928  0.6803  
2019-09-11  0.5041  0.124   0.7103  0.15    
⋮
2020-05-06  0.2942  0.9012  0.4336  0.0841  
2020-05-07  0.9604  0.8023  0.8796  0.4327  
2020-05-08  0.4241  0.4406  0.1537  0.8466  
2020-05-09  0.8136  0.7879  0.5575  0.4652  
2020-05-10  0.8661  0.0428  0.4013  0.397   
2020-05-11  0.9907  0.7333  0.7133  0.917   
2020-05-12  0.8689  0.9154  0.5696  0.4918  
2020-05-13  0.6327  0.3102  0.4271  0.9688  
1x4 TS{Float64,Date}: 2019-09-05 to 2019-09-05

Index       A       B       C       D       
2019-09-05  0.0637  0.9481  0.4369  0.3093  

Test Summary:  | Pass  Total
Initialization | 1528   1528
Test Summary: | Pass  Total
Rename        |   15     15
Test Summary: | Pass  Total
Subsetting    |   83     83
Test Summary: | Pass  Total
Mutating      |   29     29
Test Summary: | Pass  Total
Combining     |   25     25
Test Summary: | Pass  Total
Operations    |   64     64
Test Summary: | Pass  Total
Filtering     |   16     16
Test Summary: | Pass  Total
OHLC          |   22     22
Test Summary: | Pass  Total
Collapsing    |   19     19
Test Summary: | Pass  Total
Conversion    |    6      6
Test Summary: | Pass  Broken  Total
Input/Output  |    6       2      8
    Testing Temporal tests passed 
