Julia Version 1.3.2-pre.0
Commit 2e6715c045 (2019-12-31 00:49 UTC)
Platform Info:
  OS: Linux (x86_64-linux-gnu)
  CPU: Intel(R) Xeon(R) Silver 4114 CPU @ 2.20GHz
  WORD_SIZE: 64
  LIBM: libopenlibm
  LLVM: libLLVM-6.0.1 (ORCJIT, skylake)
Environment:
  JULIA_DEPOT_PATH = ::/usr/local/share/julia

 Resolving package versions...
 Installed SortingAlgorithms ── v0.3.1
 Installed Missings ─────────── v0.4.3
 Installed OrderedCollections ─ v1.1.0
 Installed Parsers ──────────── v0.3.10
 Installed DataStructures ───── v0.17.6
 Installed JSON ─────────────── v0.21.0
 Installed StatsBase ────────── v0.32.0
 Installed SimilaritySearch ─── v0.3.17
 Installed DataAPI ──────────── v1.1.0
  Updating `~/.julia/environments/v1.3/Project.toml`
  [053f045d] + SimilaritySearch v0.3.17
  Updating `~/.julia/environments/v1.3/Manifest.toml`
  [9a962f9c] + DataAPI v1.1.0
  [864edb3b] + DataStructures v0.17.6
  [682c06a0] + JSON v0.21.0
  [e1d29d7a] + Missings v0.4.3
  [bac558e1] + OrderedCollections v1.1.0
  [69de0a69] + Parsers v0.3.10
  [053f045d] + SimilaritySearch v0.3.17
  [a2af1166] + SortingAlgorithms v0.3.1
  [2913bbd2] + StatsBase v0.32.0
  [2a0f44e3] + Base64 
  [ade2ca70] + Dates 
  [8ba89e20] + Distributed 
  [b77e0a4c] + InteractiveUtils 
  [8f399da3] + Libdl 
  [37e2e46d] + LinearAlgebra 
  [56ddb016] + Logging 
  [d6f4376e] + Markdown 
  [a63ad114] + Mmap 
  [de0858da] + Printf 
  [9a3f8284] + Random 
  [9e88b42a] + Serialization 
  [6462fe0b] + Sockets 
  [2f01184e] + SparseArrays 
  [10745b16] + Statistics 
  [8dfed614] + Test 
  [4ec0a83e] + Unicode 
   Testing SimilaritySearch
    Status `/tmp/jl_LnRyjw/Manifest.toml`
  [9a962f9c] DataAPI v1.1.0
  [864edb3b] DataStructures v0.17.6
  [682c06a0] JSON v0.21.0
  [e1d29d7a] Missings v0.4.3
  [bac558e1] OrderedCollections v1.1.0
  [69de0a69] Parsers v0.3.10
  [053f045d] SimilaritySearch v0.3.17
  [a2af1166] SortingAlgorithms v0.3.1
  [2913bbd2] StatsBase v0.32.0
  [2a0f44e3] Base64  [`@stdlib/Base64`]
  [ade2ca70] Dates  [`@stdlib/Dates`]
  [8ba89e20] Distributed  [`@stdlib/Distributed`]
  [b77e0a4c] InteractiveUtils  [`@stdlib/InteractiveUtils`]
  [8f399da3] Libdl  [`@stdlib/Libdl`]
  [37e2e46d] LinearAlgebra  [`@stdlib/LinearAlgebra`]
  [56ddb016] Logging  [`@stdlib/Logging`]
  [d6f4376e] Markdown  [`@stdlib/Markdown`]
  [a63ad114] Mmap  [`@stdlib/Mmap`]
  [de0858da] Printf  [`@stdlib/Printf`]
  [9a3f8284] Random  [`@stdlib/Random`]
  [9e88b42a] Serialization  [`@stdlib/Serialization`]
  [6462fe0b] Sockets  [`@stdlib/Sockets`]
  [2f01184e] SparseArrays  [`@stdlib/SparseArrays`]
  [10745b16] Statistics  [`@stdlib/Statistics`]
  [8dfed614] Test  [`@stdlib/Test`]
  [4ec0a83e] Unicode  [`@stdlib/Unicode`]
Test Summary: | Pass  Total
bit ops       |    3      3
Test Summary: | Pass  Total
Result set    |    3      3
(recall_lower_bound, dist) = (1.0, SimilaritySearch.l2_distance)
(dist, p) = (SimilaritySearch.l2_distance, PerformanceResult(1.0, 1.0, 1.0, 0.0013904889424641927, 0.003228465716044108, 301.0, 51.07040718011558))
(recall_lower_bound, dist) = (1.0, SimilaritySearch.l1_distance)
(dist, p) = (SimilaritySearch.l1_distance, PerformanceResult(1.0, 1.0, 1.0, 0.0014269272486368814, 0.0016990979512532553, 301.0, 74.50791156291962))
(recall_lower_bound, dist) = (1.0, SimilaritySearch.linf_distance)
(dist, p) = (SimilaritySearch.linf_distance, PerformanceResult(1.0, 1.0, 1.0, 0.001078629493713379, 0.0021400292714436847, 301.0, 41.5486364364624))
(recall_lower_bound, dist) = (0.1, SimilaritySearch.squared_l2_distance)
(dist, p) = (SimilaritySearch.squared_l2_distance, PerformanceResult(1.0, 1.0, 1.0, 0.0013411204020182292, 0.0017599344253540039, 301.0, 9.609761510713724))
(recall_lower_bound, dist) = (1.0, SimilaritySearch.var"#_lp#1"{Float64}(Core.Box(3.0), 0.3333333333333333))
(dist, p) = (SimilaritySearch.var"#_lp#1"{Float64}(Core.Box(3.0), 0.3333333333333333), PerformanceResult(1.0, 1.0, 1.0, 0.0019945065180460614, 0.003227965037027995, 301.0, 46.15289796888828))
(recall_lower_bound, dist) = (0.1, SimilaritySearch.var"#_lp#1"{Float64}(Core.Box(0.5), 2.0))
(dist, p) = (SimilaritySearch.var"#_lp#1"{Float64}(Core.Box(0.5), 2.0), PerformanceResult(1.0, 1.0, 1.0, 0.0009569644927978516, 0.0007872343063354492, 301.0, 185.18815490603447))
[ Info: inserting items into the index
[ Info: inserting items into the index
[ Info: Creating a pivot table with 1 pivots and distance=jaccard_distance
[ Info: inserting items into the index
[ Info: inserting items into the index
[ Info: Creating a pivot table with 1 pivots and distance=dice_distance
[ Info: inserting items into the index
[ Info: inserting items into the index
[ Info: Creating a pivot table with 1 pivots and distance=intersection_distance
[ Info: inserting items into the index
[ Info: inserting items into the index
[ Info: Creating a pivot table with 1 pivots and distance=common_prefix_distance
[ Info: inserting items into the index
[ Info: inserting items into the index
[ Info: Creating a pivot table with 1 pivots and distance=levenshtein_distance
[ Info: inserting items into the index
[ Info: inserting items into the index
[ Info: Creating a pivot table with 1 pivots and distance=lcs_distance
[ Info: inserting items into the index
[ Info: inserting items into the index
[ Info: Creating a pivot table with 1 pivots and distance=hamming_distance
p = PerformanceResult(1.0, 1.0, 1.0, 5.218187967936198e-5, 0.002892764409383138, 300.0, 29.293031704146415)
p = PerformanceResult(1.0, 1.0, 1.0, 5.314350128173828e-5, 2.693335215250651e-5, 300.0, 29.293031704146415)
p = PerformanceResult(1.0, 1.0, 1.0, 0.0013607184092203775, 0.0008798996607462565, 300.0, 1.882490923459045)
p = PerformanceResult(1.0, 1.0, 1.0, 4.314051734076606e-5, 1.7301241556803385e-5, 300.0, 1.882490923459045)
(p1, p2, p3, p4) = (PerformanceResult(1.0, 1.0, 1.0, 5.218187967936198e-5, 0.002892764409383138, 300.0, 29.293031704146415), PerformanceResult(1.0, 1.0, 1.0, 5.314350128173828e-5, 2.693335215250651e-5, 300.0, 29.293031704146415), PerformanceResult(1.0, 1.0, 1.0, 0.0013607184092203775, 0.0008798996607462565, 300.0, 1.882490923459045), PerformanceResult(1.0, 1.0, 1.0, 4.314051734076606e-5, 1.7301241556803385e-5, 300.0, 1.882490923459045))
[ Info: select_sss: db=Array{Array{UInt32,1},1}, alpha=0.35, distance=hamming_distance, shuf=false
[ Info: the maximum distance estimated as 125.0, now selecting pivots
[ Info: Creating a pivot table with 300 pivots and distance=hamming_distance
p = PerformanceResult(1.0, 1.0, 1.0, 0.005161118507385254, 0.0009402672449747722, 347.7, 28702.0)
[ Info: Creating a pivot table with 16 pivots and distance=hamming_distance
p = PerformanceResult(1.0, 1.0, 1.0, 0.0035452047983805337, 0.0007988293965657552, 304.8, 6955.0)
(recall_lower_bound, dist) = (1.0, SimilaritySearch.l2_distance)
Kvp = Kvp
[ Info: Kvp, refs=Array{Array{Float32,1},1}, k=3, numrefs=32, dist=l2_distance
(dist, p) = (SimilaritySearch.l2_distance, PerformanceResult(1.0, 1.0, 1.0, 2.109209696451823e-5, 7.5658162434895836e-6, 96.36666666666666, 51.21740510438142))
(recall_lower_bound, dist) = (1.0, SimilaritySearch.l1_distance)
Kvp = Kvp
[ Info: Kvp, refs=Array{Array{Float32,1},1}, k=3, numrefs=32, dist=l1_distance
(dist, p) = (SimilaritySearch.l1_distance, PerformanceResult(1.0, 1.0, 1.0, 1.9621849060058593e-5, 1.2660026550292969e-5, 85.9, 74.67855083942413))
(recall_lower_bound, dist) = (1.0, SimilaritySearch.linf_distance)
Kvp = Kvp
[ Info: Kvp, refs=Array{Array{Float32,1},1}, k=3, numrefs=32, dist=linf_distance
(dist, p) = (SimilaritySearch.linf_distance, PerformanceResult(1.0, 1.0, 1.0, 2.1568934122721355e-5, 1.579920450846354e-5, 88.23333333333333, 41.662487268447876))
(recall_lower_bound, dist) = (1.0, SimilaritySearch.var"#_lp#1"{Float64}(Core.Box(3.0), 0.3333333333333333))
Kvp = Kvp
[ Info: Kvp, refs=Array{Array{Float32,1},1}, k=3, numrefs=32, dist=_lp
[ Info: Kvp, refs=Array{Array{Float32,1},1}, k=3, numrefs=32, dist=_lp
(dist, p) = (SimilaritySearch.var"#_lp#1"{Float64}(Core.Box(3.0), 0.3333333333333333), PerformanceResult(1.0, 1.0, 1.0, 0.0002042690912882487, 0.0005486647288004558, 95.86666666666666, 46.28611535771627))
(recall_lower_bound, dist) = (0.1, SimilaritySearch.var"#_lp#1"{Float64}(Core.Box(0.5), 2.0))
Kvp = Kvp
(dist, p) = (SimilaritySearch.var"#_lp#1"{Float64}(Core.Box(0.5), 2.0), PerformanceResult(0.7999999999999999, 0.7999999999999999, 0.7999999999999999, 0.00015334288279215494, 0.000570972760518392, 69.96666666666667, 195.99361582772198))
[ Info: inserting items into the index
[ Info: Kvp, refs=Array{Array{Int64,1},1}, k=3, numrefs=32, dist=jaccard_distance
[ Info: inserting items into the index
[ Info: Kvp, refs=Array{Array{Int64,1},1}, k=3, numrefs=32, dist=dice_distance
[ Info: inserting items into the index
[ Info: Kvp, refs=Array{Array{Int64,1},1}, k=3, numrefs=32, dist=intersection_distance
[ Info: inserting items into the index
[ Info: Kvp, refs=Array{Array{Int64,1},1}, k=3, numrefs=32, dist=common_prefix_distance
[ Info: inserting items into the index
[ Info: Kvp, refs=Array{Array{Int64,1},1}, k=3, numrefs=32, dist=levenshtein_distance
[ Info: inserting items into the index
[ Info: Kvp, refs=Array{Array{Int64,1},1}, k=3, numrefs=32, dist=lcs_distance
[ Info: inserting items into the index
[ Info: Kvp, refs=Array{Array{Int64,1},1}, k=3, numrefs=32, dist=hamming_distance
(dist, p) = (SimilaritySearch.l2_distance, PerformanceResult(0.907714285714286, 0.9030000000000002, 0.9049411764705885, 2.8481483459472655e-5, 3.688812255859375e-5, 152.79, 49.94422586765627))
[ Info: adding more items
(dist, p) = (SimilaritySearch.l2_distance, PerformanceResult(1.0, 1.0, 1.0, 2.731800079345703e-5, 3.4220218658447266e-5, 156.23, 0.0))
(dist, p) = (SimilaritySearch.l1_distance, PerformanceResult(0.880666666666667, 0.8780000000000004, 0.8790000000000003, 2.2857189178466798e-5, 3.432035446166992e-5, 150.99, 76.56124920863658))
[ Info: adding more items
(dist, p) = (SimilaritySearch.l1_distance, PerformanceResult(1.0, 1.0, 1.0, 2.240180969238281e-5, 3.4821033477783206e-5, 154.29, 0.0))
[ Info: adding more items
(dist, p) = (SimilaritySearch.linf_distance, PerformanceResult(0.8940000000000003, 0.8810000000000003, 0.8849022556390981, 2.344846725463867e-5, 4.6410560607910155e-5, 152.59, 39.50819510407746))
(dist, p) = (SimilaritySearch.linf_distance, PerformanceResult(1.0, 1.0, 1.0, 2.346515655517578e-5, 4.2829513549804684e-5, 155.88, 0.0))
(dist, p) = (SimilaritySearch.var"#_lp#1"{Float64}(Core.Box(3.0), 0.3333333333333333), PerformanceResult(0.883, 0.873, 0.8763333333333334, 0.0003273177146911621, 0.0016489887237548827, 153.16, 45.20480423628412))
[ Info: adding more items
(dist, p) = (SimilaritySearch.var"#_lp#1"{Float64}(Core.Box(3.0), 0.3333333333333333), PerformanceResult(1.0, 1.0, 1.0, 0.00026331186294555666, 0.0017761516571044922, 156.62, 0.0))
(dist, p) = (SimilaritySearch.var"#_lp#1"{Float64}(Core.Box(0.5), 2.0), PerformanceResult(0.9540000000000002, 0.9540000000000002, 0.9540000000000002, 0.00029505014419555663, 0.001584630012512207, 167.51, 193.49735594236097))
[ Info: adding more items
(dist, p) = (SimilaritySearch.var"#_lp#1"{Float64}(Core.Box(0.5), 2.0), PerformanceResult(1.0, 1.0, 1.0, 0.00031277656555175784, 0.0016979598999023438, 172.43, 0.0))
(dist, p) = (SimilaritySearch.angle_distance, PerformanceResult(0.907714285714286, 0.9030000000000002, 0.9049411764705885, 3.0341148376464845e-5, 7.060050964355469e-5, 152.79, 49.95420835458208))
[ Info: adding more items
(dist, p) = (SimilaritySearch.angle_distance, PerformanceResult(1.0, 1.0, 1.0, 3.155946731567383e-5, 7.517099380493165e-5, 156.23, 0.01412099352455698))
[ Info: inserting items into the index
(dist, p) = (SimilaritySearch.jaccard_distance, PerformanceResult(0.7589999999999999, 0.7589999999999999, 0.7589999999999999, 0.0006644344329833985, 7.830142974853516e-5, 207.21, 192.2499999999991))
[ Info: inserting items into the index
(dist, p) = (SimilaritySearch.dice_distance, PerformanceResult(0.7589999999999999, 0.7589999999999999, 0.7589999999999999, 0.0005053400993347168, 8.232831954956055e-5, 207.21, 110.12460317460426))
[ Info: inserting items into the index
(dist, p) = (SimilaritySearch.intersection_distance, PerformanceResult(0.6689999999999998, 0.6689999999999998, 0.6689999999999998, 0.00048599958419799806, 7.473945617675782e-5, 264.23, 0.75))
[ Info: inserting items into the index
(dist, p) = (SimilaritySearch.common_prefix_distance, PerformanceResult(0.9829999999999999, 0.9829999999999999, 0.9829999999999999, 0.0004455828666687012, 2.3639202117919923e-5, 221.13, 602.4000000000066))
[ Info: inserting items into the index
(dist, p) = (SimilaritySearch.levenshtein_distance, PerformanceResult(0.5819999999999999, 0.5819999999999999, 0.5819999999999999, 0.001039137840270996, 0.00048583984375, 252.45, 2345.0))
[ Info: inserting items into the index
(dist, p) = (SimilaritySearch.lcs_distance, PerformanceResult(0.38499999999999995, 0.38499999999999995, 0.38499999999999995, 0.0005552530288696289, 0.00033164024353027344, 238.4, 3638.0))
[ Info: inserting items into the index
(dist, p) = (SimilaritySearch.hamming_distance, PerformanceResult(0.575, 0.575, NaN, 0.00048079967498779294, 3.758907318115234e-5, 248.06, 2384.0))
[ Info: inserting items to the index
==== BEGIN Opt. TIHCSearch, expected recall: 0.9, n: 9
  == Begin Opt. TIHCSearch iteration: 1, expected recall: 0.9, n: 9
    ** Opt. TIHCSearch. A new best conf was found> score: 1.8875192604006163, conf: {"ssize":1,"restarts":2,"use_local_improvement":false}, perf: {"precision":0.9212394593253965,"recall":0.9072265625,"f1":0.9122554490546217,"seconds":6.059184670448303e-6,"exhaustive_search_seconds":1.4211982488632202e-6,"evaluations":10.140625,"distances_sum":542.5925265699625}, best_list's length: 2, n: 9
    ** Opt. TIHCSearch. A new best conf was found> score: 1.8558692421991085, conf: {"ssize":1,"restarts":3,"use_local_improvement":false}, perf: {"precision":0.9214409722222218,"recall":0.9189453125,"f1":0.9182926295518201,"seconds":6.256625056266785e-6,"exhaustive_search_seconds":1.4211982488632202e-6,"evaluations":10.515625,"distances_sum":548.6221687942743}, best_list's length: 3, n: 9
  == End Opt. TIHCSearch. Iteration finished; {"score":1.8875192604006163,"state":{"ssize":1,"restarts":2,"use_local_improvement":false},"perf":{"precision":0.9212394593253965,"recall":0.9072265625,"f1":0.9122554490546217,"seconds":6.059184670448303e-6,"exhaustive_search_seconds":1.4211982488632202e-6,"evaluations":10.140625,"distances_sum":542.5925265699625}}, beam: 3, n: 9
  == Begin Opt. TIHCSearch iteration: 2, expected recall: 0.9, n: 9
  == End Opt. TIHCSearch. Iteration finished; {"score":1.8875192604006163,"state":{"ssize":1,"restarts":2,"use_local_improvement":false},"perf":{"precision":0.9212394593253965,"recall":0.9072265625,"f1":0.9122554490546217,"seconds":6.059184670448303e-6,"exhaustive_search_seconds":1.4211982488632202e-6,"evaluations":10.140625,"distances_sum":542.5925265699625}}, beam: 4, n: 9
==== END Opt. TIHCSearch. Finished, best: {"score":1.8875192604006163,"state":{"ssize":1,"restarts":2,"use_local_improvement":false},"perf":{"precision":0.9212394593253965,"recall":0.9072265625,"f1":0.9122554490546217,"seconds":6.059184670448303e-6,"exhaustive_search_seconds":1.4211982488632202e-6,"evaluations":10.140625,"distances_sum":542.5925265699625}}, n: 9
==== BEGIN Opt. TIHCSearch, expected recall: 0.9, n: 99
  == Begin Opt. TIHCSearch iteration: 1, expected recall: 0.9, n: 99
    ** Opt. TIHCSearch. A new best conf was found> score: 0.8715277777777758, conf: {"ssize":1,"restarts":3,"use_local_improvement":false}, perf: {"precision":0.9485677083333328,"recall":0.8715277777777758,"f1":0.907264859068626,"seconds":2.164021134376526e-5,"exhaustive_search_seconds":5.77978789806366e-6,"evaluations":50.03125,"distances_sum":284.1681689210236}, best_list's length: 3, n: 99
  == End Opt. TIHCSearch. Iteration finished; {"score":0.8715277777777758,"state":{"ssize":1,"restarts":3,"use_local_improvement":false},"perf":{"precision":0.9485677083333328,"recall":0.8715277777777758,"f1":0.907264859068626,"seconds":2.164021134376526e-5,"exhaustive_search_seconds":5.77978789806366e-6,"evaluations":50.03125,"distances_sum":284.1681689210236}}, beam: 3, n: 99
  == Begin Opt. TIHCSearch iteration: 2, expected recall: 0.9, n: 99
    ** Opt. TIHCSearch. A new best conf was found> score: 0.8802083333333315, conf: {"ssize":2,"restarts":3,"use_local_improvement":false}, perf: {"precision":0.9473741319444439,"recall":0.8802083333333315,"f1":0.9113562091503256,"seconds":2.053193747997284e-5,"exhaustive_search_seconds":5.77978789806366e-6,"evaluations":49.9453125,"distances_sum":284.25582721829414}, best_list's length: 4, n: 99
    ** Opt. TIHCSearch. A new best conf was found> score: 0.8836805555555536, conf: {"ssize":2,"restarts":4,"use_local_improvement":false}, perf: {"precision":0.967633928571428,"recall":0.8836805555555536,"f1":0.9226217830882338,"seconds":2.62334942817688e-5,"exhaustive_search_seconds":5.77978789806366e-6,"evaluations":58.46875,"distances_sum":282.903278850019}, best_list's length: 5, n: 99
  == End Opt. TIHCSearch. Iteration finished; {"score":0.8836805555555536,"state":{"ssize":2,"restarts":4,"use_local_improvement":false},"perf":{"precision":0.967633928571428,"recall":0.8836805555555536,"f1":0.9226217830882338,"seconds":2.62334942817688e-5,"exhaustive_search_seconds":5.77978789806366e-6,"evaluations":58.46875,"distances_sum":282.903278850019}}, beam: 4, n: 99
  == Begin Opt. TIHCSearch iteration: 3, expected recall: 0.9, n: 99
    ** Opt. TIHCSearch. A new best conf was found> score: 0.8854166666666649, conf: {"ssize":2,"restarts":5,"use_local_improvement":false}, perf: {"precision":0.962022569444444,"recall":0.8854166666666649,"f1":0.9209954554738545,"seconds":2.89231538772583e-5,"exhaustive_search_seconds":5.77978789806366e-6,"evaluations":66.6171875,"distances_sum":284.4758400991559}, best_list's length: 5, n: 99
  == End Opt. TIHCSearch. Iteration finished; {"score":0.8854166666666649,"state":{"ssize":2,"restarts":5,"use_local_improvement":false},"perf":{"precision":0.962022569444444,"recall":0.8854166666666649,"f1":0.9209954554738545,"seconds":2.89231538772583e-5,"exhaustive_search_seconds":5.77978789806366e-6,"evaluations":66.6171875,"distances_sum":284.4758400991559}}, beam: 4, n: 99
==== END Opt. TIHCSearch. Finished, best: {"score":0.8854166666666649,"state":{"ssize":2,"restarts":5,"use_local_improvement":false},"perf":{"precision":0.962022569444444,"recall":0.8854166666666649,"f1":0.9209954554738545,"seconds":2.89231538772583e-5,"exhaustive_search_seconds":5.77978789806366e-6,"evaluations":66.6171875,"distances_sum":284.4758400991559}}, n: 99
==== BEGIN Opt. TIHCSearch, expected recall: 0.9, n: 999
  == Begin Opt. TIHCSearch iteration: 1, expected recall: 0.9, n: 999
    ** Opt. TIHCSearch. A new best conf was found> score: 0.8932291666666654, conf: {"ssize":2,"restarts":6,"use_local_improvement":false}, perf: {"precision":0.9105902777777767,"recall":0.8932291666666654,"f1":0.9013991013071881,"seconds":4.536658525466919e-5,"exhaustive_search_seconds":3.285147249698639e-5,"evaluations":130.8984375,"distances_sum":122.35812656953931}, best_list's length: 2, n: 999
  == End Opt. TIHCSearch. Iteration finished; {"score":0.8932291666666654,"state":{"ssize":2,"restarts":6,"use_local_improvement":false},"perf":{"precision":0.9105902777777767,"recall":0.8932291666666654,"f1":0.9013991013071881,"seconds":4.536658525466919e-5,"exhaustive_search_seconds":3.285147249698639e-5,"evaluations":130.8984375,"distances_sum":122.35812656953931}}, beam: 4, n: 999
==== END Opt. TIHCSearch. Finished, best: {"score":0.8932291666666654,"state":{"ssize":2,"restarts":6,"use_local_improvement":false},"perf":{"precision":0.9105902777777767,"recall":0.8932291666666654,"f1":0.9013991013071881,"seconds":4.536658525466919e-5,"exhaustive_search_seconds":3.285147249698639e-5,"evaluations":130.8984375,"distances_sum":122.35812656953931}}, n: 999
added n=5000, neighborhood=3, 2020-01-03T01:31:23.939
==== BEGIN Opt. TIHCSearch, expected recall: 0.9, n: 9999
  == Begin Opt. TIHCSearch iteration: 1, expected recall: 0.9, n: 9999
    ** Opt. TIHCSearch. A new best conf was found> score: 0.8776041666666654, conf: {"ssize":3,"restarts":6,"use_local_improvement":false}, perf: {"precision":0.878472222222221,"recall":0.8776041666666654,"f1":0.8780126633986916,"seconds":8.67452472448349e-5,"exhaustive_search_seconds":0.0003776177763938904,"evaluations":175.8046875,"distances_sum":56.759735333384015}, best_list's length: 2, n: 9999
    ** Opt. TIHCSearch. A new best conf was found> score: 0.870659722222221, conf: {"ssize":1,"restarts":6,"use_local_improvement":false}, perf: {"precision":0.870659722222221,"recall":0.870659722222221,"f1":0.870659722222221,"seconds":0.00015457719564437866,"exhaustive_search_seconds":0.0003776177763938904,"evaluations":174.2421875,"distances_sum":56.83772399520967}, best_list's length: 4, n: 9999
    ** Opt. TIHCSearch. A new best conf was found> score: 0.8862847222222214, conf: {"ssize":2,"restarts":9,"use_local_improvement":false}, perf: {"precision":0.8869357638888881,"recall":0.8862847222222214,"f1":0.886591094771241,"seconds":0.00010230764746665955,"exhaustive_search_seconds":0.0003776177763938904,"evaluations":236.8125,"distances_sum":56.435761856497265}, best_list's length: 5, n: 9999
    ** Opt. TIHCSearch. A new best conf was found> score: 0.8706597222222213, conf: {"ssize":5,"restarts":6,"use_local_improvement":false}, perf: {"precision":0.8754340277777768,"recall":0.8706597222222213,"f1":0.872906454248365,"seconds":7.577240467071533e-5,"exhaustive_search_seconds":0.0003776177763938904,"evaluations":171.921875,"distances_sum":56.65058931580279}, best_list's length: 6, n: 9999
  == End Opt. TIHCSearch. Iteration finished; {"score":0.8862847222222214,"state":{"ssize":2,"restarts":9,"use_local_improvement":false},"perf":{"precision":0.8869357638888881,"recall":0.8862847222222214,"f1":0.886591094771241,"seconds":0.00010230764746665955,"exhaustive_search_seconds":0.0003776177763938904,"evaluations":236.8125,"distances_sum":56.435761856497265}}, beam: 4, n: 9999
  == Begin Opt. TIHCSearch iteration: 2, expected recall: 0.9, n: 9999
  == End Opt. TIHCSearch. Iteration finished; {"score":0.8862847222222214,"state":{"ssize":2,"restarts":9,"use_local_improvement":false},"perf":{"precision":0.8869357638888881,"recall":0.8862847222222214,"f1":0.886591094771241,"seconds":0.00010230764746665955,"exhaustive_search_seconds":0.0003776177763938904,"evaluations":236.8125,"distances_sum":56.435761856497265}}, beam: 4, n: 9999
==== END Opt. TIHCSearch. Finished, best: {"score":0.8862847222222214,"state":{"ssize":2,"restarts":9,"use_local_improvement":false},"perf":{"precision":0.8869357638888881,"recall":0.8862847222222214,"f1":0.886591094771241,"seconds":0.00010230764746665955,"exhaustive_search_seconds":0.0003776177763938904,"evaluations":236.8125,"distances_sum":56.435761856497265}}, n: 9999
added n=10000, neighborhood=4, 2020-01-03T01:31:24.889
[ Info: done; now testing
res = KnnResult(10, Item[Item(4459, 0.03842185065150261), Item(477, 0.04732059687376022), Item(5449, 0.05833388492465019), Item(2966, 0.061254002153873444), Item(5164, 0.06377186626195908), Item(2313, 0.06462972611188889), Item(710, 0.06835556030273438), Item(6312, 0.06836966425180435), Item(1430, 0.06860858201980591), Item(1666, 0.06918582320213318)])
[ Info: inserting items to the index
==== BEGIN Opt. IHCSearch, expected recall: 0.9, n: 9
  == Begin Opt. IHCSearch iteration: 1, expected recall: 0.9, n: 9
    ** Opt. IHCSearch. A new best conf was found> score: 2.0716279069767443, conf: {"restarts":5,"use_local_improvement":false}, perf: {"precision":1.0,"recall":0.9248046875,"f1":0.9569768772893777,"seconds":4.699453711509705e-6,"exhaustive_search_seconds":1.3746321201324463e-6,"evaluations":8.3984375,"distances_sum":473.9376251399517}, best_list's length: 2, n: 9
    ** Opt. IHCSearch. A new best conf was found> score: 2.0950570342205324, conf: {"restarts":4,"use_local_improvement":false}, perf: {"precision":1.0,"recall":0.90234375,"f1":0.942324862637363,"seconds":4.524365067481995e-6,"exhaustive_search_seconds":1.3746321201324463e-6,"evaluations":8.21875,"distances_sum":455.28836247324944}, best_list's length: 3, n: 9
    ** Opt. IHCSearch. A new best conf was found> score: 0.8515625, conf: {"restarts":2,"use_local_improvement":false}, perf: {"precision":1.0,"recall":0.8515625,"f1":0.910240280552781,"seconds":4.3101608753204346e-6,"exhaustive_search_seconds":1.3746321201324463e-6,"evaluations":7.8125,"distances_sum":417.50927832722664}, best_list's length: 4, n: 9
  == End Opt. IHCSearch. Iteration finished; {"score":2.0950570342205324,"state":{"restarts":4,"use_local_improvement":false},"perf":{"precision":1.0,"recall":0.90234375,"f1":0.942324862637363,"seconds":4.524365067481995e-6,"exhaustive_search_seconds":1.3746321201324463e-6,"evaluations":8.21875,"distances_sum":455.28836247324944}}, beam: 4, n: 9
  == Begin Opt. IHCSearch iteration: 2, expected recall: 0.9, n: 9
  == End Opt. IHCSearch. Iteration finished; {"score":2.0950570342205324,"state":{"restarts":4,"use_local_improvement":false},"perf":{"precision":1.0,"recall":0.90234375,"f1":0.942324862637363,"seconds":4.524365067481995e-6,"exhaustive_search_seconds":1.3746321201324463e-6,"evaluations":8.21875,"distances_sum":455.28836247324944}}, beam: 4, n: 9
==== END Opt. IHCSearch. Finished, best: {"score":2.0950570342205324,"state":{"restarts":4,"use_local_improvement":false},"perf":{"precision":1.0,"recall":0.90234375,"f1":0.942324862637363,"seconds":4.524365067481995e-6,"exhaustive_search_seconds":1.3746321201324463e-6,"evaluations":8.21875,"distances_sum":455.28836247324944}}, n: 9
==== BEGIN Opt. IHCSearch, expected recall: 0.9, n: 99
  == Begin Opt. IHCSearch iteration: 1, expected recall: 0.9, n: 99
    ** Opt. IHCSearch. A new best conf was found> score: 0.8914930555555544, conf: {"restarts":9,"use_local_improvement":false}, perf: {"precision":0.8914930555555544,"recall":0.8914930555555544,"f1":0.8914930555555544,"seconds":1.977197825908661e-5,"exhaustive_search_seconds":5.7425349950790405e-6,"evaluations":51.65625,"distances_sum":299.2307651527226}, best_list's length: 2, n: 99
    ** Opt. IHCSearch. A new best conf was found> score: 0.8550347222222208, conf: {"restarts":2,"use_local_improvement":false}, perf: {"precision":0.8550347222222208,"recall":0.8550347222222208,"f1":null,"seconds":1.2828037142753601e-5,"exhaustive_search_seconds":5.7425349950790405e-6,"evaluations":33.2109375,"distances_sum":305.8231171257794}, best_list's length: 3, n: 99
    ** Opt. IHCSearch. A new best conf was found> score: 0.8949652777777766, conf: {"restarts":10,"use_local_improvement":false}, perf: {"precision":0.8949652777777766,"recall":0.8949652777777766,"f1":0.8949652777777766,"seconds":2.136826515197754e-5,"exhaustive_search_seconds":5.7425349950790405e-6,"evaluations":52.7734375,"distances_sum":299.0329808779061}, best_list's length: 5, n: 99
    ** Opt. IHCSearch. A new best conf was found> score: 0.8758680555555544, conf: {"restarts":6,"use_local_improvement":false}, perf: {"precision":0.8758680555555544,"recall":0.8758680555555544,"f1":0.8758680555555544,"seconds":1.8719583749771118e-5,"exhaustive_search_seconds":5.7425349950790405e-6,"evaluations":45.3359375,"distances_sum":301.9028696604073}, best_list's length: 6, n: 99
    ** Opt. IHCSearch. A new best conf was found> score: 0.864583333333332, conf: {"restarts":3,"use_local_improvement":false}, perf: {"precision":0.864583333333332,"recall":0.864583333333332,"f1":0.864583333333332,"seconds":1.4264136552810669e-5,"exhaustive_search_seconds":5.7425349950790405e-6,"evaluations":37.1875,"distances_sum":302.404652480036}, best_list's length: 7, n: 99
  == End Opt. IHCSearch. Iteration finished; {"score":0.8949652777777766,"state":{"restarts":10,"use_local_improvement":false},"perf":{"precision":0.8949652777777766,"recall":0.8949652777777766,"f1":0.8949652777777766,"seconds":2.136826515197754e-5,"exhaustive_search_seconds":5.7425349950790405e-6,"evaluations":52.7734375,"distances_sum":299.0329808779061}}, beam: 4, n: 99
  == Begin Opt. IHCSearch iteration: 2, expected recall: 0.9, n: 99
    ** Opt. IHCSearch. A new best conf was found> score: 2.597982345523329, conf: {"restarts":16,"use_local_improvement":false}, perf: {"precision":0.9166666666666655,"recall":0.9166666666666655,"f1":0.9166666666666655,"seconds":2.245977520942688e-5,"exhaustive_search_seconds":5.7425349950790405e-6,"evaluations":61.953125,"distances_sum":297.78602224960923}, best_list's length: 6, n: 99
    ** Opt. IHCSearch. A new best conf was found> score: 2.648068669527897, conf: {"restarts":14,"use_local_improvement":false}, perf: {"precision":0.9123263888888877,"recall":0.9123263888888877,"f1":0.9123263888888877,"seconds":2.1949410438537598e-5,"exhaustive_search_seconds":5.7425349950790405e-6,"evaluations":60.0703125,"distances_sum":297.7768549360335}, best_list's length: 7, n: 99
    ** Opt. IHCSearch. A new best conf was found> score: 2.676412223839132, conf: {"restarts":13,"use_local_improvement":false}, perf: {"precision":0.9149305555555542,"recall":0.9149305555555542,"f1":0.9149305555555542,"seconds":2.2569671273231506e-5,"exhaustive_search_seconds":5.7425349950790405e-6,"evaluations":59.0546875,"distances_sum":297.0557605661452}, best_list's length: 9, n: 99
    ** Opt. IHCSearch. A new best conf was found> score: 2.983408984191579, conf: {"restarts":8,"use_local_improvement":false}, perf: {"precision":0.9010416666666656,"recall":0.9010416666666656,"f1":0.9010416666666656,"seconds":2.0073726773262024e-5,"exhaustive_search_seconds":5.7425349950790405e-6,"evaluations":49.9140625,"distances_sum":300.53119595721364}, best_list's length: 10, n: 99
    ** Opt. IHCSearch. A new best conf was found> score: 2.8185993111366248, conf: {"restarts":11,"use_local_improvement":false}, perf: {"precision":0.90017361111111,"recall":0.90017361111111,"f1":0.90017361111111,"seconds":2.0194798707962036e-5,"exhaustive_search_seconds":5.7425349950790405e-6,"evaluations":54.4375,"distances_sum":298.60982847586274}, best_list's length: 11, n: 99
  == End Opt. IHCSearch. Iteration finished; {"score":2.983408984191579,"state":{"restarts":8,"use_local_improvement":false},"perf":{"precision":0.9010416666666656,"recall":0.9010416666666656,"f1":0.9010416666666656,"seconds":2.0073726773262024e-5,"exhaustive_search_seconds":5.7425349950790405e-6,"evaluations":49.9140625,"distances_sum":300.53119595721364}}, beam: 4, n: 99
  == Begin Opt. IHCSearch iteration: 3, expected recall: 0.9, n: 99
  == End Opt. IHCSearch. Iteration finished; {"score":2.983408984191579,"state":{"restarts":8,"use_local_improvement":false},"perf":{"precision":0.9010416666666656,"recall":0.9010416666666656,"f1":0.9010416666666656,"seconds":2.0073726773262024e-5,"exhaustive_search_seconds":5.7425349950790405e-6,"evaluations":49.9140625,"distances_sum":300.53119595721364}}, beam: 4, n: 99
==== END Opt. IHCSearch. Finished, best: {"score":2.983408984191579,"state":{"restarts":8,"use_local_improvement":false},"perf":{"precision":0.9010416666666656,"recall":0.9010416666666656,"f1":0.9010416666666656,"seconds":2.0073726773262024e-5,"exhaustive_search_seconds":5.7425349950790405e-6,"evaluations":49.9140625,"distances_sum":300.53119595721364}}, n: 99
==== BEGIN Opt. IHCSearch, expected recall: 0.9, n: 999
  == Begin Opt. IHCSearch iteration: 1, expected recall: 0.9, n: 999
    ** Opt. IHCSearch. A new best conf was found> score: 0.8611111111111098, conf: {"restarts":11,"use_local_improvement":false}, perf: {"precision":0.8611111111111098,"recall":0.8611111111111098,"f1":0.8611111111111098,"seconds":4.520639777183533e-5,"exhaustive_search_seconds":3.488361835479736e-5,"evaluations":134.109375,"distances_sum":128.11933933757246}, best_list's length: 3, n: 999
    ** Opt. IHCSearch. A new best conf was found> score: 0.8602430555555545, conf: {"restarts":5,"use_local_improvement":false}, perf: {"precision":0.8602430555555545,"recall":0.8602430555555545,"f1":0.8602430555555545,"seconds":3.4125521779060364e-5,"exhaustive_search_seconds":3.488361835479736e-5,"evaluations":94.3203125,"distances_sum":127.70128844678402}, best_list's length: 4, n: 999
    ** Opt. IHCSearch. A new best conf was found> score: 0.8680555555555545, conf: {"restarts":10,"use_local_improvement":false}, perf: {"precision":0.8680555555555545,"recall":0.8680555555555545,"f1":0.8680555555555545,"seconds":4.304945468902588e-5,"exhaustive_search_seconds":3.488361835479736e-5,"evaluations":128.2734375,"distances_sum":127.36516431160271}, best_list's length: 5, n: 999
    ** Opt. IHCSearch. A new best conf was found> score: 0.8602430555555546, conf: {"restarts":15,"use_local_improvement":false}, perf: {"precision":0.8602430555555546,"recall":0.8602430555555546,"f1":0.8602430555555546,"seconds":5.4156407713890076e-5,"exhaustive_search_seconds":3.488361835479736e-5,"evaluations":160.265625,"distances_sum":128.42286036163568}, best_list's length: 6, n: 999
    ** Opt. IHCSearch. A new best conf was found> score: 0.8680555555555544, conf: {"restarts":18,"use_local_improvement":false}, perf: {"precision":0.8680555555555544,"recall":0.8680555555555544,"f1":0.8680555555555544,"seconds":6.290711462497711e-5,"exhaustive_search_seconds":3.488361835479736e-5,"evaluations":178.2421875,"distances_sum":127.5668541956693}, best_list's length: 7, n: 999
  == End Opt. IHCSearch. Iteration finished; {"score":0.8680555555555545,"state":{"restarts":10,"use_local_improvement":false},"perf":{"precision":0.8680555555555545,"recall":0.8680555555555545,"f1":0.8680555555555545,"seconds":4.304945468902588e-5,"exhaustive_search_seconds":3.488361835479736e-5,"evaluations":128.2734375,"distances_sum":127.36516431160271}}, beam: 4, n: 999
  == Begin Opt. IHCSearch iteration: 2, expected recall: 0.9, n: 999
    ** Opt. IHCSearch. A new best conf was found> score: 0.86892361111111, conf: {"restarts":19,"use_local_improvement":false}, perf: {"precision":0.86892361111111,"recall":0.86892361111111,"f1":0.86892361111111,"seconds":6.340257823467255e-5,"exhaustive_search_seconds":3.488361835479736e-5,"evaluations":180.171875,"distances_sum":127.33422059752047}, best_list's length: 5, n: 999
    ** Opt. IHCSearch. A new best conf was found> score: 0.8680555555555547, conf: {"restarts":21,"use_local_improvement":false}, perf: {"precision":0.8680555555555547,"recall":0.8680555555555547,"f1":0.8680555555555547,"seconds":7.280707359313965e-5,"exhaustive_search_seconds":3.488361835479736e-5,"evaluations":196.3984375,"distances_sum":127.29573599249125}, best_list's length: 6, n: 999
    ** Opt. IHCSearch. A new best conf was found> score: 0.8723958333333323, conf: {"restarts":20,"use_local_improvement":false}, perf: {"precision":0.8723958333333323,"recall":0.8723958333333323,"f1":0.8723958333333323,"seconds":6.572343409061432e-5,"exhaustive_search_seconds":3.488361835479736e-5,"evaluations":190.609375,"distances_sum":127.27547225356102}, best_list's length: 7, n: 999
    ** Opt. IHCSearch. A new best conf was found> score: 0.8828124999999983, conf: {"restarts":24,"use_local_improvement":false}, perf: {"precision":0.8828124999999983,"recall":0.8828124999999983,"f1":0.8828124999999983,"seconds":7.482990622520447e-5,"exhaustive_search_seconds":3.488361835479736e-5,"evaluations":211.3671875,"distances_sum":126.62241671420634}, best_list's length: 11, n: 999
  == End Opt. IHCSearch. Iteration finished; {"score":0.8828124999999983,"state":{"restarts":24,"use_local_improvement":false},"perf":{"precision":0.8828124999999983,"recall":0.8828124999999983,"f1":0.8828124999999983,"seconds":7.482990622520447e-5,"exhaustive_search_seconds":3.488361835479736e-5,"evaluations":211.3671875,"distances_sum":126.62241671420634}}, beam: 4, n: 999
  == Begin Opt. IHCSearch iteration: 3, expected recall: 0.9, n: 999
    ** Opt. IHCSearch. A new best conf was found> score: 0.8914930555555545, conf: {"restarts":30,"use_local_improvement":false}, perf: {"precision":0.8914930555555545,"recall":0.8914930555555545,"f1":0.8914930555555545,"seconds":9.192340075969696e-5,"exhaustive_search_seconds":3.488361835479736e-5,"evaluations":242.234375,"distances_sum":126.51176370494068}, best_list's length: 6, n: 999
    ** Opt. IHCSearch. A new best conf was found> score: 0.8828124999999989, conf: {"restarts":28,"use_local_improvement":false}, perf: {"precision":0.8828124999999989,"recall":0.8828124999999989,"f1":0.8828124999999989,"seconds":9.0794637799263e-5,"exhaustive_search_seconds":3.488361835479736e-5,"evaluations":235.421875,"distances_sum":126.69112564437091}, best_list's length: 7, n: 999
  == End Opt. IHCSearch. Iteration finished; {"score":0.8914930555555545,"state":{"restarts":30,"use_local_improvement":false},"perf":{"precision":0.8914930555555545,"recall":0.8914930555555545,"f1":0.8914930555555545,"seconds":9.192340075969696e-5,"exhaustive_search_seconds":3.488361835479736e-5,"evaluations":242.234375,"distances_sum":126.51176370494068}}, beam: 4, n: 999
==== END Opt. IHCSearch. Finished, best: {"score":0.8914930555555545,"state":{"restarts":30,"use_local_improvement":false},"perf":{"precision":0.8914930555555545,"recall":0.8914930555555545,"f1":0.8914930555555545,"seconds":9.192340075969696e-5,"exhaustive_search_seconds":3.488361835479736e-5,"evaluations":242.234375,"distances_sum":126.51176370494068}}, n: 999
added n=5000, neighborhood=4, 2020-01-03T01:31:27.421
==== BEGIN Opt. IHCSearch, expected recall: 0.9, n: 9999
  == Begin Opt. IHCSearch iteration: 1, expected recall: 0.9, n: 9999
    ** Opt. IHCSearch. A new best conf was found> score: 0.8524305555555545, conf: {"restarts":23,"use_local_improvement":false}, perf: {"precision":0.8524305555555545,"recall":0.8524305555555545,"f1":0.8524305555555545,"seconds":0.00015179254114627838,"exhaustive_search_seconds":0.0003491416573524475,"evaluations":323.34375,"distances_sum":55.71524207433686}, best_list's length: 3, n: 9999
    ** Opt. IHCSearch. A new best conf was found> score: 0.8524305555555547, conf: {"restarts":26,"use_local_improvement":false}, perf: {"precision":0.8524305555555547,"recall":0.8524305555555547,"f1":0.8524305555555547,"seconds":0.0001505725085735321,"exhaustive_search_seconds":0.0003491416573524475,"evaluations":346.8046875,"distances_sum":55.91390762338415}, best_list's length: 4, n: 9999
    ** Opt. IHCSearch. A new best conf was found> score: 0.8532986111111099, conf: {"restarts":36,"use_local_improvement":false}, perf: {"precision":0.8532986111111099,"recall":0.8532986111111099,"f1":0.8532986111111099,"seconds":0.0002423301339149475,"exhaustive_search_seconds":0.0003491416573524475,"evaluations":433.25,"distances_sum":55.95411655353382}, best_list's length: 5, n: 9999
    ** Opt. IHCSearch. A new best conf was found> score: 0.8541666666666657, conf: {"restarts":39,"use_local_improvement":false}, perf: {"precision":0.8541666666666657,"recall":0.8541666666666657,"f1":0.8541666666666657,"seconds":0.00017475895583629608,"exhaustive_search_seconds":0.0003491416573524475,"evaluations":453.03125,"distances_sum":55.83508943999186}, best_list's length: 6, n: 9999
  == End Opt. IHCSearch. Iteration finished; {"score":0.8541666666666657,"state":{"restarts":39,"use_local_improvement":false},"perf":{"precision":0.8541666666666657,"recall":0.8541666666666657,"f1":0.8541666666666657,"seconds":0.00017475895583629608,"exhaustive_search_seconds":0.0003491416573524475,"evaluations":453.03125,"distances_sum":55.83508943999186}}, beam: 4, n: 9999
  == Begin Opt. IHCSearch iteration: 2, expected recall: 0.9, n: 9999
    ** Opt. IHCSearch. A new best conf was found> score: 0.8576388888888876, conf: {"restarts":53,"use_local_improvement":false}, perf: {"precision":0.8576388888888876,"recall":0.8576388888888876,"f1":0.8576388888888876,"seconds":0.00022730417549610138,"exhaustive_search_seconds":0.0003491416573524475,"evaluations":572.0625,"distances_sum":55.688664372544736}, best_list's length: 6, n: 9999
    ** Opt. IHCSearch. A new best conf was found> score: 0.8585069444444435, conf: {"restarts":27,"use_local_improvement":false}, perf: {"precision":0.8585069444444435,"recall":0.8585069444444435,"f1":0.8585069444444435,"seconds":0.00014631077647209167,"exhaustive_search_seconds":0.0003491416573524475,"evaluations":354.984375,"distances_sum":55.7503180433996}, best_list's length: 7, n: 9999
    ** Opt. IHCSearch. A new best conf was found> score: 0.8567708333333318, conf: {"restarts":44,"use_local_improvement":false}, perf: {"precision":0.8567708333333318,"recall":0.8567708333333318,"f1":0.8567708333333318,"seconds":0.00019945576786994934,"exhaustive_search_seconds":0.0003491416573524475,"evaluations":497.0234375,"distances_sum":55.85839020134881}, best_list's length: 8, n: 9999
    ** Opt. IHCSearch. A new best conf was found> score: 0.8593749999999987, conf: {"restarts":40,"use_local_improvement":false}, perf: {"precision":0.8593749999999987,"recall":0.8593749999999987,"f1":0.8593749999999987,"seconds":0.00018884241580963135,"exhaustive_search_seconds":0.0003491416573524475,"evaluations":464.203125,"distances_sum":55.72254738723859}, best_list's length: 9, n: 9999
res = KnnResult(10, Item[Item(2642, 0.027186114341020584), Item(7887, 0.03512314334511757), Item(1673, 0.0456543043255806), Item(3289, 0.050812412053346634), Item(8958, 0.052838630974292755), Item(3463, 0.05509541556239128), Item(3860, 0.06340566277503967), Item(191, 0.06543587893247604), Item(8164, 0.06868284940719604), Item(9167, 0.07039206475019455)])
  == End Opt. IHCSearch. Iteration finished; {"score":0.8593749999999987,"state":{"restarts":40,"use_local_improvement":false},"perf":{"precision":0.8593749999999987,"recall":0.8593749999999987,"f1":0.8593749999999987,"seconds":0.00018884241580963135,"exhaustive_search_seconds":0.0003491416573524475,"evaluations":464.203125,"distances_sum":55.72254738723859}}, beam: 4, n: 9999
==== END Opt. IHCSearch. Finished, best: {"score":0.8593749999999987,"state":{"restarts":40,"use_local_improvement":false},"perf":{"precision":0.8593749999999987,"recall":0.8593749999999987,"f1":0.8593749999999987,"seconds":0.00018884241580963135,"exhaustive_search_seconds":0.0003491416573524475,"evaluations":464.203125,"distances_sum":55.72254738723859}}, n: 9999
added n=10000, neighborhood=5, 2020-01-03T01:31:28.996
[ Info: done; now testing
[ Info: inserting items to the index
==== BEGIN Opt. BeamSearch, expected recall: 0.9, n: 9
  == Begin Opt. BeamSearch iteration: 1, expected recall: 0.9, n: 9
    ** Opt. BeamSearch. A new best conf was found> score: 0.173828125, conf: {"ssize":5,"bsize":1}, perf: {"precision":null,"recall":0.173828125,"f1":null,"seconds":4.017725586891174e-6,"exhaustive_search_seconds":1.7955899238586426e-6,"evaluations":5.4453125,"distances_sum":82.06206126804511}, best_list's length: 2, n: 9
    ** Opt. BeamSearch. A new best conf was found> score: 0.4033203125, conf: {"ssize":4,"bsize":2}, perf: {"precision":null,"recall":0.4033203125,"f1":null,"seconds":4.161149263381958e-6,"exhaustive_search_seconds":1.7955899238586426e-6,"evaluations":5.9921875,"distances_sum":174.53017866422775}, best_list's length: 3, n: 9
    ** Opt. BeamSearch. A new best conf was found> score: 0.42578125, conf: {"ssize":3,"bsize":2}, perf: {"precision":null,"recall":0.42578125,"f1":null,"seconds":4.200264811515808e-6,"exhaustive_search_seconds":1.7955899238586426e-6,"evaluations":6.3359375,"distances_sum":189.86612771946005}, best_list's length: 4, n: 9
  == End Opt. BeamSearch. Iteration finished; {"score":0.42578125,"state":{"ssize":3,"bsize":2},"perf":{"precision":null,"recall":0.42578125,"f1":null,"seconds":4.200264811515808e-6,"exhaustive_search_seconds":1.7955899238586426e-6,"evaluations":6.3359375,"distances_sum":189.86612771946005}}, beam: 4, n: 9
  == Begin Opt. BeamSearch iteration: 2, expected recall: 0.9, n: 9
    ** Opt. BeamSearch. A new best conf was found> score: 0.8447265625, conf: {"ssize":3,"bsize":6}, perf: {"precision":1.0,"recall":0.8447265625,"f1":0.9065195221445229,"seconds":5.111098289489746e-6,"exhaustive_search_seconds":1.7955899238586426e-6,"evaluations":8.421875,"distances_sum":420.6977470644655}, best_list's length: 5, n: 9
    ** Opt. BeamSearch. A new best conf was found> score: 0.5341796875, conf: {"ssize":5,"bsize":3}, perf: {"precision":null,"recall":0.5341796875,"f1":null,"seconds":3.6526471376419067e-6,"exhaustive_search_seconds":1.7955899238586426e-6,"evaluations":6.6015625,"distances_sum":242.8281092255484}, best_list's length: 6, n: 9
    ** Opt. BeamSearch. A new best conf was found> score: 0.552734375, conf: {"ssize":6,"bsize":3}, perf: {"precision":1.0,"recall":0.552734375,"f1":0.6926769411144416,"seconds":3.850087523460388e-6,"exhaustive_search_seconds":1.7955899238586426e-6,"evaluations":6.8046875,"distances_sum":252.28339637477708}, best_list's length: 8, n: 9
    ** Opt. BeamSearch. A new best conf was found> score: 0.6630859375, conf: {"ssize":2,"bsize":4}, perf: {"precision":1.0,"recall":0.6630859375,"f1":0.7831704753579761,"seconds":4.334375262260437e-6,"exhaustive_search_seconds":1.7955899238586426e-6,"evaluations":7.25,"distances_sum":312.7639426178459}, best_list's length: 9, n: 9
    ** Opt. BeamSearch. A new best conf was found> score: 0.8583984375, conf: {"ssize":7,"bsize":6}, perf: {"precision":1.0,"recall":0.8583984375,"f1":0.9172936438561446,"seconds":5.252659320831299e-6,"exhaustive_search_seconds":1.7955899238586426e-6,"evaluations":8.5625,"distances_sum":431.6174248292904}, best_list's length: 10, n: 9
    ** Opt. BeamSearch. A new best conf was found> score: 0.7802734375, conf: {"ssize":2,"bsize":5}, perf: {"precision":1.0,"recall":0.7802734375,"f1":0.8670111138861147,"seconds":5.04031777381897e-6,"exhaustive_search_seconds":1.7955899238586426e-6,"evaluations":8.015625,"distances_sum":383.3492503474672}, best_list's length: 13, n: 9
  == End Opt. BeamSearch. Iteration finished; {"score":0.8583984375,"state":{"ssize":7,"bsize":6},"perf":{"precision":1.0,"recall":0.8583984375,"f1":0.9172936438561446,"seconds":5.252659320831299e-6,"exhaustive_search_seconds":1.7955899238586426e-6,"evaluations":8.5625,"distances_sum":431.6174248292904}}, beam: 4, n: 9
  == Begin Opt. BeamSearch iteration: 3, expected recall: 0.9, n: 9
    ** Opt. BeamSearch. A new best conf was found> score: 0.8798828125, conf: {"ssize":4,"bsize":7}, perf: {"precision":1.0,"recall":0.8798828125,"f1":0.9302770146520154,"seconds":5.634501576423645e-6,"exhaustive_search_seconds":1.7955899238586426e-6,"evaluations":8.6484375,"distances_sum":451.5845412054224}, best_list's length: 5, n: 9
    ** Opt. BeamSearch. A new best conf was found> score: 0.8935546875, conf: {"ssize":3,"bsize":7}, perf: {"precision":1.0,"recall":0.8935546875,"f1":0.9368964368964375,"seconds":5.330890417098999e-6,"exhaustive_search_seconds":1.7955899238586426e-6,"evaluations":8.65625,"distances_sum":458.41112393943473}, best_list's length: 7, n: 9
    ** Opt. BeamSearch. A new best conf was found> score: 2.024, conf: {"ssize":2,"bsize":9}, perf: {"precision":1.0,"recall":0.919921875,"f1":0.9545043498168502,"seconds":5.366280674934387e-6,"exhaustive_search_seconds":1.7955899238586426e-6,"evaluations":8.7890625,"distances_sum":475.5892750748795}, best_list's length: 10, n: 9
    ** Opt. BeamSearch. A new best conf was found> score: 2.0267379679144386, conf: {"ssize":1,"bsize":10}, perf: {"precision":1.0,"recall":0.921875,"f1":0.9545501373626378,"seconds":5.465000867843628e-6,"exhaustive_search_seconds":1.7955899238586426e-6,"evaluations":8.765625,"distances_sum":473.6608953535132}, best_list's length: 11, n: 9
    ** Opt. BeamSearch. A new best conf was found> score: 0.8857421875, conf: {"ssize":1,"bsize":8}, perf: {"precision":1.0,"recall":0.8857421875,"f1":0.9334764194139198,"seconds":5.383044481277466e-6,"exhaustive_search_seconds":1.7955899238586426e-6,"evaluations":8.625,"distances_sum":452.41581223355456}, best_list's length: 13, n: 9
  == End Opt. BeamSearch. Iteration finished; {"score":2.0267379679144386,"state":{"ssize":1,"bsize":10},"perf":{"precision":1.0,"recall":0.921875,"f1":0.9545501373626378,"seconds":5.465000867843628e-6,"exhaustive_search_seconds":1.7955899238586426e-6,"evaluations":8.765625,"distances_sum":473.6608953535132}}, beam: 4, n: 9
==== END Opt. BeamSearch. Finished, best: {"score":2.0267379679144386,"state":{"ssize":1,"bsize":10},"perf":{"precision":1.0,"recall":0.921875,"f1":0.9545501373626378,"seconds":5.465000867843628e-6,"exhaustive_search_seconds":1.7955899238586426e-6,"evaluations":8.765625,"distances_sum":473.6608953535132}}, n: 9
==== BEGIN Opt. BeamSearch, expected recall: 0.9, n: 99
  == Begin Opt. BeamSearch iteration: 1, expected recall: 0.9, n: 99
    ** Opt. BeamSearch. A new best conf was found> score: 3.71931330472103, conf: {"ssize":1,"bsize":8}, perf: {"precision":0.9522569444444435,"recall":0.9522569444444435,"f1":0.9522569444444435,"seconds":1.7117708921432495e-5,"exhaustive_search_seconds":5.62518835067749e-6,"evaluations":36.40625,"distances_sum":277.2017988461161}, best_list's length: 6, n: 99
  == End Opt. BeamSearch. Iteration finished; {"score":3.71931330472103,"state":{"ssize":1,"bsize":8},"perf":{"precision":0.9522569444444435,"recall":0.9522569444444435,"f1":0.9522569444444435,"seconds":1.7117708921432495e-5,"exhaustive_search_seconds":5.62518835067749e-6,"evaluations":36.40625,"distances_sum":277.2017988461161}}, beam: 4, n: 99
  == Begin Opt. BeamSearch iteration: 2, expected recall: 0.9, n: 99
    ** Opt. BeamSearch. A new best conf was found> score: 3.7577801958650707, conf: {"ssize":2,"bsize":8}, perf: {"precision":0.9444444444444435,"recall":0.9444444444444435,"f1":0.9444444444444435,"seconds":1.70879065990448e-5,"exhaustive_search_seconds":5.62518835067749e-6,"evaluations":35.8984375,"distances_sum":277.61078564038655}, best_list's length: 7, n: 99
    ** Opt. BeamSearch. A new best conf was found> score: 3.876078075351793, conf: {"ssize":1,"bsize":7}, perf: {"precision":0.9001736111111097,"recall":0.9001736111111097,"f1":0.9001736111111097,"seconds":1.6493722796440125e-5,"exhaustive_search_seconds":5.62518835067749e-6,"evaluations":34.421875,"distances_sum":283.1029754639809}, best_list's length: 9, n: 99
  == End Opt. BeamSearch. Iteration finished; {"score":3.876078075351793,"state":{"ssize":1,"bsize":7},"perf":{"precision":0.9001736111111097,"recall":0.9001736111111097,"f1":0.9001736111111097,"seconds":1.6493722796440125e-5,"exhaustive_search_seconds":5.62518835067749e-6,"evaluations":34.421875,"distances_sum":283.1029754639809}}, beam: 4, n: 99
  == Begin Opt. BeamSearch iteration: 3, expected recall: 0.9, n: 99
  == End Opt. BeamSearch. Iteration finished; {"score":3.876078075351793,"state":{"ssize":1,"bsize":7},"perf":{"precision":0.9001736111111097,"recall":0.9001736111111097,"f1":0.9001736111111097,"seconds":1.6493722796440125e-5,"exhaustive_search_seconds":5.62518835067749e-6,"evaluations":34.421875,"distances_sum":283.1029754639809}}, beam: 4, n: 99
==== END Opt. BeamSearch. Finished, best: {"score":3.876078075351793,"state":{"ssize":1,"bsize":7},"perf":{"precision":0.9001736111111097,"recall":0.9001736111111097,"f1":0.9001736111111097,"seconds":1.6493722796440125e-5,"exhaustive_search_seconds":5.62518835067749e-6,"evaluations":34.421875,"distances_sum":283.1029754639809}}, n: 99
==== BEGIN Opt. BeamSearch, expected recall: 0.9, n: 999
  == Begin Opt. BeamSearch iteration: 1, expected recall: 0.9, n: 999
  == End Opt. BeamSearch. Iteration finished; {"score":14.926377695491178,"state":{"ssize":1,"bsize":7},"perf":{"precision":0.9088541666666653,"recall":0.9088541666666653,"f1":0.9088541666666653,"seconds":3.3482909202575684e-5,"exhaustive_search_seconds":3.442913293838501e-5,"evaluations":71.734375,"distances_sum":123.60794851798777}}, beam: 4, n: 999
==== END Opt. BeamSearch. Finished, best: {"score":14.926377695491178,"state":{"ssize":1,"bsize":7},"perf":{"precision":0.9088541666666653,"recall":0.9088541666666653,"f1":0.9088541666666653,"seconds":3.3482909202575684e-5,"exhaustive_search_seconds":3.442913293838501e-5,"evaluations":71.734375,"distances_sum":123.60794851798777}}, n: 999
added n=5000, neighborhood=4, 2020-01-03T01:31:31.161
==== BEGIN Opt. BeamSearch, expected recall: 0.9, n: 9999
  == Begin Opt. BeamSearch iteration: 1, expected recall: 0.9, n: 9999
    ** Opt. BeamSearch. A new best conf was found> score: 70.6491075315629, conf: {"ssize":13,"bsize":13}, perf: {"precision":0.9991319444444444,"recall":0.9991319444444444,"f1":0.9991319444444444,"seconds":8.023343980312347e-5,"exhaustive_search_seconds":0.0003141239285469055,"evaluations":143.5625,"distances_sum":53.93073846399997}, best_list's length: 2, n: 9999
    ** Opt. BeamSearch. A new best conf was found> score: 62.33473906167633, conf: {"ssize":1,"bsize":20}, perf: {"precision":1.0,"recall":1.0,"f1":1.0,"seconds":9.766407310962677e-5,"exhaustive_search_seconds":0.0003141239285469055,"evaluations":163.0234375,"distances_sum":53.92964301126766}, best_list's length: 3, n: 9999
    ** Opt. BeamSearch. A new best conf was found> score: 78.42253947129635, conf: {"ssize":15,"bsize":9}, perf: {"precision":0.9765624999999996,"recall":0.9765624999999996,"f1":0.9765624999999996,"seconds":7.188506424427032e-5,"exhaustive_search_seconds":0.0003141239285469055,"evaluations":129.1484375,"distances_sum":54.02545815602418}, best_list's length: 6, n: 9999
    ** Opt. BeamSearch. A new best conf was found> score: 67.53178770078495, conf: {"ssize":4,"bsize":14}, perf: {"precision":0.9991319444444444,"recall":0.9991319444444444,"f1":0.9991319444444444,"seconds":9.369291365146637e-5,"exhaustive_search_seconds":0.0003141239285469055,"evaluations":150.2890625,"distances_sum":53.93073846399997}, best_list's length: 7, n: 9999
    ** Opt. BeamSearch. A new best conf was found> score: 72.37761418771959, conf: {"ssize":15,"bsize":11}, perf: {"precision":0.9982638888888888,"recall":0.9982638888888888,"f1":0.9982638888888888,"seconds":8.287094533443451e-5,"exhaustive_search_seconds":0.0003141239285469055,"evaluations":140.0859375,"distances_sum":53.93780308103697}, best_list's length: 8, n: 9999
    ** Opt. BeamSearch. A new best conf was found> score: 81.62185826771653, conf: {"ssize":3,"bsize":7}, perf: {"precision":0.9071180555555539,"recall":0.9071180555555539,"f1":0.9071180555555539,"seconds":6.592273712158203e-5,"exhaustive_search_seconds":0.0003141239285469055,"evaluations":124.0234375,"distances_sum":54.70178741276032}, best_list's length: 10, n: 9999
    ** Opt. BeamSearch. A new best conf was found> score: 75.56288960093212, conf: {"ssize":1,"bsize":11}, perf: {"precision":0.9991319444444444,"recall":0.9991319444444444,"f1":0.9991319444444444,"seconds":7.74133950471878e-5,"exhaustive_search_seconds":0.0003141239285469055,"evaluations":134.1015625,"distances_sum":53.93670762830465}, best_list's length: 12, n: 9999
    ** Opt. BeamSearch. A new best conf was found> score: 76.29544652312036, conf: {"ssize":1,"bsize":10}, perf: {"precision":1.0,"recall":1.0,"f1":1.0,"seconds":7.599778473377228e-5,"exhaustive_search_seconds":0.0003141239285469055,"evaluations":132.796875,"distances_sum":53.92964301126766}, best_list's length: 13, n: 9999
  == End Opt. BeamSearch. Iteration finished; {"score":81.62185826771653,"state":{"ssize":3,"bsize":7},"perf":{"precision":0.9071180555555539,"recall":0.9071180555555539,"f1":0.9071180555555539,"seconds":6.592273712158203e-5,"exhaustive_search_seconds":0.0003141239285469055,"evaluations":124.0234375,"distances_sum":54.70178741276032}}, beam: 4, n: 9999
  == Begin Opt. BeamSearch iteration: 2, expected recall: 0.9, n: 9999
  == End Opt. BeamSearch. Iteration finished; {"score":81.62185826771653,"state":{"ssize":3,"bsize":7},"perf":{"precision":0.9071180555555539,"recall":0.9071180555555539,"f1":0.9071180555555539,"seconds":6.592273712158203e-5,"exhaustive_search_seconds":0.0003141239285469055,"evaluations":124.0234375,"distances_sum":54.70178741276032}}, beam: 4, n: 9999
==== END Opt. BeamSearch. Finished, best: {"score":81.62185826771653,"state":{"ssize":3,"bsize":7},"perf":{"precision":0.9071180555555539,"recall":0.9071180555555539,"f1":0.9071180555555539,"seconds":6.592273712158203e-5,"exhaustive_search_seconds":0.0003141239285469055,"evaluations":124.0234375,"distances_sum":54.70178741276032}}, n: 9999
added n=10000, neighborhood=4, 2020-01-03T01:31:32.181
[ Info: done; now testing
res = KnnResult(10, Item[Item(1217, 0.03635279271960868), Item(5099, 0.037337028088011516), Item(6546, 0.040079171419367454), Item(46, 0.0430898656989253), Item(7053, 0.047740958682827295), Item(2794, 0.047933511968102555), Item(3173, 0.058579899472129014), Item(1295, 0.05883608191465798), Item(2254, 0.07039778541585903), Item(904, 0.08342832662176469)])
[ Info: inserting items to the index
==== BEGIN Opt. BeamSearch, expected recall: 0.9, n: 9
  == Begin Opt. BeamSearch iteration: 1, expected recall: 0.9, n: 9
    ** Opt. BeamSearch. A new best conf was found> score: 0.173828125, conf: {"ssize":5,"bsize":1}, perf: {"precision":null,"recall":0.173828125,"f1":null,"seconds":3.159046173095703e-6,"exhaustive_search_seconds":1.6558915376663208e-6,"evaluations":5.4453125,"distances_sum":82.06206126804511}, best_list's length: 2, n: 9
    ** Opt. BeamSearch. A new best conf was found> score: 0.4033203125, conf: {"ssize":4,"bsize":2}, perf: {"precision":null,"recall":0.4033203125,"f1":null,"seconds":3.93204391002655e-6,"exhaustive_search_seconds":1.6558915376663208e-6,"evaluations":5.9921875,"distances_sum":174.53017866422775}, best_list's length: 3, n: 9
    ** Opt. BeamSearch. A new best conf was found> score: 0.42578125, conf: {"ssize":3,"bsize":2}, perf: {"precision":null,"recall":0.42578125,"f1":null,"seconds":4.2244791984558105e-6,"exhaustive_search_seconds":1.6558915376663208e-6,"evaluations":6.3359375,"distances_sum":189.86612771946005}, best_list's length: 4, n: 9
  == End Opt. BeamSearch. Iteration finished; {"score":0.42578125,"state":{"ssize":3,"bsize":2},"perf":{"precision":null,"recall":0.42578125,"f1":null,"seconds":4.2244791984558105e-6,"exhaustive_search_seconds":1.6558915376663208e-6,"evaluations":6.3359375,"distances_sum":189.86612771946005}}, beam: 4, n: 9
  == Begin Opt. BeamSearch iteration: 2, expected recall: 0.9, n: 9
    ** Opt. BeamSearch. A new best conf was found> score: 0.8447265625, conf: {"ssize":3,"bsize":6}, perf: {"precision":1.0,"recall":0.8447265625,"f1":0.9065195221445229,"seconds":5.930662155151367e-6,"exhaustive_search_seconds":1.6558915376663208e-6,"evaluations":8.421875,"distances_sum":420.6977470644655}, best_list's length: 5, n: 9
    ** Opt. BeamSearch. A new best conf was found> score: 0.5341796875, conf: {"ssize":5,"bsize":3}, perf: {"precision":null,"recall":0.5341796875,"f1":null,"seconds":4.5709311962127686e-6,"exhaustive_search_seconds":1.6558915376663208e-6,"evaluations":6.6015625,"distances_sum":242.8281092255484}, best_list's length: 6, n: 9
    ** Opt. BeamSearch. A new best conf was found> score: 0.552734375, conf: {"ssize":6,"bsize":3}, perf: {"precision":1.0,"recall":0.552734375,"f1":0.6926769411144416,"seconds":4.755333065986633e-6,"exhaustive_search_seconds":1.6558915376663208e-6,"evaluations":6.8046875,"distances_sum":252.28339637477708}, best_list's length: 8, n: 9
    ** Opt. BeamSearch. A new best conf was found> score: 0.6630859375, conf: {"ssize":2,"bsize":4}, perf: {"precision":1.0,"recall":0.6630859375,"f1":0.7831704753579761,"seconds":5.109235644340515e-6,"exhaustive_search_seconds":1.6558915376663208e-6,"evaluations":7.25,"distances_sum":312.7639426178459}, best_list's length: 9, n: 9
    ** Opt. BeamSearch. A new best conf was found> score: 0.8583984375, conf: {"ssize":7,"bsize":6}, perf: {"precision":1.0,"recall":0.8583984375,"f1":0.9172936438561446,"seconds":6.372109055519104e-6,"exhaustive_search_seconds":1.6558915376663208e-6,"evaluations":8.5625,"distances_sum":431.6174248292904}, best_list's length: 10, n: 9
    ** Opt. BeamSearch. A new best conf was found> score: 0.7802734375, conf: {"ssize":2,"bsize":5}, perf: {"precision":1.0,"recall":0.7802734375,"f1":0.8670111138861147,"seconds":5.638226866722107e-6,"exhaustive_search_seconds":1.6558915376663208e-6,"evaluations":8.015625,"distances_sum":383.3492503474672}, best_list's length: 13, n: 9
  == End Opt. BeamSearch. Iteration finished; {"score":0.8583984375,"state":{"ssize":7,"bsize":6},"perf":{"precision":1.0,"recall":0.8583984375,"f1":0.9172936438561446,"seconds":6.372109055519104e-6,"exhaustive_search_seconds":1.6558915376663208e-6,"evaluations":8.5625,"distances_sum":431.6174248292904}}, beam: 4, n: 9
  == Begin Opt. BeamSearch iteration: 3, expected recall: 0.9, n: 9
    ** Opt. BeamSearch. A new best conf was found> score: 0.8798828125, conf: {"ssize":4,"bsize":7}, perf: {"precision":1.0,"recall":0.8798828125,"f1":0.9302770146520154,"seconds":6.187707185745239e-6,"exhaustive_search_seconds":1.6558915376663208e-6,"evaluations":8.6484375,"distances_sum":451.5845412054224}, best_list's length: 5, n: 9
    ** Opt. BeamSearch. A new best conf was found> score: 0.8935546875, conf: {"ssize":3,"bsize":7}, perf: {"precision":1.0,"recall":0.8935546875,"f1":0.9368964368964375,"seconds":6.103888154029846e-6,"exhaustive_search_seconds":1.6558915376663208e-6,"evaluations":8.65625,"distances_sum":458.41112393943473}, best_list's length: 7, n: 9
    ** Opt. BeamSearch. A new best conf was found> score: 2.024, conf: {"ssize":2,"bsize":9}, perf: {"precision":1.0,"recall":0.919921875,"f1":0.9545043498168502,"seconds":6.323680281639099e-6,"exhaustive_search_seconds":1.6558915376663208e-6,"evaluations":8.7890625,"distances_sum":475.5892750748795}, best_list's length: 10, n: 9
    ** Opt. BeamSearch. A new best conf was found> score: 2.0267379679144386, conf: {"ssize":1,"bsize":10}, perf: {"precision":1.0,"recall":0.921875,"f1":0.9545501373626378,"seconds":6.3069164752960205e-6,"exhaustive_search_seconds":1.6558915376663208e-6,"evaluations":8.765625,"distances_sum":473.6608953535132}, best_list's length: 11, n: 9
    ** Opt. BeamSearch. A new best conf was found> score: 0.8857421875, conf: {"ssize":1,"bsize":8}, perf: {"precision":1.0,"recall":0.8857421875,"f1":0.9334764194139198,"seconds":6.016343832015991e-6,"exhaustive_search_seconds":1.6558915376663208e-6,"evaluations":8.625,"distances_sum":452.41581223355456}, best_list's length: 13, n: 9
  == End Opt. BeamSearch. Iteration finished; {"score":2.0267379679144386,"state":{"ssize":1,"bsize":10},"perf":{"precision":1.0,"recall":0.921875,"f1":0.9545501373626378,"seconds":6.3069164752960205e-6,"exhaustive_search_seconds":1.6558915376663208e-6,"evaluations":8.765625,"distances_sum":473.6608953535132}}, beam: 4, n: 9
==== END Opt. BeamSearch. Finished, best: {"score":2.0267379679144386,"state":{"ssize":1,"bsize":10},"perf":{"precision":1.0,"recall":0.921875,"f1":0.9545501373626378,"seconds":6.3069164752960205e-6,"exhaustive_search_seconds":1.6558915376663208e-6,"evaluations":8.765625,"distances_sum":473.6608953535132}}, n: 9
==== BEGIN Opt. BeamSearch, expected recall: 0.9, n: 99
  == Begin Opt. BeamSearch iteration: 1, expected recall: 0.9, n: 99
    ** Opt. BeamSearch. A new best conf was found> score: 3.71931330472103, conf: {"ssize":1,"bsize":8}, perf: {"precision":0.9522569444444435,"recall":0.9522569444444435,"f1":0.9522569444444435,"seconds":1.9337981939315796e-5,"exhaustive_search_seconds":6.3907355070114136e-6,"evaluations":36.40625,"distances_sum":277.2017988461161}, best_list's length: 6, n: 99
  == End Opt. BeamSearch. Iteration finished; {"score":3.71931330472103,"state":{"ssize":1,"bsize":8},"perf":{"precision":0.9522569444444435,"recall":0.9522569444444435,"f1":0.9522569444444435,"seconds":1.9337981939315796e-5,"exhaustive_search_seconds":6.3907355070114136e-6,"evaluations":36.40625,"distances_sum":277.2017988461161}}, beam: 4, n: 99
  == Begin Opt. BeamSearch iteration: 2, expected recall: 0.9, n: 99
    ** Opt. BeamSearch. A new best conf was found> score: 3.7577801958650707, conf: {"ssize":2,"bsize":8}, perf: {"precision":0.9444444444444435,"recall":0.9444444444444435,"f1":0.9444444444444435,"seconds":1.6260892152786255e-5,"exhaustive_search_seconds":6.3907355070114136e-6,"evaluations":35.8984375,"distances_sum":277.61078564038655}, best_list's length: 7, n: 99
    ** Opt. BeamSearch. A new best conf was found> score: 3.876078075351793, conf: {"ssize":1,"bsize":7}, perf: {"precision":0.9001736111111097,"recall":0.9001736111111097,"f1":0.9001736111111097,"seconds":1.578591763973236e-5,"exhaustive_search_seconds":6.3907355070114136e-6,"evaluations":34.421875,"distances_sum":283.1029754639809}, best_list's length: 9, n: 99
  == End Opt. BeamSearch. Iteration finished; {"score":3.876078075351793,"state":{"ssize":1,"bsize":7},"perf":{"precision":0.9001736111111097,"recall":0.9001736111111097,"f1":0.9001736111111097,"seconds":1.578591763973236e-5,"exhaustive_search_seconds":6.3907355070114136e-6,"evaluations":34.421875,"distances_sum":283.1029754639809}}, beam: 4, n: 99
  == Begin Opt. BeamSearch iteration: 3, expected recall: 0.9, n: 99
  == End Opt. BeamSearch. Iteration finished; {"score":3.876078075351793,"state":{"ssize":1,"bsize":7},"perf":{"precision":0.9001736111111097,"recall":0.9001736111111097,"f1":0.9001736111111097,"seconds":1.578591763973236e-5,"exhaustive_search_seconds":6.3907355070114136e-6,"evaluations":34.421875,"distances_sum":283.1029754639809}}, beam: 4, n: 99
==== END Opt. BeamSearch. Finished, best: {"score":3.876078075351793,"state":{"ssize":1,"bsize":7},"perf":{"precision":0.9001736111111097,"recall":0.9001736111111097,"f1":0.9001736111111097,"seconds":1.578591763973236e-5,"exhaustive_search_seconds":6.3907355070114136e-6,"evaluations":34.421875,"distances_sum":283.1029754639809}}, n: 99
==== BEGIN Opt. BeamSearch, expected recall: 0.9, n: 999
  == Begin Opt. BeamSearch iteration: 1, expected recall: 0.9, n: 999
  == End Opt. BeamSearch. Iteration finished; {"score":14.926377695491178,"state":{"ssize":1,"bsize":7},"perf":{"precision":0.9088541666666653,"recall":0.9088541666666653,"f1":0.9088541666666653,"seconds":3.2493844628334045e-5,"exhaustive_search_seconds":3.115646541118622e-5,"evaluations":71.734375,"distances_sum":123.60794851798777}}, beam: 4, n: 999
==== END Opt. BeamSearch. Finished, best: {"score":14.926377695491178,"state":{"ssize":1,"bsize":7},"perf":{"precision":0.9088541666666653,"recall":0.9088541666666653,"f1":0.9088541666666653,"seconds":3.2493844628334045e-5,"exhaustive_search_seconds":3.115646541118622e-5,"evaluations":71.734375,"distances_sum":123.60794851798777}}, n: 999
added n=5000, neighborhood=4, 2020-01-03T01:31:33.814
==== BEGIN Opt. BeamSearch, expected recall: 0.9, n: 9999
  == Begin Opt. BeamSearch iteration: 1, expected recall: 0.9, n: 9999
    ** Opt. BeamSearch. A new best conf was found> score: 70.6491075315629, conf: {"ssize":13,"bsize":13}, perf: {"precision":0.9991319444444444,"recall":0.9991319444444444,"f1":0.9991319444444444,"seconds":0.00015332363545894623,"exhaustive_search_seconds":0.0003417655825614929,"evaluations":143.5625,"distances_sum":53.93073846399997}, best_list's length: 2, n: 9999
    ** Opt. BeamSearch. A new best conf was found> score: 62.33473906167633, conf: {"ssize":1,"bsize":20}, perf: {"precision":1.0,"recall":1.0,"f1":1.0,"seconds":0.00010165199637413025,"exhaustive_search_seconds":0.0003417655825614929,"evaluations":163.0234375,"distances_sum":53.92964301126766}, best_list's length: 3, n: 9999
    ** Opt. BeamSearch. A new best conf was found> score: 78.42253947129635, conf: {"ssize":15,"bsize":9}, perf: {"precision":0.9765624999999996,"recall":0.9765624999999996,"f1":0.9765624999999996,"seconds":7.023103535175323e-5,"exhaustive_search_seconds":0.0003417655825614929,"evaluations":129.1484375,"distances_sum":54.02545815602418}, best_list's length: 6, n: 9999
    ** Opt. BeamSearch. A new best conf was found> score: 67.53178770078495, conf: {"ssize":4,"bsize":14}, perf: {"precision":0.9991319444444444,"recall":0.9991319444444444,"f1":0.9991319444444444,"seconds":8.494779467582703e-5,"exhaustive_search_seconds":0.0003417655825614929,"evaluations":150.2890625,"distances_sum":53.93073846399997}, best_list's length: 7, n: 9999
    ** Opt. BeamSearch. A new best conf was found> score: 72.37761418771959, conf: {"ssize":15,"bsize":11}, perf: {"precision":0.9982638888888888,"recall":0.9982638888888888,"f1":0.9982638888888888,"seconds":7.840245962142944e-5,"exhaustive_search_seconds":0.0003417655825614929,"evaluations":140.0859375,"distances_sum":53.93780308103697}, best_list's length: 8, n: 9999
    ** Opt. BeamSearch. A new best conf was found> score: 81.62185826771653, conf: {"ssize":3,"bsize":7}, perf: {"precision":0.9071180555555539,"recall":0.9071180555555539,"f1":0.9071180555555539,"seconds":6.514787673950195e-5,"exhaustive_search_seconds":0.0003417655825614929,"evaluations":124.0234375,"distances_sum":54.70178741276032}, best_list's length: 10, n: 9999
    ** Opt. BeamSearch. A new best conf was found> score: 75.56288960093212, conf: {"ssize":1,"bsize":11}, perf: {"precision":0.9991319444444444,"recall":0.9991319444444444,"f1":0.9991319444444444,"seconds":7.385388016700745e-5,"exhaustive_search_seconds":0.0003417655825614929,"evaluations":134.1015625,"distances_sum":53.93670762830465}, best_list's length: 12, n: 9999
    ** Opt. BeamSearch. A new best conf was found> score: 76.29544652312036, conf: {"ssize":1,"bsize":10}, perf: {"precision":1.0,"recall":1.0,"f1":1.0,"seconds":7.224641740322113e-5,"exhaustive_search_seconds":0.0003417655825614929,"evaluations":132.796875,"distances_sum":53.92964301126766}, best_list's length: 13, n: 9999
  == End Opt. BeamSearch. Iteration finished; {"score":81.62185826771653,"state":{"ssize":3,"bsize":7},"perf":{"precision":0.9071180555555539,"recall":0.9071180555555539,"f1":0.9071180555555539,"seconds":6.514787673950195e-5,"exhaustive_search_seconds":0.0003417655825614929,"evaluations":124.0234375,"distances_sum":54.70178741276032}}, beam: 4, n: 9999
  == Begin Opt. BeamSearch iteration: 2, expected recall: 0.9, n: 9999
  == End Opt. BeamSearch. Iteration finished; {"score":81.62185826771653,"state":{"ssize":3,"bsize":7},"perf":{"precision":0.9071180555555539,"recall":0.9071180555555539,"f1":0.9071180555555539,"seconds":6.514787673950195e-5,"exhaustive_search_seconds":0.0003417655825614929,"evaluations":124.0234375,"distances_sum":54.70178741276032}}, beam: 4, n: 9999
==== END Opt. BeamSearch. Finished, best: {"score":81.62185826771653,"state":{"ssize":3,"bsize":7},"perf":{"precision":0.9071180555555539,"recall":0.9071180555555539,"f1":0.9071180555555539,"seconds":6.514787673950195e-5,"exhaustive_search_seconds":0.0003417655825614929,"evaluations":124.0234375,"distances_sum":54.70178741276032}}, n: 9999
added n=10000, neighborhood=4, 2020-01-03T01:31:34.831
[ Info: done; now testing with hint
[ Info: Hints=true, noise=false: Query time 3.314018249511719e-5
[ Info: Hints=true, noise=true: Query time 2.384185791015625e-5
[ Info: Hints=false, noise=false: Query time 5.0067901611328125e-5
[ Info: Hints=false, noise=true: Query time 5.91278076171875e-5
   Testing SimilaritySearch tests passed 
