Julia Version 1.3.0
Commit 46ce4d7933 (2019-11-26 06:09 UTC)
Platform Info:
  OS: Linux (x86_64-pc-linux-gnu)
  CPU: Intel(R) Xeon(R) Silver 4114 CPU @ 2.20GHz
  WORD_SIZE: 64
  LIBM: libopenlibm
  LLVM: libLLVM-6.0.1 (ORCJIT, skylake)
Environment:
  JULIA_DEPOT_PATH = ::/usr/local/share/julia

 Resolving package versions...
 Installed GCMAES ─ v0.1.0
 Installed BSON ─── v0.2.4
  Updating `~/.julia/environments/v1.3/Project.toml`
  [4aa9d100] + GCMAES v0.1.0
  Updating `~/.julia/environments/v1.3/Manifest.toml`
  [fbb218c0] + BSON v0.2.4
  [4aa9d100] + GCMAES v0.1.0
  [ade2ca70] + Dates 
  [8ba89e20] + Distributed 
  [8f399da3] + Libdl 
  [37e2e46d] + LinearAlgebra 
  [de0858da] + Printf 
  [9a3f8284] + Random 
  [9e88b42a] + Serialization 
  [6462fe0b] + Sockets 
  [2f01184e] + SparseArrays 
  [10745b16] + Statistics 
  [4ec0a83e] + Unicode 
   Testing GCMAES
 Resolving package versions...
 Installed ForwardDiff ────────── v0.10.8
 Installed OpenSpecFun_jll ────── v0.5.3+1
 Installed DiffResults ────────── v1.0.1
 Installed DiffRules ──────────── v1.0.0
 Installed NaNMath ────────────── v0.3.3
 Installed CommonSubexpressions ─ v0.2.0
 Installed StaticArrays ───────── v0.12.1
 Installed SpecialFunctions ───── v0.9.0
    Status `/tmp/jl_LGdyfJ/Manifest.toml`
  [fbb218c0] BSON v0.2.4
  [bbf7d656] CommonSubexpressions v0.2.0
  [163ba53b] DiffResults v1.0.1
  [b552c78f] DiffRules v1.0.0
  [f6369f11] ForwardDiff v0.10.8
  [4aa9d100] GCMAES v0.1.0
  [77ba4419] NaNMath v0.3.3
  [efe28fd5] OpenSpecFun_jll v0.5.3+1
  [276daf66] SpecialFunctions v0.9.0
  [90137ffa] StaticArrays v0.12.1
  [2a0f44e3] Base64  [`@stdlib/Base64`]
  [ade2ca70] Dates  [`@stdlib/Dates`]
  [8ba89e20] Distributed  [`@stdlib/Distributed`]
  [b77e0a4c] InteractiveUtils  [`@stdlib/InteractiveUtils`]
  [76f85450] LibGit2  [`@stdlib/LibGit2`]
  [8f399da3] Libdl  [`@stdlib/Libdl`]
  [37e2e46d] LinearAlgebra  [`@stdlib/LinearAlgebra`]
  [56ddb016] Logging  [`@stdlib/Logging`]
  [d6f4376e] Markdown  [`@stdlib/Markdown`]
  [44cfe95a] Pkg  [`@stdlib/Pkg`]
  [de0858da] Printf  [`@stdlib/Printf`]
  [3fa0cd96] REPL  [`@stdlib/REPL`]
  [9a3f8284] Random  [`@stdlib/Random`]
  [ea8e919c] SHA  [`@stdlib/SHA`]
  [9e88b42a] Serialization  [`@stdlib/Serialization`]
  [6462fe0b] Sockets  [`@stdlib/Sockets`]
  [2f01184e] SparseArrays  [`@stdlib/SparseArrays`]
  [10745b16] Statistics  [`@stdlib/Statistics`]
  [8dfed614] Test  [`@stdlib/Test`]
  [cf7118a7] UUIDs  [`@stdlib/UUIDs`]
  [4ec0a83e] Unicode  [`@stdlib/Unicode`]
27-14 CMA-ES
time:09:37:03.903  iter:1  elapsed-time:7.17  pmap-time:1.23  grad-time:0.00  ls-time:0.45 ls-dec:0.00e+00
fcount:27  fval:2.59e+04  fmin:2.59e+04  norm:1.34e+01  penalty:0.00e+00  axis-ratio:1.00e+00  free-mem:280.54GB
time:09:37:11.818  iter:2  elapsed-time:7.76  pmap-time:0.00  grad-time:0.00  ls-time:0.00 ls-dec:0.00e+00
fcount:54  fval:2.58e+04  fmin:2.58e+04  norm:1.34e+01  penalty:0.00e+00  axis-ratio:1.00e+00  free-mem:280.42GB
time:09:37:11.918  iter:3  elapsed-time:0.10  pmap-time:0.00  grad-time:0.00  ls-time:0.00 ls-dec:0.00e+00
fcount:81  fval:2.55e+04  fmin:2.55e+04  norm:1.33e+01  penalty:0.00e+00  axis-ratio:1.00e+00  free-mem:280.34GB
time:09:37:12.058  iter:4  elapsed-time:0.13  pmap-time:0.00  grad-time:0.00  ls-time:0.00 ls-dec:0.00e+00
fcount:108  fval:2.55e+04  fmin:2.55e+04  norm:1.34e+01  penalty:0.00e+00  axis-ratio:1.00e+00  free-mem:280.18GB
time:09:37:12.182  iter:5  elapsed-time:0.10  pmap-time:0.00  grad-time:0.00  ls-time:0.00 ls-dec:0.00e+00
fcount:135  fval:2.53e+04  fmin:2.53e+04  norm:1.33e+01  penalty:0.00e+00  axis-ratio:1.00e+00  free-mem:280.34GB
time:09:37:12.372  iter:6  elapsed-time:0.18  pmap-time:0.00  grad-time:0.00  ls-time:0.00 ls-dec:0.00e+00
fcount:162  fval:2.52e+04  fmin:2.52e+04  norm:1.33e+01  penalty:0.00e+00  axis-ratio:1.00e+00  free-mem:280.80GB
time:09:37:12.611  iter:7  elapsed-time:0.23  pmap-time:0.00  grad-time:0.00  ls-time:0.00 ls-dec:0.00e+00
fcount:189  fval:2.51e+04  fmin:2.51e+04  norm:1.32e+01  penalty:0.00e+00  axis-ratio:1.00e+00  free-mem:280.55GB
time:09:37:12.83  iter:8  elapsed-time:0.20  pmap-time:0.01  grad-time:0.00  ls-time:0.00 ls-dec:0.00e+00
fcount:216  fval:2.50e+04  fmin:2.50e+04  norm:1.32e+01  penalty:0.00e+00  axis-ratio:1.00e+00  free-mem:280.36GB
time:09:37:12.99  iter:9  elapsed-time:0.15  pmap-time:0.00  grad-time:0.00  ls-time:0.00 ls-dec:0.00e+00
fcount:243  fval:2.49e+04  fmin:2.49e+04  norm:1.32e+01  penalty:0.00e+00  axis-ratio:1.00e+00  free-mem:280.27GB
time:09:37:13.183  iter:10  elapsed-time:0.18  pmap-time:0.01  grad-time:0.00  ls-time:0.00 ls-dec:0.00e+00
fcount:270  fval:2.48e+04  fmin:2.48e+04  norm:1.32e+01  penalty:0.00e+00  axis-ratio:1.00e+00  free-mem:280.11GB
time:09:37:13.359  iter:11  elapsed-time:0.17  pmap-time:0.00  grad-time:0.00  ls-time:0.00 ls-dec:0.00e+00
fcount:297  fval:2.46e+04  fmin:2.46e+04  norm:1.31e+01  penalty:0.00e+00  axis-ratio:1.00e+00  free-mem:279.95GB
time:09:37:13.723  iter:12  elapsed-time:0.35  pmap-time:0.00  grad-time:0.00  ls-time:0.00 ls-dec:0.00e+00
fcount:324  fval:2.43e+04  fmin:2.43e+04  norm:1.31e+01  penalty:0.00e+00  axis-ratio:1.00e+00  free-mem:280.11GB
time:09:37:13.842  iter:13  elapsed-time:0.11  pmap-time:0.00  grad-time:0.00  ls-time:0.00 ls-dec:0.00e+00
fcount:351  fval:2.43e+04  fmin:2.43e+04  norm:1.31e+01  penalty:0.00e+00  axis-ratio:1.00e+00  free-mem:280.22GB
time:09:37:31.583  iter:14  elapsed-time:17.73  pmap-time:0.01  grad-time:0.00  ls-time:0.00 ls-dec:0.00e+00
fcount:378  fval:2.41e+04  fmin:2.41e+04  norm:1.30e+01  penalty:0.00e+00  axis-ratio:1.00e+00  free-mem:280.33GB
time:09:37:31.778  iter:15  elapsed-time:0.19  pmap-time:0.00  grad-time:0.00  ls-time:0.00 ls-dec:0.00e+00
fcount:405  fval:2.39e+04  fmin:2.39e+04  norm:1.30e+01  penalty:0.00e+00  axis-ratio:1.00e+00  free-mem:280.20GB
time:09:37:31.87  iter:16  elapsed-time:0.09  pmap-time:0.00  grad-time:0.00  ls-time:0.00 ls-dec:0.00e+00
fcount:432  fval:2.38e+04  fmin:2.38e+04  norm:1.29e+01  penalty:0.00e+00  axis-ratio:1.00e+00  free-mem:280.19GB
time:09:37:32.049  iter:17  elapsed-time:0.18  pmap-time:0.00  grad-time:0.00  ls-time:0.00 ls-dec:0.00e+00
fcount:459  fval:2.37e+04  fmin:2.37e+04  norm:1.29e+01  penalty:0.00e+00  axis-ratio:1.00e+00  free-mem:280.35GB
time:09:37:32.207  iter:18  elapsed-time:0.16  pmap-time:0.00  grad-time:0.00  ls-time:0.00 ls-dec:0.00e+00
fcount:486  fval:2.36e+04  fmin:2.36e+04  norm:1.29e+01  penalty:0.00e+00  axis-ratio:1.00e+00  free-mem:280.23GB
time:09:37:32.306  iter:19  elapsed-time:0.10  pmap-time:0.00  grad-time:0.00  ls-time:0.00 ls-dec:0.00e+00
fcount:513  fval:2.35e+04  fmin:2.35e+04  norm:1.28e+01  penalty:0.00e+00  axis-ratio:1.00e+00  free-mem:280.07GB
time:09:37:32.508  iter:20  elapsed-time:0.20  pmap-time:0.00  grad-time:0.00  ls-time:0.00 ls-dec:0.00e+00
fcount:540  fval:2.33e+04  fmin:2.33e+04  norm:1.29e+01  penalty:0.00e+00  axis-ratio:1.00e+00  free-mem:279.84GB
time:09:37:32.718  iter:21  elapsed-time:0.21  pmap-time:0.00  grad-time:0.00  ls-time:0.00 ls-dec:0.00e+00
fcount:567  fval:2.33e+04  fmin:2.33e+04  norm:1.28e+01  penalty:0.00e+00  axis-ratio:1.00e+00  free-mem:279.73GB
time:09:37:32.819  iter:22  elapsed-time:0.10  pmap-time:0.00  grad-time:0.00  ls-time:0.00 ls-dec:0.00e+00
fcount:594  fval:2.31e+04  fmin:2.31e+04  norm:1.28e+01  penalty:0.00e+00  axis-ratio:1.00e+00  free-mem:279.67GB
time:09:37:33.002  iter:23  elapsed-time:0.18  pmap-time:0.00  grad-time:0.00  ls-time:0.00 ls-dec:0.00e+00
fcount:621  fval:2.30e+04  fmin:2.30e+04  norm:1.28e+01  penalty:0.00e+00  axis-ratio:1.00e+00  free-mem:279.75GB
time:09:37:33.103  iter:24  elapsed-time:0.10  pmap-time:0.00  grad-time:0.00  ls-time:0.00 ls-dec:0.00e+00
fcount:648  fval:2.29e+04  fmin:2.29e+04  norm:1.28e+01  penalty:0.00e+00  axis-ratio:1.00e+00  free-mem:280.16GB
time:09:37:33.183  iter:25  elapsed-time:0.08  pmap-time:0.00  grad-time:0.00  ls-time:0.00 ls-dec:0.00e+00
fcount:675  fval:2.28e+04  fmin:2.28e+04  norm:1.27e+01  penalty:0.00e+00  axis-ratio:1.00e+00  free-mem:280.14GB
time:09:37:33.306  iter:26  elapsed-time:0.12  pmap-time:0.00  grad-time:0.00  ls-time:0.00 ls-dec:0.00e+00
fcount:702  fval:2.27e+04  fmin:2.27e+04  norm:1.27e+01  penalty:0.00e+00  axis-ratio:1.00e+00  free-mem:280.01GB
time:09:37:33.519  iter:27  elapsed-time:0.20  pmap-time:0.00  grad-time:0.00  ls-time:0.00 ls-dec:0.00e+00
fcount:729  fval:2.26e+04  fmin:2.26e+04  norm:1.27e+01  penalty:0.00e+00  axis-ratio:1.00e+00  free-mem:279.69GB
time:09:37:51.019  iter:28  elapsed-time:17.50  pmap-time:0.00  grad-time:0.00  ls-time:0.00 ls-dec:0.00e+00
fcount:756  fval:2.25e+04  fmin:2.25e+04  norm:1.26e+01  penalty:0.00e+00  axis-ratio:1.00e+00  free-mem:278.07GB
time:09:37:51.407  iter:29  elapsed-time:0.38  pmap-time:0.00  grad-time:0.00  ls-time:0.00 ls-dec:0.00e+00
fcount:783  fval:2.23e+04  fmin:2.23e+04  norm:1.26e+01  penalty:0.00e+00  axis-ratio:1.00e+00  free-mem:277.91GB
time:09:37:51.694  iter:30  elapsed-time:0.28  pmap-time:0.00  grad-time:0.00  ls-time:0.00 ls-dec:0.00e+00
fcount:810  fval:2.22e+04  fmin:2.22e+04  norm:1.26e+01  penalty:0.00e+00  axis-ratio:1.00e+00  free-mem:277.78GB
time:09:37:51.85  iter:31  elapsed-time:0.15  pmap-time:0.00  grad-time:0.00  ls-time:0.00 ls-dec:0.00e+00
fcount:837  fval:2.21e+04  fmin:2.21e+04  norm:1.26e+01  penalty:0.00e+00  axis-ratio:1.00e+00  free-mem:277.85GB
time:09:37:51.974  iter:32  elapsed-time:0.12  pmap-time:0.00  grad-time:0.00  ls-time:0.00 ls-dec:0.00e+00
fcount:864  fval:2.20e+04  fmin:2.20e+04  norm:1.25e+01  penalty:0.00e+00  axis-ratio:1.00e+00  free-mem:277.78GB
time:09:37:52.189  iter:33  elapsed-time:0.21  pmap-time:0.00  grad-time:0.00  ls-time:0.00 ls-dec:0.00e+00
fcount:891  fval:2.19e+04  fmin:2.19e+04  norm:1.25e+01  penalty:0.00e+00  axis-ratio:1.00e+00  free-mem:278.23GB
time:09:37:52.426  iter:34  elapsed-time:0.23  pmap-time:0.00  grad-time:0.00  ls-time:0.00 ls-dec:0.00e+00
fcount:918  fval:2.18e+04  fmin:2.18e+04  norm:1.25e+01  penalty:0.00e+00  axis-ratio:1.00e+00  free-mem:278.31GB
time:09:37:52.598  iter:35  elapsed-time:0.17  pmap-time:0.00  grad-time:0.00  ls-time:0.00 ls-dec:0.00e+00
fcount:945  fval:2.17e+04  fmin:2.17e+04  norm:1.25e+01  penalty:0.00e+00  axis-ratio:1.00e+00  free-mem:278.25GB
time:09:37:52.784  iter:36  elapsed-time:0.19  pmap-time:0.00  grad-time:0.00  ls-time:0.00 ls-dec:0.00e+00
fcount:972  fval:2.16e+04  fmin:2.16e+04  norm:1.24e+01  penalty:0.00e+00  axis-ratio:1.00e+00  free-mem:278.24GB
time:09:37:53.018  iter:37  elapsed-time:0.23  pmap-time:0.00  grad-time:0.00  ls-time:0.00 ls-dec:0.00e+00
fcount:999  fval:2.14e+04  fmin:2.14e+04  norm:1.24e+01  penalty:0.00e+00  axis-ratio:1.00e+00  free-mem:278.27GB
time:09:37:53.249  iter:38  elapsed-time:0.23  pmap-time:0.10  grad-time:0.00  ls-time:0.00 ls-dec:0.00e+00
fcount:1026  fval:2.13e+04  fmin:2.13e+04  norm:1.24e+01  penalty:0.00e+00  axis-ratio:1.00e+00  free-mem:278.38GB
time:09:37:53.406  iter:39  elapsed-time:0.14  pmap-time:0.00  grad-time:0.00  ls-time:0.00 ls-dec:0.00e+00
fcount:1053  fval:2.11e+04  fmin:2.11e+04  norm:1.23e+01  penalty:0.00e+00  axis-ratio:1.00e+00  free-mem:278.37GB
time:09:37:53.648  iter:40  elapsed-time:0.24  pmap-time:0.00  grad-time:0.00  ls-time:0.00 ls-dec:0.00e+00
fcount:1080  fval:2.11e+04  fmin:2.11e+04  norm:1.23e+01  penalty:0.00e+00  axis-ratio:1.00e+00  free-mem:278.16GB
time:09:37:53.8  iter:41  elapsed-time:0.15  pmap-time:0.00  grad-time:0.00  ls-time:0.00 ls-dec:0.00e+00
fcount:1107  fval:2.09e+04  fmin:2.09e+04  norm:1.23e+01  penalty:0.00e+00  axis-ratio:1.00e+00  free-mem:278.17GB
time:09:38:07.87  iter:42  elapsed-time:14.06  pmap-time:0.00  grad-time:0.00  ls-time:0.00 ls-dec:0.00e+00
fcount:1134  fval:2.08e+04  fmin:2.08e+04  norm:1.22e+01  penalty:0.00e+00  axis-ratio:1.00e+00  free-mem:279.31GB
time:09:38:08.11  iter:43  elapsed-time:0.23  pmap-time:0.00  grad-time:0.00  ls-time:0.00 ls-dec:0.00e+00
fcount:1161  fval:2.06e+04  fmin:2.06e+04  norm:1.22e+01  penalty:0.00e+00  axis-ratio:1.00e+00  free-mem:279.49GB
time:09:38:08.259  iter:44  elapsed-time:0.14  pmap-time:0.00  grad-time:0.00  ls-time:0.00 ls-dec:0.00e+00
fcount:1188  fval:2.06e+04  fmin:2.06e+04  norm:1.22e+01  penalty:0.00e+00  axis-ratio:1.00e+00  free-mem:279.43GB
time:09:38:08.658  iter:45  elapsed-time:0.37  pmap-time:0.00  grad-time:0.00  ls-time:0.00 ls-dec:0.00e+00
fcount:1215  fval:2.05e+04  fmin:2.05e+04  norm:1.22e+01  penalty:0.00e+00  axis-ratio:1.00e+00  free-mem:279.78GB
time:09:38:08.866  iter:46  elapsed-time:0.20  pmap-time:0.00  grad-time:0.00  ls-time:0.00 ls-dec:0.00e+00
fcount:1242  fval:2.04e+04  fmin:2.04e+04  norm:1.22e+01  penalty:0.00e+00  axis-ratio:1.00e+00  free-mem:279.64GB
time:09:38:09.497  iter:47  elapsed-time:0.61  pmap-time:0.01  grad-time:0.00  ls-time:0.00 ls-dec:0.00e+00
fcount:1269  fval:2.02e+04  fmin:2.02e+04  norm:1.21e+01  penalty:0.00e+00  axis-ratio:1.00e+00  free-mem:279.40GB
time:09:38:09.657  iter:48  elapsed-time:0.15  pmap-time:0.00  grad-time:0.00  ls-time:0.00 ls-dec:0.00e+00
fcount:1296  fval:2.02e+04  fmin:2.02e+04  norm:1.21e+01  penalty:0.00e+00  axis-ratio:1.00e+00  free-mem:279.30GB
time:09:38:09.822  iter:49  elapsed-time:0.14  pmap-time:0.00  grad-time:0.00  ls-time:0.00 ls-dec:0.00e+00
fcount:1323  fval:2.02e+04  fmin:2.02e+04  norm:1.21e+01  penalty:0.00e+00  axis-ratio:1.00e+00  free-mem:279.25GB
time:09:38:09.989  iter:50  elapsed-time:0.15  pmap-time:0.00  grad-time:0.00  ls-time:0.00 ls-dec:0.00e+00
fcount:1350  fval:2.01e+04  fmin:2.01e+04  norm:1.21e+01  penalty:0.00e+00  axis-ratio:1.00e+00  free-mem:279.21GB
time:09:38:10.229  iter:51  elapsed-time:0.23  pmap-time:0.05  grad-time:0.00  ls-time:0.00 ls-dec:0.00e+00
fcount:1377  fval:2.00e+04  fmin:2.00e+04  norm:1.21e+01  penalty:0.00e+00  axis-ratio:1.00e+00  free-mem:279.09GB
time:09:38:10.364  iter:52  elapsed-time:0.13  pmap-time:0.00  grad-time:0.00  ls-time:0.00 ls-dec:0.00e+00
fcount:1404  fval:1.98e+04  fmin:1.98e+04  norm:1.20e+01  penalty:0.00e+00  axis-ratio:1.00e+00  free-mem:278.98GB
time:09:38:10.443  iter:53  elapsed-time:0.08  pmap-time:0.00  grad-time:0.00  ls-time:0.00 ls-dec:0.00e+00
fcount:1431  fval:1.97e+04  fmin:1.97e+04  norm:1.20e+01  penalty:0.00e+00  axis-ratio:1.00e+00  free-mem:279.06GB
time:09:38:10.622  iter:54  elapsed-time:0.17  pmap-time:0.02  grad-time:0.00  ls-time:0.00 ls-dec:0.00e+00
fcount:1458  fval:1.96e+04  fmin:1.96e+04  norm:1.20e+01  penalty:0.00e+00  axis-ratio:1.00e+00  free-mem:279.14GB
time:09:38:13.789  iter:55  elapsed-time:3.17  pmap-time:0.00  grad-time:0.00  ls-time:0.00 ls-dec:0.00e+00
fcount:1485  fval:1.96e+04  fmin:1.96e+04  norm:1.20e+01  penalty:0.00e+00  axis-ratio:1.00e+00  free-mem:278.27GB
time:09:38:22.572  iter:56  elapsed-time:8.77  pmap-time:0.01  grad-time:0.00  ls-time:0.00 ls-dec:0.00e+00
fcount:1512  fval:1.94e+04  fmin:1.94e+04  norm:1.19e+01  penalty:0.00e+00  axis-ratio:1.00e+00  free-mem:277.30GB
time:09:38:22.899  iter:57  elapsed-time:0.33  pmap-time:0.00  grad-time:0.00  ls-time:0.00 ls-dec:0.00e+00
fcount:1539  fval:1.93e+04  fmin:1.93e+04  norm:1.19e+01  penalty:0.00e+00  axis-ratio:1.00e+00  free-mem:277.96GB
time:09:38:23.002  iter:58  elapsed-time:0.10  pmap-time:0.00  grad-time:0.00  ls-time:0.00 ls-dec:0.00e+00
fcount:1566  fval:1.92e+04  fmin:1.92e+04  norm:1.19e+01  penalty:0.00e+00  axis-ratio:1.00e+00  free-mem:277.97GB
time:09:38:23.094  iter:59  elapsed-time:0.09  pmap-time:0.00  grad-time:0.00  ls-time:0.00 ls-dec:0.00e+00
fcount:1593  fval:1.92e+04  fmin:1.92e+04  norm:1.18e+01  penalty:0.00e+00  axis-ratio:1.00e+00  free-mem:278.12GB
time:09:38:23.186  iter:60  elapsed-time:0.09  pmap-time:0.00  grad-time:0.00  ls-time:0.00 ls-dec:0.00e+00
fcount:1620  fval:1.90e+04  fmin:1.90e+04  norm:1.18e+01  penalty:0.00e+00  axis-ratio:1.00e+00  free-mem:278.09GB
time:09:38:23.292  iter:61  elapsed-time:0.10  pmap-time:0.00  grad-time:0.00  ls-time:0.00 ls-dec:0.00e+00
fcount:1647  fval:1.90e+04  fmin:1.90e+04  norm:1.18e+01  penalty:0.00e+00  axis-ratio:1.00e+00  free-mem:278.01GB
time:09:38:23.437  iter:62  elapsed-time:0.14  pmap-time:0.00  grad-time:0.00  ls-time:0.00 ls-dec:0.00e+00
fcount:1674  fval:1.88e+04  fmin:1.88e+04  norm:1.18e+01  penalty:0.00e+00  axis-ratio:1.00e+00  free-mem:277.93GB
time:09:38:23.561  iter:63  elapsed-time:0.12  pmap-time:0.00  grad-time:0.00  ls-time:0.00 ls-dec:0.00e+00
fcount:1701  fval:1.87e+04  fmin:1.87e+04  norm:1.17e+01  penalty:0.00e+00  axis-ratio:1.00e+00  free-mem:277.89GB
time:09:38:23.616  iter:64  elapsed-time:0.05  pmap-time:0.00  grad-time:0.00  ls-time:0.00 ls-dec:0.00e+00
fcount:1728  fval:1.86e+04  fmin:1.86e+04  norm:1.17e+01  penalty:0.00e+00  axis-ratio:1.00e+00  free-mem:277.87GB
time:09:38:23.742  iter:65  elapsed-time:0.13  pmap-time:0.00  grad-time:0.00  ls-time:0.00 ls-dec:0.00e+00
fcount:1755  fval:1.86e+04  fmin:1.86e+04  norm:1.17e+01  penalty:0.00e+00  axis-ratio:1.00e+00  free-mem:277.79GB
time:09:38:23.834  iter:66  elapsed-time:0.09  pmap-time:0.00  grad-time:0.00  ls-time:0.00 ls-dec:0.00e+00
fcount:1782  fval:1.85e+04  fmin:1.85e+04  norm:1.17e+01  penalty:0.00e+00  axis-ratio:1.00e+00  free-mem:277.74GB
time:09:38:24.085  iter:67  elapsed-time:0.25  pmap-time:0.00  grad-time:0.00  ls-time:0.00 ls-dec:0.00e+00
fcount:1809  fval:1.84e+04  fmin:1.84e+04  norm:1.16e+01  penalty:0.00e+00  axis-ratio:1.00e+00  free-mem:277.67GB
time:09:38:24.425  iter:68  elapsed-time:0.34  pmap-time:0.00  grad-time:0.00  ls-time:0.00 ls-dec:0.00e+00
fcount:1836  fval:1.83e+04  fmin:1.83e+04  norm:1.16e+01  penalty:0.00e+00  axis-ratio:1.00e+00  free-mem:277.97GB
time:09:38:24.925  iter:69  elapsed-time:0.50  pmap-time:0.00  grad-time:0.00  ls-time:0.00 ls-dec:0.00e+00
fcount:1863  fval:1.82e+04  fmin:1.82e+04  norm:1.16e+01  penalty:0.00e+00  axis-ratio:1.00e+00  free-mem:277.73GB
time:09:38:38.799  iter:70  elapsed-time:13.87  pmap-time:0.00  grad-time:0.00  ls-time:0.00 ls-dec:0.00e+00
fcount:1890  fval:1.81e+04  fmin:1.81e+04  norm:1.16e+01  penalty:0.00e+00  axis-ratio:1.01e+00  free-mem:279.79GB
time:09:38:39.157  iter:71  elapsed-time:0.35  pmap-time:0.01  grad-time:0.00  ls-time:0.00 ls-dec:0.00e+00
fcount:1917  fval:1.81e+04  fmin:1.81e+04  norm:1.16e+01  penalty:0.00e+00  axis-ratio:1.01e+00  free-mem:279.55GB
time:09:38:39.51  iter:72  elapsed-time:0.32  pmap-time:0.03  grad-time:0.00  ls-time:0.00 ls-dec:0.00e+00
fcount:1944  fval:1.80e+04  fmin:1.80e+04  norm:1.15e+01  penalty:0.00e+00  axis-ratio:1.01e+00  free-mem:279.86GB
time:09:38:39.728  iter:73  elapsed-time:0.20  pmap-time:0.00  grad-time:0.00  ls-time:0.00 ls-dec:0.00e+00
fcount:1971  fval:1.79e+04  fmin:1.79e+04  norm:1.16e+01  penalty:0.00e+00  axis-ratio:1.01e+00  free-mem:279.81GB
time:09:38:39.917  iter:74  elapsed-time:0.18  pmap-time:0.00  grad-time:0.00  ls-time:0.00 ls-dec:0.00e+00
fcount:1998  fval:1.78e+04  fmin:1.78e+04  norm:1.15e+01  penalty:0.00e+00  axis-ratio:1.01e+00  free-mem:279.82GB
time:09:38:40.119  iter:75  elapsed-time:0.20  pmap-time:0.00  grad-time:0.00  ls-time:0.00 ls-dec:0.00e+00
fcount:2025  fval:1.77e+04  fmin:1.77e+04  norm:1.14e+01  penalty:0.00e+00  axis-ratio:1.01e+00  free-mem:279.87GB
time:09:38:40.289  iter:76  elapsed-time:0.15  pmap-time:0.00  grad-time:0.00  ls-time:0.00 ls-dec:0.00e+00
fcount:2052  fval:1.76e+04  fmin:1.76e+04  norm:1.14e+01  penalty:0.00e+00  axis-ratio:1.01e+00  free-mem:279.95GB
time:09:38:40.404  iter:77  elapsed-time:0.10  pmap-time:0.00  grad-time:0.00  ls-time:0.00 ls-dec:0.00e+00
fcount:2079  fval:1.75e+04  fmin:1.75e+04  norm:1.14e+01  penalty:0.00e+00  axis-ratio:1.01e+00  free-mem:280.01GB
time:09:38:40.521  iter:78  elapsed-time:0.12  pmap-time:0.00  grad-time:0.00  ls-time:0.00 ls-dec:0.00e+00
fcount:2106  fval:1.75e+04  fmin:1.75e+04  norm:1.14e+01  penalty:0.00e+00  axis-ratio:1.01e+00  free-mem:280.11GB
time:09:38:40.619  iter:79  elapsed-time:0.10  pmap-time:0.00  grad-time:0.00  ls-time:0.00 ls-dec:0.00e+00
fcount:2133  fval:1.73e+04  fmin:1.73e+04  norm:1.14e+01  penalty:0.00e+00  axis-ratio:1.01e+00  free-mem:280.12GB
time:09:38:40.742  iter:80  elapsed-time:0.12  pmap-time:0.00  grad-time:0.00  ls-time:0.00 ls-dec:0.00e+00
fcount:2160  fval:1.73e+04  fmin:1.73e+04  norm:1.13e+01  penalty:0.00e+00  axis-ratio:1.01e+00  free-mem:280.29GB
time:09:38:40.832  iter:81  elapsed-time:0.07  pmap-time:0.00  grad-time:0.00  ls-time:0.00 ls-dec:0.00e+00
fcount:2187  fval:1.72e+04  fmin:1.72e+04  norm:1.13e+01  penalty:0.00e+00  axis-ratio:1.01e+00  free-mem:280.27GB
time:09:38:40.923  iter:82  elapsed-time:0.07  pmap-time:0.00  grad-time:0.00  ls-time:0.00 ls-dec:0.00e+00
fcount:2214  fval:1.71e+04  fmin:1.71e+04  norm:1.13e+01  penalty:0.00e+00  axis-ratio:1.01e+00  free-mem:280.25GB
time:09:38:41.009  iter:83  elapsed-time:0.07  pmap-time:0.00  grad-time:0.00  ls-time:0.00 ls-dec:0.00e+00
fcount:2241  fval:1.70e+04  fmin:1.70e+04  norm:1.13e+01  penalty:0.00e+00  axis-ratio:1.01e+00  free-mem:280.24GB
time:09:38:52.837  iter:84  elapsed-time:11.80  pmap-time:0.00  grad-time:0.00  ls-time:0.00 ls-dec:0.00e+00
fcount:2268  fval:1.70e+04  fmin:1.70e+04  norm:1.13e+01  penalty:0.00e+00  axis-ratio:1.01e+00  free-mem:279.20GB
time:09:38:53.138  iter:85  elapsed-time:0.30  pmap-time:0.00  grad-time:0.00  ls-time:0.00 ls-dec:0.00e+00
fcount:2295  fval:1.70e+04  fmin:1.70e+04  norm:1.12e+01  penalty:0.00e+00  axis-ratio:1.01e+00  free-mem:279.16GB
time:09:38:53.366  iter:86  elapsed-time:0.21  pmap-time:0.02  grad-time:0.00  ls-time:0.00 ls-dec:0.00e+00
fcount:2322  fval:1.68e+04  fmin:1.68e+04  norm:1.12e+01  penalty:0.00e+00  axis-ratio:1.01e+00  free-mem:279.10GB
time:09:38:53.618  iter:87  elapsed-time:0.23  pmap-time:0.00  grad-time:0.00  ls-time:0.00 ls-dec:0.00e+00
fcount:2349  fval:1.68e+04  fmin:1.68e+04  norm:1.12e+01  penalty:0.00e+00  axis-ratio:1.01e+00  free-mem:279.22GB
time:09:38:53.759  iter:88  elapsed-time:0.13  pmap-time:0.01  grad-time:0.00  ls-time:0.00 ls-dec:0.00e+00
fcount:2376  fval:1.67e+04  fmin:1.67e+04  norm:1.12e+01  penalty:0.00e+00  axis-ratio:1.01e+00  free-mem:279.05GB
time:09:38:53.868  iter:89  elapsed-time:0.09  pmap-time:0.00  grad-time:0.00  ls-time:0.00 ls-dec:0.00e+00
fcount:2403  fval:1.66e+04  fmin:1.66e+04  norm:1.12e+01  penalty:0.00e+00  axis-ratio:1.01e+00  free-mem:279.17GB
time:09:38:53.994  iter:90  elapsed-time:0.12  pmap-time:0.00  grad-time:0.00  ls-time:0.00 ls-dec:0.00e+00
fcount:2430  fval:1.65e+04  fmin:1.65e+04  norm:1.11e+01  penalty:0.00e+00  axis-ratio:1.01e+00  free-mem:279.14GB
time:09:38:54.547  iter:91  elapsed-time:0.55  pmap-time:0.00  grad-time:0.00  ls-time:0.00 ls-dec:0.00e+00
fcount:2457  fval:1.64e+04  fmin:1.64e+04  norm:1.11e+01  penalty:0.00e+00  axis-ratio:1.01e+00  free-mem:278.67GB
time:09:38:54.729  iter:92  elapsed-time:0.16  pmap-time:0.00  grad-time:0.00  ls-time:0.00 ls-dec:0.00e+00
fcount:2484  fval:1.63e+04  fmin:1.63e+04  norm:1.11e+01  penalty:0.00e+00  axis-ratio:1.01e+00  free-mem:278.59GB
time:09:38:54.851  iter:93  elapsed-time:0.10  pmap-time:0.00  grad-time:0.00  ls-time:0.00 ls-dec:0.00e+00
fcount:2511  fval:1.62e+04  fmin:1.62e+04  norm:1.10e+01  penalty:0.00e+00  axis-ratio:1.01e+00  free-mem:278.56GB
time:09:38:55.009  iter:94  elapsed-time:0.15  pmap-time:0.01  grad-time:0.00  ls-time:0.00 ls-dec:0.00e+00
fcount:2538  fval:1.62e+04  fmin:1.62e+04  norm:1.10e+01  penalty:0.00e+00  axis-ratio:1.01e+00  free-mem:278.51GB
time:09:38:55.192  iter:95  elapsed-time:0.17  pmap-time:0.00  grad-time:0.00  ls-time:0.00 ls-dec:0.00e+00
fcount:2565  fval:1.61e+04  fmin:1.61e+04  norm:1.10e+01  penalty:0.00e+00  axis-ratio:1.01e+00  free-mem:278.70GB
time:09:38:55.263  iter:96  elapsed-time:0.06  pmap-time:0.00  grad-time:0.00  ls-time:0.00 ls-dec:0.00e+00
fcount:2592  fval:1.60e+04  fmin:1.60e+04  norm:1.10e+01  penalty:0.00e+00  axis-ratio:1.01e+00  free-mem:278.78GB
time:09:38:55.41  iter:97  elapsed-time:0.13  pmap-time:0.00  grad-time:0.00  ls-time:0.00 ls-dec:0.00e+00
fcount:2619  fval:1.60e+04  fmin:1.60e+04  norm:1.10e+01  penalty:0.00e+00  axis-ratio:1.01e+00  free-mem:278.86GB
time:09:39:09.19  iter:98  elapsed-time:13.77  pmap-time:0.00  grad-time:0.00  ls-time:0.00 ls-dec:0.00e+00
fcount:2646  fval:1.58e+04  fmin:1.58e+04  norm:1.10e+01  penalty:0.00e+00  axis-ratio:1.01e+00  free-mem:280.05GB
time:09:39:09.438  iter:99  elapsed-time:0.25  pmap-time:0.01  grad-time:0.00  ls-time:0.00 ls-dec:0.00e+00
fcount:2673  fval:1.58e+04  fmin:1.58e+04  norm:1.09e+01  penalty:0.00e+00  axis-ratio:1.01e+00  free-mem:280.46GB
time:09:39:09.622  iter:100  elapsed-time:0.18  pmap-time:0.01  grad-time:0.00  ls-time:0.00 ls-dec:0.00e+00
fcount:2700  fval:1.58e+04  fmin:1.58e+04  norm:1.09e+01  penalty:0.00e+00  axis-ratio:1.01e+00  free-mem:280.61GB
time:09:39:09.775  iter:101  elapsed-time:0.15  pmap-time:0.00  grad-time:0.00  ls-time:0.00 ls-dec:0.00e+00
fcount:2727  fval:1.56e+04  fmin:1.56e+04  norm:1.09e+01  penalty:0.00e+00  axis-ratio:1.01e+00  free-mem:280.55GB
time:09:39:09.915  iter:102  elapsed-time:0.13  pmap-time:0.00  grad-time:0.00  ls-time:0.00 ls-dec:0.00e+00
fcount:2754  fval:1.55e+04  fmin:1.55e+04  norm:1.09e+01  penalty:0.00e+00  axis-ratio:1.01e+00  free-mem:280.52GB
time:09:39:10.124  iter:103  elapsed-time:0.21  pmap-time:0.00  grad-time:0.00  ls-time:0.00 ls-dec:0.00e+00
fcount:2781  fval:1.55e+04  fmin:1.55e+04  norm:1.08e+01  penalty:0.00e+00  axis-ratio:1.01e+00  free-mem:280.46GB
time:09:39:10.33  iter:104  elapsed-time:0.21  pmap-time:0.01  grad-time:0.00  ls-time:0.00 ls-dec:0.00e+00
fcount:2808  fval:1.54e+04  fmin:1.54e+04  norm:1.08e+01  penalty:0.00e+00  axis-ratio:1.01e+00  free-mem:280.42GB
time:09:39:10.496  iter:105  elapsed-time:0.17  pmap-time:0.00  grad-time:0.00  ls-time:0.00 ls-dec:0.00e+00
fcount:2835  fval:1.53e+04  fmin:1.53e+04  norm:1.08e+01  penalty:0.00e+00  axis-ratio:1.01e+00  free-mem:280.25GB
time:09:39:10.594  iter:106  elapsed-time:0.10  pmap-time:0.00  grad-time:0.00  ls-time:0.00 ls-dec:0.00e+00
fcount:2862  fval:1.52e+04  fmin:1.52e+04  norm:1.08e+01  penalty:0.00e+00  axis-ratio:1.01e+00  free-mem:280.41GB
time:09:39:10.806  iter:107  elapsed-time:0.21  pmap-time:0.00  grad-time:0.00  ls-time:0.00 ls-dec:0.00e+00
fcount:2889  fval:1.51e+04  fmin:1.51e+04  norm:1.07e+01  penalty:0.00e+00  axis-ratio:1.01e+00  free-mem:280.75GB
time:09:39:11.047  iter:108  elapsed-time:0.24  pmap-time:0.00  grad-time:0.00  ls-time:0.00 ls-dec:0.00e+00
fcount:2916  fval:1.51e+04  fmin:1.51e+04  norm:1.08e+01  penalty:0.00e+00  axis-ratio:1.01e+00  free-mem:280.73GB
time:09:39:11.265  iter:109  elapsed-time:0.22  pmap-time:0.00  grad-time:0.00  ls-time:0.00 ls-dec:0.00e+00
fcount:2943  fval:1.51e+04  fmin:1.51e+04  norm:1.07e+01  penalty:0.00e+00  axis-ratio:1.01e+00  free-mem:280.58GB
time:09:39:11.457  iter:110  elapsed-time:0.19  pmap-time:0.00  grad-time:0.00  ls-time:0.00 ls-dec:0.00e+00
fcount:2970  fval:1.50e+04  fmin:1.50e+04  norm:1.07e+01  penalty:0.00e+00  axis-ratio:1.01e+00  free-mem:280.60GB
time:09:39:23.262  iter:111  elapsed-time:11.80  pmap-time:0.00  grad-time:0.00  ls-time:0.00 ls-dec:0.00e+00
fcount:2997  fval:1.49e+04  fmin:1.49e+04  norm:1.07e+01  penalty:0.00e+00  axis-ratio:1.01e+00  free-mem:279.93GB
time:09:39:26.31  iter:112  elapsed-time:3.05  pmap-time:0.00  grad-time:0.00  ls-time:0.00 ls-dec:0.00e+00
fcount:3024  fval:1.48e+04  fmin:1.48e+04  norm:1.07e+01  penalty:0.00e+00  axis-ratio:1.01e+00  free-mem:281.09GB
time:09:39:26.517  iter:113  elapsed-time:0.20  pmap-time:0.00  grad-time:0.00  ls-time:0.00 ls-dec:0.00e+00
fcount:3051  fval:1.48e+04  fmin:1.48e+04  norm:1.07e+01  penalty:0.00e+00  axis-ratio:1.01e+00  free-mem:281.01GB
time:09:39:26.652  iter:114  elapsed-time:0.13  pmap-time:0.00  grad-time:0.00  ls-time:0.00 ls-dec:0.00e+00
fcount:3078  fval:1.48e+04  fmin:1.48e+04  norm:1.06e+01  penalty:0.00e+00  axis-ratio:1.01e+00  free-mem:280.91GB
time:09:39:26.798  iter:115  elapsed-time:0.14  pmap-time:0.00  grad-time:0.00  ls-time:0.00 ls-dec:0.00e+00
fcount:3105  fval:1.47e+04  fmin:1.47e+04  norm:1.06e+01  penalty:0.00e+00  axis-ratio:1.01e+00  free-mem:280.86GB
time:09:39:26.961  iter:116  elapsed-time:0.15  pmap-time:0.00  grad-time:0.00  ls-time:0.00 ls-dec:0.00e+00
fcount:3132  fval:1.46e+04  fmin:1.46e+04  norm:1.06e+01  penalty:0.00e+00  axis-ratio:1.01e+00  free-mem:280.95GB
time:09:39:27.077  iter:117  elapsed-time:0.10  pmap-time:0.00  grad-time:0.00  ls-time:0.00 ls-dec:0.00e+00
fcount:3159  fval:1.45e+04  fmin:1.45e+04  norm:1.06e+01  penalty:0.00e+00  axis-ratio:1.01e+00  free-mem:280.83GB
time:09:39:27.241  iter:118  elapsed-time:0.15  pmap-time:0.00  grad-time:0.00  ls-time:0.00 ls-dec:0.00e+00
fcount:3186  fval:1.44e+04  fmin:1.44e+04  norm:1.06e+01  penalty:0.00e+00  axis-ratio:1.01e+00  free-mem:280.61GB
time:09:39:27.344  iter:119  elapsed-time:0.09  pmap-time:0.01  grad-time:0.00  ls-time:0.00 ls-dec:0.00e+00
fcount:3213  fval:1.44e+04  fmin:1.44e+04  norm:1.05e+01  penalty:0.00e+00  axis-ratio:1.01e+00  free-mem:280.50GB
time:09:39:27.826  iter:120  elapsed-time:0.48  pmap-time:0.00  grad-time:0.00  ls-time:0.00 ls-dec:0.00e+00
fcount:3240  fval:1.43e+04  fmin:1.43e+04  norm:1.05e+01  penalty:0.00e+00  axis-ratio:1.01e+00  free-mem:280.30GB
time:09:39:27.897  iter:121  elapsed-time:0.06  pmap-time:0.00  grad-time:0.00  ls-time:0.00 ls-dec:0.00e+00
fcount:3267  fval:1.42e+04  fmin:1.42e+04  norm:1.05e+01  penalty:0.00e+00  axis-ratio:1.01e+00  free-mem:280.21GB
time:09:39:28.028  iter:122  elapsed-time:0.12  pmap-time:0.00  grad-time:0.00  ls-time:0.00 ls-dec:0.00e+00
fcount:3294  fval:1.41e+04  fmin:1.41e+04  norm:1.05e+01  penalty:0.00e+00  axis-ratio:1.01e+00  free-mem:280.26GB
time:09:39:28.129  iter:123  elapsed-time:0.09  pmap-time:0.00  grad-time:0.00  ls-time:0.00 ls-dec:0.00e+00
fcount:3321  fval:1.41e+04  fmin:1.41e+04  norm:1.05e+01  penalty:0.00e+00  axis-ratio:1.01e+00  free-mem:280.31GB
time:09:39:28.227  iter:124  elapsed-time:0.08  pmap-time:0.00  grad-time:0.00  ls-time:0.00 ls-dec:0.00e+00
fcount:3348  fval:1.40e+04  fmin:1.40e+04  norm:1.04e+01  penalty:0.00e+00  axis-ratio:1.01e+00  free-mem:280.17GB
time:09:39:38.494  iter:125  elapsed-time:10.26  pmap-time:0.00  grad-time:0.00  ls-time:0.00 ls-dec:0.00e+00
fcount:3375  fval:1.39e+04  fmin:1.39e+04  norm:1.04e+01  penalty:0.00e+00  axis-ratio:1.02e+00  free-mem:280.75GB
time:09:39:38.622  iter:126  elapsed-time:0.13  pmap-time:0.00  grad-time:0.00  ls-time:0.00 ls-dec:0.00e+00
fcount:3402  fval:1.37e+04  fmin:1.37e+04  norm:1.04e+01  penalty:0.00e+00  axis-ratio:1.02e+00  free-mem:280.74GB
time:09:39:38.745  iter:127  elapsed-time:0.12  pmap-time:0.02  grad-time:0.00  ls-time:0.00 ls-dec:0.00e+00
fcount:3429  fval:1.38e+04  fmin:1.37e+04  norm:1.03e+01  penalty:0.00e+00  axis-ratio:1.02e+00  free-mem:280.71GB
time:09:39:38.95  iter:128  elapsed-time:0.20  pmap-time:0.00  grad-time:0.00  ls-time:0.00 ls-dec:0.00e+00
fcount:3456  fval:1.37e+04  fmin:1.37e+04  norm:1.03e+01  penalty:0.00e+00  axis-ratio:1.02e+00  free-mem:280.60GB
time:09:39:39.302  iter:129  elapsed-time:0.35  pmap-time:0.00  grad-time:0.00  ls-time:0.00 ls-dec:0.00e+00
fcount:3483  fval:1.36e+04  fmin:1.36e+04  norm:1.03e+01  penalty:0.00e+00  axis-ratio:1.02e+00  free-mem:280.79GB
time:09:39:39.45  iter:130  elapsed-time:0.15  pmap-time:0.00  grad-time:0.00  ls-time:0.00 ls-dec:0.00e+00
fcount:3510  fval:1.35e+04  fmin:1.35e+04  norm:1.03e+01  penalty:0.00e+00  axis-ratio:1.02e+00  free-mem:280.72GB
time:09:39:39.532  iter:131  elapsed-time:0.08  pmap-time:0.00  grad-time:0.00  ls-time:0.00 ls-dec:0.00e+00
fcount:3537  fval:1.35e+04  fmin:1.35e+04  norm:1.03e+01  penalty:0.00e+00  axis-ratio:1.02e+00  free-mem:280.62GB
time:09:39:39.709  iter:132  elapsed-time:0.18  pmap-time:0.00  grad-time:0.00  ls-time:0.00 ls-dec:0.00e+00
fcount:3564  fval:1.33e+04  fmin:1.33e+04  norm:1.02e+01  penalty:0.00e+00  axis-ratio:1.02e+00  free-mem:280.66GB
time:09:39:39.885  iter:133  elapsed-time:0.17  pmap-time:0.00  grad-time:0.00  ls-time:0.00 ls-dec:0.00e+00
fcount:3591  fval:1.33e+04  fmin:1.33e+04  norm:1.02e+01  penalty:0.00e+00  axis-ratio:1.02e+00  free-mem:280.69GB
time:09:39:40.054  iter:134  elapsed-time:0.17  pmap-time:0.00  grad-time:0.00  ls-time:0.00 ls-dec:0.00e+00
fcount:3618  fval:1.31e+04  fmin:1.31e+04  norm:1.02e+01  penalty:0.00e+00  axis-ratio:1.02e+00  free-mem:280.55GB
time:09:39:40.248  iter:135  elapsed-time:0.19  pmap-time:0.00  grad-time:0.00  ls-time:0.00 ls-dec:0.00e+00
fcount:3645  fval:1.31e+04  fmin:1.31e+04  norm:1.02e+01  penalty:0.00e+00  axis-ratio:1.02e+00  free-mem:280.44GB
time:09:39:40.432  iter:136  elapsed-time:0.17  pmap-time:0.00  grad-time:0.00  ls-time:0.00 ls-dec:0.00e+00
fcount:3672  fval:1.29e+04  fmin:1.29e+04  norm:1.01e+01  penalty:0.00e+00  axis-ratio:1.02e+00  free-mem:280.46GB
time:09:39:40.502  iter:137  elapsed-time:0.06  pmap-time:0.00  grad-time:0.00  ls-time:0.00 ls-dec:0.00e+00
fcount:3699  fval:1.29e+04  fmin:1.29e+04  norm:1.01e+01  penalty:0.00e+00  axis-ratio:1.02e+00  free-mem:280.47GB
time:09:39:40.737  iter:138  elapsed-time:0.22  pmap-time:0.00  grad-time:0.00  ls-time:0.00 ls-dec:0.00e+00
fcount:3726  fval:1.28e+04  fmin:1.28e+04  norm:1.01e+01  penalty:0.00e+00  axis-ratio:1.02e+00  free-mem:280.47GB
time:09:39:53.119  iter:139  elapsed-time:12.38  pmap-time:0.00  grad-time:0.00  ls-time:0.00 ls-dec:0.00e+00
fcount:3753  fval:1.27e+04  fmin:1.27e+04  norm:1.01e+01  penalty:0.00e+00  axis-ratio:1.02e+00  free-mem:280.03GB
time:09:39:53.446  iter:140  elapsed-time:0.31  pmap-time:0.00  grad-time:0.00  ls-time:0.00 ls-dec:0.00e+00
fcount:3780  fval:1.26e+04  fmin:1.26e+04  norm:1.01e+01  penalty:0.00e+00  axis-ratio:1.02e+00  free-mem:279.96GB
time:09:39:53.677  iter:141  elapsed-time:0.22  pmap-time:0.00  grad-time:0.00  ls-time:0.00 ls-dec:0.00e+00
fcount:3807  fval:1.27e+04  fmin:1.26e+04  norm:1.01e+01  penalty:0.00e+00  axis-ratio:1.02e+00  free-mem:279.85GB
time:09:39:53.97  iter:142  elapsed-time:0.28  pmap-time:0.00  grad-time:0.00  ls-time:0.00 ls-dec:0.00e+00
fcount:3834  fval:1.26e+04  fmin:1.26e+04  norm:1.01e+01  penalty:0.00e+00  axis-ratio:1.02e+00  free-mem:279.60GB
time:09:39:54.059  iter:143  elapsed-time:0.09  pmap-time:0.00  grad-time:0.00  ls-time:0.00 ls-dec:0.00e+00
fcount:3861  fval:1.26e+04  fmin:1.26e+04  norm:1.00e+01  penalty:0.00e+00  axis-ratio:1.02e+00  free-mem:279.56GB
time:09:39:54.114  iter:144  elapsed-time:0.05  pmap-time:0.00  grad-time:0.00  ls-time:0.00 ls-dec:0.00e+00
fcount:3888  fval:1.25e+04  fmin:1.25e+04  norm:1.01e+01  penalty:0.00e+00  axis-ratio:1.02e+00  free-mem:279.55GB
time:09:39:54.249  iter:145  elapsed-time:0.13  pmap-time:0.00  grad-time:0.00  ls-time:0.00 ls-dec:0.00e+00
fcount:3915  fval:1.24e+04  fmin:1.24e+04  norm:1.00e+01  penalty:0.00e+00  axis-ratio:1.02e+00  free-mem:279.65GB
time:09:39:54.356  iter:146  elapsed-time:0.09  pmap-time:0.00  grad-time:0.00  ls-time:0.00 ls-dec:0.00e+00
fcount:3942  fval:1.24e+04  fmin:1.24e+04  norm:1.00e+01  penalty:0.00e+00  axis-ratio:1.02e+00  free-mem:279.81GB
time:09:39:54.508  iter:147  elapsed-time:0.14  pmap-time:0.00  grad-time:0.00  ls-time:0.00 ls-dec:0.00e+00
fcount:3969  fval:1.23e+04  fmin:1.23e+04  norm:1.00e+01  penalty:0.00e+00  axis-ratio:1.02e+00  free-mem:279.72GB
time:09:39:54.671  iter:148  elapsed-time:0.16  pmap-time:0.01  grad-time:0.00  ls-time:0.00 ls-dec:0.00e+00
fcount:3996  fval:1.23e+04  fmin:1.23e+04  norm:1.00e+01  penalty:0.00e+00  axis-ratio:1.02e+00  free-mem:279.82GB
time:09:39:54.861  iter:149  elapsed-time:0.18  pmap-time:0.00  grad-time:0.00  ls-time:0.00 ls-dec:0.00e+00
fcount:4023  fval:1.22e+04  fmin:1.22e+04  norm:9.99e+00  penalty:0.00e+00  axis-ratio:1.02e+00  free-mem:279.94GB
time:09:39:55.131  iter:150  elapsed-time:0.23  pmap-time:0.02  grad-time:0.00  ls-time:0.00 ls-dec:0.00e+00
fcount:4050  fval:1.21e+04  fmin:1.21e+04  norm:9.93e+00  penalty:0.00e+00  axis-ratio:1.02e+00  free-mem:279.96GB
time:09:39:55.278  iter:151  elapsed-time:0.13  pmap-time:0.02  grad-time:0.01  ls-time:0.00 ls-dec:0.00e+00
fcount:4077  fval:1.21e+04  fmin:1.21e+04  norm:9.93e+00  penalty:0.00e+00  axis-ratio:1.02e+00  free-mem:280.27GB
time:09:39:55.363  iter:152  elapsed-time:0.07  pmap-time:0.00  grad-time:0.00  ls-time:0.00 ls-dec:0.00e+00
fcount:4104  fval:1.21e+04  fmin:1.21e+04  norm:9.90e+00  penalty:0.00e+00  axis-ratio:1.02e+00  free-mem:280.23GB
time:09:40:08.21  iter:153  elapsed-time:12.83  pmap-time:0.00  grad-time:0.00  ls-time:0.00 ls-dec:0.00e+00
fcount:4131  fval:1.20e+04  fmin:1.20e+04  norm:9.90e+00  penalty:0.00e+00  axis-ratio:1.03e+00  free-mem:278.57GB
time:09:40:08.355  iter:154  elapsed-time:0.14  pmap-time:0.00  grad-time:0.00  ls-time:0.00 ls-dec:0.00e+00
fcount:4158  fval:1.20e+04  fmin:1.20e+04  norm:9.91e+00  penalty:0.00e+00  axis-ratio:1.03e+00  free-mem:278.42GB
time:09:40:08.458  iter:155  elapsed-time:0.09  pmap-time:0.00  grad-time:0.00  ls-time:0.00 ls-dec:0.00e+00
fcount:4185  fval:1.19e+04  fmin:1.19e+04  norm:9.91e+00  penalty:0.00e+00  axis-ratio:1.03e+00  free-mem:278.45GB
time:09:40:08.591  iter:156  elapsed-time:0.13  pmap-time:0.00  grad-time:0.00  ls-time:0.00 ls-dec:0.00e+00
fcount:4212  fval:1.19e+04  fmin:1.19e+04  norm:9.86e+00  penalty:0.00e+00  axis-ratio:1.03e+00  free-mem:278.24GB
time:09:40:08.711  iter:157  elapsed-time:0.11  pmap-time:0.00  grad-time:0.00  ls-time:0.00 ls-dec:0.00e+00
fcount:4239  fval:1.17e+04  fmin:1.17e+04  norm:9.86e+00  penalty:0.00e+00  axis-ratio:1.03e+00  free-mem:278.16GB
time:09:40:08.921  iter:158  elapsed-time:0.20  pmap-time:0.00  grad-time:0.00  ls-time:0.00 ls-dec:0.00e+00
fcount:4266  fval:1.17e+04  fmin:1.17e+04  norm:9.86e+00  penalty:0.00e+00  axis-ratio:1.03e+00  free-mem:278.04GB
time:09:40:09.283  iter:159  elapsed-time:0.35  pmap-time:0.00  grad-time:0.00  ls-time:0.00 ls-dec:0.00e+00
fcount:4293  fval:1.16e+04  fmin:1.16e+04  norm:9.80e+00  penalty:0.00e+00  axis-ratio:1.03e+00  free-mem:278.34GB
time:09:40:09.405  iter:160  elapsed-time:0.12  pmap-time:0.00  grad-time:0.00  ls-time:0.00 ls-dec:0.00e+00
fcount:4320  fval:1.16e+04  fmin:1.16e+04  norm:9.80e+00  penalty:0.00e+00  axis-ratio:1.03e+00  free-mem:278.26GB
time:09:40:09.53  iter:161  elapsed-time:0.12  pmap-time:0.00  grad-time:0.00  ls-time:0.00 ls-dec:0.00e+00
fcount:4347  fval:1.15e+04  fmin:1.15e+04  norm:9.77e+00  penalty:0.00e+00  axis-ratio:1.03e+00  free-mem:278.16GB
time:09:40:09.747  iter:162  elapsed-time:0.20  pmap-time:0.00  grad-time:0.00  ls-time:0.00 ls-dec:0.00e+00
fcount:4374  fval:1.15e+04  fmin:1.15e+04  norm:9.77e+00  penalty:0.00e+00  axis-ratio:1.03e+00  free-mem:278.33GB
time:09:40:09.999  iter:163  elapsed-time:0.25  pmap-time:0.00  grad-time:0.00  ls-time:0.00 ls-dec:0.00e+00
fcount:4401  fval:1.14e+04  fmin:1.14e+04  norm:9.76e+00  penalty:0.00e+00  axis-ratio:1.03e+00  free-mem:278.57GB
time:09:40:10.139  iter:164  elapsed-time:0.13  pmap-time:0.00  grad-time:0.00  ls-time:0.00 ls-dec:0.00e+00
fcount:4428  fval:1.14e+04  fmin:1.14e+04  norm:9.75e+00  penalty:0.00e+00  axis-ratio:1.03e+00  free-mem:278.46GB
time:09:40:10.285  iter:165  elapsed-time:0.14  pmap-time:0.00  grad-time:0.00  ls-time:0.00 ls-dec:0.00e+00
fcount:4455  fval:1.13e+04  fmin:1.13e+04  norm:9.77e+00  penalty:0.00e+00  axis-ratio:1.03e+00  free-mem:278.28GB
time:09:40:10.53  iter:166  elapsed-time:0.23  pmap-time:0.00  grad-time:0.00  ls-time:0.00 ls-dec:0.00e+00
fcount:4482  fval:1.13e+04  fmin:1.13e+04  norm:9.72e+00  penalty:0.00e+00  axis-ratio:1.03e+00  free-mem:278.16GB
time:09:40:20.886  iter:167  elapsed-time:10.34  pmap-time:0.00  grad-time:0.00  ls-time:0.00 ls-dec:0.00e+00
fcount:4509  fval:1.12e+04  fmin:1.12e+04  norm:9.70e+00  penalty:0.00e+00  axis-ratio:1.03e+00  free-mem:276.10GB
time:09:40:21.217  iter:168  elapsed-time:0.32  pmap-time:0.00  grad-time:0.00  ls-time:0.00 ls-dec:0.00e+00
fcount:4536  fval:1.11e+04  fmin:1.11e+04  norm:9.66e+00  penalty:0.00e+00  axis-ratio:1.03e+00  free-mem:275.94GB
time:09:40:21.455  iter:169  elapsed-time:0.22  pmap-time:0.01  grad-time:0.00  ls-time:0.00 ls-dec:0.00e+00
fcount:4563  fval:1.11e+04  fmin:1.11e+04  norm:9.65e+00  penalty:0.00e+00  axis-ratio:1.03e+00  free-mem:275.78GB
time:09:40:21.604  iter:170  elapsed-time:0.13  pmap-time:0.00  grad-time:0.00  ls-time:0.00 ls-dec:0.00e+00
fcount:4590  fval:1.10e+04  fmin:1.10e+04  norm:9.68e+00  penalty:0.00e+00  axis-ratio:1.03e+00  free-mem:275.84GB
time:09:40:21.755  iter:171  elapsed-time:0.13  pmap-time:0.00  grad-time:0.00  ls-time:0.00 ls-dec:0.00e+00
fcount:4617  fval:1.10e+04  fmin:1.10e+04  norm:9.67e+00  penalty:0.00e+00  axis-ratio:1.03e+00  free-mem:275.72GB
time:09:40:21.926  iter:172  elapsed-time:0.16  pmap-time:0.00  grad-time:0.00  ls-time:0.00 ls-dec:0.00e+00
fcount:4644  fval:1.10e+04  fmin:1.10e+04  norm:9.63e+00  penalty:0.00e+00  axis-ratio:1.03e+00  free-mem:275.63GB
time:09:40:22.142  iter:173  elapsed-time:0.19  pmap-time:0.07  grad-time:0.00  ls-time:0.00 ls-dec:0.00e+00
fcount:4671  fval:1.09e+04  fmin:1.09e+04  norm:9.63e+00  penalty:0.00e+00  axis-ratio:1.03e+00  free-mem:275.65GB
time:09:40:22.274  iter:174  elapsed-time:0.11  pmap-time:0.00  grad-time:0.00  ls-time:0.00 ls-dec:0.00e+00
fcount:4698  fval:1.09e+04  fmin:1.09e+04  norm:9.64e+00  penalty:0.00e+00  axis-ratio:1.03e+00  free-mem:275.74GB
time:09:40:22.428  iter:175  elapsed-time:0.14  pmap-time:0.01  grad-time:0.00  ls-time:0.00 ls-dec:0.00e+00
fcount:4725  fval:1.09e+04  fmin:1.09e+04  norm:9.65e+00  penalty:0.00e+00  axis-ratio:1.03e+00  free-mem:275.66GB
time:09:40:22.562  iter:176  elapsed-time:0.12  pmap-time:0.00  grad-time:0.00  ls-time:0.00 ls-dec:0.00e+00
fcount:4752  fval:1.08e+04  fmin:1.08e+04  norm:9.61e+00  penalty:0.00e+00  axis-ratio:1.03e+00  free-mem:275.76GB
time:09:40:22.694  iter:177  elapsed-time:0.12  pmap-time:0.02  grad-time:0.00  ls-time:0.00 ls-dec:0.00e+00
fcount:4779  fval:1.07e+04  fmin:1.07e+04  norm:9.58e+00  penalty:0.00e+00  axis-ratio:1.03e+00  free-mem:275.99GB
time:09:40:22.849  iter:178  elapsed-time:0.14  pmap-time:0.00  grad-time:0.00  ls-time:0.00 ls-dec:0.00e+00
fcount:4806  fval:1.07e+04  fmin:1.07e+04  norm:9.58e+00  penalty:0.00e+00  axis-ratio:1.03e+00  free-mem:275.87GB
time:09:40:22.982  iter:179  elapsed-time:0.12  pmap-time:0.00  grad-time:0.00  ls-time:0.00 ls-dec:0.00e+00
fcount:4833  fval:1.06e+04  fmin:1.06e+04  norm:9.55e+00  penalty:0.00e+00  axis-ratio:1.03e+00  free-mem:275.82GB
time:09:40:23.119  iter:180  elapsed-time:0.13  pmap-time:0.00  grad-time:0.00  ls-time:0.00 ls-dec:0.00e+00
fcount:4860  fval:1.06e+04  fmin:1.06e+04  norm:9.57e+00  penalty:0.00e+00  axis-ratio:1.03e+00  free-mem:275.77GB
time:09:40:35.277  iter:181  elapsed-time:12.13  pmap-time:0.00  grad-time:0.00  ls-time:0.00 ls-dec:0.00e+00
fcount:4887  fval:1.05e+04  fmin:1.05e+04  norm:9.52e+00  penalty:0.00e+00  axis-ratio:1.03e+00  free-mem:275.36GB
time:09:40:37.83  iter:182  elapsed-time:2.55  pmap-time:0.00  grad-time:0.00  ls-time:0.00 ls-dec:0.00e+00
fcount:4914  fval:1.05e+04  fmin:1.05e+04  norm:9.55e+00  penalty:0.00e+00  axis-ratio:1.03e+00  free-mem:275.02GB
time:09:40:38.077  iter:183  elapsed-time:0.25  pmap-time:0.00  grad-time:0.00  ls-time:0.00 ls-dec:0.00e+00
fcount:4941  fval:1.04e+04  fmin:1.04e+04  norm:9.50e+00  penalty:0.00e+00  axis-ratio:1.03e+00  free-mem:274.99GB
time:09:40:38.223  iter:184  elapsed-time:0.14  pmap-time:0.00  grad-time:0.00  ls-time:0.00 ls-dec:0.00e+00
fcount:4968  fval:1.03e+04  fmin:1.03e+04  norm:9.51e+00  penalty:0.00e+00  axis-ratio:1.03e+00  free-mem:274.88GB
time:09:40:38.409  iter:185  elapsed-time:0.18  pmap-time:0.00  grad-time:0.00  ls-time:0.00 ls-dec:0.00e+00
fcount:4995  fval:1.03e+04  fmin:1.03e+04  norm:9.48e+00  penalty:0.00e+00  axis-ratio:1.03e+00  free-mem:274.76GB
time:09:40:38.513  iter:186  elapsed-time:0.10  pmap-time:0.00  grad-time:0.00  ls-time:0.00 ls-dec:0.00e+00
fcount:5022  fval:1.02e+04  fmin:1.02e+04  norm:9.41e+00  penalty:0.00e+00  axis-ratio:1.03e+00  free-mem:274.79GB
time:09:40:38.642  iter:187  elapsed-time:0.12  pmap-time:0.00  grad-time:0.00  ls-time:0.00 ls-dec:0.00e+00
fcount:5049  fval:1.02e+04  fmin:1.02e+04  norm:9.42e+00  penalty:0.00e+00  axis-ratio:1.03e+00  free-mem:274.70GB
time:09:40:38.77  iter:188  elapsed-time:0.12  pmap-time:0.00  grad-time:0.00  ls-time:0.00 ls-dec:0.00e+00
fcount:5076  fval:1.02e+04  fmin:1.02e+04  norm:9.42e+00  penalty:0.00e+00  axis-ratio:1.03e+00  free-mem:274.66GB
time:09:40:38.895  iter:189  elapsed-time:0.12  pmap-time:0.00  grad-time:0.00  ls-time:0.00 ls-dec:0.00e+00
fcount:5103  fval:1.01e+04  fmin:1.01e+04  norm:9.40e+00  penalty:0.00e+00  axis-ratio:1.03e+00  free-mem:274.59GB
time:09:40:39.132  iter:190  elapsed-time:0.24  pmap-time:0.00  grad-time:0.00  ls-time:0.00 ls-dec:0.00e+00
fcount:5130  fval:1.01e+04  fmin:1.01e+04  norm:9.44e+00  penalty:0.00e+00  axis-ratio:1.03e+00  free-mem:274.48GB
time:09:40:39.27  iter:191  elapsed-time:0.14  pmap-time:0.00  grad-time:0.00  ls-time:0.00 ls-dec:0.00e+00
fcount:5157  fval:1.00e+04  fmin:1.00e+04  norm:9.43e+00  penalty:0.00e+00  axis-ratio:1.03e+00  free-mem:274.40GB
time:09:40:39.361  iter:192  elapsed-time:0.09  pmap-time:0.00  grad-time:0.00  ls-time:0.00 ls-dec:0.00e+00
fcount:5184  fval:1.00e+04  fmin:1.00e+04  norm:9.39e+00  penalty:0.00e+00  axis-ratio:1.03e+00  free-mem:274.33GB
time:09:40:39.511  iter:193  elapsed-time:0.15  pmap-time:0.00  grad-time:0.00  ls-time:0.00 ls-dec:0.00e+00
fcount:5211  fval:9.92e+03  fmin:9.92e+03  norm:9.39e+00  penalty:0.00e+00  axis-ratio:1.03e+00  free-mem:274.24GB
time:09:40:39.593  iter:194  elapsed-time:0.06  pmap-time:0.00  grad-time:0.00  ls-time:0.00 ls-dec:0.00e+00
fcount:5238  fval:9.88e+03  fmin:9.88e+03  norm:9.37e+00  penalty:0.00e+00  axis-ratio:1.03e+00  free-mem:274.21GB
time:09:40:49.246  iter:195  elapsed-time:9.64  pmap-time:0.00  grad-time:0.00  ls-time:0.00 ls-dec:0.00e+00
fcount:5265  fval:9.83e+03  fmin:9.83e+03  norm:9.38e+00  penalty:0.00e+00  axis-ratio:1.04e+00  free-mem:274.71GB
time:09:40:49.444  iter:196  elapsed-time:0.18  pmap-time:0.00  grad-time:0.00  ls-time:0.00 ls-dec:0.00e+00
fcount:5292  fval:9.74e+03  fmin:9.74e+03  norm:9.29e+00  penalty:0.00e+00  axis-ratio:1.04e+00  free-mem:274.54GB
time:09:40:49.504  iter:197  elapsed-time:0.05  pmap-time:0.00  grad-time:0.00  ls-time:0.00 ls-dec:0.00e+00
fcount:5319  fval:9.73e+03  fmin:9.73e+03  norm:9.31e+00  penalty:0.00e+00  axis-ratio:1.04e+00  free-mem:274.55GB
time:09:40:49.552  iter:198  elapsed-time:0.04  pmap-time:0.00  grad-time:0.00  ls-time:0.00 ls-dec:0.00e+00
fcount:5346  fval:9.66e+03  fmin:9.66e+03  norm:9.38e+00  penalty:0.00e+00  axis-ratio:1.04e+00  free-mem:274.54GB
time:09:40:49.626  iter:199  elapsed-time:0.07  pmap-time:0.00  grad-time:0.00  ls-time:0.00 ls-dec:0.00e+00
fcount:5373  fval:9.64e+03  fmin:9.64e+03  norm:9.35e+00  penalty:0.00e+00  axis-ratio:1.04e+00  free-mem:274.67GB
time:09:40:49.697  iter:200  elapsed-time:0.06  pmap-time:0.00  grad-time:0.00  ls-time:0.00 ls-dec:0.00e+00
fcount:5400  fval:9.58e+03  fmin:9.58e+03  norm:9.36e+00  penalty:0.00e+00  axis-ratio:1.04e+00  free-mem:274.70GB
27-14 CMA-ES
time:09:40:54.308  iter:1  elapsed-time:2.67  pmap-time:0.00  grad-time:2.14  ls-time:0.24 ls-dec:0.00e+00
fcount:27  fval:9.59e+03  fmin:9.36e+03  norm:9.36e+00  penalty:0.00e+00  axis-ratio:1.00e+00  free-mem:275.13GB
time:09:40:57.691  iter:2  elapsed-time:3.38  pmap-time:0.00  grad-time:0.13  ls-time:0.00 ls-dec:0.00e+00
fcount:54  fval:9.61e+03  fmin:9.35e+03  norm:9.32e+00  penalty:0.00e+00  axis-ratio:1.00e+00  free-mem:274.04GB
time:09:40:58.05  iter:3  elapsed-time:0.36  pmap-time:0.00  grad-time:0.17  ls-time:0.00 ls-dec:0.00e+00
fcount:81  fval:9.59e+03  fmin:9.34e+03  norm:9.31e+00  penalty:0.00e+00  axis-ratio:1.00e+00  free-mem:274.21GB
time:09:40:58.441  iter:4  elapsed-time:0.38  pmap-time:0.00  grad-time:0.13  ls-time:0.00 ls-dec:0.00e+00
fcount:108  fval:9.50e+03  fmin:9.28e+03  norm:9.34e+00  penalty:0.00e+00  axis-ratio:1.00e+00  free-mem:274.44GB
time:09:40:58.695  iter:5  elapsed-time:0.25  pmap-time:0.00  grad-time:0.08  ls-time:0.00 ls-dec:0.00e+00
fcount:135  fval:9.48e+03  fmin:9.24e+03  norm:9.30e+00  penalty:0.00e+00  axis-ratio:1.00e+00  free-mem:274.24GB
time:09:40:58.94  iter:6  elapsed-time:0.24  pmap-time:0.00  grad-time:0.12  ls-time:0.00 ls-dec:0.00e+00
fcount:162  fval:9.38e+03  fmin:9.17e+03  norm:9.28e+00  penalty:0.00e+00  axis-ratio:1.00e+00  free-mem:274.13GB
time:09:40:59.163  iter:7  elapsed-time:0.21  pmap-time:0.00  grad-time:0.10  ls-time:0.00 ls-dec:0.00e+00
fcount:189  fval:9.32e+03  fmin:9.10e+03  norm:9.26e+00  penalty:0.00e+00  axis-ratio:1.00e+00  free-mem:274.43GB
time:09:40:59.314  iter:8  elapsed-time:0.15  pmap-time:0.00  grad-time:0.03  ls-time:0.00 ls-dec:0.00e+00
fcount:216  fval:9.26e+03  fmin:9.04e+03  norm:9.24e+00  penalty:0.00e+00  axis-ratio:1.00e+00  free-mem:274.67GB
time:09:40:59.692  iter:9  elapsed-time:0.37  pmap-time:0.00  grad-time:0.18  ls-time:0.00 ls-dec:0.00e+00
fcount:243  fval:9.25e+03  fmin:9.01e+03  norm:9.22e+00  penalty:0.00e+00  axis-ratio:1.00e+00  free-mem:274.83GB
time:09:40:59.961  iter:10  elapsed-time:0.25  pmap-time:0.00  grad-time:0.11  ls-time:0.00 ls-dec:0.00e+00
fcount:270  fval:9.12e+03  fmin:8.95e+03  norm:9.21e+00  penalty:0.00e+00  axis-ratio:1.00e+00  free-mem:274.79GB
time:09:41:00.21  iter:11  elapsed-time:0.25  pmap-time:0.00  grad-time:0.11  ls-time:0.00 ls-dec:0.00e+00
fcount:297  fval:9.14e+03  fmin:8.92e+03  norm:9.20e+00  penalty:0.00e+00  axis-ratio:1.00e+00  free-mem:274.66GB
time:09:41:00.546  iter:12  elapsed-time:0.31  pmap-time:0.00  grad-time:0.12  ls-time:0.00 ls-dec:0.00e+00
fcount:324  fval:9.12e+03  fmin:8.87e+03  norm:9.19e+00  penalty:0.00e+00  axis-ratio:1.00e+00  free-mem:274.51GB
time:09:41:00.865  iter:13  elapsed-time:0.32  pmap-time:0.00  grad-time:0.16  ls-time:0.00 ls-dec:0.00e+00
fcount:351  fval:9.09e+03  fmin:8.84e+03  norm:9.18e+00  penalty:0.00e+00  axis-ratio:1.00e+00  free-mem:274.60GB
time:09:41:09.957  iter:14  elapsed-time:9.09  pmap-time:0.00  grad-time:0.07  ls-time:0.00 ls-dec:0.00e+00
fcount:378  fval:9.01e+03  fmin:8.80e+03  norm:9.18e+00  penalty:0.00e+00  axis-ratio:1.00e+00  free-mem:277.95GB
time:09:41:10.34  iter:15  elapsed-time:0.38  pmap-time:0.00  grad-time:0.12  ls-time:0.00 ls-dec:0.00e+00
fcount:405  fval:8.95e+03  fmin:8.73e+03  norm:9.16e+00  penalty:0.00e+00  axis-ratio:1.00e+00  free-mem:277.84GB
time:09:41:10.693  iter:16  elapsed-time:0.34  pmap-time:0.00  grad-time:0.15  ls-time:0.00 ls-dec:0.00e+00
fcount:432  fval:8.90e+03  fmin:8.67e+03  norm:9.12e+00  penalty:0.00e+00  axis-ratio:1.00e+00  free-mem:277.82GB
time:09:41:11.182  iter:17  elapsed-time:0.49  pmap-time:0.00  grad-time:0.13  ls-time:0.00 ls-dec:0.00e+00
fcount:459  fval:8.88e+03  fmin:8.64e+03  norm:9.15e+00  penalty:0.00e+00  axis-ratio:1.00e+00  free-mem:277.86GB
time:09:41:11.39  iter:18  elapsed-time:0.20  pmap-time:0.00  grad-time:0.06  ls-time:0.00 ls-dec:0.00e+00
fcount:486  fval:8.81e+03  fmin:8.61e+03  norm:9.13e+00  penalty:0.00e+00  axis-ratio:1.00e+00  free-mem:277.83GB
time:09:41:11.961  iter:19  elapsed-time:0.56  pmap-time:0.00  grad-time:0.27  ls-time:0.00 ls-dec:0.00e+00
fcount:513  fval:8.81e+03  fmin:8.57e+03  norm:9.17e+00  penalty:0.00e+00  axis-ratio:1.00e+00  free-mem:277.73GB
time:09:41:12.134  iter:20  elapsed-time:0.17  pmap-time:0.00  grad-time:0.04  ls-time:0.00 ls-dec:0.00e+00
fcount:540  fval:8.75e+03  fmin:8.54e+03  norm:9.14e+00  penalty:0.00e+00  axis-ratio:1.00e+00  free-mem:277.83GB
time:09:41:12.25  iter:21  elapsed-time:0.10  pmap-time:0.00  grad-time:0.04  ls-time:0.00 ls-dec:0.00e+00
fcount:567  fval:8.80e+03  fmin:8.54e+03  norm:9.17e+00  penalty:0.00e+00  axis-ratio:1.00e+00  free-mem:277.80GB
time:09:41:12.366  iter:22  elapsed-time:0.11  pmap-time:0.00  grad-time:0.05  ls-time:0.00 ls-dec:0.00e+00
fcount:594  fval:8.72e+03  fmin:8.49e+03  norm:9.15e+00  penalty:0.00e+00  axis-ratio:1.00e+00  free-mem:277.68GB
time:09:41:12.46  iter:23  elapsed-time:0.08  pmap-time:0.00  grad-time:0.04  ls-time:0.00 ls-dec:0.00e+00
fcount:621  fval:8.58e+03  fmin:8.42e+03  norm:9.18e+00  penalty:0.00e+00  axis-ratio:1.00e+00  free-mem:277.67GB
time:09:41:12.574  iter:24  elapsed-time:0.10  pmap-time:0.00  grad-time:0.05  ls-time:0.00 ls-dec:0.00e+00
fcount:648  fval:8.64e+03  fmin:8.40e+03  norm:9.17e+00  penalty:0.00e+00  axis-ratio:1.00e+00  free-mem:277.94GB
time:09:41:12.784  iter:25  elapsed-time:0.20  pmap-time:0.00  grad-time:0.07  ls-time:0.00 ls-dec:0.00e+00
fcount:675  fval:8.61e+03  fmin:8.38e+03  norm:9.14e+00  penalty:0.00e+00  axis-ratio:1.00e+00  free-mem:278.09GB
time:09:41:13.099  iter:26  elapsed-time:0.31  pmap-time:0.00  grad-time:0.11  ls-time:0.00 ls-dec:0.00e+00
fcount:702  fval:8.55e+03  fmin:8.35e+03  norm:9.15e+00  penalty:0.00e+00  axis-ratio:1.00e+00  free-mem:278.10GB
time:09:41:13.247  iter:27  elapsed-time:0.15  pmap-time:0.00  grad-time:0.04  ls-time:0.00 ls-dec:0.00e+00
fcount:729  fval:8.50e+03  fmin:8.30e+03  norm:9.16e+00  penalty:0.00e+00  axis-ratio:1.00e+00  free-mem:278.14GB
time:09:41:27.528  iter:28  elapsed-time:14.27  pmap-time:0.00  grad-time:0.04  ls-time:0.00 ls-dec:0.00e+00
fcount:756  fval:8.47e+03  fmin:8.25e+03  norm:9.13e+00  penalty:0.00e+00  axis-ratio:1.00e+00  free-mem:278.82GB
time:09:41:28.069  iter:29  elapsed-time:0.51  pmap-time:0.04  grad-time:0.13  ls-time:0.00 ls-dec:0.00e+00
fcount:783  fval:8.42e+03  fmin:8.21e+03  norm:9.12e+00  penalty:0.00e+00  axis-ratio:1.00e+00  free-mem:278.82GB
time:09:41:28.383  iter:30  elapsed-time:0.31  pmap-time:0.00  grad-time:0.13  ls-time:0.00 ls-dec:0.00e+00
fcount:810  fval:8.39e+03  fmin:8.14e+03  norm:9.15e+00  penalty:0.00e+00  axis-ratio:1.00e+00  free-mem:278.82GB
time:09:41:28.711  iter:31  elapsed-time:0.31  pmap-time:0.00  grad-time:0.13  ls-time:0.00 ls-dec:0.00e+00
fcount:837  fval:8.33e+03  fmin:8.11e+03  norm:9.12e+00  penalty:0.00e+00  axis-ratio:1.00e+00  free-mem:279.18GB
time:09:41:28.949  iter:32  elapsed-time:0.24  pmap-time:0.00  grad-time:0.12  ls-time:0.00 ls-dec:0.00e+00
fcount:864  fval:8.28e+03  fmin:8.05e+03  norm:9.10e+00  penalty:0.00e+00  axis-ratio:1.00e+00  free-mem:278.99GB
time:09:41:29.048  iter:33  elapsed-time:0.10  pmap-time:0.00  grad-time:0.03  ls-time:0.00 ls-dec:0.00e+00
fcount:891  fval:8.27e+03  fmin:8.02e+03  norm:9.09e+00  penalty:0.00e+00  axis-ratio:1.00e+00  free-mem:278.87GB
time:09:41:29.42  iter:34  elapsed-time:0.37  pmap-time:0.00  grad-time:0.21  ls-time:0.00 ls-dec:0.00e+00
fcount:918  fval:8.17e+03  fmin:7.97e+03  norm:9.08e+00  penalty:0.00e+00  axis-ratio:1.00e+00  free-mem:278.82GB
time:09:41:29.834  iter:35  elapsed-time:0.41  pmap-time:0.00  grad-time:0.31  ls-time:0.00 ls-dec:0.00e+00
fcount:945  fval:8.20e+03  fmin:7.95e+03  norm:9.05e+00  penalty:0.00e+00  axis-ratio:1.00e+00  free-mem:278.93GB
time:09:41:30.494  iter:36  elapsed-time:0.64  pmap-time:0.01  grad-time:0.43  ls-time:0.00 ls-dec:0.00e+00
fcount:972  fval:8.14e+03  fmin:7.93e+03  norm:9.08e+00  penalty:0.00e+00  axis-ratio:1.00e+00  free-mem:278.54GB
time:09:41:30.689  iter:37  elapsed-time:0.19  pmap-time:0.00  grad-time:0.08  ls-time:0.00 ls-dec:0.00e+00
fcount:999  fval:8.09e+03  fmin:7.90e+03  norm:9.06e+00  penalty:0.00e+00  axis-ratio:1.00e+00  free-mem:278.52GB
time:09:41:30.959  iter:38  elapsed-time:0.23  pmap-time:0.00  grad-time:0.11  ls-time:0.00 ls-dec:0.00e+00
fcount:1026  fval:8.06e+03  fmin:7.85e+03  norm:9.05e+00  penalty:0.00e+00  axis-ratio:1.00e+00  free-mem:278.47GB
time:09:41:31.199  iter:39  elapsed-time:0.22  pmap-time:0.00  grad-time:0.11  ls-time:0.00 ls-dec:0.00e+00
fcount:1053  fval:8.00e+03  fmin:7.82e+03  norm:9.01e+00  penalty:0.00e+00  axis-ratio:1.00e+00  free-mem:278.22GB
time:09:41:31.457  iter:40  elapsed-time:0.24  pmap-time:0.01  grad-time:0.14  ls-time:0.00 ls-dec:0.00e+00
fcount:1080  fval:8.02e+03  fmin:7.79e+03  norm:9.02e+00  penalty:0.00e+00  axis-ratio:1.00e+00  free-mem:278.00GB
time:09:41:31.751  iter:41  elapsed-time:0.28  pmap-time:0.00  grad-time:0.14  ls-time:0.00 ls-dec:0.00e+00
fcount:1107  fval:7.98e+03  fmin:7.76e+03  norm:9.05e+00  penalty:0.00e+00  axis-ratio:1.00e+00  free-mem:278.06GB
time:09:41:40.465  iter:42  elapsed-time:8.70  pmap-time:0.00  grad-time:0.11  ls-time:0.00 ls-dec:0.00e+00
fcount:1134  fval:7.96e+03  fmin:7.73e+03  norm:9.01e+00  penalty:0.00e+00  axis-ratio:1.00e+00  free-mem:277.05GB
time:09:41:40.74  iter:43  elapsed-time:0.27  pmap-time:0.00  grad-time:0.06  ls-time:0.00 ls-dec:0.00e+00
fcount:1161  fval:7.92e+03  fmin:7.69e+03  norm:8.95e+00  penalty:0.00e+00  axis-ratio:1.00e+00  free-mem:277.19GB
time:09:41:40.862  iter:44  elapsed-time:0.12  pmap-time:0.00  grad-time:0.05  ls-time:0.00 ls-dec:0.00e+00
fcount:1188  fval:7.92e+03  fmin:7.67e+03  norm:9.01e+00  penalty:0.00e+00  axis-ratio:1.00e+00  free-mem:277.39GB
time:09:41:41.032  iter:45  elapsed-time:0.17  pmap-time:0.00  grad-time:0.04  ls-time:0.00 ls-dec:0.00e+00
fcount:1215  fval:7.77e+03  fmin:7.64e+03  norm:8.95e+00  penalty:0.00e+00  axis-ratio:1.00e+00  free-mem:277.76GB
time:09:41:41.212  iter:46  elapsed-time:0.17  pmap-time:0.00  grad-time:0.07  ls-time:0.00 ls-dec:0.00e+00
fcount:1242  fval:7.78e+03  fmin:7.62e+03  norm:9.00e+00  penalty:0.00e+00  axis-ratio:1.00e+00  free-mem:277.69GB
time:09:41:41.439  iter:47  elapsed-time:0.21  pmap-time:0.00  grad-time:0.11  ls-time:0.00 ls-dec:0.00e+00
fcount:1269  fval:7.81e+03  fmin:7.58e+03  norm:8.94e+00  penalty:0.00e+00  axis-ratio:1.00e+00  free-mem:277.60GB
time:09:41:42.034  iter:48  elapsed-time:0.59  pmap-time:0.00  grad-time:0.38  ls-time:0.00 ls-dec:0.00e+00
fcount:1296  fval:7.81e+03  fmin:7.57e+03  norm:8.97e+00  penalty:0.00e+00  axis-ratio:1.00e+00  free-mem:277.61GB
time:09:41:42.404  iter:49  elapsed-time:0.37  pmap-time:0.00  grad-time:0.20  ls-time:0.00 ls-dec:0.00e+00
fcount:1323  fval:7.76e+03  fmin:7.53e+03  norm:8.94e+00  penalty:0.00e+00  axis-ratio:1.00e+00  free-mem:277.36GB
time:09:41:42.542  iter:50  elapsed-time:0.13  pmap-time:0.00  grad-time:0.05  ls-time:0.00 ls-dec:0.00e+00
fcount:1350  fval:7.75e+03  fmin:7.51e+03  norm:9.02e+00  penalty:0.00e+00  axis-ratio:1.00e+00  free-mem:277.55GB
time:09:41:42.682  iter:51  elapsed-time:0.13  pmap-time:0.00  grad-time:0.03  ls-time:0.00 ls-dec:0.00e+00
fcount:1377  fval:7.70e+03  fmin:7.47e+03  norm:8.94e+00  penalty:0.00e+00  axis-ratio:1.00e+00  free-mem:277.60GB
time:09:41:42.786  iter:52  elapsed-time:0.10  pmap-time:0.00  grad-time:0.05  ls-time:0.00 ls-dec:0.00e+00
fcount:1404  fval:7.65e+03  fmin:7.44e+03  norm:9.01e+00  penalty:0.00e+00  axis-ratio:1.00e+00  free-mem:277.54GB
time:09:41:42.883  iter:53  elapsed-time:0.10  pmap-time:0.00  grad-time:0.04  ls-time:0.00 ls-dec:0.00e+00
fcount:1431  fval:7.62e+03  fmin:7.40e+03  norm:9.00e+00  penalty:0.00e+00  axis-ratio:1.00e+00  free-mem:277.50GB
time:09:41:42.99  iter:54  elapsed-time:0.11  pmap-time:0.00  grad-time:0.04  ls-time:0.00 ls-dec:0.00e+00
fcount:1458  fval:7.57e+03  fmin:7.36e+03  norm:8.99e+00  penalty:0.00e+00  axis-ratio:1.00e+00  free-mem:277.69GB
time:09:41:43.085  iter:55  elapsed-time:0.09  pmap-time:0.00  grad-time:0.05  ls-time:0.00 ls-dec:0.00e+00
fcount:1485  fval:7.56e+03  fmin:7.34e+03  norm:9.02e+00  penalty:0.00e+00  axis-ratio:1.00e+00  free-mem:277.60GB
time:09:41:53.9  iter:56  elapsed-time:10.81  pmap-time:0.00  grad-time:0.04  ls-time:0.00 ls-dec:0.00e+00
fcount:1512  fval:7.52e+03  fmin:7.31e+03  norm:8.97e+00  penalty:0.00e+00  axis-ratio:1.00e+00  free-mem:275.45GB
time:09:41:54.112  iter:57  elapsed-time:0.21  pmap-time:0.00  grad-time:0.09  ls-time:0.00 ls-dec:0.00e+00
fcount:1539  fval:7.52e+03  fmin:7.28e+03  norm:9.01e+00  penalty:0.00e+00  axis-ratio:1.00e+00  free-mem:275.72GB
time:09:41:54.271  iter:58  elapsed-time:0.15  pmap-time:0.00  grad-time:0.06  ls-time:0.00 ls-dec:0.00e+00
fcount:1566  fval:7.47e+03  fmin:7.25e+03  norm:8.96e+00  penalty:0.00e+00  axis-ratio:1.00e+00  free-mem:275.88GB
time:09:41:54.595  iter:59  elapsed-time:0.32  pmap-time:0.01  grad-time:0.11  ls-time:0.00 ls-dec:0.00e+00
fcount:1593  fval:7.39e+03  fmin:7.21e+03  norm:8.93e+00  penalty:0.00e+00  axis-ratio:1.00e+00  free-mem:276.13GB
time:09:41:54.951  iter:60  elapsed-time:0.34  pmap-time:0.05  grad-time:0.15  ls-time:0.00 ls-dec:0.00e+00
fcount:1620  fval:7.41e+03  fmin:7.20e+03  norm:8.95e+00  penalty:0.00e+00  axis-ratio:1.00e+00  free-mem:276.13GB
time:09:41:55.172  iter:61  elapsed-time:0.19  pmap-time:0.00  grad-time:0.09  ls-time:0.00 ls-dec:0.00e+00
fcount:1647  fval:7.34e+03  fmin:7.18e+03  norm:8.94e+00  penalty:0.00e+00  axis-ratio:1.00e+00  free-mem:276.16GB
time:09:41:55.595  iter:62  elapsed-time:0.40  pmap-time:0.00  grad-time:0.19  ls-time:0.00 ls-dec:0.00e+00
fcount:1674  fval:7.36e+03  fmin:7.14e+03  norm:8.91e+00  penalty:0.00e+00  axis-ratio:1.00e+00  free-mem:276.43GB
time:09:41:56.124  iter:63  elapsed-time:0.53  pmap-time:0.00  grad-time:0.42  ls-time:0.00 ls-dec:0.00e+00
fcount:1701  fval:7.28e+03  fmin:7.10e+03  norm:8.98e+00  penalty:0.00e+00  axis-ratio:1.00e+00  free-mem:276.39GB
time:09:41:56.63  iter:64  elapsed-time:0.50  pmap-time:0.00  grad-time:0.34  ls-time:0.00 ls-dec:0.00e+00
fcount:1728  fval:7.31e+03  fmin:7.08e+03  norm:8.98e+00  penalty:0.00e+00  axis-ratio:1.00e+00  free-mem:276.25GB
time:09:41:57.032  iter:65  elapsed-time:0.40  pmap-time:0.00  grad-time:0.13  ls-time:0.00 ls-dec:0.00e+00
fcount:1755  fval:7.29e+03  fmin:7.07e+03  norm:8.97e+00  penalty:0.00e+00  axis-ratio:1.00e+00  free-mem:276.13GB
time:09:41:57.33  iter:66  elapsed-time:0.30  pmap-time:0.00  grad-time:0.12  ls-time:0.00 ls-dec:0.00e+00
fcount:1782  fval:7.26e+03  fmin:7.05e+03  norm:8.95e+00  penalty:0.00e+00  axis-ratio:1.00e+00  free-mem:276.14GB
time:09:42:00.379  iter:67  elapsed-time:3.01  pmap-time:0.00  grad-time:0.12  ls-time:0.00 ls-dec:0.00e+00
fcount:1809  fval:7.26e+03  fmin:7.03e+03  norm:8.95e+00  penalty:0.00e+00  axis-ratio:1.00e+00  free-mem:275.31GB
time:09:42:00.758  iter:68  elapsed-time:0.38  pmap-time:0.00  grad-time:0.14  ls-time:0.00 ls-dec:0.00e+00
fcount:1836  fval:7.25e+03  fmin:7.02e+03  norm:9.02e+00  penalty:0.00e+00  axis-ratio:1.00e+00  free-mem:275.19GB
time:09:42:01.422  iter:69  elapsed-time:0.66  pmap-time:0.00  grad-time:0.09  ls-time:0.00 ls-dec:0.00e+00
fcount:1863  fval:7.22e+03  fmin:7.00e+03  norm:8.98e+00  penalty:0.00e+00  axis-ratio:1.00e+00  free-mem:275.69GB
time:09:42:12.403  iter:70  elapsed-time:10.98  pmap-time:0.00  grad-time:0.13  ls-time:0.00 ls-dec:0.00e+00
fcount:1890  fval:7.19e+03  fmin:6.97e+03  norm:9.02e+00  penalty:0.00e+00  axis-ratio:1.00e+00  free-mem:275.77GB
time:09:42:12.883  iter:71  elapsed-time:0.47  pmap-time:0.00  grad-time:0.13  ls-time:0.00 ls-dec:0.00e+00
fcount:1917  fval:7.12e+03  fmin:6.93e+03  norm:8.96e+00  penalty:0.00e+00  axis-ratio:1.00e+00  free-mem:275.54GB
time:09:42:13.088  iter:72  elapsed-time:0.20  pmap-time:0.00  grad-time:0.10  ls-time:0.01 ls-dec:0.00e+00
fcount:1944  fval:7.10e+03  fmin:6.88e+03  norm:8.93e+00  penalty:0.00e+00  axis-ratio:1.00e+00  free-mem:275.70GB
time:09:42:13.264  iter:73  elapsed-time:0.17  pmap-time:0.00  grad-time:0.07  ls-time:0.00 ls-dec:0.00e+00
fcount:1971  fval:6.99e+03  fmin:6.83e+03  norm:8.96e+00  penalty:0.00e+00  axis-ratio:1.00e+00  free-mem:275.57GB
time:09:42:13.807  iter:74  elapsed-time:0.53  pmap-time:0.00  grad-time:0.39  ls-time:0.00 ls-dec:0.00e+00
fcount:1998  fval:6.99e+03  fmin:6.81e+03  norm:8.94e+00  penalty:0.00e+00  axis-ratio:1.00e+00  free-mem:276.27GB
time:09:42:14.145  iter:75  elapsed-time:0.34  pmap-time:0.00  grad-time:0.13  ls-time:0.00 ls-dec:0.00e+00
fcount:2025  fval:7.06e+03  fmin:6.81e+03  norm:8.94e+00  penalty:0.00e+00  axis-ratio:1.00e+00  free-mem:276.24GB
time:09:42:14.388  iter:76  elapsed-time:0.24  pmap-time:0.00  grad-time:0.11  ls-time:0.00 ls-dec:0.00e+00
fcount:2052  fval:6.98e+03  fmin:6.75e+03  norm:8.96e+00  penalty:0.00e+00  axis-ratio:1.00e+00  free-mem:276.31GB
time:09:42:14.67  iter:77  elapsed-time:0.28  pmap-time:0.00  grad-time:0.12  ls-time:0.00 ls-dec:0.00e+00
fcount:2079  fval:6.94e+03  fmin:6.72e+03  norm:8.95e+00  penalty:0.00e+00  axis-ratio:1.00e+00  free-mem:276.20GB
time:09:42:14.92  iter:78  elapsed-time:0.25  pmap-time:0.00  grad-time:0.08  ls-time:0.00 ls-dec:0.00e+00
fcount:2106  fval:6.92e+03  fmin:6.70e+03  norm:8.93e+00  penalty:0.00e+00  axis-ratio:1.00e+00  free-mem:276.10GB
time:09:42:15.079  iter:79  elapsed-time:0.16  pmap-time:0.00  grad-time:0.07  ls-time:0.00 ls-dec:0.00e+00
fcount:2133  fval:6.88e+03  fmin:6.68e+03  norm:8.91e+00  penalty:0.00e+00  axis-ratio:1.00e+00  free-mem:276.11GB
time:09:42:15.218  iter:80  elapsed-time:0.14  pmap-time:0.00  grad-time:0.07  ls-time:0.00 ls-dec:0.00e+00
fcount:2160  fval:6.84e+03  fmin:6.65e+03  norm:8.93e+00  penalty:0.00e+00  axis-ratio:1.00e+00  free-mem:276.07GB
time:09:42:15.35  iter:81  elapsed-time:0.13  pmap-time:0.00  grad-time:0.06  ls-time:0.00 ls-dec:0.00e+00
fcount:2187  fval:6.86e+03  fmin:6.64e+03  norm:8.99e+00  penalty:0.00e+00  axis-ratio:1.00e+00  free-mem:276.00GB
time:09:42:15.49  iter:82  elapsed-time:0.14  pmap-time:0.00  grad-time:0.07  ls-time:0.00 ls-dec:0.00e+00
fcount:2214  fval:6.78e+03  fmin:6.60e+03  norm:8.92e+00  penalty:0.00e+00  axis-ratio:1.00e+00  free-mem:276.05GB
time:09:42:15.746  iter:83  elapsed-time:0.26  pmap-time:0.00  grad-time:0.08  ls-time:0.00 ls-dec:0.00e+00
fcount:2241  fval:6.79e+03  fmin:6.57e+03  norm:8.91e+00  penalty:0.00e+00  axis-ratio:1.00e+00  free-mem:276.09GB
time:09:42:25.339  iter:84  elapsed-time:9.59  pmap-time:0.00  grad-time:0.13  ls-time:0.00 ls-dec:0.00e+00
fcount:2268  fval:6.74e+03  fmin:6.54e+03  norm:8.87e+00  penalty:0.00e+00  axis-ratio:1.01e+00  free-mem:279.54GB
time:09:42:25.526  iter:85  elapsed-time:0.19  pmap-time:0.00  grad-time:0.05  ls-time:0.00 ls-dec:0.00e+00
fcount:2295  fval:6.75e+03  fmin:6.52e+03  norm:8.96e+00  penalty:0.00e+00  axis-ratio:1.01e+00  free-mem:279.66GB
time:09:42:25.599  iter:86  elapsed-time:0.07  pmap-time:0.00  grad-time:0.03  ls-time:0.00 ls-dec:0.00e+00
fcount:2322  fval:6.67e+03  fmin:6.50e+03  norm:8.94e+00  penalty:0.00e+00  axis-ratio:1.01e+00  free-mem:279.63GB
time:09:42:25.908  iter:87  elapsed-time:0.31  pmap-time:0.00  grad-time:0.14  ls-time:0.00 ls-dec:0.00e+00
fcount:2349  fval:6.69e+03  fmin:6.46e+03  norm:8.92e+00  penalty:0.00e+00  axis-ratio:1.01e+00  free-mem:279.53GB
time:09:42:26.271  iter:88  elapsed-time:0.36  pmap-time:0.00  grad-time:0.15  ls-time:0.00 ls-dec:0.00e+00
fcount:2376  fval:6.69e+03  fmin:6.46e+03  norm:8.95e+00  penalty:0.00e+00  axis-ratio:1.01e+00  free-mem:279.54GB
time:09:42:26.43  iter:89  elapsed-time:0.14  pmap-time:0.00  grad-time:0.03  ls-time:0.00 ls-dec:0.00e+00
fcount:2403  fval:6.60e+03  fmin:6.41e+03  norm:8.84e+00  penalty:0.00e+00  axis-ratio:1.01e+00  free-mem:279.50GB
time:09:42:26.622  iter:90  elapsed-time:0.18  pmap-time:0.00  grad-time:0.04  ls-time:0.00 ls-dec:0.00e+00
fcount:2430  fval:6.62e+03  fmin:6.39e+03  norm:8.95e+00  penalty:0.00e+00  axis-ratio:1.01e+00  free-mem:279.47GB
time:09:42:26.815  iter:91  elapsed-time:0.18  pmap-time:0.00  grad-time:0.06  ls-time:0.00 ls-dec:0.00e+00
fcount:2457  fval:6.57e+03  fmin:6.35e+03  norm:8.91e+00  penalty:0.00e+00  axis-ratio:1.01e+00  free-mem:279.41GB
time:09:42:26.936  iter:92  elapsed-time:0.11  pmap-time:0.00  grad-time:0.04  ls-time:0.00 ls-dec:0.00e+00
fcount:2484  fval:6.55e+03  fmin:6.33e+03  norm:8.96e+00  penalty:0.00e+00  axis-ratio:1.01e+00  free-mem:279.47GB
time:09:42:27.057  iter:93  elapsed-time:0.11  pmap-time:0.00  grad-time:0.04  ls-time:0.00 ls-dec:0.00e+00
fcount:2511  fval:6.55e+03  fmin:6.33e+03  norm:8.95e+00  penalty:0.00e+00  axis-ratio:1.01e+00  free-mem:279.47GB
time:09:42:27.307  iter:94  elapsed-time:0.24  pmap-time:0.00  grad-time:0.10  ls-time:0.00 ls-dec:0.00e+00
fcount:2538  fval:6.52e+03  fmin:6.29e+03  norm:8.91e+00  penalty:0.00e+00  axis-ratio:1.01e+00  free-mem:279.69GB
time:09:42:27.519  iter:95  elapsed-time:0.21  pmap-time:0.00  grad-time:0.05  ls-time:0.00 ls-dec:0.00e+00
fcount:2565  fval:6.47e+03  fmin:6.28e+03  norm:8.95e+00  penalty:0.00e+00  axis-ratio:1.01e+00  free-mem:279.56GB
time:09:42:27.712  iter:96  elapsed-time:0.19  pmap-time:0.00  grad-time:0.03  ls-time:0.00 ls-dec:0.00e+00
fcount:2592  fval:6.47e+03  fmin:6.23e+03  norm:8.93e+00  penalty:0.00e+00  axis-ratio:1.01e+00  free-mem:279.47GB
time:09:42:27.833  iter:97  elapsed-time:0.12  pmap-time:0.00  grad-time:0.07  ls-time:0.00 ls-dec:0.00e+00
fcount:2619  fval:6.46e+03  fmin:6.23e+03  norm:8.93e+00  penalty:0.00e+00  axis-ratio:1.01e+00  free-mem:279.49GB
time:09:42:35.303  iter:98  elapsed-time:7.47  pmap-time:0.00  grad-time:0.06  ls-time:0.00 ls-dec:0.00e+00
fcount:2646  fval:6.44e+03  fmin:6.21e+03  norm:8.89e+00  penalty:0.00e+00  axis-ratio:1.01e+00  free-mem:278.22GB
time:09:42:35.669  iter:99  elapsed-time:0.37  pmap-time:0.00  grad-time:0.09  ls-time:0.00 ls-dec:0.00e+00
fcount:2673  fval:6.42e+03  fmin:6.20e+03  norm:8.93e+00  penalty:0.00e+00  axis-ratio:1.01e+00  free-mem:278.12GB
time:09:42:36.116  iter:100  elapsed-time:0.45  pmap-time:0.00  grad-time:0.03  ls-time:0.00 ls-dec:0.00e+00
fcount:2700  fval:6.38e+03  fmin:6.17e+03  norm:8.93e+00  penalty:0.00e+00  axis-ratio:1.01e+00  free-mem:277.88GB
time:09:42:36.475  iter:101  elapsed-time:0.34  pmap-time:0.01  grad-time:0.17  ls-time:0.00 ls-dec:0.00e+00
fcount:2727  fval:6.36e+03  fmin:6.14e+03  norm:8.89e+00  penalty:0.00e+00  axis-ratio:1.01e+00  free-mem:278.27GB
time:09:42:36.824  iter:102  elapsed-time:0.33  pmap-time:0.00  grad-time:0.14  ls-time:0.00 ls-dec:0.00e+00
fcount:2754  fval:6.37e+03  fmin:6.13e+03  norm:8.95e+00  penalty:0.00e+00  axis-ratio:1.01e+00  free-mem:277.98GB
time:09:42:37.007  iter:103  elapsed-time:0.18  pmap-time:0.00  grad-time:0.03  ls-time:0.00 ls-dec:0.00e+00
fcount:2781  fval:6.32e+03  fmin:6.10e+03  norm:8.89e+00  penalty:0.00e+00  axis-ratio:1.01e+00  free-mem:277.93GB
time:09:42:37.133  iter:104  elapsed-time:0.13  pmap-time:0.00  grad-time:0.03  ls-time:0.00 ls-dec:0.00e+00
fcount:2808  fval:6.31e+03  fmin:6.07e+03  norm:8.92e+00  penalty:0.00e+00  axis-ratio:1.01e+00  free-mem:277.75GB
time:09:42:37.234  iter:105  elapsed-time:0.10  pmap-time:0.00  grad-time:0.03  ls-time:0.00 ls-dec:0.00e+00
fcount:2835  fval:6.23e+03  fmin:6.03e+03  norm:8.89e+00  penalty:0.00e+00  axis-ratio:1.01e+00  free-mem:277.93GB
time:09:42:37.465  iter:106  elapsed-time:0.23  pmap-time:0.00  grad-time:0.11  ls-time:0.00 ls-dec:0.00e+00
fcount:2862  fval:6.22e+03  fmin:6.02e+03  norm:8.95e+00  penalty:0.00e+00  axis-ratio:1.01e+00  free-mem:277.82GB
time:09:42:37.616  iter:107  elapsed-time:0.14  pmap-time:0.00  grad-time:0.04  ls-time:0.00 ls-dec:0.00e+00
fcount:2889  fval:6.20e+03  fmin:5.99e+03  norm:8.87e+00  penalty:0.00e+00  axis-ratio:1.01e+00  free-mem:277.94GB
time:09:42:37.776  iter:108  elapsed-time:0.14  pmap-time:0.00  grad-time:0.03  ls-time:0.00 ls-dec:0.00e+00
fcount:2916  fval:6.15e+03  fmin:5.95e+03  norm:8.86e+00  penalty:0.00e+00  axis-ratio:1.01e+00  free-mem:278.04GB
time:09:42:38.045  iter:109  elapsed-time:0.26  pmap-time:0.00  grad-time:0.07  ls-time:0.00 ls-dec:0.00e+00
fcount:2943  fval:6.12e+03  fmin:5.93e+03  norm:8.90e+00  penalty:0.00e+00  axis-ratio:1.01e+00  free-mem:277.77GB
time:09:42:38.328  iter:110  elapsed-time:0.26  pmap-time:0.01  grad-time:0.10  ls-time:0.00 ls-dec:0.00e+00
fcount:2970  fval:6.12e+03  fmin:5.90e+03  norm:8.87e+00  penalty:0.00e+00  axis-ratio:1.01e+00  free-mem:277.62GB
time:09:42:48.589  iter:111  elapsed-time:10.23  pmap-time:0.00  grad-time:0.07  ls-time:0.00 ls-dec:0.00e+00
fcount:2997  fval:6.11e+03  fmin:5.88e+03  norm:8.88e+00  penalty:0.00e+00  axis-ratio:1.01e+00  free-mem:279.50GB
time:09:42:49.057  iter:112  elapsed-time:0.47  pmap-time:0.00  grad-time:0.13  ls-time:0.00 ls-dec:0.00e+00
fcount:3024  fval:6.07e+03  fmin:5.85e+03  norm:8.81e+00  penalty:0.00e+00  axis-ratio:1.01e+00  free-mem:279.23GB
time:09:42:49.211  iter:113  elapsed-time:0.15  pmap-time:0.00  grad-time:0.04  ls-time:0.00 ls-dec:0.00e+00
fcount:3051  fval:6.08e+03  fmin:5.84e+03  norm:8.86e+00  penalty:0.00e+00  axis-ratio:1.01e+00  free-mem:279.44GB
time:09:42:49.45  iter:114  elapsed-time:0.21  pmap-time:0.00  grad-time:0.06  ls-time:0.00 ls-dec:0.00e+00
fcount:3078  fval:6.09e+03  fmin:5.84e+03  norm:8.93e+00  penalty:0.00e+00  axis-ratio:1.01e+00  free-mem:280.19GB
time:09:42:49.597  iter:115  elapsed-time:0.15  pmap-time:0.00  grad-time:0.07  ls-time:0.00 ls-dec:0.00e+00
fcount:3105  fval:6.01e+03  fmin:5.84e+03  norm:8.83e+00  penalty:0.00e+00  axis-ratio:1.01e+00  free-mem:280.57GB
time:09:42:49.735  iter:116  elapsed-time:0.14  pmap-time:0.00  grad-time:0.03  ls-time:0.00 ls-dec:0.00e+00
fcount:3132  fval:6.06e+03  fmin:5.83e+03  norm:8.89e+00  penalty:0.00e+00  axis-ratio:1.01e+00  free-mem:280.76GB
time:09:42:49.941  iter:117  elapsed-time:0.20  pmap-time:0.00  grad-time:0.10  ls-time:0.00 ls-dec:0.00e+00
fcount:3159  fval:6.02e+03  fmin:5.80e+03  norm:8.89e+00  penalty:0.00e+00  axis-ratio:1.01e+00  free-mem:280.67GB
time:09:42:50.226  iter:118  elapsed-time:0.28  pmap-time:0.00  grad-time:0.10  ls-time:0.00 ls-dec:0.00e+00
fcount:3186  fval:5.98e+03  fmin:5.77e+03  norm:8.87e+00  penalty:0.00e+00  axis-ratio:1.01e+00  free-mem:280.58GB
time:09:42:50.425  iter:119  elapsed-time:0.20  pmap-time:0.00  grad-time:0.07  ls-time:0.00 ls-dec:0.00e+00
fcount:3213  fval:5.94e+03  fmin:5.74e+03  norm:8.87e+00  penalty:0.00e+00  axis-ratio:1.01e+00  free-mem:280.57GB
time:09:42:50.65  iter:120  elapsed-time:0.22  pmap-time:0.00  grad-time:0.03  ls-time:0.00 ls-dec:0.00e+00
fcount:3240  fval:5.93e+03  fmin:5.71e+03  norm:8.88e+00  penalty:0.00e+00  axis-ratio:1.01e+00  free-mem:280.89GB
time:09:42:50.823  iter:121  elapsed-time:0.16  pmap-time:0.00  grad-time:0.04  ls-time:0.00 ls-dec:0.00e+00
fcount:3267  fval:5.89e+03  fmin:5.69e+03  norm:8.87e+00  penalty:0.00e+00  axis-ratio:1.01e+00  free-mem:280.72GB
time:09:42:50.922  iter:122  elapsed-time:0.10  pmap-time:0.00  grad-time:0.03  ls-time:0.00 ls-dec:0.00e+00
fcount:3294  fval:5.88e+03  fmin:5.65e+03  norm:8.87e+00  penalty:0.00e+00  axis-ratio:1.01e+00  free-mem:280.70GB
time:09:42:51.07  iter:123  elapsed-time:0.15  pmap-time:0.00  grad-time:0.04  ls-time:0.00 ls-dec:0.00e+00
fcount:3321  fval:5.87e+03  fmin:5.65e+03  norm:8.86e+00  penalty:0.00e+00  axis-ratio:1.01e+00  free-mem:280.67GB
time:09:42:51.248  iter:124  elapsed-time:0.18  pmap-time:0.00  grad-time:0.06  ls-time:0.00 ls-dec:0.00e+00
fcount:3348  fval:5.82e+03  fmin:5.61e+03  norm:8.84e+00  penalty:0.00e+00  axis-ratio:1.01e+00  free-mem:280.75GB
time:09:43:00.1  iter:125  elapsed-time:8.84  pmap-time:0.00  grad-time:0.06  ls-time:0.00 ls-dec:0.00e+00
fcount:3375  fval:5.79e+03  fmin:5.59e+03  norm:8.87e+00  penalty:0.00e+00  axis-ratio:1.01e+00  free-mem:281.87GB
time:09:43:02.747  iter:126  elapsed-time:2.65  pmap-time:0.00  grad-time:0.12  ls-time:0.00 ls-dec:0.00e+00
fcount:3402  fval:5.75e+03  fmin:5.55e+03  norm:8.84e+00  penalty:0.00e+00  axis-ratio:1.01e+00  free-mem:280.51GB
time:09:43:02.963  iter:127  elapsed-time:0.21  pmap-time:0.00  grad-time:0.03  ls-time:0.00 ls-dec:0.00e+00
fcount:3429  fval:5.74e+03  fmin:5.52e+03  norm:8.87e+00  penalty:0.00e+00  axis-ratio:1.01e+00  free-mem:280.43GB
time:09:43:03.27  iter:128  elapsed-time:0.30  pmap-time:0.00  grad-time:0.07  ls-time:0.00 ls-dec:0.00e+00
fcount:3456  fval:5.74e+03  fmin:5.52e+03  norm:8.86e+00  penalty:0.00e+00  axis-ratio:1.01e+00  free-mem:280.58GB
time:09:43:03.457  iter:129  elapsed-time:0.19  pmap-time:0.00  grad-time:0.04  ls-time:0.00 ls-dec:0.00e+00
fcount:3483  fval:5.69e+03  fmin:5.48e+03  norm:8.86e+00  penalty:0.00e+00  axis-ratio:1.01e+00  free-mem:280.67GB
time:09:43:03.55  iter:130  elapsed-time:0.09  pmap-time:0.00  grad-time:0.03  ls-time:0.00 ls-dec:0.00e+00
fcount:3510  fval:5.67e+03  fmin:5.46e+03  norm:8.83e+00  penalty:0.00e+00  axis-ratio:1.01e+00  free-mem:280.71GB
time:09:43:03.812  iter:131  elapsed-time:0.26  pmap-time:0.00  grad-time:0.07  ls-time:0.00 ls-dec:0.00e+00
fcount:3537  fval:5.68e+03  fmin:5.45e+03  norm:8.88e+00  penalty:0.00e+00  axis-ratio:1.01e+00  free-mem:280.86GB
time:09:43:04.073  iter:132  elapsed-time:0.24  pmap-time:0.00  grad-time:0.10  ls-time:0.00 ls-dec:0.00e+00
fcount:3564  fval:5.65e+03  fmin:5.44e+03  norm:8.86e+00  penalty:0.00e+00  axis-ratio:1.01e+00  free-mem:281.05GB
time:09:43:04.197  iter:133  elapsed-time:0.12  pmap-time:0.00  grad-time:0.04  ls-time:0.00 ls-dec:0.00e+00
fcount:3591  fval:5.66e+03  fmin:5.43e+03  norm:8.86e+00  penalty:0.00e+00  axis-ratio:1.01e+00  free-mem:281.01GB
time:09:43:04.26  iter:134  elapsed-time:0.06  pmap-time:0.00  grad-time:0.03  ls-time:0.00 ls-dec:0.00e+00
fcount:3618  fval:5.63e+03  fmin:5.41e+03  norm:8.84e+00  penalty:0.00e+00  axis-ratio:1.01e+00  free-mem:280.96GB
time:09:43:04.374  iter:135  elapsed-time:0.11  pmap-time:0.00  grad-time:0.04  ls-time:0.00 ls-dec:0.00e+00
fcount:3645  fval:5.54e+03  fmin:5.35e+03  norm:8.89e+00  penalty:0.00e+00  axis-ratio:1.01e+00  free-mem:280.86GB
time:09:43:04.609  iter:136  elapsed-time:0.23  pmap-time:0.00  grad-time:0.06  ls-time:0.00 ls-dec:0.00e+00
fcount:3672  fval:5.57e+03  fmin:5.34e+03  norm:8.82e+00  penalty:0.00e+00  axis-ratio:1.01e+00  free-mem:280.79GB
time:09:43:04.78  iter:137  elapsed-time:0.16  pmap-time:0.00  grad-time:0.10  ls-time:0.00 ls-dec:0.00e+00
fcount:3699  fval:5.51e+03  fmin:5.32e+03  norm:8.84e+00  penalty:0.00e+00  axis-ratio:1.01e+00  free-mem:280.67GB
time:09:43:04.913  iter:138  elapsed-time:0.12  pmap-time:0.00  grad-time:0.04  ls-time:0.00 ls-dec:0.00e+00
fcount:3726  fval:5.51e+03  fmin:5.29e+03  norm:8.82e+00  penalty:0.00e+00  axis-ratio:1.01e+00  free-mem:280.68GB
time:09:43:12.615  iter:139  elapsed-time:7.69  pmap-time:0.00  grad-time:0.04  ls-time:0.00 ls-dec:0.00e+00
fcount:3753  fval:5.48e+03  fmin:5.27e+03  norm:8.85e+00  penalty:0.00e+00  axis-ratio:1.01e+00  free-mem:281.56GB
time:09:43:12.83  iter:140  elapsed-time:0.21  pmap-time:0.00  grad-time:0.05  ls-time:0.00 ls-dec:0.00e+00
fcount:3780  fval:5.48e+03  fmin:5.25e+03  norm:8.85e+00  penalty:0.00e+00  axis-ratio:1.01e+00  free-mem:281.48GB
time:09:43:13.022  iter:141  elapsed-time:0.19  pmap-time:0.00  grad-time:0.05  ls-time:0.00 ls-dec:0.00e+00
fcount:3807  fval:5.42e+03  fmin:5.23e+03  norm:8.83e+00  penalty:0.00e+00  axis-ratio:1.01e+00  free-mem:281.46GB
time:09:43:13.202  iter:142  elapsed-time:0.18  pmap-time:0.00  grad-time:0.04  ls-time:0.00 ls-dec:0.00e+00
fcount:3834  fval:5.43e+03  fmin:5.21e+03  norm:8.90e+00  penalty:0.00e+00  axis-ratio:1.01e+00  free-mem:281.39GB
time:09:43:13.467  iter:143  elapsed-time:0.26  pmap-time:0.00  grad-time:0.06  ls-time:0.00 ls-dec:0.00e+00
fcount:3861  fval:5.41e+03  fmin:5.19e+03  norm:8.87e+00  penalty:0.00e+00  axis-ratio:1.01e+00  free-mem:281.29GB
time:09:43:13.578  iter:144  elapsed-time:0.11  pmap-time:0.00  grad-time:0.07  ls-time:0.00 ls-dec:0.00e+00
fcount:3888  fval:5.40e+03  fmin:5.17e+03  norm:8.82e+00  penalty:0.00e+00  axis-ratio:1.01e+00  free-mem:281.42GB
time:09:43:13.65  iter:145  elapsed-time:0.07  pmap-time:0.00  grad-time:0.04  ls-time:0.00 ls-dec:0.00e+00
fcount:3915  fval:5.35e+03  fmin:5.13e+03  norm:8.85e+00  penalty:0.00e+00  axis-ratio:1.01e+00  free-mem:281.45GB
time:09:43:13.762  iter:146  elapsed-time:0.11  pmap-time:0.00  grad-time:0.04  ls-time:0.00 ls-dec:0.00e+00
fcount:3942  fval:5.35e+03  fmin:5.11e+03  norm:8.83e+00  penalty:0.00e+00  axis-ratio:1.01e+00  free-mem:281.41GB
time:09:43:13.847  iter:147  elapsed-time:0.08  pmap-time:0.00  grad-time:0.03  ls-time:0.00 ls-dec:0.00e+00
fcount:3969  fval:5.30e+03  fmin:5.09e+03  norm:8.87e+00  penalty:0.00e+00  axis-ratio:1.01e+00  free-mem:281.35GB
time:09:43:13.953  iter:148  elapsed-time:0.11  pmap-time:0.00  grad-time:0.03  ls-time:0.00 ls-dec:0.00e+00
fcount:3996  fval:5.30e+03  fmin:5.08e+03  norm:8.89e+00  penalty:0.00e+00  axis-ratio:1.01e+00  free-mem:281.30GB
time:09:43:14.11  iter:149  elapsed-time:0.16  pmap-time:0.00  grad-time:0.04  ls-time:0.00 ls-dec:0.00e+00
fcount:4023  fval:5.27e+03  fmin:5.07e+03  norm:8.91e+00  penalty:0.00e+00  axis-ratio:1.01e+00  free-mem:281.33GB
time:09:43:14.227  iter:150  elapsed-time:0.12  pmap-time:0.00  grad-time:0.03  ls-time:0.00 ls-dec:0.00e+00
fcount:4050  fval:5.28e+03  fmin:5.07e+03  norm:8.89e+00  penalty:0.00e+00  axis-ratio:1.01e+00  free-mem:281.27GB
time:09:43:14.331  iter:151  elapsed-time:0.09  pmap-time:0.00  grad-time:0.03  ls-time:0.00 ls-dec:0.00e+00
fcount:4077  fval:5.29e+03  fmin:5.07e+03  norm:8.88e+00  penalty:0.00e+00  axis-ratio:1.01e+00  free-mem:281.51GB
time:09:43:14.459  iter:152  elapsed-time:0.12  pmap-time:0.00  grad-time:0.03  ls-time:0.00 ls-dec:0.00e+00
fcount:4104  fval:5.27e+03  fmin:5.03e+03  norm:8.85e+00  penalty:0.00e+00  axis-ratio:1.01e+00  free-mem:281.47GB
time:09:43:19.33  iter:153  elapsed-time:4.86  pmap-time:0.00  grad-time:0.10  ls-time:0.00 ls-dec:0.00e+00
fcount:4131  fval:5.24e+03  fmin:5.02e+03  norm:8.84e+00  penalty:0.00e+00  axis-ratio:1.02e+00  free-mem:280.09GB
time:09:43:19.488  iter:154  elapsed-time:0.15  pmap-time:0.00  grad-time:0.07  ls-time:0.00 ls-dec:0.00e+00
fcount:4158  fval:5.21e+03  fmin:4.99e+03  norm:8.85e+00  penalty:0.00e+00  axis-ratio:1.02e+00  free-mem:280.14GB
time:09:43:19.624  iter:155  elapsed-time:0.13  pmap-time:0.00  grad-time:0.03  ls-time:0.00 ls-dec:0.00e+00
fcount:4185  fval:5.18e+03  fmin:4.98e+03  norm:8.82e+00  penalty:0.00e+00  axis-ratio:1.02e+00  free-mem:280.09GB
time:09:43:20.02  iter:156  elapsed-time:0.39  pmap-time:0.00  grad-time:0.13  ls-time:0.00 ls-dec:0.00e+00
fcount:4212  fval:5.20e+03  fmin:4.97e+03  norm:8.88e+00  penalty:0.00e+00  axis-ratio:1.02e+00  free-mem:280.02GB
time:09:43:20.143  iter:157  elapsed-time:0.12  pmap-time:0.00  grad-time:0.05  ls-time:0.00 ls-dec:0.00e+00
fcount:4239  fval:5.15e+03  fmin:4.95e+03  norm:8.84e+00  penalty:0.00e+00  axis-ratio:1.02e+00  free-mem:279.99GB
time:09:43:20.339  iter:158  elapsed-time:0.20  pmap-time:0.00  grad-time:0.13  ls-time:0.00 ls-dec:0.00e+00
fcount:4266  fval:5.15e+03  fmin:4.93e+03  norm:8.83e+00  penalty:0.00e+00  axis-ratio:1.02e+00  free-mem:279.95GB
time:09:43:20.446  iter:159  elapsed-time:0.11  pmap-time:0.00  grad-time:0.03  ls-time:0.00 ls-dec:0.00e+00
fcount:4293  fval:5.14e+03  fmin:4.92e+03  norm:8.81e+00  penalty:0.00e+00  axis-ratio:1.02e+00  free-mem:279.89GB
time:09:43:20.622  iter:160  elapsed-time:0.17  pmap-time:0.00  grad-time:0.06  ls-time:0.00 ls-dec:0.00e+00
fcount:4320  fval:5.12e+03  fmin:4.91e+03  norm:8.81e+00  penalty:0.00e+00  axis-ratio:1.02e+00  free-mem:279.92GB
time:09:43:20.755  iter:161  elapsed-time:0.13  pmap-time:0.00  grad-time:0.06  ls-time:0.00 ls-dec:0.00e+00
fcount:4347  fval:5.14e+03  fmin:4.91e+03  norm:8.86e+00  penalty:0.00e+00  axis-ratio:1.02e+00  free-mem:279.83GB
time:09:43:20.922  iter:162  elapsed-time:0.17  pmap-time:0.00  grad-time:0.06  ls-time:0.00 ls-dec:0.00e+00
fcount:4374  fval:5.09e+03  fmin:4.90e+03  norm:8.84e+00  penalty:0.00e+00  axis-ratio:1.02e+00  free-mem:279.71GB
time:09:43:21.123  iter:163  elapsed-time:0.20  pmap-time:0.01  grad-time:0.10  ls-time:0.00 ls-dec:0.00e+00
fcount:4401  fval:5.08e+03  fmin:4.88e+03  norm:8.81e+00  penalty:0.00e+00  axis-ratio:1.02e+00  free-mem:279.62GB
time:09:43:21.257  iter:164  elapsed-time:0.13  pmap-time:0.00  grad-time:0.04  ls-time:0.00 ls-dec:0.00e+00
fcount:4428  fval:5.11e+03  fmin:4.88e+03  norm:8.81e+00  penalty:0.00e+00  axis-ratio:1.02e+00  free-mem:279.55GB
time:09:43:21.357  iter:165  elapsed-time:0.10  pmap-time:0.00  grad-time:0.03  ls-time:0.00 ls-dec:0.00e+00
fcount:4455  fval:5.10e+03  fmin:4.87e+03  norm:8.84e+00  penalty:0.00e+00  axis-ratio:1.02e+00  free-mem:279.46GB
time:09:43:21.498  iter:166  elapsed-time:0.14  pmap-time:0.00  grad-time:0.10  ls-time:0.00 ls-dec:0.00e+00
fcount:4482  fval:5.09e+03  fmin:4.86e+03  norm:8.82e+00  penalty:0.00e+00  axis-ratio:1.02e+00  free-mem:279.38GB
time:09:43:32.279  iter:167  elapsed-time:10.78  pmap-time:0.00  grad-time:0.06  ls-time:0.00 ls-dec:0.00e+00
fcount:4509  fval:5.08e+03  fmin:4.85e+03  norm:8.85e+00  penalty:0.00e+00  axis-ratio:1.02e+00  free-mem:280.54GB
time:09:43:32.524  iter:168  elapsed-time:0.23  pmap-time:0.00  grad-time:0.08  ls-time:0.00 ls-dec:0.00e+00
fcount:4536  fval:5.06e+03  fmin:4.84e+03  norm:8.87e+00  penalty:0.00e+00  axis-ratio:1.02e+00  free-mem:280.56GB
time:09:43:32.644  iter:169  elapsed-time:0.11  pmap-time:0.00  grad-time:0.03  ls-time:0.00 ls-dec:0.00e+00
fcount:4563  fval:5.00e+03  fmin:4.82e+03  norm:8.81e+00  penalty:0.00e+00  axis-ratio:1.02e+00  free-mem:280.49GB
time:09:43:32.761  iter:170  elapsed-time:0.11  pmap-time:0.00  grad-time:0.04  ls-time:0.00 ls-dec:0.00e+00
fcount:4590  fval:5.03e+03  fmin:4.82e+03  norm:8.90e+00  penalty:0.00e+00  axis-ratio:1.02e+00  free-mem:280.33GB
time:09:43:33.118  iter:171  elapsed-time:0.35  pmap-time:0.00  grad-time:0.26  ls-time:0.00 ls-dec:0.00e+00
fcount:4617  fval:5.04e+03  fmin:4.81e+03  norm:8.88e+00  penalty:0.00e+00  axis-ratio:1.02e+00  free-mem:280.38GB
time:09:43:33.451  iter:172  elapsed-time:0.33  pmap-time:0.00  grad-time:0.13  ls-time:0.00 ls-dec:0.00e+00
fcount:4644  fval:5.03e+03  fmin:4.81e+03  norm:8.85e+00  penalty:0.00e+00  axis-ratio:1.02e+00  free-mem:280.42GB
time:09:43:33.734  iter:173  elapsed-time:0.28  pmap-time:0.00  grad-time:0.17  ls-time:0.00 ls-dec:0.00e+00
fcount:4671  fval:5.00e+03  fmin:4.79e+03  norm:8.91e+00  penalty:0.00e+00  axis-ratio:1.02e+00  free-mem:280.30GB
time:09:43:33.892  iter:174  elapsed-time:0.15  pmap-time:0.00  grad-time:0.05  ls-time:0.00 ls-dec:0.00e+00
fcount:4698  fval:4.97e+03  fmin:4.76e+03  norm:8.93e+00  penalty:0.00e+00  axis-ratio:1.02e+00  free-mem:280.26GB
time:09:43:34.115  iter:175  elapsed-time:0.21  pmap-time:0.00  grad-time:0.06  ls-time:0.00 ls-dec:0.00e+00
fcount:4725  fval:4.94e+03  fmin:4.75e+03  norm:8.90e+00  penalty:0.00e+00  axis-ratio:1.02e+00  free-mem:280.12GB
time:09:43:34.287  iter:176  elapsed-time:0.16  pmap-time:0.00  grad-time:0.05  ls-time:0.00 ls-dec:0.00e+00
fcount:4752  fval:4.96e+03  fmin:4.74e+03  norm:8.89e+00  penalty:0.00e+00  axis-ratio:1.02e+00  free-mem:280.19GB
time:09:43:34.533  iter:177  elapsed-time:0.24  pmap-time:0.00  grad-time:0.07  ls-time:0.00 ls-dec:0.00e+00
fcount:4779  fval:4.93e+03  fmin:4.71e+03  norm:8.93e+00  penalty:0.00e+00  axis-ratio:1.02e+00  free-mem:280.12GB
time:09:43:34.769  iter:178  elapsed-time:0.24  pmap-time:0.00  grad-time:0.08  ls-time:0.01 ls-dec:0.00e+00
fcount:4806  fval:4.92e+03  fmin:4.69e+03  norm:8.89e+00  penalty:0.00e+00  axis-ratio:1.02e+00  free-mem:280.04GB
time:09:43:35.076  iter:179  elapsed-time:0.31  pmap-time:0.00  grad-time:0.09  ls-time:0.00 ls-dec:0.00e+00
fcount:4833  fval:4.92e+03  fmin:4.69e+03  norm:8.93e+00  penalty:0.00e+00  axis-ratio:1.02e+00  free-mem:279.97GB
time:09:43:35.34  iter:180  elapsed-time:0.26  pmap-time:0.00  grad-time:0.07  ls-time:0.00 ls-dec:0.00e+00
fcount:4860  fval:4.87e+03  fmin:4.66e+03  norm:8.93e+00  penalty:0.00e+00  axis-ratio:1.02e+00  free-mem:280.11GB
time:09:43:46.728  iter:181  elapsed-time:11.38  pmap-time:0.00  grad-time:0.07  ls-time:0.00 ls-dec:0.00e+00
fcount:4887  fval:4.84e+03  fmin:4.65e+03  norm:8.85e+00  penalty:0.00e+00  axis-ratio:1.02e+00  free-mem:281.81GB
time:09:43:46.931  iter:182  elapsed-time:0.20  pmap-time:0.01  grad-time:0.10  ls-time:0.00 ls-dec:0.00e+00
fcount:4914  fval:4.86e+03  fmin:4.63e+03  norm:8.88e+00  penalty:0.00e+00  axis-ratio:1.02e+00  free-mem:281.93GB
time:09:43:47.051  iter:183  elapsed-time:0.12  pmap-time:0.00  grad-time:0.06  ls-time:0.00 ls-dec:0.00e+00
fcount:4941  fval:4.84e+03  fmin:4.62e+03  norm:8.86e+00  penalty:0.00e+00  axis-ratio:1.02e+00  free-mem:281.96GB
time:09:43:47.209  iter:184  elapsed-time:0.16  pmap-time:0.00  grad-time:0.05  ls-time:0.00 ls-dec:0.00e+00
fcount:4968  fval:4.83e+03  fmin:4.60e+03  norm:8.85e+00  penalty:0.00e+00  axis-ratio:1.02e+00  free-mem:281.96GB
time:09:43:47.37  iter:185  elapsed-time:0.16  pmap-time:0.00  grad-time:0.05  ls-time:0.00 ls-dec:0.00e+00
fcount:4995  fval:4.82e+03  fmin:4.59e+03  norm:8.84e+00  penalty:0.00e+00  axis-ratio:1.02e+00  free-mem:282.31GB
time:09:43:47.697  iter:186  elapsed-time:0.33  pmap-time:0.00  grad-time:0.12  ls-time:0.00 ls-dec:0.00e+00
fcount:5022  fval:4.78e+03  fmin:4.57e+03  norm:8.90e+00  penalty:0.00e+00  axis-ratio:1.02e+00  free-mem:282.11GB
time:09:43:48.032  iter:187  elapsed-time:0.33  pmap-time:0.00  grad-time:0.11  ls-time:0.00 ls-dec:0.00e+00
fcount:5049  fval:4.79e+03  fmin:4.57e+03  norm:8.88e+00  penalty:0.00e+00  axis-ratio:1.02e+00  free-mem:282.34GB
time:09:43:48.246  iter:188  elapsed-time:0.21  pmap-time:0.00  grad-time:0.11  ls-time:0.00 ls-dec:0.00e+00
fcount:5076  fval:4.74e+03  fmin:4.54e+03  norm:8.88e+00  penalty:0.00e+00  axis-ratio:1.02e+00  free-mem:282.34GB
time:09:43:48.453  iter:189  elapsed-time:0.21  pmap-time:0.00  grad-time:0.08  ls-time:0.00 ls-dec:0.00e+00
fcount:5103  fval:4.75e+03  fmin:4.53e+03  norm:8.88e+00  penalty:0.00e+00  axis-ratio:1.02e+00  free-mem:282.19GB
time:09:43:48.611  iter:190  elapsed-time:0.16  pmap-time:0.00  grad-time:0.06  ls-time:0.00 ls-dec:0.00e+00
fcount:5130  fval:4.74e+03  fmin:4.52e+03  norm:8.87e+00  penalty:0.00e+00  axis-ratio:1.02e+00  free-mem:282.29GB
time:09:43:48.913  iter:191  elapsed-time:0.30  pmap-time:0.00  grad-time:0.05  ls-time:0.00 ls-dec:0.00e+00
fcount:5157  fval:4.75e+03  fmin:4.52e+03  norm:8.87e+00  penalty:0.00e+00  axis-ratio:1.02e+00  free-mem:282.38GB
time:09:43:49.345  iter:192  elapsed-time:0.43  pmap-time:0.00  grad-time:0.22  ls-time:0.02 ls-dec:0.00e+00
fcount:5184  fval:4.72e+03  fmin:4.51e+03  norm:8.84e+00  penalty:0.00e+00  axis-ratio:1.02e+00  free-mem:282.29GB
time:09:43:49.605  iter:193  elapsed-time:0.26  pmap-time:0.00  grad-time:0.09  ls-time:0.01 ls-dec:0.00e+00
fcount:5211  fval:4.71e+03  fmin:4.49e+03  norm:8.86e+00  penalty:0.00e+00  axis-ratio:1.02e+00  free-mem:282.46GB
time:09:43:49.828  iter:194  elapsed-time:0.22  pmap-time:0.00  grad-time:0.04  ls-time:0.00 ls-dec:0.00e+00
fcount:5238  fval:4.67e+03  fmin:4.46e+03  norm:8.86e+00  penalty:0.00e+00  axis-ratio:1.02e+00  free-mem:282.42GB
time:09:43:59.58  iter:195  elapsed-time:9.75  pmap-time:0.00  grad-time:0.07  ls-time:0.00 ls-dec:0.00e+00
fcount:5265  fval:4.67e+03  fmin:4.45e+03  norm:8.89e+00  penalty:0.00e+00  axis-ratio:1.02e+00  free-mem:281.16GB
time:09:43:59.718  iter:196  elapsed-time:0.13  pmap-time:0.00  grad-time:0.05  ls-time:0.00 ls-dec:0.00e+00
fcount:5292  fval:4.63e+03  fmin:4.42e+03  norm:8.85e+00  penalty:0.00e+00  axis-ratio:1.02e+00  free-mem:281.00GB
time:09:43:59.941  iter:197  elapsed-time:0.21  pmap-time:0.00  grad-time:0.09  ls-time:0.00 ls-dec:0.00e+00
fcount:5319  fval:4.62e+03  fmin:4.39e+03  norm:8.88e+00  penalty:0.00e+00  axis-ratio:1.02e+00  free-mem:281.06GB
time:09:44:00.401  iter:198  elapsed-time:0.44  pmap-time:0.00  grad-time:0.08  ls-time:0.01 ls-dec:0.00e+00
fcount:5346  fval:4.59e+03  fmin:4.38e+03  norm:8.91e+00  penalty:0.00e+00  axis-ratio:1.02e+00  free-mem:280.92GB
time:09:44:00.603  iter:199  elapsed-time:0.20  pmap-time:0.00  grad-time:0.10  ls-time:0.00 ls-dec:0.00e+00
fcount:5373  fval:4.57e+03  fmin:4.37e+03  norm:8.85e+00  penalty:0.00e+00  axis-ratio:1.02e+00  free-mem:280.96GB
time:09:44:00.839  iter:200  elapsed-time:0.23  pmap-time:0.00  grad-time:0.07  ls-time:0.00 ls-dec:0.00e+00
fcount:5400  fval:4.60e+03  fmin:4.37e+03  norm:8.81e+00  penalty:0.00e+00  axis-ratio:1.02e+00  free-mem:281.30GB
   Testing GCMAES tests passed 
