Current time is 2020-10-25T21:51:31.75
Julia Version 1.5.3-pre.13
Commit 3de1115e9c (2020-10-23 21:58 UTC)
Platform Info:
  OS: Linux (x86_64-linux-gnu)
  CPU: AMD EPYC 7502 32-Core Processor
  WORD_SIZE: 64
  LIBM: libopenlibm
  LLVM: libLLVM-9.0.1 (ORCJIT, znver2)
Environment:
  JULIA_DEPOT_PATH = ::/usr/local/share/julia
  JULIA_NUM_THREADS = 2
  JULIA_MAX_NUM_PRECOMPILE_FILES = 9223372036854775807
  JULIA_PKG_SERVER = 

Starting installation at 2020-10-25T21:51:34.653
  Resolving package versions...
  Installed LocalFunctionApproximation ─ v1.1.0
  Installed Distances ────────────────── v0.9.2
  Installed GridInterpolations ───────── v1.1.1
  Installed NearestNeighbors ─────────── v0.4.7
  Installed StaticArrays ─────────────── v0.12.4
Updating `~/.julia/environments/v1.5/Project.toml`
  [db97f5ab] + LocalFunctionApproximation v1.1.0
Updating `~/.julia/environments/v1.5/Manifest.toml`
  [b4f34e82] + Distances v0.9.2
  [bb4c363b] + GridInterpolations v1.1.1
  [db97f5ab] + LocalFunctionApproximation v1.1.0
  [b8a86587] + NearestNeighbors v0.4.7
  [90137ffa] + StaticArrays v0.12.4
  [8f399da3] + Libdl
  [37e2e46d] + LinearAlgebra
  [de0858da] + Printf
  [9a3f8284] + Random
  [9e88b42a] + Serialization
  [2f01184e] + SparseArrays
  [10745b16] + Statistics
  [4ec0a83e] + Unicode
Starting tests at 2020-10-25T21:51:37.589
    Testing LocalFunctionApproximation
Status `/tmp/jl_tPOewX/Project.toml`
  [b4f34e82] Distances v0.9.2
  [bb4c363b] GridInterpolations v1.1.1
  [db97f5ab] LocalFunctionApproximation v1.1.0
  [b8a86587] NearestNeighbors v0.4.7
  [8dfed614] Test
Status `/tmp/jl_tPOewX/Manifest.toml`
  [b4f34e82] Distances v0.9.2
  [bb4c363b] GridInterpolations v1.1.1
  [db97f5ab] LocalFunctionApproximation v1.1.0
  [b8a86587] NearestNeighbors v0.4.7
  [90137ffa] StaticArrays v0.12.4
  [2a0f44e3] Base64
  [8ba89e20] Distributed
  [b77e0a4c] InteractiveUtils
  [8f399da3] Libdl
  [37e2e46d] LinearAlgebra
  [56ddb016] Logging
  [d6f4376e] Markdown
  [de0858da] Printf
  [9a3f8284] Random
  [9e88b42a] Serialization
  [6462fe0b] Sockets
  [2f01184e] SparseArrays
  [10745b16] Statistics
  [8dfed614] Test
  [4ec0a83e] Unicode
ERROR: LoadError: ArgumentError: Package StaticArrays not found in current path:
- Run `import Pkg; Pkg.add("StaticArrays")` to install the StaticArrays package.

Stacktrace:
 [1] require(::Module, ::Symbol) at ./loading.jl:893
 [2] include(::String) at ./client.jl:457
 [3] top-level scope at none:6
in expression starting at /home/pkgeval/.julia/packages/LocalFunctionApproximation/A2xBF/test/runtests.jl:4
ERROR: Package LocalFunctionApproximation errored during testing
Stacktrace:
 [1] pkgerror(::String) at /workspace/srcdir/usr/share/julia/stdlib/v1.5/Pkg/src/Types.jl:52
 [2] test(::Pkg.Types.Context, ::Array{Pkg.Types.PackageSpec,1}; coverage::Bool, julia_args::Cmd, test_args::Cmd, test_fn::Nothing) at /workspace/srcdir/usr/share/julia/stdlib/v1.5/Pkg/src/Operations.jl:1578
 [3] test(::Pkg.Types.Context, ::Array{Pkg.Types.PackageSpec,1}; coverage::Bool, test_fn::Nothing, julia_args::Cmd, test_args::Cmd, kwargs::Base.Iterators.Pairs{Union{},Union{},Tuple{},NamedTuple{(),Tuple{}}}) at /workspace/srcdir/usr/share/julia/stdlib/v1.5/Pkg/src/API.jl:327
 [4] test(::Pkg.Types.Context, ::Array{Pkg.Types.PackageSpec,1}) at /workspace/srcdir/usr/share/julia/stdlib/v1.5/Pkg/src/API.jl:314
 [5] #test#61 at /workspace/srcdir/usr/share/julia/stdlib/v1.5/Pkg/src/API.jl:67 [inlined]
 [6] test at /workspace/srcdir/usr/share/julia/stdlib/v1.5/Pkg/src/API.jl:67 [inlined]
 [7] #test#60 at /workspace/srcdir/usr/share/julia/stdlib/v1.5/Pkg/src/API.jl:66 [inlined]
 [8] test at /workspace/srcdir/usr/share/julia/stdlib/v1.5/Pkg/src/API.jl:66 [inlined]
 [9] test(::String; kwargs::Base.Iterators.Pairs{Union{},Union{},Tuple{},NamedTuple{(),Tuple{}}}) at /workspace/srcdir/usr/share/julia/stdlib/v1.5/Pkg/src/API.jl:65
 [10] test(::String) at /workspace/srcdir/usr/share/julia/stdlib/v1.5/Pkg/src/API.jl:65
 [11] top-level scope at none:35
