Current time is 2020-10-25T20:35:45.971
Julia Version 1.5.3-pre.13
Commit 3de1115e9c (2020-10-23 21:58 UTC)
Platform Info:
  OS: Linux (x86_64-linux-gnu)
  CPU: AMD EPYC 7502 32-Core Processor
  WORD_SIZE: 64
  LIBM: libopenlibm
  LLVM: libLLVM-9.0.1 (ORCJIT, znver2)
Environment:
  JULIA_DEPOT_PATH = ::/usr/local/share/julia
  JULIA_NUM_THREADS = 2
  JULIA_MAX_NUM_PRECOMPILE_FILES = 9223372036854775807
  JULIA_PKG_SERVER = 

Starting installation at 2020-10-25T20:35:48.987
  Resolving package versions...
  Installed Artifacts â”€â”€â”€â”€â”€â”€â”€â”€â”€â”€â”€â”€â”€â”€â”€â”€â”€â”€â”€â”€ v1.3.0
  Installed OpenSpecFun_jll â”€â”€â”€â”€â”€â”€â”€â”€â”€â”€â”€â”€â”€â”€ v0.5.3+4
  Installed CompilerSupportLibraries_jll â”€ v0.3.4+0
  Installed NaNMath â”€â”€â”€â”€â”€â”€â”€â”€â”€â”€â”€â”€â”€â”€â”€â”€â”€â”€â”€â”€â”€â”€ v0.3.4
  Installed SpecialFunctions â”€â”€â”€â”€â”€â”€â”€â”€â”€â”€â”€â”€â”€ v0.10.3
  Installed DiffRules â”€â”€â”€â”€â”€â”€â”€â”€â”€â”€â”€â”€â”€â”€â”€â”€â”€â”€â”€â”€ v1.0.1
  Installed Requires â”€â”€â”€â”€â”€â”€â”€â”€â”€â”€â”€â”€â”€â”€â”€â”€â”€â”€â”€â”€â”€ v1.1.0
  Installed Tullio â”€â”€â”€â”€â”€â”€â”€â”€â”€â”€â”€â”€â”€â”€â”€â”€â”€â”€â”€â”€â”€â”€â”€ v0.2.8
  Installed JLLWrappers â”€â”€â”€â”€â”€â”€â”€â”€â”€â”€â”€â”€â”€â”€â”€â”€â”€â”€ v1.1.3
Updating `~/.julia/environments/v1.5/Project.toml`
  [bc48ee85] + Tullio v0.2.8
Updating `~/.julia/environments/v1.5/Manifest.toml`
  [56f22d72] + Artifacts v1.3.0
  [e66e0078] + CompilerSupportLibraries_jll v0.3.4+0
  [b552c78f] + DiffRules v1.0.1
  [692b3bcd] + JLLWrappers v1.1.3
  [77ba4419] + NaNMath v0.3.4
  [efe28fd5] + OpenSpecFun_jll v0.5.3+4
  [ae029012] + Requires v1.1.0
  [276daf66] + SpecialFunctions v0.10.3
  [bc48ee85] + Tullio v0.2.8
  [2a0f44e3] + Base64
  [ade2ca70] + Dates
  [b77e0a4c] + InteractiveUtils
  [76f85450] + LibGit2
  [8f399da3] + Libdl
  [37e2e46d] + LinearAlgebra
  [56ddb016] + Logging
  [d6f4376e] + Markdown
  [44cfe95a] + Pkg
  [de0858da] + Printf
  [3fa0cd96] + REPL
  [9a3f8284] + Random
  [ea8e919c] + SHA
  [9e88b42a] + Serialization
  [6462fe0b] + Sockets
  [cf7118a7] + UUIDs
  [4ec0a83e] + Unicode
Starting tests at 2020-10-25T20:35:52.78
    Testing Tullio
Status `/tmp/jl_tNbjA3/Project.toml`
  [052768ef] CUDA v1.3.3
  [b552c78f] DiffRules v1.0.1
  [1a297f60] FillArrays v0.9.7
  [f6369f11] ForwardDiff v0.10.12
  [63c18a36] KernelAbstractions v0.4.4
  [356022a1] NamedDims v0.2.28
  [6fe1bfb0] OffsetArrays v1.3.1
  [ae029012] Requires v1.1.0
  [37e2e3b7] ReverseDiff v1.4.3
  [6aa20fa7] TensorOperations v3.0.1
  [9f7883ad] Tracker v0.2.12
  [bc48ee85] Tullio v0.2.8
  [e88e6eb3] Zygote v0.5.9
  [37e2e46d] LinearAlgebra
  [de0858da] Printf
  [9a3f8284] Random
  [8dfed614] Test
Status `/tmp/jl_tNbjA3/Manifest.toml`
  [621f4979] AbstractFFTs v0.5.0
  [79e6a3ab] Adapt v2.3.0
  [4c555306] ArrayLayouts v0.4.10
  [56f22d72] Artifacts v1.3.0
  [b99e7846] BinaryProvider v0.5.10
  [fa961155] CEnum v0.4.1
  [052768ef] CUDA v1.3.3
  [7057c7e9] Cassette v0.3.3
  [082447d4] ChainRules v0.7.31
  [d360d2e6] ChainRulesCore v0.9.17
  [cdddcdb0] ChainRulesTestUtils v0.5.3
  [bbf7d656] CommonSubexpressions v0.3.0
  [34da2185] Compat v3.22.0
  [e66e0078] CompilerSupportLibraries_jll v0.3.4+0
  [adafc99b] CpuId v0.2.2
  [864edb3b] DataStructures v0.18.8
  [163ba53b] DiffResults v1.0.2
  [b552c78f] DiffRules v1.0.1
  [ffbed154] DocStringExtensions v0.8.3
  [e2ba6199] ExprTools v0.1.3
  [1a297f60] FillArrays v0.9.7
  [26cc04aa] FiniteDifferences v0.11.2
  [f6369f11] ForwardDiff v0.10.12
  [069b7b12] FunctionWrappers v1.1.1
  [0c68f7d7] GPUArrays v5.2.1
  [61eb1bfa] GPUCompiler v0.6.1
  [7869d1d1] IRTools v0.4.1
  [692b3bcd] JLLWrappers v1.1.3
  [63c18a36] KernelAbstractions v0.4.4
  [929cbde3] LLVM v2.0.0
  [8ac3fa9e] LRUCache v1.1.0
  [bdcacae8] LoopVectorization v0.8.26
  [1914dd2f] MacroTools v0.5.6
  [46d2c3a1] MuladdMacro v0.2.2
  [872c559c] NNlib v0.7.5
  [77ba4419] NaNMath v0.3.4
  [356022a1] NamedDims v0.2.28
  [6fe1bfb0] OffsetArrays v1.3.1
  [efe28fd5] OpenSpecFun_jll v0.5.3+4
  [bac558e1] OrderedCollections v1.3.1
  [189a3867] Reexport v0.2.0
  [ae029012] Requires v1.1.0
  [37e2e3b7] ReverseDiff v1.4.3
  [708f8203] Richardson v1.2.0
  [21efa798] SIMDPirates v0.8.25
  [476501e8] SLEEFPirates v0.5.5
  [276daf66] SpecialFunctions v0.10.3
  [90137ffa] StaticArrays v0.12.4
  [5e0ebb24] Strided v1.1.1
  [6aa20fa7] TensorOperations v3.0.1
  [a759f4b9] TimerOutputs v0.5.6
  [9f7883ad] Tracker v0.2.12
  [bc48ee85] Tullio v0.2.8
  [9d95972d] TupleTools v1.2.0
  [3a884ed6] UnPack v1.0.2
  [3d5dd08c] VectorizationBase v0.12.33
  [e88e6eb3] Zygote v0.5.9
  [700de1a5] ZygoteRules v0.2.0
  [2a0f44e3] Base64
  [ade2ca70] Dates
  [8bb1440f] DelimitedFiles
  [8ba89e20] Distributed
  [9fa8497b] Future
  [b77e0a4c] InteractiveUtils
  [76f85450] LibGit2
  [8f399da3] Libdl
  [37e2e46d] LinearAlgebra
  [56ddb016] Logging
  [d6f4376e] Markdown
  [a63ad114] Mmap
  [44cfe95a] Pkg
  [de0858da] Printf
  [3fa0cd96] REPL
  [9a3f8284] Random
  [ea8e919c] SHA
  [9e88b42a] Serialization
  [1a1011a3] SharedArrays
  [6462fe0b] Sockets
  [2f01184e] SparseArrays
  [10745b16] Statistics
  [8dfed614] Test
  [cf7118a7] UUIDs
  [4ec0a83e] Unicode
[ Info: Loading Tullio took 12.3 seconds
[ Info: Testing with 2 threads
â”Œ Info: symbolic gradients
â”‚   inbody =
â”‚    1-element Array{Any,1}:
â””     :(var"ğ›¥â‰ª1:10â‰«"[i] = var"ğ›¥â‰ª1:10â‰«"[i] + conj(conj(ğ›¥â„›[i]) * (2 * var"â‰ª1:10â‰«"[i])))
â”Œ Info: threading threshold (from cost = 3)
â””   block = 11
â”Œ Info: left index ranges
â””   i = Base.OneTo(10)
Test Summary:          | Pass  Broken  Total
parsing all the things |  233       3    236
Test Summary:        | Pass  Broken  Total
tests from Einsum.jl |  684       5    689
[ Info: Basic tests took 147.9 seconds
Test Summary:   | Pass  Total
internal pieces |  398    398
Test Summary:         | Pass  Total
matrix multiplication |   33     33
Test Summary:                  | Pass  Broken  Total
gradients: Tracker + DiffRules |   62       1     63
Test Summary:                    | Pass  Broken  Total
gradients: Tracker + ForwardDiff |   37       1     38
[ Info: Tracker tests took 243.8 seconds
Test Summary:                  | Pass  Broken  Total
KernelAbstractions + gradients |   53       1     54
[ Info: KernelAbstractions tests took 236.2 seconds
Test Summary:                 | Pass  Broken  Total
gradients: Zygote + DiffRules |   64       2     66
Test Summary:                   | Pass  Broken  Total
gradients: Zygote + ForwardDiff |   39       2     41
Test Summary:                 | Pass  Broken  Total
complex gradients with Zygote |   10       8     18
[ Info: Zygote tests took 482.7 seconds
Test Summary:                         | Pass  Broken  Total
gradients: Tracker + TensorOperations |   62       1     63
Test Summary:                        | Pass  Broken  Total
gradients: Zygote + TensorOperations |   64       2     66
Test Summary:                           | Pass  Broken  Total
complex gradients with TensorOperations |    2       2      4
â”Œ Warning: TensorOperations not used, can't handle (1:10)[i] ^ 2
â”” @ Tullio ~/.julia/packages/Tullio/Q2RDS/src/tensor.jl:43
â”Œ Info: symbolic gradients
â”‚   inbody =
â”‚    1-element Array{Any,1}:
â””     :(var"ğ›¥â‰ª1:10â‰«"[i] = var"ğ›¥â‰ª1:10â‰«"[i] + conj(conj(ğ›¥â„›[i]) * (2 * var"â‰ª1:10â‰«"[i])))
â”Œ Info: threading threshold (from cost = 3)
â””   block = 11
â”Œ Info: left index ranges
â””   i = Base.OneTo(10)
Test Summary:              | Pass  Broken  Total
parsing + TensorOperations |  229       3    232
[ Info: TensorOperations tests took 708.4 seconds
    Testing Tullio tests passed 
Finished at 2020-10-25T21:08:07.544
