Julia Version 1.5.2-pre.25
Commit be8475f41a (2020-09-09 06:41 UTC)
Platform Info:
  OS: Linux (x86_64-linux-gnu)
  CPU: Intel(R) Xeon(R) Silver 4114 CPU @ 2.20GHz
  WORD_SIZE: 64
  LIBM: libopenlibm
  LLVM: libLLVM-9.0.1 (ORCJIT, skylake-avx512)
Environment:
  JULIA_DEPOT_PATH = ::/usr/local/share/julia
  JULIA_NUM_THREADS = 2

  Resolving package versions...
  Installed CompilerSupportLibraries_jll ─ v0.3.3+0
  Installed OpenSpecFun_jll ────────────── v0.5.3+3
  Installed Requires ───────────────────── v1.0.2
  Installed TimerOutputs ───────────────── v0.5.6
  Installed GPUCompiler ────────────────── v0.4.1
  Installed Cassette ───────────────────── v0.3.3
  Installed GPUArrays ──────────────────── v5.1.0
  Installed KernelAbstractions ─────────── v0.3.3
  Installed CEnum ──────────────────────── v0.4.1
  Installed MacroTools ─────────────────── v0.5.5
  Installed DataStructures ─────────────── v0.17.20
  Installed StaticArrays ───────────────── v0.12.4
  Installed BinaryProvider ─────────────── v0.5.10
  Installed ExprTools ──────────────────── v0.1.2
  Installed AbstractFFTs ───────────────── v0.5.0
  Installed SpecialFunctions ───────────── v0.10.3
  Installed OrderedCollections ─────────── v1.3.0
  Installed NNlib ──────────────────────── v0.7.4
  Installed LLVM ───────────────────────── v1.7.0
  Installed CUDA ───────────────────────── v1.3.3
  Installed Reexport ───────────────────── v0.2.0
  Installed Adapt ──────────────────────── v2.0.2
Updating `~/.julia/environments/v1.5/Project.toml`
  [63c18a36] + KernelAbstractions v0.3.3
Updating `~/.julia/environments/v1.5/Manifest.toml`
  [621f4979] + AbstractFFTs v0.5.0
  [79e6a3ab] + Adapt v2.0.2
  [b99e7846] + BinaryProvider v0.5.10
  [fa961155] + CEnum v0.4.1
  [052768ef] + CUDA v1.3.3
  [7057c7e9] + Cassette v0.3.3
  [e66e0078] + CompilerSupportLibraries_jll v0.3.3+0
  [864edb3b] + DataStructures v0.17.20
  [e2ba6199] + ExprTools v0.1.2
  [0c68f7d7] + GPUArrays v5.1.0
  [61eb1bfa] + GPUCompiler v0.4.1
  [63c18a36] + KernelAbstractions v0.3.3
  [929cbde3] + LLVM v1.7.0
  [1914dd2f] + MacroTools v0.5.5
  [872c559c] + NNlib v0.7.4
  [efe28fd5] + OpenSpecFun_jll v0.5.3+3
  [bac558e1] + OrderedCollections v1.3.0
  [189a3867] + Reexport v0.2.0
  [ae029012] + Requires v1.0.2
  [276daf66] + SpecialFunctions v0.10.3
  [90137ffa] + StaticArrays v0.12.4
  [a759f4b9] + TimerOutputs v0.5.6
  [2a0f44e3] + Base64
  [ade2ca70] + Dates
  [b77e0a4c] + InteractiveUtils
  [76f85450] + LibGit2
  [8f399da3] + Libdl
  [37e2e46d] + LinearAlgebra
  [56ddb016] + Logging
  [d6f4376e] + Markdown
  [44cfe95a] + Pkg
  [de0858da] + Printf
  [3fa0cd96] + REPL
  [9a3f8284] + Random
  [ea8e919c] + SHA
  [9e88b42a] + Serialization
  [6462fe0b] + Sockets
  [2f01184e] + SparseArrays
  [10745b16] + Statistics
  [cf7118a7] + UUIDs
  [4ec0a83e] + Unicode
    Testing KernelAbstractions
Status `/tmp/jl_ayNooe/Project.toml`
  [052768ef] CUDA v1.3.3
  [63c18a36] KernelAbstractions v0.3.3
  [da04e1cc] MPI v0.15.1
  [276daf66] SpecialFunctions v0.10.3
  [90137ffa] StaticArrays v0.12.4
  [b77e0a4c] InteractiveUtils
  [8dfed614] Test
Status `/tmp/jl_ayNooe/Manifest.toml`
  [621f4979] AbstractFFTs v0.5.0
  [79e6a3ab] Adapt v2.0.2
  [b99e7846] BinaryProvider v0.5.10
  [fa961155] CEnum v0.4.1
  [052768ef] CUDA v1.3.3
  [7057c7e9] Cassette v0.3.3
  [e66e0078] CompilerSupportLibraries_jll v0.3.3+0
  [864edb3b] DataStructures v0.17.20
  [ffbed154] DocStringExtensions v0.8.3
  [e2ba6199] ExprTools v0.1.2
  [0c68f7d7] GPUArrays v5.1.0
  [61eb1bfa] GPUCompiler v0.4.1
  [63c18a36] KernelAbstractions v0.3.3
  [929cbde3] LLVM v1.7.0
  [da04e1cc] MPI v0.15.1
  [7cb0a576] MPICH_jll v3.3.2+10
  [1914dd2f] MacroTools v0.5.5
  [9237b28f] MicrosoftMPI_jll v10.1.2+3
  [872c559c] NNlib v0.7.4
  [fe0851c0] OpenMPI_jll v4.0.2+2
  [efe28fd5] OpenSpecFun_jll v0.5.3+3
  [bac558e1] OrderedCollections v1.3.0
  [189a3867] Reexport v0.2.0
  [ae029012] Requires v1.0.2
  [276daf66] SpecialFunctions v0.10.3
  [90137ffa] StaticArrays v0.12.4
  [a759f4b9] TimerOutputs v0.5.6
  [2a0f44e3] Base64
  [ade2ca70] Dates
  [8ba89e20] Distributed
  [b77e0a4c] InteractiveUtils
  [76f85450] LibGit2
  [8f399da3] Libdl
  [37e2e46d] LinearAlgebra
  [56ddb016] Logging
  [d6f4376e] Markdown
  [44cfe95a] Pkg
  [de0858da] Printf
  [3fa0cd96] REPL
  [9a3f8284] Random
  [ea8e919c] SHA
  [9e88b42a] Serialization
  [6462fe0b] Sockets
  [2f01184e] SparseArrays
  [10745b16] Statistics
  [8dfed614] Test
  [cf7118a7] UUIDs
  [4ec0a83e] Unicode
Test Summary: | Pass  Total
Unittests     |   62     62
Test Summary: | Pass  Total
Localmem      |   16     16
Test Summary: | Pass  Total
Private       |   14     14
Test Summary: |
Unroll        | No tests
Test Summary: | Pass  Total
NDIteration   | 2084   2084
Test Summary: | Pass  Total
async_copy!   |    4      4
Test Summary: | Pass  Total
Events        |    4      4
Hello from thread 1!
Hello from thread 2!
Hello from thread 3!
Hello from thread 4!
Hello from thread 1!
Hello from thread 2!
Hello from thread 3!
Hello from thread 4!
Why this should workTest Summary: | Pass  Total
Printing      |    3      3
Test Summary: | Pass  Total
Compiler      |    1      1
┌ Warning: Calling CUDA.@profile only informs an external profiler to start.
│ The user is responsible for launching Julia under a CUDA profiler like `nvprof`.
│ 
│ For improved usability, launch Julia under the Nsight Systems profiler:
│ $ nsys launch julia
└ @ CUDA.Profile ~/.julia/packages/CUDA/dZvbp/lib/cudadrv/profile.jl:39
Test Summary: | Pass  Total
examples      |    5      5
    Testing KernelAbstractions tests passed 
