Julia Version 1.4.2-pre.0
Commit ef4fe83698 (2020-04-15 16:24 UTC)
Platform Info:
  OS: Linux (x86_64-linux-gnu)
  CPU: Intel(R) Xeon(R) Silver 4114 CPU @ 2.20GHz
  WORD_SIZE: 64
  LIBM: libopenlibm
  LLVM: libLLVM-8.0.1 (ORCJIT, skylake)
Environment:
  JULIA_DEPOT_PATH = ::/usr/local/share/julia
  JULIA_NUM_THREADS = 2

  Resolving package versions...
  Installed TickTock ─ v1.0.0
   Updating `~/.julia/environments/v1.4/Project.toml`
  [9ff05d80] + TickTock v1.0.0
   Updating `~/.julia/environments/v1.4/Manifest.toml`
  [9ff05d80] + TickTock v1.0.0
  [2a0f44e3] + Base64 
  [ade2ca70] + Dates 
  [8ba89e20] + Distributed 
  [b77e0a4c] + InteractiveUtils 
  [76f85450] + LibGit2 
  [8f399da3] + Libdl 
  [56ddb016] + Logging 
  [d6f4376e] + Markdown 
  [44cfe95a] + Pkg 
  [de0858da] + Printf 
  [3fa0cd96] + REPL 
  [9a3f8284] + Random 
  [ea8e919c] + SHA 
  [9e88b42a] + Serialization 
  [6462fe0b] + Sockets 
  [8dfed614] + Test 
  [cf7118a7] + UUIDs 
  [4ec0a83e] + Unicode 
    Testing TickTock
Status `/tmp/jl_z2te5w/Manifest.toml`
  [9ff05d80] TickTock v1.0.0
  [2a0f44e3] Base64 
  [ade2ca70] Dates 
  [8ba89e20] Distributed 
  [b77e0a4c] InteractiveUtils 
  [76f85450] LibGit2 
  [8f399da3] Libdl 
  [56ddb016] Logging 
  [d6f4376e] Markdown 
  [44cfe95a] Pkg 
  [de0858da] Printf 
  [3fa0cd96] REPL 
  [9a3f8284] Random 
  [ea8e919c] SHA 
  [9e88b42a] Serialization 
  [6462fe0b] Sockets 
  [8dfed614] Test 
  [cf7118a7] UUIDs 
  [4ec0a83e] Unicode 
[ Info:  started timer at: 2020-05-13T03:21:32.37
1         [ Info: TickTock: "TickTock alarm" alarm for 0 hours, 0 minutes, 10 seconds
[ Info: TickTock: "TickTock alarm" alarm for 0 hours, 0 minutes, 5 seconds
[ Info:          4.198845427s: 4 seconds, 198 milliseconds
[ Info:  started timer at: 2020-05-13T03:21:37.384
[ Info:  started timer at: 2020-05-13T03:21:37.44
[ Info:  started timer at: 2020-05-13T03:21:37.485
[ Info:          0.007313537s: 7 milliseconds
Make 10 timers
[ Info:  started timer at: 2020-05-13T03:21:37.514
[ Info:  started timer at: 2020-05-13T03:21:38.516
[ Info:  started timer at: 2020-05-13T03:21:39.519
[ Info:  started timer at: 2020-05-13T03:21:40.521
[ Info:  started timer at: 2020-05-13T03:21:41.524
[ Info: TickTock alarm
This is an alarm. Do not be alarmed.
[ Info:          5.051633866s: 5 seconds, 51 milliseconds
[ Info:  started timer at: 2020-05-13T03:21:42.526
[ Info:  started timer at: 2020-05-13T03:21:43.528
[ Info:  started timer at: 2020-05-13T03:21:44.53
[ Info:  started timer at: 2020-05-13T03:21:45.533
[ Info:  started timer at: 2020-05-13T03:21:46.535
[ Info: TickTock alarm
test alarm has fired
[ Info:         10.107022583s: 10 seconds, 107 milliseconds
Check that there are 10 timers
wait a second
Print all the timers
10        [ Info:          2.016138297s: 2 seconds, 16 milliseconds
9         [ Info:          3.018507925s: 3 seconds, 18 milliseconds
8         [ Info:          4.020809066s: 4 seconds, 20 milliseconds
7         [ Info:          5.023127823s: 5 seconds, 23 milliseconds
6         [ Info:          6.025459488s: 6 seconds, 25 milliseconds
5         [ Info:          7.027514482s: 7 seconds, 27 milliseconds
4         [ Info:          8.029838771s: 8 seconds, 29 milliseconds
3         [ Info:          9.032149494s: 9 seconds, 32 milliseconds
2         [ Info:         10.034836907s: 10 seconds, 34 milliseconds
1         [ Info:         11.037167386s: 11 seconds, 37 milliseconds
Check that the most recent timer is more than 1 second
  2.03244537
Finish 10 timers and show canonical
[ Info:          2.886735491s: 2 seconds, 886 milliseconds
[ Info:          3.889680633s: 3 seconds, 889 milliseconds
[ Info:          4.892072022s: 4 seconds, 892 milliseconds
[ Info:          5.894461897s: 5 seconds, 894 milliseconds
[ Info:            6.8968584s: 6 seconds, 896 milliseconds
[ Info:           7.89898155s: 7 seconds, 898 milliseconds
[ Info:          8.901376619s: 8 seconds, 901 milliseconds
[ Info:          9.903751774s: 9 seconds, 903 milliseconds
[ Info:         10.906508041s: 10 seconds, 906 milliseconds
[ Info:         11.908902832s: 11 seconds, 908 milliseconds
    Testing TickTock tests passed 
