Current time is 2020-10-25T22:35:33.554
Julia Version 1.5.3-pre.0
Commit 5905edebb1 (2020-09-24 05:09 UTC)
Platform Info:
  OS: Linux (x86_64-pc-linux-gnu)
  CPU: AMD EPYC 7502 32-Core Processor
  WORD_SIZE: 64
  LIBM: libopenlibm
  LLVM: libLLVM-9.0.1 (ORCJIT, znver2)
Environment:
  JULIA_DEPOT_PATH = ::/usr/local/share/julia
  JULIA_NUM_THREADS = 2
  JULIA_MAX_NUM_PRECOMPILE_FILES = 9223372036854775807
  JULIA_PKG_SERVER = 

Starting installation at 2020-10-25T22:35:36.713
  Resolving package versions...
  Installed Waveforms ─ v0.1.1
Updating `~/.julia/environments/v1.5/Project.toml`
  [cb13b1c6] + Waveforms v0.1.1
Updating `~/.julia/environments/v1.5/Manifest.toml`
  [cb13b1c6] + Waveforms v0.1.1
Starting tests at 2020-10-25T22:35:38.527
    Testing Waveforms
Status `/tmp/jl_EHdVQZ/Project.toml`
  [cb13b1c6] Waveforms v0.1.1
  [8dfed614] Test
Status `/tmp/jl_EHdVQZ/Manifest.toml`
  [cb13b1c6] Waveforms v0.1.1
  [2a0f44e3] Base64
  [8ba89e20] Distributed
  [b77e0a4c] InteractiveUtils
  [56ddb016] Logging
  [d6f4376e] Markdown
  [9a3f8284] Random
  [9e88b42a] Serialization
  [6462fe0b] Sockets
  [8dfed614] Test
Test Summary: | Pass  Total
square waves  |   12     12
Test Summary:  | Pass  Total
triangle waves |    4      4
Test Summary:  | Pass  Total
sawtooth waves |    4      4
    Testing Waveforms tests passed 
Finished at 2020-10-25T22:35:45.178
