Julia Version 1.4.0
Commit 571c4c41f7 (2020-04-07 06:24 UTC)
Platform Info:
  OS: Linux (x86_64-linux-gnu)
  CPU: Intel(R) Xeon(R) Silver 4114 CPU @ 2.20GHz
  WORD_SIZE: 64
  LIBM: libopenlibm
  LLVM: libLLVM-8.0.1 (ORCJIT, skylake)
Environment:
  JULIA_DEPOT_PATH = ::/usr/local/share/julia
  JULIA_NUM_THREADS = 2

  Resolving package versions...
  Installed GcodeParser ─ v0.1.0
   Updating `~/.julia/environments/v1.4/Project.toml`
  [62e9c5db] + GcodeParser v0.1.0
   Updating `~/.julia/environments/v1.4/Manifest.toml`
  [62e9c5db] + GcodeParser v0.1.0
  [2a0f44e3] + Base64 
  [8ba89e20] + Distributed 
  [b77e0a4c] + InteractiveUtils 
  [56ddb016] + Logging 
  [d6f4376e] + Markdown 
  [9a3f8284] + Random 
  [9e88b42a] + Serialization 
  [6462fe0b] + Sockets 
  [8dfed614] + Test 
    Testing GcodeParser
Status `/tmp/jl_1Yb1nw/Manifest.toml`
  [62e9c5db] GcodeParser v0.1.0
  [2a0f44e3] Base64 
  [8ba89e20] Distributed 
  [b77e0a4c] InteractiveUtils 
  [56ddb016] Logging 
  [d6f4376e] Markdown 
  [9a3f8284] Random 
  [9e88b42a] Serialization 
  [6462fe0b] Sockets 
  [8dfed614] Test 
Test Summary: | Pass  Total
test set      |    2      2
    Testing GcodeParser tests passed 
