Julia Version 1.4.0-rc1.21
Commit 113211dee6 (2020-02-06 08:37 UTC)
Platform Info:
  OS: Linux (x86_64-linux-gnu)
  CPU: Intel(R) Xeon(R) Silver 4114 CPU @ 2.20GHz
  WORD_SIZE: 64
  LIBM: libopenlibm
  LLVM: libLLVM-8.0.1 (ORCJIT, skylake)
Environment:
  JULIA_DEPOT_PATH = ::/usr/local/share/julia
  JULIA_NUM_THREADS = 2

  Resolving package versions...
  Installed TransmuteDims ─ v0.0.2
  Installed Adapt ───────── v1.0.0
  Installed AbstractFFTs ── v0.5.0
  Installed GPUArrays ───── v2.0.1
   Updating `~/.julia/environments/v1.4/Project.toml`
  [24ddb15e] + TransmuteDims v0.0.2
   Updating `~/.julia/environments/v1.4/Manifest.toml`
  [621f4979] + AbstractFFTs v0.5.0
  [79e6a3ab] + Adapt v1.0.0
  [0c68f7d7] + GPUArrays v2.0.1
  [24ddb15e] + TransmuteDims v0.0.2
  [8f399da3] + Libdl 
  [37e2e46d] + LinearAlgebra 
  [de0858da] + Printf 
  [9a3f8284] + Random 
  [9e88b42a] + Serialization 
  [4ec0a83e] + Unicode 
    Testing TransmuteDims
Status `/tmp/jl_wzcapf/Manifest.toml`
  [621f4979] AbstractFFTs v0.5.0
  [79e6a3ab] Adapt v1.0.0
  [0c68f7d7] GPUArrays v2.0.1
  [24ddb15e] TransmuteDims v0.0.2
  [2a0f44e3] Base64 
  [8ba89e20] Distributed 
  [b77e0a4c] InteractiveUtils 
  [8f399da3] Libdl 
  [37e2e46d] LinearAlgebra 
  [56ddb016] Logging 
  [d6f4376e] Markdown 
  [de0858da] Printf 
  [9a3f8284] Random 
  [9e88b42a] Serialization 
  [6462fe0b] Sockets 
  [8dfed614] Test 
  [4ec0a83e] Unicode 
Test Summary: | Pass  Total
new features  |   31     31
Test Summary:         | Pass  Total
permutedims from Base |   33     33
    Testing TransmuteDims tests passed 
