Julia Version 1.4.0
Commit 3fd5790e88 (2020-04-10 10:01 UTC)
Platform Info:
  OS: Linux (x86_64-linux-gnu)
  CPU: Intel(R) Xeon(R) Silver 4114 CPU @ 2.20GHz
  WORD_SIZE: 64
  LIBM: libopenlibm
  LLVM: libLLVM-8.0.1 (ORCJIT, skylake)
Environment:
  JULIA_DEPOT_PATH = ::/usr/local/share/julia
  JULIA_NUM_THREADS = 2

  Resolving package versions...
  Installed ReservoirComputing ─ v0.4.0
   Updating `~/.julia/environments/v1.4/Project.toml`
  [7c2d2b1e] + ReservoirComputing v0.4.0
   Updating `~/.julia/environments/v1.4/Manifest.toml`
  [7c2d2b1e] + ReservoirComputing v0.4.0
  [8f399da3] + Libdl 
  [37e2e46d] + LinearAlgebra 
  [9a3f8284] + Random 
  [9e88b42a] + Serialization 
  [2f01184e] + SparseArrays 
    Testing ReservoirComputing
Status `/tmp/jl_WLV2U9/Manifest.toml`
  [7c2d2b1e] ReservoirComputing v0.4.0
  [1bc83da4] SafeTestsets v0.0.1
  [2a0f44e3] Base64 
  [8ba89e20] Distributed 
  [b77e0a4c] InteractiveUtils 
  [8f399da3] Libdl 
  [37e2e46d] LinearAlgebra 
  [56ddb016] Logging 
  [d6f4376e] Markdown 
  [9a3f8284] Random 
  [9e88b42a] Serialization 
  [6462fe0b] Sockets 
  [2f01184e] SparseArrays 
  [8dfed614] Test 
Test Summary: | Pass  Total
esn           |   24     24
 13.904523 seconds (13.17 M allocations: 648.365 MiB, 7.42% gc time)
Test Summary: | Pass  Total
dafesn        |   23     23
  1.520208 seconds (652.42 k allocations: 33.795 MiB, 1.25% gc time)
    Testing ReservoirComputing tests passed 
