Julia Version 1.3.0
Commit 46ce4d7933 (2019-11-26 06:09 UTC)
Platform Info:
  OS: Linux (x86_64-pc-linux-gnu)
  CPU: Intel(R) Xeon(R) Silver 4114 CPU @ 2.20GHz
  WORD_SIZE: 64
  LIBM: libopenlibm
  LLVM: libLLVM-6.0.1 (ORCJIT, skylake)
Environment:
  JULIA_DEPOT_PATH = ::/usr/local/share/julia

 Resolving package versions...
 Installed RecipesBase ─────── v0.7.0
 Installed PolynomialFactors ─ v0.3.0
 Installed Combinatorics ───── v1.0.0
 Installed Primes ──────────── v0.4.0
 Installed Polynomials ─────── v0.6.0
 Installed AbstractAlgebra ─── v0.8.0
  Updating `~/.julia/environments/v1.3/Project.toml`
  [ec145902] + PolynomialFactors v0.3.0
  Updating `~/.julia/environments/v1.3/Manifest.toml`
  [c3fe647b] + AbstractAlgebra v0.8.0
  [861a8166] + Combinatorics v1.0.0
  [ec145902] + PolynomialFactors v0.3.0
  [f27b6e38] + Polynomials v0.6.0
  [27ebfcd6] + Primes v0.4.0
  [3cdcf5f2] + RecipesBase v0.7.0
  [2a0f44e3] + Base64 
  [8ba89e20] + Distributed 
  [b77e0a4c] + InteractiveUtils 
  [8f399da3] + Libdl 
  [37e2e46d] + LinearAlgebra 
  [56ddb016] + Logging 
  [d6f4376e] + Markdown 
  [9a3f8284] + Random 
  [9e88b42a] + Serialization 
  [6462fe0b] + Sockets 
  [2f01184e] + SparseArrays 
  [8dfed614] + Test 
   Testing PolynomialFactors
    Status `/tmp/jl_N5mu7C/Manifest.toml`
  [c3fe647b] AbstractAlgebra v0.8.0
  [861a8166] Combinatorics v1.0.0
  [ec145902] PolynomialFactors v0.3.0
  [f27b6e38] Polynomials v0.6.0
  [27ebfcd6] Primes v0.4.0
  [3cdcf5f2] RecipesBase v0.7.0
  [2a0f44e3] Base64  [`@stdlib/Base64`]
  [8ba89e20] Distributed  [`@stdlib/Distributed`]
  [b77e0a4c] InteractiveUtils  [`@stdlib/InteractiveUtils`]
  [8f399da3] Libdl  [`@stdlib/Libdl`]
  [37e2e46d] LinearAlgebra  [`@stdlib/LinearAlgebra`]
  [56ddb016] Logging  [`@stdlib/Logging`]
  [d6f4376e] Markdown  [`@stdlib/Markdown`]
  [9a3f8284] Random  [`@stdlib/Random`]
  [9e88b42a] Serialization  [`@stdlib/Serialization`]
  [6462fe0b] Sockets  [`@stdlib/Sockets`]
  [2f01184e] SparseArrays  [`@stdlib/SparseArrays`]
  [8dfed614] Test  [`@stdlib/Test`]
ERROR: LoadError: LoadError: UndefVarError: gfelem not defined
Stacktrace:
 [1] getproperty(::Module, ::Symbol) at ./Base.jl:13
 [2] top-level scope at /home/pkgeval/.julia/packages/PolynomialFactors/dOBeW/src/polyutils.jl:6
 [3] include at ./boot.jl:328 [inlined]
 [4] include_relative(::Module, ::String) at ./loading.jl:1105
 [5] include at ./Base.jl:31 [inlined]
 [6] include(::String) at /home/pkgeval/.julia/packages/PolynomialFactors/dOBeW/src/PolynomialFactors.jl:2
 [7] top-level scope at /home/pkgeval/.julia/packages/PolynomialFactors/dOBeW/src/PolynomialFactors.jl:17
 [8] include at ./boot.jl:328 [inlined]
 [9] include_relative(::Module, ::String) at ./loading.jl:1105
 [10] include(::Module, ::String) at ./Base.jl:31
 [11] top-level scope at none:2
 [12] eval at ./boot.jl:330 [inlined]
 [13] eval(::Expr) at ./client.jl:425
 [14] top-level scope at ./none:3
in expression starting at /home/pkgeval/.julia/packages/PolynomialFactors/dOBeW/src/polyutils.jl:6
in expression starting at /home/pkgeval/.julia/packages/PolynomialFactors/dOBeW/src/PolynomialFactors.jl:17
ERROR: LoadError: Failed to precompile PolynomialFactors [ec145902-31c2-532e-934a-7c64254c4b82] to /home/pkgeval/.julia/compiled/v1.3/PolynomialFactors/tfyZL_kIkU6.ji.
Stacktrace:
 [1] error(::String) at ./error.jl:33
 [2] compilecache(::Base.PkgId, ::String) at ./loading.jl:1283
 [3] _require(::Base.PkgId) at ./loading.jl:1024
 [4] require(::Base.PkgId) at ./loading.jl:922
 [5] require(::Module, ::Symbol) at ./loading.jl:917
 [6] include at ./boot.jl:328 [inlined]
 [7] include_relative(::Module, ::String) at ./loading.jl:1105
 [8] include(::Module, ::String) at ./Base.jl:31
 [9] include(::String) at ./client.jl:424
 [10] top-level scope at none:6
in expression starting at /home/pkgeval/.julia/packages/PolynomialFactors/dOBeW/test/runtests.jl:1
ERROR: Package PolynomialFactors errored during testing
Stacktrace:
 [1] pkgerror(::String, ::Vararg{String,N} where N) at /buildworker/worker/package_linux64/build/usr/share/julia/stdlib/v1.3/Pkg/src/Types.jl:113
 [2] #test#131(::Bool, ::Nothing, ::Cmd, ::Cmd, ::typeof(Pkg.Operations.test), ::Pkg.Types.Context, ::Array{Pkg.Types.PackageSpec,1}) at /buildworker/worker/package_linux64/build/usr/share/julia/stdlib/v1.3/Pkg/src/Operations.jl:1370
 [3] #test at ./none:0 [inlined]
 [4] #test#62(::Bool, ::Nothing, ::Cmd, ::Cmd, ::Base.Iterators.Pairs{Union{},Union{},Tuple{},NamedTuple{(),Tuple{}}}, ::typeof(Pkg.API.test), ::Pkg.Types.Context, ::Array{Pkg.Types.PackageSpec,1}) at /buildworker/worker/package_linux64/build/usr/share/julia/stdlib/v1.3/Pkg/src/API.jl:253
 [5] test(::Pkg.Types.Context, ::Array{Pkg.Types.PackageSpec,1}) at /buildworker/worker/package_linux64/build/usr/share/julia/stdlib/v1.3/Pkg/src/API.jl:239
 [6] #test#61 at /buildworker/worker/package_linux64/build/usr/share/julia/stdlib/v1.3/Pkg/src/API.jl:233 [inlined]
 [7] test at /buildworker/worker/package_linux64/build/usr/share/julia/stdlib/v1.3/Pkg/src/API.jl:233 [inlined]
 [8] #test#60 at /buildworker/worker/package_linux64/build/usr/share/julia/stdlib/v1.3/Pkg/src/API.jl:232 [inlined]
 [9] test at /buildworker/worker/package_linux64/build/usr/share/julia/stdlib/v1.3/Pkg/src/API.jl:232 [inlined]
 [10] #test#59(::Base.Iterators.Pairs{Union{},Union{},Tuple{},NamedTuple{(),Tuple{}}}, ::typeof(Pkg.API.test), ::String) at /buildworker/worker/package_linux64/build/usr/share/julia/stdlib/v1.3/Pkg/src/API.jl:231
 [11] test(::String) at /buildworker/worker/package_linux64/build/usr/share/julia/stdlib/v1.3/Pkg/src/API.jl:231
 [12] top-level scope at none:12
