Current time is 2020-10-25T19:35:29.23
Julia Version 1.5.3-pre.0
Commit 5905edebb1 (2020-09-24 05:09 UTC)
Platform Info:
  OS: Linux (x86_64-pc-linux-gnu)
  CPU: AMD EPYC 7502 32-Core Processor
  WORD_SIZE: 64
  LIBM: libopenlibm
  LLVM: libLLVM-9.0.1 (ORCJIT, znver2)
Environment:
  JULIA_DEPOT_PATH = ::/usr/local/share/julia
  JULIA_NUM_THREADS = 2
  JULIA_MAX_NUM_PRECOMPILE_FILES = 9223372036854775807
  JULIA_PKG_SERVER = 

Starting installation at 2020-10-25T19:35:32.664
  Resolving package versions...
  Installed ObjectStores ── v0.4.0
  Installed Authorization ─ v0.2.0
Updating `~/.julia/environments/v1.5/Project.toml`
  [03c2b57b] + ObjectStores v0.4.0
Updating `~/.julia/environments/v1.5/Manifest.toml`
  [b5147960] + Authorization v0.2.0
  [03c2b57b] + ObjectStores v0.4.0
  [ade2ca70] + Dates
  [56ddb016] + Logging
  [de0858da] + Printf
  [4ec0a83e] + Unicode
Starting tests at 2020-10-25T19:35:35.789
    Testing ObjectStores
Status `/tmp/jl_eX93b5/Project.toml`
  [b5147960] Authorization v0.2.0
  [03c2b57b] ObjectStores v0.4.0
  [56ddb016] Logging
  [8dfed614] Test
Status `/tmp/jl_eX93b5/Manifest.toml`
  [b5147960] Authorization v0.2.0
  [03c2b57b] ObjectStores v0.4.0
  [2a0f44e3] Base64
  [ade2ca70] Dates
  [8ba89e20] Distributed
  [b77e0a4c] InteractiveUtils
  [56ddb016] Logging
  [d6f4376e] Markdown
  [de0858da] Printf
  [9a3f8284] Random
  [9e88b42a] Serialization
  [6462fe0b] Sockets
  [8dfed614] Test
  [4ec0a83e] Unicode
    Testing ObjectStores tests passed 
Finished at 2020-10-25T19:35:39.816
