Current time is 2020-10-25T19:45:07.058
Julia Version 1.5.3-pre.13
Commit 3de1115e9c (2020-10-23 21:58 UTC)
Platform Info:
  OS: Linux (x86_64-linux-gnu)
  CPU: AMD EPYC 7502 32-Core Processor
  WORD_SIZE: 64
  LIBM: libopenlibm
  LLVM: libLLVM-9.0.1 (ORCJIT, znver2)
Environment:
  JULIA_DEPOT_PATH = ::/usr/local/share/julia
  JULIA_NUM_THREADS = 2
  JULIA_MAX_NUM_PRECOMPILE_FILES = 9223372036854775807
  JULIA_PKG_SERVER = 

Starting installation at 2020-10-25T19:45:10.444
  Resolving package versions...
  Installed RecipesBase ─── v1.1.0
  Installed ComplexValues ─ v0.2.1
Updating `~/.julia/environments/v1.5/Project.toml`
  [41a84b80] + ComplexValues v0.2.1
Updating `~/.julia/environments/v1.5/Manifest.toml`
  [41a84b80] + ComplexValues v0.2.1
  [3cdcf5f2] + RecipesBase v1.1.0
  [2a0f44e3] + Base64
  [8ba89e20] + Distributed
  [b77e0a4c] + InteractiveUtils
  [56ddb016] + Logging
  [d6f4376e] + Markdown
  [9a3f8284] + Random
  [9e88b42a] + Serialization
  [6462fe0b] + Sockets
  [8dfed614] + Test
Starting tests at 2020-10-25T19:45:12.258
    Testing ComplexValues
Status `/tmp/jl_CtfBTZ/Project.toml`
  [41a84b80] ComplexValues v0.2.1
  [3cdcf5f2] RecipesBase v1.1.0
  [8dfed614] Test
Status `/tmp/jl_CtfBTZ/Manifest.toml`
  [41a84b80] ComplexValues v0.2.1
  [3cdcf5f2] RecipesBase v1.1.0
  [2a0f44e3] Base64
  [8ba89e20] Distributed
  [b77e0a4c] InteractiveUtils
  [56ddb016] Logging
  [d6f4376e] Markdown
  [9a3f8284] Random
  [9e88b42a] Serialization
  [6462fe0b] Sockets
  [8dfed614] Test
Test Summary:          | Pass  Total
Constructions of Polar |    6      6
Test Summary:              | Pass  Total
Constructions of Spherical |    7      7
Test Summary:                        | Pass  Total
Conversions between Polar, Spherical |   10     10
Test Summary:                     | Pass  Total
Conversions in and out of Complex |   24     24
Test Summary:                             | Pass  Total
Zero and infinity for ComplexValues.Polar |    9      9
Test Summary:                                 | Pass  Total
Zero and infinity for ComplexValues.Spherical |    9      9
Test Summary:                                               | Pass  Total
Binary functions on ComplexValues.Polar,ComplexValues.Polar |    5      5
Test Summary:                                                   | Pass  Total
Binary functions on ComplexValues.Polar,ComplexValues.Spherical |    5      5
Test Summary:                                                   | Pass  Total
Binary functions on ComplexValues.Spherical,ComplexValues.Polar |    5      5
Test Summary:                                                       | Pass  Total
Binary functions on ComplexValues.Spherical,ComplexValues.Spherical |    5      5
Test Summary:                          | Pass  Total
Unary functions on ComplexValues.Polar |    4      4
Test Summary:                              | Pass  Total
Unary functions on ComplexValues.Spherical |    4      4
    Testing ComplexValues tests passed 
Finished at 2020-10-25T19:45:25.577
