Current time is 2020-10-25T20:35:11.497
Julia Version 1.5.3-pre.0
Commit 5905edebb1 (2020-09-24 05:09 UTC)
Platform Info:
  OS: Linux (x86_64-pc-linux-gnu)
  CPU: AMD EPYC 7502 32-Core Processor
  WORD_SIZE: 64
  LIBM: libopenlibm
  LLVM: libLLVM-9.0.1 (ORCJIT, znver2)
Environment:
  JULIA_DEPOT_PATH = ::/usr/local/share/julia
  JULIA_NUM_THREADS = 2
  JULIA_MAX_NUM_PRECOMPILE_FILES = 9223372036854775807
  JULIA_PKG_SERVER = 

Starting installation at 2020-10-25T20:35:14.591
  Resolving package versions...
  Installed OpenSpecFun_jll ────────────── v0.5.3+4
  Installed JuliennedArrays ────────────── v0.2.2
  Installed NaNMath ────────────────────── v0.3.4
  Installed SliceMap ───────────────────── v0.2.3
  Installed DiffRules ──────────────────── v1.0.1
  Installed Requires ───────────────────── v1.1.0
  Installed NNlib ──────────────────────── v0.7.5
  Installed ForwardDiff ────────────────── v0.10.12
  Installed ZygoteRules ────────────────── v0.2.0
  Installed DiffResults ────────────────── v1.0.2
  Installed MacroTools ─────────────────── v0.5.6
  Installed CommonSubexpressions ───────── v0.3.0
  Installed Adapt ──────────────────────── v2.3.0
  Installed JLLWrappers ────────────────── v1.1.3
  Installed Tracker ────────────────────── v0.2.12
  Installed SpecialFunctions ───────────── v0.10.3
  Installed Artifacts ──────────────────── v1.3.0
  Installed CompilerSupportLibraries_jll ─ v0.3.4+0
  Installed StaticArrays ───────────────── v0.12.4
Updating `~/.julia/environments/v1.5/Project.toml`
  [82cb661a] + SliceMap v0.2.3
Updating `~/.julia/environments/v1.5/Manifest.toml`
  [79e6a3ab] + Adapt v2.3.0
  [56f22d72] + Artifacts v1.3.0
  [bbf7d656] + CommonSubexpressions v0.3.0
  [e66e0078] + CompilerSupportLibraries_jll v0.3.4+0
  [163ba53b] + DiffResults v1.0.2
  [b552c78f] + DiffRules v1.0.1
  [f6369f11] + ForwardDiff v0.10.12
  [692b3bcd] + JLLWrappers v1.1.3
  [5cadff95] + JuliennedArrays v0.2.2
  [1914dd2f] + MacroTools v0.5.6
  [872c559c] + NNlib v0.7.5
  [77ba4419] + NaNMath v0.3.4
  [efe28fd5] + OpenSpecFun_jll v0.5.3+4
  [ae029012] + Requires v1.1.0
  [82cb661a] + SliceMap v0.2.3
  [276daf66] + SpecialFunctions v0.10.3
  [90137ffa] + StaticArrays v0.12.4
  [9f7883ad] + Tracker v0.2.12
  [700de1a5] + ZygoteRules v0.2.0
  [2a0f44e3] + Base64
  [ade2ca70] + Dates
  [8ba89e20] + Distributed
  [b77e0a4c] + InteractiveUtils
  [76f85450] + LibGit2
  [8f399da3] + Libdl
  [37e2e46d] + LinearAlgebra
  [56ddb016] + Logging
  [d6f4376e] + Markdown
  [44cfe95a] + Pkg
  [de0858da] + Printf
  [3fa0cd96] + REPL
  [9a3f8284] + Random
  [ea8e919c] + SHA
  [9e88b42a] + Serialization
  [6462fe0b] + Sockets
  [2f01184e] + SparseArrays
  [10745b16] + Statistics
  [8dfed614] + Test
  [cf7118a7] + UUIDs
  [4ec0a83e] + Unicode
Starting tests at 2020-10-25T20:35:19.501
    Testing SliceMap
┌ Error: Pkg.Resolve.ResolverError("Unsatisfiable requirements detected for package NNlib [872c559c]:\n NNlib [872c559c] log:\n ├─possible versions are: [0.3.2, 0.4.0-0.4.3, 0.5.0, 0.6.0-0.6.6, 0.7.0-0.7.5] or uninstalled\n ├─restricted to versions 0.7.5 by an explicit requirement, leaving only versions 0.7.5\n └─restricted by compatibility requirements with Zygote [e88e6eb3] to versions: 0.6.0-0.6.6 — no versions left\n   └─Zygote [e88e6eb3] log:\n     ├─possible versions are: [0.1.0, 0.2.0, 0.3.0-0.3.4, 0.4.0-0.4.22, 0.5.0-0.5.9] or uninstalled\n     ├─restricted to versions 0.4 by an explicit requirement, leaving only versions 0.4.0-0.4.22\n     └─restricted by compatibility requirements with Requires [ae029012] to versions: [0.4.3-0.4.22, 0.5.0-0.5.9] or uninstalled, leaving only versions: 0.4.3-0.4.22\n       └─Requires [ae029012] log:\n         ├─possible versions are: [0.5.0-0.5.2, 1.0.0-1.0.3, 1.1.0] or uninstalled\n         └─restricted to versions 1.1.0 by an explicit requirement, leaving only versions 1.1.0", nothing)
└ @ Pkg.Operations /buildworker/worker/package_linux64/build/usr/share/julia/stdlib/v1.5/Pkg/src/Operations.jl:1427
Status `/tmp/jl_AWhEi0/Project.toml`
  [f6369f11] ForwardDiff v0.10.12
  [5cadff95] JuliennedArrays v0.2.2
  [82cb661a] SliceMap v0.2.3
  [90137ffa] StaticArrays v0.12.4
  [9f7883ad] Tracker v0.2.12
  [e88e6eb3] Zygote v0.4.22
  [700de1a5] ZygoteRules v0.2.0
  [8dfed614] Test
Status `/tmp/jl_AWhEi0/Manifest.toml`
  [621f4979] AbstractFFTs v0.5.0
  [79e6a3ab] Adapt v2.3.0
  [4c555306] ArrayLayouts v0.3.8
  [56f22d72] Artifacts v1.3.0
  [b99e7846] BinaryProvider v0.5.10
  [082447d4] ChainRules v0.6.5
  [d360d2e6] ChainRulesCore v0.8.1
  [bbf7d656] CommonSubexpressions v0.3.0
  [e66e0078] CompilerSupportLibraries_jll v0.3.4+0
  [163ba53b] DiffResults v1.0.2
  [b552c78f] DiffRules v1.0.1
  [1a297f60] FillArrays v0.8.14
  [f6369f11] ForwardDiff v0.10.12
  [7869d1d1] IRTools v0.4.1
  [692b3bcd] JLLWrappers v1.1.3
  [5cadff95] JuliennedArrays v0.2.2
  [1914dd2f] MacroTools v0.5.6
  [46d2c3a1] MuladdMacro v0.2.2
  [872c559c] NNlib v0.6.6
  [77ba4419] NaNMath v0.3.4
  [efe28fd5] OpenSpecFun_jll v0.5.3+4
  [189a3867] Reexport v0.2.0
  [ae029012] Requires v1.1.0
  [82cb661a] SliceMap v0.2.3
  [276daf66] SpecialFunctions v0.10.3
  [90137ffa] StaticArrays v0.12.4
  [9f7883ad] Tracker v0.2.12
  [e88e6eb3] Zygote v0.4.22
  [700de1a5] ZygoteRules v0.2.0
  [2a0f44e3] Base64
  [ade2ca70] Dates
  [8ba89e20] Distributed
  [9fa8497b] Future
  [b77e0a4c] InteractiveUtils
  [76f85450] LibGit2
  [8f399da3] Libdl
  [37e2e46d] LinearAlgebra
  [56ddb016] Logging
  [d6f4376e] Markdown
  [44cfe95a] Pkg
  [de0858da] Printf
  [3fa0cd96] REPL
  [9a3f8284] Random
  [ea8e919c] SHA
  [9e88b42a] Serialization
  [6462fe0b] Sockets
  [2f01184e] SparseArrays
  [10745b16] Statistics
  [8dfed614] Test
  [cf7118a7] UUIDs
  [4ec0a83e] Unicode
Test Summary: | Pass  Total
columns       |   18     18
Test Summary:     | Pass  Total
columns -> scalar |    6      6
Test Summary:     | Pass  Total
columns -> matrix |    6      6
Test Summary:  | Pass  Total
columns w args |    6      6
Test Summary: | Pass  Total
rows          |    5      5
Test Summary:        | Pass  Total
slices of a 4-tensor |    6      6
Test Summary:            | Pass  Total
gradient of the function |    7      7
Test Summary:     | Pass  Total
slicemap rev=true |    6      6
    Testing SliceMap tests passed 
Finished at 2020-10-25T20:40:18.115
