Running tests with Julia v1.3.1-pre.12
   Cloning default registries into `~/.julia`
   Cloning registry from "https://github.com/JuliaRegistries/General.git"
[?25l    Fetching: [>                                        ]  0.0 %    Fetching: [==============>                          ]  33.3 %    Fetching: [===============================>         ]  75.9 %[2K[?25h     Added registry `General` to `~/.julia/registries/General`
 Resolving package versions...
 Installed OpenSpecFun_jll ────── v0.5.3+1
 Installed SimpleTraits ───────── v0.9.1
 Installed OrderedCollections ─── v1.1.0
 Installed DiffRules ──────────── v0.1.0
 Installed SpecialFunctions ───── v0.9.0
 Installed SparseDiffTools ────── v1.0.0
 Installed DataStructures ─────── v0.17.6
 Installed LightGraphs ────────── v1.3.0
 Installed StaticArrays ───────── v0.12.1
 Installed Adapt ──────────────── v1.0.0
 Installed DiffEqDiffTools ────── v1.5.0
 Installed CommonSubexpressions ─ v0.2.0
 Installed VertexSafeGraphs ───── v0.1.0
 Installed ArrayInterface ─────── v2.0.0
 Installed ArnoldiMethod ──────── v0.0.4
 Installed ForwardDiff ────────── v0.10.7
 Installed Requires ───────────── v0.5.2
 Installed Inflate ────────────── v0.1.1
 Installed Compat ─────────────── v2.2.0
 Installed MacroTools ─────────── v0.5.3
 Installed NaNMath ────────────── v0.3.3
 Installed DiffResults ────────── v0.0.4
  Updating `~/.julia/environments/v1.3/Project.toml`
  [47a9eef4] + SparseDiffTools v1.0.0
  Updating `~/.julia/environments/v1.3/Manifest.toml`
  [79e6a3ab] + Adapt v1.0.0
  [ec485272] + ArnoldiMethod v0.0.4
  [4fba245c] + ArrayInterface v2.0.0
  [bbf7d656] + CommonSubexpressions v0.2.0
  [34da2185] + Compat v2.2.0
  [864edb3b] + DataStructures v0.17.6
  [01453d9d] + DiffEqDiffTools v1.5.0
  [163ba53b] + DiffResults v0.0.4
  [b552c78f] + DiffRules v0.1.0
  [f6369f11] + ForwardDiff v0.10.7
  [d25df0c9] + Inflate v0.1.1
  [093fc24a] + LightGraphs v1.3.0
  [1914dd2f] + MacroTools v0.5.3
  [77ba4419] + NaNMath v0.3.3
  [efe28fd5] + OpenSpecFun_jll v0.5.3+1
  [bac558e1] + OrderedCollections v1.1.0
  [ae029012] + Requires v0.5.2
  [699a6c99] + SimpleTraits v0.9.1
  [47a9eef4] + SparseDiffTools v1.0.0
  [276daf66] + SpecialFunctions v0.9.0
  [90137ffa] + StaticArrays v0.12.1
  [19fa3120] + VertexSafeGraphs v0.1.0
  [2a0f44e3] + Base64 
  [ade2ca70] + Dates 
  [8bb1440f] + DelimitedFiles 
  [8ba89e20] + Distributed 
  [b77e0a4c] + InteractiveUtils 
  [76f85450] + LibGit2 
  [8f399da3] + Libdl 
  [37e2e46d] + LinearAlgebra 
  [56ddb016] + Logging 
  [d6f4376e] + Markdown 
  [a63ad114] + Mmap 
  [44cfe95a] + Pkg 
  [de0858da] + Printf 
  [3fa0cd96] + REPL 
  [9a3f8284] + Random 
  [ea8e919c] + SHA 
  [9e88b42a] + Serialization 
  [1a1011a3] + SharedArrays 
  [6462fe0b] + Sockets 
  [2f01184e] + SparseArrays 
  [10745b16] + Statistics 
  [8dfed614] + Test 
  [cf7118a7] + UUIDs 
  [4ec0a83e] + Unicode 
   Testing SparseDiffTools
 Resolving package versions...
 Installed BlockBandedMatrices ── v0.6.0
 Installed SparsityDetection ──── v0.1.1
 Installed IterativeSolvers ───── v0.8.1
 Installed TimerOutputs ───────── v0.5.3
 Installed IRTools ────────────── v0.2.3
 Installed SafeTestsets ───────── v0.0.1
 Installed BandedMatrices ─────── v0.14.2
 Installed Zygote ─────────────── v0.3.4
 Installed Reexport ───────────── v0.2.0
 Installed Parsers ────────────── v0.3.10
 Installed JSON ───────────────── v0.21.0
 Installed RecipesBase ────────── v0.7.0
 Installed FillArrays ─────────── v0.8.2
 Installed FFTW ───────────────── v1.1.0
 Installed VersionParsing ─────── v1.1.3
 Installed Cassette ───────────── v0.2.6
 Installed ArrayLayouts ───────── v0.1.5
 Installed BinaryProvider ─────── v0.5.8
 Installed ZygoteRules ────────── v0.1.0
 Installed NNlib ──────────────── v0.6.0
 Installed AbstractFFTs ───────── v0.5.0
 Installed BlockArrays ────────── v0.10.2
 Installed MatrixFactorizations ─ v0.2.1
 Installed Conda ──────────────── v1.3.0
  Building Conda → `~/.julia/packages/Conda/kLXeC/deps/build.log`
  Building FFTW ─→ `~/.julia/packages/FFTW/loJ3F/deps/build.log`
    Status `/tmp/jl_1H8T0u/Manifest.toml`
  [621f4979] AbstractFFTs v0.5.0
  [79e6a3ab] Adapt v1.0.0
  [ec485272] ArnoldiMethod v0.0.4
  [4fba245c] ArrayInterface v2.0.0
  [4c555306] ArrayLayouts v0.1.5
  [aae01518] BandedMatrices v0.14.2
  [b99e7846] BinaryProvider v0.5.8
  [8e7c35d0] BlockArrays v0.10.2
  [ffab5731] BlockBandedMatrices v0.6.0
  [7057c7e9] Cassette v0.2.6
  [bbf7d656] CommonSubexpressions v0.2.0
  [34da2185] Compat v2.2.0
  [8f4d0f93] Conda v1.3.0
  [864edb3b] DataStructures v0.17.6
  [01453d9d] DiffEqDiffTools v1.5.0
  [163ba53b] DiffResults v0.0.4
  [b552c78f] DiffRules v0.1.0
  [7a1cc6ca] FFTW v1.1.0
  [1a297f60] FillArrays v0.8.2
  [f6369f11] ForwardDiff v0.10.7
  [7869d1d1] IRTools v0.2.3
  [d25df0c9] Inflate v0.1.1
  [42fd0dbc] IterativeSolvers v0.8.1
  [682c06a0] JSON v0.21.0
  [093fc24a] LightGraphs v1.3.0
  [1914dd2f] MacroTools v0.5.3
  [a3b82374] MatrixFactorizations v0.2.1
  [872c559c] NNlib v0.6.0
  [77ba4419] NaNMath v0.3.3
  [efe28fd5] OpenSpecFun_jll v0.5.3+1
  [bac558e1] OrderedCollections v1.1.0
  [69de0a69] Parsers v0.3.10
  [3cdcf5f2] RecipesBase v0.7.0
  [189a3867] Reexport v0.2.0
  [ae029012] Requires v0.5.2
  [1bc83da4] SafeTestsets v0.0.1
  [699a6c99] SimpleTraits v0.9.1
  [47a9eef4] SparseDiffTools v1.0.0
  [684fba80] SparsityDetection v0.1.1
  [276daf66] SpecialFunctions v0.9.0
  [90137ffa] StaticArrays v0.12.1
  [a759f4b9] TimerOutputs v0.5.3
  [81def892] VersionParsing v1.1.3
  [19fa3120] VertexSafeGraphs v0.1.0
  [e88e6eb3] Zygote v0.3.4
  [700de1a5] ZygoteRules v0.1.0
  [2a0f44e3] Base64  [`@stdlib/Base64`]
  [ade2ca70] Dates  [`@stdlib/Dates`]
  [8bb1440f] DelimitedFiles  [`@stdlib/DelimitedFiles`]
  [8ba89e20] Distributed  [`@stdlib/Distributed`]
  [b77e0a4c] InteractiveUtils  [`@stdlib/InteractiveUtils`]
  [76f85450] LibGit2  [`@stdlib/LibGit2`]
  [8f399da3] Libdl  [`@stdlib/Libdl`]
  [37e2e46d] LinearAlgebra  [`@stdlib/LinearAlgebra`]
  [56ddb016] Logging  [`@stdlib/Logging`]
  [d6f4376e] Markdown  [`@stdlib/Markdown`]
  [a63ad114] Mmap  [`@stdlib/Mmap`]
  [44cfe95a] Pkg  [`@stdlib/Pkg`]
  [de0858da] Printf  [`@stdlib/Printf`]
  [3fa0cd96] REPL  [`@stdlib/REPL`]
  [9a3f8284] Random  [`@stdlib/Random`]
  [ea8e919c] SHA  [`@stdlib/SHA`]
  [9e88b42a] Serialization  [`@stdlib/Serialization`]
  [1a1011a3] SharedArrays  [`@stdlib/SharedArrays`]
  [6462fe0b] Sockets  [`@stdlib/Sockets`]
  [2f01184e] SparseArrays  [`@stdlib/SparseArrays`]
  [10745b16] Statistics  [`@stdlib/Statistics`]
  [8dfed614] Test  [`@stdlib/Test`]
  [cf7118a7] UUIDs  [`@stdlib/UUIDs`]
  [4ec0a83e] Unicode  [`@stdlib/Unicode`]
Test Summary:                  | Pass  Total
Exact coloring via contraction |   20     20
128.311312 seconds (13.08 M allocations: 674.390 MiB, 0.68% gc time)
Test Summary:              | Pass  Total
Greedy distance-1 coloring |   20     20
  0.587782 seconds (631.35 k allocations: 33.640 MiB, 5.84% gc time)
Test Summary:        | Pass  Total
Greedy star coloring |  816    816
  1.568487 seconds (1.12 M allocations: 56.476 MiB, 1.17% gc time)
Test Summary:    |    Pass    Total
Acyclic coloring | 2873066  2873066
 40.038084 seconds (106.35 M allocations: 6.033 GiB, 10.23% gc time)
Test Summary:              |  Pass  Total
Matrix to graph conversion | 66272  66272
  2.946950 seconds (3.67 M allocations: 384.132 MiB, 5.72% gc time)
Test Summary:            | Pass  Total
AD using colorvec vector |   41     41
1240.740752 seconds (473.22 M allocations: 31.044 GiB, 1.17% gc time)
WARNING: Method definition overdub(Cassette.Context{N, M, T, P, B, H} where H<:Union{Cassette.DisableHooks, Nothing} where B<:Union{Nothing, Base.IdDict{Module, Base.Dict{Symbol, Cassette.BindingMeta}}} where P<:Cassette.AbstractPass where T<:Union{Nothing, Cassette.Tag{N, X, E} where E where X where N<:Cassette.AbstractContextName} where M where N<:Cassette.AbstractContextName, Any...) in module Cassette at /home/pkgeval/.julia/packages/Cassette/YCOeN/src/overdub.jl:524 overwritten in module SparsityDetection at /home/pkgeval/.julia/packages/Cassette/YCOeN/src/overdub.jl:524.
  ** incremental compilation may be fatally broken for this module **

WARNING: Method definition recurse(Cassette.Context{N, M, T, P, B, H} where H<:Union{Cassette.DisableHooks, Nothing} where B<:Union{Nothing, Base.IdDict{Module, Base.Dict{Symbol, Cassette.BindingMeta}}} where P<:Cassette.AbstractPass where T<:Union{Nothing, Cassette.Tag{N, X, E} where E where X where N<:Cassette.AbstractContextName} where M where N<:Cassette.AbstractContextName, Any...) in module Cassette at /home/pkgeval/.julia/packages/Cassette/YCOeN/src/overdub.jl:537 overwritten in module SparsityDetection at /home/pkgeval/.julia/packages/Cassette/YCOeN/src/overdub.jl:537.
  ** incremental compilation may be fatally broken for this module **

Explored path: SparsityDetection.Path(Bool[], 1)
Test Summary:    | Pass  Total
Integration test |    7      7
 32.699570 seconds (24.07 M allocations: 1.222 GiB, 1.40% gc time)
Test Summary:    | Pass  Total
Special matrices |   87     87
  7.293455 seconds (6.39 M allocations: 310.637 MiB, 6.24% gc time)
Test Summary:         | Pass  Total
Jac Vecs and Hes Vecs |   51     51
158.340027 seconds (46.84 M allocations: 2.304 GiB, 1.00% gc time)
   Testing SparseDiffTools tests passed 
