Current time is 2020-10-25T19:43:15.296
Julia Version 1.5.3-pre.13
Commit 3de1115e9c (2020-10-23 21:58 UTC)
Platform Info:
  OS: Linux (x86_64-linux-gnu)
  CPU: AMD EPYC 7502 32-Core Processor
  WORD_SIZE: 64
  LIBM: libopenlibm
  LLVM: libLLVM-9.0.1 (ORCJIT, znver2)
Environment:
  JULIA_DEPOT_PATH = ::/usr/local/share/julia
  JULIA_NUM_THREADS = 2
  JULIA_MAX_NUM_PRECOMPILE_FILES = 9223372036854775807
  JULIA_PKG_SERVER = 

Starting installation at 2020-10-25T19:43:18.748
  Resolving package versions...
  Installed TupleTools ─ v1.2.0
  Installed NiLangCore ─ v0.7.7
  Installed MatchCore ── v0.1.0
Updating `~/.julia/environments/v1.5/Project.toml`
  [575d3204] + NiLangCore v0.7.7
Updating `~/.julia/environments/v1.5/Manifest.toml`
  [5dd3f0b1] + MatchCore v0.1.0
  [575d3204] + NiLangCore v0.7.7
  [9d95972d] + TupleTools v1.2.0
Starting tests at 2020-10-25T19:43:22.5
    Testing NiLangCore
Status `/tmp/jl_ViyBaX/Project.toml`
  [5dd3f0b1] MatchCore v0.1.0
  [575d3204] NiLangCore v0.7.7
  [9d95972d] TupleTools v1.2.0
  [8dfed614] Test
Status `/tmp/jl_ViyBaX/Manifest.toml`
  [5dd3f0b1] MatchCore v0.1.0
  [575d3204] NiLangCore v0.7.7
  [9d95972d] TupleTools v1.2.0
  [2a0f44e3] Base64
  [8ba89e20] Distributed
  [b77e0a4c] InteractiveUtils
  [56ddb016] Logging
  [d6f4376e] Markdown
  [9a3f8284] Random
  [9e88b42a] Serialization
  [6462fe0b] Sockets
  [8dfed614] Test
⊻=(*)
+=(+)
-=(-)
*=(*)
/=(/)
Test Summary: | Pass  Total
Core.jl       |    3      3
Test Summary: | Pass  Total
utils.jl      |   29     29
Test Summary: | Pass  Total
instr.jl      |   54     54
Test Summary: | Pass  Total
invtype.jl    |   26     26
3 + 2im.im
A(0.5)
Test Summary: | Pass  Total
vars.jl       |   53     53
a = C()
a = ~C()
a = C()
a = ~C()
NEG.(b) = [-1, -3, -5]
Test Summary: | Pass  Total
compiler.jl   |  112    112
    Testing NiLangCore tests passed 
Finished at 2020-10-25T19:44:14.147
