Julia Version 1.5.2-pre.0
Commit c4acbf93fb (2020-08-26 10:58 UTC)
Platform Info:
  OS: Linux (x86_64-pc-linux-gnu)
  CPU: Intel(R) Xeon(R) Silver 4114 CPU @ 2.20GHz
  WORD_SIZE: 64
  LIBM: libopenlibm
  LLVM: libLLVM-9.0.1 (ORCJIT, skylake-avx512)
Environment:
  JULIA_DEPOT_PATH = ::/usr/local/share/julia
  JULIA_NUM_THREADS = 2

  Resolving package versions...
  Installed HttpCommon ─── v0.5.0
  Installed Nullables ──── v1.0.0
  Installed ArgCheck ───── v2.1.0
  Installed URIParser ──── v0.4.1
  Installed MbedTLS ────── v1.0.2
  Installed AlphaVantage ─ v0.2.0
  Installed JSON ───────── v0.21.0
  Installed HTTP ───────── v0.8.17
  Installed IniFile ────── v0.5.0
  Installed MbedTLS_jll ── v2.16.6+1
  Installed Parsers ────── v1.0.10
Updating `~/.julia/environments/v1.5/Project.toml`
  [6348297c] + AlphaVantage v0.2.0
Updating `~/.julia/environments/v1.5/Manifest.toml`
  [6348297c] + AlphaVantage v0.2.0
  [dce04be8] + ArgCheck v2.1.0
  [cd3eb016] + HTTP v0.8.17
  [77172c1b] + HttpCommon v0.5.0
  [83e8ac13] + IniFile v0.5.0
  [682c06a0] + JSON v0.21.0
  [739be429] + MbedTLS v1.0.2
  [c8ffd9c3] + MbedTLS_jll v2.16.6+1
  [4d1e1d77] + Nullables v1.0.0
  [69de0a69] + Parsers v1.0.10
  [30578b45] + URIParser v0.4.1
  [2a0f44e3] + Base64
  [ade2ca70] + Dates
  [8bb1440f] + DelimitedFiles
  [8ba89e20] + Distributed
  [b77e0a4c] + InteractiveUtils
  [76f85450] + LibGit2
  [8f399da3] + Libdl
  [56ddb016] + Logging
  [d6f4376e] + Markdown
  [a63ad114] + Mmap
  [44cfe95a] + Pkg
  [de0858da] + Printf
  [3fa0cd96] + REPL
  [9a3f8284] + Random
  [ea8e919c] + SHA
  [9e88b42a] + Serialization
  [6462fe0b] + Sockets
  [8dfed614] + Test
  [cf7118a7] + UUIDs
  [4ec0a83e] + Unicode
    Testing AlphaVantage
Status `/tmp/jl_VV6H4y/Project.toml`
  [6348297c] AlphaVantage v0.2.0
  [dce04be8] ArgCheck v2.1.0
  [cd3eb016] HTTP v0.8.17
  [77172c1b] HttpCommon v0.5.0
  [682c06a0] JSON v0.21.0
  [8bb1440f] DelimitedFiles
  [8dfed614] Test
Status `/tmp/jl_VV6H4y/Manifest.toml`
  [6348297c] AlphaVantage v0.2.0
  [dce04be8] ArgCheck v2.1.0
  [cd3eb016] HTTP v0.8.17
  [77172c1b] HttpCommon v0.5.0
  [83e8ac13] IniFile v0.5.0
  [682c06a0] JSON v0.21.0
  [739be429] MbedTLS v1.0.2
  [c8ffd9c3] MbedTLS_jll v2.16.6+1
  [4d1e1d77] Nullables v1.0.0
  [69de0a69] Parsers v1.0.10
  [30578b45] URIParser v0.4.1
  [2a0f44e3] Base64
  [ade2ca70] Dates
  [8bb1440f] DelimitedFiles
  [8ba89e20] Distributed
  [b77e0a4c] InteractiveUtils
  [76f85450] LibGit2
  [8f399da3] Libdl
  [56ddb016] Logging
  [d6f4376e] Markdown
  [a63ad114] Mmap
  [44cfe95a] Pkg
  [de0858da] Printf
  [3fa0cd96] REPL
  [9a3f8284] Random
  [ea8e919c] SHA
  [9e88b42a] Serialization
  [6462fe0b] Sockets
  [8dfed614] Test
  [cf7118a7] UUIDs
  [4ec0a83e] Unicode
┌ Warning: No API key found
└ @ AlphaVantage ~/.julia/packages/AlphaVantage/DpiOf/src/AlphaVantage.jl:15
JSON: Error During Test at /home/pkgeval/.julia/packages/AlphaVantage/DpiOf/test/stock_time_series_test.jl:11
  Got exception outside of a @test
  KeyError: key "ALPHA_VANTAGE_API_KEY" not found
  Stacktrace:
   [1] (::Base.var"#477#478")(::String) at ./env.jl:79
   [2] access_env at ./env.jl:43 [inlined]
   [3] getindex at ./env.jl:79 [inlined]
   [4] time_series_intraday(::String, ::String; outputsize::String, datatype::String) at /home/pkgeval/.julia/packages/AlphaVantage/DpiOf/src/stock_time_series.jl:5
   [5] time_series_intraday at /home/pkgeval/.julia/packages/AlphaVantage/DpiOf/src/stock_time_series.jl:2 [inlined] (repeats 2 times)
   [6] top-level scope at /home/pkgeval/.julia/packages/AlphaVantage/DpiOf/test/stock_time_series_test.jl:12
   [7] top-level scope at /buildworker/worker/package_linux64/build/usr/share/julia/stdlib/v1.5/Test/src/Test.jl:1115
   [8] top-level scope at /home/pkgeval/.julia/packages/AlphaVantage/DpiOf/test/stock_time_series_test.jl:12
   [9] top-level scope at /buildworker/worker/package_linux64/build/usr/share/julia/stdlib/v1.5/Test/src/Test.jl:1115
   [10] top-level scope at /home/pkgeval/.julia/packages/AlphaVantage/DpiOf/test/stock_time_series_test.jl:11
   [11] eval(::Module, ::Any) at ./boot.jl:331
   [12] top-level scope at /home/pkgeval/.julia/packages/AlphaVantage/DpiOf/test/stock_time_series_test.jl:8
   [13] top-level scope at /buildworker/worker/package_linux64/build/usr/share/julia/stdlib/v1.5/Test/src/Test.jl:1115
   [14] top-level scope at /home/pkgeval/.julia/packages/AlphaVantage/DpiOf/test/stock_time_series_test.jl:7
   [15] include(::String) at ./client.jl:457
   [16] top-level scope at /home/pkgeval/.julia/packages/AlphaVantage/DpiOf/test/runtests.jl:9
   [17] top-level scope at /buildworker/worker/package_linux64/build/usr/share/julia/stdlib/v1.5/Test/src/Test.jl:1115
   [18] top-level scope at /home/pkgeval/.julia/packages/AlphaVantage/DpiOf/test/runtests.jl:9
   [19] include(::String) at ./client.jl:457
   [20] top-level scope at none:6
   [21] eval(::Module, ::Any) at ./boot.jl:331
   [22] exec_options(::Base.JLOptions) at ./client.jl:272
   [23] _start() at ./client.jl:506
  
CSV: Error During Test at /home/pkgeval/.julia/packages/AlphaVantage/DpiOf/test/stock_time_series_test.jl:17
  Got exception outside of a @test
  KeyError: key "ALPHA_VANTAGE_API_KEY" not found
  Stacktrace:
   [1] (::Base.var"#477#478")(::String) at ./env.jl:79
   [2] access_env at ./env.jl:43 [inlined]
   [3] getindex at ./env.jl:79 [inlined]
   [4] time_series_intraday(::String, ::String; outputsize::String, datatype::String) at /home/pkgeval/.julia/packages/AlphaVantage/DpiOf/src/stock_time_series.jl:5
   [5] top-level scope at /home/pkgeval/.julia/packages/AlphaVantage/DpiOf/test/stock_time_series_test.jl:18
   [6] top-level scope at /buildworker/worker/package_linux64/build/usr/share/julia/stdlib/v1.5/Test/src/Test.jl:1115
   [7] top-level scope at /home/pkgeval/.julia/packages/AlphaVantage/DpiOf/test/stock_time_series_test.jl:18
   [8] top-level scope at /buildworker/worker/package_linux64/build/usr/share/julia/stdlib/v1.5/Test/src/Test.jl:1115
   [9] top-level scope at /home/pkgeval/.julia/packages/AlphaVantage/DpiOf/test/stock_time_series_test.jl:11
   [10] eval(::Module, ::Any) at ./boot.jl:331
   [11] top-level scope at /home/pkgeval/.julia/packages/AlphaVantage/DpiOf/test/stock_time_series_test.jl:8
   [12] top-level scope at /buildworker/worker/package_linux64/build/usr/share/julia/stdlib/v1.5/Test/src/Test.jl:1115
   [13] top-level scope at /home/pkgeval/.julia/packages/AlphaVantage/DpiOf/test/stock_time_series_test.jl:7
   [14] include(::String) at ./client.jl:457
   [15] top-level scope at /home/pkgeval/.julia/packages/AlphaVantage/DpiOf/test/runtests.jl:9
   [16] top-level scope at /buildworker/worker/package_linux64/build/usr/share/julia/stdlib/v1.5/Test/src/Test.jl:1115
   [17] top-level scope at /home/pkgeval/.julia/packages/AlphaVantage/DpiOf/test/runtests.jl:9
   [18] include(::String) at ./client.jl:457
   [19] top-level scope at none:6
   [20] eval(::Module, ::Any) at ./boot.jl:331
   [21] exec_options(::Base.JLOptions) at ./client.jl:272
   [22] _start() at ./client.jl:506
  
JSON: Error During Test at /home/pkgeval/.julia/packages/AlphaVantage/DpiOf/test/stock_time_series_test.jl:11
  Got exception outside of a @test
  KeyError: key "ALPHA_VANTAGE_API_KEY" not found
  Stacktrace:
   [1] (::Base.var"#477#478")(::String) at ./env.jl:79
   [2] access_env at ./env.jl:43 [inlined]
   [3] getindex at ./env.jl:79 [inlined]
   [4] time_series_daily(::String; outputsize::String, datatype::String) at /home/pkgeval/.julia/packages/AlphaVantage/DpiOf/src/stock_time_series.jl:18
   [5] time_series_daily(::String) at /home/pkgeval/.julia/packages/AlphaVantage/DpiOf/src/stock_time_series.jl:16
   [6] top-level scope at /home/pkgeval/.julia/packages/AlphaVantage/DpiOf/test/stock_time_series_test.jl:12
   [7] top-level scope at /buildworker/worker/package_linux64/build/usr/share/julia/stdlib/v1.5/Test/src/Test.jl:1115
   [8] top-level scope at /home/pkgeval/.julia/packages/AlphaVantage/DpiOf/test/stock_time_series_test.jl:12
   [9] top-level scope at /buildworker/worker/package_linux64/build/usr/share/julia/stdlib/v1.5/Test/src/Test.jl:1115
   [10] top-level scope at /home/pkgeval/.julia/packages/AlphaVantage/DpiOf/test/stock_time_series_test.jl:11
   [11] eval(::Module, ::Any) at ./boot.jl:331
   [12] top-level scope at /home/pkgeval/.julia/packages/AlphaVantage/DpiOf/test/stock_time_series_test.jl:8
   [13] top-level scope at /buildworker/worker/package_linux64/build/usr/share/julia/stdlib/v1.5/Test/src/Test.jl:1115
   [14] top-level scope at /home/pkgeval/.julia/packages/AlphaVantage/DpiOf/test/stock_time_series_test.jl:7
   [15] include(::String) at ./client.jl:457
   [16] top-level scope at /home/pkgeval/.julia/packages/AlphaVantage/DpiOf/test/runtests.jl:9
   [17] top-level scope at /buildworker/worker/package_linux64/build/usr/share/julia/stdlib/v1.5/Test/src/Test.jl:1115
   [18] top-level scope at /home/pkgeval/.julia/packages/AlphaVantage/DpiOf/test/runtests.jl:9
   [19] include(::String) at ./client.jl:457
   [20] top-level scope at none:6
   [21] eval(::Module, ::Any) at ./boot.jl:331
   [22] exec_options(::Base.JLOptions) at ./client.jl:272
   [23] _start() at ./client.jl:506
  
CSV: Error During Test at /home/pkgeval/.julia/packages/AlphaVantage/DpiOf/test/stock_time_series_test.jl:17
  Got exception outside of a @test
  KeyError: key "ALPHA_VANTAGE_API_KEY" not found
  Stacktrace:
   [1] (::Base.var"#477#478")(::String) at ./env.jl:79
   [2] access_env at ./env.jl:43 [inlined]
   [3] getindex at ./env.jl:79 [inlined]
   [4] time_series_daily(::String; outputsize::String, datatype::String) at /home/pkgeval/.julia/packages/AlphaVantage/DpiOf/src/stock_time_series.jl:18
   [5] top-level scope at /home/pkgeval/.julia/packages/AlphaVantage/DpiOf/test/stock_time_series_test.jl:18
   [6] top-level scope at /buildworker/worker/package_linux64/build/usr/share/julia/stdlib/v1.5/Test/src/Test.jl:1115
   [7] top-level scope at /home/pkgeval/.julia/packages/AlphaVantage/DpiOf/test/stock_time_series_test.jl:18
   [8] top-level scope at /buildworker/worker/package_linux64/build/usr/share/julia/stdlib/v1.5/Test/src/Test.jl:1115
   [9] top-level scope at /home/pkgeval/.julia/packages/AlphaVantage/DpiOf/test/stock_time_series_test.jl:11
   [10] eval(::Module, ::Any) at ./boot.jl:331
   [11] top-level scope at /home/pkgeval/.julia/packages/AlphaVantage/DpiOf/test/stock_time_series_test.jl:8
   [12] top-level scope at /buildworker/worker/package_linux64/build/usr/share/julia/stdlib/v1.5/Test/src/Test.jl:1115
   [13] top-level scope at /home/pkgeval/.julia/packages/AlphaVantage/DpiOf/test/stock_time_series_test.jl:7
   [14] include(::String) at ./client.jl:457
   [15] top-level scope at /home/pkgeval/.julia/packages/AlphaVantage/DpiOf/test/runtests.jl:9
   [16] top-level scope at /buildworker/worker/package_linux64/build/usr/share/julia/stdlib/v1.5/Test/src/Test.jl:1115
   [17] top-level scope at /home/pkgeval/.julia/packages/AlphaVantage/DpiOf/test/runtests.jl:9
   [18] include(::String) at ./client.jl:457
   [19] top-level scope at none:6
   [20] eval(::Module, ::Any) at ./boot.jl:331
   [21] exec_options(::Base.JLOptions) at ./client.jl:272
   [22] _start() at ./client.jl:506
  
currency_exchange_rate: Error During Test at /home/pkgeval/.julia/packages/AlphaVantage/DpiOf/test/foreign_exchange_curency_test.jl:2
  Got exception outside of a @test
  KeyError: key "ALPHA_VANTAGE_API_KEY" not found
  Stacktrace:
   [1] (::Base.var"#477#478")(::String) at ./env.jl:79
   [2] access_env at ./env.jl:43 [inlined]
   [3] getindex at ./env.jl:79 [inlined]
   [4] currency_exchange_rate(::String, ::String) at /home/pkgeval/.julia/packages/AlphaVantage/DpiOf/src/foreign_exchange_currency.jl:2
   [5] top-level scope at /home/pkgeval/.julia/packages/AlphaVantage/DpiOf/test/foreign_exchange_curency_test.jl:3
   [6] top-level scope at /buildworker/worker/package_linux64/build/usr/share/julia/stdlib/v1.5/Test/src/Test.jl:1115
   [7] top-level scope at /home/pkgeval/.julia/packages/AlphaVantage/DpiOf/test/foreign_exchange_curency_test.jl:3
   [8] top-level scope at /buildworker/worker/package_linux64/build/usr/share/julia/stdlib/v1.5/Test/src/Test.jl:1115
   [9] top-level scope at /home/pkgeval/.julia/packages/AlphaVantage/DpiOf/test/foreign_exchange_curency_test.jl:2
   [10] include(::String) at ./client.jl:457
   [11] top-level scope at /home/pkgeval/.julia/packages/AlphaVantage/DpiOf/test/runtests.jl:10
   [12] top-level scope at /buildworker/worker/package_linux64/build/usr/share/julia/stdlib/v1.5/Test/src/Test.jl:1115
   [13] top-level scope at /home/pkgeval/.julia/packages/AlphaVantage/DpiOf/test/runtests.jl:9
   [14] include(::String) at ./client.jl:457
   [15] top-level scope at none:6
   [16] eval(::Module, ::Any) at ./boot.jl:331
   [17] exec_options(::Base.JLOptions) at ./client.jl:272
   [18] _start() at ./client.jl:506
  
fx_intraday: Error During Test at /home/pkgeval/.julia/packages/AlphaVantage/DpiOf/test/foreign_exchange_curency_test.jl:9
  Got exception outside of a @test
  KeyError: key "ALPHA_VANTAGE_API_KEY" not found
  Stacktrace:
   [1] (::Base.var"#477#478")(::String) at ./env.jl:79
   [2] access_env at ./env.jl:43 [inlined]
   [3] getindex at ./env.jl:79 [inlined]
   [4] _form_uri_tail(::String, ::String) at /home/pkgeval/.julia/packages/AlphaVantage/DpiOf/src/utils.jl:31
   [5] fx_intraday(::String, ::String, ::String; outputsize::String, datatype::String) at /home/pkgeval/.julia/packages/AlphaVantage/DpiOf/src/foreign_exchange_currency.jl:13
   [6] fx_intraday at /home/pkgeval/.julia/packages/AlphaVantage/DpiOf/src/foreign_exchange_currency.jl:9 [inlined] (repeats 2 times)
   [7] top-level scope at /home/pkgeval/.julia/packages/AlphaVantage/DpiOf/test/foreign_exchange_curency_test.jl:10
   [8] top-level scope at /buildworker/worker/package_linux64/build/usr/share/julia/stdlib/v1.5/Test/src/Test.jl:1115
   [9] top-level scope at /home/pkgeval/.julia/packages/AlphaVantage/DpiOf/test/foreign_exchange_curency_test.jl:10
   [10] top-level scope at /buildworker/worker/package_linux64/build/usr/share/julia/stdlib/v1.5/Test/src/Test.jl:1115
   [11] top-level scope at /home/pkgeval/.julia/packages/AlphaVantage/DpiOf/test/foreign_exchange_curency_test.jl:2
   [12] include(::String) at ./client.jl:457
   [13] top-level scope at /home/pkgeval/.julia/packages/AlphaVantage/DpiOf/test/runtests.jl:10
   [14] top-level scope at /buildworker/worker/package_linux64/build/usr/share/julia/stdlib/v1.5/Test/src/Test.jl:1115
   [15] top-level scope at /home/pkgeval/.julia/packages/AlphaVantage/DpiOf/test/runtests.jl:9
   [16] include(::String) at ./client.jl:457
   [17] top-level scope at none:6
   [18] eval(::Module, ::Any) at ./boot.jl:331
   [19] exec_options(::Base.JLOptions) at ./client.jl:272
   [20] _start() at ./client.jl:506
  
fx_daily: Error During Test at /home/pkgeval/.julia/packages/AlphaVantage/DpiOf/test/foreign_exchange_curency_test.jl:16
  Got exception outside of a @test
  KeyError: key "ALPHA_VANTAGE_API_KEY" not found
  Stacktrace:
   [1] (::Base.var"#477#478")(::String) at ./env.jl:79
   [2] access_env at ./env.jl:43 [inlined]
   [3] getindex at ./env.jl:79 [inlined]
   [4] _form_uri_tail(::String, ::String) at /home/pkgeval/.julia/packages/AlphaVantage/DpiOf/src/utils.jl:31
   [5] fx_daily(::String, ::String; outputsize::String, datatype::String) at /home/pkgeval/.julia/packages/AlphaVantage/DpiOf/src/foreign_exchange_currency.jl:23
   [6] fx_daily(::String, ::String) at /home/pkgeval/.julia/packages/AlphaVantage/DpiOf/src/foreign_exchange_currency.jl:20
   [7] top-level scope at /home/pkgeval/.julia/packages/AlphaVantage/DpiOf/test/foreign_exchange_curency_test.jl:17
   [8] top-level scope at /buildworker/worker/package_linux64/build/usr/share/julia/stdlib/v1.5/Test/src/Test.jl:1115
   [9] top-level scope at /home/pkgeval/.julia/packages/AlphaVantage/DpiOf/test/foreign_exchange_curency_test.jl:17
   [10] top-level scope at /buildworker/worker/package_linux64/build/usr/share/julia/stdlib/v1.5/Test/src/Test.jl:1115
   [11] top-level scope at /home/pkgeval/.julia/packages/AlphaVantage/DpiOf/test/foreign_exchange_curency_test.jl:2
   [12] include(::String) at ./client.jl:457
   [13] top-level scope at /home/pkgeval/.julia/packages/AlphaVantage/DpiOf/test/runtests.jl:10
   [14] top-level scope at /buildworker/worker/package_linux64/build/usr/share/julia/stdlib/v1.5/Test/src/Test.jl:1115
   [15] top-level scope at /home/pkgeval/.julia/packages/AlphaVantage/DpiOf/test/runtests.jl:9
   [16] include(::String) at ./client.jl:457
   [17] top-level scope at none:6
   [18] eval(::Module, ::Any) at ./boot.jl:331
   [19] exec_options(::Base.JLOptions) at ./client.jl:272
   [20] _start() at ./client.jl:506
  
fx_weekly: Error During Test at /home/pkgeval/.julia/packages/AlphaVantage/DpiOf/test/foreign_exchange_curency_test.jl:26
  Got exception outside of a @test
  KeyError: key "ALPHA_VANTAGE_API_KEY" not found
  Stacktrace:
   [1] (::Base.var"#477#478")(::String) at ./env.jl:79
   [2] access_env at ./env.jl:43 [inlined]
   [3] getindex at ./env.jl:79 [inlined]
   [4] fx_weekly(::String, ::String; datatype::String) at /home/pkgeval/.julia/packages/AlphaVantage/DpiOf/src/foreign_exchange_currency.jl:35
   [5] fx_weekly(::String, ::String) at /home/pkgeval/.julia/packages/AlphaVantage/DpiOf/src/foreign_exchange_currency.jl:34
   [6] top-level scope at /home/pkgeval/.julia/packages/AlphaVantage/DpiOf/test/foreign_exchange_curency_test.jl:27
   [7] top-level scope at /buildworker/worker/package_linux64/build/usr/share/julia/stdlib/v1.5/Test/src/Test.jl:1115
   [8] top-level scope at /home/pkgeval/.julia/packages/AlphaVantage/DpiOf/test/foreign_exchange_curency_test.jl:27
   [9] eval(::Module, ::Any) at ./boot.jl:331
   [10] top-level scope at /home/pkgeval/.julia/packages/AlphaVantage/DpiOf/test/foreign_exchange_curency_test.jl:24
   [11] top-level scope at /buildworker/worker/package_linux64/build/usr/share/julia/stdlib/v1.5/Test/src/Test.jl:1115
   [12] top-level scope at /home/pkgeval/.julia/packages/AlphaVantage/DpiOf/test/foreign_exchange_curency_test.jl:2
   [13] include(::String) at ./client.jl:457
   [14] top-level scope at /home/pkgeval/.julia/packages/AlphaVantage/DpiOf/test/runtests.jl:10
   [15] top-level scope at /buildworker/worker/package_linux64/build/usr/share/julia/stdlib/v1.5/Test/src/Test.jl:1115
   [16] top-level scope at /home/pkgeval/.julia/packages/AlphaVantage/DpiOf/test/runtests.jl:9
   [17] include(::String) at ./client.jl:457
   [18] top-level scope at none:6
   [19] eval(::Module, ::Any) at ./boot.jl:331
   [20] exec_options(::Base.JLOptions) at ./client.jl:272
   [21] _start() at ./client.jl:506
  
Sector Performance: Error During Test at /home/pkgeval/.julia/packages/AlphaVantage/DpiOf/test/sector_performance_test.jl:1
  Got exception outside of a @test
  KeyError: key "ALPHA_VANTAGE_API_KEY" not found
  Stacktrace:
   [1] (::Base.var"#477#478")(::String) at ./env.jl:79
   [2] access_env at ./env.jl:43 [inlined]
   [3] getindex at ./env.jl:79 [inlined]
   [4] sector_performance(::String) at /home/pkgeval/.julia/packages/AlphaVantage/DpiOf/src/sector_performance.jl:3
   [5] sector_performance() at /home/pkgeval/.julia/packages/AlphaVantage/DpiOf/src/sector_performance.jl:2
   [6] top-level scope at /home/pkgeval/.julia/packages/AlphaVantage/DpiOf/test/sector_performance_test.jl:2
   [7] top-level scope at /buildworker/worker/package_linux64/build/usr/share/julia/stdlib/v1.5/Test/src/Test.jl:1115
   [8] top-level scope at /home/pkgeval/.julia/packages/AlphaVantage/DpiOf/test/sector_performance_test.jl:2
   [9] include(::String) at ./client.jl:457
   [10] top-level scope at /home/pkgeval/.julia/packages/AlphaVantage/DpiOf/test/runtests.jl:11
   [11] top-level scope at /buildworker/worker/package_linux64/build/usr/share/julia/stdlib/v1.5/Test/src/Test.jl:1115
   [12] top-level scope at /home/pkgeval/.julia/packages/AlphaVantage/DpiOf/test/runtests.jl:9
   [13] include(::String) at ./client.jl:457
   [14] top-level scope at none:6
   [15] eval(::Module, ::Any) at ./boot.jl:331
   [16] exec_options(::Base.JLOptions) at ./client.jl:272
   [17] _start() at ./client.jl:506
  
JSON: Error During Test at /home/pkgeval/.julia/packages/AlphaVantage/DpiOf/test/technical_indicators_test.jl:8
  Got exception outside of a @test
  KeyError: key "ALPHA_VANTAGE_API_KEY" not found
  Stacktrace:
   [1] (::Base.var"#477#478")(::String) at ./env.jl:79
   [2] access_env at ./env.jl:43 [inlined]
   [3] getindex at ./env.jl:79 [inlined]
   [4] EMA(::String, ::String, ::Int64, ::String; datatype::String, kwargs::Base.Iterators.Pairs{Union{},Union{},Tuple{},NamedTuple{(),Tuple{}}}) at /home/pkgeval/.julia/packages/AlphaVantage/DpiOf/src/stock_technical_indicators.jl:85
   [5] EMA(::String, ::String, ::Int64, ::String) at /home/pkgeval/.julia/packages/AlphaVantage/DpiOf/src/stock_technical_indicators.jl:79
   [6] top-level scope at /home/pkgeval/.julia/packages/AlphaVantage/DpiOf/test/technical_indicators_test.jl:9
   [7] top-level scope at /buildworker/worker/package_linux64/build/usr/share/julia/stdlib/v1.5/Test/src/Test.jl:1115
   [8] top-level scope at /home/pkgeval/.julia/packages/AlphaVantage/DpiOf/test/technical_indicators_test.jl:9
   [9] top-level scope at /buildworker/worker/package_linux64/build/usr/share/julia/stdlib/v1.5/Test/src/Test.jl:1115
   [10] top-level scope at /home/pkgeval/.julia/packages/AlphaVantage/DpiOf/test/technical_indicators_test.jl:8
   [11] eval(::Module, ::Any) at ./boot.jl:331
   [12] top-level scope at /home/pkgeval/.julia/packages/AlphaVantage/DpiOf/test/technical_indicators_test.jl:5
   [13] top-level scope at /buildworker/worker/package_linux64/build/usr/share/julia/stdlib/v1.5/Test/src/Test.jl:1115
   [14] top-level scope at /home/pkgeval/.julia/packages/AlphaVantage/DpiOf/test/technical_indicators_test.jl:4
   [15] top-level scope at /buildworker/worker/package_linux64/build/usr/share/julia/stdlib/v1.5/Test/src/Test.jl:1115
   [16] top-level scope at /home/pkgeval/.julia/packages/AlphaVantage/DpiOf/test/technical_indicators_test.jl:3
   [17] include(::String) at ./client.jl:457
   [18] top-level scope at /home/pkgeval/.julia/packages/AlphaVantage/DpiOf/test/runtests.jl:12
   [19] top-level scope at /buildworker/worker/package_linux64/build/usr/share/julia/stdlib/v1.5/Test/src/Test.jl:1115
   [20] top-level scope at /home/pkgeval/.julia/packages/AlphaVantage/DpiOf/test/runtests.jl:9
   [21] include(::String) at ./client.jl:457
   [22] top-level scope at none:6
   [23] eval(::Module, ::Any) at ./boot.jl:331
   [24] exec_options(::Base.JLOptions) at ./client.jl:272
   [25] _start() at ./client.jl:506
  
CSV: Error During Test at /home/pkgeval/.julia/packages/AlphaVantage/DpiOf/test/technical_indicators_test.jl:14
  Got exception outside of a @test
  KeyError: key "ALPHA_VANTAGE_API_KEY" not found
  Stacktrace:
   [1] (::Base.var"#477#478")(::String) at ./env.jl:79
   [2] access_env at ./env.jl:43 [inlined]
   [3] getindex at ./env.jl:79 [inlined]
   [4] EMA(::String, ::String, ::Int64, ::String; datatype::String, kwargs::Base.Iterators.Pairs{Union{},Union{},Tuple{},NamedTuple{(),Tuple{}}}) at /home/pkgeval/.julia/packages/AlphaVantage/DpiOf/src/stock_technical_indicators.jl:85
   [5] top-level scope at /home/pkgeval/.julia/packages/AlphaVantage/DpiOf/test/technical_indicators_test.jl:15
   [6] top-level scope at /buildworker/worker/package_linux64/build/usr/share/julia/stdlib/v1.5/Test/src/Test.jl:1115
   [7] top-level scope at /home/pkgeval/.julia/packages/AlphaVantage/DpiOf/test/technical_indicators_test.jl:15
   [8] top-level scope at /buildworker/worker/package_linux64/build/usr/share/julia/stdlib/v1.5/Test/src/Test.jl:1115
   [9] top-level scope at /home/pkgeval/.julia/packages/AlphaVantage/DpiOf/test/technical_indicators_test.jl:8
   [10] eval(::Module, ::Any) at ./boot.jl:331
   [11] top-level scope at /home/pkgeval/.julia/packages/AlphaVantage/DpiOf/test/technical_indicators_test.jl:5
   [12] top-level scope at /buildworker/worker/package_linux64/build/usr/share/julia/stdlib/v1.5/Test/src/Test.jl:1115
   [13] top-level scope at /home/pkgeval/.julia/packages/AlphaVantage/DpiOf/test/technical_indicators_test.jl:4
   [14] top-level scope at /buildworker/worker/package_linux64/build/usr/share/julia/stdlib/v1.5/Test/src/Test.jl:1115
   [15] top-level scope at /home/pkgeval/.julia/packages/AlphaVantage/DpiOf/test/technical_indicators_test.jl:3
   [16] include(::String) at ./client.jl:457
   [17] top-level scope at /home/pkgeval/.julia/packages/AlphaVantage/DpiOf/test/runtests.jl:12
   [18] top-level scope at /buildworker/worker/package_linux64/build/usr/share/julia/stdlib/v1.5/Test/src/Test.jl:1115
   [19] top-level scope at /home/pkgeval/.julia/packages/AlphaVantage/DpiOf/test/runtests.jl:9
   [20] include(::String) at ./client.jl:457
   [21] top-level scope at none:6
   [22] eval(::Module, ::Any) at ./boot.jl:331
   [23] exec_options(::Base.JLOptions) at ./client.jl:272
   [24] _start() at ./client.jl:506
  
JSON: Error During Test at /home/pkgeval/.julia/packages/AlphaVantage/DpiOf/test/technical_indicators_test.jl:30
  Got exception outside of a @test
  KeyError: key "ALPHA_VANTAGE_API_KEY" not found
  Stacktrace:
   [1] (::Base.var"#477#478")(::String) at ./env.jl:79
   [2] access_env at ./env.jl:43 [inlined]
   [3] getindex at ./env.jl:79 [inlined]
   [4] ADX(::String, ::String, ::Int64; datatype::String, kwargs::Base.Iterators.Pairs{Union{},Union{},Tuple{},NamedTuple{(),Tuple{}}}) at /home/pkgeval/.julia/packages/AlphaVantage/DpiOf/src/stock_technical_indicators.jl:60
   [5] ADX(::String, ::String, ::Int64) at /home/pkgeval/.julia/packages/AlphaVantage/DpiOf/src/stock_technical_indicators.jl:54
   [6] top-level scope at /home/pkgeval/.julia/packages/AlphaVantage/DpiOf/test/technical_indicators_test.jl:31
   [7] top-level scope at /buildworker/worker/package_linux64/build/usr/share/julia/stdlib/v1.5/Test/src/Test.jl:1115
   [8] top-level scope at /home/pkgeval/.julia/packages/AlphaVantage/DpiOf/test/technical_indicators_test.jl:31
   [9] top-level scope at /buildworker/worker/package_linux64/build/usr/share/julia/stdlib/v1.5/Test/src/Test.jl:1115
   [10] top-level scope at /home/pkgeval/.julia/packages/AlphaVantage/DpiOf/test/technical_indicators_test.jl:30
   [11] eval(::Module, ::Any) at ./boot.jl:331
   [12] top-level scope at /home/pkgeval/.julia/packages/AlphaVantage/DpiOf/test/technical_indicators_test.jl:27
   [13] top-level scope at /buildworker/worker/package_linux64/build/usr/share/julia/stdlib/v1.5/Test/src/Test.jl:1115
   [14] top-level scope at /home/pkgeval/.julia/packages/AlphaVantage/DpiOf/test/technical_indicators_test.jl:26
   [15] top-level scope at /buildworker/worker/package_linux64/build/usr/share/julia/stdlib/v1.5/Test/src/Test.jl:1115
   [16] top-level scope at /home/pkgeval/.julia/packages/AlphaVantage/DpiOf/test/technical_indicators_test.jl:3
   [17] include(::String) at ./client.jl:457
   [18] top-level scope at /home/pkgeval/.julia/packages/AlphaVantage/DpiOf/test/runtests.jl:12
   [19] top-level scope at /buildworker/worker/package_linux64/build/usr/share/julia/stdlib/v1.5/Test/src/Test.jl:1115
   [20] top-level scope at /home/pkgeval/.julia/packages/AlphaVantage/DpiOf/test/runtests.jl:9
   [21] include(::String) at ./client.jl:457
   [22] top-level scope at none:6
   [23] eval(::Module, ::Any) at ./boot.jl:331
   [24] exec_options(::Base.JLOptions) at ./client.jl:272
   [25] _start() at ./client.jl:506
  
CSV: Error During Test at /home/pkgeval/.julia/packages/AlphaVantage/DpiOf/test/technical_indicators_test.jl:36
  Got exception outside of a @test
  KeyError: key "ALPHA_VANTAGE_API_KEY" not found
  Stacktrace:
   [1] (::Base.var"#477#478")(::String) at ./env.jl:79
   [2] access_env at ./env.jl:43 [inlined]
   [3] getindex at ./env.jl:79 [inlined]
   [4] ADX(::String, ::String, ::Int64; datatype::String, kwargs::Base.Iterators.Pairs{Union{},Union{},Tuple{},NamedTuple{(),Tuple{}}}) at /home/pkgeval/.julia/packages/AlphaVantage/DpiOf/src/stock_technical_indicators.jl:60
   [5] top-level scope at /home/pkgeval/.julia/packages/AlphaVantage/DpiOf/test/technical_indicators_test.jl:37
   [6] top-level scope at /buildworker/worker/package_linux64/build/usr/share/julia/stdlib/v1.5/Test/src/Test.jl:1115
   [7] top-level scope at /home/pkgeval/.julia/packages/AlphaVantage/DpiOf/test/technical_indicators_test.jl:37
   [8] top-level scope at /buildworker/worker/package_linux64/build/usr/share/julia/stdlib/v1.5/Test/src/Test.jl:1115
   [9] top-level scope at /home/pkgeval/.julia/packages/AlphaVantage/DpiOf/test/technical_indicators_test.jl:30
   [10] eval(::Module, ::Any) at ./boot.jl:331
   [11] top-level scope at /home/pkgeval/.julia/packages/AlphaVantage/DpiOf/test/technical_indicators_test.jl:27
   [12] top-level scope at /buildworker/worker/package_linux64/build/usr/share/julia/stdlib/v1.5/Test/src/Test.jl:1115
   [13] top-level scope at /home/pkgeval/.julia/packages/AlphaVantage/DpiOf/test/technical_indicators_test.jl:26
   [14] top-level scope at /buildworker/worker/package_linux64/build/usr/share/julia/stdlib/v1.5/Test/src/Test.jl:1115
   [15] top-level scope at /home/pkgeval/.julia/packages/AlphaVantage/DpiOf/test/technical_indicators_test.jl:3
   [16] include(::String) at ./client.jl:457
   [17] top-level scope at /home/pkgeval/.julia/packages/AlphaVantage/DpiOf/test/runtests.jl:12
   [18] top-level scope at /buildworker/worker/package_linux64/build/usr/share/julia/stdlib/v1.5/Test/src/Test.jl:1115
   [19] top-level scope at /home/pkgeval/.julia/packages/AlphaVantage/DpiOf/test/runtests.jl:9
   [20] include(::String) at ./client.jl:457
   [21] top-level scope at none:6
   [22] eval(::Module, ::Any) at ./boot.jl:331
   [23] exec_options(::Base.JLOptions) at ./client.jl:272
   [24] _start() at ./client.jl:506
  
JSON: Error During Test at /home/pkgeval/.julia/packages/AlphaVantage/DpiOf/test/technical_indicators_test.jl:52
  Got exception outside of a @test
  KeyError: key "ALPHA_VANTAGE_API_KEY" not found
  Stacktrace:
   [1] (::Base.var"#477#478")(::String) at ./env.jl:79
   [2] access_env at ./env.jl:43 [inlined]
   [3] getindex at ./env.jl:79 [inlined]
   [4] HT_TRENDLINE(::String, ::String, ::String; datatype::String, kwargs::Base.Iterators.Pairs{Union{},Union{},Tuple{},NamedTuple{(),Tuple{}}}) at /home/pkgeval/.julia/packages/AlphaVantage/DpiOf/src/stock_technical_indicators.jl:36
   [5] HT_TRENDLINE(::String, ::String, ::String) at /home/pkgeval/.julia/packages/AlphaVantage/DpiOf/src/stock_technical_indicators.jl:30
   [6] top-level scope at /home/pkgeval/.julia/packages/AlphaVantage/DpiOf/test/technical_indicators_test.jl:53
   [7] top-level scope at /buildworker/worker/package_linux64/build/usr/share/julia/stdlib/v1.5/Test/src/Test.jl:1115
   [8] top-level scope at /home/pkgeval/.julia/packages/AlphaVantage/DpiOf/test/technical_indicators_test.jl:53
   [9] top-level scope at /buildworker/worker/package_linux64/build/usr/share/julia/stdlib/v1.5/Test/src/Test.jl:1115
   [10] top-level scope at /home/pkgeval/.julia/packages/AlphaVantage/DpiOf/test/technical_indicators_test.jl:52
   [11] eval(::Module, ::Any) at ./boot.jl:331
   [12] top-level scope at /home/pkgeval/.julia/packages/AlphaVantage/DpiOf/test/technical_indicators_test.jl:49
   [13] top-level scope at /buildworker/worker/package_linux64/build/usr/share/julia/stdlib/v1.5/Test/src/Test.jl:1115
   [14] top-level scope at /home/pkgeval/.julia/packages/AlphaVantage/DpiOf/test/technical_indicators_test.jl:48
   [15] top-level scope at /buildworker/worker/package_linux64/build/usr/share/julia/stdlib/v1.5/Test/src/Test.jl:1115
   [16] top-level scope at /home/pkgeval/.julia/packages/AlphaVantage/DpiOf/test/technical_indicators_test.jl:3
   [17] include(::String) at ./client.jl:457
   [18] top-level scope at /home/pkgeval/.julia/packages/AlphaVantage/DpiOf/test/runtests.jl:12
   [19] top-level scope at /buildworker/worker/package_linux64/build/usr/share/julia/stdlib/v1.5/Test/src/Test.jl:1115
   [20] top-level scope at /home/pkgeval/.julia/packages/AlphaVantage/DpiOf/test/runtests.jl:9
   [21] include(::String) at ./client.jl:457
   [22] top-level scope at none:6
   [23] eval(::Module, ::Any) at ./boot.jl:331
   [24] exec_options(::Base.JLOptions) at ./client.jl:272
   [25] _start() at ./client.jl:506
  
CSV: Error During Test at /home/pkgeval/.julia/packages/AlphaVantage/DpiOf/test/technical_indicators_test.jl:58
  Got exception outside of a @test
  KeyError: key "ALPHA_VANTAGE_API_KEY" not found
  Stacktrace:
   [1] (::Base.var"#477#478")(::String) at ./env.jl:79
   [2] access_env at ./env.jl:43 [inlined]
   [3] getindex at ./env.jl:79 [inlined]
   [4] HT_TRENDLINE(::String, ::String, ::String; datatype::String, kwargs::Base.Iterators.Pairs{Union{},Union{},Tuple{},NamedTuple{(),Tuple{}}}) at /home/pkgeval/.julia/packages/AlphaVantage/DpiOf/src/stock_technical_indicators.jl:36
   [5] top-level scope at /home/pkgeval/.julia/packages/AlphaVantage/DpiOf/test/technical_indicators_test.jl:59
   [6] top-level scope at /buildworker/worker/package_linux64/build/usr/share/julia/stdlib/v1.5/Test/src/Test.jl:1115
   [7] top-level scope at /home/pkgeval/.julia/packages/AlphaVantage/DpiOf/test/technical_indicators_test.jl:59
   [8] top-level scope at /buildworker/worker/package_linux64/build/usr/share/julia/stdlib/v1.5/Test/src/Test.jl:1115
   [9] top-level scope at /home/pkgeval/.julia/packages/AlphaVantage/DpiOf/test/technical_indicators_test.jl:52
   [10] eval(::Module, ::Any) at ./boot.jl:331
   [11] top-level scope at /home/pkgeval/.julia/packages/AlphaVantage/DpiOf/test/technical_indicators_test.jl:49
   [12] top-level scope at /buildworker/worker/package_linux64/build/usr/share/julia/stdlib/v1.5/Test/src/Test.jl:1115
   [13] top-level scope at /home/pkgeval/.julia/packages/AlphaVantage/DpiOf/test/technical_indicators_test.jl:48
   [14] top-level scope at /buildworker/worker/package_linux64/build/usr/share/julia/stdlib/v1.5/Test/src/Test.jl:1115
   [15] top-level scope at /home/pkgeval/.julia/packages/AlphaVantage/DpiOf/test/technical_indicators_test.jl:3
   [16] include(::String) at ./client.jl:457
   [17] top-level scope at /home/pkgeval/.julia/packages/AlphaVantage/DpiOf/test/runtests.jl:12
   [18] top-level scope at /buildworker/worker/package_linux64/build/usr/share/julia/stdlib/v1.5/Test/src/Test.jl:1115
   [19] top-level scope at /home/pkgeval/.julia/packages/AlphaVantage/DpiOf/test/runtests.jl:9
   [20] include(::String) at ./client.jl:457
   [21] top-level scope at none:6
   [22] eval(::Module, ::Any) at ./boot.jl:331
   [23] exec_options(::Base.JLOptions) at ./client.jl:272
   [24] _start() at ./client.jl:506
  
JSON: Error During Test at /home/pkgeval/.julia/packages/AlphaVantage/DpiOf/test/technical_indicators_test.jl:75
  Got exception outside of a @test
  KeyError: key "ALPHA_VANTAGE_API_KEY" not found
  Stacktrace:
   [1] (::Base.var"#477#478")(::String) at ./env.jl:79
   [2] access_env at ./env.jl:43 [inlined]
   [3] getindex at ./env.jl:79 [inlined]
   [4] VWAP(::String, ::String; datatype::String, kwargs::Base.Iterators.Pairs{Union{},Union{},Tuple{},NamedTuple{(),Tuple{}}}) at /home/pkgeval/.julia/packages/AlphaVantage/DpiOf/src/stock_technical_indicators.jl:14
   [5] VWAP(::String, ::String) at /home/pkgeval/.julia/packages/AlphaVantage/DpiOf/src/stock_technical_indicators.jl:9
   [6] top-level scope at /home/pkgeval/.julia/packages/AlphaVantage/DpiOf/test/technical_indicators_test.jl:76
   [7] top-level scope at /buildworker/worker/package_linux64/build/usr/share/julia/stdlib/v1.5/Test/src/Test.jl:1115
   [8] top-level scope at /home/pkgeval/.julia/packages/AlphaVantage/DpiOf/test/technical_indicators_test.jl:76
   [9] top-level scope at /buildworker/worker/package_linux64/build/usr/share/julia/stdlib/v1.5/Test/src/Test.jl:1115
   [10] top-level scope at /home/pkgeval/.julia/packages/AlphaVantage/DpiOf/test/technical_indicators_test.jl:75
   [11] eval(::Module, ::Any) at ./boot.jl:331
   [12] top-level scope at /home/pkgeval/.julia/packages/AlphaVantage/DpiOf/test/technical_indicators_test.jl:72
   [13] top-level scope at /buildworker/worker/package_linux64/build/usr/share/julia/stdlib/v1.5/Test/src/Test.jl:1115
   [14] top-level scope at /home/pkgeval/.julia/packages/AlphaVantage/DpiOf/test/technical_indicators_test.jl:71
   [15] top-level scope at /buildworker/worker/package_linux64/build/usr/share/julia/stdlib/v1.5/Test/src/Test.jl:1115
   [16] top-level scope at /home/pkgeval/.julia/packages/AlphaVantage/DpiOf/test/technical_indicators_test.jl:3
   [17] include(::String) at ./client.jl:457
   [18] top-level scope at /home/pkgeval/.julia/packages/AlphaVantage/DpiOf/test/runtests.jl:12
   [19] top-level scope at /buildworker/worker/package_linux64/build/usr/share/julia/stdlib/v1.5/Test/src/Test.jl:1115
   [20] top-level scope at /home/pkgeval/.julia/packages/AlphaVantage/DpiOf/test/runtests.jl:9
   [21] include(::String) at ./client.jl:457
   [22] top-level scope at none:6
   [23] eval(::Module, ::Any) at ./boot.jl:331
   [24] exec_options(::Base.JLOptions) at ./client.jl:272
   [25] _start() at ./client.jl:506
  
CSV: Error During Test at /home/pkgeval/.julia/packages/AlphaVantage/DpiOf/test/technical_indicators_test.jl:81
  Got exception outside of a @test
  KeyError: key "ALPHA_VANTAGE_API_KEY" not found
  Stacktrace:
   [1] (::Base.var"#477#478")(::String) at ./env.jl:79
   [2] access_env at ./env.jl:43 [inlined]
   [3] getindex at ./env.jl:79 [inlined]
   [4] VWAP(::String, ::String; datatype::String, kwargs::Base.Iterators.Pairs{Union{},Union{},Tuple{},NamedTuple{(),Tuple{}}}) at /home/pkgeval/.julia/packages/AlphaVantage/DpiOf/src/stock_technical_indicators.jl:14
   [5] top-level scope at /home/pkgeval/.julia/packages/AlphaVantage/DpiOf/test/technical_indicators_test.jl:82
   [6] top-level scope at /buildworker/worker/package_linux64/build/usr/share/julia/stdlib/v1.5/Test/src/Test.jl:1115
   [7] top-level scope at /home/pkgeval/.julia/packages/AlphaVantage/DpiOf/test/technical_indicators_test.jl:82
   [8] top-level scope at /buildworker/worker/package_linux64/build/usr/share/julia/stdlib/v1.5/Test/src/Test.jl:1115
   [9] top-level scope at /home/pkgeval/.julia/packages/AlphaVantage/DpiOf/test/technical_indicators_test.jl:75
   [10] eval(::Module, ::Any) at ./boot.jl:331
   [11] top-level scope at /home/pkgeval/.julia/packages/AlphaVantage/DpiOf/test/technical_indicators_test.jl:72
   [12] top-level scope at /buildworker/worker/package_linux64/build/usr/share/julia/stdlib/v1.5/Test/src/Test.jl:1115
   [13] top-level scope at /home/pkgeval/.julia/packages/AlphaVantage/DpiOf/test/technical_indicators_test.jl:71
   [14] top-level scope at /buildworker/worker/package_linux64/build/usr/share/julia/stdlib/v1.5/Test/src/Test.jl:1115
   [15] top-level scope at /home/pkgeval/.julia/packages/AlphaVantage/DpiOf/test/technical_indicators_test.jl:3
   [16] include(::String) at ./client.jl:457
   [17] top-level scope at /home/pkgeval/.julia/packages/AlphaVantage/DpiOf/test/runtests.jl:12
   [18] top-level scope at /buildworker/worker/package_linux64/build/usr/share/julia/stdlib/v1.5/Test/src/Test.jl:1115
   [19] top-level scope at /home/pkgeval/.julia/packages/AlphaVantage/DpiOf/test/runtests.jl:9
   [20] include(::String) at ./client.jl:457
   [21] top-level scope at none:6
   [22] eval(::Module, ::Any) at ./boot.jl:331
   [23] exec_options(::Base.JLOptions) at ./client.jl:272
   [24] _start() at ./client.jl:506
  
Optional Arguments: Error During Test at /home/pkgeval/.julia/packages/AlphaVantage/DpiOf/test/technical_indicators_test.jl:92
  Got exception outside of a @test
  KeyError: key "ALPHA_VANTAGE_API_KEY" not found
  Stacktrace:
   [1] (::Base.var"#477#478")(::String) at ./env.jl:79
   [2] access_env at ./env.jl:43 [inlined]
   [3] getindex at ./env.jl:79 [inlined]
   [4] MACD(::String, ::String, ::String; datatype::String, kwargs::Base.Iterators.Pairs{Symbol,Int64,Tuple{Symbol,Symbol},NamedTuple{(:fastperiod, :slowperiod),Tuple{Int64,Int64}}}) at /home/pkgeval/.julia/packages/AlphaVantage/DpiOf/src/stock_technical_indicators.jl:36
   [5] top-level scope at /home/pkgeval/.julia/packages/AlphaVantage/DpiOf/test/technical_indicators_test.jl:94
   [6] top-level scope at /buildworker/worker/package_linux64/build/usr/share/julia/stdlib/v1.5/Test/src/Test.jl:1115
   [7] top-level scope at /home/pkgeval/.julia/packages/AlphaVantage/DpiOf/test/technical_indicators_test.jl:94
   [8] top-level scope at /buildworker/worker/package_linux64/build/usr/share/julia/stdlib/v1.5/Test/src/Test.jl:1115
   [9] top-level scope at /home/pkgeval/.julia/packages/AlphaVantage/DpiOf/test/technical_indicators_test.jl:3
   [10] include(::String) at ./client.jl:457
   [11] top-level scope at /home/pkgeval/.julia/packages/AlphaVantage/DpiOf/test/runtests.jl:12
   [12] top-level scope at /buildworker/worker/package_linux64/build/usr/share/julia/stdlib/v1.5/Test/src/Test.jl:1115
   [13] top-level scope at /home/pkgeval/.julia/packages/AlphaVantage/DpiOf/test/runtests.jl:9
   [14] include(::String) at ./client.jl:457
   [15] top-level scope at none:6
   [16] eval(::Module, ::Any) at ./boot.jl:331
   [17] exec_options(::Base.JLOptions) at ./client.jl:272
   [18] _start() at ./client.jl:506
  
JSON: Error During Test at /home/pkgeval/.julia/packages/AlphaVantage/DpiOf/test/digital_currency_test.jl:6
  Got exception outside of a @test
  KeyError: key "ALPHA_VANTAGE_API_KEY" not found
  Stacktrace:
   [1] (::Base.var"#477#478")(::String) at ./env.jl:79
   [2] access_env at ./env.jl:43 [inlined]
   [3] getindex at ./env.jl:79 [inlined]
   [4] digital_currency_daily(::String, ::String; outputsize::String, datatype::String) at /home/pkgeval/.julia/packages/AlphaVantage/DpiOf/src/digital_currency.jl:8
   [5] digital_currency_daily at /home/pkgeval/.julia/packages/AlphaVantage/DpiOf/src/digital_currency.jl:6 [inlined] (repeats 2 times)
   [6] top-level scope at /home/pkgeval/.julia/packages/AlphaVantage/DpiOf/test/digital_currency_test.jl:7
   [7] top-level scope at /buildworker/worker/package_linux64/build/usr/share/julia/stdlib/v1.5/Test/src/Test.jl:1115
   [8] top-level scope at /home/pkgeval/.julia/packages/AlphaVantage/DpiOf/test/digital_currency_test.jl:7
   [9] top-level scope at /buildworker/worker/package_linux64/build/usr/share/julia/stdlib/v1.5/Test/src/Test.jl:1115
   [10] top-level scope at /home/pkgeval/.julia/packages/AlphaVantage/DpiOf/test/digital_currency_test.jl:6
   [11] eval(::Module, ::Any) at ./boot.jl:331
   [12] top-level scope at /home/pkgeval/.julia/packages/AlphaVantage/DpiOf/test/digital_currency_test.jl:3
   [13] top-level scope at /buildworker/worker/package_linux64/build/usr/share/julia/stdlib/v1.5/Test/src/Test.jl:1115
   [14] top-level scope at /home/pkgeval/.julia/packages/AlphaVantage/DpiOf/test/digital_currency_test.jl:2
   [15] include(::String) at ./client.jl:457
   [16] top-level scope at /home/pkgeval/.julia/packages/AlphaVantage/DpiOf/test/runtests.jl:13
   [17] top-level scope at /buildworker/worker/package_linux64/build/usr/share/julia/stdlib/v1.5/Test/src/Test.jl:1115
   [18] top-level scope at /home/pkgeval/.julia/packages/AlphaVantage/DpiOf/test/runtests.jl:9
   [19] include(::String) at ./client.jl:457
   [20] top-level scope at none:6
   [21] eval(::Module, ::Any) at ./boot.jl:331
   [22] exec_options(::Base.JLOptions) at ./client.jl:272
   [23] _start() at ./client.jl:506
  
CSV: Error During Test at /home/pkgeval/.julia/packages/AlphaVantage/DpiOf/test/digital_currency_test.jl:12
  Got exception outside of a @test
  KeyError: key "ALPHA_VANTAGE_API_KEY" not found
  Stacktrace:
   [1] (::Base.var"#477#478")(::String) at ./env.jl:79
   [2] access_env at ./env.jl:43 [inlined]
   [3] getindex at ./env.jl:79 [inlined]
   [4] digital_currency_daily(::String, ::String; outputsize::String, datatype::String) at /home/pkgeval/.julia/packages/AlphaVantage/DpiOf/src/digital_currency.jl:8
   [5] top-level scope at /home/pkgeval/.julia/packages/AlphaVantage/DpiOf/test/digital_currency_test.jl:13
   [6] top-level scope at /buildworker/worker/package_linux64/build/usr/share/julia/stdlib/v1.5/Test/src/Test.jl:1115
   [7] top-level scope at /home/pkgeval/.julia/packages/AlphaVantage/DpiOf/test/digital_currency_test.jl:13
   [8] top-level scope at /buildworker/worker/package_linux64/build/usr/share/julia/stdlib/v1.5/Test/src/Test.jl:1115
   [9] top-level scope at /home/pkgeval/.julia/packages/AlphaVantage/DpiOf/test/digital_currency_test.jl:6
   [10] eval(::Module, ::Any) at ./boot.jl:331
   [11] top-level scope at /home/pkgeval/.julia/packages/AlphaVantage/DpiOf/test/digital_currency_test.jl:3
   [12] top-level scope at /buildworker/worker/package_linux64/build/usr/share/julia/stdlib/v1.5/Test/src/Test.jl:1115
   [13] top-level scope at /home/pkgeval/.julia/packages/AlphaVantage/DpiOf/test/digital_currency_test.jl:2
   [14] include(::String) at ./client.jl:457
   [15] top-level scope at /home/pkgeval/.julia/packages/AlphaVantage/DpiOf/test/runtests.jl:13
   [16] top-level scope at /buildworker/worker/package_linux64/build/usr/share/julia/stdlib/v1.5/Test/src/Test.jl:1115
   [17] top-level scope at /home/pkgeval/.julia/packages/AlphaVantage/DpiOf/test/runtests.jl:9
   [18] include(::String) at ./client.jl:457
   [19] top-level scope at none:6
   [20] eval(::Module, ::Any) at ./boot.jl:331
   [21] exec_options(::Base.JLOptions) at ./client.jl:272
   [22] _start() at ./client.jl:506
  
JSON: Error During Test at /home/pkgeval/.julia/packages/AlphaVantage/DpiOf/test/digital_currency_test.jl:6
  Got exception outside of a @test
  KeyError: key "ALPHA_VANTAGE_API_KEY" not found
  Stacktrace:
   [1] (::Base.var"#477#478")(::String) at ./env.jl:79
   [2] access_env at ./env.jl:43 [inlined]
   [3] getindex at ./env.jl:79 [inlined]
   [4] digital_currency_weekly(::String, ::String; outputsize::String, datatype::String) at /home/pkgeval/.julia/packages/AlphaVantage/DpiOf/src/digital_currency.jl:8
   [5] digital_currency_weekly at /home/pkgeval/.julia/packages/AlphaVantage/DpiOf/src/digital_currency.jl:6 [inlined] (repeats 2 times)
   [6] top-level scope at /home/pkgeval/.julia/packages/AlphaVantage/DpiOf/test/digital_currency_test.jl:7
   [7] top-level scope at /buildworker/worker/package_linux64/build/usr/share/julia/stdlib/v1.5/Test/src/Test.jl:1115
   [8] top-level scope at /home/pkgeval/.julia/packages/AlphaVantage/DpiOf/test/digital_currency_test.jl:7
   [9] top-level scope at /buildworker/worker/package_linux64/build/usr/share/julia/stdlib/v1.5/Test/src/Test.jl:1115
   [10] top-level scope at /home/pkgeval/.julia/packages/AlphaVantage/DpiOf/test/digital_currency_test.jl:6
   [11] eval(::Module, ::Any) at ./boot.jl:331
   [12] top-level scope at /home/pkgeval/.julia/packages/AlphaVantage/DpiOf/test/digital_currency_test.jl:3
   [13] top-level scope at /buildworker/worker/package_linux64/build/usr/share/julia/stdlib/v1.5/Test/src/Test.jl:1115
   [14] top-level scope at /home/pkgeval/.julia/packages/AlphaVantage/DpiOf/test/digital_currency_test.jl:2
   [15] include(::String) at ./client.jl:457
   [16] top-level scope at /home/pkgeval/.julia/packages/AlphaVantage/DpiOf/test/runtests.jl:13
   [17] top-level scope at /buildworker/worker/package_linux64/build/usr/share/julia/stdlib/v1.5/Test/src/Test.jl:1115
   [18] top-level scope at /home/pkgeval/.julia/packages/AlphaVantage/DpiOf/test/runtests.jl:9
   [19] include(::String) at ./client.jl:457
   [20] top-level scope at none:6
   [21] eval(::Module, ::Any) at ./boot.jl:331
   [22] exec_options(::Base.JLOptions) at ./client.jl:272
   [23] _start() at ./client.jl:506
  
CSV: Error During Test at /home/pkgeval/.julia/packages/AlphaVantage/DpiOf/test/digital_currency_test.jl:12
  Got exception outside of a @test
  KeyError: key "ALPHA_VANTAGE_API_KEY" not found
  Stacktrace:
   [1] (::Base.var"#477#478")(::String) at ./env.jl:79
   [2] access_env at ./env.jl:43 [inlined]
   [3] getindex at ./env.jl:79 [inlined]
   [4] digital_currency_weekly(::String, ::String; outputsize::String, datatype::String) at /home/pkgeval/.julia/packages/AlphaVantage/DpiOf/src/digital_currency.jl:8
   [5] top-level scope at /home/pkgeval/.julia/packages/AlphaVantage/DpiOf/test/digital_currency_test.jl:13
   [6] top-level scope at /buildworker/worker/package_linux64/build/usr/share/julia/stdlib/v1.5/Test/src/Test.jl:1115
   [7] top-level scope at /home/pkgeval/.julia/packages/AlphaVantage/DpiOf/test/digital_currency_test.jl:13
   [8] top-level scope at /buildworker/worker/package_linux64/build/usr/share/julia/stdlib/v1.5/Test/src/Test.jl:1115
   [9] top-level scope at /home/pkgeval/.julia/packages/AlphaVantage/DpiOf/test/digital_currency_test.jl:6
   [10] eval(::Module, ::Any) at ./boot.jl:331
   [11] top-level scope at /home/pkgeval/.julia/packages/AlphaVantage/DpiOf/test/digital_currency_test.jl:3
   [12] top-level scope at /buildworker/worker/package_linux64/build/usr/share/julia/stdlib/v1.5/Test/src/Test.jl:1115
   [13] top-level scope at /home/pkgeval/.julia/packages/AlphaVantage/DpiOf/test/digital_currency_test.jl:2
   [14] include(::String) at ./client.jl:457
   [15] top-level scope at /home/pkgeval/.julia/packages/AlphaVantage/DpiOf/test/runtests.jl:13
   [16] top-level scope at /buildworker/worker/package_linux64/build/usr/share/julia/stdlib/v1.5/Test/src/Test.jl:1115
   [17] top-level scope at /home/pkgeval/.julia/packages/AlphaVantage/DpiOf/test/runtests.jl:9
   [18] include(::String) at ./client.jl:457
   [19] top-level scope at none:6
   [20] eval(::Module, ::Any) at ./boot.jl:331
   [21] exec_options(::Base.JLOptions) at ./client.jl:272
   [22] _start() at ./client.jl:506
  
JSON: Error During Test at /home/pkgeval/.julia/packages/AlphaVantage/DpiOf/test/digital_currency_test.jl:6
  Got exception outside of a @test
  KeyError: key "ALPHA_VANTAGE_API_KEY" not found
  Stacktrace:
   [1] (::Base.var"#477#478")(::String) at ./env.jl:79
   [2] access_env at ./env.jl:43 [inlined]
   [3] getindex at ./env.jl:79 [inlined]
   [4] digital_currency_monthly(::String, ::String; outputsize::String, datatype::String) at /home/pkgeval/.julia/packages/AlphaVantage/DpiOf/src/digital_currency.jl:8
   [5] digital_currency_monthly at /home/pkgeval/.julia/packages/AlphaVantage/DpiOf/src/digital_currency.jl:6 [inlined] (repeats 2 times)
   [6] top-level scope at /home/pkgeval/.julia/packages/AlphaVantage/DpiOf/test/digital_currency_test.jl:7
   [7] top-level scope at /buildworker/worker/package_linux64/build/usr/share/julia/stdlib/v1.5/Test/src/Test.jl:1115
   [8] top-level scope at /home/pkgeval/.julia/packages/AlphaVantage/DpiOf/test/digital_currency_test.jl:7
   [9] top-level scope at /buildworker/worker/package_linux64/build/usr/share/julia/stdlib/v1.5/Test/src/Test.jl:1115
   [10] top-level scope at /home/pkgeval/.julia/packages/AlphaVantage/DpiOf/test/digital_currency_test.jl:6
   [11] eval(::Module, ::Any) at ./boot.jl:331
   [12] top-level scope at /home/pkgeval/.julia/packages/AlphaVantage/DpiOf/test/digital_currency_test.jl:3
   [13] top-level scope at /buildworker/worker/package_linux64/build/usr/share/julia/stdlib/v1.5/Test/src/Test.jl:1115
   [14] top-level scope at /home/pkgeval/.julia/packages/AlphaVantage/DpiOf/test/digital_currency_test.jl:2
   [15] include(::String) at ./client.jl:457
   [16] top-level scope at /home/pkgeval/.julia/packages/AlphaVantage/DpiOf/test/runtests.jl:13
   [17] top-level scope at /buildworker/worker/package_linux64/build/usr/share/julia/stdlib/v1.5/Test/src/Test.jl:1115
   [18] top-level scope at /home/pkgeval/.julia/packages/AlphaVantage/DpiOf/test/runtests.jl:9
   [19] include(::String) at ./client.jl:457
   [20] top-level scope at none:6
   [21] eval(::Module, ::Any) at ./boot.jl:331
   [22] exec_options(::Base.JLOptions) at ./client.jl:272
   [23] _start() at ./client.jl:506
  
CSV: Error During Test at /home/pkgeval/.julia/packages/AlphaVantage/DpiOf/test/digital_currency_test.jl:12
  Got exception outside of a @test
  KeyError: key "ALPHA_VANTAGE_API_KEY" not found
  Stacktrace:
   [1] (::Base.var"#477#478")(::String) at ./env.jl:79
   [2] access_env at ./env.jl:43 [inlined]
   [3] getindex at ./env.jl:79 [inlined]
   [4] digital_currency_monthly(::String, ::String; outputsize::String, datatype::String) at /home/pkgeval/.julia/packages/AlphaVantage/DpiOf/src/digital_currency.jl:8
   [5] top-level scope at /home/pkgeval/.julia/packages/AlphaVantage/DpiOf/test/digital_currency_test.jl:13
   [6] top-level scope at /buildworker/worker/package_linux64/build/usr/share/julia/stdlib/v1.5/Test/src/Test.jl:1115
   [7] top-level scope at /home/pkgeval/.julia/packages/AlphaVantage/DpiOf/test/digital_currency_test.jl:13
   [8] top-level scope at /buildworker/worker/package_linux64/build/usr/share/julia/stdlib/v1.5/Test/src/Test.jl:1115
   [9] top-level scope at /home/pkgeval/.julia/packages/AlphaVantage/DpiOf/test/digital_currency_test.jl:6
   [10] eval(::Module, ::Any) at ./boot.jl:331
   [11] top-level scope at /home/pkgeval/.julia/packages/AlphaVantage/DpiOf/test/digital_currency_test.jl:3
   [12] top-level scope at /buildworker/worker/package_linux64/build/usr/share/julia/stdlib/v1.5/Test/src/Test.jl:1115
   [13] top-level scope at /home/pkgeval/.julia/packages/AlphaVantage/DpiOf/test/digital_currency_test.jl:2
   [14] include(::String) at ./client.jl:457
   [15] top-level scope at /home/pkgeval/.julia/packages/AlphaVantage/DpiOf/test/runtests.jl:13
   [16] top-level scope at /buildworker/worker/package_linux64/build/usr/share/julia/stdlib/v1.5/Test/src/Test.jl:1115
   [17] top-level scope at /home/pkgeval/.julia/packages/AlphaVantage/DpiOf/test/runtests.jl:9
   [18] include(::String) at ./client.jl:457
   [19] top-level scope at none:6
   [20] eval(::Module, ::Any) at ./boot.jl:331
   [21] exec_options(::Base.JLOptions) at ./client.jl:272
   [22] _start() at ./client.jl:506
  
crypto_rating: Error During Test at /home/pkgeval/.julia/packages/AlphaVantage/DpiOf/test/digital_currency_test.jl:22
  Got exception outside of a @test
  KeyError: key "ALPHA_VANTAGE_API_KEY" not found
  Stacktrace:
   [1] (::Base.var"#477#478")(::String) at ./env.jl:79
   [2] access_env at ./env.jl:43 [inlined]
   [3] getindex at ./env.jl:79 [inlined]
   [4] crypto_rating(::String) at /home/pkgeval/.julia/packages/AlphaVantage/DpiOf/src/digital_currency.jl:17
   [5] top-level scope at /home/pkgeval/.julia/packages/AlphaVantage/DpiOf/test/digital_currency_test.jl:23
   [6] top-level scope at /buildworker/worker/package_linux64/build/usr/share/julia/stdlib/v1.5/Test/src/Test.jl:1115
   [7] top-level scope at /home/pkgeval/.julia/packages/AlphaVantage/DpiOf/test/digital_currency_test.jl:23
   [8] top-level scope at /buildworker/worker/package_linux64/build/usr/share/julia/stdlib/v1.5/Test/src/Test.jl:1115
   [9] top-level scope at /home/pkgeval/.julia/packages/AlphaVantage/DpiOf/test/digital_currency_test.jl:2
   [10] include(::String) at ./client.jl:457
   [11] top-level scope at /home/pkgeval/.julia/packages/AlphaVantage/DpiOf/test/runtests.jl:13
   [12] top-level scope at /buildworker/worker/package_linux64/build/usr/share/julia/stdlib/v1.5/Test/src/Test.jl:1115
   [13] top-level scope at /home/pkgeval/.julia/packages/AlphaVantage/DpiOf/test/runtests.jl:9
   [14] include(::String) at ./client.jl:457
   [15] top-level scope at none:6
   [16] eval(::Module, ::Any) at ./boot.jl:331
   [17] exec_options(::Base.JLOptions) at ./client.jl:272
   [18] _start() at ./client.jl:506
  
Overview: Error During Test at /home/pkgeval/.julia/packages/AlphaVantage/DpiOf/test/fundamentals_test.jl:4
  Got exception outside of a @test
  KeyError: key "ALPHA_VANTAGE_API_KEY" not found
  Stacktrace:
   [1] (::Base.var"#477#478")(::String) at ./env.jl:79
   [2] access_env at ./env.jl:43 [inlined]
   [3] getindex at ./env.jl:79 [inlined]
   [4] _form_uri_tail(::String, ::String) at /home/pkgeval/.julia/packages/AlphaVantage/DpiOf/src/utils.jl:31
   [5] company_overview(::String; outputsize::String, datatype::String) at /home/pkgeval/.julia/packages/AlphaVantage/DpiOf/src/fundamentals.jl:7
   [6] company_overview(::String) at /home/pkgeval/.julia/packages/AlphaVantage/DpiOf/src/fundamentals.jl:6
   [7] top-level scope at /home/pkgeval/.julia/packages/AlphaVantage/DpiOf/test/fundamentals_test.jl:5
   [8] top-level scope at /buildworker/worker/package_linux64/build/usr/share/julia/stdlib/v1.5/Test/src/Test.jl:1115
   [9] top-level scope at /home/pkgeval/.julia/packages/AlphaVantage/DpiOf/test/fundamentals_test.jl:5
   [10] top-level scope at /buildworker/worker/package_linux64/build/usr/share/julia/stdlib/v1.5/Test/src/Test.jl:1115
   [11] top-level scope at /home/pkgeval/.julia/packages/AlphaVantage/DpiOf/test/fundamentals_test.jl:2
   [12] include(::String) at ./client.jl:457
   [13] top-level scope at /home/pkgeval/.julia/packages/AlphaVantage/DpiOf/test/runtests.jl:14
   [14] top-level scope at /buildworker/worker/package_linux64/build/usr/share/julia/stdlib/v1.5/Test/src/Test.jl:1115
   [15] top-level scope at /home/pkgeval/.julia/packages/AlphaVantage/DpiOf/test/runtests.jl:9
   [16] include(::String) at ./client.jl:457
   [17] top-level scope at none:6
   [18] eval(::Module, ::Any) at ./boot.jl:331
   [19] exec_options(::Base.JLOptions) at ./client.jl:272
   [20] _start() at ./client.jl:506
  
Income Statement: Error During Test at /home/pkgeval/.julia/packages/AlphaVantage/DpiOf/test/fundamentals_test.jl:11
  Got exception outside of a @test
  KeyError: key "ALPHA_VANTAGE_API_KEY" not found
  Stacktrace:
   [1] (::Base.var"#477#478")(::String) at ./env.jl:79
   [2] access_env at ./env.jl:43 [inlined]
   [3] getindex at ./env.jl:79 [inlined]
   [4] _form_uri_tail(::String, ::String) at /home/pkgeval/.julia/packages/AlphaVantage/DpiOf/src/utils.jl:31
   [5] income_statement(::String; outputsize::String, datatype::String) at /home/pkgeval/.julia/packages/AlphaVantage/DpiOf/src/fundamentals.jl:18
   [6] income_statement(::String) at /home/pkgeval/.julia/packages/AlphaVantage/DpiOf/src/fundamentals.jl:17
   [7] top-level scope at /home/pkgeval/.julia/packages/AlphaVantage/DpiOf/test/fundamentals_test.jl:12
   [8] top-level scope at /buildworker/worker/package_linux64/build/usr/share/julia/stdlib/v1.5/Test/src/Test.jl:1115
   [9] top-level scope at /home/pkgeval/.julia/packages/AlphaVantage/DpiOf/test/fundamentals_test.jl:12
   [10] top-level scope at /buildworker/worker/package_linux64/build/usr/share/julia/stdlib/v1.5/Test/src/Test.jl:1115
   [11] top-level scope at /home/pkgeval/.julia/packages/AlphaVantage/DpiOf/test/fundamentals_test.jl:2
   [12] include(::String) at ./client.jl:457
   [13] top-level scope at /home/pkgeval/.julia/packages/AlphaVantage/DpiOf/test/runtests.jl:14
   [14] top-level scope at /buildworker/worker/package_linux64/build/usr/share/julia/stdlib/v1.5/Test/src/Test.jl:1115
   [15] top-level scope at /home/pkgeval/.julia/packages/AlphaVantage/DpiOf/test/runtests.jl:9
   [16] include(::String) at ./client.jl:457
   [17] top-level scope at none:6
   [18] eval(::Module, ::Any) at ./boot.jl:331
   [19] exec_options(::Base.JLOptions) at ./client.jl:272
   [20] _start() at ./client.jl:506
  
Balance Sheet: Error During Test at /home/pkgeval/.julia/packages/AlphaVantage/DpiOf/test/fundamentals_test.jl:18
  Got exception outside of a @test
  KeyError: key "ALPHA_VANTAGE_API_KEY" not found
  Stacktrace:
   [1] (::Base.var"#477#478")(::String) at ./env.jl:79
   [2] access_env at ./env.jl:43 [inlined]
   [3] getindex at ./env.jl:79 [inlined]
   [4] _form_uri_tail(::String, ::String) at /home/pkgeval/.julia/packages/AlphaVantage/DpiOf/src/utils.jl:31
   [5] balance_sheet(::String; outputsize::String, datatype::String) at /home/pkgeval/.julia/packages/AlphaVantage/DpiOf/src/fundamentals.jl:29
   [6] balance_sheet(::String) at /home/pkgeval/.julia/packages/AlphaVantage/DpiOf/src/fundamentals.jl:28
   [7] top-level scope at /home/pkgeval/.julia/packages/AlphaVantage/DpiOf/test/fundamentals_test.jl:19
   [8] top-level scope at /buildworker/worker/package_linux64/build/usr/share/julia/stdlib/v1.5/Test/src/Test.jl:1115
   [9] top-level scope at /home/pkgeval/.julia/packages/AlphaVantage/DpiOf/test/fundamentals_test.jl:19
   [10] top-level scope at /buildworker/worker/package_linux64/build/usr/share/julia/stdlib/v1.5/Test/src/Test.jl:1115
   [11] top-level scope at /home/pkgeval/.julia/packages/AlphaVantage/DpiOf/test/fundamentals_test.jl:2
   [12] include(::String) at ./client.jl:457
   [13] top-level scope at /home/pkgeval/.julia/packages/AlphaVantage/DpiOf/test/runtests.jl:14
   [14] top-level scope at /buildworker/worker/package_linux64/build/usr/share/julia/stdlib/v1.5/Test/src/Test.jl:1115
   [15] top-level scope at /home/pkgeval/.julia/packages/AlphaVantage/DpiOf/test/runtests.jl:9
   [16] include(::String) at ./client.jl:457
   [17] top-level scope at none:6
   [18] eval(::Module, ::Any) at ./boot.jl:331
   [19] exec_options(::Base.JLOptions) at ./client.jl:272
   [20] _start() at ./client.jl:506
  
Cash Flow: Error During Test at /home/pkgeval/.julia/packages/AlphaVantage/DpiOf/test/fundamentals_test.jl:25
  Got exception outside of a @test
  KeyError: key "ALPHA_VANTAGE_API_KEY" not found
  Stacktrace:
   [1] (::Base.var"#477#478")(::String) at ./env.jl:79
   [2] access_env at ./env.jl:43 [inlined]
   [3] getindex at ./env.jl:79 [inlined]
   [4] _form_uri_tail(::String, ::String) at /home/pkgeval/.julia/packages/AlphaVantage/DpiOf/src/utils.jl:31
   [5] cash_flow(::String; outputsize::String, datatype::String) at /home/pkgeval/.julia/packages/AlphaVantage/DpiOf/src/fundamentals.jl:40
   [6] cash_flow(::String) at /home/pkgeval/.julia/packages/AlphaVantage/DpiOf/src/fundamentals.jl:39
   [7] top-level scope at /home/pkgeval/.julia/packages/AlphaVantage/DpiOf/test/fundamentals_test.jl:26
   [8] top-level scope at /buildworker/worker/package_linux64/build/usr/share/julia/stdlib/v1.5/Test/src/Test.jl:1115
   [9] top-level scope at /home/pkgeval/.julia/packages/AlphaVantage/DpiOf/test/fundamentals_test.jl:26
   [10] top-level scope at /buildworker/worker/package_linux64/build/usr/share/julia/stdlib/v1.5/Test/src/Test.jl:1115
   [11] top-level scope at /home/pkgeval/.julia/packages/AlphaVantage/DpiOf/test/fundamentals_test.jl:2
   [12] include(::String) at ./client.jl:457
   [13] top-level scope at /home/pkgeval/.julia/packages/AlphaVantage/DpiOf/test/runtests.jl:14
   [14] top-level scope at /buildworker/worker/package_linux64/build/usr/share/julia/stdlib/v1.5/Test/src/Test.jl:1115
   [15] top-level scope at /home/pkgeval/.julia/packages/AlphaVantage/DpiOf/test/runtests.jl:9
   [16] include(::String) at ./client.jl:457
   [17] top-level scope at none:6
   [18] eval(::Module, ::Any) at ./boot.jl:331
   [19] exec_options(::Base.JLOptions) at ./client.jl:272
   [20] _start() at ./client.jl:506
  
Test Summary:                           | Error  Total
AlphaVantage                            |    29     29
  Stock Time Series                     |     4      4
    time_series_intraday                |     2      2
      JSON                              |     1      1
      CSV                               |     1      1
    time_series_daily                   |     2      2
      JSON                              |     1      1
      CSV                               |     1      1
  Foreign Exchange Currency             |     4      4
    currency_exchange_rate              |     1      1
    fx_intraday                         |     1      1
    fx_daily                            |     1      1
    fx_weekly                           |     1      1
  Sector Performance                    |     1      1
  Technical Indicators                  |     9      9
    Interval, Time Period, Series Type  |     2      2
      technical_indicator: EMA          |     2      2
        JSON                            |     1      1
        CSV                             |     1      1
    Interval, Time Period               |     2      2
      technical_indicator: ADX          |     2      2
        JSON                            |     1      1
        CSV                             |     1      1
    Interval, Series Type               |     2      2
      technical_indicator: HT_TRENDLINE |     2      2
        JSON                            |     1      1
        CSV                             |     1      1
    Interval                            |     2      2
      technical_indicator: VWAP         |     2      2
        JSON                            |     1      1
        CSV                             |     1      1
    Optional Arguments                  |     1      1
  Digital Currencies                    |     7      7
    digital_currency_daily              |     2      2
      JSON                              |     1      1
      CSV                               |     1      1
    digital_currency_weekly             |     2      2
      JSON                              |     1      1
      CSV                               |     1      1
    digital_currency_monthly            |     2      2
      JSON                              |     1      1
      CSV                               |     1      1
    crypto_rating                       |     1      1
  Fundamentals                          |     4      4
    Overview                            |     1      1
    Income Statement                    |     1      1
    Balance Sheet                       |     1      1
    Cash Flow                           |     1      1
ERROR: LoadError: Some tests did not pass: 0 passed, 0 failed, 29 errored, 0 broken.
in expression starting at /home/pkgeval/.julia/packages/AlphaVantage/DpiOf/test/runtests.jl:7
ERROR: Package AlphaVantage errored during testing
Stacktrace:
 [1] pkgerror(::String) at /buildworker/worker/package_linux64/build/usr/share/julia/stdlib/v1.5/Pkg/src/Types.jl:52
 [2] test(::Pkg.Types.Context, ::Array{Pkg.Types.PackageSpec,1}; coverage::Bool, julia_args::Cmd, test_args::Cmd, test_fn::Nothing) at /buildworker/worker/package_linux64/build/usr/share/julia/stdlib/v1.5/Pkg/src/Operations.jl:1578
 [3] test(::Pkg.Types.Context, ::Array{Pkg.Types.PackageSpec,1}; coverage::Bool, test_fn::Nothing, julia_args::Cmd, test_args::Cmd, kwargs::Base.Iterators.Pairs{Union{},Union{},Tuple{},NamedTuple{(),Tuple{}}}) at /buildworker/worker/package_linux64/build/usr/share/julia/stdlib/v1.5/Pkg/src/API.jl:328
 [4] test(::Pkg.Types.Context, ::Array{Pkg.Types.PackageSpec,1}) at /buildworker/worker/package_linux64/build/usr/share/julia/stdlib/v1.5/Pkg/src/API.jl:315
 [5] #test#61 at /buildworker/worker/package_linux64/build/usr/share/julia/stdlib/v1.5/Pkg/src/API.jl:67 [inlined]
 [6] test at /buildworker/worker/package_linux64/build/usr/share/julia/stdlib/v1.5/Pkg/src/API.jl:67 [inlined]
 [7] #test#60 at /buildworker/worker/package_linux64/build/usr/share/julia/stdlib/v1.5/Pkg/src/API.jl:66 [inlined]
 [8] test at /buildworker/worker/package_linux64/build/usr/share/julia/stdlib/v1.5/Pkg/src/API.jl:66 [inlined]
 [9] test(::String; kwargs::Base.Iterators.Pairs{Union{},Union{},Tuple{},NamedTuple{(),Tuple{}}}) at /buildworker/worker/package_linux64/build/usr/share/julia/stdlib/v1.5/Pkg/src/API.jl:65
 [10] test(::String) at /buildworker/worker/package_linux64/build/usr/share/julia/stdlib/v1.5/Pkg/src/API.jl:65
 [11] top-level scope at none:16
