Running tests with Julia v1.3.1-pre.12
   Cloning default registries into `~/.julia`
   Cloning registry from "https://github.com/JuliaRegistries/General.git"
[?25l    Fetching: [>                                        ]  0.0 %    Fetching: [============>                            ]  29.4 %    Fetching: [========================>                ]  59.0 %    Fetching: [=======================================> ]  96.4 %[2K[?25h     Added registry `General` to `~/.julia/registries/General`
 Resolving package versions...
 Installed Requires ─────────── v0.5.2
 Installed ArrayAllez ───────── v0.0.4
 Installed ArrayLayouts ─────── v0.1.5
 Installed ZygoteRules ──────── v0.2.0
 Installed LRUCache ─────────── v1.0.3
 Installed FillArrays ───────── v0.8.2
 Installed OrderedCollections ─ v1.1.0
 Installed DataStructures ───── v0.17.6
 Installed StaticArrays ─────── v0.12.1
 Installed MacroTools ───────── v0.5.3
 Installed LazyArrays ───────── v0.14.10
  Updating `~/.julia/environments/v1.3/Project.toml`
  [42ed035d] + ArrayAllez v0.0.4
  Updating `~/.julia/environments/v1.3/Manifest.toml`
  [42ed035d] + ArrayAllez v0.0.4
  [4c555306] + ArrayLayouts v0.1.5
  [864edb3b] + DataStructures v0.17.6
  [1a297f60] + FillArrays v0.8.2
  [8ac3fa9e] + LRUCache v1.0.3
  [5078a376] + LazyArrays v0.14.10
  [1914dd2f] + MacroTools v0.5.3
  [bac558e1] + OrderedCollections v1.1.0
  [ae029012] + Requires v0.5.2
  [90137ffa] + StaticArrays v0.12.1
  [700de1a5] + ZygoteRules v0.2.0
  [2a0f44e3] + Base64 
  [8ba89e20] + Distributed 
  [b77e0a4c] + InteractiveUtils 
  [8f399da3] + Libdl 
  [37e2e46d] + LinearAlgebra 
  [56ddb016] + Logging 
  [d6f4376e] + Markdown 
  [9a3f8284] + Random 
  [9e88b42a] + Serialization 
  [6462fe0b] + Sockets 
  [2f01184e] + SparseArrays 
  [10745b16] + Statistics 
  [8dfed614] + Test 
   Testing ArrayAllez
 Resolving package versions...
 Installed ForwardDiff ────────── v0.10.7
 Installed SpecialFunctions ───── v0.9.0
 Installed Adapt ──────────────── v1.0.0
 Installed Tracker ────────────── v0.2.5
 Installed Yeppp ──────────────── v0.4.0
 Installed AppleAccelerate ────── v0.3.0
 Installed URIParser ──────────── v0.4.0
 Installed TimerOutputs ───────── v0.5.3
 Installed NaNMath ────────────── v0.3.3
 Installed BinDeps ────────────── v0.8.10
 Installed Compat ─────────────── v2.2.0
 Installed DiffRules ──────────── v0.1.0
 Installed OpenSpecFun_jll ────── v0.5.3+1
 Installed NNlib ──────────────── v0.6.0
 Installed DiffResults ────────── v0.0.4
 Installed CommonSubexpressions ─ v0.2.0
  Building Yeppp → `~/.julia/packages/Yeppp/LvmJH/deps/build.log`
    Status `/tmp/jl_vW7I10/Manifest.toml`
  [79e6a3ab] Adapt v1.0.0
  [13e28ba4] AppleAccelerate v0.3.0
  [42ed035d] ArrayAllez v0.0.4
  [4c555306] ArrayLayouts v0.1.5
  [9e28174c] BinDeps v0.8.10
  [bbf7d656] CommonSubexpressions v0.2.0
  [34da2185] Compat v2.2.0
  [864edb3b] DataStructures v0.17.6
  [163ba53b] DiffResults v0.0.4
  [b552c78f] DiffRules v0.1.0
  [1a297f60] FillArrays v0.8.2
  [f6369f11] ForwardDiff v0.10.7
  [8ac3fa9e] LRUCache v1.0.3
  [5078a376] LazyArrays v0.14.10
  [1914dd2f] MacroTools v0.5.3
  [872c559c] NNlib v0.6.0
  [77ba4419] NaNMath v0.3.3
  [efe28fd5] OpenSpecFun_jll v0.5.3+1
  [bac558e1] OrderedCollections v1.1.0
  [ae029012] Requires v0.5.2
  [276daf66] SpecialFunctions v0.9.0
  [90137ffa] StaticArrays v0.12.1
  [a759f4b9] TimerOutputs v0.5.3
  [9f7883ad] Tracker v0.2.5
  [30578b45] URIParser v0.4.0
  [6310b701] Yeppp v0.4.0
  [700de1a5] ZygoteRules v0.2.0
  [2a0f44e3] Base64  [`@stdlib/Base64`]
  [ade2ca70] Dates  [`@stdlib/Dates`]
  [8bb1440f] DelimitedFiles  [`@stdlib/DelimitedFiles`]
  [8ba89e20] Distributed  [`@stdlib/Distributed`]
  [b77e0a4c] InteractiveUtils  [`@stdlib/InteractiveUtils`]
  [76f85450] LibGit2  [`@stdlib/LibGit2`]
  [8f399da3] Libdl  [`@stdlib/Libdl`]
  [37e2e46d] LinearAlgebra  [`@stdlib/LinearAlgebra`]
  [56ddb016] Logging  [`@stdlib/Logging`]
  [d6f4376e] Markdown  [`@stdlib/Markdown`]
  [a63ad114] Mmap  [`@stdlib/Mmap`]
  [44cfe95a] Pkg  [`@stdlib/Pkg`]
  [de0858da] Printf  [`@stdlib/Printf`]
  [3fa0cd96] REPL  [`@stdlib/REPL`]
  [9a3f8284] Random  [`@stdlib/Random`]
  [ea8e919c] SHA  [`@stdlib/SHA`]
  [9e88b42a] Serialization  [`@stdlib/Serialization`]
  [1a1011a3] SharedArrays  [`@stdlib/SharedArrays`]
  [6462fe0b] Sockets  [`@stdlib/Sockets`]
  [2f01184e] SparseArrays  [`@stdlib/SparseArrays`]
  [10745b16] Statistics  [`@stdlib/Statistics`]
  [8dfed614] Test  [`@stdlib/Test`]
  [cf7118a7] UUIDs  [`@stdlib/UUIDs`]
  [4ec0a83e] Unicode  [`@stdlib/Unicode`]
[ Info: testing with Yeppp (this happens half the time on non-Apple machines)
Test Summary: | Pass  Total
simple        |   32     32
Test Summary: | Pass  Total
odot          |    5      5
Test Summary: | Pass  Total
dropdims      |    2      2
Test Summary: | Pass  Total
gradients     |   42     42
   Testing ArrayAllez tests passed 
