Running tests with Julia v1.3.0
   Cloning default registries into `~/.julia`
   Cloning registry from "https://github.com/JuliaRegistries/General.git"
[?25l    Fetching: [>                                        ]  0.0 %    Fetching: [=============>                           ]  32.0 %    Fetching: [=================================>       ]  80.9 %[2K[?25h     Added registry `General` to `~/.julia/registries/General`
 Resolving package versions...
 Installed Org ─ v0.1.0
  Updating `~/.julia/environments/v1.3/Project.toml`
  [587fedb0] + Org v0.1.0
  Updating `~/.julia/environments/v1.3/Manifest.toml`
  [587fedb0] + Org v0.1.0
   Testing Org
 Resolving package versions...
[ Info: No changes
    Status `/tmp/jl_KLO3Kc/Manifest.toml`
  [587fedb0] Org v0.1.0
  [2a0f44e3] Base64  [`@stdlib/Base64`]
  [8ba89e20] Distributed  [`@stdlib/Distributed`]
  [b77e0a4c] InteractiveUtils  [`@stdlib/InteractiveUtils`]
  [56ddb016] Logging  [`@stdlib/Logging`]
  [d6f4376e] Markdown  [`@stdlib/Markdown`]
  [9a3f8284] Random  [`@stdlib/Random`]
  [9e88b42a] Serialization  [`@stdlib/Serialization`]
  [6462fe0b] Sockets  [`@stdlib/Sockets`]
  [8dfed614] Test  [`@stdlib/Test`]
Test Summary: | Pass  Total
parser!       |   34     34
Test Summary: | Pass  Total
parse         |   13     13
   Testing Org tests passed 
