Current time is 2020-10-25T20:18:18.041
Julia Version 1.5.3-pre.0
Commit 5905edebb1 (2020-09-24 05:09 UTC)
Platform Info:
  OS: Linux (x86_64-pc-linux-gnu)
  CPU: AMD EPYC 7502 32-Core Processor
  WORD_SIZE: 64
  LIBM: libopenlibm
  LLVM: libLLVM-9.0.1 (ORCJIT, znver2)
Environment:
  JULIA_DEPOT_PATH = ::/usr/local/share/julia
  JULIA_NUM_THREADS = 2
  JULIA_MAX_NUM_PRECOMPILE_FILES = 9223372036854775807
  JULIA_PKG_SERVER = 

Starting installation at 2020-10-25T20:18:21.042
  Resolving package versions...
  Installed Fermionic ─ v1.1.4
Updating `~/.julia/environments/v1.5/Project.toml`
  [9854c450] + Fermionic v1.1.4
Updating `~/.julia/environments/v1.5/Manifest.toml`
  [9854c450] + Fermionic v1.1.4
  [8f399da3] + Libdl
  [37e2e46d] + LinearAlgebra
  [9a3f8284] + Random
  [9e88b42a] + Serialization
  [2f01184e] + SparseArrays
Starting tests at 2020-10-25T20:18:23.552
    Testing Fermionic
Status `/tmp/jl_o0JXV4/Project.toml`
  [9854c450] Fermionic v1.1.4
  [1bc83da4] SafeTestsets v0.0.1
  [37e2e46d] LinearAlgebra
  [2f01184e] SparseArrays
  [8dfed614] Test
Status `/tmp/jl_o0JXV4/Manifest.toml`
  [9854c450] Fermionic v1.1.4
  [1bc83da4] SafeTestsets v0.0.1
  [2a0f44e3] Base64
  [8ba89e20] Distributed
  [b77e0a4c] InteractiveUtils
  [8f399da3] Libdl
  [37e2e46d] LinearAlgebra
  [56ddb016] Logging
  [d6f4376e] Markdown
  [9a3f8284] Random
  [9e88b42a] Serialization
  [6462fe0b] Sockets
  [2f01184e] SparseArrays
  [8dfed614] Test
Test Summary:  | Pass  Total
Operator tests |    6      6
Test Summary: | Pass  Total
State tests   |    4      4
Test Summary:     | Pass  Total
Logic gates tests |   16     16
Test Summary:      | Pass  Total
Correlations tests |   20     20
Test Summary: | Pass  Total
Mixed tests   |    1      1
    Testing Fermionic tests passed 
Finished at 2020-10-25T20:18:56.715
