Julia Version 1.3.2-pre.0
Commit 2e6715c045 (2019-12-31 00:49 UTC)
Platform Info:
  OS: Linux (x86_64-linux-gnu)
  CPU: Intel(R) Xeon(R) Silver 4114 CPU @ 2.20GHz
  WORD_SIZE: 64
  LIBM: libopenlibm
  LLVM: libLLVM-6.0.1 (ORCJIT, skylake)
Environment:
  JULIA_DEPOT_PATH = ::/usr/local/share/julia
  JULIA_NUM_THREADS = 2

 Resolving package versions...
 Installed TickTock ─ v1.0.0
  Updating `~/.julia/environments/v1.3/Project.toml`
  [9ff05d80] + TickTock v1.0.0
  Updating `~/.julia/environments/v1.3/Manifest.toml`
  [9ff05d80] + TickTock v1.0.0
  [2a0f44e3] + Base64 
  [ade2ca70] + Dates 
  [8ba89e20] + Distributed 
  [b77e0a4c] + InteractiveUtils 
  [76f85450] + LibGit2 
  [8f399da3] + Libdl 
  [56ddb016] + Logging 
  [d6f4376e] + Markdown 
  [44cfe95a] + Pkg 
  [de0858da] + Printf 
  [3fa0cd96] + REPL 
  [9a3f8284] + Random 
  [ea8e919c] + SHA 
  [9e88b42a] + Serialization 
  [6462fe0b] + Sockets 
  [8dfed614] + Test 
  [cf7118a7] + UUIDs 
  [4ec0a83e] + Unicode 
   Testing TickTock
    Status `/tmp/jl_EuDIrk/Manifest.toml`
  [9ff05d80] TickTock v1.0.0
  [2a0f44e3] Base64  [`@stdlib/Base64`]
  [ade2ca70] Dates  [`@stdlib/Dates`]
  [8ba89e20] Distributed  [`@stdlib/Distributed`]
  [b77e0a4c] InteractiveUtils  [`@stdlib/InteractiveUtils`]
  [76f85450] LibGit2  [`@stdlib/LibGit2`]
  [8f399da3] Libdl  [`@stdlib/Libdl`]
  [56ddb016] Logging  [`@stdlib/Logging`]
  [d6f4376e] Markdown  [`@stdlib/Markdown`]
  [44cfe95a] Pkg  [`@stdlib/Pkg`]
  [de0858da] Printf  [`@stdlib/Printf`]
  [3fa0cd96] REPL  [`@stdlib/REPL`]
  [9a3f8284] Random  [`@stdlib/Random`]
  [ea8e919c] SHA  [`@stdlib/SHA`]
  [9e88b42a] Serialization  [`@stdlib/Serialization`]
  [6462fe0b] Sockets  [`@stdlib/Sockets`]
  [8dfed614] Test  [`@stdlib/Test`]
  [cf7118a7] UUIDs  [`@stdlib/UUIDs`]
  [4ec0a83e] Unicode  [`@stdlib/Unicode`]
[ Info:  started timer at: 2020-01-26T15:13:43.567
1         [ Info: TickTock: "TickTock alarm" alarm for 0 hours, 0 minutes, 10 seconds
[ Info: TickTock: "TickTock alarm" alarm for 0 hours, 0 minutes, 5 seconds
[ Info:          3.442135698s: 3 seconds, 442 milliseconds
[ Info:  started timer at: 2020-01-26T15:13:47.977
[ Info:  started timer at: 2020-01-26T15:13:48.033
[ Info:  started timer at: 2020-01-26T15:13:48.077
[ Info:          0.007304886s: 7 milliseconds
Make 10 timers
[ Info:  started timer at: 2020-01-26T15:13:48.104
[ Info:  started timer at: 2020-01-26T15:13:49.107
[ Info:  started timer at: 2020-01-26T15:13:50.108
[ Info:  started timer at: 2020-01-26T15:13:51.111
[ Info:  started timer at: 2020-01-26T15:13:52.112
[ Info: TickTock alarm
This is an alarm. Do not be alarmed.
[ Info:          5.048018961s: 5 seconds, 48 milliseconds
[ Info:  started timer at: 2020-01-26T15:13:53.114
[ Info:  started timer at: 2020-01-26T15:13:54.116
[ Info:  started timer at: 2020-01-26T15:13:55.119
[ Info:  started timer at: 2020-01-26T15:13:56.12
[ Info:  started timer at: 2020-01-26T15:13:57.123
[ Info: TickTock alarm
test alarm has fired
[ Info:         10.105495719s: 10 seconds, 105 milliseconds
Check that there are 10 timers
wait a second
Print all the timers
10        [ Info:          2.018245701s: 2 seconds, 18 milliseconds
9         [ Info:          3.020564732s: 3 seconds, 20 milliseconds
8         [ Info:          4.022195541s: 4 seconds, 22 milliseconds
7         [ Info:          5.024549685s: 5 seconds, 24 milliseconds
6         [ Info:          6.026789968s: 6 seconds, 26 milliseconds
5         [ Info:          7.028597871s: 7 seconds, 28 milliseconds
4         [ Info:          8.030240015s: 8 seconds, 30 milliseconds
3         [ Info:          9.032594566s: 9 seconds, 32 milliseconds
2         [ Info:         10.034261518s: 10 seconds, 34 milliseconds
1         [ Info:         11.036541909s: 11 seconds, 36 milliseconds
Check that the most recent timer is more than 1 second
  2.034895131
Finish 10 timers and show canonical
[ Info:          2.179476642s: 2 seconds, 179 milliseconds
[ Info:          3.182069005s: 3 seconds, 182 milliseconds
[ Info:          4.183808417s: 4 seconds, 183 milliseconds
[ Info:          5.186254603s: 5 seconds, 186 milliseconds
[ Info:          6.188568677s: 6 seconds, 188 milliseconds
[ Info:          7.190458907s: 7 seconds, 190 milliseconds
[ Info:          8.192165762s: 8 seconds, 192 milliseconds
[ Info:          9.194593483s: 9 seconds, 194 milliseconds
[ Info:         10.196335351s: 10 seconds, 196 milliseconds
[ Info:         11.198680453s: 11 seconds, 198 milliseconds
   Testing TickTock tests passed 
