Running tests with Julia v1.3.1-pre.12
 Resolving package versions...
 Installed UnsafeArrays ────────────────── v1.0.0
 Installed LoopThrottle ────────────────── v0.1.0
 Installed TypeSortedCollections ───────── v1.1.0
 Installed NaNMath ─────────────────────── v0.3.3
 Installed MotionCaptureJointCalibration ─ v0.3.0
 Installed ReverseDiffSparse ───────────── v0.8.6
 Installed Parameters ──────────────────── v0.12.0
 Installed DocStringExtensions ─────────── v0.8.1
 Installed OpenSpecFun_jll ─────────────── v0.5.3+1
 Installed Requires ────────────────────── v0.5.2
 Installed Rotations ───────────────────── v0.12.0
 Installed CommonSubexpressions ────────── v0.2.0
 Installed BinaryProvider ──────────────── v0.5.8
 Installed Reexport ────────────────────── v0.2.0
 Installed OrderedCollections ──────────── v1.1.0
 Installed Compat ──────────────────────── v2.2.0
 Installed DataStructures ──────────────── v0.17.6
 Installed DiffRules ───────────────────── v0.1.0
 Installed LightXML ────────────────────── v0.8.1
 Installed ForwardDiff ─────────────────── v0.10.7
 Installed MathProgBase ────────────────── v0.7.7
 Installed RigidBodyDynamics ───────────── v2.1.1
 Installed Calculus ────────────────────── v0.5.1
 Installed DiffResults ─────────────────── v0.0.4
 Installed SpecialFunctions ────────────── v0.9.0
 Installed JuMP ────────────────────────── v0.18.6
 Installed StaticArrays ────────────────── v0.12.1
  Updating `~/.julia/environments/v1.3/Project.toml`
  [d0551c8d] + MotionCaptureJointCalibration v0.3.0
  Updating `~/.julia/environments/v1.3/Manifest.toml`
  [b99e7846] + BinaryProvider v0.5.8
  [49dc2e85] + Calculus v0.5.1
  [bbf7d656] + CommonSubexpressions v0.2.0
  [34da2185] + Compat v2.2.0
  [864edb3b] + DataStructures v0.17.6
  [163ba53b] + DiffResults v0.0.4
  [b552c78f] + DiffRules v0.1.0
  [ffbed154] + DocStringExtensions v0.8.1
  [f6369f11] + ForwardDiff v0.10.7
  [4076af6c] + JuMP v0.18.6
  [9c8b4983] + LightXML v0.8.1
  [39f5be34] + LoopThrottle v0.1.0
  [fdba3010] + MathProgBase v0.7.7
  [d0551c8d] + MotionCaptureJointCalibration v0.3.0
  [77ba4419] + NaNMath v0.3.3
  [efe28fd5] + OpenSpecFun_jll v0.5.3+1
  [bac558e1] + OrderedCollections v1.1.0
  [d96e819e] + Parameters v0.12.0
  [189a3867] + Reexport v0.2.0
  [ae029012] + Requires v0.5.2
  [89212889] + ReverseDiffSparse v0.8.6
  [366cf18f] + RigidBodyDynamics v2.1.1
  [6038ab10] + Rotations v0.12.0
  [276daf66] + SpecialFunctions v0.9.0
  [90137ffa] + StaticArrays v0.12.1
  [94a5cd58] + TypeSortedCollections v1.1.0
  [c4a57d5a] + UnsafeArrays v1.0.0
  [2a0f44e3] + Base64 
  [ade2ca70] + Dates 
  [8bb1440f] + DelimitedFiles 
  [8ba89e20] + Distributed 
  [b77e0a4c] + InteractiveUtils 
  [76f85450] + LibGit2 
  [8f399da3] + Libdl 
  [37e2e46d] + LinearAlgebra 
  [56ddb016] + Logging 
  [d6f4376e] + Markdown 
  [a63ad114] + Mmap 
  [44cfe95a] + Pkg 
  [de0858da] + Printf 
  [3fa0cd96] + REPL 
  [9a3f8284] + Random 
  [ea8e919c] + SHA 
  [9e88b42a] + Serialization 
  [1a1011a3] + SharedArrays 
  [6462fe0b] + Sockets 
  [2f01184e] + SparseArrays 
  [10745b16] + Statistics 
  [8dfed614] + Test 
  [cf7118a7] + UUIDs 
  [4ec0a83e] + Unicode 
  Building LightXML ─────────→ `~/.julia/packages/LightXML/W8FVT/deps/build.log`
  Building RigidBodyDynamics → `~/.julia/packages/RigidBodyDynamics/XgNGG/deps/build.log`
   Testing MotionCaptureJointCalibration
 Resolving package versions...
ERROR: Unsatisfiable requirements detected for package StaticArrays [90137ffa]:
 StaticArrays [90137ffa] log:
 ├─possible versions are: [0.8.0-0.8.3, 0.9.0-0.9.2, 0.10.0, 0.10.2-0.10.3, 0.11.0-0.11.1, 0.12.0-0.12.1] or uninstalled
 ├─restricted to versions 0.12.1 by an explicit requirement, leaving only versions 0.12.1
 └─restricted by compatibility requirements with RigidBodyTreeInspector [82daab19] to versions: [0.8.0-0.8.3, 0.9.0-0.9.2, 0.10.0, 0.10.2-0.10.3, 0.11.0-0.11.1] — no versions left
   └─RigidBodyTreeInspector [82daab19] log:
     ├─possible versions are: [0.4.0, 0.5.0, 0.6.0] or uninstalled
     ├─restricted to versions * by an explicit requirement, leaving only versions [0.4.0, 0.5.0, 0.6.0]
     └─restricted by compatibility requirements with RigidBodyDynamics [366cf18f] to versions: 0.6.0 or uninstalled, leaving only versions: 0.6.0
       └─RigidBodyDynamics [366cf18f] log:
         ├─possible versions are: [0.0.1-0.0.6, 0.1.0, 0.2.0, 0.3.0, 0.4.0, 0.5.0, 0.6.0-0.6.1, 0.7.0, 0.8.0, 0.9.0, 1.0.0-1.0.2, 1.1.0, 1.2.0, 1.3.0, 1.4.0, 2.0.0, 2.1.0-2.1.1] or uninstalled
         └─restricted to versions 2.1.1 by an explicit requirement, leaving only versions 2.1.1
Stacktrace:
 [1] #propagate_constraints!#61(::Bool, ::typeof(Pkg.GraphType.propagate_constraints!), ::Pkg.GraphType.Graph, ::Set{Int64}) at /workspace/srcdir/julia/usr/share/julia/stdlib/v1.3/Pkg/src/GraphType.jl:1007
 [2] propagate_constraints! at /workspace/srcdir/julia/usr/share/julia/stdlib/v1.3/Pkg/src/GraphType.jl:948 [inlined]
 [3] #simplify_graph!#121(::Bool, ::typeof(Pkg.GraphType.simplify_graph!), ::Pkg.GraphType.Graph, ::Set{Int64}) at /workspace/srcdir/julia/usr/share/julia/stdlib/v1.3/Pkg/src/GraphType.jl:1462
 [4] simplify_graph! at /workspace/srcdir/julia/usr/share/julia/stdlib/v1.3/Pkg/src/GraphType.jl:1462 [inlined]
 [5] _resolve_versions!(::Pkg.Types.Context, ::Array{Pkg.Types.PackageSpec,1}, ::Nothing) at /workspace/srcdir/julia/usr/share/julia/stdlib/v1.3/Pkg/src/backwards_compatible_isolation.jl:148
 [6] _resolve_versions! at /workspace/srcdir/julia/usr/share/julia/stdlib/v1.3/Pkg/src/backwards_compatible_isolation.jl:93 [inlined]
 [7] #_add_or_develop#26(::Array{Base.UUID,1}, ::Symbol, ::typeof(Pkg.Operations._add_or_develop), ::Pkg.Types.Context, ::Array{Pkg.Types.PackageSpec,1}) at /workspace/srcdir/julia/usr/share/julia/stdlib/v1.3/Pkg/src/backwards_compatible_isolation.jl:348
 [8] _add_or_develop at /workspace/srcdir/julia/usr/share/julia/stdlib/v1.3/Pkg/src/backwards_compatible_isolation.jl:333 [inlined]
 [9] (::Pkg.Operations.var"#30#36"{Bool,Pkg.Operations.var"#42#44"{Pkg.Types.Context,Pkg.Types.PackageSpec,Pkg.Operations.var"#41#43"{Pkg.Types.Context,Pkg.Types.PackageSpec,Array{String,1},Cmd}},Pkg.Types.Context,Pkg.Types.PackageSpec,Pkg.Types.Context,Set{Base.UUID},Set{Base.UUID},Array{Pkg.Types.PackageSpec,1}})(::String) at /workspace/srcdir/julia/usr/share/julia/stdlib/v1.3/Pkg/src/backwards_compatible_isolation.jl:537
 [10] #mktempdir#18(::String, ::typeof(mktempdir), ::Pkg.Operations.var"#30#36"{Bool,Pkg.Operations.var"#42#44"{Pkg.Types.Context,Pkg.Types.PackageSpec,Pkg.Operations.var"#41#43"{Pkg.Types.Context,Pkg.Types.PackageSpec,Array{String,1},Cmd}},Pkg.Types.Context,Pkg.Types.PackageSpec,Pkg.Types.Context,Set{Base.UUID},Set{Base.UUID},Array{Pkg.Types.PackageSpec,1}}, ::String) at ./file.jl:634
 [11] mktempdir at ./file.jl:632 [inlined] (repeats 2 times)
 [12] #with_dependencies_loadable_at_toplevel#27(::Bool, ::typeof(Pkg.Operations.with_dependencies_loadable_at_toplevel), ::Pkg.Operations.var"#42#44"{Pkg.Types.Context,Pkg.Types.PackageSpec,Pkg.Operations.var"#41#43"{Pkg.Types.Context,Pkg.Types.PackageSpec,Array{String,1},Cmd}}, ::Pkg.Types.Context, ::Pkg.Types.PackageSpec) at /workspace/srcdir/julia/usr/share/julia/stdlib/v1.3/Pkg/src/backwards_compatible_isolation.jl:516
 [13] #with_dependencies_loadable_at_toplevel at ./none:0 [inlined]
 [14] #backwards_compatibility_for_test#40(::Cmd, ::Cmd, ::typeof(Pkg.Operations.backwards_compatibility_for_test), ::Pkg.Types.Context, ::Pkg.Types.PackageSpec, ::String, ::Array{String,1}, ::Bool) at /workspace/srcdir/julia/usr/share/julia/stdlib/v1.3/Pkg/src/backwards_compatible_isolation.jl:608
 [15] #backwards_compatibility_for_test at ./none:0 [inlined]
 [16] #test#131(::Bool, ::Nothing, ::Cmd, ::Cmd, ::typeof(Pkg.Operations.test), ::Pkg.Types.Context, ::Array{Pkg.Types.PackageSpec,1}) at /workspace/srcdir/julia/usr/share/julia/stdlib/v1.3/Pkg/src/Operations.jl:1345
 [17] #test at ./none:0 [inlined]
 [18] #test#62(::Bool, ::Nothing, ::Cmd, ::Cmd, ::Base.Iterators.Pairs{Union{},Union{},Tuple{},NamedTuple{(),Tuple{}}}, ::typeof(Pkg.API.test), ::Pkg.Types.Context, ::Array{Pkg.Types.PackageSpec,1}) at /workspace/srcdir/julia/usr/share/julia/stdlib/v1.3/Pkg/src/API.jl:253
 [19] test(::Pkg.Types.Context, ::Array{Pkg.Types.PackageSpec,1}) at /workspace/srcdir/julia/usr/share/julia/stdlib/v1.3/Pkg/src/API.jl:239
 [20] #test#61 at /workspace/srcdir/julia/usr/share/julia/stdlib/v1.3/Pkg/src/API.jl:233 [inlined]
 [21] test at /workspace/srcdir/julia/usr/share/julia/stdlib/v1.3/Pkg/src/API.jl:233 [inlined]
 [22] #test#60 at /workspace/srcdir/julia/usr/share/julia/stdlib/v1.3/Pkg/src/API.jl:232 [inlined]
 [23] test at /workspace/srcdir/julia/usr/share/julia/stdlib/v1.3/Pkg/src/API.jl:232 [inlined]
 [24] #test#59(::Base.Iterators.Pairs{Union{},Union{},Tuple{},NamedTuple{(),Tuple{}}}, ::typeof(Pkg.API.test), ::String) at /workspace/srcdir/julia/usr/share/julia/stdlib/v1.3/Pkg/src/API.jl:231
 [25] test(::String) at /workspace/srcdir/julia/usr/share/julia/stdlib/v1.3/Pkg/src/API.jl:231
 [26] top-level scope at none:12
