Julia Version 1.3.2-pre.0
Commit 2e6715c045 (2019-12-31 00:49 UTC)
Platform Info:
  OS: Linux (x86_64-linux-gnu)
  CPU: Intel(R) Xeon(R) Silver 4114 CPU @ 2.20GHz
  WORD_SIZE: 64
  LIBM: libopenlibm
  LLVM: libLLVM-6.0.1 (ORCJIT, skylake)
Environment:
  JULIA_DEPOT_PATH = ::/usr/local/share/julia

 Resolving package versions...
 Installed OpenBLAS_jll ──────────────── v0.3.7+4
 Installed Reexport ──────────────────── v0.2.0
 Installed EvoTrees ──────────────────── v0.3.0
 Installed StatsFuns ─────────────────── v0.9.3
 Installed SpecialFunctions ──────────── v0.9.0
 Installed DiffRules ─────────────────── v1.0.0
 Installed ForwardDiff ───────────────── v0.10.8
 Installed OpenSpecFun_jll ───────────── v0.5.3+1
 Installed CategoricalArrays ─────────── v0.7.6
 Installed CSV ───────────────────────── v0.5.21
 Installed Adapt ─────────────────────── v1.0.0
 Installed CodeTracking ──────────────── v0.5.8
 Installed TableTraits ───────────────── v1.0.0
 Installed BinaryProvider ────────────── v0.5.8
 Installed Arpack_jll ────────────────── v3.5.0+2
 Installed Juno ──────────────────────── v0.7.2
 Installed MacroTools ────────────────── v0.5.3
 Installed LoweredCodeUtils ──────────── v0.4.2
 Installed Parsers ───────────────────── v0.3.10
 Installed Distributions ─────────────── v0.21.12
 Installed PDMats ────────────────────── v0.9.10
 Installed Compat ────────────────────── v3.2.0
 Installed Media ─────────────────────── v0.5.0
 Installed ColorTypes ────────────────── v0.8.1
 Installed Revise ────────────────────── v2.5.0
 Installed PooledArrays ──────────────── v0.5.3
 Installed Arpack ────────────────────── v0.4.0
 Installed NaNMath ───────────────────── v0.3.3
 Installed NNlib ─────────────────────── v0.6.2
 Installed DataValueInterfaces ───────── v1.0.0
 Installed Colors ────────────────────── v0.10.2
 Installed StaticArrays ──────────────── v0.12.1
 Installed Rmath ─────────────────────── v0.6.0
 Installed Requires ──────────────────── v1.0.0
 Installed Tables ────────────────────── v0.2.11
 Installed Traceur ───────────────────── v0.3.0
 Installed DataStructures ────────────── v0.17.7
 Installed AbstractTrees ─────────────── v0.2.1
 Installed WeakRefStrings ────────────── v0.6.2
 Installed Zlib_jll ──────────────────── v1.2.11+7
 Installed CommonSubexpressions ──────── v0.2.0
 Installed JSON ──────────────────────── v0.21.0
 Installed CodecZlib ─────────────────── v0.6.0
 Installed StatsBase ─────────────────── v0.32.0
 Installed FillArrays ────────────────── v0.8.2
 Installed BenchmarkTools ────────────── v0.4.3
 Installed DataAPI ───────────────────── v1.1.0
 Installed IteratorInterfaceExtensions ─ v1.0.0
 Installed Flux ──────────────────────── v0.8.3
 Installed TranscodingStreams ────────── v0.9.5
 Installed InvertedIndices ───────────── v1.0.0
 Installed SortingAlgorithms ─────────── v0.3.1
 Installed DataFrames ────────────────── v0.20.0
 Installed DiffResults ───────────────── v1.0.2
 Installed OrderedCollections ────────── v1.1.0
 Installed Tracker ───────────────────── v0.2.6
 Installed QuadGK ────────────────────── v2.3.1
 Installed FixedPointNumbers ─────────── v0.7.1
 Installed Missings ──────────────────── v0.4.3
 Installed FilePathsBase ─────────────── v0.7.0
 Installed ZipFile ───────────────────── v0.9.0
 Installed Cassette ──────────────────── v0.3.0
 Installed JuliaInterpreter ──────────── v0.7.8
  Updating `~/.julia/environments/v1.3/Project.toml`
  [f6006082] + EvoTrees v0.3.0
  Updating `~/.julia/environments/v1.3/Manifest.toml`
  [1520ce14] + AbstractTrees v0.2.1
  [79e6a3ab] + Adapt v1.0.0
  [7d9fca2a] + Arpack v0.4.0
  [68821587] + Arpack_jll v3.5.0+2
  [6e4b80f9] + BenchmarkTools v0.4.3
  [b99e7846] + BinaryProvider v0.5.8
  [336ed68f] + CSV v0.5.21
  [7057c7e9] + Cassette v0.3.0
  [324d7699] + CategoricalArrays v0.7.6
  [da1fd8a2] + CodeTracking v0.5.8
  [944b1d66] + CodecZlib v0.6.0
  [3da002f7] + ColorTypes v0.8.1
  [5ae59095] + Colors v0.10.2
  [bbf7d656] + CommonSubexpressions v0.2.0
  [34da2185] + Compat v3.2.0
  [9a962f9c] + DataAPI v1.1.0
  [a93c6f00] + DataFrames v0.20.0
  [864edb3b] + DataStructures v0.17.7
  [e2d170a0] + DataValueInterfaces v1.0.0
  [163ba53b] + DiffResults v1.0.2
  [b552c78f] + DiffRules v1.0.0
  [31c24e10] + Distributions v0.21.12
  [f6006082] + EvoTrees v0.3.0
  [48062228] + FilePathsBase v0.7.0
  [1a297f60] + FillArrays v0.8.2
  [53c48c17] + FixedPointNumbers v0.7.1
  [587475ba] + Flux v0.8.3
  [f6369f11] + ForwardDiff v0.10.8
  [41ab1584] + InvertedIndices v1.0.0
  [82899510] + IteratorInterfaceExtensions v1.0.0
  [682c06a0] + JSON v0.21.0
  [aa1ae85d] + JuliaInterpreter v0.7.8
  [e5e0dc1b] + Juno v0.7.2
  [6f1432cf] + LoweredCodeUtils v0.4.2
  [1914dd2f] + MacroTools v0.5.3
  [e89f7d12] + Media v0.5.0
  [e1d29d7a] + Missings v0.4.3
  [872c559c] + NNlib v0.6.2
  [77ba4419] + NaNMath v0.3.3
  [4536629a] + OpenBLAS_jll v0.3.7+4
  [efe28fd5] + OpenSpecFun_jll v0.5.3+1
  [bac558e1] + OrderedCollections v1.1.0
  [90014a1f] + PDMats v0.9.10
  [69de0a69] + Parsers v0.3.10
  [2dfb63ee] + PooledArrays v0.5.3
  [1fd47b50] + QuadGK v2.3.1
  [189a3867] + Reexport v0.2.0
  [ae029012] + Requires v1.0.0
  [295af30f] + Revise v2.5.0
  [79098fc4] + Rmath v0.6.0
  [a2af1166] + SortingAlgorithms v0.3.1
  [276daf66] + SpecialFunctions v0.9.0
  [90137ffa] + StaticArrays v0.12.1
  [2913bbd2] + StatsBase v0.32.0
  [4c63d2b9] + StatsFuns v0.9.3
  [3783bdb8] + TableTraits v1.0.0
  [bd369af6] + Tables v0.2.11
  [37b6cedf] + Traceur v0.3.0
  [9f7883ad] + Tracker v0.2.6
  [3bb67fe8] + TranscodingStreams v0.9.5
  [ea10d353] + WeakRefStrings v0.6.2
  [a5390f91] + ZipFile v0.9.0
  [83775a58] + Zlib_jll v1.2.11+7
  [2a0f44e3] + Base64 
  [ade2ca70] + Dates 
  [8bb1440f] + DelimitedFiles 
  [8ba89e20] + Distributed 
  [7b1f6079] + FileWatching 
  [9fa8497b] + Future 
  [b77e0a4c] + InteractiveUtils 
  [76f85450] + LibGit2 
  [8f399da3] + Libdl 
  [37e2e46d] + LinearAlgebra 
  [56ddb016] + Logging 
  [d6f4376e] + Markdown 
  [a63ad114] + Mmap 
  [44cfe95a] + Pkg 
  [de0858da] + Printf 
  [9abbd945] + Profile 
  [3fa0cd96] + REPL 
  [9a3f8284] + Random 
  [ea8e919c] + SHA 
  [9e88b42a] + Serialization 
  [1a1011a3] + SharedArrays 
  [6462fe0b] + Sockets 
  [2f01184e] + SparseArrays 
  [10745b16] + Statistics 
  [4607b0f0] + SuiteSparse 
  [8dfed614] + Test 
  [cf7118a7] + UUIDs 
  [4ec0a83e] + Unicode 
  Building NNlib ────→ `~/.julia/packages/NNlib/udnNA/deps/build.log`
  Building Rmath ────→ `~/.julia/packages/Rmath/BoBag/deps/build.log`
  Building CodecZlib → `~/.julia/packages/CodecZlib/5t9zO/deps/build.log`
   Testing EvoTrees
    Status `/tmp/jl_jPbkGW/Manifest.toml`
  [1520ce14] AbstractTrees v0.2.1
  [79e6a3ab] Adapt v1.0.0
  [7d9fca2a] Arpack v0.4.0
  [68821587] Arpack_jll v3.5.0+2
  [6e4b80f9] BenchmarkTools v0.4.3
  [b99e7846] BinaryProvider v0.5.8
  [336ed68f] CSV v0.5.21
  [7057c7e9] Cassette v0.3.0
  [324d7699] CategoricalArrays v0.7.6
  [da1fd8a2] CodeTracking v0.5.8
  [944b1d66] CodecZlib v0.6.0
  [3da002f7] ColorTypes v0.8.1
  [5ae59095] Colors v0.10.2
  [bbf7d656] CommonSubexpressions v0.2.0
  [34da2185] Compat v3.2.0
  [9a962f9c] DataAPI v1.1.0
  [a93c6f00] DataFrames v0.20.0
  [864edb3b] DataStructures v0.17.7
  [e2d170a0] DataValueInterfaces v1.0.0
  [163ba53b] DiffResults v1.0.2
  [b552c78f] DiffRules v1.0.0
  [31c24e10] Distributions v0.21.12
  [f6006082] EvoTrees v0.3.0
  [48062228] FilePathsBase v0.7.0
  [1a297f60] FillArrays v0.8.2
  [53c48c17] FixedPointNumbers v0.7.1
  [587475ba] Flux v0.8.3
  [f6369f11] ForwardDiff v0.10.8
  [41ab1584] InvertedIndices v1.0.0
  [82899510] IteratorInterfaceExtensions v1.0.0
  [682c06a0] JSON v0.21.0
  [aa1ae85d] JuliaInterpreter v0.7.8
  [e5e0dc1b] Juno v0.7.2
  [6f1432cf] LoweredCodeUtils v0.4.2
  [1914dd2f] MacroTools v0.5.3
  [e89f7d12] Media v0.5.0
  [e1d29d7a] Missings v0.4.3
  [872c559c] NNlib v0.6.2
  [77ba4419] NaNMath v0.3.3
  [4536629a] OpenBLAS_jll v0.3.7+4
  [efe28fd5] OpenSpecFun_jll v0.5.3+1
  [bac558e1] OrderedCollections v1.1.0
  [90014a1f] PDMats v0.9.10
  [69de0a69] Parsers v0.3.10
  [2dfb63ee] PooledArrays v0.5.3
  [1fd47b50] QuadGK v2.3.1
  [189a3867] Reexport v0.2.0
  [ae029012] Requires v1.0.0
  [295af30f] Revise v2.5.0
  [79098fc4] Rmath v0.6.0
  [a2af1166] SortingAlgorithms v0.3.1
  [276daf66] SpecialFunctions v0.9.0
  [90137ffa] StaticArrays v0.12.1
  [2913bbd2] StatsBase v0.32.0
  [4c63d2b9] StatsFuns v0.9.3
  [3783bdb8] TableTraits v1.0.0
  [bd369af6] Tables v0.2.11
  [37b6cedf] Traceur v0.3.0
  [9f7883ad] Tracker v0.2.6
  [3bb67fe8] TranscodingStreams v0.9.5
  [ea10d353] WeakRefStrings v0.6.2
  [a5390f91] ZipFile v0.9.0
  [83775a58] Zlib_jll v1.2.11+7
  [2a0f44e3] Base64  [`@stdlib/Base64`]
  [ade2ca70] Dates  [`@stdlib/Dates`]
  [8bb1440f] DelimitedFiles  [`@stdlib/DelimitedFiles`]
  [8ba89e20] Distributed  [`@stdlib/Distributed`]
  [7b1f6079] FileWatching  [`@stdlib/FileWatching`]
  [9fa8497b] Future  [`@stdlib/Future`]
  [b77e0a4c] InteractiveUtils  [`@stdlib/InteractiveUtils`]
  [76f85450] LibGit2  [`@stdlib/LibGit2`]
  [8f399da3] Libdl  [`@stdlib/Libdl`]
  [37e2e46d] LinearAlgebra  [`@stdlib/LinearAlgebra`]
  [56ddb016] Logging  [`@stdlib/Logging`]
  [d6f4376e] Markdown  [`@stdlib/Markdown`]
  [a63ad114] Mmap  [`@stdlib/Mmap`]
  [44cfe95a] Pkg  [`@stdlib/Pkg`]
  [de0858da] Printf  [`@stdlib/Printf`]
  [9abbd945] Profile  [`@stdlib/Profile`]
  [3fa0cd96] REPL  [`@stdlib/REPL`]
  [9a3f8284] Random  [`@stdlib/Random`]
  [ea8e919c] SHA  [`@stdlib/SHA`]
  [9e88b42a] Serialization  [`@stdlib/Serialization`]
  [1a1011a3] SharedArrays  [`@stdlib/SharedArrays`]
  [6462fe0b] Sockets  [`@stdlib/Sockets`]
  [2f01184e] SparseArrays  [`@stdlib/SparseArrays`]
  [10745b16] Statistics  [`@stdlib/Statistics`]
  [4607b0f0] SuiteSparse  [`@stdlib/SuiteSparse`]
  [8dfed614] Test  [`@stdlib/Test`]
  [cf7118a7] UUIDs  [`@stdlib/UUIDs`]
  [4ec0a83e] Unicode  [`@stdlib/Unicode`]
┌ Warning: `a::StaticArray + b::Number` is deprecated, use `a .+ b` instead.
│   caller = _broadcast_getindex at broadcast.jl:630 [inlined]
└ @ Core ./broadcast.jl:630
"iter:25, eval: [0.16336056560418252]""iter:50, eval: [0.11429024862101404]""iter:75, eval: [0.10008779826536379]""iter:100, eval: [0.09601663587378857]"105.468693 seconds (59.56 M allocations: 3.395 GiB, 2.51% gc time)
  2.143361 seconds (2.75 M allocations: 145.392 MiB, 2.66% gc time)
  0.011031 seconds (1.03 k allocations: 101.844 KiB)
┌ Warning: `a::StaticArray + b::Number` is deprecated, use `a .+ b` instead.
│   caller = _broadcast_getindex at broadcast.jl:630 [inlined]
└ @ Core ./broadcast.jl:630
"iter:25, eval: [0.09486366210770768]""iter:50, eval: [0.09465825681371744]""iter:75, eval: [0.09434368465584737]""iter:100, eval: [0.09426450194348292]"  4.491733 seconds (2.92 M allocations: 222.886 MiB, 2.33% gc time)
┌ Warning: `a::StaticArray + b::Number` is deprecated, use `a .+ b` instead.
│   caller = _broadcast_getindex at broadcast.jl:630 [inlined]
└ @ Core ./broadcast.jl:630
"iter:25, eval: [0.5521727501402276]""iter:50, eval: [0.49081355234198154]""iter:75, eval: [0.4590047939145144]""iter:100, eval: [0.44127215947889686]"  4.459599 seconds (2.66 M allocations: 214.190 MiB, 1.10% gc time)
  0.230585 seconds (269.85 k allocations: 12.595 MiB, 3.97% gc time)
┌ Warning: `a::StaticArray + b::Number` is deprecated, use `a .+ b` instead.
│   caller = _broadcast_getindex at broadcast.jl:630 [inlined]
└ @ Core ./broadcast.jl:630
"iter:25, eval: [0.1395198376200084]""iter:50, eval: [0.11821607051719399]""iter:75, eval: [0.10658217745978274]""iter:100, eval: [0.09980184054604507]"  4.163004 seconds (2.97 M allocations: 228.975 MiB, 1.65% gc time)
  0.167360 seconds (178.06 k allocations: 8.217 MiB)
┌ Warning: `a::StaticArray + b::Number` is deprecated, use `a .+ b` instead.
│   caller = _broadcast_getindex at broadcast.jl:630 [inlined]
└ @ Core ./broadcast.jl:630
"iter:25, eval: [0.24726010177817886]""iter:50, eval: [0.19629263953197543]""iter:75, eval: [0.16183539087524254]""iter:100, eval: [0.13850133574184556]"  4.422879 seconds (2.79 M allocations: 220.645 MiB, 0.98% gc time)
  0.041753 seconds (1.03 k allocations: 148.719 KiB)
┌ Warning: `a::StaticArray + b::Number` is deprecated, use `a .+ b` instead.
│   caller = _broadcast_getindex at broadcast.jl:630 [inlined]
└ @ Core ./broadcast.jl:630
┌ Warning: `a::Number - b::StaticArray` is deprecated, use `a .- b` instead.
│   caller = update_grads!(::EvoTrees.Quantile, ::Float64, ::Array{StaticArrays.SArray{Tuple{1},Float64,1,1},1}, ::Array{Float64,1}, ::Array{StaticArrays.SArray{Tuple{1},Float64,1,1},1}, ::Array{StaticArrays.SArray{Tuple{1},Float64,1,1},1}, ::Array{StaticArrays.SArray{Tuple{1},Float64,1,1},1}) at loss.jl:49
└ @ EvoTrees ~/.julia/packages/EvoTrees/AuCRf/src/loss.jl:49
┌ Warning: `a::Number - b::StaticArray` is deprecated, use `a .- b` instead.
│   caller = eval_metric(::Val{:quantile}, ::Array{StaticArrays.SArray{Tuple{1},Float64,1,1},1}, ::Array{Float64,1}, ::Float64) at eval.jl:73
└ @ EvoTrees ~/.julia/packages/EvoTrees/AuCRf/src/eval.jl:73
┌ Warning: `a::StaticArray - b::Number` is deprecated, use `a .- b` instead.
│   caller = eval_metric(::Val{:quantile}, ::Array{StaticArrays.SArray{Tuple{1},Float64,1,1},1}, ::Array{Float64,1}, ::Float64) at eval.jl:73
└ @ EvoTrees ~/.julia/packages/EvoTrees/AuCRf/src/eval.jl:73
┌ Warning: `a::Number + b::StaticArray` is deprecated, use `a .+ b` instead.
│   caller = eval_metric(::Val{:quantile}, ::Array{StaticArrays.SArray{Tuple{1},Float64,1,1},1}, ::Array{Float64,1}, ::Float64) at eval.jl:73
└ @ EvoTrees ~/.julia/packages/EvoTrees/AuCRf/src/eval.jl:73
"iter:25, eval: [0.09022901481887045]""iter:50, eval: [0.06363671770042356]""iter:75, eval: [0.053192094077002164]""iter:100, eval: [0.04884272711143159]"303.367511 seconds (130.91 M allocations: 14.217 GiB, 0.96% gc time)
  0.039157 seconds (1.03 k allocations: 148.625 KiB)
┌ Warning: `a::StaticArray + b::Number` is deprecated, use `a .+ b` instead.
│   caller = _broadcast_getindex at broadcast.jl:630 [inlined]
└ @ Core ./broadcast.jl:630
┌ Warning: `a::StaticArray + b::Number` is deprecated, use `a .+ b` instead.
│   caller = grow_tree(::Array{Array{BitSet,1},1}, ::Array{StaticArrays.SArray{Tuple{2},Float64,1,2},1}, ::Array{StaticArrays.SArray{Tuple{2},Float64,1,2},1}, ::Array{StaticArrays.SArray{Tuple{1},Float64,1,1},1}, ::Array{Array{StaticArrays.SArray{Tuple{2},Float64,1,2},1},1}, ::Array{Array{StaticArrays.SArray{Tuple{2},Float64,1,2},1},1}, ::Array{Array{StaticArrays.SArray{Tuple{1},Float64,1,1},1},1}, ::EvoTreeRegressor{Float64,EvoTrees.Gaussian,Int64}, ::Array{EvoTrees.TrainNode{2,Float64,BitSet,Array{Int64,1},Int64},1}, ::Array{EvoTrees.SplitInfo{2,Float64,Int64},1}, ::Array{Array{T,1} where T,1}, ::Array{UInt8,2}) at predict.jl:72
└ @ EvoTrees ~/.julia/packages/EvoTrees/AuCRf/src/predict.jl:72
┌ Warning: `a::StaticArray + b::Number` is deprecated, use `a .+ b` instead.
│   caller = grow_tree(::Array{Array{BitSet,1},1}, ::Array{StaticArrays.SArray{Tuple{2},Float64,1,2},1}, ::Array{StaticArrays.SArray{Tuple{2},Float64,1,2},1}, ::Array{StaticArrays.SArray{Tuple{1},Float64,1,1},1}, ::Array{Array{StaticArrays.SArray{Tuple{2},Float64,1,2},1},1}, ::Array{Array{StaticArrays.SArray{Tuple{2},Float64,1,2},1},1}, ::Array{Array{StaticArrays.SArray{Tuple{1},Float64,1,1},1},1}, ::EvoTreeRegressor{Float64,EvoTrees.Gaussian,Int64}, ::Array{EvoTrees.TrainNode{2,Float64,BitSet,Array{Int64,1},Int64},1}, ::Array{EvoTrees.SplitInfo{2,Float64,Int64},1}, ::Array{Array{T,1} where T,1}, ::Array{UInt8,2}) at predict.jl:72
└ @ EvoTrees ~/.julia/packages/EvoTrees/AuCRf/src/predict.jl:72
"iter:25, eval: [-0.22586024214512843]""iter:50, eval: [-0.7353103345149782]""iter:75, eval: [-1.1979882387539798]""iter:100, eval: [-1.5927916237573159]"  7.064593 seconds (4.39 M allocations: 326.263 MiB, 1.90% gc time)
  0.606607 seconds (640.50 k allocations: 31.914 MiB, 1.45% gc time)
   Testing EvoTrees tests passed 
