Julia Version 1.5.2-pre.0
Commit c4acbf93fb (2020-08-26 10:58 UTC)
Platform Info:
  OS: Linux (x86_64-pc-linux-gnu)
  CPU: Intel(R) Xeon(R) Silver 4114 CPU @ 2.20GHz
  WORD_SIZE: 64
  LIBM: libopenlibm
  LLVM: libLLVM-9.0.1 (ORCJIT, skylake-avx512)
Environment:
  JULIA_DEPOT_PATH = ::/usr/local/share/julia
  JULIA_NUM_THREADS = 2

  Resolving package versions...
  Installed BoltzmannMachinesPlots ─────── v1.0.0
  Installed MKL_jll ────────────────────── v2020.2.254+0
  Installed UnPack ─────────────────────── v1.0.2
  Installed Requires ───────────────────── v1.0.2
  Installed Distances ──────────────────── v0.9.0
  Installed OrderedCollections ─────────── v1.3.0
  Installed JSON ───────────────────────── v0.21.1
  Installed Hexagons ───────────────────── v0.2.0
  Installed IterTools ──────────────────── v1.3.0
  Installed Showoff ────────────────────── v0.3.1
  Installed Missings ───────────────────── v0.4.4
  Installed CommonSubexpressions ───────── v0.3.0
  Installed MacroTools ─────────────────── v0.5.5
  Installed CoupledFields ──────────────── v0.2.0
  Installed Interpolations ─────────────── v0.12.10
  Installed ArrayInterface ─────────────── v2.12.0
  Installed FixedPointNumbers ──────────── v0.8.4
  Installed Compat ─────────────────────── v3.15.0
  Installed Rmath ──────────────────────── v0.6.1
  Installed AbstractFFTs ───────────────── v0.5.0
  Installed PooledArrays ───────────────── v0.5.3
  Installed IntelOpenMP_jll ────────────── v2018.0.3+0
  Installed InvertedIndices ────────────── v1.0.0
  Installed KernelDensity ──────────────── v0.5.1
  Installed LineSearches ───────────────── v7.1.0
  Installed Reexport ───────────────────── v0.2.0
  Installed OpenSpecFun_jll ────────────── v0.5.3+3
  Installed Measures ───────────────────── v0.3.1
  Installed StatsFuns ──────────────────── v0.9.5
  Installed Parsers ────────────────────── v1.0.10
  Installed SortingAlgorithms ──────────── v0.3.1
  Installed ColorTypes ─────────────────── v0.10.9
  Installed QuadGK ─────────────────────── v2.4.1
  Installed IteratorInterfaceExtensions ── v1.0.0
  Installed Parameters ─────────────────── v0.12.1
  Installed NaNMath ────────────────────── v0.3.4
  Installed StructTypes ────────────────── v1.1.0
  Installed FFTW ───────────────────────── v1.2.4
  Installed Media ──────────────────────── v0.5.0
  Installed DataStructures ─────────────── v0.17.20
  Installed StaticArrays ───────────────── v0.12.4
  Installed DataValueInterfaces ────────── v1.0.0
  Installed PDMats ─────────────────────── v0.10.0
  Installed Loess ──────────────────────── v0.5.0
  Installed DiffRules ──────────────────── v1.0.1
  Installed ForwardDiff ────────────────── v0.10.12
  Installed Rmath_jll ──────────────────── v0.2.2+1
  Installed FFTW_jll ───────────────────── v3.3.9+5
  Installed FiniteDiff ─────────────────── v2.6.0
  Installed IndirectArrays ─────────────── v0.5.1
  Installed CompilerSupportLibraries_jll ─ v0.3.3+0
  Installed DataAPI ────────────────────── v1.3.0
  Installed FillArrays ─────────────────── v0.8.14
  Installed AxisAlgorithms ─────────────── v1.0.0
  Installed Tables ─────────────────────── v1.0.5
  Installed OffsetArrays ───────────────── v1.1.3
  Installed Compose ────────────────────── v0.8.2
  Installed DataFrames ─────────────────── v0.21.7
  Installed WoodburyMatrices ───────────── v0.5.2
  Installed DiffResults ────────────────── v1.0.2
  Installed SpecialFunctions ───────────── v0.10.3
  Installed Juno ───────────────────────── v0.8.3
  Installed DocStringExtensions ────────── v0.8.3
  Installed Ratios ─────────────────────── v0.4.0
  Installed StatsBase ──────────────────── v0.33.1
  Installed Optim ──────────────────────── v0.22.0
  Installed PositiveFactorizations ─────── v0.2.3
  Installed Contour ────────────────────── v0.5.4
  Installed TableTraits ────────────────── v1.0.0
  Installed NLSolversBase ──────────────── v7.7.0
  Installed CategoricalArrays ──────────── v0.8.2
  Installed BoltzmannMachines ──────────── v1.2.0
  Installed Colors ─────────────────────── v0.12.4
  Installed Gadfly ─────────────────────── v1.3.0
  Installed Distributions ──────────────── v0.23.8
Updating `~/.julia/environments/v1.5/Project.toml`
  [e853e177] + BoltzmannMachinesPlots v1.0.0
Updating `~/.julia/environments/v1.5/Manifest.toml`
  [621f4979] + AbstractFFTs v0.5.0
  [4fba245c] + ArrayInterface v2.12.0
  [13072b0f] + AxisAlgorithms v1.0.0
  [4f8fbe5d] + BoltzmannMachines v1.2.0
  [e853e177] + BoltzmannMachinesPlots v1.0.0
  [324d7699] + CategoricalArrays v0.8.2
  [3da002f7] + ColorTypes v0.10.9
  [5ae59095] + Colors v0.12.4
  [bbf7d656] + CommonSubexpressions v0.3.0
  [34da2185] + Compat v3.15.0
  [e66e0078] + CompilerSupportLibraries_jll v0.3.3+0
  [a81c6b42] + Compose v0.8.2
  [d38c429a] + Contour v0.5.4
  [7ad07ef1] + CoupledFields v0.2.0
  [9a962f9c] + DataAPI v1.3.0
  [a93c6f00] + DataFrames v0.21.7
  [864edb3b] + DataStructures v0.17.20
  [e2d170a0] + DataValueInterfaces v1.0.0
  [163ba53b] + DiffResults v1.0.2
  [b552c78f] + DiffRules v1.0.1
  [b4f34e82] + Distances v0.9.0
  [31c24e10] + Distributions v0.23.8
  [ffbed154] + DocStringExtensions v0.8.3
  [7a1cc6ca] + FFTW v1.2.4
  [f5851436] + FFTW_jll v3.3.9+5
  [1a297f60] + FillArrays v0.8.14
  [6a86dc24] + FiniteDiff v2.6.0
  [53c48c17] + FixedPointNumbers v0.8.4
  [f6369f11] + ForwardDiff v0.10.12
  [c91e804a] + Gadfly v1.3.0
  [a1b4810d] + Hexagons v0.2.0
  [9b13fd28] + IndirectArrays v0.5.1
  [1d5cc7b8] + IntelOpenMP_jll v2018.0.3+0
  [a98d9a8b] + Interpolations v0.12.10
  [41ab1584] + InvertedIndices v1.0.0
  [c8e1da08] + IterTools v1.3.0
  [82899510] + IteratorInterfaceExtensions v1.0.0
  [682c06a0] + JSON v0.21.1
  [e5e0dc1b] + Juno v0.8.3
  [5ab0869b] + KernelDensity v0.5.1
  [d3d80556] + LineSearches v7.1.0
  [4345ca2d] + Loess v0.5.0
  [856f044c] + MKL_jll v2020.2.254+0
  [1914dd2f] + MacroTools v0.5.5
  [442fdcdd] + Measures v0.3.1
  [e89f7d12] + Media v0.5.0
  [e1d29d7a] + Missings v0.4.4
  [d41bc354] + NLSolversBase v7.7.0
  [77ba4419] + NaNMath v0.3.4
  [6fe1bfb0] + OffsetArrays v1.1.3
  [efe28fd5] + OpenSpecFun_jll v0.5.3+3
  [429524aa] + Optim v0.22.0
  [bac558e1] + OrderedCollections v1.3.0
  [90014a1f] + PDMats v0.10.0
  [d96e819e] + Parameters v0.12.1
  [69de0a69] + Parsers v1.0.10
  [2dfb63ee] + PooledArrays v0.5.3
  [85a6dd25] + PositiveFactorizations v0.2.3
  [1fd47b50] + QuadGK v2.4.1
  [c84ed2f1] + Ratios v0.4.0
  [189a3867] + Reexport v0.2.0
  [ae029012] + Requires v1.0.2
  [79098fc4] + Rmath v0.6.1
  [f50d1b31] + Rmath_jll v0.2.2+1
  [992d4aef] + Showoff v0.3.1
  [a2af1166] + SortingAlgorithms v0.3.1
  [276daf66] + SpecialFunctions v0.10.3
  [90137ffa] + StaticArrays v0.12.4
  [2913bbd2] + StatsBase v0.33.1
  [4c63d2b9] + StatsFuns v0.9.5
  [856f2bd8] + StructTypes v1.1.0
  [3783bdb8] + TableTraits v1.0.0
  [bd369af6] + Tables v1.0.5
  [3a884ed6] + UnPack v1.0.2
  [efce3f68] + WoodburyMatrices v0.5.2
  [2a0f44e3] + Base64
  [ade2ca70] + Dates
  [8bb1440f] + DelimitedFiles
  [8ba89e20] + Distributed
  [9fa8497b] + Future
  [b77e0a4c] + InteractiveUtils
  [76f85450] + LibGit2
  [8f399da3] + Libdl
  [37e2e46d] + LinearAlgebra
  [56ddb016] + Logging
  [d6f4376e] + Markdown
  [a63ad114] + Mmap
  [44cfe95a] + Pkg
  [de0858da] + Printf
  [9abbd945] + Profile
  [3fa0cd96] + REPL
  [9a3f8284] + Random
  [ea8e919c] + SHA
  [9e88b42a] + Serialization
  [1a1011a3] + SharedArrays
  [6462fe0b] + Sockets
  [2f01184e] + SparseArrays
  [10745b16] + Statistics
  [4607b0f0] + SuiteSparse
  [8dfed614] + Test
  [cf7118a7] + UUIDs
  [4ec0a83e] + Unicode
   Building FFTW → `~/.julia/packages/FFTW/DMUbN/deps/build.log`
    Testing BoltzmannMachinesPlots
Status `/tmp/jl_RciEqh/Project.toml`
  [4f8fbe5d] BoltzmannMachines v1.2.0
  [e853e177] BoltzmannMachinesPlots v1.0.0
  [a81c6b42] Compose v0.8.2
  [a93c6f00] DataFrames v0.21.7
  [c91e804a] Gadfly v1.3.0
  [10745b16] Statistics
Status `/tmp/jl_RciEqh/Manifest.toml`
  [621f4979] AbstractFFTs v0.5.0
  [4fba245c] ArrayInterface v2.12.0
  [13072b0f] AxisAlgorithms v1.0.0
  [4f8fbe5d] BoltzmannMachines v1.2.0
  [e853e177] BoltzmannMachinesPlots v1.0.0
  [324d7699] CategoricalArrays v0.8.2
  [3da002f7] ColorTypes v0.10.9
  [5ae59095] Colors v0.12.4
  [bbf7d656] CommonSubexpressions v0.3.0
  [34da2185] Compat v3.15.0
  [e66e0078] CompilerSupportLibraries_jll v0.3.3+0
  [a81c6b42] Compose v0.8.2
  [d38c429a] Contour v0.5.4
  [7ad07ef1] CoupledFields v0.2.0
  [9a962f9c] DataAPI v1.3.0
  [a93c6f00] DataFrames v0.21.7
  [864edb3b] DataStructures v0.17.20
  [e2d170a0] DataValueInterfaces v1.0.0
  [163ba53b] DiffResults v1.0.2
  [b552c78f] DiffRules v1.0.1
  [b4f34e82] Distances v0.9.0
  [31c24e10] Distributions v0.23.8
  [ffbed154] DocStringExtensions v0.8.3
  [7a1cc6ca] FFTW v1.2.4
  [f5851436] FFTW_jll v3.3.9+5
  [1a297f60] FillArrays v0.8.14
  [6a86dc24] FiniteDiff v2.6.0
  [53c48c17] FixedPointNumbers v0.8.4
  [f6369f11] ForwardDiff v0.10.12
  [c91e804a] Gadfly v1.3.0
  [a1b4810d] Hexagons v0.2.0
  [9b13fd28] IndirectArrays v0.5.1
  [1d5cc7b8] IntelOpenMP_jll v2018.0.3+0
  [a98d9a8b] Interpolations v0.12.10
  [41ab1584] InvertedIndices v1.0.0
  [c8e1da08] IterTools v1.3.0
  [82899510] IteratorInterfaceExtensions v1.0.0
  [682c06a0] JSON v0.21.1
  [e5e0dc1b] Juno v0.8.3
  [5ab0869b] KernelDensity v0.5.1
  [d3d80556] LineSearches v7.1.0
  [4345ca2d] Loess v0.5.0
  [856f044c] MKL_jll v2020.2.254+0
  [1914dd2f] MacroTools v0.5.5
  [442fdcdd] Measures v0.3.1
  [e89f7d12] Media v0.5.0
  [e1d29d7a] Missings v0.4.4
  [d41bc354] NLSolversBase v7.7.0
  [77ba4419] NaNMath v0.3.4
  [6fe1bfb0] OffsetArrays v1.1.3
  [efe28fd5] OpenSpecFun_jll v0.5.3+3
  [429524aa] Optim v0.22.0
  [bac558e1] OrderedCollections v1.3.0
  [90014a1f] PDMats v0.10.0
  [d96e819e] Parameters v0.12.1
  [69de0a69] Parsers v1.0.10
  [2dfb63ee] PooledArrays v0.5.3
  [85a6dd25] PositiveFactorizations v0.2.3
  [1fd47b50] QuadGK v2.4.1
  [c84ed2f1] Ratios v0.4.0
  [189a3867] Reexport v0.2.0
  [ae029012] Requires v1.0.2
  [79098fc4] Rmath v0.6.1
  [f50d1b31] Rmath_jll v0.2.2+1
  [992d4aef] Showoff v0.3.1
  [a2af1166] SortingAlgorithms v0.3.1
  [276daf66] SpecialFunctions v0.10.3
  [90137ffa] StaticArrays v0.12.4
  [2913bbd2] StatsBase v0.33.1
  [4c63d2b9] StatsFuns v0.9.5
  [856f2bd8] StructTypes v1.1.0
  [3783bdb8] TableTraits v1.0.0
  [bd369af6] Tables v1.0.5
  [3a884ed6] UnPack v1.0.2
  [efce3f68] WoodburyMatrices v0.5.2
  [2a0f44e3] Base64
  [ade2ca70] Dates
  [8bb1440f] DelimitedFiles
  [8ba89e20] Distributed
  [9fa8497b] Future
  [b77e0a4c] InteractiveUtils
  [76f85450] LibGit2
  [8f399da3] Libdl
  [37e2e46d] LinearAlgebra
  [56ddb016] Logging
  [d6f4376e] Markdown
  [a63ad114] Mmap
  [44cfe95a] Pkg
  [de0858da] Printf
  [9abbd945] Profile
  [3fa0cd96] REPL
  [9a3f8284] Random
  [ea8e919c] SHA
  [9e88b42a] Serialization
  [1a1011a3] SharedArrays
  [6462fe0b] Sockets
  [2f01184e] SparseArrays
  [10745b16] Statistics
  [4607b0f0] SuiteSparse
  [8dfed614] Test
  [cf7118a7] UUIDs
  [4ec0a83e] Unicode
ERROR: LoadError: LoadError: ArgumentError: Package Random not found in current path:
- Run `import Pkg; Pkg.add("Random")` to install the Random package.

Stacktrace:
 [1] require(::Module, ::Symbol) at ./loading.jl:893
 [2] include(::String) at ./client.jl:457
 [3] top-level scope at /home/pkgeval/.julia/packages/BoltzmannMachinesPlots/NoiYW/test/runtests.jl:3
 [4] include(::String) at ./client.jl:457
 [5] top-level scope at none:6
in expression starting at /home/pkgeval/.julia/packages/BoltzmannMachines/KkTqD/test/examples.jl:11
in expression starting at /home/pkgeval/.julia/packages/BoltzmannMachinesPlots/NoiYW/test/runtests.jl:3
ERROR: Package BoltzmannMachinesPlots errored during testing
Stacktrace:
 [1] pkgerror(::String) at /buildworker/worker/package_linux64/build/usr/share/julia/stdlib/v1.5/Pkg/src/Types.jl:52
 [2] test(::Pkg.Types.Context, ::Array{Pkg.Types.PackageSpec,1}; coverage::Bool, julia_args::Cmd, test_args::Cmd, test_fn::Nothing) at /buildworker/worker/package_linux64/build/usr/share/julia/stdlib/v1.5/Pkg/src/Operations.jl:1578
 [3] test(::Pkg.Types.Context, ::Array{Pkg.Types.PackageSpec,1}; coverage::Bool, test_fn::Nothing, julia_args::Cmd, test_args::Cmd, kwargs::Base.Iterators.Pairs{Union{},Union{},Tuple{},NamedTuple{(),Tuple{}}}) at /buildworker/worker/package_linux64/build/usr/share/julia/stdlib/v1.5/Pkg/src/API.jl:328
 [4] test(::Pkg.Types.Context, ::Array{Pkg.Types.PackageSpec,1}) at /buildworker/worker/package_linux64/build/usr/share/julia/stdlib/v1.5/Pkg/src/API.jl:315
 [5] #test#61 at /buildworker/worker/package_linux64/build/usr/share/julia/stdlib/v1.5/Pkg/src/API.jl:67 [inlined]
 [6] test at /buildworker/worker/package_linux64/build/usr/share/julia/stdlib/v1.5/Pkg/src/API.jl:67 [inlined]
 [7] #test#60 at /buildworker/worker/package_linux64/build/usr/share/julia/stdlib/v1.5/Pkg/src/API.jl:66 [inlined]
 [8] test at /buildworker/worker/package_linux64/build/usr/share/julia/stdlib/v1.5/Pkg/src/API.jl:66 [inlined]
 [9] test(::String; kwargs::Base.Iterators.Pairs{Union{},Union{},Tuple{},NamedTuple{(),Tuple{}}}) at /buildworker/worker/package_linux64/build/usr/share/julia/stdlib/v1.5/Pkg/src/API.jl:65
 [10] test(::String) at /buildworker/worker/package_linux64/build/usr/share/julia/stdlib/v1.5/Pkg/src/API.jl:65
 [11] top-level scope at none:19
