Current time is 2020-10-25T20:57:05.185
Julia Version 1.5.3-pre.13
Commit 3de1115e9c (2020-10-23 21:58 UTC)
Platform Info:
  OS: Linux (x86_64-linux-gnu)
  CPU: AMD EPYC 7502 32-Core Processor
  WORD_SIZE: 64
  LIBM: libopenlibm
  LLVM: libLLVM-9.0.1 (ORCJIT, znver2)
Environment:
  JULIA_DEPOT_PATH = ::/usr/local/share/julia
  JULIA_NUM_THREADS = 2
  JULIA_MAX_NUM_PRECOMPILE_FILES = 9223372036854775807
  JULIA_PKG_SERVER = 

Starting installation at 2020-10-25T20:57:08.124
  Resolving package versions...
  Installed Rmath_jll ──────────────────────────── v0.2.2+1
  Installed PooledArrays ───────────────────────── v0.5.3
  Installed Compat ─────────────────────────────── v3.22.0
  Installed StatsFuns ──────────────────────────── v0.9.5
  Installed Parsers ────────────────────────────── v1.0.11
  Installed StructTypes ────────────────────────── v1.1.0
  Installed ValueOrientedRiskManagementInsurance ─ v1.0.0
  Installed Distributions ──────────────────────── v0.23.12
  Installed OpenSpecFun_jll ────────────────────── v0.5.3+4
  Installed CompilerSupportLibraries_jll ───────── v0.3.4+0
  Installed InvertedIndices ────────────────────── v1.0.0
  Installed SortingAlgorithms ──────────────────── v0.3.1
  Installed JLLWrappers ────────────────────────── v1.1.3
  Installed DataFrames ─────────────────────────── v0.21.8
  Installed OrderedCollections ─────────────────── v1.3.1
  Installed IteratorInterfaceExtensions ────────── v1.0.0
  Installed SpecialFunctions ───────────────────── v0.10.3
  Installed DataArrays ─────────────────────────── v0.7.0
  Installed Rmath ──────────────────────────────── v0.6.1
  Installed CategoricalArrays ──────────────────── v0.8.3
  Installed DataStructures ─────────────────────── v0.18.8
  Installed DataValueInterfaces ────────────────── v1.0.0
  Installed PDMats ─────────────────────────────── v0.10.1
  Installed Reexport ───────────────────────────── v0.2.0
  Installed TableTraits ────────────────────────── v1.0.0
  Installed Missings ───────────────────────────── v0.4.4
  Installed Tables ─────────────────────────────── v1.1.0
  Installed QuadGK ─────────────────────────────── v2.4.1
  Installed JSON ───────────────────────────────── v0.21.1
  Installed StaticArrays ───────────────────────── v0.12.4
  Installed StatsBase ──────────────────────────── v0.33.2
  Installed Artifacts ──────────────────────────── v1.3.0
  Installed DataAPI ────────────────────────────── v1.3.0
  Installed FillArrays ─────────────────────────── v0.9.7
Updating `~/.julia/environments/v1.5/Project.toml`
  [4aceb6fc] + ValueOrientedRiskManagementInsurance v1.0.0
Updating `~/.julia/environments/v1.5/Manifest.toml`
  [56f22d72] + Artifacts v1.3.0
  [324d7699] + CategoricalArrays v0.8.3
  [34da2185] + Compat v3.22.0
  [e66e0078] + CompilerSupportLibraries_jll v0.3.4+0
  [9a962f9c] + DataAPI v1.3.0
  [0fe7c1db] + DataArrays v0.7.0
  [a93c6f00] + DataFrames v0.21.8
  [864edb3b] + DataStructures v0.18.8
  [e2d170a0] + DataValueInterfaces v1.0.0
  [31c24e10] + Distributions v0.23.12
  [1a297f60] + FillArrays v0.9.7
  [41ab1584] + InvertedIndices v1.0.0
  [82899510] + IteratorInterfaceExtensions v1.0.0
  [692b3bcd] + JLLWrappers v1.1.3
  [682c06a0] + JSON v0.21.1
  [e1d29d7a] + Missings v0.4.4
  [efe28fd5] + OpenSpecFun_jll v0.5.3+4
  [bac558e1] + OrderedCollections v1.3.1
  [90014a1f] + PDMats v0.10.1
  [69de0a69] + Parsers v1.0.11
  [2dfb63ee] + PooledArrays v0.5.3
  [1fd47b50] + QuadGK v2.4.1
  [189a3867] + Reexport v0.2.0
  [79098fc4] + Rmath v0.6.1
  [f50d1b31] + Rmath_jll v0.2.2+1
  [a2af1166] + SortingAlgorithms v0.3.1
  [276daf66] + SpecialFunctions v0.10.3
  [90137ffa] + StaticArrays v0.12.4
  [2913bbd2] + StatsBase v0.33.2
  [4c63d2b9] + StatsFuns v0.9.5
  [856f2bd8] + StructTypes v1.1.0
  [3783bdb8] + TableTraits v1.0.0
  [bd369af6] + Tables v1.1.0
  [4aceb6fc] + ValueOrientedRiskManagementInsurance v1.0.0
  [2a0f44e3] + Base64
  [ade2ca70] + Dates
  [8bb1440f] + DelimitedFiles
  [8ba89e20] + Distributed
  [9fa8497b] + Future
  [b77e0a4c] + InteractiveUtils
  [76f85450] + LibGit2
  [8f399da3] + Libdl
  [37e2e46d] + LinearAlgebra
  [56ddb016] + Logging
  [d6f4376e] + Markdown
  [a63ad114] + Mmap
  [44cfe95a] + Pkg
  [de0858da] + Printf
  [3fa0cd96] + REPL
  [9a3f8284] + Random
  [ea8e919c] + SHA
  [9e88b42a] + Serialization
  [1a1011a3] + SharedArrays
  [6462fe0b] + Sockets
  [2f01184e] + SparseArrays
  [10745b16] + Statistics
  [4607b0f0] + SuiteSparse
  [8dfed614] + Test
  [cf7118a7] + UUIDs
  [4ec0a83e] + Unicode
Starting tests at 2020-10-25T20:57:12.871
    Testing ValueOrientedRiskManagementInsurance
Status `/tmp/jl_2mEkuY/Project.toml`
  [0fe7c1db] DataArrays v0.7.0
  [a93c6f00] DataFrames v0.21.8
  [31c24e10] Distributions v0.23.12
  [4aceb6fc] ValueOrientedRiskManagementInsurance v1.0.0
  [37e2e46d] LinearAlgebra
  [9a3f8284] Random
  [8dfed614] Test
Status `/tmp/jl_2mEkuY/Manifest.toml`
  [56f22d72] Artifacts v1.3.0
  [324d7699] CategoricalArrays v0.8.3
  [34da2185] Compat v3.22.0
  [e66e0078] CompilerSupportLibraries_jll v0.3.4+0
  [9a962f9c] DataAPI v1.3.0
  [0fe7c1db] DataArrays v0.7.0
  [a93c6f00] DataFrames v0.21.8
  [864edb3b] DataStructures v0.18.8
  [e2d170a0] DataValueInterfaces v1.0.0
  [31c24e10] Distributions v0.23.12
  [1a297f60] FillArrays v0.9.7
  [41ab1584] InvertedIndices v1.0.0
  [82899510] IteratorInterfaceExtensions v1.0.0
  [692b3bcd] JLLWrappers v1.1.3
  [682c06a0] JSON v0.21.1
  [e1d29d7a] Missings v0.4.4
  [efe28fd5] OpenSpecFun_jll v0.5.3+4
  [bac558e1] OrderedCollections v1.3.1
  [90014a1f] PDMats v0.10.1
  [69de0a69] Parsers v1.0.11
  [2dfb63ee] PooledArrays v0.5.3
  [1fd47b50] QuadGK v2.4.1
  [189a3867] Reexport v0.2.0
  [79098fc4] Rmath v0.6.1
  [f50d1b31] Rmath_jll v0.2.2+1
  [a2af1166] SortingAlgorithms v0.3.1
  [276daf66] SpecialFunctions v0.10.3
  [90137ffa] StaticArrays v0.12.4
  [2913bbd2] StatsBase v0.33.2
  [4c63d2b9] StatsFuns v0.9.5
  [856f2bd8] StructTypes v1.1.0
  [3783bdb8] TableTraits v1.0.0
  [bd369af6] Tables v1.1.0
  [4aceb6fc] ValueOrientedRiskManagementInsurance v1.0.0
  [2a0f44e3] Base64
  [ade2ca70] Dates
  [8bb1440f] DelimitedFiles
  [8ba89e20] Distributed
  [9fa8497b] Future
  [b77e0a4c] InteractiveUtils
  [76f85450] LibGit2
  [8f399da3] Libdl
  [37e2e46d] LinearAlgebra
  [56ddb016] Logging
  [d6f4376e] Markdown
  [a63ad114] Mmap
  [44cfe95a] Pkg
  [de0858da] Printf
  [3fa0cd96] REPL
  [9a3f8284] Random
  [ea8e919c] SHA
  [9e88b42a] Serialization
  [1a1011a3] SharedArrays
  [6462fe0b] Sockets
  [2f01184e] SparseArrays
  [10745b16] Statistics
  [4607b0f0] SuiteSparse
  [8dfed614] Test
  [cf7118a7] UUIDs
  [4ec0a83e] Unicode
Testing S2 Life
┌ Warning: `getindex(df::DataFrame, col_ind::ColumnIndex)` is deprecated, use `df[!, col_ind]` instead.
│   caller = top-level scope at Life_Input.jl:76
└ @ Core ~/.julia/packages/ValueOrientedRiskManagementInsurance/T9SuI/test/Life_Input.jl:76
┌ Warning: `getindex(df::DataFrame, col_ind::ColumnIndex)` is deprecated, use `df[!, col_ind]` instead.
│   caller = top-level scope at Life_Input.jl:76
└ @ Core ~/.julia/packages/ValueOrientedRiskManagementInsurance/T9SuI/test/Life_Input.jl:76
┌ Warning: `getindex(df::DataFrame, col_ind::ColumnIndex)` is deprecated, use `df[!, col_ind]` instead.
│   caller = dfalloc(::Int64, ::DataFrame, ::Float64, ::Dict{AbstractString,Symbol}) at Life_Input.jl:78
└ @ Main ~/.julia/packages/ValueOrientedRiskManagementInsurance/T9SuI/test/Life_Input.jl:78
┌ Warning: `getindex(df::DataFrame, col_ind::ColumnIndex)` is deprecated, use `df[!, col_ind]` instead.
│   caller = dfalloc(::Int64, ::DataFrame, ::Float64, ::Dict{AbstractString,Symbol}) at Life_Input.jl:78
└ @ Main ~/.julia/packages/ValueOrientedRiskManagementInsurance/T9SuI/test/Life_Input.jl:78
┌ Warning: `getindex(df::DataFrame, col_ind::ColumnIndex)` is deprecated, use `df[!, col_ind]` instead.
│   caller = dfalloc(::Int64, ::DataFrame, ::Float64, ::Dict{AbstractString,Symbol}) at Life_Input.jl:78
└ @ Main ~/.julia/packages/ValueOrientedRiskManagementInsurance/T9SuI/test/Life_Input.jl:78
┌ Warning: `getindex(df::DataFrame, col_ind::ColumnIndex)` is deprecated, use `df[!, col_ind]` instead.
│   caller = dfalloc(::Int64, ::DataFrame, ::Float64, ::Dict{AbstractString,Symbol}) at Life_Input.jl:78
└ @ Main ~/.julia/packages/ValueOrientedRiskManagementInsurance/T9SuI/test/Life_Input.jl:78
┌ Warning: `getindex(df::DataFrame, col_ind::ColumnIndex)` is deprecated, use `df[!, col_ind]` instead.
│   caller = dfalloc(::Int64, ::DataFrame, ::Float64, ::Dict{AbstractString,Symbol}) at Life_Input.jl:78
└ @ Main ~/.julia/packages/ValueOrientedRiskManagementInsurance/T9SuI/test/Life_Input.jl:78
┌ Warning: `getindex(df::DataFrame, col_ind::ColumnIndex)` is deprecated, use `df[!, col_ind]` instead.
│   caller = top-level scope at Life_Input.jl:105
└ @ Core ~/.julia/packages/ValueOrientedRiskManagementInsurance/T9SuI/test/Life_Input.jl:105
Start S2Life.jl
WARNING: both Distributions and ValueOrientedRiskManagementInsurance export "Product"; uses of it in module Main must be qualified
ERROR: LoadError: LoadError: LoadError: UndefVarError: Product not defined
Stacktrace:
 [1] top-level scope at /home/pkgeval/.julia/packages/ValueOrientedRiskManagementInsurance/T9SuI/test/S2Life.jl:17
 [2] include(::String) at ./client.jl:457
 [3] top-level scope at /home/pkgeval/.julia/packages/ValueOrientedRiskManagementInsurance/T9SuI/test/S2Life_Test.jl:7
 [4] include(::String) at ./client.jl:457
 [5] top-level scope at /home/pkgeval/.julia/packages/ValueOrientedRiskManagementInsurance/T9SuI/test/runtests.jl:9
 [6] include(::String) at ./client.jl:457
 [7] top-level scope at none:6
in expression starting at /home/pkgeval/.julia/packages/ValueOrientedRiskManagementInsurance/T9SuI/test/S2Life.jl:17
in expression starting at /home/pkgeval/.julia/packages/ValueOrientedRiskManagementInsurance/T9SuI/test/S2Life_Test.jl:7
in expression starting at /home/pkgeval/.julia/packages/ValueOrientedRiskManagementInsurance/T9SuI/test/runtests.jl:9
ERROR: Package ValueOrientedRiskManagementInsurance errored during testing
Stacktrace:
 [1] pkgerror(::String) at /workspace/srcdir/usr/share/julia/stdlib/v1.5/Pkg/src/Types.jl:52
 [2] test(::Pkg.Types.Context, ::Array{Pkg.Types.PackageSpec,1}; coverage::Bool, julia_args::Cmd, test_args::Cmd, test_fn::Nothing) at /workspace/srcdir/usr/share/julia/stdlib/v1.5/Pkg/src/Operations.jl:1578
 [3] test(::Pkg.Types.Context, ::Array{Pkg.Types.PackageSpec,1}; coverage::Bool, test_fn::Nothing, julia_args::Cmd, test_args::Cmd, kwargs::Base.Iterators.Pairs{Union{},Union{},Tuple{},NamedTuple{(),Tuple{}}}) at /workspace/srcdir/usr/share/julia/stdlib/v1.5/Pkg/src/API.jl:327
 [4] test(::Pkg.Types.Context, ::Array{Pkg.Types.PackageSpec,1}) at /workspace/srcdir/usr/share/julia/stdlib/v1.5/Pkg/src/API.jl:314
 [5] #test#61 at /workspace/srcdir/usr/share/julia/stdlib/v1.5/Pkg/src/API.jl:67 [inlined]
 [6] test at /workspace/srcdir/usr/share/julia/stdlib/v1.5/Pkg/src/API.jl:67 [inlined]
 [7] #test#60 at /workspace/srcdir/usr/share/julia/stdlib/v1.5/Pkg/src/API.jl:66 [inlined]
 [8] test at /workspace/srcdir/usr/share/julia/stdlib/v1.5/Pkg/src/API.jl:66 [inlined]
 [9] test(::String; kwargs::Base.Iterators.Pairs{Union{},Union{},Tuple{},NamedTuple{(),Tuple{}}}) at /workspace/srcdir/usr/share/julia/stdlib/v1.5/Pkg/src/API.jl:65
 [10] test(::String) at /workspace/srcdir/usr/share/julia/stdlib/v1.5/Pkg/src/API.jl:65
 [11] top-level scope at none:35
