Current time is 2020-10-25T20:09:21.094
Julia Version 1.5.3-pre.0
Commit 5905edebb1 (2020-09-24 05:09 UTC)
Platform Info:
  OS: Linux (x86_64-pc-linux-gnu)
  CPU: AMD EPYC 7502 32-Core Processor
  WORD_SIZE: 64
  LIBM: libopenlibm
  LLVM: libLLVM-9.0.1 (ORCJIT, znver2)
Environment:
  JULIA_DEPOT_PATH = ::/usr/local/share/julia
  JULIA_NUM_THREADS = 2
  JULIA_MAX_NUM_PRECOMPILE_FILES = 9223372036854775807
  JULIA_PKG_SERVER = 

Starting installation at 2020-10-25T20:09:24.086
  Resolving package versions...
  Installed Base58 ──── v0.3.0
  Installed BTCParser ─ v0.1.0
  Installed Compat ──── v3.22.0
  Installed Ripemd ──── v0.3.0
Updating `~/.julia/environments/v1.5/Project.toml`
  [27a35ec8] + BTCParser v0.1.0
Updating `~/.julia/environments/v1.5/Manifest.toml`
  [27a35ec8] + BTCParser v0.1.0
  [a832ea1e] + Base58 v0.3.0
  [34da2185] + Compat v3.22.0
  [92ef3814] + Ripemd v0.3.0
  [2a0f44e3] + Base64
  [ade2ca70] + Dates
  [8bb1440f] + DelimitedFiles
  [8ba89e20] + Distributed
  [b77e0a4c] + InteractiveUtils
  [76f85450] + LibGit2
  [8f399da3] + Libdl
  [37e2e46d] + LinearAlgebra
  [56ddb016] + Logging
  [d6f4376e] + Markdown
  [a63ad114] + Mmap
  [44cfe95a] + Pkg
  [de0858da] + Printf
  [3fa0cd96] + REPL
  [9a3f8284] + Random
  [ea8e919c] + SHA
  [9e88b42a] + Serialization
  [1a1011a3] + SharedArrays
  [6462fe0b] + Sockets
  [2f01184e] + SparseArrays
  [10745b16] + Statistics
  [8dfed614] + Test
  [cf7118a7] + UUIDs
  [4ec0a83e] + Unicode
Starting tests at 2020-10-25T20:09:25.967
    Testing BTCParser
Status `/tmp/jl_irAv8Z/Project.toml`
  [27a35ec8] BTCParser v0.1.0
  [a832ea1e] Base58 v0.3.0
  [92ef3814] Ripemd v0.3.0
  [de0858da] Printf
  [ea8e919c] SHA
  [8dfed614] Test
Status `/tmp/jl_irAv8Z/Manifest.toml`
  [27a35ec8] BTCParser v0.1.0
  [a832ea1e] Base58 v0.3.0
  [34da2185] Compat v3.22.0
  [92ef3814] Ripemd v0.3.0
  [2a0f44e3] Base64
  [ade2ca70] Dates
  [8bb1440f] DelimitedFiles
  [8ba89e20] Distributed
  [b77e0a4c] InteractiveUtils
  [76f85450] LibGit2
  [8f399da3] Libdl
  [37e2e46d] LinearAlgebra
  [56ddb016] Logging
  [d6f4376e] Markdown
  [a63ad114] Mmap
  [44cfe95a] Pkg
  [de0858da] Printf
  [3fa0cd96] REPL
  [9a3f8284] Random
  [ea8e919c] SHA
  [9e88b42a] Serialization
  [1a1011a3] SharedArrays
  [6462fe0b] Sockets
  [2f01184e] SparseArrays
  [10745b16] Statistics
  [8dfed614] Test
  [cf7118a7] UUIDs
  [4ec0a83e] Unicode
BCIterator: Error During Test at /home/pkgeval/.julia/packages/BTCParser/rLZZT/test/test_bciterator.jl:6
  Got exception outside of a @test
  SystemError: opening file "/home/pkgeval/.bitcoin/blocks/blk00000.dat": No such file or directory
  Stacktrace:
   [1] systemerror(::String, ::Int32; extrainfo::Nothing) at ./error.jl:168
   [2] #systemerror#48 at ./error.jl:167 [inlined]
   [3] systemerror at ./error.jl:167 [inlined]
   [4] open(::String; lock::Bool, read::Nothing, write::Nothing, create::Nothing, truncate::Nothing, append::Nothing) at ./iostream.jl:284
   [5] open at ./iostream.jl:273 [inlined]
   [6] BCIterator at /home/pkgeval/.julia/packages/BTCParser/rLZZT/src/lib/file_ops.jl:18 [inlined]
   [7] macro expansion at /home/pkgeval/.julia/packages/BTCParser/rLZZT/test/test_bciterator.jl:8 [inlined]
   [8] macro expansion at /buildworker/worker/package_linux64/build/usr/share/julia/stdlib/v1.5/Test/src/Test.jl:1115 [inlined]
   [9] top-level scope at /home/pkgeval/.julia/packages/BTCParser/rLZZT/test/test_bciterator.jl:7
   [10] include(::String) at ./client.jl:457
   [11] top-level scope at /home/pkgeval/.julia/packages/BTCParser/rLZZT/test/runtests.jl:17
   [12] include(::String) at ./client.jl:457
   [13] top-level scope at none:6
   [14] eval(::Module, ::Any) at ./boot.jl:331
   [15] exec_options(::Base.JLOptions) at ./client.jl:272
   [16] _start() at ./client.jl:506
  
Test Summary: | Error  Total
BCIterator    |     1      1
ERROR: LoadError: LoadError: Some tests did not pass: 0 passed, 0 failed, 1 errored, 0 broken.
in expression starting at /home/pkgeval/.julia/packages/BTCParser/rLZZT/test/test_bciterator.jl:6
in expression starting at /home/pkgeval/.julia/packages/BTCParser/rLZZT/test/runtests.jl:16
ERROR: Package BTCParser errored during testing
Stacktrace:
 [1] pkgerror(::String) at /buildworker/worker/package_linux64/build/usr/share/julia/stdlib/v1.5/Pkg/src/Types.jl:52
 [2] test(::Pkg.Types.Context, ::Array{Pkg.Types.PackageSpec,1}; coverage::Bool, julia_args::Cmd, test_args::Cmd, test_fn::Nothing) at /buildworker/worker/package_linux64/build/usr/share/julia/stdlib/v1.5/Pkg/src/Operations.jl:1578
 [3] test(::Pkg.Types.Context, ::Array{Pkg.Types.PackageSpec,1}; coverage::Bool, test_fn::Nothing, julia_args::Cmd, test_args::Cmd, kwargs::Base.Iterators.Pairs{Union{},Union{},Tuple{},NamedTuple{(),Tuple{}}}) at /buildworker/worker/package_linux64/build/usr/share/julia/stdlib/v1.5/Pkg/src/API.jl:327
 [4] test(::Pkg.Types.Context, ::Array{Pkg.Types.PackageSpec,1}) at /buildworker/worker/package_linux64/build/usr/share/julia/stdlib/v1.5/Pkg/src/API.jl:314
 [5] #test#61 at /buildworker/worker/package_linux64/build/usr/share/julia/stdlib/v1.5/Pkg/src/API.jl:67 [inlined]
 [6] test at /buildworker/worker/package_linux64/build/usr/share/julia/stdlib/v1.5/Pkg/src/API.jl:67 [inlined]
 [7] #test#60 at /buildworker/worker/package_linux64/build/usr/share/julia/stdlib/v1.5/Pkg/src/API.jl:66 [inlined]
 [8] test at /buildworker/worker/package_linux64/build/usr/share/julia/stdlib/v1.5/Pkg/src/API.jl:66 [inlined]
 [9] test(::String; kwargs::Base.Iterators.Pairs{Union{},Union{},Tuple{},NamedTuple{(),Tuple{}}}) at /buildworker/worker/package_linux64/build/usr/share/julia/stdlib/v1.5/Pkg/src/API.jl:65
 [10] test(::String) at /buildworker/worker/package_linux64/build/usr/share/julia/stdlib/v1.5/Pkg/src/API.jl:65
 [11] top-level scope at none:35
