Current time is 2020-10-25T21:33:37.312
Julia Version 1.5.3-pre.13
Commit 3de1115e9c (2020-10-23 21:58 UTC)
Platform Info:
  OS: Linux (x86_64-linux-gnu)
  CPU: AMD EPYC 7502 32-Core Processor
  WORD_SIZE: 64
  LIBM: libopenlibm
  LLVM: libLLVM-9.0.1 (ORCJIT, znver2)
Environment:
  JULIA_DEPOT_PATH = ::/usr/local/share/julia
  JULIA_NUM_THREADS = 2
  JULIA_MAX_NUM_PRECOMPILE_FILES = 9223372036854775807
  JULIA_PKG_SERVER = 

Starting installation at 2020-10-25T21:33:40.546
  Resolving package versions...
ERROR: Unsatisfiable requirements detected for package StatsBase [2913bbd2]:
 StatsBase [2913bbd2] log:
 ├─possible versions are: [0.24.0, 0.25.0, 0.26.0, 0.27.0, 0.28.0-0.28.1, 0.29.0, 0.30.0, 0.31.0, 0.32.0-0.32.2, 0.33.0-0.33.2] or uninstalled
 ├─restricted by compatibility requirements with DungAnalyse [4b12b552] to versions: 0.33.0-0.33.2
 │ └─DungAnalyse [4b12b552] log:
 │   ├─possible versions are: 0.2.0-0.2.1 or uninstalled
 │   └─restricted to versions * by an explicit requirement, leaving only versions 0.2.0-0.2.1
 └─restricted by compatibility requirements with JuliaDB [a93385a2] to versions: [0.24.0, 0.25.0, 0.26.0, 0.27.0, 0.28.0-0.28.1, 0.29.0, 0.30.0, 0.31.0, 0.32.0-0.32.2] — no versions left
   └─JuliaDB [a93385a2] log:
     ├─possible versions are: [0.9.0, 0.10.0, 0.11.0-0.11.2, 0.12.0, 0.13.0-0.13.1] or uninstalled
     └─restricted by compatibility requirements with DungAnalyse [4b12b552] to versions: 0.13.0-0.13.1
       └─DungAnalyse [4b12b552] log: see above
Stacktrace:
 [1] propagate_constraints!(::Pkg.Resolve.Graph, ::Set{Int64}; log_events::Bool) at /workspace/srcdir/usr/share/julia/stdlib/v1.5/Pkg/src/Resolve/graphtype.jl:1005
 [2] propagate_constraints! at /workspace/srcdir/usr/share/julia/stdlib/v1.5/Pkg/src/Resolve/graphtype.jl:946 [inlined] (repeats 2 times)
 [3] simplify_graph!(::Pkg.Resolve.Graph, ::Set{Int64}; clean_graph::Bool) at /workspace/srcdir/usr/share/julia/stdlib/v1.5/Pkg/src/Resolve/graphtype.jl:1460
 [4] simplify_graph! at /workspace/srcdir/usr/share/julia/stdlib/v1.5/Pkg/src/Resolve/graphtype.jl:1460 [inlined] (repeats 2 times)
 [5] resolve_versions!(::Pkg.Types.Context, ::Array{Pkg.Types.PackageSpec,1}) at /workspace/srcdir/usr/share/julia/stdlib/v1.5/Pkg/src/Operations.jl:375
 [6] targeted_resolve at /workspace/srcdir/usr/share/julia/stdlib/v1.5/Pkg/src/Operations.jl:1114 [inlined]
 [7] tiered_resolve(::Pkg.Types.Context, ::Array{Pkg.Types.PackageSpec,1}) at /workspace/srcdir/usr/share/julia/stdlib/v1.5/Pkg/src/Operations.jl:1100
 [8] _resolve at /workspace/srcdir/usr/share/julia/stdlib/v1.5/Pkg/src/Operations.jl:1120 [inlined]
 [9] add(::Pkg.Types.Context, ::Array{Pkg.Types.PackageSpec,1}, ::Array{Base.UUID,1}; preserve::Pkg.Types.PreserveLevel, platform::Pkg.BinaryPlatforms.Linux) at /workspace/srcdir/usr/share/julia/stdlib/v1.5/Pkg/src/Operations.jl:1135
 [10] add(::Pkg.Types.Context, ::Array{Pkg.Types.PackageSpec,1}; preserve::Pkg.Types.PreserveLevel, platform::Pkg.BinaryPlatforms.Linux, kwargs::Base.Iterators.Pairs{Union{},Union{},Tuple{},NamedTuple{(),Tuple{}}}) at /workspace/srcdir/usr/share/julia/stdlib/v1.5/Pkg/src/API.jl:188
 [11] add(::Pkg.Types.Context, ::Array{Pkg.Types.PackageSpec,1}) at /workspace/srcdir/usr/share/julia/stdlib/v1.5/Pkg/src/API.jl:139
 [12] #add#21 at /workspace/srcdir/usr/share/julia/stdlib/v1.5/Pkg/src/API.jl:67 [inlined]
 [13] add at /workspace/srcdir/usr/share/julia/stdlib/v1.5/Pkg/src/API.jl:67 [inlined]
 [14] #add#20 at /workspace/srcdir/usr/share/julia/stdlib/v1.5/Pkg/src/API.jl:66 [inlined]
 [15] add at /workspace/srcdir/usr/share/julia/stdlib/v1.5/Pkg/src/API.jl:66 [inlined]
 [16] add(::String; kwargs::Base.Iterators.Pairs{Union{},Union{},Tuple{},NamedTuple{(),Tuple{}}}) at /workspace/srcdir/usr/share/julia/stdlib/v1.5/Pkg/src/API.jl:65
 [17] add(::String) at /workspace/srcdir/usr/share/julia/stdlib/v1.5/Pkg/src/API.jl:65
 [18] top-level scope at none:33
