Current time is 2020-10-25T21:56:48.194
Julia Version 1.5.3-pre.13
Commit 3de1115e9c (2020-10-23 21:58 UTC)
Platform Info:
  OS: Linux (x86_64-linux-gnu)
  CPU: AMD EPYC 7502 32-Core Processor
  WORD_SIZE: 64
  LIBM: libopenlibm
  LLVM: libLLVM-9.0.1 (ORCJIT, znver2)
Environment:
  JULIA_DEPOT_PATH = ::/usr/local/share/julia
  JULIA_NUM_THREADS = 2
  JULIA_MAX_NUM_PRECOMPILE_FILES = 9223372036854775807
  JULIA_PKG_SERVER = 

Starting installation at 2020-10-25T21:56:51.489
  Resolving package versions...
  Installed Measures ─────────── v0.3.1
  Installed Parsers ──────────── v1.0.11
  Installed Distances ────────── v0.9.2
  Installed FixedPointNumbers ── v0.8.4
  Installed GraphPlot ────────── v0.4.3
  Installed EmbeddedGraphs ───── v0.1.0
  Installed Requires ─────────── v1.1.0
  Installed LightGraphs ──────── v1.3.3
  Installed MacroTools ───────── v0.5.6
  Installed SimpleTraits ─────── v0.9.3
  Installed Inflate ──────────── v0.1.2
  Installed OrderedCollections ─ v1.3.1
  Installed DataStructures ───── v0.17.20
  Installed ColorTypes ───────── v0.10.9
  Installed LoweredCodeUtils ─── v0.4.9
  Installed CodeTracking ─────── v0.5.12
  Installed StaticArrays ─────── v0.12.4
  Installed Reexport ─────────── v0.2.0
  Installed IterTools ────────── v1.3.0
  Installed JSON ─────────────── v0.21.1
  Installed ArnoldiMethod ────── v0.0.4
  Installed Compose ──────────── v0.8.2
  Installed Colors ───────────── v0.12.4
  Installed JuliaInterpreter ─── v0.7.26
  Installed Revise ───────────── v2.7.6
Updating `~/.julia/environments/v1.5/Project.toml`
  [9c1af47c] + EmbeddedGraphs v0.1.0
Updating `~/.julia/environments/v1.5/Manifest.toml`
  [ec485272] + ArnoldiMethod v0.0.4
  [da1fd8a2] + CodeTracking v0.5.12
  [3da002f7] + ColorTypes v0.10.9
  [5ae59095] + Colors v0.12.4
  [a81c6b42] + Compose v0.8.2
  [864edb3b] + DataStructures v0.17.20
  [b4f34e82] + Distances v0.9.2
  [9c1af47c] + EmbeddedGraphs v0.1.0
  [53c48c17] + FixedPointNumbers v0.8.4
  [a2cc645c] + GraphPlot v0.4.3
  [d25df0c9] + Inflate v0.1.2
  [c8e1da08] + IterTools v1.3.0
  [682c06a0] + JSON v0.21.1
  [aa1ae85d] + JuliaInterpreter v0.7.26
  [093fc24a] + LightGraphs v1.3.3
  [6f1432cf] + LoweredCodeUtils v0.4.9
  [1914dd2f] + MacroTools v0.5.6
  [442fdcdd] + Measures v0.3.1
  [bac558e1] + OrderedCollections v1.3.1
  [69de0a69] + Parsers v1.0.11
  [189a3867] + Reexport v0.2.0
  [ae029012] + Requires v1.1.0
  [295af30f] + Revise v2.7.6
  [699a6c99] + SimpleTraits v0.9.3
  [90137ffa] + StaticArrays v0.12.4
  [2a0f44e3] + Base64
  [ade2ca70] + Dates
  [8bb1440f] + DelimitedFiles
  [8ba89e20] + Distributed
  [7b1f6079] + FileWatching
  [b77e0a4c] + InteractiveUtils
  [76f85450] + LibGit2
  [8f399da3] + Libdl
  [37e2e46d] + LinearAlgebra
  [56ddb016] + Logging
  [d6f4376e] + Markdown
  [a63ad114] + Mmap
  [44cfe95a] + Pkg
  [de0858da] + Printf
  [3fa0cd96] + REPL
  [9a3f8284] + Random
  [ea8e919c] + SHA
  [9e88b42a] + Serialization
  [1a1011a3] + SharedArrays
  [6462fe0b] + Sockets
  [2f01184e] + SparseArrays
  [10745b16] + Statistics
  [8dfed614] + Test
  [cf7118a7] + UUIDs
  [4ec0a83e] + Unicode
Starting tests at 2020-10-25T21:56:55.95
    Testing EmbeddedGraphs
Status `/tmp/jl_jNNAUX/Project.toml`
  [b4f34e82] Distances v0.9.2
  [9c1af47c] EmbeddedGraphs v0.1.0
  [a2cc645c] GraphPlot v0.4.3
  [093fc24a] LightGraphs v1.3.3
  [295af30f] Revise v2.7.6
  [9a3f8284] Random
  [2f01184e] SparseArrays
  [8dfed614] Test
Status `/tmp/jl_jNNAUX/Manifest.toml`
  [ec485272] ArnoldiMethod v0.0.4
  [da1fd8a2] CodeTracking v0.5.12
  [3da002f7] ColorTypes v0.10.9
  [5ae59095] Colors v0.12.4
  [a81c6b42] Compose v0.8.2
  [864edb3b] DataStructures v0.17.20
  [b4f34e82] Distances v0.9.2
  [9c1af47c] EmbeddedGraphs v0.1.0
  [53c48c17] FixedPointNumbers v0.8.4
  [a2cc645c] GraphPlot v0.4.3
  [d25df0c9] Inflate v0.1.2
  [c8e1da08] IterTools v1.3.0
  [682c06a0] JSON v0.21.1
  [aa1ae85d] JuliaInterpreter v0.7.26
  [093fc24a] LightGraphs v1.3.3
  [6f1432cf] LoweredCodeUtils v0.4.9
  [1914dd2f] MacroTools v0.5.6
  [442fdcdd] Measures v0.3.1
  [bac558e1] OrderedCollections v1.3.1
  [69de0a69] Parsers v1.0.11
  [189a3867] Reexport v0.2.0
  [ae029012] Requires v1.1.0
  [295af30f] Revise v2.7.6
  [699a6c99] SimpleTraits v0.9.3
  [90137ffa] StaticArrays v0.12.4
  [2a0f44e3] Base64
  [ade2ca70] Dates
  [8bb1440f] DelimitedFiles
  [8ba89e20] Distributed
  [7b1f6079] FileWatching
  [b77e0a4c] InteractiveUtils
  [76f85450] LibGit2
  [8f399da3] Libdl
  [37e2e46d] LinearAlgebra
  [56ddb016] Logging
  [d6f4376e] Markdown
  [a63ad114] Mmap
  [44cfe95a] Pkg
  [de0858da] Printf
  [3fa0cd96] REPL
  [9a3f8284] Random
  [ea8e919c] SHA
  [9e88b42a] Serialization
  [1a1011a3] SharedArrays
  [6462fe0b] Sockets
  [2f01184e] SparseArrays
  [10745b16] Statistics
  [8dfed614] Test
  [cf7118a7] UUIDs
  [4ec0a83e] Unicode
Test Summary:           | Pass  Total
testing the constructor |    8      8
Test Summary:             | Pass  Total
testing method extensions |   11     11
Test Summary:            | Pass  Total
testing weights function |    4      4
Test Summary:                        | Pass  Total
testing additional method extensions |    2      2
Test Summary:                            | Pass  Total
testing the removal/addition of vertices |    2      2
Test Summary:                          | Pass  Total
testing the correct location functions |    2      2
Test Summary:           | Pass  Total
testing characteristics |    1      1
Test Summary:                  | Pass  Total
testing random_geometric_graph |    8      8
    Testing EmbeddedGraphs tests passed 
Finished at 2020-10-25T21:58:58.65
