Julia Version 1.3.0
Commit 46ce4d7933 (2019-11-26 06:09 UTC)
Platform Info:
  OS: Linux (x86_64-pc-linux-gnu)
  CPU: Intel(R) Xeon(R) Silver 4114 CPU @ 2.20GHz
  WORD_SIZE: 64
  LIBM: libopenlibm
  LLVM: libLLVM-6.0.1 (ORCJIT, skylake)

   Cloning default registries into `~/.julia`
   Cloning registry from "https://github.com/JuliaRegistries/General.git"
[?25l    Fetching: [>                                        ]  0.0 %    Fetching: [=========>                               ]  22.3 %    Fetching: [=========================>               ]  61.7 %[2K[?25h     Added registry `General` to `~/.julia/registries/General`
 Resolving package versions...
 Installed Ratios ────────────────────── v0.3.1
 Installed SortingAlgorithms ─────────── v0.3.1
 Installed AxisAlgorithms ────────────── v1.0.0
 Installed DiffResults ───────────────── v0.0.4
 Installed Arpack ────────────────────── v0.4.0
 Installed DataStructures ────────────── v0.17.6
 Installed StaticArrays ──────────────── v0.12.1
 Installed QuadGK ────────────────────── v2.2.0
 Installed BridgeSDEInference ────────── v0.2.0
 Installed BinaryProvider ────────────── v0.5.8
 Installed Compat ────────────────────── v2.2.0
 Installed Suppressor ────────────────── v0.1.1
 Installed CategoricalArrays ─────────── v0.7.4
 Installed StatsFuns ─────────────────── v0.9.2
 Installed Trajectories ──────────────── v0.1.0
 Installed Missings ──────────────────── v0.4.3
 Installed InvertedIndices ───────────── v1.0.0
 Installed Parsers ───────────────────── v0.3.10
 Installed Rmath ─────────────────────── v0.6.0
 Installed TableTraits ───────────────── v1.0.0
 Installed Distributions ─────────────── v0.21.11
 Installed Parameters ────────────────── v0.12.0
 Installed FixedPointNumbers ─────────── v0.6.1
 Installed OrderedCollections ────────── v1.1.0
 Installed SpecialFunctions ──────────── v0.9.0
 Installed OpenBLAS_jll ──────────────── v0.3.7+1
 Installed Arpack_jll ────────────────── v3.5.0+2
 Installed JSON ──────────────────────── v0.21.0
 Installed CommonSubexpressions ──────── v0.2.0
 Installed Bridge ────────────────────── v0.10.0
 Installed RecipesBase ───────────────── v0.7.0
 Installed DataAPI ───────────────────── v1.1.0
 Installed ColorTypes ────────────────── v0.8.0
 Installed Tables ────────────────────── v0.2.11
 Installed Interpolations ────────────── v0.12.5
 Installed Polynomials ───────────────── v0.6.0
 Installed NaNMath ───────────────────── v0.3.3
 Installed DataValueInterfaces ───────── v1.0.0
 Installed ForwardDiff ───────────────── v0.10.7
 Installed OpenSpecFun_jll ───────────── v0.5.3+1
 Installed DiffRules ─────────────────── v0.1.0
 Installed GaussianDistributions ─────── v0.3.3
 Installed PooledArrays ──────────────── v0.5.2
 Installed IteratorInterfaceExtensions ─ v1.0.0
 Installed Colors ────────────────────── v0.9.6
 Installed DataFrames ────────────────── v0.19.4
 Installed OffsetArrays ──────────────── v0.11.2
 Installed FillArrays ────────────────── v0.8.2
 Installed PDMats ────────────────────── v0.9.10
 Installed Reexport ──────────────────── v0.2.0
 Installed StatsBase ─────────────────── v0.32.0
 Installed WoodburyMatrices ──────────── v0.4.1
  Updating `~/.julia/environments/v1.3/Project.toml`
  [46d747a0] + BridgeSDEInference v0.2.0
  Updating `~/.julia/environments/v1.3/Manifest.toml`
  [7d9fca2a] + Arpack v0.4.0
  [68821587] + Arpack_jll v3.5.0+2
  [13072b0f] + AxisAlgorithms v1.0.0
  [b99e7846] + BinaryProvider v0.5.8
  [2d3116d5] + Bridge v0.10.0
  [46d747a0] + BridgeSDEInference v0.2.0
  [324d7699] + CategoricalArrays v0.7.4
  [3da002f7] + ColorTypes v0.8.0
  [5ae59095] + Colors v0.9.6
  [bbf7d656] + CommonSubexpressions v0.2.0
  [34da2185] + Compat v2.2.0
  [9a962f9c] + DataAPI v1.1.0
  [a93c6f00] + DataFrames v0.19.4
  [864edb3b] + DataStructures v0.17.6
  [e2d170a0] + DataValueInterfaces v1.0.0
  [163ba53b] + DiffResults v0.0.4
  [b552c78f] + DiffRules v0.1.0
  [31c24e10] + Distributions v0.21.11
  [1a297f60] + FillArrays v0.8.2
  [53c48c17] + FixedPointNumbers v0.6.1
  [f6369f11] + ForwardDiff v0.10.7
  [43dcc890] + GaussianDistributions v0.3.3
  [a98d9a8b] + Interpolations v0.12.5
  [41ab1584] + InvertedIndices v1.0.0
  [82899510] + IteratorInterfaceExtensions v1.0.0
  [682c06a0] + JSON v0.21.0
  [e1d29d7a] + Missings v0.4.3
  [77ba4419] + NaNMath v0.3.3
  [6fe1bfb0] + OffsetArrays v0.11.2
  [4536629a] + OpenBLAS_jll v0.3.7+1
  [efe28fd5] + OpenSpecFun_jll v0.5.3+1
  [bac558e1] + OrderedCollections v1.1.0
  [90014a1f] + PDMats v0.9.10
  [d96e819e] + Parameters v0.12.0
  [69de0a69] + Parsers v0.3.10
  [f27b6e38] + Polynomials v0.6.0
  [2dfb63ee] + PooledArrays v0.5.2
  [1fd47b50] + QuadGK v2.2.0
  [c84ed2f1] + Ratios v0.3.1
  [3cdcf5f2] + RecipesBase v0.7.0
  [189a3867] + Reexport v0.2.0
  [79098fc4] + Rmath v0.6.0
  [a2af1166] + SortingAlgorithms v0.3.1
  [276daf66] + SpecialFunctions v0.9.0
  [90137ffa] + StaticArrays v0.12.1
  [2913bbd2] + StatsBase v0.32.0
  [4c63d2b9] + StatsFuns v0.9.2
  [fd094767] + Suppressor v0.1.1
  [3783bdb8] + TableTraits v1.0.0
  [bd369af6] + Tables v0.2.11
  [2c80a279] + Trajectories v0.1.0
  [efce3f68] + WoodburyMatrices v0.4.1
  [2a0f44e3] + Base64 
  [ade2ca70] + Dates 
  [8bb1440f] + DelimitedFiles 
  [8ba89e20] + Distributed 
  [9fa8497b] + Future 
  [b77e0a4c] + InteractiveUtils 
  [76f85450] + LibGit2 
  [8f399da3] + Libdl 
  [37e2e46d] + LinearAlgebra 
  [56ddb016] + Logging 
  [d6f4376e] + Markdown 
  [a63ad114] + Mmap 
  [44cfe95a] + Pkg 
  [de0858da] + Printf 
  [3fa0cd96] + REPL 
  [9a3f8284] + Random 
  [ea8e919c] + SHA 
  [9e88b42a] + Serialization 
  [1a1011a3] + SharedArrays 
  [6462fe0b] + Sockets 
  [2f01184e] + SparseArrays 
  [10745b16] + Statistics 
  [4607b0f0] + SuiteSparse 
  [8dfed614] + Test 
  [cf7118a7] + UUIDs 
  [4ec0a83e] + Unicode 
  Building Rmath → `~/.julia/packages/Rmath/BoBag/deps/build.log`
   Testing BridgeSDEInference
 Resolving package versions...
    Status `/tmp/jl_q5MKAw/Manifest.toml`
  [7d9fca2a] Arpack v0.4.0
  [68821587] Arpack_jll v3.5.0+2
  [13072b0f] AxisAlgorithms v1.0.0
  [b99e7846] BinaryProvider v0.5.8
  [2d3116d5] Bridge v0.10.0
  [46d747a0] BridgeSDEInference v0.2.0
  [324d7699] CategoricalArrays v0.7.4
  [3da002f7] ColorTypes v0.8.0
  [5ae59095] Colors v0.9.6
  [bbf7d656] CommonSubexpressions v0.2.0
  [34da2185] Compat v2.2.0
  [9a962f9c] DataAPI v1.1.0
  [a93c6f00] DataFrames v0.19.4
  [864edb3b] DataStructures v0.17.6
  [e2d170a0] DataValueInterfaces v1.0.0
  [163ba53b] DiffResults v0.0.4
  [b552c78f] DiffRules v0.1.0
  [31c24e10] Distributions v0.21.11
  [1a297f60] FillArrays v0.8.2
  [53c48c17] FixedPointNumbers v0.6.1
  [f6369f11] ForwardDiff v0.10.7
  [43dcc890] GaussianDistributions v0.3.3
  [a98d9a8b] Interpolations v0.12.5
  [41ab1584] InvertedIndices v1.0.0
  [82899510] IteratorInterfaceExtensions v1.0.0
  [682c06a0] JSON v0.21.0
  [e1d29d7a] Missings v0.4.3
  [77ba4419] NaNMath v0.3.3
  [6fe1bfb0] OffsetArrays v0.11.2
  [4536629a] OpenBLAS_jll v0.3.7+1
  [efe28fd5] OpenSpecFun_jll v0.5.3+1
  [bac558e1] OrderedCollections v1.1.0
  [90014a1f] PDMats v0.9.10
  [d96e819e] Parameters v0.12.0
  [69de0a69] Parsers v0.3.10
  [f27b6e38] Polynomials v0.6.0
  [2dfb63ee] PooledArrays v0.5.2
  [1fd47b50] QuadGK v2.2.0
  [c84ed2f1] Ratios v0.3.1
  [3cdcf5f2] RecipesBase v0.7.0
  [189a3867] Reexport v0.2.0
  [79098fc4] Rmath v0.6.0
  [a2af1166] SortingAlgorithms v0.3.1
  [276daf66] SpecialFunctions v0.9.0
  [90137ffa] StaticArrays v0.12.1
  [2913bbd2] StatsBase v0.32.0
  [4c63d2b9] StatsFuns v0.9.2
  [fd094767] Suppressor v0.1.1
  [3783bdb8] TableTraits v1.0.0
  [bd369af6] Tables v0.2.11
  [2c80a279] Trajectories v0.1.0
  [efce3f68] WoodburyMatrices v0.4.1
  [2a0f44e3] Base64  [`@stdlib/Base64`]
  [ade2ca70] Dates  [`@stdlib/Dates`]
  [8bb1440f] DelimitedFiles  [`@stdlib/DelimitedFiles`]
  [8ba89e20] Distributed  [`@stdlib/Distributed`]
  [9fa8497b] Future  [`@stdlib/Future`]
  [b77e0a4c] InteractiveUtils  [`@stdlib/InteractiveUtils`]
  [76f85450] LibGit2  [`@stdlib/LibGit2`]
  [8f399da3] Libdl  [`@stdlib/Libdl`]
  [37e2e46d] LinearAlgebra  [`@stdlib/LinearAlgebra`]
  [56ddb016] Logging  [`@stdlib/Logging`]
  [d6f4376e] Markdown  [`@stdlib/Markdown`]
  [a63ad114] Mmap  [`@stdlib/Mmap`]
  [44cfe95a] Pkg  [`@stdlib/Pkg`]
  [de0858da] Printf  [`@stdlib/Printf`]
  [3fa0cd96] REPL  [`@stdlib/REPL`]
  [9a3f8284] Random  [`@stdlib/Random`]
  [ea8e919c] SHA  [`@stdlib/SHA`]
  [9e88b42a] Serialization  [`@stdlib/Serialization`]
  [1a1011a3] SharedArrays  [`@stdlib/SharedArrays`]
  [6462fe0b] Sockets  [`@stdlib/Sockets`]
  [2f01184e] SparseArrays  [`@stdlib/SparseArrays`]
  [10745b16] Statistics  [`@stdlib/Statistics`]
  [4607b0f0] SuiteSparse  [`@stdlib/SuiteSparse`]
  [8dfed614] Test  [`@stdlib/Test`]
  [cf7118a7] UUIDs  [`@stdlib/UUIDs`]
  [4ec0a83e] Unicode  [`@stdlib/Unicode`]
WARNING: Method definition check_domain_adherence(Bridge.ContinuousTimeProcess{T} where T, Bridge.SamplePath{T} where T) in module BridgeSDEInference at /home/pkgeval/.julia/packages/BridgeSDEInference/tRsJZ/src/stochastic_process/bounded_diffusion_domain.jl:124 overwritten at /home/pkgeval/.julia/packages/BridgeSDEInference/tRsJZ/src/stochastic_process/bounded_diffusion_domain.jl:135.
  ** incremental compilation may be fatally broken for this module **

WARNING: Method definition update(BridgeSDEInference.Rk4, Any, Any, Any, Any, Any, Any, Any, Any) in module BridgeSDEInference at /home/pkgeval/.julia/packages/BridgeSDEInference/tRsJZ/src/solvers/rk4.jl:16 overwritten at /home/pkgeval/.julia/packages/BridgeSDEInference/tRsJZ/src/solvers/rk4.jl:59.
  ** incremental compilation may be fatally broken for this module **

WARNING: Method definition update(BridgeSDEInference.Rk4, Any, Any, Any, Any, Any, Any, Any) in module BridgeSDEInference at /home/pkgeval/.julia/packages/BridgeSDEInference/tRsJZ/src/solvers/rk4.jl:59 overwritten at /home/pkgeval/.julia/packages/BridgeSDEInference/tRsJZ/src/solvers/rk4.jl:96.
  ** incremental compilation may be fatally broken for this module **

WARNING: Method definition update(BridgeSDEInference.Ralston3, Any, Any, Any, Any, Any, Any, Any, Any) in module BridgeSDEInference at /home/pkgeval/.julia/packages/BridgeSDEInference/tRsJZ/src/solvers/ralston3.jl:15 overwritten at /home/pkgeval/.julia/packages/BridgeSDEInference/tRsJZ/src/solvers/ralston3.jl:49.
  ** incremental compilation may be fatally broken for this module **

WARNING: Method definition update(BridgeSDEInference.Ralston3, Any, Any, Any, Any, Any, Any, Any) in module BridgeSDEInference at /home/pkgeval/.julia/packages/BridgeSDEInference/tRsJZ/src/solvers/ralston3.jl:49 overwritten at /home/pkgeval/.julia/packages/BridgeSDEInference/tRsJZ/src/solvers/ralston3.jl:78.
  ** incremental compilation may be fatally broken for this module **

WARNING: Method definition forcedSolve!(Bridge.EulerMaruyama, Any, T, Bridge.SamplePath{S}, Union{Tuple{Function, Function}, Bridge.ContinuousTimeProcess{T} where T}) where {S, T} in module BridgeSDEInference at /home/pkgeval/.julia/packages/BridgeSDEInference/tRsJZ/src/solvers/euler_maruyama_dom_restr.jl:15 overwritten at /home/pkgeval/.julia/packages/BridgeSDEInference/tRsJZ/src/solvers/euler_maruyama_dom_restr.jl:31.
  ** incremental compilation may be fatally broken for this module **

WARNING: Method definition observables(BridgeSDEInference.LorenzAux{O, R, S1, S2} where S2 where S1 where R) where {O} in module BridgeSDEInference at /home/pkgeval/.julia/packages/BridgeSDEInference/tRsJZ/src/examples/lorenz_system.jl:54 overwritten at /home/pkgeval/.julia/packages/BridgeSDEInference/tRsJZ/src/examples/lorenz_system.jl:90.
  ** incremental compilation may be fatally broken for this module **

WARNING: Method definition g(Any) in module BridgeSDEInference at /home/pkgeval/.julia/packages/BridgeSDEInference/tRsJZ/src/mcmc/setup.jl:424 overwritten at /home/pkgeval/.julia/packages/BridgeSDEInference/tRsJZ/src/mcmc/setup.jl:425.
  ** incremental compilation may be fatally broken for this module **

WARNING: Method definition sample_segments!(Any, BridgeSDEInference.Workspace{OS, B, ST, S, TX, TW, R, TP, TZ} where TZ where TP where R where TW where TX where S where ST where B, Any, Any) where {OS} in module BridgeSDEInference at /home/pkgeval/.julia/packages/BridgeSDEInference/tRsJZ/src/mcmc/mcmc.jl:137 overwritten at /home/pkgeval/.julia/packages/BridgeSDEInference/tRsJZ/src/mcmc/mcmc.jl:144.
  ** incremental compilation may be fatally broken for this module **

Test Summary:                    | Pass  Total
change point between ODE solvers |   60     60
Test Summary:   | Pass  Total
blocking object |   12     12
┌ Warning: `a::StaticArray + b::Number` is deprecated, use `a .+ b` instead.
│   caller = + at operators.jl:529 [inlined]
└ @ Core ./operators.jl:529
┌ Warning: `a::StaticArray + b::Number` is deprecated, use `a .+ b` instead.
│   caller = + at operators.jl:529 [inlined]
└ @ Core ./operators.jl:529
