Running tests with Julia v1.3.0
   Cloning default registries into `~/.julia`
   Cloning registry from "https://github.com/JuliaRegistries/General.git"
[?25l    Fetching: [>                                        ]  0.0 %    Fetching: [=============>                           ]  31.1 %    Fetching: [===============================>         ]  76.1 %[2K[?25h     Added registry `General` to `~/.julia/registries/General`
 Resolving package versions...
 Installed URIParser ──────────── v0.4.0
 Installed DiffResults ────────── v0.0.4
 Installed OMEinsum ───────────── v0.3.0
 Installed NNlib ──────────────── v0.6.0
 Installed FFTW ───────────────── v1.1.0
 Installed DataStructures ─────── v0.17.6
 Installed StaticArrays ───────── v0.12.1
 Installed BinaryProvider ─────── v0.5.8
 Installed Compat ─────────────── v2.2.0
 Installed Combinatorics ──────── v1.0.0
 Installed Parsers ────────────── v0.3.10
 Installed ProgressMeter ──────── v1.2.0
 Installed TupleTools ─────────── v1.2.0
 Installed OrderedCollections ─── v1.1.0
 Installed MacroTools ─────────── v0.5.3
 Installed Strided ────────────── v0.3.3
 Installed TimerOutputs ───────── v0.5.3
 Installed RecipesBase ────────── v0.7.0
 Installed CommonSubexpressions ─ v0.2.0
 Installed SpecialFunctions ───── v0.8.0
 Installed TensorOperations ───── v2.0.0
 Installed BinDeps ────────────── v1.0.0
 Installed JSON ───────────────── v0.21.0
 Installed Polynomials ────────── v0.6.0
 Installed NaNMath ────────────── v0.3.3
 Installed ForwardDiff ────────── v0.10.7
 Installed Conda ──────────────── v1.3.0
 Installed PkgBenchmark ───────── v0.2.6
 Installed IRTools ────────────── v0.3.0
 Installed LRUCache ───────────── v1.0.3
 Installed DiffRules ──────────── v0.1.0
 Installed Requires ───────────── v0.5.2
 Installed VersionParsing ─────── v1.1.3
 Installed BenchmarkTools ─────── v0.4.3
 Installed ZygoteRules ────────── v0.2.0
 Installed FillArrays ─────────── v0.8.2
 Installed AbstractFFTs ───────── v0.5.0
 Installed Zygote ─────────────── v0.4.1
 Installed Reexport ───────────── v0.2.0
  Updating `~/.julia/environments/v1.3/Project.toml`
  [ebe7aa44] + OMEinsum v0.3.0
  Updating `~/.julia/environments/v1.3/Manifest.toml`
  [621f4979] + AbstractFFTs v0.5.0
  [6e4b80f9] + BenchmarkTools v0.4.3
  [9e28174c] + BinDeps v1.0.0
  [b99e7846] + BinaryProvider v0.5.8
  [861a8166] + Combinatorics v1.0.0
  [bbf7d656] + CommonSubexpressions v0.2.0
  [34da2185] + Compat v2.2.0
  [8f4d0f93] + Conda v1.3.0
  [864edb3b] + DataStructures v0.17.6
  [163ba53b] + DiffResults v0.0.4
  [b552c78f] + DiffRules v0.1.0
  [7a1cc6ca] + FFTW v1.1.0
  [1a297f60] + FillArrays v0.8.2
  [f6369f11] + ForwardDiff v0.10.7
  [7869d1d1] + IRTools v0.3.0
  [682c06a0] + JSON v0.21.0
  [8ac3fa9e] + LRUCache v1.0.3
  [1914dd2f] + MacroTools v0.5.3
  [872c559c] + NNlib v0.6.0
  [77ba4419] + NaNMath v0.3.3
  [ebe7aa44] + OMEinsum v0.3.0
  [bac558e1] + OrderedCollections v1.1.0
  [69de0a69] + Parsers v0.3.10
  [32113eaa] + PkgBenchmark v0.2.6
  [f27b6e38] + Polynomials v0.6.0
  [92933f4c] + ProgressMeter v1.2.0
  [3cdcf5f2] + RecipesBase v0.7.0
  [189a3867] + Reexport v0.2.0
  [ae029012] + Requires v0.5.2
  [276daf66] + SpecialFunctions v0.8.0
  [90137ffa] + StaticArrays v0.12.1
  [5e0ebb24] + Strided v0.3.3
  [6aa20fa7] + TensorOperations v2.0.0
  [a759f4b9] + TimerOutputs v0.5.3
  [9d95972d] + TupleTools v1.2.0
  [30578b45] + URIParser v0.4.0
  [81def892] + VersionParsing v1.1.3
  [e88e6eb3] + Zygote v0.4.1
  [700de1a5] + ZygoteRules v0.2.0
  [2a0f44e3] + Base64 
  [ade2ca70] + Dates 
  [8bb1440f] + DelimitedFiles 
  [8ba89e20] + Distributed 
  [b77e0a4c] + InteractiveUtils 
  [76f85450] + LibGit2 
  [8f399da3] + Libdl 
  [37e2e46d] + LinearAlgebra 
  [56ddb016] + Logging 
  [d6f4376e] + Markdown 
  [a63ad114] + Mmap 
  [44cfe95a] + Pkg 
  [de0858da] + Printf 
  [3fa0cd96] + REPL 
  [9a3f8284] + Random 
  [ea8e919c] + SHA 
  [9e88b42a] + Serialization 
  [1a1011a3] + SharedArrays 
  [6462fe0b] + Sockets 
  [2f01184e] + SparseArrays 
  [10745b16] + Statistics 
  [8dfed614] + Test 
  [cf7118a7] + UUIDs 
  [4ec0a83e] + Unicode 
  Building Conda ───────────→ `~/.julia/packages/Conda/kLXeC/deps/build.log`
  Building FFTW ────────────→ `~/.julia/packages/FFTW/loJ3F/deps/build.log`
  Building SpecialFunctions → `~/.julia/packages/SpecialFunctions/ne2iw/deps/build.log`
  Building PkgBenchmark ────→ `~/.julia/packages/PkgBenchmark/fIDIa/deps/build.log`
   Testing OMEinsum
 Resolving package versions...
 Installed SymEngine ─ v0.7.0
  Building SymEngine → `~/.julia/packages/SymEngine/zSUGO/deps/build.log`
    Status `/tmp/jl_4SW6se/Manifest.toml`
  [621f4979] AbstractFFTs v0.5.0
  [6e4b80f9] BenchmarkTools v0.4.3
  [9e28174c] BinDeps v1.0.0
  [b99e7846] BinaryProvider v0.5.8
  [861a8166] Combinatorics v1.0.0
  [bbf7d656] CommonSubexpressions v0.2.0
  [34da2185] Compat v2.2.0
  [8f4d0f93] Conda v1.3.0
  [864edb3b] DataStructures v0.17.6
  [163ba53b] DiffResults v0.0.4
  [b552c78f] DiffRules v0.1.0
  [7a1cc6ca] FFTW v1.1.0
  [1a297f60] FillArrays v0.8.2
  [f6369f11] ForwardDiff v0.10.7
  [7869d1d1] IRTools v0.3.0
  [682c06a0] JSON v0.21.0
  [8ac3fa9e] LRUCache v1.0.3
  [1914dd2f] MacroTools v0.5.3
  [872c559c] NNlib v0.6.0
  [77ba4419] NaNMath v0.3.3
  [ebe7aa44] OMEinsum v0.3.0
  [bac558e1] OrderedCollections v1.1.0
  [69de0a69] Parsers v0.3.10
  [32113eaa] PkgBenchmark v0.2.6
  [f27b6e38] Polynomials v0.6.0
  [92933f4c] ProgressMeter v1.2.0
  [3cdcf5f2] RecipesBase v0.7.0
  [189a3867] Reexport v0.2.0
  [ae029012] Requires v0.5.2
  [276daf66] SpecialFunctions v0.8.0
  [90137ffa] StaticArrays v0.12.1
  [5e0ebb24] Strided v0.3.3
  [123dc426] SymEngine v0.7.0
  [6aa20fa7] TensorOperations v2.0.0
  [a759f4b9] TimerOutputs v0.5.3
  [9d95972d] TupleTools v1.2.0
  [30578b45] URIParser v0.4.0
  [81def892] VersionParsing v1.1.3
  [e88e6eb3] Zygote v0.4.1
  [700de1a5] ZygoteRules v0.2.0
  [2a0f44e3] Base64  [`@stdlib/Base64`]
  [ade2ca70] Dates  [`@stdlib/Dates`]
  [8bb1440f] DelimitedFiles  [`@stdlib/DelimitedFiles`]
  [8ba89e20] Distributed  [`@stdlib/Distributed`]
  [b77e0a4c] InteractiveUtils  [`@stdlib/InteractiveUtils`]
  [76f85450] LibGit2  [`@stdlib/LibGit2`]
  [8f399da3] Libdl  [`@stdlib/Libdl`]
  [37e2e46d] LinearAlgebra  [`@stdlib/LinearAlgebra`]
  [56ddb016] Logging  [`@stdlib/Logging`]
  [d6f4376e] Markdown  [`@stdlib/Markdown`]
  [a63ad114] Mmap  [`@stdlib/Mmap`]
  [44cfe95a] Pkg  [`@stdlib/Pkg`]
  [de0858da] Printf  [`@stdlib/Printf`]
  [3fa0cd96] REPL  [`@stdlib/REPL`]
  [9a3f8284] Random  [`@stdlib/Random`]
  [ea8e919c] SHA  [`@stdlib/SHA`]
  [9e88b42a] Serialization  [`@stdlib/Serialization`]
  [1a1011a3] SharedArrays  [`@stdlib/SharedArrays`]
  [6462fe0b] Sockets  [`@stdlib/Sockets`]
  [2f01184e] SparseArrays  [`@stdlib/SparseArrays`]
  [10745b16] Statistics  [`@stdlib/Statistics`]
  [8dfed614] Test  [`@stdlib/Test`]
  [cf7118a7] UUIDs  [`@stdlib/UUIDs`]
  [4ec0a83e] Unicode  [`@stdlib/Unicode`]
Test Summary: | Pass  Total
OMEinsum.jl   |  184    184
   Testing OMEinsum tests passed 
