Running tests with Julia v1.3.0
   Cloning default registries into `~/.julia`
   Cloning registry from "https://github.com/JuliaRegistries/General.git"
[?25l    Fetching: [>                                        ]  0.0 %    Fetching: [=============>                           ]  30.8 %    Fetching: [============================>            ]  68.6 %[2K[?25h     Added registry `General` to `~/.julia/registries/General`
 Resolving package versions...
 Installed Requires ───── v0.5.2
 Installed TimerOutputs ─ v0.5.3
 Installed NNlib ──────── v0.6.0
  Updating `~/.julia/environments/v1.3/Project.toml`
  [872c559c] + NNlib v0.6.0
  Updating `~/.julia/environments/v1.3/Manifest.toml`
  [872c559c] + NNlib v0.6.0
  [ae029012] + Requires v0.5.2
  [a759f4b9] + TimerOutputs v0.5.3
  [2a0f44e3] + Base64 
  [8ba89e20] + Distributed 
  [b77e0a4c] + InteractiveUtils 
  [8f399da3] + Libdl 
  [37e2e46d] + LinearAlgebra 
  [56ddb016] + Logging 
  [d6f4376e] + Markdown 
  [de0858da] + Printf 
  [9a3f8284] + Random 
  [9e88b42a] + Serialization 
  [6462fe0b] + Sockets 
  [2f01184e] + SparseArrays 
  [10745b16] + Statistics 
  [8dfed614] + Test 
  [4ec0a83e] + Unicode 
   Testing NNlib
 Resolving package versions...
    Status `/tmp/jl_ivcwSr/Manifest.toml`
  [872c559c] NNlib v0.6.0
  [ae029012] Requires v0.5.2
  [a759f4b9] TimerOutputs v0.5.3
  [2a0f44e3] Base64  [`@stdlib/Base64`]
  [8ba89e20] Distributed  [`@stdlib/Distributed`]
  [b77e0a4c] InteractiveUtils  [`@stdlib/InteractiveUtils`]
  [8f399da3] Libdl  [`@stdlib/Libdl`]
  [37e2e46d] LinearAlgebra  [`@stdlib/LinearAlgebra`]
  [56ddb016] Logging  [`@stdlib/Logging`]
  [d6f4376e] Markdown  [`@stdlib/Markdown`]
  [de0858da] Printf  [`@stdlib/Printf`]
  [9a3f8284] Random  [`@stdlib/Random`]
  [9e88b42a] Serialization  [`@stdlib/Serialization`]
  [6462fe0b] Sockets  [`@stdlib/Sockets`]
  [2f01184e] SparseArrays  [`@stdlib/SparseArrays`]
  [10745b16] Statistics  [`@stdlib/Statistics`]
  [8dfed614] Test  [`@stdlib/Test`]
  [4ec0a83e] Unicode  [`@stdlib/Unicode`]
Test Summary:        | Pass  Total
Activation Functions |  255    255
Test Summary: | Pass  Total
ConvDims      |   57     57
[ Info: Skipping Convolutional fuzzing tests, set NNLIB_TEST_FUZZING=true to run them
∇depthwiseconv_filter_direct/∇depthwiseconv_data_direct: Test Failed at /home/pkgeval/.julia/packages/NNlib/mxWRT/test/conv.jl:540
  Expression: ddims(∇conv_filter(x, dy, cdims)) == dw_pad
   Evaluated: [NaN, 150.0] == [135.0, 150.0]
Stacktrace:
 [1] top-level scope at /home/pkgeval/.julia/packages/NNlib/mxWRT/test/conv.jl:540
 [2] top-level scope at /buildworker/worker/package_linux64/build/usr/share/julia/stdlib/v1.3/Test/src/Test.jl:1107
 [3] top-level scope at /home/pkgeval/.julia/packages/NNlib/mxWRT/test/conv.jl:513
 [4] top-level scope at /buildworker/worker/package_linux64/build/usr/share/julia/stdlib/v1.3/Test/src/Test.jl:1107
 [5] top-level scope at /home/pkgeval/.julia/packages/NNlib/mxWRT/test/conv.jl:449
 [6] top-level scope at /buildworker/worker/package_linux64/build/usr/share/julia/stdlib/v1.3/Test/src/Test.jl:1107
 [7] top-level scope at /home/pkgeval/.julia/packages/NNlib/mxWRT/test/conv.jl:446
[ Info: Skipping Depthwise Convolutional fuzzing tests, set NNLIB_TEST_FUZZING=true to run them
   Testing NNlib tests passed 
