Julia Version 1.5.2-pre.0
Commit c4acbf93fb (2020-08-26 10:58 UTC)
Platform Info:
  OS: Linux (x86_64-pc-linux-gnu)
  CPU: Intel(R) Xeon(R) Silver 4114 CPU @ 2.20GHz
  WORD_SIZE: 64
  LIBM: libopenlibm
  LLVM: libLLVM-9.0.1 (ORCJIT, skylake-avx512)
Environment:
  JULIA_DEPOT_PATH = ::/usr/local/share/julia
  JULIA_NUM_THREADS = 2

  Resolving package versions...
  Installed SortingAlgorithms ──────────── v0.3.1
  Installed CompilerSupportLibraries_jll ─ v0.3.3+0
  Installed Discretizers ───────────────── v3.2.0
  Installed DataAPI ────────────────────── v1.3.0
  Installed SpecialFunctions ───────────── v0.10.3
  Installed OrderedCollections ─────────── v1.3.0
  Installed DataStructures ─────────────── v0.17.20
  Installed StatsBase ──────────────────── v0.33.0
  Installed Missings ───────────────────── v0.4.3
  Installed OpenSpecFun_jll ────────────── v0.5.3+3
Updating `~/.julia/environments/v1.5/Project.toml`
  [6e83dbb3] + Discretizers v3.2.0
Updating `~/.julia/environments/v1.5/Manifest.toml`
  [e66e0078] + CompilerSupportLibraries_jll v0.3.3+0
  [9a962f9c] + DataAPI v1.3.0
  [864edb3b] + DataStructures v0.17.20
  [6e83dbb3] + Discretizers v3.2.0
  [e1d29d7a] + Missings v0.4.3
  [efe28fd5] + OpenSpecFun_jll v0.5.3+3
  [bac558e1] + OrderedCollections v1.3.0
  [a2af1166] + SortingAlgorithms v0.3.1
  [276daf66] + SpecialFunctions v0.10.3
  [2913bbd2] + StatsBase v0.33.0
  [2a0f44e3] + Base64
  [ade2ca70] + Dates
  [8ba89e20] + Distributed
  [b77e0a4c] + InteractiveUtils
  [76f85450] + LibGit2
  [8f399da3] + Libdl
  [37e2e46d] + LinearAlgebra
  [56ddb016] + Logging
  [d6f4376e] + Markdown
  [44cfe95a] + Pkg
  [de0858da] + Printf
  [3fa0cd96] + REPL
  [9a3f8284] + Random
  [ea8e919c] + SHA
  [9e88b42a] + Serialization
  [6462fe0b] + Sockets
  [2f01184e] + SparseArrays
  [10745b16] + Statistics
  [8dfed614] + Test
  [cf7118a7] + UUIDs
  [4ec0a83e] + Unicode
    Testing Discretizers
Status `/tmp/jl_jYBU7n/Project.toml`
  [864edb3b] DataStructures v0.17.20
  [6e83dbb3] Discretizers v3.2.0
  [276daf66] SpecialFunctions v0.10.3
  [2913bbd2] StatsBase v0.33.0
  [10745b16] Statistics
  [8dfed614] Test
Status `/tmp/jl_jYBU7n/Manifest.toml`
  [e66e0078] CompilerSupportLibraries_jll v0.3.3+0
  [9a962f9c] DataAPI v1.3.0
  [864edb3b] DataStructures v0.17.20
  [6e83dbb3] Discretizers v3.2.0
  [e1d29d7a] Missings v0.4.3
  [efe28fd5] OpenSpecFun_jll v0.5.3+3
  [bac558e1] OrderedCollections v1.3.0
  [a2af1166] SortingAlgorithms v0.3.1
  [276daf66] SpecialFunctions v0.10.3
  [2913bbd2] StatsBase v0.33.0
  [2a0f44e3] Base64
  [ade2ca70] Dates
  [8ba89e20] Distributed
  [b77e0a4c] InteractiveUtils
  [76f85450] LibGit2
  [8f399da3] Libdl
  [37e2e46d] LinearAlgebra
  [56ddb016] Logging
  [d6f4376e] Markdown
  [44cfe95a] Pkg
  [de0858da] Printf
  [3fa0cd96] REPL
  [9a3f8284] Random
  [ea8e919c] SHA
  [9e88b42a] Serialization
  [6462fe0b] Sockets
  [2f01184e] SparseArrays
  [10745b16] Statistics
  [8dfed614] Test
  [cf7118a7] UUIDs
  [4ec0a83e] Unicode
    Testing Discretizers tests passed 
