Julia Version 1.5.1-pre.28
Commit 0d71d8cd8b (2020-08-14 20:35 UTC)
Platform Info:
  OS: Linux (x86_64-linux-gnu)
  CPU: Intel(R) Xeon(R) Silver 4114 CPU @ 2.20GHz
  WORD_SIZE: 64
  LIBM: libopenlibm
  LLVM: libLLVM-9.0.1 (ORCJIT, skylake-avx512)
Environment:
  JULIA_DEPOT_PATH = ::/usr/local/share/julia
  JULIA_NUM_THREADS = 2

  Resolving package versions...
  Installed SphericalHarmonics ────── v0.1.0
  Installed SphericalHarmonicModes ── v0.4.6
  Installed SphericalHarmonicArrays ─ v0.4.1
  Installed OffsetArrays ──────────── v1.1.2
Updating `~/.julia/environments/v1.5/Project.toml`
  [c489a379] + SphericalHarmonics v0.1.0
Updating `~/.julia/environments/v1.5/Manifest.toml`
  [6fe1bfb0] + OffsetArrays v1.1.2
  [9dd28c12] + SphericalHarmonicArrays v0.4.1
  [0e9554e2] + SphericalHarmonicModes v0.4.6
  [c489a379] + SphericalHarmonics v0.1.0
    Testing SphericalHarmonics
Status `/tmp/jl_hD9t6m/Project.toml`
  [9dd28c12] SphericalHarmonicArrays v0.4.1
  [0e9554e2] SphericalHarmonicModes v0.4.6
  [c489a379] SphericalHarmonics v0.1.0
  [8dfed614] Test
Status `/tmp/jl_hD9t6m/Manifest.toml`
  [6fe1bfb0] OffsetArrays v1.1.2
  [9dd28c12] SphericalHarmonicArrays v0.4.1
  [0e9554e2] SphericalHarmonicModes v0.4.6
  [c489a379] SphericalHarmonics v0.1.0
  [2a0f44e3] Base64
  [8ba89e20] Distributed
  [b77e0a4c] InteractiveUtils
  [56ddb016] Logging
  [d6f4376e] Markdown
  [9a3f8284] Random
  [9e88b42a] Serialization
  [6462fe0b] Sockets
  [8dfed614] Test
Skipping Base.active_repl
Skipping Base.active_repl_backend
Test Summary: | Pass  Total
allocate      |    5      5
Test Summary: | Pass  Total
indexing      |    2      2
Test Summary: |  Pass  Total
Ylm explicit  | 60007  60007
Test Summary: | Pass  Total
computePlm!   |    2      2
Test Summary:                      | Pass  Total
computePlmx and computePlmcostheta |    4      4
Test Summary:     | Pass  Total
computeYlm kwargs |    3      3
Test Summary: | Pass  Total
computeYlm!   |    4      4
Test Summary: | Pass  Total
Pole          |   31     31
Test Summary: | Pass  Total
accuracy      |  210    210
    Testing SphericalHarmonics tests passed 
