Julia Version 1.4.0-rc1.21
Commit 113211dee6 (2020-02-06 08:37 UTC)
Platform Info:
  OS: Linux (x86_64-linux-gnu)
  CPU: Intel(R) Xeon(R) Silver 4114 CPU @ 2.20GHz
  WORD_SIZE: 64
  LIBM: libopenlibm
  LLVM: libLLVM-8.0.1 (ORCJIT, skylake)
Environment:
  JULIA_DEPOT_PATH = ::/usr/local/share/julia
  JULIA_NUM_THREADS = 2

  Resolving package versions...
  Installed Requires ─ v0.5.2
  Installed RSCG ───── v0.1.1
   Updating `~/.julia/environments/v1.4/Project.toml`
  [4e41d8b6] + RSCG v0.1.1
   Updating `~/.julia/environments/v1.4/Manifest.toml`
  [4e41d8b6] + RSCG v0.1.1
  [ae029012] + Requires v0.5.2
  [2a0f44e3] + Base64 
  [8ba89e20] + Distributed 
  [b77e0a4c] + InteractiveUtils 
  [8f399da3] + Libdl 
  [37e2e46d] + LinearAlgebra 
  [56ddb016] + Logging 
  [d6f4376e] + Markdown 
  [9a3f8284] + Random 
  [9e88b42a] + Serialization 
  [6462fe0b] + Sockets 
  [2f01184e] + SparseArrays 
  [8dfed614] + Test 
    Testing RSCG
Status `/tmp/jl_yitc5D/Manifest.toml`
  [7a12625a] LinearMaps v2.6.1
  [4e41d8b6] RSCG v0.1.1
  [ae029012] Requires v0.5.2
  [2a0f44e3] Base64 
  [8ba89e20] Distributed 
  [b77e0a4c] InteractiveUtils 
  [8f399da3] Libdl 
  [37e2e46d] LinearAlgebra 
  [56ddb016] Logging 
  [d6f4376e] Markdown 
  [9a3f8284] Random 
  [9e88b42a] Serialization 
  [6462fe0b] Sockets 
  [2f01184e] SparseArrays 
  [8dfed614] Test 
┌ Warning: Package RSCG does not have LinearMaps in its dependencies:
│ - If you have RSCG checked out for development and have
│   added LinearMaps as a dependency but haven't updated your primary
│   environment's manifest file, try `Pkg.resolve()`.
│ - Otherwise you may need to report an issue with RSCG
└ Loading LinearMaps into RSCG from project dependency, future warnings for RSCG are suppressed.
n = 10
Residual 1.3985787785349405e-17
  0.906065 seconds (548.33 k allocations: 25.379 MiB, 5.36% gc time)
n = 100
Residual 1.3985787785349405e-17
  0.944577 seconds (9.01 k allocations: 1.355 MiB)
n = 1000
Residual 1.3985787785349405e-17
  5.277099 seconds (12.83 k allocations: 35.976 MiB, 0.96% gc time)
n = 10
Residual 3.469446951953614e-18
  0.001195 seconds (4.57 k allocations: 469.875 KiB)
n = 100
Residual 3.469446951953614e-18
  0.995167 seconds (13.96 k allocations: 1.912 MiB)
n = 1000
Residual 3.469446951953614e-18
  6.622194 seconds (14.59 k allocations: 34.713 MiB)
n = 10
Residual 5.58924464921772e-16
Residual 1.139331726283876e-15
Residual 5.30825383648903e-16
Residual 7.05040792186059e-16
  0.009032 seconds (6.83 k allocations: 1008.562 KiB)
n = 100
Residual 2.239983192258718e-8
Residual 1.205243108953271e-8
Residual 3.387620752288796e-14
Residual 9.766187134059484e-9
  1.472627 seconds (29.55 k allocations: 4.693 MiB)
n = 1000
Residual 1.6259090927724596e-65
Residual 7.481521808672922e-65
Residual 9.171736578255603e-14
Residual 1.2054552939401763e-65
  3.956346 seconds (31.92 k allocations: 37.760 MiB, 3.35% gc time)
Test Summary: | Pass  Total
SparseArrays  |   18     18
n = 10
Residual 2.8232559286154947e-15
Residual 1.2755140498515014e-15
Residual 3.26938646683766e-15
Residual 3.1664648464872183e-15
  0.031848 seconds (4.35 k allocations: 655.047 KiB)
n = 100
Residual 1.6386863131182998e-12
Residual 1.3861738035812402e-12
Residual 7.135908679144229e-11
Residual 1.3922505116057402e-12
  1.358244 seconds (20.29 k allocations: 3.322 MiB)
n = 1000
Residual 5.7370746894238955e-9
Residual 2.328712258485833e-8
Residual 4.013071952676797e-11
Residual 5.6077047181131813e-8
  4.707932 seconds (37.94 k allocations: 41.237 MiB, 3.69% gc time)
Test Summary: | Pass  Total
Linearmaps    |   12     12
    Testing RSCG tests passed 
