Julia Version 1.4.2-pre.14
Commit 3c50b7f663 (2020-05-15 08:12 UTC)
Platform Info:
  OS: Linux (x86_64-linux-gnu)
  CPU: Intel(R) Xeon(R) Silver 4114 CPU @ 2.20GHz
  WORD_SIZE: 64
  LIBM: libopenlibm
  LLVM: libLLVM-8.0.1 (ORCJIT, skylake)
Environment:
  JULIA_DEPOT_PATH = ::/usr/local/share/julia
  JULIA_NUM_THREADS = 2

  Resolving package versions...
  Installed MbedTLS_jll ─ v2.16.0+2
  Installed IniFile ───── v0.5.0
  Installed MbedTLS ───── v1.0.2
  Installed Parsers ───── v1.0.4
  Installed HTTP ──────── v0.8.14
  Installed JSON ──────── v0.21.0
  Installed Pluto ─────── v0.8.10
   Updating `~/.julia/environments/v1.4/Project.toml`
  [c3e4b0f8] + Pluto v0.8.10
   Updating `~/.julia/environments/v1.4/Manifest.toml`
  [cd3eb016] + HTTP v0.8.14
  [83e8ac13] + IniFile v0.5.0
  [682c06a0] + JSON v0.21.0
  [739be429] + MbedTLS v1.0.2
  [c8ffd9c3] + MbedTLS_jll v2.16.0+2
  [69de0a69] + Parsers v1.0.4
  [c3e4b0f8] + Pluto v0.8.10
  [2a0f44e3] + Base64 
  [ade2ca70] + Dates 
  [8ba89e20] + Distributed 
  [b77e0a4c] + InteractiveUtils 
  [76f85450] + LibGit2 
  [8f399da3] + Libdl 
  [56ddb016] + Logging 
  [d6f4376e] + Markdown 
  [a63ad114] + Mmap 
  [44cfe95a] + Pkg 
  [de0858da] + Printf 
  [3fa0cd96] + REPL 
  [9a3f8284] + Random 
  [ea8e919c] + SHA 
  [9e88b42a] + Serialization 
  [6462fe0b] + Sockets 
  [8dfed614] + Test 
  [cf7118a7] + UUIDs 
  [4ec0a83e] + Unicode 
    Testing Pluto
Status `/tmp/jl_HgnHFG/Manifest.toml`
  [cd3eb016] HTTP v0.8.14
  [83e8ac13] IniFile v0.5.0
  [682c06a0] JSON v0.21.0
  [739be429] MbedTLS v1.0.2
  [c8ffd9c3] MbedTLS_jll v2.16.0+2
  [69de0a69] Parsers v1.0.4
  [c3e4b0f8] Pluto v0.8.10
  [2a0f44e3] Base64 
  [ade2ca70] Dates 
  [8ba89e20] Distributed 
  [b77e0a4c] InteractiveUtils 
  [76f85450] LibGit2 
  [8f399da3] Libdl 
  [56ddb016] Logging 
  [d6f4376e] Markdown 
  [a63ad114] Mmap 
  [44cfe95a] Pkg 
  [de0858da] Printf 
  [3fa0cd96] REPL 
  [9a3f8284] Random 
  [ea8e919c] SHA 
  [9e88b42a] Serialization 
  [6462fe0b] Sockets 
  [8dfed614] Test 
  [cf7118a7] UUIDs 
  [4ec0a83e] Unicode 
┌ Info: 
│     Welcome to Pluto v0.8.10 🎈
│     Start a notebook server using:
│ 
│   julia> Pluto.run(1234)
│ 
│     Have a look at the FAQ:
│     https://github.com/fonsp/Pluto.jl/wiki
└ 
Test Summary:       | Pass  Total
Explore Expressions |  142    142
Extending imported functions: Test Failed at /home/pkgeval/.julia/packages/Pluto/vNRh3/test/React.jl:391
  Expression: (notebook.cells[16]).error_repr == nothing
   Evaluated: "{\"msg\":\"syntax: \\\"module\\\" expression not at top level\",\"stacktrace\":[]}" == nothing
Stacktrace:
 [1] macro expansion at /home/pkgeval/.julia/packages/Pluto/vNRh3/test/React.jl:391 [inlined]
 [2] macro expansion at /workspace/srcdir/usr/share/julia/stdlib/v1.4/Test/src/Test.jl:1113 [inlined]
 [3] macro expansion at /home/pkgeval/.julia/packages/Pluto/vNRh3/test/React.jl:377 [inlined]
 [4] macro expansion at /workspace/srcdir/usr/share/julia/stdlib/v1.4/Test/src/Test.jl:1113 [inlined]
 [5] top-level scope at /home/pkgeval/.julia/packages/Pluto/vNRh3/test/React.jl:9
Extending imported functions: Test Failed at /home/pkgeval/.julia/packages/Pluto/vNRh3/test/React.jl:398
  Expression: (notebook.cells[21]).error_repr == nothing
   Evaluated: "{\"msg\":\"syntax: \\\"module\\\" expression not at top level\",\"stacktrace\":[]}" == nothing
Stacktrace:
 [1] macro expansion at /home/pkgeval/.julia/packages/Pluto/vNRh3/test/React.jl:398 [inlined]
 [2] macro expansion at /workspace/srcdir/usr/share/julia/stdlib/v1.4/Test/src/Test.jl:1113 [inlined]
 [3] macro expansion at /home/pkgeval/.julia/packages/Pluto/vNRh3/test/React.jl:377 [inlined]
 [4] macro expansion at /workspace/srcdir/usr/share/julia/stdlib/v1.4/Test/src/Test.jl:1113 [inlined]
 [5] top-level scope at /home/pkgeval/.julia/packages/Pluto/vNRh3/test/React.jl:9
Extending imported functions: Test Failed at /home/pkgeval/.julia/packages/Pluto/vNRh3/test/React.jl:399
  Expression: (notebook.cells[22]).error_repr == nothing
   Evaluated: "{\"msg\":\"UndefVarError: Wow not defined\",\"stacktrace\":[{\"call\":\"top-level scope\",\"inlined\":false,\"file\":\"jl_CDKabf.jl#==#6eacb844-98f9-11ea-3600-0116c15b7691\",\"line\":2}]}" == nothing
Stacktrace:
 [1] macro expansion at /home/pkgeval/.julia/packages/Pluto/vNRh3/test/React.jl:399 [inlined]
 [2] macro expansion at /workspace/srcdir/usr/share/julia/stdlib/v1.4/Test/src/Test.jl:1113 [inlined]
 [3] macro expansion at /home/pkgeval/.julia/packages/Pluto/vNRh3/test/React.jl:377 [inlined]
 [4] macro expansion at /workspace/srcdir/usr/share/julia/stdlib/v1.4/Test/src/Test.jl:1113 [inlined]
 [5] top-level scope at /home/pkgeval/.julia/packages/Pluto/vNRh3/test/React.jl:9
Extending imported functions: Test Failed at /home/pkgeval/.julia/packages/Pluto/vNRh3/test/React.jl:400
  Expression: (notebook.cells[23]).error_repr == nothing
   Evaluated: "{\"msg\":\"MethodError: no method matching c(::String)\",\"stacktrace\":[{\"call\":\"top-level scope\",\"inlined\":false,\"file\":\"jl_CDKabf.jl#==#6eacb8e4-98f9-11ea-27c0-ab9a382690b1\",\"line\":1}]}" == nothing
Stacktrace:
 [1] macro expansion at /home/pkgeval/.julia/packages/Pluto/vNRh3/test/React.jl:400 [inlined]
 [2] macro expansion at /workspace/srcdir/usr/share/julia/stdlib/v1.4/Test/src/Test.jl:1113 [inlined]
 [3] macro expansion at /home/pkgeval/.julia/packages/Pluto/vNRh3/test/React.jl:377 [inlined]
 [4] macro expansion at /workspace/srcdir/usr/share/julia/stdlib/v1.4/Test/src/Test.jl:1113 [inlined]
 [5] top-level scope at /home/pkgeval/.julia/packages/Pluto/vNRh3/test/React.jl:9
Extending imported functions: Test Failed at /home/pkgeval/.julia/packages/Pluto/vNRh3/test/React.jl:401
  Expression: (notebook.cells[23]).output_repr == "\"🐟\""
   Evaluated: nothing == "\"🐟\""
Stacktrace:
 [1] macro expansion at /home/pkgeval/.julia/packages/Pluto/vNRh3/test/React.jl:401 [inlined]
 [2] macro expansion at /workspace/srcdir/usr/share/julia/stdlib/v1.4/Test/src/Test.jl:1113 [inlined]
 [3] macro expansion at /home/pkgeval/.julia/packages/Pluto/vNRh3/test/React.jl:377 [inlined]
 [4] macro expansion at /workspace/srcdir/usr/share/julia/stdlib/v1.4/Test/src/Test.jl:1113 [inlined]
 [5] top-level scope at /home/pkgeval/.julia/packages/Pluto/vNRh3/test/React.jl:9
Extending imported functions: Test Failed at /home/pkgeval/.julia/packages/Pluto/vNRh3/test/React.jl:402
  Expression: (notebook.cells[24]).output_repr == "24"
   Evaluated: nothing == "24"
Stacktrace:
 [1] macro expansion at /home/pkgeval/.julia/packages/Pluto/vNRh3/test/React.jl:402 [inlined]
 [2] macro expansion at /workspace/srcdir/usr/share/julia/stdlib/v1.4/Test/src/Test.jl:1113 [inlined]
 [3] macro expansion at /home/pkgeval/.julia/packages/Pluto/vNRh3/test/React.jl:377 [inlined]
 [4] macro expansion at /workspace/srcdir/usr/share/julia/stdlib/v1.4/Test/src/Test.jl:1113 [inlined]
 [5] top-level scope at /home/pkgeval/.julia/packages/Pluto/vNRh3/test/React.jl:9
Extending imported functions: Test Failed at /home/pkgeval/.julia/packages/Pluto/vNRh3/test/React.jl:406
  Expression: (notebook.cells[22]).error_repr == nothing
   Evaluated: "{\"msg\":\"UndefVarError: Wow not defined\",\"stacktrace\":[{\"call\":\"top-level scope\",\"inlined\":false,\"file\":\"jl_CDKabf.jl#==#6eacb844-98f9-11ea-3600-0116c15b7691\",\"line\":1}]}" == nothing
Stacktrace:
 [1] macro expansion at /home/pkgeval/.julia/packages/Pluto/vNRh3/test/React.jl:406 [inlined]
 [2] macro expansion at /workspace/srcdir/usr/share/julia/stdlib/v1.4/Test/src/Test.jl:1113 [inlined]
 [3] macro expansion at /home/pkgeval/.julia/packages/Pluto/vNRh3/test/React.jl:377 [inlined]
 [4] macro expansion at /workspace/srcdir/usr/share/julia/stdlib/v1.4/Test/src/Test.jl:1113 [inlined]
 [5] top-level scope at /home/pkgeval/.julia/packages/Pluto/vNRh3/test/React.jl:9
Extending imported functions: Test Failed at /home/pkgeval/.julia/packages/Pluto/vNRh3/test/React.jl:407
  Expression: (notebook.cells[23]).output_repr == "\"🐟\""
   Evaluated: nothing == "\"🐟\""
Stacktrace:
 [1] macro expansion at /home/pkgeval/.julia/packages/Pluto/vNRh3/test/React.jl:407 [inlined]
 [2] macro expansion at /workspace/srcdir/usr/share/julia/stdlib/v1.4/Test/src/Test.jl:1113 [inlined]
 [3] macro expansion at /home/pkgeval/.julia/packages/Pluto/vNRh3/test/React.jl:377 [inlined]
 [4] macro expansion at /workspace/srcdir/usr/share/julia/stdlib/v1.4/Test/src/Test.jl:1113 [inlined]
 [5] top-level scope at /home/pkgeval/.julia/packages/Pluto/vNRh3/test/React.jl:9
Extending imported functions: Test Failed at /home/pkgeval/.julia/packages/Pluto/vNRh3/test/React.jl:416
  Expression: (notebook.cells[25]).output_repr == "🐟"
   Evaluated: "(25, :fish)" == "🐟"
Stacktrace:
 [1] macro expansion at /home/pkgeval/.julia/packages/Pluto/vNRh3/test/React.jl:416 [inlined]
 [2] macro expansion at /workspace/srcdir/usr/share/julia/stdlib/v1.4/Test/src/Test.jl:1113 [inlined]
 [3] macro expansion at /home/pkgeval/.julia/packages/Pluto/vNRh3/test/React.jl:377 [inlined]
 [4] macro expansion at /workspace/srcdir/usr/share/julia/stdlib/v1.4/Test/src/Test.jl:1113 [inlined]
 [5] top-level scope at /home/pkgeval/.julia/packages/Pluto/vNRh3/test/React.jl:9
Immutable globals: Test Failed at /home/pkgeval/.julia/packages/Pluto/vNRh3/test/React.jl:533
  Expression: (notebook.cells[3]).output_repr == "3"
   Evaluated: "" == "3"
Stacktrace:
 [1] macro expansion at /home/pkgeval/.julia/packages/Pluto/vNRh3/test/React.jl:533 [inlined]
 [2] macro expansion at /workspace/srcdir/usr/share/julia/stdlib/v1.4/Test/src/Test.jl:1113 [inlined]
 [3] macro expansion at /home/pkgeval/.julia/packages/Pluto/vNRh3/test/React.jl:505 [inlined]
 [4] macro expansion at /workspace/srcdir/usr/share/julia/stdlib/v1.4/Test/src/Test.jl:1113 [inlined]
 [5] top-level scope at /home/pkgeval/.julia/packages/Pluto/vNRh3/test/React.jl:9
Test Summary:                                  | Pass  Fail  Broken  Total
Reactivity                                     |  158    10       5    173
  Basic single-process                         |   13                   13
  Basic distributed                            |   13                   13
  Bad code                                     |    2                    2
  Mutliple assignments                         |   14                   14
  Mutliple assignments                         |    4                    4
  Cyclic                                       |    2                    2
  Variable deletion                            |    5                    5
  Recursion                                    |    7                    7
  Variable cannot reference its previous value |    2                    2
  Changing functions                           |   24                   24
  Extending imported functions                 |   21     9       5     35
  Using external libraries                     |    4                    4
  Functional programming                       |   13                   13
  Immutable globals                            |   18     1             19
  Run multiple                                 |   16                   16
ERROR: LoadError: LoadError: Some tests did not pass: 158 passed, 10 failed, 0 errored, 5 broken.
in expression starting at /home/pkgeval/.julia/packages/Pluto/vNRh3/test/React.jl:8
in expression starting at /home/pkgeval/.julia/packages/Pluto/vNRh3/test/runtests.jl:4
ERROR: Package Pluto errored during testing
Stacktrace:
 [1] pkgerror(::String, ::Vararg{String,N} where N) at /workspace/srcdir/usr/share/julia/stdlib/v1.4/Pkg/src/Types.jl:53
 [2] test(::Pkg.Types.Context, ::Array{Pkg.Types.PackageSpec,1}; coverage::Bool, julia_args::Cmd, test_args::Cmd, test_fn::Nothing) at /workspace/srcdir/usr/share/julia/stdlib/v1.4/Pkg/src/Operations.jl:1510
 [3] test(::Pkg.Types.Context, ::Array{Pkg.Types.PackageSpec,1}; coverage::Bool, test_fn::Nothing, julia_args::Cmd, test_args::Cmd, kwargs::Base.Iterators.Pairs{Union{},Union{},Tuple{},NamedTuple{(),Tuple{}}}) at /workspace/srcdir/usr/share/julia/stdlib/v1.4/Pkg/src/API.jl:316
 [4] test(::Pkg.Types.Context, ::Array{Pkg.Types.PackageSpec,1}) at /workspace/srcdir/usr/share/julia/stdlib/v1.4/Pkg/src/API.jl:303
 [5] #test#68 at /workspace/srcdir/usr/share/julia/stdlib/v1.4/Pkg/src/API.jl:297 [inlined]
 [6] test at /workspace/srcdir/usr/share/julia/stdlib/v1.4/Pkg/src/API.jl:297 [inlined]
 [7] #test#67 at /workspace/srcdir/usr/share/julia/stdlib/v1.4/Pkg/src/API.jl:296 [inlined]
 [8] test at /workspace/srcdir/usr/share/julia/stdlib/v1.4/Pkg/src/API.jl:296 [inlined]
 [9] test(::String; kwargs::Base.Iterators.Pairs{Union{},Union{},Tuple{},NamedTuple{(),Tuple{}}}) at /workspace/srcdir/usr/share/julia/stdlib/v1.4/Pkg/src/API.jl:295
 [10] test(::String) at /workspace/srcdir/usr/share/julia/stdlib/v1.4/Pkg/src/API.jl:295
 [11] top-level scope at none:16
