Current time is 2020-10-25T20:38:26.411
Julia Version 1.5.3-pre.0
Commit 5905edebb1 (2020-09-24 05:09 UTC)
Platform Info:
  OS: Linux (x86_64-pc-linux-gnu)
  CPU: AMD EPYC 7502 32-Core Processor
  WORD_SIZE: 64
  LIBM: libopenlibm
  LLVM: libLLVM-9.0.1 (ORCJIT, znver2)
Environment:
  JULIA_DEPOT_PATH = ::/usr/local/share/julia
  JULIA_NUM_THREADS = 2
  JULIA_MAX_NUM_PRECOMPILE_FILES = 9223372036854775807
  JULIA_PKG_SERVER = 

Starting installation at 2020-10-25T20:38:29.642
  Resolving package versions...
  Installed XML2_jll ───── v2.9.10+3
  Installed Libiconv_jll ─ v1.16.0+7
  Installed Mocking ────── v0.7.1
  Installed RecipesBase ── v1.1.0
  Installed OffsetArrays ─ v1.3.1
  Installed Intervals ──── v1.5.0
  Installed Polynomials ── v1.1.10
  Installed TimeZones ──── v1.4.0
  Installed Artifacts ──── v1.3.0
  Installed JLLWrappers ── v1.1.3
  Installed ExprTools ──── v0.1.3
  Installed Zlib_jll ───── v1.2.11+18
  Installed EzXML ──────── v1.1.0
Updating `~/.julia/environments/v1.5/Project.toml`
  [f27b6e38] + Polynomials v1.1.10
Updating `~/.julia/environments/v1.5/Manifest.toml`
  [56f22d72] + Artifacts v1.3.0
  [e2ba6199] + ExprTools v0.1.3
  [8f5d6c58] + EzXML v1.1.0
  [d8418881] + Intervals v1.5.0
  [692b3bcd] + JLLWrappers v1.1.3
  [94ce4f54] + Libiconv_jll v1.16.0+7
  [78c3b35d] + Mocking v0.7.1
  [6fe1bfb0] + OffsetArrays v1.3.1
  [f27b6e38] + Polynomials v1.1.10
  [3cdcf5f2] + RecipesBase v1.1.0
  [f269a46b] + TimeZones v1.4.0
  [02c8fc9c] + XML2_jll v2.9.10+3
  [83775a58] + Zlib_jll v1.2.11+18
  [2a0f44e3] + Base64
  [ade2ca70] + Dates
  [b77e0a4c] + InteractiveUtils
  [76f85450] + LibGit2
  [8f399da3] + Libdl
  [37e2e46d] + LinearAlgebra
  [56ddb016] + Logging
  [d6f4376e] + Markdown
  [44cfe95a] + Pkg
  [de0858da] + Printf
  [3fa0cd96] + REPL
  [9a3f8284] + Random
  [ea8e919c] + SHA
  [9e88b42a] + Serialization
  [6462fe0b] + Sockets
  [cf7118a7] + UUIDs
  [4ec0a83e] + Unicode
   Building TimeZones → `~/.julia/packages/TimeZones/tx0tt/deps/build.log`
Starting tests at 2020-10-25T20:38:50.311
    Testing Polynomials
Status `/tmp/jl_164fdY/Project.toml`
  [d8418881] Intervals v1.5.0
  [6fe1bfb0] OffsetArrays v1.3.1
  [f27b6e38] Polynomials v1.1.10
  [3cdcf5f2] RecipesBase v1.1.0
  [276daf66] SpecialFunctions v0.10.3
  [37e2e46d] LinearAlgebra
  [2f01184e] SparseArrays
  [8dfed614] Test
Status `/tmp/jl_164fdY/Manifest.toml`
  [56f22d72] Artifacts v1.3.0
  [e66e0078] CompilerSupportLibraries_jll v0.3.4+0
  [e2ba6199] ExprTools v0.1.3
  [8f5d6c58] EzXML v1.1.0
  [d8418881] Intervals v1.5.0
  [692b3bcd] JLLWrappers v1.1.3
  [94ce4f54] Libiconv_jll v1.16.0+7
  [78c3b35d] Mocking v0.7.1
  [6fe1bfb0] OffsetArrays v1.3.1
  [efe28fd5] OpenSpecFun_jll v0.5.3+4
  [f27b6e38] Polynomials v1.1.10
  [3cdcf5f2] RecipesBase v1.1.0
  [276daf66] SpecialFunctions v0.10.3
  [f269a46b] TimeZones v1.4.0
  [02c8fc9c] XML2_jll v2.9.10+3
  [83775a58] Zlib_jll v1.2.11+18
  [2a0f44e3] Base64
  [ade2ca70] Dates
  [8ba89e20] Distributed
  [b77e0a4c] InteractiveUtils
  [76f85450] LibGit2
  [8f399da3] Libdl
  [37e2e46d] LinearAlgebra
  [56ddb016] Logging
  [d6f4376e] Markdown
  [44cfe95a] Pkg
  [de0858da] Printf
  [3fa0cd96] REPL
  [9a3f8284] Random
  [ea8e919c] SHA
  [9e88b42a] Serialization
  [6462fe0b] Sockets
  [2f01184e] SparseArrays
  [8dfed614] Test
  [cf7118a7] UUIDs
  [4ec0a83e] Unicode
┌ Warning: Increasing Δ, terminating search
└ @ Polynomials.Multroot ~/.julia/packages/Polynomials/PVtkq/src/polynomials/multroot.jl:180
┌ Warning: Increasing Δ, terminating search
└ @ Polynomials.Multroot ~/.julia/packages/Polynomials/PVtkq/src/polynomials/multroot.jl:180
┌ Warning: Increasing Δ, terminating search
└ @ Polynomials.Multroot ~/.julia/packages/Polynomials/PVtkq/src/polynomials/multroot.jl:180
Test Summary:  | Pass  Broken  Total
Standard basis | 1372       1   1373
Test Summary: | Pass  Total
ChebyshevT    |  214    214
Test Summary:              | Pass  Total
Poly, Pade (compatability) |  202    202
    Testing Polynomials tests passed 
Finished at 2020-10-25T20:43:28.935
