Julia Version 1.3.2-pre.0
Commit 2e6715c045 (2019-12-31 00:49 UTC)
Platform Info:
  OS: Linux (x86_64-linux-gnu)
  CPU: Intel(R) Xeon(R) Silver 4114 CPU @ 2.20GHz
  WORD_SIZE: 64
  LIBM: libopenlibm
  LLVM: libLLVM-6.0.1 (ORCJIT, skylake)
Environment:
  JULIA_DEPOT_PATH = ::/usr/local/share/julia
  JULIA_NUM_THREADS = 2

 Resolving package versions...
 Installed StaticUnivariatePolynomials ─ v0.6.0
  Updating `~/.julia/environments/v1.3/Project.toml`
  [6f584044] + StaticUnivariatePolynomials v0.6.0
  Updating `~/.julia/environments/v1.3/Manifest.toml`
  [6f584044] + StaticUnivariatePolynomials v0.6.0
   Testing StaticUnivariatePolynomials
 Resolving package versions...
 Installed NaNMath ────────────── v0.3.3
 Installed OpenSpecFun_jll ────── v0.5.3+1
 Installed StaticArrays ───────── v0.12.1
 Installed ForwardDiff ────────── v0.10.9
 Installed DiffRules ──────────── v1.0.0
 Installed CommonSubexpressions ─ v0.2.0
 Installed SpecialFunctions ───── v0.9.0
 Installed DiffResults ────────── v1.0.2
[ Info: No changes
    Status `/tmp/jl_5XVQZ5/Manifest.toml`
  [bbf7d656] CommonSubexpressions v0.2.0
  [163ba53b] DiffResults v1.0.2
  [b552c78f] DiffRules v1.0.0
  [f6369f11] ForwardDiff v0.10.9
  [77ba4419] NaNMath v0.3.3
  [efe28fd5] OpenSpecFun_jll v0.5.3+1
  [276daf66] SpecialFunctions v0.9.0
  [90137ffa] StaticArrays v0.12.1
  [6f584044] StaticUnivariatePolynomials v0.6.0
  [2a0f44e3] Base64  [`@stdlib/Base64`]
  [ade2ca70] Dates  [`@stdlib/Dates`]
  [8ba89e20] Distributed  [`@stdlib/Distributed`]
  [b77e0a4c] InteractiveUtils  [`@stdlib/InteractiveUtils`]
  [76f85450] LibGit2  [`@stdlib/LibGit2`]
  [8f399da3] Libdl  [`@stdlib/Libdl`]
  [37e2e46d] LinearAlgebra  [`@stdlib/LinearAlgebra`]
  [56ddb016] Logging  [`@stdlib/Logging`]
  [d6f4376e] Markdown  [`@stdlib/Markdown`]
  [44cfe95a] Pkg  [`@stdlib/Pkg`]
  [de0858da] Printf  [`@stdlib/Printf`]
  [3fa0cd96] REPL  [`@stdlib/REPL`]
  [9a3f8284] Random  [`@stdlib/Random`]
  [ea8e919c] SHA  [`@stdlib/SHA`]
  [9e88b42a] Serialization  [`@stdlib/Serialization`]
  [6462fe0b] Sockets  [`@stdlib/Sockets`]
  [2f01184e] SparseArrays  [`@stdlib/SparseArrays`]
  [10745b16] Statistics  [`@stdlib/Statistics`]
  [8dfed614] Test  [`@stdlib/Test`]
  [cf7118a7] UUIDs  [`@stdlib/UUIDs`]
  [4ec0a83e] Unicode  [`@stdlib/Unicode`]
Test Summary:  | Pass  Total
monomial_basis |   71     71
Test Summary:       | Pass  Total
BernsteinPolynomial |  119    119
   Testing StaticUnivariatePolynomials tests passed 
