 Resolving package versions...
 Installed GMT ─ v0.12.0
  Updating `~/.julia/environments/v1.3/Project.toml`
  [5752ebe1] + GMT v0.12.0
  Updating `~/.julia/environments/v1.3/Manifest.toml`
  [5752ebe1] + GMT v0.12.0
  [de0858da] + Printf 
  [4ec0a83e] + Unicode 
   Testing GMT
 Resolving package versions...
    Status `/tmp/jl_miGNSi/Manifest.toml`
  [5752ebe1] GMT v0.12.0
  [2a0f44e3] Base64  [`@stdlib/Base64`]
  [8ba89e20] Distributed  [`@stdlib/Distributed`]
  [b77e0a4c] InteractiveUtils  [`@stdlib/InteractiveUtils`]
  [56ddb016] Logging  [`@stdlib/Logging`]
  [d6f4376e] Markdown  [`@stdlib/Markdown`]
  [de0858da] Printf  [`@stdlib/Printf`]
  [9a3f8284] Random  [`@stdlib/Random`]
  [9e88b42a] Serialization  [`@stdlib/Serialization`]
  [6462fe0b] Sockets  [`@stdlib/Sockets`]
  [8dfed614] Test  [`@stdlib/Test`]
  [4ec0a83e] Unicode  [`@stdlib/Unicode`]


You don't seem to have GMT installed and I don't currently install it automatically,
so you will have to do it yourself. Please follow instructions bellow but please note
that since GMT is migrating to Github (https://github.com/GenericMappingTools/gmt),
some of the links may change in a near future.


https://github.com/GenericMappingTools/gmt/blob/master/INSTALL.md
ERROR: LoadError: InitError: IOError: could not spawn `gmt --version`: no such file or directory (ENOENT)
Stacktrace:
 [1] _spawn_primitive(::String, ::Cmd, ::Array{Any,1}) at ./process.jl:99
 [2] setup_stdios(::Base.var"#554#555"{Cmd}, ::Array{Any,1}) at ./process.jl:112
 [3] _spawn at ./process.jl:111 [inlined]
 [4] #eachline#560(::Bool, ::typeof(eachline), ::Cmd) at ./process.jl:317
 [5] eachline at ./process.jl:316 [inlined]
 [6] #readlines#294 at ./io.jl:498 [inlined]
 [7] readlines at ./io.jl:498 [inlined]
 [8] __init__() at /root/.julia/packages/GMT/nfsRH/src/GMT.jl:151
 [9] _include_from_serialized(::String, ::Array{Any,1}) at ./loading.jl:692
 [10] _require_from_serialized(::String) at ./loading.jl:743
 [11] _require(::Base.PkgId) at ./loading.jl:1034
 [12] require(::Base.PkgId) at ./loading.jl:922
 [13] require(::Module, ::Symbol) at ./loading.jl:917
 [14] include at ./boot.jl:328 [inlined]
 [15] include_relative(::Module, ::String) at ./loading.jl:1105
 [16] include(::Module, ::String) at ./Base.jl:31
 [17] include(::String) at ./client.jl:424
 [18] top-level scope at none:6
during initialization of module GMT
in expression starting at /root/.julia/packages/GMT/nfsRH/test/runtests.jl:1
ERROR: Package GMT errored during testing
Stacktrace:
 [1] pkgerror(::String, ::Vararg{String,N} where N) at /workspace/srcdir/julia/usr/share/julia/stdlib/v1.3/Pkg/src/Types.jl:113
 [2] #test#131(::Bool, ::Nothing, ::Cmd, ::Cmd, ::typeof(Pkg.Operations.test), ::Pkg.Types.Context, ::Array{Pkg.Types.PackageSpec,1}) at /workspace/srcdir/julia/usr/share/julia/stdlib/v1.3/Pkg/src/Operations.jl:1370
 [3] #test at ./none:0 [inlined]
 [4] #test#62(::Bool, ::Nothing, ::Cmd, ::Cmd, ::Base.Iterators.Pairs{Union{},Union{},Tuple{},NamedTuple{(),Tuple{}}}, ::typeof(Pkg.API.test), ::Pkg.Types.Context, ::Array{Pkg.Types.PackageSpec,1}) at /workspace/srcdir/julia/usr/share/julia/stdlib/v1.3/Pkg/src/API.jl:253
 [5] test(::Pkg.Types.Context, ::Array{Pkg.Types.PackageSpec,1}) at /workspace/srcdir/julia/usr/share/julia/stdlib/v1.3/Pkg/src/API.jl:239
 [6] #test#61 at /workspace/srcdir/julia/usr/share/julia/stdlib/v1.3/Pkg/src/API.jl:233 [inlined]
 [7] test at /workspace/srcdir/julia/usr/share/julia/stdlib/v1.3/Pkg/src/API.jl:233 [inlined]
 [8] #test#60 at /workspace/srcdir/julia/usr/share/julia/stdlib/v1.3/Pkg/src/API.jl:232 [inlined]
 [9] test at /workspace/srcdir/julia/usr/share/julia/stdlib/v1.3/Pkg/src/API.jl:232 [inlined]
 [10] #test#59(::Base.Iterators.Pairs{Union{},Union{},Tuple{},NamedTuple{(),Tuple{}}}, ::typeof(Pkg.API.test), ::String) at /workspace/srcdir/julia/usr/share/julia/stdlib/v1.3/Pkg/src/API.jl:231
 [11] test(::String) at /workspace/srcdir/julia/usr/share/julia/stdlib/v1.3/Pkg/src/API.jl:231
 [12] top-level scope at none:12
