Current time is 2020-10-25T20:05:00.052
Julia Version 1.5.3-pre.13
Commit 3de1115e9c (2020-10-23 21:58 UTC)
Platform Info:
  OS: Linux (x86_64-linux-gnu)
  CPU: AMD EPYC 7502 32-Core Processor
  WORD_SIZE: 64
  LIBM: libopenlibm
  LLVM: libLLVM-9.0.1 (ORCJIT, znver2)
Environment:
  JULIA_DEPOT_PATH = ::/usr/local/share/julia
  JULIA_NUM_THREADS = 2
  JULIA_MAX_NUM_PRECOMPILE_FILES = 9223372036854775807
  JULIA_PKG_SERVER = 

Starting installation at 2020-10-25T20:05:03.496
  Resolving package versions...
  Installed ProgressMeter ─ v1.4.0
  Installed NSGAII ──────── v0.1.0
Updating `~/.julia/environments/v1.5/Project.toml`
  [0faa7b20] + NSGAII v0.1.0
Updating `~/.julia/environments/v1.5/Manifest.toml`
  [0faa7b20] + NSGAII v0.1.0
  [92933f4c] + ProgressMeter v1.4.0
  [8ba89e20] + Distributed
  [8f399da3] + Libdl
  [37e2e46d] + LinearAlgebra
  [de0858da] + Printf
  [9a3f8284] + Random
  [9e88b42a] + Serialization
  [6462fe0b] + Sockets
  [4ec0a83e] + Unicode
Starting tests at 2020-10-25T20:05:06.508
    Testing NSGAII
Status `/tmp/jl_vzgDpY/Project.toml`
  [0faa7b20] NSGAII v0.1.0
  [92933f4c] ProgressMeter v1.4.0
  [37e2e46d] LinearAlgebra
  [9a3f8284] Random
  [8dfed614] Test
Status `/tmp/jl_vzgDpY/Manifest.toml`
  [0faa7b20] NSGAII v0.1.0
  [92933f4c] ProgressMeter v1.4.0
  [2a0f44e3] Base64
  [8ba89e20] Distributed
  [b77e0a4c] InteractiveUtils
  [8f399da3] Libdl
  [37e2e46d] LinearAlgebra
  [56ddb016] Logging
  [d6f4376e] Markdown
  [de0858da] Printf
  [9a3f8284] Random
  [9e88b42a] Serialization
  [6462fe0b] Sockets
  [8dfed614] Test
  [4ec0a83e] Unicode
Progress:  67%|███████████████████████████▌             |  ETA: 0:00:00[KProgress: 100%|█████████████████████████████████████████| Time: 0:00:01[K
Progress:  36%|███████████████                          |  ETA: 0:00:01[KProgress:  77%|███████████████████████████████▋         |  ETA: 0:00:00[KProgress: 100%|█████████████████████████████████████████| Time: 0:00:01[K
Progress:  22%|█████████▎                               |  ETA: 0:00:02[KProgress:  62%|█████████████████████████▎               |  ETA: 0:00:01[KProgress: 100%|█████████████████████████████████████████| Time: 0:00:01[K
    Testing NSGAII tests passed 
Finished at 2020-10-25T20:05:30.35
