Julia Version 1.5.2-pre.0
Commit c4acbf93fb (2020-08-26 10:58 UTC)
Platform Info:
  OS: Linux (x86_64-pc-linux-gnu)
  CPU: Intel(R) Xeon(R) Silver 4114 CPU @ 2.20GHz
  WORD_SIZE: 64
  LIBM: libopenlibm
  LLVM: libLLVM-9.0.1 (ORCJIT, skylake-avx512)
Environment:
  JULIA_DEPOT_PATH = ::/usr/local/share/julia
  JULIA_NUM_THREADS = 2

  Resolving package versions...
  Installed Crayons ──────────── v4.0.4
  Installed CodecZlib ────────── v0.7.0
  Installed Missings ─────────── v0.4.4
  Installed LightXML ─────────── v0.9.0
  Installed Compat ───────────── v3.15.0
  Installed OrderedCollections ─ v1.3.0
  Installed WriteVTK ─────────── v1.7.3
  Installed Elfel ────────────── v0.3.0
  Installed Libiconv_jll ─────── v1.16.0+6
  Installed Zlib_jll ─────────── v1.2.11+16
  Installed SortingAlgorithms ── v0.3.1
  Installed XML2_jll ─────────── v2.9.10+2
  Installed TranscodingStreams ─ v0.9.5
  Installed MeshSteward ──────── v0.3.2
  Installed StaticArrays ─────── v0.12.4
  Installed DataAPI ──────────── v1.3.0
  Installed FillArrays ───────── v0.9.6
  Installed UnicodePlots ─────── v1.3.0
  Installed MeshCore ─────────── v0.8.7
  Installed DataStructures ───── v0.18.4
  Installed StatsBase ────────── v0.33.1
Updating `~/.julia/environments/v1.5/Project.toml`
  [9ca883c9] + Elfel v0.3.0
Updating `~/.julia/environments/v1.5/Manifest.toml`
  [944b1d66] + CodecZlib v0.7.0
  [34da2185] + Compat v3.15.0
  [a8cc5b0e] + Crayons v4.0.4
  [9a962f9c] + DataAPI v1.3.0
  [864edb3b] + DataStructures v0.18.4
  [9ca883c9] + Elfel v0.3.0
  [1a297f60] + FillArrays v0.9.6
  [94ce4f54] + Libiconv_jll v1.16.0+6
  [9c8b4983] + LightXML v0.9.0
  [43a99bba] + MeshCore v0.8.7
  [ffa89bc3] + MeshSteward v0.3.2
  [e1d29d7a] + Missings v0.4.4
  [bac558e1] + OrderedCollections v1.3.0
  [a2af1166] + SortingAlgorithms v0.3.1
  [90137ffa] + StaticArrays v0.12.4
  [2913bbd2] + StatsBase v0.33.1
  [3bb67fe8] + TranscodingStreams v0.9.5
  [b8865327] + UnicodePlots v1.3.0
  [64499a7a] + WriteVTK v1.7.3
  [02c8fc9c] + XML2_jll v2.9.10+2
  [83775a58] + Zlib_jll v1.2.11+16
  [2a0f44e3] + Base64
  [ade2ca70] + Dates
  [8bb1440f] + DelimitedFiles
  [8ba89e20] + Distributed
  [b77e0a4c] + InteractiveUtils
  [76f85450] + LibGit2
  [8f399da3] + Libdl
  [37e2e46d] + LinearAlgebra
  [56ddb016] + Logging
  [d6f4376e] + Markdown
  [a63ad114] + Mmap
  [44cfe95a] + Pkg
  [de0858da] + Printf
  [9abbd945] + Profile
  [3fa0cd96] + REPL
  [9a3f8284] + Random
  [ea8e919c] + SHA
  [9e88b42a] + Serialization
  [1a1011a3] + SharedArrays
  [6462fe0b] + Sockets
  [2f01184e] + SparseArrays
  [10745b16] + Statistics
  [8dfed614] + Test
  [cf7118a7] + UUIDs
  [4ec0a83e] + Unicode
    Testing Elfel
Status `/tmp/jl_WMd0jR/Project.toml`
  [9ca883c9] Elfel v0.3.0
  [43a99bba] MeshCore v0.8.7
  [ffa89bc3] MeshSteward v0.3.2
  [90137ffa] StaticArrays v0.12.4
  [b8865327] UnicodePlots v1.3.0
  [37e2e46d] LinearAlgebra
  [9abbd945] Profile
  [2f01184e] SparseArrays
  [8dfed614] Test
Status `/tmp/jl_WMd0jR/Manifest.toml`
  [944b1d66] CodecZlib v0.7.0
  [34da2185] Compat v3.15.0
  [a8cc5b0e] Crayons v4.0.4
  [9a962f9c] DataAPI v1.3.0
  [864edb3b] DataStructures v0.18.4
  [9ca883c9] Elfel v0.3.0
  [1a297f60] FillArrays v0.9.6
  [94ce4f54] Libiconv_jll v1.16.0+6
  [9c8b4983] LightXML v0.9.0
  [43a99bba] MeshCore v0.8.7
  [ffa89bc3] MeshSteward v0.3.2
  [e1d29d7a] Missings v0.4.4
  [bac558e1] OrderedCollections v1.3.0
  [a2af1166] SortingAlgorithms v0.3.1
  [90137ffa] StaticArrays v0.12.4
  [2913bbd2] StatsBase v0.33.1
  [3bb67fe8] TranscodingStreams v0.9.5
  [b8865327] UnicodePlots v1.3.0
  [64499a7a] WriteVTK v1.7.3
  [02c8fc9c] XML2_jll v2.9.10+2
  [83775a58] Zlib_jll v1.2.11+16
  [2a0f44e3] Base64
  [ade2ca70] Dates
  [8bb1440f] DelimitedFiles
  [8ba89e20] Distributed
  [b77e0a4c] InteractiveUtils
  [76f85450] LibGit2
  [8f399da3] Libdl
  [37e2e46d] LinearAlgebra
  [56ddb016] Logging
  [d6f4376e] Markdown
  [a63ad114] Mmap
  [44cfe95a] Pkg
  [de0858da] Printf
  [9abbd945] Profile
  [3fa0cd96] REPL
  [9a3f8284] Random
  [ea8e919c] SHA
  [9e88b42a] Serialization
  [1a1011a3] SharedArrays
  [6462fe0b] Sockets
  [2f01184e] SparseArrays
  [10745b16] Statistics
  [8dfed614] Test
  [cf7118a7] UUIDs
  [4ec0a83e] Unicode
Test Summary: | Pass  Total
Fields        |   16     16
 80.976401 seconds (15.81 M allocations: 859.128 MiB, 0.78% gc time)
Test Summary:        | Pass  Total
Quadrature iterators |   21     21
  5.467091 seconds (7.85 M allocations: 406.166 MiB, 8.06% gc time)
Test Summary: | Pass  Total
Spaces        |   49     49
  4.472990 seconds (4.07 M allocations: 217.807 MiB, 2.30% gc time)
Test Summary: | Pass  Total
FE iterators  |   58     58
  3.292072 seconds (3.00 M allocations: 158.321 MiB, 1.89% gc time)
Test Summary:    | Pass  Total
Reference shapes |   44     44
  2.788218 seconds (2.59 M allocations: 138.574 MiB, 1.17% gc time)
Test Summary:   | Pass  Total
Finite elements |   72     72
  3.891479 seconds (4.28 M allocations: 226.234 MiB, 2.40% gc time)
Test Summary: | Pass  Total
Assemblers    |    7      7
  2.153463 seconds (2.56 M allocations: 138.326 MiB, 2.24% gc time)
Test Summary: | Pass  Total
Heat          |    4      4
 21.491659 seconds (21.54 M allocations: 1.110 GiB, 4.80% gc time)
Test Summary: |
Elasticity    | No tests
 28.290324 seconds (14.45 M allocations: 1.354 GiB, 4.48% gc time)
Stokes: Error During Test at /home/pkgeval/.julia/packages/Elfel/eqaRA/test/runtests.jl:12
  Got exception outside of a @test
  LoadError: LoadError: UndefVarError: @test not defined
  Stacktrace:
   [1] top-level scope
   [2] include(::String) at ./client.jl:457
   [3] macro expansion at /home/pkgeval/.julia/packages/Elfel/eqaRA/test/runtests.jl:12 [inlined]
   [4] macro expansion at /buildworker/worker/package_linux64/build/usr/share/julia/stdlib/v1.5/Test/src/Test.jl:1115 [inlined]
   [5] macro expansion at /home/pkgeval/.julia/packages/Elfel/eqaRA/test/runtests.jl:12 [inlined]
   [6] top-level scope at ./timing.jl:174
   [7] include(::String) at ./client.jl:457
   [8] top-level scope at none:6
   [9] eval(::Module, ::Any) at ./boot.jl:331
   [10] exec_options(::Base.JLOptions) at ./client.jl:272
   [11] _start() at ./client.jl:506
  in expression starting at /home/pkgeval/.julia/packages/Elfel/eqaRA/test/test_stokes.jl:778
  in expression starting at /home/pkgeval/.julia/packages/Elfel/eqaRA/test/test_stokes.jl:776
  
Test Summary: | Pass  Error  Total
Stokes        |    4      1      5
ERROR: LoadError: Some tests did not pass: 4 passed, 0 failed, 1 errored, 0 broken.
in expression starting at /home/pkgeval/.julia/packages/Elfel/eqaRA/test/runtests.jl:12
ERROR: Package Elfel errored during testing
Stacktrace:
 [1] pkgerror(::String) at /buildworker/worker/package_linux64/build/usr/share/julia/stdlib/v1.5/Pkg/src/Types.jl:52
 [2] test(::Pkg.Types.Context, ::Array{Pkg.Types.PackageSpec,1}; coverage::Bool, julia_args::Cmd, test_args::Cmd, test_fn::Nothing) at /buildworker/worker/package_linux64/build/usr/share/julia/stdlib/v1.5/Pkg/src/Operations.jl:1578
 [3] test(::Pkg.Types.Context, ::Array{Pkg.Types.PackageSpec,1}; coverage::Bool, test_fn::Nothing, julia_args::Cmd, test_args::Cmd, kwargs::Base.Iterators.Pairs{Union{},Union{},Tuple{},NamedTuple{(),Tuple{}}}) at /buildworker/worker/package_linux64/build/usr/share/julia/stdlib/v1.5/Pkg/src/API.jl:328
 [4] test(::Pkg.Types.Context, ::Array{Pkg.Types.PackageSpec,1}) at /buildworker/worker/package_linux64/build/usr/share/julia/stdlib/v1.5/Pkg/src/API.jl:315
 [5] #test#61 at /buildworker/worker/package_linux64/build/usr/share/julia/stdlib/v1.5/Pkg/src/API.jl:67 [inlined]
 [6] test at /buildworker/worker/package_linux64/build/usr/share/julia/stdlib/v1.5/Pkg/src/API.jl:67 [inlined]
 [7] #test#60 at /buildworker/worker/package_linux64/build/usr/share/julia/stdlib/v1.5/Pkg/src/API.jl:66 [inlined]
 [8] test at /buildworker/worker/package_linux64/build/usr/share/julia/stdlib/v1.5/Pkg/src/API.jl:66 [inlined]
 [9] test(::String; kwargs::Base.Iterators.Pairs{Union{},Union{},Tuple{},NamedTuple{(),Tuple{}}}) at /buildworker/worker/package_linux64/build/usr/share/julia/stdlib/v1.5/Pkg/src/API.jl:65
 [10] test(::String) at /buildworker/worker/package_linux64/build/usr/share/julia/stdlib/v1.5/Pkg/src/API.jl:65
 [11] top-level scope at none:19
