Running tests with Julia v1.3.1-pre.12
   Cloning default registries into `~/.julia`
   Cloning registry from "https://github.com/JuliaRegistries/General.git"
[?25l    Fetching: [>                                        ]  0.0 %    Fetching: [=============>                           ]  31.3 %    Fetching: [===============================>         ]  76.0 %[2K[?25h     Added registry `General` to `~/.julia/registries/General`
 Resolving package versions...
 Installed Calculus ───────── v0.5.1
 Installed NaNMath ────────── v0.3.3
 Installed OpenSpecFun_jll ── v0.5.3+1
 Installed DualNumbers ────── v0.6.2
 Installed DiffRules ──────── v0.0.10
 Installed SpecialFunctions ─ v0.9.0
 Installed FDM ────────────── v0.6.1
 Installed Nabla ──────────── v0.12.1
  Updating `~/.julia/environments/v1.3/Project.toml`
  [49c96f43] + Nabla v0.12.1
  Updating `~/.julia/environments/v1.3/Manifest.toml`
  [49dc2e85] + Calculus v0.5.1
  [b552c78f] + DiffRules v0.0.10
  [fa6b7ba4] + DualNumbers v0.6.2
  [e25cca7e] + FDM v0.6.1
  [77ba4419] + NaNMath v0.3.3
  [49c96f43] + Nabla v0.12.1
  [efe28fd5] + OpenSpecFun_jll v0.5.3+1
  [276daf66] + SpecialFunctions v0.9.0
  [2a0f44e3] + Base64 
  [ade2ca70] + Dates 
  [8ba89e20] + Distributed 
  [b77e0a4c] + InteractiveUtils 
  [76f85450] + LibGit2 
  [8f399da3] + Libdl 
  [37e2e46d] + LinearAlgebra 
  [56ddb016] + Logging 
  [d6f4376e] + Markdown 
  [44cfe95a] + Pkg 
  [de0858da] + Printf 
  [3fa0cd96] + REPL 
  [9a3f8284] + Random 
  [ea8e919c] + SHA 
  [9e88b42a] + Serialization 
  [6462fe0b] + Sockets 
  [2f01184e] + SparseArrays 
  [10745b16] + Statistics 
  [8dfed614] + Test 
  [cf7118a7] + UUIDs 
  [4ec0a83e] + Unicode 
   Testing Nabla
 Resolving package versions...
 Installed Missings ─────────── v0.4.3
 Installed SortingAlgorithms ── v0.3.1
 Installed Arpack_jll ───────── v3.5.0+2
 Installed StatsBase ────────── v0.32.0
 Installed BenchmarkTools ───── v0.4.3
 Installed StatsFuns ────────── v0.9.2
 Installed OrderedCollections ─ v1.1.0
 Installed JSON ─────────────── v0.21.0
 Installed Distributions ────── v0.19.2
 Installed QuadGK ───────────── v2.1.1
 Installed PDMats ───────────── v0.9.10
 Installed DataAPI ──────────── v1.1.0
 Installed BinaryProvider ───── v0.5.8
 Installed Parsers ──────────── v0.3.10
 Installed OpenBLAS_jll ─────── v0.3.7+1
 Installed Arpack ───────────── v0.4.0
 Installed Rmath ────────────── v0.6.0
 Installed DataStructures ───── v0.17.6
  Building Rmath → `~/.julia/packages/Rmath/BoBag/deps/build.log`
    Status `/tmp/jl_PItkcH/Manifest.toml`
  [7d9fca2a] Arpack v0.4.0
  [68821587] Arpack_jll v3.5.0+2
  [6e4b80f9] BenchmarkTools v0.4.3
  [b99e7846] BinaryProvider v0.5.8
  [49dc2e85] Calculus v0.5.1
  [9a962f9c] DataAPI v1.1.0
  [864edb3b] DataStructures v0.17.6
  [b552c78f] DiffRules v0.0.10
  [31c24e10] Distributions v0.19.2
  [fa6b7ba4] DualNumbers v0.6.2
  [e25cca7e] FDM v0.6.1
  [682c06a0] JSON v0.21.0
  [e1d29d7a] Missings v0.4.3
  [77ba4419] NaNMath v0.3.3
  [49c96f43] Nabla v0.12.1
  [4536629a] OpenBLAS_jll v0.3.7+1
  [efe28fd5] OpenSpecFun_jll v0.5.3+1
  [bac558e1] OrderedCollections v1.1.0
  [90014a1f] PDMats v0.9.10
  [69de0a69] Parsers v0.3.10
  [1fd47b50] QuadGK v2.1.1
  [79098fc4] Rmath v0.6.0
  [a2af1166] SortingAlgorithms v0.3.1
  [276daf66] SpecialFunctions v0.9.0
  [2913bbd2] StatsBase v0.32.0
  [4c63d2b9] StatsFuns v0.9.2
  [2a0f44e3] Base64  [`@stdlib/Base64`]
  [ade2ca70] Dates  [`@stdlib/Dates`]
  [8ba89e20] Distributed  [`@stdlib/Distributed`]
  [b77e0a4c] InteractiveUtils  [`@stdlib/InteractiveUtils`]
  [76f85450] LibGit2  [`@stdlib/LibGit2`]
  [8f399da3] Libdl  [`@stdlib/Libdl`]
  [37e2e46d] LinearAlgebra  [`@stdlib/LinearAlgebra`]
  [56ddb016] Logging  [`@stdlib/Logging`]
  [d6f4376e] Markdown  [`@stdlib/Markdown`]
  [a63ad114] Mmap  [`@stdlib/Mmap`]
  [44cfe95a] Pkg  [`@stdlib/Pkg`]
  [de0858da] Printf  [`@stdlib/Printf`]
  [3fa0cd96] REPL  [`@stdlib/REPL`]
  [9a3f8284] Random  [`@stdlib/Random`]
  [ea8e919c] SHA  [`@stdlib/SHA`]
  [9e88b42a] Serialization  [`@stdlib/Serialization`]
  [6462fe0b] Sockets  [`@stdlib/Sockets`]
  [2f01184e] SparseArrays  [`@stdlib/SparseArrays`]
  [10745b16] Statistics  [`@stdlib/Statistics`]
  [4607b0f0] SuiteSparse  [`@stdlib/SuiteSparse`]
  [8dfed614] Test  [`@stdlib/Test`]
  [cf7118a7] UUIDs  [`@stdlib/UUIDs`]
  [4ec0a83e] Unicode  [`@stdlib/Unicode`]
Test Summary: | Pass  Total
Core          |  234    234
┌ Warning: `lgamma(x::Real)` is deprecated, use `(logabsgamma(x))[1]` instead.
│   caller = in_domain(::Function, ::Float64) at finite_differencing.jl:128
└ @ Nabla ~/.julia/packages/Nabla/D60dX/src/finite_differencing.jl:128
┌ Warning: `lgamma(x::Real)` is deprecated, use `(logabsgamma(x))[1]` instead.
│   caller = #Branch#13 at core.jl:82 [inlined]
└ @ Core ~/.julia/packages/Nabla/D60dX/src/core.jl:82
┌ Warning: `lgamma(x::Real)` is deprecated, use `(logabsgamma(x))[1]` instead.
│   caller = #44 at finite_differencing.jl:24 [inlined]
└ @ Core ~/.julia/packages/Nabla/D60dX/src/finite_differencing.jl:24
┌ Warning: `lgamma(x::Real)` is deprecated, use `(logabsgamma(x))[1]` instead.
│   caller = #44 at finite_differencing.jl:24 [inlined]
└ @ Core ~/.julia/packages/Nabla/D60dX/src/finite_differencing.jl:24
┌ Warning: `lgamma(x::Real)` is deprecated, use `(logabsgamma(x))[1]` instead.
│   caller = #44 at finite_differencing.jl:24 [inlined]
└ @ Core ~/.julia/packages/Nabla/D60dX/src/finite_differencing.jl:24
┌ Warning: `lgamma(x::Real)` is deprecated, use `(logabsgamma(x))[1]` instead.
│   caller = #44 at finite_differencing.jl:24 [inlined]
└ @ Core ~/.julia/packages/Nabla/D60dX/src/finite_differencing.jl:24
┌ Warning: `lgamma(x::Real)` is deprecated, use `(logabsgamma(x))[1]` instead.
│   caller = #44 at finite_differencing.jl:24 [inlined]
└ @ Core ~/.julia/packages/Nabla/D60dX/src/finite_differencing.jl:24
┌ Warning: `lgamma(x::Real)` is deprecated, use `(logabsgamma(x))[1]` instead.
│   caller = #44 at finite_differencing.jl:24 [inlined]
└ @ Core ~/.julia/packages/Nabla/D60dX/src/finite_differencing.jl:24
┌ Warning: `lgamma(x::Real)` is deprecated, use `(logabsgamma(x))[1]` instead.
│   caller = #44 at finite_differencing.jl:24 [inlined]
└ @ Core ~/.julia/packages/Nabla/D60dX/src/finite_differencing.jl:24
┌ Warning: `lbeta(x::Real, w::Real)` is deprecated, use `(logabsbeta(x, w))[1]` instead.
│   caller = (::Nabla.var"#55#59"{Float64,typeof(lbeta)})(::Float64) at finite_differencing.jl:197
└ @ Nabla ~/.julia/packages/Nabla/D60dX/src/finite_differencing.jl:197
┌ Warning: `lbeta(x::Real, w::Real)` is deprecated, use `(logabsbeta(x, w))[1]` instead.
│   caller = #Branch#13(::Base.Iterators.Pairs{Union{},Union{},Tuple{},NamedTuple{(),Tuple{}}}, ::Type{Branch}, ::Function, ::Tuple{Leaf{Float64},Leaf{Float64}}, ::Tape) at core.jl:82
└ @ Nabla ~/.julia/packages/Nabla/D60dX/src/core.jl:82
┌ Warning: `lbeta(x::Real, w::Real)` is deprecated, use `(logabsbeta(x, w))[1]` instead.
│   caller = (::Nabla.var"#44#45"{typeof(lbeta),Float64,Tuple{Float64,Float64},Tuple{Float64,Float64}})(::Float64) at finite_differencing.jl:24
└ @ Nabla ~/.julia/packages/Nabla/D60dX/src/finite_differencing.jl:24
┌ Warning: `lgamma(x::Real)` is deprecated, use `(logabsgamma(x))[1]` instead.
│   caller = _broadcast_getindex at broadcast.jl:630 [inlined]
└ @ Core ./broadcast.jl:630
┌ Warning: `lbeta(x::Real, w::Real)` is deprecated, use `(logabsbeta(x, w))[1]` instead.
│   caller = _broadcast_getindex at broadcast.jl:630 [inlined]
└ @ Core ./broadcast.jl:630
┌ Warning: `lbeta(x::Real, w::Real)` is deprecated, use `(logabsbeta(x, w))[1]` instead.
│   caller = _broadcast_getindex at broadcast.jl:630 [inlined]
└ @ Core ./broadcast.jl:630
┌ Warning: `lbeta(x::Real, w::Real)` is deprecated, use `(logabsbeta(x, w))[1]` instead.
│   caller = _broadcast_getindex at broadcast.jl:630 [inlined]
└ @ Core ./broadcast.jl:630
┌ Warning: `lbeta(x::Real, w::Real)` is deprecated, use `(logabsbeta(x, w))[1]` instead.
│   caller = _broadcast_getindex_evalf at broadcast.jl:630 [inlined]
└ @ Core ./broadcast.jl:630
┌ Warning: `lbeta(x::Real, w::Real)` is deprecated, use `(logabsbeta(x, w))[1]` instead.
│   caller = _broadcast_getindex at broadcast.jl:630 [inlined]
└ @ Core ./broadcast.jl:630
┌ Warning: `lbeta(x::Real, w::Real)` is deprecated, use `(logabsbeta(x, w))[1]` instead.
│   caller = _broadcast_getindex_evalf at broadcast.jl:630 [inlined]
└ @ Core ./broadcast.jl:630
┌ Warning: `lgamma(x::Real)` is deprecated, use `(logabsgamma(x))[1]` instead.
│   caller = broadcast(::Function, ::Float64) at broadcast.jl:760
└ @ Base.Broadcast ./broadcast.jl:760
┌ Warning: `lgamma(x::Real)` is deprecated, use `(logabsgamma(x))[1]` instead.
│   caller = _broadcast_getindex_evalf(::typeof(lgamma), ::Float64) at broadcast.jl:630
└ @ Base.Broadcast ./broadcast.jl:630
┌ Warning: `lgamma(x::Real)` is deprecated, use `(logabsgamma(x))[1]` instead.
│   caller = _broadcast_getindex_evalf at broadcast.jl:630 [inlined]
└ @ Core ./broadcast.jl:630
┌ Warning: `lbeta(x::Real, w::Real)` is deprecated, use `(logabsbeta(x, w))[1]` instead.
│   caller = _broadcast_getindex_evalf at broadcast.jl:630 [inlined]
└ @ Core ./broadcast.jl:630
┌ Warning: `lbeta(x::Real, w::Real)` is deprecated, use `(logabsbeta(x, w))[1]` instead.
│   caller = _broadcast_getindex at broadcast.jl:630 [inlined]
└ @ Core ./broadcast.jl:630
┌ Warning: `lbeta(x::Real, w::Real)` is deprecated, use `(logabsbeta(x, w))[1]` instead.
│   caller = _broadcast_getindex_evalf at broadcast.jl:630 [inlined]
└ @ Core ./broadcast.jl:630
┌ Warning: `lbeta(x::Real, w::Real)` is deprecated, use `(logabsbeta(x, w))[1]` instead.
│   caller = _broadcast_getindex at broadcast.jl:630 [inlined]
└ @ Core ./broadcast.jl:630
┌ Warning: `lbeta(x::Real, w::Real)` is deprecated, use `(logabsbeta(x, w))[1]` instead.
│   caller = _broadcast_getindex at broadcast.jl:630 [inlined]
└ @ Core ./broadcast.jl:630
┌ Warning: `lbeta(x::Real, w::Real)` is deprecated, use `(logabsbeta(x, w))[1]` instead.
│   caller = _broadcast_getindex at broadcast.jl:630 [inlined]
└ @ Core ./broadcast.jl:630
┌ Warning: `lbeta(x::Real, w::Real)` is deprecated, use `(logabsbeta(x, w))[1]` instead.
│   caller = _broadcast_getindex_evalf at broadcast.jl:630 [inlined]
└ @ Core ./broadcast.jl:630
┌ Warning: `lbeta(x::Real, w::Real)` is deprecated, use `(logabsbeta(x, w))[1]` instead.
│   caller = _broadcast_getindex_evalf at broadcast.jl:630 [inlined]
└ @ Core ./broadcast.jl:630
┌ Warning: `lbeta(x::Real, w::Real)` is deprecated, use `(logabsbeta(x, w))[1]` instead.
│   caller = _broadcast_getindex_evalf at broadcast.jl:630 [inlined]
└ @ Core ./broadcast.jl:630
┌ Warning: `lbeta(x::Real, w::Real)` is deprecated, use `(logabsbeta(x, w))[1]` instead.
│   caller = broadcast(::Function, ::Float64, ::Float64) at broadcast.jl:760
└ @ Base.Broadcast ./broadcast.jl:760
┌ Warning: `lgamma(x::Real)` is deprecated, use `(logabsgamma(x))[1]` instead.
│   caller = _mapreduce(::typeof(lgamma), ::typeof(+), ::IndexLinear, ::Array{Float64,1}) at reduce.jl:309
└ @ Base ./reduce.jl:309
┌ Warning: `lgamma(x::Real)` is deprecated, use `(logabsgamma(x))[1]` instead.
│   caller = _mapreduce(::typeof(lgamma), ::typeof(+), ::IndexLinear, ::Array{Float64,1}) at reduce.jl:309
└ @ Base ./reduce.jl:309
┌ Warning: `lgamma(x::Real)` is deprecated, use `(logabsgamma(x))[1]` instead.
│   caller = _mapreduce(::typeof(lgamma), ::typeof(+), ::IndexLinear, ::Array{Float64,1}) at reduce.jl:312
└ @ Base ./reduce.jl:312
┌ Warning: `lgamma(x::Real)` is deprecated, use `(logabsgamma(x))[1]` instead.
│   caller = mapreduce_first(::typeof(lgamma), ::Function, ::Float64) at reduce.jl:293
└ @ Base ./reduce.jl:293
┌ Warning: `lgamma(x::Real)` is deprecated, use `(logabsgamma(x))[1]` instead.
│   caller = mapfoldl_impl(::typeof(lgamma), ::typeof(+), ::NamedTuple{(:init,),Tuple{Float64}}, ::Array{Float64,1}, ::Int64) at reduce.jl:45
└ @ Base ./reduce.jl:45
┌ Warning: `lgamma(x::Real)` is deprecated, use `(logabsgamma(x))[1]` instead.
│   caller = mapfoldl_impl(::typeof(lgamma), ::typeof(+), ::NamedTuple{(:init,),Tuple{Float64}}, ::Array{Float64,1}, ::Int64) at reduce.jl:49
└ @ Base ./reduce.jl:49
┌ Warning: `lgamma(x::Real)` is deprecated, use `(logabsgamma(x))[1]` instead.
│   caller = mapfoldl_impl(::typeof(lgamma), ::Base.var"#190#191"{typeof(+)}, ::NamedTuple{(:init,),Tuple{Float64}}, ::Base.Iterators.Reverse{Array{Float64,1}}, ::Tuple{StepRange{Int64,Int64},Int64}) at reduce.jl:45
└ @ Base ./reduce.jl:45
┌ Warning: `lgamma(x::Real)` is deprecated, use `(logabsgamma(x))[1]` instead.
│   caller = mapfoldl_impl(::typeof(lgamma), ::Base.var"#190#191"{typeof(+)}, ::NamedTuple{(:init,),Tuple{Float64}}, ::Base.Iterators.Reverse{Array{Float64,1}}, ::Tuple{StepRange{Int64,Int64},Int64}) at reduce.jl:49
└ @ Base ./reduce.jl:49
┌ Warning: `lgamma(x::Real)` is deprecated, use `(logabsgamma(x))[1]` instead.
│   caller = _mapreduce(::typeof(lgamma), ::typeof(Base.add_sum), ::IndexLinear, ::Array{Float64,1}) at reduce.jl:309
└ @ Base ./reduce.jl:309
┌ Warning: `lgamma(x::Real)` is deprecated, use `(logabsgamma(x))[1]` instead.
│   caller = _mapreduce(::typeof(lgamma), ::typeof(Base.add_sum), ::IndexLinear, ::Array{Float64,1}) at reduce.jl:309
└ @ Base ./reduce.jl:309
┌ Warning: `lgamma(x::Real)` is deprecated, use `(logabsgamma(x))[1]` instead.
│   caller = _mapreduce(::typeof(lgamma), ::typeof(Base.add_sum), ::IndexLinear, ::Array{Float64,1}) at reduce.jl:312
└ @ Base ./reduce.jl:312
Test Summary: | Pass  Total
Sensitivities | 3343   3343
   Testing Nabla tests passed 
