Current time is 2020-10-25T20:56:08.976
Julia Version 1.5.3-pre.13
Commit 3de1115e9c (2020-10-23 21:58 UTC)
Platform Info:
  OS: Linux (x86_64-linux-gnu)
  CPU: AMD EPYC 7502 32-Core Processor
  WORD_SIZE: 64
  LIBM: libopenlibm
  LLVM: libLLVM-9.0.1 (ORCJIT, znver2)
Environment:
  JULIA_DEPOT_PATH = ::/usr/local/share/julia
  JULIA_NUM_THREADS = 2
  JULIA_MAX_NUM_PRECOMPILE_FILES = 9223372036854775807
  JULIA_PKG_SERVER = 

Starting installation at 2020-10-25T20:56:12.661
  Resolving package versions...
  Installed RootedTrees ─ v1.0.0
Updating `~/.julia/environments/v1.5/Project.toml`
  [47965b36] + RootedTrees v1.0.0
Updating `~/.julia/environments/v1.5/Manifest.toml`
  [47965b36] + RootedTrees v1.0.0
  [8f399da3] + Libdl
  [37e2e46d] + LinearAlgebra
Starting tests at 2020-10-25T20:56:14.555
    Testing RootedTrees
Status `/tmp/jl_KvSSDY/Project.toml`
  [47965b36] RootedTrees v1.0.0
  [90137ffa] StaticArrays v0.12.4
  [37e2e46d] LinearAlgebra
  [8dfed614] Test
Status `/tmp/jl_KvSSDY/Manifest.toml`
  [47965b36] RootedTrees v1.0.0
  [90137ffa] StaticArrays v0.12.4
  [2a0f44e3] Base64
  [8ba89e20] Distributed
  [b77e0a4c] InteractiveUtils
  [8f399da3] Libdl
  [37e2e46d] LinearAlgebra
  [56ddb016] Logging
  [d6f4376e] Markdown
  [9a3f8284] Random
  [9e88b42a] Serialization
  [6462fe0b] Sockets
  [2f01184e] SparseArrays
  [10745b16] Statistics
  [8dfed614] Test
    Testing RootedTrees tests passed 
Finished at 2020-10-25T20:56:42.207
