Current time is 2020-10-25T19:24:37.703
Julia Version 1.5.3-pre.13
Commit 3de1115e9c (2020-10-23 21:58 UTC)
Platform Info:
  OS: Linux (x86_64-linux-gnu)
  CPU: AMD EPYC 7502 32-Core Processor
  WORD_SIZE: 64
  LIBM: libopenlibm
  LLVM: libLLVM-9.0.1 (ORCJIT, znver2)
Environment:
  JULIA_DEPOT_PATH = ::/usr/local/share/julia
  JULIA_NUM_THREADS = 2
  JULIA_MAX_NUM_PRECOMPILE_FILES = 9223372036854775807
  JULIA_PKG_SERVER = 

Starting installation at 2020-10-25T19:24:40.717
  Resolving package versions...
  Installed CodeTracking ─ v1.0.4
Updating `~/.julia/environments/v1.5/Project.toml`
  [da1fd8a2] + CodeTracking v1.0.4
Updating `~/.julia/environments/v1.5/Manifest.toml`
  [da1fd8a2] + CodeTracking v1.0.4
  [2a0f44e3] + Base64
  [b77e0a4c] + InteractiveUtils
  [d6f4376e] + Markdown
  [9a3f8284] + Random
  [ea8e919c] + SHA
  [9e88b42a] + Serialization
  [cf7118a7] + UUIDs
Starting tests at 2020-10-25T19:24:43.412
    Testing CodeTracking
Status `/tmp/jl_iNA9G0/Project.toml`
  [da1fd8a2] CodeTracking v1.0.4
  [3da002f7] ColorTypes v0.10.9
  [b77e0a4c] InteractiveUtils
  [37e2e46d] LinearAlgebra
  [2f01184e] SparseArrays
  [8dfed614] Test
Status `/tmp/jl_iNA9G0/Manifest.toml`
  [da1fd8a2] CodeTracking v1.0.4
  [3da002f7] ColorTypes v0.10.9
  [53c48c17] FixedPointNumbers v0.8.4
  [2a0f44e3] Base64
  [8ba89e20] Distributed
  [b77e0a4c] InteractiveUtils
  [8f399da3] Libdl
  [37e2e46d] LinearAlgebra
  [56ddb016] Logging
  [d6f4376e] Markdown
  [9a3f8284] Random
  [ea8e919c] SHA
  [9e88b42a] Serialization
  [6462fe0b] Sockets
  [2f01184e] SparseArrays
  [10745b16] Statistics
  [8dfed614] Test
  [cf7118a7] UUIDs
Test Summary:   | Pass  Total
CodeTracking.jl |   33     33
Test Summary: |
With Revise   | No tests
Test Summary:      | Pass  Total
#34 last character |    2      2
Test Summary: | Pass  Total
inline macros |    1      1
Test Summary:  | Pass  Total
kwargs methods |    2      2
Test Summary:     | Pass  Total
method extensions |    2      2
    Testing CodeTracking tests passed 
Finished at 2020-10-25T19:24:52.832
