Current time is 2020-10-25T20:45:21.383
Julia Version 1.5.3-pre.13
Commit 3de1115e9c (2020-10-23 21:58 UTC)
Platform Info:
  OS: Linux (x86_64-linux-gnu)
  CPU: AMD EPYC 7502 32-Core Processor
  WORD_SIZE: 64
  LIBM: libopenlibm
  LLVM: libLLVM-9.0.1 (ORCJIT, znver2)
Environment:
  JULIA_DEPOT_PATH = ::/usr/local/share/julia
  JULIA_NUM_THREADS = 2
  JULIA_MAX_NUM_PRECOMPILE_FILES = 9223372036854775807
  JULIA_PKG_SERVER = 

Starting installation at 2020-10-25T20:45:24.754
  Resolving package versions...
  Installed Ansillary ─ v0.1.0
Updating `~/.julia/environments/v1.5/Project.toml`
  [e36756a0] + Ansillary v0.1.0
Updating `~/.julia/environments/v1.5/Manifest.toml`
  [e36756a0] + Ansillary v0.1.0
  [2a0f44e3] + Base64
  [ade2ca70] + Dates
  [b77e0a4c] + InteractiveUtils
  [d6f4376e] + Markdown
  [de0858da] + Printf
  [3fa0cd96] + REPL
  [6462fe0b] + Sockets
  [4ec0a83e] + Unicode
Starting tests at 2020-10-25T20:45:26.816
    Testing Ansillary
Status `/tmp/jl_T5VwvX/Project.toml`
  [e36756a0] Ansillary v0.1.0
  [e30172f5] Documenter v0.25.2
  [98e50ef6] JuliaFormatter v0.10.8
  [8dfed614] Test
Status `/tmp/jl_T5VwvX/Manifest.toml`
  [e36756a0] Ansillary v0.1.0
  [00ebfdb7] CSTParser v2.5.0
  [a80b9123] CommonMark v0.6.4
  [34da2185] Compat v3.22.0
  [a8cc5b0e] Crayons v4.0.4
  [864edb3b] DataStructures v0.18.8
  [ffbed154] DocStringExtensions v0.8.3
  [e30172f5] Documenter v0.25.2
  [682c06a0] JSON v0.21.1
  [98e50ef6] JuliaFormatter v0.10.8
  [bac558e1] OrderedCollections v1.3.1
  [69de0a69] Parsers v1.0.11
  [0796e94c] Tokenize v0.5.8
  [30578b45] URIParser v0.4.1
  [2a0f44e3] Base64
  [ade2ca70] Dates
  [8bb1440f] DelimitedFiles
  [8ba89e20] Distributed
  [b77e0a4c] InteractiveUtils
  [76f85450] LibGit2
  [8f399da3] Libdl
  [37e2e46d] LinearAlgebra
  [56ddb016] Logging
  [d6f4376e] Markdown
  [a63ad114] Mmap
  [44cfe95a] Pkg
  [de0858da] Printf
  [3fa0cd96] REPL
  [9a3f8284] Random
  [ea8e919c] SHA
  [9e88b42a] Serialization
  [1a1011a3] SharedArrays
  [6462fe0b] Sockets
  [2f01184e] SparseArrays
  [10745b16] Statistics
  [8dfed614] Test
  [cf7118a7] UUIDs
  [4ec0a83e] Unicode
Formatting: Test Failed at /home/pkgeval/.julia/packages/Ansillary/R4s27/test/runtests.jl:34
  Expression: isformatted(project)
Stacktrace:
 [1] top-level scope at /home/pkgeval/.julia/packages/Ansillary/R4s27/test/runtests.jl:34
 [2] top-level scope at /workspace/srcdir/usr/share/julia/stdlib/v1.5/Test/src/Test.jl:1115
 [3] top-level scope at /home/pkgeval/.julia/packages/Ansillary/R4s27/test/runtests.jl:33
Test Summary: | Fail  Total
Formatting    |    1      1
ERROR: LoadError: Some tests did not pass: 0 passed, 1 failed, 0 errored, 0 broken.
in expression starting at /home/pkgeval/.julia/packages/Ansillary/R4s27/test/runtests.jl:32
ERROR: Package Ansillary errored during testing
Stacktrace:
 [1] pkgerror(::String) at /workspace/srcdir/usr/share/julia/stdlib/v1.5/Pkg/src/Types.jl:52
 [2] test(::Pkg.Types.Context, ::Array{Pkg.Types.PackageSpec,1}; coverage::Bool, julia_args::Cmd, test_args::Cmd, test_fn::Nothing) at /workspace/srcdir/usr/share/julia/stdlib/v1.5/Pkg/src/Operations.jl:1578
 [3] test(::Pkg.Types.Context, ::Array{Pkg.Types.PackageSpec,1}; coverage::Bool, test_fn::Nothing, julia_args::Cmd, test_args::Cmd, kwargs::Base.Iterators.Pairs{Union{},Union{},Tuple{},NamedTuple{(),Tuple{}}}) at /workspace/srcdir/usr/share/julia/stdlib/v1.5/Pkg/src/API.jl:327
 [4] test(::Pkg.Types.Context, ::Array{Pkg.Types.PackageSpec,1}) at /workspace/srcdir/usr/share/julia/stdlib/v1.5/Pkg/src/API.jl:314
 [5] #test#61 at /workspace/srcdir/usr/share/julia/stdlib/v1.5/Pkg/src/API.jl:67 [inlined]
 [6] test at /workspace/srcdir/usr/share/julia/stdlib/v1.5/Pkg/src/API.jl:67 [inlined]
 [7] #test#60 at /workspace/srcdir/usr/share/julia/stdlib/v1.5/Pkg/src/API.jl:66 [inlined]
 [8] test at /workspace/srcdir/usr/share/julia/stdlib/v1.5/Pkg/src/API.jl:66 [inlined]
 [9] test(::String; kwargs::Base.Iterators.Pairs{Union{},Union{},Tuple{},NamedTuple{(),Tuple{}}}) at /workspace/srcdir/usr/share/julia/stdlib/v1.5/Pkg/src/API.jl:65
 [10] test(::String) at /workspace/srcdir/usr/share/julia/stdlib/v1.5/Pkg/src/API.jl:65
 [11] top-level scope at none:35
