Current time is 2020-10-25T20:11:28.31
Julia Version 1.5.3-pre.13
Commit 3de1115e9c (2020-10-23 21:58 UTC)
Platform Info:
  OS: Linux (x86_64-linux-gnu)
  CPU: AMD EPYC 7502 32-Core Processor
  WORD_SIZE: 64
  LIBM: libopenlibm
  LLVM: libLLVM-9.0.1 (ORCJIT, znver2)
Environment:
  JULIA_DEPOT_PATH = ::/usr/local/share/julia
  JULIA_NUM_THREADS = 2
  JULIA_MAX_NUM_PRECOMPILE_FILES = 9223372036854775807
  JULIA_PKG_SERVER = 

Starting installation at 2020-10-25T20:11:31.851
  Resolving package versions...
  Installed PowerSystemsUnits ─ v0.2.0
  Installed Unitful ─────────── v0.15.0
Updating `~/.julia/environments/v1.5/Project.toml`
  [c279aad7] + PowerSystemsUnits v0.2.0
Updating `~/.julia/environments/v1.5/Manifest.toml`
  [c279aad7] + PowerSystemsUnits v0.2.0
  [1986cc42] + Unitful v0.15.0
  [2a0f44e3] + Base64
  [ade2ca70] + Dates
  [8ba89e20] + Distributed
  [b77e0a4c] + InteractiveUtils
  [8f399da3] + Libdl
  [37e2e46d] + LinearAlgebra
  [56ddb016] + Logging
  [d6f4376e] + Markdown
  [de0858da] + Printf
  [9a3f8284] + Random
  [9e88b42a] + Serialization
  [6462fe0b] + Sockets
  [2f01184e] + SparseArrays
  [10745b16] + Statistics
  [8dfed614] + Test
  [4ec0a83e] + Unicode
Starting tests at 2020-10-25T20:11:35.163
    Testing PowerSystemsUnits
Status `/tmp/jl_2QxyK5/Project.toml`
  [c279aad7] PowerSystemsUnits v0.2.0
  [1986cc42] Unitful v0.15.0
  [ade2ca70] Dates
  [10745b16] Statistics
  [8dfed614] Test
Status `/tmp/jl_2QxyK5/Manifest.toml`
  [c279aad7] PowerSystemsUnits v0.2.0
  [1986cc42] Unitful v0.15.0
  [2a0f44e3] Base64
  [ade2ca70] Dates
  [8ba89e20] Distributed
  [b77e0a4c] InteractiveUtils
  [8f399da3] Libdl
  [37e2e46d] LinearAlgebra
  [56ddb016] Logging
  [d6f4376e] Markdown
  [de0858da] Printf
  [9a3f8284] Random
  [9e88b42a] Serialization
  [6462fe0b] Sockets
  [2f01184e] SparseArrays
  [10745b16] Statistics
  [8dfed614] Test
  [4ec0a83e] Unicode
Test Summary:        | Pass  Total
PowerSystemsUnits.jl |    4      4
    Testing PowerSystemsUnits tests passed 
Finished at 2020-10-25T20:12:20.426
