Current time is 2020-10-25T21:33:47.513
Julia Version 1.5.3-pre.0
Commit 5905edebb1 (2020-09-24 05:09 UTC)
Platform Info:
  OS: Linux (x86_64-pc-linux-gnu)
  CPU: AMD EPYC 7502 32-Core Processor
  WORD_SIZE: 64
  LIBM: libopenlibm
  LLVM: libLLVM-9.0.1 (ORCJIT, znver2)
Environment:
  JULIA_DEPOT_PATH = ::/usr/local/share/julia
  JULIA_NUM_THREADS = 2
  JULIA_MAX_NUM_PRECOMPILE_FILES = 9223372036854775807
  JULIA_PKG_SERVER = 

Starting installation at 2020-10-25T21:33:50.533
  Resolving package versions...
  Installed OpenSpecFun_jll ────────────── v0.5.3+4
  Installed SymEngine ──────────────────── v0.6.0
  Installed RecipesBase ────────────────── v0.8.0
  Installed GPLinearODEMaker ───────────── v0.1.1
  Installed BinaryProvider ─────────────── v0.5.10
  Installed IterativeSolvers ───────────── v0.8.4
  Installed JLLWrappers ────────────────── v1.1.3
  Installed Artifacts ──────────────────── v1.3.0
  Installed CompilerSupportLibraries_jll ─ v0.3.4+0
  Installed SpecialFunctions ───────────── v0.10.3
  Installed Compat ─────────────────────── v3.22.0
Updating `~/.julia/environments/v1.5/Project.toml`
  [27ef9b34] + GPLinearODEMaker v0.1.1
Updating `~/.julia/environments/v1.5/Manifest.toml`
  [56f22d72] + Artifacts v1.3.0
  [b99e7846] + BinaryProvider v0.5.10
  [34da2185] + Compat v3.22.0
  [e66e0078] + CompilerSupportLibraries_jll v0.3.4+0
  [27ef9b34] + GPLinearODEMaker v0.1.1
  [42fd0dbc] + IterativeSolvers v0.8.4
  [692b3bcd] + JLLWrappers v1.1.3
  [efe28fd5] + OpenSpecFun_jll v0.5.3+4
  [3cdcf5f2] + RecipesBase v0.8.0
  [276daf66] + SpecialFunctions v0.10.3
  [123dc426] + SymEngine v0.6.0
  [2a0f44e3] + Base64
  [ade2ca70] + Dates
  [8bb1440f] + DelimitedFiles
  [8ba89e20] + Distributed
  [b77e0a4c] + InteractiveUtils
  [76f85450] + LibGit2
  [8f399da3] + Libdl
  [37e2e46d] + LinearAlgebra
  [56ddb016] + Logging
  [d6f4376e] + Markdown
  [a63ad114] + Mmap
  [44cfe95a] + Pkg
  [de0858da] + Printf
  [3fa0cd96] + REPL
  [9a3f8284] + Random
  [ea8e919c] + SHA
  [9e88b42a] + Serialization
  [1a1011a3] + SharedArrays
  [6462fe0b] + Sockets
  [2f01184e] + SparseArrays
  [10745b16] + Statistics
  [8dfed614] + Test
  [cf7118a7] + UUIDs
  [4ec0a83e] + Unicode
   Building SymEngine → `~/.julia/packages/SymEngine/5PS4m/deps/build.log`
Starting tests at 2020-10-25T21:34:17.454
    Testing GPLinearODEMaker
Status `/tmp/jl_VQwhQ0/Project.toml`
  [e30172f5] Documenter v0.25.2
  [27ef9b34] GPLinearODEMaker v0.1.1
  [42fd0dbc] IterativeSolvers v0.8.4
  [276daf66] SpecialFunctions v0.10.3
  [123dc426] SymEngine v0.6.0
  [8ba89e20] Distributed
  [37e2e46d] LinearAlgebra
  [9a3f8284] Random
  [1a1011a3] SharedArrays
  [10745b16] Statistics
  [8dfed614] Test
Status `/tmp/jl_VQwhQ0/Manifest.toml`
  [56f22d72] Artifacts v1.3.0
  [b99e7846] BinaryProvider v0.5.10
  [34da2185] Compat v3.22.0
  [e66e0078] CompilerSupportLibraries_jll v0.3.4+0
  [ffbed154] DocStringExtensions v0.8.3
  [e30172f5] Documenter v0.25.2
  [27ef9b34] GPLinearODEMaker v0.1.1
  [42fd0dbc] IterativeSolvers v0.8.4
  [692b3bcd] JLLWrappers v1.1.3
  [682c06a0] JSON v0.21.1
  [efe28fd5] OpenSpecFun_jll v0.5.3+4
  [69de0a69] Parsers v1.0.11
  [3cdcf5f2] RecipesBase v0.8.0
  [276daf66] SpecialFunctions v0.10.3
  [123dc426] SymEngine v0.6.0
  [2a0f44e3] Base64
  [ade2ca70] Dates
  [8bb1440f] DelimitedFiles
  [8ba89e20] Distributed
  [b77e0a4c] InteractiveUtils
  [76f85450] LibGit2
  [8f399da3] Libdl
  [37e2e46d] LinearAlgebra
  [56ddb016] Logging
  [d6f4376e] Markdown
  [a63ad114] Mmap
  [44cfe95a] Pkg
  [de0858da] Printf
  [3fa0cd96] REPL
  [9a3f8284] Random
  [ea8e919c] SHA
  [9e88b42a] Serialization
  [1a1011a3] SharedArrays
  [6462fe0b] Sockets
  [2f01184e] SparseArrays
  [10745b16] Statistics
  [8dfed614] Test
  [cf7118a7] UUIDs
  [4ec0a83e] Unicode
WARNING: importing deprecated binding Compat.invokelatest into SymEngine.
WARNING: Compat.MathConstants is deprecated, use Base.MathConstants instead.
  likely near /home/pkgeval/.julia/packages/SymEngine/5PS4m/src/SymEngine.jl:6
WARNING: Compat.MathConstants is deprecated, use Base.MathConstants instead.
  likely near /home/pkgeval/.julia/packages/SymEngine/5PS4m/src/SymEngine.jl:6
WARNING: Compat.MathConstants is deprecated, use Base.MathConstants instead.
  likely near /home/pkgeval/.julia/packages/SymEngine/5PS4m/src/SymEngine.jl:6
WARNING: Compat.MathConstants is deprecated, use Base.MathConstants instead.
  likely near /home/pkgeval/.julia/packages/SymEngine/5PS4m/src/SymEngine.jl:6
WARNING: importing deprecated binding Compat.LinearAlgebra into SymEngine.
WARNING: importing deprecated binding Compat.Libdl into SymEngine.
WARNING: Compat.LinearAlgebra is deprecated, use LinearAlgebra instead.
  likely near /home/pkgeval/.julia/packages/SymEngine/5PS4m/src/dense-matrix.jl:162
WARNING: Compat.LinearAlgebra is deprecated, use LinearAlgebra instead.
  likely near /home/pkgeval/.julia/packages/SymEngine/5PS4m/src/dense-matrix.jl:166
WARNING: Compat.LinearAlgebra is deprecated, use LinearAlgebra instead.
  likely near /home/pkgeval/.julia/packages/SymEngine/5PS4m/src/dense-matrix.jl:168
WARNING: Compat.LinearAlgebra is deprecated, use LinearAlgebra instead.
  likely near /home/pkgeval/.julia/packages/SymEngine/5PS4m/src/dense-matrix.jl:168
Testing...
ridge size:          10^-2.534759219328983
max value of array:  10^1.9444826721501687

Test Summary:           | Pass  Total
cholesky factorizations |    3      3

Test Summary:     | Pass  Total
nlogL derivatives |    3      3
    Testing GPLinearODEMaker tests passed 
Finished at 2020-10-25T21:35:35.889
