Julia Version 1.5.2-pre.0
Commit c4acbf93fb (2020-08-26 10:58 UTC)
Platform Info:
  OS: Linux (x86_64-pc-linux-gnu)
  CPU: Intel(R) Xeon(R) Silver 4114 CPU @ 2.20GHz
  WORD_SIZE: 64
  LIBM: libopenlibm
  LLVM: libLLVM-9.0.1 (ORCJIT, skylake-avx512)
Environment:
  JULIA_DEPOT_PATH = ::/usr/local/share/julia
  JULIA_NUM_THREADS = 2

  Resolving package versions...
  Installed Bzip2_jll ────────── v1.0.6+4
  Installed CodecZlib ────────── v0.7.0
  Installed Zlib_jll ─────────── v1.2.11+16
  Installed CodecBzip2 ───────── v0.7.2
  Installed MbedTLS ──────────── v1.0.2
  Installed HTTP ─────────────── v0.8.17
  Installed JSON ─────────────── v0.21.1
  Installed MathOptInterface ─── v0.9.14
  Installed IniFile ──────────── v0.5.0
  Installed MutableArithmetics ─ v0.2.10
  Installed TranscodingStreams ─ v0.9.5
  Installed BenchmarkTools ───── v0.5.0
  Installed MbedTLS_jll ──────── v2.16.8+0
  Installed JSONSchema ───────── v0.3.2
  Installed OrderedCollections ─ v1.3.0
  Installed Parsers ──────────── v1.0.10
  Installed ZipFile ──────────── v0.9.2
Updating `~/.julia/environments/v1.5/Project.toml`
  [b8f27783] + MathOptInterface v0.9.14
Updating `~/.julia/environments/v1.5/Manifest.toml`
  [6e4b80f9] + BenchmarkTools v0.5.0
  [6e34b625] + Bzip2_jll v1.0.6+4
  [523fee87] + CodecBzip2 v0.7.2
  [944b1d66] + CodecZlib v0.7.0
  [cd3eb016] + HTTP v0.8.17
  [83e8ac13] + IniFile v0.5.0
  [682c06a0] + JSON v0.21.1
  [7d188eb4] + JSONSchema v0.3.2
  [b8f27783] + MathOptInterface v0.9.14
  [739be429] + MbedTLS v1.0.2
  [c8ffd9c3] + MbedTLS_jll v2.16.8+0
  [d8a4904e] + MutableArithmetics v0.2.10
  [bac558e1] + OrderedCollections v1.3.0
  [69de0a69] + Parsers v1.0.10
  [3bb67fe8] + TranscodingStreams v0.9.5
  [a5390f91] + ZipFile v0.9.2
  [83775a58] + Zlib_jll v1.2.11+16
  [2a0f44e3] + Base64
  [ade2ca70] + Dates
  [8ba89e20] + Distributed
  [b77e0a4c] + InteractiveUtils
  [76f85450] + LibGit2
  [8f399da3] + Libdl
  [37e2e46d] + LinearAlgebra
  [56ddb016] + Logging
  [d6f4376e] + Markdown
  [a63ad114] + Mmap
  [44cfe95a] + Pkg
  [de0858da] + Printf
  [3fa0cd96] + REPL
  [9a3f8284] + Random
  [ea8e919c] + SHA
  [9e88b42a] + Serialization
  [6462fe0b] + Sockets
  [2f01184e] + SparseArrays
  [10745b16] + Statistics
  [8dfed614] + Test
  [cf7118a7] + UUIDs
  [4ec0a83e] + Unicode
    Testing MathOptInterface
Status `/tmp/jl_SZ7cbE/Project.toml`
  [6e4b80f9] BenchmarkTools v0.5.0
  [523fee87] CodecBzip2 v0.7.2
  [944b1d66] CodecZlib v0.7.0
  [682c06a0] JSON v0.21.1
  [7d188eb4] JSONSchema v0.3.2
  [b8f27783] MathOptInterface v0.9.14
  [d8a4904e] MutableArithmetics v0.2.10
  [bac558e1] OrderedCollections v1.3.0
  [37e2e46d] LinearAlgebra
  [2f01184e] SparseArrays
  [8dfed614] Test
  [4ec0a83e] Unicode
Status `/tmp/jl_SZ7cbE/Manifest.toml`
  [6e4b80f9] BenchmarkTools v0.5.0
  [6e34b625] Bzip2_jll v1.0.6+4
  [523fee87] CodecBzip2 v0.7.2
  [944b1d66] CodecZlib v0.7.0
  [cd3eb016] HTTP v0.8.17
  [83e8ac13] IniFile v0.5.0
  [682c06a0] JSON v0.21.1
  [7d188eb4] JSONSchema v0.3.2
  [b8f27783] MathOptInterface v0.9.14
  [739be429] MbedTLS v1.0.2
  [c8ffd9c3] MbedTLS_jll v2.16.8+0
  [d8a4904e] MutableArithmetics v0.2.10
  [bac558e1] OrderedCollections v1.3.0
  [69de0a69] Parsers v1.0.10
  [3bb67fe8] TranscodingStreams v0.9.5
  [a5390f91] ZipFile v0.9.2
  [83775a58] Zlib_jll v1.2.11+16
  [2a0f44e3] Base64
  [ade2ca70] Dates
  [8ba89e20] Distributed
  [b77e0a4c] InteractiveUtils
  [76f85450] LibGit2
  [8f399da3] Libdl
  [37e2e46d] LinearAlgebra
  [56ddb016] Logging
  [d6f4376e] Markdown
  [a63ad114] Mmap
  [44cfe95a] Pkg
  [de0858da] Printf
  [3fa0cd96] REPL
  [9a3f8284] Random
  [ea8e919c] SHA
  [9e88b42a] Serialization
  [6462fe0b] Sockets
  [2f01184e] SparseArrays
  [10745b16] Statistics
  [8dfed614] Test
  [cf7118a7] UUIDs
  [4ec0a83e] Unicode
Test Summary: | Pass  Total
MOI           |  306    306
(1/9) benchmarking "delete_constraint"...
done (took 2.981501046 seconds)
(2/9) benchmarking "add_variable_constraints"...
done (took 3.056738432 seconds)
(3/9) benchmarking "add_variables"...
done (took 2.802309055 seconds)
(4/9) benchmarking "add_constraint"...
done (took 2.80508466 seconds)
(5/9) benchmarking "add_variable"...
done (took 2.933474347 seconds)
(6/9) benchmarking "delete_variable_constraint"...
done (took 2.798825668 seconds)
(7/9) benchmarking "add_variable_constraint"...
done (took 2.835344705 seconds)
(8/9) benchmarking "add_constraints"...
done (took 3.086429033 seconds)
(9/9) benchmarking "delete_variable"...
done (took 3.000062344 seconds)
(1/9) benchmarking "delete_constraint"...
done (took 2.921752699 seconds)
(2/9) benchmarking "add_variable_constraints"...
done (took 3.135250235 seconds)
(3/9) benchmarking "add_variables"...
done (took 2.862454454 seconds)
(4/9) benchmarking "add_constraint"...
done (took 2.93789922 seconds)
(5/9) benchmarking "add_variable"...
done (took 2.94622484 seconds)
(6/9) benchmarking "delete_variable_constraint"...
done (took 3.078577933 seconds)
(7/9) benchmarking "add_variable_constraint"...
done (took 3.031974684 seconds)
(8/9) benchmarking "add_constraints"...
done (took 3.088575032 seconds)
(9/9) benchmarking "delete_variable"...
done (took 2.986337656 seconds)

========== Results ==========

delete_constraint
BenchmarkTools.TrialJudgement: 
  time:   -7.88% => improvement (5.00% tolerance)
  memory: +0.00% => invariant (1.00% tolerance)

add_variable_constraints
BenchmarkTools.TrialJudgement: 
  time:   +0.95% => invariant (5.00% tolerance)
  memory: +0.00% => invariant (1.00% tolerance)

add_variables
BenchmarkTools.TrialJudgement: 
  time:   +3.35% => invariant (5.00% tolerance)
  memory: +0.00% => invariant (1.00% tolerance)

add_constraint
BenchmarkTools.TrialJudgement: 
  time:   -11.19% => improvement (5.00% tolerance)
  memory: +0.00% => invariant (1.00% tolerance)

add_variable
BenchmarkTools.TrialJudgement: 
  time:   -9.66% => improvement (5.00% tolerance)
  memory: +0.00% => invariant (1.00% tolerance)

delete_variable_constraint
BenchmarkTools.TrialJudgement: 
  time:   -0.01% => invariant (5.00% tolerance)
  memory: +0.00% => invariant (1.00% tolerance)

add_variable_constraint
BenchmarkTools.TrialJudgement: 
  time:   +1.06% => invariant (5.00% tolerance)
  memory: +0.00% => invariant (1.00% tolerance)

add_constraints
BenchmarkTools.TrialJudgement: 
  time:   -25.45% => improvement (5.00% tolerance)
  memory: +0.00% => invariant (1.00% tolerance)

delete_variable
BenchmarkTools.TrialJudgement: 
  time:   -24.09% => improvement (5.00% tolerance)
  memory: +0.00% => invariant (1.00% tolerance)
Test Summary:  | Pass  Total
MOI.Benchmarks |    7      7
Testing bridge_optimizer.jl
    Took 110.3 seconds
Testing lazy_bridge_optimizer.jl
    Took 315.3 seconds
Testing /home/pkgeval/.julia/packages/MathOptInterface/bygN7/test/Bridges/Variable/bridge.jl
    Took 0.2 seconds
Testing /home/pkgeval/.julia/packages/MathOptInterface/bygN7/test/Bridges/Variable/flip_sign.jl
    Took 22.9 seconds
Testing /home/pkgeval/.julia/packages/MathOptInterface/bygN7/test/Bridges/Variable/free.jl
    Took 16.6 seconds
Testing /home/pkgeval/.julia/packages/MathOptInterface/bygN7/test/Bridges/Variable/map.jl
    Took 6.8 seconds
Testing /home/pkgeval/.julia/packages/MathOptInterface/bygN7/test/Bridges/Variable/rsoc_to_psd.jl
    Took 13.5 seconds
Testing /home/pkgeval/.julia/packages/MathOptInterface/bygN7/test/Bridges/Variable/rsoc_to_soc.jl
    Took 6.6 seconds
Testing /home/pkgeval/.julia/packages/MathOptInterface/bygN7/test/Bridges/Variable/soc_to_rsoc.jl
    Took 6.6 seconds
Testing /home/pkgeval/.julia/packages/MathOptInterface/bygN7/test/Bridges/Variable/vectorize.jl
    Took 8.6 seconds
Testing /home/pkgeval/.julia/packages/MathOptInterface/bygN7/test/Bridges/Variable/zeros.jl
    Took 5.9 seconds
Testing /home/pkgeval/.julia/packages/MathOptInterface/bygN7/test/Bridges/Constraint/bridge.jl
    Took 0.1 seconds
Testing /home/pkgeval/.julia/packages/MathOptInterface/bygN7/test/Bridges/Constraint/det.jl
    Took 23.4 seconds
Testing /home/pkgeval/.julia/packages/MathOptInterface/bygN7/test/Bridges/Constraint/flip_sign.jl
    Took 55.9 seconds
Testing /home/pkgeval/.julia/packages/MathOptInterface/bygN7/test/Bridges/Constraint/functionize.jl
    Took 21.4 seconds
Testing /home/pkgeval/.julia/packages/MathOptInterface/bygN7/test/Bridges/Constraint/geomean.jl
    Took 24.2 seconds
Testing /home/pkgeval/.julia/packages/MathOptInterface/bygN7/test/Bridges/Constraint/indicator_activate_on_zero.jl
    Took 0.9 seconds
Testing /home/pkgeval/.julia/packages/MathOptInterface/bygN7/test/Bridges/Constraint/indicator_sos.jl
    Took 14.1 seconds
Testing /home/pkgeval/.julia/packages/MathOptInterface/bygN7/test/Bridges/Constraint/interval.jl
    Took 45.1 seconds
Testing /home/pkgeval/.julia/packages/MathOptInterface/bygN7/test/Bridges/Constraint/map.jl
    Took 2.3 seconds
Testing /home/pkgeval/.julia/packages/MathOptInterface/bygN7/test/Bridges/Constraint/norm_spec_nuc_to_psd.jl
    Took 34.7 seconds
Testing /home/pkgeval/.julia/packages/MathOptInterface/bygN7/test/Bridges/Constraint/norm_to_lp.jl
    Took 40.3 seconds
Testing /home/pkgeval/.julia/packages/MathOptInterface/bygN7/test/Bridges/Constraint/quad_to_soc.jl
    Took 14.5 seconds
Testing /home/pkgeval/.julia/packages/MathOptInterface/bygN7/test/Bridges/Constraint/relentr_to_exp.jl
    Took 16.0 seconds
Testing /home/pkgeval/.julia/packages/MathOptInterface/bygN7/test/Bridges/Constraint/rsoc.jl
    Took 30.0 seconds
Testing /home/pkgeval/.julia/packages/MathOptInterface/bygN7/test/Bridges/Constraint/scalarize.jl
    Took 41.6 seconds
Testing /home/pkgeval/.julia/packages/MathOptInterface/bygN7/test/Bridges/Constraint/semi_to_binary.jl
    Took 18.3 seconds
Testing /home/pkgeval/.julia/packages/MathOptInterface/bygN7/test/Bridges/Constraint/slack.jl
    Took 38.9 seconds
Testing /home/pkgeval/.julia/packages/MathOptInterface/bygN7/test/Bridges/Constraint/soc_to_psd.jl
    Took 29.3 seconds
Testing /home/pkgeval/.julia/packages/MathOptInterface/bygN7/test/Bridges/Constraint/square.jl
    Took 16.9 seconds
Testing /home/pkgeval/.julia/packages/MathOptInterface/bygN7/test/Bridges/Constraint/vectorize.jl
    Took 33.0 seconds
Testing /home/pkgeval/.julia/packages/MathOptInterface/bygN7/test/Bridges/Objective/functionize.jl
    Took 3.4 seconds
Testing /home/pkgeval/.julia/packages/MathOptInterface/bygN7/test/Bridges/Objective/map.jl
    Took 0.5 seconds
Testing /home/pkgeval/.julia/packages/MathOptInterface/bygN7/test/Bridges/Objective/slack.jl
    Took 14.6 seconds
Test Summary: | Pass  Total
MOI.Bridges   | 8101   8101
┌ Warning: Blank name detected for variable MathOptInterface.VariableIndex(1). Renamed to x1.
└ @ MathOptInterface.FileFormats ~/.julia/packages/MathOptInterface/bygN7/src/FileFormats/utils.jl:121
┌ Warning: Duplicate name x detected for variable MathOptInterface.VariableIndex(2). Renamed to x_1.
└ @ MathOptInterface.FileFormats ~/.julia/packages/MathOptInterface/bygN7/src/FileFormats/utils.jl:124
┌ Warning: Blank name detected for constraint MathOptInterface.ConstraintIndex{MathOptInterface.SingleVariable,MathOptInterface.ZeroOne}(1). Renamed to c1.
└ @ MathOptInterface.FileFormats ~/.julia/packages/MathOptInterface/bygN7/src/FileFormats/utils.jl:71
┌ Warning: Duplicate name c detected for constraint MathOptInterface.ConstraintIndex{MathOptInterface.SingleVariable,MathOptInterface.LessThan{Float64}}(1). Renamed to c_1.
└ @ MathOptInterface.FileFormats ~/.julia/packages/MathOptInterface/bygN7/src/FileFormats/utils.jl:74
┌ Warning: Variable x is mentioned in BOUNDS, but is not mentioned in the COLUMNS section. We are ignoring it.
└ @ MathOptInterface.FileFormats.MPS ~/.julia/packages/MathOptInterface/bygN7/src/FileFormats/MPS/MPS.jl:349
Test Summary:   | Pass  Total
MOI.FileFormats |  958    958
Test Summary: | Pass  Total
MOI.Test      | 4458   4458
Test Summary: |  Pass  Broken  Total
MOI.Utilities | 15067      28  15095
    Testing MathOptInterface tests passed 
