Julia Version 1.3.1-pre.19
Commit 602e3006ec (2019-12-17 12:50 UTC)
Platform Info:
  OS: Linux (x86_64-linux-gnu)
  CPU: Intel(R) Xeon(R) Silver 4114 CPU @ 2.20GHz
  WORD_SIZE: 64
  LIBM: libopenlibm
  LLVM: libLLVM-6.0.1 (ORCJIT, skylake)
Environment:
  JULIA_DEPOT_PATH = ::/usr/local/share/julia

 Resolving package versions...
 Installed UnionFind ─ v0.1.0
  Updating `~/.julia/environments/v1.3/Project.toml`
  [99c6138d] + UnionFind v0.1.0
  Updating `~/.julia/environments/v1.3/Manifest.toml`
  [99c6138d] + UnionFind v0.1.0
  [2a0f44e3] + Base64 
  [8ba89e20] + Distributed 
  [b77e0a4c] + InteractiveUtils 
  [56ddb016] + Logging 
  [d6f4376e] + Markdown 
  [de0858da] + Printf 
  [9a3f8284] + Random 
  [9e88b42a] + Serialization 
  [6462fe0b] + Sockets 
  [8dfed614] + Test 
  [4ec0a83e] + Unicode 
   Testing UnionFind
    Status `/tmp/jl_YHreHk/Manifest.toml`
  [99c6138d] UnionFind v0.1.0
  [2a0f44e3] Base64  [`@stdlib/Base64`]
  [8ba89e20] Distributed  [`@stdlib/Distributed`]
  [b77e0a4c] InteractiveUtils  [`@stdlib/InteractiveUtils`]
  [56ddb016] Logging  [`@stdlib/Logging`]
  [d6f4376e] Markdown  [`@stdlib/Markdown`]
  [de0858da] Printf  [`@stdlib/Printf`]
  [9a3f8284] Random  [`@stdlib/Random`]
  [9e88b42a] Serialization  [`@stdlib/Serialization`]
  [6462fe0b] Sockets  [`@stdlib/Sockets`]
  [8dfed614] Test  [`@stdlib/Test`]
  [4ec0a83e] Unicode  [`@stdlib/Unicode`]
Test Summary: | Pass  Total
Polymorphism  |   10     10
Test Summary: | Pass  Total
Table         |   68     68
Test Summary: | Pass  Total
Errors        |   20     20
                                    UnionFinder  CompressedFinder
       Sparse 1,000 node graph       28 ns/edge        16 ns/node
        Dense 1,000 node graph       41 ns/edge        46 ns/node
   Sparse 1,000,000 node graph      224 ns/edge        27 ns/node
    Dense 1,000,000 node graph      256 ns/edge        58 ns/node

        Sparse 1,000 node grid       29 ns/edge      9662 ps/node
         Dense 1,000 node grid       32 ns/edge        17 ns/node
    Sparse 1,000,000 node grid      161 ns/edge        13 ns/node
     Dense 1,000,000 node grid      193 ns/edge        26 ns/node
Test Summary: |
Benchmark     | No tests
   Testing UnionFind tests passed 
