Julia Version 1.3.2-pre.0
Commit 2e6715c045 (2019-12-31 00:49 UTC)
Platform Info:
  OS: Linux (x86_64-linux-gnu)
  CPU: Intel(R) Xeon(R) Silver 4114 CPU @ 2.20GHz
  WORD_SIZE: 64
  LIBM: libopenlibm
  LLVM: libLLVM-6.0.1 (ORCJIT, skylake)
Environment:
  JULIA_DEPOT_PATH = ::/usr/local/share/julia

 Resolving package versions...
 Installed Roots ─ v0.8.4
  Updating `~/.julia/environments/v1.3/Project.toml`
  [f2b01f46] + Roots v0.8.4
  Updating `~/.julia/environments/v1.3/Manifest.toml`
  [f2b01f46] + Roots v0.8.4
  [de0858da] + Printf 
  [4ec0a83e] + Unicode 
   Testing Roots
 Resolving package versions...
 Installed OpenSpecFun_jll ── v0.5.3+1
 Installed Parsers ────────── v0.3.10
 Installed JSON ───────────── v0.21.0
 Installed SpecialFunctions ─ v0.9.0
    Status `/tmp/jl_2Xgbim/Manifest.toml`
  [682c06a0] JSON v0.21.0
  [efe28fd5] OpenSpecFun_jll v0.5.3+1
  [69de0a69] Parsers v0.3.10
  [f2b01f46] Roots v0.8.4
  [276daf66] SpecialFunctions v0.9.0
  [2a0f44e3] Base64  [`@stdlib/Base64`]
  [ade2ca70] Dates  [`@stdlib/Dates`]
  [8ba89e20] Distributed  [`@stdlib/Distributed`]
  [b77e0a4c] InteractiveUtils  [`@stdlib/InteractiveUtils`]
  [76f85450] LibGit2  [`@stdlib/LibGit2`]
  [8f399da3] Libdl  [`@stdlib/Libdl`]
  [37e2e46d] LinearAlgebra  [`@stdlib/LinearAlgebra`]
  [56ddb016] Logging  [`@stdlib/Logging`]
  [d6f4376e] Markdown  [`@stdlib/Markdown`]
  [a63ad114] Mmap  [`@stdlib/Mmap`]
  [44cfe95a] Pkg  [`@stdlib/Pkg`]
  [de0858da] Printf  [`@stdlib/Printf`]
  [3fa0cd96] REPL  [`@stdlib/REPL`]
  [9a3f8284] Random  [`@stdlib/Random`]
  [ea8e919c] SHA  [`@stdlib/SHA`]
  [9e88b42a] Serialization  [`@stdlib/Serialization`]
  [6462fe0b] Sockets  [`@stdlib/Sockets`]
  [2f01184e] SparseArrays  [`@stdlib/SparseArrays`]
  [10745b16] Statistics  [`@stdlib/Statistics`]
  [8dfed614] Test  [`@stdlib/Test`]
  [cf7118a7] UUIDs  [`@stdlib/UUIDs`]
  [4ec0a83e] Unicode  [`@stdlib/Unicode`]
Test Summary:             | Pass  Total
find_zero interface tests |   69     69
Test Summary:       | Pass  Total
find_zero internals |   97     97
Test Summary:         | Pass  Total
find_zero issue tests |   43     43
Test Summary:                       | Pass  Total
find_zero with other callable types |   24     24
Test Summary:      | Pass  Total
bracketing methods |    9      9
Test Summary: | Pass  Total
FalsePosition |  552    552
Test Summary:           | Pass  Total
derivative free methods |    9      9
Test Summary:                | Pass  Total
derivative free, non Float64 |   66     66
Test Summary:           | Pass  Total
simpler implementations |    8      8
Test Summary: | Pass  Total
find_zeros    |   34     34
Test Summary:                 | Pass  Total
find_zeros: not Float64 types |    3      3
Test Summary:      | Pass  Total
fzero(s) interface |   54     54
Test Summary:                         | Pass  Total
Test Newton, Halley, Schroder methods |   22     22
Test Summary:           | Pass  Total
simpler implementations |    8      8
   Testing Roots tests passed 
