Julia Version 1.3.1-pre.19
Commit 602e3006ec (2019-12-17 12:50 UTC)
Platform Info:
  OS: Linux (x86_64-linux-gnu)
  CPU: Intel(R) Xeon(R) Silver 4114 CPU @ 2.20GHz
  WORD_SIZE: 64
  LIBM: libopenlibm
  LLVM: libLLVM-6.0.1 (ORCJIT, skylake)
Environment:
  JULIA_DEPOT_PATH = ::/usr/local/share/julia

 Resolving package versions...
 Installed KelvinletsImage ─ v0.0.3
  Updating `~/.julia/environments/v1.3/Project.toml`
  [c268e415] + KelvinletsImage v0.0.3
  Updating `~/.julia/environments/v1.3/Manifest.toml`
  [c268e415] + KelvinletsImage v0.0.3
  [8f399da3] + Libdl 
  [37e2e46d] + LinearAlgebra 
   Testing KelvinletsImage
    Status `/tmp/jl_JMBgmE/Manifest.toml`
  [c268e415] KelvinletsImage v0.0.3
  [8f399da3] Libdl  [`@stdlib/Libdl`]
  [37e2e46d] LinearAlgebra  [`@stdlib/LinearAlgebra`]
   Testing KelvinletsImage tests passed 
