Julia Version 1.4.0-rc1.4
Commit 3ac20f95d0 (2020-01-26 14:15 UTC)
Platform Info:
  OS: Linux (x86_64-linux-gnu)
  CPU: Intel(R) Xeon(R) Silver 4114 CPU @ 2.20GHz
  WORD_SIZE: 64
  LIBM: libopenlibm
  LLVM: libLLVM-8.0.1 (ORCJIT, skylake)
Environment:
  JULIA_DEPOT_PATH = ::/usr/local/share/julia
  JULIA_NUM_THREADS = 2

  Resolving package versions...
  Installed OrderedCollections ─ v1.1.0
  Installed Classes ──────────── v0.1.1
  Installed MacroTools ───────── v0.5.3
  Installed DataStructures ───── v0.17.9
   Updating `~/.julia/environments/v1.4/Project.toml`
  [1a9c1350] + Classes v0.1.1
   Updating `~/.julia/environments/v1.4/Manifest.toml`
  [1a9c1350] + Classes v0.1.1
  [864edb3b] + DataStructures v0.17.9
  [1914dd2f] + MacroTools v0.5.3
  [bac558e1] + OrderedCollections v1.1.0
  [2a0f44e3] + Base64 
  [8ba89e20] + Distributed 
  [b77e0a4c] + InteractiveUtils 
  [56ddb016] + Logging 
  [d6f4376e] + Markdown 
  [9a3f8284] + Random 
  [9e88b42a] + Serialization 
  [6462fe0b] + Sockets 
  [8dfed614] + Test 
┌ Warning: using test/REQUIRE files is deprecated and current support is lacking in some areas
└ @ Pkg.Operations /workspace/srcdir/usr/share/julia/stdlib/v1.4/Pkg/src/Operations.jl:1413
    Testing Classes
Status `/tmp/jl_Z89BdR/Manifest.toml`
  [1a9c1350] Classes v0.1.1
  [34da2185] Compat v2.2.0
  [864edb3b] DataStructures v0.17.9
  [1914dd2f] MacroTools v0.5.3
  [bac558e1] OrderedCollections v1.1.0
  [fd094767] Suppressor v0.1.1
  [2a0f44e3] Base64 
  [ade2ca70] Dates 
  [8bb1440f] DelimitedFiles 
  [8ba89e20] Distributed 
  [b77e0a4c] InteractiveUtils 
  [76f85450] LibGit2 
  [8f399da3] Libdl 
  [37e2e46d] LinearAlgebra 
  [56ddb016] Logging 
  [d6f4376e] Markdown 
  [a63ad114] Mmap 
  [44cfe95a] Pkg 
  [de0858da] Printf 
  [3fa0cd96] REPL 
  [9a3f8284] Random 
  [ea8e919c] SHA 
  [9e88b42a] Serialization 
  [1a1011a3] SharedArrays 
  [6462fe0b] Sockets 
  [2f01184e] SparseArrays 
  [10745b16] Statistics 
  [8dfed614] Test 
  [cf7118a7] UUIDs 
  [4ec0a83e] Unicode 
Test Summary: | Pass  Total
Classes       |   33     33
    Testing Classes tests passed 
