Current time is 2020-10-25T19:51:45.912
Julia Version 1.5.3-pre.13
Commit 3de1115e9c (2020-10-23 21:58 UTC)
Platform Info:
  OS: Linux (x86_64-linux-gnu)
  CPU: AMD EPYC 7502 32-Core Processor
  WORD_SIZE: 64
  LIBM: libopenlibm
  LLVM: libLLVM-9.0.1 (ORCJIT, znver2)
Environment:
  JULIA_DEPOT_PATH = ::/usr/local/share/julia
  JULIA_NUM_THREADS = 2
  JULIA_MAX_NUM_PRECOMPILE_FILES = 9223372036854775807
  JULIA_PKG_SERVER = 

Starting installation at 2020-10-25T19:51:49.73
  Resolving package versions...
  Installed MbedTLS_jll ───────── v2.16.8+0
  Installed Crayons ───────────── v4.0.4
  Installed URIParser ─────────── v0.4.1
  Installed MbedTLS ───────────── v1.0.2
  Installed Parsers ───────────── v1.0.11
  Installed OrderedCollections ── v1.3.1
  Installed JSON ──────────────── v0.21.1
  Installed PkgPage ───────────── v0.4.0
  Installed IniFile ───────────── v0.5.0
  Installed DocStringExtensions ─ v0.8.3
  Installed NodeJS ────────────── v1.1.1
  Installed Literate ──────────── v2.7.0
  Installed LiveServer ────────── v0.5.7
  Installed FranklinUtils ─────── v0.3.4
  Installed CommonMark ────────── v0.6.4
  Installed ExprTools ─────────── v0.1.3
  Installed HTTP ──────────────── v0.8.19
  Installed Franklin ──────────── v0.10.7
  Installed FranklinTemplates ─── v0.7.6
Updating `~/.julia/environments/v1.5/Project.toml`
  [e7214860] + PkgPage v0.4.0
Updating `~/.julia/environments/v1.5/Manifest.toml`
  [a80b9123] + CommonMark v0.6.4
  [a8cc5b0e] + Crayons v4.0.4
  [ffbed154] + DocStringExtensions v0.8.3
  [e2ba6199] + ExprTools v0.1.3
  [713c75ef] + Franklin v0.10.7
  [3a985190] + FranklinTemplates v0.7.6
  [dcd8a645] + FranklinUtils v0.3.4
  [cd3eb016] + HTTP v0.8.19
  [83e8ac13] + IniFile v0.5.0
  [682c06a0] + JSON v0.21.1
  [98b081ad] + Literate v2.7.0
  [16fef848] + LiveServer v0.5.7
  [739be429] + MbedTLS v1.0.2
  [c8ffd9c3] + MbedTLS_jll v2.16.8+0
  [2bd173c7] + NodeJS v1.1.1
  [bac558e1] + OrderedCollections v1.3.1
  [69de0a69] + Parsers v1.0.11
  [e7214860] + PkgPage v0.4.0
  [30578b45] + URIParser v0.4.1
  [2a0f44e3] + Base64
  [ade2ca70] + Dates
  [8bb1440f] + DelimitedFiles
  [8ba89e20] + Distributed
  [7b1f6079] + FileWatching
  [b77e0a4c] + InteractiveUtils
  [76f85450] + LibGit2
  [8f399da3] + Libdl
  [56ddb016] + Logging
  [d6f4376e] + Markdown
  [a63ad114] + Mmap
  [44cfe95a] + Pkg
  [de0858da] + Printf
  [3fa0cd96] + REPL
  [9a3f8284] + Random
  [ea8e919c] + SHA
  [9e88b42a] + Serialization
  [6462fe0b] + Sockets
  [8dfed614] + Test
  [cf7118a7] + UUIDs
  [4ec0a83e] + Unicode
Starting tests at 2020-10-25T19:51:54.9
    Testing PkgPage
Status `/tmp/jl_P3OZJX/Project.toml`
  [a80b9123] CommonMark v0.6.4
  [a93c6f00] DataFrames v0.21.8
  [713c75ef] Franklin v0.10.7
  [dcd8a645] FranklinUtils v0.3.4
  [2bd173c7] NodeJS v1.1.1
  [e7214860] PkgPage v0.4.0
  [ade2ca70] Dates
  [44cfe95a] Pkg
  [8dfed614] Test
Status `/tmp/jl_P3OZJX/Manifest.toml`
  [324d7699] CategoricalArrays v0.8.3
  [a80b9123] CommonMark v0.6.4
  [34da2185] Compat v3.22.0
  [a8cc5b0e] Crayons v4.0.4
  [9a962f9c] DataAPI v1.3.0
  [a93c6f00] DataFrames v0.21.8
  [864edb3b] DataStructures v0.18.8
  [e2d170a0] DataValueInterfaces v1.0.0
  [ffbed154] DocStringExtensions v0.8.3
  [e2ba6199] ExprTools v0.1.3
  [713c75ef] Franklin v0.10.7
  [3a985190] FranklinTemplates v0.7.6
  [dcd8a645] FranklinUtils v0.3.4
  [cd3eb016] HTTP v0.8.19
  [83e8ac13] IniFile v0.5.0
  [41ab1584] InvertedIndices v1.0.0
  [82899510] IteratorInterfaceExtensions v1.0.0
  [682c06a0] JSON v0.21.1
  [98b081ad] Literate v2.7.0
  [16fef848] LiveServer v0.5.7
  [739be429] MbedTLS v1.0.2
  [c8ffd9c3] MbedTLS_jll v2.16.8+0
  [e1d29d7a] Missings v0.4.4
  [2bd173c7] NodeJS v1.1.1
  [bac558e1] OrderedCollections v1.3.1
  [69de0a69] Parsers v1.0.11
  [e7214860] PkgPage v0.4.0
  [2dfb63ee] PooledArrays v0.5.3
  [189a3867] Reexport v0.2.0
  [a2af1166] SortingAlgorithms v0.3.1
  [856f2bd8] StructTypes v1.1.0
  [3783bdb8] TableTraits v1.0.0
  [bd369af6] Tables v1.1.0
  [30578b45] URIParser v0.4.1
  [2a0f44e3] Base64
  [ade2ca70] Dates
  [8bb1440f] DelimitedFiles
  [8ba89e20] Distributed
  [7b1f6079] FileWatching
  [9fa8497b] Future
  [b77e0a4c] InteractiveUtils
  [76f85450] LibGit2
  [8f399da3] Libdl
  [37e2e46d] LinearAlgebra
  [56ddb016] Logging
  [d6f4376e] Markdown
  [a63ad114] Mmap
  [44cfe95a] Pkg
  [de0858da] Printf
  [3fa0cd96] REPL
  [9a3f8284] Random
  [ea8e919c] SHA
  [9e88b42a] Serialization
  [1a1011a3] SharedArrays
  [6462fe0b] Sockets
  [2f01184e] SparseArrays
  [10745b16] Statistics
  [8dfed614] Test
  [cf7118a7] UUIDs
  [4ec0a83e] Unicode
✘ Couldn't find highlight.js (``/home/pkgeval/.julia/artifacts/a42f5c72a500a8683c08a5e818d27a104fc9cd5a/bin/node` -e "require('highlight.js')"` failed).
→ It is required for pre-rendering highlight.js but is not necessary to run Franklin (cf docs).
✘ Couldn't find css_html_js_minify (`SubString{String}["python3"] -m "import css_html_js_minify"` failed).
→ It is required for minification but is not necessary to run Franklin (cf docs).
→ After installing any missing component, please re-build the package (cf docs).
Test Summary: | Pass  Total
lx_lead       |    1      1
Test Summary: | Pass  Total
lx_alert      |    1      1
Test Summary: | Pass  Total
lx_figure     |    2      2
Test Summary: | Pass  Total
env_table     |    1      1
Test Summary: | Pass  Total
env_column    |    1      1
Test Summary: | Pass  Total
env_section   |    1      1
→ Initial full pass...
→ evaluating code [ex] in (index.md)                                            npm WARN saveError ENOENT: no such file or directory, open '/tmp/jl_xJY7fZ/package.json'
npm notice created a lockfile as package-lock.json. You should commit this file.
npm WARN enoent ENOENT: no such file or directory, open '/tmp/jl_xJY7fZ/package.json'
npm WARN jl_xJY7fZ No description
npm WARN jl_xJY7fZ No repository field.
npm WARN jl_xJY7fZ No README data
npm WARN jl_xJY7fZ No license field.

+ purgecss@3.0.0
+ highlight.js@10.3.1
added 29 packages from 332 contributors and audited 29 packages in 2.363s
found 0 vulnerabilities

→ Full pass (no pre-rendering)     [done  10.8s]                               
/usr/bin/env: 'node': No such file or directory
optimize: Error During Test at /home/pkgeval/.julia/packages/PkgPage/QlAZy/test/instantiate.jl:35
  Got exception outside of a @test
  failed process: Process(`/tmp/jl_xJY7fZ/node_modules/purgecss/bin/purgecss.js --css __site/css/bootstrap.min.css --content __site/index.html --output __site/css/bootstrap.min.css`, ProcessExited(127)) [127]
  
  Stacktrace:
   [1] pipeline_error at ./process.jl:525 [inlined]
   [2] run(::Cmd; wait::Bool) at ./process.jl:440
   [3] run at ./process.jl:438 [inlined]
   [4] optimize(; input::String, output::String, purge::Bool, kw::Base.Iterators.Pairs{Symbol,Bool,Tuple{Symbol},NamedTuple{(:prerender,),Tuple{Bool}}}) at /home/pkgeval/.julia/packages/PkgPage/QlAZy/src/instantiate.jl:111
   [5] top-level scope at /home/pkgeval/.julia/packages/PkgPage/QlAZy/test/instantiate.jl:36
   [6] top-level scope at /workspace/srcdir/usr/share/julia/stdlib/v1.5/Test/src/Test.jl:1115
   [7] top-level scope at /home/pkgeval/.julia/packages/PkgPage/QlAZy/test/instantiate.jl:36
   [8] top-level scope at /workspace/srcdir/usr/share/julia/stdlib/v1.5/Test/src/Test.jl:1115
   [9] top-level scope at /home/pkgeval/.julia/packages/PkgPage/QlAZy/test/instantiate.jl:2
   [10] include(::String) at ./client.jl:457
   [11] top-level scope at /home/pkgeval/.julia/packages/PkgPage/QlAZy/test/runtests.jl:16
   [12] include(::String) at ./client.jl:457
   [13] top-level scope at none:6
   [14] eval(::Module, ::Any) at ./boot.jl:331
   [15] exec_options(::Base.JLOptions) at ./client.jl:272
   [16] _start() at ./client.jl:506
  
 Activating environment at `/tmp/jl_P3OZJX/Project.toml`
Test Summary: | Pass  Error  Total
instantiation |   14      1     15
  newpage     |    6             6
  cd          |    4             4
  serve       |    4             4
  optimize    |           1      1
ERROR: LoadError: LoadError: Some tests did not pass: 14 passed, 0 failed, 1 errored, 0 broken.
in expression starting at /home/pkgeval/.julia/packages/PkgPage/QlAZy/test/instantiate.jl:1
in expression starting at /home/pkgeval/.julia/packages/PkgPage/QlAZy/test/runtests.jl:16
ERROR: Package PkgPage errored during testing
Stacktrace:
 [1] pkgerror(::String) at /workspace/srcdir/usr/share/julia/stdlib/v1.5/Pkg/src/Types.jl:52
 [2] test(::Pkg.Types.Context, ::Array{Pkg.Types.PackageSpec,1}; coverage::Bool, julia_args::Cmd, test_args::Cmd, test_fn::Nothing) at /workspace/srcdir/usr/share/julia/stdlib/v1.5/Pkg/src/Operations.jl:1578
 [3] test(::Pkg.Types.Context, ::Array{Pkg.Types.PackageSpec,1}; coverage::Bool, test_fn::Nothing, julia_args::Cmd, test_args::Cmd, kwargs::Base.Iterators.Pairs{Union{},Union{},Tuple{},NamedTuple{(),Tuple{}}}) at /workspace/srcdir/usr/share/julia/stdlib/v1.5/Pkg/src/API.jl:327
 [4] test(::Pkg.Types.Context, ::Array{Pkg.Types.PackageSpec,1}) at /workspace/srcdir/usr/share/julia/stdlib/v1.5/Pkg/src/API.jl:314
 [5] #test#61 at /workspace/srcdir/usr/share/julia/stdlib/v1.5/Pkg/src/API.jl:67 [inlined]
 [6] test at /workspace/srcdir/usr/share/julia/stdlib/v1.5/Pkg/src/API.jl:67 [inlined]
 [7] #test#60 at /workspace/srcdir/usr/share/julia/stdlib/v1.5/Pkg/src/API.jl:66 [inlined]
 [8] test at /workspace/srcdir/usr/share/julia/stdlib/v1.5/Pkg/src/API.jl:66 [inlined]
 [9] test(::String; kwargs::Base.Iterators.Pairs{Union{},Union{},Tuple{},NamedTuple{(),Tuple{}}}) at /workspace/srcdir/usr/share/julia/stdlib/v1.5/Pkg/src/API.jl:65
 [10] test(::String) at /workspace/srcdir/usr/share/julia/stdlib/v1.5/Pkg/src/API.jl:65
 [11] top-level scope at none:35
