Julia Version 1.5.2-pre.0
Commit c4acbf93fb (2020-08-26 10:58 UTC)
Platform Info:
  OS: Linux (x86_64-pc-linux-gnu)
  CPU: Intel(R) Xeon(R) Silver 4114 CPU @ 2.20GHz
  WORD_SIZE: 64
  LIBM: libopenlibm
  LLVM: libLLVM-9.0.1 (ORCJIT, skylake-avx512)
Environment:
  JULIA_DEPOT_PATH = ::/usr/local/share/julia
  JULIA_NUM_THREADS = 2

  Resolving package versions...
  Installed DimArrays ─── v0.2.1
  Installed Requires ──── v0.5.2
  Installed RecipesBase ─ v0.8.0
  Installed Lazy ──────── v0.15.1
  Installed MacroTools ── v0.5.5
Updating `~/.julia/environments/v1.5/Project.toml`
  [afd54cf4] + DimArrays v0.2.1
Updating `~/.julia/environments/v1.5/Manifest.toml`
  [afd54cf4] + DimArrays v0.2.1
  [50d2b5c4] + Lazy v0.15.1
  [1914dd2f] + MacroTools v0.5.5
  [3cdcf5f2] + RecipesBase v0.8.0
  [ae029012] + Requires v0.5.2
  [2a0f44e3] + Base64
  [8ba89e20] + Distributed
  [b77e0a4c] + InteractiveUtils
  [8f399da3] + Libdl
  [37e2e46d] + LinearAlgebra
  [56ddb016] + Logging
  [d6f4376e] + Markdown
  [9a3f8284] + Random
  [9e88b42a] + Serialization
  [6462fe0b] + Sockets
  [2f01184e] + SparseArrays
  [10745b16] + Statistics
  [8dfed614] + Test
    Testing DimArrays
Status `/tmp/jl_GvJ7Tp/Project.toml`
  [afd54cf4] DimArrays v0.2.1
  [50d2b5c4] Lazy v0.15.1
  [3cdcf5f2] RecipesBase v0.8.0
  [ae029012] Requires v0.5.2
  [37e2e46d] LinearAlgebra
  [10745b16] Statistics
  [8dfed614] Test
Status `/tmp/jl_GvJ7Tp/Manifest.toml`
  [afd54cf4] DimArrays v0.2.1
  [50d2b5c4] Lazy v0.15.1
  [1914dd2f] MacroTools v0.5.5
  [3cdcf5f2] RecipesBase v0.8.0
  [ae029012] Requires v0.5.2
  [2a0f44e3] Base64
  [8ba89e20] Distributed
  [b77e0a4c] InteractiveUtils
  [8f399da3] Libdl
  [37e2e46d] LinearAlgebra
  [56ddb016] Logging
  [d6f4376e] Markdown
  [9a3f8284] Random
  [9e88b42a] Serialization
  [6462fe0b] Sockets
  [2f01184e] SparseArrays
  [10745b16] Statistics
  [8dfed614] Test
    Testing DimArrays tests passed 
