Current time is 2020-10-25T23:21:41.61
Julia Version 1.5.3-pre.0
Commit 5905edebb1 (2020-09-24 05:09 UTC)
Platform Info:
  OS: Linux (x86_64-pc-linux-gnu)
  CPU: AMD EPYC 7502 32-Core Processor
  WORD_SIZE: 64
  LIBM: libopenlibm
  LLVM: libLLVM-9.0.1 (ORCJIT, znver2)
Environment:
  JULIA_DEPOT_PATH = ::/usr/local/share/julia
  JULIA_NUM_THREADS = 2
  JULIA_MAX_NUM_PRECOMPILE_FILES = 9223372036854775807
  JULIA_PKG_SERVER = 

Starting installation at 2020-10-25T23:21:44.818
  Resolving package versions...
  Installed libsodium_jll ─ v1.0.18+1
  Installed Sodium ──────── v1.1.1
Updating `~/.julia/environments/v1.5/Project.toml`
  [4f5b5e99] + Sodium v1.1.1
Updating `~/.julia/environments/v1.5/Manifest.toml`
  [4f5b5e99] + Sodium v1.1.1
  [a9144af2] + libsodium_jll v1.0.18+1
  [2a0f44e3] + Base64
  [ade2ca70] + Dates
  [b77e0a4c] + InteractiveUtils
  [76f85450] + LibGit2
  [8f399da3] + Libdl
  [56ddb016] + Logging
  [d6f4376e] + Markdown
  [44cfe95a] + Pkg
  [de0858da] + Printf
  [3fa0cd96] + REPL
  [9a3f8284] + Random
  [ea8e919c] + SHA
  [9e88b42a] + Serialization
  [6462fe0b] + Sockets
  [cf7118a7] + UUIDs
  [4ec0a83e] + Unicode
Starting tests at 2020-10-25T23:21:47.194
    Testing Sodium
Status `/tmp/jl_35qJIh/Project.toml`
  [4f5b5e99] Sodium v1.1.1
  [a9144af2] libsodium_jll v1.0.18+1
  [2a0f44e3] Base64
  [8dfed614] Test
Status `/tmp/jl_35qJIh/Manifest.toml`
  [4f5b5e99] Sodium v1.1.1
  [a9144af2] libsodium_jll v1.0.18+1
  [2a0f44e3] Base64
  [ade2ca70] Dates
  [8ba89e20] Distributed
  [b77e0a4c] InteractiveUtils
  [76f85450] LibGit2
  [8f399da3] Libdl
  [56ddb016] Logging
  [d6f4376e] Markdown
  [44cfe95a] Pkg
  [de0858da] Printf
  [3fa0cd96] REPL
  [9a3f8284] Random
  [ea8e919c] SHA
  [9e88b42a] Serialization
  [6462fe0b] Sockets
  [8dfed614] Test
  [cf7118a7] UUIDs
  [4ec0a83e] Unicode
[ Info: libsodium library version : 1.0.18
Test Summary: | Pass  Total
Sodium        |    1      1
Test Summary: | Pass  Total
Sealed boxes  |    4      4
┌ Warning: You need to cleanup the message yourself
└ @ Sodium ~/.julia/packages/Sodium/24tVd/src/crypto.jl:39
Test Summary:            | Pass  Total
Sealed boxes convenience |    3      3
    Testing Sodium tests passed 
Finished at 2020-10-25T23:21:58.216
