Julia Version 1.4.0
Commit b8e9a9ecc6 (2020-03-21 16:36 UTC)
Platform Info:
  OS: Linux (x86_64-linux-gnu)
  CPU: Intel(R) Xeon(R) Silver 4114 CPU @ 2.20GHz
  WORD_SIZE: 64
  LIBM: libopenlibm
  LLVM: libLLVM-8.0.1 (ORCJIT, skylake)
Environment:
  JULIA_DEPOT_PATH = ::/usr/local/share/julia
  JULIA_NUM_THREADS = 2

  Resolving package versions...
  Installed Adapt ────────────── v1.0.1
  Installed CEnum ────────────── v0.2.0
  Installed AbstractFFTs ─────── v0.5.0
  Installed LRUCache ─────────── v1.1.0
  Installed OrderedCollections ─ v1.1.0
  Installed MacroTools ───────── v0.5.5
  Installed BinaryProvider ───── v0.5.8
  Installed TensorOperations ─── v2.1.4
  Installed Requires ─────────── v1.0.1
  Installed Strided ──────────── v0.3.3
  Installed TimerOutputs ─────── v0.5.3
  Installed TupleTools ───────── v1.2.0
  Installed GPUArrays ────────── v2.0.1
  Installed DataStructures ───── v0.17.11
  Installed LLVM ─────────────── v1.3.4
  Installed CuArrays ─────────── v1.7.3
  Installed CUDAnative ───────── v2.10.2
  Installed CUDAapi ──────────── v3.1.0
  Installed NNlib ────────────── v0.6.6
  Installed CUDAdrv ──────────── v6.0.0
   Updating `~/.julia/environments/v1.4/Project.toml`
  [6aa20fa7] + TensorOperations v2.1.4
   Updating `~/.julia/environments/v1.4/Manifest.toml`
  [621f4979] + AbstractFFTs v0.5.0
  [79e6a3ab] + Adapt v1.0.1
  [b99e7846] + BinaryProvider v0.5.8
  [fa961155] + CEnum v0.2.0
  [3895d2a7] + CUDAapi v3.1.0
  [c5f51814] + CUDAdrv v6.0.0
  [be33ccc6] + CUDAnative v2.10.2
  [3a865a2d] + CuArrays v1.7.3
  [864edb3b] + DataStructures v0.17.11
  [0c68f7d7] + GPUArrays v2.0.1
  [929cbde3] + LLVM v1.3.4
  [8ac3fa9e] + LRUCache v1.1.0
  [1914dd2f] + MacroTools v0.5.5
  [872c559c] + NNlib v0.6.6
  [bac558e1] + OrderedCollections v1.1.0
  [ae029012] + Requires v1.0.1
  [5e0ebb24] + Strided v0.3.3
  [6aa20fa7] + TensorOperations v2.1.4
  [a759f4b9] + TimerOutputs v0.5.3
  [9d95972d] + TupleTools v1.2.0
  [2a0f44e3] + Base64 
  [8ba89e20] + Distributed 
  [b77e0a4c] + InteractiveUtils 
  [8f399da3] + Libdl 
  [37e2e46d] + LinearAlgebra 
  [56ddb016] + Logging 
  [d6f4376e] + Markdown 
  [de0858da] + Printf 
  [9a3f8284] + Random 
  [ea8e919c] + SHA 
  [9e88b42a] + Serialization 
  [6462fe0b] + Sockets 
  [2f01184e] + SparseArrays 
  [10745b16] + Statistics 
  [8dfed614] + Test 
  [cf7118a7] + UUIDs 
  [4ec0a83e] + Unicode 
   Building NNlib → `~/.julia/packages/NNlib/FAI3o/deps/build.log`
    Testing TensorOperations
Status `/tmp/jl_3sESNQ/Manifest.toml`
  [621f4979] AbstractFFTs v0.5.0
  [79e6a3ab] Adapt v1.0.1
  [b99e7846] BinaryProvider v0.5.8
  [fa961155] CEnum v0.2.0
  [3895d2a7] CUDAapi v3.1.0
  [c5f51814] CUDAdrv v6.0.0
  [be33ccc6] CUDAnative v2.10.2
  [3a865a2d] CuArrays v1.7.3
  [864edb3b] DataStructures v0.17.11
  [0c68f7d7] GPUArrays v2.0.1
  [929cbde3] LLVM v1.3.4
  [8ac3fa9e] LRUCache v1.1.0
  [1914dd2f] MacroTools v0.5.5
  [872c559c] NNlib v0.6.6
  [bac558e1] OrderedCollections v1.1.0
  [ae029012] Requires v1.0.1
  [5e0ebb24] Strided v0.3.3
  [6aa20fa7] TensorOperations v2.1.4
  [a759f4b9] TimerOutputs v0.5.3
  [9d95972d] TupleTools v1.2.0
  [2a0f44e3] Base64 
  [8ba89e20] Distributed 
  [b77e0a4c] InteractiveUtils 
  [8f399da3] Libdl 
  [37e2e46d] LinearAlgebra 
  [56ddb016] Logging 
  [d6f4376e] Markdown 
  [de0858da] Printf 
  [9a3f8284] Random 
  [ea8e919c] SHA 
  [9e88b42a] Serialization 
  [6462fe0b] Sockets 
  [2f01184e] SparseArrays 
  [10745b16] Statistics 
  [8dfed614] Test 
  [cf7118a7] UUIDs 
  [4ec0a83e] Unicode 
┌ Warning: Incompatibility detected between CUDA and LLVM 8.0+; disabling debug info emission for CUDA kernels
└ @ CUDAnative ~/.julia/packages/CUDAnative/hfulr/src/CUDAnative.jl:114
Test Summary:                          | Pass  Total
Method syntax with BLAS and with cache |   32     32
tensorcopy: 1.1272549629211426 seconds
tensoradd: 1.042421817779541 seconds
tensortrace: 2.175913095474243 seconds
tensorcontract 1: 7.9549620151519775 seconds
tensorcontract 2: 14.336745977401733 seconds
tensorcontract 3: 41.376731157302856 seconds
views: 1.702538013458252 seconds
more views: 2.6247551441192627 seconds
even more views: 1.0546648502349854 seconds
and some more views: 8.777127981185913 seconds
Float32 views: 0.4366638660430908 seconds
readme example: 42.19762897491455 seconds
tensor network examples: 167.6145179271698 seconds
diagonal examples: 107.97092509269714 seconds
Test Summary:                           | Pass  Total
Index Notation with BLAS and with cache |  280    280
Test Summary:                             | Pass  Total
Method syntax with BLAS and without cache |   32     32
tensorcopy: 0.0019299983978271484 seconds
tensoradd: 0.0007920265197753906 seconds
tensortrace: 0.060936927795410156 seconds
tensorcontract 1: 0.7222239971160889 seconds
tensorcontract 2: 0.17503809928894043 seconds
tensorcontract 3: 13.948498010635376 seconds
views: 0.11334705352783203 seconds
more views: 0.10647702217102051 seconds
even more views: 0.006927967071533203 seconds
and some more views: 0.4777688980102539 seconds
Float32 views: 0.5029640197753906 seconds
readme example: 0.08670496940612793 seconds
tensor network examples: 0.4363219738006592 seconds
diagonal examples: 1.7094330787658691 seconds
Test Summary:                              | Pass  Total
Index Notation with BLAS and without cache |  280    280
Test Summary:                                | Pass  Total
Method syntax without BLAS and without cache |   32     32
tensorcopy: 0.0012469291687011719 seconds
tensoradd: 0.0007197856903076172 seconds
tensortrace: 0.06670713424682617 seconds
tensorcontract 1: 0.7747740745544434 seconds
tensorcontract 2: 0.039422035217285156 seconds
tensorcontract 3: 13.122780084609985 seconds
views: 0.08923101425170898 seconds
more views: 0.2275540828704834 seconds
even more views: 0.005619049072265625 seconds
and some more views: 0.7007360458374023 seconds
Float32 views: 0.36822509765625 seconds
readme example: 2.6866798400878906 seconds
tensor network examples: 16.503222942352295 seconds
diagonal examples: 3.6237380504608154 seconds
Test Summary:                                 | Pass  Total
Index Notation without BLAS and without cache |  280    280
ERROR: LoadError: LoadError: LoadError: UndefVarError: @cutensor not defined
Stacktrace:
 [1] top-level scope
 [2] include(::String) at ./client.jl:439
 [3] top-level scope at /home/pkgeval/.julia/packages/TensorOperations/PuhjE/test/runtests.jl:23
 [4] include(::String) at ./client.jl:439
 [5] top-level scope at none:6
in expression starting at /home/pkgeval/.julia/packages/TensorOperations/PuhjE/test/cutensor.jl:6
in expression starting at /home/pkgeval/.julia/packages/TensorOperations/PuhjE/test/cutensor.jl:1
in expression starting at /home/pkgeval/.julia/packages/TensorOperations/PuhjE/test/runtests.jl:22
ERROR: Package TensorOperations errored during testing
Stacktrace:
 [1] pkgerror(::String, ::Vararg{String,N} where N) at /workspace/srcdir/usr/share/julia/stdlib/v1.4/Pkg/src/Types.jl:53
 [2] test(::Pkg.Types.Context, ::Array{Pkg.Types.PackageSpec,1}; coverage::Bool, julia_args::Cmd, test_args::Cmd, test_fn::Nothing) at /workspace/srcdir/usr/share/julia/stdlib/v1.4/Pkg/src/Operations.jl:1503
 [3] test(::Pkg.Types.Context, ::Array{Pkg.Types.PackageSpec,1}; coverage::Bool, test_fn::Nothing, julia_args::Cmd, test_args::Cmd, kwargs::Base.Iterators.Pairs{Union{},Union{},Tuple{},NamedTuple{(),Tuple{}}}) at /workspace/srcdir/usr/share/julia/stdlib/v1.4/Pkg/src/API.jl:316
 [4] test(::Pkg.Types.Context, ::Array{Pkg.Types.PackageSpec,1}) at /workspace/srcdir/usr/share/julia/stdlib/v1.4/Pkg/src/API.jl:303
 [5] #test#68 at /workspace/srcdir/usr/share/julia/stdlib/v1.4/Pkg/src/API.jl:297 [inlined]
 [6] test at /workspace/srcdir/usr/share/julia/stdlib/v1.4/Pkg/src/API.jl:297 [inlined]
 [7] #test#67 at /workspace/srcdir/usr/share/julia/stdlib/v1.4/Pkg/src/API.jl:296 [inlined]
 [8] test at /workspace/srcdir/usr/share/julia/stdlib/v1.4/Pkg/src/API.jl:296 [inlined]
 [9] test(::String; kwargs::Base.Iterators.Pairs{Union{},Union{},Tuple{},NamedTuple{(),Tuple{}}}) at /workspace/srcdir/usr/share/julia/stdlib/v1.4/Pkg/src/API.jl:295
 [10] test(::String) at /workspace/srcdir/usr/share/julia/stdlib/v1.4/Pkg/src/API.jl:295
 [11] top-level scope at none:16
