Current time is 2020-10-25T23:25:20.96
Julia Version 1.5.3-pre.13
Commit 3de1115e9c (2020-10-23 21:58 UTC)
Platform Info:
  OS: Linux (x86_64-linux-gnu)
  CPU: AMD EPYC 7502 32-Core Processor
  WORD_SIZE: 64
  LIBM: libopenlibm
  LLVM: libLLVM-9.0.1 (ORCJIT, znver2)
Environment:
  JULIA_DEPOT_PATH = ::/usr/local/share/julia
  JULIA_NUM_THREADS = 2
  JULIA_MAX_NUM_PRECOMPILE_FILES = 9223372036854775807
  JULIA_PKG_SERVER = 

Starting installation at 2020-10-25T23:25:24.077
  Resolving package versions...
  Installed PrettyPrinting ─ v0.2.0
Updating `~/.julia/environments/v1.5/Project.toml`
  [54e16d92] + PrettyPrinting v0.2.0
Updating `~/.julia/environments/v1.5/Manifest.toml`
  [54e16d92] + PrettyPrinting v0.2.0
Starting tests at 2020-10-25T23:25:27.133
    Testing PrettyPrinting
Status `/tmp/jl_NQGXZ0/Project.toml`
  [a2441757] Coverage v1.1.1
  [9563631e] NarrativeTest v0.5.0
  [54e16d92] PrettyPrinting v0.2.0
Status `/tmp/jl_NQGXZ0/Manifest.toml`
  [a2441757] Coverage v1.1.1
  [c36e975a] CoverageTools v1.1.0
  [cd3eb016] HTTP v0.8.19
  [83e8ac13] IniFile v0.5.0
  [682c06a0] JSON v0.21.1
  [739be429] MbedTLS v1.0.2
  [c8ffd9c3] MbedTLS_jll v2.16.8+0
  [9563631e] NarrativeTest v0.5.0
  [69de0a69] Parsers v1.0.11
  [54e16d92] PrettyPrinting v0.2.0
  [2a0f44e3] Base64
  [ade2ca70] Dates
  [8ba89e20] Distributed
  [b77e0a4c] InteractiveUtils
  [76f85450] LibGit2
  [8f399da3] Libdl
  [56ddb016] Logging
  [d6f4376e] Markdown
  [a63ad114] Mmap
  [44cfe95a] Pkg
  [de0858da] Printf
  [3fa0cd96] REPL
  [9a3f8284] Random
  [ea8e919c] SHA
  [9e88b42a] Serialization
  [6462fe0b] Sockets
  [8dfed614] Test
  [cf7118a7] UUIDs
  [4ec0a83e] Unicode
~~~~~~~~~~~~~~~~~~~~~~~~~~~~~~~~~~~~~~~~~~~~~~~~~~~~~~~~~~~~~~~~~~~~~~~~
Test failed at ../doc/src/index.md, line 201:
    struct Node
        name::Symbol
        arms::Vector{Node}
    end

    Node(name) = Node(name, [])

    tree =
        Node(:a, [Node(:an, [Node(:anchor, [Node(:anchorage),
                                            Node(:anchorite)]),
                             Node(:anchovy),
                             Node(:antic, [Node(:anticipation)])]),
                  Node(:arc, [Node(:arch, [Node(:archduke),
                                           Node(:archer)])]),
                  Node(:awl)])
Expected output:
    Node(:a, Main.index.md.Node[ … ])
Actual output:
    Node(:a, DocSrcIndexMd.Node[Node(:an, DocSrcIndexMd.Node[Node(:anchor, DocSrcIndexMd.Node[Node(:anchorage, DocSrcIndexMd.Node[]), Node(:anchorite, DocSrcIndexMd.Node[])]), Node(:anchovy, DocSrcIndexMd.Node[]), Node(:antic, DocSrcIndexMd.Node[Node(:anticipation, DocSrcIndexMd.Node[])])]), Node(:arc, DocSrcIndexMd.Node[Node(:arch, DocSrcIndexMd.Node[Node(:archduke, DocSrcIndexMd.Node[]), Node(:archer, DocSrcIndexMd.Node[])])]), Node(:awl, DocSrcIndexMd.Node[])])
~~~~~~~~~~~~~~~~~~~~~~~~~~~~~~~~~~~~~~~~~~~~~~~~~~~~~~~~~~~~~~~~~~~~~~~~
Tests passed: 59
Tests failed: 1
TESTING UNSUCCESSFUL!
ERROR: Package PrettyPrinting errored during testing
Stacktrace:
 [1] pkgerror(::String) at /workspace/srcdir/usr/share/julia/stdlib/v1.5/Pkg/src/Types.jl:52
 [2] test(::Pkg.Types.Context, ::Array{Pkg.Types.PackageSpec,1}; coverage::Bool, julia_args::Cmd, test_args::Cmd, test_fn::Nothing) at /workspace/srcdir/usr/share/julia/stdlib/v1.5/Pkg/src/Operations.jl:1578
 [3] test(::Pkg.Types.Context, ::Array{Pkg.Types.PackageSpec,1}; coverage::Bool, test_fn::Nothing, julia_args::Cmd, test_args::Cmd, kwargs::Base.Iterators.Pairs{Union{},Union{},Tuple{},NamedTuple{(),Tuple{}}}) at /workspace/srcdir/usr/share/julia/stdlib/v1.5/Pkg/src/API.jl:327
 [4] test(::Pkg.Types.Context, ::Array{Pkg.Types.PackageSpec,1}) at /workspace/srcdir/usr/share/julia/stdlib/v1.5/Pkg/src/API.jl:314
 [5] #test#61 at /workspace/srcdir/usr/share/julia/stdlib/v1.5/Pkg/src/API.jl:67 [inlined]
 [6] test at /workspace/srcdir/usr/share/julia/stdlib/v1.5/Pkg/src/API.jl:67 [inlined]
 [7] #test#60 at /workspace/srcdir/usr/share/julia/stdlib/v1.5/Pkg/src/API.jl:66 [inlined]
 [8] test at /workspace/srcdir/usr/share/julia/stdlib/v1.5/Pkg/src/API.jl:66 [inlined]
 [9] test(::String; kwargs::Base.Iterators.Pairs{Union{},Union{},Tuple{},NamedTuple{(),Tuple{}}}) at /workspace/srcdir/usr/share/julia/stdlib/v1.5/Pkg/src/API.jl:65
 [10] test(::String) at /workspace/srcdir/usr/share/julia/stdlib/v1.5/Pkg/src/API.jl:65
 [11] top-level scope at none:35
