Julia Version 1.4.2-pre.13
Commit 58353fd273 (2020-05-10 17:03 UTC)
Platform Info:
  OS: Linux (x86_64-linux-gnu)
  CPU: Intel(R) Xeon(R) Silver 4114 CPU @ 2.20GHz
  WORD_SIZE: 64
  LIBM: libopenlibm
  LLVM: libLLVM-8.0.1 (ORCJIT, skylake)
Environment:
  JULIA_DEPOT_PATH = ::/usr/local/share/julia
  JULIA_NUM_THREADS = 2

  Resolving package versions...
  Installed Requires ─ v1.0.1
  Installed GCMAES ─── v0.1.4
  Installed BSON ───── v0.2.6
   Updating `~/.julia/environments/v1.4/Project.toml`
  [4aa9d100] + GCMAES v0.1.4
   Updating `~/.julia/environments/v1.4/Manifest.toml`
  [fbb218c0] + BSON v0.2.6
  [4aa9d100] + GCMAES v0.1.4
  [ae029012] + Requires v1.0.1
  [ade2ca70] + Dates 
  [8ba89e20] + Distributed 
  [8f399da3] + Libdl 
  [37e2e46d] + LinearAlgebra 
  [de0858da] + Printf 
  [9a3f8284] + Random 
  [ea8e919c] + SHA 
  [9e88b42a] + Serialization 
  [6462fe0b] + Sockets 
  [2f01184e] + SparseArrays 
  [10745b16] + Statistics 
  [cf7118a7] + UUIDs 
  [4ec0a83e] + Unicode 
    Testing GCMAES
Status `/tmp/jl_exaBj5/Manifest.toml`
  [621f4979] AbstractFFTs v0.5.0
  [4c555306] ArrayLayouts v0.2.6
  [fbb218c0] BSON v0.2.6
  [b99e7846] BinaryProvider v0.5.9
  [bbf7d656] CommonSubexpressions v0.2.0
  [e66e0078] CompilerSupportLibraries_jll v0.3.3+0
  [163ba53b] DiffResults v1.0.2
  [b552c78f] DiffRules v1.0.1
  [1a297f60] FillArrays v0.8.9
  [f6369f11] ForwardDiff v0.10.10
  [4aa9d100] GCMAES v0.1.4
  [7869d1d1] IRTools v0.3.2
  [1914dd2f] MacroTools v0.5.5
  [872c559c] NNlib v0.6.6
  [77ba4419] NaNMath v0.3.3
  [efe28fd5] OpenSpecFun_jll v0.5.3+3
  [ae029012] Requires v1.0.1
  [276daf66] SpecialFunctions v0.10.0
  [90137ffa] StaticArrays v0.12.3
  [e88e6eb3] Zygote v0.4.20
  [700de1a5] ZygoteRules v0.2.0
  [2a0f44e3] Base64 
  [ade2ca70] Dates 
  [8ba89e20] Distributed 
  [9fa8497b] Future 
  [b77e0a4c] InteractiveUtils 
  [76f85450] LibGit2 
  [8f399da3] Libdl 
  [37e2e46d] LinearAlgebra 
  [56ddb016] Logging 
  [d6f4376e] Markdown 
  [44cfe95a] Pkg 
  [de0858da] Printf 
  [3fa0cd96] REPL 
  [9a3f8284] Random 
  [ea8e919c] SHA 
  [9e88b42a] Serialization 
  [6462fe0b] Sockets 
  [2f01184e] SparseArrays 
  [10745b16] Statistics 
  [8dfed614] Test 
  [cf7118a7] UUIDs 
  [4ec0a83e] Unicode 
27-14 CMA-ES
time:16:33:37.112  iter:1  elapsed-time:5.70  pmap-time:0.87  grad-time:0.00  ls-time:0.16 ls-dec:0.00e+00
fcount:27  fval:2.61e+04  fmin:2.61e+04  norm:1.35e+01  penalty:0.00e+00  axis-ratio:1.00e+00  free-mem:14.95GB
time:16:33:44.278  iter:2  elapsed-time:6.87  pmap-time:0.00  grad-time:0.00  ls-time:0.00 ls-dec:0.00e+00
fcount:54  fval:2.59e+04  fmin:2.59e+04  norm:1.35e+01  penalty:0.00e+00  axis-ratio:1.00e+00  free-mem:11.89GB
time:16:33:44.502  iter:3  elapsed-time:0.22  pmap-time:0.00  grad-time:0.00  ls-time:0.00 ls-dec:0.00e+00
fcount:81  fval:2.57e+04  fmin:2.57e+04  norm:1.34e+01  penalty:0.00e+00  axis-ratio:1.00e+00  free-mem:12.05GB
time:16:33:44.694  iter:4  elapsed-time:0.19  pmap-time:0.00  grad-time:0.00  ls-time:0.00 ls-dec:0.00e+00
fcount:108  fval:2.56e+04  fmin:2.56e+04  norm:1.34e+01  penalty:0.00e+00  axis-ratio:1.00e+00  free-mem:12.13GB
time:16:33:45.082  iter:5  elapsed-time:0.38  pmap-time:0.00  grad-time:0.00  ls-time:0.00 ls-dec:0.00e+00
fcount:135  fval:2.55e+04  fmin:2.55e+04  norm:1.34e+01  penalty:0.00e+00  axis-ratio:1.00e+00  free-mem:12.27GB
time:16:33:45.296  iter:6  elapsed-time:0.20  pmap-time:0.00  grad-time:0.00  ls-time:0.00 ls-dec:0.00e+00
fcount:162  fval:2.53e+04  fmin:2.53e+04  norm:1.33e+01  penalty:0.00e+00  axis-ratio:1.00e+00  free-mem:12.38GB
time:16:33:45.595  iter:7  elapsed-time:0.24  pmap-time:0.00  grad-time:0.00  ls-time:0.00 ls-dec:0.00e+00
fcount:189  fval:2.52e+04  fmin:2.52e+04  norm:1.33e+01  penalty:0.00e+00  axis-ratio:1.00e+00  free-mem:12.18GB
time:16:33:45.953  iter:8  elapsed-time:0.36  pmap-time:0.00  grad-time:0.00  ls-time:0.00 ls-dec:0.00e+00
fcount:216  fval:2.51e+04  fmin:2.51e+04  norm:1.32e+01  penalty:0.00e+00  axis-ratio:1.00e+00  free-mem:12.12GB
time:16:33:46.566  iter:9  elapsed-time:0.61  pmap-time:0.00  grad-time:0.00  ls-time:0.00 ls-dec:0.00e+00
fcount:243  fval:2.48e+04  fmin:2.48e+04  norm:1.32e+01  penalty:0.00e+00  axis-ratio:1.00e+00  free-mem:12.35GB
time:16:33:46.854  iter:10  elapsed-time:0.27  pmap-time:0.00  grad-time:0.00  ls-time:0.00 ls-dec:0.00e+00
fcount:270  fval:2.47e+04  fmin:2.47e+04  norm:1.32e+01  penalty:0.00e+00  axis-ratio:1.00e+00  free-mem:12.39GB
time:16:33:47.086  iter:11  elapsed-time:0.23  pmap-time:0.00  grad-time:0.00  ls-time:0.00 ls-dec:0.00e+00
fcount:297  fval:2.46e+04  fmin:2.46e+04  norm:1.32e+01  penalty:0.00e+00  axis-ratio:1.00e+00  free-mem:12.54GB
time:16:33:47.366  iter:12  elapsed-time:0.28  pmap-time:0.00  grad-time:0.00  ls-time:0.00 ls-dec:0.00e+00
fcount:324  fval:2.45e+04  fmin:2.45e+04  norm:1.31e+01  penalty:0.00e+00  axis-ratio:1.00e+00  free-mem:12.25GB
time:16:33:47.6  iter:13  elapsed-time:0.23  pmap-time:0.00  grad-time:0.00  ls-time:0.00 ls-dec:0.00e+00
fcount:351  fval:2.43e+04  fmin:2.43e+04  norm:1.31e+01  penalty:0.00e+00  axis-ratio:1.00e+00  free-mem:12.06GB
time:16:34:17.155  iter:14  elapsed-time:29.55  pmap-time:0.00  grad-time:0.00  ls-time:0.00 ls-dec:0.00e+00
fcount:378  fval:2.43e+04  fmin:2.43e+04  norm:1.31e+01  penalty:0.00e+00  axis-ratio:1.00e+00  free-mem:15.68GB
time:16:34:17.361  iter:15  elapsed-time:0.21  pmap-time:0.01  grad-time:0.00  ls-time:0.00 ls-dec:0.00e+00
fcount:405  fval:2.41e+04  fmin:2.41e+04  norm:1.30e+01  penalty:0.00e+00  axis-ratio:1.00e+00  free-mem:15.46GB
time:16:34:17.67  iter:16  elapsed-time:0.31  pmap-time:0.00  grad-time:0.00  ls-time:0.00 ls-dec:0.00e+00
fcount:432  fval:2.40e+04  fmin:2.40e+04  norm:1.30e+01  penalty:0.00e+00  axis-ratio:1.00e+00  free-mem:15.70GB
time:16:34:17.953  iter:17  elapsed-time:0.26  pmap-time:0.00  grad-time:0.00  ls-time:0.00 ls-dec:0.00e+00
fcount:459  fval:2.38e+04  fmin:2.38e+04  norm:1.30e+01  penalty:0.00e+00  axis-ratio:1.00e+00  free-mem:15.49GB
time:16:34:18.186  iter:18  elapsed-time:0.23  pmap-time:0.00  grad-time:0.00  ls-time:0.00 ls-dec:0.00e+00
fcount:486  fval:2.38e+04  fmin:2.38e+04  norm:1.30e+01  penalty:0.00e+00  axis-ratio:1.00e+00  free-mem:15.32GB
time:16:34:18.415  iter:19  elapsed-time:0.23  pmap-time:0.00  grad-time:0.00  ls-time:0.00 ls-dec:0.00e+00
fcount:513  fval:2.36e+04  fmin:2.36e+04  norm:1.29e+01  penalty:0.00e+00  axis-ratio:1.00e+00  free-mem:15.15GB
time:16:34:18.778  iter:20  elapsed-time:0.36  pmap-time:0.00  grad-time:0.01  ls-time:0.00 ls-dec:0.00e+00
fcount:540  fval:2.36e+04  fmin:2.36e+04  norm:1.29e+01  penalty:0.00e+00  axis-ratio:1.00e+00  free-mem:15.04GB
time:16:34:19.158  iter:21  elapsed-time:0.37  pmap-time:0.00  grad-time:0.00  ls-time:0.00 ls-dec:0.00e+00
fcount:567  fval:2.34e+04  fmin:2.34e+04  norm:1.29e+01  penalty:0.00e+00  axis-ratio:1.00e+00  free-mem:14.95GB
time:16:34:19.505  iter:22  elapsed-time:0.33  pmap-time:0.00  grad-time:0.00  ls-time:0.00 ls-dec:0.00e+00
fcount:594  fval:2.33e+04  fmin:2.33e+04  norm:1.29e+01  penalty:0.00e+00  axis-ratio:1.00e+00  free-mem:15.25GB
time:16:34:19.814  iter:23  elapsed-time:0.31  pmap-time:0.00  grad-time:0.00  ls-time:0.00 ls-dec:0.00e+00
fcount:621  fval:2.32e+04  fmin:2.32e+04  norm:1.28e+01  penalty:0.00e+00  axis-ratio:1.00e+00  free-mem:15.23GB
time:16:34:19.977  iter:24  elapsed-time:0.16  pmap-time:0.00  grad-time:0.00  ls-time:0.00 ls-dec:0.00e+00
fcount:648  fval:2.31e+04  fmin:2.31e+04  norm:1.28e+01  penalty:0.00e+00  axis-ratio:1.00e+00  free-mem:15.24GB
time:16:34:20.266  iter:25  elapsed-time:0.29  pmap-time:0.00  grad-time:0.00  ls-time:0.00 ls-dec:0.00e+00
fcount:675  fval:2.30e+04  fmin:2.30e+04  norm:1.28e+01  penalty:0.00e+00  axis-ratio:1.00e+00  free-mem:15.17GB
time:16:34:20.666  iter:26  elapsed-time:0.40  pmap-time:0.00  grad-time:0.00  ls-time:0.00 ls-dec:0.00e+00
fcount:702  fval:2.29e+04  fmin:2.29e+04  norm:1.28e+01  penalty:0.00e+00  axis-ratio:1.00e+00  free-mem:15.02GB
time:16:34:20.993  iter:27  elapsed-time:0.32  pmap-time:0.01  grad-time:0.00  ls-time:0.00 ls-dec:0.00e+00
fcount:729  fval:2.28e+04  fmin:2.28e+04  norm:1.28e+01  penalty:0.00e+00  axis-ratio:1.00e+00  free-mem:14.90GB
time:16:34:46.177  iter:28  elapsed-time:25.18  pmap-time:0.00  grad-time:0.00  ls-time:0.00 ls-dec:0.00e+00
fcount:756  fval:2.26e+04  fmin:2.26e+04  norm:1.27e+01  penalty:0.00e+00  axis-ratio:1.00e+00  free-mem:12.93GB
time:16:34:48.87  iter:29  elapsed-time:2.67  pmap-time:0.00  grad-time:0.00  ls-time:0.00 ls-dec:0.00e+00
fcount:783  fval:2.26e+04  fmin:2.26e+04  norm:1.27e+01  penalty:0.00e+00  axis-ratio:1.00e+00  free-mem:11.79GB
time:16:34:49.074  iter:30  elapsed-time:0.19  pmap-time:0.00  grad-time:0.00  ls-time:0.00 ls-dec:0.00e+00
fcount:810  fval:2.24e+04  fmin:2.24e+04  norm:1.27e+01  penalty:0.00e+00  axis-ratio:1.00e+00  free-mem:11.82GB
time:16:34:49.285  iter:31  elapsed-time:0.20  pmap-time:0.00  grad-time:0.00  ls-time:0.00 ls-dec:0.00e+00
fcount:837  fval:2.23e+04  fmin:2.23e+04  norm:1.26e+01  penalty:0.00e+00  axis-ratio:1.00e+00  free-mem:11.76GB
time:16:34:49.497  iter:32  elapsed-time:0.21  pmap-time:0.00  grad-time:0.00  ls-time:0.00 ls-dec:0.00e+00
fcount:864  fval:2.22e+04  fmin:2.22e+04  norm:1.26e+01  penalty:0.00e+00  axis-ratio:1.00e+00  free-mem:11.57GB
time:16:34:49.794  iter:33  elapsed-time:0.28  pmap-time:0.00  grad-time:0.00  ls-time:0.00 ls-dec:0.00e+00
fcount:891  fval:2.20e+04  fmin:2.20e+04  norm:1.26e+01  penalty:0.00e+00  axis-ratio:1.00e+00  free-mem:11.38GB
time:16:34:50.371  iter:34  elapsed-time:0.56  pmap-time:0.01  grad-time:0.00  ls-time:0.00 ls-dec:0.00e+00
fcount:918  fval:2.19e+04  fmin:2.19e+04  norm:1.25e+01  penalty:0.00e+00  axis-ratio:1.00e+00  free-mem:11.52GB
time:16:34:50.6  iter:35  elapsed-time:0.23  pmap-time:0.00  grad-time:0.00  ls-time:0.00 ls-dec:0.00e+00
fcount:945  fval:2.18e+04  fmin:2.18e+04  norm:1.25e+01  penalty:0.00e+00  axis-ratio:1.00e+00  free-mem:11.47GB
time:16:34:50.798  iter:36  elapsed-time:0.19  pmap-time:0.00  grad-time:0.00  ls-time:0.00 ls-dec:0.00e+00
fcount:972  fval:2.17e+04  fmin:2.17e+04  norm:1.25e+01  penalty:0.00e+00  axis-ratio:1.00e+00  free-mem:11.53GB
time:16:34:50.971  iter:37  elapsed-time:0.16  pmap-time:0.00  grad-time:0.00  ls-time:0.00 ls-dec:0.00e+00
fcount:999  fval:2.15e+04  fmin:2.15e+04  norm:1.24e+01  penalty:0.00e+00  axis-ratio:1.00e+00  free-mem:11.59GB
time:16:34:51.114  iter:38  elapsed-time:0.13  pmap-time:0.00  grad-time:0.00  ls-time:0.00 ls-dec:0.00e+00
fcount:1026  fval:2.14e+04  fmin:2.14e+04  norm:1.24e+01  penalty:0.00e+00  axis-ratio:1.00e+00  free-mem:11.57GB
time:16:34:51.29  iter:39  elapsed-time:0.16  pmap-time:0.00  grad-time:0.00  ls-time:0.00 ls-dec:0.00e+00
fcount:1053  fval:2.13e+04  fmin:2.13e+04  norm:1.24e+01  penalty:0.00e+00  axis-ratio:1.00e+00  free-mem:11.55GB
time:16:34:51.428  iter:40  elapsed-time:0.12  pmap-time:0.00  grad-time:0.00  ls-time:0.00 ls-dec:0.00e+00
fcount:1080  fval:2.12e+04  fmin:2.12e+04  norm:1.23e+01  penalty:0.00e+00  axis-ratio:1.00e+00  free-mem:11.73GB
time:16:34:51.779  iter:41  elapsed-time:0.34  pmap-time:0.00  grad-time:0.00  ls-time:0.00 ls-dec:0.00e+00
fcount:1107  fval:2.11e+04  fmin:2.11e+04  norm:1.23e+01  penalty:0.00e+00  axis-ratio:1.00e+00  free-mem:11.98GB
time:16:35:20.318  iter:42  elapsed-time:28.52  pmap-time:0.00  grad-time:0.00  ls-time:0.00 ls-dec:0.00e+00
fcount:1134  fval:2.09e+04  fmin:2.09e+04  norm:1.23e+01  penalty:0.00e+00  axis-ratio:1.00e+00  free-mem:12.45GB
time:16:35:20.481  iter:43  elapsed-time:0.16  pmap-time:0.01  grad-time:0.00  ls-time:0.00 ls-dec:0.00e+00
fcount:1161  fval:2.09e+04  fmin:2.09e+04  norm:1.23e+01  penalty:0.00e+00  axis-ratio:1.00e+00  free-mem:12.57GB
time:16:35:20.789  iter:44  elapsed-time:0.30  pmap-time:0.01  grad-time:0.00  ls-time:0.00 ls-dec:0.00e+00
fcount:1188  fval:2.06e+04  fmin:2.06e+04  norm:1.22e+01  penalty:0.00e+00  axis-ratio:1.00e+00  free-mem:12.49GB
time:16:35:21.014  iter:45  elapsed-time:0.22  pmap-time:0.00  grad-time:0.00  ls-time:0.00 ls-dec:0.00e+00
fcount:1215  fval:2.06e+04  fmin:2.06e+04  norm:1.22e+01  penalty:0.00e+00  axis-ratio:1.00e+00  free-mem:12.57GB
time:16:35:21.164  iter:46  elapsed-time:0.15  pmap-time:0.00  grad-time:0.00  ls-time:0.00 ls-dec:0.00e+00
fcount:1242  fval:2.05e+04  fmin:2.05e+04  norm:1.22e+01  penalty:0.00e+00  axis-ratio:1.00e+00  free-mem:12.69GB
time:16:35:21.407  iter:47  elapsed-time:0.23  pmap-time:0.00  grad-time:0.00  ls-time:0.00 ls-dec:0.00e+00
fcount:1269  fval:2.03e+04  fmin:2.03e+04  norm:1.22e+01  penalty:0.00e+00  axis-ratio:1.00e+00  free-mem:12.67GB
time:16:35:21.655  iter:48  elapsed-time:0.25  pmap-time:0.00  grad-time:0.00  ls-time:0.00 ls-dec:0.00e+00
fcount:1296  fval:2.02e+04  fmin:2.02e+04  norm:1.21e+01  penalty:0.00e+00  axis-ratio:1.00e+00  free-mem:12.94GB
time:16:35:21.788  iter:49  elapsed-time:0.13  pmap-time:0.00  grad-time:0.00  ls-time:0.00 ls-dec:0.00e+00
fcount:1323  fval:2.02e+04  fmin:2.02e+04  norm:1.21e+01  penalty:0.00e+00  axis-ratio:1.00e+00  free-mem:13.04GB
time:16:35:21.901  iter:50  elapsed-time:0.11  pmap-time:0.00  grad-time:0.00  ls-time:0.00 ls-dec:0.00e+00
fcount:1350  fval:2.01e+04  fmin:2.01e+04  norm:1.21e+01  penalty:0.00e+00  axis-ratio:1.00e+00  free-mem:12.94GB
time:16:35:22.097  iter:51  elapsed-time:0.19  pmap-time:0.00  grad-time:0.00  ls-time:0.00 ls-dec:0.00e+00
fcount:1377  fval:1.99e+04  fmin:1.99e+04  norm:1.20e+01  penalty:0.00e+00  axis-ratio:1.00e+00  free-mem:13.04GB
time:16:35:22.272  iter:52  elapsed-time:0.17  pmap-time:0.01  grad-time:0.00  ls-time:0.00 ls-dec:0.00e+00
fcount:1404  fval:1.99e+04  fmin:1.99e+04  norm:1.20e+01  penalty:0.00e+00  axis-ratio:1.00e+00  free-mem:13.02GB
time:16:35:22.383  iter:53  elapsed-time:0.11  pmap-time:0.00  grad-time:0.00  ls-time:0.00 ls-dec:0.00e+00
fcount:1431  fval:1.98e+04  fmin:1.98e+04  norm:1.20e+01  penalty:0.00e+00  axis-ratio:1.00e+00  free-mem:12.99GB
time:16:35:22.58  iter:54  elapsed-time:0.20  pmap-time:0.00  grad-time:0.00  ls-time:0.00 ls-dec:0.00e+00
fcount:1458  fval:1.97e+04  fmin:1.97e+04  norm:1.20e+01  penalty:0.00e+00  axis-ratio:1.00e+00  free-mem:12.89GB
time:16:35:22.794  iter:55  elapsed-time:0.21  pmap-time:0.00  grad-time:0.00  ls-time:0.00 ls-dec:0.00e+00
fcount:1485  fval:1.96e+04  fmin:1.96e+04  norm:1.19e+01  penalty:0.00e+00  axis-ratio:1.00e+00  free-mem:13.10GB
time:16:35:45.41  iter:56  elapsed-time:22.60  pmap-time:0.00  grad-time:0.00  ls-time:0.00 ls-dec:0.00e+00
fcount:1512  fval:1.95e+04  fmin:1.95e+04  norm:1.20e+01  penalty:0.00e+00  axis-ratio:1.00e+00  free-mem:8.82GB
time:16:35:45.714  iter:57  elapsed-time:0.29  pmap-time:0.00  grad-time:0.00  ls-time:0.00 ls-dec:0.00e+00
fcount:1539  fval:1.93e+04  fmin:1.93e+04  norm:1.19e+01  penalty:0.00e+00  axis-ratio:1.00e+00  free-mem:9.30GB
time:16:35:45.968  iter:58  elapsed-time:0.25  pmap-time:0.00  grad-time:0.00  ls-time:0.00 ls-dec:0.00e+00
fcount:1566  fval:1.93e+04  fmin:1.93e+04  norm:1.19e+01  penalty:0.00e+00  axis-ratio:1.00e+00  free-mem:8.95GB
time:16:35:46.286  iter:59  elapsed-time:0.30  pmap-time:0.00  grad-time:0.00  ls-time:0.00 ls-dec:0.00e+00
fcount:1593  fval:1.92e+04  fmin:1.92e+04  norm:1.19e+01  penalty:0.00e+00  axis-ratio:1.00e+00  free-mem:8.68GB
time:16:35:46.474  iter:60  elapsed-time:0.19  pmap-time:0.00  grad-time:0.00  ls-time:0.00 ls-dec:0.00e+00
fcount:1620  fval:1.91e+04  fmin:1.91e+04  norm:1.19e+01  penalty:0.00e+00  axis-ratio:1.00e+00  free-mem:8.61GB
time:16:35:46.751  iter:61  elapsed-time:0.28  pmap-time:0.00  grad-time:0.00  ls-time:0.00 ls-dec:0.00e+00
fcount:1647  fval:1.90e+04  fmin:1.90e+04  norm:1.18e+01  penalty:0.00e+00  axis-ratio:1.00e+00  free-mem:8.45GB
time:16:35:46.919  iter:62  elapsed-time:0.17  pmap-time:0.00  grad-time:0.00  ls-time:0.00 ls-dec:0.00e+00
fcount:1674  fval:1.88e+04  fmin:1.88e+04  norm:1.18e+01  penalty:0.00e+00  axis-ratio:1.00e+00  free-mem:8.41GB
time:16:35:47.103  iter:63  elapsed-time:0.15  pmap-time:0.00  grad-time:0.00  ls-time:0.00 ls-dec:0.00e+00
fcount:1701  fval:1.88e+04  fmin:1.88e+04  norm:1.18e+01  penalty:0.00e+00  axis-ratio:1.00e+00  free-mem:8.23GB
time:16:35:47.353  iter:64  elapsed-time:0.25  pmap-time:0.00  grad-time:0.00  ls-time:0.00 ls-dec:0.00e+00
fcount:1728  fval:1.87e+04  fmin:1.87e+04  norm:1.17e+01  penalty:0.00e+00  axis-ratio:1.00e+00  free-mem:8.07GB
time:16:35:47.676  iter:65  elapsed-time:0.32  pmap-time:0.00  grad-time:0.00  ls-time:0.00 ls-dec:0.00e+00
fcount:1755  fval:1.86e+04  fmin:1.86e+04  norm:1.17e+01  penalty:0.00e+00  axis-ratio:1.00e+00  free-mem:7.71GB
time:16:35:47.901  iter:66  elapsed-time:0.20  pmap-time:0.00  grad-time:0.00  ls-time:0.00 ls-dec:0.00e+00
fcount:1782  fval:1.85e+04  fmin:1.85e+04  norm:1.17e+01  penalty:0.00e+00  axis-ratio:1.00e+00  free-mem:7.58GB
time:16:35:48.157  iter:67  elapsed-time:0.25  pmap-time:0.00  grad-time:0.00  ls-time:0.00 ls-dec:0.00e+00
fcount:1809  fval:1.84e+04  fmin:1.84e+04  norm:1.17e+01  penalty:0.00e+00  axis-ratio:1.00e+00  free-mem:7.84GB
time:16:35:48.291  iter:68  elapsed-time:0.13  pmap-time:0.00  grad-time:0.00  ls-time:0.00 ls-dec:0.00e+00
fcount:1836  fval:1.83e+04  fmin:1.83e+04  norm:1.16e+01  penalty:0.00e+00  axis-ratio:1.00e+00  free-mem:7.90GB
time:16:35:48.681  iter:69  elapsed-time:0.39  pmap-time:0.00  grad-time:0.00  ls-time:0.00 ls-dec:0.00e+00
fcount:1863  fval:1.82e+04  fmin:1.82e+04  norm:1.16e+01  penalty:0.00e+00  axis-ratio:1.00e+00  free-mem:7.77GB
time:16:36:20.26  iter:70  elapsed-time:31.58  pmap-time:0.00  grad-time:0.00  ls-time:0.00 ls-dec:0.00e+00
fcount:1890  fval:1.80e+04  fmin:1.80e+04  norm:1.16e+01  penalty:0.00e+00  axis-ratio:1.01e+00  free-mem:6.22GB
time:16:36:22.839  iter:71  elapsed-time:2.58  pmap-time:0.00  grad-time:0.00  ls-time:0.00 ls-dec:0.00e+00
fcount:1917  fval:1.80e+04  fmin:1.80e+04  norm:1.16e+01  penalty:0.00e+00  axis-ratio:1.01e+00  free-mem:5.58GB
time:16:36:23.006  iter:72  elapsed-time:0.15  pmap-time:0.00  grad-time:0.00  ls-time:0.00 ls-dec:0.00e+00
fcount:1944  fval:1.79e+04  fmin:1.79e+04  norm:1.16e+01  penalty:0.00e+00  axis-ratio:1.01e+00  free-mem:5.41GB
time:16:36:23.209  iter:73  elapsed-time:0.19  pmap-time:0.00  grad-time:0.00  ls-time:0.00 ls-dec:0.00e+00
fcount:1971  fval:1.78e+04  fmin:1.78e+04  norm:1.15e+01  penalty:0.00e+00  axis-ratio:1.01e+00  free-mem:5.26GB
time:16:36:23.43  iter:74  elapsed-time:0.22  pmap-time:0.00  grad-time:0.00  ls-time:0.00 ls-dec:0.00e+00
fcount:1998  fval:1.77e+04  fmin:1.77e+04  norm:1.15e+01  penalty:0.00e+00  axis-ratio:1.01e+00  free-mem:4.96GB
time:16:36:23.705  iter:75  elapsed-time:0.24  pmap-time:0.01  grad-time:0.00  ls-time:0.00 ls-dec:0.00e+00
fcount:2025  fval:1.75e+04  fmin:1.75e+04  norm:1.14e+01  penalty:0.00e+00  axis-ratio:1.01e+00  free-mem:4.87GB
time:16:36:23.891  iter:76  elapsed-time:0.19  pmap-time:0.00  grad-time:0.00  ls-time:0.00 ls-dec:0.00e+00
fcount:2052  fval:1.75e+04  fmin:1.75e+04  norm:1.15e+01  penalty:0.00e+00  axis-ratio:1.01e+00  free-mem:5.09GB
time:16:36:24.07  iter:77  elapsed-time:0.17  pmap-time:0.00  grad-time:0.00  ls-time:0.00 ls-dec:0.00e+00
fcount:2079  fval:1.74e+04  fmin:1.74e+04  norm:1.15e+01  penalty:0.00e+00  axis-ratio:1.01e+00  free-mem:4.92GB
time:16:36:24.26  iter:78  elapsed-time:0.19  pmap-time:0.00  grad-time:0.00  ls-time:0.00 ls-dec:0.00e+00
fcount:2106  fval:1.73e+04  fmin:1.73e+04  norm:1.14e+01  penalty:0.00e+00  axis-ratio:1.01e+00  free-mem:4.74GB
time:16:36:24.795  iter:79  elapsed-time:0.53  pmap-time:0.01  grad-time:0.00  ls-time:0.00 ls-dec:0.00e+00
fcount:2133  fval:1.71e+04  fmin:1.71e+04  norm:1.13e+01  penalty:0.00e+00  axis-ratio:1.01e+00  free-mem:4.78GB
time:16:36:24.961  iter:80  elapsed-time:0.16  pmap-time:0.00  grad-time:0.00  ls-time:0.00 ls-dec:0.00e+00
fcount:2160  fval:1.71e+04  fmin:1.71e+04  norm:1.13e+01  penalty:0.00e+00  axis-ratio:1.01e+00  free-mem:4.69GB
time:16:36:25.087  iter:81  elapsed-time:0.12  pmap-time:0.00  grad-time:0.00  ls-time:0.00 ls-dec:0.00e+00
fcount:2187  fval:1.70e+04  fmin:1.70e+04  norm:1.13e+01  penalty:0.00e+00  axis-ratio:1.01e+00  free-mem:4.62GB
time:16:36:25.257  iter:82  elapsed-time:0.16  pmap-time:0.00  grad-time:0.00  ls-time:0.00 ls-dec:0.00e+00
fcount:2214  fval:1.69e+04  fmin:1.69e+04  norm:1.13e+01  penalty:0.00e+00  axis-ratio:1.01e+00  free-mem:4.66GB
time:16:36:25.416  iter:83  elapsed-time:0.15  pmap-time:0.00  grad-time:0.00  ls-time:0.00 ls-dec:0.00e+00
fcount:2241  fval:1.68e+04  fmin:1.68e+04  norm:1.13e+01  penalty:0.00e+00  axis-ratio:1.01e+00  free-mem:4.69GB
time:16:36:55.275  iter:84  elapsed-time:29.85  pmap-time:0.00  grad-time:0.00  ls-time:0.00 ls-dec:0.00e+00
fcount:2268  fval:1.67e+04  fmin:1.67e+04  norm:1.13e+01  penalty:0.00e+00  axis-ratio:1.01e+00  free-mem:8.51GB
time:16:36:55.404  iter:85  elapsed-time:0.13  pmap-time:0.00  grad-time:0.00  ls-time:0.00 ls-dec:0.00e+00
fcount:2295  fval:1.66e+04  fmin:1.66e+04  norm:1.12e+01  penalty:0.00e+00  axis-ratio:1.01e+00  free-mem:8.64GB
time:16:36:55.585  iter:86  elapsed-time:0.17  pmap-time:0.00  grad-time:0.00  ls-time:0.00 ls-dec:0.00e+00
fcount:2322  fval:1.66e+04  fmin:1.66e+04  norm:1.12e+01  penalty:0.00e+00  axis-ratio:1.01e+00  free-mem:8.72GB
time:16:36:55.784  iter:87  elapsed-time:0.19  pmap-time:0.00  grad-time:0.00  ls-time:0.00 ls-dec:0.00e+00
fcount:2349  fval:1.64e+04  fmin:1.64e+04  norm:1.12e+01  penalty:0.00e+00  axis-ratio:1.01e+00  free-mem:8.71GB
time:16:36:56.025  iter:88  elapsed-time:0.23  pmap-time:0.01  grad-time:0.00  ls-time:0.00 ls-dec:0.00e+00
fcount:2376  fval:1.64e+04  fmin:1.64e+04  norm:1.12e+01  penalty:0.00e+00  axis-ratio:1.01e+00  free-mem:8.62GB
time:16:36:56.183  iter:89  elapsed-time:0.15  pmap-time:0.00  grad-time:0.00  ls-time:0.00 ls-dec:0.00e+00
fcount:2403  fval:1.63e+04  fmin:1.63e+04  norm:1.12e+01  penalty:0.00e+00  axis-ratio:1.01e+00  free-mem:8.54GB
time:16:36:56.299  iter:90  elapsed-time:0.11  pmap-time:0.00  grad-time:0.00  ls-time:0.00 ls-dec:0.00e+00
fcount:2430  fval:1.62e+04  fmin:1.62e+04  norm:1.11e+01  penalty:0.00e+00  axis-ratio:1.01e+00  free-mem:8.50GB
time:16:36:56.461  iter:91  elapsed-time:0.15  pmap-time:0.00  grad-time:0.00  ls-time:0.00 ls-dec:0.00e+00
fcount:2457  fval:1.61e+04  fmin:1.61e+04  norm:1.11e+01  penalty:0.00e+00  axis-ratio:1.01e+00  free-mem:8.59GB
time:16:36:56.563  iter:92  elapsed-time:0.09  pmap-time:0.00  grad-time:0.00  ls-time:0.00 ls-dec:0.00e+00
fcount:2484  fval:1.60e+04  fmin:1.60e+04  norm:1.11e+01  penalty:0.00e+00  axis-ratio:1.01e+00  free-mem:8.58GB
time:16:36:56.713  iter:93  elapsed-time:0.14  pmap-time:0.00  grad-time:0.00  ls-time:0.00 ls-dec:0.00e+00
fcount:2511  fval:1.60e+04  fmin:1.60e+04  norm:1.10e+01  penalty:0.00e+00  axis-ratio:1.01e+00  free-mem:8.46GB
time:16:36:56.902  iter:94  elapsed-time:0.19  pmap-time:0.00  grad-time:0.00  ls-time:0.00 ls-dec:0.00e+00
fcount:2538  fval:1.58e+04  fmin:1.58e+04  norm:1.10e+01  penalty:0.00e+00  axis-ratio:1.01e+00  free-mem:8.62GB
time:16:36:57.108  iter:95  elapsed-time:0.20  pmap-time:0.00  grad-time:0.00  ls-time:0.00 ls-dec:0.00e+00
fcount:2565  fval:1.58e+04  fmin:1.58e+04  norm:1.10e+01  penalty:0.00e+00  axis-ratio:1.01e+00  free-mem:8.83GB
time:16:36:57.305  iter:96  elapsed-time:0.19  pmap-time:0.00  grad-time:0.00  ls-time:0.00 ls-dec:0.00e+00
fcount:2592  fval:1.58e+04  fmin:1.58e+04  norm:1.10e+01  penalty:0.00e+00  axis-ratio:1.01e+00  free-mem:8.75GB
time:16:36:57.469  iter:97  elapsed-time:0.15  pmap-time:0.01  grad-time:0.00  ls-time:0.00 ls-dec:0.00e+00
fcount:2619  fval:1.57e+04  fmin:1.57e+04  norm:1.10e+01  penalty:0.00e+00  axis-ratio:1.01e+00  free-mem:8.81GB
time:16:37:21.196  iter:98  elapsed-time:23.71  pmap-time:0.00  grad-time:0.00  ls-time:0.00 ls-dec:0.00e+00
fcount:2646  fval:1.57e+04  fmin:1.57e+04  norm:1.11e+01  penalty:0.00e+00  axis-ratio:1.01e+00  free-mem:8.26GB
time:16:37:21.461  iter:99  elapsed-time:0.26  pmap-time:0.00  grad-time:0.00  ls-time:0.00 ls-dec:0.00e+00
fcount:2673  fval:1.56e+04  fmin:1.56e+04  norm:1.10e+01  penalty:0.00e+00  axis-ratio:1.01e+00  free-mem:8.18GB
time:16:37:21.572  iter:100  elapsed-time:0.11  pmap-time:0.00  grad-time:0.00  ls-time:0.00 ls-dec:0.00e+00
fcount:2700  fval:1.55e+04  fmin:1.55e+04  norm:1.10e+01  penalty:0.00e+00  axis-ratio:1.01e+00  free-mem:8.21GB
time:16:37:21.719  iter:101  elapsed-time:0.15  pmap-time:0.00  grad-time:0.00  ls-time:0.00 ls-dec:0.00e+00
fcount:2727  fval:1.55e+04  fmin:1.55e+04  norm:1.10e+01  penalty:0.00e+00  axis-ratio:1.01e+00  free-mem:8.37GB
time:16:37:21.874  iter:102  elapsed-time:0.14  pmap-time:0.01  grad-time:0.00  ls-time:0.00 ls-dec:0.00e+00
fcount:2754  fval:1.54e+04  fmin:1.54e+04  norm:1.10e+01  penalty:0.00e+00  axis-ratio:1.01e+00  free-mem:8.35GB
time:16:37:22.168  iter:103  elapsed-time:0.27  pmap-time:0.01  grad-time:0.00  ls-time:0.00 ls-dec:0.00e+00
fcount:2781  fval:1.53e+04  fmin:1.53e+04  norm:1.09e+01  penalty:0.00e+00  axis-ratio:1.01e+00  free-mem:8.27GB
time:16:37:22.316  iter:104  elapsed-time:0.13  pmap-time:0.00  grad-time:0.00  ls-time:0.00 ls-dec:0.00e+00
fcount:2808  fval:1.53e+04  fmin:1.53e+04  norm:1.09e+01  penalty:0.00e+00  axis-ratio:1.01e+00  free-mem:8.34GB
time:16:37:22.555  iter:105  elapsed-time:0.22  pmap-time:0.00  grad-time:0.00  ls-time:0.00 ls-dec:0.00e+00
fcount:2835  fval:1.52e+04  fmin:1.52e+04  norm:1.09e+01  penalty:0.00e+00  axis-ratio:1.01e+00  free-mem:8.28GB
time:16:37:22.695  iter:106  elapsed-time:0.14  pmap-time:0.00  grad-time:0.00  ls-time:0.00 ls-dec:0.00e+00
fcount:2862  fval:1.51e+04  fmin:1.51e+04  norm:1.09e+01  penalty:0.00e+00  axis-ratio:1.01e+00  free-mem:8.17GB
time:16:37:22.874  iter:107  elapsed-time:0.17  pmap-time:0.00  grad-time:0.00  ls-time:0.00 ls-dec:0.00e+00
fcount:2889  fval:1.51e+04  fmin:1.51e+04  norm:1.09e+01  penalty:0.00e+00  axis-ratio:1.01e+00  free-mem:8.21GB
time:16:37:25.734  iter:108  elapsed-time:2.85  pmap-time:0.00  grad-time:0.00  ls-time:0.00 ls-dec:0.00e+00
fcount:2916  fval:1.50e+04  fmin:1.50e+04  norm:1.09e+01  penalty:0.00e+00  axis-ratio:1.01e+00  free-mem:6.74GB
time:16:37:25.962  iter:109  elapsed-time:0.22  pmap-time:0.00  grad-time:0.00  ls-time:0.00 ls-dec:0.00e+00
fcount:2943  fval:1.50e+04  fmin:1.50e+04  norm:1.09e+01  penalty:0.00e+00  axis-ratio:1.01e+00  free-mem:7.03GB
time:16:37:26.097  iter:110  elapsed-time:0.13  pmap-time:0.00  grad-time:0.00  ls-time:0.00 ls-dec:0.00e+00
fcount:2970  fval:1.49e+04  fmin:1.49e+04  norm:1.09e+01  penalty:0.00e+00  axis-ratio:1.01e+00  free-mem:6.96GB
time:16:37:47.741  iter:111  elapsed-time:21.64  pmap-time:0.00  grad-time:0.00  ls-time:0.00 ls-dec:0.00e+00
fcount:2997  fval:1.48e+04  fmin:1.48e+04  norm:1.09e+01  penalty:0.00e+00  axis-ratio:1.01e+00  free-mem:10.03GB
time:16:37:47.86  iter:112  elapsed-time:0.12  pmap-time:0.00  grad-time:0.00  ls-time:0.00 ls-dec:0.00e+00
fcount:3024  fval:1.48e+04  fmin:1.48e+04  norm:1.09e+01  penalty:0.00e+00  axis-ratio:1.01e+00  free-mem:9.90GB
time:16:37:48.113  iter:113  elapsed-time:0.24  pmap-time:0.00  grad-time:0.00  ls-time:0.00 ls-dec:0.00e+00
fcount:3051  fval:1.47e+04  fmin:1.47e+04  norm:1.08e+01  penalty:0.00e+00  axis-ratio:1.01e+00  free-mem:9.68GB
time:16:37:48.365  iter:114  elapsed-time:0.25  pmap-time:0.00  grad-time:0.00  ls-time:0.00 ls-dec:0.00e+00
fcount:3078  fval:1.45e+04  fmin:1.45e+04  norm:1.08e+01  penalty:0.00e+00  axis-ratio:1.01e+00  free-mem:9.92GB
time:16:37:48.601  iter:115  elapsed-time:0.24  pmap-time:0.00  grad-time:0.00  ls-time:0.00 ls-dec:0.00e+00
fcount:3105  fval:1.45e+04  fmin:1.45e+04  norm:1.08e+01  penalty:0.00e+00  axis-ratio:1.01e+00  free-mem:9.91GB
time:16:37:48.712  iter:116  elapsed-time:0.11  pmap-time:0.00  grad-time:0.00  ls-time:0.00 ls-dec:0.00e+00
fcount:3132  fval:1.44e+04  fmin:1.44e+04  norm:1.08e+01  penalty:0.00e+00  axis-ratio:1.01e+00  free-mem:9.91GB
time:16:37:48.895  iter:117  elapsed-time:0.18  pmap-time:0.00  grad-time:0.00  ls-time:0.00 ls-dec:0.00e+00
fcount:3159  fval:1.43e+04  fmin:1.43e+04  norm:1.07e+01  penalty:0.00e+00  axis-ratio:1.01e+00  free-mem:9.88GB
time:16:37:49.035  iter:118  elapsed-time:0.13  pmap-time:0.00  grad-time:0.00  ls-time:0.00 ls-dec:0.00e+00
fcount:3186  fval:1.43e+04  fmin:1.43e+04  norm:1.08e+01  penalty:0.00e+00  axis-ratio:1.01e+00  free-mem:10.06GB
time:16:37:49.182  iter:119  elapsed-time:0.11  pmap-time:0.00  grad-time:0.00  ls-time:0.00 ls-dec:0.00e+00
fcount:3213  fval:1.42e+04  fmin:1.42e+04  norm:1.07e+01  penalty:0.00e+00  axis-ratio:1.01e+00  free-mem:10.00GB
time:16:37:49.388  iter:120  elapsed-time:0.19  pmap-time:0.00  grad-time:0.00  ls-time:0.00 ls-dec:0.00e+00
fcount:3240  fval:1.41e+04  fmin:1.41e+04  norm:1.07e+01  penalty:0.00e+00  axis-ratio:1.01e+00  free-mem:9.97GB
time:16:37:49.543  iter:121  elapsed-time:0.14  pmap-time:0.00  grad-time:0.00  ls-time:0.00 ls-dec:0.00e+00
fcount:3267  fval:1.41e+04  fmin:1.41e+04  norm:1.07e+01  penalty:0.00e+00  axis-ratio:1.01e+00  free-mem:10.21GB
time:16:37:49.77  iter:122  elapsed-time:0.22  pmap-time:0.00  grad-time:0.00  ls-time:0.00 ls-dec:0.00e+00
fcount:3294  fval:1.39e+04  fmin:1.39e+04  norm:1.07e+01  penalty:0.00e+00  axis-ratio:1.01e+00  free-mem:9.96GB
time:16:37:50.085  iter:123  elapsed-time:0.29  pmap-time:0.00  grad-time:0.00  ls-time:0.00 ls-dec:0.00e+00
fcount:3321  fval:1.39e+04  fmin:1.39e+04  norm:1.07e+01  penalty:0.00e+00  axis-ratio:1.01e+00  free-mem:9.68GB
time:16:37:50.218  iter:124  elapsed-time:0.12  pmap-time:0.00  grad-time:0.00  ls-time:0.00 ls-dec:0.00e+00
fcount:3348  fval:1.39e+04  fmin:1.39e+04  norm:1.07e+01  penalty:0.00e+00  axis-ratio:1.01e+00  free-mem:9.49GB
time:16:38:13.659  iter:125  elapsed-time:23.43  pmap-time:0.00  grad-time:0.00  ls-time:0.00 ls-dec:0.00e+00
fcount:3375  fval:1.38e+04  fmin:1.38e+04  norm:1.06e+01  penalty:0.00e+00  axis-ratio:1.02e+00  free-mem:9.19GB
time:16:38:13.814  iter:126  elapsed-time:0.15  pmap-time:0.00  grad-time:0.00  ls-time:0.00 ls-dec:0.00e+00
fcount:3402  fval:1.37e+04  fmin:1.37e+04  norm:1.06e+01  penalty:0.00e+00  axis-ratio:1.02e+00  free-mem:9.09GB
time:16:38:14.054  iter:127  elapsed-time:0.22  pmap-time:0.00  grad-time:0.00  ls-time:0.00 ls-dec:0.00e+00
fcount:3429  fval:1.36e+04  fmin:1.36e+04  norm:1.06e+01  penalty:0.00e+00  axis-ratio:1.02e+00  free-mem:8.93GB
time:16:38:14.269  iter:128  elapsed-time:0.19  pmap-time:0.00  grad-time:0.00  ls-time:0.00 ls-dec:0.00e+00
fcount:3456  fval:1.36e+04  fmin:1.36e+04  norm:1.06e+01  penalty:0.00e+00  axis-ratio:1.02e+00  free-mem:8.73GB
time:16:38:14.585  iter:129  elapsed-time:0.28  pmap-time:0.00  grad-time:0.00  ls-time:0.00 ls-dec:0.00e+00
fcount:3483  fval:1.35e+04  fmin:1.35e+04  norm:1.06e+01  penalty:0.00e+00  axis-ratio:1.02e+00  free-mem:8.45GB
time:16:38:14.741  iter:130  elapsed-time:0.15  pmap-time:0.00  grad-time:0.00  ls-time:0.00 ls-dec:0.00e+00
fcount:3510  fval:1.34e+04  fmin:1.34e+04  norm:1.05e+01  penalty:0.00e+00  axis-ratio:1.02e+00  free-mem:8.51GB
time:16:38:14.913  iter:131  elapsed-time:0.17  pmap-time:0.00  grad-time:0.00  ls-time:0.00 ls-dec:0.00e+00
fcount:3537  fval:1.34e+04  fmin:1.34e+04  norm:1.05e+01  penalty:0.00e+00  axis-ratio:1.02e+00  free-mem:8.45GB
time:16:38:15.002  iter:132  elapsed-time:0.07  pmap-time:0.00  grad-time:0.00  ls-time:0.00 ls-dec:0.00e+00
fcount:3564  fval:1.33e+04  fmin:1.33e+04  norm:1.05e+01  penalty:0.00e+00  axis-ratio:1.02e+00  free-mem:8.41GB
time:16:38:15.147  iter:133  elapsed-time:0.14  pmap-time:0.00  grad-time:0.00  ls-time:0.00 ls-dec:0.00e+00
fcount:3591  fval:1.32e+04  fmin:1.32e+04  norm:1.05e+01  penalty:0.00e+00  axis-ratio:1.02e+00  free-mem:8.38GB
time:16:38:15.274  iter:134  elapsed-time:0.12  pmap-time:0.01  grad-time:0.00  ls-time:0.00 ls-dec:0.00e+00
fcount:3618  fval:1.32e+04  fmin:1.32e+04  norm:1.05e+01  penalty:0.00e+00  axis-ratio:1.02e+00  free-mem:8.39GB
time:16:38:15.474  iter:135  elapsed-time:0.20  pmap-time:0.00  grad-time:0.00  ls-time:0.00 ls-dec:0.00e+00
fcount:3645  fval:1.31e+04  fmin:1.31e+04  norm:1.04e+01  penalty:0.00e+00  axis-ratio:1.02e+00  free-mem:8.39GB
time:16:38:15.597  iter:136  elapsed-time:0.11  pmap-time:0.00  grad-time:0.00  ls-time:0.00 ls-dec:0.00e+00
fcount:3672  fval:1.31e+04  fmin:1.31e+04  norm:1.04e+01  penalty:0.00e+00  axis-ratio:1.02e+00  free-mem:8.30GB
time:16:38:15.687  iter:137  elapsed-time:0.08  pmap-time:0.00  grad-time:0.00  ls-time:0.00 ls-dec:0.00e+00
fcount:3699  fval:1.30e+04  fmin:1.30e+04  norm:1.04e+01  penalty:0.00e+00  axis-ratio:1.02e+00  free-mem:8.33GB
time:16:38:15.871  iter:138  elapsed-time:0.18  pmap-time:0.00  grad-time:0.00  ls-time:0.00 ls-dec:0.00e+00
fcount:3726  fval:1.29e+04  fmin:1.29e+04  norm:1.04e+01  penalty:0.00e+00  axis-ratio:1.02e+00  free-mem:8.09GB
time:16:38:40.317  iter:139  elapsed-time:24.43  pmap-time:0.00  grad-time:0.00  ls-time:0.00 ls-dec:0.00e+00
fcount:3753  fval:1.28e+04  fmin:1.28e+04  norm:1.04e+01  penalty:0.00e+00  axis-ratio:1.02e+00  free-mem:11.65GB
time:16:38:42.982  iter:140  elapsed-time:2.66  pmap-time:0.00  grad-time:0.00  ls-time:0.00 ls-dec:0.00e+00
fcount:3780  fval:1.27e+04  fmin:1.27e+04  norm:1.03e+01  penalty:0.00e+00  axis-ratio:1.02e+00  free-mem:11.80GB
time:16:38:43.178  iter:141  elapsed-time:0.19  pmap-time:0.00  grad-time:0.00  ls-time:0.00 ls-dec:0.00e+00
fcount:3807  fval:1.27e+04  fmin:1.27e+04  norm:1.03e+01  penalty:0.00e+00  axis-ratio:1.02e+00  free-mem:11.65GB
time:16:38:43.434  iter:142  elapsed-time:0.25  pmap-time:0.00  grad-time:0.00  ls-time:0.00 ls-dec:0.00e+00
fcount:3834  fval:1.26e+04  fmin:1.26e+04  norm:1.04e+01  penalty:0.00e+00  axis-ratio:1.02e+00  free-mem:11.79GB
time:16:38:43.642  iter:143  elapsed-time:0.21  pmap-time:0.00  grad-time:0.00  ls-time:0.00 ls-dec:0.00e+00
fcount:3861  fval:1.25e+04  fmin:1.25e+04  norm:1.03e+01  penalty:0.00e+00  axis-ratio:1.02e+00  free-mem:11.67GB
time:16:38:43.973  iter:144  elapsed-time:0.33  pmap-time:0.00  grad-time:0.00  ls-time:0.00 ls-dec:0.00e+00
fcount:3888  fval:1.25e+04  fmin:1.25e+04  norm:1.03e+01  penalty:0.00e+00  axis-ratio:1.02e+00  free-mem:11.59GB
time:16:38:44.269  iter:145  elapsed-time:0.29  pmap-time:0.00  grad-time:0.00  ls-time:0.00 ls-dec:0.00e+00
fcount:3915  fval:1.24e+04  fmin:1.24e+04  norm:1.03e+01  penalty:0.00e+00  axis-ratio:1.02e+00  free-mem:11.24GB
time:16:38:44.517  iter:146  elapsed-time:0.25  pmap-time:0.00  grad-time:0.00  ls-time:0.00 ls-dec:0.00e+00
fcount:3942  fval:1.23e+04  fmin:1.23e+04  norm:1.03e+01  penalty:0.00e+00  axis-ratio:1.02e+00  free-mem:11.20GB
time:16:38:44.894  iter:147  elapsed-time:0.37  pmap-time:0.01  grad-time:0.00  ls-time:0.00 ls-dec:0.00e+00
fcount:3969  fval:1.23e+04  fmin:1.23e+04  norm:1.03e+01  penalty:0.00e+00  axis-ratio:1.02e+00  free-mem:11.77GB
time:16:38:45.086  iter:148  elapsed-time:0.19  pmap-time:0.00  grad-time:0.00  ls-time:0.00 ls-dec:0.00e+00
fcount:3996  fval:1.22e+04  fmin:1.22e+04  norm:1.03e+01  penalty:0.00e+00  axis-ratio:1.02e+00  free-mem:11.79GB
time:16:38:45.304  iter:149  elapsed-time:0.22  pmap-time:0.00  grad-time:0.00  ls-time:0.00 ls-dec:0.00e+00
fcount:4023  fval:1.21e+04  fmin:1.21e+04  norm:1.03e+01  penalty:0.00e+00  axis-ratio:1.02e+00  free-mem:11.85GB
time:16:38:45.498  iter:150  elapsed-time:0.19  pmap-time:0.00  grad-time:0.00  ls-time:0.00 ls-dec:0.00e+00
fcount:4050  fval:1.20e+04  fmin:1.20e+04  norm:1.03e+01  penalty:0.00e+00  axis-ratio:1.02e+00  free-mem:11.80GB
time:16:38:45.704  iter:151  elapsed-time:0.20  pmap-time:0.00  grad-time:0.00  ls-time:0.00 ls-dec:0.00e+00
fcount:4077  fval:1.20e+04  fmin:1.20e+04  norm:1.03e+01  penalty:0.00e+00  axis-ratio:1.02e+00  free-mem:11.71GB
time:16:38:46.02  iter:152  elapsed-time:0.31  pmap-time:0.00  grad-time:0.00  ls-time:0.00 ls-dec:0.00e+00
fcount:4104  fval:1.18e+04  fmin:1.18e+04  norm:1.02e+01  penalty:0.00e+00  axis-ratio:1.02e+00  free-mem:11.67GB
time:16:39:18.907  iter:153  elapsed-time:32.87  pmap-time:0.00  grad-time:0.00  ls-time:0.00 ls-dec:0.00e+00
fcount:4131  fval:1.19e+04  fmin:1.18e+04  norm:1.02e+01  penalty:0.00e+00  axis-ratio:1.03e+00  free-mem:9.31GB
time:16:39:19.129  iter:154  elapsed-time:0.21  pmap-time:0.00  grad-time:0.00  ls-time:0.00 ls-dec:0.00e+00
fcount:4158  fval:1.18e+04  fmin:1.18e+04  norm:1.03e+01  penalty:0.00e+00  axis-ratio:1.03e+00  free-mem:9.30GB
time:16:39:19.305  iter:155  elapsed-time:0.17  pmap-time:0.00  grad-time:0.00  ls-time:0.00 ls-dec:0.00e+00
fcount:4185  fval:1.18e+04  fmin:1.18e+04  norm:1.02e+01  penalty:0.00e+00  axis-ratio:1.03e+00  free-mem:9.48GB
time:16:39:19.43  iter:156  elapsed-time:0.12  pmap-time:0.00  grad-time:0.00  ls-time:0.00 ls-dec:0.00e+00
fcount:4212  fval:1.18e+04  fmin:1.18e+04  norm:1.02e+01  penalty:0.00e+00  axis-ratio:1.03e+00  free-mem:9.43GB
time:16:39:19.577  iter:157  elapsed-time:0.15  pmap-time:0.00  grad-time:0.00  ls-time:0.00 ls-dec:0.00e+00
fcount:4239  fval:1.17e+04  fmin:1.17e+04  norm:1.02e+01  penalty:0.00e+00  axis-ratio:1.03e+00  free-mem:9.54GB
time:16:39:19.708  iter:158  elapsed-time:0.13  pmap-time:0.00  grad-time:0.00  ls-time:0.00 ls-dec:0.00e+00
fcount:4266  fval:1.16e+04  fmin:1.16e+04  norm:1.02e+01  penalty:0.00e+00  axis-ratio:1.03e+00  free-mem:9.46GB
time:16:39:19.901  iter:159  elapsed-time:0.19  pmap-time:0.00  grad-time:0.00  ls-time:0.00 ls-dec:0.00e+00
fcount:4293  fval:1.16e+04  fmin:1.16e+04  norm:1.01e+01  penalty:0.00e+00  axis-ratio:1.03e+00  free-mem:9.57GB
time:16:39:20.058  iter:160  elapsed-time:0.16  pmap-time:0.03  grad-time:0.00  ls-time:0.00 ls-dec:0.00e+00
fcount:4320  fval:1.15e+04  fmin:1.15e+04  norm:1.01e+01  penalty:0.00e+00  axis-ratio:1.03e+00  free-mem:9.55GB
time:16:39:20.434  iter:161  elapsed-time:0.37  pmap-time:0.00  grad-time:0.00  ls-time:0.00 ls-dec:0.00e+00
fcount:4347  fval:1.15e+04  fmin:1.15e+04  norm:1.01e+01  penalty:0.00e+00  axis-ratio:1.03e+00  free-mem:9.31GB
time:16:39:20.627  iter:162  elapsed-time:0.18  pmap-time:0.00  grad-time:0.00  ls-time:0.00 ls-dec:0.00e+00
fcount:4374  fval:1.14e+04  fmin:1.14e+04  norm:1.01e+01  penalty:0.00e+00  axis-ratio:1.03e+00  free-mem:9.15GB
time:16:39:20.997  iter:163  elapsed-time:0.37  pmap-time:0.00  grad-time:0.00  ls-time:0.00 ls-dec:0.00e+00
fcount:4401  fval:1.13e+04  fmin:1.13e+04  norm:1.01e+01  penalty:0.00e+00  axis-ratio:1.03e+00  free-mem:9.12GB
time:16:39:21.293  iter:164  elapsed-time:0.28  pmap-time:0.00  grad-time:0.00  ls-time:0.00 ls-dec:0.00e+00
fcount:4428  fval:1.12e+04  fmin:1.12e+04  norm:1.01e+01  penalty:0.00e+00  axis-ratio:1.03e+00  free-mem:9.00GB
time:16:39:21.578  iter:165  elapsed-time:0.28  pmap-time:0.00  grad-time:0.00  ls-time:0.00 ls-dec:0.00e+00
fcount:4455  fval:1.12e+04  fmin:1.12e+04  norm:1.01e+01  penalty:0.00e+00  axis-ratio:1.03e+00  free-mem:8.86GB
time:16:39:21.708  iter:166  elapsed-time:0.13  pmap-time:0.00  grad-time:0.00  ls-time:0.00 ls-dec:0.00e+00
fcount:4482  fval:1.12e+04  fmin:1.12e+04  norm:1.01e+01  penalty:0.00e+00  axis-ratio:1.03e+00  free-mem:8.79GB
time:16:39:50.844  iter:167  elapsed-time:29.13  pmap-time:0.00  grad-time:0.00  ls-time:0.00 ls-dec:0.00e+00
fcount:4509  fval:1.12e+04  fmin:1.12e+04  norm:1.01e+01  penalty:0.00e+00  axis-ratio:1.03e+00  free-mem:9.94GB
time:16:39:53.465  iter:168  elapsed-time:2.62  pmap-time:0.01  grad-time:0.00  ls-time:0.00 ls-dec:0.00e+00
fcount:4536  fval:1.10e+04  fmin:1.10e+04  norm:1.01e+01  penalty:0.00e+00  axis-ratio:1.03e+00  free-mem:9.49GB
time:16:39:53.557  iter:169  elapsed-time:0.08  pmap-time:0.00  grad-time:0.00  ls-time:0.00 ls-dec:0.00e+00
fcount:4563  fval:1.10e+04  fmin:1.10e+04  norm:1.01e+01  penalty:0.00e+00  axis-ratio:1.03e+00  free-mem:9.44GB
time:16:39:53.738  iter:170  elapsed-time:0.17  pmap-time:0.00  grad-time:0.00  ls-time:0.00 ls-dec:0.00e+00
fcount:4590  fval:1.09e+04  fmin:1.09e+04  norm:1.01e+01  penalty:0.00e+00  axis-ratio:1.03e+00  free-mem:9.38GB
time:16:39:53.868  iter:171  elapsed-time:0.11  pmap-time:0.00  grad-time:0.00  ls-time:0.00 ls-dec:0.00e+00
fcount:4617  fval:1.09e+04  fmin:1.09e+04  norm:1.01e+01  penalty:0.00e+00  axis-ratio:1.03e+00  free-mem:10.02GB
time:16:39:53.971  iter:172  elapsed-time:0.09  pmap-time:0.00  grad-time:0.00  ls-time:0.00 ls-dec:0.00e+00
fcount:4644  fval:1.09e+04  fmin:1.09e+04  norm:1.00e+01  penalty:0.00e+00  axis-ratio:1.03e+00  free-mem:10.08GB
time:16:39:54.114  iter:173  elapsed-time:0.14  pmap-time:0.00  grad-time:0.00  ls-time:0.00 ls-dec:0.00e+00
fcount:4671  fval:1.07e+04  fmin:1.07e+04  norm:1.00e+01  penalty:0.00e+00  axis-ratio:1.03e+00  free-mem:9.92GB
time:16:39:54.253  iter:174  elapsed-time:0.14  pmap-time:0.00  grad-time:0.00  ls-time:0.00 ls-dec:0.00e+00
fcount:4698  fval:1.08e+04  fmin:1.07e+04  norm:1.00e+01  penalty:0.00e+00  axis-ratio:1.03e+00  free-mem:10.17GB
time:16:39:54.405  iter:175  elapsed-time:0.14  pmap-time:0.00  grad-time:0.00  ls-time:0.00 ls-dec:0.00e+00
fcount:4725  fval:1.08e+04  fmin:1.07e+04  norm:1.01e+01  penalty:0.00e+00  axis-ratio:1.03e+00  free-mem:10.07GB
time:16:39:54.985  iter:176  elapsed-time:0.58  pmap-time:0.00  grad-time:0.00  ls-time:0.00 ls-dec:0.00e+00
fcount:4752  fval:1.07e+04  fmin:1.07e+04  norm:1.01e+01  penalty:0.00e+00  axis-ratio:1.03e+00  free-mem:10.17GB
time:16:39:55.123  iter:177  elapsed-time:0.13  pmap-time:0.00  grad-time:0.00  ls-time:0.00 ls-dec:0.00e+00
fcount:4779  fval:1.07e+04  fmin:1.07e+04  norm:1.00e+01  penalty:0.00e+00  axis-ratio:1.03e+00  free-mem:10.06GB
time:16:39:55.285  iter:178  elapsed-time:0.14  pmap-time:0.00  grad-time:0.00  ls-time:0.00 ls-dec:0.00e+00
fcount:4806  fval:1.06e+04  fmin:1.06e+04  norm:1.00e+01  penalty:0.00e+00  axis-ratio:1.03e+00  free-mem:9.99GB
time:16:39:55.473  iter:179  elapsed-time:0.19  pmap-time:0.00  grad-time:0.00  ls-time:0.00 ls-dec:0.00e+00
fcount:4833  fval:1.06e+04  fmin:1.06e+04  norm:1.00e+01  penalty:0.00e+00  axis-ratio:1.03e+00  free-mem:10.09GB
time:16:39:55.626  iter:180  elapsed-time:0.15  pmap-time:0.00  grad-time:0.00  ls-time:0.00 ls-dec:0.00e+00
fcount:4860  fval:1.05e+04  fmin:1.05e+04  norm:1.00e+01  penalty:0.00e+00  axis-ratio:1.03e+00  free-mem:10.04GB
time:16:40:13.857  iter:181  elapsed-time:18.20  pmap-time:0.00  grad-time:0.00  ls-time:0.00 ls-dec:0.00e+00
fcount:4887  fval:1.05e+04  fmin:1.05e+04  norm:9.95e+00  penalty:0.00e+00  axis-ratio:1.04e+00  free-mem:9.64GB
time:16:40:14.084  iter:182  elapsed-time:0.22  pmap-time:0.00  grad-time:0.00  ls-time:0.00 ls-dec:0.00e+00
fcount:4914  fval:1.05e+04  fmin:1.05e+04  norm:9.96e+00  penalty:0.00e+00  axis-ratio:1.04e+00  free-mem:9.84GB
time:16:40:14.188  iter:183  elapsed-time:0.09  pmap-time:0.00  grad-time:0.00  ls-time:0.00 ls-dec:0.00e+00
fcount:4941  fval:1.04e+04  fmin:1.04e+04  norm:9.94e+00  penalty:0.00e+00  axis-ratio:1.04e+00  free-mem:9.94GB
time:16:40:14.375  iter:184  elapsed-time:0.17  pmap-time:0.00  grad-time:0.00  ls-time:0.00 ls-dec:0.00e+00
fcount:4968  fval:1.03e+04  fmin:1.03e+04  norm:9.95e+00  penalty:0.00e+00  axis-ratio:1.04e+00  free-mem:9.88GB
time:16:40:14.644  iter:185  elapsed-time:0.25  pmap-time:0.00  grad-time:0.00  ls-time:0.00 ls-dec:0.00e+00
fcount:4995  fval:1.02e+04  fmin:1.02e+04  norm:9.95e+00  penalty:0.00e+00  axis-ratio:1.04e+00  free-mem:9.86GB
time:16:40:14.92  iter:186  elapsed-time:0.23  pmap-time:0.00  grad-time:0.00  ls-time:0.00 ls-dec:0.00e+00
fcount:5022  fval:1.02e+04  fmin:1.02e+04  norm:9.91e+00  penalty:0.00e+00  axis-ratio:1.04e+00  free-mem:9.75GB
time:16:40:15.082  iter:187  elapsed-time:0.16  pmap-time:0.00  grad-time:0.00  ls-time:0.00 ls-dec:0.00e+00
fcount:5049  fval:1.01e+04  fmin:1.01e+04  norm:9.88e+00  penalty:0.00e+00  axis-ratio:1.04e+00  free-mem:9.55GB
time:16:40:15.52  iter:188  elapsed-time:0.44  pmap-time:0.00  grad-time:0.00  ls-time:0.00 ls-dec:0.00e+00
fcount:5076  fval:1.01e+04  fmin:1.01e+04  norm:9.87e+00  penalty:0.00e+00  axis-ratio:1.04e+00  free-mem:9.91GB
time:16:40:15.598  iter:189  elapsed-time:0.08  pmap-time:0.00  grad-time:0.00  ls-time:0.00 ls-dec:0.00e+00
fcount:5103  fval:1.01e+04  fmin:1.01e+04  norm:9.93e+00  penalty:0.00e+00  axis-ratio:1.04e+00  free-mem:9.87GB
time:16:40:15.765  iter:190  elapsed-time:0.17  pmap-time:0.00  grad-time:0.00  ls-time:0.00 ls-dec:0.00e+00
fcount:5130  fval:1.01e+04  fmin:1.01e+04  norm:9.91e+00  penalty:0.00e+00  axis-ratio:1.04e+00  free-mem:9.71GB
time:16:40:15.902  iter:191  elapsed-time:0.14  pmap-time:0.00  grad-time:0.00  ls-time:0.00 ls-dec:0.00e+00
fcount:5157  fval:9.92e+03  fmin:9.92e+03  norm:9.85e+00  penalty:0.00e+00  axis-ratio:1.04e+00  free-mem:9.61GB
time:16:40:16.105  iter:192  elapsed-time:0.20  pmap-time:0.00  grad-time:0.00  ls-time:0.00 ls-dec:0.00e+00
fcount:5184  fval:9.92e+03  fmin:9.92e+03  norm:9.82e+00  penalty:0.00e+00  axis-ratio:1.04e+00  free-mem:9.68GB
time:16:40:16.289  iter:193  elapsed-time:0.18  pmap-time:0.00  grad-time:0.00  ls-time:0.00 ls-dec:0.00e+00
fcount:5211  fval:9.87e+03  fmin:9.87e+03  norm:9.80e+00  penalty:0.00e+00  axis-ratio:1.04e+00  free-mem:9.67GB
time:16:40:16.678  iter:194  elapsed-time:0.37  pmap-time:0.00  grad-time:0.00  ls-time:0.00 ls-dec:0.00e+00
fcount:5238  fval:9.80e+03  fmin:9.80e+03  norm:9.88e+00  penalty:0.00e+00  axis-ratio:1.04e+00  free-mem:9.87GB
time:16:40:40.044  iter:195  elapsed-time:23.36  pmap-time:0.00  grad-time:0.00  ls-time:0.00 ls-dec:0.00e+00
fcount:5265  fval:9.78e+03  fmin:9.78e+03  norm:9.85e+00  penalty:0.00e+00  axis-ratio:1.04e+00  free-mem:11.28GB
time:16:40:40.287  iter:196  elapsed-time:0.24  pmap-time:0.00  grad-time:0.00  ls-time:0.00 ls-dec:0.00e+00
fcount:5292  fval:9.74e+03  fmin:9.74e+03  norm:9.81e+00  penalty:0.00e+00  axis-ratio:1.04e+00  free-mem:11.11GB
time:16:40:40.474  iter:197  elapsed-time:0.19  pmap-time:0.00  grad-time:0.00  ls-time:0.00 ls-dec:0.00e+00
fcount:5319  fval:9.70e+03  fmin:9.70e+03  norm:9.80e+00  penalty:0.00e+00  axis-ratio:1.04e+00  free-mem:11.14GB
time:16:40:40.653  iter:198  elapsed-time:0.18  pmap-time:0.00  grad-time:0.00  ls-time:0.00 ls-dec:0.00e+00
fcount:5346  fval:9.61e+03  fmin:9.61e+03  norm:9.82e+00  penalty:0.00e+00  axis-ratio:1.04e+00  free-mem:11.07GB
time:16:40:40.92  iter:199  elapsed-time:0.27  pmap-time:0.00  grad-time:0.00  ls-time:0.00 ls-dec:0.00e+00
fcount:5373  fval:9.62e+03  fmin:9.61e+03  norm:9.79e+00  penalty:0.00e+00  axis-ratio:1.04e+00  free-mem:10.73GB
time:16:40:41.237  iter:200  elapsed-time:0.31  pmap-time:0.00  grad-time:0.00  ls-time:0.00 ls-dec:0.00e+00
fcount:5400  fval:9.61e+03  fmin:9.61e+03  norm:9.83e+00  penalty:0.00e+00  axis-ratio:1.04e+00  free-mem:10.55GB
27-14 CMA-ES
time:16:41:16.323  iter:1  elapsed-time:34.86  pmap-time:0.00  grad-time:0.75  ls-time:0.67 ls-dec:0.00e+00
fcount:27  fval:9.58e+03  fmin:9.38e+03  norm:9.86e+00  penalty:0.00e+00  axis-ratio:1.00e+00  free-mem:9.93GB
time:16:41:19.348  iter:2  elapsed-time:3.01  pmap-time:0.00  grad-time:0.00  ls-time:0.00 ls-dec:0.00e+00
fcount:54  fval:9.56e+03  fmin:9.33e+03  norm:9.83e+00  penalty:0.00e+00  axis-ratio:1.00e+00  free-mem:10.49GB
time:16:41:19.426  iter:3  elapsed-time:0.08  pmap-time:0.00  grad-time:0.00  ls-time:0.00 ls-dec:0.00e+00
fcount:81  fval:9.59e+03  fmin:9.32e+03  norm:9.85e+00  penalty:0.00e+00  axis-ratio:1.00e+00  free-mem:10.44GB
time:16:41:19.533  iter:4  elapsed-time:0.10  pmap-time:0.00  grad-time:0.00  ls-time:0.00 ls-dec:0.00e+00
fcount:108  fval:9.53e+03  fmin:9.29e+03  norm:9.84e+00  penalty:0.00e+00  axis-ratio:1.00e+00  free-mem:10.36GB
time:16:41:19.624  iter:5  elapsed-time:0.09  pmap-time:0.00  grad-time:0.00  ls-time:0.00 ls-dec:0.00e+00
fcount:135  fval:9.45e+03  fmin:9.26e+03  norm:9.85e+00  penalty:0.00e+00  axis-ratio:1.00e+00  free-mem:10.28GB
time:16:41:19.811  iter:6  elapsed-time:0.19  pmap-time:0.00  grad-time:0.00  ls-time:0.00 ls-dec:0.00e+00
fcount:162  fval:9.49e+03  fmin:9.23e+03  norm:9.92e+00  penalty:0.00e+00  axis-ratio:1.00e+00  free-mem:10.04GB
time:16:41:19.976  iter:7  elapsed-time:0.17  pmap-time:0.00  grad-time:0.00  ls-time:0.00 ls-dec:0.00e+00
fcount:189  fval:9.42e+03  fmin:9.19e+03  norm:9.93e+00  penalty:0.00e+00  axis-ratio:1.00e+00  free-mem:9.92GB
time:16:41:20.19  iter:8  elapsed-time:0.21  pmap-time:0.00  grad-time:0.00  ls-time:0.00 ls-dec:0.00e+00
fcount:216  fval:9.40e+03  fmin:9.14e+03  norm:9.95e+00  penalty:0.00e+00  axis-ratio:1.00e+00  free-mem:9.86GB
time:16:41:20.446  iter:9  elapsed-time:0.25  pmap-time:0.00  grad-time:0.00  ls-time:0.00 ls-dec:0.00e+00
fcount:243  fval:9.37e+03  fmin:9.12e+03  norm:1.00e+01  penalty:0.00e+00  axis-ratio:1.00e+00  free-mem:9.65GB
time:16:41:20.817  iter:10  elapsed-time:0.37  pmap-time:0.00  grad-time:0.00  ls-time:0.00 ls-dec:0.00e+00
fcount:270  fval:9.32e+03  fmin:9.10e+03  norm:1.00e+01  penalty:0.00e+00  axis-ratio:1.00e+00  free-mem:9.44GB
time:16:41:21.248  iter:11  elapsed-time:0.43  pmap-time:0.00  grad-time:0.00  ls-time:0.00 ls-dec:0.00e+00
fcount:297  fval:9.28e+03  fmin:9.07e+03  norm:1.00e+01  penalty:0.00e+00  axis-ratio:1.00e+00  free-mem:9.69GB
time:16:41:21.418  iter:12  elapsed-time:0.16  pmap-time:0.00  grad-time:0.00  ls-time:0.00 ls-dec:0.00e+00
fcount:324  fval:9.25e+03  fmin:9.03e+03  norm:1.00e+01  penalty:0.00e+00  axis-ratio:1.00e+00  free-mem:9.63GB
time:16:41:21.586  iter:13  elapsed-time:0.17  pmap-time:0.00  grad-time:0.00  ls-time:0.00 ls-dec:0.00e+00
fcount:351  fval:9.24e+03  fmin:8.99e+03  norm:1.01e+01  penalty:0.00e+00  axis-ratio:1.00e+00  free-mem:9.57GB
time:16:41:49.717  iter:14  elapsed-time:28.13  pmap-time:0.00  grad-time:0.00  ls-time:0.00 ls-dec:0.00e+00
fcount:378  fval:9.19e+03  fmin:8.98e+03  norm:1.01e+01  penalty:0.00e+00  axis-ratio:1.00e+00  free-mem:11.70GB
time:16:41:50.272  iter:15  elapsed-time:0.55  pmap-time:0.00  grad-time:0.00  ls-time:0.00 ls-dec:0.00e+00
fcount:405  fval:9.15e+03  fmin:8.93e+03  norm:1.01e+01  penalty:0.00e+00  axis-ratio:1.00e+00  free-mem:11.60GB
time:16:41:50.457  iter:16  elapsed-time:0.18  pmap-time:0.00  grad-time:0.00  ls-time:0.00 ls-dec:0.00e+00
fcount:432  fval:9.14e+03  fmin:8.90e+03  norm:1.01e+01  penalty:0.00e+00  axis-ratio:1.00e+00  free-mem:11.65GB
time:16:41:50.682  iter:17  elapsed-time:0.20  pmap-time:0.00  grad-time:0.00  ls-time:0.00 ls-dec:0.00e+00
fcount:459  fval:9.12e+03  fmin:8.87e+03  norm:1.01e+01  penalty:0.00e+00  axis-ratio:1.00e+00  free-mem:11.74GB
time:16:41:50.909  iter:18  elapsed-time:0.22  pmap-time:0.00  grad-time:0.00  ls-time:0.00 ls-dec:0.00e+00
fcount:486  fval:9.03e+03  fmin:8.82e+03  norm:1.01e+01  penalty:0.00e+00  axis-ratio:1.00e+00  free-mem:11.76GB
time:16:41:51.153  iter:19  elapsed-time:0.24  pmap-time:0.00  grad-time:0.00  ls-time:0.00 ls-dec:0.00e+00
fcount:513  fval:9.01e+03  fmin:8.77e+03  norm:1.00e+01  penalty:0.00e+00  axis-ratio:1.00e+00  free-mem:11.81GB
time:16:41:51.266  iter:20  elapsed-time:0.11  pmap-time:0.00  grad-time:0.00  ls-time:0.00 ls-dec:0.00e+00
fcount:540  fval:8.96e+03  fmin:8.73e+03  norm:1.01e+01  penalty:0.00e+00  axis-ratio:1.00e+00  free-mem:11.79GB
time:16:41:51.364  iter:21  elapsed-time:0.09  pmap-time:0.00  grad-time:0.00  ls-time:0.00 ls-dec:0.00e+00
fcount:567  fval:8.90e+03  fmin:8.69e+03  norm:1.01e+01  penalty:0.00e+00  axis-ratio:1.00e+00  free-mem:11.77GB
time:16:41:51.46  iter:22  elapsed-time:0.08  pmap-time:0.00  grad-time:0.00  ls-time:0.00 ls-dec:0.00e+00
fcount:594  fval:8.85e+03  fmin:8.63e+03  norm:1.00e+01  penalty:0.00e+00  axis-ratio:1.00e+00  free-mem:11.71GB
time:16:41:51.523  iter:23  elapsed-time:0.06  pmap-time:0.00  grad-time:0.00  ls-time:0.00 ls-dec:0.00e+00
fcount:621  fval:8.84e+03  fmin:8.62e+03  norm:1.00e+01  penalty:0.00e+00  axis-ratio:1.00e+00  free-mem:11.68GB
time:16:41:51.756  iter:24  elapsed-time:0.23  pmap-time:0.00  grad-time:0.00  ls-time:0.00 ls-dec:0.00e+00
fcount:648  fval:8.82e+03  fmin:8.60e+03  norm:1.01e+01  penalty:0.00e+00  axis-ratio:1.00e+00  free-mem:11.60GB
time:16:41:51.881  iter:25  elapsed-time:0.11  pmap-time:0.00  grad-time:0.00  ls-time:0.00 ls-dec:0.00e+00
fcount:675  fval:8.76e+03  fmin:8.56e+03  norm:9.99e+00  penalty:0.00e+00  axis-ratio:1.00e+00  free-mem:11.56GB
time:16:41:52.105  iter:26  elapsed-time:0.21  pmap-time:0.00  grad-time:0.00  ls-time:0.00 ls-dec:0.00e+00
fcount:702  fval:8.73e+03  fmin:8.49e+03  norm:1.00e+01  penalty:0.00e+00  axis-ratio:1.00e+00  free-mem:11.51GB
time:16:41:52.282  iter:27  elapsed-time:0.17  pmap-time:0.00  grad-time:0.00  ls-time:0.00 ls-dec:0.00e+00
fcount:729  fval:8.64e+03  fmin:8.43e+03  norm:1.00e+01  penalty:0.00e+00  axis-ratio:1.00e+00  free-mem:11.43GB
time:16:42:14.205  iter:28  elapsed-time:21.91  pmap-time:0.00  grad-time:0.00  ls-time:0.00 ls-dec:0.00e+00
fcount:756  fval:8.58e+03  fmin:8.36e+03  norm:9.93e+00  penalty:0.00e+00  axis-ratio:1.00e+00  free-mem:13.44GB
time:16:42:14.49  iter:29  elapsed-time:0.28  pmap-time:0.00  grad-time:0.00  ls-time:0.00 ls-dec:0.00e+00
fcount:783  fval:8.57e+03  fmin:8.34e+03  norm:1.00e+01  penalty:0.00e+00  axis-ratio:1.00e+00  free-mem:13.45GB
time:16:42:14.859  iter:30  elapsed-time:0.37  pmap-time:0.01  grad-time:0.00  ls-time:0.00 ls-dec:0.00e+00
fcount:810  fval:8.53e+03  fmin:8.30e+03  norm:1.00e+01  penalty:0.00e+00  axis-ratio:1.00e+00  free-mem:13.75GB
time:16:42:15.128  iter:31  elapsed-time:0.27  pmap-time:0.00  grad-time:0.00  ls-time:0.00 ls-dec:0.00e+00
fcount:837  fval:8.46e+03  fmin:8.27e+03  norm:9.98e+00  penalty:0.00e+00  axis-ratio:1.00e+00  free-mem:14.02GB
time:16:42:15.311  iter:32  elapsed-time:0.18  pmap-time:0.02  grad-time:0.00  ls-time:0.00 ls-dec:0.00e+00
fcount:864  fval:8.43e+03  fmin:8.22e+03  norm:9.96e+00  penalty:0.00e+00  axis-ratio:1.00e+00  free-mem:13.95GB
time:16:42:15.513  iter:33  elapsed-time:0.20  pmap-time:0.00  grad-time:0.00  ls-time:0.00 ls-dec:0.00e+00
fcount:891  fval:8.45e+03  fmin:8.20e+03  norm:9.97e+00  penalty:0.00e+00  axis-ratio:1.00e+00  free-mem:13.83GB
time:16:42:15.789  iter:34  elapsed-time:0.28  pmap-time:0.00  grad-time:0.00  ls-time:0.00 ls-dec:0.00e+00
fcount:918  fval:8.43e+03  fmin:8.20e+03  norm:9.99e+00  penalty:0.00e+00  axis-ratio:1.00e+00  free-mem:13.76GB
time:16:42:15.911  iter:35  elapsed-time:0.12  pmap-time:0.00  grad-time:0.00  ls-time:0.00 ls-dec:0.00e+00
fcount:945  fval:8.35e+03  fmin:8.13e+03  norm:9.91e+00  penalty:0.00e+00  axis-ratio:1.00e+00  free-mem:13.74GB
time:16:42:16.104  iter:36  elapsed-time:0.19  pmap-time:0.01  grad-time:0.00  ls-time:0.00 ls-dec:0.00e+00
fcount:972  fval:8.28e+03  fmin:8.09e+03  norm:9.91e+00  penalty:0.00e+00  axis-ratio:1.00e+00  free-mem:13.57GB
time:16:42:16.285  iter:37  elapsed-time:0.18  pmap-time:0.00  grad-time:0.00  ls-time:0.00 ls-dec:0.00e+00
fcount:999  fval:8.23e+03  fmin:8.04e+03  norm:9.96e+00  penalty:0.00e+00  axis-ratio:1.00e+00  free-mem:13.45GB
time:16:42:16.478  iter:38  elapsed-time:0.19  pmap-time:0.00  grad-time:0.00  ls-time:0.00 ls-dec:0.00e+00
fcount:1026  fval:8.28e+03  fmin:8.03e+03  norm:9.96e+00  penalty:0.00e+00  axis-ratio:1.00e+00  free-mem:13.38GB
time:16:42:16.698  iter:39  elapsed-time:0.21  pmap-time:0.00  grad-time:0.00  ls-time:0.00 ls-dec:0.00e+00
fcount:1053  fval:8.25e+03  fmin:8.01e+03  norm:9.98e+00  penalty:0.00e+00  axis-ratio:1.00e+00  free-mem:13.27GB
time:16:42:16.929  iter:40  elapsed-time:0.23  pmap-time:0.00  grad-time:0.00  ls-time:0.00 ls-dec:0.00e+00
fcount:1080  fval:8.17e+03  fmin:7.97e+03  norm:9.92e+00  penalty:0.00e+00  axis-ratio:1.00e+00  free-mem:13.10GB
time:16:42:17.184  iter:41  elapsed-time:0.25  pmap-time:0.00  grad-time:0.00  ls-time:0.00 ls-dec:0.00e+00
fcount:1107  fval:8.16e+03  fmin:7.93e+03  norm:9.92e+00  penalty:0.00e+00  axis-ratio:1.00e+00  free-mem:13.09GB
time:16:42:40.907  iter:42  elapsed-time:23.72  pmap-time:0.00  grad-time:0.00  ls-time:0.00 ls-dec:0.00e+00
fcount:1134  fval:8.14e+03  fmin:7.90e+03  norm:9.97e+00  penalty:0.00e+00  axis-ratio:1.00e+00  free-mem:11.76GB
time:16:42:43.652  iter:43  elapsed-time:2.72  pmap-time:0.00  grad-time:0.00  ls-time:0.00 ls-dec:0.00e+00
fcount:1161  fval:8.11e+03  fmin:7.89e+03  norm:9.91e+00  penalty:0.00e+00  axis-ratio:1.00e+00  free-mem:11.18GB
time:16:42:43.815  iter:44  elapsed-time:0.15  pmap-time:0.00  grad-time:0.00  ls-time:0.00 ls-dec:0.00e+00
fcount:1188  fval:8.07e+03  fmin:7.85e+03  norm:9.91e+00  penalty:0.00e+00  axis-ratio:1.00e+00  free-mem:11.14GB
time:16:42:43.99  iter:45  elapsed-time:0.16  pmap-time:0.00  grad-time:0.00  ls-time:0.00 ls-dec:0.00e+00
fcount:1215  fval:8.07e+03  fmin:7.83e+03  norm:9.92e+00  penalty:0.00e+00  axis-ratio:1.00e+00  free-mem:11.09GB
time:16:42:44.144  iter:46  elapsed-time:0.14  pmap-time:0.00  grad-time:0.00  ls-time:0.00 ls-dec:0.00e+00
fcount:1242  fval:8.03e+03  fmin:7.80e+03  norm:9.87e+00  penalty:0.00e+00  axis-ratio:1.00e+00  free-mem:11.03GB
time:16:42:44.338  iter:47  elapsed-time:0.17  pmap-time:0.00  grad-time:0.00  ls-time:0.00 ls-dec:0.00e+00
fcount:1269  fval:7.98e+03  fmin:7.77e+03  norm:9.89e+00  penalty:0.00e+00  axis-ratio:1.00e+00  free-mem:11.12GB
time:16:42:44.694  iter:48  elapsed-time:0.35  pmap-time:0.00  grad-time:0.00  ls-time:0.00 ls-dec:0.00e+00
fcount:1296  fval:7.92e+03  fmin:7.73e+03  norm:9.88e+00  penalty:0.00e+00  axis-ratio:1.00e+00  free-mem:11.78GB
time:16:42:44.87  iter:49  elapsed-time:0.16  pmap-time:0.00  grad-time:0.00  ls-time:0.00 ls-dec:0.00e+00
fcount:1323  fval:7.96e+03  fmin:7.72e+03  norm:9.86e+00  penalty:0.00e+00  axis-ratio:1.00e+00  free-mem:11.97GB
time:16:42:45.043  iter:50  elapsed-time:0.17  pmap-time:0.00  grad-time:0.00  ls-time:0.00 ls-dec:0.00e+00
fcount:1350  fval:7.92e+03  fmin:7.71e+03  norm:9.90e+00  penalty:0.00e+00  axis-ratio:1.00e+00  free-mem:11.89GB
time:16:42:45.272  iter:51  elapsed-time:0.21  pmap-time:0.00  grad-time:0.00  ls-time:0.00 ls-dec:0.00e+00
fcount:1377  fval:7.88e+03  fmin:7.69e+03  norm:9.85e+00  penalty:0.00e+00  axis-ratio:1.00e+00  free-mem:11.73GB
time:16:42:45.513  iter:52  elapsed-time:0.23  pmap-time:0.00  grad-time:0.00  ls-time:0.00 ls-dec:0.00e+00
fcount:1404  fval:7.89e+03  fmin:7.66e+03  norm:9.87e+00  penalty:0.00e+00  axis-ratio:1.00e+00  free-mem:11.65GB
time:16:42:45.801  iter:53  elapsed-time:0.24  pmap-time:0.00  grad-time:0.00  ls-time:0.00 ls-dec:0.00e+00
fcount:1431  fval:7.80e+03  fmin:7.62e+03  norm:9.87e+00  penalty:0.00e+00  axis-ratio:1.00e+00  free-mem:11.60GB
time:16:42:46.09  iter:54  elapsed-time:0.29  pmap-time:0.00  grad-time:0.00  ls-time:0.00 ls-dec:0.00e+00
fcount:1458  fval:7.82e+03  fmin:7.61e+03  norm:9.89e+00  penalty:0.00e+00  axis-ratio:1.00e+00  free-mem:11.51GB
time:16:42:46.497  iter:55  elapsed-time:0.37  pmap-time:0.00  grad-time:0.00  ls-time:0.00 ls-dec:0.00e+00
fcount:1485  fval:7.76e+03  fmin:7.57e+03  norm:9.89e+00  penalty:0.00e+00  axis-ratio:1.00e+00  free-mem:11.30GB
time:16:43:13.039  iter:56  elapsed-time:26.54  pmap-time:0.00  grad-time:0.00  ls-time:0.00 ls-dec:0.00e+00
fcount:1512  fval:7.70e+03  fmin:7.54e+03  norm:9.89e+00  penalty:0.00e+00  axis-ratio:1.00e+00  free-mem:8.39GB
time:16:43:13.337  iter:57  elapsed-time:0.29  pmap-time:0.00  grad-time:0.00  ls-time:0.00 ls-dec:0.00e+00
fcount:1539  fval:7.67e+03  fmin:7.49e+03  norm:9.91e+00  penalty:0.00e+00  axis-ratio:1.00e+00  free-mem:8.43GB
time:16:43:13.449  iter:58  elapsed-time:0.11  pmap-time:0.00  grad-time:0.00  ls-time:0.00 ls-dec:0.00e+00
fcount:1566  fval:7.64e+03  fmin:7.44e+03  norm:9.81e+00  penalty:0.00e+00  axis-ratio:1.00e+00  free-mem:8.40GB
time:16:43:13.677  iter:59  elapsed-time:0.21  pmap-time:0.00  grad-time:0.00  ls-time:0.00 ls-dec:0.00e+00
fcount:1593  fval:7.61e+03  fmin:7.40e+03  norm:9.84e+00  penalty:0.00e+00  axis-ratio:1.00e+00  free-mem:8.50GB
time:16:43:13.78  iter:60  elapsed-time:0.09  pmap-time:0.00  grad-time:0.00  ls-time:0.00 ls-dec:0.00e+00
fcount:1620  fval:7.57e+03  fmin:7.37e+03  norm:9.86e+00  penalty:0.00e+00  axis-ratio:1.00e+00  free-mem:8.42GB
time:16:43:13.892  iter:61  elapsed-time:0.10  pmap-time:0.00  grad-time:0.00  ls-time:0.00 ls-dec:0.00e+00
fcount:1647  fval:7.56e+03  fmin:7.35e+03  norm:9.88e+00  penalty:0.00e+00  axis-ratio:1.00e+00  free-mem:8.35GB
time:16:43:14.101  iter:62  elapsed-time:0.20  pmap-time:0.00  grad-time:0.00  ls-time:0.00 ls-dec:0.00e+00
fcount:1674  fval:7.54e+03  fmin:7.31e+03  norm:9.79e+00  penalty:0.00e+00  axis-ratio:1.00e+00  free-mem:8.24GB
time:16:43:14.244  iter:63  elapsed-time:0.12  pmap-time:0.00  grad-time:0.00  ls-time:0.00 ls-dec:0.00e+00
fcount:1701  fval:7.48e+03  fmin:7.27e+03  norm:9.79e+00  penalty:0.00e+00  axis-ratio:1.00e+00  free-mem:8.17GB
time:16:43:14.393  iter:64  elapsed-time:0.13  pmap-time:0.00  grad-time:0.00  ls-time:0.00 ls-dec:0.00e+00
fcount:1728  fval:7.41e+03  fmin:7.20e+03  norm:9.81e+00  penalty:0.00e+00  axis-ratio:1.00e+00  free-mem:8.26GB
time:16:43:14.614  iter:65  elapsed-time:0.20  pmap-time:0.00  grad-time:0.00  ls-time:0.00 ls-dec:0.00e+00
fcount:1755  fval:7.41e+03  fmin:7.17e+03  norm:9.81e+00  penalty:0.00e+00  axis-ratio:1.00e+00  free-mem:8.56GB
time:16:43:15.049  iter:66  elapsed-time:0.43  pmap-time:0.00  grad-time:0.00  ls-time:0.00 ls-dec:0.00e+00
fcount:1782  fval:7.38e+03  fmin:7.15e+03  norm:9.78e+00  penalty:0.00e+00  axis-ratio:1.00e+00  free-mem:8.84GB
time:16:43:15.234  iter:67  elapsed-time:0.18  pmap-time:0.00  grad-time:0.00  ls-time:0.00 ls-dec:0.00e+00
fcount:1809  fval:7.38e+03  fmin:7.15e+03  norm:9.83e+00  penalty:0.00e+00  axis-ratio:1.00e+00  free-mem:8.83GB
time:16:43:15.474  iter:68  elapsed-time:0.24  pmap-time:0.00  grad-time:0.00  ls-time:0.00 ls-dec:0.00e+00
fcount:1836  fval:7.29e+03  fmin:7.11e+03  norm:9.78e+00  penalty:0.00e+00  axis-ratio:1.00e+00  free-mem:9.00GB
time:16:43:15.738  iter:69  elapsed-time:0.26  pmap-time:0.00  grad-time:0.00  ls-time:0.00 ls-dec:0.00e+00
fcount:1863  fval:7.25e+03  fmin:7.07e+03  norm:9.77e+00  penalty:0.00e+00  axis-ratio:1.00e+00  free-mem:8.92GB
time:16:43:39.97  iter:70  elapsed-time:24.23  pmap-time:0.00  grad-time:0.00  ls-time:0.00 ls-dec:0.00e+00
fcount:1890  fval:7.27e+03  fmin:7.04e+03  norm:9.78e+00  penalty:0.00e+00  axis-ratio:1.00e+00  free-mem:11.20GB
time:16:43:40.127  iter:71  elapsed-time:0.16  pmap-time:0.00  grad-time:0.00  ls-time:0.00 ls-dec:0.00e+00
fcount:1917  fval:7.19e+03  fmin:6.97e+03  norm:9.80e+00  penalty:0.00e+00  axis-ratio:1.00e+00  free-mem:11.26GB
time:16:43:40.453  iter:72  elapsed-time:0.33  pmap-time:0.00  grad-time:0.00  ls-time:0.00 ls-dec:0.00e+00
fcount:1944  fval:7.14e+03  fmin:6.93e+03  norm:9.79e+00  penalty:0.00e+00  axis-ratio:1.00e+00  free-mem:11.29GB
time:16:43:40.678  iter:73  elapsed-time:0.22  pmap-time:0.00  grad-time:0.00  ls-time:0.00 ls-dec:0.00e+00
fcount:1971  fval:7.07e+03  fmin:6.89e+03  norm:9.81e+00  penalty:0.00e+00  axis-ratio:1.00e+00  free-mem:11.29GB
time:16:43:40.858  iter:74  elapsed-time:0.18  pmap-time:0.00  grad-time:0.00  ls-time:0.00 ls-dec:0.00e+00
fcount:1998  fval:7.09e+03  fmin:6.88e+03  norm:9.80e+00  penalty:0.00e+00  axis-ratio:1.00e+00  free-mem:11.21GB
time:16:43:40.985  iter:75  elapsed-time:0.13  pmap-time:0.00  grad-time:0.00  ls-time:0.00 ls-dec:0.00e+00
fcount:2025  fval:7.09e+03  fmin:6.86e+03  norm:9.87e+00  penalty:0.00e+00  axis-ratio:1.00e+00  free-mem:11.36GB
time:16:43:41.278  iter:76  elapsed-time:0.29  pmap-time:0.00  grad-time:0.00  ls-time:0.00 ls-dec:0.00e+00
fcount:2052  fval:7.04e+03  fmin:6.82e+03  norm:9.79e+00  penalty:0.00e+00  axis-ratio:1.00e+00  free-mem:11.42GB
time:16:43:41.483  iter:77  elapsed-time:0.20  pmap-time:0.00  grad-time:0.00  ls-time:0.00 ls-dec:0.00e+00
fcount:2079  fval:7.02e+03  fmin:6.80e+03  norm:9.83e+00  penalty:0.00e+00  axis-ratio:1.00e+00  free-mem:11.28GB
time:16:43:41.785  iter:78  elapsed-time:0.29  pmap-time:0.00  grad-time:0.00  ls-time:0.00 ls-dec:0.00e+00
fcount:2106  fval:6.98e+03  fmin:6.76e+03  norm:9.84e+00  penalty:0.00e+00  axis-ratio:1.00e+00  free-mem:11.16GB
time:16:43:41.994  iter:79  elapsed-time:0.20  pmap-time:0.00  grad-time:0.00  ls-time:0.00 ls-dec:0.00e+00
fcount:2133  fval:6.87e+03  fmin:6.71e+03  norm:9.83e+00  penalty:0.00e+00  axis-ratio:1.00e+00  free-mem:11.16GB
time:16:43:42.231  iter:80  elapsed-time:0.23  pmap-time:0.00  grad-time:0.00  ls-time:0.00 ls-dec:0.00e+00
fcount:2160  fval:6.87e+03  fmin:6.67e+03  norm:9.78e+00  penalty:0.00e+00  axis-ratio:1.00e+00  free-mem:11.13GB
time:16:43:42.423  iter:81  elapsed-time:0.17  pmap-time:0.00  grad-time:0.00  ls-time:0.00 ls-dec:0.00e+00
fcount:2187  fval:6.76e+03  fmin:6.59e+03  norm:9.73e+00  penalty:0.00e+00  axis-ratio:1.00e+00  free-mem:11.15GB
time:16:43:42.595  iter:82  elapsed-time:0.15  pmap-time:0.00  grad-time:0.00  ls-time:0.00 ls-dec:0.00e+00
fcount:2214  fval:6.71e+03  fmin:6.57e+03  norm:9.74e+00  penalty:0.00e+00  axis-ratio:1.00e+00  free-mem:11.37GB
time:16:43:42.73  iter:83  elapsed-time:0.11  pmap-time:0.00  grad-time:0.00  ls-time:0.00 ls-dec:0.00e+00
fcount:2241  fval:6.74e+03  fmin:6.52e+03  norm:9.75e+00  penalty:0.00e+00  axis-ratio:1.00e+00  free-mem:11.32GB
time:16:44:09.111  iter:84  elapsed-time:26.37  pmap-time:0.00  grad-time:0.00  ls-time:0.00 ls-dec:0.00e+00
fcount:2268  fval:6.71e+03  fmin:6.48e+03  norm:9.72e+00  penalty:0.00e+00  axis-ratio:1.01e+00  free-mem:11.04GB
time:16:44:11.994  iter:85  elapsed-time:2.88  pmap-time:0.00  grad-time:0.00  ls-time:0.00 ls-dec:0.00e+00
fcount:2295  fval:6.71e+03  fmin:6.47e+03  norm:9.76e+00  penalty:0.00e+00  axis-ratio:1.01e+00  free-mem:10.71GB
time:16:44:12.505  iter:86  elapsed-time:0.50  pmap-time:0.00  grad-time:0.00  ls-time:0.00 ls-dec:0.00e+00
fcount:2322  fval:6.67e+03  fmin:6.45e+03  norm:9.74e+00  penalty:0.00e+00  axis-ratio:1.01e+00  free-mem:10.84GB
time:16:44:12.905  iter:87  elapsed-time:0.39  pmap-time:0.00  grad-time:0.00  ls-time:0.00 ls-dec:0.00e+00
fcount:2349  fval:6.65e+03  fmin:6.41e+03  norm:9.72e+00  penalty:0.00e+00  axis-ratio:1.01e+00  free-mem:10.72GB
time:16:44:13.21  iter:88  elapsed-time:0.30  pmap-time:0.00  grad-time:0.00  ls-time:0.00 ls-dec:0.00e+00
fcount:2376  fval:6.64e+03  fmin:6.41e+03  norm:9.74e+00  penalty:0.00e+00  axis-ratio:1.01e+00  free-mem:10.89GB
time:16:44:13.39  iter:89  elapsed-time:0.17  pmap-time:0.00  grad-time:0.00  ls-time:0.00 ls-dec:0.00e+00
fcount:2403  fval:6.60e+03  fmin:6.37e+03  norm:9.74e+00  penalty:0.00e+00  axis-ratio:1.01e+00  free-mem:11.00GB
time:16:44:13.558  iter:90  elapsed-time:0.17  pmap-time:0.00  grad-time:0.00  ls-time:0.00 ls-dec:0.00e+00
fcount:2430  fval:6.56e+03  fmin:6.35e+03  norm:9.73e+00  penalty:0.00e+00  axis-ratio:1.01e+00  free-mem:10.81GB
time:16:44:13.838  iter:91  elapsed-time:0.25  pmap-time:0.00  grad-time:0.00  ls-time:0.00 ls-dec:0.00e+00
fcount:2457  fval:6.54e+03  fmin:6.33e+03  norm:9.70e+00  penalty:0.00e+00  axis-ratio:1.01e+00  free-mem:10.76GB
time:16:44:14.054  iter:92  elapsed-time:0.21  pmap-time:0.01  grad-time:0.00  ls-time:0.00 ls-dec:0.00e+00
fcount:2484  fval:6.57e+03  fmin:6.33e+03  norm:9.71e+00  penalty:0.00e+00  axis-ratio:1.01e+00  free-mem:10.80GB
time:16:44:14.321  iter:93  elapsed-time:0.25  pmap-time:0.00  grad-time:0.00  ls-time:0.01 ls-dec:0.00e+00
fcount:2511  fval:6.52e+03  fmin:6.33e+03  norm:9.67e+00  penalty:0.00e+00  axis-ratio:1.01e+00  free-mem:10.86GB
time:16:44:14.469  iter:94  elapsed-time:0.15  pmap-time:0.01  grad-time:0.00  ls-time:0.01 ls-dec:0.00e+00
fcount:2538  fval:6.52e+03  fmin:6.30e+03  norm:9.70e+00  penalty:0.00e+00  axis-ratio:1.01e+00  free-mem:10.93GB
time:16:44:14.694  iter:95  elapsed-time:0.22  pmap-time:0.00  grad-time:0.00  ls-time:0.00 ls-dec:0.00e+00
fcount:2565  fval:6.48e+03  fmin:6.27e+03  norm:9.70e+00  penalty:0.00e+00  axis-ratio:1.01e+00  free-mem:10.82GB
time:16:44:14.836  iter:96  elapsed-time:0.14  pmap-time:0.00  grad-time:0.00  ls-time:0.00 ls-dec:0.00e+00
fcount:2592  fval:6.49e+03  fmin:6.26e+03  norm:9.64e+00  penalty:0.00e+00  axis-ratio:1.01e+00  free-mem:11.04GB
time:16:44:14.922  iter:97  elapsed-time:0.08  pmap-time:0.00  grad-time:0.00  ls-time:0.00 ls-dec:0.00e+00
fcount:2619  fval:6.49e+03  fmin:6.26e+03  norm:9.68e+00  penalty:0.00e+00  axis-ratio:1.01e+00  free-mem:11.40GB
time:16:44:41.723  iter:98  elapsed-time:26.80  pmap-time:0.00  grad-time:0.00  ls-time:0.00 ls-dec:0.00e+00
fcount:2646  fval:6.42e+03  fmin:6.22e+03  norm:9.62e+00  penalty:0.00e+00  axis-ratio:1.01e+00  free-mem:10.23GB
time:16:44:41.983  iter:99  elapsed-time:0.25  pmap-time:0.03  grad-time:0.00  ls-time:0.00 ls-dec:0.00e+00
fcount:2673  fval:6.38e+03  fmin:6.17e+03  norm:9.68e+00  penalty:0.00e+00  axis-ratio:1.01e+00  free-mem:10.22GB
time:16:44:42.181  iter:100  elapsed-time:0.18  pmap-time:0.00  grad-time:0.00  ls-time:0.00 ls-dec:0.00e+00
fcount:2700  fval:6.38e+03  fmin:6.15e+03  norm:9.66e+00  penalty:0.00e+00  axis-ratio:1.01e+00  free-mem:10.20GB
time:16:44:42.589  iter:101  elapsed-time:0.38  pmap-time:0.00  grad-time:0.00  ls-time:0.00 ls-dec:0.00e+00
fcount:2727  fval:6.35e+03  fmin:6.13e+03  norm:9.65e+00  penalty:0.00e+00  axis-ratio:1.01e+00  free-mem:10.34GB
time:16:44:42.766  iter:102  elapsed-time:0.16  pmap-time:0.00  grad-time:0.00  ls-time:0.00 ls-dec:0.00e+00
fcount:2754  fval:6.31e+03  fmin:6.09e+03  norm:9.65e+00  penalty:0.00e+00  axis-ratio:1.01e+00  free-mem:10.69GB
time:16:44:42.962  iter:103  elapsed-time:0.18  pmap-time:0.00  grad-time:0.00  ls-time:0.00 ls-dec:0.00e+00
fcount:2781  fval:6.28e+03  fmin:6.08e+03  norm:9.65e+00  penalty:0.00e+00  axis-ratio:1.01e+00  free-mem:10.62GB
time:16:44:43.178  iter:104  elapsed-time:0.19  pmap-time:0.00  grad-time:0.00  ls-time:0.00 ls-dec:0.00e+00
fcount:2808  fval:6.26e+03  fmin:6.04e+03  norm:9.63e+00  penalty:0.00e+00  axis-ratio:1.01e+00  free-mem:10.64GB
time:16:44:43.407  iter:105  elapsed-time:0.22  pmap-time:0.00  grad-time:0.00  ls-time:0.00 ls-dec:0.00e+00
fcount:2835  fval:6.19e+03  fmin:6.00e+03  norm:9.62e+00  penalty:0.00e+00  axis-ratio:1.01e+00  free-mem:10.64GB
time:16:44:43.702  iter:106  elapsed-time:0.28  pmap-time:0.00  grad-time:0.00  ls-time:0.00 ls-dec:0.00e+00
fcount:2862  fval:6.22e+03  fmin:5.99e+03  norm:9.63e+00  penalty:0.00e+00  axis-ratio:1.01e+00  free-mem:10.50GB
time:16:44:43.981  iter:107  elapsed-time:0.26  pmap-time:0.00  grad-time:0.00  ls-time:0.00 ls-dec:0.00e+00
fcount:2889  fval:6.14e+03  fmin:5.95e+03  norm:9.57e+00  penalty:0.00e+00  axis-ratio:1.01e+00  free-mem:10.47GB
time:16:44:44.313  iter:108  elapsed-time:0.32  pmap-time:0.00  grad-time:0.00  ls-time:0.00 ls-dec:0.00e+00
fcount:2916  fval:6.13e+03  fmin:5.93e+03  norm:9.57e+00  penalty:0.00e+00  axis-ratio:1.01e+00  free-mem:11.31GB
time:16:44:44.518  iter:109  elapsed-time:0.20  pmap-time:0.00  grad-time:0.00  ls-time:0.00 ls-dec:0.00e+00
fcount:2943  fval:6.10e+03  fmin:5.91e+03  norm:9.56e+00  penalty:0.00e+00  axis-ratio:1.01e+00  free-mem:11.15GB
time:16:44:44.778  iter:110  elapsed-time:0.26  pmap-time:0.00  grad-time:0.00  ls-time:0.00 ls-dec:0.00e+00
fcount:2970  fval:6.11e+03  fmin:5.89e+03  norm:9.55e+00  penalty:0.00e+00  axis-ratio:1.01e+00  free-mem:11.13GB
time:16:45:17.044  iter:111  elapsed-time:32.24  pmap-time:0.00  grad-time:0.00  ls-time:0.00 ls-dec:0.00e+00
fcount:2997  fval:6.01e+03  fmin:5.83e+03  norm:9.57e+00  penalty:0.00e+00  axis-ratio:1.01e+00  free-mem:19.24GB
time:16:45:19.798  iter:112  elapsed-time:2.75  pmap-time:0.00  grad-time:0.00  ls-time:0.00 ls-dec:0.00e+00
fcount:3024  fval:6.03e+03  fmin:5.82e+03  norm:9.60e+00  penalty:0.00e+00  axis-ratio:1.01e+00  free-mem:19.23GB
time:16:45:19.949  iter:113  elapsed-time:0.15  pmap-time:0.00  grad-time:0.00  ls-time:0.00 ls-dec:0.00e+00
fcount:3051  fval:6.02e+03  fmin:5.79e+03  norm:9.62e+00  penalty:0.00e+00  axis-ratio:1.01e+00  free-mem:19.19GB
time:16:45:20.119  iter:114  elapsed-time:0.16  pmap-time:0.00  grad-time:0.00  ls-time:0.00 ls-dec:0.00e+00
fcount:3078  fval:5.98e+03  fmin:5.78e+03  norm:9.58e+00  penalty:0.00e+00  axis-ratio:1.01e+00  free-mem:19.42GB
time:16:45:20.867  iter:115  elapsed-time:0.72  pmap-time:0.00  grad-time:0.00  ls-time:0.00 ls-dec:0.00e+00
fcount:3105  fval:5.98e+03  fmin:5.77e+03  norm:9.51e+00  penalty:0.00e+00  axis-ratio:1.01e+00  free-mem:19.93GB
time:16:45:21.146  iter:116  elapsed-time:0.24  pmap-time:0.00  grad-time:0.00  ls-time:0.00 ls-dec:0.00e+00
fcount:3132  fval:5.99e+03  fmin:5.77e+03  norm:9.60e+00  penalty:0.00e+00  axis-ratio:1.01e+00  free-mem:20.39GB
time:16:45:21.28  iter:117  elapsed-time:0.13  pmap-time:0.00  grad-time:0.00  ls-time:0.00 ls-dec:0.00e+00
fcount:3159  fval:5.96e+03  fmin:5.75e+03  norm:9.57e+00  penalty:0.00e+00  axis-ratio:1.01e+00  free-mem:20.50GB
time:16:45:21.457  iter:118  elapsed-time:0.15  pmap-time:0.00  grad-time:0.00  ls-time:0.00 ls-dec:0.00e+00
fcount:3186  fval:5.93e+03  fmin:5.71e+03  norm:9.58e+00  penalty:0.00e+00  axis-ratio:1.01e+00  free-mem:20.40GB
time:16:45:21.661  iter:119  elapsed-time:0.19  pmap-time:0.00  grad-time:0.00  ls-time:0.00 ls-dec:0.00e+00
fcount:3213  fval:5.90e+03  fmin:5.69e+03  norm:9.58e+00  penalty:0.00e+00  axis-ratio:1.01e+00  free-mem:20.47GB
time:16:45:21.854  iter:120  elapsed-time:0.19  pmap-time:0.00  grad-time:0.00  ls-time:0.00 ls-dec:0.00e+00
fcount:3240  fval:5.88e+03  fmin:5.67e+03  norm:9.53e+00  penalty:0.00e+00  axis-ratio:1.01e+00  free-mem:20.86GB
time:16:45:22.014  iter:121  elapsed-time:0.16  pmap-time:0.00  grad-time:0.00  ls-time:0.00 ls-dec:0.00e+00
fcount:3267  fval:5.85e+03  fmin:5.63e+03  norm:9.53e+00  penalty:0.00e+00  axis-ratio:1.01e+00  free-mem:21.04GB
time:16:45:22.337  iter:122  elapsed-time:0.32  pmap-time:0.00  grad-time:0.00  ls-time:0.00 ls-dec:0.00e+00
fcount:3294  fval:5.82e+03  fmin:5.60e+03  norm:9.55e+00  penalty:0.00e+00  axis-ratio:1.01e+00  free-mem:21.12GB
time:16:45:22.502  iter:123  elapsed-time:0.16  pmap-time:0.00  grad-time:0.00  ls-time:0.00 ls-dec:0.00e+00
fcount:3321  fval:5.74e+03  fmin:5.56e+03  norm:9.48e+00  penalty:0.00e+00  axis-ratio:1.01e+00  free-mem:21.04GB
time:16:45:22.655  iter:124  elapsed-time:0.15  pmap-time:0.00  grad-time:0.00  ls-time:0.00 ls-dec:0.00e+00
fcount:3348  fval:5.72e+03  fmin:5.52e+03  norm:9.46e+00  penalty:0.00e+00  axis-ratio:1.01e+00  free-mem:20.93GB
time:16:45:56.05  iter:125  elapsed-time:33.38  pmap-time:0.00  grad-time:0.00  ls-time:0.00 ls-dec:0.00e+00
fcount:3375  fval:5.72e+03  fmin:5.50e+03  norm:9.54e+00  penalty:0.00e+00  axis-ratio:1.01e+00  free-mem:20.10GB
time:16:45:56.524  iter:126  elapsed-time:0.46  pmap-time:0.00  grad-time:0.00  ls-time:0.00 ls-dec:0.00e+00
fcount:3402  fval:5.71e+03  fmin:5.48e+03  norm:9.50e+00  penalty:0.00e+00  axis-ratio:1.01e+00  free-mem:20.20GB
time:16:45:56.841  iter:127  elapsed-time:0.29  pmap-time:0.00  grad-time:0.00  ls-time:0.00 ls-dec:0.00e+00
fcount:3429  fval:5.69e+03  fmin:5.47e+03  norm:9.47e+00  penalty:0.00e+00  axis-ratio:1.01e+00  free-mem:20.40GB
time:16:45:57.055  iter:128  elapsed-time:0.20  pmap-time:0.00  grad-time:0.00  ls-time:0.00 ls-dec:0.00e+00
fcount:3456  fval:5.69e+03  fmin:5.45e+03  norm:9.50e+00  penalty:0.00e+00  axis-ratio:1.01e+00  free-mem:20.63GB
time:16:45:57.27  iter:129  elapsed-time:0.20  pmap-time:0.00  grad-time:0.00  ls-time:0.00 ls-dec:0.00e+00
fcount:3483  fval:5.65e+03  fmin:5.44e+03  norm:9.48e+00  penalty:0.00e+00  axis-ratio:1.01e+00  free-mem:20.70GB
time:16:45:57.474  iter:130  elapsed-time:0.18  pmap-time:0.00  grad-time:0.00  ls-time:0.00 ls-dec:0.00e+00
fcount:3510  fval:5.65e+03  fmin:5.43e+03  norm:9.52e+00  penalty:0.00e+00  axis-ratio:1.01e+00  free-mem:20.50GB
time:16:45:57.686  iter:131  elapsed-time:0.20  pmap-time:0.00  grad-time:0.00  ls-time:0.00 ls-dec:0.00e+00
fcount:3537  fval:5.64e+03  fmin:5.42e+03  norm:9.53e+00  penalty:0.00e+00  axis-ratio:1.01e+00  free-mem:20.37GB
time:16:45:57.846  iter:132  elapsed-time:0.15  pmap-time:0.00  grad-time:0.00  ls-time:0.00 ls-dec:0.00e+00
fcount:3564  fval:5.59e+03  fmin:5.38e+03  norm:9.48e+00  penalty:0.00e+00  axis-ratio:1.01e+00  free-mem:20.43GB
time:16:45:57.995  iter:133  elapsed-time:0.14  pmap-time:0.00  grad-time:0.00  ls-time:0.00 ls-dec:0.00e+00
fcount:3591  fval:5.60e+03  fmin:5.37e+03  norm:9.51e+00  penalty:0.00e+00  axis-ratio:1.01e+00  free-mem:20.65GB
time:16:45:58.178  iter:134  elapsed-time:0.18  pmap-time:0.00  grad-time:0.00  ls-time:0.00 ls-dec:0.00e+00
fcount:3618  fval:5.52e+03  fmin:5.34e+03  norm:9.53e+00  penalty:0.00e+00  axis-ratio:1.01e+00  free-mem:20.63GB
time:16:45:58.378  iter:135  elapsed-time:0.18  pmap-time:0.00  grad-time:0.00  ls-time:0.00 ls-dec:0.00e+00
fcount:3645  fval:5.51e+03  fmin:5.31e+03  norm:9.53e+00  penalty:0.00e+00  axis-ratio:1.01e+00  free-mem:20.49GB
time:16:45:58.618  iter:136  elapsed-time:0.23  pmap-time:0.00  grad-time:0.00  ls-time:0.00 ls-dec:0.00e+00
fcount:3672  fval:5.52e+03  fmin:5.31e+03  norm:9.52e+00  penalty:0.00e+00  axis-ratio:1.01e+00  free-mem:20.42GB
time:16:45:58.819  iter:137  elapsed-time:0.19  pmap-time:0.00  grad-time:0.00  ls-time:0.00 ls-dec:0.00e+00
fcount:3699  fval:5.51e+03  fmin:5.29e+03  norm:9.50e+00  penalty:0.00e+00  axis-ratio:1.01e+00  free-mem:20.31GB
time:16:45:58.942  iter:138  elapsed-time:0.11  pmap-time:0.00  grad-time:0.00  ls-time:0.00 ls-dec:0.00e+00
fcount:3726  fval:5.51e+03  fmin:5.28e+03  norm:9.52e+00  penalty:0.00e+00  axis-ratio:1.01e+00  free-mem:20.35GB
time:16:46:34.668  iter:139  elapsed-time:35.71  pmap-time:0.00  grad-time:0.00  ls-time:0.00 ls-dec:0.00e+00
fcount:3753  fval:5.50e+03  fmin:5.27e+03  norm:9.50e+00  penalty:0.00e+00  axis-ratio:1.01e+00  free-mem:21.17GB
time:16:46:37.39  iter:140  elapsed-time:2.72  pmap-time:0.00  grad-time:0.00  ls-time:0.00 ls-dec:0.00e+00
fcount:3780  fval:5.49e+03  fmin:5.26e+03  norm:9.50e+00  penalty:0.00e+00  axis-ratio:1.01e+00  free-mem:19.67GB
time:16:46:37.701  iter:141  elapsed-time:0.30  pmap-time:0.00  grad-time:0.00  ls-time:0.00 ls-dec:0.00e+00
fcount:3807  fval:5.42e+03  fmin:5.23e+03  norm:9.51e+00  penalty:0.00e+00  axis-ratio:1.01e+00  free-mem:19.41GB
time:16:46:37.902  iter:142  elapsed-time:0.20  pmap-time:0.00  grad-time:0.00  ls-time:0.00 ls-dec:0.00e+00
fcount:3834  fval:5.44e+03  fmin:5.23e+03  norm:9.48e+00  penalty:0.00e+00  axis-ratio:1.01e+00  free-mem:19.41GB
time:16:46:38.337  iter:143  elapsed-time:0.43  pmap-time:0.00  grad-time:0.00  ls-time:0.00 ls-dec:0.00e+00
fcount:3861  fval:5.40e+03  fmin:5.20e+03  norm:9.46e+00  penalty:0.00e+00  axis-ratio:1.01e+00  free-mem:19.36GB
time:16:46:38.565  iter:144  elapsed-time:0.23  pmap-time:0.00  grad-time:0.00  ls-time:0.00 ls-dec:0.00e+00
fcount:3888  fval:5.40e+03  fmin:5.18e+03  norm:9.55e+00  penalty:0.00e+00  axis-ratio:1.01e+00  free-mem:19.55GB
time:16:46:38.77  iter:145  elapsed-time:0.20  pmap-time:0.00  grad-time:0.00  ls-time:0.00 ls-dec:0.00e+00
fcount:3915  fval:5.35e+03  fmin:5.14e+03  norm:9.49e+00  penalty:0.00e+00  axis-ratio:1.01e+00  free-mem:19.69GB
time:16:46:39.02  iter:146  elapsed-time:0.25  pmap-time:0.00  grad-time:0.00  ls-time:0.00 ls-dec:0.00e+00
fcount:3942  fval:5.32e+03  fmin:5.11e+03  norm:9.49e+00  penalty:0.00e+00  axis-ratio:1.01e+00  free-mem:19.49GB
time:16:46:39.257  iter:147  elapsed-time:0.22  pmap-time:0.00  grad-time:0.00  ls-time:0.00 ls-dec:0.00e+00
fcount:3969  fval:5.28e+03  fmin:5.07e+03  norm:9.54e+00  penalty:0.00e+00  axis-ratio:1.01e+00  free-mem:19.48GB
time:16:46:39.785  iter:148  elapsed-time:0.51  pmap-time:0.00  grad-time:0.00  ls-time:0.00 ls-dec:0.00e+00
fcount:3996  fval:5.30e+03  fmin:5.07e+03  norm:9.51e+00  penalty:0.00e+00  axis-ratio:1.01e+00  free-mem:19.95GB
time:16:46:39.89  iter:149  elapsed-time:0.08  pmap-time:0.01  grad-time:0.00  ls-time:0.00 ls-dec:0.00e+00
fcount:4023  fval:5.28e+03  fmin:5.06e+03  norm:9.50e+00  penalty:0.00e+00  axis-ratio:1.01e+00  free-mem:19.93GB
time:16:46:40.014  iter:150  elapsed-time:0.11  pmap-time:0.00  grad-time:0.00  ls-time:0.00 ls-dec:0.00e+00
fcount:4050  fval:5.25e+03  fmin:5.04e+03  norm:9.52e+00  penalty:0.00e+00  axis-ratio:1.01e+00  free-mem:19.89GB
time:16:46:40.141  iter:151  elapsed-time:0.11  pmap-time:0.00  grad-time:0.00  ls-time:0.00 ls-dec:0.00e+00
fcount:4077  fval:5.24e+03  fmin:5.02e+03  norm:9.57e+00  penalty:0.00e+00  axis-ratio:1.01e+00  free-mem:20.12GB
time:16:46:40.305  iter:152  elapsed-time:0.15  pmap-time:0.00  grad-time:0.00  ls-time:0.00 ls-dec:0.00e+00
fcount:4104  fval:5.21e+03  fmin:4.99e+03  norm:9.52e+00  penalty:0.00e+00  axis-ratio:1.01e+00  free-mem:20.12GB
time:16:47:16.693  iter:153  elapsed-time:36.37  pmap-time:0.00  grad-time:0.00  ls-time:0.00 ls-dec:0.00e+00
fcount:4131  fval:5.17e+03  fmin:4.96e+03  norm:9.54e+00  penalty:0.00e+00  axis-ratio:1.01e+00  free-mem:20.24GB
time:16:47:17.049  iter:154  elapsed-time:0.34  pmap-time:0.01  grad-time:0.00  ls-time:0.00 ls-dec:0.00e+00
fcount:4158  fval:5.13e+03  fmin:4.92e+03  norm:9.51e+00  penalty:0.00e+00  axis-ratio:1.01e+00  free-mem:20.18GB
time:16:47:17.39  iter:155  elapsed-time:0.34  pmap-time:0.00  grad-time:0.00  ls-time:0.00 ls-dec:0.00e+00
fcount:4185  fval:5.13e+03  fmin:4.91e+03  norm:9.52e+00  penalty:0.00e+00  axis-ratio:1.01e+00  free-mem:20.16GB
time:16:47:17.613  iter:156  elapsed-time:0.21  pmap-time:0.00  grad-time:0.00  ls-time:0.00 ls-dec:0.00e+00
fcount:4212  fval:5.07e+03  fmin:4.89e+03  norm:9.55e+00  penalty:0.00e+00  axis-ratio:1.01e+00  free-mem:20.22GB
time:16:47:17.853  iter:157  elapsed-time:0.23  pmap-time:0.00  grad-time:0.00  ls-time:0.00 ls-dec:0.00e+00
fcount:4239  fval:5.07e+03  fmin:4.87e+03  norm:9.58e+00  penalty:0.00e+00  axis-ratio:1.01e+00  free-mem:20.26GB
time:16:47:18.133  iter:158  elapsed-time:0.28  pmap-time:0.00  grad-time:0.00  ls-time:0.00 ls-dec:0.00e+00
fcount:4266  fval:5.06e+03  fmin:4.85e+03  norm:9.53e+00  penalty:0.00e+00  axis-ratio:1.01e+00  free-mem:20.59GB
time:16:47:18.353  iter:159  elapsed-time:0.18  pmap-time:0.00  grad-time:0.00  ls-time:0.00 ls-dec:0.00e+00
fcount:4293  fval:5.05e+03  fmin:4.83e+03  norm:9.55e+00  penalty:0.00e+00  axis-ratio:1.01e+00  free-mem:20.69GB
time:16:47:18.649  iter:160  elapsed-time:0.27  pmap-time:0.00  grad-time:0.00  ls-time:0.00 ls-dec:0.00e+00
fcount:4320  fval:5.01e+03  fmin:4.81e+03  norm:9.48e+00  penalty:0.00e+00  axis-ratio:1.01e+00  free-mem:20.97GB
time:16:47:18.889  iter:161  elapsed-time:0.22  pmap-time:0.00  grad-time:0.00  ls-time:0.00 ls-dec:0.00e+00
fcount:4347  fval:5.02e+03  fmin:4.80e+03  norm:9.57e+00  penalty:0.00e+00  axis-ratio:1.01e+00  free-mem:21.75GB
time:16:47:19.101  iter:162  elapsed-time:0.19  pmap-time:0.00  grad-time:0.00  ls-time:0.00 ls-dec:0.00e+00
fcount:4374  fval:5.01e+03  fmin:4.79e+03  norm:9.54e+00  penalty:0.00e+00  axis-ratio:1.01e+00  free-mem:22.30GB
time:16:47:19.23  iter:163  elapsed-time:0.13  pmap-time:0.00  grad-time:0.00  ls-time:0.00 ls-dec:0.00e+00
fcount:4401  fval:4.97e+03  fmin:4.76e+03  norm:9.56e+00  penalty:0.00e+00  axis-ratio:1.01e+00  free-mem:22.31GB
time:16:47:19.526  iter:164  elapsed-time:0.30  pmap-time:0.00  grad-time:0.00  ls-time:0.00 ls-dec:0.00e+00
fcount:4428  fval:4.95e+03  fmin:4.73e+03  norm:9.48e+00  penalty:0.00e+00  axis-ratio:1.01e+00  free-mem:22.32GB
time:16:47:19.899  iter:165  elapsed-time:0.37  pmap-time:0.00  grad-time:0.00  ls-time:0.00 ls-dec:0.00e+00
fcount:4455  fval:4.94e+03  fmin:4.72e+03  norm:9.51e+00  penalty:0.00e+00  axis-ratio:1.01e+00  free-mem:21.81GB
time:16:47:20.09  iter:166  elapsed-time:0.18  pmap-time:0.00  grad-time:0.00  ls-time:0.00 ls-dec:0.00e+00
fcount:4482  fval:4.88e+03  fmin:4.68e+03  norm:9.53e+00  penalty:0.00e+00  axis-ratio:1.01e+00  free-mem:21.71GB
time:16:47:46.11  iter:167  elapsed-time:26.01  pmap-time:0.00  grad-time:0.00  ls-time:0.00 ls-dec:0.00e+00
fcount:4509  fval:4.85e+03  fmin:4.65e+03  norm:9.54e+00  penalty:0.00e+00  axis-ratio:1.02e+00  free-mem:21.90GB
time:16:47:48.668  iter:168  elapsed-time:2.54  pmap-time:0.00  grad-time:0.00  ls-time:0.00 ls-dec:0.00e+00
fcount:4536  fval:4.85e+03  fmin:4.64e+03  norm:9.48e+00  penalty:0.00e+00  axis-ratio:1.02e+00  free-mem:21.74GB
time:16:47:48.873  iter:169  elapsed-time:0.20  pmap-time:0.00  grad-time:0.00  ls-time:0.00 ls-dec:0.00e+00
fcount:4563  fval:4.82e+03  fmin:4.62e+03  norm:9.50e+00  penalty:0.00e+00  axis-ratio:1.02e+00  free-mem:22.05GB
time:16:47:49.111  iter:170  elapsed-time:0.24  pmap-time:0.00  grad-time:0.00  ls-time:0.00 ls-dec:0.00e+00
fcount:4590  fval:4.80e+03  fmin:4.58e+03  norm:9.47e+00  penalty:0.00e+00  axis-ratio:1.02e+00  free-mem:22.06GB
time:16:47:49.29  iter:171  elapsed-time:0.18  pmap-time:0.00  grad-time:0.00  ls-time:0.00 ls-dec:0.00e+00
fcount:4617  fval:4.77e+03  fmin:4.55e+03  norm:9.46e+00  penalty:0.00e+00  axis-ratio:1.02e+00  free-mem:22.14GB
time:16:47:49.533  iter:172  elapsed-time:0.24  pmap-time:0.00  grad-time:0.00  ls-time:0.00 ls-dec:0.00e+00
fcount:4644  fval:4.73e+03  fmin:4.53e+03  norm:9.47e+00  penalty:0.00e+00  axis-ratio:1.02e+00  free-mem:22.28GB
time:16:47:49.773  iter:173  elapsed-time:0.24  pmap-time:0.00  grad-time:0.00  ls-time:0.00 ls-dec:0.00e+00
fcount:4671  fval:4.71e+03  fmin:4.50e+03  norm:9.46e+00  penalty:0.00e+00  axis-ratio:1.02e+00  free-mem:22.15GB
time:16:47:50.049  iter:174  elapsed-time:0.28  pmap-time:0.00  grad-time:0.00  ls-time:0.00 ls-dec:0.00e+00
fcount:4698  fval:4.70e+03  fmin:4.48e+03  norm:9.48e+00  penalty:0.00e+00  axis-ratio:1.02e+00  free-mem:21.84GB
time:16:47:50.322  iter:175  elapsed-time:0.27  pmap-time:0.00  grad-time:0.00  ls-time:0.00 ls-dec:0.00e+00
fcount:4725  fval:4.66e+03  fmin:4.46e+03  norm:9.49e+00  penalty:0.00e+00  axis-ratio:1.02e+00  free-mem:21.38GB
time:16:47:51.03  iter:176  elapsed-time:0.71  pmap-time:0.00  grad-time:0.00  ls-time:0.00 ls-dec:0.00e+00
fcount:4752  fval:4.67e+03  fmin:4.44e+03  norm:9.48e+00  penalty:0.00e+00  axis-ratio:1.02e+00  free-mem:21.15GB
time:16:47:51.257  iter:177  elapsed-time:0.23  pmap-time:0.00  grad-time:0.00  ls-time:0.00 ls-dec:0.00e+00
fcount:4779  fval:4.60e+03  fmin:4.42e+03  norm:9.51e+00  penalty:0.00e+00  axis-ratio:1.02e+00  free-mem:20.78GB
time:16:47:51.677  iter:178  elapsed-time:0.42  pmap-time:0.00  grad-time:0.00  ls-time:0.00 ls-dec:0.00e+00
fcount:4806  fval:4.64e+03  fmin:4.41e+03  norm:9.50e+00  penalty:0.00e+00  axis-ratio:1.02e+00  free-mem:20.65GB
time:16:47:51.993  iter:179  elapsed-time:0.32  pmap-time:0.00  grad-time:0.00  ls-time:0.00 ls-dec:0.00e+00
fcount:4833  fval:4.57e+03  fmin:4.37e+03  norm:9.47e+00  penalty:0.00e+00  axis-ratio:1.02e+00  free-mem:21.06GB
time:16:47:52.239  iter:180  elapsed-time:0.25  pmap-time:0.00  grad-time:0.00  ls-time:0.00 ls-dec:0.00e+00
fcount:4860  fval:4.51e+03  fmin:4.34e+03  norm:9.49e+00  penalty:0.00e+00  axis-ratio:1.02e+00  free-mem:20.90GB
time:16:48:28.334  iter:181  elapsed-time:36.09  pmap-time:0.00  grad-time:0.00  ls-time:0.00 ls-dec:0.00e+00
fcount:4887  fval:4.53e+03  fmin:4.33e+03  norm:9.54e+00  penalty:0.00e+00  axis-ratio:1.02e+00  free-mem:20.43GB
time:16:48:28.695  iter:182  elapsed-time:0.36  pmap-time:0.00  grad-time:0.00  ls-time:0.00 ls-dec:0.00e+00
fcount:4914  fval:4.52e+03  fmin:4.31e+03  norm:9.54e+00  penalty:0.00e+00  axis-ratio:1.02e+00  free-mem:20.01GB
time:16:48:28.919  iter:183  elapsed-time:0.22  pmap-time:0.00  grad-time:0.00  ls-time:0.00 ls-dec:0.00e+00
fcount:4941  fval:4.53e+03  fmin:4.31e+03  norm:9.54e+00  penalty:0.00e+00  axis-ratio:1.02e+00  free-mem:19.75GB
time:16:48:29.105  iter:184  elapsed-time:0.18  pmap-time:0.00  grad-time:0.00  ls-time:0.00 ls-dec:0.00e+00
fcount:4968  fval:4.52e+03  fmin:4.30e+03  norm:9.47e+00  penalty:0.00e+00  axis-ratio:1.02e+00  free-mem:19.78GB
time:16:48:29.338  iter:185  elapsed-time:0.23  pmap-time:0.00  grad-time:0.00  ls-time:0.00 ls-dec:0.00e+00
fcount:4995  fval:4.48e+03  fmin:4.28e+03  norm:9.49e+00  penalty:0.00e+00  axis-ratio:1.02e+00  free-mem:19.91GB
time:16:48:29.518  iter:186  elapsed-time:0.18  pmap-time:0.00  grad-time:0.00  ls-time:0.00 ls-dec:0.00e+00
fcount:5022  fval:4.47e+03  fmin:4.26e+03  norm:9.53e+00  penalty:0.00e+00  axis-ratio:1.02e+00  free-mem:19.82GB
time:16:48:29.783  iter:187  elapsed-time:0.26  pmap-time:0.00  grad-time:0.00  ls-time:0.00 ls-dec:0.00e+00
fcount:5049  fval:4.46e+03  fmin:4.24e+03  norm:9.50e+00  penalty:0.00e+00  axis-ratio:1.02e+00  free-mem:19.74GB
time:16:48:30.501  iter:188  elapsed-time:0.72  pmap-time:0.00  grad-time:0.00  ls-time:0.00 ls-dec:0.00e+00
fcount:5076  fval:4.45e+03  fmin:4.23e+03  norm:9.49e+00  penalty:0.00e+00  axis-ratio:1.02e+00  free-mem:19.87GB
time:16:48:30.928  iter:189  elapsed-time:0.42  pmap-time:0.04  grad-time:0.00  ls-time:0.00 ls-dec:0.00e+00
fcount:5103  fval:4.43e+03  fmin:4.22e+03  norm:9.45e+00  penalty:0.00e+00  axis-ratio:1.02e+00  free-mem:20.39GB
time:16:48:31.19  iter:190  elapsed-time:0.26  pmap-time:0.00  grad-time:0.00  ls-time:0.00 ls-dec:0.00e+00
fcount:5130  fval:4.40e+03  fmin:4.21e+03  norm:9.47e+00  penalty:0.00e+00  axis-ratio:1.02e+00  free-mem:20.84GB
time:16:48:31.589  iter:191  elapsed-time:0.40  pmap-time:0.00  grad-time:0.00  ls-time:0.00 ls-dec:0.00e+00
fcount:5157  fval:4.36e+03  fmin:4.18e+03  norm:9.45e+00  penalty:0.00e+00  axis-ratio:1.02e+00  free-mem:22.32GB
time:16:48:31.718  iter:192  elapsed-time:0.11  pmap-time:0.00  grad-time:0.00  ls-time:0.00 ls-dec:0.00e+00
fcount:5184  fval:4.40e+03  fmin:4.17e+03  norm:9.46e+00  penalty:0.00e+00  axis-ratio:1.02e+00  free-mem:22.22GB
time:16:48:31.91  iter:193  elapsed-time:0.18  pmap-time:0.00  grad-time:0.00  ls-time:0.00 ls-dec:0.00e+00
fcount:5211  fval:4.36e+03  fmin:4.16e+03  norm:9.47e+00  penalty:0.00e+00  axis-ratio:1.02e+00  free-mem:22.56GB
time:16:48:32.406  iter:194  elapsed-time:0.50  pmap-time:0.00  grad-time:0.00  ls-time:0.00 ls-dec:0.00e+00
fcount:5238  fval:4.33e+03  fmin:4.13e+03  norm:9.49e+00  penalty:0.00e+00  axis-ratio:1.02e+00  free-mem:23.27GB
time:16:49:08.465  iter:195  elapsed-time:36.05  pmap-time:0.00  grad-time:0.00  ls-time:0.00 ls-dec:0.00e+00
fcount:5265  fval:4.33e+03  fmin:4.11e+03  norm:9.43e+00  penalty:0.00e+00  axis-ratio:1.02e+00  free-mem:18.41GB
time:16:49:11.087  iter:196  elapsed-time:2.62  pmap-time:0.01  grad-time:0.00  ls-time:0.00 ls-dec:0.00e+00
fcount:5292  fval:4.29e+03  fmin:4.08e+03  norm:9.46e+00  penalty:0.00e+00  axis-ratio:1.02e+00  free-mem:17.49GB
time:16:49:11.333  iter:197  elapsed-time:0.23  pmap-time:0.00  grad-time:0.00  ls-time:0.00 ls-dec:0.00e+00
fcount:5319  fval:4.23e+03  fmin:4.04e+03  norm:9.48e+00  penalty:0.00e+00  axis-ratio:1.02e+00  free-mem:17.56GB
time:16:49:11.551  iter:198  elapsed-time:0.21  pmap-time:0.00  grad-time:0.00  ls-time:0.00 ls-dec:0.00e+00
fcount:5346  fval:4.21e+03  fmin:4.02e+03  norm:9.50e+00  penalty:0.00e+00  axis-ratio:1.02e+00  free-mem:17.44GB
time:16:49:11.745  iter:199  elapsed-time:0.18  pmap-time:0.00  grad-time:0.00  ls-time:0.00 ls-dec:0.00e+00
fcount:5373  fval:4.20e+03  fmin:3.98e+03  norm:9.48e+00  penalty:0.00e+00  axis-ratio:1.02e+00  free-mem:17.34GB
time:16:49:11.95  iter:200  elapsed-time:0.18  pmap-time:0.00  grad-time:0.00  ls-time:0.00 ls-dec:0.00e+00
fcount:5400  fval:4.19e+03  fmin:3.97e+03  norm:9.45e+00  penalty:0.00e+00  axis-ratio:1.02e+00  free-mem:17.33GB
    Testing GCMAES tests passed 
