Julia Version 1.3.0
Commit 46ce4d7933 (2019-11-26 06:09 UTC)
Platform Info:
  OS: Linux (x86_64-pc-linux-gnu)
  CPU: Intel(R) Xeon(R) Silver 4114 CPU @ 2.20GHz
  WORD_SIZE: 64
  LIBM: libopenlibm
  LLVM: libLLVM-6.0.1 (ORCJIT, skylake)

   Cloning default registries into `~/.julia`
   Cloning registry from "https://github.com/JuliaRegistries/General.git"
[?25l    Fetching: [>                                        ]  0.0 %    Fetching: [=============>                           ]  30.2 %    Fetching: [===============================>         ]  75.6 %[2K[?25h     Added registry `General` to `~/.julia/registries/General`
 Resolving package versions...
 Installed Ratios ────────────────────── v0.3.1
 Installed IniFile ───────────────────── v0.5.0
 Installed AxisAlgorithms ────────────── v1.0.0
 Installed OptionalData ──────────────── v0.2.1
 Installed RemoteFiles ───────────────── v0.3.1
 Installed FileIO ────────────────────── v1.1.0
 Installed StaticArrays ──────────────── v0.12.1
 Installed SatelliteToolbox ──────────── v0.6.4
 Installed Compat ────────────────────── v2.2.0
 Installed OrderedCollections ────────── v1.1.0
 Installed Crayons ───────────────────── v4.0.1
 Installed Parameters ────────────────── v0.12.0
 Installed TableTraits ───────────────── v1.0.0
 Installed BinaryProvider ────────────── v0.5.8
 Installed PolynomialRoots ───────────── v0.2.0
 Installed DataAPI ───────────────────── v1.1.0
 Installed Tables ────────────────────── v0.2.11
 Installed Interpolations ────────────── v0.12.5
 Installed DataValueInterfaces ───────── v1.0.0
 Installed OffsetArrays ──────────────── v0.11.2
 Installed IteratorInterfaceExtensions ─ v1.0.0
 Installed HTTP ──────────────────────── v0.8.8
 Installed MbedTLS ───────────────────── v0.7.0
 Installed Reexport ──────────────────── v0.2.0
 Installed ReferenceFrameRotations ───── v0.5.3
 Installed Formatting ────────────────── v0.4.1
 Installed WoodburyMatrices ──────────── v0.4.1
 Installed PrettyTables ──────────────── v0.7.0
  Updating `~/.julia/environments/v1.3/Project.toml`
  [6ac157d9] + SatelliteToolbox v0.6.4
  Updating `~/.julia/environments/v1.3/Manifest.toml`
  [13072b0f] + AxisAlgorithms v1.0.0
  [b99e7846] + BinaryProvider v0.5.8
  [34da2185] + Compat v2.2.0
  [a8cc5b0e] + Crayons v4.0.1
  [9a962f9c] + DataAPI v1.1.0
  [e2d170a0] + DataValueInterfaces v1.0.0
  [5789e2e9] + FileIO v1.1.0
  [59287772] + Formatting v0.4.1
  [cd3eb016] + HTTP v0.8.8
  [83e8ac13] + IniFile v0.5.0
  [a98d9a8b] + Interpolations v0.12.5
  [82899510] + IteratorInterfaceExtensions v1.0.0
  [739be429] + MbedTLS v0.7.0
  [6fe1bfb0] + OffsetArrays v0.11.2
  [fbd9d27c] + OptionalData v0.2.1
  [bac558e1] + OrderedCollections v1.1.0
  [d96e819e] + Parameters v0.12.0
  [3a141323] + PolynomialRoots v0.2.0
  [08abe8d2] + PrettyTables v0.7.0
  [c84ed2f1] + Ratios v0.3.1
  [189a3867] + Reexport v0.2.0
  [74f56ac7] + ReferenceFrameRotations v0.5.3
  [cbe49d4c] + RemoteFiles v0.3.1
  [6ac157d9] + SatelliteToolbox v0.6.4
  [90137ffa] + StaticArrays v0.12.1
  [3783bdb8] + TableTraits v1.0.0
  [bd369af6] + Tables v0.2.11
  [efce3f68] + WoodburyMatrices v0.4.1
  [2a0f44e3] + Base64 
  [ade2ca70] + Dates 
  [8bb1440f] + DelimitedFiles 
  [8ba89e20] + Distributed 
  [b77e0a4c] + InteractiveUtils 
  [76f85450] + LibGit2 
  [8f399da3] + Libdl 
  [37e2e46d] + LinearAlgebra 
  [56ddb016] + Logging 
  [d6f4376e] + Markdown 
  [a63ad114] + Mmap 
  [44cfe95a] + Pkg 
  [de0858da] + Printf 
  [3fa0cd96] + REPL 
  [9a3f8284] + Random 
  [ea8e919c] + SHA 
  [9e88b42a] + Serialization 
  [1a1011a3] + SharedArrays 
  [6462fe0b] + Sockets 
  [2f01184e] + SparseArrays 
  [10745b16] + Statistics 
  [8dfed614] + Test 
  [cf7118a7] + UUIDs 
  [4ec0a83e] + Unicode 
  Building MbedTLS → `~/.julia/packages/MbedTLS/a1JFn/deps/build.log`
   Testing SatelliteToolbox
 Resolving package versions...
    Status `/tmp/jl_rN1bEI/Manifest.toml`
  [13072b0f] AxisAlgorithms v1.0.0
  [b99e7846] BinaryProvider v0.5.8
  [34da2185] Compat v2.2.0
  [a8cc5b0e] Crayons v4.0.1
  [9a962f9c] DataAPI v1.1.0
  [e2d170a0] DataValueInterfaces v1.0.0
  [5789e2e9] FileIO v1.1.0
  [59287772] Formatting v0.4.1
  [cd3eb016] HTTP v0.8.8
  [83e8ac13] IniFile v0.5.0
  [a98d9a8b] Interpolations v0.12.5
  [82899510] IteratorInterfaceExtensions v1.0.0
  [739be429] MbedTLS v0.7.0
  [6fe1bfb0] OffsetArrays v0.11.2
  [fbd9d27c] OptionalData v0.2.1
  [bac558e1] OrderedCollections v1.1.0
  [d96e819e] Parameters v0.12.0
  [3a141323] PolynomialRoots v0.2.0
  [08abe8d2] PrettyTables v0.7.0
  [c84ed2f1] Ratios v0.3.1
  [189a3867] Reexport v0.2.0
  [74f56ac7] ReferenceFrameRotations v0.5.3
  [cbe49d4c] RemoteFiles v0.3.1
  [6ac157d9] SatelliteToolbox v0.6.4
  [90137ffa] StaticArrays v0.12.1
  [3783bdb8] TableTraits v1.0.0
  [bd369af6] Tables v0.2.11
  [efce3f68] WoodburyMatrices v0.4.1
  [2a0f44e3] Base64  [`@stdlib/Base64`]
  [ade2ca70] Dates  [`@stdlib/Dates`]
  [8bb1440f] DelimitedFiles  [`@stdlib/DelimitedFiles`]
  [8ba89e20] Distributed  [`@stdlib/Distributed`]
  [b77e0a4c] InteractiveUtils  [`@stdlib/InteractiveUtils`]
  [76f85450] LibGit2  [`@stdlib/LibGit2`]
  [8f399da3] Libdl  [`@stdlib/Libdl`]
  [37e2e46d] LinearAlgebra  [`@stdlib/LinearAlgebra`]
  [56ddb016] Logging  [`@stdlib/Logging`]
  [d6f4376e] Markdown  [`@stdlib/Markdown`]
  [a63ad114] Mmap  [`@stdlib/Mmap`]
  [44cfe95a] Pkg  [`@stdlib/Pkg`]
  [de0858da] Printf  [`@stdlib/Printf`]
  [3fa0cd96] REPL  [`@stdlib/REPL`]
  [9a3f8284] Random  [`@stdlib/Random`]
  [ea8e919c] SHA  [`@stdlib/SHA`]
  [9e88b42a] Serialization  [`@stdlib/Serialization`]
  [1a1011a3] SharedArrays  [`@stdlib/SharedArrays`]
  [6462fe0b] Sockets  [`@stdlib/Sockets`]
  [2f01184e] SparseArrays  [`@stdlib/SparseArrays`]
  [10745b16] Statistics  [`@stdlib/Statistics`]
  [8dfed614] Test  [`@stdlib/Test`]
  [cf7118a7] UUIDs  [`@stdlib/UUIDs`]
  [4ec0a83e] Unicode  [`@stdlib/Unicode`]
Test Summary:      |  Pass  Total
Atmospheric Models | 26685  26685

Test Summary:            |  Pass  Total
Geomagnetic Field Models | 32382  32382

Test Summary:        | Pass  Total
Gravity Field Models | 4228   4228

[ Info: Found WDC file `kp2017.wdc` related to the year `2017`.
[ Info: Found WDC file `kp2018.wdc` related to the year `2018`.
Test Summary: | Pass  Total
Space Indices |   10     10

Test Summary:           | Pass  Total
General orbit functions |    2      2

Test Summary:     | Pass  Total
Orbit propagators | 3854   3854

Test Summary:              | Pass  Total
Coordinate transformations | 1269   1269

Test Summary:               | Pass  Total
Functions related with time |  131    131

Test Summary:                  | Pass  Total
Functions related with the Sun |  107    107

Test Summary:                   | Pass  Total
Functions related with the Moon |    3      3

Test Summary: | Pass  Total
Submodules    | 3681   3681
   Testing SatelliteToolbox tests passed 
