Julia Version 1.5.2-pre.25
Commit be8475f41a (2020-09-09 06:41 UTC)
Platform Info:
  OS: Linux (x86_64-linux-gnu)
  CPU: Intel(R) Xeon(R) Silver 4114 CPU @ 2.20GHz
  WORD_SIZE: 64
  LIBM: libopenlibm
  LLVM: libLLVM-9.0.1 (ORCJIT, skylake-avx512)
Environment:
  JULIA_DEPOT_PATH = ::/usr/local/share/julia
  JULIA_NUM_THREADS = 2

  Resolving package versions...
  Installed Compat ───────────── v3.15.0
  Installed Graphs ───────────── v0.10.3
  Installed OrderedCollections ─ v1.3.0
  Installed DataStructures ───── v0.18.4
Updating `~/.julia/environments/v1.5/Project.toml`
  [86223c79] + Graphs v0.10.3
Updating `~/.julia/environments/v1.5/Manifest.toml`
  [34da2185] + Compat v3.15.0
  [864edb3b] + DataStructures v0.18.4
  [86223c79] + Graphs v0.10.3
  [bac558e1] + OrderedCollections v1.3.0
  [2a0f44e3] + Base64
  [ade2ca70] + Dates
  [8bb1440f] + DelimitedFiles
  [8ba89e20] + Distributed
  [b77e0a4c] + InteractiveUtils
  [76f85450] + LibGit2
  [8f399da3] + Libdl
  [37e2e46d] + LinearAlgebra
  [56ddb016] + Logging
  [d6f4376e] + Markdown
  [a63ad114] + Mmap
  [44cfe95a] + Pkg
  [de0858da] + Printf
  [3fa0cd96] + REPL
  [9a3f8284] + Random
  [ea8e919c] + SHA
  [9e88b42a] + Serialization
  [1a1011a3] + SharedArrays
  [6462fe0b] + Sockets
  [2f01184e] + SparseArrays
  [10745b16] + Statistics
  [8dfed614] + Test
  [cf7118a7] + UUIDs
  [4ec0a83e] + Unicode
    Testing Graphs
Status `/tmp/jl_DET5wr/Project.toml`
  [864edb3b] DataStructures v0.18.4
  [86223c79] Graphs v0.10.3
  [2f01184e] SparseArrays
  [8dfed614] Test
Status `/tmp/jl_DET5wr/Manifest.toml`
  [34da2185] Compat v3.15.0
  [864edb3b] DataStructures v0.18.4
  [86223c79] Graphs v0.10.3
  [bac558e1] OrderedCollections v1.3.0
  [2a0f44e3] Base64
  [ade2ca70] Dates
  [8bb1440f] DelimitedFiles
  [8ba89e20] Distributed
  [b77e0a4c] InteractiveUtils
  [76f85450] LibGit2
  [8f399da3] Libdl
  [37e2e46d] LinearAlgebra
  [56ddb016] Logging
  [d6f4376e] Markdown
  [a63ad114] Mmap
  [44cfe95a] Pkg
  [de0858da] Printf
  [3fa0cd96] REPL
  [9a3f8284] Random
  [ea8e919c] SHA
  [9e88b42a] Serialization
  [1a1011a3] SharedArrays
  [6462fe0b] Sockets
  [2f01184e] SparseArrays
  [10745b16] Statistics
  [8dfed614] Test
  [cf7118a7] UUIDs
  [4ec0a83e] Unicode
running /home/pkgeval/.julia/packages/Graphs/GQCid/test/edgelist.jl ...
running /home/pkgeval/.julia/packages/Graphs/GQCid/test/adjlist.jl ...
running /home/pkgeval/.julia/packages/Graphs/GQCid/test/bellman_test.jl ...
running /home/pkgeval/.julia/packages/Graphs/GQCid/test/inclist.jl ...
running /home/pkgeval/.julia/packages/Graphs/GQCid/test/graph.jl ...
Test Summary:       | Pass  Total
SimpleDirectedGraph |   58     58
Test Summary:         | Pass  Total
SimpleUndirectedGraph |   34     34
Test Summary:                       | Pass  Total
Extended and General directed graph |  104    104
Test Summary:       | Pass  Total
graph() constructor | 2206   2206
running /home/pkgeval/.julia/packages/Graphs/GQCid/test/gmatrix.jl ...
running /home/pkgeval/.julia/packages/Graphs/GQCid/test/bfs.jl ...
running /home/pkgeval/.julia/packages/Graphs/GQCid/test/dfs.jl ...
running /home/pkgeval/.julia/packages/Graphs/GQCid/test/conn_comp.jl ...
running /home/pkgeval/.julia/packages/Graphs/GQCid/test/dijkstra.jl ...
ERROR: LoadError: LoadError: UndefVarError: mutable_binary_minheap not defined
Stacktrace:
 [1] create_dijkstra_states(::GenericIncidenceList{Int64,Edge{Int64},UnitRange{Int64},Array{Array{Edge{Int64},1},1}}, ::Type{Float64}) at /home/pkgeval/.julia/packages/Graphs/GQCid/src/dijkstra_spath.jl:33
 [2] dijkstra_shortest_paths(::GenericIncidenceList{Int64,Edge{Int64},UnitRange{Int64},Array{Array{Edge{Int64},1},1}}, ::Array{Float64,1}, ::Int64; visitor::Graphs.TrivialDijkstraVisitor) at /home/pkgeval/.julia/packages/Graphs/GQCid/src/dijkstra_spath.jl:230
 [3] dijkstra_shortest_paths(::GenericIncidenceList{Int64,Edge{Int64},UnitRange{Int64},Array{Array{Edge{Int64},1},1}}, ::Array{Float64,1}, ::Int64) at /home/pkgeval/.julia/packages/Graphs/GQCid/src/dijkstra_spath.jl:229
 [4] top-level scope at /home/pkgeval/.julia/packages/Graphs/GQCid/test/dijkstra.jl:32
 [5] include(::String) at ./client.jl:457
 [6] top-level scope at /home/pkgeval/.julia/packages/Graphs/GQCid/test/runtests.jl:30
 [7] include(::String) at ./client.jl:457
 [8] top-level scope at none:6
in expression starting at /home/pkgeval/.julia/packages/Graphs/GQCid/test/dijkstra.jl:32
in expression starting at /home/pkgeval/.julia/packages/Graphs/GQCid/test/runtests.jl:27
ERROR: Package Graphs errored during testing
Stacktrace:
 [1] pkgerror(::String) at /workspace/srcdir/usr/share/julia/stdlib/v1.5/Pkg/src/Types.jl:52
 [2] test(::Pkg.Types.Context, ::Array{Pkg.Types.PackageSpec,1}; coverage::Bool, julia_args::Cmd, test_args::Cmd, test_fn::Nothing) at /workspace/srcdir/usr/share/julia/stdlib/v1.5/Pkg/src/Operations.jl:1578
 [3] test(::Pkg.Types.Context, ::Array{Pkg.Types.PackageSpec,1}; coverage::Bool, test_fn::Nothing, julia_args::Cmd, test_args::Cmd, kwargs::Base.Iterators.Pairs{Union{},Union{},Tuple{},NamedTuple{(),Tuple{}}}) at /workspace/srcdir/usr/share/julia/stdlib/v1.5/Pkg/src/API.jl:328
 [4] test(::Pkg.Types.Context, ::Array{Pkg.Types.PackageSpec,1}) at /workspace/srcdir/usr/share/julia/stdlib/v1.5/Pkg/src/API.jl:315
 [5] #test#61 at /workspace/srcdir/usr/share/julia/stdlib/v1.5/Pkg/src/API.jl:67 [inlined]
 [6] test at /workspace/srcdir/usr/share/julia/stdlib/v1.5/Pkg/src/API.jl:67 [inlined]
 [7] #test#60 at /workspace/srcdir/usr/share/julia/stdlib/v1.5/Pkg/src/API.jl:66 [inlined]
 [8] test at /workspace/srcdir/usr/share/julia/stdlib/v1.5/Pkg/src/API.jl:66 [inlined]
 [9] test(::String; kwargs::Base.Iterators.Pairs{Union{},Union{},Tuple{},NamedTuple{(),Tuple{}}}) at /workspace/srcdir/usr/share/julia/stdlib/v1.5/Pkg/src/API.jl:65
 [10] test(::String) at /workspace/srcdir/usr/share/julia/stdlib/v1.5/Pkg/src/API.jl:65
 [11] top-level scope at none:19
