Julia Version 1.5.1-pre.28
Commit 0d71d8cd8b (2020-08-14 20:35 UTC)
Platform Info:
  OS: Linux (x86_64-linux-gnu)
  CPU: Intel(R) Xeon(R) Silver 4114 CPU @ 2.20GHz
  WORD_SIZE: 64
  LIBM: libopenlibm
  LLVM: libLLVM-9.0.1 (ORCJIT, skylake-avx512)
Environment:
  JULIA_DEPOT_PATH = ::/usr/local/share/julia
  JULIA_NUM_THREADS = 2

  Resolving package versions...
  Installed OffsetArrays ───── v1.1.2
  Installed CustomUnitRanges ─ v1.0.0
  Installed CatIndices ─────── v0.2.1
Updating `~/.julia/environments/v1.5/Project.toml`
  [aafaddc9] + CatIndices v0.2.1
Updating `~/.julia/environments/v1.5/Manifest.toml`
  [aafaddc9] + CatIndices v0.2.1
  [dc8bdbbb] + CustomUnitRanges v1.0.0
  [6fe1bfb0] + OffsetArrays v1.1.2
    Testing CatIndices
Status `/tmp/jl_0imRiN/Project.toml`
  [aafaddc9] CatIndices v0.2.1
  [dc8bdbbb] CustomUnitRanges v1.0.0
  [6fe1bfb0] OffsetArrays v1.1.2
  [8dfed614] Test
Status `/tmp/jl_0imRiN/Manifest.toml`
  [aafaddc9] CatIndices v0.2.1
  [dc8bdbbb] CustomUnitRanges v1.0.0
  [6fe1bfb0] OffsetArrays v1.1.2
  [2a0f44e3] Base64
  [8ba89e20] Distributed
  [b77e0a4c] InteractiveUtils
  [56ddb016] Logging
  [d6f4376e] Markdown
  [9a3f8284] Random
  [9e88b42a] Serialization
  [6462fe0b] Sockets
  [8dfed614] Test
Test Summary: | Pass  Total
CatIndices    |  107    107
    Testing CatIndices tests passed 
