Julia Version 1.3.2-pre.0
Commit 2e6715c045 (2019-12-31 00:49 UTC)
Platform Info:
  OS: Linux (x86_64-linux-gnu)
  CPU: Intel(R) Xeon(R) Silver 4114 CPU @ 2.20GHz
  WORD_SIZE: 64
  LIBM: libopenlibm
  LLVM: libLLVM-6.0.1 (ORCJIT, skylake)
Environment:
  JULIA_DEPOT_PATH = ::/usr/local/share/julia
  JULIA_NUM_THREADS = 2

 Resolving package versions...
 Installed TickTock ─ v1.0.0
  Updating `~/.julia/environments/v1.3/Project.toml`
  [9ff05d80] + TickTock v1.0.0
  Updating `~/.julia/environments/v1.3/Manifest.toml`
  [9ff05d80] + TickTock v1.0.0
  [2a0f44e3] + Base64 
  [ade2ca70] + Dates 
  [8ba89e20] + Distributed 
  [b77e0a4c] + InteractiveUtils 
  [76f85450] + LibGit2 
  [8f399da3] + Libdl 
  [56ddb016] + Logging 
  [d6f4376e] + Markdown 
  [44cfe95a] + Pkg 
  [de0858da] + Printf 
  [3fa0cd96] + REPL 
  [9a3f8284] + Random 
  [ea8e919c] + SHA 
  [9e88b42a] + Serialization 
  [6462fe0b] + Sockets 
  [8dfed614] + Test 
  [cf7118a7] + UUIDs 
  [4ec0a83e] + Unicode 
   Testing TickTock
    Status `/tmp/jl_gbB3Ew/Manifest.toml`
  [9ff05d80] TickTock v1.0.0
  [2a0f44e3] Base64  [`@stdlib/Base64`]
  [ade2ca70] Dates  [`@stdlib/Dates`]
  [8ba89e20] Distributed  [`@stdlib/Distributed`]
  [b77e0a4c] InteractiveUtils  [`@stdlib/InteractiveUtils`]
  [76f85450] LibGit2  [`@stdlib/LibGit2`]
  [8f399da3] Libdl  [`@stdlib/Libdl`]
  [56ddb016] Logging  [`@stdlib/Logging`]
  [d6f4376e] Markdown  [`@stdlib/Markdown`]
  [44cfe95a] Pkg  [`@stdlib/Pkg`]
  [de0858da] Printf  [`@stdlib/Printf`]
  [3fa0cd96] REPL  [`@stdlib/REPL`]
  [9a3f8284] Random  [`@stdlib/Random`]
  [ea8e919c] SHA  [`@stdlib/SHA`]
  [9e88b42a] Serialization  [`@stdlib/Serialization`]
  [6462fe0b] Sockets  [`@stdlib/Sockets`]
  [8dfed614] Test  [`@stdlib/Test`]
  [cf7118a7] UUIDs  [`@stdlib/UUIDs`]
  [4ec0a83e] Unicode  [`@stdlib/Unicode`]
[ Info:  started timer at: 2020-02-06T18:54:38.369
1         [ Info: TickTock: "TickTock alarm" alarm for 0 hours, 0 minutes, 10 seconds
[ Info: TickTock: "TickTock alarm" alarm for 0 hours, 0 minutes, 5 seconds
[ Info:          3.434260876s: 3 seconds, 434 milliseconds
[ Info:  started timer at: 2020-02-06T18:54:42.802
[ Info:  started timer at: 2020-02-06T18:54:42.866
[ Info:  started timer at: 2020-02-06T18:54:42.916
[ Info:          0.007664085s: 7 milliseconds
Make 10 timers
[ Info:  started timer at: 2020-02-06T18:54:42.946
[ Info:  started timer at: 2020-02-06T18:54:43.948
[ Info:  started timer at: 2020-02-06T18:54:44.951
[ Info:  started timer at: 2020-02-06T18:54:45.952
[ Info:  started timer at: 2020-02-06T18:54:46.955
[ Info: TickTock alarm
This is an alarm. Do not be alarmed.
[ Info:           5.05262748s: 5 seconds, 52 milliseconds
[ Info:  started timer at: 2020-02-06T18:54:47.956
[ Info:  started timer at: 2020-02-06T18:54:48.958
[ Info:  started timer at: 2020-02-06T18:54:49.96
[ Info:  started timer at: 2020-02-06T18:54:50.962
[ Info:  started timer at: 2020-02-06T18:54:51.964
[ Info: TickTock alarm
test alarm has fired
[ Info:         10.117576958s: 10 seconds, 117 milliseconds
Check that there are 10 timers
wait a second
Print all the timers
10        [ Info:          2.024075031s: 2 seconds, 24 milliseconds
9         [ Info:          3.025906555s: 3 seconds, 25 milliseconds
8         [ Info:           4.02825521s: 4 seconds, 28 milliseconds
7         [ Info:          5.030579046s: 5 seconds, 30 milliseconds
6         [ Info:          6.032908276s: 6 seconds, 32 milliseconds
5         [ Info:          7.033699243s: 7 seconds, 33 milliseconds
4         [ Info:           8.03604131s: 8 seconds, 36 milliseconds
3         [ Info:          9.037663969s: 9 seconds, 37 milliseconds
2         [ Info:         10.040121664s: 10 seconds, 40 milliseconds
1         [ Info:         11.042745732s: 11 seconds, 42 milliseconds
Check that the most recent timer is more than 1 second
  2.042165982
Finish 10 timers and show canonical
[ Info:          2.189350949s: 2 seconds, 189 milliseconds
[ Info:          3.191410192s: 3 seconds, 191 milliseconds
[ Info:          4.193860991s: 4 seconds, 193 milliseconds
[ Info:          5.196264932s: 5 seconds, 196 milliseconds
[ Info:          6.198669736s: 6 seconds, 198 milliseconds
[ Info:          7.199544058s: 7 seconds, 199 milliseconds
[ Info:          8.201952539s: 8 seconds, 201 milliseconds
[ Info:          9.203633311s: 9 seconds, 203 milliseconds
[ Info:         10.206163175s: 10 seconds, 206 milliseconds
[ Info:          11.20884122s: 11 seconds, 208 milliseconds
   Testing TickTock tests passed 
