Julia Version 1.5.1-pre.28
Commit 0d71d8cd8b (2020-08-14 20:35 UTC)
Platform Info:
  OS: Linux (x86_64-linux-gnu)
  CPU: Intel(R) Xeon(R) Silver 4114 CPU @ 2.20GHz
  WORD_SIZE: 64
  LIBM: libopenlibm
  LLVM: libLLVM-9.0.1 (ORCJIT, skylake-avx512)
Environment:
  JULIA_DEPOT_PATH = ::/usr/local/share/julia
  JULIA_NUM_THREADS = 2

  Resolving package versions...
  Installed Bzip2_jll ────────── v1.0.6+3
  Installed Zlib_jll ─────────── v1.2.11+15
  Installed CodecZlib ────────── v0.7.0
  Installed Parsers ──────────── v1.0.10
  Installed TranscodingStreams ─ v0.9.5
  Installed MbedTLS ──────────── v1.0.2
  Installed BinaryProvider ───── v0.5.10
  Installed IniFile ──────────── v0.5.0
  Installed CodecBzip2 ───────── v0.7.2
  Installed ZipFile ──────────── v0.9.2
  Installed TimerOutputs ─────── v0.5.6
  Installed JSON ─────────────── v0.21.0
  Installed MutableArithmetics ─ v0.2.10
  Installed HTTP ─────────────── v0.8.17
  Installed JSONSchema ───────── v0.3.1
  Installed OrderedCollections ─ v1.3.0
  Installed MathOptInterface ─── v0.9.14
  Installed MbedTLS_jll ──────── v2.16.6+1
  Installed BenchmarkTools ───── v0.5.0
  Installed Arpack ───────────── v0.3.2
  Installed ProxSDP ──────────── v1.3.1
Updating `~/.julia/environments/v1.5/Project.toml`
  [65e78d25] + ProxSDP v1.3.1
Updating `~/.julia/environments/v1.5/Manifest.toml`
  [7d9fca2a] + Arpack v0.3.2
  [6e4b80f9] + BenchmarkTools v0.5.0
  [b99e7846] + BinaryProvider v0.5.10
  [6e34b625] + Bzip2_jll v1.0.6+3
  [523fee87] + CodecBzip2 v0.7.2
  [944b1d66] + CodecZlib v0.7.0
  [cd3eb016] + HTTP v0.8.17
  [83e8ac13] + IniFile v0.5.0
  [682c06a0] + JSON v0.21.0
  [7d188eb4] + JSONSchema v0.3.1
  [b8f27783] + MathOptInterface v0.9.14
  [739be429] + MbedTLS v1.0.2
  [c8ffd9c3] + MbedTLS_jll v2.16.6+1
  [d8a4904e] + MutableArithmetics v0.2.10
  [bac558e1] + OrderedCollections v1.3.0
  [69de0a69] + Parsers v1.0.10
  [65e78d25] + ProxSDP v1.3.1
  [a759f4b9] + TimerOutputs v0.5.6
  [3bb67fe8] + TranscodingStreams v0.9.5
  [a5390f91] + ZipFile v0.9.2
  [83775a58] + Zlib_jll v1.2.11+15
  [2a0f44e3] + Base64
  [ade2ca70] + Dates
  [8ba89e20] + Distributed
  [b77e0a4c] + InteractiveUtils
  [76f85450] + LibGit2
  [8f399da3] + Libdl
  [37e2e46d] + LinearAlgebra
  [56ddb016] + Logging
  [d6f4376e] + Markdown
  [a63ad114] + Mmap
  [44cfe95a] + Pkg
  [de0858da] + Printf
  [3fa0cd96] + REPL
  [9a3f8284] + Random
  [ea8e919c] + SHA
  [9e88b42a] + Serialization
  [6462fe0b] + Sockets
  [2f01184e] + SparseArrays
  [10745b16] + Statistics
  [8dfed614] + Test
  [cf7118a7] + UUIDs
  [4ec0a83e] + Unicode
   Building Arpack → `~/.julia/packages/Arpack/zCmTA/deps/build.log`
    Testing ProxSDP
Status `/tmp/jl_5VRTwD/Project.toml`
  [7d9fca2a] Arpack v0.3.2
  [b8f27783] MathOptInterface v0.9.14
  [65e78d25] ProxSDP v1.3.1
  [a759f4b9] TimerOutputs v0.5.6
  [8bb1440f] DelimitedFiles
  [37e2e46d] LinearAlgebra
  [de0858da] Printf
  [9a3f8284] Random
  [2f01184e] SparseArrays
  [8dfed614] Test
Status `/tmp/jl_5VRTwD/Manifest.toml`
  [7d9fca2a] Arpack v0.3.2
  [6e4b80f9] BenchmarkTools v0.5.0
  [b99e7846] BinaryProvider v0.5.10
  [6e34b625] Bzip2_jll v1.0.6+3
  [523fee87] CodecBzip2 v0.7.2
  [944b1d66] CodecZlib v0.7.0
  [cd3eb016] HTTP v0.8.17
  [83e8ac13] IniFile v0.5.0
  [682c06a0] JSON v0.21.0
  [7d188eb4] JSONSchema v0.3.1
  [b8f27783] MathOptInterface v0.9.14
  [739be429] MbedTLS v1.0.2
  [c8ffd9c3] MbedTLS_jll v2.16.6+1
  [d8a4904e] MutableArithmetics v0.2.10
  [bac558e1] OrderedCollections v1.3.0
  [69de0a69] Parsers v1.0.10
  [65e78d25] ProxSDP v1.3.1
  [a759f4b9] TimerOutputs v0.5.6
  [3bb67fe8] TranscodingStreams v0.9.5
  [a5390f91] ZipFile v0.9.2
  [83775a58] Zlib_jll v1.2.11+15
  [2a0f44e3] Base64
  [ade2ca70] Dates
  [8bb1440f] DelimitedFiles
  [8ba89e20] Distributed
  [b77e0a4c] InteractiveUtils
  [76f85450] LibGit2
  [8f399da3] Libdl
  [37e2e46d] LinearAlgebra
  [56ddb016] Logging
  [d6f4376e] Markdown
  [a63ad114] Mmap
  [44cfe95a] Pkg
  [de0858da] Printf
  [3fa0cd96] REPL
  [9a3f8284] Random
  [ea8e919c] SHA
  [9e88b42a] Serialization
  [6462fe0b] Sockets
  [2f01184e] SparseArrays
  [10745b16] Statistics
  [8dfed614] Test
  [cf7118a7] UUIDs
  [4ec0a83e] Unicode
Test Summary: | Pass  Total
SolverName    |    1      1
Test Summary:            | Pass  Total
supports_default_copy_to |    2      2
Test Summary: | Pass  Total
Unit          |  262    262
Test Summary:         | Pass  Total
MOI Continuous Linear |  425    425
Test Summary:        | Pass  Total
MOI Continuous Conic |  760    760
Test Summary: | Pass  Total
Simple LP     |    3      3
Test Summary:           | Pass  Total
Simple LP with 2 1D SDP |    3      3
Test Summary:     | Pass  Total
LP in SDP EQ form |    3      3
Test Summary:       | Pass  Total
LP in SDP INEQ form |    4      4
Test Summary: | Pass  Total
SDP from MOI  |    6      6
Test Summary:       | Pass  Total
Double SDP from MOI |    7      7
Test Summary:                | Pass  Total
SDP with duplicates from MOI |    5      5
Test Summary:      | Pass  Total
SDP from Wikipedia |    3      3
Test Summary: | Pass  Total
MIMO Sizes    |   90     90
Test Summary: | Pass  Total
RANDSDP Sizes |   54     54
---------------------------------------------------------------------------------------
=======================================================================================
                  ProxSDP : Proximal Semidefinite Programming Solver                   
                         (c) Mario Souto and Joaquim D. Garcia, 2019                   
                                                              v1.2.0                   
---------------------------------------------------------------------------------------
    Solver parameters:
       tol_primal = 0.001 tol_dual = 0.001 tol_psd = 1.0e-6 
       max_iter = 100000 max_beta = 100000.0 min_beta = 1.0e-5
    Constraints:
       125 linear equalities 
    Cones:
       1 psd cone of size 125x125
---------------------------------------------------------------------------------------
    Initializing Primal-Dual Hybrid Gradient method                                    
---------------------------------------------------------------------------------------
|  iter  | prim obj | rel. gap |  feasb.  | prim res | dual res | max rank |  time(s) |
---------------------------------------------------------------------------------------
|    100 |  111.377 |  0.99878 |  0.26938 | 20.11570 |  1.99792 |        2 |   5.1177 |
|    200 |   49.476 |  0.79220 |  0.11642 |  8.91458 |  0.78813 |        2 |  10.0824 |
|    300 |   49.430 |  0.06725 |  0.02881 |  2.14704 |  0.19227 |        3 |  12.9913 |
|    400 |   51.154 |  0.05225 |  0.00605 |  0.47378 |  0.04061 |        3 |  18.0971 |
|    500 |   50.161 |  0.00477 |  0.00157 |  0.11934 |  0.01070 |        3 |  24.3862 |
|    600 |   49.012 |  0.04276 |  0.00056 |  0.05856 |  0.00385 |        4 |  32.7305 |
|    700 |   48.226 |  0.02491 |  0.00007 |  0.02445 |  0.00035 |        4 |  38.5862 |
|    800 |   47.309 |  0.00812 |  0.00032 |  0.01751 |  0.00041 |        4 |  45.1658 |
|    900 |   46.898 |  0.00124 |  0.00048 |  0.00525 |  0.00036 |        4 |  52.9222 |
|    917 |   46.883 |  0.00098 |  0.00038 |  0.00347 |  0.00021 |        5 |  54.9094 |
---------------------------------------------------------------------------------------
    Solver status:
       Optimal solution found in 54.91 seconds
       Primal objective = 46.88344
       Dual objective = 46.79062
       Duality gap (%) = 0.0 %
---------------------------------------------------------------------------------------
    Primal feasibility:
       ||A(X) - b|| / (1 + ||b||) = 0.000377    [linear equalities] 
       ||max(G(X) - h, 0)|| / (1 + ||h||) = 0.0    [linear inequalities]
    Rank of p.s.d. variable is 4.
=======================================================================================
 ──────────────────────────────────────────────────────────────────────────────
                                       Time                   Allocations      
                               ──────────────────────   ───────────────────────
       Tot / % measured:            55.4s / 99.1%           16.7MiB / 50.6%    

 Section               ncalls     time   %tot     avg     alloc   %tot      avg
 ──────────────────────────────────────────────────────────────────────────────
 Main                       1    54.9s   100%   54.9s   6.90MiB  81.9%  6.90MiB
   CP loop                  1    54.9s   100%   54.9s   3.59MiB  42.6%  3.59MiB
     primal               917    54.1s  98.6%  59.0ms   3.54MiB  42.1%  3.96KiB
       sdp proj           917    53.9s  98.1%  58.8ms   3.54MiB  42.1%  3.96KiB
         eigs             917    53.7s  97.8%  58.6ms   3.46MiB  41.0%  3.86KiB
           saupd          917    53.2s  97.0%  58.1ms    379KiB  4.40%     424B
           seupd          917    290ms  0.53%   316μs   14.3KiB  0.17%    16.0B
           update_arc     917   1.56ms  0.00%  1.70μs   97.9KiB  1.14%     109B
         reshape2         917    105ms  0.19%   114μs     0.00B  0.00%    0.00B
         reshape1         917   85.1ms  0.15%  92.8μs     0.00B  0.00%    0.00B
         get min eig      917   1.36ms  0.00%  1.48μs     0.00B  0.00%    0.00B
       linesearch -1      917    146ms  0.27%   160μs     0.00B  0.00%    0.00B
     linesearch           917    513ms  0.93%   560μs   3.31KiB  0.04%    3.70B
       linesearch 3     3.91k    290ms  0.53%  74.1μs     0.00B  0.00%    0.00B
       linesearch 4     3.91k    167ms  0.30%  42.8μs     0.00B  0.00%    0.00B
       linesearch 1     3.91k   8.99ms  0.02%  2.30μs     0.00B  0.00%    0.00B
       linesearch 2     3.91k   8.67ms  0.02%  2.22μs     0.00B  0.00%    0.00B
     residual             917    156ms  0.28%   170μs     0.00B  0.00%    0.00B
     gap                  917   28.9ms  0.05%  31.5μs     0.00B  0.00%    0.00B
   Init                     1   30.8ms  0.06%  30.8ms   3.06MiB  36.3%  3.06MiB
     normscale alloc        1   29.2ms  0.05%  29.2ms   2.07MiB  24.6%  2.07MiB
     normscale              1    530μs  0.00%   530μs     0.00B  0.00%    0.00B
     equilibrate            1    347μs  0.00%   347μs    186KiB  2.15%   186KiB
   init_arc                 1    130μs  0.00%   130μs    173KiB  2.01%   173KiB
 pre-processing             1   1.97ms  0.00%  1.97ms   1.53MiB  18.1%  1.53MiB
 ──────────────────────────────────────────────────────────────────────────────
 ──────────────────────────────────────────────────────────────────────────
                                   Time                   Allocations      
                           ──────────────────────   ───────────────────────
     Tot / % measured:          55.4s / 99.0%           17.1MiB / 49.3%    

 Section           ncalls     time   %tot     avg     alloc   %tot      avg
 ──────────────────────────────────────────────────────────────────────────
 Main                   1    54.9s   100%   54.9s   6.90MiB  81.9%  6.90MiB
 CP loop                1    54.9s   100%   54.9s   3.59MiB  42.6%  3.59MiB
 primal               917    54.1s  98.6%  59.0ms   3.54MiB  42.1%  3.96KiB
 sdp proj             917    53.9s  98.1%  58.8ms   3.54MiB  42.1%  3.96KiB
 eigs                 917    53.7s  97.8%  58.6ms   3.46MiB  41.0%  3.86KiB
 saupd                917    53.2s  97.0%  58.1ms    379KiB  4.40%     424B
 linesearch           917    513ms  0.93%   560μs   3.31KiB  0.04%    3.70B
 seupd                917    290ms  0.53%   316μs   14.3KiB  0.17%    16.0B
 linesearch 3       3.91k    290ms  0.53%  74.1μs     0.00B  0.00%    0.00B
 linesearch 4       3.91k    167ms  0.30%  42.8μs     0.00B  0.00%    0.00B
 residual             917    156ms  0.28%   170μs     0.00B  0.00%    0.00B
 linesearch -1        917    146ms  0.27%   160μs     0.00B  0.00%    0.00B
 reshape2             917    105ms  0.19%   114μs     0.00B  0.00%    0.00B
 reshape1             917   85.1ms  0.15%  92.8μs     0.00B  0.00%    0.00B
 Init                   1   30.8ms  0.06%  30.8ms   3.06MiB  36.3%  3.06MiB
 normscale alloc        1   29.2ms  0.05%  29.2ms   2.07MiB  24.6%  2.07MiB
 gap                  917   28.9ms  0.05%  31.5μs     0.00B  0.00%    0.00B
 linesearch 1       3.91k   8.99ms  0.02%  2.30μs     0.00B  0.00%    0.00B
 linesearch 2       3.91k   8.67ms  0.02%  2.22μs     0.00B  0.00%    0.00B
 pre-processing         1   1.97ms  0.00%  1.97ms   1.53MiB  18.1%  1.53MiB
 update_arc           917   1.56ms  0.00%  1.70μs   97.9KiB  1.14%     109B
 get min eig          917   1.36ms  0.00%  1.48μs     0.00B  0.00%    0.00B
 normscale              1    530μs  0.00%   530μs     0.00B  0.00%    0.00B
 equilibrate            1    347μs  0.00%   347μs    186KiB  2.15%   186KiB
 init_arc               1    130μs  0.00%   130μs    173KiB  2.01%   173KiB
 ──────────────────────────────────────────────────────────────────────────
---------------------------------------------------------------------------------------
=======================================================================================
                  ProxSDP : Proximal Semidefinite Programming Solver                   
                         (c) Mario Souto and Joaquim D. Garcia, 2019                   
                                                              v1.2.0                   
---------------------------------------------------------------------------------------
    Solver parameters:
       tol_primal = 0.001 tol_dual = 0.001 tol_psd = 1.0e-6 
       max_iter = 100000 max_beta = 100000.0 min_beta = 1.0e-5
    Constraints:
       124 linear equalities 
    Cones:
       1 psd cone of size 124x124
---------------------------------------------------------------------------------------
    Initializing Primal-Dual Hybrid Gradient method                                    
---------------------------------------------------------------------------------------
|  iter  | prim obj | rel. gap |  feasb.  | prim res | dual res | max rank |  time(s) |
---------------------------------------------------------------------------------------
|    100 | -131.193 |  0.36931 |  0.82532 | 23.00934 |  3.09488 |        2 |   8.8645 |
|    200 | -138.111 |  0.02523 |  0.18435 | 15.51635 |  2.04054 |        2 |  13.4087 |
|    300 | -142.979 |  0.08841 |  0.02804 |  2.36621 |  0.35343 |        2 |  16.4651 |
|    400 | -137.822 |  0.05261 |  0.00806 |  0.69308 |  0.10229 |        2 |  20.6798 |
|    500 | -137.149 |  0.02596 |  0.00122 |  0.10296 |  0.01560 |        2 |  23.9222 |
|    600 | -138.127 |  0.00254 |  0.00580 |  0.50937 |  0.07378 |        3 |  28.5253 |
|    700 | -139.014 |  0.00427 |  0.00019 |  0.06867 |  0.00251 |        3 |  31.7685 |
|    800 | -139.617 |  0.00554 |  0.00009 |  0.03832 |  0.00115 |        3 |  37.0271 |
|    900 | -140.302 |  0.00311 |  0.00021 |  0.05787 |  0.00080 |        3 |  39.1079 |
|   1000 | -140.833 |  0.00635 |  0.00122 |  0.06436 |  0.00245 |        4 |  43.4468 |
|   1100 | -141.523 |  0.00104 |  0.00058 |  0.03267 |  0.00078 |        4 |  46.7383 |
|   1200 | -141.826 |  0.00027 |  0.00029 |  0.01866 |  0.00039 |        5 |  64.0663 |
|   1300 | -141.932 |  0.00008 |  0.00018 |  0.00987 |  0.00024 |        5 | 142.1997 |
|   1304 | -141.933 |  0.00008 |  0.00017 |  0.00892 |  0.00024 |        5 | 152.5061 |
---------------------------------------------------------------------------------------
    Solver status:
       Optimal solution found in 152.51 seconds
       Primal objective = -141.93307
       Dual objective = -141.91049
       Duality gap (%) = 0.0 %
---------------------------------------------------------------------------------------
    Primal feasibility:
       ||A(X) - b|| / (1 + ||b||) = 0.000173    [linear equalities] 
       ||max(G(X) - h, 0)|| / (1 + ||h||) = 0.0    [linear inequalities]
    Rank of p.s.d. variable is 4.
=======================================================================================
 ──────────────────────────────────────────────────────────────────────────────
                                       Time                   Allocations      
                               ──────────────────────   ───────────────────────
       Tot / % measured:             153s / 100%            9.68MiB / 99.3%    

 Section               ncalls     time   %tot     avg     alloc   %tot      avg
 ──────────────────────────────────────────────────────────────────────────────
 Main                       1     153s   100%    153s   8.57MiB  89.2%  8.57MiB
   CP loop                  1     153s   100%    153s   6.06MiB  63.1%  6.06MiB
     primal             1.30k     152s  99.4%   116ms   6.00MiB  62.5%  4.71KiB
       sdp proj         1.30k     151s  99.3%   116ms   6.00MiB  62.4%  4.71KiB
         eigs           1.30k     151s  99.1%   116ms   5.88MiB  61.2%  4.62KiB
           saupd        1.30k     151s  98.7%   115ms   1.86MiB  19.4%  1.46KiB
           seupd        1.30k    370ms  0.24%   283μs   20.4KiB  0.21%    16.0B
           update_arc   1.30k   1.90ms  0.00%  1.46μs   97.2KiB  0.99%    76.3B
         reshape1       1.30k    115ms  0.08%  88.0μs     0.00B  0.00%    0.00B
         reshape2       1.30k    109ms  0.07%  83.8μs     0.00B  0.00%    0.00B
         get min eig    1.30k   2.09ms  0.00%  1.60μs     0.00B  0.00%    0.00B
       linesearch -1    1.30k    106ms  0.07%  81.0μs     0.00B  0.00%    0.00B
     linesearch         1.30k    454ms  0.30%   348μs   3.31KiB  0.03%    2.60B
       linesearch 4     5.58k    269ms  0.18%  48.2μs     0.00B  0.00%    0.00B
       linesearch 3     5.58k   95.4ms  0.06%  17.1μs     0.00B  0.00%    0.00B
       linesearch 1     5.58k   12.3ms  0.01%  2.20μs     0.00B  0.00%    0.00B
       linesearch 2     5.58k   11.8ms  0.01%  2.11μs     0.00B  0.00%    0.00B
     residual           1.30k    352ms  0.23%   270μs     0.00B  0.00%    0.00B
     gap                1.30k   23.2ms  0.02%  17.8μs     0.00B  0.00%    0.00B
   Init                     1   4.60ms  0.00%  4.60ms   2.26MiB  23.6%  2.26MiB
     normscale alloc        1   3.75ms  0.00%  3.75ms   1.82MiB  19.0%  1.82MiB
     normscale              1    166μs  0.00%   166μs     0.00B  0.00%    0.00B
     equilibrate            1   3.43μs  0.00%  3.43μs     0.00B  0.00%    0.00B
   init_arc                 1    244μs  0.00%   244μs    171KiB  1.74%   171KiB
 pre-processing             1   2.05ms  0.00%  2.05ms   1.04MiB  10.8%  1.04MiB
 ──────────────────────────────────────────────────────────────────────────────
 ──────────────────────────────────────────────────────────────────────────
                                   Time                   Allocations      
                           ──────────────────────   ───────────────────────
     Tot / % measured:           153s / 100%            9.80MiB / 98.1%    

 Section           ncalls     time   %tot     avg     alloc   %tot      avg
 ──────────────────────────────────────────────────────────────────────────
 Main                   1     153s   100%    153s   8.57MiB  89.2%  8.57MiB
 CP loop                1     153s   100%    153s   6.06MiB  63.1%  6.06MiB
 primal             1.30k     152s  99.4%   116ms   6.00MiB  62.5%  4.71KiB
 sdp proj           1.30k     151s  99.3%   116ms   6.00MiB  62.4%  4.71KiB
 eigs               1.30k     151s  99.1%   116ms   5.88MiB  61.2%  4.62KiB
 saupd              1.30k     151s  98.7%   115ms   1.86MiB  19.4%  1.46KiB
 linesearch         1.30k    454ms  0.30%   348μs   3.31KiB  0.03%    2.60B
 seupd              1.30k    370ms  0.24%   283μs   20.4KiB  0.21%    16.0B
 residual           1.30k    352ms  0.23%   270μs     0.00B  0.00%    0.00B
 linesearch 4       5.58k    269ms  0.18%  48.2μs     0.00B  0.00%    0.00B
 reshape1           1.30k    115ms  0.08%  88.0μs     0.00B  0.00%    0.00B
 reshape2           1.30k    109ms  0.07%  83.8μs     0.00B  0.00%    0.00B
 linesearch -1      1.30k    106ms  0.07%  81.0μs     0.00B  0.00%    0.00B
 linesearch 3       5.58k   95.4ms  0.06%  17.1μs     0.00B  0.00%    0.00B
 gap                1.30k   23.2ms  0.02%  17.8μs     0.00B  0.00%    0.00B
 linesearch 1       5.58k   12.3ms  0.01%  2.20μs     0.00B  0.00%    0.00B
 linesearch 2       5.58k   11.8ms  0.01%  2.11μs     0.00B  0.00%    0.00B
 Init                   1   4.60ms  0.00%  4.60ms   2.26MiB  23.6%  2.26MiB
 normscale alloc        1   3.75ms  0.00%  3.75ms   1.82MiB  19.0%  1.82MiB
 get min eig        1.30k   2.09ms  0.00%  1.60μs     0.00B  0.00%    0.00B
 pre-processing         1   2.05ms  0.00%  2.05ms   1.04MiB  10.8%  1.04MiB
 update_arc         1.30k   1.90ms  0.00%  1.46μs   97.2KiB  0.99%    76.3B
 init_arc               1    244μs  0.00%   244μs    171KiB  1.74%   171KiB
 normscale              1    166μs  0.00%   166μs     0.00B  0.00%    0.00B
 equilibrate            1   3.43μs  0.00%  3.43μs     0.00B  0.00%    0.00B
 ──────────────────────────────────────────────────────────────────────────
Test Summary: | Pass  Total
SDPLIB Sizes  |    4      4
Test Summary:       | Pass  Total
Sensor Localization |    2      2
Test Summary: | Pass  Total
Full eig      |   15     15
---------------------------------------------------------------------------------------
=======================================================================================
                  ProxSDP : Proximal Semidefinite Programming Solver                   
                         (c) Mario Souto and Joaquim D. Garcia, 2019                   
                                                              v1.2.0                   
---------------------------------------------------------------------------------------
    Solver parameters:
       tol_primal = 0.0001 tol_dual = 0.0001 
       max_iter = 100000 max_beta = 100000.0 min_beta = 1.0e-5
    Constraints:
       2 linear equalities 
---------------------------------------------------------------------------------------
    Initializing Primal-Dual Hybrid Gradient method                                    
---------------------------------------------------------------------------------------
|  iter  | prim obj | rel. gap |  feasb.  | prim res | dual res | max rank |  time(s) |
---------------------------------------------------------------------------------------
|      1 |    0.000 |  0.00000 |  0.00000 |  0.00000 |  0.00000 |        0 |   0.0066 |
---------------------------------------------------------------------------------------
    Solver status:
       Optimal solution found in 0.01 seconds
       Primal objective = 0.0
       Dual objective = 0.0
       Duality gap (%) = 0.0 %
---------------------------------------------------------------------------------------
    Primal feasibility:
       ||A(X) - b|| / (1 + ||b||) = 0.0    [linear equalities] 
       ||max(G(X) - h, 0)|| / (1 + ||h||) = 0.0    [linear inequalities]
    Rank of p.s.d. variable is 0.
=======================================================================================
 ──────────────────────────────────────────────────────────────────────────────
                                       Time                   Allocations      
                               ──────────────────────   ───────────────────────
       Tot / % measured:           9.47ms / 100%            52.8KiB / 96.2%    

 Section               ncalls     time   %tot     avg     alloc   %tot      avg
 ──────────────────────────────────────────────────────────────────────────────
 Main                       1   9.42ms   100%  9.42ms   43.6KiB  85.9%  43.6KiB
   CP loop                  1    370μs  3.91%   370μs   11.2KiB  22.0%  11.2KiB
     linesearch             1   12.2μs  0.13%  12.2μs   3.31KiB  6.52%  3.31KiB
       linesearch 4         1   1.45μs  0.02%  1.45μs     0.00B  0.00%    0.00B
       linesearch 1         1    756ns  0.01%   756ns     0.00B  0.00%    0.00B
       linesearch 2         1    745ns  0.01%   745ns     0.00B  0.00%    0.00B
       linesearch 3         1    510ns  0.01%   510ns     0.00B  0.00%    0.00B
     primal                 1   4.32μs  0.05%  4.32μs      848B  1.63%     848B
       linesearch -1        1    730ns  0.01%   730ns     0.00B  0.00%    0.00B
     residual               1   3.23μs  0.03%  3.23μs     0.00B  0.00%    0.00B
     gap                    1   2.95μs  0.03%  2.95μs     0.00B  0.00%    0.00B
   Init                     1    141μs  1.49%   141μs   18.1KiB  35.6%  18.1KiB
     normscale alloc        1   32.6μs  0.34%  32.6μs   1.91KiB  3.75%  1.91KiB
     equilibrate            1   10.3μs  0.11%  10.3μs      928B  1.78%     928B
     normscale              1   1.73μs  0.02%  1.73μs     0.00B  0.00%    0.00B
 pre-processing             1   42.7μs  0.45%  42.7μs   7.16KiB  14.1%  7.16KiB
 ──────────────────────────────────────────────────────────────────────────────
 ──────────────────────────────────────────────────────────────────────────
                                   Time                   Allocations      
                           ──────────────────────   ───────────────────────
     Tot / % measured:         32.3ms / 29.3%            138KiB / 36.8%    

 Section           ncalls     time   %tot     avg     alloc   %tot      avg
 ──────────────────────────────────────────────────────────────────────────
 Main                   1   9.42ms   100%  9.42ms   43.6KiB  85.9%  43.6KiB
 CP loop                1    370μs  3.91%   370μs   11.2KiB  22.0%  11.2KiB
 Init                   1    141μs  1.49%   141μs   18.1KiB  35.6%  18.1KiB
 pre-processing         1   42.7μs  0.45%  42.7μs   7.16KiB  14.1%  7.16KiB
 normscale alloc        1   32.6μs  0.34%  32.6μs   1.91KiB  3.75%  1.91KiB
 linesearch             1   12.2μs  0.13%  12.2μs   3.31KiB  6.52%  3.31KiB
 equilibrate            1   10.3μs  0.11%  10.3μs      928B  1.78%     928B
 primal                 1   4.32μs  0.05%  4.32μs      848B  1.63%     848B
 residual               1   3.23μs  0.03%  3.23μs     0.00B  0.00%    0.00B
 gap                    1   2.95μs  0.03%  2.95μs     0.00B  0.00%    0.00B
 normscale              1   1.73μs  0.02%  1.73μs     0.00B  0.00%    0.00B
 linesearch 4           1   1.45μs  0.02%  1.45μs     0.00B  0.00%    0.00B
 linesearch 1           1    756ns  0.01%   756ns     0.00B  0.00%    0.00B
 linesearch 2           1    745ns  0.01%   745ns     0.00B  0.00%    0.00B
 linesearch -1          1    730ns  0.01%   730ns     0.00B  0.00%    0.00B
 linesearch 3           1    510ns  0.01%   510ns     0.00B  0.00%    0.00B
 ──────────────────────────────────────────────────────────────────────────
Test Summary: | Pass  Total
Print         |   12     12
Test Summary:        | Pass  Total
Unsupported argument |    1      1
Test Summary: | Pass  Total
MOI status    |    4      4
    Testing ProxSDP tests passed 
