Julia Version 1.5.2-pre.0
Commit c4acbf93fb (2020-08-26 10:58 UTC)
Platform Info:
  OS: Linux (x86_64-pc-linux-gnu)
  CPU: Intel(R) Xeon(R) Silver 4114 CPU @ 2.20GHz
  WORD_SIZE: 64
  LIBM: libopenlibm
  LLVM: libLLVM-9.0.1 (ORCJIT, skylake-avx512)
Environment:
  JULIA_DEPOT_PATH = ::/usr/local/share/julia
  JULIA_NUM_THREADS = 2

  Resolving package versions...
  Installed Requires ───────────────────── v1.0.1
  Installed OrderedCollections ─────────── v1.3.0
  Installed CommonSubexpressions ───────── v0.3.0
  Installed BinaryProvider ─────────────── v0.5.10
  Installed Zygote ─────────────────────── v0.4.20
  Installed ChainRulesCore ─────────────── v0.9.6
  Installed Flux ───────────────────────── v0.8.3
  Installed Missings ───────────────────── v0.4.3
  Installed CodecZlib ──────────────────── v0.7.0
  Installed ZipFile ────────────────────── v0.9.2
  Installed MacroTools ─────────────────── v0.5.5
  Installed Compat ─────────────────────── v3.14.0
  Installed FixedPointNumbers ──────────── v0.8.4
  Installed ChainRules ─────────────────── v0.7.14
  Installed Zlib_jll ───────────────────── v1.2.11+15
  Installed TranscodingStreams ─────────── v0.9.5
  Installed Rmath ──────────────────────── v0.6.1
  Installed AbstractFFTs ───────────────── v0.5.0
  Installed ArrayLayouts ───────────────── v0.2.6
  Installed StatsFuns ──────────────────── v0.9.5
  Installed ColorTypes ─────────────────── v0.10.8
  Installed RecipesBase ────────────────── v1.0.2
  Installed NNlib ──────────────────────── v0.6.6
  Installed Jaynes ─────────────────────── v0.1.19
  Installed IRTools ────────────────────── v0.3.3
  Installed OpenSpecFun_jll ────────────── v0.5.3+3
  Installed IteratorInterfaceExtensions ── v1.0.0
  Installed QuadGK ─────────────────────── v2.4.1
  Installed SortingAlgorithms ──────────── v0.3.1
  Installed Tracker ────────────────────── v0.2.11
  Installed Reexport ───────────────────── v0.2.0
  Installed Media ──────────────────────── v0.5.0
  Installed StaticArrays ───────────────── v0.12.4
  Installed Trajectories ───────────────── v0.2.2
  Installed NaNMath ────────────────────── v0.3.4
  Installed PDMats ─────────────────────── v0.10.0
  Installed AbstractTrees ──────────────── v0.3.3
  Installed DataStructures ─────────────── v0.17.20
  Installed DataValueInterfaces ────────── v1.0.0
  Installed ForwardDiff ────────────────── v0.10.12
  Installed DiffRules ──────────────────── v1.0.1
  Installed MuladdMacro ────────────────── v0.2.2
  Installed Rmath_jll ──────────────────── v0.2.2+1
  Installed DataAPI ────────────────────── v1.3.0
  Installed FillArrays ─────────────────── v0.8.14
  Installed Adapt ──────────────────────── v2.0.2
  Installed Tables ─────────────────────── v1.0.5
  Installed CompilerSupportLibraries_jll ─ v0.3.3+0
  Installed ZygoteRules ────────────────── v0.2.0
  Installed Juno ───────────────────────── v0.8.3
  Installed SpecialFunctions ───────────── v0.10.3
  Installed DiffResults ────────────────── v1.0.2
  Installed StatsBase ──────────────────── v0.33.0
  Installed TableTraits ────────────────── v1.0.0
  Installed DistributionsAD ────────────── v0.6.4
  Installed Colors ─────────────────────── v0.12.4
  Installed Distributions ──────────────── v0.23.8
  Installed ZigZagBoomerang ────────────── v0.5.3
Updating `~/.julia/environments/v1.5/Project.toml`
  [a2015381] + Jaynes v0.1.19
Updating `~/.julia/environments/v1.5/Manifest.toml`
  [621f4979] + AbstractFFTs v0.5.0
  [1520ce14] + AbstractTrees v0.3.3
  [79e6a3ab] + Adapt v2.0.2
  [4c555306] + ArrayLayouts v0.2.6
  [b99e7846] + BinaryProvider v0.5.10
  [082447d4] + ChainRules v0.7.14
  [d360d2e6] + ChainRulesCore v0.9.6
  [944b1d66] + CodecZlib v0.7.0
  [3da002f7] + ColorTypes v0.10.8
  [5ae59095] + Colors v0.12.4
  [bbf7d656] + CommonSubexpressions v0.3.0
  [34da2185] + Compat v3.14.0
  [e66e0078] + CompilerSupportLibraries_jll v0.3.3+0
  [9a962f9c] + DataAPI v1.3.0
  [864edb3b] + DataStructures v0.17.20
  [e2d170a0] + DataValueInterfaces v1.0.0
  [163ba53b] + DiffResults v1.0.2
  [b552c78f] + DiffRules v1.0.1
  [31c24e10] + Distributions v0.23.8
  [ced4e74d] + DistributionsAD v0.6.4
  [1a297f60] + FillArrays v0.8.14
  [53c48c17] + FixedPointNumbers v0.8.4
  [587475ba] + Flux v0.8.3
  [f6369f11] + ForwardDiff v0.10.12
  [7869d1d1] + IRTools v0.3.3
  [82899510] + IteratorInterfaceExtensions v1.0.0
  [a2015381] + Jaynes v0.1.19
  [e5e0dc1b] + Juno v0.8.3
  [1914dd2f] + MacroTools v0.5.5
  [e89f7d12] + Media v0.5.0
  [e1d29d7a] + Missings v0.4.3
  [46d2c3a1] + MuladdMacro v0.2.2
  [872c559c] + NNlib v0.6.6
  [77ba4419] + NaNMath v0.3.4
  [efe28fd5] + OpenSpecFun_jll v0.5.3+3
  [bac558e1] + OrderedCollections v1.3.0
  [90014a1f] + PDMats v0.10.0
  [1fd47b50] + QuadGK v2.4.1
  [3cdcf5f2] + RecipesBase v1.0.2
  [189a3867] + Reexport v0.2.0
  [ae029012] + Requires v1.0.1
  [79098fc4] + Rmath v0.6.1
  [f50d1b31] + Rmath_jll v0.2.2+1
  [a2af1166] + SortingAlgorithms v0.3.1
  [276daf66] + SpecialFunctions v0.10.3
  [90137ffa] + StaticArrays v0.12.4
  [2913bbd2] + StatsBase v0.33.0
  [4c63d2b9] + StatsFuns v0.9.5
  [3783bdb8] + TableTraits v1.0.0
  [bd369af6] + Tables v1.0.5
  [9f7883ad] + Tracker v0.2.11
  [2c80a279] + Trajectories v0.2.2
  [3bb67fe8] + TranscodingStreams v0.9.5
  [36347407] + ZigZagBoomerang v0.5.3
  [a5390f91] + ZipFile v0.9.2
  [83775a58] + Zlib_jll v1.2.11+15
  [e88e6eb3] + Zygote v0.4.20
  [700de1a5] + ZygoteRules v0.2.0
  [2a0f44e3] + Base64
  [ade2ca70] + Dates
  [8bb1440f] + DelimitedFiles
  [8ba89e20] + Distributed
  [9fa8497b] + Future
  [b77e0a4c] + InteractiveUtils
  [76f85450] + LibGit2
  [8f399da3] + Libdl
  [37e2e46d] + LinearAlgebra
  [56ddb016] + Logging
  [d6f4376e] + Markdown
  [a63ad114] + Mmap
  [44cfe95a] + Pkg
  [de0858da] + Printf
  [9abbd945] + Profile
  [3fa0cd96] + REPL
  [9a3f8284] + Random
  [ea8e919c] + SHA
  [9e88b42a] + Serialization
  [1a1011a3] + SharedArrays
  [6462fe0b] + Sockets
  [2f01184e] + SparseArrays
  [10745b16] + Statistics
  [4607b0f0] + SuiteSparse
  [8dfed614] + Test
  [cf7118a7] + UUIDs
  [4ec0a83e] + Unicode
   Building NNlib → `~/.julia/packages/NNlib/FAI3o/deps/build.log`
    Testing Jaynes
Status `/tmp/jl_b2qq4c/Project.toml`
  [31c24e10] Distributions v0.23.8
  [ced4e74d] DistributionsAD v0.6.4
  [587475ba] Flux v0.8.3
  [7869d1d1] IRTools v0.3.3
  [a2015381] Jaynes v0.1.19
  [1914dd2f] MacroTools v0.5.5
  [189a3867] Reexport v0.2.0
  [36347407] ZigZagBoomerang v0.5.3
  [e88e6eb3] Zygote v0.4.20
  [37e2e46d] LinearAlgebra
  [2f01184e] SparseArrays
  [8dfed614] Test
Status `/tmp/jl_b2qq4c/Manifest.toml`
  [621f4979] AbstractFFTs v0.5.0
  [1520ce14] AbstractTrees v0.3.3
  [79e6a3ab] Adapt v2.0.2
  [4c555306] ArrayLayouts v0.2.6
  [b99e7846] BinaryProvider v0.5.10
  [082447d4] ChainRules v0.7.14
  [d360d2e6] ChainRulesCore v0.9.6
  [944b1d66] CodecZlib v0.7.0
  [3da002f7] ColorTypes v0.10.8
  [5ae59095] Colors v0.12.4
  [bbf7d656] CommonSubexpressions v0.3.0
  [34da2185] Compat v3.14.0
  [e66e0078] CompilerSupportLibraries_jll v0.3.3+0
  [9a962f9c] DataAPI v1.3.0
  [864edb3b] DataStructures v0.17.20
  [e2d170a0] DataValueInterfaces v1.0.0
  [163ba53b] DiffResults v1.0.2
  [b552c78f] DiffRules v1.0.1
  [31c24e10] Distributions v0.23.8
  [ced4e74d] DistributionsAD v0.6.4
  [1a297f60] FillArrays v0.8.14
  [53c48c17] FixedPointNumbers v0.8.4
  [587475ba] Flux v0.8.3
  [f6369f11] ForwardDiff v0.10.12
  [7869d1d1] IRTools v0.3.3
  [82899510] IteratorInterfaceExtensions v1.0.0
  [a2015381] Jaynes v0.1.19
  [e5e0dc1b] Juno v0.8.3
  [1914dd2f] MacroTools v0.5.5
  [e89f7d12] Media v0.5.0
  [e1d29d7a] Missings v0.4.3
  [46d2c3a1] MuladdMacro v0.2.2
  [872c559c] NNlib v0.6.6
  [77ba4419] NaNMath v0.3.4
  [efe28fd5] OpenSpecFun_jll v0.5.3+3
  [bac558e1] OrderedCollections v1.3.0
  [90014a1f] PDMats v0.10.0
  [1fd47b50] QuadGK v2.4.1
  [3cdcf5f2] RecipesBase v1.0.2
  [189a3867] Reexport v0.2.0
  [ae029012] Requires v1.0.1
  [79098fc4] Rmath v0.6.1
  [f50d1b31] Rmath_jll v0.2.2+1
  [a2af1166] SortingAlgorithms v0.3.1
  [276daf66] SpecialFunctions v0.10.3
  [90137ffa] StaticArrays v0.12.4
  [2913bbd2] StatsBase v0.33.0
  [4c63d2b9] StatsFuns v0.9.5
  [3783bdb8] TableTraits v1.0.0
  [bd369af6] Tables v1.0.5
  [9f7883ad] Tracker v0.2.11
  [2c80a279] Trajectories v0.2.2
  [3bb67fe8] TranscodingStreams v0.9.5
  [36347407] ZigZagBoomerang v0.5.3
  [a5390f91] ZipFile v0.9.2
  [83775a58] Zlib_jll v1.2.11+15
  [e88e6eb3] Zygote v0.4.20
  [700de1a5] ZygoteRules v0.2.0
  [2a0f44e3] Base64
  [ade2ca70] Dates
  [8bb1440f] DelimitedFiles
  [8ba89e20] Distributed
  [9fa8497b] Future
  [b77e0a4c] InteractiveUtils
  [76f85450] LibGit2
  [8f399da3] Libdl
  [37e2e46d] LinearAlgebra
  [56ddb016] Logging
  [d6f4376e] Markdown
  [a63ad114] Mmap
  [44cfe95a] Pkg
  [de0858da] Printf
  [9abbd945] Profile
  [3fa0cd96] REPL
  [9a3f8284] Random
  [ea8e919c] SHA
  [9e88b42a] Serialization
  [1a1011a3] SharedArrays
  [6462fe0b] Sockets
  [2f01184e] SparseArrays
  [10745b16] Statistics
  [4607b0f0] SuiteSparse
  [8dfed614] Test
  [cf7118a7] UUIDs
  [4ec0a83e] Unicode
WARNING: could not import Compiler.just_construct_ssa into Wrap
WARNING: using LinearAlgebra.reflect! in module ZigZagBoomerang conflicts with an existing identifier.

________________________

Execution contexts.
 26.896248 seconds (21.74 M allocations: 1.104 GiB, 3.10% gc time)
Vectorized interfaces.
  7.952415 seconds (6.09 M allocations: 318.624 MiB, 2.69% gc time)
Black-box extensions.
  2.422690 seconds (1.37 M allocations: 72.209 MiB, 2.50% gc time)
Selection query language.
  2.354654 seconds (2.08 M allocations: 109.265 MiB, 1.69% gc time)
Gradient learning.
128.460844 seconds (229.93 M allocations: 9.861 GiB, 3.98% gc time)

Test Summary: | Pass  Total
Core          |   77     77

________________________

Importance sampling.
  1.371587 seconds (841.25 k allocations: 43.199 MiB)
Particle filtering.
 24.570963 seconds (65.24 M allocations: 5.060 GiB, 43.48% gc time)
Metropolis-Hastings.
  0.483369 seconds (300.38 k allocations: 15.837 MiB)

Test Summary: | Pass  Total
Inference     |   23     23

________________________

Bayesian linear regression.
244.417650 seconds (491.49 M allocations: 18.174 GiB, 8.23% gc time)
Test Summary: | Pass  Total
Smoke tests.  |    5      5
    Testing Jaynes tests passed 
