Julia Version 1.5.2-pre.25
Commit be8475f41a (2020-09-09 06:41 UTC)
Platform Info:
  OS: Linux (x86_64-linux-gnu)
  CPU: Intel(R) Xeon(R) Silver 4114 CPU @ 2.20GHz
  WORD_SIZE: 64
  LIBM: libopenlibm
  LLVM: libLLVM-9.0.1 (ORCJIT, skylake-avx512)
Environment:
  JULIA_DEPOT_PATH = ::/usr/local/share/julia
  JULIA_NUM_THREADS = 2

  Resolving package versions...
  Installed PooledArrays ──────────────── v0.5.3
  Installed DataValueInterfaces ───────── v1.0.0
  Installed SortingAlgorithms ─────────── v0.3.1
  Installed DataAPI ───────────────────── v1.3.0
  Installed MbedTLS ───────────────────── v1.0.2
  Installed HTTP ──────────────────────── v0.8.17
  Installed DataFrames ────────────────── v0.20.0
  Installed Parsers ───────────────────── v1.0.10
  Installed Compat ────────────────────── v3.15.0
  Installed TableTraits ───────────────── v1.0.0
  Installed InvertedIndices ───────────── v1.0.0
  Installed IteratorInterfaceExtensions ─ v1.0.0
  Installed Missings ──────────────────── v0.4.4
  Installed TimeSeries ────────────────── v0.16.1
  Installed OrderedCollections ────────── v1.3.0
  Installed JSON ──────────────────────── v0.21.1
  Installed Tables ────────────────────── v0.2.11
  Installed CategoricalArrays ─────────── v0.7.7
  Installed RecipesBase ───────────────── v0.7.0
  Installed MbedTLS_jll ───────────────── v2.16.8+0
  Installed Reexport ──────────────────── v0.2.0
  Installed IniFile ───────────────────── v0.5.0
  Installed DataStructures ────────────── v0.18.4
    Cloning [71b753c1-733f-4418-b8b2-c1bb484780f7] YahooFinance from https://github.com/markushhh/YahooFinance.jl.git
[?25lUsername for 'https://github.com': [2K[?25hERROR: failed to clone from https://github.com/markushhh/YahooFinance.jl.git, error: GitError(Code:EUSER, Class:Callback, Aborting, user cancelled credential request.)
Stacktrace:
 [1] pkgerror(::String) at /workspace/srcdir/usr/share/julia/stdlib/v1.5/Pkg/src/Types.jl:52
 [2] clone(::Pkg.Types.Context, ::String, ::String; header::String, credentials::Nothing, kwargs::Base.Iterators.Pairs{Symbol,Bool,Tuple{Symbol},NamedTuple{(:isbare,),Tuple{Bool}}}) at /workspace/srcdir/usr/share/julia/stdlib/v1.5/Pkg/src/GitTools.jl:153
 [3] #ensure_clone#3 at /workspace/srcdir/usr/share/julia/stdlib/v1.5/Pkg/src/GitTools.jl:112 [inlined]
 [4] install_git(::Pkg.Types.Context, ::Base.UUID, ::String, ::Base.SHA1, ::Array{String,1}, ::VersionNumber, ::String) at /workspace/srcdir/usr/share/julia/stdlib/v1.5/Pkg/src/Operations.jl:609
 [5] download_source(::Pkg.Types.Context, ::Array{Pkg.Types.PackageSpec,1}, ::Dict{Base.UUID,Array{String,1}}; readonly::Bool) at /workspace/srcdir/usr/share/julia/stdlib/v1.5/Pkg/src/Operations.jl:768
 [6] #download_source#54 at /workspace/srcdir/usr/share/julia/stdlib/v1.5/Pkg/src/Operations.jl:687 [inlined]
 [7] download_source at /workspace/srcdir/usr/share/julia/stdlib/v1.5/Pkg/src/Operations.jl:685 [inlined]
 [8] add(::Pkg.Types.Context, ::Array{Pkg.Types.PackageSpec,1}, ::Array{Base.UUID,1}; preserve::Pkg.Types.PreserveLevel, platform::Pkg.BinaryPlatforms.Linux) at /workspace/srcdir/usr/share/julia/stdlib/v1.5/Pkg/src/Operations.jl:1137
 [9] add(::Pkg.Types.Context, ::Array{Pkg.Types.PackageSpec,1}; preserve::Pkg.Types.PreserveLevel, platform::Pkg.BinaryPlatforms.Linux, kwargs::Base.Iterators.Pairs{Union{},Union{},Tuple{},NamedTuple{(),Tuple{}}}) at /workspace/srcdir/usr/share/julia/stdlib/v1.5/Pkg/src/API.jl:189
 [10] add(::Pkg.Types.Context, ::Array{Pkg.Types.PackageSpec,1}) at /workspace/srcdir/usr/share/julia/stdlib/v1.5/Pkg/src/API.jl:140
 [11] #add#21 at /workspace/srcdir/usr/share/julia/stdlib/v1.5/Pkg/src/API.jl:67 [inlined]
 [12] add at /workspace/srcdir/usr/share/julia/stdlib/v1.5/Pkg/src/API.jl:67 [inlined]
 [13] #add#20 at /workspace/srcdir/usr/share/julia/stdlib/v1.5/Pkg/src/API.jl:66 [inlined]
 [14] add at /workspace/srcdir/usr/share/julia/stdlib/v1.5/Pkg/src/API.jl:66 [inlined]
 [15] add(::String; kwargs::Base.Iterators.Pairs{Union{},Union{},Tuple{},NamedTuple{(),Tuple{}}}) at /workspace/srcdir/usr/share/julia/stdlib/v1.5/Pkg/src/API.jl:65
 [16] add(::String) at /workspace/srcdir/usr/share/julia/stdlib/v1.5/Pkg/src/API.jl:65
 [17] top-level scope at none:18
caused by [exception 1]
GitError(Code:EUSER, Class:Callback, Aborting, user cancelled credential request.)
Stacktrace:
 [1] macro expansion at /workspace/srcdir/usr/share/julia/stdlib/v1.5/LibGit2/src/error.jl:106 [inlined]
 [2] clone(::SubString{String}, ::String, ::LibGit2.CloneOptions) at /workspace/srcdir/usr/share/julia/stdlib/v1.5/LibGit2/src/repository.jl:459
 [3] clone(::SubString{String}, ::String; branch::String, isbare::Bool, remote_cb::Ptr{Nothing}, credentials::LibGit2.CachedCredentials, callbacks::Dict{Symbol,Tuple{Ptr{Nothing},Any}}) at /workspace/srcdir/usr/share/julia/stdlib/v1.5/LibGit2/src/LibGit2.jl:580
 [4] clone(::Pkg.Types.Context, ::String, ::String; header::String, credentials::Nothing, kwargs::Base.Iterators.Pairs{Symbol,Bool,Tuple{Symbol},NamedTuple{(:isbare,),Tuple{Bool}}}) at /workspace/srcdir/usr/share/julia/stdlib/v1.5/Pkg/src/GitTools.jl:143
 [5] #ensure_clone#3 at /workspace/srcdir/usr/share/julia/stdlib/v1.5/Pkg/src/GitTools.jl:112 [inlined]
 [6] install_git(::Pkg.Types.Context, ::Base.UUID, ::String, ::Base.SHA1, ::Array{String,1}, ::VersionNumber, ::String) at /workspace/srcdir/usr/share/julia/stdlib/v1.5/Pkg/src/Operations.jl:609
 [7] download_source(::Pkg.Types.Context, ::Array{Pkg.Types.PackageSpec,1}, ::Dict{Base.UUID,Array{String,1}}; readonly::Bool) at /workspace/srcdir/usr/share/julia/stdlib/v1.5/Pkg/src/Operations.jl:768
 [8] #download_source#54 at /workspace/srcdir/usr/share/julia/stdlib/v1.5/Pkg/src/Operations.jl:687 [inlined]
 [9] download_source at /workspace/srcdir/usr/share/julia/stdlib/v1.5/Pkg/src/Operations.jl:685 [inlined]
 [10] add(::Pkg.Types.Context, ::Array{Pkg.Types.PackageSpec,1}, ::Array{Base.UUID,1}; preserve::Pkg.Types.PreserveLevel, platform::Pkg.BinaryPlatforms.Linux) at /workspace/srcdir/usr/share/julia/stdlib/v1.5/Pkg/src/Operations.jl:1137
 [11] add(::Pkg.Types.Context, ::Array{Pkg.Types.PackageSpec,1}; preserve::Pkg.Types.PreserveLevel, platform::Pkg.BinaryPlatforms.Linux, kwargs::Base.Iterators.Pairs{Union{},Union{},Tuple{},NamedTuple{(),Tuple{}}}) at /workspace/srcdir/usr/share/julia/stdlib/v1.5/Pkg/src/API.jl:189
 [12] add(::Pkg.Types.Context, ::Array{Pkg.Types.PackageSpec,1}) at /workspace/srcdir/usr/share/julia/stdlib/v1.5/Pkg/src/API.jl:140
 [13] #add#21 at /workspace/srcdir/usr/share/julia/stdlib/v1.5/Pkg/src/API.jl:67 [inlined]
 [14] add at /workspace/srcdir/usr/share/julia/stdlib/v1.5/Pkg/src/API.jl:67 [inlined]
 [15] #add#20 at /workspace/srcdir/usr/share/julia/stdlib/v1.5/Pkg/src/API.jl:66 [inlined]
 [16] add at /workspace/srcdir/usr/share/julia/stdlib/v1.5/Pkg/src/API.jl:66 [inlined]
 [17] add(::String; kwargs::Base.Iterators.Pairs{Union{},Union{},Tuple{},NamedTuple{(),Tuple{}}}) at /workspace/srcdir/usr/share/julia/stdlib/v1.5/Pkg/src/API.jl:65
 [18] add(::String) at /workspace/srcdir/usr/share/julia/stdlib/v1.5/Pkg/src/API.jl:65
 [19] top-level scope at none:18
