Julia Version 1.4.2-pre.0
Commit ef4fe83698 (2020-04-15 16:24 UTC)
Platform Info:
  OS: Linux (x86_64-linux-gnu)
  CPU: Intel(R) Xeon(R) Silver 4114 CPU @ 2.20GHz
  WORD_SIZE: 64
  LIBM: libopenlibm
  LLVM: libLLVM-8.0.1 (ORCJIT, skylake)
Environment:
  JULIA_DEPOT_PATH = ::/usr/local/share/julia
  JULIA_NUM_THREADS = 2

  Resolving package versions...
  Installed Cthulhu ──────────── v1.0.2
  Installed CEnum ────────────── v0.3.0
  Installed CodeTracking ─────── v0.5.11
  Installed TimerOutputs ─────── v0.5.5
  Installed OrderedCollections ─ v1.2.0
  Installed GPUCompiler ──────── v0.2.0
  Installed DataStructures ───── v0.17.15
  Installed LLVM ─────────────── v1.4.1
   Updating `~/.julia/environments/v1.4/Project.toml`
  [61eb1bfa] + GPUCompiler v0.2.0
   Updating `~/.julia/environments/v1.4/Manifest.toml`
  [fa961155] + CEnum v0.3.0
  [da1fd8a2] + CodeTracking v0.5.11
  [f68482b8] + Cthulhu v1.0.2
  [864edb3b] + DataStructures v0.17.15
  [61eb1bfa] + GPUCompiler v0.2.0
  [929cbde3] + LLVM v1.4.1
  [bac558e1] + OrderedCollections v1.2.0
  [a759f4b9] + TimerOutputs v0.5.5
  [2a0f44e3] + Base64 
  [b77e0a4c] + InteractiveUtils 
  [8f399da3] + Libdl 
  [d6f4376e] + Markdown 
  [de0858da] + Printf 
  [3fa0cd96] + REPL 
  [9a3f8284] + Random 
  [ea8e919c] + SHA 
  [9e88b42a] + Serialization 
  [6462fe0b] + Sockets 
  [cf7118a7] + UUIDs 
  [4ec0a83e] + Unicode 
    Testing GPUCompiler
Status `/tmp/jl_aHjVm3/Manifest.toml`
  [fa961155] CEnum v0.3.0
  [da1fd8a2] CodeTracking v0.5.11
  [f68482b8] Cthulhu v1.0.2
  [864edb3b] DataStructures v0.17.15
  [61eb1bfa] GPUCompiler v0.2.0
  [929cbde3] LLVM v1.4.1
  [86de99a1] LLVM_jll v8.0.1+0
  [bac558e1] OrderedCollections v1.2.0
  [a759f4b9] TimerOutputs v0.5.5
  [2a0f44e3] Base64 
  [ade2ca70] Dates 
  [8ba89e20] Distributed 
  [b77e0a4c] InteractiveUtils 
  [76f85450] LibGit2 
  [8f399da3] Libdl 
  [56ddb016] Logging 
  [d6f4376e] Markdown 
  [44cfe95a] Pkg 
  [de0858da] Printf 
  [3fa0cd96] REPL 
  [9a3f8284] Random 
  [ea8e919c] SHA 
  [9e88b42a] Serialization 
  [6462fe0b] Sockets 
  [8dfed614] Test 
  [cf7118a7] UUIDs 
  [4ec0a83e] Unicode 
 ──────────────────────────────────────────────────────────────────────────────
                                       Time                   Allocations      
                               ──────────────────────   ───────────────────────
       Tot / % measured:            39.9s / 29.2%           1.48GiB / 33.4%    

 Section               ncalls     time   %tot     avg     alloc   %tot      avg
 ──────────────────────────────────────────────────────────────────────────────
 LLVM middle-end          110    8.82s  75.7%  80.2ms    403MiB  79.7%  3.66MiB
   IR generation          110    7.65s  65.7%  69.6ms    373MiB  73.8%  3.39MiB
     rewrite              110    3.68s  31.6%  33.4ms    158MiB  31.2%  1.44MiB
       lower throw        110    935ms  8.03%  8.50ms   42.8MiB  8.45%   398KiB
       hide unreach...     89   90.4ms  0.78%  1.02ms   1.14MiB  0.22%  13.1KiB
         predecessors      89   78.2ms  0.67%   878μs   0.99MiB  0.20%  11.4KiB
         find              89   9.94ms  0.09%   112μs   11.8KiB  0.00%     136B
         replace           89   1.45ms  0.01%  16.3μs   3.52KiB  0.00%    40.4B
       hide trap           56   4.75ms  0.04%  84.7μs   39.5KiB  0.01%     723B
     emission             110    3.42s  29.3%  31.1ms    200MiB  39.5%  1.81MiB
       linking            110   13.0ms  0.11%   118μs    129KiB  0.02%  1.17KiB
     clean-up             110   1.81ms  0.02%  16.4μs   83.0KiB  0.02%     773B
   optimization           106    1.12s  9.58%  10.5ms   29.6MiB  5.85%   286KiB
   runtime library         21   50.8ms  0.44%  2.42ms   25.7KiB  0.00%  1.22KiB
   target libraries        52   45.4μs  0.00%   872ns     0.00B  0.00%    0.00B
 validation               123    2.51s  21.5%  20.4ms   97.8MiB  19.3%   814KiB
 LLVM back-end             22    255ms  2.19%  11.6ms   4.84MiB  0.96%   225KiB
   preparation             22    176ms  1.51%  7.98ms   4.79MiB  0.95%   223KiB
   machine-code gen...     22   78.9ms  0.68%  3.58ms   47.6KiB  0.01%  2.16KiB
 Julia front-end          111   64.2ms  0.55%   578μs   80.6KiB  0.02%     744B
 strip debug info          22    156μs  0.00%  7.09μs     0.00B  0.00%    0.00B
 ──────────────────────────────────────────────────────────────────────────────
Test Summary: | Pass  Total
GPUCompiler   |   73     73
-- Testing: 1 tests, 1 threads --
PASS: GPUCompiler :: codegen/native.jl (1 of 1)
Script:
--
: 'RUN: at line 1';   julia --startup-file=no -L ../definitions/native.jl /home/pkgeval/.julia/packages/GPUCompiler/bwcs0/test/codegen/native.jl | /home/pkgeval/.julia/artifacts/24cf82e3b0e1edd69d7399a3912c9dcd5ba0f55d/tools/FileCheck /home/pkgeval/.julia/packages/GPUCompiler/bwcs0/test/codegen/native.jl
--
Exit Code: 0


********************
Testing Time: 14.74s
  Expected Passes    : 1
    Testing GPUCompiler tests passed 
