Julia Version 1.4.0
Commit b8e9a9ecc6 (2020-03-21 16:36 UTC)
Platform Info:
  OS: Linux (x86_64-linux-gnu)
  CPU: Intel(R) Xeon(R) Silver 4114 CPU @ 2.20GHz
  WORD_SIZE: 64
  LIBM: libopenlibm
  LLVM: libLLVM-8.0.1 (ORCJIT, skylake)
Environment:
  JULIA_DEPOT_PATH = ::/usr/local/share/julia
  JULIA_NUM_THREADS = 2

  Resolving package versions...
  Installed HierarchicalMatrices ─ v0.2.0
   Updating `~/.julia/environments/v1.4/Project.toml`
  [7c893195] + HierarchicalMatrices v0.2.0
   Updating `~/.julia/environments/v1.4/Manifest.toml`
  [7c893195] + HierarchicalMatrices v0.2.0
  [8f399da3] + Libdl 
  [37e2e46d] + LinearAlgebra 
    Testing HierarchicalMatrices
Status `/tmp/jl_duTrsF/Manifest.toml`
  [7c893195] HierarchicalMatrices v0.2.0
  [2a0f44e3] Base64 
  [8ba89e20] Distributed 
  [b77e0a4c] InteractiveUtils 
  [8f399da3] Libdl 
  [37e2e46d] LinearAlgebra 
  [56ddb016] Logging 
  [d6f4376e] Markdown 
  [9a3f8284] Random 
  [9e88b42a] Serialization 
  [6462fe0b] Sockets 
  [8dfed614] Test 

cauchykernel matrix construction at N = 1000

  0.571796 seconds (241.51 k allocations: 15.569 MiB, 3.29% gc time)
  0.006950 seconds (2.02 k allocations: 4.166 MiB)
  0.035707 seconds (504 allocations: 7.657 MiB)
  0.007336 seconds (2 allocations: 7.629 MiB)

cauchykernel matrix-vector multiplication at N = 1000

  0.192493 seconds (44.68 k allocations: 2.308 MiB)
  0.001570 seconds (2 allocations: 7.953 KiB)
  0.007403 seconds (1 allocation: 7.938 KiB)
  0.018812 seconds (1 allocation: 7.938 KiB)

2-norm relative error: 2.818697389162418e-16


cauchykernel matrix construction at N = 10000

  0.125004 seconds (16.61 k allocations: 68.576 MiB, 9.72% gc time)
  0.085631 seconds (16.61 k allocations: 68.576 MiB, 9.31% gc time)
  0.756002 seconds (2 allocations: 762.940 MiB, 3.97% gc time)
  0.932253 seconds (2 allocations: 762.940 MiB, 23.25% gc time)

cauchykernel matrix-vector multiplication at N = 10000

  0.026046 seconds (507 allocations: 86.094 KiB)
  0.027068 seconds (507 allocations: 86.094 KiB)
  0.115053 seconds (2 allocations: 78.203 KiB)
  0.122268 seconds (2 allocations: 78.203 KiB)

2-norm relative error: 1.946991273791118e-15


coulombkernel matrix construction at N = 1000

  0.502329 seconds (11.19 k allocations: 4.573 MiB)
  0.007205 seconds (2.02 k allocations: 4.166 MiB)
  0.042691 seconds (15.62 k allocations: 8.337 MiB)
  0.007636 seconds (2 allocations: 7.629 MiB)

coulombkernel matrix-vector multiplication at N = 1000

  0.001700 seconds (2 allocations: 7.953 KiB)
  0.001655 seconds (2 allocations: 7.953 KiB)
  0.007241 seconds (1 allocation: 7.938 KiB)
  0.000552 seconds (1 allocation: 7.938 KiB)

2-norm relative error: 2.5806181678850466e-15


coulombkernel matrix construction at N = 10000

  0.371361 seconds (16.61 k allocations: 68.576 MiB, 71.18% gc time)
  0.100429 seconds (16.61 k allocations: 68.576 MiB)
  0.750006 seconds (2 allocations: 762.940 MiB, 0.65% gc time)
  0.828108 seconds (2 allocations: 762.940 MiB, 11.13% gc time)

coulombkernel matrix-vector multiplication at N = 10000

  0.026356 seconds (507 allocations: 86.094 KiB)
  0.025797 seconds (507 allocations: 86.094 KiB)
  0.054063 seconds (2 allocations: 78.203 KiB)
  0.085868 seconds (2 allocations: 78.203 KiB)

2-norm relative error: 3.488392104543743e-15


coulombprimekernel matrix construction at N = 1000

  0.574467 seconds (241.48 k allocations: 15.495 MiB)
  0.004723 seconds (2.02 k allocations: 4.166 MiB)
  0.049322 seconds (15.69 k allocations: 8.339 MiB)
  0.007651 seconds (2 allocations: 7.629 MiB)

coulombprimekernel matrix-vector multiplication at N = 1000

  0.001675 seconds (2 allocations: 7.953 KiB)
  0.001606 seconds (2 allocations: 7.953 KiB)
  0.000876 seconds (1 allocation: 7.938 KiB)
  0.000392 seconds (1 allocation: 7.938 KiB)

2-norm relative error: 3.7580544188760607e-16


coulombprimekernel matrix construction at N = 10000

  0.162522 seconds (16.61 k allocations: 68.576 MiB)
  0.129203 seconds (16.61 k allocations: 68.576 MiB)
  0.902484 seconds (2 allocations: 762.940 MiB, 15.48% gc time)
  0.910022 seconds (2 allocations: 762.940 MiB, 21.68% gc time)

coulombprimekernel matrix-vector multiplication at N = 10000

  0.059711 seconds (507 allocations: 86.094 KiB)
  0.027549 seconds (507 allocations: 86.094 KiB)
  0.046106 seconds (2 allocations: 78.203 KiB)
  0.095883 seconds (2 allocations: 78.203 KiB)

2-norm relative error: 1.539925165448831e-16


logkernel matrix construction at N = 1000

  0.505760 seconds (239.41 k allocations: 15.398 MiB)
  0.006558 seconds (2.02 k allocations: 4.166 MiB)
  0.035124 seconds (15.60 k allocations: 8.336 MiB)
  0.012987 seconds (2 allocations: 7.629 MiB)

logkernel matrix-vector multiplication at N = 1000

  0.001235 seconds (2 allocations: 7.953 KiB)
  0.001193 seconds (2 allocations: 7.953 KiB)
  0.000480 seconds (1 allocation: 7.938 KiB)
  0.000393 seconds (1 allocation: 7.938 KiB)

2-norm relative error: 9.02622392890849e-16


logkernel matrix construction at N = 10000

  0.241011 seconds (16.61 k allocations: 68.576 MiB)
  0.148843 seconds (16.61 k allocations: 68.576 MiB)
  2.309714 seconds (2 allocations: 762.940 MiB, 7.06% gc time)
  2.284349 seconds (2 allocations: 762.940 MiB, 3.74% gc time)

logkernel matrix-vector multiplication at N = 10000

  0.029766 seconds (507 allocations: 86.094 KiB)
  0.026500 seconds (507 allocations: 86.094 KiB)
  0.174147 seconds (2 allocations: 78.203 KiB)
  0.082933 seconds (2 allocations: 78.203 KiB)

2-norm relative error: 1.842137421642231e-15



cauchykernel matrix construction at N = 1000

  0.004679 seconds (1.73 k allocations: 4.149 MiB)
  0.004734 seconds (1.73 k allocations: 4.149 MiB)
  0.007227 seconds (2 allocations: 7.629 MiB)
  0.007253 seconds (2 allocations: 7.629 MiB)

cauchykernel matrix-vector multiplication at N = 1000

  0.001570 seconds (5 allocations: 8.000 KiB)
  0.001551 seconds (5 allocations: 8.000 KiB)
  0.001492 seconds (1 allocation: 7.938 KiB)
  0.001891 seconds (1 allocation: 7.938 KiB)

2-norm relative error: 1.5215142224315163e-16


cauchykernel matrix construction at N = 10000

  0.159095 seconds (16.70 k allocations: 70.265 MiB)
  0.095458 seconds (16.70 k allocations: 70.265 MiB)
  0.855195 seconds (2 allocations: 762.940 MiB, 11.18% gc time)
  0.806639 seconds (2 allocations: 762.940 MiB, 10.68% gc time)

cauchykernel matrix-vector multiplication at N = 10000

  0.027691 seconds (513 allocations: 86.188 KiB)
  0.026240 seconds (513 allocations: 86.188 KiB)
  0.061085 seconds (2 allocations: 78.203 KiB)
  0.099956 seconds (2 allocations: 78.203 KiB)

2-norm relative error: 2.011273946913695e-16


coulombkernel matrix construction at N = 1000

  0.005899 seconds (1.73 k allocations: 4.149 MiB)
  0.005848 seconds (1.73 k allocations: 4.149 MiB)
  0.002032 seconds (2 allocations: 7.629 MiB)
  0.007022 seconds (2 allocations: 7.629 MiB)

coulombkernel matrix-vector multiplication at N = 1000

  0.001558 seconds (5 allocations: 8.000 KiB)
  0.001515 seconds (5 allocations: 8.000 KiB)
  0.008490 seconds (1 allocation: 7.938 KiB)
  0.000520 seconds (1 allocation: 7.938 KiB)

2-norm relative error: 4.931238775119035e-17


coulombkernel matrix construction at N = 10000

  0.176654 seconds (16.70 k allocations: 70.265 MiB)
  0.084149 seconds (16.70 k allocations: 70.265 MiB)
  0.822406 seconds (2 allocations: 762.940 MiB, 11.17% gc time)
  0.847742 seconds (2 allocations: 762.940 MiB, 9.83% gc time)

coulombkernel matrix-vector multiplication at N = 10000

  0.029015 seconds (513 allocations: 86.188 KiB)
  0.026620 seconds (513 allocations: 86.188 KiB)
  0.095492 seconds (2 allocations: 78.203 KiB)
  0.045136 seconds (2 allocations: 78.203 KiB)

2-norm relative error: 1.1668519724777926e-16


coulombprimekernel matrix construction at N = 1000

  0.052222 seconds (1.73 k allocations: 4.149 MiB)
  0.010246 seconds (1.73 k allocations: 4.149 MiB)
  0.002391 seconds (2 allocations: 7.629 MiB)
  0.007817 seconds (2 allocations: 7.629 MiB)

coulombprimekernel matrix-vector multiplication at N = 1000

  0.001669 seconds (5 allocations: 8.000 KiB)
  0.001847 seconds (5 allocations: 8.000 KiB)
  0.000603 seconds (1 allocation: 7.938 KiB)
  0.000343 seconds (1 allocation: 7.938 KiB)

2-norm relative error: 1.5972003705583853e-17


coulombprimekernel matrix construction at N = 10000

  0.181749 seconds (16.70 k allocations: 70.265 MiB)
  0.076000 seconds (16.70 k allocations: 70.265 MiB)
  0.866447 seconds (2 allocations: 762.940 MiB, 10.17% gc time)
  0.855459 seconds (2 allocations: 762.940 MiB, 9.86% gc time)

coulombprimekernel matrix-vector multiplication at N = 10000

  0.026417 seconds (513 allocations: 86.188 KiB)
  0.026755 seconds (513 allocations: 86.188 KiB)
  0.053705 seconds (2 allocations: 78.203 KiB)
  0.102306 seconds (2 allocations: 78.203 KiB)

2-norm relative error: 1.4890223020946745e-16


logkernel matrix construction at N = 1000

  0.013489 seconds (1.73 k allocations: 4.149 MiB)
  0.013533 seconds (1.73 k allocations: 4.149 MiB)
  0.026471 seconds (2 allocations: 7.629 MiB)
  0.022416 seconds (2 allocations: 7.629 MiB)

logkernel matrix-vector multiplication at N = 1000

  0.001665 seconds (5 allocations: 8.000 KiB)
  0.001607 seconds (5 allocations: 8.000 KiB)
  0.000593 seconds (1 allocation: 7.938 KiB)
  0.000420 seconds (1 allocation: 7.938 KiB)

2-norm relative error: 4.2739292196631924e-15


logkernel matrix construction at N = 10000

  0.190665 seconds (16.70 k allocations: 70.265 MiB)
  0.113562 seconds (16.70 k allocations: 70.265 MiB)
  2.331021 seconds (2 allocations: 762.940 MiB, 3.87% gc time)
  2.343778 seconds (2 allocations: 762.940 MiB, 3.83% gc time)

logkernel matrix-vector multiplication at N = 10000

  0.058463 seconds (513 allocations: 86.188 KiB)
  0.024496 seconds (513 allocations: 86.188 KiB)
  0.031844 seconds (2 allocations: 78.203 KiB)
  0.096035 seconds (2 allocations: 78.203 KiB)

2-norm relative error: 1.7167877704261705e-15

    Testing HierarchicalMatrices tests passed 
