Julia Version 1.5.1-pre.28
Commit 0d71d8cd8b (2020-08-14 20:35 UTC)
Platform Info:
  OS: Linux (x86_64-linux-gnu)
  CPU: Intel(R) Xeon(R) Silver 4114 CPU @ 2.20GHz
  WORD_SIZE: 64
  LIBM: libopenlibm
  LLVM: libLLVM-9.0.1 (ORCJIT, skylake-avx512)
Environment:
  JULIA_DEPOT_PATH = ::/usr/local/share/julia
  JULIA_NUM_THREADS = 2

  Resolving package versions...
  Installed CpuId ─────────────── v0.2.2
  Installed StackPointers ─────── v0.1.2
  Installed QuasiNewtonMethods ── v0.1.1
  Installed VectorizationBase ─── v0.12.32
  Installed OffsetArrays ──────── v1.1.2
  Installed DocStringExtensions ─ v0.8.2
  Installed SLEEFPirates ──────── v0.5.5
  Installed SIMDPirates ───────── v0.8.24
  Installed UnPack ────────────── v1.0.2
  Installed VectorizedRNG ─────── v0.1.12
  Installed LoopVectorization ─── v0.8.24
  Installed PaddedMatrices ────── v0.1.10
Updating `~/.julia/environments/v1.5/Project.toml`
  [64452400] + QuasiNewtonMethods v0.1.1
Updating `~/.julia/environments/v1.5/Manifest.toml`
  [adafc99b] + CpuId v0.2.2
  [ffbed154] + DocStringExtensions v0.8.2
  [bdcacae8] + LoopVectorization v0.8.24
  [6fe1bfb0] + OffsetArrays v1.1.2
  [aaaacae8] + PaddedMatrices v0.1.10
  [64452400] + QuasiNewtonMethods v0.1.1
  [21efa798] + SIMDPirates v0.8.24
  [476501e8] + SLEEFPirates v0.5.5
  [062a3e2c] + StackPointers v0.1.2
  [3a884ed6] + UnPack v1.0.2
  [3d5dd08c] + VectorizationBase v0.12.32
  [33b4df10] + VectorizedRNG v0.1.12
  [2a0f44e3] + Base64
  [ade2ca70] + Dates
  [8ba89e20] + Distributed
  [b77e0a4c] + InteractiveUtils
  [76f85450] + LibGit2
  [8f399da3] + Libdl
  [37e2e46d] + LinearAlgebra
  [56ddb016] + Logging
  [d6f4376e] + Markdown
  [44cfe95a] + Pkg
  [de0858da] + Printf
  [3fa0cd96] + REPL
  [9a3f8284] + Random
  [ea8e919c] + SHA
  [9e88b42a] + Serialization
  [6462fe0b] + Sockets
  [8dfed614] + Test
  [cf7118a7] + UUIDs
  [4ec0a83e] + Unicode
   Building SLEEFPirates → `~/.julia/packages/SLEEFPirates/jGsib/deps/build.log`
    Testing QuasiNewtonMethods
Status `/tmp/jl_CIXhv1/Project.toml`
  [bdcacae8] LoopVectorization v0.8.24
  [aaaacae8] PaddedMatrices v0.1.10
  [64452400] QuasiNewtonMethods v0.1.1
  [8dfed614] Test
Status `/tmp/jl_CIXhv1/Manifest.toml`
  [adafc99b] CpuId v0.2.2
  [ffbed154] DocStringExtensions v0.8.2
  [bdcacae8] LoopVectorization v0.8.24
  [6fe1bfb0] OffsetArrays v1.1.2
  [aaaacae8] PaddedMatrices v0.1.10
  [64452400] QuasiNewtonMethods v0.1.1
  [21efa798] SIMDPirates v0.8.24
  [476501e8] SLEEFPirates v0.5.5
  [062a3e2c] StackPointers v0.1.2
  [3a884ed6] UnPack v1.0.2
  [3d5dd08c] VectorizationBase v0.12.32
  [33b4df10] VectorizedRNG v0.1.12
  [2a0f44e3] Base64
  [ade2ca70] Dates
  [8ba89e20] Distributed
  [b77e0a4c] InteractiveUtils
  [76f85450] LibGit2
  [8f399da3] Libdl
  [37e2e46d] LinearAlgebra
  [56ddb016] Logging
  [d6f4376e] Markdown
  [44cfe95a] Pkg
  [de0858da] Printf
  [3fa0cd96] REPL
  [9a3f8284] Random
  [ea8e919c] SHA
  [9e88b42a] Serialization
  [6462fe0b] Sockets
  [8dfed614] Test
  [cf7118a7] UUIDs
  [4ec0a83e] Unicode
n = 2
QuasiNewtonMethods.optimum(state) .- 1 = [-6.1987082133896365e-12, -1.2699730156384703e-11]
QuasiNewtonMethods.optimum(state) .- 1 = [1.1700573843143047e-10, 2.570001988999593e-10]
n = 3
QuasiNewtonMethods.optimum(state) .- 1 = [2.4435120593579995e-11, 4.891043126065142e-11, -1.2791567804981696e-10]
QuasiNewtonMethods.optimum(state) .- 1 = [3.6148861681795097e-13, -6.749045766696327e-13, -6.604206070903729e-11]
n = 4
QuasiNewtonMethods.optimum(state) .- 1 = [-5.4307558450261695e-11, -1.679290040357273e-11, -1.003139793454011e-10, -2.5385693547264054e-11]
QuasiNewtonMethods.optimum(state) .- 1 = [-1.6324053220273527e-11, -3.826827743580452e-12, -3.2598701515951234e-11, -7.238321053648633e-12]
n = 5
QuasiNewtonMethods.optimum(state) .- 1 = [-2.16382467499443e-12, 1.8132162438178057e-12, -4.1735503941708885e-12, 3.602673714908633e-12, 1.190825216212943e-12]
QuasiNewtonMethods.optimum(state) .- 1 = [3.345768107010372e-11, 1.8545165403338615e-12, 6.490274984116695e-11, 7.604805674077397e-12, -8.57980353430321e-13]
n = 6
QuasiNewtonMethods.optimum(state) .- 1 = [-2.3003821070233244e-12, -7.149836278586008e-14, 2.6780799800008026e-12, -5.01609864755892e-12, 7.327471962526033e-15, 4.770850381419223e-12]
QuasiNewtonMethods.optimum(state) .- 1 = [-2.4465540704454725e-11, 2.0333312811260384e-10, -4.137645781554511e-11, -5.406119996109737e-11, 4.126805563942071e-10, -7.696188131234294e-11]
n = 7
QuasiNewtonMethods.optimum(state) .- 1 = [-1.2148615446960775e-11, -5.591960228201742e-11, -1.1084910767067413e-11, -1.4129142300589592e-11, -1.1408929356804265e-10, -2.072197968772116e-11, 4.353406524160164e-12]
QuasiNewtonMethods.optimum(state) .- 1 = [-1.886313327759126e-11, -3.532063530542473e-11, 9.741540907270974e-12, -3.7896796811764943e-11, -7.211364838610734e-11, 2.063416104647331e-11, -1.9606538614880265e-11]
n = 8
QuasiNewtonMethods.optimum(state) .- 1 = [-1.3381562524727997e-10, -6.642908445542162e-12, 1.201541088846625e-10, -8.706901866162298e-11, -2.650027974837599e-10, -1.7869816737459132e-11, 2.33398189664058e-10, -1.747098021809279e-10]
QuasiNewtonMethods.optimum(state) .- 1 = [-1.9402646156407855e-10, 1.2304268715013222e-10, -2.5153878979722322e-11, -1.3042766866533384e-10, -3.7461111990211293e-10, 2.328899295633846e-10, -4.7065351616026874e-11, -2.617536187798919e-10]
n = 9
QuasiNewtonMethods.optimum(state) .- 1 = [1.0122347404717402e-11, -1.4331980047188608e-11, 3.3157920853454925e-11, 2.217448447083825e-11, 2.1860069310264407e-11, -2.95193869348509e-11, 6.462230750514664e-11, 4.430344979766687e-11, 6.788347661768057e-12]
QuasiNewtonMethods.optimum(state) .- 1 = [-1.1513456854572723e-11, -2.3549273642231583e-11, -3.6859404417555197e-13, -2.7228996835049202e-11, -2.1709967157335086e-11, -5.2526871741065406e-11, -2.050581926482664e-12, -5.4829585316440443e-11, 2.871036741680655e-13]
n = 10
QuasiNewtonMethods.optimum(state) .- 1 = [2.2429169632687262e-11, -1.4167556017241623e-12, 5.553335569175033e-11, -1.6837620187004632e-10, -8.657186079119583e-11, 4.380895646249883e-11, -6.244005312794343e-12, 1.1325052007293834e-10, -3.369865497759861e-10, -1.7097412374766918e-10]
QuasiNewtonMethods.optimum(state) .- 1 = [-1.034072827366117e-11, -8.207656776448857e-12, 2.8416824449095657e-11, -7.560063686185003e-12, 6.87636614316034e-11, -2.1451618259504812e-11, -1.7377876915247725e-11, 5.711253692197715e-11, -1.516797798473135e-11, 1.4300560735591716e-10]
n = 11
QuasiNewtonMethods.optimum(state) .- 1 = [5.10880227011512e-12, -9.862999306164966e-12, 3.472999665632415e-11, 2.578093294403061e-11, -1.3843814983260927e-11, 1.3073098159566143e-11, -1.699895779694316e-11, 6.715406009050184e-11, 4.746447679337962e-11, -3.055644626215326e-11, -2.006173005497658e-12]
QuasiNewtonMethods.optimum(state) .- 1 = [1.7259926821111549e-10, -3.025090178354617e-10, -9.283096513712508e-11, -5.276712400359429e-11, -9.885747775939535e-11, 3.357816247273604e-10, -6.100289162702666e-10, -1.7708623456513806e-10, -1.1652578901788502e-10, -2.2080115513745113e-10, 2.3003821070233244e-13]
n = 12
QuasiNewtonMethods.optimum(state) .- 1 = [1.3280399002724153e-10, 1.2216472278225865e-10, 1.0664802374549254e-12, 2.2299140312043164e-10, -2.145218447324737e-10, -8.346212609922077e-11, 2.694575673700683e-10, 2.5925017688166463e-10, -1.1935119559325358e-11, 4.45406156401873e-10, -4.4039061286582637e-10, -1.6796641855165717e-10]
QuasiNewtonMethods.optimum(state) .- 1 = [-1.1530776333756876e-11, -2.9956925828855674e-11, 2.0143664514193915e-11, 9.845013693166038e-12, -6.720735079568385e-12, -1.3117729125156075e-11, -2.088529349464352e-11, -5.7134297293259806e-11, 4.106626150246484e-11, 2.2473800598277194e-11, -1.7244206063082856e-11, -2.8309798949521792e-11]
n = 13
QuasiNewtonMethods.optimum(state) .- 1 = [-8.076195268102992e-11, 9.983081028508423e-11, 6.976463851060544e-11, 5.87079274083635e-11, 3.0239366566320314e-11, 2.702182921865415e-10, -1.7231349680457697e-10, 2.0190693561517037e-10, 1.2572187735315765e-10, 1.0940537364945158e-10, 5.818967530046848e-11, 5.324392038374981e-10, -3.201072740210975e-11]
QuasiNewtonMethods.optimum(state) .- 1 = [-4.265998665431425e-11, 9.253842137013635e-11, -4.009421683548453e-10, 4.0953818114530804e-10, 6.247447004170681e-11, 2.632487561271546e-10, -8.075173862920337e-11, 1.7476775582281334e-10, -7.947024149856929e-10, 8.3342976964218e-10, 1.0592970944856006e-10, 5.28233679020218e-10, 2.0825563495918686e-12]
n = 14
QuasiNewtonMethods.optimum(state) .- 1 = [-1.2867995557996892e-10, 9.390865862712872e-11, -3.012199378815694e-10, -5.2932769278868363e-11, -4.152833632531383e-11, -3.821943872495126e-10, -8.682032870410694e-11, -2.7190250051489784e-10, 1.8548895752701355e-10, -5.921433343658578e-10, -1.0648926185297114e-10, -7.850775585183101e-11, -7.78158870673451e-10, -1.7867674007021606e-10]
QuasiNewtonMethods.optimum(state) .- 1 = [5.053579776870265e-11, 9.324252481235362e-11, -5.999867269679271e-12, 1.2785550396188228e-11, 6.4366290075668076e-12, 1.134834448635047e-10, -1.1342748962306359e-10, 9.388312349756234e-11, 2.0436830006076434e-10, -1.568478680269436e-11, 2.6330715385824988e-11, -8.572031973130834e-13, 2.332676274363621e-10, -2.1753399082058422e-10]
n = 15
QuasiNewtonMethods.optimum(state) .- 1 = [1.927791259959122e-12, -3.4674374482790427e-11, -9.352119079153454e-11, 2.2026824808563106e-11, 1.6922752088532889e-10, 3.3831826229402395e-11, 7.402278789925276e-11, 3.2647218262127353e-12, -6.747868930290224e-11, -1.9581769539200877e-10, 4.459899116682209e-11, 3.428719530518265e-10, 6.55995258114217e-11, 1.4035106410403841e-10, -1.8141044222375058e-13]
QuasiNewtonMethods.optimum(state) .- 1 = [-1.602451504822966e-11, 7.183142969324763e-12, -1.166289287368727e-12, -1.499889101808094e-11, -1.2243539515566226e-11, -2.4610868898378158e-11, 7.963407711031323e-12, -3.3895775075620804e-11, 1.2966072659992278e-11, -3.1106228703947636e-12, -3.0598190647879164e-11, -2.433342416452433e-11, -4.9896975440333335e-11, 1.5337286995986688e-11, -9.632294961647858e-13]
n = 16
QuasiNewtonMethods.optimum(state) .- 1 = [9.152456570404865e-12, -2.1155299734232358e-11, -7.83072495735837e-11, -1.2783030189922329e-10, -9.934508771181072e-11, -3.326927622282483e-11, 3.8267611301989746e-11, 1.9915313842489013e-10, 1.4481971177815467e-11, -4.224853800138817e-11, -1.5754908488929686e-10, -2.6694757515599576e-10, -1.9880563861818246e-10, -5.6396221026489e-11, 7.867018148033367e-11, 3.9464875811745515e-10]
QuasiNewtonMethods.optimum(state) .- 1 = [-1.3499312778719741e-11, 8.907763415777481e-12, 2.1722623699815813e-11, -2.364308748781241e-11, 2.81892287290475e-11, 1.039013319825699e-11, -3.8209102548592e-11, 1.663447157795872e-11, -2.4782953467195057e-11, 1.6296075600052973e-11, 4.546452103681986e-11, -4.5590531350114816e-11, 6.142841790790499e-11, 2.1934010163704443e-11, -7.751144170953239e-11, 2.915667707270586e-11]
n = 17
QuasiNewtonMethods.optimum(state) .- 1 = [2.804489973584623e-11, 1.0809264594513479e-10, 2.3265545046058378e-10, -2.2608581673466688e-12, 1.0218248469584523e-10, 1.34718902700115e-11, -1.4248280333362118e-10, -4.4812820121364894e-11, 4.1427528074677866e-11, 2.2157631285324442e-10, 4.6126746866548274e-10, -8.167688747562352e-12, 2.1783641557249211e-10, 3.578581875274267e-11, -2.684138467046182e-10, -8.995593159255577e-11, -1.5408785358772548e-12]
QuasiNewtonMethods.optimum(state) .- 1 = [1.5670797992584085e-11, 1.8263168755083825e-11, 6.273936925538237e-11, -1.1543566103000558e-10, 4.892153349089767e-11, -2.443267810292582e-11, 8.167710952022844e-11, 9.727552097160697e-12, 2.912625696183113e-11, 3.6769698397165484e-11, 1.215096911977298e-10, -2.2951074374333302e-10, 1.0031198094395677e-10, -4.648481599645038e-11, 1.6289503079747192e-10, 2.2873702931747175e-11, -8.587464073173123e-12]
n = 18
QuasiNewtonMethods.optimum(state) .- 1 = [-6.398104268612315e-12, 8.44213587924969e-13, 6.087841342150568e-11, 7.727463113837985e-11, -2.4951929411543006e-11, 2.2600810112294312e-11, -8.469924761556058e-11, -1.213473765915296e-13, -1.2958967232634677e-11, -1.6112222667175047e-11, -2.7443602945709245e-12, 1.2520362524526263e-10, 1.581366149139285e-10, -5.588018936464323e-11, 4.157296729090376e-11, -1.5920653684275976e-10, -3.256284131225584e-13, -2.5694557592714773e-11]
QuasiNewtonMethods.optimum(state) .- 1 = [6.159117660331503e-11, 1.4567258510567171e-10, 1.660032111772125e-10, 1.5928436347678598e-10, -1.9812596008250694e-10, -1.1274259303917233e-10, 1.0718470555559634e-10, -1.865219090291248e-11, 4.8096859828206107e-11, 1.2079870437275986e-10, 2.9307356541607987e-10, 3.3372771213180386e-10, 3.143290072671334e-10, -3.884390586961217e-10, -2.0819235224678323e-10, 2.1625123913793232e-10, -3.4373837110024397e-11, 9.151457369682703e-11]
n = 19
QuasiNewtonMethods.optimum(state) .- 1 = [-3.125955050364837e-11, 2.1467050359547102e-11, 1.525624071518905e-11, 1.7376544647618175e-11, 1.840683161447032e-11, -5.348299580987259e-11, 4.672751074963344e-11, -5.8977267514137566e-12, 5.929923219127886e-12, -6.351563719420028e-11, 4.238875916939833e-11, 2.9673152823761484e-11, 3.407651938402978e-11, 3.773337198254012e-11, -1.051663200968278e-10, 9.347633778133968e-11, -1.1744827332904606e-11, 9.759748564874826e-12, -4.064526493152698e-13]
QuasiNewtonMethods.optimum(state) .- 1 = [-1.0054812538129454e-10, -5.491385124400949e-12, -6.244027517254835e-11, -1.4104195589226265e-10, -3.1009084189292935e-11, -4.639089112856709e-11, 2.5953683646662284e-11, -1.427323814695569e-10, 1.1566481106228821e-10, -2.0512946896644735e-10, -1.4665935132995855e-11, -1.2218936973340533e-10, -2.7818869430262794e-10, -6.953604358983512e-11, -8.939882167879887e-11, 5.352895904309207e-11, -3.056351838282012e-10, 2.3330182230552055e-10, 1.0303091713126378e-11]
n = 20
QuasiNewtonMethods.optimum(state) .- 1 = [5.906231059782385e-11, -9.163603209572102e-11, 3.0565994180165035e-11, -3.7312597456207186e-11, 4.0714320803658666e-11, 2.6578739209526248e-11, 7.755485142979524e-11, -1.607924904334368e-11, -3.381961377613152e-12, -3.0239477588622776e-11, 1.2299850027375214e-10, -1.8047052741110292e-10, 5.703904015774697e-11, -7.593647932679914e-11, 7.475842167536939e-11, 5.544853465266897e-11, 1.538902338893422e-10, -3.6869840513986674e-11, -7.906675314472977e-12, -5.7789661944696036e-11]
QuasiNewtonMethods.optimum(state) .- 1 = [4.684497234563878e-11, -2.4881652294084233e-11, 3.241895640826442e-11, -1.9239720927544113e-11, 7.126899070897252e-11, 3.779287993666003e-11, 1.3254730646394819e-11, -1.5684564758089437e-11, 1.3778755914017893e-11, -2.3616331112918942e-11, 9.153633406810968e-11, -5.414180215268516e-11, 6.433342747413917e-11, -4.289024690962151e-11, 1.4528023228876918e-10, 7.69273533762771e-11, 2.507039020827051e-11, -2.971456414258e-11, 2.846989310967274e-11, -4.357869620719157e-11]
n = 21
QuasiNewtonMethods.optimum(state) .- 1 = [-1.865171350701189e-10, -4.411437881657321e-11, 4.4008352517721505e-11, 5.487166276907374e-11, 7.990696992976609e-11, 4.369349326793781e-11, 1.2147816086383045e-10, 2.149702638121198e-11, 3.023048478212331e-11, -6.79192257990735e-11, -3.526524627872618e-10, -8.541167773046254e-11, 7.204969953988893e-11, 9.71258629078875e-11, 1.624291812163392e-10, 8.436162879377207e-11, 2.6362978466920595e-10, 2.7858826356919053e-11, 5.7279958554090626e-11, -1.2622092260272666e-10, -3.5070613080279145e-11]
QuasiNewtonMethods.optimum(state) .- 1 = [-1.1514411646373901e-10, -4.620293037049805e-11, -5.3611670658426647e-11, -7.162681558980921e-11, -8.983436217135932e-11, 6.350564518697865e-11, 1.642441738169964e-11, 1.127506976672521e-10, -4.4140247013046974e-11, 1.263325000167015e-10, -2.1469448441280292e-10, -9.580836124456482e-11, -1.1934364607668613e-10, -1.628133183828595e-10, -1.7908186045190178e-10, 1.2450152020448968e-10, 4.4905190677013707e-11, 2.3016344385951015e-10, -9.370260123375829e-11, 2.421483014103387e-10, 1.3931078512996464e-12]
n = 22
QuasiNewtonMethods.optimum(state) .- 1 = [2.467270832084978e-11, 3.152478278423132e-11, 1.3867129666778055e-11, 1.223310341913475e-11, -2.4255486508195645e-11, 5.798272972867835e-11, 1.376676550535194e-13, 3.031241924134065e-11, -3.469435849723368e-11, 4.939137987491904e-11, -4.84001727585337e-12, 5.0712989363432825e-11, 6.46813713700567e-11, 2.7820634684871948e-11, 2.41051623106614e-11, -4.6890158422741024e-11, 1.1670664434859646e-10, 5.058176100192213e-13, 6.082201409185473e-11, -6.993761125784204e-11, 1.0058465171880471e-10, -8.001599383078428e-12]
QuasiNewtonMethods.optimum(state) .- 1 = [-2.3473112342742297e-11, 1.0071032896519228e-10, 7.134159929478301e-11, -1.271416305570483e-11, 5.578182360466144e-11, 6.398037655230837e-11, -4.995204250235474e-11, 1.1631873242379243e-10, -5.6732285536043037e-11, 7.855205375051355e-11, 5.99054139627242e-12, -4.6044168477976655e-11, 2.0989632254497792e-10, 1.5699308519856459e-10, -2.417754885186696e-11, 1.117244075032886e-10, 1.3093615081061216e-10, -9.91298154673359e-11, 2.334292759087475e-10, -1.2177236996535612e-10, 1.6287926563052224e-10, 1.5882184456472714e-11]
n = 23
QuasiNewtonMethods.optimum(state) .- 1 = [2.5176527529424675e-11, 1.0285328144732375e-11, 5.224709553885987e-12, 1.1199929872418579e-11, -1.248290359967541e-11, -5.063727215315339e-13, 4.398037489750095e-12, 5.820655069044278e-11, -2.818878463983765e-11, 1.9667156792024798e-11, -4.5029535655771724e-12, 5.282974058218315e-11, 2.1650681247820103e-11, 1.1730172388979554e-11, 1.9972468123796716e-11, -2.478006688733103e-11, -1.1289857937413217e-12, 9.18354281509437e-12, 1.1278999956232383e-10, -5.627698307364426e-11, 3.856692742942869e-11, -6.520450845926007e-12, -3.5188518765494337e-12]
QuasiNewtonMethods.optimum(state) .- 1 = [-3.287625727210752e-11, 2.781286312369957e-11, 9.405587420019401e-12, -3.1155078517031143e-12, -8.848477506262498e-14, 5.3853810300097393e-11, -1.6579926320758887e-10, -4.9980353189482685e-11, 5.619504861442692e-12, 5.146816306478286e-11, 1.4392287361886247e-10, -4.7050807694404284e-11, 6.842459931988287e-11, 2.1122881221913303e-11, -3.49398288079783e-12, -1.2129630633239685e-11, 1.1240874897566755e-10, -3.381279700676032e-10, -1.2110479286064901e-10, 5.81712455982597e-12, 9.566258896143154e-11, 2.8503288618253464e-10, -1.4563905637032803e-12]
n = 24
QuasiNewtonMethods.optimum(state) .- 1 = [8.859135647298899e-12, -4.791611551979713e-11, 8.31110735788343e-11, -1.0445766474020957e-10, 1.265898497138096e-11, 8.971112741562592e-11, -3.932776326820431e-11, 3.867062225992868e-11, -1.7496892823487542e-11, 3.50905970947224e-11, -6.312250722118051e-11, 4.94548846319276e-11, 2.1963098006949622e-11, -9.325429317641465e-11, 1.745863453805896e-10, -2.1579715792086063e-10, 2.325384329537883e-11, 1.8266632650920656e-10, -8.456202404971691e-11, 8.682010665950202e-11, -3.825062488971298e-11, 7.477551910994862e-11, -1.2817424899225216e-10, 1.1221912288306157e-10]
QuasiNewtonMethods.optimum(state) .- 1 = [-1.509781188957504e-11, -4.805900122306639e-11, 6.094702520442752e-11, 1.1566347879465866e-10, 3.550471028290758e-11, -1.806077509769466e-11, -4.412248344465297e-11, -2.0596746530543442e-11, 5.295919258685444e-11, 4.115352503220038e-11, 7.719602734823638e-11, 8.13760170359501e-11, -2.740363491682274e-11, -1.0491096880116402e-10, 1.2185252806773406e-10, 2.391011832969525e-10, 7.326805828711258e-11, -3.463485054311377e-11, -8.87488971201833e-11, -3.611200227737754e-11, 1.0260992056032592e-10, 8.469669410260394e-11, 1.4860845887199048e-10, 1.6910983724471862e-10]
Test Summary:         | Pass  Total
QuasiNewtonMethods.jl |  138    138
    Testing QuasiNewtonMethods tests passed 
