Current time is 2020-10-25T19:56:29.14
Julia Version 1.5.3-pre.0
Commit 5905edebb1 (2020-09-24 05:09 UTC)
Platform Info:
  OS: Linux (x86_64-pc-linux-gnu)
  CPU: AMD EPYC 7502 32-Core Processor
  WORD_SIZE: 64
  LIBM: libopenlibm
  LLVM: libLLVM-9.0.1 (ORCJIT, znver2)
Environment:
  JULIA_DEPOT_PATH = ::/usr/local/share/julia
  JULIA_NUM_THREADS = 2
  JULIA_MAX_NUM_PRECOMPILE_FILES = 9223372036854775807
  JULIA_PKG_SERVER = 

Starting installation at 2020-10-25T19:56:32.332
  Resolving package versions...
  Installed AtBackslash ─ v0.1.0
Updating `~/.julia/environments/v1.5/Project.toml`
  [04ea9a2a] + AtBackslash v0.1.0
Updating `~/.julia/environments/v1.5/Manifest.toml`
  [04ea9a2a] + AtBackslash v0.1.0
Starting tests at 2020-10-25T19:56:34.478
    Testing AtBackslash
Status `/tmp/jl_4pA320/Project.toml`
  [04ea9a2a] AtBackslash v0.1.0
  [e30172f5] Documenter v0.25.2
  [8dfed614] Test
Status `/tmp/jl_4pA320/Manifest.toml`
  [04ea9a2a] AtBackslash v0.1.0
  [ffbed154] DocStringExtensions v0.8.3
  [e30172f5] Documenter v0.25.2
  [682c06a0] JSON v0.21.1
  [69de0a69] Parsers v1.0.11
  [2a0f44e3] Base64
  [ade2ca70] Dates
  [8ba89e20] Distributed
  [b77e0a4c] InteractiveUtils
  [76f85450] LibGit2
  [8f399da3] Libdl
  [56ddb016] Logging
  [d6f4376e] Markdown
  [a63ad114] Mmap
  [44cfe95a] Pkg
  [de0858da] Printf
  [3fa0cd96] REPL
  [9a3f8284] Random
  [ea8e919c] SHA
  [9e88b42a] Serialization
  [6462fe0b] Sockets
  [8dfed614] Test
  [cf7118a7] UUIDs
  [4ec0a83e] Unicode
Test Summary: | Pass  Total
All bound     |   20     20
Test Summary: | Pass  Total
NonNamedTuple |    2      2
Test Summary: | Pass  Total
Shadowing     |    3      3
Test Summary: | Pass  Total
Free variable |    3      3
Test Summary: | Pass  Total
macrocall     |    3      3
Test Summary: | Pass  Total
quote         |    1      1
Test Summary:        | Pass  Total
Non-Symbol QuoteNode |    1      1
Test Summary:     | Pass  Total
Explicit nonlocal |    6      6
Test Summary: | Pass  Total
Interpolation |    6      6
Test Summary:  | Pass  Total
Error handling |   12     12
[ Info: SetupBuildDirectory: setting up build directory.
[ Info: Doctest: running doctests.
[ Info: Skipped ExpandTemplates step (doctest only).
[ Info: Skipped CrossReferences step (doctest only).
[ Info: Skipped CheckDocument step (doctest only).
[ Info: Skipped Populate step (doctest only).
[ Info: Skipped RenderDocument step (doctest only).
Test Summary: | Pass  Total
doctest       |    1      1
    Testing AtBackslash tests passed 
Finished at 2020-10-25T19:57:18.798
