Julia Version 1.5.2-pre.0
Commit c4acbf93fb (2020-08-26 10:58 UTC)
Platform Info:
  OS: Linux (x86_64-pc-linux-gnu)
  CPU: Intel(R) Xeon(R) Silver 4114 CPU @ 2.20GHz
  WORD_SIZE: 64
  LIBM: libopenlibm
  LLVM: libLLVM-9.0.1 (ORCJIT, skylake-avx512)
Environment:
  JULIA_DEPOT_PATH = ::/usr/local/share/julia
  JULIA_NUM_THREADS = 2

  Resolving package versions...
  Installed BitFloats ─── v0.0.3
  Installed BitIntegers ─ v0.2.3
Updating `~/.julia/environments/v1.5/Project.toml`
  [15425d4b] + BitFloats v0.0.3
Updating `~/.julia/environments/v1.5/Manifest.toml`
  [15425d4b] + BitFloats v0.0.3
  [c3b6d118] + BitIntegers v0.2.3
  [9a3f8284] + Random
  [9e88b42a] + Serialization
    Testing BitFloats
Status `/tmp/jl_QkZ8rf/Project.toml`
  [15425d4b] BitFloats v0.0.3
  [c3b6d118] BitIntegers v0.2.3
  [9a3f8284] Random
  [8dfed614] Test
Status `/tmp/jl_QkZ8rf/Manifest.toml`
  [15425d4b] BitFloats v0.0.3
  [c3b6d118] BitIntegers v0.2.3
  [2a0f44e3] Base64
  [8ba89e20] Distributed
  [b77e0a4c] InteractiveUtils
  [56ddb016] Logging
  [d6f4376e] Markdown
  [9a3f8284] Random
  [9e88b42a] Serialization
  [6462fe0b] Sockets
  [8dfed614] Test
Test Summary: | Pass  Total
definitions   |   14     14
Test Summary: | Pass  Total
traits        |   35     35
Test Summary:          | Pass  Total
exponent & significand |   84     84
Test Summary: | Pass  Total
nextfloat     |   10     10
Test Summary: | Pass  Total
issubnormal   |   10     10
Test Summary: | Pass  Total
ldexp & eps   |   10     10
conversions: Error During Test at /home/pkgeval/.julia/packages/BitFloats/qTO7E/test/runtests.jl:194
  Test threw exception
  Expression: isequal(BigFloat(x), BigFloat_mpfr(x))
  could not load symbol "mpfr_set_float128":
  /opt/julia/bin/../lib/julia/libmpfr.so: undefined symbol: mpfr_set_float128
  Stacktrace:
   [1] BigFloat_mpfr(::Float128) at /home/pkgeval/.julia/packages/BitFloats/qTO7E/src/BitFloats.jl:446
   [2] macro expansion at /home/pkgeval/.julia/packages/BitFloats/qTO7E/test/runtests.jl:194 [inlined]
   [3] macro expansion at /buildworker/worker/package_linux64/build/usr/share/julia/stdlib/v1.5/Test/src/Test.jl:1115 [inlined]
   [4] top-level scope at /home/pkgeval/.julia/packages/BitFloats/qTO7E/test/runtests.jl:134
  
Test Summary: | Pass  Error  Total
conversions   |  296      1    297
ERROR: LoadError: Some tests did not pass: 296 passed, 0 failed, 1 errored, 0 broken.
in expression starting at /home/pkgeval/.julia/packages/BitFloats/qTO7E/test/runtests.jl:133
ERROR: Package BitFloats errored during testing
Stacktrace:
 [1] pkgerror(::String) at /buildworker/worker/package_linux64/build/usr/share/julia/stdlib/v1.5/Pkg/src/Types.jl:52
 [2] test(::Pkg.Types.Context, ::Array{Pkg.Types.PackageSpec,1}; coverage::Bool, julia_args::Cmd, test_args::Cmd, test_fn::Nothing) at /buildworker/worker/package_linux64/build/usr/share/julia/stdlib/v1.5/Pkg/src/Operations.jl:1578
 [3] test(::Pkg.Types.Context, ::Array{Pkg.Types.PackageSpec,1}; coverage::Bool, test_fn::Nothing, julia_args::Cmd, test_args::Cmd, kwargs::Base.Iterators.Pairs{Union{},Union{},Tuple{},NamedTuple{(),Tuple{}}}) at /buildworker/worker/package_linux64/build/usr/share/julia/stdlib/v1.5/Pkg/src/API.jl:328
 [4] test(::Pkg.Types.Context, ::Array{Pkg.Types.PackageSpec,1}) at /buildworker/worker/package_linux64/build/usr/share/julia/stdlib/v1.5/Pkg/src/API.jl:315
 [5] #test#61 at /buildworker/worker/package_linux64/build/usr/share/julia/stdlib/v1.5/Pkg/src/API.jl:67 [inlined]
 [6] test at /buildworker/worker/package_linux64/build/usr/share/julia/stdlib/v1.5/Pkg/src/API.jl:67 [inlined]
 [7] #test#60 at /buildworker/worker/package_linux64/build/usr/share/julia/stdlib/v1.5/Pkg/src/API.jl:66 [inlined]
 [8] test at /buildworker/worker/package_linux64/build/usr/share/julia/stdlib/v1.5/Pkg/src/API.jl:66 [inlined]
 [9] test(::String; kwargs::Base.Iterators.Pairs{Union{},Union{},Tuple{},NamedTuple{(),Tuple{}}}) at /buildworker/worker/package_linux64/build/usr/share/julia/stdlib/v1.5/Pkg/src/API.jl:65
 [10] test(::String) at /buildworker/worker/package_linux64/build/usr/share/julia/stdlib/v1.5/Pkg/src/API.jl:65
 [11] top-level scope at none:19
