Julia Version 1.3.1-pre.13
Commit 8639e5771d (2019-12-07 10:31 UTC)
Platform Info:
  OS: Linux (x86_64-linux-gnu)
  CPU: Intel(R) Xeon(R) Silver 4114 CPU @ 2.20GHz
  WORD_SIZE: 64
  LIBM: libopenlibm
  LLVM: libLLVM-6.0.1 (ORCJIT, skylake)

   Cloning default registries into `~/.julia`
   Cloning registry from "https://github.com/JuliaRegistries/General.git"
[?25l    Fetching: [>                                        ]  0.0 %    Fetching: [=============>                           ]  31.7 %    Fetching: [=================================>       ]  82.1 %[2K[?25h     Added registry `General` to `~/.julia/registries/General`
 Resolving package versions...
 Installed URIParser ────────── v0.4.0
 Installed RecipesBase ──────── v0.7.0
 Installed PDMats ───────────── v0.9.10
 Installed StatsFuns ────────── v0.8.0
 Installed ZipFile ──────────── v0.8.3
 Installed FileIO ───────────── v1.1.0
 Installed Clustering ───────── v0.13.3
 Installed DPMMSubClusters ──── v0.1.4
 Installed Arpack_jll ───────── v3.5.0+2
 Installed Arpack ───────────── v0.4.0
 Installed Missings ─────────── v0.4.3
 Installed BinDeps ──────────── v0.8.10
 Installed TranscodingStreams ─ v0.9.5
 Installed StaticArrays ─────── v0.12.1
 Installed JLD2 ─────────────── v0.1.9
 Installed SpecialFunctions ─── v0.7.2
 Installed OrderedCollections ─ v1.1.0
 Installed StatsBase ────────── v0.32.0
 Installed Primes ───────────── v0.4.0
 Installed NPZ ──────────────── v0.4.0
 Installed NearestNeighbors ─── v0.4.4
 Installed Compat ───────────── v2.2.0
 Installed Rmath ────────────── v0.6.0
 Installed SortingAlgorithms ── v0.3.1
 Installed BinaryProvider ───── v0.5.8
 Installed DataAPI ──────────── v1.1.0
 Installed CatViews ─────────── v1.0.0
 Installed DistributedArrays ── v0.6.4
 Installed Polynomials ──────── v0.6.0
 Installed CodecZlib ────────── v0.6.0
 Installed Distances ────────── v0.8.2
 Installed DataStructures ───── v0.17.6
 Installed Distributions ────── v0.21.5
 Installed OpenBLAS_jll ─────── v0.3.7+1
 Installed QuadGK ───────────── v2.2.0
  Updating `~/.julia/environments/v1.3/Project.toml`
  [2841fd70] + DPMMSubClusters v0.1.4
  Updating `~/.julia/environments/v1.3/Manifest.toml`
  [7d9fca2a] + Arpack v0.4.0
  [68821587] + Arpack_jll v3.5.0+2
  [9e28174c] + BinDeps v0.8.10
  [b99e7846] + BinaryProvider v0.5.8
  [81a5f4ea] + CatViews v1.0.0
  [aaaa29a8] + Clustering v0.13.3
  [944b1d66] + CodecZlib v0.6.0
  [34da2185] + Compat v2.2.0
  [2841fd70] + DPMMSubClusters v0.1.4
  [9a962f9c] + DataAPI v1.1.0
  [864edb3b] + DataStructures v0.17.6
  [b4f34e82] + Distances v0.8.2
  [aaf54ef3] + DistributedArrays v0.6.4
  [31c24e10] + Distributions v0.21.5
  [5789e2e9] + FileIO v1.1.0
  [033835bb] + JLD2 v0.1.9
  [e1d29d7a] + Missings v0.4.3
  [15e1cf62] + NPZ v0.4.0
  [b8a86587] + NearestNeighbors v0.4.4
  [4536629a] + OpenBLAS_jll v0.3.7+1
  [bac558e1] + OrderedCollections v1.1.0
  [90014a1f] + PDMats v0.9.10
  [f27b6e38] + Polynomials v0.6.0
  [27ebfcd6] + Primes v0.4.0
  [1fd47b50] + QuadGK v2.2.0
  [3cdcf5f2] + RecipesBase v0.7.0
  [79098fc4] + Rmath v0.6.0
  [a2af1166] + SortingAlgorithms v0.3.1
  [276daf66] + SpecialFunctions v0.7.2
  [90137ffa] + StaticArrays v0.12.1
  [2913bbd2] + StatsBase v0.32.0
  [4c63d2b9] + StatsFuns v0.8.0
  [3bb67fe8] + TranscodingStreams v0.9.5
  [30578b45] + URIParser v0.4.0
  [a5390f91] + ZipFile v0.8.3
  [2a0f44e3] + Base64 
  [ade2ca70] + Dates 
  [8bb1440f] + DelimitedFiles 
  [8ba89e20] + Distributed 
  [b77e0a4c] + InteractiveUtils 
  [76f85450] + LibGit2 
  [8f399da3] + Libdl 
  [37e2e46d] + LinearAlgebra 
  [56ddb016] + Logging 
  [d6f4376e] + Markdown 
  [a63ad114] + Mmap 
  [44cfe95a] + Pkg 
  [de0858da] + Printf 
  [3fa0cd96] + REPL 
  [9a3f8284] + Random 
  [ea8e919c] + SHA 
  [9e88b42a] + Serialization 
  [1a1011a3] + SharedArrays 
  [6462fe0b] + Sockets 
  [2f01184e] + SparseArrays 
  [10745b16] + Statistics 
  [4607b0f0] + SuiteSparse 
  [8dfed614] + Test 
  [cf7118a7] + UUIDs 
  [4ec0a83e] + Unicode 
  Building ZipFile ─────────→ `~/.julia/packages/ZipFile/oD4uG/deps/build.log`
  Building SpecialFunctions → `~/.julia/packages/SpecialFunctions/fvheQ/deps/build.log`
  Building Rmath ───────────→ `~/.julia/packages/Rmath/BoBag/deps/build.log`
  Building CodecZlib ───────→ `~/.julia/packages/CodecZlib/5t9zO/deps/build.log`
   Testing DPMMSubClusters
 Resolving package versions...
    Status `/tmp/jl_FRYseD/Manifest.toml`
  [7d9fca2a] Arpack v0.4.0
  [68821587] Arpack_jll v3.5.0+2
  [9e28174c] BinDeps v0.8.10
  [b99e7846] BinaryProvider v0.5.8
  [81a5f4ea] CatViews v1.0.0
  [aaaa29a8] Clustering v0.13.3
  [944b1d66] CodecZlib v0.6.0
  [34da2185] Compat v2.2.0
  [2841fd70] DPMMSubClusters v0.1.4
  [9a962f9c] DataAPI v1.1.0
  [864edb3b] DataStructures v0.17.6
  [b4f34e82] Distances v0.8.2
  [aaf54ef3] DistributedArrays v0.6.4
  [31c24e10] Distributions v0.21.5
  [5789e2e9] FileIO v1.1.0
  [033835bb] JLD2 v0.1.9
  [e1d29d7a] Missings v0.4.3
  [15e1cf62] NPZ v0.4.0
  [b8a86587] NearestNeighbors v0.4.4
  [4536629a] OpenBLAS_jll v0.3.7+1
  [bac558e1] OrderedCollections v1.1.0
  [90014a1f] PDMats v0.9.10
  [f27b6e38] Polynomials v0.6.0
  [27ebfcd6] Primes v0.4.0
  [1fd47b50] QuadGK v2.2.0
  [3cdcf5f2] RecipesBase v0.7.0
  [79098fc4] Rmath v0.6.0
  [a2af1166] SortingAlgorithms v0.3.1
  [276daf66] SpecialFunctions v0.7.2
  [90137ffa] StaticArrays v0.12.1
  [2913bbd2] StatsBase v0.32.0
  [4c63d2b9] StatsFuns v0.8.0
  [3bb67fe8] TranscodingStreams v0.9.5
  [30578b45] URIParser v0.4.0
  [a5390f91] ZipFile v0.8.3
  [2a0f44e3] Base64  [`@stdlib/Base64`]
  [ade2ca70] Dates  [`@stdlib/Dates`]
  [8bb1440f] DelimitedFiles  [`@stdlib/DelimitedFiles`]
  [8ba89e20] Distributed  [`@stdlib/Distributed`]
  [b77e0a4c] InteractiveUtils  [`@stdlib/InteractiveUtils`]
  [76f85450] LibGit2  [`@stdlib/LibGit2`]
  [8f399da3] Libdl  [`@stdlib/Libdl`]
  [37e2e46d] LinearAlgebra  [`@stdlib/LinearAlgebra`]
  [56ddb016] Logging  [`@stdlib/Logging`]
  [d6f4376e] Markdown  [`@stdlib/Markdown`]
  [a63ad114] Mmap  [`@stdlib/Mmap`]
  [44cfe95a] Pkg  [`@stdlib/Pkg`]
  [de0858da] Printf  [`@stdlib/Printf`]
  [3fa0cd96] REPL  [`@stdlib/REPL`]
  [9a3f8284] Random  [`@stdlib/Random`]
  [ea8e919c] SHA  [`@stdlib/SHA`]
  [9e88b42a] Serialization  [`@stdlib/Serialization`]
  [1a1011a3] SharedArrays  [`@stdlib/SharedArrays`]
  [6462fe0b] Sockets  [`@stdlib/Sockets`]
  [2f01184e] SparseArrays  [`@stdlib/SparseArrays`]
  [10745b16] Statistics  [`@stdlib/Statistics`]
  [4607b0f0] SuiteSparse  [`@stdlib/SuiteSparse`]
  [8dfed614] Test  [`@stdlib/Test`]
  [cf7118a7] UUIDs  [`@stdlib/UUIDs`]
  [4ec0a83e] Unicode  [`@stdlib/Unicode`]
Loading and distributing data:
  2.703483 seconds (1.03 M allocations: 50.905 MiB, 4.94% gc time)
Node Leaders:
Dict{Any,Any}(1 => Any[1])
Iteration: 1 || Clusters count: 1 || Log posterior: -3184.8093386024666 || Vi score: no gt || NMI score: no gt || Iter Time:10.788344860076904 || Total time:10.788344860076904
Iteration: 2 || Clusters count: 1 || Log posterior: -3184.8093386024666 || Vi score: no gt || NMI score: no gt || Iter Time:0.0040130615234375 || Total time:10.792357921600342
Iteration: 3 || Clusters count: 1 || Log posterior: -3184.8093386024666 || Vi score: no gt || NMI score: no gt || Iter Time:0.0027039051055908203 || Total time:10.795061826705933
Iteration: 4 || Clusters count: 1 || Log posterior: -3184.8093386024666 || Vi score: no gt || NMI score: no gt || Iter Time:0.025815963745117188 || Total time:10.82087779045105
Iteration: 5 || Clusters count: 1 || Log posterior: -3184.8093386024666 || Vi score: no gt || NMI score: no gt || Iter Time:0.0032629966735839844 || Total time:10.824140787124634
Iteration: 6 || Clusters count: 1 || Log posterior: -3184.8093386024666 || Vi score: no gt || NMI score: no gt || Iter Time:0.0027070045471191406 || Total time:10.826847791671753
Iteration: 7 || Clusters count: 1 || Log posterior: -3184.8093386024666 || Vi score: no gt || NMI score: no gt || Iter Time:0.0023398399353027344 || Total time:10.829187631607056
Iteration: 8 || Clusters count: 1 || Log posterior: -3184.8093386024666 || Vi score: no gt || NMI score: no gt || Iter Time:0.0026819705963134766 || Total time:10.83186960220337
Iteration: 9 || Clusters count: 1 || Log posterior: -3184.8093386024666 || Vi score: no gt || NMI score: no gt || Iter Time:0.002763032913208008 || Total time:10.834632635116577
Iteration: 10 || Clusters count: 1 || Log posterior: -3184.8093386024666 || Vi score: no gt || NMI score: no gt || Iter Time:0.002730846405029297 || Total time:10.837363481521606
Iteration: 11 || Clusters count: 1 || Log posterior: -3184.8093386024666 || Vi score: no gt || NMI score: no gt || Iter Time:0.002759218215942383 || Total time:10.840122699737549
Iteration: 12 || Clusters count: 1 || Log posterior: -3184.8093386024666 || Vi score: no gt || NMI score: no gt || Iter Time:0.0024340152740478516 || Total time:10.842556715011597
Iteration: 13 || Clusters count: 1 || Log posterior: -3184.8093386024666 || Vi score: no gt || NMI score: no gt || Iter Time:0.0026900768280029297 || Total time:10.8452467918396
Iteration: 14 || Clusters count: 1 || Log posterior: -3184.8093386024666 || Vi score: no gt || NMI score: no gt || Iter Time:0.002653837203979492 || Total time:10.847900629043579
Iteration: 15 || Clusters count: 1 || Log posterior: -3184.8093386024666 || Vi score: no gt || NMI score: no gt || Iter Time:0.0024709701538085938 || Total time:10.850371599197388
Iteration: 16 || Clusters count: 1 || Log posterior: -3184.8093386024666 || Vi score: no gt || NMI score: no gt || Iter Time:0.0025489330291748047 || Total time:10.852920532226562
Iteration: 17 || Clusters count: 1 || Log posterior: -3184.8093386024666 || Vi score: no gt || NMI score: no gt || Iter Time:0.0025680065155029297 || Total time:10.855488538742065
Iteration: 18 || Clusters count: 1 || Log posterior: -3184.8093386024666 || Vi score: no gt || NMI score: no gt || Iter Time:0.002480030059814453 || Total time:10.85796856880188
Iteration: 19 || Clusters count: 1 || Log posterior: -3184.8093386024666 || Vi score: no gt || NMI score: no gt || Iter Time:0.002505064010620117 || Total time:10.8604736328125
Iteration: 20 || Clusters count: 1 || Log posterior: -3184.8093386024666 || Vi score: no gt || NMI score: no gt || Iter Time:0.0025069713592529297 || Total time:10.862980604171753
Iteration: 21 || Clusters count: 1 || Log posterior: -3184.8093386024666 || Vi score: no gt || NMI score: no gt || Iter Time:0.002788066864013672 || Total time:10.865768671035767
Iteration: 22 || Clusters count: 2 || Log posterior: -2872.3473899692726 || Vi score: no gt || NMI score: no gt || Iter Time:2.017839193344116 || Total time:12.883607864379883
Iteration: 23 || Clusters count: 2 || Log posterior: -2101.637026104374 || Vi score: no gt || NMI score: no gt || Iter Time:0.0066530704498291016 || Total time:12.890260934829712
Iteration: 24 || Clusters count: 2 || Log posterior: -1903.740333828373 || Vi score: no gt || NMI score: no gt || Iter Time:0.004436969757080078 || Total time:12.894697904586792
Iteration: 25 || Clusters count: 2 || Log posterior: -1903.740333828373 || Vi score: no gt || NMI score: no gt || Iter Time:0.004353046417236328 || Total time:12.899050951004028
Iteration: 26 || Clusters count: 2 || Log posterior: -1903.740333828373 || Vi score: no gt || NMI score: no gt || Iter Time:0.004430055618286133 || Total time:12.903481006622314
Iteration: 27 || Clusters count: 2 || Log posterior: -1903.740333828373 || Vi score: no gt || NMI score: no gt || Iter Time:0.09914207458496094 || Total time:13.002623081207275
Iteration: 28 || Clusters count: 2 || Log posterior: -1903.740333828373 || Vi score: no gt || NMI score: no gt || Iter Time:0.00879812240600586 || Total time:13.011421203613281
Iteration: 29 || Clusters count: 2 || Log posterior: -1903.740333828373 || Vi score: no gt || NMI score: no gt || Iter Time:0.0028328895568847656 || Total time:13.014254093170166
Iteration: 30 || Clusters count: 3 || Log posterior: -1802.5768947929573 || Vi score: no gt || NMI score: no gt || Iter Time:0.003645181655883789 || Total time:13.01789927482605
Iteration: 31 || Clusters count: 3 || Log posterior: -1328.973725351735 || Vi score: no gt || NMI score: no gt || Iter Time:0.022509098052978516 || Total time:13.040408372879028
Iteration: 32 || Clusters count: 3 || Log posterior: -1328.973725351735 || Vi score: no gt || NMI score: no gt || Iter Time:0.0033180713653564453 || Total time:13.043726444244385
Iteration: 33 || Clusters count: 3 || Log posterior: -1328.973725351735 || Vi score: no gt || NMI score: no gt || Iter Time:0.0033011436462402344 || Total time:13.047027587890625
Iteration: 34 || Clusters count: 4 || Log posterior: -1176.710482391758 || Vi score: no gt || NMI score: no gt || Iter Time:0.00412297248840332 || Total time:13.051150560379028
Iteration: 35 || Clusters count: 4 || Log posterior: -754.2071168750956 || Vi score: no gt || NMI score: no gt || Iter Time:0.003462076187133789 || Total time:13.054612636566162
Iteration: 36 || Clusters count: 4 || Log posterior: -754.2071168750956 || Vi score: no gt || NMI score: no gt || Iter Time:0.02737593650817871 || Total time:13.08198857307434
Iteration: 37 || Clusters count: 4 || Log posterior: -754.2071168750956 || Vi score: no gt || NMI score: no gt || Iter Time:0.004711151123046875 || Total time:13.086699724197388
Iteration: 38 || Clusters count: 4 || Log posterior: -754.2071168750956 || Vi score: no gt || NMI score: no gt || Iter Time:0.004751920700073242 || Total time:13.091451644897461
Iteration: 39 || Clusters count: 4 || Log posterior: -754.2071168750956 || Vi score: no gt || NMI score: no gt || Iter Time:0.006784915924072266 || Total time:13.098236560821533
Iteration: 40 || Clusters count: 5 || Log posterior: -760.3350456089211 || Vi score: no gt || NMI score: no gt || Iter Time:0.005142927169799805 || Total time:13.103379487991333
Iteration: 41 || Clusters count: 4 || Log posterior: -754.2071168750956 || Vi score: no gt || NMI score: no gt || Iter Time:0.004598140716552734 || Total time:13.107977628707886
Iteration: 42 || Clusters count: 4 || Log posterior: -754.2071168750956 || Vi score: no gt || NMI score: no gt || Iter Time:0.00419306755065918 || Total time:13.112170696258545
Iteration: 43 || Clusters count: 4 || Log posterior: -754.2071168750956 || Vi score: no gt || NMI score: no gt || Iter Time:0.0048558712005615234 || Total time:13.117026567459106
Iteration: 44 || Clusters count: 4 || Log posterior: -754.2071168750956 || Vi score: no gt || NMI score: no gt || Iter Time:0.0040149688720703125 || Total time:13.121041536331177
Iteration: 45 || Clusters count: 4 || Log posterior: -754.2071168750956 || Vi score: no gt || NMI score: no gt || Iter Time:0.004286050796508789 || Total time:13.125327587127686
Iteration: 46 || Clusters count: 4 || Log posterior: -754.2071168750956 || Vi score: no gt || NMI score: no gt || Iter Time:0.004704952239990234 || Total time:13.130032539367676
Iteration: 47 || Clusters count: 4 || Log posterior: -754.2071168750956 || Vi score: no gt || NMI score: no gt || Iter Time:0.004623889923095703 || Total time:13.134656429290771
Iteration: 48 || Clusters count: 4 || Log posterior: -754.2071168750956 || Vi score: no gt || NMI score: no gt || Iter Time:0.0042378902435302734 || Total time:13.138894319534302
Iteration: 49 || Clusters count: 4 || Log posterior: -754.2071168750956 || Vi score: no gt || NMI score: no gt || Iter Time:0.00430607795715332 || Total time:13.143200397491455
Iteration: 50 || Clusters count: 4 || Log posterior: -754.2071168750956 || Vi score: no gt || NMI score: no gt || Iter Time:0.004034996032714844 || Total time:13.14723539352417
Iteration: 51 || Clusters count: 4 || Log posterior: -754.2071168750956 || Vi score: no gt || NMI score: no gt || Iter Time:0.0040798187255859375 || Total time:13.151315212249756
Iteration: 52 || Clusters count: 4 || Log posterior: -754.2071168750956 || Vi score: no gt || NMI score: no gt || Iter Time:0.004015922546386719 || Total time:13.155331134796143
Iteration: 53 || Clusters count: 4 || Log posterior: -754.2071168750956 || Vi score: no gt || NMI score: no gt || Iter Time:0.004497051239013672 || Total time:13.159828186035156
Iteration: 54 || Clusters count: 4 || Log posterior: -754.2071168750956 || Vi score: no gt || NMI score: no gt || Iter Time:0.004248857498168945 || Total time:13.164077043533325
Iteration: 55 || Clusters count: 4 || Log posterior: -754.2071168750956 || Vi score: no gt || NMI score: no gt || Iter Time:0.004091024398803711 || Total time:13.168168067932129
Iteration: 56 || Clusters count: 4 || Log posterior: -754.2071168750956 || Vi score: no gt || NMI score: no gt || Iter Time:0.004434108734130859 || Total time:13.17260217666626
Iteration: 57 || Clusters count: 4 || Log posterior: -754.2071168750956 || Vi score: no gt || NMI score: no gt || Iter Time:0.0039539337158203125 || Total time:13.17655611038208
Iteration: 58 || Clusters count: 4 || Log posterior: -754.2071168750956 || Vi score: no gt || NMI score: no gt || Iter Time:0.003996849060058594 || Total time:13.180552959442139
Iteration: 59 || Clusters count: 4 || Log posterior: -754.2071168750956 || Vi score: no gt || NMI score: no gt || Iter Time:0.004018068313598633 || Total time:13.184571027755737
Iteration: 60 || Clusters count: 4 || Log posterior: -754.2071168750956 || Vi score: no gt || NMI score: no gt || Iter Time:0.003997802734375 || Total time:13.188568830490112
Iteration: 61 || Clusters count: 4 || Log posterior: -754.2071168750956 || Vi score: no gt || NMI score: no gt || Iter Time:0.11073017120361328 || Total time:13.299299001693726
Iteration: 62 || Clusters count: 4 || Log posterior: -754.2071168750956 || Vi score: no gt || NMI score: no gt || Iter Time:0.008805036544799805 || Total time:13.308104038238525
Iteration: 63 || Clusters count: 4 || Log posterior: -754.2071168750956 || Vi score: no gt || NMI score: no gt || Iter Time:0.0039520263671875 || Total time:13.312056064605713
Iteration: 64 || Clusters count: 4 || Log posterior: -754.2071168750956 || Vi score: no gt || NMI score: no gt || Iter Time:0.0037839412689208984 || Total time:13.315840005874634
Iteration: 65 || Clusters count: 4 || Log posterior: -754.2071168750956 || Vi score: no gt || NMI score: no gt || Iter Time:0.0036780834197998047 || Total time:13.319518089294434
Iteration: 66 || Clusters count: 4 || Log posterior: -754.2071168750956 || Vi score: no gt || NMI score: no gt || Iter Time:0.0037009716033935547 || Total time:13.323219060897827
Iteration: 67 || Clusters count: 4 || Log posterior: -754.2071168750956 || Vi score: no gt || NMI score: no gt || Iter Time:0.003923892974853516 || Total time:13.32714295387268
Iteration: 68 || Clusters count: 4 || Log posterior: -754.2071168750956 || Vi score: no gt || NMI score: no gt || Iter Time:0.003802061080932617 || Total time:13.330945014953613
Iteration: 69 || Clusters count: 4 || Log posterior: -754.2071168750956 || Vi score: no gt || NMI score: no gt || Iter Time:0.004878044128417969 || Total time:13.335823059082031
Iteration: 70 || Clusters count: 4 || Log posterior: -754.2071168750956 || Vi score: no gt || NMI score: no gt || Iter Time:0.004003047943115234 || Total time:13.339826107025146
Iteration: 71 || Clusters count: 4 || Log posterior: -754.2071168750956 || Vi score: no gt || NMI score: no gt || Iter Time:0.003860950469970703 || Total time:13.343687057495117
Iteration: 72 || Clusters count: 4 || Log posterior: -754.2071168750956 || Vi score: no gt || NMI score: no gt || Iter Time:0.004314899444580078 || Total time:13.348001956939697
Iteration: 73 || Clusters count: 4 || Log posterior: -754.2071168750956 || Vi score: no gt || NMI score: no gt || Iter Time:0.0036351680755615234 || Total time:13.351637125015259
Iteration: 74 || Clusters count: 4 || Log posterior: -754.2071168750956 || Vi score: no gt || NMI score: no gt || Iter Time:0.004136800765991211 || Total time:13.35577392578125
Iteration: 75 || Clusters count: 4 || Log posterior: -754.2071168750956 || Vi score: no gt || NMI score: no gt || Iter Time:0.0038039684295654297 || Total time:13.359577894210815
Iteration: 76 || Clusters count: 4 || Log posterior: -754.2071168750956 || Vi score: no gt || NMI score: no gt || Iter Time:0.0037069320678710938 || Total time:13.363284826278687
Iteration: 77 || Clusters count: 4 || Log posterior: -754.2071168750956 || Vi score: no gt || NMI score: no gt || Iter Time:0.003638029098510742 || Total time:13.366922855377197
Iteration: 78 || Clusters count: 4 || Log posterior: -754.2071168750956 || Vi score: no gt || NMI score: no gt || Iter Time:0.003654956817626953 || Total time:13.370577812194824
Iteration: 79 || Clusters count: 4 || Log posterior: -754.2071168750956 || Vi score: no gt || NMI score: no gt || Iter Time:0.003838062286376953 || Total time:13.374415874481201
Iteration: 80 || Clusters count: 4 || Log posterior: -754.2071168750956 || Vi score: no gt || NMI score: no gt || Iter Time:0.004079103469848633 || Total time:13.37849497795105
Iteration: 81 || Clusters count: 4 || Log posterior: -754.2071168750956 || Vi score: no gt || NMI score: no gt || Iter Time:0.0038640499114990234 || Total time:13.382359027862549
Iteration: 82 || Clusters count: 4 || Log posterior: -754.2071168750956 || Vi score: no gt || NMI score: no gt || Iter Time:0.004058837890625 || Total time:13.386417865753174
Iteration: 83 || Clusters count: 4 || Log posterior: -754.2071168750956 || Vi score: no gt || NMI score: no gt || Iter Time:0.003412008285522461 || Total time:13.389829874038696
Iteration: 84 || Clusters count: 4 || Log posterior: -754.2071168750956 || Vi score: no gt || NMI score: no gt || Iter Time:0.0037190914154052734 || Total time:13.393548965454102
Iteration: 85 || Clusters count: 4 || Log posterior: -754.2071168750956 || Vi score: no gt || NMI score: no gt || Iter Time:0.00372314453125 || Total time:13.397272109985352
Iteration: 86 || Clusters count: 4 || Log posterior: -754.2071168750956 || Vi score: no gt || NMI score: no gt || Iter Time:0.0038650035858154297 || Total time:13.401137113571167
Iteration: 87 || Clusters count: 4 || Log posterior: -754.2071168750956 || Vi score: no gt || NMI score: no gt || Iter Time:0.004436016082763672 || Total time:13.40557312965393
Iteration: 88 || Clusters count: 4 || Log posterior: -754.2071168750956 || Vi score: no gt || NMI score: no gt || Iter Time:0.003968954086303711 || Total time:13.409542083740234
Iteration: 89 || Clusters count: 4 || Log posterior: -754.2071168750956 || Vi score: no gt || NMI score: no gt || Iter Time:0.004371166229248047 || Total time:13.413913249969482
Iteration: 90 || Clusters count: 4 || Log posterior: -754.2071168750956 || Vi score: no gt || NMI score: no gt || Iter Time:0.0039768218994140625 || Total time:13.417890071868896
Iteration: 91 || Clusters count: 4 || Log posterior: -754.2071168750956 || Vi score: no gt || NMI score: no gt || Iter Time:0.0039031505584716797 || Total time:13.421793222427368
Iteration: 92 || Clusters count: 4 || Log posterior: -754.2071168750956 || Vi score: no gt || NMI score: no gt || Iter Time:0.003709077835083008 || Total time:13.425502300262451
Iteration: 93 || Clusters count: 4 || Log posterior: -754.2071168750956 || Vi score: no gt || NMI score: no gt || Iter Time:0.004126071929931641 || Total time:13.429628372192383
Iteration: 94 || Clusters count: 4 || Log posterior: -754.2071168750956 || Vi score: no gt || NMI score: no gt || Iter Time:0.003991842269897461 || Total time:13.43362021446228
Iteration: 95 || Clusters count: 4 || Log posterior: -754.2071168750956 || Vi score: no gt || NMI score: no gt || Iter Time:0.004400014877319336 || Total time:13.4380202293396
Iteration: 96 || Clusters count: 4 || Log posterior: -754.2071168750956 || Vi score: no gt || NMI score: no gt || Iter Time:0.003901958465576172 || Total time:13.441922187805176
Iteration: 97 || Clusters count: 4 || Log posterior: -754.2071168750956 || Vi score: no gt || NMI score: no gt || Iter Time:0.0037851333618164062 || Total time:13.445707321166992
Iteration: 98 || Clusters count: 4 || Log posterior: -754.2071168750956 || Vi score: no gt || NMI score: no gt || Iter Time:0.004209995269775391 || Total time:13.449917316436768
Iteration: 99 || Clusters count: 4 || Log posterior: -754.2071168750956 || Vi score: no gt || NMI score: no gt || Iter Time:0.004064083099365234 || Total time:13.453981399536133
Iteration: 100 || Clusters count: 4 || Log posterior: -754.2071168750956 || Vi score: no gt || NMI score: no gt || Iter Time:0.0038170814514160156 || Total time:13.457798480987549
Iteration: 101 || Clusters count: 4 || Log posterior: -754.2071168750956 || Vi score: no gt || NMI score: no gt || Iter Time:0.0035851001739501953 || Total time:13.461383581161499
Iteration: 102 || Clusters count: 4 || Log posterior: -754.2071168750956 || Vi score: no gt || NMI score: no gt || Iter Time:0.003776073455810547 || Total time:13.46515965461731
Iteration: 103 || Clusters count: 4 || Log posterior: -754.2071168750956 || Vi score: no gt || NMI score: no gt || Iter Time:0.003993988037109375 || Total time:13.469153642654419
Iteration: 104 || Clusters count: 4 || Log posterior: -754.2071168750956 || Vi score: no gt || NMI score: no gt || Iter Time:0.003986835479736328 || Total time:13.473140478134155
Iteration: 105 || Clusters count: 4 || Log posterior: -754.2071168750956 || Vi score: no gt || NMI score: no gt || Iter Time:0.0042459964752197266 || Total time:13.477386474609375
Iteration: 106 || Clusters count: 4 || Log posterior: -754.2071168750956 || Vi score: no gt || NMI score: no gt || Iter Time:0.004210948944091797 || Total time:13.481597423553467
Iteration: 107 || Clusters count: 4 || Log posterior: -754.2071168750956 || Vi score: no gt || NMI score: no gt || Iter Time:0.004090070724487305 || Total time:13.485687494277954
Iteration: 108 || Clusters count: 4 || Log posterior: -754.2071168750956 || Vi score: no gt || NMI score: no gt || Iter Time:0.003913164138793945 || Total time:13.489600658416748
Iteration: 109 || Clusters count: 4 || Log posterior: -754.2071168750956 || Vi score: no gt || NMI score: no gt || Iter Time:0.004213809967041016 || Total time:13.493814468383789
Iteration: 110 || Clusters count: 4 || Log posterior: -754.2071168750956 || Vi score: no gt || NMI score: no gt || Iter Time:0.003779172897338867 || Total time:13.497593641281128
Iteration: 111 || Clusters count: 4 || Log posterior: -754.2071168750956 || Vi score: no gt || NMI score: no gt || Iter Time:0.004191875457763672 || Total time:13.501785516738892
Iteration: 112 || Clusters count: 4 || Log posterior: -754.2071168750956 || Vi score: no gt || NMI score: no gt || Iter Time:0.0039598941802978516 || Total time:13.50574541091919
Iteration: 113 || Clusters count: 4 || Log posterior: -754.2071168750956 || Vi score: no gt || NMI score: no gt || Iter Time:0.004227161407470703 || Total time:13.50997257232666
Iteration: 114 || Clusters count: 4 || Log posterior: -754.2071168750956 || Vi score: no gt || NMI score: no gt || Iter Time:0.00412297248840332 || Total time:13.514095544815063
Iteration: 115 || Clusters count: 4 || Log posterior: -754.2071168750956 || Vi score: no gt || NMI score: no gt || Iter Time:0.0038290023803710938 || Total time:13.517924547195435
Iteration: 116 || Clusters count: 4 || Log posterior: -754.2071168750956 || Vi score: no gt || NMI score: no gt || Iter Time:0.0040700435638427734 || Total time:13.521994590759277
Iteration: 117 || Clusters count: 4 || Log posterior: -754.2071168750956 || Vi score: no gt || NMI score: no gt || Iter Time:0.004163026809692383 || Total time:13.52615761756897
Iteration: 118 || Clusters count: 4 || Log posterior: -754.2071168750956 || Vi score: no gt || NMI score: no gt || Iter Time:0.0047130584716796875 || Total time:13.53087067604065
Iteration: 119 || Clusters count: 4 || Log posterior: -754.2071168750956 || Vi score: no gt || NMI score: no gt || Iter Time:0.004575014114379883 || Total time:13.53544569015503
Iteration: 120 || Clusters count: 4 || Log posterior: -754.2071168750956 || Vi score: no gt || NMI score: no gt || Iter Time:0.00487208366394043 || Total time:13.54031777381897
Iteration: 121 || Clusters count: 4 || Log posterior: -754.2071168750956 || Vi score: no gt || NMI score: no gt || Iter Time:0.0071909427642822266 || Total time:13.547508716583252
Iteration: 122 || Clusters count: 4 || Log posterior: -754.2071168750956 || Vi score: no gt || NMI score: no gt || Iter Time:0.004834890365600586 || Total time:13.552343606948853
Iteration: 123 || Clusters count: 4 || Log posterior: -754.2071168750956 || Vi score: no gt || NMI score: no gt || Iter Time:0.004434823989868164 || Total time:13.55677843093872
Iteration: 124 || Clusters count: 4 || Log posterior: -754.2071168750956 || Vi score: no gt || NMI score: no gt || Iter Time:0.004601955413818359 || Total time:13.561380386352539
Iteration: 125 || Clusters count: 4 || Log posterior: -754.2071168750956 || Vi score: no gt || NMI score: no gt || Iter Time:0.004201173782348633 || Total time:13.565581560134888
Iteration: 126 || Clusters count: 4 || Log posterior: -754.2071168750956 || Vi score: no gt || NMI score: no gt || Iter Time:0.004517078399658203 || Total time:13.570098638534546
Iteration: 127 || Clusters count: 4 || Log posterior: -754.2071168750956 || Vi score: no gt || NMI score: no gt || Iter Time:0.004563093185424805 || Total time:13.57466173171997
Iteration: 128 || Clusters count: 4 || Log posterior: -754.2071168750956 || Vi score: no gt || NMI score: no gt || Iter Time:0.004687070846557617 || Total time:13.579348802566528
Iteration: 129 || Clusters count: 4 || Log posterior: -754.2071168750956 || Vi score: no gt || NMI score: no gt || Iter Time:0.004923105239868164 || Total time:13.584271907806396
Iteration: 130 || Clusters count: 4 || Log posterior: -754.2071168750956 || Vi score: no gt || NMI score: no gt || Iter Time:0.004558086395263672 || Total time:13.58882999420166
Iteration: 131 || Clusters count: 4 || Log posterior: -754.2071168750956 || Vi score: no gt || NMI score: no gt || Iter Time:0.004709005355834961 || Total time:13.593538999557495
Iteration: 132 || Clusters count: 4 || Log posterior: -754.2071168750956 || Vi score: no gt || NMI score: no gt || Iter Time:0.03307294845581055 || Total time:13.626611948013306
Iteration: 133 || Clusters count: 4 || Log posterior: -754.2071168750956 || Vi score: no gt || NMI score: no gt || Iter Time:0.003973960876464844 || Total time:13.63058590888977
Iteration: 134 || Clusters count: 4 || Log posterior: -754.2071168750956 || Vi score: no gt || NMI score: no gt || Iter Time:0.0037851333618164062 || Total time:13.634371042251587
Iteration: 135 || Clusters count: 4 || Log posterior: -754.2071168750956 || Vi score: no gt || NMI score: no gt || Iter Time:0.003751039505004883 || Total time:13.638122081756592
Iteration: 136 || Clusters count: 4 || Log posterior: -754.2071168750956 || Vi score: no gt || NMI score: no gt || Iter Time:0.003632068634033203 || Total time:13.641754150390625
Iteration: 137 || Clusters count: 4 || Log posterior: -754.2071168750956 || Vi score: no gt || NMI score: no gt || Iter Time:0.0036652088165283203 || Total time:13.645419359207153
Iteration: 138 || Clusters count: 4 || Log posterior: -754.2071168750956 || Vi score: no gt || NMI score: no gt || Iter Time:0.0039670467376708984 || Total time:13.649386405944824
Iteration: 139 || Clusters count: 4 || Log posterior: -754.2071168750956 || Vi score: no gt || NMI score: no gt || Iter Time:0.003871917724609375 || Total time:13.653258323669434
Iteration: 140 || Clusters count: 4 || Log posterior: -754.2071168750956 || Vi score: no gt || NMI score: no gt || Iter Time:0.0037140846252441406 || Total time:13.656972408294678
Iteration: 141 || Clusters count: 4 || Log posterior: -754.2071168750956 || Vi score: no gt || NMI score: no gt || Iter Time:0.0036809444427490234 || Total time:13.660653352737427
Iteration: 142 || Clusters count: 4 || Log posterior: -754.2071168750956 || Vi score: no gt || NMI score: no gt || Iter Time:0.003882884979248047 || Total time:13.664536237716675
Iteration: 143 || Clusters count: 4 || Log posterior: -754.2071168750956 || Vi score: no gt || NMI score: no gt || Iter Time:0.003955841064453125 || Total time:13.668492078781128
Iteration: 144 || Clusters count: 4 || Log posterior: -754.2071168750956 || Vi score: no gt || NMI score: no gt || Iter Time:0.003968000411987305 || Total time:13.672460079193115
Iteration: 145 || Clusters count: 4 || Log posterior: -754.2071168750956 || Vi score: no gt || NMI score: no gt || Iter Time:0.0038650035858154297 || Total time:13.67632508277893
Iteration: 146 || Clusters count: 4 || Log posterior: -754.2071168750956 || Vi score: no gt || NMI score: no gt || Iter Time:0.003910064697265625 || Total time:13.680235147476196
Iteration: 147 || Clusters count: 4 || Log posterior: -754.2071168750956 || Vi score: no gt || NMI score: no gt || Iter Time:0.0035560131072998047 || Total time:13.683791160583496
Iteration: 148 || Clusters count: 4 || Log posterior: -754.2071168750956 || Vi score: no gt || NMI score: no gt || Iter Time:0.0037450790405273438 || Total time:13.687536239624023
Iteration: 149 || Clusters count: 4 || Log posterior: -754.2071168750956 || Vi score: no gt || NMI score: no gt || Iter Time:0.0037081241607666016 || Total time:13.69124436378479
Iteration: 150 || Clusters count: 4 || Log posterior: -754.2071168750956 || Vi score: no gt || NMI score: no gt || Iter Time:0.003942012786865234 || Total time:13.695186376571655
Iteration: 151 || Clusters count: 4 || Log posterior: -754.2071168750956 || Vi score: no gt || NMI score: no gt || Iter Time:0.003906965255737305 || Total time:13.699093341827393
Iteration: 152 || Clusters count: 4 || Log posterior: -754.2071168750956 || Vi score: no gt || NMI score: no gt || Iter Time:0.00400090217590332 || Total time:13.703094244003296
Iteration: 153 || Clusters count: 4 || Log posterior: -754.2071168750956 || Vi score: no gt || NMI score: no gt || Iter Time:0.0033597946166992188 || Total time:13.706454038619995
Iteration: 154 || Clusters count: 4 || Log posterior: -754.2071168750956 || Vi score: no gt || NMI score: no gt || Iter Time:0.0032961368560791016 || Total time:13.709750175476074
Iteration: 155 || Clusters count: 4 || Log posterior: -754.2071168750956 || Vi score: no gt || NMI score: no gt || Iter Time:0.0032739639282226562 || Total time:13.713024139404297
Iteration: 156 || Clusters count: 4 || Log posterior: -754.2071168750956 || Vi score: no gt || NMI score: no gt || Iter Time:0.003426074981689453 || Total time:13.716450214385986
Iteration: 157 || Clusters count: 4 || Log posterior: -754.2071168750956 || Vi score: no gt || NMI score: no gt || Iter Time:0.0036520957946777344 || Total time:13.720102310180664
Iteration: 158 || Clusters count: 4 || Log posterior: -754.2071168750956 || Vi score: no gt || NMI score: no gt || Iter Time:0.0034410953521728516 || Total time:13.723543405532837
Iteration: 159 || Clusters count: 4 || Log posterior: -754.2071168750956 || Vi score: no gt || NMI score: no gt || Iter Time:0.003381013870239258 || Total time:13.726924419403076
Iteration: 160 || Clusters count: 4 || Log posterior: -754.2071168750956 || Vi score: no gt || NMI score: no gt || Iter Time:0.003612995147705078 || Total time:13.730537414550781
Iteration: 161 || Clusters count: 4 || Log posterior: -754.2071168750956 || Vi score: no gt || NMI score: no gt || Iter Time:0.0038111209869384766 || Total time:13.73434853553772
Iteration: 162 || Clusters count: 4 || Log posterior: -754.2071168750956 || Vi score: no gt || NMI score: no gt || Iter Time:0.01972508430480957 || Total time:13.75407361984253
Iteration: 163 || Clusters count: 4 || Log posterior: -754.2071168750956 || Vi score: no gt || NMI score: no gt || Iter Time:0.0036017894744873047 || Total time:13.757675409317017
Iteration: 164 || Clusters count: 4 || Log posterior: -754.2071168750956 || Vi score: no gt || NMI score: no gt || Iter Time:0.0034580230712890625 || Total time:13.761133432388306
Iteration: 165 || Clusters count: 4 || Log posterior: -754.2071168750956 || Vi score: no gt || NMI score: no gt || Iter Time:0.0034699440002441406 || Total time:13.76460337638855
Iteration: 166 || Clusters count: 4 || Log posterior: -754.2071168750956 || Vi score: no gt || NMI score: no gt || Iter Time:0.019839048385620117 || Total time:13.78444242477417
Iteration: 167 || Clusters count: 4 || Log posterior: -754.2071168750956 || Vi score: no gt || NMI score: no gt || Iter Time:0.0036759376525878906 || Total time:13.788118362426758
Iteration: 168 || Clusters count: 4 || Log posterior: -754.2071168750956 || Vi score: no gt || NMI score: no gt || Iter Time:0.0037801265716552734 || Total time:13.791898488998413
Iteration: 169 || Clusters count: 4 || Log posterior: -754.2071168750956 || Vi score: no gt || NMI score: no gt || Iter Time:0.0037009716033935547 || Total time:13.795599460601807
Iteration: 170 || Clusters count: 4 || Log posterior: -754.2071168750956 || Vi score: no gt || NMI score: no gt || Iter Time:0.003368854522705078 || Total time:13.798968315124512
Iteration: 171 || Clusters count: 4 || Log posterior: -754.2071168750956 || Vi score: no gt || NMI score: no gt || Iter Time:0.0035469532012939453 || Total time:13.802515268325806
Iteration: 172 || Clusters count: 4 || Log posterior: -754.2071168750956 || Vi score: no gt || NMI score: no gt || Iter Time:0.0034508705139160156 || Total time:13.805966138839722
Iteration: 173 || Clusters count: 4 || Log posterior: -754.2071168750956 || Vi score: no gt || NMI score: no gt || Iter Time:0.003164052963256836 || Total time:13.809130191802979
Iteration: 174 || Clusters count: 4 || Log posterior: -754.2071168750956 || Vi score: no gt || NMI score: no gt || Iter Time:0.002691030502319336 || Total time:13.811821222305298
Iteration: 175 || Clusters count: 4 || Log posterior: -754.2071168750956 || Vi score: no gt || NMI score: no gt || Iter Time:0.0034949779510498047 || Total time:13.815316200256348
Iteration: 176 || Clusters count: 4 || Log posterior: -754.2071168750956 || Vi score: no gt || NMI score: no gt || Iter Time:0.003618955612182617 || Total time:13.81893515586853
Iteration: 177 || Clusters count: 4 || Log posterior: -754.2071168750956 || Vi score: no gt || NMI score: no gt || Iter Time:0.0037050247192382812 || Total time:13.822640180587769
Iteration: 178 || Clusters count: 4 || Log posterior: -754.2071168750956 || Vi score: no gt || NMI score: no gt || Iter Time:0.0041501522064208984 || Total time:13.82679033279419
Iteration: 179 || Clusters count: 4 || Log posterior: -754.2071168750956 || Vi score: no gt || NMI score: no gt || Iter Time:0.0035979747772216797 || Total time:13.830388307571411
Iteration: 180 || Clusters count: 4 || Log posterior: -754.2071168750956 || Vi score: no gt || NMI score: no gt || Iter Time:0.003762960433959961 || Total time:13.834151268005371
Iteration: 181 || Clusters count: 4 || Log posterior: -754.2071168750956 || Vi score: no gt || NMI score: no gt || Iter Time:0.003771066665649414 || Total time:13.83792233467102
Iteration: 182 || Clusters count: 4 || Log posterior: -754.2071168750956 || Vi score: no gt || NMI score: no gt || Iter Time:0.003962039947509766 || Total time:13.84188437461853
Iteration: 183 || Clusters count: 4 || Log posterior: -754.2071168750956 || Vi score: no gt || NMI score: no gt || Iter Time:0.0038709640502929688 || Total time:13.845755338668823
Iteration: 184 || Clusters count: 4 || Log posterior: -754.2071168750956 || Vi score: no gt || NMI score: no gt || Iter Time:0.0037441253662109375 || Total time:13.849499464035034
Iteration: 185 || Clusters count: 4 || Log posterior: -754.2071168750956 || Vi score: no gt || NMI score: no gt || Iter Time:0.003732919692993164 || Total time:13.853232383728027
Iteration: 186 || Clusters count: 4 || Log posterior: -754.2071168750956 || Vi score: no gt || NMI score: no gt || Iter Time:0.0034711360931396484 || Total time:13.856703519821167
Iteration: 187 || Clusters count: 4 || Log posterior: -754.2071168750956 || Vi score: no gt || NMI score: no gt || Iter Time:0.003383159637451172 || Total time:13.860086679458618
Iteration: 188 || Clusters count: 4 || Log posterior: -754.2071168750956 || Vi score: no gt || NMI score: no gt || Iter Time:0.0035200119018554688 || Total time:13.863606691360474
Iteration: 189 || Clusters count: 4 || Log posterior: -754.2071168750956 || Vi score: no gt || NMI score: no gt || Iter Time:0.0035490989685058594 || Total time:13.86715579032898
Iteration: 190 || Clusters count: 4 || Log posterior: -754.2071168750956 || Vi score: no gt || NMI score: no gt || Iter Time:0.004018068313598633 || Total time:13.871173858642578
Iteration: 191 || Clusters count: 4 || Log posterior: -754.2071168750956 || Vi score: no gt || NMI score: no gt || Iter Time:0.0036878585815429688 || Total time:13.874861717224121
Iteration: 192 || Clusters count: 4 || Log posterior: -754.2071168750956 || Vi score: no gt || NMI score: no gt || Iter Time:0.0035009384155273438 || Total time:13.878362655639648
Iteration: 193 || Clusters count: 4 || Log posterior: -754.2071168750956 || Vi score: no gt || NMI score: no gt || Iter Time:0.0037500858306884766 || Total time:13.882112741470337
Iteration: 194 || Clusters count: 4 || Log posterior: -754.2071168750956 || Vi score: no gt || NMI score: no gt || Iter Time:0.003564119338989258 || Total time:13.885676860809326
Iteration: 195 || Clusters count: 4 || Log posterior: -754.2071168750956 || Vi score: no gt || NMI score: no gt || Iter Time:0.0035409927368164062 || Total time:13.889217853546143
Iteration: 196 || Clusters count: 4 || Log posterior: -754.2071168750956 || Vi score: no gt || NMI score: no gt || Iter Time:0.0036308765411376953 || Total time:13.89284873008728
Iteration: 197 || Clusters count: 4 || Log posterior: -754.2071168750956 || Vi score: no gt || NMI score: no gt || Iter Time:0.003732919692993164 || Total time:13.896581649780273
Iteration: 198 || Clusters count: 4 || Log posterior: -754.2071168750956 || Vi score: no gt || NMI score: no gt || Iter Time:0.003821134567260742 || Total time:13.900402784347534
Iteration: 199 || Clusters count: 4 || Log posterior: -754.2071168750956 || Vi score: no gt || NMI score: no gt || Iter Time:0.0038280487060546875 || Total time:13.904230833053589
Iteration: 200 || Clusters count: 4 || Log posterior: -754.2071168750956 || Vi score: no gt || NMI score: no gt || Iter Time:1.3419020175933838 || Total time:15.246132850646973
Float32[0.2316417, 0.24013688, 0.18123835, 0.24785288]
Test Summary:                 | Pass  Total
Testing Module (Determinstic) |   10     10
[3798, 7510, 25856, 10044, 13467, 3032, 14417, 11925, 8916, 1035]
Loading and distributing data:
  0.003090 seconds (133 allocations: 1.151 MiB)
Node Leaders:
Dict{Any,Any}(1 => Any[1])
Iteration: 1 || Clusters count: 1 || Log posterior: -7445.937491691671 || Vi score: 2.0708648708156385 || NMI score: -4.288925039084297e-16 || Iter Time:0.43126416206359863 || Total time:0.43126416206359863
Iteration: 2 || Clusters count: 1 || Log posterior: -7445.937491691671 || Vi score: 2.0708648708156385 || NMI score: -4.288925039084297e-16 || Iter Time:0.45799708366394043 || Total time:0.8892612457275391
Iteration: 3 || Clusters count: 1 || Log posterior: -7445.937491691671 || Vi score: 2.0708648708156385 || NMI score: -4.288925039084297e-16 || Iter Time:0.3804190158843994 || Total time:1.2696802616119385
Iteration: 4 || Clusters count: 1 || Log posterior: -7445.937491691671 || Vi score: 2.0708648708156385 || NMI score: -4.288925039084297e-16 || Iter Time:0.41060614585876465 || Total time:1.6802864074707031
Iteration: 5 || Clusters count: 1 || Log posterior: -7445.937491691671 || Vi score: 2.0708648708156385 || NMI score: -4.288925039084297e-16 || Iter Time:0.19539594650268555 || Total time:1.8756823539733887
Iteration: 6 || Clusters count: 1 || Log posterior: -7445.937491691671 || Vi score: 2.0708648708156385 || NMI score: -4.288925039084297e-16 || Iter Time:0.4253559112548828 || Total time:2.3010382652282715
Iteration: 7 || Clusters count: 1 || Log posterior: -7445.937491691671 || Vi score: 2.0708648708156385 || NMI score: -4.288925039084297e-16 || Iter Time:0.4389050006866455 || Total time:2.739943265914917
Iteration: 8 || Clusters count: 1 || Log posterior: -7445.937491691671 || Vi score: 2.0708648708156385 || NMI score: -4.288925039084297e-16 || Iter Time:0.1793060302734375 || Total time:2.9192492961883545
Iteration: 9 || Clusters count: 1 || Log posterior: -7445.937491691671 || Vi score: 2.0708648708156385 || NMI score: -4.288925039084297e-16 || Iter Time:0.30178189277648926 || Total time:3.2210311889648438
Iteration: 10 || Clusters count: 1 || Log posterior: -7445.937491691671 || Vi score: 2.0708648708156385 || NMI score: -4.288925039084297e-16 || Iter Time:0.5122179985046387 || Total time:3.7332491874694824
Iteration: 11 || Clusters count: 1 || Log posterior: -7445.937491691671 || Vi score: 2.0708648708156385 || NMI score: -4.288925039084297e-16 || Iter Time:0.3398149013519287 || Total time:4.073064088821411
Iteration: 12 || Clusters count: 1 || Log posterior: -7445.937491691671 || Vi score: 2.0708648708156385 || NMI score: -4.288925039084297e-16 || Iter Time:0.7488729953765869 || Total time:4.821937084197998
Iteration: 13 || Clusters count: 1 || Log posterior: -7445.937491691671 || Vi score: 2.0708648708156385 || NMI score: -4.288925039084297e-16 || Iter Time:0.4405250549316406 || Total time:5.262462139129639
Iteration: 14 || Clusters count: 2 || Log posterior: 64511.0710955495 || Vi score: 1.6949263658285303 || NMI score: 0.38383857014044875 || Iter Time:0.3966500759124756 || Total time:5.659112215042114
Iteration: 15 || Clusters count: 2 || Log posterior: 79069.89069899259 || Vi score: 1.577584953710743 || NMI score: 0.42388797960445 || Iter Time:0.5956389904022217 || Total time:6.254751205444336
Iteration: 16 || Clusters count: 2 || Log posterior: 94250.28984888736 || Vi score: 1.4745729472667002 || NMI score: 0.4599817339075402 || Iter Time:0.6071040630340576 || Total time:6.8618552684783936
Iteration: 17 || Clusters count: 2 || Log posterior: 96028.54381998716 || Vi score: 1.456021765687406 || NMI score: 0.46652863968993513 || Iter Time:0.49506592750549316 || Total time:7.356921195983887
Iteration: 18 || Clusters count: 2 || Log posterior: 96198.79517468158 || Vi score: 1.4512430677929433 || NMI score: 0.46819566769192156 || Iter Time:0.5541470050811768 || Total time:7.9110682010650635
Iteration: 19 || Clusters count: 2 || Log posterior: 96216.63875445072 || Vi score: 1.452503872957127 || NMI score: 0.46774416843192923 || Iter Time:0.4723520278930664 || Total time:8.38342022895813
Iteration: 20 || Clusters count: 2 || Log posterior: 96241.1080823773 || Vi score: 1.450315618163847 || NMI score: 0.4685102844249672 || Iter Time:0.1656630039215088 || Total time:8.549083232879639
Iteration: 21 || Clusters count: 2 || Log posterior: 96284.82684954349 || Vi score: 1.450452660301933 || NMI score: 0.46845901023054526 || Iter Time:0.13712000846862793 || Total time:8.686203241348267
Iteration: 22 || Clusters count: 2 || Log posterior: 96230.13887318317 || Vi score: 1.4530168961696612 || NMI score: 0.46754881070824267 || Iter Time:0.15031003952026367 || Total time:8.83651328086853
Iteration: 23 || Clusters count: 2 || Log posterior: 96217.60832127271 || Vi score: 1.4518660475440097 || NMI score: 0.4679273412343381 || Iter Time:0.15181207656860352 || Total time:8.988325357437134
Iteration: 24 || Clusters count: 2 || Log posterior: 96292.82657774631 || Vi score: 1.4513113346177424 || NMI score: 0.4681611841150123 || Iter Time:0.5380170345306396 || Total time:9.526342391967773
Iteration: 25 || Clusters count: 2 || Log posterior: 96266.51395901386 || Vi score: 1.4514932217771235 || NMI score: 0.4681018958918288 || Iter Time:0.7369949817657471 || Total time:10.26333737373352
Iteration: 26 || Clusters count: 2 || Log posterior: 96263.76417931257 || Vi score: 1.4515049753263654 || NMI score: 0.4680839073247916 || Iter Time:0.6152548789978027 || Total time:10.878592252731323
Iteration: 27 || Clusters count: 2 || Log posterior: 96181.13938387576 || Vi score: 1.4517880596642865 || NMI score: 0.46796752398050884 || Iter Time:0.6559529304504395 || Total time:11.534545183181763
Iteration: 28 || Clusters count: 2 || Log posterior: 96255.38938387576 || Vi score: 1.4517880596642865 || NMI score: 0.46796752398050884 || Iter Time:0.20957684516906738 || Total time:11.74412202835083
Iteration: 29 || Clusters count: 4 || Log posterior: 257786.51767953578 || Vi score: 0.797815152349633 || NMI score: 0.7643086879343179 || Iter Time:0.26616501808166504 || Total time:12.010287046432495
Iteration: 30 || Clusters count: 4 || Log posterior: 279695.1200621957 || Vi score: 0.7663305481476216 || NMI score: 0.7733147978086516 || Iter Time:0.3318369388580322 || Total time:12.342123985290527
Iteration: 31 || Clusters count: 4 || Log posterior: 279716.3700693482 || Vi score: 0.7660304272392143 || NMI score: 0.7734034915004312 || Iter Time:0.6637639999389648 || Total time:13.005887985229492
Iteration: 32 || Clusters count: 4 || Log posterior: 279702.3076094026 || Vi score: 0.7663401598217358 || NMI score: 0.7733112920291468 || Iter Time:0.6861510276794434 || Total time:13.692039012908936
Iteration: 33 || Clusters count: 4 || Log posterior: 279707.5731514329 || Vi score: 0.7660812804805734 || NMI score: 0.7733890278156419 || Iter Time:0.6865479946136475 || Total time:14.378587007522583
Iteration: 34 || Clusters count: 4 || Log posterior: 279726.6825765008 || Vi score: 0.7657020371019202 || NMI score: 0.7735005474247512 || Iter Time:0.7563681602478027 || Total time:15.134955167770386
Iteration: 35 || Clusters count: 4 || Log posterior: 279759.90125497524 || Vi score: 0.7648124730290502 || NMI score: 0.7737646712803022 || Iter Time:0.6847269535064697 || Total time:15.819682121276855
Iteration: 36 || Clusters count: 4 || Log posterior: 279728.80754646 || Vi score: 0.765155016133246 || NMI score: 0.7736627701006519 || Iter Time:0.8770239353179932 || Total time:16.69670605659485
Iteration: 37 || Clusters count: 4 || Log posterior: 279704.94817002956 || Vi score: 0.7664059609734717 || NMI score: 0.7732927388278378 || Iter Time:0.5554490089416504 || Total time:17.2521550655365
Iteration: 38 || Clusters count: 4 || Log posterior: 279726.68250926683 || Vi score: 0.7653455388202174 || NMI score: 0.7736069081509658 || Iter Time:0.14220309257507324 || Total time:17.394358158111572
Iteration: 39 || Clusters count: 4 || Log posterior: 279736.08879502956 || Vi score: 0.7655963589233361 || NMI score: 0.7735322203007845 || Iter Time:0.12771916389465332 || Total time:17.522077322006226
Iteration: 40 || Clusters count: 4 || Log posterior: 279756.9637435311 || Vi score: 0.7645819502467978 || NMI score: 0.773833024363275 || Iter Time:0.15220880508422852 || Total time:17.674286127090454
Iteration: 41 || Clusters count: 4 || Log posterior: 279684.557590806 || Vi score: 0.7668584895253494 || NMI score: 0.7731582169125243 || Iter Time:0.40947794914245605 || Total time:18.08376407623291
Iteration: 42 || Clusters count: 4 || Log posterior: 279663.9481972093 || Vi score: 0.7673208986731265 || NMI score: 0.7730216836393233 || Iter Time:0.5475859642028809 || Total time:18.63135004043579
Iteration: 43 || Clusters count: 4 || Log posterior: 279703.0106743211 || Vi score: 0.7669014902399274 || NMI score: 0.7731460775072116 || Iter Time:0.6901350021362305 || Total time:19.32148504257202
Iteration: 44 || Clusters count: 6 || Log posterior: 386730.1361137266 || Vi score: 0.654040273388814 || NMI score: 0.82593861209589 || Iter Time:0.25911402702331543 || Total time:19.580599069595337
Iteration: 45 || Clusters count: 6 || Log posterior: 389657.8619767064 || Vi score: 0.6511173325726523 || NMI score: 0.8267228866339339 || Iter Time:0.537477970123291 || Total time:20.118077039718628
Iteration: 46 || Clusters count: 6 || Log posterior: 390047.6080280179 || Vi score: 0.6492730509429502 || NMI score: 0.8271967198905463 || Iter Time:0.7630710601806641 || Total time:20.881148099899292
Iteration: 47 || Clusters count: 6 || Log posterior: 390352.8716855878 || Vi score: 0.6460584550786326 || NMI score: 0.8280260860088263 || Iter Time:0.6685581207275391 || Total time:21.54970622062683
Iteration: 48 || Clusters count: 6 || Log posterior: 390574.5502181882 || Vi score: 0.6424232596693614 || NMI score: 0.8289639054318466 || Iter Time:0.8446249961853027 || Total time:22.394331216812134
Iteration: 49 || Clusters count: 6 || Log posterior: 391032.3434215421 || Vi score: 0.6356646547268201 || NMI score: 0.8307105643530649 || Iter Time:0.5554380416870117 || Total time:22.949769258499146
Iteration: 50 || Clusters count: 6 || Log posterior: 391482.86366089527 || Vi score: 0.6279564497110739 || NMI score: 0.8327093692375342 || Iter Time:0.39119386672973633 || Total time:23.340963125228882
Iteration: 51 || Clusters count: 6 || Log posterior: 392052.5358496541 || Vi score: 0.6189843099938289 || NMI score: 0.8350316830104704 || Iter Time:0.7157309055328369 || Total time:24.05669403076172
Iteration: 52 || Clusters count: 6 || Log posterior: 393012.9892564649 || Vi score: 0.6041152371278167 || NMI score: 0.8388970065911481 || Iter Time:0.4767649173736572 || Total time:24.533458948135376
Iteration: 53 || Clusters count: 6 || Log posterior: 394223.282013976 || Vi score: 0.5854697076661597 || NMI score: 0.8437623276205741 || Iter Time:0.5341918468475342 || Total time:25.06765079498291
Iteration: 54 || Clusters count: 6 || Log posterior: 396533.0028949613 || Vi score: 0.5560549336838758 || NMI score: 0.851488846930718 || Iter Time:0.5061719417572021 || Total time:25.573822736740112
Iteration: 55 || Clusters count: 6 || Log posterior: 401386.7976675861 || Vi score: 0.522120081900054 || NMI score: 0.8605092115419344 || Iter Time:0.39293789863586426 || Total time:25.966760635375977
Iteration: 56 || Clusters count: 6 || Log posterior: 406266.24925764743 || Vi score: 0.5181710651951057 || NMI score: 0.8617473854468258 || Iter Time:0.49243617057800293 || Total time:26.45919680595398
Iteration: 57 || Clusters count: 6 || Log posterior: 429389.96399649326 || Vi score: 0.5043555651821431 || NMI score: 0.8656273771832488 || Iter Time:0.520941972732544 || Total time:26.980138778686523
Iteration: 58 || Clusters count: 6 || Log posterior: 431022.04664858524 || Vi score: 0.5040553531479124 || NMI score: 0.8657470958367185 || Iter Time:0.6922619342803955 || Total time:27.67240071296692
Iteration: 59 || Clusters count: 8 || Log posterior: 480685.49197181413 || Vi score: 0.3948678250512324 || NMI score: 0.9000815756719535 || Iter Time:0.4906461238861084 || Total time:28.163046836853027
Iteration: 60 || Clusters count: 8 || Log posterior: 484198.2386620874 || Vi score: 0.36710007558243707 || NMI score: 0.9069465092598378 || Iter Time:0.7338941097259521 || Total time:28.89694094657898
Iteration: 61 || Clusters count: 8 || Log posterior: 487142.73722752277 || Vi score: 0.3347631670349714 || NMI score: 0.9148558859658814 || Iter Time:0.7596530914306641 || Total time:29.656594038009644
Iteration: 62 || Clusters count: 8 || Log posterior: 488797.9037776822 || Vi score: 0.3135301787874784 || NMI score: 0.9200635020891624 || Iter Time:0.7989261150360107 || Total time:30.455520153045654
Iteration: 63 || Clusters count: 8 || Log posterior: 489784.9589804048 || Vi score: 0.3000635265531826 || NMI score: 0.9234119810636389 || Iter Time:0.8235149383544922 || Total time:31.279035091400146
Iteration: 64 || Clusters count: 8 || Log posterior: 490486.622043931 || Vi score: 0.2960442730040393 || NMI score: 0.9244653157691881 || Iter Time:0.6850101947784424 || Total time:31.96404528617859
Iteration: 65 || Clusters count: 8 || Log posterior: 490567.9219160909 || Vi score: 0.3013690611422951 || NMI score: 0.9232933719189417 || Iter Time:0.8747849464416504 || Total time:32.83883023262024
Iteration: 66 || Clusters count: 8 || Log posterior: 490846.4898599023 || Vi score: 0.306211388698239 || NMI score: 0.9222314352565794 || Iter Time:0.6228270530700684 || Total time:33.46165728569031
Iteration: 67 || Clusters count: 9 || Log posterior: 506472.52906151954 || Vi score: 0.23974323420751137 || NMI score: 0.9418580513319841 || Iter Time:0.8066060543060303 || Total time:34.26826333999634
Iteration: 68 || Clusters count: 10 || Log posterior: 542666.299627387 || Vi score: 0.14605584651398093 || NMI score: 0.9649650659274196 || Iter Time:0.49772214889526367 || Total time:34.7659854888916
Iteration: 69 || Clusters count: 10 || Log posterior: 567017.1939941281 || Vi score: 0.09088495677659932 || NMI score: 0.978176783964113 || Iter Time:0.5240180492401123 || Total time:35.290003538131714
Iteration: 70 || Clusters count: 10 || Log posterior: 571462.8333648079 || Vi score: 0.05836939259285075 || NMI score: 0.9859680283600567 || Iter Time:0.8804831504821777 || Total time:36.17048668861389
Iteration: 71 || Clusters count: 10 || Log posterior: 576180.5703538293 || Vi score: 0.03804609898835345 || NMI score: 0.9908423247461431 || Iter Time:0.3719179630279541 || Total time:36.542404651641846
Iteration: 72 || Clusters count: 10 || Log posterior: 576895.2186423177 || Vi score: 0.029867227028434362 || NMI score: 0.9928050777108274 || Iter Time:0.4254329204559326 || Total time:36.96783757209778
Iteration: 73 || Clusters count: 10 || Log posterior: 577573.8542042607 || Vi score: 0.020544402085205946 || NMI score: 0.9950465799741053 || Iter Time:1.0297698974609375 || Total time:37.997607469558716
Iteration: 74 || Clusters count: 11 || Log posterior: 579343.0767395132 || Vi score: 0.007533472840358715 || NMI score: 0.9981843303066636 || Iter Time:0.9192800521850586 || Total time:38.916887521743774
Iteration: 75 || Clusters count: 11 || Log posterior: 579404.5764753455 || Vi score: 0.006318305552821224 || NMI score: 0.9984768002971643 || Iter Time:0.5931329727172852 || Total time:39.51002049446106
Iteration: 76 || Clusters count: 11 || Log posterior: 579501.6153227919 || Vi score: 0.005051946682665099 || NMI score: 0.9987817186767026 || Iter Time:0.5209789276123047 || Total time:40.030999422073364
Iteration: 77 || Clusters count: 11 || Log posterior: 579601.6282109851 || Vi score: 0.00387596057099282 || NMI score: 0.9990650436029332 || Iter Time:0.7785098552703857 || Total time:40.80950927734375
Iteration: 78 || Clusters count: 11 || Log posterior: 579685.6017107599 || Vi score: 0.0029038018389576465 || NMI score: 0.9992993827298602 || Iter Time:0.8518269062042236 || Total time:41.661336183547974
Iteration: 79 || Clusters count: 11 || Log posterior: 579808.2516400451 || Vi score: 0.001900880883068661 || NMI score: 0.9995412523324979 || Iter Time:1.124474048614502 || Total time:42.785810232162476
Iteration: 80 || Clusters count: 11 || Log posterior: 579885.2500666017 || Vi score: 0.0008925941681214056 || NMI score: 0.9997845340231944 || Iter Time:0.6062319278717041 || Total time:43.39204216003418
Iteration: 81 || Clusters count: 11 || Log posterior: 579931.3642955058 || Vi score: 0.000522161400561591 || NMI score: 0.9998739409798193 || Iter Time:0.9464890956878662 || Total time:44.338531255722046
Iteration: 82 || Clusters count: 11 || Log posterior: 579963.0218898887 || Vi score: 0.0001846142079316812 || NMI score: 0.9999554278065477 || Iter Time:0.8095581531524658 || Total time:45.14808940887451
Iteration: 83 || Clusters count: 10 || Log posterior: 579945.2269900674 || Vi score: -0.0 || NMI score: 1.0 || Iter Time:0.6177399158477783 || Total time:45.76582932472229
Iteration: 84 || Clusters count: 10 || Log posterior: 579945.2269900674 || Vi score: -0.0 || NMI score: 1.0 || Iter Time:0.34537386894226074 || Total time:46.11120319366455
Iteration: 85 || Clusters count: 10 || Log posterior: 579945.2269900674 || Vi score: -0.0 || NMI score: 1.0 || Iter Time:0.5351359844207764 || Total time:46.64633917808533
Iteration: 86 || Clusters count: 10 || Log posterior: 579945.2269900674 || Vi score: -0.0 || NMI score: 1.0 || Iter Time:0.5205168724060059 || Total time:47.16685605049133
Iteration: 87 || Clusters count: 10 || Log posterior: 579945.2269900674 || Vi score: -0.0 || NMI score: 1.0 || Iter Time:0.6415398120880127 || Total time:47.808395862579346
Iteration: 88 || Clusters count: 10 || Log posterior: 579945.2269900674 || Vi score: -0.0 || NMI score: 1.0 || Iter Time:0.6241059303283691 || Total time:48.432501792907715
Iteration: 89 || Clusters count: 10 || Log posterior: 579945.2269900674 || Vi score: -0.0 || NMI score: 1.0 || Iter Time:0.7204949855804443 || Total time:49.15299677848816
Iteration: 90 || Clusters count: 10 || Log posterior: 579945.2269900674 || Vi score: -0.0 || NMI score: 1.0 || Iter Time:0.6183478832244873 || Total time:49.77134466171265
Iteration: 91 || Clusters count: 10 || Log posterior: 579945.2269900674 || Vi score: -0.0 || NMI score: 1.0 || Iter Time:0.5901460647583008 || Total time:50.36149072647095
Iteration: 92 || Clusters count: 10 || Log posterior: 579945.2269900674 || Vi score: -0.0 || NMI score: 1.0 || Iter Time:0.9107139110565186 || Total time:51.272204637527466
Iteration: 93 || Clusters count: 10 || Log posterior: 579945.2269900674 || Vi score: -0.0 || NMI score: 1.0 || Iter Time:0.4179821014404297 || Total time:51.690186738967896
Iteration: 94 || Clusters count: 10 || Log posterior: 579945.2269900674 || Vi score: -0.0 || NMI score: 1.0 || Iter Time:0.7792708873748779 || Total time:52.46945762634277
Iteration: 95 || Clusters count: 10 || Log posterior: 579945.2269900674 || Vi score: -0.0 || NMI score: 1.0 || Iter Time:0.9799070358276367 || Total time:53.44936466217041
Iteration: 96 || Clusters count: 10 || Log posterior: 579945.2269900674 || Vi score: -0.0 || NMI score: 1.0 || Iter Time:0.8718810081481934 || Total time:54.3212456703186
Iteration: 97 || Clusters count: 10 || Log posterior: 579945.2269900674 || Vi score: -0.0 || NMI score: 1.0 || Iter Time:0.727531909942627 || Total time:55.04877758026123
Iteration: 98 || Clusters count: 10 || Log posterior: 579945.2269900674 || Vi score: -0.0 || NMI score: 1.0 || Iter Time:0.5255861282348633 || Total time:55.574363708496094
Iteration: 99 || Clusters count: 10 || Log posterior: 579945.2269900674 || Vi score: -0.0 || NMI score: 1.0 || Iter Time:0.6673040390014648 || Total time:56.24166774749756
Iteration: 100 || Clusters count: 10 || Log posterior: 579945.2269900674 || Vi score: -0.0 || NMI score: 1.0 || Iter Time:0.9844729900360107 || Total time:57.22614073753357
Test Summary:                | Pass  Total
Testing Module (Random mess) |    1      1
Multinomial Module And save load: Error During Test at /home/pkgeval/.julia/packages/DPMMSubClusters/zyveC/test/module_tests.jl:41
  Got exception outside of a @test
  SystemError: opening file "save_load_test/mnm_data.npy": Permission denied
  Stacktrace:
   [1] #systemerror#44(::Nothing, ::typeof(systemerror), ::String, ::Bool) at ./error.jl:134
   [2] systemerror at ./error.jl:134 [inlined]
   [3] #open#512(::Nothing, ::Nothing, ::Nothing, ::Bool, ::Nothing, ::typeof(open), ::String) at ./iostream.jl:254
   [4] #open at ./none:0 [inlined]
   [5] open(::String, ::String) at ./iostream.jl:310
   [6] npzwrite(::String, ::Adjoint{Float32,Array{Float32,2}}) at /home/pkgeval/.julia/packages/NPZ/OBINJ/src/NPZ.jl:305
   [7] top-level scope at /home/pkgeval/.julia/packages/DPMMSubClusters/zyveC/test/module_tests.jl:46
   [8] top-level scope at /workspace/srcdir/julia/usr/share/julia/stdlib/v1.3/Test/src/Test.jl:1107
   [9] top-level scope at /home/pkgeval/.julia/packages/DPMMSubClusters/zyveC/test/module_tests.jl:42
   [10] include at ./boot.jl:328 [inlined]
   [11] include_relative(::Module, ::String) at ./loading.jl:1105
   [12] include(::Module, ::String) at ./Base.jl:31
   [13] include(::String) at ./client.jl:424
   [14] top-level scope at /home/pkgeval/.julia/packages/DPMMSubClusters/zyveC/test/runtests.jl:11
   [15] include at ./boot.jl:328 [inlined]
   [16] include_relative(::Module, ::String) at ./loading.jl:1105
   [17] include(::Module, ::String) at ./Base.jl:31
   [18] include(::String) at ./client.jl:424
   [19] top-level scope at none:6
   [20] eval(::Module, ::Any) at ./boot.jl:330
   [21] exec_options(::Base.JLOptions) at ./client.jl:263
   [22] _start() at ./client.jl:460
  
Test Summary:                    | Pass  Error  Total
Multinomial Module And save load |    2      1      3
ERROR: LoadError: LoadError: Some tests did not pass: 2 passed, 0 failed, 1 errored, 0 broken.
in expression starting at /home/pkgeval/.julia/packages/DPMMSubClusters/zyveC/test/module_tests.jl:41
in expression starting at /home/pkgeval/.julia/packages/DPMMSubClusters/zyveC/test/runtests.jl:11
ERROR: Package DPMMSubClusters errored during testing
Stacktrace:
 [1] pkgerror(::String, ::Vararg{String,N} where N) at /workspace/srcdir/julia/usr/share/julia/stdlib/v1.3/Pkg/src/Types.jl:113
 [2] #test#131(::Bool, ::Nothing, ::Cmd, ::Cmd, ::typeof(Pkg.Operations.test), ::Pkg.Types.Context, ::Array{Pkg.Types.PackageSpec,1}) at /workspace/srcdir/julia/usr/share/julia/stdlib/v1.3/Pkg/src/Operations.jl:1370
 [3] #test at ./none:0 [inlined]
 [4] #test#62(::Bool, ::Nothing, ::Cmd, ::Cmd, ::Base.Iterators.Pairs{Union{},Union{},Tuple{},NamedTuple{(),Tuple{}}}, ::typeof(Pkg.API.test), ::Pkg.Types.Context, ::Array{Pkg.Types.PackageSpec,1}) at /workspace/srcdir/julia/usr/share/julia/stdlib/v1.3/Pkg/src/API.jl:253
 [5] test(::Pkg.Types.Context, ::Array{Pkg.Types.PackageSpec,1}) at /workspace/srcdir/julia/usr/share/julia/stdlib/v1.3/Pkg/src/API.jl:239
 [6] #test#61 at /workspace/srcdir/julia/usr/share/julia/stdlib/v1.3/Pkg/src/API.jl:233 [inlined]
 [7] test at /workspace/srcdir/julia/usr/share/julia/stdlib/v1.3/Pkg/src/API.jl:233 [inlined]
 [8] #test#60 at /workspace/srcdir/julia/usr/share/julia/stdlib/v1.3/Pkg/src/API.jl:232 [inlined]
 [9] test at /workspace/srcdir/julia/usr/share/julia/stdlib/v1.3/Pkg/src/API.jl:232 [inlined]
 [10] #test#59(::Base.Iterators.Pairs{Union{},Union{},Tuple{},NamedTuple{(),Tuple{}}}, ::typeof(Pkg.API.test), ::String) at /workspace/srcdir/julia/usr/share/julia/stdlib/v1.3/Pkg/src/API.jl:231
 [11] test(::String) at /workspace/srcdir/julia/usr/share/julia/stdlib/v1.3/Pkg/src/API.jl:231
 [12] top-level scope at none:12
