Current time is 2020-10-25T20:51:15.156
Julia Version 1.5.3-pre.13
Commit 3de1115e9c (2020-10-23 21:58 UTC)
Platform Info:
  OS: Linux (x86_64-linux-gnu)
  CPU: AMD EPYC 7502 32-Core Processor
  WORD_SIZE: 64
  LIBM: libopenlibm
  LLVM: libLLVM-9.0.1 (ORCJIT, znver2)
Environment:
  JULIA_DEPOT_PATH = ::/usr/local/share/julia
  JULIA_NUM_THREADS = 2
  JULIA_MAX_NUM_PRECOMPILE_FILES = 9223372036854775807
  JULIA_PKG_SERVER = 

Starting installation at 2020-10-25T20:51:18.569
  Resolving package versions...
  Installed CEnum ─ v0.4.1
  Installed LLVM ── v3.2.0
Updating `~/.julia/environments/v1.5/Project.toml`
  [929cbde3] + LLVM v3.2.0
Updating `~/.julia/environments/v1.5/Manifest.toml`
  [fa961155] + CEnum v0.4.1
  [929cbde3] + LLVM v3.2.0
  [8f399da3] + Libdl
  [de0858da] + Printf
  [4ec0a83e] + Unicode
Starting tests at 2020-10-25T20:51:21.964
    Testing LLVM
Status `/tmp/jl_kl3i8X/Project.toml`
  [fa961155] CEnum v0.4.1
  [929cbde3] LLVM v3.2.0
  [b77e0a4c] InteractiveUtils
  [8f399da3] Libdl
  [de0858da] Printf
  [8dfed614] Test
  [4ec0a83e] Unicode
Status `/tmp/jl_kl3i8X/Manifest.toml`
  [fa961155] CEnum v0.4.1
  [929cbde3] LLVM v3.2.0
  [2a0f44e3] Base64
  [8ba89e20] Distributed
  [b77e0a4c] InteractiveUtils
  [8f399da3] Libdl
  [56ddb016] Logging
  [d6f4376e] Markdown
  [de0858da] Printf
  [9a3f8284] Random
  [9e88b42a] Serialization
  [6462fe0b] Sockets
  [8dfed614] Test
  [4ec0a83e] Unicode
Test Summary: | Pass  Total
LLVM          |  550    550
    Testing LLVM tests passed 
Finished at 2020-10-25T20:52:40.386
