Julia Version 1.5.1-pre.28
Commit 0d71d8cd8b (2020-08-14 20:35 UTC)
Platform Info:
  OS: Linux (x86_64-linux-gnu)
  CPU: Intel(R) Xeon(R) Silver 4114 CPU @ 2.20GHz
  WORD_SIZE: 64
  LIBM: libopenlibm
  LLVM: libLLVM-9.0.1 (ORCJIT, skylake-avx512)
Environment:
  JULIA_DEPOT_PATH = ::/usr/local/share/julia
  JULIA_NUM_THREADS = 2

  Resolving package versions...
  Installed Kwonly ─ v0.1.0
Updating `~/.julia/environments/v1.5/Project.toml`
  [18d08c8c] + Kwonly v0.1.0
Updating `~/.julia/environments/v1.5/Manifest.toml`
  [18d08c8c] + Kwonly v0.1.0
  [2a0f44e3] + Base64
  [8ba89e20] + Distributed
  [b77e0a4c] + InteractiveUtils
  [56ddb016] + Logging
  [d6f4376e] + Markdown
  [9a3f8284] + Random
  [9e88b42a] + Serialization
  [6462fe0b] + Sockets
  [8dfed614] + Test
┌ Warning: using test/REQUIRE files is deprecated and current support is lacking in some areas
└ @ Pkg.Operations /workspace/srcdir/usr/share/julia/stdlib/v1.5/Pkg/src/Operations.jl:1463
    Testing Kwonly
Status `/tmp/jl_sqU36e/Project.toml`
  [18d08c8c] Kwonly v0.1.0
  [8dfed614] Test
Status `/tmp/jl_sqU36e/Manifest.toml`
  [18d08c8c] Kwonly v0.1.0
  [2a0f44e3] Base64
  [8ba89e20] Distributed
  [b77e0a4c] InteractiveUtils
  [56ddb016] Logging
  [d6f4376e] Markdown
  [9a3f8284] Random
  [9e88b42a] Serialization
  [6462fe0b] Sockets
  [8dfed614] Test
  4.171103 seconds (2.43 M allocations: 124.195 MiB, 1.63% gc time)
Test Summary:      | Pass  Total
test_add_kwonly.jl |   18     18
  0.085350 seconds (10.30 k allocations: 644.880 KiB)
Test Summary: | Pass  Total
README.jl     |    1      1
    Testing Kwonly tests passed 
