Julia Version 1.5.1-pre.28
Commit 0d71d8cd8b (2020-08-14 20:35 UTC)
Platform Info:
  OS: Linux (x86_64-linux-gnu)
  CPU: Intel(R) Xeon(R) Silver 4114 CPU @ 2.20GHz
  WORD_SIZE: 64
  LIBM: libopenlibm
  LLVM: libLLVM-9.0.1 (ORCJIT, skylake-avx512)
Environment:
  JULIA_DEPOT_PATH = ::/usr/local/share/julia
  JULIA_NUM_THREADS = 2

  Resolving package versions...
  Installed NamedTuples ─ v5.0.0
Updating `~/.julia/environments/v1.5/Project.toml`
  [73a701b4] + NamedTuples v5.0.0
Updating `~/.julia/environments/v1.5/Manifest.toml`
  [73a701b4] + NamedTuples v5.0.0
┌ Warning: using test/REQUIRE files is deprecated and current support is lacking in some areas
└ @ Pkg.Operations /workspace/srcdir/usr/share/julia/stdlib/v1.5/Pkg/src/Operations.jl:1463
    Testing NamedTuples
Status `/tmp/jl_rTuQ3g/Project.toml`
  [73a701b4] NamedTuples v5.0.0
  [4d1e1d77] Nullables v1.0.0
Status `/tmp/jl_rTuQ3g/Manifest.toml`
  [73a701b4] NamedTuples v5.0.0
  [4d1e1d77] Nullables v1.0.0
ERROR: LoadError: UndefVarError: T not defined
Stacktrace:
 [1] top-level scope at /home/pkgeval/.julia/packages/NamedTuples/PjIPJ/src/NamedTuples.jl:119
 [2] include(::Function, ::Module, ::String) at ./Base.jl:380
 [3] include(::Module, ::String) at ./Base.jl:368
 [4] top-level scope at none:2
 [5] eval at ./boot.jl:331 [inlined]
 [6] eval(::Expr) at ./client.jl:467
 [7] top-level scope at ./none:3
in expression starting at /home/pkgeval/.julia/packages/NamedTuples/PjIPJ/src/NamedTuples.jl:119
ERROR: LoadError: Failed to precompile NamedTuples [73a701b4-84e1-5df0-88ff-1968ee2ee8dc] to /home/pkgeval/.julia/compiled/v1.5/NamedTuples/SN1pr_rCUz9.ji.
Stacktrace:
 [1] error(::String) at ./error.jl:33
 [2] compilecache(::Base.PkgId, ::String) at ./loading.jl:1305
 [3] _require(::Base.PkgId) at ./loading.jl:1030
 [4] require(::Base.PkgId) at ./loading.jl:928
 [5] require(::Module, ::Symbol) at ./loading.jl:923
 [6] include(::String) at ./client.jl:457
 [7] top-level scope at none:6
in expression starting at /home/pkgeval/.julia/packages/NamedTuples/PjIPJ/test/runtests.jl:1
ERROR: Package NamedTuples errored during testing
Stacktrace:
 [1] pkgerror(::String) at /workspace/srcdir/usr/share/julia/stdlib/v1.5/Pkg/src/Types.jl:52
 [2] test(::Pkg.Types.Context, ::Array{Pkg.Types.PackageSpec,1}; coverage::Bool, julia_args::Cmd, test_args::Cmd, test_fn::Nothing) at /workspace/srcdir/usr/share/julia/stdlib/v1.5/Pkg/src/Operations.jl:1566
 [3] test(::Pkg.Types.Context, ::Array{Pkg.Types.PackageSpec,1}; coverage::Bool, test_fn::Nothing, julia_args::Cmd, test_args::Cmd, kwargs::Base.Iterators.Pairs{Union{},Union{},Tuple{},NamedTuple{(),Tuple{}}}) at /workspace/srcdir/usr/share/julia/stdlib/v1.5/Pkg/src/API.jl:328
 [4] test(::Pkg.Types.Context, ::Array{Pkg.Types.PackageSpec,1}) at /workspace/srcdir/usr/share/julia/stdlib/v1.5/Pkg/src/API.jl:315
 [5] #test#61 at /workspace/srcdir/usr/share/julia/stdlib/v1.5/Pkg/src/API.jl:67 [inlined]
 [6] test at /workspace/srcdir/usr/share/julia/stdlib/v1.5/Pkg/src/API.jl:67 [inlined]
 [7] #test#60 at /workspace/srcdir/usr/share/julia/stdlib/v1.5/Pkg/src/API.jl:66 [inlined]
 [8] test at /workspace/srcdir/usr/share/julia/stdlib/v1.5/Pkg/src/API.jl:66 [inlined]
 [9] test(::String; kwargs::Base.Iterators.Pairs{Union{},Union{},Tuple{},NamedTuple{(),Tuple{}}}) at /workspace/srcdir/usr/share/julia/stdlib/v1.5/Pkg/src/API.jl:65
 [10] test(::String) at /workspace/srcdir/usr/share/julia/stdlib/v1.5/Pkg/src/API.jl:65
 [11] top-level scope at none:16
