Julia Version 1.4.0-rc1.4
Commit 3ac20f95d0 (2020-01-26 14:15 UTC)
Platform Info:
  OS: Linux (x86_64-linux-gnu)
  CPU: Intel(R) Xeon(R) Silver 4114 CPU @ 2.20GHz
  WORD_SIZE: 64
  LIBM: libopenlibm
  LLVM: libLLVM-8.0.1 (ORCJIT, skylake)
Environment:
  JULIA_DEPOT_PATH = ::/usr/local/share/julia
  JULIA_NUM_THREADS = 2

  Resolving package versions...
  Installed ZygoteRules ───────── v0.2.0
  Installed RecipesBase ───────── v0.7.0
  Installed RecursiveArrayTools ─ v2.0.4
  Installed OrderedCollections ── v1.1.0
  Installed ArrayInterface ────── v2.3.1
  Installed MacroTools ────────── v0.5.3
  Installed StaticArrays ──────── v0.12.1
  Installed DataStructures ────── v0.17.9
  Installed Requires ──────────── v1.0.0
   Updating `~/.julia/environments/v1.4/Project.toml`
  [731186ca] + RecursiveArrayTools v2.0.4
   Updating `~/.julia/environments/v1.4/Manifest.toml`
  [4fba245c] + ArrayInterface v2.3.1
  [864edb3b] + DataStructures v0.17.9
  [1914dd2f] + MacroTools v0.5.3
  [bac558e1] + OrderedCollections v1.1.0
  [3cdcf5f2] + RecipesBase v0.7.0
  [731186ca] + RecursiveArrayTools v2.0.4
  [ae029012] + Requires v1.0.0
  [90137ffa] + StaticArrays v0.12.1
  [700de1a5] + ZygoteRules v0.2.0
  [2a0f44e3] + Base64 
  [8ba89e20] + Distributed 
  [b77e0a4c] + InteractiveUtils 
  [8f399da3] + Libdl 
  [37e2e46d] + LinearAlgebra 
  [56ddb016] + Logging 
  [d6f4376e] + Markdown 
  [9a3f8284] + Random 
  [ea8e919c] + SHA 
  [9e88b42a] + Serialization 
  [6462fe0b] + Sockets 
  [2f01184e] + SparseArrays 
  [10745b16] + Statistics 
  [8dfed614] + Test 
  [cf7118a7] + UUIDs 
    Testing RecursiveArrayTools
Status `/tmp/jl_ew7gFA/Manifest.toml`
  [4fba245c] ArrayInterface v2.3.1
  [187b0558] ConstructionBase v1.0.0
  [864edb3b] DataStructures v0.17.9
  [1914dd2f] MacroTools v0.5.3
  [bac558e1] OrderedCollections v1.1.0
  [3cdcf5f2] RecipesBase v0.7.0
  [731186ca] RecursiveArrayTools v2.0.4
  [ae029012] Requires v1.0.0
  [90137ffa] StaticArrays v0.12.1
  [1986cc42] Unitful v0.18.0
  [700de1a5] ZygoteRules v0.2.0
  [2a0f44e3] Base64 
  [8ba89e20] Distributed 
  [b77e0a4c] InteractiveUtils 
  [8f399da3] Libdl 
  [37e2e46d] LinearAlgebra 
  [56ddb016] Logging 
  [d6f4376e] Markdown 
  [9a3f8284] Random 
  [ea8e919c] SHA 
  [9e88b42a] Serialization 
  [6462fe0b] Sockets 
  [2f01184e] SparseArrays 
  [10745b16] Statistics 
  [8dfed614] Test 
  [cf7118a7] UUIDs 
Test Summary: | Pass  Total
Utils Tests   |   39     39
 52.542292 seconds (14.94 M allocations: 778.858 MiB, 1.07% gc time)
Test Summary:    | Pass  Broken  Total
Partitions Tests |   15       1     16
  9.829359 seconds (11.65 M allocations: 568.026 MiB, 2.16% gc time)
Test Summary:           | Pass  Broken  Total
VecOfArr Indexing Tests |   24       1     25
  5.284347 seconds (4.87 M allocations: 240.061 MiB, 1.74% gc time)
Test Summary:            | Pass  Total
VecOfArr Interface Tests |   21     21
  1.329011 seconds (992.15 k allocations: 50.281 MiB, 1.26% gc time)
Test Summary:      | Pass  Total
StaticArrays Tests |   15     15
  3.369945 seconds (2.03 M allocations: 107.306 MiB, 1.02% gc time)
 72.386362 seconds (34.50 M allocations: 1.705 GiB, 1.27% gc time)
    Testing RecursiveArrayTools tests passed 
