Current time is 2020-10-25T22:39:58.669
Julia Version 1.5.3-pre.13
Commit 3de1115e9c (2020-10-23 21:58 UTC)
Platform Info:
  OS: Linux (x86_64-linux-gnu)
  CPU: AMD EPYC 7502 32-Core Processor
  WORD_SIZE: 64
  LIBM: libopenlibm
  LLVM: libLLVM-9.0.1 (ORCJIT, znver2)
Environment:
  JULIA_DEPOT_PATH = ::/usr/local/share/julia
  JULIA_NUM_THREADS = 2
  JULIA_MAX_NUM_PRECOMPILE_FILES = 9223372036854775807
  JULIA_PKG_SERVER = 

Starting installation at 2020-10-25T22:40:01.893
  Resolving package versions...
  Installed XML2_jll ───────────────────── v2.9.10+3
  Installed Xorg_xtrans_jll ────────────── v1.4.0+3
  Installed FLAC_jll ───────────────────── v1.3.3+2
  Installed libvorbis_jll ──────────────── v1.3.6+6
  Installed Zlib_jll ───────────────────── v1.2.11+18
  Installed Xorg_libXext_jll ───────────── v1.3.4+4
  Installed CEnum ──────────────────────── v0.4.1
  Installed CSFML ──────────────────────── v0.2.0
  Installed JLLWrappers ────────────────── v1.1.3
  Installed Xorg_libXrandr_jll ─────────── v1.5.2+4
  Installed CompilerSupportLibraries_jll ─ v0.3.4+0
  Installed Xorg_libXdmcp_jll ──────────── v1.1.3+4
  Installed Xorg_libXau_jll ────────────── v1.0.9+4
  Installed Libgcrypt_jll ──────────────── v1.8.5+4
  Installed Xorg_libxcb_jll ────────────── v1.13.0+3
  Installed Libglvnd_jll ───────────────── v1.3.0+3
  Installed XSLT_jll ───────────────────── v1.1.33+4
  Installed Libgpg_error_jll ───────────── v1.36.0+3
  Installed alsa_jll ───────────────────── v1.2.1-1+2
  Installed Bzip2_jll ──────────────────── v1.0.6+5
  Installed Xorg_libX11_jll ────────────── v1.6.9+4
  Installed Libiconv_jll ───────────────── v1.16.0+7
  Installed OpenAL_jll ─────────────────── v1.19.0+0
  Installed FreeType2_jll ──────────────── v2.10.1+5
  Installed Artifacts ──────────────────── v1.3.0
  Installed CSFML_jll ──────────────────── v2.5.0+0
  Installed SFML_jll ───────────────────── v2.5.1+1
  Installed Ogg_jll ────────────────────── v1.3.4+2
  Installed Xorg_libXrender_jll ────────── v0.9.10+4
  Installed Xorg_libpthread_stubs_jll ──── v0.1.0+3
Updating `~/.julia/environments/v1.5/Project.toml`
  [538df835] + CSFML v0.2.0
Updating `~/.julia/environments/v1.5/Manifest.toml`
  [56f22d72] + Artifacts v1.3.0
  [6e34b625] + Bzip2_jll v1.0.6+5
  [fa961155] + CEnum v0.4.1
  [538df835] + CSFML v0.2.0
  [042b324c] + CSFML_jll v2.5.0+0
  [e66e0078] + CompilerSupportLibraries_jll v0.3.4+0
  [1d38b3a6] + FLAC_jll v1.3.3+2
  [d7e528f0] + FreeType2_jll v2.10.1+5
  [692b3bcd] + JLLWrappers v1.1.3
  [d4300ac3] + Libgcrypt_jll v1.8.5+4
  [7e76a0d4] + Libglvnd_jll v1.3.0+3
  [7add5ba3] + Libgpg_error_jll v1.36.0+3
  [94ce4f54] + Libiconv_jll v1.16.0+7
  [e7412a2a] + Ogg_jll v1.3.4+2
  [c52b6589] + OpenAL_jll v1.19.0+0
  [a867eb61] + SFML_jll v2.5.1+1
  [02c8fc9c] + XML2_jll v2.9.10+3
  [aed1982a] + XSLT_jll v1.1.33+4
  [4f6342f7] + Xorg_libX11_jll v1.6.9+4
  [0c0b7dd1] + Xorg_libXau_jll v1.0.9+4
  [a3789734] + Xorg_libXdmcp_jll v1.1.3+4
  [1082639a] + Xorg_libXext_jll v1.3.4+4
  [ec84b674] + Xorg_libXrandr_jll v1.5.2+4
  [ea2f1a96] + Xorg_libXrender_jll v0.9.10+4
  [14d82f49] + Xorg_libpthread_stubs_jll v0.1.0+3
  [c7cfdc94] + Xorg_libxcb_jll v1.13.0+3
  [c5fb5394] + Xorg_xtrans_jll v1.4.0+3
  [83775a58] + Zlib_jll v1.2.11+18
  [45378030] + alsa_jll v1.2.1-1+2
  [f27f6e37] + libvorbis_jll v1.3.6+6
  [2a0f44e3] + Base64
  [ade2ca70] + Dates
  [b77e0a4c] + InteractiveUtils
  [76f85450] + LibGit2
  [8f399da3] + Libdl
  [56ddb016] + Logging
  [d6f4376e] + Markdown
  [44cfe95a] + Pkg
  [de0858da] + Printf
  [3fa0cd96] + REPL
  [9a3f8284] + Random
  [ea8e919c] + SHA
  [9e88b42a] + Serialization
  [6462fe0b] + Sockets
  [cf7118a7] + UUIDs
  [4ec0a83e] + Unicode
Starting tests at 2020-10-25T22:40:08.241
    Testing CSFML
Status `/tmp/jl_HYiIH1/Project.toml`
  [fa961155] CEnum v0.4.1
  [538df835] CSFML v0.2.0
  [042b324c] CSFML_jll v2.5.0+0
  [8f399da3] Libdl
  [8dfed614] Test
Status `/tmp/jl_HYiIH1/Manifest.toml`
  [56f22d72] Artifacts v1.3.0
  [6e34b625] Bzip2_jll v1.0.6+5
  [fa961155] CEnum v0.4.1
  [538df835] CSFML v0.2.0
  [042b324c] CSFML_jll v2.5.0+0
  [e66e0078] CompilerSupportLibraries_jll v0.3.4+0
  [1d38b3a6] FLAC_jll v1.3.3+2
  [d7e528f0] FreeType2_jll v2.10.1+5
  [692b3bcd] JLLWrappers v1.1.3
  [d4300ac3] Libgcrypt_jll v1.8.5+4
  [7e76a0d4] Libglvnd_jll v1.3.0+3
  [7add5ba3] Libgpg_error_jll v1.36.0+3
  [94ce4f54] Libiconv_jll v1.16.0+7
  [e7412a2a] Ogg_jll v1.3.4+2
  [c52b6589] OpenAL_jll v1.19.0+0
  [a867eb61] SFML_jll v2.5.1+1
  [02c8fc9c] XML2_jll v2.9.10+3
  [aed1982a] XSLT_jll v1.1.33+4
  [4f6342f7] Xorg_libX11_jll v1.6.9+4
  [0c0b7dd1] Xorg_libXau_jll v1.0.9+4
  [a3789734] Xorg_libXdmcp_jll v1.1.3+4
  [1082639a] Xorg_libXext_jll v1.3.4+4
  [ec84b674] Xorg_libXrandr_jll v1.5.2+4
  [ea2f1a96] Xorg_libXrender_jll v0.9.10+4
  [14d82f49] Xorg_libpthread_stubs_jll v0.1.0+3
  [c7cfdc94] Xorg_libxcb_jll v1.13.0+3
  [c5fb5394] Xorg_xtrans_jll v1.4.0+3
  [83775a58] Zlib_jll v1.2.11+18
  [45378030] alsa_jll v1.2.1-1+2
  [f27f6e37] libvorbis_jll v1.3.6+6
  [2a0f44e3] Base64
  [ade2ca70] Dates
  [8ba89e20] Distributed
  [b77e0a4c] InteractiveUtils
  [76f85450] LibGit2
  [8f399da3] Libdl
  [56ddb016] Logging
  [d6f4376e] Markdown
  [44cfe95a] Pkg
  [de0858da] Printf
  [3fa0cd96] REPL
  [9a3f8284] Random
  [ea8e919c] SHA
  [9e88b42a] Serialization
  [6462fe0b] Sockets
  [8dfed614] Test
  [cf7118a7] UUIDs
  [4ec0a83e] Unicode
    Testing CSFML tests passed 
Finished at 2020-10-25T22:41:42.749
