Julia Version 1.5.1-pre.0
Commit f0b8c76f6f (2020-08-02 04:55 UTC)
Platform Info:
  OS: Linux (x86_64-pc-linux-gnu)
  CPU: Intel(R) Xeon(R) Silver 4114 CPU @ 2.20GHz
  WORD_SIZE: 64
  LIBM: libopenlibm
  LLVM: libLLVM-9.0.1 (ORCJIT, skylake)
Environment:
  JULIA_DEPOT_PATH = ::/usr/local/share/julia
  JULIA_NUM_THREADS = 2

  Resolving package versions...
  Installed Missings ──────────────────── v0.4.3
  Installed DataValueInterfaces ───────── v1.0.0
  Installed DataAPI ───────────────────── v1.3.0
  Installed IteratorInterfaceExtensions ─ v1.0.0
  Installed CategoricalArrays ─────────── v0.8.1
  Installed DDR2import ────────────────── v0.1.1
  Installed JSON ──────────────────────── v0.21.0
  Installed DataFrames ────────────────── v0.21.6
  Installed TableTraits ───────────────── v1.0.0
  Installed OrderedCollections ────────── v1.3.0
  Installed PooledArrays ──────────────── v0.5.3
  Installed SortingAlgorithms ─────────── v0.3.1
  Installed Navigation ────────────────── v0.4.1
  Installed Tables ────────────────────── v1.0.5
  Installed Compat ────────────────────── v3.13.0
  Installed DocStringExtensions ───────── v0.8.2
  Installed Reexport ──────────────────── v0.2.0
  Installed InvertedIndices ───────────── v1.0.0
  Installed SentinelArrays ────────────── v1.2.11
  Installed Parsers ───────────────────── v1.0.10
  Installed Format ────────────────────── v1.1.0
  Installed DataStructures ────────────── v0.17.20
  Installed Documenter ────────────────── v0.25.1
  Installed CSV ───────────────────────── v0.7.7
Updating `~/.julia/environments/v1.5/Project.toml`
  [60aac331] + DDR2import v0.1.1
Updating `~/.julia/environments/v1.5/Manifest.toml`
  [336ed68f] + CSV v0.7.7
  [324d7699] + CategoricalArrays v0.8.1
  [34da2185] + Compat v3.13.0
  [60aac331] + DDR2import v0.1.1
  [9a962f9c] + DataAPI v1.3.0
  [a93c6f00] + DataFrames v0.21.6
  [864edb3b] + DataStructures v0.17.20
  [e2d170a0] + DataValueInterfaces v1.0.0
  [ffbed154] + DocStringExtensions v0.8.2
  [e30172f5] + Documenter v0.25.1
  [1fa38f19] + Format v1.1.0
  [41ab1584] + InvertedIndices v1.0.0
  [82899510] + IteratorInterfaceExtensions v1.0.0
  [682c06a0] + JSON v0.21.0
  [e1d29d7a] + Missings v0.4.3
  [cc87a3b2] + Navigation v0.4.1
  [bac558e1] + OrderedCollections v1.3.0
  [69de0a69] + Parsers v1.0.10
  [2dfb63ee] + PooledArrays v0.5.3
  [189a3867] + Reexport v0.2.0
  [91c51154] + SentinelArrays v1.2.11
  [a2af1166] + SortingAlgorithms v0.3.1
  [3783bdb8] + TableTraits v1.0.0
  [bd369af6] + Tables v1.0.5
  [2a0f44e3] + Base64
  [ade2ca70] + Dates
  [8bb1440f] + DelimitedFiles
  [8ba89e20] + Distributed
  [9fa8497b] + Future
  [b77e0a4c] + InteractiveUtils
  [76f85450] + LibGit2
  [8f399da3] + Libdl
  [37e2e46d] + LinearAlgebra
  [56ddb016] + Logging
  [d6f4376e] + Markdown
  [a63ad114] + Mmap
  [44cfe95a] + Pkg
  [de0858da] + Printf
  [3fa0cd96] + REPL
  [9a3f8284] + Random
  [ea8e919c] + SHA
  [9e88b42a] + Serialization
  [1a1011a3] + SharedArrays
  [6462fe0b] + Sockets
  [2f01184e] + SparseArrays
  [10745b16] + Statistics
  [8dfed614] + Test
  [cf7118a7] + UUIDs
  [4ec0a83e] + Unicode
    Testing DDR2import
Status `/tmp/jl_Q1zwQb/Project.toml`
  [336ed68f] CSV v0.7.7
  [60aac331] DDR2import v0.1.1
  [a93c6f00] DataFrames v0.21.6
  [1fa38f19] Format v1.1.0
  [cc87a3b2] Navigation v0.4.1
  [ade2ca70] Dates
  [8dfed614] Test
Status `/tmp/jl_Q1zwQb/Manifest.toml`
  [336ed68f] CSV v0.7.7
  [324d7699] CategoricalArrays v0.8.1
  [34da2185] Compat v3.13.0
  [60aac331] DDR2import v0.1.1
  [9a962f9c] DataAPI v1.3.0
  [a93c6f00] DataFrames v0.21.6
  [864edb3b] DataStructures v0.17.20
  [e2d170a0] DataValueInterfaces v1.0.0
  [ffbed154] DocStringExtensions v0.8.2
  [e30172f5] Documenter v0.25.1
  [1fa38f19] Format v1.1.0
  [41ab1584] InvertedIndices v1.0.0
  [82899510] IteratorInterfaceExtensions v1.0.0
  [682c06a0] JSON v0.21.0
  [e1d29d7a] Missings v0.4.3
  [cc87a3b2] Navigation v0.4.1
  [bac558e1] OrderedCollections v1.3.0
  [69de0a69] Parsers v1.0.10
  [2dfb63ee] PooledArrays v0.5.3
  [189a3867] Reexport v0.2.0
  [91c51154] SentinelArrays v1.2.11
  [a2af1166] SortingAlgorithms v0.3.1
  [3783bdb8] TableTraits v1.0.0
  [bd369af6] Tables v1.0.5
  [2a0f44e3] Base64
  [ade2ca70] Dates
  [8bb1440f] DelimitedFiles
  [8ba89e20] Distributed
  [9fa8497b] Future
  [b77e0a4c] InteractiveUtils
  [76f85450] LibGit2
  [8f399da3] Libdl
  [37e2e46d] LinearAlgebra
  [56ddb016] Logging
  [d6f4376e] Markdown
  [a63ad114] Mmap
  [44cfe95a] Pkg
  [de0858da] Printf
  [3fa0cd96] REPL
  [9a3f8284] Random
  [ea8e919c] SHA
  [9e88b42a] Serialization
  [1a1011a3] SharedArrays
  [6462fe0b] Sockets
  [2f01184e] SparseArrays
  [10745b16] Statistics
  [8dfed614] Test
  [cf7118a7] UUIDs
  [4ec0a83e] Unicode
ERROR: LoadError: LoadError: UndefVarError: Point_deg not defined
Stacktrace:
 [1] include(::Function, ::Module, ::String) at ./Base.jl:380
 [2] include at ./Base.jl:368 [inlined]
 [3] include(::String) at /home/pkgeval/.julia/packages/DDR2import/FYsOA/src/DDR2import.jl:60
 [4] top-level scope at /home/pkgeval/.julia/packages/DDR2import/FYsOA/src/DDR2import.jl:61
 [5] include(::Function, ::Module, ::String) at ./Base.jl:380
 [6] include(::Module, ::String) at ./Base.jl:368
 [7] top-level scope at none:2
 [8] eval at ./boot.jl:331 [inlined]
 [9] eval(::Expr) at ./client.jl:467
 [10] top-level scope at ./none:3
in expression starting at /home/pkgeval/.julia/packages/DDR2import/FYsOA/src/util.jl:8
in expression starting at /home/pkgeval/.julia/packages/DDR2import/FYsOA/src/DDR2import.jl:61
ERROR: LoadError: Failed to precompile DDR2import [60aac331-f4ad-4f7f-9ae1-33a16d2a93d1] to /home/pkgeval/.julia/compiled/v1.5/DDR2import/bpvMx_6Ne7t.ji.
Stacktrace:
 [1] error(::String) at ./error.jl:33
 [2] compilecache(::Base.PkgId, ::String) at ./loading.jl:1290
 [3] _require(::Base.PkgId) at ./loading.jl:1030
 [4] require(::Base.PkgId) at ./loading.jl:928
 [5] require(::Module, ::Symbol) at ./loading.jl:923
 [6] include(::String) at ./client.jl:457
 [7] top-level scope at none:6
in expression starting at /home/pkgeval/.julia/packages/DDR2import/FYsOA/test/runtests.jl:1
ERROR: Package DDR2import errored during testing
Stacktrace:
 [1] pkgerror(::String) at /buildworker/worker/package_linux64/build/usr/share/julia/stdlib/v1.5/Pkg/src/Types.jl:52
 [2] test(::Pkg.Types.Context, ::Array{Pkg.Types.PackageSpec,1}; coverage::Bool, julia_args::Cmd, test_args::Cmd, test_fn::Nothing) at /buildworker/worker/package_linux64/build/usr/share/julia/stdlib/v1.5/Pkg/src/Operations.jl:1566
 [3] test(::Pkg.Types.Context, ::Array{Pkg.Types.PackageSpec,1}; coverage::Bool, test_fn::Nothing, julia_args::Cmd, test_args::Cmd, kwargs::Base.Iterators.Pairs{Union{},Union{},Tuple{},NamedTuple{(),Tuple{}}}) at /buildworker/worker/package_linux64/build/usr/share/julia/stdlib/v1.5/Pkg/src/API.jl:328
 [4] test(::Pkg.Types.Context, ::Array{Pkg.Types.PackageSpec,1}) at /buildworker/worker/package_linux64/build/usr/share/julia/stdlib/v1.5/Pkg/src/API.jl:315
 [5] #test#61 at /buildworker/worker/package_linux64/build/usr/share/julia/stdlib/v1.5/Pkg/src/API.jl:67 [inlined]
 [6] test at /buildworker/worker/package_linux64/build/usr/share/julia/stdlib/v1.5/Pkg/src/API.jl:67 [inlined]
 [7] #test#60 at /buildworker/worker/package_linux64/build/usr/share/julia/stdlib/v1.5/Pkg/src/API.jl:66 [inlined]
 [8] test at /buildworker/worker/package_linux64/build/usr/share/julia/stdlib/v1.5/Pkg/src/API.jl:66 [inlined]
 [9] test(::String; kwargs::Base.Iterators.Pairs{Union{},Union{},Tuple{},NamedTuple{(),Tuple{}}}) at /buildworker/worker/package_linux64/build/usr/share/julia/stdlib/v1.5/Pkg/src/API.jl:65
 [10] test(::String) at /buildworker/worker/package_linux64/build/usr/share/julia/stdlib/v1.5/Pkg/src/API.jl:65
 [11] top-level scope at none:16
