Julia Version 1.4.2-pre.0
Commit ef4fe83698 (2020-04-15 16:24 UTC)
Platform Info:
  OS: Linux (x86_64-linux-gnu)
  CPU: Intel(R) Xeon(R) Silver 4114 CPU @ 2.20GHz
  WORD_SIZE: 64
  LIBM: libopenlibm
  LLVM: libLLVM-8.0.1 (ORCJIT, skylake)
Environment:
  JULIA_DEPOT_PATH = ::/usr/local/share/julia
  JULIA_NUM_THREADS = 2

  Resolving package versions...
  Installed DataValueInterfaces ───────── v1.0.0
  Installed TableShowUtils ────────────── v0.2.5
  Installed QueryOperators ────────────── v0.9.1
  Installed Parsers ───────────────────── v1.0.3
  Installed OrderedCollections ────────── v1.2.0
  Installed DataStructures ────────────── v0.17.15
  Installed JSON ──────────────────────── v0.21.0
  Installed DataValues ────────────────── v0.4.13
  Installed IteratorInterfaceExtensions ─ v1.0.0
   Updating `~/.julia/environments/v1.4/Project.toml`
  [2aef5ad7] + QueryOperators v0.9.1
   Updating `~/.julia/environments/v1.4/Manifest.toml`
  [864edb3b] + DataStructures v0.17.15
  [e2d170a0] + DataValueInterfaces v1.0.0
  [e7dc6d0d] + DataValues v0.4.13
  [82899510] + IteratorInterfaceExtensions v1.0.0
  [682c06a0] + JSON v0.21.0
  [bac558e1] + OrderedCollections v1.2.0
  [69de0a69] + Parsers v1.0.3
  [2aef5ad7] + QueryOperators v0.9.1
  [5e66a065] + TableShowUtils v0.2.5
  [2a0f44e3] + Base64 
  [ade2ca70] + Dates 
  [8ba89e20] + Distributed 
  [b77e0a4c] + InteractiveUtils 
  [56ddb016] + Logging 
  [d6f4376e] + Markdown 
  [a63ad114] + Mmap 
  [de0858da] + Printf 
  [9a3f8284] + Random 
  [9e88b42a] + Serialization 
  [6462fe0b] + Sockets 
  [8dfed614] + Test 
  [4ec0a83e] + Unicode 
    Testing QueryOperators
Status `/tmp/jl_1ZiITu/Manifest.toml`
  [864edb3b] DataStructures v0.17.15
  [e2d170a0] DataValueInterfaces v1.0.0
  [e7dc6d0d] DataValues v0.4.13
  [82899510] IteratorInterfaceExtensions v1.0.0
  [682c06a0] JSON v0.21.0
  [bac558e1] OrderedCollections v1.2.0
  [69de0a69] Parsers v1.0.3
  [2aef5ad7] QueryOperators v0.9.1
  [5e66a065] TableShowUtils v0.2.5
  [2a0f44e3] Base64 
  [ade2ca70] Dates 
  [8ba89e20] Distributed 
  [b77e0a4c] InteractiveUtils 
  [56ddb016] Logging 
  [d6f4376e] Markdown 
  [a63ad114] Mmap 
  [de0858da] Printf 
  [9a3f8284] Random 
  [9e88b42a] Serialization 
  [6462fe0b] Sockets 
  [8dfed614] Test 
  [4ec0a83e] Unicode 
Test Summary:  | Pass  Total
QueryOperators |   56     56
    Testing QueryOperators tests passed 
