Julia Version 1.3.2-pre.0
Commit 2e6715c045 (2019-12-31 00:49 UTC)
Platform Info:
  OS: Linux (x86_64-linux-gnu)
  CPU: Intel(R) Xeon(R) Silver 4114 CPU @ 2.20GHz
  WORD_SIZE: 64
  LIBM: libopenlibm
  LLVM: libLLVM-6.0.1 (ORCJIT, skylake)
Environment:
  JULIA_DEPOT_PATH = ::/usr/local/share/julia

 Resolving package versions...
 Installed Requires ──────────── v1.0.0
 Installed RecipesBase ───────── v0.7.0
 Installed ArrayInterface ────── v2.3.1
 Installed RecursiveArrayTools ─ v2.0.0
 Installed StaticArrays ──────── v0.12.1
  Updating `~/.julia/environments/v1.3/Project.toml`
  [731186ca] + RecursiveArrayTools v2.0.0
  Updating `~/.julia/environments/v1.3/Manifest.toml`
  [4fba245c] + ArrayInterface v2.3.1
  [3cdcf5f2] + RecipesBase v0.7.0
  [731186ca] + RecursiveArrayTools v2.0.0
  [ae029012] + Requires v1.0.0
  [90137ffa] + StaticArrays v0.12.1
  [8f399da3] + Libdl 
  [37e2e46d] + LinearAlgebra 
  [9a3f8284] + Random 
  [ea8e919c] + SHA 
  [9e88b42a] + Serialization 
  [2f01184e] + SparseArrays 
  [10745b16] + Statistics 
  [cf7118a7] + UUIDs 
   Testing RecursiveArrayTools
 Resolving package versions...
 Installed ConstructionBase ─ v1.0.0
 Installed Unitful ────────── v0.18.0
    Status `/tmp/jl_7nk0x3/Manifest.toml`
  [4fba245c] ArrayInterface v2.3.1
  [187b0558] ConstructionBase v1.0.0
  [3cdcf5f2] RecipesBase v0.7.0
  [731186ca] RecursiveArrayTools v2.0.0
  [ae029012] Requires v1.0.0
  [90137ffa] StaticArrays v0.12.1
  [1986cc42] Unitful v0.18.0
  [2a0f44e3] Base64  [`@stdlib/Base64`]
  [8ba89e20] Distributed  [`@stdlib/Distributed`]
  [b77e0a4c] InteractiveUtils  [`@stdlib/InteractiveUtils`]
  [8f399da3] Libdl  [`@stdlib/Libdl`]
  [37e2e46d] LinearAlgebra  [`@stdlib/LinearAlgebra`]
  [56ddb016] Logging  [`@stdlib/Logging`]
  [d6f4376e] Markdown  [`@stdlib/Markdown`]
  [9a3f8284] Random  [`@stdlib/Random`]
  [ea8e919c] SHA  [`@stdlib/SHA`]
  [9e88b42a] Serialization  [`@stdlib/Serialization`]
  [6462fe0b] Sockets  [`@stdlib/Sockets`]
  [2f01184e] SparseArrays  [`@stdlib/SparseArrays`]
  [10745b16] Statistics  [`@stdlib/Statistics`]
  [8dfed614] Test  [`@stdlib/Test`]
  [cf7118a7] UUIDs  [`@stdlib/UUIDs`]
Test Summary: | Pass  Total
Utils Tests   |   39     39
 45.123150 seconds (13.84 M allocations: 706.483 MiB, 1.24% gc time)
Test Summary:    | Pass  Broken  Total
Partitions Tests |   15       1     16
  8.938630 seconds (12.47 M allocations: 601.554 MiB, 2.04% gc time)
Test Summary:           | Pass  Broken  Total
VecOfArr Indexing Tests |   24       1     25
  5.363755 seconds (4.94 M allocations: 243.294 MiB, 1.50% gc time)
Test Summary:            | Pass  Total
VecOfArr Interface Tests |   21     21
  1.432164 seconds (978.99 k allocations: 49.608 MiB, 1.79% gc time)
Test Summary:      | Pass  Total
StaticArrays Tests |   15     15
  3.359501 seconds (2.03 M allocations: 107.553 MiB, 0.89% gc time)
 64.503467 seconds (34.61 M allocations: 1.686 GiB, 1.36% gc time)
   Testing RecursiveArrayTools tests passed 
