Current time is 2020-10-25T19:11:52.45
Julia Version 1.5.3-pre.0
Commit 5905edebb1 (2020-09-24 05:09 UTC)
Platform Info:
  OS: Linux (x86_64-pc-linux-gnu)
  CPU: AMD EPYC 7502 32-Core Processor
  WORD_SIZE: 64
  LIBM: libopenlibm
  LLVM: libLLVM-9.0.1 (ORCJIT, znver2)
Environment:
  JULIA_DEPOT_PATH = ::/usr/local/share/julia
  JULIA_NUM_THREADS = 2
  JULIA_MAX_NUM_PRECOMPILE_FILES = 9223372036854775807
  JULIA_PKG_SERVER = 

Starting installation at 2020-10-25T19:11:55.617
  Resolving package versions...
  Installed CodecBzip2 ─────────────────── v0.7.2
  Installed ZipFile ────────────────────── v0.9.3
  Installed Missings ───────────────────── v0.4.4
  Installed Conda ──────────────────────── v1.4.1
  Installed MacroTools ─────────────────── v0.5.6
  Installed HTTP ───────────────────────── v0.8.19
  Installed JuMP ───────────────────────── v0.21.5
  Installed VersionParsing ─────────────── v1.2.0
  Installed CodecZlib ──────────────────── v0.7.0
  Installed PooledArrays ───────────────── v0.5.3
  Installed DataAPI ────────────────────── v1.3.0
  Installed CompilerSupportLibraries_jll ─ v0.3.4+0
  Installed Calculus ───────────────────── v0.5.1
  Installed Reexport ───────────────────── v0.2.0
  Installed Compat ─────────────────────── v3.22.0
  Installed WeakRefStrings ─────────────── v0.6.2
  Installed Zlib_jll ───────────────────── v1.2.11+18
  Installed CommonSubexpressions ───────── v0.3.0
  Installed CategoricalArrays ──────────── v0.8.3
  Installed OrderedCollections ─────────── v1.3.1
  Installed JSON ───────────────────────── v0.21.1
  Installed AnyMOD ─────────────────────── v0.1.5
  Installed MathOptInterface ───────────── v0.9.17
  Installed Artifacts ──────────────────── v1.3.0
  Installed MutableArithmetics ─────────── v0.2.10
  Installed Tables ─────────────────────── v1.1.0
  Installed Bzip2_jll ──────────────────── v1.0.6+5
  Installed StaticArrays ───────────────── v0.12.4
  Installed PyCall ─────────────────────── v1.92.1
  Installed OpenSpecFun_jll ────────────── v0.5.3+4
  Installed NaNMath ────────────────────── v0.3.4
  Installed MbedTLS ────────────────────── v1.0.2
  Installed FilePathsBase ──────────────── v0.8.0
  Installed Requires ───────────────────── v1.1.0
  Installed MbedTLS_jll ────────────────── v2.16.8+0
  Installed ForwardDiff ────────────────── v0.10.12
  Installed JLLWrappers ────────────────── v1.1.3
  Installed JSONSchema ─────────────────── v0.3.2
  Installed SpecialFunctions ───────────── v0.10.3
  Installed TranscodingStreams ─────────── v0.9.5
  Installed StructTypes ────────────────── v1.1.0
  Installed BenchmarkTools ─────────────── v0.5.0
  Installed DiffResults ────────────────── v1.0.2
  Installed DiffRules ──────────────────── v1.0.1
  Installed SortingAlgorithms ──────────── v0.3.1
  Installed DataFrames ─────────────────── v0.21.8
  Installed IteratorInterfaceExtensions ── v1.0.0
  Installed IniFile ────────────────────── v0.5.0
  Installed TableTraits ────────────────── v1.0.0
  Installed InvertedIndices ────────────── v1.0.0
  Installed DataValueInterfaces ────────── v1.0.0
  Installed Parsers ────────────────────── v1.0.11
  Installed DataStructures ─────────────── v0.18.8
  Installed CSV ────────────────────────── v0.6.2
Updating `~/.julia/environments/v1.5/Project.toml`
  [16ed6a40] + AnyMOD v0.1.5
Updating `~/.julia/environments/v1.5/Manifest.toml`
  [16ed6a40] + AnyMOD v0.1.5
  [56f22d72] + Artifacts v1.3.0
  [6e4b80f9] + BenchmarkTools v0.5.0
  [6e34b625] + Bzip2_jll v1.0.6+5
  [336ed68f] + CSV v0.6.2
  [49dc2e85] + Calculus v0.5.1
  [324d7699] + CategoricalArrays v0.8.3
  [523fee87] + CodecBzip2 v0.7.2
  [944b1d66] + CodecZlib v0.7.0
  [bbf7d656] + CommonSubexpressions v0.3.0
  [34da2185] + Compat v3.22.0
  [e66e0078] + CompilerSupportLibraries_jll v0.3.4+0
  [8f4d0f93] + Conda v1.4.1
  [9a962f9c] + DataAPI v1.3.0
  [a93c6f00] + DataFrames v0.21.8
  [864edb3b] + DataStructures v0.18.8
  [e2d170a0] + DataValueInterfaces v1.0.0
  [163ba53b] + DiffResults v1.0.2
  [b552c78f] + DiffRules v1.0.1
  [48062228] + FilePathsBase v0.8.0
  [f6369f11] + ForwardDiff v0.10.12
  [cd3eb016] + HTTP v0.8.19
  [83e8ac13] + IniFile v0.5.0
  [41ab1584] + InvertedIndices v1.0.0
  [82899510] + IteratorInterfaceExtensions v1.0.0
  [692b3bcd] + JLLWrappers v1.1.3
  [682c06a0] + JSON v0.21.1
  [7d188eb4] + JSONSchema v0.3.2
  [4076af6c] + JuMP v0.21.5
  [1914dd2f] + MacroTools v0.5.6
  [b8f27783] + MathOptInterface v0.9.17
  [739be429] + MbedTLS v1.0.2
  [c8ffd9c3] + MbedTLS_jll v2.16.8+0
  [e1d29d7a] + Missings v0.4.4
  [d8a4904e] + MutableArithmetics v0.2.10
  [77ba4419] + NaNMath v0.3.4
  [efe28fd5] + OpenSpecFun_jll v0.5.3+4
  [bac558e1] + OrderedCollections v1.3.1
  [69de0a69] + Parsers v1.0.11
  [2dfb63ee] + PooledArrays v0.5.3
  [438e738f] + PyCall v1.92.1
  [189a3867] + Reexport v0.2.0
  [ae029012] + Requires v1.1.0
  [a2af1166] + SortingAlgorithms v0.3.1
  [276daf66] + SpecialFunctions v0.10.3
  [90137ffa] + StaticArrays v0.12.4
  [856f2bd8] + StructTypes v1.1.0
  [3783bdb8] + TableTraits v1.0.0
  [bd369af6] + Tables v1.1.0
  [3bb67fe8] + TranscodingStreams v0.9.5
  [81def892] + VersionParsing v1.2.0
  [ea10d353] + WeakRefStrings v0.6.2
  [a5390f91] + ZipFile v0.9.3
  [83775a58] + Zlib_jll v1.2.11+18
  [2a0f44e3] + Base64
  [ade2ca70] + Dates
  [8bb1440f] + DelimitedFiles
  [8ba89e20] + Distributed
  [9fa8497b] + Future
  [b77e0a4c] + InteractiveUtils
  [76f85450] + LibGit2
  [8f399da3] + Libdl
  [37e2e46d] + LinearAlgebra
  [56ddb016] + Logging
  [d6f4376e] + Markdown
  [a63ad114] + Mmap
  [44cfe95a] + Pkg
  [de0858da] + Printf
  [3fa0cd96] + REPL
  [9a3f8284] + Random
  [ea8e919c] + SHA
  [9e88b42a] + Serialization
  [1a1011a3] + SharedArrays
  [6462fe0b] + Sockets
  [2f01184e] + SparseArrays
  [10745b16] + Statistics
  [8dfed614] + Test
  [cf7118a7] + UUIDs
  [4ec0a83e] + Unicode
   Building Conda ─→ `~/.julia/packages/Conda/3rPhK/deps/build.log`
   Building PyCall → `~/.julia/packages/PyCall/BcTLp/deps/build.log`
Starting tests at 2020-10-25T19:13:04.225
    Testing AnyMOD
Status `/tmp/jl_On3LIZ/Project.toml`
  [16ed6a40] AnyMOD v0.1.5
  [336ed68f] CSV v0.6.2
  [9961bab8] Cbc v0.7.1
  [a93c6f00] DataFrames v0.21.8
  [682c06a0] JSON v0.21.1
  [4076af6c] JuMP v0.21.5
  [b8f27783] MathOptInterface v0.9.17
  [438e738f] PyCall v1.92.1
  [189a3867] Reexport v0.2.0
  [ae029012] Requires v1.1.0
  [ade2ca70] Dates
  [37e2e46d] LinearAlgebra
  [44cfe95a] Pkg
  [2f01184e] SparseArrays
  [10745b16] Statistics
  [8dfed614] Test
Status `/tmp/jl_On3LIZ/Manifest.toml`
  [16ed6a40] AnyMOD v0.1.5
  [56f22d72] Artifacts v1.3.0
  [6e4b80f9] BenchmarkTools v0.5.0
  [b99e7846] BinaryProvider v0.5.10
  [6e34b625] Bzip2_jll v1.0.6+5
  [fa961155] CEnum v0.4.1
  [336ed68f] CSV v0.6.2
  [49dc2e85] Calculus v0.5.1
  [324d7699] CategoricalArrays v0.8.3
  [9961bab8] Cbc v0.7.1
  [38041ee0] Cbc_jll v2.10.3+4
  [3830e938] Cgl_jll v0.60.2+5
  [06985876] Clp_jll v1.17.6+6
  [523fee87] CodecBzip2 v0.7.2
  [944b1d66] CodecZlib v0.7.0
  [be027038] CoinUtils_jll v2.11.3+3
  [bbf7d656] CommonSubexpressions v0.3.0
  [34da2185] Compat v3.22.0
  [e66e0078] CompilerSupportLibraries_jll v0.3.4+0
  [8f4d0f93] Conda v1.4.1
  [9a962f9c] DataAPI v1.3.0
  [a93c6f00] DataFrames v0.21.8
  [864edb3b] DataStructures v0.18.8
  [e2d170a0] DataValueInterfaces v1.0.0
  [163ba53b] DiffResults v1.0.2
  [b552c78f] DiffRules v1.0.1
  [48062228] FilePathsBase v0.8.0
  [f6369f11] ForwardDiff v0.10.12
  [cd3eb016] HTTP v0.8.19
  [83e8ac13] IniFile v0.5.0
  [41ab1584] InvertedIndices v1.0.0
  [82899510] IteratorInterfaceExtensions v1.0.0
  [692b3bcd] JLLWrappers v1.1.3
  [682c06a0] JSON v0.21.1
  [7d188eb4] JSONSchema v0.3.2
  [4076af6c] JuMP v0.21.5
  [1914dd2f] MacroTools v0.5.6
  [b8f27783] MathOptInterface v0.9.17
  [739be429] MbedTLS v1.0.2
  [c8ffd9c3] MbedTLS_jll v2.16.8+0
  [e1d29d7a] Missings v0.4.4
  [d8a4904e] MutableArithmetics v0.2.10
  [77ba4419] NaNMath v0.3.4
  [656ef2d0] OpenBLAS32_jll v0.3.10+0
  [efe28fd5] OpenSpecFun_jll v0.5.3+4
  [bac558e1] OrderedCollections v1.3.1
  [7da25872] Osi_jll v0.108.5+3
  [69de0a69] Parsers v1.0.11
  [2dfb63ee] PooledArrays v0.5.3
  [438e738f] PyCall v1.92.1
  [189a3867] Reexport v0.2.0
  [ae029012] Requires v1.1.0
  [a2af1166] SortingAlgorithms v0.3.1
  [276daf66] SpecialFunctions v0.10.3
  [90137ffa] StaticArrays v0.12.4
  [856f2bd8] StructTypes v1.1.0
  [3783bdb8] TableTraits v1.0.0
  [bd369af6] Tables v1.1.0
  [3bb67fe8] TranscodingStreams v0.9.5
  [81def892] VersionParsing v1.2.0
  [ea10d353] WeakRefStrings v0.6.2
  [a5390f91] ZipFile v0.9.3
  [83775a58] Zlib_jll v1.2.11+18
  [2a0f44e3] Base64
  [ade2ca70] Dates
  [8bb1440f] DelimitedFiles
  [8ba89e20] Distributed
  [9fa8497b] Future
  [b77e0a4c] InteractiveUtils
  [76f85450] LibGit2
  [8f399da3] Libdl
  [37e2e46d] LinearAlgebra
  [56ddb016] Logging
  [d6f4376e] Markdown
  [a63ad114] Mmap
  [44cfe95a] Pkg
  [de0858da] Printf
  [3fa0cd96] REPL
  [9a3f8284] Random
  [ea8e919c] SHA
  [9e88b42a] Serialization
  [1a1011a3] SharedArrays
  [6462fe0b] Sockets
  [2f01184e] SparseArrays
  [10745b16] Statistics
  [8dfed614] Test
  [cf7118a7] UUIDs
  [4ec0a83e] Unicode
   Building Conda ─→ `~/.julia/packages/Conda/3rPhK/deps/build.log`
   Building PyCall → `~/.julia/packages/PyCall/BcTLp/deps/build.log`
[ Info: Installing networkx via the Conda networkx package...
[ Info: Running `conda install -q -y networkx` in root environment
Collecting package metadata (current_repodata.json): ...working... done
Solving environment: ...working... done

## Package Plan ##

  environment location: /home/pkgeval/.julia/conda/3

  added / updated specs:
    - networkx


The following packages will be downloaded:

    package                    |            build
    ---------------------------|-----------------
    decorator-4.4.2            |             py_0          14 KB
    networkx-2.5               |             py_0         1.1 MB
    ------------------------------------------------------------
                                           Total:         1.1 MB

The following NEW packages will be INSTALLED:

  decorator          pkgs/main/noarch::decorator-4.4.2-py_0
  networkx           pkgs/main/noarch::networkx-2.5-py_0


Preparing transaction: ...working... done
Verifying transaction: ...working... done
Executing transaction: ...working... done
[ Info: Installing matplotlib.pyplot via the Conda matplotlib package...
[ Info: Running `conda install -q -y matplotlib` in root environment
Collecting package metadata (current_repodata.json): ...working... done
Solving environment: ...working... done

## Package Plan ##

  environment location: /home/pkgeval/.julia/conda/3

  added / updated specs:
    - matplotlib


The following packages will be downloaded:

    package                    |            build
    ---------------------------|-----------------
    cycler-0.10.0              |           py38_0          14 KB
    dbus-1.13.18               |       hb2f20db_0         504 KB
    expat-2.2.10               |       he6710b0_2         153 KB
    fontconfig-2.13.0          |       h9420a91_0         227 KB
    freetype-2.10.4            |       h5ab3b9f_0         596 KB
    glib-2.66.1                |       h92f7085_0         2.9 MB
    gst-plugins-base-1.14.0    |       hbbd80ab_1         4.8 MB
    gstreamer-1.14.0           |       hb31296c_0         3.1 MB
    icu-58.2                   |       he6710b0_3        10.5 MB
    jpeg-9b                    |       h024ee3a_2         214 KB
    kiwisolver-1.2.0           |   py38hfd86e86_0          84 KB
    lcms2-2.11                 |       h396b838_0         307 KB
    libpng-1.6.37              |       hbc83047_0         278 KB
    libtiff-4.1.0              |       h2733197_1         449 KB
    libuuid-1.0.3              |       h1bed415_2          15 KB
    libxcb-1.14                |       h7b6447c_0         505 KB
    libxml2-2.9.10             |       hb55368b_3         1.2 MB
    lz4-c-1.9.2                |       heb0550a_3         175 KB
    matplotlib-3.3.2           |                0          24 KB
    matplotlib-base-3.3.2      |   py38h817c723_0         5.1 MB
    olefile-0.46               |             py_0          33 KB
    pcre-8.44                  |       he6710b0_0         212 KB
    pillow-8.0.0               |   py38h9a89aac_0         621 KB
    pyparsing-2.4.7            |             py_0          65 KB
    pyqt-5.9.2                 |   py38h05f1152_4         4.5 MB
    python-dateutil-2.8.1      |             py_0         215 KB
    qt-5.9.7                   |       h5867ecd_1        68.5 MB
    sip-4.19.13                |   py38he6710b0_0         277 KB
    tornado-6.0.4              |   py38h7b6447c_1         603 KB
    zstd-1.4.5                 |       h9ceee32_0         619 KB
    ------------------------------------------------------------
                                           Total:       106.6 MB

The following NEW packages will be INSTALLED:

  cycler             pkgs/main/linux-64::cycler-0.10.0-py38_0
  dbus               pkgs/main/linux-64::dbus-1.13.18-hb2f20db_0
  expat              pkgs/main/linux-64::expat-2.2.10-he6710b0_2
  fontconfig         pkgs/main/linux-64::fontconfig-2.13.0-h9420a91_0
  freetype           pkgs/main/linux-64::freetype-2.10.4-h5ab3b9f_0
  glib               pkgs/main/linux-64::glib-2.66.1-h92f7085_0
  gst-plugins-base   pkgs/main/linux-64::gst-plugins-base-1.14.0-hbbd80ab_1
  gstreamer          pkgs/main/linux-64::gstreamer-1.14.0-hb31296c_0
  icu                pkgs/main/linux-64::icu-58.2-he6710b0_3
  jpeg               pkgs/main/linux-64::jpeg-9b-h024ee3a_2
  kiwisolver         pkgs/main/linux-64::kiwisolver-1.2.0-py38hfd86e86_0
  lcms2              pkgs/main/linux-64::lcms2-2.11-h396b838_0
  libpng             pkgs/main/linux-64::libpng-1.6.37-hbc83047_0
  libtiff            pkgs/main/linux-64::libtiff-4.1.0-h2733197_1
  libuuid            pkgs/main/linux-64::libuuid-1.0.3-h1bed415_2
  libxcb             pkgs/main/linux-64::libxcb-1.14-h7b6447c_0
  libxml2            pkgs/main/linux-64::libxml2-2.9.10-hb55368b_3
  lz4-c              pkgs/main/linux-64::lz4-c-1.9.2-heb0550a_3
  matplotlib         pkgs/main/linux-64::matplotlib-3.3.2-0
  matplotlib-base    pkgs/main/linux-64::matplotlib-base-3.3.2-py38h817c723_0
  olefile            pkgs/main/noarch::olefile-0.46-py_0
  pcre               pkgs/main/linux-64::pcre-8.44-he6710b0_0
  pillow             pkgs/main/linux-64::pillow-8.0.0-py38h9a89aac_0
  pyparsing          pkgs/main/noarch::pyparsing-2.4.7-py_0
  pyqt               pkgs/main/linux-64::pyqt-5.9.2-py38h05f1152_4
  python-dateutil    pkgs/main/noarch::python-dateutil-2.8.1-py_0
  qt                 pkgs/main/linux-64::qt-5.9.7-h5867ecd_1
  sip                pkgs/main/linux-64::sip-4.19.13-py38he6710b0_0
  tornado            pkgs/main/linux-64::tornado-6.0.4-py38h7b6447c_1
  zstd               pkgs/main/linux-64::zstd-1.4.5-h9ceee32_0


Preparing transaction: ...working... done
Verifying transaction: ...working... done
Executing transaction: ...working... done
[ Info: Installing plotly via the Conda plotly package...
[ Info: Running `conda install -q -y plotly` in root environment
Collecting package metadata (current_repodata.json): ...working... done
Solving environment: ...working... done

## Package Plan ##

  environment location: /home/pkgeval/.julia/conda/3

  added / updated specs:
    - plotly


The following packages will be downloaded:

    package                    |            build
    ---------------------------|-----------------
    plotly-4.11.0              |             py_0         3.6 MB
    retrying-1.3.3             |             py_2          14 KB
    ------------------------------------------------------------
                                           Total:         3.6 MB

The following NEW packages will be INSTALLED:

  plotly             pkgs/main/noarch::plotly-4.11.0-py_0
  retrying           pkgs/main/noarch::retrying-1.3.3-py_2


Preparing transaction: ...working... done
Verifying transaction: ...working... done
Executing transaction: ...working... done
test 00:00:31 - Read-in all set files
test 00:00:54 - Read-in all parameter files
test 00:00:54 - Read-in all set and parameter files - No errors and 1 warning(s) encountered. Wrote reporting_test_202010251919.csv for details! 
test 00:01:07 - Created all mappings among sets
test 00:01:22 - Assigned parameter data to model parts
test 00:01:28 - Prepared creation of optimization model - No errors and 2 warning(s) encountered. Wrote reporting_test_202010251919.csv for details! 
test 00:03:33 - Created all variables and prepared constraints for technology wind
test 00:03:33 - Created all variables and prepared constraints for technology gasPlant < ocgt
test 00:03:34 - Created all variables and prepared constraints for technology heatpump
test 00:03:38 - Created all variables and prepared constraints for technology coalPlant
test 00:03:44 - Created all variables and prepared constraints for technology gasStorage
test 00:03:44 - Created all variables and prepared constraints for technology gasBoiler
test 00:03:45 - Created all variables and prepared constraints for technology solar < rooftop < solarThermal
test 00:03:45 - Created all variables and prepared constraints for technology electrolysis
test 00:03:47 - Created all variables and prepared constraints for technology solar < openspace
test 00:03:48 - Created all variables and prepared constraints for technology hydro
test 00:03:50 - Created all variables and prepared constraints for technology gasPlant < ccgt < ccgtCHP
test 00:03:50 - Created all variables and prepared constraints for technology methanation
test 00:03:51 - Created all variables and prepared constraints for technology solar < rooftop < photovoltaic
test 00:03:52 - Created all variables and prepared constraints for technology fuelCell
test 00:03:54 - Created variables and constraints for all technologies - No errors and 2 warning(s) encountered. Wrote reporting_test_202010251919.csv for details! 
test 00:04:03 - Created all variables and constraints related to expansion and capacity for exchange
test 00:04:04 - Created all dispatch variables for exchange
test 00:04:07 - Created all capacity restrictions for exchange
test 00:04:07 - Created variables and constraints for exchange - No errors and 2 warning(s) encountered. Wrote reporting_test_202010251919.csv for details! 
test 00:04:08 - Created variables and constraints for buying carriers
test 00:04:08 - Created variables and constraints for selling carriers
test 00:04:08 - Created variables and constraints for trade - No errors and 2 warning(s) encountered. Wrote reporting_test_202010251919.csv for details! 
test 00:04:22 - Prepared energy balance for hydrogen
test 00:04:24 - Prepared energy balance for electricity
test 00:04:25 - Prepared energy balance for districtHeat
test 00:04:26 - Prepared energy balance for heat
test 00:04:28 - Prepared energy balance for naturalGas
test 00:04:28 - Prepared energy balance for synthGas
test 00:04:31 - Prepared energy balance for coal
test 00:04:31 - Prepared energy balance for gas
test 00:04:31 - Created energy balances for all carriers - No errors and 2 warning(s) encountered. Wrote reporting_test_202010251919.csv for details! 
test 00:04:47 - Prepared constraints to limit variable expExc
test 00:04:51 - Prepared constraints to limit variable capaConv
test 00:04:51 - Prepared constraints to limit variable capaExc
test 00:04:52 - Prepared constraints to limit variable gen
test 00:04:56 - Prepared constraints to limit term emission
test 00:04:57 - Created all limiting constraints - No errors and 2 warning(s) encountered. Wrote reporting_test_202010251919.csv for details! 
test 00:04:57 - Completed model creation - No errors and 2 warning(s) encountered. Wrote reporting_test_202010251919.csv for details! 
test 00:05:11 - Set objective function according to inputs - No errors and 2 warning(s) encountered. Wrote reporting_test_202010251919.csv for details! 
Welcome to the CBC MILP Solver 
Version: 2.10.3 
Build Date: Jan  1 1970 

command line - Cbc_C_Interface -solve -quit (default strategy 1)
Presolve 75293 (-27572) rows, 83000 (-22060) columns and 370442 (-104118) elements
Perturbing problem by 0.001% of 37562.686 - largest nonzero change 0.00099989424 ( 0.076022611%) - largest zero change 0.00099989049
0  Obj -2.6444701e-05 Primal inf 10108.525 (5133) Dual inf 11269.852 (1461)
0  Obj 0 Primal inf 10108.525 (5133) Dual inf 1.6070845e+15 (31816)
630  Obj 25913.584 Primal inf 6342.9101 (5021) Dual inf 1.1035083e+15 (24487)
1255  Obj 26697.024 Primal inf 5910.0926 (4824) Dual inf 1.0323967e+15 (24192)
1861  Obj 28550.614 Primal inf 5515.1929 (4673) Dual inf 9.9653312e+14 (24401)
2466  Obj 30528.848 Primal inf 5094.2553 (4506) Dual inf 9.3668538e+14 (24367)
3069  Obj 30940.278 Primal inf 4677.3551 (4281) Dual inf 8.831314e+14 (24264)
3681  Obj 31734.706 Primal inf 4322.8677 (4181) Dual inf 8.1410116e+14 (23747)
4291  Obj 32676.566 Primal inf 4020.449 (4020) Dual inf 7.4177507e+14 (23393)
4899  Obj 33318.209 Primal inf 3811.0516 (3892) Dual inf 6.4364984e+14 (23615)
5503  Obj 46061.343 Primal inf 3490.0567 (3774) Dual inf 5.6101642e+14 (22987)
6107  Obj 64411.279 Primal inf 3159.9487 (3665) Dual inf 5.0134736e+14 (24970)
6708  Obj 76391.139 Primal inf 2827.4648 (3547) Dual inf 5.1189692e+14 (26119)
7310  Obj 85291.716 Primal inf 2411.0995 (3408) Dual inf 4.595504e+14 (23115)
7912  Obj 92305.436 Primal inf 1968.5039 (3292) Dual inf 4.4628862e+14 (23550)
8514  Obj 96223.461 Primal inf 1649.3933 (3188) Dual inf 3.8509796e+14 (25413)
9117  Obj 103080.43 Primal inf 1149.4949 (2952) Dual inf 3.3614455e+14 (25911)
9719  Obj 111225.1 Primal inf 907.68759 (2742) Dual inf 2.9141851e+14 (25582)
10322  Obj 120343.18 Primal inf 756.78538 (2710) Dual inf 2.7642739e+14 (25312)
10927  Obj 133816.5 Primal inf 670.37462 (2555) Dual inf 2.55227e+14 (24451)
11532  Obj 142230.53 Primal inf 575.91539 (2421) Dual inf 3.1420652e+14 (24131)
12135  Obj 151229.39 Primal inf 515.44295 (2231) Dual inf 2.6338717e+14 (23519)
12741  Obj 161143.92 Primal inf 454.65073 (2202) Dual inf 2.0981335e+14 (22851)
13349  Obj 164778.72 Primal inf 397.26209 (2066) Dual inf 1.8084887e+14 (22206)
13965  Obj 168379.45 Primal inf 352.8859 (1778) Dual inf 1.6489958e+14 (20949)
14578  Obj 170433.9 Primal inf 319.99486 (1587) Dual inf 1.4343515e+14 (20384)
15199  Obj 173951.02 Primal inf 284.70539 (1641) Dual inf 1.3663408e+14 (20108)
15825  Obj 194777.54 Primal inf 223.98266 (1412) Dual inf 1.1411152e+14 (19238)
16442  Obj 194037.12 Primal inf 195.88798 (1128) Dual inf 1.0720598e+14 (18844)
17055  Obj 217202.12 Primal inf 130.20544 (1068) Dual inf 1.5609036e+14 (18875)
17664  Obj 233934.47 Primal inf 93.5442 (870) Dual inf 6.68404e+13 (18602)
18270  Obj 258812.42 Primal inf 68.777145 (672) Dual inf 6.9703572e+13 (17806)
18884  Obj 270749.86 Primal inf 53.827601 (576) Dual inf 4.2996898e+13 (17742)
19496  Obj 278103.84 Primal inf 37.990109 (490) Dual inf 4.262479e+13 (17665)
20117  Obj 279447.82 Primal inf 28.793773 (370) Dual inf 3.6702278e+13 (17677)
20723  Obj 280028.3 Primal inf 23.070259 (376) Dual inf 4.5263843e+13 (17761)
21324  Obj 279951.12 Primal inf 19.153948 (241) Dual inf 4.7613348e+13 (17513)
21925  Obj 281188.04 Primal inf 15.966154 (221) Dual inf 3.1795307e+13 (18019)
22526  Obj 283078.8 Primal inf 13.038396 (168) Dual inf 1.4957171e+13 (17629)
23127  Obj 285173.28 Primal inf 10.736581 (113) Dual inf 1.4878928e+13 (17793)
23729  Obj 289912.66 Primal inf 7.1758553 (84) Dual inf 1.5136712e+13 (16974)
24330  Obj 295817.06 Primal inf 3.3943861 (63) Dual inf 1.8256625e+13 (17284)
24933  Obj 295634.44 Primal inf 0.80143638 (5) Dual inf 4.147697e+11 (17429)
25534  Obj 295084.78 Primal inf 0.45650191 (18) Dual inf 1.2607525e+13 (16897)
26135  Obj 295795.78 Primal inf 0.081153027 (13) Dual inf 4.3465469e+12 (16572)
26736  Obj 285670.28 Dual inf 13454702 (16776)
27337  Obj 275972.49 Dual inf 23213799 (16520)
27938  Obj 264583.34 Dual inf 7742104 (16008)
28539  Obj 256215.36 Primal inf 6.1947067e-07 (1) Dual inf 3.520218e+11 (16013)
29140  Obj 251064.79 Dual inf 12223301 (15491)
29741  Obj 243383 Dual inf 11595856 (15977)
30342  Obj 239467.49 Dual inf 6914492.5 (15464)
30944  Obj 235436.27 Dual inf 12146994 (15283)
31545  Obj 228752.1 Dual inf 10750753 (15397)
32147  Obj 225687.43 Primal inf 1.0408743e-07 (3) Dual inf 1.8533182e+11 (16031)
32748  Obj 221550.16 Dual inf 7667523.5 (15142)
33349  Obj 218793.88 Dual inf 13104137 (15392)
33950  Obj 216814.28 Dual inf 11706470 (14960)
34551  Obj 213728.9 Dual inf 13633303 (15385)
35152  Obj 212161.28 Dual inf 4796401 (14633)
35753  Obj 211189.18 Dual inf 7700935.9 (14260)
36354  Obj 208986.61 Dual inf 19207456 (13956)
36955  Obj 206230.1 Dual inf 8621959.9 (13420)
37556  Obj 204381.39 Primal inf 1.6906543e-06 (3) Dual inf 1.8753527e+12 (13094)
38157  Obj 202693.55 Dual inf 6791359.4 (13160)
38759  Obj 197419.64 Dual inf 6933823.3 (13115)
39360  Obj 193555.39 Primal inf 4.1878032e-07 (1) Dual inf 8.6493758e+10 (12500)
39961  Obj 191128.68 Dual inf 6093678.7 (12644)
40562  Obj 189093.85 Dual inf 6096981.2 (12999)
41164  Obj 185736.83 Primal inf 7.2405182e-06 (10) Dual inf 1.1104014e+12 (12069)
41765  Obj 179477.87 Dual inf 2327238 (11315)
42367  Obj 176496.46 Dual inf 7563583.8 (11116)
42968  Obj 173723.65 Dual inf 2406843.5 (11262)
43569  Obj 171978.2 Dual inf 2905876.2 (10844)
44170  Obj 169761.4 Dual inf 1767391.6 (10377)
44771  Obj 166688.31 Primal inf 1.0687645e-06 (2) Dual inf 4.4803601e+11 (9971)
45372  Obj 162474.11 Primal inf 4.0948588e-08 (1) Dual inf 1.0705128e+11 (9659)
45973  Obj 158244.57 Dual inf 1483475.5 (9393)
46575  Obj 152333.54 Dual inf 1001515.8 (9344)
47176  Obj 151094.55 Dual inf 2399995.3 (9011)
47777  Obj 150046.94 Dual inf 5984633.7 (9368)
48378  Obj 149758.07 Dual inf 1167457.1 (8747)
48979  Obj 149344.13 Dual inf 3169120.6 (8515)
49580  Obj 149141.57 Primal inf 6.842114e-06 (11) Dual inf 1.2986754e+12 (8842)
50181  Obj 148855.47 Dual inf 2112669.4 (8590)
50782  Obj 148439.92 Dual inf 1742571.6 (8060)
51383  Obj 147984.21 Dual inf 5424787.3 (8565)
51984  Obj 147650.31 Dual inf 1057833.7 (7606)
52585  Obj 147279.87 Dual inf 1987219.8 (7118)
53186  Obj 146862.72 Dual inf 1327159.4 (7001)
53787  Obj 146490.23 Dual inf 2646281 (7164)
54388  Obj 145929.42 Dual inf 1844113.7 (6731)
54989  Obj 145591.21 Dual inf 4577169.1 (6988)
55590  Obj 145257.92 Dual inf 1042566.3 (6742)
56191  Obj 145006.41 Dual inf 580251.21 (6630)
56792  Obj 144569.91 Dual inf 577225.49 (6213)
57394  Obj 144219.58 Dual inf 624221.9 (6612)
57995  Obj 143415.06 Dual inf 2678611.7 (6530)
58596  Obj 143166.09 Dual inf 507514.18 (5438)
59197  Obj 142835.25 Dual inf 505711.79 (5178)
59798  Obj 142596.95 Dual inf 1057858.5 (5935)
60399  Obj 142322.35 Dual inf 417093.75 (5263)
61000  Obj 141767.57 Dual inf 448082.58 (4819)
61601  Obj 141651.77 Dual inf 207613.26 (4463)
62202  Obj 141307.62 Dual inf 1241907.7 (4430)
62803  Obj 140938.1 Dual inf 213700.69 (4233)
63404  Obj 140610.07 Dual inf 136087.98 (4024)
64005  Obj 140006.6 Dual inf 269881.39 (3788)
64606  Obj 139788.19 Dual inf 854635.05 (4110)
65207  Obj 139267.23 Dual inf 155808.9 (3318)
65808  Obj 138824.84 Dual inf 366020.06 (3265)
66409  Obj 138140.69 Dual inf 181604.29 (3737)
67010  Obj 137999.68 Dual inf 424145.9 (3085)
67611  Obj 137901.78 Dual inf 107418.19 (2884)
68212  Obj 137742.44 Dual inf 130894.97 (3111)
68813  Obj 137657.75 Dual inf 47968.846 (2113)
69414  Obj 137618.81 Dual inf 91459.965 (1895)
70015  Obj 137587.41 Dual inf 10766.737 (1519)
70616  Obj 137567.28 Dual inf 2062.95 (1116)
71217  Obj 137566.6 Dual inf 152.09148 (526)
71699  Obj 137566.59
Optimal - objective value 137566.59
After Postsolve, objective 137566.59, infeasibilities - dual 0.059408042 (1), primal 0.10820164 (3814)
Presolved model was optimal, full model needs cleaning up
0  Obj 137569.93 Primal inf 26.268892 (358) Dual inf 59.324291 (1)
0  Obj 137569.93 Primal inf 26.268892 (358) Dual inf 2.9585142e+14 (3697)
200  Obj 137673.84 Primal inf 0.059103711 (44) Dual inf 2.3080348e+12 (1644)
400  Obj 137662.86 Dual inf 29483.066 (377)
600  Obj 137622.77 Dual inf 46739.372 (xdg-mime: mimetype argument missing
Try 'xdg-mime --help' for more information.
Couldn't find a suitable web browser!
Set the BROWSER environment variable to your desired browser.
Warning: program returned non-zero exit code #256
/usr/bin/xdg-open: 869: x-www-browser: not found
/usr/bin/xdg-open: 869: firefox: not found
/usr/bin/xdg-open: 869: iceweasel: not found
/usr/bin/xdg-open: 869: seamonkey: not found
/usr/bin/xdg-open: 869: mozilla: not found
/usr/bin/xdg-open: 869: epiphany: not found
/usr/bin/xdg-open: 869: konqueror: not found
/usr/bin/xdg-open: 869: chromium: not found
/usr/bin/xdg-open: 869: chromium-browser: not found
/usr/bin/xdg-open: 869: google-chrome: not found
/usr/bin/xdg-open: 869: www-browser: not found
/usr/bin/xdg-open: 869: links2: not found
/usr/bin/xdg-open: 869: elinks: not found
/usr/bin/xdg-open: 869: links: not found
/usr/bin/xdg-open: 869: lynx: not found
/usr/bin/xdg-open: 869: w3m: not found
xdg-open: no method available for opening 'file:///home/pkgeval/.julia/packages/AnyMOD/6TCb2/test/testModel/energyFlowSankey_region_timestep_test_202010251919.html'
QStandardPaths: XDG_RUNTIME_DIR not set, defaulting to '/tmp/runtime-pkgeval'
findfont: Font family ['arial'] not found. Falling back to DejaVu Sans.
findfont: Font family ['arial'] not found. Falling back to DejaVu Sans.
test 00:00:00 - Read-in all set files
test 00:00:08 - Read-in all parameter files
test 00:00:08 - Read-in all set and parameter files - No errors and 3 warning(s) encountered. Wrote reporting_test_202010251928.csv for details! 
test 00:00:08 - Created all mappings among sets
test 00:00:08 - Assigned parameter data to model parts
test 00:00:08 - Prepared creation of optimization model - No errors and 4 warning(s) encountered. Wrote reporting_test_202010251928.csv for details! 
test 00:00:08 - Created all variables and prepared constraints for technology gasPlant < ocgt
test 00:00:08 - Created all variables and prepared constraints for technology coalPlant
test 00:00:10 - Created all variables and prepared constraints for technology wind
test 00:00:10 - Created all variables and prepared constraints for technology heatpump
test 00:00:11 - Created all variables and prepared constraints for technology gasStorage
test 00:00:11 - Created all variables and prepared constraints for technology gasBoiler
test 00:00:11 - Created all variables and prepared constraints for technology electrolysis
test 00:00:11 - Created all variables and prepared constraints for technology solar < rooftop < solarThermal
test 00:00:11 - Created all variables and prepared constraints for technology gasPlant < ccgt < ccgtCHP
test 00:00:12 - Created all variables and prepared constraints for technology methanation
test 00:00:14 - Created all variables and prepared constraints for technology solar < openspace
test 00:00:14 - Created all variables and prepared constraints for technology hydro
test 00:00:17 - Created all variables and prepared constraints for technology solar < rooftop < photovoltaic
test 00:00:18 - Created all variables and prepared constraints for technology fuelCell
test 00:00:18 - Created variables and constraints for all technologies - No errors and 4 warning(s) encountered. Wrote reporting_test_202010251928.csv for details! 
test 00:00:18 - Created all variables and constraints related to expansion and capacity for exchange
test 00:00:18 - Created all dispatch variables for exchange
test 00:00:18 - Created all capacity restrictions for exchange
test 00:00:18 - Created variables and constraints for exchange - No errors and 4 warning(s) encountered. Wrote reporting_test_202010251928.csv for details! 
test 00:00:18 - Created variables and constraints for buying carriers
test 00:00:18 - Created variables and constraints for selling carriers
test 00:00:18 - Created variables and constraints for trade - No errors and 4 warning(s) encountered. Wrote reporting_test_202010251928.csv for details! 
test 00:00:21 - Prepared energy balance for electricity
test 00:00:21 - Prepared energy balance for hydrogen
test 00:00:22 - Prepared energy balance for heat
test 00:00:24 - Prepared energy balance for districtHeat
test 00:00:25 - Prepared energy balance for synthGas
test 00:00:26 - Prepared energy balance for naturalGas
test 00:00:27 - Prepared energy balance for gas
test 00:00:29 - Prepared energy balance for coal
test 00:00:29 - Created energy balances for all carriers - No errors and 4 warning(s) encountered. Wrote reporting_test_202010251928.csv for details! 
test 00:00:29 - Prepared constraints to limit variable expExc
test 00:00:33 - Prepared constraints to limit variable gen
test 00:00:33 - Prepared constraints to limit term emission
30
test 00:00:33 - Prepared constraints to limit variable capaConv
test 00:00:33 - Prepared constraints to limit variable capaExc
test 00:00:33 - Created all limiting constraints - Errors encountered! Wrote reporting_test_202010251928.csv for details!Test Summary: | Pass  Total
run_rest      |    4      4
348)
800  Obj 137590.97 Dual inf 24506.12 (529)
1000  Obj 137567.25 Dual inf 7687.5553 (209)
1187  Obj 137566.61
Optimal - objective value 137566.61
Optimal objective 137566.6071 - 72886 iterations time 76.332, Presolve 0.97
Total time (CPU seconds):       76.33   (Wallclock seconds):       77.99

    Testing AnyMOD tests passed 
Finished at 2020-10-25T19:28:39.677
