Julia Version 1.3.2-pre.0
Commit 2e6715c045 (2019-12-31 00:49 UTC)
Platform Info:
  OS: Linux (x86_64-linux-gnu)
  CPU: Intel(R) Xeon(R) Silver 4114 CPU @ 2.20GHz
  WORD_SIZE: 64
  LIBM: libopenlibm
  LLVM: libLLVM-6.0.1 (ORCJIT, skylake)
Environment:
  JULIA_DEPOT_PATH = ::/usr/local/share/julia
  JULIA_NUM_THREADS = 2

 Resolving package versions...
 Installed PredictMDAPI ─ v0.3.0
  Updating `~/.julia/environments/v1.3/Project.toml`
  [df4d2c64] + PredictMDAPI v0.3.0
  Updating `~/.julia/environments/v1.3/Manifest.toml`
  [df4d2c64] + PredictMDAPI v0.3.0
   Testing PredictMDAPI
 Resolving package versions...
  Updating `/tmp/jl_Xl1UFK/Project.toml`
  [df4d2c64] + PredictMDAPI v0.3.0
  [8dfed614] + Test 
  Updating `/tmp/jl_Xl1UFK/Manifest.toml`
  [2a0f44e3] + Base64 
  [8ba89e20] + Distributed 
  [b77e0a4c] + InteractiveUtils 
  [56ddb016] + Logging 
  [d6f4376e] + Markdown 
  [9a3f8284] + Random 
  [9e88b42a] + Serialization 
  [6462fe0b] + Sockets 
  [8dfed614] + Test 
[ Info: Running Sandbox
    Status `/tmp/jl_Xl1UFK/Project.toml`
  [df4d2c64] PredictMDAPI v0.3.0
  [8dfed614] Test 
   Testing PredictMDAPI tests passed 
