Julia Version 1.3.0
Commit 46ce4d7933 (2019-11-26 06:09 UTC)
Platform Info:
  OS: Linux (x86_64-pc-linux-gnu)
  CPU: Intel(R) Xeon(R) Silver 4114 CPU @ 2.20GHz
  WORD_SIZE: 64
  LIBM: libopenlibm
  LLVM: libLLVM-6.0.1 (ORCJIT, skylake)

   Cloning default registries into `~/.julia`
   Cloning registry from "https://github.com/JuliaRegistries/General.git"
[?25l    Fetching: [>                                        ]  0.0 %    Fetching: [============>                            ]  29.5 %    Fetching: [============================>            ]  69.6 %[2K[?25h     Added registry `General` to `~/.julia/registries/General`
 Resolving package versions...
 Installed DataAPI ──────────── v1.1.0
 Installed Missings ─────────── v0.4.3
 Installed SortingAlgorithms ── v0.3.1
 Installed OrderedCollections ─ v1.1.0
 Installed DataStructures ───── v0.17.6
 Installed StatsBase ────────── v0.32.0
 Installed JSON ─────────────── v0.21.0
 Installed SimilaritySearch ─── v0.3.16
 Installed Parsers ──────────── v0.3.10
  Updating `~/.julia/environments/v1.3/Project.toml`
  [053f045d] + SimilaritySearch v0.3.16
  Updating `~/.julia/environments/v1.3/Manifest.toml`
  [9a962f9c] + DataAPI v1.1.0
  [864edb3b] + DataStructures v0.17.6
  [682c06a0] + JSON v0.21.0
  [e1d29d7a] + Missings v0.4.3
  [bac558e1] + OrderedCollections v1.1.0
  [69de0a69] + Parsers v0.3.10
  [053f045d] + SimilaritySearch v0.3.16
  [a2af1166] + SortingAlgorithms v0.3.1
  [2913bbd2] + StatsBase v0.32.0
  [2a0f44e3] + Base64 
  [ade2ca70] + Dates 
  [8ba89e20] + Distributed 
  [b77e0a4c] + InteractiveUtils 
  [8f399da3] + Libdl 
  [37e2e46d] + LinearAlgebra 
  [56ddb016] + Logging 
  [d6f4376e] + Markdown 
  [a63ad114] + Mmap 
  [de0858da] + Printf 
  [9a3f8284] + Random 
  [9e88b42a] + Serialization 
  [6462fe0b] + Sockets 
  [2f01184e] + SparseArrays 
  [10745b16] + Statistics 
  [8dfed614] + Test 
  [4ec0a83e] + Unicode 
   Testing SimilaritySearch
    Status `/tmp/jl_V6RScg/Manifest.toml`
  [9a962f9c] DataAPI v1.1.0
  [864edb3b] DataStructures v0.17.6
  [682c06a0] JSON v0.21.0
  [e1d29d7a] Missings v0.4.3
  [bac558e1] OrderedCollections v1.1.0
  [69de0a69] Parsers v0.3.10
  [053f045d] SimilaritySearch v0.3.16
  [a2af1166] SortingAlgorithms v0.3.1
  [2913bbd2] StatsBase v0.32.0
  [2a0f44e3] Base64  [`@stdlib/Base64`]
  [ade2ca70] Dates  [`@stdlib/Dates`]
  [8ba89e20] Distributed  [`@stdlib/Distributed`]
  [b77e0a4c] InteractiveUtils  [`@stdlib/InteractiveUtils`]
  [8f399da3] Libdl  [`@stdlib/Libdl`]
  [37e2e46d] LinearAlgebra  [`@stdlib/LinearAlgebra`]
  [56ddb016] Logging  [`@stdlib/Logging`]
  [d6f4376e] Markdown  [`@stdlib/Markdown`]
  [a63ad114] Mmap  [`@stdlib/Mmap`]
  [de0858da] Printf  [`@stdlib/Printf`]
  [9a3f8284] Random  [`@stdlib/Random`]
  [9e88b42a] Serialization  [`@stdlib/Serialization`]
  [6462fe0b] Sockets  [`@stdlib/Sockets`]
  [2f01184e] SparseArrays  [`@stdlib/SparseArrays`]
  [10745b16] Statistics  [`@stdlib/Statistics`]
  [8dfed614] Test  [`@stdlib/Test`]
  [4ec0a83e] Unicode  [`@stdlib/Unicode`]
Test Summary: | Pass  Total
bit ops       |    3      3
Test Summary: | Pass  Total
Result set    |    3      3
(recall_lower_bound, dist) = (1.0, SimilaritySearch.l2_distance)
(dist, p) = (SimilaritySearch.l2_distance, PerformanceResult(1.0, 1.0, 1.0, 0.0010034720102945964, 0.002684934933980306, 301.0, 52.85676670446992))
(recall_lower_bound, dist) = (1.0, SimilaritySearch.l1_distance)
(dist, p) = (SimilaritySearch.l1_distance, PerformanceResult(1.0, 1.0, 1.0, 0.0013444344202677408, 0.001632968584696452, 301.0, 76.98464179039001))
(recall_lower_bound, dist) = (1.0, SimilaritySearch.linf_distance)
(dist, p) = (SimilaritySearch.linf_distance, PerformanceResult(1.0, 1.0, 1.0, 0.0009779930114746094, 0.0019947290420532227, 301.0, 43.356502056121826))
(recall_lower_bound, dist) = (0.1, SimilaritySearch.squared_l2_distance)
(dist, p) = (SimilaritySearch.squared_l2_distance, PerformanceResult(1.0, 1.0, 1.0, 0.0023157358169555663, 0.0017489353815714518, 301.0, 10.327976509695873))
(recall_lower_bound, dist) = (1.0, SimilaritySearch.var"#_lp#1"{Float64}(Core.Box(3.0), 0.3333333333333333))
(dist, p) = (SimilaritySearch.var"#_lp#1"{Float64}(Core.Box(3.0), 0.3333333333333333), PerformanceResult(1.0, 1.0, 1.0, 0.0015903552373250326, 0.0029949029286702473, 301.0, 47.90300678089261))
(recall_lower_bound, dist) = (0.1, SimilaritySearch.var"#_lp#1"{Float64}(Core.Box(0.5), 2.0))
(dist, p) = (SimilaritySearch.var"#_lp#1"{Float64}(Core.Box(0.5), 2.0), PerformanceResult(1.0, 1.0, 1.0, 0.0006353298823038737, 0.0006084044774373373, 301.0, 191.73865164071321))
[ Info: inserting items into the index
[ Info: inserting items into the index
[ Info: Creating a pivot table with 1 pivots and distance=jaccard_distance
[ Info: inserting items into the index
[ Info: inserting items into the index
[ Info: Creating a pivot table with 1 pivots and distance=dice_distance
[ Info: inserting items into the index
[ Info: inserting items into the index
[ Info: Creating a pivot table with 1 pivots and distance=intersection_distance
[ Info: inserting items into the index
[ Info: inserting items into the index
[ Info: Creating a pivot table with 1 pivots and distance=common_prefix_distance
[ Info: inserting items into the index
[ Info: inserting items into the index
[ Info: Creating a pivot table with 1 pivots and distance=levenshtein_distance
[ Info: inserting items into the index
[ Info: inserting items into the index
[ Info: Creating a pivot table with 1 pivots and distance=lcs_distance
[ Info: inserting items into the index
[ Info: inserting items into the index
[ Info: Creating a pivot table with 1 pivots and distance=hamming_distance
p = PerformanceResult(1.0, 1.0, 1.0, 6.0669581095377605e-5, 0.0032176653544108073, 300.0, 28.998335225507617)
p = PerformanceResult(1.0, 1.0, 1.0, 5.133152008056641e-5, 2.5566418965657552e-5, 300.0, 28.998335225507617)
p = PerformanceResult(1.0, 1.0, 1.0, 0.001074814796447754, 0.0008892695109049479, 300.0, 1.750460264585854)
p = PerformanceResult(1.0, 1.0, 1.0, 4.301865895589192e-5, 3.289381663004557e-5, 300.0, 1.750460264585854)
(p1, p2, p3, p4) = (PerformanceResult(1.0, 1.0, 1.0, 6.0669581095377605e-5, 0.0032176653544108073, 300.0, 28.998335225507617), PerformanceResult(1.0, 1.0, 1.0, 5.133152008056641e-5, 2.5566418965657552e-5, 300.0, 28.998335225507617), PerformanceResult(1.0, 1.0, 1.0, 0.001074814796447754, 0.0008892695109049479, 300.0, 1.750460264585854), PerformanceResult(1.0, 1.0, 1.0, 4.301865895589192e-5, 3.289381663004557e-5, 300.0, 1.750460264585854))
[ Info: select_sss: db=Array{Array{UInt32,1},1}, alpha=0.35, distance=hamming_distance, shuf=false
[ Info: the maximum distance estimated as 122.0, now selecting pivots
[ Info: Creating a pivot table with 300 pivots and distance=hamming_distance
p = PerformanceResult(1.0, 1.0, 1.0, 0.004696098963419596, 0.0009665330251057943, 349.03333333333336, 28606.0)
[ Info: Creating a pivot table with 16 pivots and distance=hamming_distance
p = PerformanceResult(1.0, 1.0, 1.0, 0.0036099831263224284, 0.000745097796122233, 304.3666666666667, 7056.0)
(recall_lower_bound, dist) = (1.0, SimilaritySearch.l2_distance)
Kvp = Kvp
[ Info: Kvp, refs=Array{Array{Float32,1},1}, k=3, numrefs=32, dist=l2_distance
(dist, p) = (SimilaritySearch.l2_distance, PerformanceResult(1.0, 1.0, 1.0, 2.089341481526693e-5, 1.266797383626302e-5, 95.43333333333334, 52.88685958334838))
(recall_lower_bound, dist) = (1.0, SimilaritySearch.l1_distance)
Kvp = Kvp
[ Info: Kvp, refs=Array{Array{Float32,1},1}, k=3, numrefs=32, dist=l1_distance
(dist, p) = (SimilaritySearch.l1_distance, PerformanceResult(1.0, 1.0, 1.0, 1.9772847493489584e-5, 1.3899803161621093e-5, 87.1, 77.05775535106659))
(recall_lower_bound, dist) = (1.0, SimilaritySearch.linf_distance)
Kvp = Kvp
[ Info: Kvp, refs=Array{Array{Float32,1},1}, k=3, numrefs=32, dist=linf_distance
(dist, p) = (SimilaritySearch.linf_distance, PerformanceResult(1.0, 1.0, 1.0, 2.1568934122721355e-5, 1.8668174743652343e-5, 92.4, 43.35245180130005))
(recall_lower_bound, dist) = (1.0, SimilaritySearch.var"#_lp#1"{Float64}(Core.Box(3.0), 0.3333333333333333))
Kvp = Kvp
[ Info: Kvp, refs=Array{Array{Float32,1},1}, k=3, numrefs=32, dist=_lp
(dist, p) = (SimilaritySearch.var"#_lp#1"{Float64}(Core.Box(3.0), 0.3333333333333333), PerformanceResult(1.0, 1.0, 1.0, 0.00020055770874023439, 0.0005396286646525065, 97.16666666666667, 47.94752308168843))
(recall_lower_bound, dist) = (0.1, SimilaritySearch.var"#_lp#1"{Float64}(Core.Box(0.5), 2.0))
Kvp = Kvp
[ Info: Kvp, refs=Array{Array{Float32,1},1}, k=3, numrefs=32, dist=_lp
(dist, p) = (SimilaritySearch.var"#_lp#1"{Float64}(Core.Box(0.5), 2.0), PerformanceResult(0.8000000000000003, 0.8000000000000003, 0.8000000000000003, 0.0001628875732421875, 0.0005668004353841146, 71.53333333333333, 201.24183549933386))
[ Info: inserting items into the index
[ Info: Kvp, refs=Array{Array{Int64,1},1}, k=3, numrefs=32, dist=jaccard_distance
[ Info: inserting items into the index
[ Info: Kvp, refs=Array{Array{Int64,1},1}, k=3, numrefs=32, dist=dice_distance
[ Info: inserting items into the index
[ Info: Kvp, refs=Array{Array{Int64,1},1}, k=3, numrefs=32, dist=intersection_distance
[ Info: inserting items into the index
[ Info: Kvp, refs=Array{Array{Int64,1},1}, k=3, numrefs=32, dist=common_prefix_distance
[ Info: inserting items into the index
[ Info: Kvp, refs=Array{Array{Int64,1},1}, k=3, numrefs=32, dist=levenshtein_distance
[ Info: inserting items into the index
[ Info: Kvp, refs=Array{Array{Int64,1},1}, k=3, numrefs=32, dist=lcs_distance
[ Info: inserting items into the index
[ Info: Kvp, refs=Array{Array{Int64,1},1}, k=3, numrefs=32, dist=hamming_distance
(dist, p) = (SimilaritySearch.l2_distance, PerformanceResult(0.9080000000000001, 0.9060000000000001, 0.906888888888889, 2.2118091583251952e-5, 3.741979598999023e-5, 152.72, 51.04032384941923))
[ Info: adding more items
(dist, p) = (SimilaritySearch.l2_distance, PerformanceResult(1.0, 1.0, 1.0, 2.166271209716797e-5, 3.793954849243164e-5, 156.59, 0.0))
(dist, p) = (SimilaritySearch.l1_distance, PerformanceResult(0.8860000000000002, 0.8860000000000002, 0.8860000000000002, 2.0232200622558594e-5, 3.385066986083984e-5, 150.79, 77.3581573292613))
[ Info: adding more items
(dist, p) = (SimilaritySearch.l1_distance, PerformanceResult(1.0, 1.0, 1.0, 1.9974708557128907e-5, 3.5948753356933594e-5, 154.42, 0.0))
[ Info: adding more items
(dist, p) = (SimilaritySearch.linf_distance, PerformanceResult(0.8890000000000003, 0.8830000000000002, 0.884714285714286, 2.0644664764404298e-5, 3.787040710449219e-5, 153.42, 42.41178394621238))
(dist, p) = (SimilaritySearch.linf_distance, PerformanceResult(1.0, 1.0, 1.0, 2.1772384643554686e-5, 4.270792007446289e-5, 157.23, 0.0))
[ Info: adding more items
(dist, p) = (SimilaritySearch.var"#_lp#1"{Float64}(Core.Box(3.0), 0.3333333333333333), PerformanceResult(0.905, 0.903, 0.9038888888888889, 0.0004060769081115723, 0.0018027019500732422, 152.84, 46.100607099529775))
(dist, p) = (SimilaritySearch.var"#_lp#1"{Float64}(Core.Box(3.0), 0.3333333333333333), PerformanceResult(1.0, 1.0, 1.0, 0.0002877497673034668, 0.0019104194641113282, 156.76, 0.0))
(dist, p) = (SimilaritySearch.var"#_lp#1"{Float64}(Core.Box(0.5), 2.0), PerformanceResult(0.9580000000000001, 0.9580000000000001, 0.9580000000000001, 0.00028040647506713865, 0.0015534186363220215, 165.35, 194.35645013579764))
[ Info: adding more items
(dist, p) = (SimilaritySearch.var"#_lp#1"{Float64}(Core.Box(0.5), 2.0), PerformanceResult(1.0, 1.0, 1.0, 0.00029507875442504885, 0.0017999505996704101, 170.37, 0.0))
(dist, p) = (SimilaritySearch.angle_distance, PerformanceResult(0.9080000000000001, 0.9060000000000001, 0.906888888888889, 2.98309326171875e-5, 8.289813995361328e-5, 152.72, 51.05107265035622))
[ Info: adding more items
(dist, p) = (SimilaritySearch.angle_distance, PerformanceResult(1.0, 1.0, 1.0, 3.0357837677001953e-5, 7.946014404296874e-5, 156.59, 0.019594513345509768))
[ Info: inserting items into the index
(dist, p) = (SimilaritySearch.jaccard_distance, PerformanceResult(0.7459999999999998, 0.7459999999999998, 0.7459999999999998, 0.0004885673522949218, 7.853984832763672e-5, 206.75, 199.36666666666574))
[ Info: inserting items into the index
(dist, p) = (SimilaritySearch.dice_distance, PerformanceResult(0.7459999999999998, 0.7459999999999998, 0.7459999999999998, 0.0005378746986389161, 7.300853729248048e-5, 206.75, 114.44126984127072))
[ Info: inserting items into the index
(dist, p) = (SimilaritySearch.intersection_distance, PerformanceResult(0.6109999999999998, 0.6109999999999998, 0.6109999999999998, 0.00043209552764892576, 7.390022277832031e-5, 272.57, 1.75))
[ Info: inserting items into the index
(dist, p) = (SimilaritySearch.common_prefix_distance, PerformanceResult(0.9590000000000001, 0.9590000000000001, 0.9590000000000001, 0.0004576015472412109, 2.3579597473144533e-5, 216.12, 603.4000000000069))
[ Info: inserting items into the index
(dist, p) = (SimilaritySearch.levenshtein_distance, PerformanceResult(0.5660000000000003, 0.5660000000000003, 0.5660000000000003, 0.0007846450805664062, 0.0003089094161987305, 257.06, 2371.0))
[ Info: inserting items into the index
(dist, p) = (SimilaritySearch.lcs_distance, PerformanceResult(0.38000000000000006, 0.38000000000000006, NaN, 0.0005784058570861817, 0.0003579115867614746, 246.99, 3646.0))
[ Info: inserting items into the index
(dist, p) = (SimilaritySearch.hamming_distance, PerformanceResult(0.6089999999999999, 0.6089999999999999, NaN, 0.0004851627349853516, 2.889871597290039e-5, 243.27, 2357.0))
[ Info: inserting items to the index
==== BEGIN Opt. TIHCSearch, expected recall: 0.9, n: 9
  == Begin Opt. TIHCSearch iteration: 1, expected recall: 0.9, n: 9
    ** Opt. TIHCSearch. A new best conf was found> score: 1.8700906344410875, conf: {"ssize":1,"restarts":2,"use_local_improvement":false}, perf: {"precision":0.9037388392857137,"recall":0.90625,"f1":0.9035331320028007,"seconds":6.185844540596008e-6,"exhaustive_search_seconds":1.3820827007293701e-6,"evaluations":10.34375,"distances_sum":720.2344447374344}, best_list's length: 2, n: 9
    ** Opt. TIHCSearch. A new best conf was found> score: 1.8508124076809453, conf: {"ssize":1,"restarts":3,"use_local_improvement":false}, perf: {"precision":0.9187593005952377,"recall":0.9052734375,"f1":0.9101108412114843,"seconds":6.414949893951416e-6,"exhaustive_search_seconds":1.3820827007293701e-6,"evaluations":10.578125,"distances_sum":722.1479754000902}, best_list's length: 4, n: 9
  == End Opt. TIHCSearch. Iteration finished; {"score":1.8700906344410875,"state":{"ssize":1,"restarts":2,"use_local_improvement":false},"perf":{"precision":0.9037388392857137,"recall":0.90625,"f1":0.9035331320028007,"seconds":6.185844540596008e-6,"exhaustive_search_seconds":1.3820827007293701e-6,"evaluations":10.34375,"distances_sum":720.2344447374344}}, beam: 4, n: 9
  == Begin Opt. TIHCSearch iteration: 2, expected recall: 0.9, n: 9
    ** Opt. TIHCSearch. A new best conf was found> score: 1.8760456273764259, conf: {"ssize":2,"restarts":2,"use_local_improvement":false}, perf: {"precision":0.9175502232142855,"recall":0.90234375,"f1":0.908385307247899,"seconds":6.426125764846802e-6,"exhaustive_search_seconds":1.3820827007293701e-6,"evaluations":10.2734375,"distances_sum":717.2707610726357}, best_list's length: 5, n: 9
  == End Opt. TIHCSearch. Iteration finished; {"score":1.8760456273764259,"state":{"ssize":2,"restarts":2,"use_local_improvement":false},"perf":{"precision":0.9175502232142855,"recall":0.90234375,"f1":0.908385307247899,"seconds":6.426125764846802e-6,"exhaustive_search_seconds":1.3820827007293701e-6,"evaluations":10.2734375,"distances_sum":717.2707610726357}}, beam: 4, n: 9
==== END Opt. TIHCSearch. Finished, best: {"score":1.8760456273764259,"state":{"ssize":2,"restarts":2,"use_local_improvement":false},"perf":{"precision":0.9175502232142855,"recall":0.90234375,"f1":0.908385307247899,"seconds":6.426125764846802e-6,"exhaustive_search_seconds":1.3820827007293701e-6,"evaluations":10.2734375,"distances_sum":717.2707610726357}}, n: 9
==== BEGIN Opt. TIHCSearch, expected recall: 0.9, n: 99
  == Begin Opt. TIHCSearch iteration: 1, expected recall: 0.9, n: 99
  == End Opt. TIHCSearch. Iteration finished; {"score":0.8732638888888873,"state":{"ssize":2,"restarts":2,"use_local_improvement":false},"perf":{"precision":0.9363219246031741,"recall":0.8732638888888873,"f1":0.9026756535947701,"seconds":1.679360866546631e-5,"exhaustive_search_seconds":5.610287189483643e-6,"evaluations":40.640625,"distances_sum":285.56720738857985}}, beam: 3, n: 99
==== END Opt. TIHCSearch. Finished, best: {"score":0.8732638888888873,"state":{"ssize":2,"restarts":2,"use_local_improvement":false},"perf":{"precision":0.9363219246031741,"recall":0.8732638888888873,"f1":0.9026756535947701,"seconds":1.679360866546631e-5,"exhaustive_search_seconds":5.610287189483643e-6,"evaluations":40.640625,"distances_sum":285.56720738857985}}, n: 99
==== BEGIN Opt. TIHCSearch, expected recall: 0.9, n: 999
  == Begin Opt. TIHCSearch iteration: 1, expected recall: 0.9, n: 999
  == End Opt. TIHCSearch. Iteration finished; {"score":0.8836805555555542,"state":{"ssize":2,"restarts":2,"use_local_improvement":false},"perf":{"precision":0.8935546874999989,"recall":0.8836805555555542,"f1":0.8883272058823518,"seconds":2.6384368538856506e-5,"exhaustive_search_seconds":3.207847476005554e-5,"evaluations":66.9296875,"distances_sum":126.80290069058537}}, beam: 4, n: 999
==== END Opt. TIHCSearch. Finished, best: {"score":0.8836805555555542,"state":{"ssize":2,"restarts":2,"use_local_improvement":false},"perf":{"precision":0.8935546874999989,"recall":0.8836805555555542,"f1":0.8883272058823518,"seconds":2.6384368538856506e-5,"exhaustive_search_seconds":3.207847476005554e-5,"evaluations":66.9296875,"distances_sum":126.80290069058537}}, n: 999
added n=5000, neighborhood=5, 2019-12-08T17:42:26.781
==== BEGIN Opt. TIHCSearch, expected recall: 0.9, n: 9999
  == Begin Opt. TIHCSearch iteration: 1, expected recall: 0.9, n: 9999
  == End Opt. TIHCSearch. Iteration finished; {"score":0.855034722222221,"state":{"ssize":2,"restarts":2,"use_local_improvement":false},"perf":{"precision":0.855034722222221,"recall":0.855034722222221,"f1":0.855034722222221,"seconds":4.7558918595314026e-5,"exhaustive_search_seconds":0.00031424127519130707,"evaluations":99.84375,"distances_sum":58.77358872955665}}, beam: 4, n: 9999
==== END Opt. TIHCSearch. Finished, best: {"score":0.855034722222221,"state":{"ssize":2,"restarts":2,"use_local_improvement":false},"perf":{"precision":0.855034722222221,"recall":0.855034722222221,"f1":0.855034722222221,"seconds":4.7558918595314026e-5,"exhaustive_search_seconds":0.00031424127519130707,"evaluations":99.84375,"distances_sum":58.77358872955665}}, n: 9999
added n=10000, neighborhood=6, 2019-12-08T17:42:27.302
[ Info: done; now testing
res = KnnResult(10, Item[Item(8747, 0.025568194687366486), Item(8607, 0.029557732865214348), Item(8107, 0.029913844540715218), Item(9776, 0.03296729549765587), Item(7071, 0.04688650742173195), Item(4634, 0.05176445096731186), Item(2393, 0.051776137202978134), Item(2159, 0.051858093589544296), Item(7289, 0.05692775174975395), Item(369, 0.06087401881814003)])
[ Info: inserting items to the index
==== BEGIN Opt. IHCSearch, expected recall: 0.9, n: 9
  == Begin Opt. IHCSearch iteration: 1, expected recall: 0.9, n: 9
  == End Opt. IHCSearch. Iteration finished; {"score":2.094017094017094,"state":{"restarts":1,"use_local_improvement":false},"perf":{"precision":1.0,"recall":0.9033203125,"f1":0.9452896062271069,"seconds":0.00027998723089694977,"exhaustive_search_seconds":1.3820827007293701e-6,"evaluations":8.2265625,"distances_sum":496.4682965874672}}, beam: 4, n: 9
==== END Opt. IHCSearch. Finished, best: {"score":2.094017094017094,"state":{"restarts":1,"use_local_improvement":false},"perf":{"precision":1.0,"recall":0.9033203125,"f1":0.9452896062271069,"seconds":0.00027998723089694977,"exhaustive_search_seconds":1.3820827007293701e-6,"evaluations":8.2265625,"distances_sum":496.4682965874672}}, n: 9
==== BEGIN Opt. IHCSearch, expected recall: 0.9, n: 99
  == Begin Opt. IHCSearch iteration: 1, expected recall: 0.9, n: 99
    ** Opt. IHCSearch. A new best conf was found> score: 0.8784722222222209, conf: {"restarts":2,"use_local_improvement":false}, perf: {"precision":0.8784722222222209,"recall":0.8784722222222209,"f1":0.8784722222222209,"seconds":1.1865049600601196e-5,"exhaustive_search_seconds":5.42961061000824e-6,"evaluations":33.78125,"distances_sum":297.1081451512873}, best_list's length: 3, n: 99
  == End Opt. IHCSearch. Iteration finished; {"score":0.8784722222222209,"state":{"restarts":2,"use_local_improvement":false},"perf":{"precision":0.8784722222222209,"recall":0.8784722222222209,"f1":0.8784722222222209,"seconds":1.1865049600601196e-5,"exhaustive_search_seconds":5.42961061000824e-6,"evaluations":33.78125,"distances_sum":297.1081451512873}}, beam: 3, n: 99
  == Begin Opt. IHCSearch iteration: 2, expected recall: 0.9, n: 99
    ** Opt. IHCSearch. A new best conf was found> score: 0.8828124999999988, conf: {"restarts":7,"use_local_improvement":false}, perf: {"precision":0.8828124999999988,"recall":0.8828124999999988,"f1":0.8828124999999988,"seconds":1.994706690311432e-5,"exhaustive_search_seconds":5.42961061000824e-6,"evaluations":47.953125,"distances_sum":296.7285324521363}, best_list's length: 5, n: 99
    ** Opt. IHCSearch. A new best conf was found> score: 3.0050632911392405, conf: {"restarts":8,"use_local_improvement":false}, perf: {"precision":0.9001736111111099,"recall":0.9001736111111099,"f1":0.9001736111111099,"seconds":2.0468607544898987e-5,"exhaustive_search_seconds":5.42961061000824e-6,"evaluations":49.375,"distances_sum":295.3989002741873}, best_list's length: 6, n: 99
    ** Opt. IHCSearch. A new best conf was found> score: 2.8254105445116684, conf: {"restarts":10,"use_local_improvement":false}, perf: {"precision":0.9088541666666657,"recall":0.9088541666666657,"f1":0.9088541666666657,"seconds":2.1571293473243713e-5,"exhaustive_search_seconds":5.42961061000824e-6,"evaluations":54.234375,"distances_sum":294.48151071742177}, best_list's length: 7, n: 99
    ** Opt. IHCSearch. A new best conf was found> score: 2.916515426497278, conf: {"restarts":9,"use_local_improvement":false}, perf: {"precision":0.9027777777777766,"recall":0.9027777777777766,"f1":0.9027777777777766,"seconds":2.1243467926979065e-5,"exhaustive_search_seconds":5.42961061000824e-6,"evaluations":51.65625,"distances_sum":295.62450969591737}, best_list's length: 8, n: 99
  == End Opt. IHCSearch. Iteration finished; {"score":3.0050632911392405,"state":{"restarts":8,"use_local_improvement":false},"perf":{"precision":0.9001736111111099,"recall":0.9001736111111099,"f1":0.9001736111111099,"seconds":2.0468607544898987e-5,"exhaustive_search_seconds":5.42961061000824e-6,"evaluations":49.375,"distances_sum":295.3989002741873}}, beam: 4, n: 99
  == Begin Opt. IHCSearch iteration: 3, expected recall: 0.9, n: 99
    ** Opt. IHCSearch. A new best conf was found> score: 3.2247191011235956, conf: {"restarts":6,"use_local_improvement":false}, perf: {"precision":0.9036458333333323,"recall":0.9036458333333323,"f1":0.9036458333333323,"seconds":1.897290349006653e-5,"exhaustive_search_seconds":5.42961061000824e-6,"evaluations":44.5,"distances_sum":293.6447179801762}, best_list's length: 11, n: 99
  == End Opt. IHCSearch. Iteration finished; {"score":3.2247191011235956,"state":{"restarts":6,"use_local_improvement":false},"perf":{"precision":0.9036458333333323,"recall":0.9036458333333323,"f1":0.9036458333333323,"seconds":1.897290349006653e-5,"exhaustive_search_seconds":5.42961061000824e-6,"evaluations":44.5,"distances_sum":293.6447179801762}}, beam: 4, n: 99
==== END Opt. IHCSearch. Finished, best: {"score":3.2247191011235956,"state":{"restarts":6,"use_local_improvement":false},"perf":{"precision":0.9036458333333323,"recall":0.9036458333333323,"f1":0.9036458333333323,"seconds":1.897290349006653e-5,"exhaustive_search_seconds":5.42961061000824e-6,"evaluations":44.5,"distances_sum":293.6447179801762}}, n: 99
==== BEGIN Opt. IHCSearch, expected recall: 0.9, n: 999
  == Begin Opt. IHCSearch iteration: 1, expected recall: 0.9, n: 999
    ** Opt. IHCSearch. A new best conf was found> score: 0.8559027777777769, conf: {"restarts":13,"use_local_improvement":false}, perf: {"precision":0.8559027777777769,"recall":0.8559027777777769,"f1":0.8559027777777769,"seconds":5.2440911531448364e-5,"exhaustive_search_seconds":3.649294376373291e-5,"evaluations":147.625,"distances_sum":129.3420936241746}, best_list's length: 3, n: 999
    ** Opt. IHCSearch. A new best conf was found> score: 0.8480902777777766, conf: {"restarts":11,"use_local_improvement":false}, perf: {"precision":0.8480902777777766,"recall":0.8480902777777766,"f1":null,"seconds":4.897452890872955e-5,"exhaustive_search_seconds":3.649294376373291e-5,"evaluations":137.3359375,"distances_sum":129.3866020180285}, best_list's length: 4, n: 999
    ** Opt. IHCSearch. A new best conf was found> score: 0.8524305555555542, conf: {"restarts":15,"use_local_improvement":false}, perf: {"precision":0.8524305555555542,"recall":0.8524305555555542,"f1":0.8524305555555542,"seconds":6.532296538352966e-5,"exhaustive_search_seconds":3.649294376373291e-5,"evaluations":160.171875,"distances_sum":128.3711463920772}, best_list's length: 5, n: 999
    ** Opt. IHCSearch. A new best conf was found> score: 0.8480902777777767, conf: {"restarts":14,"use_local_improvement":false}, perf: {"precision":0.8480902777777767,"recall":0.8480902777777767,"f1":0.8480902777777767,"seconds":0.00011791661381721497,"exhaustive_search_seconds":3.649294376373291e-5,"evaluations":156.1796875,"distances_sum":129.07675308734179}, best_list's length: 6, n: 999
  == End Opt. IHCSearch. Iteration finished; {"score":0.8559027777777769,"state":{"restarts":13,"use_local_improvement":false},"perf":{"precision":0.8559027777777769,"recall":0.8559027777777769,"f1":0.8559027777777769,"seconds":5.2440911531448364e-5,"exhaustive_search_seconds":3.649294376373291e-5,"evaluations":147.625,"distances_sum":129.3420936241746}}, beam: 4, n: 999
  == Begin Opt. IHCSearch iteration: 2, expected recall: 0.9, n: 999
    ** Opt. IHCSearch. A new best conf was found> score: 0.8611111111111098, conf: {"restarts":18,"use_local_improvement":false}, perf: {"precision":0.8611111111111098,"recall":0.8611111111111098,"f1":0.8611111111111098,"seconds":6.427615880966187e-5,"exhaustive_search_seconds":3.649294376373291e-5,"evaluations":175.4140625,"distances_sum":128.10323833674192}, best_list's length: 5, n: 999
    ** Opt. IHCSearch. A new best conf was found> score: 0.8567708333333324, conf: {"restarts":5,"use_local_improvement":false}, perf: {"precision":0.8567708333333324,"recall":0.8567708333333324,"f1":0.8567708333333324,"seconds":3.4963712096214294e-5,"exhaustive_search_seconds":3.649294376373291e-5,"evaluations":91.734375,"distances_sum":128.72451119497418}, best_list's length: 6, n: 999
    ** Opt. IHCSearch. A new best conf was found> score: 0.8619791666666656, conf: {"restarts":8,"use_local_improvement":false}, perf: {"precision":0.8619791666666656,"recall":0.8619791666666656,"f1":0.8619791666666656,"seconds":3.999285399913788e-5,"exhaustive_search_seconds":3.649294376373291e-5,"evaluations":111.8515625,"distances_sum":127.8647052012384}, best_list's length: 7, n: 999
    ** Opt. IHCSearch. A new best conf was found> score: 0.8680555555555546, conf: {"restarts":24,"use_local_improvement":false}, perf: {"precision":0.8680555555555546,"recall":0.8680555555555546,"f1":0.8680555555555546,"seconds":8.510984480381012e-5,"exhaustive_search_seconds":3.649294376373291e-5,"evaluations":209.5234375,"distances_sum":128.17498207464814}, best_list's length: 8, n: 999
    ** Opt. IHCSearch. A new best conf was found> score: 0.8619791666666651, conf: {"restarts":21,"use_local_improvement":false}, perf: {"precision":0.8619791666666651,"recall":0.8619791666666651,"f1":0.8619791666666651,"seconds":7.282570004463196e-5,"exhaustive_search_seconds":3.649294376373291e-5,"evaluations":190.3203125,"distances_sum":127.97785937041044}, best_list's length: 9, n: 999
    ** Opt. IHCSearch. A new best conf was found> score: 0.8654513888888878, conf: {"restarts":16,"use_local_improvement":false}, perf: {"precision":0.8654513888888878,"recall":0.8654513888888878,"f1":0.8654513888888878,"seconds":6.191618740558624e-5,"exhaustive_search_seconds":3.649294376373291e-5,"evaluations":162.28125,"distances_sum":128.00245929136872}, best_list's length: 10, n: 999
    ** Opt. IHCSearch. A new best conf was found> score: 0.8697916666666655, conf: {"restarts":22,"use_local_improvement":false}, perf: {"precision":0.8697916666666655,"recall":0.8697916666666655,"f1":0.8697916666666655,"seconds":9.32980328798294e-5,"exhaustive_search_seconds":3.649294376373291e-5,"evaluations":197.8984375,"distances_sum":127.83909014612436}, best_list's length: 11, n: 999
    ** Opt. IHCSearch. A new best conf was found> score: 0.8741319444444433, conf: {"restarts":17,"use_local_improvement":false}, perf: {"precision":0.8741319444444433,"recall":0.8741319444444433,"f1":0.8741319444444433,"seconds":6.796605885028839e-5,"exhaustive_search_seconds":3.649294376373291e-5,"evaluations":172.203125,"distances_sum":127.86814610660076}, best_list's length: 13, n: 999
  == End Opt. IHCSearch. Iteration finished; {"score":0.8741319444444433,"state":{"restarts":17,"use_local_improvement":false},"perf":{"precision":0.8741319444444433,"recall":0.8741319444444433,"f1":0.8741319444444433,"seconds":6.796605885028839e-5,"exhaustive_search_seconds":3.649294376373291e-5,"evaluations":172.203125,"distances_sum":127.86814610660076}}, beam: 4, n: 999
  == Begin Opt. IHCSearch iteration: 3, expected recall: 0.9, n: 999
    ** Opt. IHCSearch. A new best conf was found> score: 0.8828124999999988, conf: {"restarts":32,"use_local_improvement":false}, perf: {"precision":0.8828124999999988,"recall":0.8828124999999988,"f1":0.8828124999999988,"seconds":8.60951840877533e-5,"exhaustive_search_seconds":3.649294376373291e-5,"evaluations":250.9921875,"distances_sum":127.20888308435678}, best_list's length: 5, n: 999
  == End Opt. IHCSearch. Iteration finished; {"score":0.8828124999999988,"state":{"restarts":32,"use_local_improvement":false},"perf":{"precision":0.8828124999999988,"recall":0.8828124999999988,"f1":0.8828124999999988,"seconds":8.60951840877533e-5,"exhaustive_search_seconds":3.649294376373291e-5,"evaluations":250.9921875,"distances_sum":127.20888308435678}}, beam: 4, n: 999
==== END Opt. IHCSearch. Finished, best: {"score":0.8828124999999988,"state":{"restarts":32,"use_local_improvement":false},"perf":{"precision":0.8828124999999988,"recall":0.8828124999999988,"f1":0.8828124999999988,"seconds":8.60951840877533e-5,"exhaustive_search_seconds":3.649294376373291e-5,"evaluations":250.9921875,"distances_sum":127.20888308435678}}, n: 999
added n=5000, neighborhood=4, 2019-12-08T17:42:30.29
==== BEGIN Opt. IHCSearch, expected recall: 0.9, n: 9999
  == Begin Opt. IHCSearch iteration: 1, expected recall: 0.9, n: 9999
  == End Opt. IHCSearch. Iteration finished; {"score":0.8602430555555544,"state":{"restarts":32,"use_local_improvement":false},"perf":{"precision":0.8602430555555544,"recall":0.8602430555555544,"f1":0.8602430555555544,"seconds":0.00015260837972164154,"exhaustive_search_seconds":0.0003035161644220352,"evaluations":402.71875,"distances_sum":56.87631617253646}}, beam: 4, n: 9999
==== END Opt. IHCSearch. Finished, best: {"score":0.8602430555555544,"state":{"restarts":32,"use_local_improvement":false},"perf":{"precision":0.8602430555555544,"recall":0.8602430555555544,"f1":0.8602430555555544,"seconds":0.00015260837972164154,"exhaustive_search_seconds":0.0003035161644220352,"evaluations":402.71875,"distances_sum":56.87631617253646}}, n: 9999
added n=10000, neighborhood=2, 2019-12-08T17:42:31.871
[ Info: done; now testing
res = KnnResult(10, Item[Item(3045, 0.03935237601399422), Item(4289, 0.04044780135154724), Item(8366, 0.04297814518213272), Item(2097, 0.04588349908590317), Item(5658, 0.06014678254723549), Item(7272, 0.061151567846536636), Item(3759, 0.0648430734872818), Item(6446, 0.06587615609169006), Item(9393, 0.06729916483163834), Item(3267, 0.06850370764732361)])
[ Info: inserting items to the index
==== BEGIN Opt. BeamSearch, expected recall: 0.9, n: 9
  == Begin Opt. BeamSearch iteration: 1, expected recall: 0.9, n: 9
    ** Opt. BeamSearch. A new best conf was found> score: 0.7763671875, conf: {"ssize":1,"bsize":5}, perf: {"precision":1.0,"recall":0.7763671875,"f1":0.8645011238761248,"seconds":5.716457962989807e-6,"exhaustive_search_seconds":1.514330506324768e-6,"evaluations":8.5078125,"distances_sum":418.3964925544603}, best_list's length: 2, n: 9
  == End Opt. BeamSearch. Iteration finished; {"score":0.7763671875,"state":{"ssize":1,"bsize":5},"perf":{"precision":1.0,"recall":0.7763671875,"f1":0.8645011238761248,"seconds":5.716457962989807e-6,"exhaustive_search_seconds":1.514330506324768e-6,"evaluations":8.5078125,"distances_sum":418.3964925544603}}, beam: 3, n: 9
  == Begin Opt. BeamSearch iteration: 2, expected recall: 0.9, n: 9
    ** Opt. BeamSearch. A new best conf was found> score: 0.8251953125, conf: {"ssize":1,"bsize":6}, perf: {"precision":1.0,"recall":0.8251953125,"f1":0.8961429195804204,"seconds":5.727633833885193e-6,"exhaustive_search_seconds":1.514330506324768e-6,"evaluations":8.671875,"distances_sum":446.7441191058159}, best_list's length: 6, n: 9
  == End Opt. BeamSearch. Iteration finished; {"score":0.8251953125,"state":{"ssize":1,"bsize":6},"perf":{"precision":1.0,"recall":0.8251953125,"f1":0.8961429195804204,"seconds":5.727633833885193e-6,"exhaustive_search_seconds":1.514330506324768e-6,"evaluations":8.671875,"distances_sum":446.7441191058159}}, beam: 4, n: 9
  == Begin Opt. BeamSearch iteration: 3, expected recall: 0.9, n: 9
    ** Opt. BeamSearch. A new best conf was found> score: 2.015873015873016, conf: {"ssize":1,"bsize":9}, perf: {"precision":1.0,"recall":0.9287109375,"f1":0.9597158050283058,"seconds":7.092952728271484e-6,"exhaustive_search_seconds":1.514330506324768e-6,"evaluations":8.859375,"distances_sum":522.7374119595005}, best_list's length: 5, n: 9
    ** Opt. BeamSearch. A new best conf was found> score: 0.828125, conf: {"ssize":5,"bsize":6}, perf: {"precision":1.0,"recall":0.828125,"f1":0.8990816475191484,"seconds":6.26780092716217e-6,"exhaustive_search_seconds":1.514330506324768e-6,"evaluations":8.6484375,"distances_sum":446.56885065115995}, best_list's length: 6, n: 9
    ** Opt. BeamSearch. A new best conf was found> score: 2.0140845070422535, conf: {"ssize":1,"bsize":10}, perf: {"precision":1.0,"recall":0.9345703125,"f1":0.9635244963369965,"seconds":6.599351763725281e-6,"exhaustive_search_seconds":1.514330506324768e-6,"evaluations":8.875,"distances_sum":527.0845020629456}, best_list's length: 7, n: 9
    ** Opt. BeamSearch. A new best conf was found> score: 0.8544921875, conf: {"ssize":2,"bsize":6}, perf: {"precision":1.0,"recall":0.8544921875,"f1":0.9141374250749259,"seconds":6.15045428276062e-6,"exhaustive_search_seconds":1.514330506324768e-6,"evaluations":8.734375,"distances_sum":471.43783309250114}, best_list's length: 10, n: 9
  == End Opt. BeamSearch. Iteration finished; {"score":2.015873015873016,"state":{"ssize":1,"bsize":9},"perf":{"precision":1.0,"recall":0.9287109375,"f1":0.9597158050283058,"seconds":7.092952728271484e-6,"exhaustive_search_seconds":1.514330506324768e-6,"evaluations":8.859375,"distances_sum":522.7374119595005}}, beam: 4, n: 9
==== END Opt. BeamSearch. Finished, best: {"score":2.015873015873016,"state":{"ssize":1,"bsize":9},"perf":{"precision":1.0,"recall":0.9287109375,"f1":0.9597158050283058,"seconds":7.092952728271484e-6,"exhaustive_search_seconds":1.514330506324768e-6,"evaluations":8.859375,"distances_sum":522.7374119595005}}, n: 9
==== BEGIN Opt. BeamSearch, expected recall: 0.9, n: 99
  == Begin Opt. BeamSearch iteration: 1, expected recall: 0.9, n: 99
    ** Opt. BeamSearch. A new best conf was found> score: 3.658833403273185, conf: {"ssize":1,"bsize":7}, perf: {"precision":0.9027777777777762,"recall":0.9027777777777762,"f1":0.9027777777777762,"seconds":1.6869977116584778e-5,"exhaustive_search_seconds":5.89713454246521e-6,"evaluations":37.234375,"distances_sum":282.59655816989465}, best_list's length: 4, n: 99
  == End Opt. BeamSearch. Iteration finished; {"score":3.658833403273185,"state":{"ssize":1,"bsize":7},"perf":{"precision":0.9027777777777762,"recall":0.9027777777777762,"f1":0.9027777777777762,"seconds":1.6869977116584778e-5,"exhaustive_search_seconds":5.89713454246521e-6,"evaluations":37.234375,"distances_sum":282.59655816989465}}, beam: 4, n: 99
  == Begin Opt. BeamSearch iteration: 2, expected recall: 0.9, n: 99
  == End Opt. BeamSearch. Iteration finished; {"score":3.658833403273185,"state":{"ssize":1,"bsize":7},"perf":{"precision":0.9027777777777762,"recall":0.9027777777777762,"f1":0.9027777777777762,"seconds":1.6869977116584778e-5,"exhaustive_search_seconds":5.89713454246521e-6,"evaluations":37.234375,"distances_sum":282.59655816989465}}, beam: 4, n: 99
==== END Opt. BeamSearch. Finished, best: {"score":3.658833403273185,"state":{"ssize":1,"bsize":7},"perf":{"precision":0.9027777777777762,"recall":0.9027777777777762,"f1":0.9027777777777762,"seconds":1.6869977116584778e-5,"exhaustive_search_seconds":5.89713454246521e-6,"evaluations":37.234375,"distances_sum":282.59655816989465}}, n: 99
==== BEGIN Opt. BeamSearch, expected recall: 0.9, n: 999
  == Begin Opt. BeamSearch iteration: 1, expected recall: 0.9, n: 999
  == End Opt. BeamSearch. Iteration finished; {"score":15.117023625524398,"state":{"ssize":1,"bsize":7},"perf":{"precision":0.9045138888888878,"recall":0.9045138888888878,"f1":0.9045138888888878,"seconds":3.503449261188507e-5,"exhaustive_search_seconds":3.314018249511719e-5,"evaluations":70.765625,"distances_sum":123.17480694226259}}, beam: 4, n: 999
==== END Opt. BeamSearch. Finished, best: {"score":15.117023625524398,"state":{"ssize":1,"bsize":7},"perf":{"precision":0.9045138888888878,"recall":0.9045138888888878,"f1":0.9045138888888878,"seconds":3.503449261188507e-5,"exhaustive_search_seconds":3.314018249511719e-5,"evaluations":70.765625,"distances_sum":123.17480694226259}}, n: 999
added n=5000, neighborhood=4, 2019-12-08T17:42:34.12
==== BEGIN Opt. BeamSearch, expected recall: 0.9, n: 9999
  == Begin Opt. BeamSearch iteration: 1, expected recall: 0.9, n: 9999
    ** Opt. BeamSearch. A new best conf was found> score: 84.57529058377955, conf: {"ssize":15,"bsize":8}, perf: {"precision":0.9479166666666656,"recall":0.9479166666666656,"f1":0.9479166666666656,"seconds":6.128661334514618e-5,"exhaustive_search_seconds":0.00029189884662628174,"evaluations":119.640625,"distances_sum":56.42945977007703}, best_list's length: 3, n: 9999
    ** Opt. BeamSearch. A new best conf was found> score: 70.02184112603139, conf: {"ssize":1,"bsize":15}, perf: {"precision":1.0,"recall":1.0,"f1":1.0,"seconds":8.362904191017151e-5,"exhaustive_search_seconds":0.00029189884662628174,"evaluations":144.8671875,"distances_sum":56.123035520249644}, best_list's length: 4, n: 9999
    ** Opt. BeamSearch. A new best conf was found> score: 73.80687183571307, conf: {"ssize":1,"bsize":13}, perf: {"precision":0.9982638888888888,"recall":0.9982638888888888,"f1":0.9982638888888888,"seconds":7.923692464828491e-5,"exhaustive_search_seconds":0.00029189884662628174,"evaluations":137.3359375,"distances_sum":56.14216359597808}, best_list's length: 5, n: 9999
    ** Opt. BeamSearch. A new best conf was found> score: 71.62531729389693, conf: {"ssize":4,"bsize":13}, perf: {"precision":0.9991319444444444,"recall":0.9991319444444444,"f1":0.9991319444444444,"seconds":0.00012786127626895905,"exhaustive_search_seconds":0.00029189884662628174,"evaluations":141.578125,"distances_sum":56.128558035694404}, best_list's length: 6, n: 9999
  == End Opt. BeamSearch. Iteration finished; {"score":84.57529058377955,"state":{"ssize":15,"bsize":8},"perf":{"precision":0.9479166666666656,"recall":0.9479166666666656,"f1":0.9479166666666656,"seconds":6.128661334514618e-5,"exhaustive_search_seconds":0.00029189884662628174,"evaluations":119.640625,"distances_sum":56.42945977007703}}, beam: 4, n: 9999
  == Begin Opt. BeamSearch iteration: 2, expected recall: 0.9, n: 9999
  == End Opt. BeamSearch. Iteration finished; {"score":84.57529058377955,"state":{"ssize":15,"bsize":8},"perf":{"precision":0.9479166666666656,"recall":0.9479166666666656,"f1":0.9479166666666656,"seconds":6.128661334514618e-5,"exhaustive_search_seconds":0.00029189884662628174,"evaluations":119.640625,"distances_sum":56.42945977007703}}, beam: 4, n: 9999
==== END Opt. BeamSearch. Finished, best: {"score":84.57529058377955,"state":{"ssize":15,"bsize":8},"perf":{"precision":0.9479166666666656,"recall":0.9479166666666656,"f1":0.9479166666666656,"seconds":6.128661334514618e-5,"exhaustive_search_seconds":0.00029189884662628174,"evaluations":119.640625,"distances_sum":56.42945977007703}}, n: 9999
added n=10000, neighborhood=5, 2019-12-08T17:42:35.25
[ Info: done; now testing
res = KnnResult(10, Item[Item(6369, 0.017362570351415352), Item(8373, 0.01977157077572119), Item(4894, 0.03382958639409627), Item(6425, 0.03922763875950391), Item(1990, 0.05447976884580722), Item(2415, 0.061672290859287104), Item(5651, 0.06183938448512031), Item(4338, 0.06776681786620387), Item(9994, 0.06992662534755471), Item(5084, 0.07102081046985748)])
[ Info: inserting items to the index
==== BEGIN Opt. BeamSearch, expected recall: 0.9, n: 9
  == Begin Opt. BeamSearch iteration: 1, expected recall: 0.9, n: 9
    ** Opt. BeamSearch. A new best conf was found> score: 0.7763671875, conf: {"ssize":1,"bsize":5}, perf: {"precision":1.0,"recall":0.7763671875,"f1":0.8645011238761248,"seconds":5.990266799926758e-6,"exhaustive_search_seconds":1.8589198589324951e-6,"evaluations":8.5078125,"distances_sum":418.3964925544603}, best_list's length: 2, n: 9
  == End Opt. BeamSearch. Iteration finished; {"score":0.7763671875,"state":{"ssize":1,"bsize":5},"perf":{"precision":1.0,"recall":0.7763671875,"f1":0.8645011238761248,"seconds":5.990266799926758e-6,"exhaustive_search_seconds":1.8589198589324951e-6,"evaluations":8.5078125,"distances_sum":418.3964925544603}}, beam: 3, n: 9
  == Begin Opt. BeamSearch iteration: 2, expected recall: 0.9, n: 9
    ** Opt. BeamSearch. A new best conf was found> score: 0.8251953125, conf: {"ssize":1,"bsize":6}, perf: {"precision":1.0,"recall":0.8251953125,"f1":0.8961429195804204,"seconds":7.00727105140686e-6,"exhaustive_search_seconds":1.8589198589324951e-6,"evaluations":8.671875,"distances_sum":446.7441191058159}, best_list's length: 6, n: 9
  == End Opt. BeamSearch. Iteration finished; {"score":0.8251953125,"state":{"ssize":1,"bsize":6},"perf":{"precision":1.0,"recall":0.8251953125,"f1":0.8961429195804204,"seconds":7.00727105140686e-6,"exhaustive_search_seconds":1.8589198589324951e-6,"evaluations":8.671875,"distances_sum":446.7441191058159}}, beam: 4, n: 9
  == Begin Opt. BeamSearch iteration: 3, expected recall: 0.9, n: 9
    ** Opt. BeamSearch. A new best conf was found> score: 2.015873015873016, conf: {"ssize":1,"bsize":9}, perf: {"precision":1.0,"recall":0.9287109375,"f1":0.9597158050283058,"seconds":6.318092346191406e-6,"exhaustive_search_seconds":1.8589198589324951e-6,"evaluations":8.859375,"distances_sum":522.7374119595005}, best_list's length: 5, n: 9
    ** Opt. BeamSearch. A new best conf was found> score: 0.828125, conf: {"ssize":5,"bsize":6}, perf: {"precision":1.0,"recall":0.828125,"f1":0.8990816475191484,"seconds":5.966052412986755e-6,"exhaustive_search_seconds":1.8589198589324951e-6,"evaluations":8.6484375,"distances_sum":446.56885065115995}, best_list's length: 6, n: 9
    ** Opt. BeamSearch. A new best conf was found> score: 2.0140845070422535, conf: {"ssize":1,"bsize":10}, perf: {"precision":1.0,"recall":0.9345703125,"f1":0.9635244963369965,"seconds":6.588175892829895e-6,"exhaustive_search_seconds":1.8589198589324951e-6,"evaluations":8.875,"distances_sum":527.0845020629456}, best_list's length: 7, n: 9
    ** Opt. BeamSearch. A new best conf was found> score: 0.8544921875, conf: {"ssize":2,"bsize":6}, perf: {"precision":1.0,"recall":0.8544921875,"f1":0.9141374250749259,"seconds":6.018206477165222e-6,"exhaustive_search_seconds":1.8589198589324951e-6,"evaluations":8.734375,"distances_sum":471.43783309250114}, best_list's length: 10, n: 9
  == End Opt. BeamSearch. Iteration finished; {"score":2.015873015873016,"state":{"ssize":1,"bsize":9},"perf":{"precision":1.0,"recall":0.9287109375,"f1":0.9597158050283058,"seconds":6.318092346191406e-6,"exhaustive_search_seconds":1.8589198589324951e-6,"evaluations":8.859375,"distances_sum":522.7374119595005}}, beam: 4, n: 9
==== END Opt. BeamSearch. Finished, best: {"score":2.015873015873016,"state":{"ssize":1,"bsize":9},"perf":{"precision":1.0,"recall":0.9287109375,"f1":0.9597158050283058,"seconds":6.318092346191406e-6,"exhaustive_search_seconds":1.8589198589324951e-6,"evaluations":8.859375,"distances_sum":522.7374119595005}}, n: 9
==== BEGIN Opt. BeamSearch, expected recall: 0.9, n: 99
  == Begin Opt. BeamSearch iteration: 1, expected recall: 0.9, n: 99
    ** Opt. BeamSearch. A new best conf was found> score: 3.658833403273185, conf: {"ssize":1,"bsize":7}, perf: {"precision":0.9027777777777762,"recall":0.9027777777777762,"f1":0.9027777777777762,"seconds":1.6434118151664734e-5,"exhaustive_search_seconds":6.210058927536011e-6,"evaluations":37.234375,"distances_sum":282.59655816989465}, best_list's length: 4, n: 99
  == End Opt. BeamSearch. Iteration finished; {"score":3.658833403273185,"state":{"ssize":1,"bsize":7},"perf":{"precision":0.9027777777777762,"recall":0.9027777777777762,"f1":0.9027777777777762,"seconds":1.6434118151664734e-5,"exhaustive_search_seconds":6.210058927536011e-6,"evaluations":37.234375,"distances_sum":282.59655816989465}}, beam: 4, n: 99
  == Begin Opt. BeamSearch iteration: 2, expected recall: 0.9, n: 99
  == End Opt. BeamSearch. Iteration finished; {"score":3.658833403273185,"state":{"ssize":1,"bsize":7},"perf":{"precision":0.9027777777777762,"recall":0.9027777777777762,"f1":0.9027777777777762,"seconds":1.6434118151664734e-5,"exhaustive_search_seconds":6.210058927536011e-6,"evaluations":37.234375,"distances_sum":282.59655816989465}}, beam: 4, n: 99
==== END Opt. BeamSearch. Finished, best: {"score":3.658833403273185,"state":{"ssize":1,"bsize":7},"perf":{"precision":0.9027777777777762,"recall":0.9027777777777762,"f1":0.9027777777777762,"seconds":1.6434118151664734e-5,"exhaustive_search_seconds":6.210058927536011e-6,"evaluations":37.234375,"distances_sum":282.59655816989465}}, n: 99
==== BEGIN Opt. BeamSearch, expected recall: 0.9, n: 999
  == Begin Opt. BeamSearch iteration: 1, expected recall: 0.9, n: 999
  == End Opt. BeamSearch. Iteration finished; {"score":15.117023625524398,"state":{"ssize":1,"bsize":7},"perf":{"precision":0.9045138888888878,"recall":0.9045138888888878,"f1":0.9045138888888878,"seconds":3.193318843841553e-5,"exhaustive_search_seconds":3.365613520145416e-5,"evaluations":70.765625,"distances_sum":123.17480694226259}}, beam: 4, n: 999
==== END Opt. BeamSearch. Finished, best: {"score":15.117023625524398,"state":{"ssize":1,"bsize":7},"perf":{"precision":0.9045138888888878,"recall":0.9045138888888878,"f1":0.9045138888888878,"seconds":3.193318843841553e-5,"exhaustive_search_seconds":3.365613520145416e-5,"evaluations":70.765625,"distances_sum":123.17480694226259}}, n: 999
added n=5000, neighborhood=4, 2019-12-08T17:42:36.498
==== BEGIN Opt. BeamSearch, expected recall: 0.9, n: 9999
  == Begin Opt. BeamSearch iteration: 1, expected recall: 0.9, n: 9999
    ** Opt. BeamSearch. A new best conf was found> score: 84.57529058377955, conf: {"ssize":15,"bsize":8}, perf: {"precision":0.9479166666666656,"recall":0.9479166666666656,"f1":0.9479166666666656,"seconds":6.355531513690948e-5,"exhaustive_search_seconds":0.0003284607082605362,"evaluations":119.640625,"distances_sum":56.42945977007703}, best_list's length: 3, n: 9999
    ** Opt. BeamSearch. A new best conf was found> score: 70.02184112603139, conf: {"ssize":1,"bsize":15}, perf: {"precision":1.0,"recall":1.0,"f1":1.0,"seconds":8.131004869937897e-5,"exhaustive_search_seconds":0.0003284607082605362,"evaluations":144.8671875,"distances_sum":56.123035520249644}, best_list's length: 4, n: 9999
    ** Opt. BeamSearch. A new best conf was found> score: 73.80687183571307, conf: {"ssize":1,"bsize":13}, perf: {"precision":0.9982638888888888,"recall":0.9982638888888888,"f1":0.9982638888888888,"seconds":7.743760943412781e-5,"exhaustive_search_seconds":0.0003284607082605362,"evaluations":137.3359375,"distances_sum":56.14216359597808}, best_list's length: 5, n: 9999
    ** Opt. BeamSearch. A new best conf was found> score: 71.62531729389693, conf: {"ssize":4,"bsize":13}, perf: {"precision":0.9991319444444444,"recall":0.9991319444444444,"f1":0.9991319444444444,"seconds":7.809698581695557e-5,"exhaustive_search_seconds":0.0003284607082605362,"evaluations":141.578125,"distances_sum":56.128558035694404}, best_list's length: 6, n: 9999
  == End Opt. BeamSearch. Iteration finished; {"score":84.57529058377955,"state":{"ssize":15,"bsize":8},"perf":{"precision":0.9479166666666656,"recall":0.9479166666666656,"f1":0.9479166666666656,"seconds":6.355531513690948e-5,"exhaustive_search_seconds":0.0003284607082605362,"evaluations":119.640625,"distances_sum":56.42945977007703}}, beam: 4, n: 9999
  == Begin Opt. BeamSearch iteration: 2, expected recall: 0.9, n: 9999
  == End Opt. BeamSearch. Iteration finished; {"score":84.57529058377955,"state":{"ssize":15,"bsize":8},"perf":{"precision":0.9479166666666656,"recall":0.9479166666666656,"f1":0.9479166666666656,"seconds":6.355531513690948e-5,"exhaustive_search_seconds":0.0003284607082605362,"evaluations":119.640625,"distances_sum":56.42945977007703}}, beam: 4, n: 9999
==== END Opt. BeamSearch. Finished, best: {"score":84.57529058377955,"state":{"ssize":15,"bsize":8},"perf":{"precision":0.9479166666666656,"recall":0.9479166666666656,"f1":0.9479166666666656,"seconds":6.355531513690948e-5,"exhaustive_search_seconds":0.0003284607082605362,"evaluations":119.640625,"distances_sum":56.42945977007703}}, n: 9999
added n=10000, neighborhood=5, 2019-12-08T17:42:37.769
[ Info: done; now testing with hint
[ Info: Hints=true, noise=false: Query time 3.1948089599609375e-5
[ Info: Hints=true, noise=true: Query time 2.288818359375e-5
[ Info: Hints=false, noise=false: Query time 7.891654968261719e-5
[ Info: Hints=false, noise=true: Query time 4.100799560546875e-5
   Testing SimilaritySearch tests passed 
