Running tests with Julia v1.3.1-pre.12
 Resolving package versions...
 Installed SparseMatricesCSR ─ v0.4.2
  Updating `~/.julia/environments/v1.3/Project.toml`
  [a0a7dd2c] + SparseMatricesCSR v0.4.2
  Updating `~/.julia/environments/v1.3/Manifest.toml`
  [a0a7dd2c] + SparseMatricesCSR v0.4.2
  [8f399da3] + Libdl 
  [37e2e46d] + LinearAlgebra 
  [9a3f8284] + Random 
  [9e88b42a] + Serialization 
  [2f01184e] + SparseArrays 
   Testing SparseMatricesCSR
 Resolving package versions...
    Status `/tmp/jl_2nTotR/Manifest.toml`
  [a0a7dd2c] SparseMatricesCSR v0.4.2
  [2a0f44e3] Base64  [`@stdlib/Base64`]
  [8ba89e20] Distributed  [`@stdlib/Distributed`]
  [b77e0a4c] InteractiveUtils  [`@stdlib/InteractiveUtils`]
  [8f399da3] Libdl  [`@stdlib/Libdl`]
  [37e2e46d] LinearAlgebra  [`@stdlib/LinearAlgebra`]
  [56ddb016] Logging  [`@stdlib/Logging`]
  [d6f4376e] Markdown  [`@stdlib/Markdown`]
  [9a3f8284] Random  [`@stdlib/Random`]
  [9e88b42a] Serialization  [`@stdlib/Serialization`]
  [6462fe0b] Sockets  [`@stdlib/Sockets`]
  [2f01184e] SparseArrays  [`@stdlib/SparseArrays`]
  [8dfed614] Test  [`@stdlib/Test`]
Test Summary:   | Pass  Total
SparseMatrixCSC |   45     45
Test Summary:   | Pass  Total
SparseMatrixCSR |  176    176
Test Summary:      | Pass  Total
SymSparseMatrixCSR |  168    168
   Testing SparseMatricesCSR tests passed 
