Current time is 2020-10-25T21:06:22.342
Julia Version 1.5.3-pre.13
Commit 3de1115e9c (2020-10-23 21:58 UTC)
Platform Info:
  OS: Linux (x86_64-linux-gnu)
  CPU: AMD EPYC 7502 32-Core Processor
  WORD_SIZE: 64
  LIBM: libopenlibm
  LLVM: libLLVM-9.0.1 (ORCJIT, znver2)
Environment:
  JULIA_DEPOT_PATH = ::/usr/local/share/julia
  JULIA_NUM_THREADS = 2
  JULIA_MAX_NUM_PRECOMPILE_FILES = 9223372036854775807
  JULIA_PKG_SERVER = 

Starting installation at 2020-10-25T21:06:25.808
  Resolving package versions...
  Installed Glob ─ v1.3.0
Updating `~/.julia/environments/v1.5/Project.toml`
  [c27321d9] + Glob v1.3.0
Updating `~/.julia/environments/v1.5/Manifest.toml`
  [c27321d9] + Glob v1.3.0
Starting tests at 2020-10-25T21:06:29.543
    Testing Glob
Status `/tmp/jl_M7HWb4/Project.toml`
  [c27321d9] Glob v1.3.0
  [8dfed614] Test
Status `/tmp/jl_M7HWb4/Manifest.toml`
  [c27321d9] Glob v1.3.0
  [2a0f44e3] Base64
  [8ba89e20] Distributed
  [b77e0a4c] InteractiveUtils
  [56ddb016] Logging
  [d6f4376e] Markdown
  [9a3f8284] Random
  [9e88b42a] Serialization
  [6462fe0b] Sockets
  [8dfed614] Test
    Testing Glob tests passed 
Finished at 2020-10-25T21:06:37.548
