Julia Version 1.3.0
Commit 46ce4d7933 (2019-11-26 06:09 UTC)
Platform Info:
  OS: Linux (x86_64-pc-linux-gnu)
  CPU: Intel(R) Xeon(R) Silver 4114 CPU @ 2.20GHz
  WORD_SIZE: 64
  LIBM: libopenlibm
  LLVM: libLLVM-6.0.1 (ORCJIT, skylake)
Environment:
  JULIA_DEPOT_PATH = ::/usr/local/share/julia

 Resolving package versions...
 Installed URIParser ─ v0.4.0
 Installed Distances ─ v0.8.2
 Installed FLANN ───── v1.0.1
 Installed BinDeps ─── v1.0.0
  Updating `~/.julia/environments/v1.3/Project.toml`
  [4ef67f76] + FLANN v1.0.1
  Updating `~/.julia/environments/v1.3/Manifest.toml`
  [9e28174c] + BinDeps v1.0.0
  [b4f34e82] + Distances v0.8.2
  [4ef67f76] + FLANN v1.0.1
  [30578b45] + URIParser v0.4.0
  [2a0f44e3] + Base64 
  [ade2ca70] + Dates 
  [8ba89e20] + Distributed 
  [b77e0a4c] + InteractiveUtils 
  [76f85450] + LibGit2 
  [8f399da3] + Libdl 
  [37e2e46d] + LinearAlgebra 
  [56ddb016] + Logging 
  [d6f4376e] + Markdown 
  [44cfe95a] + Pkg 
  [de0858da] + Printf 
  [3fa0cd96] + REPL 
  [9a3f8284] + Random 
  [ea8e919c] + SHA 
  [9e88b42a] + Serialization 
  [6462fe0b] + Sockets 
  [2f01184e] + SparseArrays 
  [10745b16] + Statistics 
  [8dfed614] + Test 
  [cf7118a7] + UUIDs 
  [4ec0a83e] + Unicode 
  Building FLANN → `~/.julia/packages/FLANN/NkQL3/deps/build.log`
┌ Error: Error building `FLANN`: 
│   % Total    % Received % Xferd  Average Speed   Time    Time     Time  Current
│                                  Dload  Upload   Total   Spent    Left  Speed
│   0     0    0     0    0     0      0      0 --:--:-- --:--:-- --:--:--     0100   123    0   123    0     0    605      0 --:--:-- --:--:-- --:--:--   608
│ 100  474k    0  474k    0     0  1041k      0 --:--:-- --:--:-- --:--:-- 1041k
│ [ Info: Attempting to create directory /home/pkgeval/.julia/packages/FLANN/NkQL3/deps/downloads
│ [ Info: Downloading file https://github.com/mariusmuja/flann/archive/1.9.1.tar.gz
│ [ Info: Done downloading file https://github.com/mariusmuja/flann/archive/1.9.1.tar.gz
│ [ Info: Attempting to create directory /home/pkgeval/.julia/packages/FLANN/NkQL3/deps/src
│ [ Info: Attempting to create directory /home/pkgeval/.julia/packages/FLANN/NkQL3/deps
│ [ Info: Directory /home/pkgeval/.julia/packages/FLANN/NkQL3/deps already exists
│ [ Info: Attempting to create directory /home/pkgeval/.julia/packages/FLANN/NkQL3/deps/builds/1.9.1
│ [ Info: Changing directory to /home/pkgeval/.julia/packages/FLANN/NkQL3/deps/builds/1.9.1
│ ERROR: LoadError: IOError: could not spawn `cmake -Wno-dev -DCMAKE_BUILD_TYPE=Release '\' -DCMAKE_INSTALL_PREFIX=/home/pkgeval/.julia/packages/FLANN/NkQL3/deps/usr '\' -DBUILD_PYTHON_BINDINGS=OFF '\' -DBUILD_EXAMPLES=OFF '\' -DBUILD_TESTS=OFF '\' -DBUILD_DOC=OFF '\' -DBUILD_MATLAB_BINDINGS=OFF /home/pkgeval/.julia/packages/FLANN/NkQL3/deps/src/flann-1.9.1`: no such file or directory (ENOENT)
│ Stacktrace:
│  [1] _spawn_primitive(::String, ::Cmd, ::Array{Any,1}) at ./process.jl:99
│  [2] setup_stdios(::Base.var"#554#555"{Cmd}, ::Array{Any,1}) at ./process.jl:112
│  [3] _spawn at ./process.jl:111 [inlined]
│  [4] #run#565(::Bool, ::typeof(run), ::Cmd) at ./process.jl:439
│  [5] run(::Cmd) at ./process.jl:438
│  [6] run(::BinDeps.SynchronousStepCollection) at /home/pkgeval/.julia/packages/BinDeps/eiJeV/src/BinDeps.jl:524
│  [7] run(::FileRule) at /home/pkgeval/.julia/packages/BinDeps/eiJeV/src/BinDeps.jl:486
│  [8] run(::BinDeps.SynchronousStepCollection) at /home/pkgeval/.julia/packages/BinDeps/eiJeV/src/BinDeps.jl:524 (repeats 2 times)
│  [9] satisfy!(::BinDeps.LibraryDependency, ::Array{DataType,1}) at /home/pkgeval/.julia/packages/BinDeps/eiJeV/src/dependencies.jl:944
│  [10] satisfy!(::BinDeps.LibraryDependency) at /home/pkgeval/.julia/packages/BinDeps/eiJeV/src/dependencies.jl:922
│  [11] top-level scope at /home/pkgeval/.julia/packages/BinDeps/eiJeV/src/dependencies.jl:977
│  [12] include at ./boot.jl:328 [inlined]
│  [13] include_relative(::Module, ::String) at ./loading.jl:1105
│  [14] include(::Module, ::String) at ./Base.jl:31
│  [15] include(::String) at ./client.jl:424
│  [16] top-level scope at none:5
│ in expression starting at /home/pkgeval/.julia/packages/FLANN/NkQL3/deps/build.jl:44
└ @ Pkg.Operations /buildworker/worker/package_linux64/build/usr/share/julia/stdlib/v1.3/Pkg/src/backwards_compatible_isolation.jl:649
   Testing FLANN
 Resolving package versions...
    Status `/tmp/jl_1GjSza/Manifest.toml`
  [9e28174c] BinDeps v1.0.0
  [b4f34e82] Distances v0.8.2
  [4ef67f76] FLANN v1.0.1
  [30578b45] URIParser v0.4.0
  [2a0f44e3] Base64  [`@stdlib/Base64`]
  [ade2ca70] Dates  [`@stdlib/Dates`]
  [8bb1440f] DelimitedFiles  [`@stdlib/DelimitedFiles`]
  [8ba89e20] Distributed  [`@stdlib/Distributed`]
  [b77e0a4c] InteractiveUtils  [`@stdlib/InteractiveUtils`]
  [76f85450] LibGit2  [`@stdlib/LibGit2`]
  [8f399da3] Libdl  [`@stdlib/Libdl`]
  [37e2e46d] LinearAlgebra  [`@stdlib/LinearAlgebra`]
  [56ddb016] Logging  [`@stdlib/Logging`]
  [d6f4376e] Markdown  [`@stdlib/Markdown`]
  [a63ad114] Mmap  [`@stdlib/Mmap`]
  [44cfe95a] Pkg  [`@stdlib/Pkg`]
  [de0858da] Printf  [`@stdlib/Printf`]
  [3fa0cd96] REPL  [`@stdlib/REPL`]
  [9a3f8284] Random  [`@stdlib/Random`]
  [ea8e919c] SHA  [`@stdlib/SHA`]
  [9e88b42a] Serialization  [`@stdlib/Serialization`]
  [6462fe0b] Sockets  [`@stdlib/Sockets`]
  [2f01184e] SparseArrays  [`@stdlib/SparseArrays`]
  [10745b16] Statistics  [`@stdlib/Statistics`]
  [8dfed614] Test  [`@stdlib/Test`]
  [cf7118a7] UUIDs  [`@stdlib/UUIDs`]
  [4ec0a83e] Unicode  [`@stdlib/Unicode`]
ERROR: LoadError: FLANN not properly installed. Please run Pkg.build("FLANN")
Stacktrace:
 [1] error(::String) at ./error.jl:33
 [2] top-level scope at /home/pkgeval/.julia/packages/FLANN/NkQL3/src/FLANN.jl:12
 [3] include at ./boot.jl:328 [inlined]
 [4] include_relative(::Module, ::String) at ./loading.jl:1105
 [5] include(::Module, ::String) at ./Base.jl:31
 [6] top-level scope at none:2
 [7] eval at ./boot.jl:330 [inlined]
 [8] eval(::Expr) at ./client.jl:425
 [9] top-level scope at ./none:3
in expression starting at /home/pkgeval/.julia/packages/FLANN/NkQL3/src/FLANN.jl:9
ERROR: LoadError: Failed to precompile FLANN [4ef67f76-e0de-5105-ac01-03b6482fb4f8] to /home/pkgeval/.julia/compiled/v1.3/FLANN/vzn1h_hC0ys.ji.
Stacktrace:
 [1] error(::String) at ./error.jl:33
 [2] compilecache(::Base.PkgId, ::String) at ./loading.jl:1283
 [3] _require(::Base.PkgId) at ./loading.jl:1024
 [4] require(::Base.PkgId) at ./loading.jl:922
 [5] require(::Module, ::Symbol) at ./loading.jl:917
 [6] include at ./boot.jl:328 [inlined]
 [7] include_relative(::Module, ::String) at ./loading.jl:1105
 [8] include(::Module, ::String) at ./Base.jl:31
 [9] include(::String) at ./client.jl:424
 [10] top-level scope at none:6
in expression starting at /home/pkgeval/.julia/packages/FLANN/NkQL3/test/runtests.jl:3
ERROR: Package FLANN errored during testing
Stacktrace:
 [1] pkgerror(::String, ::Vararg{String,N} where N) at /buildworker/worker/package_linux64/build/usr/share/julia/stdlib/v1.3/Pkg/src/Types.jl:113
 [2] #test#131(::Bool, ::Nothing, ::Cmd, ::Cmd, ::typeof(Pkg.Operations.test), ::Pkg.Types.Context, ::Array{Pkg.Types.PackageSpec,1}) at /buildworker/worker/package_linux64/build/usr/share/julia/stdlib/v1.3/Pkg/src/Operations.jl:1370
 [3] #test at ./none:0 [inlined]
 [4] #test#62(::Bool, ::Nothing, ::Cmd, ::Cmd, ::Base.Iterators.Pairs{Union{},Union{},Tuple{},NamedTuple{(),Tuple{}}}, ::typeof(Pkg.API.test), ::Pkg.Types.Context, ::Array{Pkg.Types.PackageSpec,1}) at /buildworker/worker/package_linux64/build/usr/share/julia/stdlib/v1.3/Pkg/src/API.jl:253
 [5] test(::Pkg.Types.Context, ::Array{Pkg.Types.PackageSpec,1}) at /buildworker/worker/package_linux64/build/usr/share/julia/stdlib/v1.3/Pkg/src/API.jl:239
 [6] #test#61 at /buildworker/worker/package_linux64/build/usr/share/julia/stdlib/v1.3/Pkg/src/API.jl:233 [inlined]
 [7] test at /buildworker/worker/package_linux64/build/usr/share/julia/stdlib/v1.3/Pkg/src/API.jl:233 [inlined]
 [8] #test#60 at /buildworker/worker/package_linux64/build/usr/share/julia/stdlib/v1.3/Pkg/src/API.jl:232 [inlined]
 [9] test at /buildworker/worker/package_linux64/build/usr/share/julia/stdlib/v1.3/Pkg/src/API.jl:232 [inlined]
 [10] #test#59(::Base.Iterators.Pairs{Union{},Union{},Tuple{},NamedTuple{(),Tuple{}}}, ::typeof(Pkg.API.test), ::String) at /buildworker/worker/package_linux64/build/usr/share/julia/stdlib/v1.3/Pkg/src/API.jl:231
 [11] test(::String) at /buildworker/worker/package_linux64/build/usr/share/julia/stdlib/v1.3/Pkg/src/API.jl:231
 [12] top-level scope at none:12
