Current time is 2020-10-25T20:27:47.056
Julia Version 1.5.3-pre.13
Commit 3de1115e9c (2020-10-23 21:58 UTC)
Platform Info:
  OS: Linux (x86_64-linux-gnu)
  CPU: AMD EPYC 7502 32-Core Processor
  WORD_SIZE: 64
  LIBM: libopenlibm
  LLVM: libLLVM-9.0.1 (ORCJIT, znver2)
Environment:
  JULIA_DEPOT_PATH = ::/usr/local/share/julia
  JULIA_NUM_THREADS = 2
  JULIA_MAX_NUM_PRECOMPILE_FILES = 9223372036854775807
  JULIA_PKG_SERVER = 

Starting installation at 2020-10-25T20:27:50.179
  Resolving package versions...
  Installed Cliffords ──── v0.6.0
  Installed QuantumInfo ── v0.1.0
  Installed StaticArrays ─ v0.12.4
Updating `~/.julia/environments/v1.5/Project.toml`
  [bedefb8d] + QuantumInfo v0.1.0
Updating `~/.julia/environments/v1.5/Manifest.toml`
  [276b0191] + Cliffords v0.6.0
  [bedefb8d] + QuantumInfo v0.1.0
  [90137ffa] + StaticArrays v0.12.4
  [2a0f44e3] + Base64
  [8ba89e20] + Distributed
  [b77e0a4c] + InteractiveUtils
  [8f399da3] + Libdl
  [37e2e46d] + LinearAlgebra
  [56ddb016] + Logging
  [d6f4376e] + Markdown
  [9a3f8284] + Random
  [9e88b42a] + Serialization
  [6462fe0b] + Sockets
  [2f01184e] + SparseArrays
  [10745b16] + Statistics
  [8dfed614] + Test
Starting tests at 2020-10-25T20:27:52.191
    Testing QuantumInfo
Status `/tmp/jl_8XKjQY/Project.toml`
  [276b0191] Cliffords v0.6.0
  [bedefb8d] QuantumInfo v0.1.0
  [37e2e46d] LinearAlgebra
  [8dfed614] Test
Status `/tmp/jl_8XKjQY/Manifest.toml`
  [276b0191] Cliffords v0.6.0
  [bedefb8d] QuantumInfo v0.1.0
  [90137ffa] StaticArrays v0.12.4
  [2a0f44e3] Base64
  [8ba89e20] Distributed
  [b77e0a4c] InteractiveUtils
  [8f399da3] Libdl
  [37e2e46d] LinearAlgebra
  [56ddb016] Logging
  [d6f4376e] Markdown
  [9a3f8284] Random
  [9e88b42a] Serialization
  [6462fe0b] Sockets
  [2f01184e] SparseArrays
  [10745b16] Statistics
  [8dfed614] Test
Test Summary: | Pass  Total
partial trace |  200    200
  2.651125 seconds (3.65 M allocations: 211.154 MiB, 17.74% gc time)
identity matrix is eye
Test Summary:             | Pass  Total
representation conversion |   16     16
  3.587672 seconds (3.43 M allocations: 170.365 MiB, 19.74% gc time)
identity matrix is alteye
Test Summary:             | Pass  Total
representation conversion |   16     16
  2.994159 seconds (3.92 M allocations: 186.489 MiB, 3.48% gc time)
Test Summary:  | Pass  Total
depolarization |    3      3
  0.124727 seconds (61.84 k allocations: 2.961 MiB)
Test Summary:             | Pass  Total
density matrix properties |  700    700
  0.130890 seconds (103.10 k allocations: 13.720 MiB)
    Testing QuantumInfo tests passed 
Finished at 2020-10-25T20:28:48.728
