Current time is 2020-10-25T23:03:20.688
Julia Version 1.5.3-pre.13
Commit 3de1115e9c (2020-10-23 21:58 UTC)
Platform Info:
  OS: Linux (x86_64-linux-gnu)
  CPU: AMD EPYC 7502 32-Core Processor
  WORD_SIZE: 64
  LIBM: libopenlibm
  LLVM: libLLVM-9.0.1 (ORCJIT, znver2)
Environment:
  JULIA_DEPOT_PATH = ::/usr/local/share/julia
  JULIA_NUM_THREADS = 2
  JULIA_MAX_NUM_PRECOMPILE_FILES = 9223372036854775807
  JULIA_PKG_SERVER = 

Starting installation at 2020-10-25T23:03:24.153
  Resolving package versions...
  Installed DataValueInterfaces ───────── v1.0.0
  Installed QueryTables ───────────────── v0.1.0
  Installed IteratorInterfaceExtensions ─ v1.0.0
  Installed Missings ──────────────────── v0.4.4
  Installed TableTraitsUtils ──────────── v1.0.1
  Installed Parsers ───────────────────── v1.0.11
  Installed JSON ──────────────────────── v0.21.1
  Installed DataValues ────────────────── v0.4.13
  Installed DataAPI ───────────────────── v1.3.0
  Installed TableTraits ───────────────── v1.0.0
  Installed TableShowUtils ────────────── v0.2.5
Updating `~/.julia/environments/v1.5/Project.toml`
  [30ad73d7] + QueryTables v0.1.0
Updating `~/.julia/environments/v1.5/Manifest.toml`
  [9a962f9c] + DataAPI v1.3.0
  [e2d170a0] + DataValueInterfaces v1.0.0
  [e7dc6d0d] + DataValues v0.4.13
  [82899510] + IteratorInterfaceExtensions v1.0.0
  [682c06a0] + JSON v0.21.1
  [e1d29d7a] + Missings v0.4.4
  [69de0a69] + Parsers v1.0.11
  [30ad73d7] + QueryTables v0.1.0
  [5e66a065] + TableShowUtils v0.2.5
  [3783bdb8] + TableTraits v1.0.0
  [382cd787] + TableTraitsUtils v1.0.1
  [2a0f44e3] + Base64
  [ade2ca70] + Dates
  [8ba89e20] + Distributed
  [b77e0a4c] + InteractiveUtils
  [56ddb016] + Logging
  [d6f4376e] + Markdown
  [a63ad114] + Mmap
  [de0858da] + Printf
  [9a3f8284] + Random
  [9e88b42a] + Serialization
  [6462fe0b] + Sockets
  [8dfed614] + Test
  [4ec0a83e] + Unicode
Starting tests at 2020-10-25T23:03:27.893
    Testing QueryTables
Status `/tmp/jl_5w1Pn0/Project.toml`
  [e7dc6d0d] DataValues v0.4.13
  [30ad73d7] QueryTables v0.1.0
  [5e66a065] TableShowUtils v0.2.5
  [382cd787] TableTraitsUtils v1.0.1
  [8dfed614] Test
Status `/tmp/jl_5w1Pn0/Manifest.toml`
  [9a962f9c] DataAPI v1.3.0
  [e2d170a0] DataValueInterfaces v1.0.0
  [e7dc6d0d] DataValues v0.4.13
  [82899510] IteratorInterfaceExtensions v1.0.0
  [682c06a0] JSON v0.21.1
  [e1d29d7a] Missings v0.4.4
  [69de0a69] Parsers v1.0.11
  [30ad73d7] QueryTables v0.1.0
  [5e66a065] TableShowUtils v0.2.5
  [3783bdb8] TableTraits v1.0.0
  [382cd787] TableTraitsUtils v1.0.1
  [2a0f44e3] Base64
  [ade2ca70] Dates
  [8ba89e20] Distributed
  [b77e0a4c] InteractiveUtils
  [56ddb016] Logging
  [d6f4376e] Markdown
  [a63ad114] Mmap
  [de0858da] Printf
  [9a3f8284] Random
  [9e88b42a] Serialization
  [6462fe0b] Sockets
  [8dfed614] Test
  [4ec0a83e] Unicode
Test Summary: | Pass  Total
QueryTables   |   15     15
    Testing QueryTables tests passed 
Finished at 2020-10-25T23:04:06.274
