Julia Version 1.5.2-pre.25
Commit be8475f41a (2020-09-09 06:41 UTC)
Platform Info:
  OS: Linux (x86_64-linux-gnu)
  CPU: Intel(R) Xeon(R) Silver 4114 CPU @ 2.20GHz
  WORD_SIZE: 64
  LIBM: libopenlibm
  LLVM: libLLVM-9.0.1 (ORCJIT, skylake-avx512)
Environment:
  JULIA_DEPOT_PATH = ::/usr/local/share/julia
  JULIA_NUM_THREADS = 2

  Resolving package versions...
  Installed jlpkg ─ v1.2.2
Updating `~/.julia/environments/v1.5/Project.toml`
  [c4c688b2] + jlpkg v1.2.2
Updating `~/.julia/environments/v1.5/Manifest.toml`
  [c4c688b2] + jlpkg v1.2.2
    Testing jlpkg
Status `/tmp/jl_GF3QwN/Project.toml`
  [c4c688b2] jlpkg v1.2.2
  [44cfe95a] Pkg
  [8dfed614] Test
Status `/tmp/jl_GF3QwN/Manifest.toml`
  [c4c688b2] jlpkg v1.2.2
  [2a0f44e3] Base64
  [ade2ca70] Dates
  [8ba89e20] Distributed
  [b77e0a4c] InteractiveUtils
  [76f85450] LibGit2
  [8f399da3] Libdl
  [56ddb016] Logging
  [d6f4376e] Markdown
  [44cfe95a] Pkg
  [de0858da] Printf
  [3fa0cd96] REPL
  [9a3f8284] Random
  [ea8e919c] SHA
  [9e88b42a] Serialization
  [6462fe0b] Sockets
  [8dfed614] Test
  [cf7118a7] UUIDs
  [4ec0a83e] Unicode
  % Total    % Received % Xferd  Average Speed   Time    Time     Time  Current
                                 Dload  Upload   Total   Spent    Left  Speed
  0     0    0     0    0     0      0      0 --:--:-- --:--:-- --:--:--     0  0     0    0     0    0     0      0      0 --:--:-- --:--:-- --:--:--     0  0 85.5M    0 13377    0     0  11288      0  2:12:28  0:00:01  2:12:27 11279 21 85.5M   21 18.0M    0     0  8611k      0  0:00:10  0:00:02  0:00:08 8607k 47 85.5M   47 40.5M    0     0  12.9M      0  0:00:06  0:00:03  0:00:03 12.8M 86 85.5M   86 74.3M    0     0  17.9M      0  0:00:04  0:00:04 --:--:-- 17.9M100 85.5M  100 85.5M    0     0  19.6M      0  0:00:04  0:00:04 --:--:-- 20.7M
  % Total    % Received % Xferd  Average Speed   Time    Time     Time  Current
                                 Dload  Upload   Total   Spent    Left  Speed
  0     0    0     0    0     0      0      0 --:--:-- --:--:-- --:--:--     0100   832  100   832    0     0   6656      0 --:--:-- --:--:-- --:--:--  6656
julia-1.1.1-linux-x86_64.tar.gz: OK
    Testing jlpkg tests passed 
