Current time is 2020-10-25T23:27:58.242
Julia Version 1.5.3-pre.0
Commit 5905edebb1 (2020-09-24 05:09 UTC)
Platform Info:
  OS: Linux (x86_64-pc-linux-gnu)
  CPU: AMD EPYC 7502 32-Core Processor
  WORD_SIZE: 64
  LIBM: libopenlibm
  LLVM: libLLVM-9.0.1 (ORCJIT, znver2)
Environment:
  JULIA_DEPOT_PATH = ::/usr/local/share/julia
  JULIA_NUM_THREADS = 2
  JULIA_MAX_NUM_PRECOMPILE_FILES = 9223372036854775807
  JULIA_PKG_SERVER = 

Starting installation at 2020-10-25T23:28:01.338
  Resolving package versions...
  Installed ZygoteRules ────────────────── v0.2.0
  Installed AbstractFFTs ───────────────── v0.5.0
  Installed ProgressMeter ──────────────── v1.4.0
  Installed Cthulhu ────────────────────── v1.2.2
  Installed MLJFlux ────────────────────── v0.1.3
  Installed StatsBase ──────────────────── v0.33.2
  Installed NNlib ──────────────────────── v0.6.6
  Installed GPUArrays ──────────────────── v3.4.1
  Installed ZipFile ────────────────────── v0.9.3
  Installed MacroTools ─────────────────── v0.5.6
  Installed Missings ───────────────────── v0.4.4
  Installed LearnBase ──────────────────── v0.4.1
  Installed RecipesBase ────────────────── v1.1.0
  Installed ChainRulesCore ─────────────── v0.8.1
  Installed CodecZlib ──────────────────── v0.7.0
  Installed CompilerSupportLibraries_jll ─ v0.3.4+0
  Installed DataAPI ────────────────────── v1.3.0
  Installed Flux ───────────────────────── v0.10.4
  Installed Reexport ───────────────────── v0.2.0
  Installed ChainRules ─────────────────── v0.6.5
  Installed MuladdMacro ────────────────── v0.2.2
  Installed ScientificTypes ────────────── v1.1.0
  Installed CUDAapi ────────────────────── v4.0.0
  Installed MLJModelInterface ──────────── v0.3.6
  Installed BinaryProvider ─────────────── v0.5.10
  Installed CategoricalArrays ──────────── v0.8.3
  Installed CommonSubexpressions ───────── v0.3.0
  Installed Colors ─────────────────────── v0.12.4
  Installed FoldingTrees ───────────────── v1.0.1
  Installed JSON ───────────────────────── v0.21.1
  Installed Artifacts ──────────────────── v1.3.0
  Installed Zlib_jll ───────────────────── v1.2.11+18
  Installed OrderedCollections ─────────── v1.3.1
  Installed FixedPointNumbers ──────────── v0.8.4
  Installed Tables ─────────────────────── v1.1.0
  Installed StaticArrays ───────────────── v0.12.4
  Installed ForwardDiff ────────────────── v0.10.12
  Installed CodeTracking ───────────────── v1.0.4
  Installed Requires ───────────────────── v1.1.0
  Installed ColorTypes ─────────────────── v0.10.9
  Installed OpenSpecFun_jll ────────────── v0.5.3+4
  Installed NaNMath ────────────────────── v0.3.4
  Installed Zygote ─────────────────────── v0.4.22
  Installed Juno ───────────────────────── v0.8.4
  Installed CUDAnative ─────────────────── v3.2.0
  Installed ArrayLayouts ───────────────── v0.3.8
  Installed SpecialFunctions ───────────── v0.10.3
  Installed JLLWrappers ────────────────── v1.1.3
  Installed TranscodingStreams ─────────── v0.9.5
  Installed DiffRules ──────────────────── v1.0.1
  Installed StructTypes ────────────────── v1.1.0
  Installed LossFunctions ──────────────── v0.6.2
  Installed CUDAdrv ────────────────────── v6.3.0
  Installed IRTools ────────────────────── v0.4.1
  Installed DiffResults ────────────────── v1.0.2
  Installed SortingAlgorithms ──────────── v0.3.1
  Installed TableTraits ────────────────── v1.0.0
  Installed IteratorInterfaceExtensions ── v1.0.0
  Installed AbstractTrees ──────────────── v0.3.3
  Installed CEnum ──────────────────────── v0.3.0
  Installed CuArrays ───────────────────── v2.2.2
  Installed TimerOutputs ───────────────── v0.5.6
  Installed Parsers ────────────────────── v1.0.11
  Installed Adapt ──────────────────────── v1.1.0
  Installed LLVM ───────────────────────── v1.7.0
  Installed Media ──────────────────────── v0.5.0
  Installed ExprTools ──────────────────── v0.1.3
  Installed GPUCompiler ────────────────── v0.2.0
  Installed DataValueInterfaces ────────── v1.0.0
  Installed FillArrays ─────────────────── v0.8.14
  Installed DataStructures ─────────────── v0.17.20
Updating `~/.julia/environments/v1.5/Project.toml`
  [094fc8d1] + MLJFlux v0.1.3
Updating `~/.julia/environments/v1.5/Manifest.toml`
  [621f4979] + AbstractFFTs v0.5.0
  [1520ce14] + AbstractTrees v0.3.3
  [79e6a3ab] + Adapt v1.1.0
  [4c555306] + ArrayLayouts v0.3.8
  [56f22d72] + Artifacts v1.3.0
  [b99e7846] + BinaryProvider v0.5.10
  [fa961155] + CEnum v0.3.0
  [3895d2a7] + CUDAapi v4.0.0
  [c5f51814] + CUDAdrv v6.3.0
  [be33ccc6] + CUDAnative v3.2.0
  [324d7699] + CategoricalArrays v0.8.3
  [082447d4] + ChainRules v0.6.5
  [d360d2e6] + ChainRulesCore v0.8.1
  [da1fd8a2] + CodeTracking v1.0.4
  [944b1d66] + CodecZlib v0.7.0
  [3da002f7] + ColorTypes v0.10.9
  [5ae59095] + Colors v0.12.4
  [bbf7d656] + CommonSubexpressions v0.3.0
  [e66e0078] + CompilerSupportLibraries_jll v0.3.4+0
  [f68482b8] + Cthulhu v1.2.2
  [3a865a2d] + CuArrays v2.2.2
  [9a962f9c] + DataAPI v1.3.0
  [864edb3b] + DataStructures v0.17.20
  [e2d170a0] + DataValueInterfaces v1.0.0
  [163ba53b] + DiffResults v1.0.2
  [b552c78f] + DiffRules v1.0.1
  [e2ba6199] + ExprTools v0.1.3
  [1a297f60] + FillArrays v0.8.14
  [53c48c17] + FixedPointNumbers v0.8.4
  [587475ba] + Flux v0.10.4
  [1eca21be] + FoldingTrees v1.0.1
  [f6369f11] + ForwardDiff v0.10.12
  [0c68f7d7] + GPUArrays v3.4.1
  [61eb1bfa] + GPUCompiler v0.2.0
  [7869d1d1] + IRTools v0.4.1
  [82899510] + IteratorInterfaceExtensions v1.0.0
  [692b3bcd] + JLLWrappers v1.1.3
  [682c06a0] + JSON v0.21.1
  [e5e0dc1b] + Juno v0.8.4
  [929cbde3] + LLVM v1.7.0
  [7f8f8fb0] + LearnBase v0.4.1
  [30fc2ffe] + LossFunctions v0.6.2
  [094fc8d1] + MLJFlux v0.1.3
  [e80e1ace] + MLJModelInterface v0.3.6
  [1914dd2f] + MacroTools v0.5.6
  [e89f7d12] + Media v0.5.0
  [e1d29d7a] + Missings v0.4.4
  [46d2c3a1] + MuladdMacro v0.2.2
  [872c559c] + NNlib v0.6.6
  [77ba4419] + NaNMath v0.3.4
  [efe28fd5] + OpenSpecFun_jll v0.5.3+4
  [bac558e1] + OrderedCollections v1.3.1
  [69de0a69] + Parsers v1.0.11
  [92933f4c] + ProgressMeter v1.4.0
  [3cdcf5f2] + RecipesBase v1.1.0
  [189a3867] + Reexport v0.2.0
  [ae029012] + Requires v1.1.0
  [321657f4] + ScientificTypes v1.1.0
  [a2af1166] + SortingAlgorithms v0.3.1
  [276daf66] + SpecialFunctions v0.10.3
  [90137ffa] + StaticArrays v0.12.4
  [2913bbd2] + StatsBase v0.33.2
  [856f2bd8] + StructTypes v1.1.0
  [3783bdb8] + TableTraits v1.0.0
  [bd369af6] + Tables v1.1.0
  [a759f4b9] + TimerOutputs v0.5.6
  [3bb67fe8] + TranscodingStreams v0.9.5
  [a5390f91] + ZipFile v0.9.3
  [83775a58] + Zlib_jll v1.2.11+18
  [e88e6eb3] + Zygote v0.4.22
  [700de1a5] + ZygoteRules v0.2.0
  [2a0f44e3] + Base64
  [ade2ca70] + Dates
  [8bb1440f] + DelimitedFiles
  [8ba89e20] + Distributed
  [9fa8497b] + Future
  [b77e0a4c] + InteractiveUtils
  [76f85450] + LibGit2
  [8f399da3] + Libdl
  [37e2e46d] + LinearAlgebra
  [56ddb016] + Logging
  [d6f4376e] + Markdown
  [a63ad114] + Mmap
  [44cfe95a] + Pkg
  [de0858da] + Printf
  [9abbd945] + Profile
  [3fa0cd96] + REPL
  [9a3f8284] + Random
  [ea8e919c] + SHA
  [9e88b42a] + Serialization
  [6462fe0b] + Sockets
  [2f01184e] + SparseArrays
  [10745b16] + Statistics
  [8dfed614] + Test
  [cf7118a7] + UUIDs
  [4ec0a83e] + Unicode
   Building NNlib → `~/.julia/packages/NNlib/FAI3o/deps/build.log`
Starting tests at 2020-10-25T23:28:20.404
    Testing MLJFlux
Status `/tmp/jl_ec7ab0/Project.toml`
  [324d7699] CategoricalArrays v0.8.3
  [3da002f7] ColorTypes v0.10.9
  [587475ba] Flux v0.10.4
  [30fc2ffe] LossFunctions v0.6.2
  [a7f614a8] MLJBase v0.15.3
  [094fc8d1] MLJFlux v0.1.3
  [e80e1ace] MLJModelInterface v0.3.6
  [2e2323e0] MLJScientificTypes v0.3.0
  [92933f4c] ProgressMeter v1.4.0
  [2913bbd2] StatsBase v0.33.2
  [bd369af6] Tables v1.1.0
  [37e2e46d] LinearAlgebra
  [9a3f8284] Random
  [10745b16] Statistics
  [8dfed614] Test
Status `/tmp/jl_ec7ab0/Manifest.toml`
  [621f4979] AbstractFFTs v0.5.0
  [1520ce14] AbstractTrees v0.3.3
  [79e6a3ab] Adapt v1.1.0
  [4c555306] ArrayLayouts v0.3.8
  [56f22d72] Artifacts v1.3.0
  [fbb218c0] BSON v0.2.6
  [b99e7846] BinaryProvider v0.5.10
  [fa961155] CEnum v0.3.0
  [3895d2a7] CUDAapi v4.0.0
  [c5f51814] CUDAdrv v6.3.0
  [be33ccc6] CUDAnative v3.2.0
  [324d7699] CategoricalArrays v0.8.3
  [082447d4] ChainRules v0.6.5
  [d360d2e6] ChainRulesCore v0.8.1
  [da1fd8a2] CodeTracking v1.0.4
  [944b1d66] CodecZlib v0.7.0
  [3da002f7] ColorTypes v0.10.9
  [5ae59095] Colors v0.12.4
  [bbf7d656] CommonSubexpressions v0.3.0
  [e66e0078] CompilerSupportLibraries_jll v0.3.4+0
  [ed09eef8] ComputationalResources v0.3.2
  [a8cc5b0e] Crayons v4.0.4
  [f68482b8] Cthulhu v1.2.2
  [3a865a2d] CuArrays v2.2.2
  [9a962f9c] DataAPI v1.3.0
  [864edb3b] DataStructures v0.17.20
  [e2d170a0] DataValueInterfaces v1.0.0
  [163ba53b] DiffResults v1.0.2
  [b552c78f] DiffRules v1.0.1
  [31c24e10] Distributions v0.23.8
  [e2ba6199] ExprTools v0.1.3
  [8f5d6c58] EzXML v1.1.0
  [48062228] FilePathsBase v0.9.5
  [1a297f60] FillArrays v0.8.14
  [53c48c17] FixedPointNumbers v0.8.4
  [587475ba] Flux v0.10.4
  [1eca21be] FoldingTrees v1.0.1
  [59287772] Formatting v0.4.1
  [f6369f11] ForwardDiff v0.10.12
  [0c68f7d7] GPUArrays v3.4.1
  [61eb1bfa] GPUCompiler v0.2.0
  [cd3eb016] HTTP v0.8.19
  [7869d1d1] IRTools v0.4.1
  [83e8ac13] IniFile v0.5.0
  [41ab1584] InvertedIndices v1.0.0
  [82899510] IteratorInterfaceExtensions v1.0.0
  [692b3bcd] JLLWrappers v1.1.3
  [9da8a3cd] JLSO v2.3.3
  [682c06a0] JSON v0.21.1
  [e5e0dc1b] Juno v0.8.4
  [929cbde3] LLVM v1.7.0
  [7f8f8fb0] LearnBase v0.4.1
  [94ce4f54] Libiconv_jll v1.16.0+7
  [30fc2ffe] LossFunctions v0.6.2
  [a7f614a8] MLJBase v0.15.3
  [094fc8d1] MLJFlux v0.1.3
  [e80e1ace] MLJModelInterface v0.3.6
  [2e2323e0] MLJScientificTypes v0.3.0
  [1914dd2f] MacroTools v0.5.6
  [739be429] MbedTLS v1.0.2
  [c8ffd9c3] MbedTLS_jll v2.16.8+0
  [e89f7d12] Media v0.5.0
  [f28f55f0] Memento v1.1.1
  [e1d29d7a] Missings v0.4.4
  [78c3b35d] Mocking v0.7.1
  [46d2c3a1] MuladdMacro v0.2.2
  [872c559c] NNlib v0.6.6
  [77ba4419] NaNMath v0.3.4
  [efe28fd5] OpenSpecFun_jll v0.5.3+4
  [bac558e1] OrderedCollections v1.3.1
  [90014a1f] PDMats v0.10.1
  [d96e819e] Parameters v0.12.1
  [69de0a69] Parsers v1.0.11
  [08abe8d2] PrettyTables v0.9.1
  [92933f4c] ProgressMeter v1.4.0
  [1fd47b50] QuadGK v2.4.1
  [3cdcf5f2] RecipesBase v1.1.0
  [189a3867] Reexport v0.2.0
  [ae029012] Requires v1.1.0
  [79098fc4] Rmath v0.6.1
  [f50d1b31] Rmath_jll v0.2.2+1
  [321657f4] ScientificTypes v1.1.0
  [a2af1166] SortingAlgorithms v0.3.1
  [276daf66] SpecialFunctions v0.10.3
  [90137ffa] StaticArrays v0.12.4
  [2913bbd2] StatsBase v0.33.2
  [4c63d2b9] StatsFuns v0.9.5
  [856f2bd8] StructTypes v1.1.0
  [cea106d9] Syslogs v0.3.0
  [3783bdb8] TableTraits v1.0.0
  [bd369af6] Tables v1.1.0
  [f269a46b] TimeZones v1.4.0
  [a759f4b9] TimerOutputs v0.5.6
  [3bb67fe8] TranscodingStreams v0.9.5
  [3a884ed6] UnPack v1.0.2
  [02c8fc9c] XML2_jll v2.9.10+3
  [a5390f91] ZipFile v0.9.3
  [83775a58] Zlib_jll v1.2.11+18
  [e88e6eb3] Zygote v0.4.22
  [700de1a5] ZygoteRules v0.2.0
  [2a0f44e3] Base64
  [ade2ca70] Dates
  [8bb1440f] DelimitedFiles
  [8ba89e20] Distributed
  [9fa8497b] Future
  [b77e0a4c] InteractiveUtils
  [76f85450] LibGit2
  [8f399da3] Libdl
  [37e2e46d] LinearAlgebra
  [56ddb016] Logging
  [d6f4376e] Markdown
  [a63ad114] Mmap
  [44cfe95a] Pkg
  [de0858da] Printf
  [9abbd945] Profile
  [3fa0cd96] REPL
  [9a3f8284] Random
  [ea8e919c] SHA
  [9e88b42a] Serialization
  [6462fe0b] Sockets
  [2f01184e] SparseArrays
  [10745b16] Statistics
  [4607b0f0] SuiteSparse
  [8dfed614] Test
  [cf7118a7] UUIDs
  [4ec0a83e] Unicode
[ Info: Loss is 149.8
[ Info: Loss is 127.8
[ Info: Loss is 108.0
[ Info: Loss is 90.39
[ Info: Loss is 75.01
[ Info: Loss is 61.77
[ Info: Loss is 50.52
[ Info: Loss is 41.11
[ Info: Loss is 33.42
[ Info: Loss is 27.3
[ Info: Loss is 171.4
[ Info: Loss is 168.8
[ Info: Loss is 166.2
[ Info: Loss is 163.6
[ Info: Loss is 161.0
[ Info: Loss is 158.4
[ Info: Loss is 155.7
[ Info: Loss is 153.0
[ Info: Loss is 150.2
[ Info: Loss is 147.4
Test Summary: | Pass  Total
core          |   20     20
Test Summary: | Pass  Total
regressor     |   18     18
Test Summary: | Pass  Total
classifier    |    9      9
[ Info: Loss is 1.597
[ Info: Loss is 1.571
[ Info: Loss is 1.554
[ Info: Loss is 1.543
[ Info: Loss is 1.533
[ Info: Loss is 1.525
[ Info: Loss is 1.518
[ Info: Loss is 1.512
[ Info: Loss is 1.506
[ Info: Loss is 1.5
[ Info: Loss is 1.496
[ Info: Loss is 1.49
[ Info: Loss is 1.484
[ Info: Loss is 1.479
[ Info: Loss is 1.473
[ Info: Loss is 1.639
[ Info: Loss is 1.631
[ Info: Loss is 1.625
[ Info: Loss is 1.618
[ Info: Loss is 1.611
[ Info: Loss is 1.604
[ Info: Loss is 1.597
[ Info: Loss is 1.59
[ Info: Loss is 1.583
[ Info: Loss is 1.577
[ Info: Downloading MNIST dataset
[ Info: Downloading MNIST dataset
[ Info: Downloading MNIST dataset
[ Info: Downloading MNIST dataset
[ Info: Loss is 0.5137
[ Info: Loss is 0.1943
[ Info: Loss is 0.07607
[ Info: Loss is 0.03473
[ Info: Loss is 0.01484
[ Info: Loss is 0.02389
[ Info: Loss is 0.04238
[ Info: Loss is 0.01118
[ Info: Loss is 0.01452
[ Info: Loss is 0.007345
[ Info: Loss is 1.719
[ Info: Loss is 1.683
[ Info: Loss is 1.65
[ Info: Loss is 1.62
[ Info: Loss is 1.592
[ Info: Loss is 1.567
[ Info: Loss is 1.543
[ Info: Loss is 1.522
[ Info: Loss is 1.502
[ Info: Loss is 1.483
[ Info: Loss is 1.466
[ Info: Loss is 1.449
[ Info: Loss is 1.432
[ Info: Loss is 1.415
[ Info: Loss is 1.398
[ Info: Loss is 2.105
[ Info: Loss is 1.922
[ Info: Loss is 1.815
[ Info: Loss is 1.746
[ Info: Loss is 1.702
[ Info: Loss is 1.671
[ Info: Loss is 1.648
[ Info: Loss is 1.632
[ Info: Loss is 1.619
[ Info: Loss is 1.608
Test Summary: | Pass  Total
image         |   21     21
    Testing MLJFlux tests passed 
Finished at 2020-10-25T23:39:41.535
