   Cloning default registries into `~/.julia`
   Cloning registry from "https://github.com/JuliaRegistries/General.git"
[?25l    Fetching: [>                                        ]  0.0 %    Fetching: [=============>                           ]  30.4 %    Fetching: [========================>                ]  59.7 %[2K[?25h     Added registry `General` to `~/.julia/registries/General`
 Resolving package versions...
 Installed MuladdMacro ──────── v0.2.1
 Installed OrderedCollections ─ v1.1.0
 Installed DataStructures ───── v0.17.6
 Installed MacroTools ───────── v0.5.3
  Updating `~/.julia/environments/v1.3/Project.toml`
  [46d2c3a1] + MuladdMacro v0.2.1
  Updating `~/.julia/environments/v1.3/Manifest.toml`
  [864edb3b] + DataStructures v0.17.6
  [1914dd2f] + MacroTools v0.5.3
  [46d2c3a1] + MuladdMacro v0.2.1
  [bac558e1] + OrderedCollections v1.1.0
  [2a0f44e3] + Base64 
  [8ba89e20] + Distributed 
  [b77e0a4c] + InteractiveUtils 
  [56ddb016] + Logging 
  [d6f4376e] + Markdown 
  [9a3f8284] + Random 
  [9e88b42a] + Serialization 
  [6462fe0b] + Sockets 
  [8dfed614] + Test 
   Testing MuladdMacro
    Status `/tmp/jl_Frt6Xv/Manifest.toml`
  [864edb3b] DataStructures v0.17.6
  [1914dd2f] MacroTools v0.5.3
  [46d2c3a1] MuladdMacro v0.2.1
  [bac558e1] OrderedCollections v1.1.0
  [2a0f44e3] Base64  [`@stdlib/Base64`]
  [8ba89e20] Distributed  [`@stdlib/Distributed`]
  [b77e0a4c] InteractiveUtils  [`@stdlib/InteractiveUtils`]
  [56ddb016] Logging  [`@stdlib/Logging`]
  [d6f4376e] Markdown  [`@stdlib/Markdown`]
  [9a3f8284] Random  [`@stdlib/Random`]
  [9e88b42a] Serialization  [`@stdlib/Serialization`]
  [6462fe0b] Sockets  [`@stdlib/Sockets`]
  [8dfed614] Test  [`@stdlib/Test`]
Test Summary:     | Pass  Total
Basic expressions |    8      8
Test Summary:      | Pass  Total
Additional factors |    6      6
Test Summary:            | Pass  Total
Multiple multiplications |    7      7
Test Summary: | Pass  Total
Dot calls     |   20     20
Test Summary:      | Pass  Total
Nested expressions |    3      3
   Testing MuladdMacro tests passed 
