Julia Version 1.5.2-pre.0
Commit c4acbf93fb (2020-08-26 10:58 UTC)
Platform Info:
  OS: Linux (x86_64-pc-linux-gnu)
  CPU: Intel(R) Xeon(R) Silver 4114 CPU @ 2.20GHz
  WORD_SIZE: 64
  LIBM: libopenlibm
  LLVM: libLLVM-9.0.1 (ORCJIT, skylake-avx512)
Environment:
  JULIA_DEPOT_PATH = ::/usr/local/share/julia
  JULIA_NUM_THREADS = 2

  Resolving package versions...
  Installed Requires ───────────────────── v1.0.1
  Installed Distances ──────────────────── v0.8.2
  Installed MosaicViews ────────────────── v0.2.2
  Installed ImageDistances ─────────────── v0.2.7
  Installed FixedPointNumbers ──────────── v0.8.4
  Installed ColorVectorSpace ───────────── v0.8.5
  Installed Missings ───────────────────── v0.4.3
  Installed OrderedCollections ─────────── v1.3.0
  Installed ColorTypes ─────────────────── v0.10.8
  Installed OpenSpecFun_jll ────────────── v0.5.3+3
  Installed SortingAlgorithms ──────────── v0.3.1
  Installed Reexport ───────────────────── v0.2.0
  Installed Graphics ───────────────────── v1.0.2
  Installed DataStructures ─────────────── v0.17.20
  Installed NaNMath ────────────────────── v0.3.4
  Installed ImageCore ──────────────────── v0.8.14
  Installed PaddedViews ────────────────── v0.5.5
  Installed OffsetArrays ───────────────── v1.1.2
  Installed DataAPI ────────────────────── v1.3.0
  Installed CompilerSupportLibraries_jll ─ v0.3.3+0
  Installed StatsBase ──────────────────── v0.33.0
  Installed SpecialFunctions ───────────── v0.10.3
  Installed MappedArrays ───────────────── v0.2.2
  Installed Colors ─────────────────────── v0.12.4
Updating `~/.julia/environments/v1.5/Project.toml`
  [51556ac3] + ImageDistances v0.2.7
Updating `~/.julia/environments/v1.5/Manifest.toml`
  [3da002f7] + ColorTypes v0.10.8
  [c3611d14] + ColorVectorSpace v0.8.5
  [5ae59095] + Colors v0.12.4
  [e66e0078] + CompilerSupportLibraries_jll v0.3.3+0
  [9a962f9c] + DataAPI v1.3.0
  [864edb3b] + DataStructures v0.17.20
  [b4f34e82] + Distances v0.8.2
  [53c48c17] + FixedPointNumbers v0.8.4
  [a2bd30eb] + Graphics v1.0.2
  [a09fc81d] + ImageCore v0.8.14
  [51556ac3] + ImageDistances v0.2.7
  [dbb5928d] + MappedArrays v0.2.2
  [e1d29d7a] + Missings v0.4.3
  [e94cdb99] + MosaicViews v0.2.2
  [77ba4419] + NaNMath v0.3.4
  [6fe1bfb0] + OffsetArrays v1.1.2
  [efe28fd5] + OpenSpecFun_jll v0.5.3+3
  [bac558e1] + OrderedCollections v1.3.0
  [5432bcbf] + PaddedViews v0.5.5
  [189a3867] + Reexport v0.2.0
  [ae029012] + Requires v1.0.1
  [a2af1166] + SortingAlgorithms v0.3.1
  [276daf66] + SpecialFunctions v0.10.3
  [2913bbd2] + StatsBase v0.33.0
  [2a0f44e3] + Base64
  [ade2ca70] + Dates
  [8ba89e20] + Distributed
  [b77e0a4c] + InteractiveUtils
  [76f85450] + LibGit2
  [8f399da3] + Libdl
  [37e2e46d] + LinearAlgebra
  [56ddb016] + Logging
  [d6f4376e] + Markdown
  [44cfe95a] + Pkg
  [de0858da] + Printf
  [3fa0cd96] + REPL
  [9a3f8284] + Random
  [ea8e919c] + SHA
  [9e88b42a] + Serialization
  [6462fe0b] + Sockets
  [2f01184e] + SparseArrays
  [10745b16] + Statistics
  [8dfed614] + Test
  [cf7118a7] + UUIDs
  [4ec0a83e] + Unicode
    Testing ImageDistances
Status `/tmp/jl_s0mIBO/Project.toml`
  [c3611d14] ColorVectorSpace v0.8.5
  [b4f34e82] Distances v0.8.2
  [a09fc81d] ImageCore v0.8.14
  [51556ac3] ImageDistances v0.2.7
  [c8e1da08] IterTools v1.3.0
  [dbb5928d] MappedArrays v0.2.2
  [324d217c] ReferenceTests v0.9.1
  [37e2e46d] LinearAlgebra
  [10745b16] Statistics
  [8dfed614] Test
Status `/tmp/jl_s0mIBO/Manifest.toml`
  [13072b0f] AxisAlgorithms v1.0.0
  [3da002f7] ColorTypes v0.10.8
  [c3611d14] ColorVectorSpace v0.8.5
  [5ae59095] Colors v0.12.4
  [e66e0078] CompilerSupportLibraries_jll v0.3.3+0
  [150eb455] CoordinateTransformations v0.6.0
  [a8cc5b0e] Crayons v4.0.3
  [9a962f9c] DataAPI v1.3.0
  [864edb3b] DataStructures v0.17.20
  [ab62b9b5] DeepDiffs v1.2.0
  [b4f34e82] Distances v0.8.2
  [5789e2e9] FileIO v1.4.1
  [53c48c17] FixedPointNumbers v0.8.4
  [a2bd30eb] Graphics v1.0.2
  [bbac6d45] IdentityRanges v0.3.1
  [a09fc81d] ImageCore v0.8.14
  [51556ac3] ImageDistances v0.2.7
  [d8c32880] ImageInTerminal v0.4.4
  [02fcd773] ImageTransformations v0.8.5
  [a98d9a8b] Interpolations v0.12.10
  [c8e1da08] IterTools v1.3.0
  [dbb5928d] MappedArrays v0.2.2
  [e1d29d7a] Missings v0.4.3
  [e94cdb99] MosaicViews v0.2.2
  [77ba4419] NaNMath v0.3.4
  [6fe1bfb0] OffsetArrays v1.1.2
  [efe28fd5] OpenSpecFun_jll v0.5.3+3
  [bac558e1] OrderedCollections v1.3.0
  [5432bcbf] PaddedViews v0.5.5
  [c84ed2f1] Ratios v0.4.0
  [189a3867] Reexport v0.2.0
  [324d217c] ReferenceTests v0.9.1
  [ae029012] Requires v1.0.1
  [6038ab10] Rotations v1.0.1
  [a2af1166] SortingAlgorithms v0.3.1
  [276daf66] SpecialFunctions v0.10.3
  [90137ffa] StaticArrays v0.12.4
  [2913bbd2] StatsBase v0.33.0
  [efce3f68] WoodburyMatrices v0.5.2
  [2a0f44e3] Base64
  [ade2ca70] Dates
  [8ba89e20] Distributed
  [b77e0a4c] InteractiveUtils
  [76f85450] LibGit2
  [8f399da3] Libdl
  [37e2e46d] LinearAlgebra
  [56ddb016] Logging
  [d6f4376e] Markdown
  [a63ad114] Mmap
  [44cfe95a] Pkg
  [de0858da] Printf
  [3fa0cd96] REPL
  [9a3f8284] Random
  [ea8e919c] SHA
  [9e88b42a] Serialization
  [1a1011a3] SharedArrays
  [6462fe0b] Sockets
  [2f01184e] SparseArrays
  [10745b16] Statistics
  [8dfed614] Test
  [cf7118a7] UUIDs
  [4ec0a83e] Unicode
[ Info: test: GenericHausdorff
Test Summary:    | Pass  Total
GenericHausdorff |   50     50
[ Info: test: SqEuclidean
Test Summary: | Pass  Total
SqEuclidean   |   75     75
[ Info: test: Euclidean
Test Summary: | Pass  Total
Euclidean     |   75     75
[ Info: test: Cityblock
Test Summary: | Pass  Total
Cityblock     |   75     75
[ Info: test: Minkowski{Int64}
Test Summary:    | Pass  Total
Minkowski{Int64} |   75     75
[ Info: test: Minkowski{Float64}
Test Summary:      | Pass  Total
Minkowski{Float64} |   75     75
[ Info: test: Hamming
Test Summary: | Pass  Total
Hamming       |   75     75
[ Info: test: TotalVariation
Test Summary:  | Pass  Total
TotalVariation |   75     75
[ Info: test: NCC
Test Summary: | Pass  Total
NCC           |   75     75
[ Info: test: SumAbsoluteDifference
Test Summary:         | Pass  Total
SumAbsoluteDifference |   75     75
[ Info: test: SumSquaredDifference
Test Summary:        | Pass  Total
SumSquaredDifference |   75     75
[ Info: test: MeanAbsoluteError
Test Summary:     | Pass  Total
MeanAbsoluteError |   75     75
[ Info: test: MeanSquaredError
Test Summary:    | Pass  Total
MeanSquaredError |   75     75
[ Info: test: RootMeanSquaredError
Test Summary:        | Pass  Total
RootMeanSquaredError |   75     75
[ Info: test: CIEDE2000
Test Summary: | Pass  Total
CIEDE2000     |   83     83
    Testing ImageDistances tests passed 
