Julia Version 1.4.0
Commit b8e9a9ecc6 (2020-03-21 16:36 UTC)
Platform Info:
  OS: Linux (x86_64-linux-gnu)
  CPU: Intel(R) Xeon(R) Silver 4114 CPU @ 2.20GHz
  WORD_SIZE: 64
  LIBM: libopenlibm
  LLVM: libLLVM-8.0.1 (ORCJIT, skylake)
Environment:
  JULIA_DEPOT_PATH = ::/usr/local/share/julia
  JULIA_NUM_THREADS = 2

  Resolving package versions...
  Installed NODAL ─ v0.4.0
   Updating `~/.julia/environments/v1.4/Project.toml`
  [44063525] + NODAL v0.4.0
   Updating `~/.julia/environments/v1.4/Manifest.toml`
  [44063525] + NODAL v0.4.0
  [2a0f44e3] + Base64 
  [8ba89e20] + Distributed 
  [b77e0a4c] + InteractiveUtils 
  [8f399da3] + Libdl 
  [37e2e46d] + LinearAlgebra 
  [56ddb016] + Logging 
  [d6f4376e] + Markdown 
  [de0858da] + Printf 
  [9a3f8284] + Random 
  [9e88b42a] + Serialization 
  [6462fe0b] + Sockets 
  [2f01184e] + SparseArrays 
  [10745b16] + Statistics 
  [8dfed614] + Test 
  [4ec0a83e] + Unicode 
    Testing NODAL
Status `/tmp/jl_8ir3Zd/Manifest.toml`
  [44063525] NODAL v0.4.0
  [2a0f44e3] Base64 
  [8ba89e20] Distributed 
  [b77e0a4c] InteractiveUtils 
  [8f399da3] Libdl 
  [37e2e46d] LinearAlgebra 
  [56ddb016] Logging 
  [d6f4376e] Markdown 
  [de0858da] Printf 
  [9a3f8284] Random 
  [9e88b42a] Serialization 
  [6462fe0b] Sockets 
  [2f01184e] SparseArrays 
  [10745b16] Statistics 
  [8dfed614] Test 
  [4ec0a83e] Unicode 
Test Summary:   | Pass  Total
NumberParameter |   86     86
    [EnumParameter]
    name   : test
    current: test
    values : 
    [EnumParameter]
    name   : test
    current: test
    values : 
    [StringParameter]
    name : test
    value: "a"
    ***
    [StringParameter]
    name : test
    value: "b"
    ***
    [EnumParameter]
    name   : test
    current: test
    values : 
    [StringParameter]
    name : test
    value: "c"
Test Summary: | Pass  Total
EnumParameter |   37     37
    [PermutationParameter]
    name : test
    value: [1, 2, 3, 4, 5, 6]
    size : 6
    [PermutationParameter]
    name : test
    value: [6, 4, 2, 1, 5, 3]
    size : 6
    [PermutationParameter]
    name : test
    value: [6, 4, 2, 1, 5, 3]
    size : 6
    [PermutationParameter]
    name : test
    value: [3, 4, 2, 6, 5, 1]
    size : 6
    [PermutationParameter]
    name : test
    value: [1, 2, 3, 4, 5, 6]
    size : 6
    [PermutationParameter]
    name : test
    value: [3, 4, 1, 5, 2, 6]
    size : 6
Test Summary:        | Pass  Total
PermutationParameter |    9      9
Test Summary:   | Pass  Total
StringParameter |    6      6
    [BoolParameter]
    name : test
    value: true
Test Summary: | Pass  Total
BoolParameter |    6      6
  [Configuration]
  name      : test
  parameters:
    [NumberParameter]
    name : i0
    min  : 1.000000
    max  : 38.000000
    value: 3.000000
    ***
    [NumberParameter]
    name : i3
    min  : 2.330000
    max  : 85.330000
    value: 22.200000
    ***
    [NumberParameter]
    name : i1
    min  : 4.000000
    max  : 66.000000
    value: 55.000000
    ***
    [StringParameter]
    name : i2
    value: "value"

Test Summary: | Pass  Total
Configuration |   27     27
Test Summary: | Pass  Total
Run           |    1      1
[Result]
Cost              : 1.0
Found in Iteration: 1
Current Iteration : 7
Technique         : Initialize
Function Calls    : 1
  ***
[Result]
Cost              : 0.35847567203237723
Found in Iteration: 51
Current Iteration : 101
Technique         : Simulated Annealing
Function Calls    : 51
  ***
[Result]
Cost              : 0.018463559658644966
Found in Iteration: 101
Current Iteration : 207
Technique         : Simulated Annealing
Function Calls    : 101
  ***
[Result]
Cost              : 0.018463559658644966
Found in Iteration: 101
Current Iteration : 307
Technique         : Simulated Annealing
Function Calls    : 101
  ***
[Result]
Cost              : 0.018463559658644966
Found in Iteration: 101
Current Iteration : 407
Technique         : Simulated Annealing
Function Calls    : 101
  ***
[Result]
Cost              : 0.018463559658644966
Found in Iteration: 101
Current Iteration : 507
Technique         : Simulated Annealing
Function Calls    : 101
  ***
[Result]
Cost              : 0.017612556392713488
Found in Iteration: 551
Current Iteration : 607
Technique         : Simulated Annealing
Function Calls    : 551
  ***
[bioFinal Result]
Cost                  : 0.016512240676260247
Found in Iteration    : 651
Current Iteration     : 667
Technique             : Simulated Annealing
Function Calls        : 651
Starting Configuration:
  [Configuration]
  name      : rosenbrock_config
  parameters:
    [NumberParameter]
    name : i0
    min  : -2.000000
    max  : 2.000000
    value: 0.891512
    ***
    [NumberParameter]
    name : i1
    min  : -2.000000
    max  : 2.000000
    value: 0.787906
Minimum Configuration :
  [Configuration]
  name      : rosenbrock_config
  parameters:
    [NumberParameter]
    name : i0
    min  : -2.000000
    max  : 2.000000
    value: 0.891512
    ***
    [NumberParameter]
    name : i1
    min  : -2.000000
    max  : 2.000000
    value: 0.787906
0.016512240676260247
Test Summary: | Pass  Total
Search        |    3      3
[Result]
Cost              : 1.0
Found in Iteration: 1
Current Iteration : 7
Technique         : Initialize
Function Calls    : 1
  ***
[Result]
Cost              : 1.0
Found in Iteration: 1
Current Iteration : 7781
Technique         : Initialize
Function Calls    : 1
  ***
[Result]
Cost              : 1.0
Found in Iteration: 1
Current Iteration : 22465
Technique         : Initialize
Function Calls    : 1
  ***
[Result]
Cost              : 0.002569987314810739
Found in Iteration: 11
Current Iteration : 36323
Technique         : Iterative First Improvement
Function Calls    : 13094
  ***
[Result]
Cost              : 0.002569987314810739
Found in Iteration: 11
Current Iteration : 50698
Technique         : Iterative First Improvement
Function Calls    : 13094
  ***
[Result]
Cost              : 0.00034918862157225586
Found in Iteration: 13
Current Iteration : 66888
Technique         : Iterative First Improvement
Function Calls    : 25683
  ***
[Result]
Cost              : 0.00034918862157225586
Found in Iteration: 13
Current Iteration : 81875
Technique         : Iterative First Improvement
Function Calls    : 25683
  ***
[Result]
Cost              : 0.00034918862157225586
Found in Iteration: 13
Current Iteration : 96577
Technique         : Iterative First Improvement
Function Calls    : 25683
  ***
[bioFinal Result]
Cost                  : 0.00034918862157225586
Found in Iteration    : 13
Current Iteration     : 111563
Technique             : Iterative First Improvement
Function Calls        : 25683
Starting Configuration:
  [Configuration]
  name      : rosenbrock_config
  parameters:
    [NumberParameter]
    name : i0
    min  : -2.000000
    max  : 2.000000
    value: 0.993663
    ***
    [NumberParameter]
    name : i1
    min  : -2.000000
    max  : 2.000000
    value: 0.992396
Minimum Configuration :
  [Configuration]
  name      : rosenbrock_config
  parameters:
    [NumberParameter]
    name : i0
    min  : -2.000000
    max  : 2.000000
    value: 1.008471
    ***
    [NumberParameter]
    name : i1
    min  : -2.000000
    max  : 2.000000
    value: 1.018680
0.00034918862157225586
Test Summary: | Pass  Total
Search        |    3      3
[Result]
Cost              : 1.0
Found in Iteration: 1
Current Iteration : 7
Technique         : Initialize
Function Calls    : 1
  ***
[Result]
Cost              : 1.0
Found in Iteration: 1
Current Iteration : 35003
Technique         : Initialize
Function Calls    : 1
  ***
[Result]
Cost              : 1.0
Found in Iteration: 1
Current Iteration : 72531
Technique         : Initialize
Function Calls    : 1
  ***
[Result]
Cost              : 0.4788879938651264
Found in Iteration: 50491
Current Iteration : 128423
Technique         : Iterative Probabilistic Improvement
Function Calls    : 50491
  ***
[Result]
Cost              : 0.06315573737616681
Found in Iteration: 64692
Current Iteration : 182329
Technique         : Iterative Probabilistic Improvement
Function Calls    : 64692
  ***
[Result]
Cost              : 0.06315573737616681
Found in Iteration: 64692
Current Iteration : 236913
Technique         : Iterative Probabilistic Improvement
Function Calls    : 64692
  ***
[bioFinal Result]
Cost                  : 0.06315573737616681
Found in Iteration    : 64692
Current Iteration     : 289400
Technique             : Iterative Probabilistic Improvement
Function Calls        : 64692
Starting Configuration:
  [Configuration]
  name      : rosenbrock_config
  parameters:
    [NumberParameter]
    name : i0
    min  : -2.000000
    max  : 2.000000
    value: 1.129975
    ***
    [NumberParameter]
    name : i1
    min  : -2.000000
    max  : 2.000000
    value: 1.298352
Minimum Configuration :
  [Configuration]
  name      : rosenbrock_config
  parameters:
    [NumberParameter]
    name : i0
    min  : -2.000000
    max  : 2.000000
    value: 1.129975
    ***
    [NumberParameter]
    name : i1
    min  : -2.000000
    max  : 2.000000
    value: 1.298352
0.06315573737616681
Test Summary: | Pass  Total
Search        |    3      3
[Result]
Cost              : 1.0
Found in Iteration: 1
Current Iteration : 7
Technique         : Initialize
Function Calls    : 1
  ***
[Result]
Cost              : 1.0
Found in Iteration: 1
Current Iteration : 76741
Technique         : Initialize
Function Calls    : 1
  ***
[Result]
Cost              : 0.0013515614382362854
Found in Iteration: 1458
Current Iteration : 157214
Technique         : Randomized First Improvement
Function Calls    : 64716
  ***
[Result]
Cost              : 0.0013515614382362854
Found in Iteration: 1458
Current Iteration : 229033
Technique         : Randomized First Improvement
Function Calls    : 64716
  ***
[Result]
Cost              : 0.0013515614382362854
Found in Iteration: 1458
Current Iteration : 300339
Technique         : Randomized First Improvement
Function Calls    : 64716
  ***
[Result]
Cost              : 0.0013515614382362854
Found in Iteration: 1458
Current Iteration : 373129
Technique         : Randomized First Improvement
Function Calls    : 64716
  ***
[bioFinal Result]
Cost                  : 0.0010591701013370363
Found in Iteration    : 5418
Current Iteration     : 442240
Technique             : Randomized First Improvement
Function Calls        : 208962
Starting Configuration:
  [Configuration]
  name      : rosenbrock_config
  parameters:
    [NumberParameter]
    name : i0
    min  : -2.000000
    max  : 2.000000
    value: 0.981308
    ***
    [NumberParameter]
    name : i1
    min  : -2.000000
    max  : 2.000000
    value: 0.965629
Minimum Configuration :
  [Configuration]
  name      : rosenbrock_config
  parameters:
    [NumberParameter]
    name : i0
    min  : -2.000000
    max  : 2.000000
    value: 0.981308
    ***
    [NumberParameter]
    name : i1
    min  : -2.000000
    max  : 2.000000
    value: 0.965629
0.0010591701013370363
Test Summary: | Pass  Total
Search        |    3      3
[Result]
Cost              : 1.0
Found in Iteration: 1
Current Iteration : 7
Technique         : Initialize
Function Calls    : 1
  ***
[Result]
Cost              : 1.0
Found in Iteration: 1
Current Iteration : 268297
Technique         : Initialize
Function Calls    : 1
  ***
[Result]
Cost              : 1.0
Found in Iteration: 1
Current Iteration : 612523
Technique         : Initialize
Function Calls    : 1
  ***
[bioFinal Result]
Cost                  : 1.0
Found in Iteration    : 1
Current Iteration     : 948506
Technique             : Initialize
Function Calls        : 1
Starting Configuration:
  [Configuration]
  name      : rosenbrock_config
  parameters:
    [NumberParameter]
    name : i0
    min  : -2.000000
    max  : 2.000000
    value: 0.000000
    ***
    [NumberParameter]
    name : i1
    min  : -2.000000
    max  : 2.000000
    value: 0.000000
Minimum Configuration :
  [Configuration]
  name      : rosenbrock_config
  parameters:
    [NumberParameter]
    name : i0
    min  : -2.000000
    max  : 2.000000
    value: 0.000000
    ***
    [NumberParameter]
    name : i1
    min  : -2.000000
    max  : 2.000000
    value: 0.000000
1.0
Test Summary: | Pass  Total
Search        |    3      3
[Result]
Cost              : 1.0
Found in Iteration: 1
Current Iteration : 7
Technique         : Initialize
Function Calls    : 1
  ***
[Result]
Cost              : 1.0
Found in Iteration: 1
Current Iteration : 53895
Technique         : Initialize
Function Calls    : 1
  ***
[Result]
Cost              : 1.0
Found in Iteration: 1
Current Iteration : 112762
Technique         : Initialize
Function Calls    : 1
  ***
[bioFinal Result]
Cost                  : 1.0
Found in Iteration    : 1
Current Iteration     : 173472
Technique             : Initialize
Function Calls        : 1
Starting Configuration:
  [Configuration]
  name      : rosenbrock_config
  parameters:
    [NumberParameter]
    name : i0
    min  : -2.000000
    max  : 2.000000
    value: 0.000000
    ***
    [NumberParameter]
    name : i1
    min  : -2.000000
    max  : 2.000000
    value: 0.000000
Minimum Configuration :
  [Configuration]
  name      : rosenbrock_config
  parameters:
    [NumberParameter]
    name : i0
    min  : -2.000000
    max  : 2.000000
    value: 0.000000
    ***
    [NumberParameter]
    name : i1
    min  : -2.000000
    max  : 2.000000
    value: 0.000000
1.0
Test Summary: | Pass  Total
Search        |    3      3
Test Summary: | Pass  Total
unit_value    |    6      6
    Testing NODAL tests passed 
