Julia Version 1.4.0-rc1.4
Commit 3ac20f95d0 (2020-01-26 14:15 UTC)
Platform Info:
  OS: Linux (x86_64-linux-gnu)
  CPU: Intel(R) Xeon(R) Silver 4114 CPU @ 2.20GHz
  WORD_SIZE: 64
  LIBM: libopenlibm
  LLVM: libLLVM-8.0.1 (ORCJIT, skylake)
Environment:
  JULIA_DEPOT_PATH = ::/usr/local/share/julia
  JULIA_NUM_THREADS = 2

  Resolving package versions...
  Installed LinearTimeVaryingModelsBase ─ v0.2.1
  Installed OrderedCollections ────────── v1.1.0
  Installed Parameters ────────────────── v0.12.0
   Updating `~/.julia/environments/v1.4/Project.toml`
  [5e7a79f3] + LinearTimeVaryingModelsBase v0.2.1
   Updating `~/.julia/environments/v1.4/Manifest.toml`
  [5e7a79f3] + LinearTimeVaryingModelsBase v0.2.1
  [bac558e1] + OrderedCollections v1.1.0
  [d96e819e] + Parameters v0.12.0
  [2a0f44e3] + Base64 
  [8ba89e20] + Distributed 
  [b77e0a4c] + InteractiveUtils 
  [8f399da3] + Libdl 
  [37e2e46d] + LinearAlgebra 
  [56ddb016] + Logging 
  [d6f4376e] + Markdown 
  [9a3f8284] + Random 
  [9e88b42a] + Serialization 
  [6462fe0b] + Sockets 
  [2f01184e] + SparseArrays 
  [10745b16] + Statistics 
  [8dfed614] + Test 
    Testing LinearTimeVaryingModelsBase
Status `/tmp/jl_Fyc4kF/Manifest.toml`
  [5e7a79f3] LinearTimeVaryingModelsBase v0.2.1
  [bac558e1] OrderedCollections v1.1.0
  [d96e819e] Parameters v0.12.0
  [2a0f44e3] Base64 
  [8ba89e20] Distributed 
  [b77e0a4c] InteractiveUtils 
  [8f399da3] Libdl 
  [37e2e46d] LinearAlgebra 
  [56ddb016] Logging 
  [d6f4376e] Markdown 
  [9a3f8284] Random 
  [9e88b42a] Serialization 
  [6462fe0b] Sockets 
  [2f01184e] SparseArrays 
  [10745b16] Statistics 
  [8dfed614] Test 
[-2.2892159198571713, 0.3486164097797984][-1.7327100142131628, 0.18285823683972052]
[0.8255570735849066, 1.1113673644344313][-0.28150476632644583, -1.7206592245579388]
    Testing LinearTimeVaryingModelsBase tests passed 
