Julia Version 1.5.2-pre.25
Commit be8475f41a (2020-09-09 06:41 UTC)
Platform Info:
  OS: Linux (x86_64-linux-gnu)
  CPU: Intel(R) Xeon(R) Silver 4114 CPU @ 2.20GHz
  WORD_SIZE: 64
  LIBM: libopenlibm
  LLVM: libLLVM-9.0.1 (ORCJIT, skylake-avx512)
Environment:
  JULIA_DEPOT_PATH = ::/usr/local/share/julia
  JULIA_NUM_THREADS = 2

  Resolving package versions...
  Installed DataAPI ───────────────────── v1.3.0
  Installed OnlineStatsBase ───────────── v1.4.3
  Installed StatsBase ─────────────────── v0.33.1
  Installed SortingLab ────────────────── v0.2.5
  Installed DataFrames ────────────────── v0.21.7
  Installed FastGroupBy ───────────────── v0.2.6
  Installed WeakRefStrings ────────────── v0.6.2
  Installed DataValueInterfaces ───────── v1.0.0
  Installed PooledArrays ──────────────── v0.5.3
  Installed TableTraitsUtils ──────────── v1.0.1
  Installed AbstractTrees ─────────────── v0.3.3
  Installed SortingAlgorithms ─────────── v0.3.1
  Installed Parsers ───────────────────── v1.0.10
  Installed TableTraits ───────────────── v1.0.0
  Installed DataValues ────────────────── v0.4.13
  Installed StructArrays ──────────────── v0.4.4
  Installed Compat ────────────────────── v3.15.0
  Installed OrderedCollections ────────── v1.3.0
  Installed IndexedTables ─────────────── v0.13.0
  Installed IteratorInterfaceExtensions ─ v1.0.0
  Installed JSON ──────────────────────── v0.21.1
  Installed InvertedIndices ───────────── v1.0.0
  Installed Missings ──────────────────── v0.4.4
  Installed Tables ────────────────────── v1.0.5
  Installed StructTypes ───────────────── v1.1.0
  Installed Reexport ──────────────────── v0.2.0
  Installed Adapt ─────────────────────── v2.0.2
  Installed DataStructures ────────────── v0.18.4
  Installed CategoricalArrays ─────────── v0.8.2
Updating `~/.julia/environments/v1.5/Project.toml`
  [e6aeac8e] + FastGroupBy v0.2.6
Updating `~/.julia/environments/v1.5/Manifest.toml`
  [1520ce14] + AbstractTrees v0.3.3
  [79e6a3ab] + Adapt v2.0.2
  [324d7699] + CategoricalArrays v0.8.2
  [34da2185] + Compat v3.15.0
  [9a962f9c] + DataAPI v1.3.0
  [a93c6f00] + DataFrames v0.21.7
  [864edb3b] + DataStructures v0.18.4
  [e2d170a0] + DataValueInterfaces v1.0.0
  [e7dc6d0d] + DataValues v0.4.13
  [e6aeac8e] + FastGroupBy v0.2.6
  [6deec6e2] + IndexedTables v0.13.0
  [41ab1584] + InvertedIndices v1.0.0
  [82899510] + IteratorInterfaceExtensions v1.0.0
  [682c06a0] + JSON v0.21.1
  [e1d29d7a] + Missings v0.4.4
  [925886fa] + OnlineStatsBase v1.4.3
  [bac558e1] + OrderedCollections v1.3.0
  [69de0a69] + Parsers v1.0.10
  [2dfb63ee] + PooledArrays v0.5.3
  [189a3867] + Reexport v0.2.0
  [a2af1166] + SortingAlgorithms v0.3.1
  [562c1548] + SortingLab v0.2.5
  [2913bbd2] + StatsBase v0.33.1
  [09ab397b] + StructArrays v0.4.4
  [856f2bd8] + StructTypes v1.1.0
  [3783bdb8] + TableTraits v1.0.0
  [382cd787] + TableTraitsUtils v1.0.1
  [bd369af6] + Tables v1.0.5
  [ea10d353] + WeakRefStrings v0.6.2
  [2a0f44e3] + Base64
  [ade2ca70] + Dates
  [8bb1440f] + DelimitedFiles
  [8ba89e20] + Distributed
  [9fa8497b] + Future
  [b77e0a4c] + InteractiveUtils
  [76f85450] + LibGit2
  [8f399da3] + Libdl
  [37e2e46d] + LinearAlgebra
  [56ddb016] + Logging
  [d6f4376e] + Markdown
  [a63ad114] + Mmap
  [44cfe95a] + Pkg
  [de0858da] + Printf
  [3fa0cd96] + REPL
  [9a3f8284] + Random
  [ea8e919c] + SHA
  [9e88b42a] + Serialization
  [1a1011a3] + SharedArrays
  [6462fe0b] + Sockets
  [2f01184e] + SparseArrays
  [10745b16] + Statistics
  [8dfed614] + Test
  [cf7118a7] + UUIDs
  [4ec0a83e] + Unicode
    Testing FastGroupBy
Status `/tmp/jl_I2rdNu/Project.toml`
  [6e4b80f9] BenchmarkTools v0.5.0
  [324d7699] CategoricalArrays v0.8.2
  [34da2185] Compat v3.15.0
  [a93c6f00] DataFrames v0.21.7
  [e6aeac8e] FastGroupBy v0.2.6
  [6deec6e2] IndexedTables v0.13.0
  [2dfb63ee] PooledArrays v0.5.3
  [295af30f] Revise v2.7.5
  [a2af1166] SortingAlgorithms v0.3.1
  [562c1548] SortingLab v0.2.5
  [2913bbd2] StatsBase v0.33.1
  [9a3f8284] Random
  [8dfed614] Test
Status `/tmp/jl_I2rdNu/Manifest.toml`
  [1520ce14] AbstractTrees v0.3.3
  [79e6a3ab] Adapt v2.0.2
  [6e4b80f9] BenchmarkTools v0.5.0
  [324d7699] CategoricalArrays v0.8.2
  [da1fd8a2] CodeTracking v0.5.12
  [34da2185] Compat v3.15.0
  [9a962f9c] DataAPI v1.3.0
  [a93c6f00] DataFrames v0.21.7
  [864edb3b] DataStructures v0.18.4
  [e2d170a0] DataValueInterfaces v1.0.0
  [e7dc6d0d] DataValues v0.4.13
  [e6aeac8e] FastGroupBy v0.2.6
  [6deec6e2] IndexedTables v0.13.0
  [41ab1584] InvertedIndices v1.0.0
  [82899510] IteratorInterfaceExtensions v1.0.0
  [682c06a0] JSON v0.21.1
  [aa1ae85d] JuliaInterpreter v0.7.26
  [6f1432cf] LoweredCodeUtils v0.4.9
  [e1d29d7a] Missings v0.4.4
  [925886fa] OnlineStatsBase v1.4.3
  [bac558e1] OrderedCollections v1.3.0
  [69de0a69] Parsers v1.0.10
  [2dfb63ee] PooledArrays v0.5.3
  [189a3867] Reexport v0.2.0
  [295af30f] Revise v2.7.5
  [a2af1166] SortingAlgorithms v0.3.1
  [562c1548] SortingLab v0.2.5
  [2913bbd2] StatsBase v0.33.1
  [09ab397b] StructArrays v0.4.4
  [856f2bd8] StructTypes v1.1.0
  [3783bdb8] TableTraits v1.0.0
  [382cd787] TableTraitsUtils v1.0.1
  [bd369af6] Tables v1.0.5
  [ea10d353] WeakRefStrings v0.6.2
  [2a0f44e3] Base64
  [ade2ca70] Dates
  [8bb1440f] DelimitedFiles
  [8ba89e20] Distributed
  [7b1f6079] FileWatching
  [9fa8497b] Future
  [b77e0a4c] InteractiveUtils
  [76f85450] LibGit2
  [8f399da3] Libdl
  [37e2e46d] LinearAlgebra
  [56ddb016] Logging
  [d6f4376e] Markdown
  [a63ad114] Mmap
  [44cfe95a] Pkg
  [de0858da] Printf
  [3fa0cd96] REPL
  [9a3f8284] Random
  [ea8e919c] SHA
  [9e88b42a] Serialization
  [1a1011a3] SharedArrays
  [6462fe0b] Sockets
  [2f01184e] SparseArrays
  [10745b16] Statistics
  [8dfed614] Test
  [cf7118a7] UUIDs
  [4ec0a83e] Unicode
WARNING: Method definition (::Type{Base.OrderStyle})(Type{Union{}}) in module Base at traits.jl:12 overwritten in module CategoricalArrays at /home/pkgeval/.julia/packages/CategoricalArrays/hxUIH/src/CategoricalArrays.jl:19.
  ** incremental compilation may be fatally broken for this module **

WARNING: Method definition (::Type{Base.OrderStyle})(Type{Union{}}) in module Base at traits.jl:12 overwritten in module CategoricalArrays at /home/pkgeval/.julia/packages/CategoricalArrays/hxUIH/src/CategoricalArrays.jl:19.
  ** incremental compilation may be fatally broken for this module **

WARNING: Method definition (::Type{Base.OrderStyle})(Type{Union{}}) in module Base at traits.jl:12 overwritten in module CategoricalArrays at /home/pkgeval/.julia/packages/CategoricalArrays/hxUIH/src/CategoricalArrays.jl:19.
  ** incremental compilation may be fatally broken for this module **

WARNING: Method definition (::Type{Base.OrderStyle})(Type{Union{}}) in module Base at traits.jl:12 overwritten in module CategoricalArrays at /home/pkgeval/.julia/packages/CategoricalArrays/hxUIH/src/CategoricalArrays.jl:19.
  ** incremental compilation may be fatally broken for this module **

  0.678532 seconds (321.25 k allocations: 16.942 MiB)
  5.102964 seconds (6.93 M allocations: 372.702 MiB, 9.56% gc time)
  0.437101 seconds (163.93 k allocations: 8.787 MiB)
  3.319801 seconds (2.22 M allocations: 717.142 MiB, 4.45% gc time)
 23.513567 seconds (553.95 k allocations: 3.769 GiB, 1.96% gc time)
  3.832535 seconds (804.88 k allocations: 877.786 MiB)
 21.597066 seconds (1.42 M allocations: 3.777 GiB, 3.19% gc time)
┌ Warning: `aggregate(d, cols, f, sort=false, skipmissing=false)` is deprecated. Instead use combine(groupby(d, cols, sort=false, skipmissing=false), names(d, Not(cols)) .=> f)`
│   caller = top-level scope at timing.jl:174
└ @ Core ./timing.jl:174
 14.733677 seconds (18.22 M allocations: 950.778 MiB, 7.44% gc time)
    Testing FastGroupBy tests passed 
