Julia Version 1.4.0
Commit b8e9a9ecc6 (2020-03-21 16:36 UTC)
Platform Info:
  OS: Linux (x86_64-linux-gnu)
  CPU: Intel(R) Xeon(R) Silver 4114 CPU @ 2.20GHz
  WORD_SIZE: 64
  LIBM: libopenlibm
  LLVM: libLLVM-8.0.1 (ORCJIT, skylake)
Environment:
  JULIA_DEPOT_PATH = ::/usr/local/share/julia
  JULIA_NUM_THREADS = 2

  Resolving package versions...
  Installed Requires ─────────── v1.0.1
  Installed InvertedIndices ──── v1.0.0
  Installed Combinatorics ────── v1.0.0
  Installed NamedArrays ──────── v0.9.4
  Installed OrderedCollections ─ v1.1.0
  Installed Polynomials ──────── v0.5.3
  Installed RecipesBase ──────── v1.0.0
  Installed DataStructures ───── v0.17.11
   Updating `~/.julia/environments/v1.4/Project.toml`
  [86f7a689] + NamedArrays v0.9.4
   Updating `~/.julia/environments/v1.4/Manifest.toml`
  [861a8166] + Combinatorics v1.0.0
  [864edb3b] + DataStructures v0.17.11
  [41ab1584] + InvertedIndices v1.0.0
  [86f7a689] + NamedArrays v0.9.4
  [bac558e1] + OrderedCollections v1.1.0
  [f27b6e38] + Polynomials v0.5.3
  [3cdcf5f2] + RecipesBase v1.0.0
  [ae029012] + Requires v1.0.1
  [2a0f44e3] + Base64 
  [8bb1440f] + DelimitedFiles 
  [8ba89e20] + Distributed 
  [b77e0a4c] + InteractiveUtils 
  [8f399da3] + Libdl 
  [37e2e46d] + LinearAlgebra 
  [56ddb016] + Logging 
  [d6f4376e] + Markdown 
  [a63ad114] + Mmap 
  [9a3f8284] + Random 
  [ea8e919c] + SHA 
  [9e88b42a] + Serialization 
  [6462fe0b] + Sockets 
  [2f01184e] + SparseArrays 
  [10745b16] + Statistics 
  [8dfed614] + Test 
  [cf7118a7] + UUIDs 
    Testing NamedArrays
Status `/tmp/jl_7ev8q0/Manifest.toml`
  [861a8166] Combinatorics v1.0.0
  [864edb3b] DataStructures v0.17.11
  [41ab1584] InvertedIndices v1.0.0
  [8e2b3108] KahanSummation v0.1.0
  [86f7a689] NamedArrays v0.9.4
  [bac558e1] OrderedCollections v1.1.0
  [f27b6e38] Polynomials v0.5.3
  [3cdcf5f2] RecipesBase v1.0.0
  [ae029012] Requires v1.0.1
  [2a0f44e3] Base64 
  [8bb1440f] DelimitedFiles 
  [8ba89e20] Distributed 
  [b77e0a4c] InteractiveUtils 
  [8f399da3] Libdl 
  [37e2e46d] LinearAlgebra 
  [56ddb016] Logging 
  [d6f4376e] Markdown 
  [a63ad114] Mmap 
  [9a3f8284] Random 
  [ea8e919c] SHA 
  [9e88b42a] Serialization 
  [6462fe0b] Sockets 
  [2f01184e] SparseArrays 
  [10745b16] Statistics 
  [8dfed614] Test 
  [cf7118a7] UUIDs 
Starting test, no assertions should fail... base, one	0.8868195025706271	0.10690956196534285	0.2983308974206824	0.792926036582096
two	0.2353067718999935	0.3254052522411446	0.9851996408867689	0.045044457137133787
a	52
b	57
c	55
d	69
e	36
f	87
construction, 2×3 Named Array{Float64,2}
dim1 ╲ dim2 │       :c        :d        :e
────────────┼─────────────────────────────
:a          │ 0.562709  0.635087  0.817037
:b          │ 0.728692  0.819983  0.538753 0.5627088572922831 0.5627088572922831
2×3 Named Array{Float64,2}
A ╲ B │       :c        :d        :e
──────┼─────────────────────────────
:a    │ 0.562709  0.635087  0.817037
:b    │ 0.728692  0.819983  0.538753
2×3 Named Array{Float64,2}
dim1 ╲ dim2 │       :c        :d        :e
────────────┼─────────────────────────────
:a          │ 0.562709  0.635087  0.817037
:b          │ 0.728692  0.819983  0.538753
2×3 Named Array{Float64,2}
A ╲ B │       :c        :d        :e
──────┼─────────────────────────────
:a    │ 0.562709  0.635087  0.817037
:b    │ 0.728692  0.819983  0.538753
arithmetic, ┌ Warning: Dropping mismatching names
└ @ NamedArrays ~/.julia/packages/NamedArrays/kMq4N/src/arithmetic.jl:27
┌ Warning: Dropping mismatching names
└ @ NamedArrays ~/.julia/packages/NamedArrays/kMq4N/src/arithmetic.jl:27
┌ Warning: Dropping mismatching names
└ @ NamedArrays ~/.julia/packages/NamedArrays/kMq4N/src/arithmetic.jl:27
convert, getindex, 2×4 Named Array{Float64,2}
A ╲ B │        a         b         c         d
──────┼───────────────────────────────────────
one   │ 0.868067  0.814615  0.237049  0.995098
two   │ 0.936684  0.319537  0.358676  0.946826
[("one", "a"), ("two", "a"), ("one", "b"), ("two", "b"), ("one", "c"), ("two", "c"), ("one", "d"), ("two", "d")]
setindex, 2×4 Named Array{Float64,2}
magnificent ╲ 7 │         一          二          三          四
────────────────┼───────────────────────────────────────────
一               │ 0.0375023   0.292215   0.804282   0.786526
二               │   0.52312   0.105454   0.229005   0.813024
2×4 Named Array{Float64,2}
magnificent ╲ 7 │         1          2          3          4
────────────────┼───────────────────────────────────────────
1               │ 0.0375023   0.292215   0.804282   0.786526
2               │   0.52312   0.105454   0.229005   0.813024
hcat/vcat, copy, sum, conversions
changing names: 
    sum
    prod
    maximum
    minimum
    mean
    std
    var
multi-dimensional, dodgy indices, sort, broadcast, vectorized, re-arrange, eachindex, matrixops, show,
1×2×2 Named Array{Float64,3}

[:, :, C=1] =
A ╲ B │         1          2
──────┼─────────────────────
1     │  0.203999  0.0593647

[:, :, C=2] =
A ╲ B │         1          2
──────┼─────────────────────
1     │ 0.0782217   0.187482
2×1×2 Named Array{Float64,3}

[:, :, C=1] =
A ╲ B │        1
──────┼─────────
1     │ 0.738495
2     │ 0.627497

[:, :, C=2] =
A ╲ B │        1
──────┼─────────
1     │ 0.419488
2     │ 0.194859
2×2×1 Named Array{Float64,3}

[:, :, C=1] =
A ╲ B │        1         2
──────┼───────────────────
1     │ 0.345419  0.147661
2     │ 0.400103  0.778434
Timing named index: 0.000894401, array index: 0.00085615, named key: 0.148580657
Timing sum large sparse array: 6.5024e-5, named: 0.000100454
done!
    Testing NamedArrays tests passed 
