Julia Version 1.4.0
Commit b8e9a9ecc6 (2020-03-21 16:36 UTC)
Platform Info:
  OS: Linux (x86_64-linux-gnu)
  CPU: Intel(R) Xeon(R) Silver 4114 CPU @ 2.20GHz
  WORD_SIZE: 64
  LIBM: libopenlibm
  LLVM: libLLVM-8.0.1 (ORCJIT, skylake)
Environment:
  JULIA_DEPOT_PATH = ::/usr/local/share/julia
  JULIA_NUM_THREADS = 2

  Resolving package versions...
  Installed TickTock ─ v1.0.0
   Updating `~/.julia/environments/v1.4/Project.toml`
  [9ff05d80] + TickTock v1.0.0
   Updating `~/.julia/environments/v1.4/Manifest.toml`
  [9ff05d80] + TickTock v1.0.0
  [2a0f44e3] + Base64 
  [ade2ca70] + Dates 
  [8ba89e20] + Distributed 
  [b77e0a4c] + InteractiveUtils 
  [76f85450] + LibGit2 
  [8f399da3] + Libdl 
  [56ddb016] + Logging 
  [d6f4376e] + Markdown 
  [44cfe95a] + Pkg 
  [de0858da] + Printf 
  [3fa0cd96] + REPL 
  [9a3f8284] + Random 
  [ea8e919c] + SHA 
  [9e88b42a] + Serialization 
  [6462fe0b] + Sockets 
  [8dfed614] + Test 
  [cf7118a7] + UUIDs 
  [4ec0a83e] + Unicode 
    Testing TickTock
Status `/tmp/jl_TOJuRr/Manifest.toml`
  [9ff05d80] TickTock v1.0.0
  [2a0f44e3] Base64 
  [ade2ca70] Dates 
  [8ba89e20] Distributed 
  [b77e0a4c] InteractiveUtils 
  [76f85450] LibGit2 
  [8f399da3] Libdl 
  [56ddb016] Logging 
  [d6f4376e] Markdown 
  [44cfe95a] Pkg 
  [de0858da] Printf 
  [3fa0cd96] REPL 
  [9a3f8284] Random 
  [ea8e919c] SHA 
  [9e88b42a] Serialization 
  [6462fe0b] Sockets 
  [8dfed614] Test 
  [cf7118a7] UUIDs 
  [4ec0a83e] Unicode 
[ Info:  started timer at: 2020-04-08T13:43:23.803
1         [ Info: TickTock: "TickTock alarm" alarm for 0 hours, 0 minutes, 10 seconds
[ Info: TickTock: "TickTock alarm" alarm for 0 hours, 0 minutes, 5 seconds
[ Info:          4.440072055s: 4 seconds, 440 milliseconds
[ Info:  started timer at: 2020-04-08T13:43:29.227
[ Info:  started timer at: 2020-04-08T13:43:29.285
[ Info:  started timer at: 2020-04-08T13:43:29.335
[ Info:          0.007339445s: 7 milliseconds
Make 10 timers
[ Info:  started timer at: 2020-04-08T13:43:29.364
[ Info:  started timer at: 2020-04-08T13:43:30.366
[ Info:  started timer at: 2020-04-08T13:43:31.369
[ Info:  started timer at: 2020-04-08T13:43:32.371
[ Info:  started timer at: 2020-04-08T13:43:33.373
[ Info: TickTock alarm
This is an alarm. Do not be alarmed.
[ Info:          5.051879864s: 5 seconds, 51 milliseconds
[ Info:  started timer at: 2020-04-08T13:43:34.375
[ Info:  started timer at: 2020-04-08T13:43:35.377
[ Info:  started timer at: 2020-04-08T13:43:36.379
[ Info:  started timer at: 2020-04-08T13:43:37.381
[ Info:  started timer at: 2020-04-08T13:43:38.384
[ Info: TickTock alarm
test alarm has fired
[ Info:         10.112547519s: 10 seconds, 112 milliseconds
Check that there are 10 timers
wait a second
Print all the timers
10        [ Info:          2.026077775s: 2 seconds, 26 milliseconds
9         [ Info:            3.0286282s: 3 seconds, 28 milliseconds
8         [ Info:          4.030347285s: 4 seconds, 30 milliseconds
7         [ Info:          5.032795986s: 5 seconds, 32 milliseconds
6         [ Info:          6.035140333s: 6 seconds, 35 milliseconds
5         [ Info:          7.036565098s: 7 seconds, 36 milliseconds
4         [ Info:          8.038636433s: 8 seconds, 38 milliseconds
3         [ Info:          9.040987532s: 9 seconds, 40 milliseconds
2         [ Info:         10.043314326s: 10 seconds, 43 milliseconds
1         [ Info:         11.045587422s: 11 seconds, 45 milliseconds
Check that the most recent timer is more than 1 second
  2.045524883
Finish 10 timers and show canonical
[ Info:          2.983514275s: 2 seconds, 983 milliseconds
[ Info:          3.986856919s: 3 seconds, 986 milliseconds
[ Info:          4.988765154s: 4 seconds, 988 milliseconds
[ Info:          5.991497819s: 5 seconds, 991 milliseconds
[ Info:          6.994111032s: 6 seconds, 994 milliseconds
[ Info:          7.995787631s: 7 seconds, 995 milliseconds
[ Info:          8.998136722s: 8 seconds, 998 milliseconds
[ Info:         10.000738158s: 10 seconds
[ Info:         11.003300852s: 11 seconds, 3 milliseconds
[ Info:         12.005818659s: 12 seconds, 5 milliseconds
    Testing TickTock tests passed 
