Running tests with Julia v1.3.1-pre.12
   Cloning default registries into `~/.julia`
   Cloning registry from "https://github.com/JuliaRegistries/General.git"
[?25l    Fetching: [>                                        ]  0.0 %    Fetching: [============>                            ]  29.8 %    Fetching: [=============================>           ]  72.3 %[2K[?25h     Added registry `General` to `~/.julia/registries/General`
 Resolving package versions...
 Installed URIParser ────────── v0.4.0
 Installed Compat ───────────── v2.2.0
 Installed JLD ──────────────── v0.9.1
 Installed WriteVTK ─────────── v1.2.2
 Installed OrderedCollections ─ v1.1.0
 Installed HDF5 ─────────────── v0.12.5
 Installed BinDeps ──────────── v0.8.10
 Installed FEHM ─────────────── v0.2.0
 Installed CodecZlib ────────── v0.6.0
 Installed TranscodingStreams ─ v0.9.5
 Installed DocumentFunction ─── v0.6.0
 Installed CMake ────────────── v1.1.2
 Installed Blosc ────────────── v0.5.1
 Installed LightXML ─────────── v0.8.1
 Installed JLD2 ─────────────── v0.1.9
 Installed FileIO ───────────── v1.1.0
 Installed CMakeWrapper ─────── v0.2.3
 Installed DataStructures ───── v0.17.6
 Installed Parameters ───────── v0.12.0
 Installed LegacyStrings ────── v0.4.1
 Installed BinaryProvider ───── v0.5.8
  Updating `~/.julia/environments/v1.3/Project.toml`
  [08f7bda6] + FEHM v0.2.0
  Updating `~/.julia/environments/v1.3/Manifest.toml`
  [9e28174c] + BinDeps v0.8.10
  [b99e7846] + BinaryProvider v0.5.8
  [a74b3585] + Blosc v0.5.1
  [631607c0] + CMake v1.1.2
  [d5fb7624] + CMakeWrapper v0.2.3
  [944b1d66] + CodecZlib v0.6.0
  [34da2185] + Compat v2.2.0
  [864edb3b] + DataStructures v0.17.6
  [e1f3b4f0] + DocumentFunction v0.6.0
  [08f7bda6] + FEHM v0.2.0
  [5789e2e9] + FileIO v1.1.0
  [f67ccb44] + HDF5 v0.12.5
  [4138dd39] + JLD v0.9.1
  [033835bb] + JLD2 v0.1.9
  [1b4a561d] + LegacyStrings v0.4.1
  [9c8b4983] + LightXML v0.8.1
  [bac558e1] + OrderedCollections v1.1.0
  [d96e819e] + Parameters v0.12.0
  [3bb67fe8] + TranscodingStreams v0.9.5
  [30578b45] + URIParser v0.4.0
  [64499a7a] + WriteVTK v1.2.2
  [2a0f44e3] + Base64 
  [ade2ca70] + Dates 
  [8bb1440f] + DelimitedFiles 
  [8ba89e20] + Distributed 
  [b77e0a4c] + InteractiveUtils 
  [76f85450] + LibGit2 
  [8f399da3] + Libdl 
  [37e2e46d] + LinearAlgebra 
  [56ddb016] + Logging 
  [d6f4376e] + Markdown 
  [a63ad114] + Mmap 
  [44cfe95a] + Pkg 
  [de0858da] + Printf 
  [9abbd945] + Profile 
  [3fa0cd96] + REPL 
  [9a3f8284] + Random 
  [ea8e919c] + SHA 
  [9e88b42a] + Serialization 
  [1a1011a3] + SharedArrays 
  [6462fe0b] + Sockets 
  [2f01184e] + SparseArrays 
  [10745b16] + Statistics 
  [8dfed614] + Test 
  [cf7118a7] + UUIDs 
  [4ec0a83e] + Unicode 
  Building CMake ────→ `~/.julia/packages/CMake/nSK2r/deps/build.log`
  Building Blosc ────→ `~/.julia/packages/Blosc/lzFr0/deps/build.log`
  Building HDF5 ─────→ `~/.julia/packages/HDF5/Zh9on/deps/build.log`
  Building CodecZlib → `~/.julia/packages/CodecZlib/5t9zO/deps/build.log`
  Building LightXML ─→ `~/.julia/packages/LightXML/W8FVT/deps/build.log`
   Testing FEHM
    Status `/tmp/jl_0obzFO/Manifest.toml`
  [9e28174c] BinDeps v0.8.10
  [b99e7846] BinaryProvider v0.5.8
  [a74b3585] Blosc v0.5.1
  [631607c0] CMake v1.1.2
  [d5fb7624] CMakeWrapper v0.2.3
  [944b1d66] CodecZlib v0.6.0
  [34da2185] Compat v2.2.0
  [864edb3b] DataStructures v0.17.6
  [e1f3b4f0] DocumentFunction v0.6.0
  [08f7bda6] FEHM v0.2.0
  [5789e2e9] FileIO v1.1.0
  [f67ccb44] HDF5 v0.12.5
  [4138dd39] JLD v0.9.1
  [033835bb] JLD2 v0.1.9
  [1b4a561d] LegacyStrings v0.4.1
  [9c8b4983] LightXML v0.8.1
  [bac558e1] OrderedCollections v1.1.0
  [d96e819e] Parameters v0.12.0
  [3bb67fe8] TranscodingStreams v0.9.5
  [30578b45] URIParser v0.4.0
  [64499a7a] WriteVTK v1.2.2
  [2a0f44e3] Base64  [`@stdlib/Base64`]
  [ade2ca70] Dates  [`@stdlib/Dates`]
  [8bb1440f] DelimitedFiles  [`@stdlib/DelimitedFiles`]
  [8ba89e20] Distributed  [`@stdlib/Distributed`]
  [b77e0a4c] InteractiveUtils  [`@stdlib/InteractiveUtils`]
  [76f85450] LibGit2  [`@stdlib/LibGit2`]
  [8f399da3] Libdl  [`@stdlib/Libdl`]
  [37e2e46d] LinearAlgebra  [`@stdlib/LinearAlgebra`]
  [56ddb016] Logging  [`@stdlib/Logging`]
  [d6f4376e] Markdown  [`@stdlib/Markdown`]
  [a63ad114] Mmap  [`@stdlib/Mmap`]
  [44cfe95a] Pkg  [`@stdlib/Pkg`]
  [de0858da] Printf  [`@stdlib/Printf`]
  [9abbd945] Profile  [`@stdlib/Profile`]
  [3fa0cd96] REPL  [`@stdlib/REPL`]
  [9a3f8284] Random  [`@stdlib/Random`]
  [ea8e919c] SHA  [`@stdlib/SHA`]
  [9e88b42a] Serialization  [`@stdlib/Serialization`]
  [1a1011a3] SharedArrays  [`@stdlib/SharedArrays`]
  [6462fe0b] Sockets  [`@stdlib/Sockets`]
  [2f01184e] SparseArrays  [`@stdlib/SparseArrays`]
  [10745b16] Statistics  [`@stdlib/Statistics`]
  [8dfed614] Test  [`@stdlib/Test`]
  [cf7118a7] UUIDs  [`@stdlib/UUIDs`]
  [4ec0a83e] Unicode  [`@stdlib/Unicode`]
ERROR: LoadError: syntax: invalid escape sequence
Stacktrace:
 [1] top-level scope at /home/pkgeval/.julia/packages/FEHM/BD5wp/src/FEHM.jl:139
 [2] include at ./boot.jl:328 [inlined]
 [3] include_relative(::Module, ::String) at ./loading.jl:1105
 [4] include(::Module, ::String) at ./Base.jl:31
 [5] top-level scope at none:2
 [6] eval at ./boot.jl:330 [inlined]
 [7] eval(::Expr) at ./client.jl:425
 [8] top-level scope at ./none:3
in expression starting at /home/pkgeval/.julia/packages/FEHM/BD5wp/src/FEHM.jl:139
ERROR: LoadError: Failed to precompile FEHM [08f7bda6-d19a-5869-bd1c-a698fdb2a278] to /home/pkgeval/.julia/compiled/v1.3/FEHM/xluHv_jiyeT.ji.
Stacktrace:
 [1] error(::String) at ./error.jl:33
 [2] compilecache(::Base.PkgId, ::String) at ./loading.jl:1283
 [3] _require(::Base.PkgId) at ./loading.jl:1024
 [4] require(::Base.PkgId) at ./loading.jl:922
 [5] require(::Module, ::Symbol) at ./loading.jl:917
 [6] include at ./boot.jl:328 [inlined]
 [7] include_relative(::Module, ::String) at ./loading.jl:1105
 [8] include(::Module, ::String) at ./Base.jl:31
 [9] include(::String) at ./client.jl:424
 [10] top-level scope at none:6
in expression starting at /home/pkgeval/.julia/packages/FEHM/BD5wp/test/runtests.jl:1
ERROR: Package FEHM errored during testing
Stacktrace:
 [1] pkgerror(::String, ::Vararg{String,N} where N) at /workspace/srcdir/julia/usr/share/julia/stdlib/v1.3/Pkg/src/Types.jl:113
 [2] #test#131(::Bool, ::Nothing, ::Cmd, ::Cmd, ::typeof(Pkg.Operations.test), ::Pkg.Types.Context, ::Array{Pkg.Types.PackageSpec,1}) at /workspace/srcdir/julia/usr/share/julia/stdlib/v1.3/Pkg/src/Operations.jl:1370
 [3] #test at ./none:0 [inlined]
 [4] #test#62(::Bool, ::Nothing, ::Cmd, ::Cmd, ::Base.Iterators.Pairs{Union{},Union{},Tuple{},NamedTuple{(),Tuple{}}}, ::typeof(Pkg.API.test), ::Pkg.Types.Context, ::Array{Pkg.Types.PackageSpec,1}) at /workspace/srcdir/julia/usr/share/julia/stdlib/v1.3/Pkg/src/API.jl:253
 [5] test(::Pkg.Types.Context, ::Array{Pkg.Types.PackageSpec,1}) at /workspace/srcdir/julia/usr/share/julia/stdlib/v1.3/Pkg/src/API.jl:239
 [6] #test#61 at /workspace/srcdir/julia/usr/share/julia/stdlib/v1.3/Pkg/src/API.jl:233 [inlined]
 [7] test at /workspace/srcdir/julia/usr/share/julia/stdlib/v1.3/Pkg/src/API.jl:233 [inlined]
 [8] #test#60 at /workspace/srcdir/julia/usr/share/julia/stdlib/v1.3/Pkg/src/API.jl:232 [inlined]
 [9] test at /workspace/srcdir/julia/usr/share/julia/stdlib/v1.3/Pkg/src/API.jl:232 [inlined]
 [10] #test#59(::Base.Iterators.Pairs{Union{},Union{},Tuple{},NamedTuple{(),Tuple{}}}, ::typeof(Pkg.API.test), ::String) at /workspace/srcdir/julia/usr/share/julia/stdlib/v1.3/Pkg/src/API.jl:231
 [11] test(::String) at /workspace/srcdir/julia/usr/share/julia/stdlib/v1.3/Pkg/src/API.jl:231
 [12] top-level scope at none:12
