Current time is 2020-10-25T21:00:35.06
Julia Version 1.5.3-pre.0
Commit 5905edebb1 (2020-09-24 05:09 UTC)
Platform Info:
  OS: Linux (x86_64-pc-linux-gnu)
  CPU: AMD EPYC 7502 32-Core Processor
  WORD_SIZE: 64
  LIBM: libopenlibm
  LLVM: libLLVM-9.0.1 (ORCJIT, znver2)
Environment:
  JULIA_DEPOT_PATH = ::/usr/local/share/julia
  JULIA_NUM_THREADS = 2
  JULIA_MAX_NUM_PRECOMPILE_FILES = 9223372036854775807
  JULIA_PKG_SERVER = 

Starting installation at 2020-10-25T21:00:38.033
  Resolving package versions...
  Installed AbstractFFTs ─ v0.5.0
  Installed Adapt ──────── v2.3.0
  Installed GPUArrays ──── v6.1.0
Updating `~/.julia/environments/v1.5/Project.toml`
  [0c68f7d7] + GPUArrays v6.1.0
Updating `~/.julia/environments/v1.5/Manifest.toml`
  [621f4979] + AbstractFFTs v0.5.0
  [79e6a3ab] + Adapt v2.3.0
  [0c68f7d7] + GPUArrays v6.1.0
  [8f399da3] + Libdl
  [37e2e46d] + LinearAlgebra
  [de0858da] + Printf
  [9a3f8284] + Random
  [9e88b42a] + Serialization
  [4ec0a83e] + Unicode
Starting tests at 2020-10-25T21:00:41.95
    Testing GPUArrays
Status `/tmp/jl_o5Zgc6/Project.toml`
  [621f4979] AbstractFFTs v0.5.0
  [79e6a3ab] Adapt v2.3.0
  [1a297f60] FillArrays v0.10.0
  [0c68f7d7] GPUArrays v6.1.0
  [37e2e46d] LinearAlgebra
  [de0858da] Printf
  [9a3f8284] Random
  [9e88b42a] Serialization
  [8dfed614] Test
Status `/tmp/jl_o5Zgc6/Manifest.toml`
  [621f4979] AbstractFFTs v0.5.0
  [79e6a3ab] Adapt v2.3.0
  [1a297f60] FillArrays v0.10.0
  [0c68f7d7] GPUArrays v6.1.0
  [2a0f44e3] Base64
  [8ba89e20] Distributed
  [b77e0a4c] InteractiveUtils
  [8f399da3] Libdl
  [37e2e46d] LinearAlgebra
  [56ddb016] Logging
  [d6f4376e] Markdown
  [de0858da] Printf
  [9a3f8284] Random
  [9e88b42a] Serialization
  [6462fe0b] Sockets
  [2f01184e] SparseArrays
  [8dfed614] Test
  [4ec0a83e] Unicode
Test Summary: | Pass  Total
JLArray       | 2818   2818
Test Summary: | Pass  Total
Array         | 2796   2796
    Testing GPUArrays tests passed 
Finished at 2020-10-25T21:07:46.538
