Julia Version 1.4.2-pre.0
Commit ef4fe83698 (2020-04-15 16:24 UTC)
Platform Info:
  OS: Linux (x86_64-linux-gnu)
  CPU: Intel(R) Xeon(R) Silver 4114 CPU @ 2.20GHz
  WORD_SIZE: 64
  LIBM: libopenlibm
  LLVM: libLLVM-8.0.1 (ORCJIT, skylake)
Environment:
  JULIA_DEPOT_PATH = ::/usr/local/share/julia
  JULIA_NUM_THREADS = 2

  Resolving package versions...
  Installed NODAL ─ v0.4.0
   Updating `~/.julia/environments/v1.4/Project.toml`
  [44063525] + NODAL v0.4.0
   Updating `~/.julia/environments/v1.4/Manifest.toml`
  [44063525] + NODAL v0.4.0
  [2a0f44e3] + Base64 
  [8ba89e20] + Distributed 
  [b77e0a4c] + InteractiveUtils 
  [8f399da3] + Libdl 
  [37e2e46d] + LinearAlgebra 
  [56ddb016] + Logging 
  [d6f4376e] + Markdown 
  [de0858da] + Printf 
  [9a3f8284] + Random 
  [9e88b42a] + Serialization 
  [6462fe0b] + Sockets 
  [2f01184e] + SparseArrays 
  [10745b16] + Statistics 
  [8dfed614] + Test 
  [4ec0a83e] + Unicode 
    Testing NODAL
Status `/tmp/jl_ohMasy/Manifest.toml`
  [44063525] NODAL v0.4.0
  [2a0f44e3] Base64 
  [8ba89e20] Distributed 
  [b77e0a4c] InteractiveUtils 
  [8f399da3] Libdl 
  [37e2e46d] LinearAlgebra 
  [56ddb016] Logging 
  [d6f4376e] Markdown 
  [de0858da] Printf 
  [9a3f8284] Random 
  [9e88b42a] Serialization 
  [6462fe0b] Sockets 
  [2f01184e] SparseArrays 
  [10745b16] Statistics 
  [8dfed614] Test 
  [4ec0a83e] Unicode 
Test Summary:   | Pass  Total
NumberParameter |   86     86
    [EnumParameter]
    name   : test
    current: test
    values : 
    [EnumParameter]
    name   : test
    current: test
    values : 
    [StringParameter]
    name : test
    value: "a"
    ***
    [StringParameter]
    name : test
    value: "b"
    ***
    [EnumParameter]
    name   : test
    current: test
    values : 
    [StringParameter]
    name : test
    value: "c"
Test Summary: | Pass  Total
EnumParameter |   37     37
    [PermutationParameter]
    name : test
    value: [1, 2, 3, 4, 5, 6]
    size : 6
    [PermutationParameter]
    name : test
    value: [2, 1, 3, 4, 5, 6]
    size : 6
    [PermutationParameter]
    name : test
    value: [2, 1, 3, 4, 5, 6]
    size : 6
    [PermutationParameter]
    name : test
    value: [5, 1, 2, 4, 3, 6]
    size : 6
    [PermutationParameter]
    name : test
    value: [1, 2, 3, 4, 5, 6]
    size : 6
    [PermutationParameter]
    name : test
    value: [2, 4, 5, 1, 6, 3]
    size : 6
Test Summary:        | Pass  Total
PermutationParameter |    9      9
Test Summary:   | Pass  Total
StringParameter |    6      6
    [BoolParameter]
    name : test
    value: true
Test Summary: | Pass  Total
BoolParameter |    6      6
  [Configuration]
  name      : test
  parameters:
    [NumberParameter]
    name : i0
    min  : 1.000000
    max  : 38.000000
    value: 3.000000
    ***
    [NumberParameter]
    name : i3
    min  : 2.330000
    max  : 85.330000
    value: 22.200000
    ***
    [NumberParameter]
    name : i1
    min  : 4.000000
    max  : 66.000000
    value: 55.000000
    ***
    [StringParameter]
    name : i2
    value: "value"

Test Summary: | Pass  Total
Configuration |   27     27
Test Summary: | Pass  Total
Run           |    1      1
[Result]
Cost              : 1.0
Found in Iteration: 1
Current Iteration : 7
Technique         : Initialize
Function Calls    : 1
  ***
[Result]
Cost              : 0.4661987599056442
Found in Iteration: 51
Current Iteration : 101
Technique         : Simulated Annealing
Function Calls    : 51
  ***
[Result]
Cost              : 0.42379866490301554
Found in Iteration: 101
Current Iteration : 201
Technique         : Simulated Annealing
Function Calls    : 101
  ***
[Result]
Cost              : 0.4209602431824923
Found in Iteration: 201
Current Iteration : 307
Technique         : Simulated Annealing
Function Calls    : 201
  ***
[Result]
Cost              : 0.4209602431824923
Found in Iteration: 201
Current Iteration : 407
Technique         : Simulated Annealing
Function Calls    : 201
  ***
[Result]
Cost              : 0.4209602431824923
Found in Iteration: 201
Current Iteration : 507
Technique         : Simulated Annealing
Function Calls    : 201
  ***
[Result]
Cost              : 0.4209602431824923
Found in Iteration: 201
Current Iteration : 601
Technique         : Simulated Annealing
Function Calls    : 201
  ***
[Result]
Cost              : 0.33785651780624004
Found in Iteration: 601
Current Iteration : 701
Technique         : Simulated Annealing
Function Calls    : 601
  ***
[Result]
Cost              : 0.31960682814608254
Found in Iteration: 751
Current Iteration : 807
Technique         : Simulated Annealing
Function Calls    : 751
  ***
[Result]
Cost              : 0.31960682814608254
Found in Iteration: 751
Current Iteration : 907
Technique         : Simulated Annealing
Function Calls    : 751
  ***
[Result]
Cost              : 0.31960682814608254
Found in Iteration: 751
Current Iteration : 1007
Technique         : Simulated Annealing
Function Calls    : 751
  ***
[bioFinal Result]
Cost                  : 0.31960682814608254
Found in Iteration    : 751
Current Iteration     : 1080
Technique             : Simulated Annealing
Function Calls        : 751
Starting Configuration:
  [Configuration]
  name      : rosenbrock_config
  parameters:
    [NumberParameter]
    name : i0
    min  : -2.000000
    max  : 2.000000
    value: 0.435401
    ***
    [NumberParameter]
    name : i1
    min  : -2.000000
    max  : 2.000000
    value: 0.192462
Minimum Configuration :
  [Configuration]
  name      : rosenbrock_config
  parameters:
    [NumberParameter]
    name : i0
    min  : -2.000000
    max  : 2.000000
    value: 0.435401
    ***
    [NumberParameter]
    name : i1
    min  : -2.000000
    max  : 2.000000
    value: 0.192462
0.31960682814608254
Test Summary: | Pass  Total
Search        |    3      3
[Result]
Cost              : 1.0
Found in Iteration: 1
Current Iteration : 7
Technique         : Initialize
Function Calls    : 1
  ***
[Result]
Cost              : 1.0
Found in Iteration: 1
Current Iteration : 8254
Technique         : Initialize
Function Calls    : 1
  ***
[Result]
Cost              : 1.0
Found in Iteration: 1
Current Iteration : 24685
Technique         : Initialize
Function Calls    : 1
  ***
[Result]
Cost              : 0.0009890828722753742
Found in Iteration: 9
Current Iteration : 43867
Technique         : Iterative First Improvement
Function Calls    : 18489
  ***
[Result]
Cost              : 0.0009890828722753742
Found in Iteration: 9
Current Iteration : 61635
Technique         : Iterative First Improvement
Function Calls    : 18489
  ***
[Result]
Cost              : 0.0001274296752136783
Found in Iteration: 11
Current Iteration : 79315
Technique         : Iterative First Improvement
Function Calls    : 32132
  ***
[Result]
Cost              : 0.0001274296752136783
Found in Iteration: 11
Current Iteration : 97479
Technique         : Iterative First Improvement
Function Calls    : 32132
  ***
[Result]
Cost              : 0.0001274296752136783
Found in Iteration: 11
Current Iteration : 112291
Technique         : Iterative First Improvement
Function Calls    : 32132
  ***
[bioFinal Result]
Cost                  : 0.0001274296752136783
Found in Iteration    : 11
Current Iteration     : 130330
Technique             : Iterative First Improvement
Function Calls        : 32132
Starting Configuration:
  [Configuration]
  name      : rosenbrock_config
  parameters:
    [NumberParameter]
    name : i0
    min  : -2.000000
    max  : 2.000000
    value: 1.011074
    ***
    [NumberParameter]
    name : i1
    min  : -2.000000
    max  : 2.000000
    value: 1.022489
Minimum Configuration :
  [Configuration]
  name      : rosenbrock_config
  parameters:
    [NumberParameter]
    name : i0
    min  : -2.000000
    max  : 2.000000
    value: 1.011074
    ***
    [NumberParameter]
    name : i1
    min  : -2.000000
    max  : 2.000000
    value: 1.022489
0.0001274296752136783
Test Summary: | Pass  Total
Search        |    3      3
[Result]
Cost              : 1.0
Found in Iteration: 1
Current Iteration : 7
Technique         : Initialize
Function Calls    : 1
  ***
[Result]
Cost              : 0.28109697037968284
Found in Iteration: 9387
Current Iteration : 37777
Technique         : Iterative Probabilistic Improvement
Function Calls    : 9387
  ***
[Result]
Cost              : 0.28109697037968284
Found in Iteration: 9387
Current Iteration : 84378
Technique         : Iterative Probabilistic Improvement
Function Calls    : 9387
  ***
[Result]
Cost              : 0.011159512868194955
Found in Iteration: 42633
Current Iteration : 148201
Technique         : Iterative Probabilistic Improvement
Function Calls    : 42633
  ***
[Result]
Cost              : 0.011159512868194955
Found in Iteration: 42633
Current Iteration : 204594
Technique         : Iterative Probabilistic Improvement
Function Calls    : 42633
  ***
[Result]
Cost              : 0.011159512868194955
Found in Iteration: 42633
Current Iteration : 261137
Technique         : Iterative Probabilistic Improvement
Function Calls    : 42633
  ***
[bioFinal Result]
Cost                  : 0.011159512868194955
Found in Iteration    : 42633
Current Iteration     : 320846
Technique             : Iterative Probabilistic Improvement
Function Calls        : 42633
Starting Configuration:
  [Configuration]
  name      : rosenbrock_config
  parameters:
    [NumberParameter]
    name : i0
    min  : -2.000000
    max  : 2.000000
    value: 0.961122
    ***
    [NumberParameter]
    name : i1
    min  : -2.000000
    max  : 2.000000
    value: 0.933578
Minimum Configuration :
  [Configuration]
  name      : rosenbrock_config
  parameters:
    [NumberParameter]
    name : i0
    min  : -2.000000
    max  : 2.000000
    value: 0.961122
    ***
    [NumberParameter]
    name : i1
    min  : -2.000000
    max  : 2.000000
    value: 0.933578
0.011159512868194955
Test Summary: | Pass  Total
Search        |    3      3
[Result]
Cost              : 1.0
Found in Iteration: 1
Current Iteration : 7
Technique         : Initialize
Function Calls    : 1
  ***
[Result]
Cost              : 1.0
Found in Iteration: 1
Current Iteration : 84151
Technique         : Initialize
Function Calls    : 1
  ***
[Result]
Cost              : 1.0
Found in Iteration: 1
Current Iteration : 167683
Technique         : Initialize
Function Calls    : 1
  ***
[Result]
Cost              : 0.0019814483068730853
Found in Iteration: 2249
Current Iteration : 256376
Technique         : Randomized First Improvement
Function Calls    : 99760
  ***
[Result]
Cost              : 0.0019814483068730853
Found in Iteration: 2249
Current Iteration : 340187
Technique         : Randomized First Improvement
Function Calls    : 99760
  ***
[Result]
Cost              : 0.0019814483068730853
Found in Iteration: 2249
Current Iteration : 421121
Technique         : Randomized First Improvement
Function Calls    : 99760
  ***
[bioFinal Result]
Cost                  : 0.0019814483068730853
Found in Iteration    : 2249
Current Iteration     : 501590
Technique             : Randomized First Improvement
Function Calls        : 99760
Starting Configuration:
  [Configuration]
  name      : rosenbrock_config
  parameters:
    [NumberParameter]
    name : i0
    min  : -2.000000
    max  : 2.000000
    value: 0.946520
    ***
    [NumberParameter]
    name : i1
    min  : -2.000000
    max  : 2.000000
    value: 0.897836
Minimum Configuration :
  [Configuration]
  name      : rosenbrock_config
  parameters:
    [NumberParameter]
    name : i0
    min  : -2.000000
    max  : 2.000000
    value: 0.999173
    ***
    [NumberParameter]
    name : i1
    min  : -2.000000
    max  : 2.000000
    value: 1.002798
0.0019814483068730853
Test Summary: | Pass  Total
Search        |    3      3
[Result]
Cost              : 1.0
Found in Iteration: 1
Current Iteration : 7
Technique         : Initialize
Function Calls    : 1
  ***
[Result]
Cost              : 1.0
Found in Iteration: 1
Current Iteration : 263017
Technique         : Initialize
Function Calls    : 1
  ***
[Result]
Cost              : 1.0
Found in Iteration: 1
Current Iteration : 611223
Technique         : Initialize
Function Calls    : 1
  ***
[bioFinal Result]
Cost                  : 1.0
Found in Iteration    : 1
Current Iteration     : 968918
Technique             : Initialize
Function Calls        : 1
Starting Configuration:
  [Configuration]
  name      : rosenbrock_config
  parameters:
    [NumberParameter]
    name : i0
    min  : -2.000000
    max  : 2.000000
    value: 0.000000
    ***
    [NumberParameter]
    name : i1
    min  : -2.000000
    max  : 2.000000
    value: 0.000000
Minimum Configuration :
  [Configuration]
  name      : rosenbrock_config
  parameters:
    [NumberParameter]
    name : i0
    min  : -2.000000
    max  : 2.000000
    value: 0.000000
    ***
    [NumberParameter]
    name : i1
    min  : -2.000000
    max  : 2.000000
    value: 0.000000
1.0
Test Summary: | Pass  Total
Search        |    3      3
[Result]
Cost              : 1.0
Found in Iteration: 1
Current Iteration : 7
Technique         : Initialize
Function Calls    : 1
  ***
[Result]
Cost              : 1.0
Found in Iteration: 1
Current Iteration : 54452
Technique         : Initialize
Function Calls    : 1
  ***
[Result]
Cost              : 1.0
Found in Iteration: 1
Current Iteration : 116051
Technique         : Initialize
Function Calls    : 1
  ***
[bioFinal Result]
Cost                  : 1.0
Found in Iteration    : 1
Current Iteration     : 176882
Technique             : Initialize
Function Calls        : 1
Starting Configuration:
  [Configuration]
  name      : rosenbrock_config
  parameters:
    [NumberParameter]
    name : i0
    min  : -2.000000
    max  : 2.000000
    value: 0.000000
    ***
    [NumberParameter]
    name : i1
    min  : -2.000000
    max  : 2.000000
    value: 0.000000
Minimum Configuration :
  [Configuration]
  name      : rosenbrock_config
  parameters:
    [NumberParameter]
    name : i0
    min  : -2.000000
    max  : 2.000000
    value: 0.000000
    ***
    [NumberParameter]
    name : i1
    min  : -2.000000
    max  : 2.000000
    value: 0.000000
1.0
Test Summary: | Pass  Total
Search        |    3      3
Test Summary: | Pass  Total
unit_value    |    6      6
    Testing NODAL tests passed 
