Julia Version 1.3.2-pre.0
Commit 2e6715c045 (2019-12-31 00:49 UTC)
Platform Info:
  OS: Linux (x86_64-linux-gnu)
  CPU: Intel(R) Xeon(R) Silver 4114 CPU @ 2.20GHz
  WORD_SIZE: 64
  LIBM: libopenlibm
  LLVM: libLLVM-6.0.1 (ORCJIT, skylake)
Environment:
  JULIA_DEPOT_PATH = ::/usr/local/share/julia
  JULIA_NUM_THREADS = 2

 Resolving package versions...
 Installed GridInterpolations ─ v1.1.1
 Installed StaticArrays ─────── v0.12.1
  Updating `~/.julia/environments/v1.3/Project.toml`
  [bb4c363b] + GridInterpolations v1.1.1
  Updating `~/.julia/environments/v1.3/Manifest.toml`
  [bb4c363b] + GridInterpolations v1.1.1
  [90137ffa] + StaticArrays v0.12.1
  [8f399da3] + Libdl 
  [37e2e46d] + LinearAlgebra 
  [de0858da] + Printf 
  [9a3f8284] + Random 
  [9e88b42a] + Serialization 
  [2f01184e] + SparseArrays 
  [10745b16] + Statistics 
  [4ec0a83e] + Unicode 
   Testing GridInterpolations
 Resolving package versions...
 Installed Ratios ─────────── v0.3.1
 Installed OffsetArrays ───── v1.0.2
 Installed Compat ─────────── v2.2.0
 Installed WoodburyMatrices ─ v0.5.0
 Installed AxisAlgorithms ─── v1.0.0
 Installed Interpolations ─── v0.12.8
    Status `/tmp/jl_m6yceE/Manifest.toml`
  [13072b0f] AxisAlgorithms v1.0.0
  [34da2185] Compat v2.2.0
  [bb4c363b] GridInterpolations v1.1.1
  [a98d9a8b] Interpolations v0.12.8
  [6fe1bfb0] OffsetArrays v1.0.2
  [c84ed2f1] Ratios v0.3.1
  [90137ffa] StaticArrays v0.12.1
  [efce3f68] WoodburyMatrices v0.5.0
  [2a0f44e3] Base64  [`@stdlib/Base64`]
  [ade2ca70] Dates  [`@stdlib/Dates`]
  [8bb1440f] DelimitedFiles  [`@stdlib/DelimitedFiles`]
  [8ba89e20] Distributed  [`@stdlib/Distributed`]
  [b77e0a4c] InteractiveUtils  [`@stdlib/InteractiveUtils`]
  [76f85450] LibGit2  [`@stdlib/LibGit2`]
  [8f399da3] Libdl  [`@stdlib/Libdl`]
  [37e2e46d] LinearAlgebra  [`@stdlib/LinearAlgebra`]
  [56ddb016] Logging  [`@stdlib/Logging`]
  [d6f4376e] Markdown  [`@stdlib/Markdown`]
  [a63ad114] Mmap  [`@stdlib/Mmap`]
  [44cfe95a] Pkg  [`@stdlib/Pkg`]
  [de0858da] Printf  [`@stdlib/Printf`]
  [3fa0cd96] REPL  [`@stdlib/REPL`]
  [9a3f8284] Random  [`@stdlib/Random`]
  [ea8e919c] SHA  [`@stdlib/SHA`]
  [9e88b42a] Serialization  [`@stdlib/Serialization`]
  [1a1011a3] SharedArrays  [`@stdlib/SharedArrays`]
  [6462fe0b] Sockets  [`@stdlib/Sockets`]
  [2f01184e] SparseArrays  [`@stdlib/SparseArrays`]
  [10745b16] Statistics  [`@stdlib/Statistics`]
  [8dfed614] Test  [`@stdlib/Test`]
  [cf7118a7] UUIDs  [`@stdlib/UUIDs`]
  [4ec0a83e] Unicode  [`@stdlib/Unicode`]
Test Summary: | Pass  Total
Comparisons   |    2      2
Test Summary: | Pass  Total
Magic         |    1      1
Test Summary: | Pass  Total
Repr          |    1      1
Test Summary: | Pass  Total
Counter       |    1      1
Test Summary: | Pass  Total
Mask          |    3      3
Test Summary: | Pass  Total
Duplicates    |    2      2
Test Summary: | Pass  Total
Rect Impl     |   17     17
Test Summary: | Pass  Total
Simplex Impl  |   19     19
Test Summary: | Pass  Total
Ordering      |   24     24
Test Summary: | Pass  Total
NaN           |    1      1
Test Summary:          | Pass  Total
Iteration and Indexing |   27     27
1000 interpolations of 6 dimensions with 15 cut points per dimension:
  Rectangle required 0.022060300079999987 +/- 0.006220366438817152 sec
  Simplex   required 0.003406893975999999 +/- 0.010731624942591883 sec
How large is the simplex grid speed up over the multilinear grid?
  limiting to 2 dimensions and therefore 316 points per dim:
    mean speed: 0.0023826398666666666, std dev: 0.0007887815152958887
  limiting to 3 dimensions and therefore 46 points per dim:
    mean speed: 0.0025758779, std dev: 0.0011139248729888694
  limiting to 4 dimensions and therefore 18 points per dim:
    mean speed: 0.0029133346000000007, std dev: 0.000943709805860138
  limiting to 5 dimensions and therefore 10 points per dim:
    mean speed: 0.0030671194333333333, std dev: 0.000863147676663962
100 interpolations of 4 dimensions with 10 cut points per dimension:
  Rectangle required 0.025751262089999994 +/- 0.005995823717731246 sec
  Simplex   required 0.0023858619900000012 +/- 0.001493020341674533 sec
All tests complete
   Testing GridInterpolations tests passed 
