Julia Version 1.3.0
Commit 46ce4d7933 (2019-11-26 06:09 UTC)
Platform Info:
  OS: Linux (x86_64-pc-linux-gnu)
  CPU: Intel(R) Xeon(R) Silver 4114 CPU @ 2.20GHz
  WORD_SIZE: 64
  LIBM: libopenlibm
  LLVM: libLLVM-6.0.1 (ORCJIT, skylake)

   Cloning default registries into `~/.julia`
   Cloning registry from "https://github.com/JuliaRegistries/General.git"
[?25l    Fetching: [>                                        ]  0.0 %    Fetching: [============>                            ]  28.7 %    Fetching: [=====================>                   ]  51.6 %    Fetching: [======================================>  ]  93.9 %[2K[?25h     Added registry `General` to `~/.julia/registries/General`
 Resolving package versions...
 Installed SortingAlgorithms ────── v0.3.1
 Installed Lazy ─────────────────── v0.14.0
 Installed Arpack ───────────────── v0.4.0
 Installed QuadGK ───────────────── v2.2.0
 Installed DataStructures ───────── v0.17.6
 Installed StaticArrays ─────────── v0.12.1
 Installed BinaryProvider ───────── v0.5.8
 Installed MonteCarloMeasurements ─ v0.5.7
 Installed Missings ─────────────── v0.4.3
 Installed StatsFuns ────────────── v0.9.2
 Installed MacroTools ───────────── v0.5.3
 Installed SpecialFunctions ─────── v0.9.0
 Installed Rmath ────────────────── v0.6.0
 Installed OrderedCollections ───── v1.1.0
 Installed OpenBLAS_jll ─────────── v0.3.7+1
 Installed Distributions ────────── v0.21.11
 Installed RecipesBase ──────────── v0.7.0
 Installed Arpack_jll ───────────── v3.5.0+2
 Installed DataAPI ──────────────── v1.1.0
 Installed Polynomials ──────────── v0.6.0
 Installed Requires ─────────────── v0.5.2
 Installed PDMats ───────────────── v0.9.10
 Installed OpenSpecFun_jll ──────── v0.5.3+1
 Installed GenericLinearAlgebra ─── v0.2.1
 Installed FillArrays ───────────── v0.8.2
 Installed StatsBase ────────────── v0.32.0
  Updating `~/.julia/environments/v1.3/Project.toml`
  [0987c9cc] + MonteCarloMeasurements v0.5.7
  Updating `~/.julia/environments/v1.3/Manifest.toml`
  [7d9fca2a] + Arpack v0.4.0
  [68821587] + Arpack_jll v3.5.0+2
  [b99e7846] + BinaryProvider v0.5.8
  [9a962f9c] + DataAPI v1.1.0
  [864edb3b] + DataStructures v0.17.6
  [31c24e10] + Distributions v0.21.11
  [1a297f60] + FillArrays v0.8.2
  [14197337] + GenericLinearAlgebra v0.2.1
  [50d2b5c4] + Lazy v0.14.0
  [1914dd2f] + MacroTools v0.5.3
  [e1d29d7a] + Missings v0.4.3
  [0987c9cc] + MonteCarloMeasurements v0.5.7
  [4536629a] + OpenBLAS_jll v0.3.7+1
  [efe28fd5] + OpenSpecFun_jll v0.5.3+1
  [bac558e1] + OrderedCollections v1.1.0
  [90014a1f] + PDMats v0.9.10
  [f27b6e38] + Polynomials v0.6.0
  [1fd47b50] + QuadGK v2.2.0
  [3cdcf5f2] + RecipesBase v0.7.0
  [ae029012] + Requires v0.5.2
  [79098fc4] + Rmath v0.6.0
  [a2af1166] + SortingAlgorithms v0.3.1
  [276daf66] + SpecialFunctions v0.9.0
  [90137ffa] + StaticArrays v0.12.1
  [2913bbd2] + StatsBase v0.32.0
  [4c63d2b9] + StatsFuns v0.9.2
  [2a0f44e3] + Base64 
  [ade2ca70] + Dates 
  [8ba89e20] + Distributed 
  [b77e0a4c] + InteractiveUtils 
  [76f85450] + LibGit2 
  [8f399da3] + Libdl 
  [37e2e46d] + LinearAlgebra 
  [56ddb016] + Logging 
  [d6f4376e] + Markdown 
  [44cfe95a] + Pkg 
  [de0858da] + Printf 
  [3fa0cd96] + REPL 
  [9a3f8284] + Random 
  [ea8e919c] + SHA 
  [9e88b42a] + Serialization 
  [6462fe0b] + Sockets 
  [2f01184e] + SparseArrays 
  [10745b16] + Statistics 
  [4607b0f0] + SuiteSparse 
  [8dfed614] + Test 
  [cf7118a7] + UUIDs 
  [4ec0a83e] + Unicode 
  Building Rmath → `~/.julia/packages/Rmath/BoBag/deps/build.log`
   Testing MonteCarloMeasurements
 Resolving package versions...
 Installed PlotThemes ────────────────── v1.0.0
 Installed ExponentialUtilities ──────── v1.5.1
 Installed ForwardDiff ───────────────── v0.10.7
 Installed DocStringExtensions ───────── v0.8.1
 Installed DiffResults ───────────────── v0.0.4
 Installed ControlSystems ────────────── v0.5.3
 Installed Roots ─────────────────────── v0.8.4
 Installed Plots ─────────────────────── v0.28.2
 Installed FFTW ──────────────────────── v1.1.0
 Installed Parsers ───────────────────── v0.3.10
 Installed FunctionWrappers ──────────── v1.0.0
 Installed Compat ────────────────────── v2.2.0
 Installed IterTools ─────────────────── v1.3.0
 Installed Parameters ────────────────── v0.12.0
 Installed FixedPointNumbers ─────────── v0.6.1
 Installed TreeViews ─────────────────── v0.3.0
 Installed DSP ───────────────────────── v0.6.2
 Installed TableTraits ───────────────── v1.0.0
 Installed JSON ──────────────────────── v0.21.0
 Installed PlotUtils ─────────────────── v0.6.1
 Installed LightGraphs ───────────────── v1.3.0
 Installed Showoff ───────────────────── v0.3.1
 Installed ColorTypes ────────────────── v0.8.0
 Installed GenericSVD ────────────────── v0.2.2
 Installed CommonSubexpressions ──────── v0.2.0
 Installed NaNMath ───────────────────── v0.3.3
 Installed Adapt ─────────────────────── v1.0.0
 Installed DiffEqDiffTools ───────────── v1.5.0
 Installed DiffRules ─────────────────── v0.1.0
 Installed Colors ────────────────────── v0.9.6
 Installed ArrayInterface ────────────── v2.0.0
 Installed LaTeXStrings ──────────────── v1.0.3
 Installed OrdinaryDiffEq ────────────── v5.26.3
 Installed SparseDiffTools ───────────── v1.0.0
 Installed Conda ─────────────────────── v1.3.0
 Installed ArnoldiMethod ─────────────── v0.0.4
 Installed Inflate ───────────────────── v0.1.1
 Installed Measures ──────────────────── v0.3.0
 Installed VersionParsing ────────────── v1.1.3
 Installed MuladdMacro ───────────────── v0.2.1
 Installed IteratorInterfaceExtensions ─ v1.0.0
 Installed DiffEqBase ────────────────── v6.7.0
 Installed Contour ───────────────────── v0.5.1
 Installed GeometryTypes ─────────────── v0.7.6
 Installed SimpleTraits ──────────────── v0.9.1
 Installed VertexSafeGraphs ──────────── v0.1.0
 Installed FFMPEG ────────────────────── v0.2.4
 Installed GR ────────────────────────── v0.44.0
 Installed RecursiveFactorization ────── v0.1.0
 Installed Reexport ──────────────────── v0.2.0
 Installed RecursiveArrayTools ───────── v1.2.0
 Installed IterativeSolvers ──────────── v0.8.1
 Installed AbstractFFTs ──────────────── v0.5.0
  Building GR ────→ `~/.julia/packages/GR/oiZD3/deps/build.log`
  Building FFMPEG → `~/.julia/packages/FFMPEG/guN1x/deps/build.log`
  Building Plots ─→ `~/.julia/packages/Plots/2KhB2/deps/build.log`
  Building Conda ─→ `~/.julia/packages/Conda/kLXeC/deps/build.log`
  Building FFTW ──→ `~/.julia/packages/FFTW/loJ3F/deps/build.log`
    Status `/tmp/jl_q0Uc9q/Manifest.toml`
  [621f4979] AbstractFFTs v0.5.0
  [79e6a3ab] Adapt v1.0.0
  [ec485272] ArnoldiMethod v0.0.4
  [7d9fca2a] Arpack v0.4.0
  [68821587] Arpack_jll v3.5.0+2
  [4fba245c] ArrayInterface v2.0.0
  [b99e7846] BinaryProvider v0.5.8
  [3da002f7] ColorTypes v0.8.0
  [5ae59095] Colors v0.9.6
  [bbf7d656] CommonSubexpressions v0.2.0
  [34da2185] Compat v2.2.0
  [8f4d0f93] Conda v1.3.0
  [d38c429a] Contour v0.5.1
  [a6e380b2] ControlSystems v0.5.3
  [717857b8] DSP v0.6.2
  [9a962f9c] DataAPI v1.1.0
  [864edb3b] DataStructures v0.17.6
  [2b5f629d] DiffEqBase v6.7.0
  [01453d9d] DiffEqDiffTools v1.5.0
  [163ba53b] DiffResults v0.0.4
  [b552c78f] DiffRules v0.1.0
  [31c24e10] Distributions v0.21.11
  [ffbed154] DocStringExtensions v0.8.1
  [d4d017d3] ExponentialUtilities v1.5.1
  [c87230d0] FFMPEG v0.2.4
  [7a1cc6ca] FFTW v1.1.0
  [1a297f60] FillArrays v0.8.2
  [53c48c17] FixedPointNumbers v0.6.1
  [f6369f11] ForwardDiff v0.10.7
  [069b7b12] FunctionWrappers v1.0.0
  [28b8d3ca] GR v0.44.0
  [14197337] GenericLinearAlgebra v0.2.1
  [01680d73] GenericSVD v0.2.2
  [4d00f742] GeometryTypes v0.7.6
  [d25df0c9] Inflate v0.1.1
  [c8e1da08] IterTools v1.3.0
  [42fd0dbc] IterativeSolvers v0.8.1
  [82899510] IteratorInterfaceExtensions v1.0.0
  [682c06a0] JSON v0.21.0
  [b964fa9f] LaTeXStrings v1.0.3
  [50d2b5c4] Lazy v0.14.0
  [093fc24a] LightGraphs v1.3.0
  [1914dd2f] MacroTools v0.5.3
  [442fdcdd] Measures v0.3.0
  [e1d29d7a] Missings v0.4.3
  [0987c9cc] MonteCarloMeasurements v0.5.7
  [46d2c3a1] MuladdMacro v0.2.1
  [77ba4419] NaNMath v0.3.3
  [4536629a] OpenBLAS_jll v0.3.7+1
  [efe28fd5] OpenSpecFun_jll v0.5.3+1
  [bac558e1] OrderedCollections v1.1.0
  [1dea7af3] OrdinaryDiffEq v5.26.3
  [90014a1f] PDMats v0.9.10
  [d96e819e] Parameters v0.12.0
  [69de0a69] Parsers v0.3.10
  [ccf2f8ad] PlotThemes v1.0.0
  [995b91a9] PlotUtils v0.6.1
  [91a5bcdd] Plots v0.28.2
  [f27b6e38] Polynomials v0.6.0
  [1fd47b50] QuadGK v2.2.0
  [3cdcf5f2] RecipesBase v0.7.0
  [731186ca] RecursiveArrayTools v1.2.0
  [f2c3362d] RecursiveFactorization v0.1.0
  [189a3867] Reexport v0.2.0
  [ae029012] Requires v0.5.2
  [79098fc4] Rmath v0.6.0
  [f2b01f46] Roots v0.8.4
  [992d4aef] Showoff v0.3.1
  [699a6c99] SimpleTraits v0.9.1
  [a2af1166] SortingAlgorithms v0.3.1
  [47a9eef4] SparseDiffTools v1.0.0
  [276daf66] SpecialFunctions v0.9.0
  [90137ffa] StaticArrays v0.12.1
  [2913bbd2] StatsBase v0.32.0
  [4c63d2b9] StatsFuns v0.9.2
  [3783bdb8] TableTraits v1.0.0
  [a2a6695c] TreeViews v0.3.0
  [81def892] VersionParsing v1.1.3
  [19fa3120] VertexSafeGraphs v0.1.0
  [2a0f44e3] Base64  [`@stdlib/Base64`]
  [ade2ca70] Dates  [`@stdlib/Dates`]
  [8bb1440f] DelimitedFiles  [`@stdlib/DelimitedFiles`]
  [8ba89e20] Distributed  [`@stdlib/Distributed`]
  [b77e0a4c] InteractiveUtils  [`@stdlib/InteractiveUtils`]
  [76f85450] LibGit2  [`@stdlib/LibGit2`]
  [8f399da3] Libdl  [`@stdlib/Libdl`]
  [37e2e46d] LinearAlgebra  [`@stdlib/LinearAlgebra`]
  [56ddb016] Logging  [`@stdlib/Logging`]
  [d6f4376e] Markdown  [`@stdlib/Markdown`]
  [a63ad114] Mmap  [`@stdlib/Mmap`]
  [44cfe95a] Pkg  [`@stdlib/Pkg`]
  [de0858da] Printf  [`@stdlib/Printf`]
  [3fa0cd96] REPL  [`@stdlib/REPL`]
  [9a3f8284] Random  [`@stdlib/Random`]
  [ea8e919c] SHA  [`@stdlib/SHA`]
  [9e88b42a] Serialization  [`@stdlib/Serialization`]
  [1a1011a3] SharedArrays  [`@stdlib/SharedArrays`]
  [6462fe0b] Sockets  [`@stdlib/Sockets`]
  [2f01184e] SparseArrays  [`@stdlib/SparseArrays`]
  [10745b16] Statistics  [`@stdlib/Statistics`]
  [4607b0f0] SuiteSparse  [`@stdlib/SuiteSparse`]
  [8dfed614] Test  [`@stdlib/Test`]
  [cf7118a7] UUIDs  [`@stdlib/UUIDs`]
  [4ec0a83e] Unicode  [`@stdlib/Unicode`]
[ Info: Running tests
[ Info: import Plots
[ Info: import Plots done
[ Info: Testing sampling
  4.323011 seconds (4.20 M allocations: 222.491 MiB, 3.82% gc time)
[ Info: Creating the first StaticParticles
[ Info: Done
[ Info: Running tests for Particles
-2.78e-17 ± 1.0
[ Info: Tests for Particles done
[ Info: Running tests for StaticParticles
-2.78e-17 ± 1.0
[ Info: Tests for StaticParticles done
[ Info: Running tests for WeightedParticles
-1.81e-17 ± 0.99
┌ Warning: std will default to corrected=true in the future. Use corrected=false for previous behaviour.
│   caller = #std#105(::Base.Iterators.Pairs{Union{},Union{},Tuple{},NamedTuple{(),Tuple{}}}, ::typeof(std), ::WeightedParticles{Float64,100}) at particles.jl:204
└ @ MonteCarloMeasurements ~/.julia/packages/MonteCarloMeasurements/RWXEI/src/particles.jl:204
┌ Warning: var will default to corrected=true in the future. Use corrected=false for previous behaviour.
│   caller = #var#104(::Base.Iterators.Pairs{Union{},Union{},Tuple{},NamedTuple{(),Tuple{}}}, ::typeof(var), ::WeightedParticles{Float64,100}) at particles.jl:204
└ @ MonteCarloMeasurements ~/.julia/packages/MonteCarloMeasurements/RWXEI/src/particles.jl:204
┌ Warning: p1 min p2 not yet fully supported for WeightedParticles
└ @ MonteCarloMeasurements ~/.julia/packages/MonteCarloMeasurements/RWXEI/src/particles.jl:174
┌ Warning: p1 max p2 not yet fully supported for WeightedParticles
└ @ MonteCarloMeasurements ~/.julia/packages/MonteCarloMeasurements/RWXEI/src/particles.jl:174
┌ Warning: cov will default to corrected=true in the future. Use corrected=false for previous behaviour.
│   caller = cov at cov.jl:98 [inlined]
└ @ Core ~/.julia/packages/StatsBase/DyWPR/src/cov.jl:98
┌ Warning: p1 add_sum p2 not yet fully supported for WeightedParticles
└ @ MonteCarloMeasurements ~/.julia/packages/MonteCarloMeasurements/RWXEI/src/particles.jl:174
┌ Warning: p1 add_sum p2 not yet fully supported for WeightedParticles
└ @ MonteCarloMeasurements ~/.julia/packages/MonteCarloMeasurements/RWXEI/src/particles.jl:174
┌ Warning: p1 + p2 not yet fully supported for WeightedParticles
└ @ MonteCarloMeasurements ~/.julia/packages/MonteCarloMeasurements/RWXEI/src/particles.jl:174
┌ Warning: p1 + p2 not yet fully supported for WeightedParticles
└ @ MonteCarloMeasurements ~/.julia/packages/MonteCarloMeasurements/RWXEI/src/particles.jl:174
┌ Warning: p1 + p2 not yet fully supported for WeightedParticles
└ @ MonteCarloMeasurements ~/.julia/packages/MonteCarloMeasurements/RWXEI/src/particles.jl:174
┌ Warning: p1 + p2 not yet fully supported for WeightedParticles
└ @ MonteCarloMeasurements ~/.julia/packages/MonteCarloMeasurements/RWXEI/src/particles.jl:174
┌ Warning: p1 + p2 not yet fully supported for WeightedParticles
└ @ MonteCarloMeasurements ~/.julia/packages/MonteCarloMeasurements/RWXEI/src/particles.jl:174
┌ Warning: p1 + p2 not yet fully supported for WeightedParticles
└ @ MonteCarloMeasurements ~/.julia/packages/MonteCarloMeasurements/RWXEI/src/particles.jl:174
┌ Warning: p1 + p2 not yet fully supported for WeightedParticles
└ @ MonteCarloMeasurements ~/.julia/packages/MonteCarloMeasurements/RWXEI/src/particles.jl:174
┌ Warning: p1 + p2 not yet fully supported for WeightedParticles
└ @ MonteCarloMeasurements ~/.julia/packages/MonteCarloMeasurements/RWXEI/src/particles.jl:174
┌ Warning: p1 + p2 not yet fully supported for WeightedParticles
└ @ MonteCarloMeasurements ~/.julia/packages/MonteCarloMeasurements/RWXEI/src/particles.jl:174
┌ Warning: p1 + p2 not yet fully supported for WeightedParticles
└ @ MonteCarloMeasurements ~/.julia/packages/MonteCarloMeasurements/RWXEI/src/particles.jl:174
┌ Warning: p1 + p2 not yet fully supported for WeightedParticles
└ @ MonteCarloMeasurements ~/.julia/packages/MonteCarloMeasurements/RWXEI/src/particles.jl:174
┌ Warning: p1 + p2 not yet fully supported for WeightedParticles
└ @ MonteCarloMeasurements ~/.julia/packages/MonteCarloMeasurements/RWXEI/src/particles.jl:174
┌ Warning: p1 + p2 not yet fully supported for WeightedParticles
└ @ MonteCarloMeasurements ~/.julia/packages/MonteCarloMeasurements/RWXEI/src/particles.jl:174
┌ Warning: p1 / p2 not yet fully supported for WeightedParticles
└ @ MonteCarloMeasurements ~/.julia/packages/MonteCarloMeasurements/RWXEI/src/particles.jl:174
┌ Warning: p1 - p2 not yet fully supported for WeightedParticles
└ @ MonteCarloMeasurements ~/.julia/packages/MonteCarloMeasurements/RWXEI/src/particles.jl:174
┌ Warning: p1 / p2 not yet fully supported for WeightedParticles
└ @ MonteCarloMeasurements ~/.julia/packages/MonteCarloMeasurements/RWXEI/src/particles.jl:174
┌ Warning: p1 / p2 not yet fully supported for WeightedParticles
└ @ MonteCarloMeasurements ~/.julia/packages/MonteCarloMeasurements/RWXEI/src/particles.jl:174
┌ Warning: p1 - p2 not yet fully supported for WeightedParticles
└ @ MonteCarloMeasurements ~/.julia/packages/MonteCarloMeasurements/RWXEI/src/particles.jl:174
┌ Warning: p1 - p2 not yet fully supported for WeightedParticles
└ @ MonteCarloMeasurements ~/.julia/packages/MonteCarloMeasurements/RWXEI/src/particles.jl:174
┌ Warning: p1 - p2 not yet fully supported for WeightedParticles
└ @ MonteCarloMeasurements ~/.julia/packages/MonteCarloMeasurements/RWXEI/src/particles.jl:174
┌ Warning: p1 - p2 not yet fully supported for WeightedParticles
└ @ MonteCarloMeasurements ~/.julia/packages/MonteCarloMeasurements/RWXEI/src/particles.jl:174
┌ Warning: p1 / p2 not yet fully supported for WeightedParticles
└ @ MonteCarloMeasurements ~/.julia/packages/MonteCarloMeasurements/RWXEI/src/particles.jl:174
┌ Warning: p1 - p2 not yet fully supported for WeightedParticles
└ @ MonteCarloMeasurements ~/.julia/packages/MonteCarloMeasurements/RWXEI/src/particles.jl:174
┌ Warning: p1 / p2 not yet fully supported for WeightedParticles
└ @ MonteCarloMeasurements ~/.julia/packages/MonteCarloMeasurements/RWXEI/src/particles.jl:174
┌ Warning: p1 / p2 not yet fully supported for WeightedParticles
└ @ MonteCarloMeasurements ~/.julia/packages/MonteCarloMeasurements/RWXEI/src/particles.jl:174
┌ Warning: p1 - p2 not yet fully supported for WeightedParticles
└ @ MonteCarloMeasurements ~/.julia/packages/MonteCarloMeasurements/RWXEI/src/particles.jl:174
┌ Warning: p1 - p2 not yet fully supported for WeightedParticles
└ @ MonteCarloMeasurements ~/.julia/packages/MonteCarloMeasurements/RWXEI/src/particles.jl:174
┌ Warning: p1 - p2 not yet fully supported for WeightedParticles
└ @ MonteCarloMeasurements ~/.julia/packages/MonteCarloMeasurements/RWXEI/src/particles.jl:174
┌ Warning: p1 / p2 not yet fully supported for WeightedParticles
└ @ MonteCarloMeasurements ~/.julia/packages/MonteCarloMeasurements/RWXEI/src/particles.jl:174
┌ Warning: p1 - p2 not yet fully supported for WeightedParticles
└ @ MonteCarloMeasurements ~/.julia/packages/MonteCarloMeasurements/RWXEI/src/particles.jl:174
┌ Warning: p1 - p2 not yet fully supported for WeightedParticles
└ @ MonteCarloMeasurements ~/.julia/packages/MonteCarloMeasurements/RWXEI/src/particles.jl:174
┌ Warning: p1 / p2 not yet fully supported for WeightedParticles
└ @ MonteCarloMeasurements ~/.julia/packages/MonteCarloMeasurements/RWXEI/src/particles.jl:174
┌ Warning: p1 - p2 not yet fully supported for WeightedParticles
└ @ MonteCarloMeasurements ~/.julia/packages/MonteCarloMeasurements/RWXEI/src/particles.jl:174
┌ Warning: p1 / p2 not yet fully supported for WeightedParticles
└ @ MonteCarloMeasurements ~/.julia/packages/MonteCarloMeasurements/RWXEI/src/particles.jl:174
┌ Warning: p1 / p2 not yet fully supported for WeightedParticles
└ @ MonteCarloMeasurements ~/.julia/packages/MonteCarloMeasurements/RWXEI/src/particles.jl:174
┌ Warning: p1 + p2 not yet fully supported for WeightedParticles
└ @ MonteCarloMeasurements ~/.julia/packages/MonteCarloMeasurements/RWXEI/src/particles.jl:174
┌ Warning: p1 + p2 not yet fully supported for WeightedParticles
└ @ MonteCarloMeasurements ~/.julia/packages/MonteCarloMeasurements/RWXEI/src/particles.jl:174
┌ Warning: p1 + p2 not yet fully supported for WeightedParticles
└ @ MonteCarloMeasurements ~/.julia/packages/MonteCarloMeasurements/RWXEI/src/particles.jl:174
┌ Warning: p1 / p2 not yet fully supported for WeightedParticles
└ @ MonteCarloMeasurements ~/.julia/packages/MonteCarloMeasurements/RWXEI/src/particles.jl:174
┌ Warning: p1 / p2 not yet fully supported for WeightedParticles
└ @ MonteCarloMeasurements ~/.julia/packages/MonteCarloMeasurements/RWXEI/src/particles.jl:174
┌ Warning: p1 / p2 not yet fully supported for WeightedParticles
└ @ MonteCarloMeasurements ~/.julia/packages/MonteCarloMeasurements/RWXEI/src/particles.jl:174
┌ Warning: p1 + p2 not yet fully supported for WeightedParticles
└ @ MonteCarloMeasurements ~/.julia/packages/MonteCarloMeasurements/RWXEI/src/particles.jl:174
┌ Warning: p1 + p2 not yet fully supported for WeightedParticles
└ @ MonteCarloMeasurements ~/.julia/packages/MonteCarloMeasurements/RWXEI/src/particles.jl:174
┌ Warning: p1 - p2 not yet fully supported for WeightedParticles
└ @ MonteCarloMeasurements ~/.julia/packages/MonteCarloMeasurements/RWXEI/src/particles.jl:174
┌ Warning: p1 - p2 not yet fully supported for WeightedParticles
└ @ MonteCarloMeasurements ~/.julia/packages/MonteCarloMeasurements/RWXEI/src/particles.jl:174
┌ Warning: p1 - p2 not yet fully supported for WeightedParticles
└ @ MonteCarloMeasurements ~/.julia/packages/MonteCarloMeasurements/RWXEI/src/particles.jl:174
┌ Warning: p1 + p2 not yet fully supported for WeightedParticles
└ @ MonteCarloMeasurements ~/.julia/packages/MonteCarloMeasurements/RWXEI/src/particles.jl:174
┌ Warning: p1 + p2 not yet fully supported for WeightedParticles
└ @ MonteCarloMeasurements ~/.julia/packages/MonteCarloMeasurements/RWXEI/src/particles.jl:174
┌ Warning: p1 - p2 not yet fully supported for WeightedParticles
└ @ MonteCarloMeasurements ~/.julia/packages/MonteCarloMeasurements/RWXEI/src/particles.jl:174
┌ Warning: p1 - p2 not yet fully supported for WeightedParticles
└ @ MonteCarloMeasurements ~/.julia/packages/MonteCarloMeasurements/RWXEI/src/particles.jl:174
┌ Warning: p1 - p2 not yet fully supported for WeightedParticles
└ @ MonteCarloMeasurements ~/.julia/packages/MonteCarloMeasurements/RWXEI/src/particles.jl:174
┌ Warning: p1 + p2 not yet fully supported for WeightedParticles
└ @ MonteCarloMeasurements ~/.julia/packages/MonteCarloMeasurements/RWXEI/src/particles.jl:174
┌ Warning: p1 + p2 not yet fully supported for WeightedParticles
└ @ MonteCarloMeasurements ~/.julia/packages/MonteCarloMeasurements/RWXEI/src/particles.jl:174
┌ Warning: p1 / p2 not yet fully supported for WeightedParticles
└ @ MonteCarloMeasurements ~/.julia/packages/MonteCarloMeasurements/RWXEI/src/particles.jl:174
┌ Warning: p1 / p2 not yet fully supported for WeightedParticles
└ @ MonteCarloMeasurements ~/.julia/packages/MonteCarloMeasurements/RWXEI/src/particles.jl:174
┌ Warning: p1 + p2 not yet fully supported for WeightedParticles
└ @ MonteCarloMeasurements ~/.julia/packages/MonteCarloMeasurements/RWXEI/src/particles.jl:174
┌ Warning: p1 - p2 not yet fully supported for WeightedParticles
└ @ MonteCarloMeasurements ~/.julia/packages/MonteCarloMeasurements/RWXEI/src/particles.jl:174
┌ Warning: p1 - p2 not yet fully supported for WeightedParticles
└ @ MonteCarloMeasurements ~/.julia/packages/MonteCarloMeasurements/RWXEI/src/particles.jl:174
[ Info: Tests for WeightedParticles done
 76.914672 seconds (64.79 M allocations: 3.060 GiB, 3.92% gc time)
[ Info: Running tests for multivariate Particles
[ Info: Tests for multivariate Particles done
[ Info: Running tests for multivariate StaticParticles
[ Info: Tests for multivariate StaticParticles done
[ Info: Running tests for multivariate WeightedParticles
[ Info: Tests for multivariate WeightedParticles done
  2.703039 seconds (2.32 M allocations: 114.274 MiB, 3.21% gc time)
[ Info: Testing sigmapoints
[ Info: Testing gradient
  5.867129 seconds (4.97 M allocations: 242.505 MiB, 3.14% gc time)
[ Info: Testing leastsquares
[ Info: Testing misc
  8.477706 seconds (6.12 M allocations: 2.087 GiB, 12.37% gc time)
Part500(-3.109e-18 ± 1.0)-3.11e-18 ± 1.0
$-3.11e-18 ± 1.0$
0.0
$0.0$
2-element Array{Particles{Float64,500},1}:
 -3.11e-18 ± 1.0
 -3.11e-18 ± 1.0Particles{Float64,500}[-3.11e-18 ± 1.0, -3.11e-18 ± 1.0]
Particles{Float64,500}[-3.11e-18 ± 1.0, 0.0]
 24.608009 seconds (22.63 M allocations: 1.088 GiB, 3.07% gc time)
[ Info: Testing mutation
  0.275071 seconds (307.92 k allocations: 15.759 MiB)
[ Info: Testing outer product
  2.312361 seconds (2.37 M allocations: 142.048 MiB, 9.53% gc time)
[ Info: Testing plotting
!=,
!==,
rem,
&,
*,
+,
-,
/,
//,
Colon,
<<,
>,
>:,
>=,
>>,
>>>,
\,
^,
accumulate,
all,
any,
asyncmap,
atan,
atand,
axes,
binomial,
broadcast,
broadcast!,
cat,
circcopy!,
cld,
cmp,
coalesce,
code_lowered,
code_typed,
complex,
copysign,
count,
ctime,
div,
divrem,
eachindex,
error,
extrema,
falses,
fdio,
filemode,
filesize,
finalizer,
findnext,
findprev,
fld,
fld1,
fldmod,
fldmod1,
flipsign,
foldl,
foldr,
foreach,
functionloc,
gcd,
gcdx,
getindex,
gperm,
hash,
hasmethod,
hcat,
hvcat,
hypot,
in,
intersect,
invmod,
isblockdev,
ischardev,
isdir,
isequal,
isfifo,
isfile,
isless,
islink,
ismount,
ispath,
issetequal,
issetgid,
issetuid,
issocket,
issticky,
issubset,
iszero,
iterate,
join,
kron,
lcm,
ldexp,
log,
lpad,
lstat,
map,
mapreduce,
max,
maximum,
methods,
min,
minimum,
minmax,
mod,
mod1,
mtime,
nextfloat,
nextpow,
ntuple,
oftype,
ones,
operm,
parentmodule,
prevfloat,
prevpow,
print,
println,
printstyled,
prod,
propertynames,
range,
reduce,
rem,
rpad,
setdiff,
something,
stat,
string,
sum,
symdiff,
systemerror,
task_local_storage,
trues,
typeintersect,
typejoin,
union,
unique,
uperm,
vcat,
which,
widemul,
xor,
zip,
|,
div,
in,
∉,
∋,
∌,
∘,
intersect,
union,
isapprox,
≉,
!=,
!==,
<=,
>=,
issubset,
⊇,
⊈,
⊉,
⊊,
⊋,
xor,
 26.399693 seconds (18.58 M allocations: 950.986 MiB, 2.87% gc time)
[ Info: Testing optimization
[ Info: Converged at iteration 3242
  6.153911 seconds (5.21 M allocations: 385.488 MiB, 4.97% gc time)
[ Info: Testing weighted particles
┌ Warning: cov will default to corrected=true in the future. Use corrected=false for previous behaviour.
│   caller = cov at cov.jl:98 [inlined]
└ @ Core ~/.julia/packages/StatsBase/DyWPR/src/cov.jl:98
  2.521535 seconds (2.40 M allocations: 121.688 MiB, 4.24% gc time)
[ Info: Testing bymap
 11.075447 seconds (9.94 M allocations: 571.853 MiB, 4.75% gc time)
[ Info: Unsafe comparisons using the function `mean` has been enabled globally. Use `@unsafe` to enable in a local expression only or `unsafe_comparisons(false)` to turn off unsafe comparisons
  1.275633 seconds (554.39 k allocations: 27.801 MiB)
  0.205569 seconds (67.52 k allocations: 3.568 MiB)
   Testing MonteCarloMeasurements tests passed 
