 Resolving package versions...
 Installed RecipesBase ──────────── v0.7.0
 Installed Requires ─────────────── v0.5.2
 Installed BenchmarkTools ───────── v0.4.3
 Installed AbstractFFTs ─────────── v0.5.0
 Installed RecursiveArrayTools ──── v1.2.0
 Installed BinaryProvider ───────── v0.5.8
 Installed DSP ──────────────────── v0.6.2
 Installed StructuredOptimization ─ v0.2.3
 Installed FFTW ─────────────────── v1.1.0
 Installed Reexport ─────────────── v0.2.0
 Installed OpenSpecFun_jll ──────── v0.5.3+1
 Installed AbstractOperators ────── v0.2.2
 Installed OrderedCollections ───── v1.1.0
 Installed Compat ───────────────── v2.2.0
 Installed ProximalAlgorithms ───── v0.3.1
 Installed Conda ────────────────── v1.3.0
 Installed ProximalOperators ────── v0.10.3
 Installed ArrayInterface ───────── v2.0.0
 Installed VersionParsing ───────── v1.1.3
 Installed MathProgBase ─────────── v0.7.7
 Installed JSON ─────────────────── v0.21.0
 Installed SpecialFunctions ─────── v0.9.0
 Installed Polynomials ──────────── v0.6.0
 Installed IterativeSolvers ─────── v0.8.1
 Installed OSQP ─────────────────── v0.6.0
 Installed TSVD ─────────────────── v0.4.0
 Installed Parsers ──────────────── v0.3.10
 Installed MathOptInterface ─────── v0.9.7
 Installed StaticArrays ─────────── v0.12.1
 Installed Adapt ────────────────── v1.0.0
  Updating `~/.julia/environments/v1.3/Project.toml`
  [46cd3e9d] + StructuredOptimization v0.2.3
  Updating `~/.julia/environments/v1.3/Manifest.toml`
  [621f4979] + AbstractFFTs v0.5.0
  [d9c5613a] + AbstractOperators v0.2.2
  [79e6a3ab] + Adapt v1.0.0
  [4fba245c] + ArrayInterface v2.0.0
  [6e4b80f9] + BenchmarkTools v0.4.3
  [b99e7846] + BinaryProvider v0.5.8
  [34da2185] + Compat v2.2.0
  [8f4d0f93] + Conda v1.3.0
  [717857b8] + DSP v0.6.2
  [7a1cc6ca] + FFTW v1.1.0
  [42fd0dbc] + IterativeSolvers v0.8.1
  [682c06a0] + JSON v0.21.0
  [b8f27783] + MathOptInterface v0.9.7
  [fdba3010] + MathProgBase v0.7.7
  [ab2f91bb] + OSQP v0.6.0
  [efe28fd5] + OpenSpecFun_jll v0.5.3+1
  [bac558e1] + OrderedCollections v1.1.0
  [69de0a69] + Parsers v0.3.10
  [f27b6e38] + Polynomials v0.6.0
  [140ffc9f] + ProximalAlgorithms v0.3.1
  [a725b495] + ProximalOperators v0.10.3
  [3cdcf5f2] + RecipesBase v0.7.0
  [731186ca] + RecursiveArrayTools v1.2.0
  [189a3867] + Reexport v0.2.0
  [ae029012] + Requires v0.5.2
  [276daf66] + SpecialFunctions v0.9.0
  [90137ffa] + StaticArrays v0.12.1
  [46cd3e9d] + StructuredOptimization v0.2.3
  [9449cd9e] + TSVD v0.4.0
  [81def892] + VersionParsing v1.1.3
  [2a0f44e3] + Base64 
  [ade2ca70] + Dates 
  [8bb1440f] + DelimitedFiles 
  [8ba89e20] + Distributed 
  [b77e0a4c] + InteractiveUtils 
  [76f85450] + LibGit2 
  [8f399da3] + Libdl 
  [37e2e46d] + LinearAlgebra 
  [56ddb016] + Logging 
  [d6f4376e] + Markdown 
  [a63ad114] + Mmap 
  [44cfe95a] + Pkg 
  [de0858da] + Printf 
  [3fa0cd96] + REPL 
  [9a3f8284] + Random 
  [ea8e919c] + SHA 
  [9e88b42a] + Serialization 
  [1a1011a3] + SharedArrays 
  [6462fe0b] + Sockets 
  [2f01184e] + SparseArrays 
  [10745b16] + Statistics 
  [4607b0f0] + SuiteSparse 
  [8dfed614] + Test 
  [cf7118a7] + UUIDs 
  [4ec0a83e] + Unicode 
  Building Conda → `~/.julia/packages/Conda/kLXeC/deps/build.log`
  Building FFTW ─→ `~/.julia/packages/FFTW/loJ3F/deps/build.log`
  Building OSQP ─→ `~/.julia/packages/OSQP/BU4WO/deps/build.log`
   Testing StructuredOptimization
 Resolving package versions...
    Status `/tmp/jl_Qd0Nrn/Manifest.toml`
  [621f4979] AbstractFFTs v0.5.0
  [d9c5613a] AbstractOperators v0.2.2
  [79e6a3ab] Adapt v1.0.0
  [4fba245c] ArrayInterface v2.0.0
  [6e4b80f9] BenchmarkTools v0.4.3
  [b99e7846] BinaryProvider v0.5.8
  [34da2185] Compat v2.2.0
  [8f4d0f93] Conda v1.3.0
  [717857b8] DSP v0.6.2
  [7a1cc6ca] FFTW v1.1.0
  [42fd0dbc] IterativeSolvers v0.8.1
  [682c06a0] JSON v0.21.0
  [b8f27783] MathOptInterface v0.9.7
  [fdba3010] MathProgBase v0.7.7
  [ab2f91bb] OSQP v0.6.0
  [efe28fd5] OpenSpecFun_jll v0.5.3+1
  [bac558e1] OrderedCollections v1.1.0
  [69de0a69] Parsers v0.3.10
  [f27b6e38] Polynomials v0.6.0
  [140ffc9f] ProximalAlgorithms v0.3.1
  [a725b495] ProximalOperators v0.10.3
  [3cdcf5f2] RecipesBase v0.7.0
  [731186ca] RecursiveArrayTools v1.2.0
  [189a3867] Reexport v0.2.0
  [ae029012] Requires v0.5.2
  [276daf66] SpecialFunctions v0.9.0
  [90137ffa] StaticArrays v0.12.1
  [46cd3e9d] StructuredOptimization v0.2.3
  [9449cd9e] TSVD v0.4.0
  [81def892] VersionParsing v1.1.3
  [2a0f44e3] Base64  [`@stdlib/Base64`]
  [ade2ca70] Dates  [`@stdlib/Dates`]
  [8bb1440f] DelimitedFiles  [`@stdlib/DelimitedFiles`]
  [8ba89e20] Distributed  [`@stdlib/Distributed`]
  [b77e0a4c] InteractiveUtils  [`@stdlib/InteractiveUtils`]
  [76f85450] LibGit2  [`@stdlib/LibGit2`]
  [8f399da3] Libdl  [`@stdlib/Libdl`]
  [37e2e46d] LinearAlgebra  [`@stdlib/LinearAlgebra`]
  [56ddb016] Logging  [`@stdlib/Logging`]
  [d6f4376e] Markdown  [`@stdlib/Markdown`]
  [a63ad114] Mmap  [`@stdlib/Mmap`]
  [44cfe95a] Pkg  [`@stdlib/Pkg`]
  [de0858da] Printf  [`@stdlib/Printf`]
  [3fa0cd96] REPL  [`@stdlib/REPL`]
  [9a3f8284] Random  [`@stdlib/Random`]
  [ea8e919c] SHA  [`@stdlib/SHA`]
  [9e88b42a] Serialization  [`@stdlib/Serialization`]
  [1a1011a3] SharedArrays  [`@stdlib/SharedArrays`]
  [6462fe0b] Sockets  [`@stdlib/Sockets`]
  [2f01184e] SparseArrays  [`@stdlib/SparseArrays`]
  [10745b16] Statistics  [`@stdlib/Statistics`]
  [4607b0f0] SuiteSparse  [`@stdlib/SuiteSparse`]
  [8dfed614] Test  [`@stdlib/Test`]
  [cf7118a7] UUIDs  [`@stdlib/UUIDs`]
  [4ec0a83e] Unicode  [`@stdlib/Unicode`]

Testing variables


Testing linear expressions


Testing AbstractOperators binding


Testing cost terms


Testing extraction from Terms


Testing splitting Terms


Testing extracting Proximable functions


Testing @minimize 


Testing @minimize nonlinear 

Testing: regularized least squares, with two variable blocks to make things weird
  5.733416 seconds (11.00 M allocations: 347.927 MiB, 3.90% gc time)
  2.503957 seconds (2.78 M allocations: 119.392 MiB, 2.68% gc time)
  3.142016 seconds (3.13 M allocations: 132.355 MiB, 2.47% gc time)
  0.028179 seconds (349.74 k allocations: 6.824 MiB)
Testing: lasso problem with known solution
  0.238913 seconds (51.74 k allocations: 3.117 MiB)
  0.498915 seconds (74.19 k allocations: 4.818 MiB, 30.77% gc time)
  2.684389 seconds (1.24 M allocations: 59.128 MiB)
  1.046121 seconds (833 allocations: 365.406 KiB)
Testing: problem with smooth, non-quadratic term
 22.369535 seconds (2.08 M allocations: 127.016 MiB, 2.03% gc time)
 17.879403 seconds (32.28 k allocations: 19.427 MiB)
  3.647683 seconds (1.27 M allocations: 61.887 MiB, 2.97% gc time)
  2.751636 seconds (1.39 M allocations: 69.196 MiB, 1.66% gc time)
┌ Warning: parameter `gamma` became too small (7.092001659840556e-8), stopping the iterations
└ @ ProximalAlgorithms ~/.julia/packages/ProximalAlgorithms/CBRo1/src/algorithms/panoc.jl:98
  4.487458 seconds (344.06 k allocations: 19.432 MiB)
Testing: box-constrained least-squares
  3.872280 seconds (1.60 M allocations: 82.942 MiB, 3.61% gc time)
  1.743779 seconds (2.75 k allocations: 3.881 MiB)
  2.358585 seconds (1.26 M allocations: 60.651 MiB, 2.92% gc time)
  2.135460 seconds (1.46 M allocations: 70.145 MiB, 7.16% gc time)
  0.225099 seconds (1.14 k allocations: 1.100 MiB)
Testing: non-negative least-squares from a known solution
  0.762649 seconds (1.78 k allocations: 2.062 MiB)
  2.054168 seconds (2.38 k allocations: 3.335 MiB)
  0.482444 seconds (406 allocations: 340.422 KiB)
  0.791705 seconds (876 allocations: 886.016 KiB)
  0.344406 seconds (904 allocations: 886.578 KiB)
Test Summary:          | Pass  Total
StructuredOptimization |  397    397
   Testing StructuredOptimization tests passed 
