Julia Version 1.4.2-pre.0
Commit ef4fe83698 (2020-04-15 16:24 UTC)
Platform Info:
  OS: Linux (x86_64-linux-gnu)
  CPU: Intel(R) Xeon(R) Silver 4114 CPU @ 2.20GHz
  WORD_SIZE: 64
  LIBM: libopenlibm
  LLVM: libLLVM-8.0.1 (ORCJIT, skylake)
Environment:
  JULIA_DEPOT_PATH = ::/usr/local/share/julia
  JULIA_NUM_THREADS = 2

  Resolving package versions...
  Installed LinuxPerf ─ v0.1.0
   Updating `~/.julia/environments/v1.4/Project.toml`
  [b4c46c6c] + LinuxPerf v0.1.0
   Updating `~/.julia/environments/v1.4/Manifest.toml`
  [b4c46c6c] + LinuxPerf v0.1.0
  [de0858da] + Printf 
  [4ec0a83e] + Unicode 
    Testing LinuxPerf
Status `/tmp/jl_cNzt1Q/Manifest.toml`
  [b4c46c6c] LinuxPerf v0.1.0
  [2a0f44e3] Base64 
  [8ba89e20] Distributed 
  [b77e0a4c] InteractiveUtils 
  [56ddb016] Logging 
  [d6f4376e] Markdown 
  [de0858da] Printf 
  [9a3f8284] Random 
  [9e88b42a] Serialization 
  [6462fe0b] Sockets 
  [8dfed614] Test 
  [4ec0a83e] Unicode 
simple benchmark: Error During Test at /home/pkgeval/.julia/packages/LinuxPerf/wNit0/test/runtests.jl:9
  Test threw exception
  Expression: begin
    bench = make_bench(reasonable_defaults)
    #= /home/pkgeval/.julia/packages/LinuxPerf/wNit0/test/runtests.jl:11 =# @noinline function g(a)
            enable!(bench)
            c = 0
            for x = a
                if x > 0
                    c += 1
                end
            end
            disable!(bench)
            c
        end
    g(zeros(10000))
    counters(bench)
    true
end
  perf_event_open error : Operation not permitted
  Stacktrace:
   [1] error(::String) at ./error.jl:33
   [2] LinuxPerf.EventGroup(::Array{LinuxPerf.EventType,1}; warn_unsupported::Bool, userspace_only::Bool) at /home/pkgeval/.julia/packages/LinuxPerf/wNit0/src/LinuxPerf.jl:229
   [3] EventGroup at /home/pkgeval/.julia/packages/LinuxPerf/wNit0/src/LinuxPerf.jl:197 [inlined]
   [4] make_bench(::Array{Any,1}) at /home/pkgeval/.julia/packages/LinuxPerf/wNit0/src/LinuxPerf.jl:344
   [5] top-level scope at /home/pkgeval/.julia/packages/LinuxPerf/wNit0/test/runtests.jl:9
   [6] top-level scope at /workspace/srcdir/usr/share/julia/stdlib/v1.4/Test/src/Test.jl:1113
   [7] top-level scope at /home/pkgeval/.julia/packages/LinuxPerf/wNit0/test/runtests.jl:9
   [8] top-level scope at /workspace/srcdir/usr/share/julia/stdlib/v1.4/Test/src/Test.jl:1113
   [9] top-level scope at /home/pkgeval/.julia/packages/LinuxPerf/wNit0/test/runtests.jl:8
  
@measure: Error During Test at /home/pkgeval/.julia/packages/LinuxPerf/wNit0/test/runtests.jl:31
  Got exception outside of a @test
  perf_event_open error : Operation not permitted
  Stacktrace:
   [1] error(::String) at ./error.jl:33
   [2] LinuxPerf.EventGroup(::Array{LinuxPerf.EventType,1}; warn_unsupported::Bool, userspace_only::Bool) at /home/pkgeval/.julia/packages/LinuxPerf/wNit0/src/LinuxPerf.jl:229
   [3] EventGroup at /home/pkgeval/.julia/packages/LinuxPerf/wNit0/src/LinuxPerf.jl:197 [inlined]
   [4] make_bench(::Array{Any,1}) at /home/pkgeval/.julia/packages/LinuxPerf/wNit0/src/LinuxPerf.jl:344
   [5] top-level scope at /home/pkgeval/.julia/packages/LinuxPerf/wNit0/src/LinuxPerf.jl:19
   [6] top-level scope at /home/pkgeval/.julia/packages/LinuxPerf/wNit0/test/runtests.jl:32
   [7] top-level scope at /workspace/srcdir/usr/share/julia/stdlib/v1.4/Test/src/Test.jl:1113
   [8] top-level scope at /home/pkgeval/.julia/packages/LinuxPerf/wNit0/test/runtests.jl:32
   [9] top-level scope at /workspace/srcdir/usr/share/julia/stdlib/v1.4/Test/src/Test.jl:1113
   [10] top-level scope at /home/pkgeval/.julia/packages/LinuxPerf/wNit0/test/runtests.jl:8
   [11] include(::String) at ./client.jl:439
   [12] top-level scope at none:6
   [13] eval(::Module, ::Any) at ./boot.jl:331
   [14] exec_options(::Base.JLOptions) at ./client.jl:264
   [15] _start() at ./client.jl:484
  
Test Summary:      | Error  Total
LinuxPerf          |     2      2
  simple benchmark |     1      1
  @measure         |     1      1
ERROR: LoadError: Some tests did not pass: 0 passed, 0 failed, 2 errored, 0 broken.
in expression starting at /home/pkgeval/.julia/packages/LinuxPerf/wNit0/test/runtests.jl:6
ERROR: Package LinuxPerf errored during testing
Stacktrace:
 [1] pkgerror(::String, ::Vararg{String,N} where N) at /workspace/srcdir/usr/share/julia/stdlib/v1.4/Pkg/src/Types.jl:53
 [2] test(::Pkg.Types.Context, ::Array{Pkg.Types.PackageSpec,1}; coverage::Bool, julia_args::Cmd, test_args::Cmd, test_fn::Nothing) at /workspace/srcdir/usr/share/julia/stdlib/v1.4/Pkg/src/Operations.jl:1503
 [3] test(::Pkg.Types.Context, ::Array{Pkg.Types.PackageSpec,1}; coverage::Bool, test_fn::Nothing, julia_args::Cmd, test_args::Cmd, kwargs::Base.Iterators.Pairs{Union{},Union{},Tuple{},NamedTuple{(),Tuple{}}}) at /workspace/srcdir/usr/share/julia/stdlib/v1.4/Pkg/src/API.jl:316
 [4] test(::Pkg.Types.Context, ::Array{Pkg.Types.PackageSpec,1}) at /workspace/srcdir/usr/share/julia/stdlib/v1.4/Pkg/src/API.jl:303
 [5] #test#68 at /workspace/srcdir/usr/share/julia/stdlib/v1.4/Pkg/src/API.jl:297 [inlined]
 [6] test at /workspace/srcdir/usr/share/julia/stdlib/v1.4/Pkg/src/API.jl:297 [inlined]
 [7] #test#67 at /workspace/srcdir/usr/share/julia/stdlib/v1.4/Pkg/src/API.jl:296 [inlined]
 [8] test at /workspace/srcdir/usr/share/julia/stdlib/v1.4/Pkg/src/API.jl:296 [inlined]
 [9] test(::String; kwargs::Base.Iterators.Pairs{Union{},Union{},Tuple{},NamedTuple{(),Tuple{}}}) at /workspace/srcdir/usr/share/julia/stdlib/v1.4/Pkg/src/API.jl:295
 [10] test(::String) at /workspace/srcdir/usr/share/julia/stdlib/v1.4/Pkg/src/API.jl:295
 [11] top-level scope at none:16
