Julia Version 1.4.0
Commit 571c4c41f7 (2020-04-07 06:24 UTC)
Platform Info:
  OS: Linux (x86_64-linux-gnu)
  CPU: Intel(R) Xeon(R) Silver 4114 CPU @ 2.20GHz
  WORD_SIZE: 64
  LIBM: libopenlibm
  LLVM: libLLVM-8.0.1 (ORCJIT, skylake)
Environment:
  JULIA_DEPOT_PATH = ::/usr/local/share/julia
  JULIA_NUM_THREADS = 2

  Resolving package versions...
  Installed Zlib_jll ──────────────────── v1.2.11+9
  Installed Reexport ──────────────────── v0.2.0
  Installed Glob ──────────────────────── v1.2.0
  Installed Compat ────────────────────── v2.2.0
  Installed ExprTools ─────────────────── v0.1.0
  Installed DeIdentification ──────────── v0.8.1
  Installed DataStructures ────────────── v0.17.11
  Installed Missings ──────────────────── v0.4.3
  Installed XML2_jll ──────────────────── v2.9.9+2
  Installed DataAPI ───────────────────── v1.1.0
  Installed WeakRefStrings ────────────── v0.6.2
  Installed Mocking ───────────────────── v0.7.1
  Installed Parsers ───────────────────── v0.3.12
  Installed EzXML ─────────────────────── v1.1.0
  Installed PooledArrays ──────────────── v0.5.3
  Installed FilePathsBase ─────────────── v0.7.0
  Installed InvertedIndices ───────────── v1.0.0
  Installed OrderedCollections ────────── v1.1.0
  Installed Libiconv_jll ──────────────── v1.16.0+2
  Installed Tables ────────────────────── v0.2.11
  Installed DataValueInterfaces ───────── v1.0.0
  Installed Codecs ────────────────────── v0.5.0
  Installed Syslogs ───────────────────── v0.3.0
  Installed CategoricalArrays ─────────── v0.7.7
  Installed Memento ───────────────────── v0.12.1
  Installed TableTraits ───────────────── v1.0.0
  Installed YAML ──────────────────────── v0.3.2
  Installed SortingAlgorithms ─────────── v0.3.1
  Installed IteratorInterfaceExtensions ─ v1.0.0
  Installed CSV ───────────────────────── v0.5.23
  Installed JSON ──────────────────────── v0.21.0
  Installed TimeZones ─────────────────── v1.0.1
  Installed DataFrames ────────────────── v0.20.0
   Updating `~/.julia/environments/v1.4/Project.toml`
  [b905b068] + DeIdentification v0.8.1
   Updating `~/.julia/environments/v1.4/Manifest.toml`
  [336ed68f] + CSV v0.5.23
  [324d7699] + CategoricalArrays v0.7.7
  [19ecbf4d] + Codecs v0.5.0
  [34da2185] + Compat v2.2.0
  [9a962f9c] + DataAPI v1.1.0
  [a93c6f00] + DataFrames v0.20.0
  [864edb3b] + DataStructures v0.17.11
  [e2d170a0] + DataValueInterfaces v1.0.0
  [b905b068] + DeIdentification v0.8.1
  [e2ba6199] + ExprTools v0.1.0
  [8f5d6c58] + EzXML v1.1.0
  [48062228] + FilePathsBase v0.7.0
  [c27321d9] + Glob v1.2.0
  [41ab1584] + InvertedIndices v1.0.0
  [82899510] + IteratorInterfaceExtensions v1.0.0
  [682c06a0] + JSON v0.21.0
  [94ce4f54] + Libiconv_jll v1.16.0+2
  [f28f55f0] + Memento v0.12.1
  [e1d29d7a] + Missings v0.4.3
  [78c3b35d] + Mocking v0.7.1
  [bac558e1] + OrderedCollections v1.1.0
  [69de0a69] + Parsers v0.3.12
  [2dfb63ee] + PooledArrays v0.5.3
  [189a3867] + Reexport v0.2.0
  [a2af1166] + SortingAlgorithms v0.3.1
  [cea106d9] + Syslogs v0.3.0
  [3783bdb8] + TableTraits v1.0.0
  [bd369af6] + Tables v0.2.11
  [f269a46b] + TimeZones v1.0.1
  [ea10d353] + WeakRefStrings v0.6.2
  [02c8fc9c] + XML2_jll v2.9.9+2
  [ddb6d928] + YAML v0.3.2
  [83775a58] + Zlib_jll v1.2.11+9
  [2a0f44e3] + Base64 
  [ade2ca70] + Dates 
  [8bb1440f] + DelimitedFiles 
  [8ba89e20] + Distributed 
  [9fa8497b] + Future 
  [b77e0a4c] + InteractiveUtils 
  [76f85450] + LibGit2 
  [8f399da3] + Libdl 
  [37e2e46d] + LinearAlgebra 
  [56ddb016] + Logging 
  [d6f4376e] + Markdown 
  [a63ad114] + Mmap 
  [44cfe95a] + Pkg 
  [de0858da] + Printf 
  [3fa0cd96] + REPL 
  [9a3f8284] + Random 
  [ea8e919c] + SHA 
  [9e88b42a] + Serialization 
  [1a1011a3] + SharedArrays 
  [6462fe0b] + Sockets 
  [2f01184e] + SparseArrays 
  [10745b16] + Statistics 
  [8dfed614] + Test 
  [cf7118a7] + UUIDs 
  [4ec0a83e] + Unicode 
   Building TimeZones → `~/.julia/packages/TimeZones/zymSN/deps/build.log`
    Testing DeIdentification
Status `/tmp/jl_E63raZ/Manifest.toml`
  [336ed68f] CSV v0.5.23
  [324d7699] CategoricalArrays v0.7.7
  [19ecbf4d] Codecs v0.5.0
  [34da2185] Compat v2.2.0
  [9a962f9c] DataAPI v1.1.0
  [a93c6f00] DataFrames v0.20.0
  [864edb3b] DataStructures v0.17.11
  [e2d170a0] DataValueInterfaces v1.0.0
  [b905b068] DeIdentification v0.8.1
  [e2ba6199] ExprTools v0.1.0
  [8f5d6c58] EzXML v1.1.0
  [48062228] FilePathsBase v0.7.0
  [c27321d9] Glob v1.2.0
  [41ab1584] InvertedIndices v1.0.0
  [82899510] IteratorInterfaceExtensions v1.0.0
  [682c06a0] JSON v0.21.0
  [94ce4f54] Libiconv_jll v1.16.0+2
  [f28f55f0] Memento v0.12.1
  [e1d29d7a] Missings v0.4.3
  [78c3b35d] Mocking v0.7.1
  [bac558e1] OrderedCollections v1.1.0
  [69de0a69] Parsers v0.3.12
  [2dfb63ee] PooledArrays v0.5.3
  [189a3867] Reexport v0.2.0
  [a2af1166] SortingAlgorithms v0.3.1
  [cea106d9] Syslogs v0.3.0
  [3783bdb8] TableTraits v1.0.0
  [bd369af6] Tables v0.2.11
  [f269a46b] TimeZones v1.0.1
  [ea10d353] WeakRefStrings v0.6.2
  [02c8fc9c] XML2_jll v2.9.9+2
  [ddb6d928] YAML v0.3.2
  [83775a58] Zlib_jll v1.2.11+9
  [2a0f44e3] Base64 
  [ade2ca70] Dates 
  [8bb1440f] DelimitedFiles 
  [8ba89e20] Distributed 
  [9fa8497b] Future 
  [b77e0a4c] InteractiveUtils 
  [76f85450] LibGit2 
  [8f399da3] Libdl 
  [37e2e46d] LinearAlgebra 
  [56ddb016] Logging 
  [d6f4376e] Markdown 
  [a63ad114] Mmap 
  [44cfe95a] Pkg 
  [de0858da] Printf 
  [3fa0cd96] REPL 
  [9a3f8284] Random 
  [ea8e919c] SHA 
  [9e88b42a] Serialization 
  [1a1011a3] SharedArrays 
  [6462fe0b] Sockets 
  [2f01184e] SparseArrays 
  [10745b16] Statistics 
  [8dfed614] Test 
  [cf7118a7] UUIDs 
  [4ec0a83e] Unicode 
Test Summary:   | Pass  Total
config creation |    3      3
Test Summary:          | Pass  Total
create config from csv |    2      2
Test Summary:  | Pass  Total
rid generation |    2      2
[info | deidentify]: 2020-04-08T22:02:24.713 Logging session for project ehr
[info | deidentify]: 2020-04-08T22:02:25.441 Setting seed for project ehr
[info | deidentify]: 2020-04-08T22:02:25.441 ====================== Processing dx ======================
[info | deidentify]: 2020-04-08T22:02:25.442 Reading data from ./data/dx.csv
[info | deidentify]: 2020-04-08T22:02:38.902 Renaming file columns
[info | deidentify]: 2020-04-08T22:02:38.975 Checking for primary column
[info | deidentify]: 2020-04-08T22:02:40.049 ====================== Processing dx_custom_dates ======================
[info | deidentify]: 2020-04-08T22:02:40.049 Reading data from ./data/dx_different_date_format.csv
[info | deidentify]: 2020-04-08T22:02:48.198 Renaming file columns
[info | deidentify]: 2020-04-08T22:02:48.198 Checking for primary column
[info | deidentify]: 2020-04-08T22:02:48.207 ====================== Processing dx_messy_dates ======================
[info | deidentify]: 2020-04-08T22:02:48.208 Reading data from ./data/dx_messy_dates.csv
[info | deidentify]: 2020-04-08T22:02:49.006 Renaming file columns
[info | deidentify]: 2020-04-08T22:02:49.007 Checking for primary column
┌ Warning: Could not date shift non-date value NULL
└ @ DeIdentification ~/.julia/packages/DeIdentification/j8RTi/src/de_identify.jl:183
┌ Warning: Could not date shift non-date value NULL
└ @ DeIdentification ~/.julia/packages/DeIdentification/j8RTi/src/de_identify.jl:183
┌ Warning: Could not date shift non-date value NULL
└ @ DeIdentification ~/.julia/packages/DeIdentification/j8RTi/src/de_identify.jl:183
┌ Warning: Could not date shift non-date value NULL
└ @ DeIdentification ~/.julia/packages/DeIdentification/j8RTi/src/de_identify.jl:183
┌ Warning: Could not date shift non-date value NULL
└ @ DeIdentification ~/.julia/packages/DeIdentification/j8RTi/src/de_identify.jl:183
┌ Warning: Could not date shift non-date value NULL
└ @ DeIdentification ~/.julia/packages/DeIdentification/j8RTi/src/de_identify.jl:183
┌ Warning: Could not date shift non-date value NULL
└ @ DeIdentification ~/.julia/packages/DeIdentification/j8RTi/src/de_identify.jl:183
┌ Warning: Could not date shift non-date value NULL
└ @ DeIdentification ~/.julia/packages/DeIdentification/j8RTi/src/de_identify.jl:183
┌ Warning: Could not date shift non-date value NULL
└ @ DeIdentification ~/.julia/packages/DeIdentification/j8RTi/src/de_identify.jl:183
┌ Warning: Could not date shift non-date value NULL
└ @ DeIdentification ~/.julia/packages/DeIdentification/j8RTi/src/de_identify.jl:183
┌ Warning: Could not date shift non-date value WIKKA
└ @ DeIdentification ~/.julia/packages/DeIdentification/j8RTi/src/de_identify.jl:183
[info | deidentify]: 2020-04-08T22:02:50.984 ====================== Processing pat ======================
[info | deidentify]: 2020-04-08T22:02:50.984 Reading data from ./data/pat.csv
[info | deidentify]: 2020-04-08T22:02:51 Renaming file columns
[info | deidentify]: 2020-04-08T22:02:51.001 Checking for primary column
[info | deidentify]: 2020-04-08T22:02:51.231 ====================== Processing med ======================
[info | deidentify]: 2020-04-08T22:02:51.231 Reading data from ./data/med.csv
[info | deidentify]: 2020-04-08T22:02:51.649 Renaming file columns
[info | deidentify]: 2020-04-08T22:02:51.649 Checking for primary column
[info | deidentify]: 2020-04-08T22:02:51.653 Writing ID dictionaries to ./output/id_dicts_20200408220251.json
[info | deidentify]: 2020-04-08T22:02:52.092 Writing dateshift values to ./output/dateshifts_20200408220251.json
[info | deidentify]: 2020-04-08T22:02:52.363 Writing salt values to ./output/salts_20200408220251.json
Test Summary:     | Pass  Total
integration tests |   15     15
[info | deidentify]: 2020-04-08T22:03:04.85 Logging session for project ehr
[info | deidentify]: 2020-04-08T22:03:04.851 Setting seed for project ehr
[info | deidentify]: 2020-04-08T22:03:04.851 ====================== Processing dx ======================
[info | deidentify]: 2020-04-08T22:03:04.851 Reading data from ./data/dx.csv
[info | deidentify]: 2020-04-08T22:03:04.853 Renaming file columns
[info | deidentify]: 2020-04-08T22:03:04.854 Checking for primary column
Test Summary:       | Pass  Total
primary identifiter |    1      1
[info | deidentify]: 2020-04-08T22:03:04.94 Logging session for project ehr
[info | deidentify]: 2020-04-08T22:03:04.94 Setting seed for project ehr
[info | deidentify]: 2020-04-08T22:03:04.94 ====================== Processing dx ======================
[info | deidentify]: 2020-04-08T22:03:04.941 Reading data from ./data/dx.csv
[info | deidentify]: 2020-04-08T22:03:04.943 Renaming file columns
[info | deidentify]: 2020-04-08T22:03:04.943 Checking for primary column
[info | deidentify]: 2020-04-08T22:03:04.953 ====================== Processing dx_custom_dates ======================
[info | deidentify]: 2020-04-08T22:03:04.953 Reading data from ./data/dx_different_date_format.csv
[info | deidentify]: 2020-04-08T22:03:04.955 Renaming file columns
[info | deidentify]: 2020-04-08T22:03:04.956 Checking for primary column
[info | deidentify]: 2020-04-08T22:03:04.965 ====================== Processing dx_messy_dates ======================
[info | deidentify]: 2020-04-08T22:03:04.965 Reading data from ./data/dx_messy_dates.csv
[info | deidentify]: 2020-04-08T22:03:04.968 Renaming file columns
[info | deidentify]: 2020-04-08T22:03:04.968 Checking for primary column
┌ Warning: Could not date shift non-date value NULL
└ @ DeIdentification ~/.julia/packages/DeIdentification/j8RTi/src/de_identify.jl:183
┌ Warning: Could not date shift non-date value NULL
└ @ DeIdentification ~/.julia/packages/DeIdentification/j8RTi/src/de_identify.jl:183
┌ Warning: Could not date shift non-date value NULL
└ @ DeIdentification ~/.julia/packages/DeIdentification/j8RTi/src/de_identify.jl:183
┌ Warning: Could not date shift non-date value NULL
└ @ DeIdentification ~/.julia/packages/DeIdentification/j8RTi/src/de_identify.jl:183
┌ Warning: Could not date shift non-date value NULL
└ @ DeIdentification ~/.julia/packages/DeIdentification/j8RTi/src/de_identify.jl:183
┌ Warning: Could not date shift non-date value NULL
└ @ DeIdentification ~/.julia/packages/DeIdentification/j8RTi/src/de_identify.jl:183
┌ Warning: Could not date shift non-date value NULL
└ @ DeIdentification ~/.julia/packages/DeIdentification/j8RTi/src/de_identify.jl:183
┌ Warning: Could not date shift non-date value NULL
└ @ DeIdentification ~/.julia/packages/DeIdentification/j8RTi/src/de_identify.jl:183
┌ Warning: Could not date shift non-date value NULL
└ @ DeIdentification ~/.julia/packages/DeIdentification/j8RTi/src/de_identify.jl:183
┌ Warning: Could not date shift non-date value NULL
└ @ DeIdentification ~/.julia/packages/DeIdentification/j8RTi/src/de_identify.jl:183
┌ Warning: Could not date shift non-date value WIKKA
└ @ DeIdentification ~/.julia/packages/DeIdentification/j8RTi/src/de_identify.jl:183
[info | deidentify]: 2020-04-08T22:03:04.982 ====================== Processing pat ======================
[info | deidentify]: 2020-04-08T22:03:04.982 Reading data from ./data/pat.csv
[info | deidentify]: 2020-04-08T22:03:04.984 Renaming file columns
[info | deidentify]: 2020-04-08T22:03:04.984 Checking for primary column
[info | deidentify]: 2020-04-08T22:03:05.074 ====================== Processing med ======================
[info | deidentify]: 2020-04-08T22:03:05.074 Reading data from ./data/med.csv
[info | deidentify]: 2020-04-08T22:03:05.076 Renaming file columns
[info | deidentify]: 2020-04-08T22:03:05.076 Checking for primary column
[info | deidentify]: 2020-04-08T22:03:05.08 Writing ID dictionaries to ./output/id_dicts_20200408220305.json
[info | deidentify]: 2020-04-08T22:03:05.08 Writing dateshift values to ./output/dateshifts_20200408220305.json
[info | deidentify]: 2020-04-08T22:03:05.081 Writing salt values to ./output/salts_20200408220305.json
[info | deidentify]: 2020-04-08T22:03:05.081 Logging session for project ehr
[info | deidentify]: 2020-04-08T22:03:05.081 Setting seed for project ehr
[info | deidentify]: 2020-04-08T22:03:05.082 ====================== Processing dx ======================
[info | deidentify]: 2020-04-08T22:03:05.082 Reading data from ./data/dx.csv
[info | deidentify]: 2020-04-08T22:03:05.084 Renaming file columns
[info | deidentify]: 2020-04-08T22:03:05.084 Checking for primary column
[info | deidentify]: 2020-04-08T22:03:05.094 ====================== Processing dx_custom_dates ======================
[info | deidentify]: 2020-04-08T22:03:05.094 Reading data from ./data/dx_different_date_format.csv
[info | deidentify]: 2020-04-08T22:03:05.097 Renaming file columns
[info | deidentify]: 2020-04-08T22:03:05.097 Checking for primary column
[info | deidentify]: 2020-04-08T22:03:05.107 ====================== Processing dx_messy_dates ======================
[info | deidentify]: 2020-04-08T22:03:05.107 Reading data from ./data/dx_messy_dates.csv
[info | deidentify]: 2020-04-08T22:03:05.109 Renaming file columns
[info | deidentify]: 2020-04-08T22:03:05.11 Checking for primary column
┌ Warning: Could not date shift non-date value NULL
└ @ DeIdentification ~/.julia/packages/DeIdentification/j8RTi/src/de_identify.jl:183
┌ Warning: Could not date shift non-date value NULL
└ @ DeIdentification ~/.julia/packages/DeIdentification/j8RTi/src/de_identify.jl:183
┌ Warning: Could not date shift non-date value NULL
└ @ DeIdentification ~/.julia/packages/DeIdentification/j8RTi/src/de_identify.jl:183
┌ Warning: Could not date shift non-date value NULL
└ @ DeIdentification ~/.julia/packages/DeIdentification/j8RTi/src/de_identify.jl:183
┌ Warning: Could not date shift non-date value NULL
└ @ DeIdentification ~/.julia/packages/DeIdentification/j8RTi/src/de_identify.jl:183
┌ Warning: Could not date shift non-date value NULL
└ @ DeIdentification ~/.julia/packages/DeIdentification/j8RTi/src/de_identify.jl:183
┌ Warning: Could not date shift non-date value NULL
└ @ DeIdentification ~/.julia/packages/DeIdentification/j8RTi/src/de_identify.jl:183
┌ Warning: Could not date shift non-date value NULL
└ @ DeIdentification ~/.julia/packages/DeIdentification/j8RTi/src/de_identify.jl:183
┌ Warning: Could not date shift non-date value NULL
└ @ DeIdentification ~/.julia/packages/DeIdentification/j8RTi/src/de_identify.jl:183
┌ Warning: Could not date shift non-date value NULL
└ @ DeIdentification ~/.julia/packages/DeIdentification/j8RTi/src/de_identify.jl:183
┌ Warning: Could not date shift non-date value WIKKA
└ @ DeIdentification ~/.julia/packages/DeIdentification/j8RTi/src/de_identify.jl:183
[info | deidentify]: 2020-04-08T22:03:05.124 ====================== Processing pat ======================
[info | deidentify]: 2020-04-08T22:03:05.124 Reading data from ./data/pat.csv
[info | deidentify]: 2020-04-08T22:03:05.126 Renaming file columns
[info | deidentify]: 2020-04-08T22:03:05.126 Checking for primary column
[info | deidentify]: 2020-04-08T22:03:05.215 ====================== Processing med ======================
[info | deidentify]: 2020-04-08T22:03:05.216 Reading data from ./data/med.csv
[info | deidentify]: 2020-04-08T22:03:05.217 Renaming file columns
[info | deidentify]: 2020-04-08T22:03:05.217 Checking for primary column
[info | deidentify]: 2020-04-08T22:03:05.221 Writing ID dictionaries to ./output/id_dicts_20200408220305.json
[info | deidentify]: 2020-04-08T22:03:05.222 Writing dateshift values to ./output/dateshifts_20200408220305.json
[info | deidentify]: 2020-04-08T22:03:05.222 Writing salt values to ./output/salts_20200408220305.json
[info | deidentify]: 2020-04-08T22:03:05.223 Logging session for project ehr
[info | deidentify]: 2020-04-08T22:03:05.223 Setting seed for project ehr
[info | deidentify]: 2020-04-08T22:03:05.223 ====================== Processing dx ======================
[info | deidentify]: 2020-04-08T22:03:05.223 Reading data from ./data/dx.csv
[info | deidentify]: 2020-04-08T22:03:05.226 Renaming file columns
[info | deidentify]: 2020-04-08T22:03:05.226 Checking for primary column
[info | deidentify]: 2020-04-08T22:03:05.236 ====================== Processing pat ======================
[info | deidentify]: 2020-04-08T22:03:05.236 Reading data from ./data/pat.csv
[info | deidentify]: 2020-04-08T22:03:05.238 Renaming file columns
[info | deidentify]: 2020-04-08T22:03:05.238 Checking for primary column
[info | deidentify]: 2020-04-08T22:03:05.32 ====================== Processing med ======================
[info | deidentify]: 2020-04-08T22:03:05.32 Reading data from ./data/med.csv
[info | deidentify]: 2020-04-08T22:03:05.321 Renaming file columns
[info | deidentify]: 2020-04-08T22:03:05.322 Checking for primary column
[info | deidentify]: 2020-04-08T22:03:05.325 Writing ID dictionaries to ./output/id_dicts_20200408220305.json
[info | deidentify]: 2020-04-08T22:03:05.326 Writing dateshift values to ./output/dateshifts_20200408220305.json
[info | deidentify]: 2020-04-08T22:03:05.326 Writing salt values to ./output/salts_20200408220305.json
Test Summary: | Pass  Total
hash seeding  |    2      2
[info | deidentify]: 2020-04-08T22:03:05.436 Logging session for project ehr
[info | deidentify]: 2020-04-08T22:03:05.436 Setting seed for project ehr
[info | deidentify]: 2020-04-08T22:03:05.437 ====================== Processing dx ======================
[info | deidentify]: 2020-04-08T22:03:05.437 Reading data from ./data/dx.csv
[info | deidentify]: 2020-04-08T22:03:05.44 Renaming file columns
[info | deidentify]: 2020-04-08T22:03:05.44 Checking for primary column
[info | deidentify]: 2020-04-08T22:03:05.45 ====================== Processing pat ======================
[info | deidentify]: 2020-04-08T22:03:05.451 Reading data from ./data/pat.csv
[info | deidentify]: 2020-04-08T22:03:05.453 Renaming file columns
[info | deidentify]: 2020-04-08T22:03:05.453 Checking for primary column
[info | deidentify]: 2020-04-08T22:03:05.543 ====================== Processing med ======================
[info | deidentify]: 2020-04-08T22:03:05.543 Reading data from ./data/med.csv
[info | deidentify]: 2020-04-08T22:03:05.545 Renaming file columns
[info | deidentify]: 2020-04-08T22:03:05.545 Checking for primary column
[info | deidentify]: 2020-04-08T22:03:05.55 Writing ID dictionaries to ./path/to/new/output/id_dicts_20200408220305.json
[info | deidentify]: 2020-04-08T22:03:05.551 Writing dateshift values to ./path/to/new/output/dateshifts_20200408220305.json
[info | deidentify]: 2020-04-08T22:03:05.551 Writing salt values to ./path/to/new/output/salts_20200408220305.json
Test Summary:             | Pass  Total
create output directories |    2      2
    Testing DeIdentification tests passed 
