Julia Version 1.3.2-pre.0
Commit 2e6715c045 (2019-12-31 00:49 UTC)
Platform Info:
  OS: Linux (x86_64-linux-gnu)
  CPU: Intel(R) Xeon(R) Silver 4114 CPU @ 2.20GHz
  WORD_SIZE: 64
  LIBM: libopenlibm
  LLVM: libLLVM-6.0.1 (ORCJIT, skylake)
Environment:
  JULIA_DEPOT_PATH = ::/usr/local/share/julia

 Resolving package versions...
 Installed Requires ──────────────────── v1.0.0
 Installed Inflate ───────────────────── v0.1.1
 Installed IteratorInterfaceExtensions ─ v1.0.0
 Installed ArrayInterface ────────────── v2.3.1
 Installed SpecialFunctions ──────────── v0.9.0
 Installed ArnoldiMethod ─────────────── v0.0.4
 Installed DiffRules ─────────────────── v1.0.0
 Installed DelayDiffEq ───────────────── v5.19.0
 Installed MacroTools ────────────────── v0.5.3
 Installed TreeViews ─────────────────── v0.3.0
 Installed RecursiveArrayTools ───────── v1.2.1
 Installed DocStringExtensions ───────── v0.8.1
 Installed OpenSpecFun_jll ───────────── v0.5.3+1
 Installed DataStructures ────────────── v0.17.6
 Installed RecursiveFactorization ────── v0.1.0
 Installed Parameters ────────────────── v0.12.0
 Installed CommonSubexpressions ──────── v0.2.0
 Installed SimpleTraits ──────────────── v0.9.1
 Installed Compat ────────────────────── v2.2.0
 Installed NaNMath ───────────────────── v0.3.3
 Installed ForwardDiff ───────────────── v0.10.8
 Installed VertexSafeGraphs ──────────── v0.1.0
 Installed Roots ─────────────────────── v0.8.4
 Installed FunctionWrappers ──────────── v1.0.0
 Installed ExponentialUtilities ──────── v1.6.0
 Installed DiffEqBase ────────────────── v6.10.0
 Installed MuladdMacro ───────────────── v0.2.1
 Installed RecipesBase ───────────────── v0.7.0
 Installed IterativeSolvers ──────────── v0.8.1
 Installed SparseDiffTools ───────────── v1.2.0
 Installed Adapt ─────────────────────── v1.0.0
 Installed Reexport ──────────────────── v0.2.0
 Installed GenericSVD ────────────────── v0.2.2
 Installed StaticArrays ──────────────── v0.12.1
 Installed TableTraits ───────────────── v1.0.0
 Installed ZygoteRules ───────────────── v0.2.0
 Installed DiffEqDiffTools ───────────── v1.7.0
 Installed OrderedCollections ────────── v1.1.0
 Installed DiffResults ───────────────── v1.0.2
 Installed LightGraphs ───────────────── v1.3.0
 Installed OrdinaryDiffEq ────────────── v5.26.7
  Updating `~/.julia/environments/v1.3/Project.toml`
  [bcd4f6db] + DelayDiffEq v5.19.0
  Updating `~/.julia/environments/v1.3/Manifest.toml`
  [79e6a3ab] + Adapt v1.0.0
  [ec485272] + ArnoldiMethod v0.0.4
  [4fba245c] + ArrayInterface v2.3.1
  [bbf7d656] + CommonSubexpressions v0.2.0
  [34da2185] + Compat v2.2.0
  [864edb3b] + DataStructures v0.17.6
  [bcd4f6db] + DelayDiffEq v5.19.0
  [2b5f629d] + DiffEqBase v6.10.0
  [01453d9d] + DiffEqDiffTools v1.7.0
  [163ba53b] + DiffResults v1.0.2
  [b552c78f] + DiffRules v1.0.0
  [ffbed154] + DocStringExtensions v0.8.1
  [d4d017d3] + ExponentialUtilities v1.6.0
  [f6369f11] + ForwardDiff v0.10.8
  [069b7b12] + FunctionWrappers v1.0.0
  [01680d73] + GenericSVD v0.2.2
  [d25df0c9] + Inflate v0.1.1
  [42fd0dbc] + IterativeSolvers v0.8.1
  [82899510] + IteratorInterfaceExtensions v1.0.0
  [093fc24a] + LightGraphs v1.3.0
  [1914dd2f] + MacroTools v0.5.3
  [46d2c3a1] + MuladdMacro v0.2.1
  [77ba4419] + NaNMath v0.3.3
  [efe28fd5] + OpenSpecFun_jll v0.5.3+1
  [bac558e1] + OrderedCollections v1.1.0
  [1dea7af3] + OrdinaryDiffEq v5.26.7
  [d96e819e] + Parameters v0.12.0
  [3cdcf5f2] + RecipesBase v0.7.0
  [731186ca] + RecursiveArrayTools v1.2.1
  [f2c3362d] + RecursiveFactorization v0.1.0
  [189a3867] + Reexport v0.2.0
  [ae029012] + Requires v1.0.0
  [f2b01f46] + Roots v0.8.4
  [699a6c99] + SimpleTraits v0.9.1
  [47a9eef4] + SparseDiffTools v1.2.0
  [276daf66] + SpecialFunctions v0.9.0
  [90137ffa] + StaticArrays v0.12.1
  [3783bdb8] + TableTraits v1.0.0
  [a2a6695c] + TreeViews v0.3.0
  [19fa3120] + VertexSafeGraphs v0.1.0
  [700de1a5] + ZygoteRules v0.2.0
  [2a0f44e3] + Base64 
  [ade2ca70] + Dates 
  [8bb1440f] + DelimitedFiles 
  [8ba89e20] + Distributed 
  [b77e0a4c] + InteractiveUtils 
  [76f85450] + LibGit2 
  [8f399da3] + Libdl 
  [37e2e46d] + LinearAlgebra 
  [56ddb016] + Logging 
  [d6f4376e] + Markdown 
  [a63ad114] + Mmap 
  [44cfe95a] + Pkg 
  [de0858da] + Printf 
  [3fa0cd96] + REPL 
  [9a3f8284] + Random 
  [ea8e919c] + SHA 
  [9e88b42a] + Serialization 
  [1a1011a3] + SharedArrays 
  [6462fe0b] + Sockets 
  [2f01184e] + SparseArrays 
  [10745b16] + Statistics 
  [4607b0f0] + SuiteSparse 
  [8dfed614] + Test 
  [cf7118a7] + UUIDs 
  [4ec0a83e] + Unicode 
   Testing DelayDiffEq
 Resolving package versions...
 Installed Calculus ──────────────── v0.5.1
 Installed PoissonRandom ─────────── v0.4.0
 Installed DiffEqCallbacks ───────── v2.10.0
 Installed DiffEqProblemLibrary ──── v4.6.4
 Installed SymEngine ─────────────── v0.7.0
 Installed SafeTestsets ──────────── v0.0.1
 Installed DiffEqDevTools ────────── v2.16.1
 Installed Unitful ───────────────── v0.18.0
 Installed ProgressMeter ─────────── v1.2.0
 Installed BandedMatrices ────────── v0.14.2
 Installed DiffEqBiological ──────── v4.1.0
 Installed Quadmath ──────────────── v0.5.2
 Installed BlockBandedMatrices ───── v0.7.1
 Installed ModelingToolkit ───────── v1.1.2
 Installed DynamicPolynomials ────── v0.3.6
 Installed StaticPolynomials ─────── v1.3.3
 Installed PrettyTables ──────────── v0.6.0
 Installed NameResolution ────────── v0.1.3
 Installed GenericSchur ──────────── v0.3.0
 Installed ArrayLayouts ──────────── v0.1.5
 Installed ProjectiveVectors ─────── v1.1.2
 Installed HomotopyContinuation ──── v1.3.1
 Installed GeneralizedGenerated ──── v0.2.1
 Installed ResettableStacks ──────── v1.0.0
 Installed Tables ────────────────── v0.2.11
 Installed BinaryProvider ────────── v0.5.8
 Installed Polynomials ───────────── v0.6.0
 Installed MixedSubdivisions ─────── v1.0.0
 Installed MultivariatePolynomials ─ v0.3.5
 Installed LineSearches ──────────── v7.0.1
 Installed LaTeXStrings ──────────── v1.0.3
 Installed Distances ─────────────── v0.8.2
 Installed JuliaVariables ────────── v0.2.0
 Installed Latexify ──────────────── v0.12.0
 Installed RandomNumbers ─────────── v1.3.0
 Installed DiffEqJump ────────────── v6.4.0
 Installed BlockArrays ───────────── v0.11.1
 Installed FillArrays ────────────── v0.8.2
 Installed NLsolve ───────────────── v4.2.0
 Installed NNlib ─────────────────── v0.6.2
 Installed MutableArithmetics ────── v0.2.0
 Installed NLSolversBase ─────────── v7.5.0
 Installed FixedPolynomials ──────── v0.4.0
 Installed Crayons ───────────────── v4.0.1
 Installed DiffEqNoiseProcess ────── v3.7.0
 Installed Formatting ────────────── v0.4.1
 Installed DataAPI ───────────────── v1.1.0
 Installed ElasticArrays ─────────── v1.0.0
 Installed LazyArrays ────────────── v0.14.10
 Installed DataValueInterfaces ───── v1.0.0
 Installed DiffEqOperators ───────── v4.7.0
 Installed DoubleFloats ──────────── v0.9.11
 Installed CanonicalTraits ───────── v0.1.0
 Installed PrettyPrint ───────────── v0.1.0
 Installed MLStyle ───────────────── v0.3.1
 Installed MatrixFactorizations ──── v0.2.1
 Installed ConstructionBase ──────── v1.0.0
  Building SymEngine → `~/.julia/packages/SymEngine/zSUGO/deps/build.log`
  Building NNlib ────→ `~/.julia/packages/NNlib/udnNA/deps/build.log`
    Status `/tmp/jl_fg6e4J/Manifest.toml`
  [79e6a3ab] Adapt v1.0.0
  [ec485272] ArnoldiMethod v0.0.4
  [4fba245c] ArrayInterface v2.3.1
  [4c555306] ArrayLayouts v0.1.5
  [aae01518] BandedMatrices v0.14.2
  [b99e7846] BinaryProvider v0.5.8
  [8e7c35d0] BlockArrays v0.11.1
  [ffab5731] BlockBandedMatrices v0.7.1
  [49dc2e85] Calculus v0.5.1
  [a603d957] CanonicalTraits v0.1.0
  [bbf7d656] CommonSubexpressions v0.2.0
  [34da2185] Compat v2.2.0
  [187b0558] ConstructionBase v1.0.0
  [a8cc5b0e] Crayons v4.0.1
  [9a962f9c] DataAPI v1.1.0
  [864edb3b] DataStructures v0.17.6
  [e2d170a0] DataValueInterfaces v1.0.0
  [bcd4f6db] DelayDiffEq v5.19.0
  [2b5f629d] DiffEqBase v6.10.0
  [eb300fae] DiffEqBiological v4.1.0
  [459566f4] DiffEqCallbacks v2.10.0
  [f3b72e0c] DiffEqDevTools v2.16.1
  [01453d9d] DiffEqDiffTools v1.7.0
  [c894b116] DiffEqJump v6.4.0
  [77a26b50] DiffEqNoiseProcess v3.7.0
  [9fdde737] DiffEqOperators v4.7.0
  [a077e3f3] DiffEqProblemLibrary v4.6.4
  [163ba53b] DiffResults v1.0.2
  [b552c78f] DiffRules v1.0.0
  [b4f34e82] Distances v0.8.2
  [ffbed154] DocStringExtensions v0.8.1
  [497a8b3b] DoubleFloats v0.9.11
  [7c1d4256] DynamicPolynomials v0.3.6
  [fdbdab4c] ElasticArrays v1.0.0
  [d4d017d3] ExponentialUtilities v1.6.0
  [1a297f60] FillArrays v0.8.2
  [3dd14ad9] FixedPolynomials v0.4.0
  [59287772] Formatting v0.4.1
  [f6369f11] ForwardDiff v0.10.8
  [069b7b12] FunctionWrappers v1.0.0
  [6b9d7cbe] GeneralizedGenerated v0.2.1
  [01680d73] GenericSVD v0.2.2
  [c145ed77] GenericSchur v0.3.0
  [f213a82b] HomotopyContinuation v1.3.1
  [d25df0c9] Inflate v0.1.1
  [42fd0dbc] IterativeSolvers v0.8.1
  [82899510] IteratorInterfaceExtensions v1.0.0
  [b14d175d] JuliaVariables v0.2.0
  [b964fa9f] LaTeXStrings v1.0.3
  [23fbe1c1] Latexify v0.12.0
  [5078a376] LazyArrays v0.14.10
  [093fc24a] LightGraphs v1.3.0
  [d3d80556] LineSearches v7.0.1
  [d8e11817] MLStyle v0.3.1
  [1914dd2f] MacroTools v0.5.3
  [a3b82374] MatrixFactorizations v0.2.1
  [291d046c] MixedSubdivisions v1.0.0
  [961ee093] ModelingToolkit v1.1.2
  [46d2c3a1] MuladdMacro v0.2.1
  [102ac46a] MultivariatePolynomials v0.3.5
  [d8a4904e] MutableArithmetics v0.2.0
  [d41bc354] NLSolversBase v7.5.0
  [2774e3e8] NLsolve v4.2.0
  [872c559c] NNlib v0.6.2
  [77ba4419] NaNMath v0.3.3
  [71a1bf82] NameResolution v0.1.3
  [efe28fd5] OpenSpecFun_jll v0.5.3+1
  [bac558e1] OrderedCollections v1.1.0
  [1dea7af3] OrdinaryDiffEq v5.26.7
  [d96e819e] Parameters v0.12.0
  [e409e4f3] PoissonRandom v0.4.0
  [f27b6e38] Polynomials v0.6.0
  [8162dcfd] PrettyPrint v0.1.0
  [08abe8d2] PrettyTables v0.6.0
  [92933f4c] ProgressMeter v1.2.0
  [01f381cc] ProjectiveVectors v1.1.2
  [be4d8f0f] Quadmath v0.5.2
  [e6cf234a] RandomNumbers v1.3.0
  [3cdcf5f2] RecipesBase v0.7.0
  [731186ca] RecursiveArrayTools v1.2.1
  [f2c3362d] RecursiveFactorization v0.1.0
  [189a3867] Reexport v0.2.0
  [ae029012] Requires v1.0.0
  [ae5879a3] ResettableStacks v1.0.0
  [f2b01f46] Roots v0.8.4
  [1bc83da4] SafeTestsets v0.0.1
  [699a6c99] SimpleTraits v0.9.1
  [47a9eef4] SparseDiffTools v1.2.0
  [276daf66] SpecialFunctions v0.9.0
  [90137ffa] StaticArrays v0.12.1
  [62e018b1] StaticPolynomials v1.3.3
  [123dc426] SymEngine v0.7.0
  [3783bdb8] TableTraits v1.0.0
  [bd369af6] Tables v0.2.11
  [a2a6695c] TreeViews v0.3.0
  [1986cc42] Unitful v0.18.0
  [19fa3120] VertexSafeGraphs v0.1.0
  [700de1a5] ZygoteRules v0.2.0
  [2a0f44e3] Base64  [`@stdlib/Base64`]
  [ade2ca70] Dates  [`@stdlib/Dates`]
  [8bb1440f] DelimitedFiles  [`@stdlib/DelimitedFiles`]
  [8ba89e20] Distributed  [`@stdlib/Distributed`]
  [9fa8497b] Future  [`@stdlib/Future`]
  [b77e0a4c] InteractiveUtils  [`@stdlib/InteractiveUtils`]
  [76f85450] LibGit2  [`@stdlib/LibGit2`]
  [8f399da3] Libdl  [`@stdlib/Libdl`]
  [37e2e46d] LinearAlgebra  [`@stdlib/LinearAlgebra`]
  [56ddb016] Logging  [`@stdlib/Logging`]
  [d6f4376e] Markdown  [`@stdlib/Markdown`]
  [a63ad114] Mmap  [`@stdlib/Mmap`]
  [44cfe95a] Pkg  [`@stdlib/Pkg`]
  [de0858da] Printf  [`@stdlib/Printf`]
  [3fa0cd96] REPL  [`@stdlib/REPL`]
  [9a3f8284] Random  [`@stdlib/Random`]
  [ea8e919c] SHA  [`@stdlib/SHA`]
  [9e88b42a] Serialization  [`@stdlib/Serialization`]
  [1a1011a3] SharedArrays  [`@stdlib/SharedArrays`]
  [6462fe0b] Sockets  [`@stdlib/Sockets`]
  [2f01184e] SparseArrays  [`@stdlib/SparseArrays`]
  [10745b16] Statistics  [`@stdlib/Statistics`]
  [4607b0f0] SuiteSparse  [`@stdlib/SuiteSparse`]
  [8dfed614] Test  [`@stdlib/Test`]
  [cf7118a7] UUIDs  [`@stdlib/UUIDs`]
  [4ec0a83e] Unicode  [`@stdlib/Unicode`]
Test Summary: | Pass  Broken  Total
AD Tests      |    3       3      6
406.089460 seconds (161.95 M allocations: 6.576 GiB, 1.62% gc time)
Test Summary:   | Pass  Total
Backwards Tests |   12     12
 14.366699 seconds (11.92 M allocations: 613.001 MiB, 3.34% gc time)
Test Summary:            | Pass  Total
Composite Solution Tests |   12     12
 68.245650 seconds (67.84 M allocations: 3.253 GiB, 3.81% gc time)
Test Summary:                | Pass  Total
Constrained Time Steps Tests |   10     10
 33.127396 seconds (33.18 M allocations: 1.678 GiB, 4.22% gc time)
Test Summary:         | Pass  Total
Dependent Delay Tests |   17     17
 14.586923 seconds (14.96 M allocations: 585.967 MiB, 4.08% gc time)
Test Summary:       | Pass  Total
Discontinuity Tests |   23     23
  3.876704 seconds (2.98 M allocations: 146.068 MiB, 2.43% gc time)
Test Summary: | Pass  Total
Export Tests  |    1      1
  0.125246 seconds (126.17 k allocations: 6.288 MiB)
Test Summary:               | Pass  Broken  Total
Fixed-point Iteration Tests |   24      12     36
128.594543 seconds (64.82 M allocations: 2.825 GiB, 2.37% gc time)
Test Summary:          | Pass  Total
History Function Tests |   81     81
 17.241105 seconds (18.10 M allocations: 850.406 MiB, 2.94% gc time)
Test Summary:  | Pass  Broken  Total
Jacobian Tests |   34      34     68
129.715104 seconds (117.88 M allocations: 5.709 GiB, 5.64% gc time)
Test Summary:                | Pass  Total
Parameterized Function Tests |   12     12
 10.209007 seconds (6.85 M allocations: 332.016 MiB, 2.86% gc time)
Test Summary: | Pass  Total
saveat Tests  |  100    100
 10.931857 seconds (9.09 M allocations: 420.799 MiB, 5.26% gc time)
Test Summary:   | Pass  Total
save_idxs Tests |   52     52
 26.675330 seconds (22.02 M allocations: 1.049 GiB, 4.82% gc time)
Test Summary:                  | Pass  Total
Unconstrained Time Steps Tests |   15     15
 54.328404 seconds (36.88 M allocations: 1.762 GiB, 3.88% gc time)
Test Summary: | Pass  Total
Units Tests   |   13     13
 83.821831 seconds (46.10 M allocations: 2.197 GiB, 2.34% gc time)
Check for stochastic errors
Check some other integrators
Rosenbrock23
Rosenbrock32
Vern7
Euler
Midpoint
RK4
SSPRK22
SSPRK33
ORK256
CarpenterKennedy2N54
HSLDDRK64
DGLDDRK73_C
CFRLDDRK64
TSLDDRK74
CKLLSRK43_2
ParsaniKetchesonDeconinck3S32
BS3
BS5
DP5
DP8
Feagin10
Feagin12
Feagin14
TanYam7
Tsit5
TsitPap8
Vern6
Vern7
Vern8
Vern9
OwrenZen3
OwrenZen4
OwrenZen5
Rodas4
Rodas5
Test Summary: | Pass  Total
Cache Tests   |   45     45
495.302719 seconds (420.79 M allocations: 19.591 GiB, 4.27% gc time)
Test Summary: | Pass  Total
Event Tests   |    7      7
 32.385046 seconds (11.15 M allocations: 542.517 MiB, 1.01% gc time)
(tprev, t) = (0.0, 0.0625)
(tprev, t) = (0.0625, 0.5)
(tprev, t) = (0.5, 0.7113162729614714)
(tprev, t) = (0.7113162729614714, 0.8430750280339182)
(tprev, t) = (0.8430750280339182, 0.9210780782314043)
(tprev, t) = (0.9210780782314043, 0.9642703918488206)
(tprev, t) = (0.9642703918488206, 0.9861188456029072)
(tprev, t) = (0.9861188456029072, 0.9958083112749617)
(tprev, t) = (0.9958083112749617, 0.999268279782192)
(tprev, t) = (0.999268279782192, 1.0)
(tprev, t) = (1.0, 1.0003691106501282)
(tprev, t) = (1.0003691106501282, 1.004060217151411)
(tprev, t) = (1.004060217151411, 1.0409712821642392)
(tprev, t) = (1.0409712821642392, 1.4100819322925204)
(tprev, t) = (1.4100819322925204, 2.0)
(tprev, t) = (2.0, 2.2643438785165344)
(tprev, t) = (2.2643438785165344, 3.0)
(tprev, t) = (3.0, 3.4694315774247455)
(tprev, t) = (3.4694315774247455, 4.0)
(tprev, t) = (4.0, 4.681725498926003)
(tprev, t) = (4.681725498926003, 5.0)
(tprev, t) = (5.0, 5.646091554807268)
(tprev, t) = (5.646091554807268, 6.0)
(tprev, t) = (6.0, 6.632103897445186)
(tprev, t) = (6.632103897445186, 7.228995707122442)
(tprev, t) = (7.228995707122442, 8.666015687047528)
(tprev, t) = (8.666015687047528, 9.29844012816626)
(tprev, t) = (9.29844012816626, 10.0)
Test Summary:  | Pass  Total
Iterator Tests |   17     17
 11.799095 seconds (8.86 M allocations: 451.501 MiB, 1.97% gc time)
Test Summary:          | Pass  Total
Reinitialization Tests |    8      8
  1.088799 seconds (1.13 M allocations: 58.792 MiB, 7.77% gc time)
Test Summary:          | Pass  Total
Residual Control Tests |   18     18
  9.160545 seconds (9.00 M allocations: 390.962 MiB, 1.07% gc time)
Test Summary:     | Pass  Total
Return Code Tests |    6      6
  2.729295 seconds (2.26 M allocations: 122.065 MiB, 10.32% gc time)
Rosenbrock23
Rosenbrock32
ROS3P
Rodas3
RosShamp4
Veldd4
Velds4
GRK4T
GRK4A
Ros4LStab
Rodas4
Rodas42
Rodas4P
Rodas5
Test Summary:    | Pass  Total
Rosenbrock Tests |   42     42
204.060702 seconds (184.33 M allocations: 8.887 GiB, 4.19% gc time)
ImplicitMidpoint
SSPSDIRK2
KenCarp5
ImplicitEuler
Trapezoid
TRBDF2
SDIRK2
Kvaerno3
KenCarp3
Cash4
Hairer4
Hairer42
Kvaerno4
KenCarp4
Kvaerno5
ImplicitEuler
Trapezoid
TRBDF2
SDIRK2
Kvaerno3
KenCarp3
Cash4
Hairer4
Hairer42
Kvaerno4
KenCarp4
Kvaerno5
Test Summary: | Pass  Broken  Total
SDIRK Tests   |   45      36     81
384.820501 seconds (374.14 M allocations: 18.717 GiB, 4.90% gc time)
Test Summary:           | Pass  Total
Unique Timepoints Tests |    2      2
  3.553073 seconds (2.67 M allocations: 126.717 MiB, 3.51% gc time)
Vern6
Vern7
Vern8
Vern9
Mackey and Glass
Test Summary: | Pass  Total
Verner Tests  |   20     20
122.603428 seconds (81.27 M allocations: 3.613 GiB, 2.66% gc time)
Test Summary:   | Broken  Total
Inference Tests |     10     10
  5.676273 seconds (4.39 M allocations: 224.138 MiB, 2.16% gc time)
Test Summary:         | Pass  Total
Waltman Problem Tests |   26     26
 41.103935 seconds (40.10 M allocations: 1.771 GiB, 6.44% gc time)
   Testing DelayDiffEq tests passed 
