Julia Version 1.3.2-pre.0
Commit 2e6715c045 (2019-12-31 00:49 UTC)
Platform Info:
  OS: Linux (x86_64-linux-gnu)
  CPU: Intel(R) Xeon(R) Silver 4114 CPU @ 2.20GHz
  WORD_SIZE: 64
  LIBM: libopenlibm
  LLVM: libLLVM-6.0.1 (ORCJIT, skylake)
Environment:
  JULIA_DEPOT_PATH = ::/usr/local/share/julia
  JULIA_NUM_THREADS = 2

 Resolving package versions...
 Installed LowLevelFloatFunctions ─ v0.1.0
  Updating `~/.julia/environments/v1.3/Project.toml`
  [15a4fa57] + LowLevelFloatFunctions v0.1.0
  Updating `~/.julia/environments/v1.3/Manifest.toml`
  [15a4fa57] + LowLevelFloatFunctions v0.1.0
  [2a0f44e3] + Base64 
  [8ba89e20] + Distributed 
  [b77e0a4c] + InteractiveUtils 
  [56ddb016] + Logging 
  [d6f4376e] + Markdown 
  [9a3f8284] + Random 
  [9e88b42a] + Serialization 
  [6462fe0b] + Sockets 
  [8dfed614] + Test 
   Testing LowLevelFloatFunctions
    Status `/tmp/jl_t81uuK/Manifest.toml`
  [15a4fa57] LowLevelFloatFunctions v0.1.0
  [2a0f44e3] Base64  [`@stdlib/Base64`]
  [8ba89e20] Distributed  [`@stdlib/Distributed`]
  [b77e0a4c] InteractiveUtils  [`@stdlib/InteractiveUtils`]
  [56ddb016] Logging  [`@stdlib/Logging`]
  [d6f4376e] Markdown  [`@stdlib/Markdown`]
  [9a3f8284] Random  [`@stdlib/Random`]
  [9e88b42a] Serialization  [`@stdlib/Serialization`]
  [6462fe0b] Sockets  [`@stdlib/Sockets`]
  [8dfed614] Test  [`@stdlib/Test`]
WARNING: Method definition exponent_bias(Type{Float16}) in module Math at math.jl:42 overwritten in module LowLevelFloatFunctions at /home/pkgeval/.julia/packages/LowLevelFloatFunctions/RmGP5/src/LowLevelFloatFunctions.jl:47.
  ** incremental compilation may be fatally broken for this module **

WARNING: Method definition exponent_bias(Type{Float32}) in module Math at math.jl:42 overwritten in module LowLevelFloatFunctions at /home/pkgeval/.julia/packages/LowLevelFloatFunctions/RmGP5/src/LowLevelFloatFunctions.jl:48.
  ** incremental compilation may be fatally broken for this module **

WARNING: Method definition exponent_bias(Type{Float64}) in module Math at math.jl:42 overwritten in module LowLevelFloatFunctions at /home/pkgeval/.julia/packages/LowLevelFloatFunctions/RmGP5/src/LowLevelFloatFunctions.jl:49.
  ** incremental compilation may be fatally broken for this module **

Test Summary: | Pass  Total
constants     |   24     24
Test Summary:    | Pass  Total
value_extraction |    9      9
Test Summary: | Pass  Total
field_get     |    9      9
Test Summary: | Pass  Total
field_set     |    3      3
Test Summary:    | Pass  Total
characterization |    7      7
utilitiarian: Error During Test at /home/pkgeval/.julia/packages/LowLevelFloatFunctions/RmGP5/test/runtests.jl:89
  Test threw exception
  Expression: hexstring(sqrt2₆₄) == "3ff6a09e667f3bcd"
  UndefVarError: hexstring not defined
  Stacktrace:
   [1] top-level scope at /home/pkgeval/.julia/packages/LowLevelFloatFunctions/RmGP5/test/runtests.jl:89
   [2] top-level scope at /workspace/srcdir/usr/share/julia/stdlib/v1.3/Test/src/Test.jl:1107
   [3] top-level scope at /home/pkgeval/.julia/packages/LowLevelFloatFunctions/RmGP5/test/runtests.jl:87
  
utilitiarian: Error During Test at /home/pkgeval/.julia/packages/LowLevelFloatFunctions/RmGP5/test/runtests.jl:90
  Test threw exception
  Expression: hexstring(sqrt2₃₂) == "3fb504f3"
  UndefVarError: hexstring not defined
  Stacktrace:
   [1] top-level scope at /home/pkgeval/.julia/packages/LowLevelFloatFunctions/RmGP5/test/runtests.jl:90
   [2] top-level scope at /workspace/srcdir/usr/share/julia/stdlib/v1.3/Test/src/Test.jl:1107
   [3] top-level scope at /home/pkgeval/.julia/packages/LowLevelFloatFunctions/RmGP5/test/runtests.jl:87
  
Test Summary: | Pass  Error  Total
utilitiarian  |    2      2      4
ERROR: LoadError: Some tests did not pass: 2 passed, 0 failed, 2 errored, 0 broken.
in expression starting at /home/pkgeval/.julia/packages/LowLevelFloatFunctions/RmGP5/test/runtests.jl:86
ERROR: Package LowLevelFloatFunctions errored during testing
Stacktrace:
 [1] pkgerror(::String, ::Vararg{String,N} where N) at /workspace/srcdir/usr/share/julia/stdlib/v1.3/Pkg/src/Types.jl:113
 [2] #test#131(::Bool, ::Nothing, ::Cmd, ::Cmd, ::typeof(Pkg.Operations.test), ::Pkg.Types.Context, ::Array{Pkg.Types.PackageSpec,1}) at /workspace/srcdir/usr/share/julia/stdlib/v1.3/Pkg/src/Operations.jl:1372
 [3] #test at ./none:0 [inlined]
 [4] #test#62(::Bool, ::Nothing, ::Cmd, ::Cmd, ::Base.Iterators.Pairs{Union{},Union{},Tuple{},NamedTuple{(),Tuple{}}}, ::typeof(Pkg.API.test), ::Pkg.Types.Context, ::Array{Pkg.Types.PackageSpec,1}) at /workspace/srcdir/usr/share/julia/stdlib/v1.3/Pkg/src/API.jl:253
 [5] test(::Pkg.Types.Context, ::Array{Pkg.Types.PackageSpec,1}) at /workspace/srcdir/usr/share/julia/stdlib/v1.3/Pkg/src/API.jl:239
 [6] #test#61 at /workspace/srcdir/usr/share/julia/stdlib/v1.3/Pkg/src/API.jl:233 [inlined]
 [7] test at /workspace/srcdir/usr/share/julia/stdlib/v1.3/Pkg/src/API.jl:233 [inlined]
 [8] #test#60 at /workspace/srcdir/usr/share/julia/stdlib/v1.3/Pkg/src/API.jl:232 [inlined]
 [9] test at /workspace/srcdir/usr/share/julia/stdlib/v1.3/Pkg/src/API.jl:232 [inlined]
 [10] #test#59(::Base.Iterators.Pairs{Union{},Union{},Tuple{},NamedTuple{(),Tuple{}}}, ::typeof(Pkg.API.test), ::String) at /workspace/srcdir/usr/share/julia/stdlib/v1.3/Pkg/src/API.jl:231
 [11] test(::String) at /workspace/srcdir/usr/share/julia/stdlib/v1.3/Pkg/src/API.jl:231
 [12] top-level scope at none:13
