Julia Version 1.3.2-pre.0
Commit 2e6715c045 (2019-12-31 00:49 UTC)
Platform Info:
  OS: Linux (x86_64-linux-gnu)
  CPU: Intel(R) Xeon(R) Silver 4114 CPU @ 2.20GHz
  WORD_SIZE: 64
  LIBM: libopenlibm
  LLVM: libLLVM-6.0.1 (ORCJIT, skylake)
Environment:
  JULIA_DEPOT_PATH = ::/usr/local/share/julia

 Resolving package versions...
 Installed Reexport ───────── v0.2.0
 Installed FFTW_jll ───────── v3.3.9+3
 Installed RecipesBase ────── v0.7.0
 Installed FFTW ───────────── v1.2.0
 Installed Polynomials ────── v0.6.0
 Installed SpecialFunctions ─ v0.9.0
 Installed IterTools ──────── v1.3.0
 Installed IntelOpenMP_jll ── v2018.0.3+0
 Installed OpenSpecFun_jll ── v0.5.3+1
 Installed DSP ────────────── v0.6.2
 Installed MKL_jll ────────── v2019.0.117+0
 Installed AbstractFFTs ───── v0.5.0
 Installed EDFPlus ────────── v0.0.5
  Updating `~/.julia/environments/v1.3/Project.toml`
  [582d7a84] + EDFPlus v0.0.5
  Updating `~/.julia/environments/v1.3/Manifest.toml`
  [621f4979] + AbstractFFTs v0.5.0
  [717857b8] + DSP v0.6.2
  [582d7a84] + EDFPlus v0.0.5
  [7a1cc6ca] + FFTW v1.2.0
  [f5851436] + FFTW_jll v3.3.9+3
  [1d5cc7b8] + IntelOpenMP_jll v2018.0.3+0
  [c8e1da08] + IterTools v1.3.0
  [856f044c] + MKL_jll v2019.0.117+0
  [efe28fd5] + OpenSpecFun_jll v0.5.3+1
  [f27b6e38] + Polynomials v0.6.0
  [3cdcf5f2] + RecipesBase v0.7.0
  [189a3867] + Reexport v0.2.0
  [276daf66] + SpecialFunctions v0.9.0
  [2a0f44e3] + Base64 
  [ade2ca70] + Dates 
  [8ba89e20] + Distributed 
  [b77e0a4c] + InteractiveUtils 
  [76f85450] + LibGit2 
  [8f399da3] + Libdl 
  [37e2e46d] + LinearAlgebra 
  [56ddb016] + Logging 
  [d6f4376e] + Markdown 
  [44cfe95a] + Pkg 
  [de0858da] + Printf 
  [3fa0cd96] + REPL 
  [9a3f8284] + Random 
  [ea8e919c] + SHA 
  [9e88b42a] + Serialization 
  [6462fe0b] + Sockets 
  [2f01184e] + SparseArrays 
  [10745b16] + Statistics 
  [8dfed614] + Test 
  [cf7118a7] + UUIDs 
  [4ec0a83e] + Unicode 
  Building FFTW → `~/.julia/packages/FFTW/qqcBj/deps/build.log`
   Testing EDFPlus
    Status `/tmp/jl_3Gs0Fj/Manifest.toml`
  [621f4979] AbstractFFTs v0.5.0
  [717857b8] DSP v0.6.2
  [582d7a84] EDFPlus v0.0.5
  [7a1cc6ca] FFTW v1.2.0
  [f5851436] FFTW_jll v3.3.9+3
  [1d5cc7b8] IntelOpenMP_jll v2018.0.3+0
  [c8e1da08] IterTools v1.3.0
  [856f044c] MKL_jll v2019.0.117+0
  [efe28fd5] OpenSpecFun_jll v0.5.3+1
  [f27b6e38] Polynomials v0.6.0
  [3cdcf5f2] RecipesBase v0.7.0
  [189a3867] Reexport v0.2.0
  [276daf66] SpecialFunctions v0.9.0
  [2a0f44e3] Base64  [`@stdlib/Base64`]
  [ade2ca70] Dates  [`@stdlib/Dates`]
  [8ba89e20] Distributed  [`@stdlib/Distributed`]
  [b77e0a4c] InteractiveUtils  [`@stdlib/InteractiveUtils`]
  [76f85450] LibGit2  [`@stdlib/LibGit2`]
  [8f399da3] Libdl  [`@stdlib/Libdl`]
  [37e2e46d] LinearAlgebra  [`@stdlib/LinearAlgebra`]
  [56ddb016] Logging  [`@stdlib/Logging`]
  [d6f4376e] Markdown  [`@stdlib/Markdown`]
  [44cfe95a] Pkg  [`@stdlib/Pkg`]
  [de0858da] Printf  [`@stdlib/Printf`]
  [3fa0cd96] REPL  [`@stdlib/REPL`]
  [9a3f8284] Random  [`@stdlib/Random`]
  [ea8e919c] SHA  [`@stdlib/SHA`]
  [9e88b42a] Serialization  [`@stdlib/Serialization`]
  [6462fe0b] Sockets  [`@stdlib/Sockets`]
  [2f01184e] SparseArrays  [`@stdlib/SparseArrays`]
  [10745b16] Statistics  [`@stdlib/Statistics`]
  [8dfed614] Test  [`@stdlib/Test`]
  [cf7118a7] UUIDs  [`@stdlib/UUIDs`]
  [4ec0a83e] Unicode  [`@stdlib/Unicode`]
 14.708474 seconds (19.25 M allocations: 1.091 GiB, 6.39% gc time)
NEWedfplustestfile.edf written successfully, 24059956 bytes.
NEWsamplefrombiosemicom.bdf written successfully, 6271488 bytes.
NEWbdfplusfromedfplus.bdf written successfully, 36085966 bytes.
NEWedfplusfrombdfplus.edf written successfully, 24059956 bytes.
 17.026273 seconds (65.28 M allocations: 4.784 GiB, 10.80% gc time)
   Testing EDFPlus tests passed 
