Current time is 2020-10-25T22:08:45.867
Julia Version 1.5.3-pre.0
Commit 5905edebb1 (2020-09-24 05:09 UTC)
Platform Info:
  OS: Linux (x86_64-pc-linux-gnu)
  CPU: AMD EPYC 7502 32-Core Processor
  WORD_SIZE: 64
  LIBM: libopenlibm
  LLVM: libLLVM-9.0.1 (ORCJIT, znver2)
Environment:
  JULIA_DEPOT_PATH = ::/usr/local/share/julia
  JULIA_NUM_THREADS = 2
  JULIA_MAX_NUM_PRECOMPILE_FILES = 9223372036854775807
  JULIA_PKG_SERVER = 

Starting installation at 2020-10-25T22:08:48.819
  Resolving package versions...
  Installed Bzip2_jll ────────── v1.0.6+5
  Installed Pavito ───────────── v0.3.0
  Installed ZipFile ──────────── v0.9.3
  Installed CodecBzip2 ───────── v0.7.2
  Installed TranscodingStreams ─ v0.9.5
  Installed MbedTLS ──────────── v1.0.2
  Installed HTTP ─────────────── v0.8.19
  Installed MathOptInterface ─── v0.9.17
  Installed Zlib_jll ─────────── v1.2.11+18
  Installed MbedTLS_jll ──────── v2.16.8+0
  Installed CodecZlib ────────── v0.7.0
  Installed Parsers ──────────── v1.0.11
  Installed Artifacts ────────── v1.3.0
  Installed JSON ─────────────── v0.21.1
  Installed IniFile ──────────── v0.5.0
  Installed JLLWrappers ──────── v1.1.3
  Installed JSONSchema ───────── v0.3.2
  Installed OrderedCollections ─ v1.3.1
  Installed BenchmarkTools ───── v0.5.0
  Installed MutableArithmetics ─ v0.2.10
Updating `~/.julia/environments/v1.5/Project.toml`
  [cd433a01] + Pavito v0.3.0
Updating `~/.julia/environments/v1.5/Manifest.toml`
  [56f22d72] + Artifacts v1.3.0
  [6e4b80f9] + BenchmarkTools v0.5.0
  [6e34b625] + Bzip2_jll v1.0.6+5
  [523fee87] + CodecBzip2 v0.7.2
  [944b1d66] + CodecZlib v0.7.0
  [cd3eb016] + HTTP v0.8.19
  [83e8ac13] + IniFile v0.5.0
  [692b3bcd] + JLLWrappers v1.1.3
  [682c06a0] + JSON v0.21.1
  [7d188eb4] + JSONSchema v0.3.2
  [b8f27783] + MathOptInterface v0.9.17
  [739be429] + MbedTLS v1.0.2
  [c8ffd9c3] + MbedTLS_jll v2.16.8+0
  [d8a4904e] + MutableArithmetics v0.2.10
  [bac558e1] + OrderedCollections v1.3.1
  [69de0a69] + Parsers v1.0.11
  [cd433a01] + Pavito v0.3.0
  [3bb67fe8] + TranscodingStreams v0.9.5
  [a5390f91] + ZipFile v0.9.3
  [83775a58] + Zlib_jll v1.2.11+18
  [2a0f44e3] + Base64
  [ade2ca70] + Dates
  [8ba89e20] + Distributed
  [b77e0a4c] + InteractiveUtils
  [76f85450] + LibGit2
  [8f399da3] + Libdl
  [37e2e46d] + LinearAlgebra
  [56ddb016] + Logging
  [d6f4376e] + Markdown
  [a63ad114] + Mmap
  [44cfe95a] + Pkg
  [de0858da] + Printf
  [3fa0cd96] + REPL
  [9a3f8284] + Random
  [ea8e919c] + SHA
  [9e88b42a] + Serialization
  [6462fe0b] + Sockets
  [2f01184e] + SparseArrays
  [10745b16] + Statistics
  [8dfed614] + Test
  [cf7118a7] + UUIDs
  [4ec0a83e] + Unicode
Starting tests at 2020-10-25T22:08:54.725
    Testing Pavito
Status `/tmp/jl_95zfs3/Project.toml`
  [60bf3e95] GLPK v0.13.0
  [b6b21f68] Ipopt v0.6.3
  [4076af6c] JuMP v0.21.5
  [b8f27783] MathOptInterface v0.9.17
  [cd433a01] Pavito v0.3.0
  [56ddb016] Logging
  [de0858da] Printf
  [8dfed614] Test
Status `/tmp/jl_95zfs3/Manifest.toml`
  [ae81ac8f] ASL_jll v0.1.1+3
  [56f22d72] Artifacts v1.3.0
  [6e4b80f9] BenchmarkTools v0.5.0
  [b99e7846] BinaryProvider v0.5.10
  [6e34b625] Bzip2_jll v1.0.6+5
  [49dc2e85] Calculus v0.5.1
  [523fee87] CodecBzip2 v0.7.2
  [944b1d66] CodecZlib v0.7.0
  [bbf7d656] CommonSubexpressions v0.3.0
  [34da2185] Compat v3.22.0
  [e66e0078] CompilerSupportLibraries_jll v0.3.4+0
  [864edb3b] DataStructures v0.18.8
  [163ba53b] DiffResults v1.0.2
  [b552c78f] DiffRules v1.0.1
  [f6369f11] ForwardDiff v0.10.12
  [60bf3e95] GLPK v0.13.0
  [e8aa6df9] GLPK_jll v4.64.0+0
  [781609d7] GMP_jll v6.1.2+6
  [cd3eb016] HTTP v0.8.19
  [83e8ac13] IniFile v0.5.0
  [b6b21f68] Ipopt v0.6.3
  [9cc047cb] Ipopt_jll v3.13.2+0
  [692b3bcd] JLLWrappers v1.1.3
  [682c06a0] JSON v0.21.1
  [7d188eb4] JSONSchema v0.3.2
  [4076af6c] JuMP v0.21.5
  [d00139f3] METIS_jll v5.1.0+4
  [d7ed1dd3] MUMPS_seq_jll v5.2.1+3
  [1914dd2f] MacroTools v0.5.6
  [b8f27783] MathOptInterface v0.9.17
  [fdba3010] MathProgBase v0.7.8
  [739be429] MbedTLS v1.0.2
  [c8ffd9c3] MbedTLS_jll v2.16.8+0
  [d8a4904e] MutableArithmetics v0.2.10
  [77ba4419] NaNMath v0.3.4
  [656ef2d0] OpenBLAS32_jll v0.3.10+0
  [efe28fd5] OpenSpecFun_jll v0.5.3+4
  [bac558e1] OrderedCollections v1.3.1
  [69de0a69] Parsers v1.0.11
  [cd433a01] Pavito v0.3.0
  [276daf66] SpecialFunctions v0.10.3
  [90137ffa] StaticArrays v0.12.4
  [3bb67fe8] TranscodingStreams v0.9.5
  [a5390f91] ZipFile v0.9.3
  [83775a58] Zlib_jll v1.2.11+18
  [2a0f44e3] Base64
  [ade2ca70] Dates
  [8bb1440f] DelimitedFiles
  [8ba89e20] Distributed
  [b77e0a4c] InteractiveUtils
  [76f85450] LibGit2
  [8f399da3] Libdl
  [37e2e46d] LinearAlgebra
  [56ddb016] Logging
  [d6f4376e] Markdown
  [a63ad114] Mmap
  [44cfe95a] Pkg
  [de0858da] Printf
  [3fa0cd96] REPL
  [9a3f8284] Random
  [ea8e919c] SHA
  [9e88b42a] Serialization
  [1a1011a3] SharedArrays
  [6462fe0b] Sockets
  [2f01184e] SparseArrays
  [10745b16] Statistics
  [8dfed614] Test
  [cf7118a7] UUIDs
  [4ec0a83e] Unicode

MILP solvers:
 1  GLPK

NLP solvers:
 1  Ipopt


******************************************************************************
This program contains Ipopt, a library for large-scale nonlinear optimization.
 Ipopt is released as open source code under the Eclipse Public License (EPL).
         For more information visit http://projects.coin-or.org/Ipopt
******************************************************************************

┌ Warning: initial NLP relaxation terminated with status `NORM_LIMIT` which usually means that the problem is unbounded
└ @ Pavito ~/.julia/packages/Pavito/Yh8QQ/src/algorithm.jl:108
┌ Warning: initial NLP relaxation terminated with status `NORM_LIMIT` which usually means that the problem is unbounded
└ @ Pavito ~/.julia/packages/Pavito/Yh8QQ/src/algorithm.jl:108
Test Summary:    | Pass  Total
MOI tests - Iter |   66     66
┌ Warning: initial NLP relaxation terminated with status `NORM_LIMIT` which usually means that the problem is unbounded
└ @ Pavito ~/.julia/packages/Pavito/Yh8QQ/src/algorithm.jl:108
Test Summary:   | Pass  Total
MOI tests - MSD |   47     47

NLP models: Iter, GLPK, Ipopt
QP optimal                    ... :OPTIMAL          23.05 s
QP maximize                   ... :OPTIMAL           0.02 s
Nonconvex error               ... :ErrorException   10.77 s
Optimal                       ... :OPTIMAL           1.57 s
Infeasible 1                  ... ┌ Warning: initial NLP relaxation infeasible
└ @ Pavito ~/.julia/packages/Pavito/Yh8QQ/src/algorithm.jl:112
:LOCALLY_INFEASIBLE  0.03 s
Infeasible 2                  ... ┌ Warning: initial NLP relaxation infeasible
└ @ Pavito ~/.julia/packages/Pavito/Yh8QQ/src/algorithm.jl:112
:LOCALLY_INFEASIBLE  0.03 s
Continuous error              ... :ErrorException    0.14 s
Maximization                  ... :OPTIMAL           0.02 s
Nonlinear objective           ... :OPTIMAL           1.05 s

Test Summary:    | Pass  Total
Algorithm - Iter |   21     21

NLP models: MSD, GLPK, Ipopt
QP optimal                    ... :OPTIMAL           0.13 s
QP maximize                   ... :OPTIMAL           0.01 s
Nonconvex error               ... :ErrorException    0.01 s
Optimal                       ... :OPTIMAL           0.24 s
Infeasible 1                  ... ┌ Warning: initial NLP relaxation infeasible
└ @ Pavito ~/.julia/packages/Pavito/Yh8QQ/src/algorithm.jl:112
:LOCALLY_INFEASIBLE  0.02 s
Infeasible 2                  ... ┌ Warning: initial NLP relaxation infeasible
└ @ Pavito ~/.julia/packages/Pavito/Yh8QQ/src/algorithm.jl:112
:LOCALLY_INFEASIBLE  0.03 s
Continuous error              ... :ErrorException    0.00 s
Maximization                  ... :OPTIMAL           0.01 s
Nonlinear objective           ... ┌ Warning: Solver called a lazy callback with an integer-infeasible solution
└ @ Pavito ~/.julia/packages/Pavito/Yh8QQ/src/algorithm.jl:149
:OPTIMAL           0.62 s

Test Summary:   | Pass  Total
Algorithm - MSD |   21     21
    Testing Pavito tests passed 
Finished at 2020-10-25T22:14:02.854
