Julia Version 1.3.0
Commit 46ce4d7933 (2019-11-26 06:09 UTC)
Platform Info:
  OS: Linux (x86_64-pc-linux-gnu)
  CPU: Intel(R) Xeon(R) Silver 4114 CPU @ 2.20GHz
  WORD_SIZE: 64
  LIBM: libopenlibm
  LLVM: libLLVM-6.0.1 (ORCJIT, skylake)
Environment:
  JULIA_DEPOT_PATH = ::/usr/local/share/julia

 Resolving package versions...
 Installed HierarchicalMatrices ─ v0.2.0
  Updating `~/.julia/environments/v1.3/Project.toml`
  [7c893195] + HierarchicalMatrices v0.2.0
  Updating `~/.julia/environments/v1.3/Manifest.toml`
  [7c893195] + HierarchicalMatrices v0.2.0
  [8f399da3] + Libdl 
  [37e2e46d] + LinearAlgebra 
   Testing HierarchicalMatrices
 Resolving package versions...
    Status `/tmp/jl_7YaajN/Manifest.toml`
  [7c893195] HierarchicalMatrices v0.2.0
  [2a0f44e3] Base64  [`@stdlib/Base64`]
  [8ba89e20] Distributed  [`@stdlib/Distributed`]
  [b77e0a4c] InteractiveUtils  [`@stdlib/InteractiveUtils`]
  [8f399da3] Libdl  [`@stdlib/Libdl`]
  [37e2e46d] LinearAlgebra  [`@stdlib/LinearAlgebra`]
  [56ddb016] Logging  [`@stdlib/Logging`]
  [d6f4376e] Markdown  [`@stdlib/Markdown`]
  [9a3f8284] Random  [`@stdlib/Random`]
  [9e88b42a] Serialization  [`@stdlib/Serialization`]
  [6462fe0b] Sockets  [`@stdlib/Sockets`]
  [8dfed614] Test  [`@stdlib/Test`]

cauchykernel matrix construction at N = 1000

  0.771720 seconds (242.29 k allocations: 15.619 MiB, 1.24% gc time)
  0.006734 seconds (2.02 k allocations: 4.166 MiB)
  0.031736 seconds (504 allocations: 7.657 MiB)
  0.007205 seconds (2 allocations: 7.629 MiB)

cauchykernel matrix-vector multiplication at N = 1000

  0.197924 seconds (44.76 k allocations: 2.312 MiB)
  0.001567 seconds (2 allocations: 7.953 KiB)
  0.081766 seconds (1 allocation: 7.938 KiB)
  0.014821 seconds (1 allocation: 7.938 KiB)

2-norm relative error: 2.818697389162418e-16


cauchykernel matrix construction at N = 10000

  0.190331 seconds (16.61 k allocations: 68.576 MiB, 14.90% gc time)
  0.121962 seconds (16.61 k allocations: 68.576 MiB, 19.58% gc time)
  0.970134 seconds (2 allocations: 762.940 MiB, 12.87% gc time)
  1.059321 seconds (2 allocations: 762.940 MiB, 25.41% gc time)

cauchykernel matrix-vector multiplication at N = 10000

  0.058005 seconds (507 allocations: 86.094 KiB)
  0.025013 seconds (507 allocations: 86.094 KiB)
  0.272002 seconds (2 allocations: 78.203 KiB)
  0.125498 seconds (2 allocations: 78.203 KiB)

2-norm relative error: 1.946991273791118e-15


coulombkernel matrix construction at N = 1000

  0.480389 seconds (11.12 k allocations: 4.572 MiB)
  0.006474 seconds (2.02 k allocations: 4.166 MiB)
  0.034674 seconds (15.64 k allocations: 8.338 MiB)
  0.005443 seconds (2 allocations: 7.629 MiB)

coulombkernel matrix-vector multiplication at N = 1000

  0.001617 seconds (2 allocations: 7.953 KiB)
  0.001563 seconds (2 allocations: 7.953 KiB)
  0.055451 seconds (1 allocation: 7.938 KiB)
  0.000571 seconds (1 allocation: 7.938 KiB)

2-norm relative error: 2.5806181678850466e-15


coulombkernel matrix construction at N = 10000

  0.223601 seconds (16.61 k allocations: 68.576 MiB)
  0.169055 seconds (16.61 k allocations: 68.576 MiB)
  0.974443 seconds (2 allocations: 762.940 MiB, 8.54% gc time)
  0.797777 seconds (2 allocations: 762.940 MiB, 9.43% gc time)

coulombkernel matrix-vector multiplication at N = 10000

  0.024117 seconds (507 allocations: 86.094 KiB)
  0.027841 seconds (507 allocations: 86.094 KiB)
  0.089237 seconds (2 allocations: 78.203 KiB)
  0.131575 seconds (2 allocations: 78.203 KiB)

2-norm relative error: 3.488392104543743e-15


coulombprimekernel matrix construction at N = 1000

  0.605847 seconds (242.75 k allocations: 15.575 MiB)
  0.004949 seconds (2.02 k allocations: 4.166 MiB)
  0.034896 seconds (15.72 k allocations: 8.340 MiB)
  0.002634 seconds (2 allocations: 7.629 MiB)

coulombprimekernel matrix-vector multiplication at N = 1000

  0.001423 seconds (2 allocations: 7.953 KiB)
  0.001435 seconds (2 allocations: 7.953 KiB)
  0.023840 seconds (1 allocation: 7.938 KiB)
  0.014777 seconds (1 allocation: 7.938 KiB)

2-norm relative error: 3.7580544188760607e-16


coulombprimekernel matrix construction at N = 10000

  0.099820 seconds (16.61 k allocations: 68.576 MiB)
  0.272913 seconds (16.61 k allocations: 68.576 MiB)
  0.997164 seconds (2 allocations: 762.940 MiB, 9.51% gc time)
  0.870632 seconds (2 allocations: 762.940 MiB, 8.71% gc time)

coulombprimekernel matrix-vector multiplication at N = 10000

  0.024145 seconds (507 allocations: 86.094 KiB)
  0.023475 seconds (507 allocations: 86.094 KiB)
  0.087044 seconds (2 allocations: 78.203 KiB)
  0.066256 seconds (2 allocations: 78.203 KiB)

2-norm relative error: 1.539925165448831e-16


logkernel matrix construction at N = 1000

  0.853986 seconds (240.18 k allocations: 15.446 MiB)
  0.007454 seconds (2.02 k allocations: 4.166 MiB)
  0.046327 seconds (15.63 k allocations: 8.337 MiB)
  0.016357 seconds (2 allocations: 7.629 MiB)

logkernel matrix-vector multiplication at N = 1000

  0.001844 seconds (2 allocations: 7.953 KiB)
  0.001516 seconds (2 allocations: 7.953 KiB)
  0.000733 seconds (1 allocation: 7.938 KiB)
  0.000541 seconds (1 allocation: 7.938 KiB)

2-norm relative error: 9.02622392890849e-16


logkernel matrix construction at N = 10000

  0.223701 seconds (16.61 k allocations: 68.576 MiB)
  0.160830 seconds (16.61 k allocations: 68.576 MiB)
  2.477658 seconds (2 allocations: 762.940 MiB, 5.12% gc time)
  2.397614 seconds (2 allocations: 762.940 MiB, 3.33% gc time)

logkernel matrix-vector multiplication at N = 10000

  0.038893 seconds (507 allocations: 86.094 KiB)
  0.024367 seconds (507 allocations: 86.094 KiB)
  0.098894 seconds (2 allocations: 78.203 KiB)
  0.093798 seconds (2 allocations: 78.203 KiB)

2-norm relative error: 1.842137421642231e-15



cauchykernel matrix construction at N = 1000

  0.005550 seconds (1.73 k allocations: 4.149 MiB)
  0.005544 seconds (1.73 k allocations: 4.149 MiB)
  0.004660 seconds (2 allocations: 7.629 MiB)
  0.004844 seconds (2 allocations: 7.629 MiB)

cauchykernel matrix-vector multiplication at N = 1000

  0.001626 seconds (5 allocations: 8.000 KiB)
  0.001610 seconds (5 allocations: 8.000 KiB)
  0.001893 seconds (1 allocation: 7.938 KiB)
  0.001521 seconds (1 allocation: 7.938 KiB)

2-norm relative error: 1.5215142224315163e-16


cauchykernel matrix construction at N = 10000

  0.195922 seconds (16.70 k allocations: 70.265 MiB)
  0.124163 seconds (16.70 k allocations: 70.265 MiB)
  0.919585 seconds (2 allocations: 762.940 MiB, 11.01% gc time)
  0.848997 seconds (2 allocations: 762.940 MiB, 9.41% gc time)

cauchykernel matrix-vector multiplication at N = 10000

  0.022627 seconds (513 allocations: 86.188 KiB)
  0.022009 seconds (513 allocations: 86.188 KiB)
  0.075965 seconds (2 allocations: 78.203 KiB)
  0.132140 seconds (2 allocations: 78.203 KiB)

2-norm relative error: 2.011273946913695e-16


coulombkernel matrix construction at N = 1000

  0.006533 seconds (1.73 k allocations: 4.149 MiB)
  0.006489 seconds (1.73 k allocations: 4.149 MiB)
  0.002809 seconds (2 allocations: 7.629 MiB)
  0.009641 seconds (2 allocations: 7.629 MiB)

coulombkernel matrix-vector multiplication at N = 1000

  0.001152 seconds (5 allocations: 8.000 KiB)
  0.001081 seconds (5 allocations: 8.000 KiB)
  0.009961 seconds (1 allocation: 7.938 KiB)
  0.007166 seconds (1 allocation: 7.938 KiB)

2-norm relative error: 4.931238775119035e-17


coulombkernel matrix construction at N = 10000

  0.157888 seconds (16.70 k allocations: 70.265 MiB)
  0.077295 seconds (16.70 k allocations: 70.265 MiB)
  0.919148 seconds (2 allocations: 762.940 MiB, 10.87% gc time)
  0.900942 seconds (2 allocations: 762.940 MiB, 8.90% gc time)

coulombkernel matrix-vector multiplication at N = 10000

  0.052618 seconds (513 allocations: 86.188 KiB)
  0.037622 seconds (513 allocations: 86.188 KiB)
  0.075447 seconds (2 allocations: 78.203 KiB)
  0.076382 seconds (2 allocations: 78.203 KiB)

2-norm relative error: 1.1668519724777926e-16


coulombprimekernel matrix construction at N = 1000

  0.005558 seconds (1.73 k allocations: 4.149 MiB)
  0.005656 seconds (1.73 k allocations: 4.149 MiB)
  0.002932 seconds (2 allocations: 7.629 MiB)
  0.008613 seconds (2 allocations: 7.629 MiB)

coulombprimekernel matrix-vector multiplication at N = 1000

  0.001619 seconds (5 allocations: 8.000 KiB)
  0.001737 seconds (5 allocations: 8.000 KiB)
  0.034905 seconds (1 allocation: 7.938 KiB)
  0.020245 seconds (1 allocation: 7.938 KiB)

2-norm relative error: 1.5972003705583853e-17


coulombprimekernel matrix construction at N = 10000

  0.114563 seconds (16.70 k allocations: 70.265 MiB)
  0.084565 seconds (16.70 k allocations: 70.265 MiB)
  0.918493 seconds (2 allocations: 762.940 MiB, 12.77% gc time)
  0.894347 seconds (2 allocations: 762.940 MiB, 9.13% gc time)

coulombprimekernel matrix-vector multiplication at N = 10000

  0.023386 seconds (513 allocations: 86.188 KiB)
  0.023002 seconds (513 allocations: 86.188 KiB)
  0.117006 seconds (2 allocations: 78.203 KiB)
  0.133866 seconds (2 allocations: 78.203 KiB)

2-norm relative error: 1.4890223020946745e-16


logkernel matrix construction at N = 1000

  0.017784 seconds (1.73 k allocations: 4.149 MiB)
  0.015349 seconds (1.73 k allocations: 4.149 MiB)
  0.029712 seconds (2 allocations: 7.629 MiB)
  0.024477 seconds (2 allocations: 7.629 MiB)

logkernel matrix-vector multiplication at N = 1000

  0.001896 seconds (5 allocations: 8.000 KiB)
  0.001478 seconds (5 allocations: 8.000 KiB)
  0.029689 seconds (1 allocation: 7.938 KiB)
  0.003662 seconds (1 allocation: 7.938 KiB)

2-norm relative error: 4.2739292196631924e-15


logkernel matrix construction at N = 10000

  0.340009 seconds (16.70 k allocations: 70.265 MiB)
  0.160946 seconds (16.70 k allocations: 70.265 MiB)
  2.730885 seconds (2 allocations: 762.940 MiB, 3.56% gc time)
  2.494511 seconds (2 allocations: 762.940 MiB, 3.84% gc time)

logkernel matrix-vector multiplication at N = 10000

  0.024755 seconds (513 allocations: 86.188 KiB)
  0.022258 seconds (513 allocations: 86.188 KiB)
  0.131331 seconds (2 allocations: 78.203 KiB)
  0.074831 seconds (2 allocations: 78.203 KiB)

2-norm relative error: 1.7167877704261705e-15

   Testing HierarchicalMatrices tests passed 
