Julia Version 1.5.2-pre.25
Commit be8475f41a (2020-09-09 06:41 UTC)
Platform Info:
  OS: Linux (x86_64-linux-gnu)
  CPU: Intel(R) Xeon(R) Silver 4114 CPU @ 2.20GHz
  WORD_SIZE: 64
  LIBM: libopenlibm
  LLVM: libLLVM-9.0.1 (ORCJIT, skylake-avx512)
Environment:
  JULIA_DEPOT_PATH = ::/usr/local/share/julia
  JULIA_NUM_THREADS = 2

  Resolving package versions...
  Installed CompilerSupportLibraries_jll ─ v0.3.3+0
  Installed SortingAlgorithms ──────────── v0.3.1
  Installed Requires ───────────────────── v1.0.2
  Installed DataAPI ────────────────────── v1.3.0
  Installed ArgCheck ───────────────────── v2.1.0
  Installed ParameterHandling ──────────── v0.1.1
  Installed Roots ──────────────────────── v1.0.5
  Installed StatsBase ──────────────────── v0.33.1
  Installed Rmath_jll ──────────────────── v0.2.2+1
  Installed FillArrays ─────────────────── v0.9.6
  Installed OpenSpecFun_jll ────────────── v0.5.3+3
  Installed MappedArrays ───────────────── v0.2.2
  Installed Rmath ──────────────────────── v0.6.1
  Installed SpecialFunctions ───────────── v0.10.3
  Installed Bijectors ──────────────────── v0.8.3
  Installed NNlib ──────────────────────── v0.7.4
  Installed Compat ─────────────────────── v3.15.0
  Installed OrderedCollections ─────────── v1.3.0
  Installed Missings ───────────────────── v0.4.4
  Installed PDMats ─────────────────────── v0.10.0
  Installed StatsFuns ──────────────────── v0.9.5
  Installed QuadGK ─────────────────────── v2.4.1
  Installed Reexport ───────────────────── v0.2.0
  Installed DataStructures ─────────────── v0.18.4
  Installed Distributions ──────────────── v0.23.11
Updating `~/.julia/environments/v1.5/Project.toml`
  [2412ca09] + ParameterHandling v0.1.1
Updating `~/.julia/environments/v1.5/Manifest.toml`
  [dce04be8] + ArgCheck v2.1.0
  [76274a88] + Bijectors v0.8.3
  [34da2185] + Compat v3.15.0
  [e66e0078] + CompilerSupportLibraries_jll v0.3.3+0
  [9a962f9c] + DataAPI v1.3.0
  [864edb3b] + DataStructures v0.18.4
  [31c24e10] + Distributions v0.23.11
  [1a297f60] + FillArrays v0.9.6
  [dbb5928d] + MappedArrays v0.2.2
  [e1d29d7a] + Missings v0.4.4
  [872c559c] + NNlib v0.7.4
  [efe28fd5] + OpenSpecFun_jll v0.5.3+3
  [bac558e1] + OrderedCollections v1.3.0
  [90014a1f] + PDMats v0.10.0
  [2412ca09] + ParameterHandling v0.1.1
  [1fd47b50] + QuadGK v2.4.1
  [189a3867] + Reexport v0.2.0
  [ae029012] + Requires v1.0.2
  [79098fc4] + Rmath v0.6.1
  [f50d1b31] + Rmath_jll v0.2.2+1
  [f2b01f46] + Roots v1.0.5
  [a2af1166] + SortingAlgorithms v0.3.1
  [276daf66] + SpecialFunctions v0.10.3
  [2913bbd2] + StatsBase v0.33.1
  [4c63d2b9] + StatsFuns v0.9.5
  [2a0f44e3] + Base64
  [ade2ca70] + Dates
  [8bb1440f] + DelimitedFiles
  [8ba89e20] + Distributed
  [b77e0a4c] + InteractiveUtils
  [76f85450] + LibGit2
  [8f399da3] + Libdl
  [37e2e46d] + LinearAlgebra
  [56ddb016] + Logging
  [d6f4376e] + Markdown
  [a63ad114] + Mmap
  [44cfe95a] + Pkg
  [de0858da] + Printf
  [3fa0cd96] + REPL
  [9a3f8284] + Random
  [ea8e919c] + SHA
  [9e88b42a] + Serialization
  [1a1011a3] + SharedArrays
  [6462fe0b] + Sockets
  [2f01184e] + SparseArrays
  [10745b16] + Statistics
  [4607b0f0] + SuiteSparse
  [8dfed614] + Test
  [cf7118a7] + UUIDs
  [4ec0a83e] + Unicode
    Testing ParameterHandling
Status `/tmp/jl_YrZgrx/Project.toml`
  [76274a88] Bijectors v0.8.3
  [34da2185] Compat v3.15.0
  [31c24e10] Distributions v0.23.11
  [429524aa] Optim v1.1.0
  [90014a1f] PDMats v0.10.0
  [2412ca09] ParameterHandling v0.1.1
  [e88e6eb3] Zygote v0.5.6
  [8dfed614] Test
Status `/tmp/jl_YrZgrx/Manifest.toml`
  [621f4979] AbstractFFTs v0.5.0
  [dce04be8] ArgCheck v2.1.0
  [4fba245c] ArrayInterface v2.12.0
  [4c555306] ArrayLayouts v0.4.7
  [76274a88] Bijectors v0.8.3
  [082447d4] ChainRules v0.7.17
  [d360d2e6] ChainRulesCore v0.9.7
  [bbf7d656] CommonSubexpressions v0.3.0
  [34da2185] Compat v3.15.0
  [e66e0078] CompilerSupportLibraries_jll v0.3.3+0
  [adafc99b] CpuId v0.2.2
  [9a962f9c] DataAPI v1.3.0
  [864edb3b] DataStructures v0.18.4
  [163ba53b] DiffResults v1.0.2
  [b552c78f] DiffRules v1.0.1
  [31c24e10] Distributions v0.23.11
  [ffbed154] DocStringExtensions v0.8.3
  [1a297f60] FillArrays v0.9.6
  [6a86dc24] FiniteDiff v2.6.0
  [f6369f11] ForwardDiff v0.10.12
  [7869d1d1] IRTools v0.4.1
  [d3d80556] LineSearches v7.1.0
  [bdcacae8] LoopVectorization v0.8.26
  [1914dd2f] MacroTools v0.5.5
  [dbb5928d] MappedArrays v0.2.2
  [e1d29d7a] Missings v0.4.4
  [46d2c3a1] MuladdMacro v0.2.2
  [d41bc354] NLSolversBase v7.7.0
  [872c559c] NNlib v0.7.4
  [77ba4419] NaNMath v0.3.4
  [6fe1bfb0] OffsetArrays v1.1.3
  [efe28fd5] OpenSpecFun_jll v0.5.3+3
  [429524aa] Optim v1.1.0
  [bac558e1] OrderedCollections v1.3.0
  [90014a1f] PDMats v0.10.0
  [2412ca09] ParameterHandling v0.1.1
  [d96e819e] Parameters v0.12.1
  [85a6dd25] PositiveFactorizations v0.2.3
  [1fd47b50] QuadGK v2.4.1
  [189a3867] Reexport v0.2.0
  [ae029012] Requires v1.0.2
  [79098fc4] Rmath v0.6.1
  [f50d1b31] Rmath_jll v0.2.2+1
  [f2b01f46] Roots v1.0.5
  [21efa798] SIMDPirates v0.8.25
  [476501e8] SLEEFPirates v0.5.5
  [a2af1166] SortingAlgorithms v0.3.1
  [276daf66] SpecialFunctions v0.10.3
  [90137ffa] StaticArrays v0.12.4
  [2913bbd2] StatsBase v0.33.1
  [4c63d2b9] StatsFuns v0.9.5
  [3a884ed6] UnPack v1.0.2
  [3d5dd08c] VectorizationBase v0.12.33
  [e88e6eb3] Zygote v0.5.6
  [700de1a5] ZygoteRules v0.2.0
  [2a0f44e3] Base64
  [ade2ca70] Dates
  [8bb1440f] DelimitedFiles
  [8ba89e20] Distributed
  [9fa8497b] Future
  [b77e0a4c] InteractiveUtils
  [76f85450] LibGit2
  [8f399da3] Libdl
  [37e2e46d] LinearAlgebra
  [56ddb016] Logging
  [d6f4376e] Markdown
  [a63ad114] Mmap
  [44cfe95a] Pkg
  [de0858da] Printf
  [3fa0cd96] REPL
  [9a3f8284] Random
  [ea8e919c] SHA
  [9e88b42a] Serialization
  [1a1011a3] SharedArrays
  [6462fe0b] Sockets
  [2f01184e] SparseArrays
  [10745b16] Statistics
  [4607b0f0] SuiteSparse
  [8dfed614] Test
  [cf7118a7] UUIDs
  [4ec0a83e] Unicode
Test Summary:        | Pass  Total
ParameterHandling.jl |   49     49
    Testing ParameterHandling tests passed 
