Current time is 2020-10-25T21:59:35.398
Julia Version 1.5.3-pre.13
Commit 3de1115e9c (2020-10-23 21:58 UTC)
Platform Info:
  OS: Linux (x86_64-linux-gnu)
  CPU: AMD EPYC 7502 32-Core Processor
  WORD_SIZE: 64
  LIBM: libopenlibm
  LLVM: libLLVM-9.0.1 (ORCJIT, znver2)
Environment:
  JULIA_DEPOT_PATH = ::/usr/local/share/julia
  JULIA_NUM_THREADS = 2
  JULIA_MAX_NUM_PRECOMPILE_FILES = 9223372036854775807
  JULIA_PKG_SERVER = 

Starting installation at 2020-10-25T21:59:38.533
  Resolving package versions...
  Installed EnergyStatistics ─ v0.2.0
Updating `~/.julia/environments/v1.5/Project.toml`
  [631263cc] + EnergyStatistics v0.2.0
Updating `~/.julia/environments/v1.5/Manifest.toml`
  [631263cc] + EnergyStatistics v0.2.0
  [2a0f44e3] + Base64
  [8ba89e20] + Distributed
  [b77e0a4c] + InteractiveUtils
  [56ddb016] + Logging
  [d6f4376e] + Markdown
  [9a3f8284] + Random
  [9e88b42a] + Serialization
  [6462fe0b] + Sockets
  [8dfed614] + Test
Starting tests at 2020-10-25T21:59:40.63
    Testing EnergyStatistics
Status `/tmp/jl_7QPfs0/Project.toml`
  [631263cc] EnergyStatistics v0.2.0
  [8dfed614] Test
Status `/tmp/jl_7QPfs0/Manifest.toml`
  [631263cc] EnergyStatistics v0.2.0
  [2a0f44e3] Base64
  [8ba89e20] Distributed
  [b77e0a4c] InteractiveUtils
  [56ddb016] Logging
  [d6f4376e] Markdown
  [9a3f8284] Random
  [9e88b42a] Serialization
  [6462fe0b] Sockets
  [8dfed614] Test
Test Summary:  | Pass  Total
DistanceMatrix |    2      2
Test Summary: | Pass  Total
Double Center |    4      4
Test Summary:  | Pass  Total
Matrix Algebra |    3      3
Test Summary: | Pass  Total
Values        |    6      6
    Testing EnergyStatistics tests passed 
Finished at 2020-10-25T21:59:49.153
