Current time is 2020-10-25T21:18:45.23
Julia Version 1.5.3-pre.0
Commit 5905edebb1 (2020-09-24 05:09 UTC)
Platform Info:
  OS: Linux (x86_64-pc-linux-gnu)
  CPU: AMD EPYC 7502 32-Core Processor
  WORD_SIZE: 64
  LIBM: libopenlibm
  LLVM: libLLVM-9.0.1 (ORCJIT, znver2)
Environment:
  JULIA_DEPOT_PATH = ::/usr/local/share/julia
  JULIA_NUM_THREADS = 2
  JULIA_MAX_NUM_PRECOMPILE_FILES = 9223372036854775807
  JULIA_PKG_SERVER = 

Starting installation at 2020-10-25T21:18:48.291
  Resolving package versions...
  Installed XML2_jll ──────── v2.9.10+3
  Installed Libiconv_jll ──── v1.16.0+7
  Installed LightXML ──────── v0.9.0
  Installed AbstractStorage ─ v1.0.0
  Installed CloudSeis ─────── v1.0.0
  Installed TeaSeis ───────── v0.4.0
  Installed JSON ──────────── v0.21.1
  Installed JLLWrappers ───── v1.1.3
  Installed Zlib_jll ──────── v1.2.11+18
  Installed Artifacts ─────── v1.3.0
  Installed Parsers ───────── v1.0.11
Updating `~/.julia/environments/v1.5/Project.toml`
  [a8ea0714] + CloudSeis v1.0.0
Updating `~/.julia/environments/v1.5/Manifest.toml`
  [14dbef02] + AbstractStorage v1.0.0
  [56f22d72] + Artifacts v1.3.0
  [a8ea0714] + CloudSeis v1.0.0
  [692b3bcd] + JLLWrappers v1.1.3
  [682c06a0] + JSON v0.21.1
  [94ce4f54] + Libiconv_jll v1.16.0+7
  [9c8b4983] + LightXML v0.9.0
  [69de0a69] + Parsers v1.0.11
  [db5f7d96] + TeaSeis v0.4.0
  [02c8fc9c] + XML2_jll v2.9.10+3
  [83775a58] + Zlib_jll v1.2.11+18
  [2a0f44e3] + Base64
  [ade2ca70] + Dates
  [8ba89e20] + Distributed
  [b77e0a4c] + InteractiveUtils
  [76f85450] + LibGit2
  [8f399da3] + Libdl
  [56ddb016] + Logging
  [d6f4376e] + Markdown
  [a63ad114] + Mmap
  [44cfe95a] + Pkg
  [de0858da] + Printf
  [3fa0cd96] + REPL
  [9a3f8284] + Random
  [ea8e919c] + SHA
  [9e88b42a] + Serialization
  [6462fe0b] + Sockets
  [cf7118a7] + UUIDs
  [4ec0a83e] + Unicode
Starting tests at 2020-10-25T21:18:52.425
    Testing CloudSeis
Status `/tmp/jl_nFbVhY/Project.toml`
  [14dbef02] AbstractStorage v1.0.0
  [f239b30d] AzSessions v1.0.0
  [c6697862] AzStorage v1.0.0
  [a8ea0714] CloudSeis v1.0.0
  [37e990fb] FolderStorage v1.1.0
  [cd3eb016] HTTP v0.8.19
  [682c06a0] JSON v0.21.1
  [db5f7d96] TeaSeis v0.4.0
  [ade2ca70] Dates
  [8ba89e20] Distributed
  [9a3f8284] Random
  [8dfed614] Test
Status `/tmp/jl_nFbVhY/Manifest.toml`
  [14dbef02] AbstractStorage v1.0.0
  [56f22d72] Artifacts v1.3.0
  [f239b30d] AzSessions v1.0.0
  [c6697862] AzStorage v1.0.0
  [00c928b4] AzStorage_jll v0.1.0+0
  [a8ea0714] CloudSeis v1.0.0
  [e66e0078] CompilerSupportLibraries_jll v0.3.4+0
  [37e990fb] FolderStorage v1.1.0
  [cd3eb016] HTTP v0.8.19
  [83e8ac13] IniFile v0.5.0
  [692b3bcd] JLLWrappers v1.1.3
  [682c06a0] JSON v0.21.1
  [9b8beb19] JSONWebTokens v0.2.1
  [deac9b47] LibCURL_jll v7.71.1+0
  [29816b5a] LibSSH2_jll v1.9.0+3
  [94ce4f54] Libiconv_jll v1.16.0+7
  [9c8b4983] LightXML v0.9.0
  [739be429] MbedTLS v1.0.2
  [c8ffd9c3] MbedTLS_jll v2.16.8+0
  [69de0a69] Parsers v1.0.11
  [db5f7d96] TeaSeis v0.4.0
  [02c8fc9c] XML2_jll v2.9.10+3
  [83775a58] Zlib_jll v1.2.11+18
  [8e850ede] nghttp2_jll v1.40.0+2
  [2a0f44e3] Base64
  [ade2ca70] Dates
  [8ba89e20] Distributed
  [b77e0a4c] InteractiveUtils
  [76f85450] LibGit2
  [8f399da3] Libdl
  [56ddb016] Logging
  [d6f4376e] Markdown
  [a63ad114] Mmap
  [44cfe95a] Pkg
  [de0858da] Printf
  [3fa0cd96] REPL
  [9a3f8284] Random
  [ea8e919c] SHA
  [9e88b42a] Serialization
  [6462fe0b] Sockets
  [8dfed614] Test
  [cf7118a7] UUIDs
  [4ec0a83e] Unicode
Test Summary:          | Pass  Total
CloudSeis, cloud=POSIX |  877    877
    Testing CloudSeis tests passed 
Finished at 2020-10-25T21:21:11.296
