Julia Version 1.3.0
Commit 46ce4d7933 (2019-11-26 06:09 UTC)
Platform Info:
  OS: Linux (x86_64-pc-linux-gnu)
  CPU: Intel(R) Xeon(R) Silver 4114 CPU @ 2.20GHz
  WORD_SIZE: 64
  LIBM: libopenlibm
  LLVM: libLLVM-6.0.1 (ORCJIT, skylake)

   Cloning default registries into `~/.julia`
   Cloning registry from "https://github.com/JuliaRegistries/General.git"
[?25l    Fetching: [>                                        ]  0.0 %    Fetching: [=============>                           ]  31.5 %    Fetching: [================================>        ]  79.6 %[2K[?25h     Added registry `General` to `~/.julia/registries/General`
 Resolving package versions...
 Installed CodecZlib ────────── v0.6.0
 Installed WriteVTK ─────────── v1.2.2
 Installed LightXML ─────────── v0.8.1
 Installed TranscodingStreams ─ v0.9.5
 Installed BinaryProvider ───── v0.5.8
  Updating `~/.julia/environments/v1.3/Project.toml`
  [64499a7a] + WriteVTK v1.2.2
  Updating `~/.julia/environments/v1.3/Manifest.toml`
  [b99e7846] + BinaryProvider v0.5.8
  [944b1d66] + CodecZlib v0.6.0
  [9c8b4983] + LightXML v0.8.1
  [3bb67fe8] + TranscodingStreams v0.9.5
  [64499a7a] + WriteVTK v1.2.2
  [2a0f44e3] + Base64 
  [8ba89e20] + Distributed 
  [b77e0a4c] + InteractiveUtils 
  [8f399da3] + Libdl 
  [56ddb016] + Logging 
  [d6f4376e] + Markdown 
  [9a3f8284] + Random 
  [ea8e919c] + SHA 
  [9e88b42a] + Serialization 
  [6462fe0b] + Sockets 
  [8dfed614] + Test 
  Building CodecZlib → `~/.julia/packages/CodecZlib/5t9zO/deps/build.log`
  Building LightXML ─→ `~/.julia/packages/LightXML/W8FVT/deps/build.log`
   Testing WriteVTK
 Resolving package versions...
 Installed StaticArrays ─ v0.12.1
    Status `/tmp/jl_fXdaKw/Manifest.toml`
  [b99e7846] BinaryProvider v0.5.8
  [944b1d66] CodecZlib v0.6.0
  [9c8b4983] LightXML v0.8.1
  [90137ffa] StaticArrays v0.12.1
  [3bb67fe8] TranscodingStreams v0.9.5
  [64499a7a] WriteVTK v1.2.2
  [2a0f44e3] Base64  [`@stdlib/Base64`]
  [8ba89e20] Distributed  [`@stdlib/Distributed`]
  [b77e0a4c] InteractiveUtils  [`@stdlib/InteractiveUtils`]
  [8f399da3] Libdl  [`@stdlib/Libdl`]
  [37e2e46d] LinearAlgebra  [`@stdlib/LinearAlgebra`]
  [56ddb016] Logging  [`@stdlib/Logging`]
  [d6f4376e] Markdown  [`@stdlib/Markdown`]
  [de0858da] Printf  [`@stdlib/Printf`]
  [9a3f8284] Random  [`@stdlib/Random`]
  [ea8e919c] SHA  [`@stdlib/SHA`]
  [9e88b42a] Serialization  [`@stdlib/Serialization`]
  [6462fe0b] Sockets  [`@stdlib/Sockets`]
  [2f01184e] SparseArrays  [`@stdlib/SparseArrays`]
  [10745b16] Statistics  [`@stdlib/Statistics`]
  [8dfed614] Test  [`@stdlib/Test`]
  [4ec0a83e] Unicode  [`@stdlib/Unicode`]
TEST (first run): multiblock.jl
  4.461265 seconds (4.88 M allocations: 197.117 MiB, 4.66% gc time)
Saved:  multiblock.vtm  multiblock_1.vts  multiblock_2.vtr  multiblock_3.vtu

TEST (first run): rectilinear.jl
  0.394092 seconds (253.50 k allocations: 13.448 MiB, 2.76% gc time)
  0.137250 seconds (5.62 k allocations: 599.632 KiB)
Saved:  rectilinear_2D.vtr  rectilinear_3D.vtr

TEST (first run): imagedata.jl
  0.284113 seconds (26.37 k allocations: 1.439 MiB)
  0.226009 seconds (25.90 k allocations: 1.266 MiB)
  0.240297 seconds (59.01 k allocations: 3.063 MiB)
  0.044459 seconds (9.20 k allocations: 445.995 KiB)
Saved:   imagedata.vti  imagedata_2D.vti  imagedata_LinRange.vti  imagedata_StepRangeLen.vti

TEST (first run): structured.jl
  0.302315 seconds (289.91 k allocations: 14.817 MiB)
  0.356238 seconds (230.35 k allocations: 7.101 MiB)
Saved:  structured_2D.vts  structured_3D.vts

TEST (first run): unstructured.jl
  0.202160 seconds (160.08 k allocations: 8.720 MiB)
  0.015721 seconds (33.49 k allocations: 984.234 KiB)
  0.419960 seconds (1.30 M allocations: 26.803 MiB)
Saved:  unstructured_1D.vtu  unstructured_2D.vtu  unstructured_3D.vtu

TEST (first run): pvdCollection.jl
  0.707809 seconds (100.35 k allocations: 6.452 MiB)
Saved:  collection.pvd  collection_00.vtr  collection_01.vtr  collection_02.vtr  collection_03.vtr  collection_reload.pvd  collection_reload.vtr

TEST (first run): array.jl
  0.351871 seconds (189.35 k allocations: 11.027 MiB, 9.81% gc time)
Saved:  arraydata_2D.vti  arraydata_3D.vti  arrays.vti

============================================================

TEST (second run): multiblock.jl
  0.912116 seconds (1.68 M allocations: 36.079 MiB, 1.34% gc time)
Saved:  multiblock.vtm  multiblock_1.vts  multiblock_2.vtr  multiblock_3.vtu

TEST (second run): rectilinear.jl
  0.003758 seconds (607 allocations: 269.859 KiB)
  0.114633 seconds (609 allocations: 345.813 KiB)
Saved:  rectilinear_2D.vtr  rectilinear_3D.vtr

TEST (second run): imagedata.jl
  0.154442 seconds (15.46 k allocations: 918.323 KiB)
  0.058582 seconds (23.76 k allocations: 1.141 MiB)
  0.134570 seconds (12.23 k allocations: 740.808 KiB)
  0.019405 seconds (8.54 k allocations: 407.417 KiB)
Saved:   imagedata.vti  imagedata_2D.vti  imagedata_LinRange.vti  imagedata_StepRangeLen.vti

TEST (second run): structured.jl
  0.008684 seconds (2.57 k allocations: 278.750 KiB)
  0.286674 seconds (152.96 k allocations: 2.945 MiB)
Saved:  structured_2D.vts  structured_3D.vts

TEST (second run): unstructured.jl
  0.001444 seconds (586 allocations: 230.563 KiB)
  0.015877 seconds (33.49 k allocations: 984.234 KiB)
  0.438697 seconds (1.30 M allocations: 26.803 MiB)
Saved:  unstructured_1D.vtu  unstructured_2D.vtu  unstructured_3D.vtu

TEST (second run): pvdCollection.jl
  0.432860 seconds (3.98 k allocations: 1.541 MiB)
Saved:  collection.pvd  collection_00.vtr  collection_01.vtr  collection_02.vtr  collection_03.vtr  collection_reload.pvd  collection_reload.vtr

TEST (second run): array.jl
  0.111410 seconds (588 allocations: 1.080 MiB)
Saved:  arraydata_2D.vti  arraydata_3D.vti  arrays.vti

   Testing WriteVTK tests passed 
