Julia Version 1.4.2-pre.0
Commit ef4fe83698 (2020-04-15 16:24 UTC)
Platform Info:
  OS: Linux (x86_64-linux-gnu)
  CPU: Intel(R) Xeon(R) Silver 4114 CPU @ 2.20GHz
  WORD_SIZE: 64
  LIBM: libopenlibm
  LLVM: libLLVM-8.0.1 (ORCJIT, skylake)
Environment:
  JULIA_DEPOT_PATH = ::/usr/local/share/julia
  JULIA_NUM_THREADS = 2

  Resolving package versions...
  Installed Expokit ─ v0.2.0
   Updating `~/.julia/environments/v1.4/Project.toml`
  [a1e7a1ef] + Expokit v0.2.0
   Updating `~/.julia/environments/v1.4/Manifest.toml`
  [a1e7a1ef] + Expokit v0.2.0
  [2a0f44e3] + Base64 
  [8ba89e20] + Distributed 
  [b77e0a4c] + InteractiveUtils 
  [8f399da3] + Libdl 
  [37e2e46d] + LinearAlgebra 
  [56ddb016] + Logging 
  [d6f4376e] + Markdown 
  [9a3f8284] + Random 
  [9e88b42a] + Serialization 
  [6462fe0b] + Sockets 
  [2f01184e] + SparseArrays 
  [8dfed614] + Test 
    Testing Expokit
Status `/tmp/jl_CY1PU7/Manifest.toml`
  [a1e7a1ef] Expokit v0.2.0
  [2a0f44e3] Base64 
  [8ba89e20] Distributed 
  [b77e0a4c] InteractiveUtils 
  [8f399da3] Libdl 
  [37e2e46d] LinearAlgebra 
  [56ddb016] Logging 
  [d6f4376e] Markdown 
  [9a3f8284] Random 
  [9e88b42a] Serialization 
  [6462fe0b] Sockets 
  [2f01184e] SparseArrays 
  [8dfed614] Test 
testing real n=100 (first expmv, then expm)
residuum: 1.9153379335703297e-15
time dif: -0.5180159200000001

testing complex n=100 (first expmv, then expm)
residuum: 9.304576922166821e-16
time dif: -0.5523310269999999

testing real n=1000 (first expmv, then expm)
residuum: 7.692887933825325e-11
time dif: -8.272869442000001

testing complex n=1000 (first expmv, then expm)
residuum: 9.844506964982783e-15
time dif: -15.169848215

testing linear operator n=1000 (first expmv, then expm)
┌ Warning: opnorm(LinearOp, Inf) is not defined, fall back to using `anorm = 1.0`.
│ To suppress this warning, please specify the `anorm` keyword manually.
└ @ Expokit ~/.julia/packages/Expokit/fQbKs/src/expmv.jl:8
residuum: 2.6298921850910203e-14
time dif: 0.26006156800000024

testing 2x2 cases
residua: 1.1102230246251565e-16, 0.0

testing real n=1000 (first padm, then expm)
residuum: 2.2767679541388176e-16
time dif: -2.4857715130000004

testing complex n=100 (first padm, then expm)
residuum: 1.4178249561908668e-16
time dif: 0.5200211420000009

testing real n=100 (first chbv, then expm)
residuum: 2.770733621159182e-12
time dif: 7.1410430609999995

testing complex n=100 (first chbv, then expm)
residuum: 3.0267490245692365e-12
time dif: 29.649465217

testing real n=1000 (first chbv, then expm)
residuum: 4.3768039239378794e-12
time dif: 45.928844521

testing real n=100 (first phimv, then expm)
residuum: 1.0971960273625923e-15
time dif: -0.5724481220000001

testing complex n=100 (first phimv, then expm)
residuum: 1.5350655631506715e-15
time dif: -1.713707943

testing real n=1000 (first phimv, then expm)
residuum: 1.8300931199974202e-14
time dif: -7.500279709

testing complex n=1000 (first phimv, then expm)
residuum: 2.2057017773380504e-14
time dif: -13.963498556

testing real n=1000 (first phimv, then expm), the linear operator version.
┌ Warning: opnorm(LinearOp, Inf) is not defined, fall back to using `anorm = 1.0`.
│ To suppress this warning, please specify the `anorm` keyword manually.
└ @ Expokit ~/.julia/packages/Expokit/fQbKs/src/expmv.jl:8
┌ Warning: opnorm(LinearOp, Inf) is not defined, fall back to using `anorm = 1.0`.
│ To suppress this warning, please specify the `anorm` keyword manually.
└ @ Expokit ~/.julia/packages/Expokit/fQbKs/src/expmv.jl:8
residuum: 2.1133607500077474e-15
time dif: -9.16336988

    Testing Expokit tests passed 
