Current time is 2020-10-25T22:50:31.823
Julia Version 1.5.3-pre.0
Commit 5905edebb1 (2020-09-24 05:09 UTC)
Platform Info:
  OS: Linux (x86_64-pc-linux-gnu)
  CPU: AMD EPYC 7502 32-Core Processor
  WORD_SIZE: 64
  LIBM: libopenlibm
  LLVM: libLLVM-9.0.1 (ORCJIT, znver2)
Environment:
  JULIA_DEPOT_PATH = ::/usr/local/share/julia
  JULIA_NUM_THREADS = 2
  JULIA_MAX_NUM_PRECOMPILE_FILES = 9223372036854775807
  JULIA_PKG_SERVER = 

Starting installation at 2020-10-25T22:50:34.911
  Resolving package versions...
  Installed FunctionalStateMachine ─ v0.2.9
  Installed Requires ─────────────── v1.1.0
  Installed ProgressMeter ────────── v1.4.0
  Installed DocStringExtensions ──── v0.8.3
Updating `~/.julia/environments/v1.5/Project.toml`
  [3e9e306e] + FunctionalStateMachine v0.2.9
Updating `~/.julia/environments/v1.5/Manifest.toml`
  [ffbed154] + DocStringExtensions v0.8.3
  [3e9e306e] + FunctionalStateMachine v0.2.9
  [92933f4c] + ProgressMeter v1.4.0
  [ae029012] + Requires v1.1.0
  [2a0f44e3] + Base64
  [ade2ca70] + Dates
  [8ba89e20] + Distributed
  [b77e0a4c] + InteractiveUtils
  [76f85450] + LibGit2
  [8f399da3] + Libdl
  [56ddb016] + Logging
  [d6f4376e] + Markdown
  [44cfe95a] + Pkg
  [de0858da] + Printf
  [3fa0cd96] + REPL
  [9a3f8284] + Random
  [ea8e919c] + SHA
  [9e88b42a] + Serialization
  [6462fe0b] + Sockets
  [8dfed614] + Test
  [cf7118a7] + UUIDs
  [4ec0a83e] + Unicode
Starting tests at 2020-10-25T22:50:37.542
    Testing FunctionalStateMachine
Status `/tmp/jl_VXUNWX/Project.toml`
  [ffbed154] DocStringExtensions v0.8.3
  [3e9e306e] FunctionalStateMachine v0.2.9
  [86223c79] Graphs v0.10.3
  [92933f4c] ProgressMeter v1.4.0
  [ae029012] Requires v1.1.0
  [ade2ca70] Dates
  [8dfed614] Test
Status `/tmp/jl_VXUNWX/Manifest.toml`
  [34da2185] Compat v3.22.0
  [864edb3b] DataStructures v0.18.8
  [ffbed154] DocStringExtensions v0.8.3
  [3e9e306e] FunctionalStateMachine v0.2.9
  [86223c79] Graphs v0.10.3
  [bac558e1] OrderedCollections v1.3.1
  [92933f4c] ProgressMeter v1.4.0
  [ae029012] Requires v1.1.0
  [2a0f44e3] Base64
  [ade2ca70] Dates
  [8bb1440f] DelimitedFiles
  [8ba89e20] Distributed
  [b77e0a4c] InteractiveUtils
  [76f85450] LibGit2
  [8f399da3] Libdl
  [37e2e46d] LinearAlgebra
  [56ddb016] Logging
  [d6f4376e] Markdown
  [a63ad114] Mmap
  [44cfe95a] Pkg
  [de0858da] Printf
  [3fa0cd96] REPL
  [9a3f8284] Random
  [ea8e919c] SHA
  [9e88b42a] Serialization
  [1a1011a3] SharedArrays
  [6462fe0b] Sockets
  [2f01184e] SparseArrays
  [10745b16] Statistics
  [8dfed614] Test
  [cf7118a7] UUIDs
  [4ec0a83e] Unicode
[ Info: FunctionalStateMachine.jl is adding Graphs.jl related tools (Visualization).
FSM , iter=1 -- foo!, 
do foo!
FSM , iter=2 -- bar!, 
do bar!
FSM , iter=3 -- exitStateMachine, 
do foo!
do bar!
do foo!
do foo!
FSM , iter=1 -- bar!, 
do bar!
FSM , iter=2 -- exitStateMachine, 
Test Summary:                 | Pass  Total
Test generic state machine... |    5      5
FSM , iter=1 -- longwait, 
[ Info: starting stagnant function call, but should not see it's end (but watchdog timeout)
....[ Info:  watchdog test, successfully caught exception for stagnant FSM step
Test Summary:         | Pass  Total
test watchdog timeout |    1      1
do foo!
do bar!
test recording and rendering of an FSM run: Error During Test at /home/pkgeval/.julia/packages/FunctionalStateMachine/2JZFG/test/testStateMachine.jl:78
  Got exception outside of a @test
  IOError: could not spawn `dot /tmp/animatestate/csm_1.dot -Tpng -Gdpi=100 -o /tmp/animatestate/csm_1.png`: no such file or directory (ENOENT)
  Stacktrace:
   [1] _spawn_primitive(::String, ::Cmd, ::Array{Any,1}) at ./process.jl:99
   [2] #585 at ./process.jl:112 [inlined]
   [3] setup_stdios(::Base.var"#585#586"{Cmd}, ::Array{Any,1}) at ./process.jl:196
   [4] _spawn at ./process.jl:111 [inlined]
   [5] run(::Cmd; wait::Bool) at ./process.jl:439
   [6] run at ./process.jl:438 [inlined]
   [7] renderStateMachineFrame(::GenericIncidenceList{ExVertex,ExEdge{ExVertex},Dict{Int64,ExVertex},Dict{Int64,Array{ExEdge{ExVertex},1}}}, ::Int64; title::String, viewerapp::String, fext::String, dpi::Int64, engine::String, show::Bool, folder::String, folderpath::String, timest::String, rmfirst::Bool) at /home/pkgeval/.julia/packages/FunctionalStateMachine/2JZFG/src/StateMachineAnimation.jl:127
   [8] macro expansion at /home/pkgeval/.julia/packages/FunctionalStateMachine/2JZFG/src/StateMachineAnimation.jl:468 [inlined]
   [9] macro expansion at /home/pkgeval/.julia/packages/ProgressMeter/poEzd/src/ProgressMeter.jl:754 [inlined]
   [10] animateStateMachineHistoryIntervalCompound(::Dict{Symbol,Array{Tuple{DateTime,Int64,Function,Nothing},1}}; easyNames::Dict{Symbol,Nothing}, interval::Int64, folderpath::String, dpi::Int64, title::String, show::Bool, clearstale::Bool, rmfirst::Bool, draw_more_cb::FunctionalStateMachine.var"#35#39", fsmColors::Dict{Symbol,String}, defaultColor::String, autocolor_cb::FunctionalStateMachine.var"#36#40"{Dict{Symbol,String},String}) at /home/pkgeval/.julia/packages/FunctionalStateMachine/2JZFG/src/StateMachineAnimation.jl:441
   [11] macro expansion at /home/pkgeval/.julia/packages/FunctionalStateMachine/2JZFG/test/testStateMachine.jl:85 [inlined]
   [12] macro expansion at /buildworker/worker/package_linux64/build/usr/share/julia/stdlib/v1.5/Test/src/Test.jl:1115 [inlined]
   [13] top-level scope at /home/pkgeval/.julia/packages/FunctionalStateMachine/2JZFG/test/testStateMachine.jl:80
   [14] include(::String) at ./client.jl:457
   [15] top-level scope at /home/pkgeval/.julia/packages/FunctionalStateMachine/2JZFG/test/runtests.jl:5
   [16] include(::String) at ./client.jl:457
   [17] top-level scope at none:6
   [18] eval(::Module, ::Any) at ./boot.jl:331
   [19] exec_options(::Base.JLOptions) at ./client.jl:272
   [20] _start() at ./client.jl:506
  
Test Summary:                              | Error  Total
test recording and rendering of an FSM run |     1      1
ERROR: LoadError: LoadError: Some tests did not pass: 0 passed, 0 failed, 1 errored, 0 broken.
in expression starting at /home/pkgeval/.julia/packages/FunctionalStateMachine/2JZFG/test/testStateMachine.jl:78
in expression starting at /home/pkgeval/.julia/packages/FunctionalStateMachine/2JZFG/test/runtests.jl:5
ERROR: Package FunctionalStateMachine errored during testing
Stacktrace:
 [1] pkgerror(::String) at /buildworker/worker/package_linux64/build/usr/share/julia/stdlib/v1.5/Pkg/src/Types.jl:52
 [2] test(::Pkg.Types.Context, ::Array{Pkg.Types.PackageSpec,1}; coverage::Bool, julia_args::Cmd, test_args::Cmd, test_fn::Nothing) at /buildworker/worker/package_linux64/build/usr/share/julia/stdlib/v1.5/Pkg/src/Operations.jl:1578
 [3] test(::Pkg.Types.Context, ::Array{Pkg.Types.PackageSpec,1}; coverage::Bool, test_fn::Nothing, julia_args::Cmd, test_args::Cmd, kwargs::Base.Iterators.Pairs{Union{},Union{},Tuple{},NamedTuple{(),Tuple{}}}) at /buildworker/worker/package_linux64/build/usr/share/julia/stdlib/v1.5/Pkg/src/API.jl:327
 [4] test(::Pkg.Types.Context, ::Array{Pkg.Types.PackageSpec,1}) at /buildworker/worker/package_linux64/build/usr/share/julia/stdlib/v1.5/Pkg/src/API.jl:314
 [5] #test#61 at /buildworker/worker/package_linux64/build/usr/share/julia/stdlib/v1.5/Pkg/src/API.jl:67 [inlined]
 [6] test at /buildworker/worker/package_linux64/build/usr/share/julia/stdlib/v1.5/Pkg/src/API.jl:67 [inlined]
 [7] #test#60 at /buildworker/worker/package_linux64/build/usr/share/julia/stdlib/v1.5/Pkg/src/API.jl:66 [inlined]
 [8] test at /buildworker/worker/package_linux64/build/usr/share/julia/stdlib/v1.5/Pkg/src/API.jl:66 [inlined]
 [9] test(::String; kwargs::Base.Iterators.Pairs{Union{},Union{},Tuple{},NamedTuple{(),Tuple{}}}) at /buildworker/worker/package_linux64/build/usr/share/julia/stdlib/v1.5/Pkg/src/API.jl:65
 [10] test(::String) at /buildworker/worker/package_linux64/build/usr/share/julia/stdlib/v1.5/Pkg/src/API.jl:65
 [11] top-level scope at none:35
