Julia Version 1.4.0
Commit b8e9a9ecc6 (2020-03-21 16:36 UTC)
Platform Info:
  OS: Linux (x86_64-linux-gnu)
  CPU: Intel(R) Xeon(R) Silver 4114 CPU @ 2.20GHz
  WORD_SIZE: 64
  LIBM: libopenlibm
  LLVM: libLLVM-8.0.1 (ORCJIT, skylake)
Environment:
  JULIA_DEPOT_PATH = ::/usr/local/share/julia
  JULIA_NUM_THREADS = 2

  Resolving package versions...
  Installed FixedPointNumbers ───────── v0.8.0
  Installed CoordinateTransformations ─ v0.5.1
  Installed Rotations ───────────────── v0.13.0
  Installed EnhancedGJK ─────────────── v0.4.0
  Installed ColorTypes ──────────────── v0.10.0
  Installed StaticArrays ────────────── v0.12.1
  Installed GeometryTypes ───────────── v0.8.2
   Updating `~/.julia/environments/v1.4/Project.toml`
  [3d39a06a] + EnhancedGJK v0.4.0
   Updating `~/.julia/environments/v1.4/Manifest.toml`
  [3da002f7] + ColorTypes v0.10.0
  [150eb455] + CoordinateTransformations v0.5.1
  [3d39a06a] + EnhancedGJK v0.4.0
  [53c48c17] + FixedPointNumbers v0.8.0
  [4d00f742] + GeometryTypes v0.8.2
  [6038ab10] + Rotations v0.13.0
  [90137ffa] + StaticArrays v0.12.1
  [8f399da3] + Libdl 
  [37e2e46d] + LinearAlgebra 
  [9a3f8284] + Random 
  [9e88b42a] + Serialization 
  [2f01184e] + SparseArrays 
  [10745b16] + Statistics 
    Testing EnhancedGJK
Status `/tmp/jl_PKLJgO/Manifest.toml`
  [6e4b80f9] BenchmarkTools v0.5.0
  [3da002f7] ColorTypes v0.10.0
  [150eb455] CoordinateTransformations v0.5.1
  [3d39a06a] EnhancedGJK v0.4.0
  [5789e2e9] FileIO v1.2.4
  [53c48c17] FixedPointNumbers v0.8.0
  [4d00f742] GeometryTypes v0.8.2
  [682c06a0] JSON v0.21.0
  [7269a6da] MeshIO v0.3.2
  [69de0a69] Parsers v1.0.1
  [6038ab10] Rotations v0.13.0
  [90137ffa] StaticArrays v0.12.1
  [2a0f44e3] Base64 
  [ade2ca70] Dates 
  [8ba89e20] Distributed 
  [b77e0a4c] InteractiveUtils 
  [76f85450] LibGit2 
  [8f399da3] Libdl 
  [37e2e46d] LinearAlgebra 
  [56ddb016] Logging 
  [d6f4376e] Markdown 
  [a63ad114] Mmap 
  [44cfe95a] Pkg 
  [de0858da] Printf 
  [3fa0cd96] REPL 
  [9a3f8284] Random 
  [ea8e919c] SHA 
  [9e88b42a] Serialization 
  [6462fe0b] Sockets 
  [2f01184e] SparseArrays 
  [10745b16] Statistics 
  [8dfed614] Test 
  [cf7118a7] UUIDs 
  [4ec0a83e] Unicode 
Test Summary: | Pass  Total
Issue #17     |    2      2
Test Summary:      | Pass  Total
reference distance | 1000   1000
Test Summary:               | Pass  Total
reference interior distance | 1000   1000
Test Summary: | Pass  Total
table         | 1323   1323
Test Summary:                 | Pass  Total
johnson distance subalgorithm |  310    310
Test Summary:    | Pass  Total
simplex distance |    3      3
Test Summary: | Pass  Total
mesh to mesh  |    3      3
Test Summary:         | Pass  Total
neighbor mesh to mesh |    3      3
Test Summary:  | Pass  Total
geometry types |    7      7
Test Summary: | Pass  Total
reset!        |    3      3
Test Summary: | Pass  Total
normal, N = 2 |  100    100
Test Summary: | Pass  Total
normal, N = 3 |  100    100
Test Summary: | Pass  Total
normal, N = 4 |  100    100
7-element BenchmarkTools.BenchmarkGroup:
  tags: []
  "penetration_distance" => BenchmarkTools.Trial: 
	  memory estimate:  0 bytes
	  allocs estimate:  0
	  --------------
	  minimum time:     121.882 ns (0.00% GC)
	  median time:      190.442 ns (0.00% GC)
	  mean time:        190.047 ns (0.00% GC)
	  maximum time:     464.610 ns (0.00% GC)
	  --------------
	  samples:          10000
	  evals/sample:     883
  "3d_simplex_2" => BenchmarkTools.Trial: 
	  memory estimate:  0 bytes
	  allocs estimate:  0
	  --------------
	  minimum time:     25.323 ns (0.00% GC)
	  median time:      29.032 ns (0.00% GC)
	  mean time:        30.663 ns (0.00% GC)
	  maximum time:     8.083 μs (0.00% GC)
	  --------------
	  samples:          10000
	  evals/sample:     996
  "GeometryTypes comparisons" => 2-element BenchmarkTools.BenchmarkGroup:
	  tags: []
	  "2d_simplex_simplex" => 3-element BenchmarkTools.BenchmarkGroup:
		  tags: []
		  "geometrytypes" => BenchmarkTools.Trial: 
			  memory estimate:  944 bytes
			  allocs estimate:  29
			  --------------
			  minimum time:     7.194 μs (0.00% GC)
			  median time:      8.431 μs (0.00% GC)
			  mean time:        9.138 μs (5.44% GC)
			  maximum time:     4.994 ms (99.52% GC)
			  --------------
			  samples:          10000
			  evals/sample:     6
		  "enhanced no cache" => BenchmarkTools.Trial: 
			  memory estimate:  208 bytes
			  allocs estimate:  2
			  --------------
			  minimum time:     226.001 ns (0.00% GC)
			  median time:      266.686 ns (0.00% GC)
			  mean time:        301.447 ns (8.46% GC)
			  maximum time:     11.411 μs (0.00% GC)
			  --------------
			  samples:          10000
			  evals/sample:     728
		  "enhanced" => BenchmarkTools.Trial: 
			  memory estimate:  0 bytes
			  allocs estimate:  0
			  --------------
			  minimum time:     73.748 ns (0.00% GC)
			  median time:      104.512 ns (0.00% GC)
			  mean time:        121.287 ns (0.00% GC)
			  maximum time:     23.565 μs (0.00% GC)
			  --------------
			  samples:          10000
			  evals/sample:     950
	  "3d_point_box" => 3-element BenchmarkTools.BenchmarkGroup:
		  tags: []
		  "geometrytypes" => BenchmarkTools.Trial: 
			  memory estimate:  320 bytes
			  allocs estimate:  6
			  --------------
			  minimum time:     797.094 ns (0.00% GC)
			  median time:      843.524 ns (0.00% GC)
			  mean time:        927.237 ns (5.91% GC)
			  maximum time:     95.028 μs (98.25% GC)
			  --------------
			  samples:          10000
			  evals/sample:     85
		  "enhanced no cache" => BenchmarkTools.Trial: 
			  memory estimate:  304 bytes
			  allocs estimate:  2
			  --------------
			  minimum time:     195.925 ns (0.00% GC)
			  median time:      236.585 ns (0.00% GC)
			  mean time:        298.843 ns (9.14% GC)
			  maximum time:     25.278 μs (0.00% GC)
			  --------------
			  samples:          10000
			  evals/sample:     550
		  "enhanced" => BenchmarkTools.Trial: 
			  memory estimate:  0 bytes
			  allocs estimate:  0
			  --------------
			  minimum time:     70.114 ns (0.00% GC)
			  median time:      112.349 ns (0.00% GC)
			  mean time:        129.725 ns (0.00% GC)
			  maximum time:     1.474 μs (0.00% GC)
			  --------------
			  samples:          10000
			  evals/sample:     935
  "2d_simplex_2" => BenchmarkTools.Trial: 
	  memory estimate:  0 bytes
	  allocs estimate:  0
	  --------------
	  minimum time:     9.382 ns (0.00% GC)
	  median time:      21.215 ns (0.00% GC)
	  mean time:        21.586 ns (0.00% GC)
	  maximum time:     772.272 ns (0.00% GC)
	  --------------
	  samples:          10000
	  evals/sample:     998
  "transform_simplex" => BenchmarkTools.Trial: 
	  memory estimate:  0 bytes
	  allocs estimate:  0
	  --------------
	  minimum time:     51.104 ns (0.00% GC)
	  median time:      74.897 ns (0.00% GC)
	  mean time:        80.465 ns (0.00% GC)
	  maximum time:     258.179 ns (0.00% GC)
	  --------------
	  samples:          10000
	  evals/sample:     981
  "3d_simplex_1" => BenchmarkTools.Trial: 
	  memory estimate:  0 bytes
	  allocs estimate:  0
	  --------------
	  minimum time:     42.806 ns (0.00% GC)
	  median time:      93.127 ns (0.00% GC)
	  mean time:        113.489 ns (0.00% GC)
	  maximum time:     8.346 μs (0.00% GC)
	  --------------
	  samples:          10000
	  evals/sample:     985
  "2d_simplex_1" => BenchmarkTools.Trial: 
	  memory estimate:  0 bytes
	  allocs estimate:  0
	  --------------
	  minimum time:     12.734 ns (0.00% GC)
	  median time:      14.947 ns (0.00% GC)
	  mean time:        15.443 ns (0.00% GC)
	  maximum time:     481.362 ns (0.00% GC)
	  --------------
	  samples:          10000
	  evals/sample:     999Test Summary: |
benchmarks    | No tests
    Testing EnhancedGJK tests passed 
