Julia Version 1.3.1-pre.19
Commit 602e3006ec (2019-12-17 12:50 UTC)
Platform Info:
  OS: Linux (x86_64-linux-gnu)
  CPU: Intel(R) Xeon(R) Silver 4114 CPU @ 2.20GHz
  WORD_SIZE: 64
  LIBM: libopenlibm
  LLVM: libLLVM-6.0.1 (ORCJIT, skylake)
Environment:
  JULIA_DEPOT_PATH = ::/usr/local/share/julia

 Resolving package versions...
 Installed OrderedCollections ─ v1.1.0
 Installed MacroTools ───────── v0.5.3
 Installed DataStructures ───── v0.17.6
 Installed ResumableFunctions ─ v0.5.1
 Installed SimJulia ─────────── v0.8.0
  Updating `~/.julia/environments/v1.3/Project.toml`
  [428bdadb] + SimJulia v0.8.0
  Updating `~/.julia/environments/v1.3/Manifest.toml`
  [864edb3b] + DataStructures v0.17.6
  [1914dd2f] + MacroTools v0.5.3
  [bac558e1] + OrderedCollections v1.1.0
  [c5292f4c] + ResumableFunctions v0.5.1
  [428bdadb] + SimJulia v0.8.0
  [2a0f44e3] + Base64 
  [ade2ca70] + Dates 
  [8ba89e20] + Distributed 
  [b77e0a4c] + InteractiveUtils 
  [56ddb016] + Logging 
  [d6f4376e] + Markdown 
  [de0858da] + Printf 
  [9a3f8284] + Random 
  [9e88b42a] + Serialization 
  [6462fe0b] + Sockets 
  [8dfed614] + Test 
  [4ec0a83e] + Unicode 
   Testing SimJulia
 Resolving package versions...
    Status `/tmp/jl_xqQUGj/Manifest.toml`
  [864edb3b] DataStructures v0.17.6
  [1914dd2f] MacroTools v0.5.3
  [bac558e1] OrderedCollections v1.1.0
  [c5292f4c] ResumableFunctions v0.5.1
  [428bdadb] SimJulia v0.8.0
  [2a0f44e3] Base64  [`@stdlib/Base64`]
  [ade2ca70] Dates  [`@stdlib/Dates`]
  [8ba89e20] Distributed  [`@stdlib/Distributed`]
  [b77e0a4c] InteractiveUtils  [`@stdlib/InteractiveUtils`]
  [56ddb016] Logging  [`@stdlib/Logging`]
  [d6f4376e] Markdown  [`@stdlib/Markdown`]
  [de0858da] Printf  [`@stdlib/Printf`]
  [9a3f8284] Random  [`@stdlib/Random`]
  [9e88b42a] Serialization  [`@stdlib/Serialization`]
  [6462fe0b] Sockets  [`@stdlib/Sockets`]
  [8dfed614] Test  [`@stdlib/Test`]
  [4ec0a83e] Unicode  [`@stdlib/Unicode`]
Event
idle
nothing
scheduled
Hi
I am a callback function running in Simulation
SimJulia.EventProcessed(Event 1) has been thrown!
processed
Hi
SimJulia.EventNotIdle(Event 2) has been thrown!
Hi Event 1 has value Succes
Hi Event 2 has value TestException()
Hi SimJulia.Timeout 3 timed out at 1.0
One of both events is triggered: Dict{AbstractEvent,SimJulia.StateValue}(SimJulia.Timeout 1 => SimJulia.StateValue(SimJulia.processed, nothing),Event 2 => SimJulia.StateValue(SimJulia.idle, nothing))
Both events are triggered: Dict{AbstractEvent,SimJulia.StateValue}(SimJulia.Timeout 1 => SimJulia.StateValue(SimJulia.processed, nothing),Event 2 => SimJulia.StateValue(SimJulia.processed, nothing))
One of both events is triggered: TestException()
Both events are triggered: TestException()
One of both events is triggered: TestException()
One of both events is triggered: Dict{AbstractEvent,SimJulia.StateValue}(SimJulia.Timeout 2 => SimJulia.StateValue(SimJulia.processed, nothing),SimJulia.Timeout 1 => SimJulia.StateValue(SimJulia.processed, nothing))
Hi I timed out at 1.0
SimJulia.EmptySchedule() has been thrown!
Hi I timed out at 4.0
2.0
TestException() has been thrown after 0.0!
Simulation time: 0.0 active_process: nothing
0
1
1
2
3
5
8
13
21
34
TestException() has been thrown
TestException() has been thrown
Process 1 interrupted
TestException() has been thrown
Container{Int64}
0.0, client 1 is waiting
0.0, client 1 is being served
0.23705050430786234, client 1 has been served
0.4971917737079763, client 2 is waiting
0.4971917737079763, client 2 is being served
0.7401973665257755, client 3 is waiting
1.1821728875089585, client 4 is waiting
1.3154524476538911, client 2 has been served
1.3154524476538911, client 4 is being served
1.57686484038463, client 5 is waiting
1.9425356731285541, client 6 is waiting
2.042017491161603, client 7 is waiting
2.126887885073571, client 4 has been served
2.126887885073571, client 7 is being served
2.3648803262084077, client 8 is waiting
2.718466770874664, client 9 is waiting
2.7292825132234353, client 10 is waiting
3.0762686004533366, client 7 has been served
3.0762686004533366, client 10 is being served
3.7251226871315097, client 10 has been served
3.7251226871315097, client 9 is being served
4.147495284353845, client 9 has been served
4.147495284353845, client 8 is being served
5.086139444107421, client 8 has been served
5.086139444107421, client 6 is being served
5.801998589205331, client 6 has been served
5.801998589205331, client 5 is being served
6.331388564270135, client 5 has been served
6.331388564270135, client 3 is being served
6.724749204124205, client 3 has been served
0.0, consumer is demanding 0.5464410709440208
0.0, producer is offering 0.8217826798720398
0.16865336976837098, consumer is being served, level is 4.453558929055979
0.5874191294208557, producer is being served, level is 5.275341608928018
2.34606957829774, consumer is demanding 2.8656637095834796
2.778486599181175, consumer is being served, level is 2.4096778993445387
3.754996953752655, producer is offering 1.254107822903149
4.64899052497687, producer is being served, level is 3.6637857222476877
4.937617073437308, producer is offering 0.23846895444932414
5.251696475943295, producer is being served, level is 3.902254676697012
5.752667212789237, consumer is demanding 2.3107101755196515
5.922228107147833, consumer is being served, level is 1.5915445011773603
6.3931940924601385, consumer is demanding 1.5119031539031407
6.828339727921058, consumer is being served, level is 0.07964134727421968
7.523593525088043, producer is offering 1.9662988133857606
8.059438864659, producer is being served, level is 2.0459401606599803
9.024699410186336, consumer is demanding 0.7210441785424528
9.914284605604088, consumer is being served, level is 1.3248959821175275
11.769770581044408, producer is offering 1.180944893922283
12.59394991693022, producer is being served, level is 2.5058408760398105
13.986520444477259, consumer is demanding 0.44497399087118095
14.005929909981562, consumer is being served, level is 2.06086688516863
14.37799897822831, consumer is demanding 0.9222150550424504
14.434712504853874, consumer is being served, level is 1.1386518301261794
15.70632897699577, producer is offering 0.9704138383315808
15.852965464275897, consumer is demanding 2.4976169137318878
16.29684951160994, producer is being served, level is 2.1090656684577604
16.396619913911266, consumer has timed out
16.396619913911266, consumer is demanding 0.3433053397113113
16.630888593851637, consumer is being served, level is 1.7657603287464492
20.009568037974542, producer is offering 1.6844689371505708
20.48949999334976, consumer is demanding 0.9703300879183026
20.92409750591363, producer is being served, level is 3.45022926589702
21.093647726980045, consumer is being served, level is 2.4798991779787176
23.585011970882995, producer is offering 0.5291327403300712
24.435573875007588, producer is being served, level is 3.009031918308789
24.69221264759855, producer is offering 1.336490553742673
25.419925025861684, producer is being served, level is 4.345522472051462
29.475098137458396, producer is offering 1.651290212174453
30.248092224455444, producer is being served, level is 5.996812684225915
0.0, producer is offering object 1
0.0, producer is being served
0.02574436618165077, producer is offering object 2
0.02574436618165077, producer is being served
0.8147983147403863, consumer is demanding object
0.8147983147403863, consumer is being served with object 1
1.063878160139082, consumer is demanding object
1.063878160139082, consumer is being served with object 2
1.2464381146639374, consumer is demanding object
1.4415494475543436, producer is offering object 3
1.4415494475543436, producer is being served
1.4415494475543436, consumer is being served with object 3
1.514522653801135, consumer is demanding object
2.1938920262067962, producer is offering object 4
2.1938920262067962, producer is being served
2.1938920262067962, consumer is being served with object 4
2.221740442082056, producer is offering object 5
2.221740442082056, producer is being served
2.3397641909561413, consumer is demanding object
2.3397641909561413, consumer is being served with object 5
2.7292924182908704, consumer is demanding object
3.6411945081634545, producer is offering object 6
3.6411945081634545, producer is being served
3.6411945081634545, consumer is being served with object 6
3.9890124847554116, consumer is demanding object
4.6957673785075995, producer is offering object 7
4.6957673785075995, producer is being served
4.6957673785075995, consumer is being served with object 7
4.715284490058766, consumer is demanding object
4.915936136295418, producer is offering object 8
4.915936136295418, producer is being served
4.915936136295418, consumer is being served with object 8
4.938938327761852, producer is offering object 9
4.938938327761852, producer is being served
5.546673355964508, consumer is demanding object
5.546673355964508, consumer is being served with object 9
5.771323164129532, producer is offering object 10
5.771323164129532, producer is being served
6.197267739129876, consumer is demanding object
6.197267739129876, consumer is being served with object 10
2019-12-18T02:52:35.992
2019-12-20T02:52:35.992
2020-03-18T02:52:35.992
   Testing SimJulia tests passed 
