Current time is 2020-10-25T21:55:45.602
Julia Version 1.5.3-pre.0
Commit 5905edebb1 (2020-09-24 05:09 UTC)
Platform Info:
  OS: Linux (x86_64-pc-linux-gnu)
  CPU: AMD EPYC 7502 32-Core Processor
  WORD_SIZE: 64
  LIBM: libopenlibm
  LLVM: libLLVM-9.0.1 (ORCJIT, znver2)
Environment:
  JULIA_DEPOT_PATH = ::/usr/local/share/julia
  JULIA_NUM_THREADS = 2
  JULIA_MAX_NUM_PRECOMPILE_FILES = 9223372036854775807
  JULIA_PKG_SERVER = 

Starting installation at 2020-10-25T21:55:48.453
  Resolving package versions...
  Installed CpuId ────────────────────────── v0.2.2
  Installed ConstructionBase ─────────────── v1.0.0
  Installed UnPack ───────────────────────── v1.0.2
  Installed SIMDPirates ──────────────────── v0.8.25
  Installed GNSSSignals ──────────────────── v0.13.0
  Installed FixedPointSinCosApproximations ─ v0.2.0
  Installed StructArrays ─────────────────── v0.4.4
  Installed IteratorInterfaceExtensions ──── v1.0.0
  Installed TableTraits ──────────────────── v1.0.0
  Installed Adapt ────────────────────────── v2.3.0
  Installed Unitful ──────────────────────── v1.5.0
  Installed OffsetArrays ─────────────────── v1.3.1
  Installed SLEEFPirates ─────────────────── v0.5.5
  Installed DocStringExtensions ──────────── v0.8.3
  Installed LoopVectorization ────────────── v0.8.26
  Installed Tables ───────────────────────── v1.1.0
  Installed VectorizationBase ────────────── v0.12.33
  Installed DataAPI ──────────────────────── v1.3.0
  Installed DataValueInterfaces ──────────── v1.0.0
Updating `~/.julia/environments/v1.5/Project.toml`
  [52c80523] + GNSSSignals v0.13.0
Updating `~/.julia/environments/v1.5/Manifest.toml`
  [79e6a3ab] + Adapt v2.3.0
  [187b0558] + ConstructionBase v1.0.0
  [adafc99b] + CpuId v0.2.2
  [9a962f9c] + DataAPI v1.3.0
  [e2d170a0] + DataValueInterfaces v1.0.0
  [ffbed154] + DocStringExtensions v0.8.3
  [aedcc28f] + FixedPointSinCosApproximations v0.2.0
  [52c80523] + GNSSSignals v0.13.0
  [82899510] + IteratorInterfaceExtensions v1.0.0
  [bdcacae8] + LoopVectorization v0.8.26
  [6fe1bfb0] + OffsetArrays v1.3.1
  [21efa798] + SIMDPirates v0.8.25
  [476501e8] + SLEEFPirates v0.5.5
  [09ab397b] + StructArrays v0.4.4
  [3783bdb8] + TableTraits v1.0.0
  [bd369af6] + Tables v1.1.0
  [3a884ed6] + UnPack v1.0.2
  [1986cc42] + Unitful v1.5.0
  [3d5dd08c] + VectorizationBase v0.12.33
  [2a0f44e3] + Base64
  [ade2ca70] + Dates
  [8ba89e20] + Distributed
  [b77e0a4c] + InteractiveUtils
  [76f85450] + LibGit2
  [8f399da3] + Libdl
  [37e2e46d] + LinearAlgebra
  [56ddb016] + Logging
  [d6f4376e] + Markdown
  [44cfe95a] + Pkg
  [de0858da] + Printf
  [3fa0cd96] + REPL
  [9a3f8284] + Random
  [ea8e919c] + SHA
  [9e88b42a] + Serialization
  [6462fe0b] + Sockets
  [2f01184e] + SparseArrays
  [10745b16] + Statistics
  [8dfed614] + Test
  [cf7118a7] + UUIDs
  [4ec0a83e] + Unicode
   Building SLEEFPirates → `~/.julia/packages/SLEEFPirates/jGsib/deps/build.log`
Starting tests at 2020-10-25T21:56:08.205
    Testing GNSSSignals
Status `/tmp/jl_NfJTtX/Project.toml`
  [ffbed154] DocStringExtensions v0.8.3
  [aedcc28f] FixedPointSinCosApproximations v0.2.0
  [52c80523] GNSSSignals v0.13.0
  [bdcacae8] LoopVectorization v0.8.26
  [09ab397b] StructArrays v0.4.4
  [1986cc42] Unitful v1.5.0
  [10745b16] Statistics
  [8dfed614] Test
Status `/tmp/jl_NfJTtX/Manifest.toml`
  [79e6a3ab] Adapt v2.3.0
  [187b0558] ConstructionBase v1.0.0
  [adafc99b] CpuId v0.2.2
  [9a962f9c] DataAPI v1.3.0
  [e2d170a0] DataValueInterfaces v1.0.0
  [ffbed154] DocStringExtensions v0.8.3
  [aedcc28f] FixedPointSinCosApproximations v0.2.0
  [52c80523] GNSSSignals v0.13.0
  [82899510] IteratorInterfaceExtensions v1.0.0
  [bdcacae8] LoopVectorization v0.8.26
  [6fe1bfb0] OffsetArrays v1.3.1
  [21efa798] SIMDPirates v0.8.25
  [476501e8] SLEEFPirates v0.5.5
  [09ab397b] StructArrays v0.4.4
  [3783bdb8] TableTraits v1.0.0
  [bd369af6] Tables v1.1.0
  [3a884ed6] UnPack v1.0.2
  [1986cc42] Unitful v1.5.0
  [3d5dd08c] VectorizationBase v0.12.33
  [2a0f44e3] Base64
  [ade2ca70] Dates
  [8ba89e20] Distributed
  [b77e0a4c] InteractiveUtils
  [76f85450] LibGit2
  [8f399da3] Libdl
  [37e2e46d] LinearAlgebra
  [56ddb016] Logging
  [d6f4376e] Markdown
  [44cfe95a] Pkg
  [de0858da] Printf
  [3fa0cd96] REPL
  [9a3f8284] Random
  [ea8e919c] SHA
  [9e88b42a] Serialization
  [6462fe0b] Sockets
  [2f01184e] SparseArrays
  [10745b16] Statistics
  [8dfed614] Test
  [cf7118a7] UUIDs
  [4ec0a83e] Unicode
Test Summary: | Pass  Total
Fast cis      |   18     18
Test Summary:    | Pass  Total
Generate carrier |    2      2
Test Summary: | Pass  Total
GPS L1        |    9      9
Test Summary:  | Pass  Total
Shift register |    6      6
Test Summary: | Pass  Total
GPS L1        |    9      9
Test Summary:   | Pass  Total
Neuman sequence |   11     11
Test Summary: | Pass  Total
Galileo E1B   |   11     11
Test Summary: | Pass  Total
Common        |    1      1
    Testing GNSSSignals tests passed 
Finished at 2020-10-25T21:58:06.345
