Julia Version 1.3.2-pre.0
Commit 2e6715c045 (2019-12-31 00:49 UTC)
Platform Info:
  OS: Linux (x86_64-linux-gnu)
  CPU: Intel(R) Xeon(R) Silver 4114 CPU @ 2.20GHz
  WORD_SIZE: 64
  LIBM: libopenlibm
  LLVM: libLLVM-6.0.1 (ORCJIT, skylake)
Environment:
  JULIA_DEPOT_PATH = ::/usr/local/share/julia

 Resolving package versions...
 Installed IterationManagers ─ v0.1.0
  Updating `~/.julia/environments/v1.3/Project.toml`
  [69680d3f] + IterationManagers v0.1.0
  Updating `~/.julia/environments/v1.3/Manifest.toml`
  [69680d3f] + IterationManagers v0.1.0
  [2a0f44e3] + Base64 
  [8ba89e20] + Distributed 
  [b77e0a4c] + InteractiveUtils 
  [8f399da3] + Libdl 
  [37e2e46d] + LinearAlgebra 
  [56ddb016] + Logging 
  [d6f4376e] + Markdown 
  [de0858da] + Printf 
  [9a3f8284] + Random 
  [9e88b42a] + Serialization 
  [6462fe0b] + Sockets 
  [8dfed614] + Test 
  [4ec0a83e] + Unicode 
   Testing IterationManagers
    Status `/tmp/jl_OPV5aJ/Manifest.toml`
  [69680d3f] IterationManagers v0.1.0
  [2a0f44e3] Base64  [`@stdlib/Base64`]
  [8ba89e20] Distributed  [`@stdlib/Distributed`]
  [b77e0a4c] InteractiveUtils  [`@stdlib/InteractiveUtils`]
  [8f399da3] Libdl  [`@stdlib/Libdl`]
  [37e2e46d] LinearAlgebra  [`@stdlib/LinearAlgebra`]
  [56ddb016] Logging  [`@stdlib/Logging`]
  [d6f4376e] Markdown  [`@stdlib/Markdown`]
  [de0858da] Printf  [`@stdlib/Printf`]
  [9a3f8284] Random  [`@stdlib/Random`]
  [9e88b42a] Serialization  [`@stdlib/Serialization`]
  [6462fe0b] Sockets  [`@stdlib/Sockets`]
  [8dfed614] Test  [`@stdlib/Test`]
  [4ec0a83e] Unicode  [`@stdlib/Unicode`]
Iteration    Distance       Elapsed (seconds)
---------------------------------------------
1            8.82388e-01    0.20874           
5            1.74299e-01    0.25658           
10           2.29529e-02    0.26209           
15           3.02261e-03    0.26427           
20           3.98039e-04    0.26467           
25           5.24166e-05    0.26711           
30           6.90260e-06    0.26942           
35           9.08985e-07    0.27364           
40           1.19702e-07    0.27625           
45           1.57632e-08    0.27861           
50           2.07581e-09    0.28099           
55           2.73358e-10    0.28427           
60           3.59979e-11    0.28693           
65           4.74021e-12    0.28955           
Iteration    Distance       Elapsed (seconds)
---------------------------------------------
1            1.09990e+02    2.93302           
2            2.19968e+02    2.93896           
4            1.09914e-03    2.94565           
6            0.00000e+00    2.95193           
   Testing IterationManagers tests passed 
