Running tests with Julia v1.3.1-pre.12
 Resolving package versions...
 Installed Format ─ v1.0.1
  Updating `~/.julia/environments/v1.3/Project.toml`
  [1fa38f19] + Format v1.0.1
  Updating `~/.julia/environments/v1.3/Manifest.toml`
  [1fa38f19] + Format v1.0.1
  [de0858da] + Printf 
  [4ec0a83e] + Unicode 
   Testing Format
 Resolving package versions...
    Status `/tmp/jl_UIHN4k/Manifest.toml`
  [1fa38f19] Format v1.0.1
  [2a0f44e3] Base64  [`@stdlib/Base64`]
  [8ba89e20] Distributed  [`@stdlib/Distributed`]
  [b77e0a4c] InteractiveUtils  [`@stdlib/InteractiveUtils`]
  [56ddb016] Logging  [`@stdlib/Logging`]
  [d6f4376e] Markdown  [`@stdlib/Markdown`]
  [de0858da] Printf  [`@stdlib/Printf`]
  [9a3f8284] Random  [`@stdlib/Random`]
  [9e88b42a] Serialization  [`@stdlib/Serialization`]
  [6462fe0b] Sockets  [`@stdlib/Sockets`]
  [8dfed614] Test  [`@stdlib/Test`]
  [4ec0a83e] Unicode  [`@stdlib/Unicode`]
test cformat equality...
...Done
 18.456286 seconds (8.10 M allocations: 450.494 MiB, 1.21% gc time)

Test speed
integer @sprintf speed
  0.135355 seconds (835.52 k allocations: 50.793 MiB, 3.85% gc time)
integer sprintf speed
 32.941441 seconds (8.82 M allocations: 513.804 MiB, 0.34% gc time)
integer sprintf speed, bypass repeated lookup
  0.211166 seconds (1.42 M allocations: 59.001 MiB, 8.14% gc time)

float64 @sprintf speed
  0.226349 seconds (886.17 k allocations: 53.302 MiB, 6.99% gc time)
float64 sprintf speed
 34.173191 seconds (8.64 M allocations: 512.066 MiB, 0.33% gc time)
float64 sprintf speed, bypass repeated lookup
  0.248537 seconds (1.44 M allocations: 60.411 MiB, 4.92% gc time)
Test Summary: |   Pass   Total
cformat       | 100067  100067
Test Summary: | Pass  Total
fmtspec       |  171    171

Test Summary: | Pass  Total
formatexpr    |   37     37
Test Summary: | Pass  Total
fmt           |   25     25
   Testing Format tests passed 
