Julia Version 1.5.2-pre.0
Commit c4acbf93fb (2020-08-26 10:58 UTC)
Platform Info:
  OS: Linux (x86_64-pc-linux-gnu)
  CPU: Intel(R) Xeon(R) Silver 4114 CPU @ 2.20GHz
  WORD_SIZE: 64
  LIBM: libopenlibm
  LLVM: libLLVM-9.0.1 (ORCJIT, skylake-avx512)
Environment:
  JULIA_DEPOT_PATH = ::/usr/local/share/julia
  JULIA_NUM_THREADS = 2

  Resolving package versions...
  Installed SortingAlgorithms ── v0.3.1
  Installed DataAPI ──────────── v1.3.0
  Installed Missings ─────────── v0.4.4
  Installed Sherlogs ─────────── v0.1.0
  Installed Compat ───────────── v3.15.0
  Installed OrderedCollections ─ v1.3.0
  Installed StatsBase ────────── v0.32.0
  Installed DataStructures ───── v0.18.4
Updating `~/.julia/environments/v1.5/Project.toml`
  [d4954a42] + Sherlogs v0.1.0
Updating `~/.julia/environments/v1.5/Manifest.toml`
  [34da2185] + Compat v3.15.0
  [9a962f9c] + DataAPI v1.3.0
  [864edb3b] + DataStructures v0.18.4
  [e1d29d7a] + Missings v0.4.4
  [bac558e1] + OrderedCollections v1.3.0
  [d4954a42] + Sherlogs v0.1.0
  [a2af1166] + SortingAlgorithms v0.3.1
  [2913bbd2] + StatsBase v0.32.0
  [2a0f44e3] + Base64
  [ade2ca70] + Dates
  [8bb1440f] + DelimitedFiles
  [8ba89e20] + Distributed
  [b77e0a4c] + InteractiveUtils
  [76f85450] + LibGit2
  [8f399da3] + Libdl
  [37e2e46d] + LinearAlgebra
  [56ddb016] + Logging
  [d6f4376e] + Markdown
  [a63ad114] + Mmap
  [44cfe95a] + Pkg
  [de0858da] + Printf
  [3fa0cd96] + REPL
  [9a3f8284] + Random
  [ea8e919c] + SHA
  [9e88b42a] + Serialization
  [1a1011a3] + SharedArrays
  [6462fe0b] + Sockets
  [2f01184e] + SparseArrays
  [10745b16] + Statistics
  [8dfed614] + Test
  [cf7118a7] + UUIDs
  [4ec0a83e] + Unicode
    Testing Sherlogs
Status `/tmp/jl_6joop4/Project.toml`
  [d4954a42] Sherlogs v0.1.0
  [2913bbd2] StatsBase v0.32.0
  [8dfed614] Test
Status `/tmp/jl_6joop4/Manifest.toml`
  [34da2185] Compat v3.15.0
  [9a962f9c] DataAPI v1.3.0
  [864edb3b] DataStructures v0.18.4
  [e1d29d7a] Missings v0.4.4
  [bac558e1] OrderedCollections v1.3.0
  [d4954a42] Sherlogs v0.1.0
  [a2af1166] SortingAlgorithms v0.3.1
  [2913bbd2] StatsBase v0.32.0
  [2a0f44e3] Base64
  [ade2ca70] Dates
  [8bb1440f] DelimitedFiles
  [8ba89e20] Distributed
  [b77e0a4c] InteractiveUtils
  [76f85450] LibGit2
  [8f399da3] Libdl
  [37e2e46d] LinearAlgebra
  [56ddb016] Logging
  [d6f4376e] Markdown
  [a63ad114] Mmap
  [44cfe95a] Pkg
  [de0858da] Printf
  [3fa0cd96] REPL
  [9a3f8284] Random
  [ea8e919c] SHA
  [9e88b42a] Serialization
  [1a1011a3] SharedArrays
  [6462fe0b] Sockets
  [2f01184e] SparseArrays
  [10745b16] Statistics
  [8dfed614] Test
  [cf7118a7] UUIDs
  [4ec0a83e] Unicode
WARNING: Method definition -(Sherlogs.Sherlog64{T, i}) where {T, i} in module Sherlogs at /home/pkgeval/.julia/packages/Sherlogs/oPUPU/src/Sherlog64.jl:46 overwritten at /home/pkgeval/.julia/packages/Sherlogs/oPUPU/src/Sherlog64.jl:95.
  ** incremental compilation may be fatally broken for this module **

WARNING: Method definition -(Sherlogs.Sherlog32{T, i}) where {T, i} in module Sherlogs at /home/pkgeval/.julia/packages/Sherlogs/oPUPU/src/Sherlog32.jl:44 overwritten at /home/pkgeval/.julia/packages/Sherlogs/oPUPU/src/Sherlog32.jl:93.
  ** incremental compilation may be fatally broken for this module **

WARNING: Method definition -(Sherlogs.Sherlog16{T, i}) where {T, i} in module Sherlogs at /home/pkgeval/.julia/packages/Sherlogs/oPUPU/src/Sherlog16.jl:44 overwritten at /home/pkgeval/.julia/packages/Sherlogs/oPUPU/src/Sherlog16.jl:93.
  ** incremental compilation may be fatally broken for this module **

Test Summary:      | Pass  Total
Compare to Float64 |  500    500
Test Summary:      | Pass  Total
Compare to Float32 |  500    500
Test Summary:      | Pass  Total
Compare to Float16 |  500    500
Test Summary:    | Pass  Total
Logbook count 64 |    2      2
Test Summary:    | Pass  Total
Logbook count 32 |    2      2
Test Summary:    | Pass  Total
Logbook count 16 |    2      2
Test Summary:         | Pass  Total
Matrix multiplication |    3      3
Test Summary: | Pass  Total
Matrix solve  |    3      3
    Testing Sherlogs tests passed 
