Julia Version 1.3.0
Commit 46ce4d7933 (2019-11-26 06:09 UTC)
Platform Info:
  OS: Linux (x86_64-pc-linux-gnu)
  CPU: Intel(R) Xeon(R) Silver 4114 CPU @ 2.20GHz
  WORD_SIZE: 64
  LIBM: libopenlibm
  LLVM: libLLVM-6.0.1 (ORCJIT, skylake)
Environment:
  JULIA_DEPOT_PATH = ::/usr/local/share/julia

 Resolving package versions...
 Installed Cairo_jll ─────────────────── v1.16.0+2
 Installed SortingAlgorithms ─────────── v0.3.1
 Installed AxisAlgorithms ────────────── v1.0.0
 Installed Libgpg_error_jll ──────────── v1.36.0+0
 Installed DiffEqBayes ───────────────── v2.3.0
 Installed LogDensityProblems ────────── v0.9.1
 Installed StaticArrays ──────────────── v0.12.1
 Installed CategoricalArrays ─────────── v0.7.4
 Installed ProgressMeter ─────────────── v1.2.0
 Installed Expat_jll ─────────────────── v2.2.7+0
 Installed PCRE_jll ──────────────────── v8.42.0+1
 Installed OpenBLAS_jll ──────────────── v0.3.7+1
 Installed FunctionWrappers ──────────── v1.0.0
 Installed IndirectArrays ────────────── v0.5.0
 Installed Pango_jll ─────────────────── v1.42.4+7
 Installed Rmath ─────────────────────── v0.6.0
 Installed ArrayLayouts ──────────────── v0.1.5
 Installed JSON ──────────────────────── v0.21.0
 Installed CommonSubexpressions ──────── v0.2.0
 Installed MKL_jll ───────────────────── v2019.0.117+0
 Installed RecipesBase ───────────────── v0.7.0
 Installed InplaceOps ────────────────── v0.3.0
 Installed Adapt ─────────────────────── v1.0.0
 Installed Libtask ───────────────────── v0.3.1
 Installed Calculus ──────────────────── v0.5.1
 Installed DiffEqDiffTools ───────────── v1.6.0
 Installed ArnoldiMethod ─────────────── v0.0.4
 Installed Libffi_jll ────────────────── v3.2.1+0
 Installed Measures ──────────────────── v0.3.1
 Installed FillArrays ────────────────── v0.8.2
 Installed Xorg_xproto_jll ───────────── v7.0.31+0
 Installed AxisArrays ────────────────── v0.3.3
 Installed Fontconfig_jll ────────────── v2.13.1+7
 Installed StatsBase ─────────────────── v0.32.0
 Installed KernelDensity ─────────────── v0.5.1
 Installed Xorg_libpthread_stubs_jll ─── v0.1.0+0
 Installed DataStructures ────────────── v0.17.6
 Installed FiniteDifferences ─────────── v0.9.0
 Installed Tracker ───────────────────── v0.2.5
 Installed LazyArrays ────────────────── v0.14.10
 Installed IntelOpenMP_jll ───────────── v2018.0.3+0
 Installed Turing ────────────────────── v0.7.4
 Installed FFTW ──────────────────────── v1.2.0
 Installed Compat ────────────────────── v2.2.0
 Installed InvertedIndices ───────────── v1.0.0
 Installed NLSolversBase ─────────────── v7.5.0
 Installed Pixman_jll ────────────────── v0.38.4+1
 Installed TreeViews ─────────────────── v0.3.0
 Installed Distributions ─────────────── v0.21.11
 Installed Xorg_xcb_proto_jll ────────── v1.13.0+0
 Installed Parameters ────────────────── v0.12.0
 Installed TableTraits ───────────────── v1.0.0
 Installed Xorg_xextproto_jll ────────── v7.3.0+0
 Installed SpecialFunctions ──────────── v0.8.0
 Installed Showoff ───────────────────── v0.3.1
 Installed Xorg_renderproto_jll ──────── v0.11.1+0
 Installed Arpack_jll ────────────────── v3.5.0+2
 Installed Libgcrypt_jll ─────────────── v1.8.5+0
 Installed ColorTypes ────────────────── v0.8.1
 Installed Distances ─────────────────── v0.8.2
 Installed BinDeps ───────────────────── v1.0.0
 Installed Gadfly ────────────────────── v1.0.1
 Installed DynamicHMC ────────────────── v2.1.1
 Installed StructArrays ──────────────── v0.4.0
 Installed DiffRules ─────────────────── v0.1.0
 Installed Xorg_kbproto_jll ──────────── v1.0.7+0
 Installed ArrayInterface ────────────── v2.1.0
 Installed Requires ──────────────────── v0.5.2
 Installed DiffEqBase ────────────────── v6.9.1
 Installed Mamba ─────────────────────── v0.12.2
 Installed XSLT_jll ──────────────────── v1.1.33+0
 Installed SimpleTraits ──────────────── v0.9.1
 Installed PDMats ────────────────────── v0.9.10
 Installed Xorg_inputproto_jll ───────── v2.3.2+0
 Installed FreeType2_jll ─────────────── v2.10.1+1
 Installed OffsetArrays ──────────────── v0.11.4
 Installed SymEngine ─────────────────── v0.7.0
 Installed Xorg_util_macros_jll ──────── v1.19.2+0
 Installed FriBidi_jll ───────────────── v1.0.5+2
 Installed URIParser ─────────────────── v0.4.0
 Installed FFTW_jll ──────────────────── v3.3.9+3
 Installed X11_jll ───────────────────── v1.6.8+4
 Installed Xorg_libX11_jll ───────────── v1.6.8+0
 Installed Juno ──────────────────────── v0.7.2
 Installed NNlib ─────────────────────── v0.6.0
 Installed Roots ─────────────────────── v0.8.4
 Installed QuadGK ────────────────────── v2.3.1
 Installed Libuuid_jll ───────────────── v2.34.0+3
 Installed DocStringExtensions ───────── v0.8.1
 Installed LineSearches ──────────────── v7.0.1
 Installed Xorg_libXau_jll ───────────── v1.0.9+0
 Installed StatsFuns ─────────────────── v0.9.3
 Installed Xorg_libXext_jll ──────────── v1.3.4+0
 Installed Combinatorics ─────────────── v1.0.0
 Installed MacroTools ────────────────── v0.5.3
 Installed Gettext_jll ───────────────── v0.20.1+0
 Installed Libiconv_jll ──────────────── v1.16.0+0
 Installed IntervalSets ──────────────── v0.3.2
 Installed OrderedCollections ────────── v1.1.0
 Installed Bijectors ─────────────────── v0.4.0
 Installed ParameterizedFunctions ────── v4.2.1
 Installed ArgCheck ──────────────────── v1.0.1
 Installed TransformVariables ────────── v0.3.8
 Installed Xorg_libXdmcp_jll ─────────── v1.1.3+0
 Installed HarfBuzz_jll ──────────────── v2.6.1+4
 Installed Tables ────────────────────── v0.2.11
 Installed LightGraphs ───────────────── v1.3.0
 Installed DataAPI ───────────────────── v1.1.0
 Installed IRTools ───────────────────── v0.3.0
 Installed ForwardDiff ───────────────── v0.10.8
 Installed Interpolations ────────────── v0.12.5
 Installed Graphics ──────────────────── v1.0.0
 Installed Optim ─────────────────────── v0.19.7
 Installed Glib_jll ──────────────────── v2.59.0+1
 Installed Graphite2_jll ─────────────── v1.3.13+1
 Installed Inflate ───────────────────── v0.1.1
 Installed Colors ────────────────────── v0.9.6
 Installed Zlib_jll ──────────────────── v1.2.11+7
 Installed IteratorInterfaceExtensions ─ v1.0.0
 Installed WoodburyMatrices ──────────── v0.4.1
 Installed PooledArrays ──────────────── v0.5.2
 Installed RecursiveFactorization ────── v0.1.0
 Installed BenchmarkTools ────────────── v0.4.3
 Installed MappedArrays ──────────────── v0.2.2
 Installed Arpack ────────────────────── v0.4.0
 Installed DataFrames ────────────────── v0.20.0
 Installed Ratios ────────────────────── v0.3.1
 Installed Cairo ─────────────────────── v1.0.1
 Installed Xorg_xtrans_jll ───────────── v1.4.0+0
 Installed DiffResults ───────────────── v1.0.1
 Installed LZO_jll ───────────────────── v2.10.0+0
 Installed Parsers ───────────────────── v0.3.10
 Installed BinaryProvider ────────────── v0.5.8
 Installed MCMCChains ────────────────── v0.4.1
 Installed Compose ───────────────────── v0.7.3
 Installed IterTools ─────────────────── v1.3.0
 Installed Missings ──────────────────── v0.4.3
 Installed PositiveFactorizations ────── v0.2.3
 Installed Loess ─────────────────────── v0.5.0
 Installed RangeArrays ───────────────── v0.3.1
 Installed AbstractMCMC ──────────────── v0.1.0
 Installed FixedPointNumbers ─────────── v0.7.0
 Installed Hexagons ──────────────────── v0.2.0
 Installed TimerOutputs ──────────────── v0.5.3
 Installed ApproxBayes ───────────────── v0.3.1
 Installed NaNMath ───────────────────── v0.3.3
 Installed LabelledArrays ────────────── v1.0.0
 Installed Polynomials ───────────────── v0.6.0
 Installed DataValueInterfaces ───────── v1.0.0
 Installed DistributionsAD ───────────── v0.1.1
 Installed AdvancedHMC ───────────────── v0.2.14
 Installed Xorg_libXrender_jll ───────── v0.9.10+0
 Installed Zygote ────────────────────── v0.4.1
 Installed Bzip2_jll ─────────────────── v1.0.6+1
 Installed Xorg_libxcb_jll ───────────── v1.13.0+0
 Installed XML2_jll ──────────────────── v2.9.9+0
 Installed Contour ───────────────────── v0.5.1
 Installed RecursiveArrayTools ───────── v1.2.0
 Installed MuladdMacro ───────────────── v0.2.1
 Installed libpng_jll ────────────────── v1.6.37+2
 Installed Reexport ──────────────────── v0.2.0
 Installed AbstractFFTs ──────────────── v0.5.0
 Installed CoupledFields ─────────────── v0.1.0
 Installed Media ─────────────────────── v0.5.0
 Installed ZygoteRules ───────────────── v0.2.0
 Installed IterativeSolvers ──────────── v0.8.1
  Updating `~/.julia/environments/v1.3/Project.toml`
  [ebbdde9d] + DiffEqBayes v2.3.0
  Updating `~/.julia/environments/v1.3/Manifest.toml`
  [621f4979] + AbstractFFTs v0.5.0
  [80f14c24] + AbstractMCMC v0.1.0
  [79e6a3ab] + Adapt v1.0.0
  [0bf59076] + AdvancedHMC v0.2.14
  [f5f396d3] + ApproxBayes v0.3.1
  [dce04be8] + ArgCheck v1.0.1
  [ec485272] + ArnoldiMethod v0.0.4
  [7d9fca2a] + Arpack v0.4.0
  [68821587] + Arpack_jll v3.5.0+2
  [4fba245c] + ArrayInterface v2.1.0
  [4c555306] + ArrayLayouts v0.1.5
  [13072b0f] + AxisAlgorithms v1.0.0
  [39de3d68] + AxisArrays v0.3.3
  [6e4b80f9] + BenchmarkTools v0.4.3
  [76274a88] + Bijectors v0.4.0
  [9e28174c] + BinDeps v1.0.0
  [b99e7846] + BinaryProvider v0.5.8
  [6e34b625] + Bzip2_jll v1.0.6+1
  [159f3aea] + Cairo v1.0.1
  [83423d85] + Cairo_jll v1.16.0+2
  [49dc2e85] + Calculus v0.5.1
  [324d7699] + CategoricalArrays v0.7.4
  [3da002f7] + ColorTypes v0.8.1
  [5ae59095] + Colors v0.9.6
  [861a8166] + Combinatorics v1.0.0
  [bbf7d656] + CommonSubexpressions v0.2.0
  [34da2185] + Compat v2.2.0
  [a81c6b42] + Compose v0.7.3
  [d38c429a] + Contour v0.5.1
  [7ad07ef1] + CoupledFields v0.1.0
  [9a962f9c] + DataAPI v1.1.0
  [a93c6f00] + DataFrames v0.20.0
  [864edb3b] + DataStructures v0.17.6
  [e2d170a0] + DataValueInterfaces v1.0.0
  [2b5f629d] + DiffEqBase v6.9.1
  [ebbdde9d] + DiffEqBayes v2.3.0
  [01453d9d] + DiffEqDiffTools v1.6.0
  [163ba53b] + DiffResults v1.0.1
  [b552c78f] + DiffRules v0.1.0
  [b4f34e82] + Distances v0.8.2
  [31c24e10] + Distributions v0.21.11
  [ced4e74d] + DistributionsAD v0.1.1
  [ffbed154] + DocStringExtensions v0.8.1
  [bbc10e6e] + DynamicHMC v2.1.1
  [2e619515] + Expat_jll v2.2.7+0
  [7a1cc6ca] + FFTW v1.2.0
  [f5851436] + FFTW_jll v3.3.9+3
  [1a297f60] + FillArrays v0.8.2
  [26cc04aa] + FiniteDifferences v0.9.0
  [53c48c17] + FixedPointNumbers v0.7.0
  [a3f928ae] + Fontconfig_jll v2.13.1+7
  [f6369f11] + ForwardDiff v0.10.8
  [d7e528f0] + FreeType2_jll v2.10.1+1
  [559328eb] + FriBidi_jll v1.0.5+2
  [069b7b12] + FunctionWrappers v1.0.0
  [c91e804a] + Gadfly v1.0.1
  [78b55507] + Gettext_jll v0.20.1+0
  [7746bdde] + Glib_jll v2.59.0+1
  [a2bd30eb] + Graphics v1.0.0
  [3b182d85] + Graphite2_jll v1.3.13+1
  [2e76f6c2] + HarfBuzz_jll v2.6.1+4
  [a1b4810d] + Hexagons v0.2.0
  [7869d1d1] + IRTools v0.3.0
  [9b13fd28] + IndirectArrays v0.5.0
  [d25df0c9] + Inflate v0.1.1
  [505f98c9] + InplaceOps v0.3.0
  [1d5cc7b8] + IntelOpenMP_jll v2018.0.3+0
  [a98d9a8b] + Interpolations v0.12.5
  [8197267c] + IntervalSets v0.3.2
  [41ab1584] + InvertedIndices v1.0.0
  [c8e1da08] + IterTools v1.3.0
  [42fd0dbc] + IterativeSolvers v0.8.1
  [82899510] + IteratorInterfaceExtensions v1.0.0
  [682c06a0] + JSON v0.21.0
  [e5e0dc1b] + Juno v0.7.2
  [5ab0869b] + KernelDensity v0.5.1
  [dd4b983a] + LZO_jll v2.10.0+0
  [2ee39098] + LabelledArrays v1.0.0
  [5078a376] + LazyArrays v0.14.10
  [e9f186c6] + Libffi_jll v3.2.1+0
  [d4300ac3] + Libgcrypt_jll v1.8.5+0
  [7add5ba3] + Libgpg_error_jll v1.36.0+0
  [94ce4f54] + Libiconv_jll v1.16.0+0
  [6f1fad26] + Libtask v0.3.1
  [38a345b3] + Libuuid_jll v2.34.0+3
  [093fc24a] + LightGraphs v1.3.0
  [d3d80556] + LineSearches v7.0.1
  [4345ca2d] + Loess v0.5.0
  [6fdf6af0] + LogDensityProblems v0.9.1
  [c7f686f2] + MCMCChains v0.4.1
  [856f044c] + MKL_jll v2019.0.117+0
  [1914dd2f] + MacroTools v0.5.3
  [5424a776] + Mamba v0.12.2
  [dbb5928d] + MappedArrays v0.2.2
  [442fdcdd] + Measures v0.3.1
  [e89f7d12] + Media v0.5.0
  [e1d29d7a] + Missings v0.4.3
  [46d2c3a1] + MuladdMacro v0.2.1
  [d41bc354] + NLSolversBase v7.5.0
  [872c559c] + NNlib v0.6.0
  [77ba4419] + NaNMath v0.3.3
  [6fe1bfb0] + OffsetArrays v0.11.4
  [4536629a] + OpenBLAS_jll v0.3.7+1
  [429524aa] + Optim v0.19.7
  [bac558e1] + OrderedCollections v1.1.0
  [2f80f16e] + PCRE_jll v8.42.0+1
  [90014a1f] + PDMats v0.9.10
  [36c8627f] + Pango_jll v1.42.4+7
  [65888b18] + ParameterizedFunctions v4.2.1
  [d96e819e] + Parameters v0.12.0
  [69de0a69] + Parsers v0.3.10
  [30392449] + Pixman_jll v0.38.4+1
  [f27b6e38] + Polynomials v0.6.0
  [2dfb63ee] + PooledArrays v0.5.2
  [85a6dd25] + PositiveFactorizations v0.2.3
  [92933f4c] + ProgressMeter v1.2.0
  [1fd47b50] + QuadGK v2.3.1
  [b3c3ace0] + RangeArrays v0.3.1
  [c84ed2f1] + Ratios v0.3.1
  [3cdcf5f2] + RecipesBase v0.7.0
  [731186ca] + RecursiveArrayTools v1.2.0
  [f2c3362d] + RecursiveFactorization v0.1.0
  [189a3867] + Reexport v0.2.0
  [ae029012] + Requires v0.5.2
  [79098fc4] + Rmath v0.6.0
  [f2b01f46] + Roots v0.8.4
  [992d4aef] + Showoff v0.3.1
  [699a6c99] + SimpleTraits v0.9.1
  [a2af1166] + SortingAlgorithms v0.3.1
  [276daf66] + SpecialFunctions v0.8.0
  [90137ffa] + StaticArrays v0.12.1
  [2913bbd2] + StatsBase v0.32.0
  [4c63d2b9] + StatsFuns v0.9.3
  [09ab397b] + StructArrays v0.4.0
  [123dc426] + SymEngine v0.7.0
  [3783bdb8] + TableTraits v1.0.0
  [bd369af6] + Tables v0.2.11
  [a759f4b9] + TimerOutputs v0.5.3
  [9f7883ad] + Tracker v0.2.5
  [84d833dd] + TransformVariables v0.3.8
  [a2a6695c] + TreeViews v0.3.0
  [fce5fe82] + Turing v0.7.4
  [30578b45] + URIParser v0.4.0
  [efce3f68] + WoodburyMatrices v0.4.1
  [546b0b6d] + X11_jll v1.6.8+4
  [02c8fc9c] + XML2_jll v2.9.9+0
  [aed1982a] + XSLT_jll v1.1.33+0
  [84d6cd60] + Xorg_inputproto_jll v2.3.2+0
  [060dd47b] + Xorg_kbproto_jll v1.0.7+0
  [4f6342f7] + Xorg_libX11_jll v1.6.8+0
  [0c0b7dd1] + Xorg_libXau_jll v1.0.9+0
  [a3789734] + Xorg_libXdmcp_jll v1.1.3+0
  [1082639a] + Xorg_libXext_jll v1.3.4+0
  [ea2f1a96] + Xorg_libXrender_jll v0.9.10+0
  [14d82f49] + Xorg_libpthread_stubs_jll v0.1.0+0
  [c7cfdc94] + Xorg_libxcb_jll v1.13.0+0
  [21e99dc2] + Xorg_renderproto_jll v0.11.1+0
  [7c09cfe3] + Xorg_util_macros_jll v1.19.2+0
  [c2e9c405] + Xorg_xcb_proto_jll v1.13.0+0
  [d13bc2ba] + Xorg_xextproto_jll v7.3.0+0
  [46797783] + Xorg_xproto_jll v7.0.31+0
  [c5fb5394] + Xorg_xtrans_jll v1.4.0+0
  [83775a58] + Zlib_jll v1.2.11+7
  [e88e6eb3] + Zygote v0.4.1
  [700de1a5] + ZygoteRules v0.2.0
  [b53b4c65] + libpng_jll v1.6.37+2
  [2a0f44e3] + Base64 
  [ade2ca70] + Dates 
  [8bb1440f] + DelimitedFiles 
  [8ba89e20] + Distributed 
  [9fa8497b] + Future 
  [b77e0a4c] + InteractiveUtils 
  [76f85450] + LibGit2 
  [8f399da3] + Libdl 
  [37e2e46d] + LinearAlgebra 
  [56ddb016] + Logging 
  [d6f4376e] + Markdown 
  [a63ad114] + Mmap 
  [44cfe95a] + Pkg 
  [de0858da] + Printf 
  [9abbd945] + Profile 
  [3fa0cd96] + REPL 
  [9a3f8284] + Random 
  [ea8e919c] + SHA 
  [9e88b42a] + Serialization 
  [1a1011a3] + SharedArrays 
  [6462fe0b] + Sockets 
  [2f01184e] + SparseArrays 
  [10745b16] + Statistics 
  [4607b0f0] + SuiteSparse 
  [8dfed614] + Test 
  [cf7118a7] + UUIDs 
  [4ec0a83e] + Unicode 
  Building Rmath ───────────→ `~/.julia/packages/Rmath/BoBag/deps/build.log`
  Building Libtask ─────────→ `~/.julia/packages/Libtask/RjRkK/deps/build.log`
  Building FFTW ────────────→ `~/.julia/packages/FFTW/qqcBj/deps/build.log`
  Building SpecialFunctions → `~/.julia/packages/SpecialFunctions/ne2iw/deps/build.log`
  Building SymEngine ───────→ `~/.julia/packages/SymEngine/zSUGO/deps/build.log`
   Testing DiffEqBayes
 Resolving package versions...
 Installed NamedArrays ────────── v0.9.3
 Installed StatsPlots ─────────── v0.12.0
 Installed SteadyStateDiffEq ──── v1.5.0
 Installed Plots ──────────────── v0.27.1
 Installed OrdinaryDiffEq ─────── v5.26.5
 Installed Documenter ─────────── v0.24.3
 Installed Observables ────────── v0.2.3
 Installed CmdStan ────────────── v5.4.0
 Installed FilePathsBase ──────── v0.7.0
 Installed VertexSafeGraphs ───── v0.1.0
 Installed DiffEqCallbacks ────── v2.10.0
 Installed PlotThemes ─────────── v1.0.1
 Installed NLsolve ────────────── v4.2.0
 Installed NearestNeighbors ───── v0.4.4
 Installed DataValues ─────────── v0.4.12
 Installed GenericSVD ─────────── v0.2.2
 Installed Widgets ────────────── v0.6.2
 Installed FFMPEG ─────────────── v0.2.4
 Installed WeakRefStrings ─────── v0.6.1
 Installed GeometryTypes ──────── v0.7.6
 Installed ExponentialUtilities ─ v1.6.0
 Installed GR ─────────────────── v0.44.0
 Installed SparseDiffTools ────── v1.1.0
 Installed Clustering ─────────── v0.13.3
 Installed PlotUtils ──────────── v0.6.1
 Installed CSV ────────────────── v0.5.20
  Building GR ────→ `~/.julia/packages/GR/oiZD3/deps/build.log`
  Building FFMPEG → `~/.julia/packages/FFMPEG/guN1x/deps/build.log`
  Building Plots ─→ `~/.julia/packages/Plots/WwFyB/deps/build.log`
    Status `/tmp/jl_r9L7aK/Manifest.toml`
  [621f4979] AbstractFFTs v0.5.0
  [80f14c24] AbstractMCMC v0.1.0
  [79e6a3ab] Adapt v1.0.0
  [0bf59076] AdvancedHMC v0.2.14
  [f5f396d3] ApproxBayes v0.3.1
  [dce04be8] ArgCheck v1.0.1
  [ec485272] ArnoldiMethod v0.0.4
  [7d9fca2a] Arpack v0.4.0
  [68821587] Arpack_jll v3.5.0+2
  [4fba245c] ArrayInterface v2.1.0
  [4c555306] ArrayLayouts v0.1.5
  [13072b0f] AxisAlgorithms v1.0.0
  [39de3d68] AxisArrays v0.3.3
  [6e4b80f9] BenchmarkTools v0.4.3
  [76274a88] Bijectors v0.4.0
  [9e28174c] BinDeps v1.0.0
  [b99e7846] BinaryProvider v0.5.8
  [6e34b625] Bzip2_jll v1.0.6+1
  [336ed68f] CSV v0.5.20
  [159f3aea] Cairo v1.0.1
  [83423d85] Cairo_jll v1.16.0+2
  [49dc2e85] Calculus v0.5.1
  [324d7699] CategoricalArrays v0.7.4
  [aaaa29a8] Clustering v0.13.3
  [593b3428] CmdStan v5.4.0
  [3da002f7] ColorTypes v0.8.1
  [5ae59095] Colors v0.9.6
  [861a8166] Combinatorics v1.0.0
  [bbf7d656] CommonSubexpressions v0.2.0
  [34da2185] Compat v2.2.0
  [a81c6b42] Compose v0.7.3
  [d38c429a] Contour v0.5.1
  [7ad07ef1] CoupledFields v0.1.0
  [9a962f9c] DataAPI v1.1.0
  [a93c6f00] DataFrames v0.20.0
  [864edb3b] DataStructures v0.17.6
  [e2d170a0] DataValueInterfaces v1.0.0
  [e7dc6d0d] DataValues v0.4.12
  [2b5f629d] DiffEqBase v6.9.1
  [ebbdde9d] DiffEqBayes v2.3.0
  [459566f4] DiffEqCallbacks v2.10.0
  [01453d9d] DiffEqDiffTools v1.6.0
  [163ba53b] DiffResults v1.0.1
  [b552c78f] DiffRules v0.1.0
  [b4f34e82] Distances v0.8.2
  [31c24e10] Distributions v0.21.11
  [ced4e74d] DistributionsAD v0.1.1
  [ffbed154] DocStringExtensions v0.8.1
  [e30172f5] Documenter v0.24.3
  [bbc10e6e] DynamicHMC v2.1.1
  [2e619515] Expat_jll v2.2.7+0
  [d4d017d3] ExponentialUtilities v1.6.0
  [c87230d0] FFMPEG v0.2.4
  [7a1cc6ca] FFTW v1.2.0
  [f5851436] FFTW_jll v3.3.9+3
  [48062228] FilePathsBase v0.7.0
  [1a297f60] FillArrays v0.8.2
  [26cc04aa] FiniteDifferences v0.9.0
  [53c48c17] FixedPointNumbers v0.7.0
  [a3f928ae] Fontconfig_jll v2.13.1+7
  [f6369f11] ForwardDiff v0.10.8
  [d7e528f0] FreeType2_jll v2.10.1+1
  [559328eb] FriBidi_jll v1.0.5+2
  [069b7b12] FunctionWrappers v1.0.0
  [28b8d3ca] GR v0.44.0
  [c91e804a] Gadfly v1.0.1
  [01680d73] GenericSVD v0.2.2
  [4d00f742] GeometryTypes v0.7.6
  [78b55507] Gettext_jll v0.20.1+0
  [7746bdde] Glib_jll v2.59.0+1
  [a2bd30eb] Graphics v1.0.0
  [3b182d85] Graphite2_jll v1.3.13+1
  [2e76f6c2] HarfBuzz_jll v2.6.1+4
  [a1b4810d] Hexagons v0.2.0
  [7869d1d1] IRTools v0.3.0
  [9b13fd28] IndirectArrays v0.5.0
  [d25df0c9] Inflate v0.1.1
  [505f98c9] InplaceOps v0.3.0
  [1d5cc7b8] IntelOpenMP_jll v2018.0.3+0
  [a98d9a8b] Interpolations v0.12.5
  [8197267c] IntervalSets v0.3.2
  [41ab1584] InvertedIndices v1.0.0
  [c8e1da08] IterTools v1.3.0
  [42fd0dbc] IterativeSolvers v0.8.1
  [82899510] IteratorInterfaceExtensions v1.0.0
  [682c06a0] JSON v0.21.0
  [e5e0dc1b] Juno v0.7.2
  [5ab0869b] KernelDensity v0.5.1
  [dd4b983a] LZO_jll v2.10.0+0
  [2ee39098] LabelledArrays v1.0.0
  [5078a376] LazyArrays v0.14.10
  [e9f186c6] Libffi_jll v3.2.1+0
  [d4300ac3] Libgcrypt_jll v1.8.5+0
  [7add5ba3] Libgpg_error_jll v1.36.0+0
  [94ce4f54] Libiconv_jll v1.16.0+0
  [6f1fad26] Libtask v0.3.1
  [38a345b3] Libuuid_jll v2.34.0+3
  [093fc24a] LightGraphs v1.3.0
  [d3d80556] LineSearches v7.0.1
  [4345ca2d] Loess v0.5.0
  [6fdf6af0] LogDensityProblems v0.9.1
  [c7f686f2] MCMCChains v0.4.1
  [856f044c] MKL_jll v2019.0.117+0
  [1914dd2f] MacroTools v0.5.3
  [5424a776] Mamba v0.12.2
  [dbb5928d] MappedArrays v0.2.2
  [442fdcdd] Measures v0.3.1
  [e89f7d12] Media v0.5.0
  [e1d29d7a] Missings v0.4.3
  [46d2c3a1] MuladdMacro v0.2.1
  [d41bc354] NLSolversBase v7.5.0
  [2774e3e8] NLsolve v4.2.0
  [872c559c] NNlib v0.6.0
  [77ba4419] NaNMath v0.3.3
  [86f7a689] NamedArrays v0.9.3
  [b8a86587] NearestNeighbors v0.4.4
  [510215fc] Observables v0.2.3
  [6fe1bfb0] OffsetArrays v0.11.4
  [4536629a] OpenBLAS_jll v0.3.7+1
  [429524aa] Optim v0.19.7
  [bac558e1] OrderedCollections v1.1.0
  [1dea7af3] OrdinaryDiffEq v5.26.5
  [2f80f16e] PCRE_jll v8.42.0+1
  [90014a1f] PDMats v0.9.10
  [36c8627f] Pango_jll v1.42.4+7
  [65888b18] ParameterizedFunctions v4.2.1
  [d96e819e] Parameters v0.12.0
  [69de0a69] Parsers v0.3.10
  [30392449] Pixman_jll v0.38.4+1
  [ccf2f8ad] PlotThemes v1.0.1
  [995b91a9] PlotUtils v0.6.1
  [91a5bcdd] Plots v0.27.1
  [f27b6e38] Polynomials v0.6.0
  [2dfb63ee] PooledArrays v0.5.2
  [85a6dd25] PositiveFactorizations v0.2.3
  [92933f4c] ProgressMeter v1.2.0
  [1fd47b50] QuadGK v2.3.1
  [b3c3ace0] RangeArrays v0.3.1
  [c84ed2f1] Ratios v0.3.1
  [3cdcf5f2] RecipesBase v0.7.0
  [731186ca] RecursiveArrayTools v1.2.0
  [f2c3362d] RecursiveFactorization v0.1.0
  [189a3867] Reexport v0.2.0
  [ae029012] Requires v0.5.2
  [79098fc4] Rmath v0.6.0
  [f2b01f46] Roots v0.8.4
  [992d4aef] Showoff v0.3.1
  [699a6c99] SimpleTraits v0.9.1
  [a2af1166] SortingAlgorithms v0.3.1
  [47a9eef4] SparseDiffTools v1.1.0
  [276daf66] SpecialFunctions v0.8.0
  [90137ffa] StaticArrays v0.12.1
  [2913bbd2] StatsBase v0.32.0
  [4c63d2b9] StatsFuns v0.9.3
  [f3b207a7] StatsPlots v0.12.0
  [9672c7b4] SteadyStateDiffEq v1.5.0
  [09ab397b] StructArrays v0.4.0
  [123dc426] SymEngine v0.7.0
  [3783bdb8] TableTraits v1.0.0
  [bd369af6] Tables v0.2.11
  [a759f4b9] TimerOutputs v0.5.3
  [9f7883ad] Tracker v0.2.5
  [84d833dd] TransformVariables v0.3.8
  [a2a6695c] TreeViews v0.3.0
  [fce5fe82] Turing v0.7.4
  [30578b45] URIParser v0.4.0
  [19fa3120] VertexSafeGraphs v0.1.0
  [ea10d353] WeakRefStrings v0.6.1
  [cc8bc4a8] Widgets v0.6.2
  [efce3f68] WoodburyMatrices v0.4.1
  [546b0b6d] X11_jll v1.6.8+4
  [02c8fc9c] XML2_jll v2.9.9+0
  [aed1982a] XSLT_jll v1.1.33+0
  [84d6cd60] Xorg_inputproto_jll v2.3.2+0
  [060dd47b] Xorg_kbproto_jll v1.0.7+0
  [4f6342f7] Xorg_libX11_jll v1.6.8+0
  [0c0b7dd1] Xorg_libXau_jll v1.0.9+0
  [a3789734] Xorg_libXdmcp_jll v1.1.3+0
  [1082639a] Xorg_libXext_jll v1.3.4+0
  [ea2f1a96] Xorg_libXrender_jll v0.9.10+0
  [14d82f49] Xorg_libpthread_stubs_jll v0.1.0+0
  [c7cfdc94] Xorg_libxcb_jll v1.13.0+0
  [21e99dc2] Xorg_renderproto_jll v0.11.1+0
  [7c09cfe3] Xorg_util_macros_jll v1.19.2+0
  [c2e9c405] Xorg_xcb_proto_jll v1.13.0+0
  [d13bc2ba] Xorg_xextproto_jll v7.3.0+0
  [46797783] Xorg_xproto_jll v7.0.31+0
  [c5fb5394] Xorg_xtrans_jll v1.4.0+0
  [83775a58] Zlib_jll v1.2.11+7
  [e88e6eb3] Zygote v0.4.1
  [700de1a5] ZygoteRules v0.2.0
  [b53b4c65] libpng_jll v1.6.37+2
  [2a0f44e3] Base64  [`@stdlib/Base64`]
  [ade2ca70] Dates  [`@stdlib/Dates`]
  [8bb1440f] DelimitedFiles  [`@stdlib/DelimitedFiles`]
  [8ba89e20] Distributed  [`@stdlib/Distributed`]
  [9fa8497b] Future  [`@stdlib/Future`]
  [b77e0a4c] InteractiveUtils  [`@stdlib/InteractiveUtils`]
  [76f85450] LibGit2  [`@stdlib/LibGit2`]
  [8f399da3] Libdl  [`@stdlib/Libdl`]
  [37e2e46d] LinearAlgebra  [`@stdlib/LinearAlgebra`]
  [56ddb016] Logging  [`@stdlib/Logging`]
  [d6f4376e] Markdown  [`@stdlib/Markdown`]
  [a63ad114] Mmap  [`@stdlib/Mmap`]
  [44cfe95a] Pkg  [`@stdlib/Pkg`]
  [de0858da] Printf  [`@stdlib/Printf`]
  [9abbd945] Profile  [`@stdlib/Profile`]
  [3fa0cd96] REPL  [`@stdlib/REPL`]
  [9a3f8284] Random  [`@stdlib/Random`]
  [ea8e919c] SHA  [`@stdlib/SHA`]
  [9e88b42a] Serialization  [`@stdlib/Serialization`]
  [1a1011a3] SharedArrays  [`@stdlib/SharedArrays`]
  [6462fe0b] Sockets  [`@stdlib/Sockets`]
  [2f01184e] SparseArrays  [`@stdlib/SparseArrays`]
  [10745b16] Statistics  [`@stdlib/Statistics`]
  [4607b0f0] SuiteSparse  [`@stdlib/SuiteSparse`]
  [8dfed614] Test  [`@stdlib/Test`]
  [cf7118a7] UUIDs  [`@stdlib/UUIDs`]
  [4ec0a83e] Unicode  [`@stdlib/Unicode`]
  Building Libtask → `~/.julia/packages/Libtask/RjRkK/deps/build.log`
 Resolving package versions...
[ Info: Loading DataFrames support into Gadfly.jl
┌ Warning: Error requiring DynamicHMC from Turing:
│ ArgumentError: Package Turing does not have Pkg in its dependencies:
│ - If you have Turing checked out for development and have
│   added Pkg as a dependency but haven't updated your primary
│   environment's manifest file, try `Pkg.resolve()`.
│ - Otherwise you may need to report an issue with Turing
│ Stacktrace:
│  [1] require(::Module, ::Symbol) at ./loading.jl:900
│  [2] top-level scope at /home/pkgeval/.julia/packages/Turing/xGrY5/src/Turing.jl:137
│  [3] eval(::Module, ::Any) at ./boot.jl:330
│  [4] top-level scope at /home/pkgeval/.julia/packages/DiffEqBayes/p3CyI/test/dynamicHMC.jl:2
│  [5] eval at ./boot.jl:330 [inlined]
│  [6] eval at /home/pkgeval/.julia/packages/Turing/xGrY5/src/Turing.jl:1 [inlined]
│  [7] (::Turing.var"#7#11")() at /home/pkgeval/.julia/packages/Requires/9Jse8/src/require.jl:67
│  [8] err(::Turing.var"#7#11", ::Module, ::String) at /home/pkgeval/.julia/packages/Requires/9Jse8/src/require.jl:38
│  [9] #6 at /home/pkgeval/.julia/packages/Requires/9Jse8/src/require.jl:66 [inlined]
│  [10] withpath(::Turing.var"#6#10", ::String) at /home/pkgeval/.julia/packages/Requires/9Jse8/src/require.jl:28
│  [11] (::Turing.var"#5#9")() at /home/pkgeval/.julia/packages/Requires/9Jse8/src/require.jl:65
│  [12] #invokelatest#1 at ./essentials.jl:709 [inlined]
│  [13] invokelatest at ./essentials.jl:708 [inlined]
│  [14] #3 at /home/pkgeval/.julia/packages/Requires/9Jse8/src/require.jl:19 [inlined]
│  [15] iterate at ./generator.jl:47 [inlined]
│  [16] _collect(::Array{Function,1}, ::Base.Generator{Array{Function,1},Requires.var"#3#4"}, ::Base.EltypeUnknown, ::Base.HasShape{1}) at ./array.jl:635
│  [17] map at ./array.jl:564 [inlined]
│  [18] loadpkg(::Base.PkgId) at /home/pkgeval/.julia/packages/Requires/9Jse8/src/require.jl:19
│  [19] #invokelatest#1 at ./essentials.jl:709 [inlined]
│  [20] invokelatest at ./essentials.jl:708 [inlined]
│  [21] require(::Base.PkgId) at ./loading.jl:925
│  [22] require(::Module, ::Symbol) at ./loading.jl:917
│  [23] include at ./boot.jl:328 [inlined]
│  [24] include_relative(::Module, ::String) at ./loading.jl:1105
│  [25] include(::Module, ::String) at ./Base.jl:31
│  [26] include(::String) at ./client.jl:424
│  [27] top-level scope at /home/pkgeval/.julia/packages/DiffEqBayes/p3CyI/test/runtests.jl:5
│  [28] top-level scope at /buildworker/worker/package_linux64/build/usr/share/julia/stdlib/v1.3/Test/src/Test.jl:1107
│  [29] top-level scope at /home/pkgeval/.julia/packages/DiffEqBayes/p3CyI/test/runtests.jl:5
│  [30] top-level scope at util.jl:155
│  [31] top-level scope at /home/pkgeval/.julia/packages/DiffEqBayes/p3CyI/test/runtests.jl:5
│  [32] top-level scope at util.jl:155
│  [33] include at ./boot.jl:328 [inlined]
│  [34] include_relative(::Module, ::String) at ./loading.jl:1105
│  [35] include(::Module, ::String) at ./Base.jl:31
│  [36] include(::String) at ./client.jl:424
│  [37] top-level scope at none:6
│  [38] eval(::Module, ::Any) at ./boot.jl:330
│  [39] exec_options(::Base.JLOptions) at ./client.jl:263
│  [40] _start() at ./client.jl:460
└ @ Requires ~/.julia/packages/Requires/9Jse8/src/require.jl:40
[ Info: finding initial optimum
┌ Warning: dt <= dtmin. Aborting. There is either an error in your model specification or the true solution is unstable.
└ @ DiffEqBase ~/.julia/packages/DiffEqBase/cwiDm/src/integrator_interface.jl:333
┌ Warning: Interrupted. Larger maxiters is needed.
└ @ DiffEqBase ~/.julia/packages/DiffEqBase/cwiDm/src/integrator_interface.jl:319
┌ Info: found initial stepsize
└   ϵ = 0.125
┌ Info: Starting MCMC
│   total_steps = 75
└   tuning = "stepsize"
┌ Info: MCMC progress
│   step = 1
│   seconds_per_step = 0.013
│   estimated_seconds_left = 0.95
└   ϵ = 0.125
┌ Info: Starting MCMC
│   total_steps = 25
└   tuning = "stepsize and Diagonal metric"
┌ Info: MCMC progress
│   step = 1
│   seconds_per_step = 0.00058
│   estimated_seconds_left = 0.014
└   ϵ = 0.000369
┌ Info: adaptation finished
└   adapted_kinetic_energy = Gaussian kinetic energy (Diagonal), √diag(M⁻¹): [0.05115240160543132, 0.1143798685638113, 0.1162600156619682]
┌ Info: Starting MCMC
│   total_steps = 50
└   tuning = "stepsize and Diagonal metric"
┌ Info: MCMC progress
│   step = 1
│   seconds_per_step = 0.0062
│   estimated_seconds_left = 0.31
└   ϵ = 9.85e-5
┌ Info: adaptation finished
└   adapted_kinetic_energy = Gaussian kinetic energy (Diagonal), √diag(M⁻¹): [0.032005989708658096, 0.1012114070712535, 0.3487674030432676]
┌ Info: Starting MCMC
│   total_steps = 100
└   tuning = "stepsize and Diagonal metric"
┌ Info: MCMC progress
│   step = 1
│   seconds_per_step = 0.00042
│   estimated_seconds_left = 0.042
└   ϵ = 0.00162
┌ Info: adaptation finished
└   adapted_kinetic_energy = Gaussian kinetic energy (Diagonal), √diag(M⁻¹): [0.05142193648356951, 0.23132011681619727, 0.22996450701911803]
┌ Info: Starting MCMC
│   total_steps = 200
└   tuning = "stepsize and Diagonal metric"
┌ Info: MCMC progress
│   step = 1
│   seconds_per_step = 0.00037
│   estimated_seconds_left = 0.074
└   ϵ = 0.00434
┌ Info: MCMC progress
│   step = 101
│   seconds_per_step = 0.14
│   estimated_seconds_left = 14.0
└   ϵ = 0.00204
┌ Info: adaptation finished
└   adapted_kinetic_energy = Gaussian kinetic energy (Diagonal), √diag(M⁻¹): [0.03440459187648324, 0.2705652933954807, 0.21759179394517708]
┌ Info: Starting MCMC
│   total_steps = 400
└   tuning = "stepsize and Diagonal metric"
┌ Info: MCMC progress
│   step = 1
│   seconds_per_step = 0.00036
│   estimated_seconds_left = 0.14
└   ϵ = 0.00303
┌ Info: MCMC progress
│   step = 101
│   seconds_per_step = 0.098
│   estimated_seconds_left = 29.0
└   ϵ = 0.00391
┌ Info: MCMC progress
│   step = 201
│   seconds_per_step = 0.069
│   estimated_seconds_left = 14.0
└   ϵ = 0.00216
┌ Info: MCMC progress
│   step = 301
│   seconds_per_step = 0.11
│   estimated_seconds_left = 11.0
└   ϵ = 0.00617
┌ Info: adaptation finished
└   adapted_kinetic_energy = Gaussian kinetic energy (Diagonal), √diag(M⁻¹): [0.02776287856969285, 0.3008431990377256, 0.24831504027062729]
┌ Info: Starting MCMC
│   total_steps = 50
└   tuning = "stepsize"
┌ Info: MCMC progress
│   step = 1
│   seconds_per_step = 0.048
│   estimated_seconds_left = 2.4
└   ϵ = 0.00454
┌ Info: Starting MCMC
└   total_steps = 1000
┌ Info: MCMC progress
│   step = 1
│   seconds_per_step = 0.036
└   estimated_seconds_left = 36.0
┌ Info: MCMC progress
│   step = 101
│   seconds_per_step = 0.11
└   estimated_seconds_left = 99.0
┌ Info: MCMC progress
│   step = 201
│   seconds_per_step = 0.14
└   estimated_seconds_left = 110.0
┌ Info: MCMC progress
│   step = 301
│   seconds_per_step = 0.12
└   estimated_seconds_left = 82.0
┌ Info: MCMC progress
│   step = 401
│   seconds_per_step = 0.12
└   estimated_seconds_left = 72.0
┌ Info: MCMC progress
│   step = 501
│   seconds_per_step = 0.11
└   estimated_seconds_left = 57.0
┌ Info: MCMC progress
│   step = 601
│   seconds_per_step = 0.098
└   estimated_seconds_left = 39.0
┌ Info: MCMC progress
│   step = 701
│   seconds_per_step = 0.099
└   estimated_seconds_left = 30.0
┌ Info: MCMC progress
│   step = 801
│   seconds_per_step = 0.11
└   estimated_seconds_left = 22.0
┌ Info: MCMC progress
│   step = 901
│   seconds_per_step = 0.12
└   estimated_seconds_left = 12.0
┌ Warning: `Truncated(d::UnivariateDistribution, l::Real, u::Real)` is deprecated, use `truncated(d, l, u)` instead.
│   caller = ip:0x0
└ @ Core :-1
[ Info: finding initial optimum
┌ Warning: dt <= dtmin. Aborting. There is either an error in your model specification or the true solution is unstable.
└ @ DiffEqBase ~/.julia/packages/DiffEqBase/cwiDm/src/integrator_interface.jl:333
┌ Warning: dt <= dtmin. Aborting. There is either an error in your model specification or the true solution is unstable.
└ @ DiffEqBase ~/.julia/packages/DiffEqBase/cwiDm/src/integrator_interface.jl:333
┌ Warning: dt <= dtmin. Aborting. There is either an error in your model specification or the true solution is unstable.
└ @ DiffEqBase ~/.julia/packages/DiffEqBase/cwiDm/src/integrator_interface.jl:333
┌ Warning: Interrupted. Larger maxiters is needed.
└ @ DiffEqBase ~/.julia/packages/DiffEqBase/cwiDm/src/integrator_interface.jl:319
┌ Info: found initial stepsize
└   ϵ = 0.000488
┌ Info: Starting MCMC
│   total_steps = 75
└   tuning = "stepsize"
┌ Info: MCMC progress
│   step = 1
│   seconds_per_step = 0.0053
│   estimated_seconds_left = 0.39
└   ϵ = 0.000488
┌ Info: Starting MCMC
│   total_steps = 25
└   tuning = "stepsize and Diagonal metric"
┌ Info: MCMC progress
│   step = 1
│   seconds_per_step = 0.0026
│   estimated_seconds_left = 0.061
└   ϵ = 0.000183
┌ Info: adaptation finished
└   adapted_kinetic_energy = Gaussian kinetic energy (Diagonal), √diag(M⁻¹): [0.014178733231470743, 0.014172103839852542, 0.014190456240398783, 0.014268099751483332, 0.050403038015705774, 0.05248083910041366]
┌ Info: Starting MCMC
│   total_steps = 50
└   tuning = "stepsize and Diagonal metric"
┌ Info: MCMC progress
│   step = 1
│   seconds_per_step = 0.2
│   estimated_seconds_left = 9.9
└   ϵ = 0.000124
┌ Info: adaptation finished
└   adapted_kinetic_energy = Gaussian kinetic energy (Diagonal), √diag(M⁻¹): [0.01004780126951488, 0.010089227969610199, 0.010109401410168863, 0.010162289813575273, 0.30948722322455774, 0.3981303915861326]
┌ Info: Starting MCMC
│   total_steps = 100
└   tuning = "stepsize and Diagonal metric"
┌ Info: MCMC progress
│   step = 1
│   seconds_per_step = 0.04
│   estimated_seconds_left = 4.0
└   ϵ = 0.00707
┌ Info: adaptation finished
└   adapted_kinetic_energy = Gaussian kinetic energy (Diagonal), √diag(M⁻¹): [0.007189658080505926, 0.00729145456789274, 0.007337764974057295, 0.007363012618077745, 0.2746835892725812, 0.2585987376255576]
┌ Info: Starting MCMC
│   total_steps = 200
└   tuning = "stepsize and Diagonal metric"
┌ Info: MCMC progress
│   step = 1
│   seconds_per_step = 0.0097
│   estimated_seconds_left = 1.9
└   ϵ = 0.0156
┌ Info: MCMC progress
│   step = 101
│   seconds_per_step = 0.044
│   estimated_seconds_left = 4.4
└   ϵ = 0.0352
┌ Info: adaptation finished
└   adapted_kinetic_energy = Gaussian kinetic energy (Diagonal), √diag(M⁻¹): [0.005108528875056006, 0.005175347298569201, 0.005232590750300558, 0.005291682869944277, 0.23301129791090275, 0.23741318612191842]
┌ Info: Starting MCMC
│   total_steps = 400
└   tuning = "stepsize and Diagonal metric"
┌ Info: MCMC progress
│   step = 1
│   seconds_per_step = 0.039
│   estimated_seconds_left = 16.0
└   ϵ = 0.0239
┌ Info: MCMC progress
│   step = 101
│   seconds_per_step = 0.04
│   estimated_seconds_left = 12.0
└   ϵ = 0.0265
┌ Info: MCMC progress
│   step = 201
│   seconds_per_step = 0.029
│   estimated_seconds_left = 5.7
└   ϵ = 0.0191
┌ Info: MCMC progress
│   step = 301
│   seconds_per_step = 0.023
│   estimated_seconds_left = 2.2
└   ϵ = 0.0363
┌ Info: adaptation finished
└   adapted_kinetic_energy = Gaussian kinetic energy (Diagonal), √diag(M⁻¹): [0.003705862118478745, 0.0038936880874413265, 0.0038874941430391764, 0.004023957020720839, 0.2844597410882055, 0.31786308311860195]
┌ Info: Starting MCMC
│   total_steps = 50
└   tuning = "stepsize"
┌ Info: MCMC progress
│   step = 1
│   seconds_per_step = 0.011
│   estimated_seconds_left = 0.54
└   ϵ = 0.036
┌ Info: Starting MCMC
└   total_steps = 1000
┌ Info: MCMC progress
│   step = 1
│   seconds_per_step = 0.018
└   estimated_seconds_left = 18.0
┌ Info: MCMC progress
│   step = 101
│   seconds_per_step = 0.022
└   estimated_seconds_left = 20.0
┌ Info: MCMC progress
│   step = 201
│   seconds_per_step = 0.019
└   estimated_seconds_left = 16.0
┌ Info: MCMC progress
│   step = 301
│   seconds_per_step = 0.02
└   estimated_seconds_left = 14.0
┌ Info: MCMC progress
│   step = 401
│   seconds_per_step = 0.024
└   estimated_seconds_left = 15.0
┌ Info: MCMC progress
│   step = 501
│   seconds_per_step = 0.021
└   estimated_seconds_left = 11.0
┌ Info: MCMC progress
│   step = 601
│   seconds_per_step = 0.02
└   estimated_seconds_left = 7.9
┌ Info: MCMC progress
│   step = 701
│   seconds_per_step = 0.023
└   estimated_seconds_left = 6.8
┌ Info: MCMC progress
│   step = 801
│   seconds_per_step = 0.023
└   estimated_seconds_left = 4.6
┌ Info: MCMC progress
│   step = 901
│   seconds_per_step = 0.023
└   estimated_seconds_left = 2.3
Test Summary: | Pass  Broken  Total
DynamicHMC    |    2       2      4
556.863725 seconds (1.29 G allocations: 96.212 GiB, 5.01% gc time)
┌ Warning: Environment variable CMDSTAN_HOME not set. Use set_cmdstan_home!.
└ @ CmdStan ~/.julia/packages/CmdStan/HbJ7l/src/CmdStan.jl:27
Starting the test
Test Summary: | Pass  Total
Stan_String   |   50     50
 59.917230 seconds (4.32 M allocations: 219.862 MiB, 0.20% gc time)
One parameter case

File /home/pkgeval/.julia/packages/DiffEqBayes/p3CyI/test/tmp/parameter_estimation_model.stan will be updated.

Stan: Error During Test at /home/pkgeval/.julia/packages/DiffEqBayes/p3CyI/test/runtests.jl:7
  Got exception outside of a @test
  LoadError: IOError: chdir : no such file or directory (ENOENT)
  Stacktrace:
   [1] uv_error at ./libuv.jl:97 [inlined]
   [2] cd(::String) at ./file.jl:84
   [3] cd(::CmdStan.var"#6#9"{Bool,Stanmodel}, ::String) at ./file.jl:103
   [4] #stan#4(::Type, ::Bool, ::Bool, ::String, ::Bool, ::Bool, ::typeof(stan), ::Stanmodel, ::Array{Dict{String,Any},1}, ::String) at /home/pkgeval/.julia/packages/CmdStan/HbJ7l/src/main/stancode.jl:106
   [5] #stan at ./none:0 [inlined] (repeats 2 times)
   [6] #stan_inference#53(::Symbol, ::Int64, ::Int64, ::Float64, ::Float64, ::Int64, ::Type, ::Tuple{DiffEqBayes.StanODEData,InverseGamma{Float64}}, ::Int64, ::typeof(stan_inference), ::ODEProblem{Array{Float64,1},Tuple{Float64,Float64},true,Array{Float64,1},var"##425"{var"#29#33",var"#30#34",var"#31#35",Nothing,Nothing,var"#32#36",Expr,Expr},Base.Iterators.Pairs{Union{},Union{},Tuple{},NamedTuple{(),Tuple{}}},DiffEqBase.StandardODEProblem}, ::Array{Float64,1}, ::Array{Float64,2}, ::Array{Truncated{Normal{Float64},Continuous,Float64},1}) at /home/pkgeval/.julia/packages/DiffEqBayes/p3CyI/src/stan_inference.jl:140
   [7] (::DiffEqBayes.var"#kw##stan_inference")(::NamedTuple{(:num_samples, :num_warmup, :likelihood),Tuple{Int64,Int64,UnionAll}}, ::typeof(stan_inference), ::ODEProblem{Array{Float64,1},Tuple{Float64,Float64},true,Array{Float64,1},var"##425"{var"#29#33",var"#30#34",var"#31#35",Nothing,Nothing,var"#32#36",Expr,Expr},Base.Iterators.Pairs{Union{},Union{},Tuple{},NamedTuple{(),Tuple{}}},DiffEqBase.StandardODEProblem}, ::Array{Float64,1}, ::Array{Float64,2}, ::Array{Truncated{Normal{Float64},Continuous,Float64},1}) at ./none:0
   [8] top-level scope at /home/pkgeval/.julia/packages/DiffEqBayes/p3CyI/test/stan.jl:19
   [9] include at ./boot.jl:328 [inlined]
   [10] include_relative(::Module, ::String) at ./loading.jl:1105
   [11] include(::Module, ::String) at ./Base.jl:31
   [12] include(::String) at ./client.jl:424
   [13] top-level scope at /home/pkgeval/.julia/packages/DiffEqBayes/p3CyI/test/runtests.jl:7
   [14] top-level scope at /buildworker/worker/package_linux64/build/usr/share/julia/stdlib/v1.3/Test/src/Test.jl:1107
   [15] top-level scope at /home/pkgeval/.julia/packages/DiffEqBayes/p3CyI/test/runtests.jl:7
   [16] top-level scope at util.jl:155
   [17] top-level scope at /home/pkgeval/.julia/packages/DiffEqBayes/p3CyI/test/runtests.jl:7
   [18] top-level scope at util.jl:155
   [19] include at ./boot.jl:328 [inlined]
   [20] include_relative(::Module, ::String) at ./loading.jl:1105
   [21] include(::Module, ::String) at ./Base.jl:31
   [22] include(::String) at ./client.jl:424
   [23] top-level scope at none:6
   [24] eval(::Module, ::Any) at ./boot.jl:330
   [25] exec_options(::Base.JLOptions) at ./client.jl:263
   [26] _start() at ./client.jl:460
  in expression starting at /home/pkgeval/.julia/packages/DiffEqBayes/p3CyI/test/stan.jl:19
  
Test Summary: | Error  Total
Stan          |     1      1
ERROR: LoadError: Some tests did not pass: 0 passed, 0 failed, 1 errored, 0 broken.
in expression starting at /home/pkgeval/.julia/packages/DiffEqBayes/p3CyI/test/runtests.jl:4
ERROR: Package DiffEqBayes errored during testing
Stacktrace:
 [1] pkgerror(::String, ::Vararg{String,N} where N) at /buildworker/worker/package_linux64/build/usr/share/julia/stdlib/v1.3/Pkg/src/Types.jl:113
 [2] #test#131(::Bool, ::Nothing, ::Cmd, ::Cmd, ::typeof(Pkg.Operations.test), ::Pkg.Types.Context, ::Array{Pkg.Types.PackageSpec,1}) at /buildworker/worker/package_linux64/build/usr/share/julia/stdlib/v1.3/Pkg/src/Operations.jl:1370
 [3] #test at ./none:0 [inlined]
 [4] #test#62(::Bool, ::Nothing, ::Cmd, ::Cmd, ::Base.Iterators.Pairs{Union{},Union{},Tuple{},NamedTuple{(),Tuple{}}}, ::typeof(Pkg.API.test), ::Pkg.Types.Context, ::Array{Pkg.Types.PackageSpec,1}) at /buildworker/worker/package_linux64/build/usr/share/julia/stdlib/v1.3/Pkg/src/API.jl:253
 [5] test(::Pkg.Types.Context, ::Array{Pkg.Types.PackageSpec,1}) at /buildworker/worker/package_linux64/build/usr/share/julia/stdlib/v1.3/Pkg/src/API.jl:239
 [6] #test#61 at /buildworker/worker/package_linux64/build/usr/share/julia/stdlib/v1.3/Pkg/src/API.jl:233 [inlined]
 [7] test at /buildworker/worker/package_linux64/build/usr/share/julia/stdlib/v1.3/Pkg/src/API.jl:233 [inlined]
 [8] #test#60 at /buildworker/worker/package_linux64/build/usr/share/julia/stdlib/v1.3/Pkg/src/API.jl:232 [inlined]
 [9] test at /buildworker/worker/package_linux64/build/usr/share/julia/stdlib/v1.3/Pkg/src/API.jl:232 [inlined]
 [10] #test#59(::Base.Iterators.Pairs{Union{},Union{},Tuple{},NamedTuple{(),Tuple{}}}, ::typeof(Pkg.API.test), ::String) at /buildworker/worker/package_linux64/build/usr/share/julia/stdlib/v1.3/Pkg/src/API.jl:231
 [11] test(::String) at /buildworker/worker/package_linux64/build/usr/share/julia/stdlib/v1.3/Pkg/src/API.jl:231
 [12] top-level scope at none:12
