Current time is 2020-10-25T21:07:39.722
Julia Version 1.5.3-pre.13
Commit 3de1115e9c (2020-10-23 21:58 UTC)
Platform Info:
  OS: Linux (x86_64-linux-gnu)
  CPU: AMD EPYC 7502 32-Core Processor
  WORD_SIZE: 64
  LIBM: libopenlibm
  LLVM: libLLVM-9.0.1 (ORCJIT, znver2)
Environment:
  JULIA_DEPOT_PATH = ::/usr/local/share/julia
  JULIA_NUM_THREADS = 2
  JULIA_MAX_NUM_PRECOMPILE_FILES = 9223372036854775807
  JULIA_PKG_SERVER = 

Starting installation at 2020-10-25T21:07:43.263
  Resolving package versions...
  Installed LambertW ─ v0.4.5
Updating `~/.julia/environments/v1.5/Project.toml`
  [984bce1d] + LambertW v0.4.5
Updating `~/.julia/environments/v1.5/Manifest.toml`
  [984bce1d] + LambertW v0.4.5
Starting tests at 2020-10-25T21:07:46.023
    Testing LambertW
Status `/tmp/jl_zjtaJ4/Project.toml`
  [984bce1d] LambertW v0.4.5
  [8dfed614] Test
Status `/tmp/jl_zjtaJ4/Manifest.toml`
  [984bce1d] LambertW v0.4.5
  [2a0f44e3] Base64
  [8ba89e20] Distributed
  [b77e0a4c] InteractiveUtils
  [56ddb016] Logging
  [d6f4376e] Markdown
  [9a3f8284] Random
  [9e88b42a] Serialization
  [6462fe0b] Sockets
  [8dfed614] Test
Test Summary: | Pass  Total
exceptions    |    8      8
Test Summary: | Pass  Total
LambertW.jl   |   42     42
Test Summary: | Pass  Total
branch point  |  552    552
Test Summary: | Pass  Total
infinities    |    6      6
Test Summary:   | Pass  Total
at branch point |    4      4
    Testing LambertW tests passed 
Finished at 2020-10-25T21:07:59.969
