Julia Version 1.5.2-pre.0
Commit c4acbf93fb (2020-08-26 10:58 UTC)
Platform Info:
  OS: Linux (x86_64-pc-linux-gnu)
  CPU: Intel(R) Xeon(R) Silver 4114 CPU @ 2.20GHz
  WORD_SIZE: 64
  LIBM: libopenlibm
  LLVM: libLLVM-9.0.1 (ORCJIT, skylake-avx512)
Environment:
  JULIA_DEPOT_PATH = ::/usr/local/share/julia
  JULIA_NUM_THREADS = 2

  Resolving package versions...
  Installed ArgCheck ──────── v2.1.0
  Installed SimpleIntegrals ─ v0.2.2
Updating `~/.julia/environments/v1.5/Project.toml`
  [c106d4f1] + SimpleIntegrals v0.2.2
Updating `~/.julia/environments/v1.5/Manifest.toml`
  [dce04be8] + ArgCheck v2.1.0
  [c106d4f1] + SimpleIntegrals v0.2.2
    Testing SimpleIntegrals
Status `/tmp/jl_kTuAHa/Project.toml`
  [dce04be8] ArgCheck v2.1.0
  [6e4b80f9] BenchmarkTools v0.5.0
  [c106d4f1] SimpleIntegrals v0.2.2
  [1986cc42] Unitful v1.4.0
  [b77e0a4c] InteractiveUtils
  [8dfed614] Test
Status `/tmp/jl_kTuAHa/Manifest.toml`
  [dce04be8] ArgCheck v2.1.0
  [6e4b80f9] BenchmarkTools v0.5.0
  [187b0558] ConstructionBase v1.0.0
  [682c06a0] JSON v0.21.1
  [69de0a69] Parsers v1.0.10
  [c106d4f1] SimpleIntegrals v0.2.2
  [1986cc42] Unitful v1.4.0
  [2a0f44e3] Base64
  [ade2ca70] Dates
  [8ba89e20] Distributed
  [b77e0a4c] InteractiveUtils
  [8f399da3] Libdl
  [37e2e46d] LinearAlgebra
  [56ddb016] Logging
  [d6f4376e] Markdown
  [a63ad114] Mmap
  [de0858da] Printf
  [9a3f8284] Random
  [ea8e919c] SHA
  [9e88b42a] Serialization
  [6462fe0b] Sockets
  [2f01184e] SparseArrays
  [10745b16] Statistics
  [8dfed614] Test
  [cf7118a7] UUIDs
  [4ec0a83e] Unicode
[ Info: Benchmarking on array of 10000 elements
BenchmarkTools.Trial: 
  memory estimate:  0 bytes
  allocs estimate:  0
  --------------
  minimum time:     125.707 μs (0.00% GC)
  median time:      126.716 μs (0.00% GC)
  mean time:        126.716 μs (0.00% GC)
  maximum time:     127.725 μs (0.00% GC)
  --------------
  samples:          2
  evals/sample:     2BenchmarkTools.Trial: 
  memory estimate:  0 bytes
  allocs estimate:  0
  --------------
  minimum time:     87.681 μs (0.00% GC)
  median time:      90.015 μs (0.00% GC)
  mean time:        90.015 μs (0.00% GC)
  maximum time:     92.349 μs (0.00% GC)
  --------------
  samples:          2
  evals/sample:     2BenchmarkTools.Trial: 
  memory estimate:  0 bytes
  allocs estimate:  0
  --------------
  minimum time:     23.250 μs (0.00% GC)
  median time:      23.999 μs (0.00% GC)
  mean time:        23.999 μs (0.00% GC)
  maximum time:     24.748 μs (0.00% GC)
  --------------
  samples:          2
  evals/sample:     2BenchmarkTools.Trial: 
  memory estimate:  0 bytes
  allocs estimate:  0
  --------------
  minimum time:     26.197 μs (0.00% GC)
  median time:      27.107 μs (0.00% GC)
  mean time:        27.107 μs (0.00% GC)
  maximum time:     28.018 μs (0.00% GC)
  --------------
  samples:          2
  evals/sample:     2BenchmarkTools.Trial: 
  memory estimate:  0 bytes
  allocs estimate:  0
  --------------
  minimum time:     124.381 μs (0.00% GC)
  median time:      172.808 μs (0.00% GC)
  mean time:        172.808 μs (0.00% GC)
  maximum time:     221.234 μs (0.00% GC)
  --------------
  samples:          2
  evals/sample:     2BenchmarkTools.Trial: 
  memory estimate:  0 bytes
  allocs estimate:  0
  --------------
  minimum time:     135.169 μs (0.00% GC)
  median time:      135.268 μs (0.00% GC)
  mean time:        135.268 μs (0.00% GC)
  maximum time:     135.368 μs (0.00% GC)
  --------------
  samples:          2
  evals/sample:     2Test Summary: | Pass  Total
perf          |    6      6
Test Summary: | Pass  Total
Unitful       |    1      1
Test Summary: | Pass  Total
spike         |    6      6
Test Summary:     | Pass  Total
constant function |  300    300
Test Summary: | Pass  Total
edgecases     |    2      2
Test Summary: | Pass  Total
pasting       |  200    200
Test Summary: | Pass  Total
typestability |    8      8
Test Summary: | Pass  Total
api           |    2      2
Test Summary:               | Pass  Total
Range and Vector consistent |  200    200
    Testing SimpleIntegrals tests passed 
