Current time is 2020-10-25T22:25:26.5
Julia Version 1.5.3-pre.0
Commit 5905edebb1 (2020-09-24 05:09 UTC)
Platform Info:
  OS: Linux (x86_64-pc-linux-gnu)
  CPU: AMD EPYC 7502 32-Core Processor
  WORD_SIZE: 64
  LIBM: libopenlibm
  LLVM: libLLVM-9.0.1 (ORCJIT, znver2)
Environment:
  JULIA_DEPOT_PATH = ::/usr/local/share/julia
  JULIA_NUM_THREADS = 2
  JULIA_MAX_NUM_PRECOMPILE_FILES = 9223372036854775807
  JULIA_PKG_SERVER = 

Starting installation at 2020-10-25T22:25:29.406
  Resolving package versions...
  Installed Pukeko ─ v0.3.0
Updating `~/.julia/environments/v1.5/Project.toml`
  [8cf91db1] + Pukeko v0.3.0
Updating `~/.julia/environments/v1.5/Manifest.toml`
  [8cf91db1] + Pukeko v0.3.0
  [de0858da] + Printf
  [4ec0a83e] + Unicode
Starting tests at 2020-10-25T22:25:31.188
    Testing Pukeko
Status `/tmp/jl_l4WikZ/Project.toml`
  [8cf91db1] Pukeko v0.3.0
  [de0858da] Printf
Status `/tmp/jl_l4WikZ/Manifest.toml`
  [8cf91db1] Pukeko v0.3.0
  [de0858da] Printf
  [4ec0a83e] Unicode
7 test function(s) ran successfully in module PukekoTests (0.09 seconds)
1 test function(s) ran successfully in module TestThrowsTests (0.04 seconds)
Message about failing test should appear next
Test failures occurred in module FailSlowTests
Functions with failed tests:
    test_fail: runtests.jl:79 Expression did not evaluate to `true`: 1 != 2
0 test function(s) ran successfully in module Empty (0.00 seconds)
0 test function(s) ran successfully in module OnlyCallFunctions (0.00 seconds)
28 test function(s) ran successfully in module BaseInt (5.49 seconds)
    Testing Pukeko tests passed 
Finished at 2020-10-25T22:25:41.842
