Julia Version 1.3.1-pre.19
Commit 602e3006ec (2019-12-17 12:50 UTC)
Platform Info:
  OS: Linux (x86_64-linux-gnu)
  CPU: Intel(R) Xeon(R) Silver 4114 CPU @ 2.20GHz
  WORD_SIZE: 64
  LIBM: libopenlibm
  LLVM: libLLVM-6.0.1 (ORCJIT, skylake)
Environment:
  JULIA_DEPOT_PATH = ::/usr/local/share/julia

 Resolving package versions...
 Installed ReplMaker ─ v0.2.3
 Installed Maxima ──── v0.1.2
  Updating `~/.julia/environments/v1.3/Project.toml`
  [e6386f5f] + Maxima v0.1.2
  Updating `~/.julia/environments/v1.3/Manifest.toml`
  [e6386f5f] + Maxima v0.1.2
  [b873ce64] + ReplMaker v0.2.3
  [2a0f44e3] + Base64 
  [8ba89e20] + Distributed 
  [b77e0a4c] + InteractiveUtils 
  [56ddb016] + Logging 
  [d6f4376e] + Markdown 
  [3fa0cd96] + REPL 
  [9a3f8284] + Random 
  [9e88b42a] + Serialization 
  [6462fe0b] + Sockets 
  [8dfed614] + Test 
  [4ec0a83e] + Unicode 
   Testing Maxima
    Status `/tmp/jl_h079q2/Manifest.toml`
  [e6386f5f] Maxima v0.1.2
  [b873ce64] ReplMaker v0.2.3
  [2a0f44e3] Base64  [`@stdlib/Base64`]
  [8ba89e20] Distributed  [`@stdlib/Distributed`]
  [b77e0a4c] InteractiveUtils  [`@stdlib/InteractiveUtils`]
  [56ddb016] Logging  [`@stdlib/Logging`]
  [d6f4376e] Markdown  [`@stdlib/Markdown`]
  [3fa0cd96] REPL  [`@stdlib/REPL`]
  [9a3f8284] Random  [`@stdlib/Random`]
  [9e88b42a] Serialization  [`@stdlib/Serialization`]
  [6462fe0b] Sockets  [`@stdlib/Sockets`]
  [8dfed614] Test  [`@stdlib/Test`]
  [4ec0a83e] Unicode  [`@stdlib/Unicode`]
ERROR: LoadError: InitError: Looks like Maxima is either not installed or not in the path
Stacktrace:
 [1] error(::String) at ./error.jl:33
 [2] #Load#18(::Cmd, ::typeof(Maxima.Load)) at /home/pkgeval/.julia/packages/Maxima/bts0O/src/setup.jl:11
 [3] Load() at /home/pkgeval/.julia/packages/Maxima/bts0O/src/setup.jl:8
 [4] __init__() at /home/pkgeval/.julia/packages/Maxima/bts0O/src/setup.jl:5
 [5] _include_from_serialized(::String, ::Array{Any,1}) at ./loading.jl:692
 [6] _require_from_serialized(::String) at ./loading.jl:743
 [7] _require(::Base.PkgId) at ./loading.jl:1034
 [8] require(::Base.PkgId) at ./loading.jl:922
 [9] require(::Module, ::Symbol) at ./loading.jl:917
 [10] include at ./boot.jl:328 [inlined]
 [11] include_relative(::Module, ::String) at ./loading.jl:1105
 [12] include(::Module, ::String) at ./Base.jl:31
 [13] include(::String) at ./client.jl:424
 [14] top-level scope at none:6
during initialization of module Maxima
in expression starting at /home/pkgeval/.julia/packages/Maxima/bts0O/test/runtests.jl:3
caused by [exception 1]
IOError: could not spawn `maxima --version`: no such file or directory (ENOENT)
Stacktrace:
 [1] _spawn_primitive(::String, ::Cmd, ::Array{Any,1}) at ./process.jl:99
 [2] setup_stdios(::Base.var"#554#555"{Cmd}, ::Array{Any,1}) at ./process.jl:112
 [3] _spawn at ./process.jl:111 [inlined]
 [4] #open#563(::Bool, ::Bool, ::typeof(open), ::Cmd, ::Base.DevNull) at ./process.jl:370
 [5] open at ./process.jl:361 [inlined]
 [6] open(::Cmd, ::String, ::Base.DevNull) at ./process.jl:341
 [7] read(::Cmd) at ./process.jl:410
 [8] read(::Cmd, ::Type{String}) at ./process.jl:421
 [9] #Load#18(::Cmd, ::typeof(Maxima.Load)) at /home/pkgeval/.julia/packages/Maxima/bts0O/src/setup.jl:9
 [10] Load() at /home/pkgeval/.julia/packages/Maxima/bts0O/src/setup.jl:8
 [11] __init__() at /home/pkgeval/.julia/packages/Maxima/bts0O/src/setup.jl:5
 [12] _include_from_serialized(::String, ::Array{Any,1}) at ./loading.jl:692
 [13] _require_from_serialized(::String) at ./loading.jl:743
 [14] _require(::Base.PkgId) at ./loading.jl:1034
 [15] require(::Base.PkgId) at ./loading.jl:922
 [16] require(::Module, ::Symbol) at ./loading.jl:917
 [17] include at ./boot.jl:328 [inlined]
 [18] include_relative(::Module, ::String) at ./loading.jl:1105
 [19] include(::Module, ::String) at ./Base.jl:31
 [20] include(::String) at ./client.jl:424
 [21] top-level scope at none:6
ERROR: Package Maxima errored during testing
Stacktrace:
 [1] pkgerror(::String, ::Vararg{String,N} where N) at /workspace/srcdir/usr/share/julia/stdlib/v1.3/Pkg/src/Types.jl:113
 [2] #test#131(::Bool, ::Nothing, ::Cmd, ::Cmd, ::typeof(Pkg.Operations.test), ::Pkg.Types.Context, ::Array{Pkg.Types.PackageSpec,1}) at /workspace/srcdir/usr/share/julia/stdlib/v1.3/Pkg/src/Operations.jl:1372
 [3] #test at ./none:0 [inlined]
 [4] #test#62(::Bool, ::Nothing, ::Cmd, ::Cmd, ::Base.Iterators.Pairs{Union{},Union{},Tuple{},NamedTuple{(),Tuple{}}}, ::typeof(Pkg.API.test), ::Pkg.Types.Context, ::Array{Pkg.Types.PackageSpec,1}) at /workspace/srcdir/usr/share/julia/stdlib/v1.3/Pkg/src/API.jl:253
 [5] test(::Pkg.Types.Context, ::Array{Pkg.Types.PackageSpec,1}) at /workspace/srcdir/usr/share/julia/stdlib/v1.3/Pkg/src/API.jl:239
 [6] #test#61 at /workspace/srcdir/usr/share/julia/stdlib/v1.3/Pkg/src/API.jl:233 [inlined]
 [7] test at /workspace/srcdir/usr/share/julia/stdlib/v1.3/Pkg/src/API.jl:233 [inlined]
 [8] #test#60 at /workspace/srcdir/usr/share/julia/stdlib/v1.3/Pkg/src/API.jl:232 [inlined]
 [9] test at /workspace/srcdir/usr/share/julia/stdlib/v1.3/Pkg/src/API.jl:232 [inlined]
 [10] #test#59(::Base.Iterators.Pairs{Union{},Union{},Tuple{},NamedTuple{(),Tuple{}}}, ::typeof(Pkg.API.test), ::String) at /workspace/srcdir/usr/share/julia/stdlib/v1.3/Pkg/src/API.jl:231
 [11] test(::String) at /workspace/srcdir/usr/share/julia/stdlib/v1.3/Pkg/src/API.jl:231
 [12] top-level scope at none:12
