Julia Version 1.4.0
Commit b8e9a9ecc6 (2020-03-21 16:36 UTC)
Platform Info:
  OS: Linux (x86_64-linux-gnu)
  CPU: Intel(R) Xeon(R) Silver 4114 CPU @ 2.20GHz
  WORD_SIZE: 64
  LIBM: libopenlibm
  LLVM: libLLVM-8.0.1 (ORCJIT, skylake)
Environment:
  JULIA_DEPOT_PATH = ::/usr/local/share/julia
  JULIA_NUM_THREADS = 2

  Resolving package versions...
  Installed DataValueInterfaces ───────── v1.0.0
  Installed VersionParsing ────────────── v1.2.0
  Installed Compat ────────────────────── v2.2.0
  Installed Conda ─────────────────────── v1.4.1
  Installed Parameters ────────────────── v0.12.0
  Installed ClimateERA ────────────────── v0.5.1
  Installed CFTime ────────────────────── v0.1.0
  Installed Tables ────────────────────── v1.0.3
  Installed PrettyTables ──────────────── v0.8.4
  Installed DataAPI ───────────────────── v1.1.0
  Installed Crayons ───────────────────── v4.0.1
  Installed BinDeps ───────────────────── v1.0.0
  Installed JSON ──────────────────────── v0.21.0
  Installed Zlib_jll ──────────────────── v1.2.11+9
  Installed JLD2 ──────────────────────── v0.1.3
  Installed CondaBinDeps ──────────────── v0.2.0
  Installed Glob ──────────────────────── v1.2.0
  Installed Reexport ──────────────────── v0.2.0
  Installed OrderedCollections ────────── v1.1.0
  Installed IteratorInterfaceExtensions ─ v1.0.0
  Installed FileIO ────────────────────── v1.2.4
  Installed DataStructures ────────────── v0.17.11
  Installed NCDatasets ────────────────── v0.10.1
  Installed CodecZlib ─────────────────── v0.7.0
  Installed Formatting ────────────────── v0.4.1
  Installed GeoRegions ────────────────── v1.1.1
  Installed TableTraits ───────────────── v1.0.0
  Installed URIParser ─────────────────── v0.4.0
  Installed TranscodingStreams ────────── v0.9.5
  Installed Parsers ───────────────────── v1.0.1
   Updating `~/.julia/environments/v1.4/Project.toml`
  [96028d6e] + ClimateERA v0.5.1
   Updating `~/.julia/environments/v1.4/Manifest.toml`
  [9e28174c] + BinDeps v1.0.0
  [179af706] + CFTime v0.1.0
  [96028d6e] + ClimateERA v0.5.1
  [944b1d66] + CodecZlib v0.7.0
  [34da2185] + Compat v2.2.0
  [8f4d0f93] + Conda v1.4.1
  [a9693cdc] + CondaBinDeps v0.2.0
  [a8cc5b0e] + Crayons v4.0.1
  [9a962f9c] + DataAPI v1.1.0
  [864edb3b] + DataStructures v0.17.11
  [e2d170a0] + DataValueInterfaces v1.0.0
  [5789e2e9] + FileIO v1.2.4
  [59287772] + Formatting v0.4.1
  [b001f823] + GeoRegions v1.1.1
  [c27321d9] + Glob v1.2.0
  [82899510] + IteratorInterfaceExtensions v1.0.0
  [033835bb] + JLD2 v0.1.3
  [682c06a0] + JSON v0.21.0
  [85f8d34a] + NCDatasets v0.10.1
  [bac558e1] + OrderedCollections v1.1.0
  [d96e819e] + Parameters v0.12.0
  [69de0a69] + Parsers v1.0.1
  [08abe8d2] + PrettyTables v0.8.4
  [189a3867] + Reexport v0.2.0
  [3783bdb8] + TableTraits v1.0.0
  [bd369af6] + Tables v1.0.3
  [3bb67fe8] + TranscodingStreams v0.9.5
  [30578b45] + URIParser v0.4.0
  [81def892] + VersionParsing v1.2.0
  [83775a58] + Zlib_jll v1.2.11+9
  [2a0f44e3] + Base64 
  [ade2ca70] + Dates 
  [8bb1440f] + DelimitedFiles 
  [8ba89e20] + Distributed 
  [b77e0a4c] + InteractiveUtils 
  [76f85450] + LibGit2 
  [8f399da3] + Libdl 
  [37e2e46d] + LinearAlgebra 
  [56ddb016] + Logging 
  [d6f4376e] + Markdown 
  [a63ad114] + Mmap 
  [44cfe95a] + Pkg 
  [de0858da] + Printf 
  [3fa0cd96] + REPL 
  [9a3f8284] + Random 
  [ea8e919c] + SHA 
  [9e88b42a] + Serialization 
  [1a1011a3] + SharedArrays 
  [6462fe0b] + Sockets 
  [2f01184e] + SparseArrays 
  [10745b16] + Statistics 
  [8dfed614] + Test 
  [cf7118a7] + UUIDs 
  [4ec0a83e] + Unicode 
   Building Conda ─────→ `~/.julia/packages/Conda/3rPhK/deps/build.log`
   Building NCDatasets → `~/.julia/packages/NCDatasets/Tb4eK/deps/build.log`
    Testing ClimateERA
Status `/tmp/jl_h6JyXR/Manifest.toml`
  [9e28174c] BinDeps v1.0.0
  [179af706] CFTime v0.1.0
  [96028d6e] ClimateERA v0.5.1
  [944b1d66] CodecZlib v0.7.0
  [34da2185] Compat v2.2.0
  [8f4d0f93] Conda v1.4.1
  [a9693cdc] CondaBinDeps v0.2.0
  [a8cc5b0e] Crayons v4.0.1
  [9a962f9c] DataAPI v1.1.0
  [864edb3b] DataStructures v0.17.11
  [e2d170a0] DataValueInterfaces v1.0.0
  [5789e2e9] FileIO v1.2.4
  [59287772] Formatting v0.4.1
  [b001f823] GeoRegions v1.1.1
  [c27321d9] Glob v1.2.0
  [82899510] IteratorInterfaceExtensions v1.0.0
  [033835bb] JLD2 v0.1.3
  [682c06a0] JSON v0.21.0
  [85f8d34a] NCDatasets v0.10.1
  [bac558e1] OrderedCollections v1.1.0
  [d96e819e] Parameters v0.12.0
  [69de0a69] Parsers v1.0.1
  [08abe8d2] PrettyTables v0.8.4
  [189a3867] Reexport v0.2.0
  [3783bdb8] TableTraits v1.0.0
  [bd369af6] Tables v1.0.3
  [3bb67fe8] TranscodingStreams v0.9.5
  [30578b45] URIParser v0.4.0
  [81def892] VersionParsing v1.2.0
  [83775a58] Zlib_jll v1.2.11+9
  [2a0f44e3] Base64 
  [ade2ca70] Dates 
  [8bb1440f] DelimitedFiles 
  [8ba89e20] Distributed 
  [b77e0a4c] InteractiveUtils 
  [76f85450] LibGit2 
  [8f399da3] Libdl 
  [37e2e46d] LinearAlgebra 
  [56ddb016] Logging 
  [d6f4376e] Markdown 
  [a63ad114] Mmap 
  [44cfe95a] Pkg 
  [de0858da] Printf 
  [3fa0cd96] REPL 
  [9a3f8284] Random 
  [ea8e919c] SHA 
  [9e88b42a] Serialization 
  [1a1011a3] SharedArrays 
  [6462fe0b] Sockets 
  [2f01184e] SparseArrays 
  [10745b16] Statistics 
  [8dfed614] Test 
  [cf7118a7] UUIDs 
  [4ec0a83e] Unicode 
Test Summary: |
ClimateERA.jl | No tests
    Testing ClimateERA tests passed 
