   Cloning default registries into `~/.julia`
   Cloning registry from "https://github.com/JuliaRegistries/General.git"
[?25l    Fetching: [>                                        ]  0.0 %    Fetching: [============>                            ]  29.3 %    Fetching: [=====================>                   ]  50.8 %    Fetching: [=====================>                   ]  52.5 %    Fetching: [===================================>     ]  86.4 %[2K[?25h     Added registry `General` to `~/.julia/registries/General`
 Resolving package versions...
 Installed OdsIO ─────────────────────── v0.5.0
 Installed Conda ─────────────────────── v1.3.0
 Installed Compat ────────────────────── v2.2.0
 Installed OrderedCollections ────────── v1.1.0
 Installed PyCall ────────────────────── v1.91.2
 Installed MacroTools ────────────────── v0.5.3
 Installed CategoricalArrays ─────────── v0.7.3
 Installed DataFrames ────────────────── v0.19.4
 Installed VersionParsing ────────────── v1.1.3
 Installed Missings ──────────────────── v0.4.3
 Installed TableTraits ───────────────── v1.0.0
 Installed DataAPI ───────────────────── v1.1.0
 Installed InvertedIndices ───────────── v1.0.0
 Installed IteratorInterfaceExtensions ─ v1.0.0
 Installed DataValueInterfaces ───────── v1.0.0
 Installed JSON ──────────────────────── v0.21.0
 Installed Tables ────────────────────── v0.2.11
 Installed Reexport ──────────────────── v0.2.0
 Installed SortingAlgorithms ─────────── v0.3.1
 Installed DataStructures ────────────── v0.17.6
 Installed PooledArrays ──────────────── v0.5.2
 Installed Parsers ───────────────────── v0.3.10
  Updating `~/.julia/environments/v1.3/Project.toml`
  [56b0d19f] + OdsIO v0.5.0
  Updating `~/.julia/environments/v1.3/Manifest.toml`
  [324d7699] + CategoricalArrays v0.7.3
  [34da2185] + Compat v2.2.0
  [8f4d0f93] + Conda v1.3.0
  [9a962f9c] + DataAPI v1.1.0
  [a93c6f00] + DataFrames v0.19.4
  [864edb3b] + DataStructures v0.17.6
  [e2d170a0] + DataValueInterfaces v1.0.0
  [41ab1584] + InvertedIndices v1.0.0
  [82899510] + IteratorInterfaceExtensions v1.0.0
  [682c06a0] + JSON v0.21.0
  [1914dd2f] + MacroTools v0.5.3
  [e1d29d7a] + Missings v0.4.3
  [56b0d19f] + OdsIO v0.5.0
  [bac558e1] + OrderedCollections v1.1.0
  [69de0a69] + Parsers v0.3.10
  [2dfb63ee] + PooledArrays v0.5.2
  [438e738f] + PyCall v1.91.2
  [189a3867] + Reexport v0.2.0
  [a2af1166] + SortingAlgorithms v0.3.1
  [3783bdb8] + TableTraits v1.0.0
  [bd369af6] + Tables v0.2.11
  [81def892] + VersionParsing v1.1.3
  [2a0f44e3] + Base64 
  [ade2ca70] + Dates 
  [8bb1440f] + DelimitedFiles 
  [8ba89e20] + Distributed 
  [9fa8497b] + Future 
  [b77e0a4c] + InteractiveUtils 
  [76f85450] + LibGit2 
  [8f399da3] + Libdl 
  [37e2e46d] + LinearAlgebra 
  [56ddb016] + Logging 
  [d6f4376e] + Markdown 
  [a63ad114] + Mmap 
  [44cfe95a] + Pkg 
  [de0858da] + Printf 
  [3fa0cd96] + REPL 
  [9a3f8284] + Random 
  [ea8e919c] + SHA 
  [9e88b42a] + Serialization 
  [1a1011a3] + SharedArrays 
  [6462fe0b] + Sockets 
  [2f01184e] + SparseArrays 
  [10745b16] + Statistics 
  [8dfed614] + Test 
  [cf7118a7] + UUIDs 
  [4ec0a83e] + Unicode 
  Building Conda ─→ `~/.julia/packages/Conda/kLXeC/deps/build.log`
  Building PyCall → `~/.julia/packages/PyCall/ttONZ/deps/build.log`
  Building OdsIO ─→ `~/.julia/packages/OdsIO/K0NzK/deps/build.log`
   Testing OdsIO
    Status `/tmp/jl_p5T4Lx/Manifest.toml`
  [324d7699] CategoricalArrays v0.7.3
  [34da2185] Compat v2.2.0
  [8f4d0f93] Conda v1.3.0
  [9a962f9c] DataAPI v1.1.0
  [a93c6f00] DataFrames v0.19.4
  [864edb3b] DataStructures v0.17.6
  [e2d170a0] DataValueInterfaces v1.0.0
  [41ab1584] InvertedIndices v1.0.0
  [82899510] IteratorInterfaceExtensions v1.0.0
  [682c06a0] JSON v0.21.0
  [1914dd2f] MacroTools v0.5.3
  [e1d29d7a] Missings v0.4.3
  [56b0d19f] OdsIO v0.5.0
  [bac558e1] OrderedCollections v1.1.0
  [69de0a69] Parsers v0.3.10
  [2dfb63ee] PooledArrays v0.5.2
  [438e738f] PyCall v1.91.2
  [189a3867] Reexport v0.2.0
  [a2af1166] SortingAlgorithms v0.3.1
  [3783bdb8] TableTraits v1.0.0
  [bd369af6] Tables v0.2.11
  [81def892] VersionParsing v1.1.3
  [2a0f44e3] Base64  [`@stdlib/Base64`]
  [ade2ca70] Dates  [`@stdlib/Dates`]
  [8bb1440f] DelimitedFiles  [`@stdlib/DelimitedFiles`]
  [8ba89e20] Distributed  [`@stdlib/Distributed`]
  [9fa8497b] Future  [`@stdlib/Future`]
  [b77e0a4c] InteractiveUtils  [`@stdlib/InteractiveUtils`]
  [76f85450] LibGit2  [`@stdlib/LibGit2`]
  [8f399da3] Libdl  [`@stdlib/Libdl`]
  [37e2e46d] LinearAlgebra  [`@stdlib/LinearAlgebra`]
  [56ddb016] Logging  [`@stdlib/Logging`]
  [d6f4376e] Markdown  [`@stdlib/Markdown`]
  [a63ad114] Mmap  [`@stdlib/Mmap`]
  [44cfe95a] Pkg  [`@stdlib/Pkg`]
  [de0858da] Printf  [`@stdlib/Printf`]
  [3fa0cd96] REPL  [`@stdlib/REPL`]
  [9a3f8284] Random  [`@stdlib/Random`]
  [ea8e919c] SHA  [`@stdlib/SHA`]
  [9e88b42a] Serialization  [`@stdlib/Serialization`]
  [1a1011a3] SharedArrays  [`@stdlib/SharedArrays`]
  [6462fe0b] Sockets  [`@stdlib/Sockets`]
  [2f01184e] SparseArrays  [`@stdlib/SparseArrays`]
  [10745b16] Statistics  [`@stdlib/Statistics`]
  [8dfed614] Test  [`@stdlib/Test`]
  [cf7118a7] UUIDs  [`@stdlib/UUIDs`]
  [4ec0a83e] Unicode  [`@stdlib/Unicode`]
┌ Warning: `getindex(df::DataFrame, col_ind::ColumnIndex)` is deprecated, use `df[!, col_ind]` instead.
│   caller = (::var"#3#4")(::Int64) at none:0
└ @ Main ./none:0
┌ Warning: `getindex(df::DataFrame, col_ind::ColumnIndex)` is deprecated, use `df[!, col_ind]` instead.
│   caller = (::var"#3#4")(::Int64) at none:0
└ @ Main ./none:0
   Testing OdsIO tests passed 
