Current time is 2020-10-25T23:13:34.628
Julia Version 1.5.3-pre.13
Commit 3de1115e9c (2020-10-23 21:58 UTC)
Platform Info:
  OS: Linux (x86_64-linux-gnu)
  CPU: AMD EPYC 7502 32-Core Processor
  WORD_SIZE: 64
  LIBM: libopenlibm
  LLVM: libLLVM-9.0.1 (ORCJIT, znver2)
Environment:
  JULIA_DEPOT_PATH = ::/usr/local/share/julia
  JULIA_NUM_THREADS = 2
  JULIA_MAX_NUM_PRECOMPILE_FILES = 9223372036854775807
  JULIA_PKG_SERVER = 

Starting installation at 2020-10-25T23:13:37.841
  Resolving package versions...
  Installed LeftChildRightSiblingTrees ─ v0.1.2
  Installed ProgressLogging ──────────── v0.1.3
  Installed TerminalLoggers ──────────── v0.1.2
  Installed AbstractTrees ────────────── v0.3.3
Updating `~/.julia/environments/v1.5/Project.toml`
  [5d786b92] + TerminalLoggers v0.1.2
Updating `~/.julia/environments/v1.5/Manifest.toml`
  [1520ce14] + AbstractTrees v0.3.3
  [1d6d02ad] + LeftChildRightSiblingTrees v0.1.2
  [33c8b6b6] + ProgressLogging v0.1.3
  [5d786b92] + TerminalLoggers v0.1.2
  [2a0f44e3] + Base64
  [56ddb016] + Logging
  [d6f4376e] + Markdown
  [de0858da] + Printf
  [9a3f8284] + Random
  [ea8e919c] + SHA
  [9e88b42a] + Serialization
  [cf7118a7] + UUIDs
  [4ec0a83e] + Unicode
Starting tests at 2020-10-25T23:13:40.498
    Testing TerminalLoggers
Status `/tmp/jl_99KjtZ/Project.toml`
  [1d6d02ad] LeftChildRightSiblingTrees v0.1.2
  [33c8b6b6] ProgressLogging v0.1.3
  [5d786b92] TerminalLoggers v0.1.2
  [56ddb016] Logging
  [d6f4376e] Markdown
  [de0858da] Printf
  [8dfed614] Test
  [cf7118a7] UUIDs
Status `/tmp/jl_99KjtZ/Manifest.toml`
  [1520ce14] AbstractTrees v0.3.3
  [1d6d02ad] LeftChildRightSiblingTrees v0.1.2
  [33c8b6b6] ProgressLogging v0.1.3
  [5d786b92] TerminalLoggers v0.1.2
  [2a0f44e3] Base64
  [8ba89e20] Distributed
  [b77e0a4c] InteractiveUtils
  [56ddb016] Logging
  [d6f4376e] Markdown
  [de0858da] Printf
  [9a3f8284] Random
  [ea8e919c] SHA
  [9e88b42a] Serialization
  [6462fe0b] Sockets
  [8dfed614] Test
  [cf7118a7] UUIDs
  [4ec0a83e] Unicode
Test Summary:  | Pass  Total
TerminalLogger |   57     57
Test Summary:                      | Pass  Total
Sticky messages without ANSI codes |    3      3
Test Summary:                   | Pass  Total
Sticky messages with ANSI codes |    8      8
Test Summary:                   | Pass  Total
Sticky messages with ANSI codes |    1      1
    Testing TerminalLoggers tests passed 
Finished at 2020-10-25T23:14:19.309
