Julia Version 1.4.0
Commit 571c4c41f7 (2020-04-07 06:24 UTC)
Platform Info:
  OS: Linux (x86_64-linux-gnu)
  CPU: Intel(R) Xeon(R) Silver 4114 CPU @ 2.20GHz
  WORD_SIZE: 64
  LIBM: libopenlibm
  LLVM: libLLVM-8.0.1 (ORCJIT, skylake)
Environment:
  JULIA_DEPOT_PATH = ::/usr/local/share/julia
  JULIA_NUM_THREADS = 2

  Resolving package versions...
  Installed JSExpr ────────────────────── v0.5.2
  Installed Reexport ──────────────────── v0.2.0
  Installed ColorTypes ────────────────── v0.10.0
  Installed PlotlyBase ────────────────── v0.3.0
  Installed PrincipalMomentAnalysisApp ── v0.2.2
  Installed Blink ─────────────────────── v0.12.2
  Installed PlotlyJS ──────────────────── v0.13.1
  Installed Missings ──────────────────── v0.4.3
  Installed DataAPI ───────────────────── v1.1.0
  Installed Compat ────────────────────── v3.8.0
  Installed BinDeps ───────────────────── v1.0.0
  Installed Observables ───────────────── v0.3.1
  Installed WebSockets ────────────────── v1.5.2
  Installed DataStructures ────────────── v0.17.11
  Installed CSV ───────────────────────── v0.6.1
  Installed WeakRefStrings ────────────── v0.6.2
  Installed PooledArrays ──────────────── v0.5.3
  Installed Mustache ──────────────────── v1.0.2
  Installed IniFile ───────────────────── v0.5.0
  Installed FunctionalCollections ─────── v0.5.0
  Installed Parsers ───────────────────── v1.0.1
  Installed NearestNeighbors ──────────── v0.4.4
  Installed IterTools ─────────────────── v1.3.0
  Installed FilePathsBase ─────────────── v0.7.0
  Installed InvertedIndices ───────────── v1.0.0
  Installed DocStringExtensions ───────── v0.8.1
  Installed OrderedCollections ────────── v1.1.0
  Installed Tables ────────────────────── v1.0.3
  Installed URIParser ─────────────────── v0.4.0
  Installed HTTP ──────────────────────── v0.8.13
  Installed Lazy ──────────────────────── v0.14.0
  Installed PrincipalMomentAnalysis ───── v0.2.1
  Installed Colors ────────────────────── v0.12.0
  Installed MacroTools ────────────────── v0.5.5
  Installed MbedTLS_jll ───────────────── v2.16.0+1
  Installed DataValueInterfaces ───────── v1.0.0
  Installed Pidfile ───────────────────── v1.1.0
  Installed Hiccup ────────────────────── v0.2.2
  Installed CategoricalArrays ─────────── v0.7.7
  Installed WebIO ─────────────────────── v0.8.11
  Installed Mux ───────────────────────── v0.7.1
  Installed TableTraits ───────────────── v1.0.0
  Installed StaticArrays ──────────────── v0.12.1
  Installed FixedPointNumbers ─────────── v0.8.0
  Installed AssetRegistry ─────────────── v0.1.0
  Installed SortingAlgorithms ─────────── v0.3.1
  Installed Requires ──────────────────── v1.0.1
  Installed LaTeXStrings ──────────────── v1.1.0
  Installed Widgets ───────────────────── v0.6.2
  Installed IteratorInterfaceExtensions ─ v1.0.0
  Installed Distances ─────────────────── v0.8.2
  Installed JSON ──────────────────────── v0.21.0
  Installed MbedTLS ───────────────────── v1.0.1
  Installed DataFrames ────────────────── v0.20.2
   Updating `~/.julia/environments/v1.4/Project.toml`
  [e56c3062] + PrincipalMomentAnalysisApp v0.2.2
   Updating `~/.julia/environments/v1.4/Manifest.toml`
  [bf4720bc] + AssetRegistry v0.1.0
  [9e28174c] + BinDeps v1.0.0
  [ad839575] + Blink v0.12.2
  [336ed68f] + CSV v0.6.1
  [324d7699] + CategoricalArrays v0.7.7
  [3da002f7] + ColorTypes v0.10.0
  [5ae59095] + Colors v0.12.0
  [34da2185] + Compat v3.8.0
  [9a962f9c] + DataAPI v1.1.0
  [a93c6f00] + DataFrames v0.20.2
  [864edb3b] + DataStructures v0.17.11
  [e2d170a0] + DataValueInterfaces v1.0.0
  [b4f34e82] + Distances v0.8.2
  [ffbed154] + DocStringExtensions v0.8.1
  [48062228] + FilePathsBase v0.7.0
  [53c48c17] + FixedPointNumbers v0.8.0
  [de31a74c] + FunctionalCollections v0.5.0
  [cd3eb016] + HTTP v0.8.13
  [9fb69e20] + Hiccup v0.2.2
  [83e8ac13] + IniFile v0.5.0
  [41ab1584] + InvertedIndices v1.0.0
  [c8e1da08] + IterTools v1.3.0
  [82899510] + IteratorInterfaceExtensions v1.0.0
  [97c1335a] + JSExpr v0.5.2
  [682c06a0] + JSON v0.21.0
  [b964fa9f] + LaTeXStrings v1.1.0
  [50d2b5c4] + Lazy v0.14.0
  [1914dd2f] + MacroTools v0.5.5
  [739be429] + MbedTLS v1.0.1
  [c8ffd9c3] + MbedTLS_jll v2.16.0+1
  [e1d29d7a] + Missings v0.4.3
  [ffc61752] + Mustache v1.0.2
  [a975b10e] + Mux v0.7.1
  [b8a86587] + NearestNeighbors v0.4.4
  [510215fc] + Observables v0.3.1
  [bac558e1] + OrderedCollections v1.1.0
  [69de0a69] + Parsers v1.0.1
  [fa939f87] + Pidfile v1.1.0
  [a03496cd] + PlotlyBase v0.3.0
  [f0f68f2c] + PlotlyJS v0.13.1
  [2dfb63ee] + PooledArrays v0.5.3
  [6a3ba550] + PrincipalMomentAnalysis v0.2.1
  [e56c3062] + PrincipalMomentAnalysisApp v0.2.2
  [189a3867] + Reexport v0.2.0
  [ae029012] + Requires v1.0.1
  [a2af1166] + SortingAlgorithms v0.3.1
  [90137ffa] + StaticArrays v0.12.1
  [3783bdb8] + TableTraits v1.0.0
  [bd369af6] + Tables v1.0.3
  [30578b45] + URIParser v0.4.0
  [ea10d353] + WeakRefStrings v0.6.2
  [0f1e0344] + WebIO v0.8.11
  [104b5d7c] + WebSockets v1.5.2
  [cc8bc4a8] + Widgets v0.6.2
  [2a0f44e3] + Base64 
  [ade2ca70] + Dates 
  [8bb1440f] + DelimitedFiles 
  [8ba89e20] + Distributed 
  [7b1f6079] + FileWatching 
  [9fa8497b] + Future 
  [b77e0a4c] + InteractiveUtils 
  [76f85450] + LibGit2 
  [8f399da3] + Libdl 
  [37e2e46d] + LinearAlgebra 
  [56ddb016] + Logging 
  [d6f4376e] + Markdown 
  [a63ad114] + Mmap 
  [44cfe95a] + Pkg 
  [de0858da] + Printf 
  [3fa0cd96] + REPL 
  [9a3f8284] + Random 
  [ea8e919c] + SHA 
  [9e88b42a] + Serialization 
  [1a1011a3] + SharedArrays 
  [6462fe0b] + Sockets 
  [2f01184e] + SparseArrays 
  [10745b16] + Statistics 
  [8dfed614] + Test 
  [cf7118a7] + UUIDs 
  [4ec0a83e] + Unicode 
   Building WebIO ───→ `~/.julia/packages/WebIO/2mZPb/deps/build.log`
   Building Blink ───→ `~/.julia/packages/Blink/HhoiS/deps/build.log`
   Building PlotlyJS → `~/.julia/packages/PlotlyJS/AhkM5/deps/build.log`
    Testing PrincipalMomentAnalysisApp
Status `/tmp/jl_AN8a1F/Manifest.toml`
  [bf4720bc] AssetRegistry v0.1.0
  [9e28174c] BinDeps v1.0.0
  [ad839575] Blink v0.12.2
  [336ed68f] CSV v0.6.1
  [324d7699] CategoricalArrays v0.7.7
  [3da002f7] ColorTypes v0.10.0
  [5ae59095] Colors v0.12.0
  [34da2185] Compat v3.8.0
  [9a962f9c] DataAPI v1.1.0
  [a93c6f00] DataFrames v0.20.2
  [864edb3b] DataStructures v0.17.11
  [e2d170a0] DataValueInterfaces v1.0.0
  [b4f34e82] Distances v0.8.2
  [ffbed154] DocStringExtensions v0.8.1
  [48062228] FilePathsBase v0.7.0
  [53c48c17] FixedPointNumbers v0.8.0
  [de31a74c] FunctionalCollections v0.5.0
  [cd3eb016] HTTP v0.8.13
  [9fb69e20] Hiccup v0.2.2
  [83e8ac13] IniFile v0.5.0
  [41ab1584] InvertedIndices v1.0.0
  [c8e1da08] IterTools v1.3.0
  [82899510] IteratorInterfaceExtensions v1.0.0
  [97c1335a] JSExpr v0.5.2
  [682c06a0] JSON v0.21.0
  [b964fa9f] LaTeXStrings v1.1.0
  [50d2b5c4] Lazy v0.14.0
  [1914dd2f] MacroTools v0.5.5
  [739be429] MbedTLS v1.0.1
  [c8ffd9c3] MbedTLS_jll v2.16.0+1
  [e1d29d7a] Missings v0.4.3
  [ffc61752] Mustache v1.0.2
  [a975b10e] Mux v0.7.1
  [b8a86587] NearestNeighbors v0.4.4
  [510215fc] Observables v0.3.1
  [bac558e1] OrderedCollections v1.1.0
  [69de0a69] Parsers v1.0.1
  [fa939f87] Pidfile v1.1.0
  [a03496cd] PlotlyBase v0.3.0
  [f0f68f2c] PlotlyJS v0.13.1
  [2dfb63ee] PooledArrays v0.5.3
  [6a3ba550] PrincipalMomentAnalysis v0.2.1
  [e56c3062] PrincipalMomentAnalysisApp v0.2.2
  [189a3867] Reexport v0.2.0
  [ae029012] Requires v1.0.1
  [a2af1166] SortingAlgorithms v0.3.1
  [90137ffa] StaticArrays v0.12.1
  [3783bdb8] TableTraits v1.0.0
  [bd369af6] Tables v1.0.3
  [30578b45] URIParser v0.4.0
  [ea10d353] WeakRefStrings v0.6.2
  [0f1e0344] WebIO v0.8.11
  [104b5d7c] WebSockets v1.5.2
  [cc8bc4a8] Widgets v0.6.2
  [2a0f44e3] Base64 
  [ade2ca70] Dates 
  [8bb1440f] DelimitedFiles 
  [8ba89e20] Distributed 
  [7b1f6079] FileWatching 
  [9fa8497b] Future 
  [b77e0a4c] InteractiveUtils 
  [76f85450] LibGit2 
  [8f399da3] Libdl 
  [37e2e46d] LinearAlgebra 
  [56ddb016] Logging 
  [d6f4376e] Markdown 
  [a63ad114] Mmap 
  [44cfe95a] Pkg 
  [de0858da] Printf 
  [3fa0cd96] REPL 
  [9a3f8284] Random 
  [ea8e919c] SHA 
  [9e88b42a] Serialization 
  [1a1011a3] SharedArrays 
  [6462fe0b] Sockets 
  [2f01184e] SparseArrays 
  [10745b16] Statistics 
  [8dfed614] Test 
  [cf7118a7] UUIDs 
  [4ec0a83e] Unicode 
WARNING: Compat.Sockets is deprecated, use Sockets instead.
  likely near /home/pkgeval/.julia/packages/WebIO/2mZPb/src/scope.jl:17
[ Info: [Processing] Got message: exit Any[]
[ Info: [Processing] Exiting thread.
[ Info: [Processing] Got message: setvalue Any["samplesimplexmethod", "SA"]
[ Info: [Processing] Got message: setvalue Any["loadrowsassamples", "true"]
[ Info: [Processing] Got message: setvalue Any["logtransform", "false"]
[ Info: [Processing] Got message: setvalue Any["logtransformoffset", "1"]
[ Info: [Processing] Got message: setvalue Any["normalizemethod", "Mean=0"]
[ Info: [Processing] Got message: setvalue Any["dimreductionmethod", "PMA"]
[ Info: [Processing] Got message: setvalue Any["knearestneighbors", "0"]
[ Info: [Processing] Got message: setvalue Any["distnearestneighbors", "0"]
[ Info: [Processing] Got message: setvalue Any["xaxis", "1"]
[ Info: [Processing] Got message: setvalue Any["yaxis", "2"]
[ Info: [Processing] Got message: setvalue Any["zaxis", "3"]
[ Info: [Processing] Got message: setvalue Any["plotwidth", "1024"]
[ Info: [Processing] Got message: setvalue Any["plotheight", "768"]
[ Info: [Processing] Got message: setvalue Any["showpoints", "true"]
[ Info: [Processing] Got message: setvalue Any["showlines", "true"]
[ Info: [Processing] Got message: setvalue Any["showtriangles", "false"]
[ Info: [Processing] Got message: setvalue Any["markersize", "4"]
[ Info: [Processing] Got message: setvalue Any["linewidth", "1"]
[ Info: [Processing] Got message: setvalue Any["triangleopacity", "0.05"]
[ Info: [Processing] Got message: setvalue Any["colorby", "Auto"]
[ Info: [Processing] Got message: setvalue Any["exportmode", "Variables"]
[ Info: [Processing] Got message: setvalue Any["exportsingledim", "1"]
[ Info: [Processing] Got message: setvalue Any["exportsinglesort", "Abs"]
[ Info: [Processing] Got message: setvalue Any["exportmultipledim", "3"]
[ Info: [Processing] Got message: exit Any[]
[ Info: [Processing] Got message: setvalue Any["samplesimplexmethod", "SA"]
[ Info: [Processing] Got message: setvalue Any["loadrowsassamples", "true"]
[ Info: [Processing] Got message: setvalue Any["logtransform", "false"]
[ Info: [Processing] Got message: setvalue Any["logtransformoffset", "1"]
[ Info: [Processing] Got message: setvalue Any["normalizemethod", "Mean=0"]
[ Info: [Processing] Got message: setvalue Any["dimreductionmethod", "PMA"]
[ Info: [Processing] Got message: setvalue Any["knearestneighbors", "0"]
[ Info: [Processing] Got message: setvalue Any["distnearestneighbors", "0"]
[ Info: [Processing] Got message: setvalue Any["xaxis", "1"]
[ Info: [Processing] Got message: setvalue Any["yaxis", "2"]
[ Info: [Processing] Got message: setvalue Any["zaxis", "3"]
[ Info: [Processing] Got message: setvalue Any["plotwidth", "1024"]
[ Info: [Processing] Got message: setvalue Any["plotheight", "768"]
[ Info: [Processing] Got message: setvalue Any["showpoints", "true"]
[ Info: [Processing] Got message: setvalue Any["showlines", "true"]
[ Info: [Processing] Got message: setvalue Any["showtriangles", "false"]
[ Info: [Processing] Got message: setvalue Any["markersize", "4"]
[ Info: [Processing] Got message: setvalue Any["linewidth", "1"]
[ Info: [Processing] Got message: setvalue Any["triangleopacity", "0.05"]
[ Info: [Processing] Got message: setvalue Any["colorby", "Auto"]
[ Info: [Processing] Got message: setvalue Any["exportmode", "Variables"]
[ Info: [Processing] Got message: setvalue Any["exportsingledim", "1"]
[ Info: [Processing] Got message: setvalue Any["exportsinglesort", "Abs"]
[ Info: [Processing] Got message: setvalue Any["exportmultipledim", "3"]
[ Info: [Processing] Got message: setvalue Any["samplefilepath", "/home/pkgeval/.julia/packages/PrincipalMomentAnalysisApp/Rmwme/test/data/data.tsv"]
[ Info: [Processing] Got message: setvalue Any["lastsampleannot", "Time"]
[ Info: [Processing] Got message: loadsample Any[]
[ Info: loadsample waiting for 0 jobs to finish.
[ Info: Spawning loadsample (1@108)
[ Info: Job status: Spawned (loadsample[0.0s])
[ Info: Running loadsample (1@108) with 2 parameter(s) in thread 1.
[ Info: Job status: Spawned (loadsample[14.6s])
[ Info: Finished running loadsample[17.3s] (1@108) in thread 1.
[ Info: Job status: Running (loadsample[17.3s])
[ Info: Job status: 
[ Info: [Processing] Got message: setvalue Any["samplesimplexmethod", "SA"]
[ Info: [Processing] Got message: setvalue Any["sampleannot", "Group"]
[ Info: [Processing] Got message: dimreduction Any[]
[ Info: normalizesample waiting for 0 jobs to finish.
[ Info: setupsimplices waiting for 1 jobs to finish.
[ Info: dimreduction waiting for 2 jobs to finish.
[ Info: Spawning normalizesample (4@109)
[ Info: Job status: Spawned (normalizesample[0.0s]), Waiting (setupsimplices[0.1s], dimreduction[0.1s])
[ Info: Running normalizesample (4@109) with 5 parameter(s) in thread 2.
[ Info: Job status: Running (normalizesample[0.0s]), Waiting (setupsimplices[4.3s], dimreduction[4.3s])
[ Info: Finished running normalizesample[0.9s] (4@109) in thread 2.
[ Info: Spawning setupsimplices (9@110)
[ Info: Job status: Spawned (setupsimplices[0.0s]), Waiting (dimreduction[5.4s])
[ Info: Job status: Spawned (setupsimplices[4.8s]), Waiting (dimreduction[10.2s])
[ Info: Running setupsimplices (9@110) with 6 parameter(s) in thread 2.
[ Info: Job status: Running (setupsimplices[0.0s]), Waiting (dimreduction[13.1s])
[ Info: Finished running setupsimplices[0.7s] (9@110) in thread 2.
[ Info: Spawning dimreduction (15@110)
[ Info: Job status: Spawned (dimreduction[0.0s])
[ Info: Job status: Spawned (dimreduction[4.9s])
[ Info: Running dimreduction (15@110) with 3 parameter(s) in thread 2.
[ Info: Job status: Running (dimreduction[0.0s])
[ Info: Job status: Running (dimreduction[5.2s])
[ Info: Finished running dimreduction[5.2s] (15@110) in thread 2.
[ Info: Job status: 
[ Info: [Processing] Got message: setvalue Any["samplesimplexmethod", "Time"]
[ Info: [Processing] Got message: setvalue Any["sampleannot", "Group"]
[ Info: [Processing] Got message: setvalue Any["timeannot", "Time"]
[ Info: [Processing] Got message: dimreduction Any[]
[ Info: setupsimplices waiting for 0 jobs to finish.
[ Info: dimreduction waiting for 1 jobs to finish.
[ Info: Spawning setupsimplices (9@112)
[ Info: Running setupsimplices (9@112) with 6 parameter(s) in thread 2.
[ Info: Job status: Spawned (setupsimplices[0.0s]), Waiting (dimreduction[0.0s])
[ Info: Job status: Running (setupsimplices[0.0s]), Waiting (dimreduction[0.1s])
[ Info: Finished running setupsimplices[2.2s] (9@112) in thread 2.
[ Info: Spawning dimreduction (15@112)
[ Info: Job status: Spawned (dimreduction[0.0s])
[ Info: Running dimreduction (15@112) with 3 parameter(s) in thread 1.
[ Info: Finished running dimreduction[0.0s] (15@112) in thread 1.
[ Info: Job status: 
[ Info: [Processing] Got message: setvalue Any["samplesimplexmethod", "NN"]
[ Info: [Processing] Got message: setvalue Any["knearestneighbors", "2"]
[ Info: [Processing] Got message: setvalue Any["distnearestneighbors", "0.5"]
[ Info: [Processing] Got message: dimreduction Any[]
[ Info: setupsimplices waiting for 0 jobs to finish.
[ Info: dimreduction waiting for 1 jobs to finish.
[ Info: Spawning setupsimplices (9@115)
[ Info: Running setupsimplices (9@115) with 6 parameter(s) in thread 2.
[ Info: Job status: Spawned (setupsimplices[0.0s]), Waiting (dimreduction[0.0s])
[ Info: Job status: Running (setupsimplices[0.0s]), Waiting (dimreduction[0.1s])
[ Info: Job status: Running (setupsimplices[5.1s]), Waiting (dimreduction[5.1s])
[ Info: Finished running setupsimplices[6.3s] (9@115) in thread 2.
[ Info: Spawning dimreduction (15@115)
[ Info: Job status: Spawned (dimreduction[0.0s])
[ Info: Running dimreduction (15@115) with 3 parameter(s) in thread 2.
[ Info: Job status: Running (dimreduction[0.0s])
[ Info: Finished running dimreduction[0.4s] (15@115) in thread 2.
[ Info: Job status: 
[ Info: [Processing] Got message: setvalue Any["samplesimplexmethod", "NNSA"]
[ Info: [Processing] Got message: setvalue Any["sampleannot", "Group"]
[ Info: [Processing] Got message: setvalue Any["knearestneighbors", "2"]
[ Info: [Processing] Got message: setvalue Any["distnearestneighbors", "0.5"]
[ Info: [Processing] Got message: dimreduction Any[]
[ Info: setupsimplices waiting for 0 jobs to finish.
[ Info: dimreduction waiting for 1 jobs to finish.
[ Info: Spawning setupsimplices (9@116)
[ Info: Running setupsimplices (9@116) with 6 parameter(s) in thread 2.
[ Info: Job status: Spawned (setupsimplices[0.0s]), Waiting (dimreduction[0.0s])
[ Info: Job status: Running (setupsimplices[0.0s]), Waiting (dimreduction[0.1s])
[ Info: Finished running setupsimplices[0.9s] (9@116) in thread 2.
[ Info: Spawning dimreduction (15@116)
[ Info: Job status: Spawned (dimreduction[0.0s])
[ Info: Running dimreduction (15@116) with 3 parameter(s) in thread 2.
[ Info: Finished running dimreduction[0.0s] (15@116) in thread 2.
[ Info: Job status: 
[ Info: [Processing] Got message: setvalue Any["exportsingledim", "1"]
[ Info: [Processing] Got message: setvalue Any["exportsinglesort", "Abs"]
[ Info: [Processing] Got message: setvalue Any["exportmode", "Samples"]
[ Info: [Processing] Got message: setvalue Any["exportsinglepath", "/tmp/jl_ITi06x/PMA1_Samples_Abs.tsv"]
[ Info: [Processing] Got message: exportsingle Any[]
[ Info: exportsingle waiting for 0 jobs to finish.
[ Info: Spawning exportsingle (33@118)
[ Info: Job status: Spawned (exportsingle[0.0s])
[ Info: Running exportsingle (33@118) with 5 parameter(s) in thread 2.
[ Info: Job status: Running (exportsingle[0.0s])
[ Info: Finished running exportsingle[2.9s] (33@118) in thread 2.
[ Info: Job status: 
[ Info: [Processing] Got message: setvalue Any["exportsingledim", "3"]
[ Info: [Processing] Got message: setvalue Any["exportsinglesort", "Descending"]
[ Info: [Processing] Got message: setvalue Any["exportmode", "Variables"]
[ Info: [Processing] Got message: setvalue Any["exportsinglepath", "/tmp/jl_ITi06x/PMA3_Variables_Descending.tsv"]
[ Info: [Processing] Got message: exportsingle Any[]
[ Info: exportsingle waiting for 0 jobs to finish.
[ Info: Spawning exportsingle (33@122)
[ Info: Running exportsingle (33@122) with 5 parameter(s) in thread 2.
[ Info: Job status: Spawned (exportsingle[0.0s])
[ Info: Job status: Running (exportsingle[0.2s])
[ Info: Finished running exportsingle[1.1s] (33@122) in thread 2.
[ Info: Job status: 
[ Info: [Processing] Got message: setvalue Any["exportsingledim", "7"]
[ Info: [Processing] Got message: setvalue Any["exportsinglesort", "Ascending"]
[ Info: [Processing] Got message: setvalue Any["exportmode", "Samples"]
[ Info: [Processing] Got message: setvalue Any["exportsinglepath", "/tmp/jl_ITi06x/PMA7_Samples_Ascending.tsv"]
[ Info: [Processing] Got message: exportsingle Any[]
[ Info: exportsingle waiting for 0 jobs to finish.
[ Info: Spawning exportsingle (33@126)
[ Info: Job status: Spawned (exportsingle[0.0s])
[ Info: Running exportsingle (33@126) with 5 parameter(s) in thread 1.
[ Info: Finished running exportsingle[0.4s] (33@126) in thread 1.
[ Info: Job status: Running (exportsingle[0.4s])
[ Info: Job status: 
[ Info: [Processing] Got message: setvalue Any["exportsingledim", "10"]
[ Info: [Processing] Got message: setvalue Any["exportsinglesort", "Original"]
[ Info: [Processing] Got message: setvalue Any["exportmode", "Variables"]
[ Info: [Processing] Got message: setvalue Any["exportsinglepath", "/tmp/jl_ITi06x/PMA10_Variables_Original.tsv"]
[ Info: [Processing] Got message: exportsingle Any[]
[ Info: exportsingle waiting for 0 jobs to finish.
[ Info: Spawning exportsingle (33@130)
[ Info: Running exportsingle (33@130) with 5 parameter(s) in thread 2.
[ Info: Job status: Spawned (exportsingle[0.0s])
[ Info: Job status: Running (exportsingle[0.0s])
[ Info: Finished running exportsingle[0.2s] (33@130) in thread 2.
[ Info: Job status: 
[ Info: [Processing] Got message: setvalue Any["exportmultipledim", "4"]
[ Info: [Processing] Got message: setvalue Any["exportmode", "Samples"]
[ Info: [Processing] Got message: setvalue Any["exportmultiplepath", "/tmp/jl_ITi06x/PMA4_Samples.csv"]
[ Info: [Processing] Got message: exportmultiple Any[]
[ Info: exportmultiple waiting for 0 jobs to finish.
[ Info: Spawning exportmultiple (38@133)
[ Info: Job status: Spawned (exportmultiple[0.0s])
[ Info: Running exportmultiple (38@133) with 4 parameter(s) in thread 2.
[ Info: Job status: Running (exportmultiple[0.0s])
[ Info: Finished running exportmultiple[0.4s] (38@133) in thread 2.
[ Info: Job status: 
[ Info: [Processing] Got message: setvalue Any["exportmultipledim", "5"]
[ Info: [Processing] Got message: setvalue Any["exportmode", "Variables"]
[ Info: [Processing] Got message: setvalue Any["exportmultiplepath", "/tmp/jl_ITi06x/PMA5_Variables.csv"]
[ Info: [Processing] Got message: exportmultiple Any[]
[ Info: exportmultiple waiting for 0 jobs to finish.
[ Info: Spawning exportmultiple (38@136)
[ Info: Running exportmultiple (38@136) with 4 parameter(s) in thread 2.
[ Info: Job status: Spawned (exportmultiple[0.0s])
[ Info: Job status: Running (exportmultiple[0.0s])
[ Info: Finished running exportmultiple[0.5s] (38@136) in thread 2.
[ Info: Job status: 
[ Info: [Processing] Got message: exit Any[]
[ Info: [Processing] Got message: setvalue Any["samplesimplexmethod", "SA"]
[ Info: [Processing] Got message: setvalue Any["loadrowsassamples", "true"]
[ Info: [Processing] Got message: setvalue Any["logtransform", "false"]
[ Info: [Processing] Got message: setvalue Any["logtransformoffset", "1"]
[ Info: [Processing] Got message: setvalue Any["normalizemethod", "Mean=0"]
[ Info: [Processing] Got message: setvalue Any["dimreductionmethod", "PMA"]
[ Info: [Processing] Got message: setvalue Any["knearestneighbors", "0"]
[ Info: [Processing] Got message: setvalue Any["distnearestneighbors", "0"]
[ Info: [Processing] Got message: setvalue Any["xaxis", "1"]
[ Info: [Processing] Got message: setvalue Any["yaxis", "2"]
[ Info: [Processing] Got message: setvalue Any["zaxis", "3"]
[ Info: [Processing] Got message: setvalue Any["plotwidth", "1024"]
[ Info: [Processing] Got message: setvalue Any["plotheight", "768"]
[ Info: [Processing] Got message: setvalue Any["showpoints", "true"]
[ Info: [Processing] Got message: setvalue Any["showlines", "true"]
[ Info: [Processing] Got message: setvalue Any["showtriangles", "false"]
[ Info: [Processing] Got message: setvalue Any["markersize", "4"]
[ Info: [Processing] Got message: setvalue Any["linewidth", "1"]
[ Info: [Processing] Got message: setvalue Any["triangleopacity", "0.05"]
[ Info: [Processing] Got message: setvalue Any["colorby", "Auto"]
[ Info: [Processing] Got message: setvalue Any["exportmode", "Variables"]
[ Info: [Processing] Got message: setvalue Any["exportsingledim", "1"]
[ Info: [Processing] Got message: setvalue Any["exportsinglesort", "Abs"]
[ Info: [Processing] Got message: setvalue Any["exportmultipledim", "3"]
[ Info: [Processing] Got message: setvalue Any["samplefilepath", "/home/pkgeval/.julia/packages/PrincipalMomentAnalysisApp/Rmwme/test/data/data_missing.tsv"]
[ Info: [Processing] Got message: setvalue Any["lastsampleannot", "Time"]
[ Info: [Processing] Got message: setvalue Any["normalizemethod", "None"]
[ Info: [Processing] Got message: normalize Any[]
[ Info: loadsample waiting for 0 jobs to finish.
[ Info: normalizesample waiting for 1 jobs to finish.
[ Info: Spawning loadsample (1@108)
[ Info: Job status: Spawned (loadsample[0.0s]), Waiting (normalizesample[0.0s])
[ Info: Running loadsample (1@108) with 2 parameter(s) in thread 2.
[ Info: Job status: Running (loadsample[0.1s]), Waiting (normalizesample[0.1s])
[ Info: Finished running loadsample[0.5s] (1@108) in thread 2.
[ Info: Spawning normalizesample (4@110)
[ Info: Job status: Spawned (normalizesample[0.0s])
[ Info: Running normalizesample (4@110) with 5 parameter(s) in thread 1.
[ Info: Reconstructing missing values (taking the mean over all nonmissing samples)
[ Info: Job status: Running (normalizesample[0.4s])
[ Info: Finished running normalizesample[1.8s] (4@110) in thread 1.
[ Info: Job status: 
[ Info: [Processing] Got message: setvalue Any["logtransform", "true"]
[ Info: [Processing] Got message: setvalue Any["logtransformoffset", "0.57"]
[ Info: [Processing] Got message: normalize Any[]
[ Info: normalizesample waiting for 0 jobs to finish.
[ Info: Spawning normalizesample (4@112)
[ Info: Job status: Spawned (normalizesample[0.0s])
[ Info: Running normalizesample (4@112) with 5 parameter(s) in thread 1.
[ Info: Reconstructing missing values (taking the mean over all nonmissing samples)
[ Info: Job status: Running (normalizesample[0.4s])
[ Info: Finished running normalizesample[0.4s] (4@112) in thread 1.
[ Info: Job status: 
Test Summary:              | Pass  Total
PrincipalMomentAnalysisApp |   83     83
    Testing PrincipalMomentAnalysisApp tests passed 
