Julia Version 1.4.2-pre.0
Commit ef4fe83698 (2020-04-15 16:24 UTC)
Platform Info:
  OS: Linux (x86_64-linux-gnu)
  CPU: Intel(R) Xeon(R) Silver 4114 CPU @ 2.20GHz
  WORD_SIZE: 64
  LIBM: libopenlibm
  LLVM: libLLVM-8.0.1 (ORCJIT, skylake)
Environment:
  JULIA_DEPOT_PATH = ::/usr/local/share/julia
  JULIA_NUM_THREADS = 2

  Resolving package versions...
  Installed Calculus ───────────────────── v0.5.1
  Installed ConicBenchmarkUtilities ────── v0.4.0
  Installed CompilerSupportLibraries_jll ─ v0.3.3+0
  Installed Pavito ─────────────────────── v0.2.0
  Installed DiffResults ────────────────── v1.0.2
  Installed GZip ───────────────────────── v0.5.1
  Installed DiffRules ──────────────────── v1.0.1
  Installed JuMP ───────────────────────── v0.18.6
  Installed MathProgBase ───────────────── v0.7.8
  Installed ConicNonlinearBridge ───────── v0.2.1
  Installed ForwardDiff ────────────────── v0.10.10
  Installed NaNMath ────────────────────── v0.3.3
  Installed OpenSpecFun_jll ────────────── v0.5.3+3
  Installed DataStructures ─────────────── v0.17.15
  Installed Compat ─────────────────────── v2.2.0
  Installed SpecialFunctions ───────────── v0.10.0
  Installed CommonSubexpressions ───────── v0.2.0
  Installed OrderedCollections ─────────── v1.2.0
  Installed StaticArrays ───────────────── v0.12.3
  Installed ReverseDiffSparse ──────────── v0.8.6
   Updating `~/.julia/environments/v1.4/Project.toml`
  [cd433a01] + Pavito v0.2.0
   Updating `~/.julia/environments/v1.4/Manifest.toml`
  [49dc2e85] + Calculus v0.5.1
  [bbf7d656] + CommonSubexpressions v0.2.0
  [34da2185] + Compat v2.2.0
  [e66e0078] + CompilerSupportLibraries_jll v0.3.3+0
  [e95a7839] + ConicBenchmarkUtilities v0.4.0
  [952205b0] + ConicNonlinearBridge v0.2.1
  [864edb3b] + DataStructures v0.17.15
  [163ba53b] + DiffResults v1.0.2
  [b552c78f] + DiffRules v1.0.1
  [f6369f11] + ForwardDiff v0.10.10
  [92fee26a] + GZip v0.5.1
  [4076af6c] + JuMP v0.18.6
  [fdba3010] + MathProgBase v0.7.8
  [77ba4419] + NaNMath v0.3.3
  [efe28fd5] + OpenSpecFun_jll v0.5.3+3
  [bac558e1] + OrderedCollections v1.2.0
  [cd433a01] + Pavito v0.2.0
  [89212889] + ReverseDiffSparse v0.8.6
  [276daf66] + SpecialFunctions v0.10.0
  [90137ffa] + StaticArrays v0.12.3
  [2a0f44e3] + Base64 
  [ade2ca70] + Dates 
  [8bb1440f] + DelimitedFiles 
  [8ba89e20] + Distributed 
  [b77e0a4c] + InteractiveUtils 
  [76f85450] + LibGit2 
  [8f399da3] + Libdl 
  [37e2e46d] + LinearAlgebra 
  [56ddb016] + Logging 
  [d6f4376e] + Markdown 
  [a63ad114] + Mmap 
  [44cfe95a] + Pkg 
  [de0858da] + Printf 
  [3fa0cd96] + REPL 
  [9a3f8284] + Random 
  [ea8e919c] + SHA 
  [9e88b42a] + Serialization 
  [1a1011a3] + SharedArrays 
  [6462fe0b] + Sockets 
  [2f01184e] + SparseArrays 
  [10745b16] + Statistics 
  [8dfed614] + Test 
  [cf7118a7] + UUIDs 
  [4ec0a83e] + Unicode 
    Testing Pavito
Status `/tmp/jl_xXRpG5/Manifest.toml`
  [6e4b80f9] BenchmarkTools v0.5.0
  [b99e7846] BinaryProvider v0.5.9
  [6e34b625] Bzip2_jll v1.0.6+2
  [49dc2e85] Calculus v0.5.1
  [523fee87] CodecBzip2 v0.7.1
  [944b1d66] CodecZlib v0.7.0
  [bbf7d656] CommonSubexpressions v0.2.0
  [34da2185] Compat v2.2.0
  [e66e0078] CompilerSupportLibraries_jll v0.3.3+0
  [e95a7839] ConicBenchmarkUtilities v0.4.0
  [952205b0] ConicNonlinearBridge v0.2.1
  [864edb3b] DataStructures v0.17.15
  [163ba53b] DiffResults v1.0.2
  [b552c78f] DiffRules v1.0.1
  [f6369f11] ForwardDiff v0.10.10
  [60bf3e95] GLPK v0.13.0
  [3c7084bd] GLPKMathProgInterface v0.4.4
  [e8aa6df9] GLPK_jll v4.64.0+0
  [781609d7] GMP_jll v6.1.2+5
  [92fee26a] GZip v0.5.1
  [cd3eb016] HTTP v0.8.14
  [83e8ac13] IniFile v0.5.0
  [b6b21f68] Ipopt v0.6.1
  [682c06a0] JSON v0.21.0
  [7d188eb4] JSONSchema v0.2.0
  [4076af6c] JuMP v0.18.6
  [b8f27783] MathOptInterface v0.9.13
  [fdba3010] MathProgBase v0.7.8
  [739be429] MbedTLS v1.0.2
  [c8ffd9c3] MbedTLS_jll v2.16.0+2
  [d8a4904e] MutableArithmetics v0.2.9
  [77ba4419] NaNMath v0.3.3
  [efe28fd5] OpenSpecFun_jll v0.5.3+3
  [bac558e1] OrderedCollections v1.2.0
  [69de0a69] Parsers v1.0.3
  [cd433a01] Pavito v0.2.0
  [89212889] ReverseDiffSparse v0.8.6
  [276daf66] SpecialFunctions v0.10.0
  [90137ffa] StaticArrays v0.12.3
  [3bb67fe8] TranscodingStreams v0.9.5
  [83775a58] Zlib_jll v1.2.11+9
  [2a0f44e3] Base64 
  [ade2ca70] Dates 
  [8bb1440f] DelimitedFiles 
  [8ba89e20] Distributed 
  [b77e0a4c] InteractiveUtils 
  [76f85450] LibGit2 
  [8f399da3] Libdl 
  [37e2e46d] LinearAlgebra 
  [56ddb016] Logging 
  [d6f4376e] Markdown 
  [a63ad114] Mmap 
  [44cfe95a] Pkg 
  [de0858da] Printf 
  [3fa0cd96] REPL 
  [9a3f8284] Random 
  [ea8e919c] SHA 
  [9e88b42a] Serialization 
  [1a1011a3] SharedArrays 
  [6462fe0b] Sockets 
  [2f01184e] SparseArrays 
  [10745b16] Statistics 
  [8dfed614] Test 
  [cf7118a7] UUIDs 
  [4ec0a83e] Unicode 

MILP solvers:
 1  GLPK

NLP solvers:
 1  Ipopt


NLP models: Iter, GLPK, Ipopt
QP optimal                    ... :Optimal          20.24 s
QP maximize                   ... :Optimal           0.02 s
Nonconvex error               ... :ErrorException    2.03 s
Optimal                       ... :Optimal           0.91 s
Infeasible 1                  ... :Infeasible        0.01 s
Infeasible 2                  ... :Infeasible        0.02 s
Continuous error              ... :ErrorException    0.00 s
Maximization                  ... :Optimal           0.01 s
Nonlinear objective           ... :Optimal           0.03 s

Exp+SOC models: Iter, GLPK, Ipopt
SOC optimal                   ... :Optimal           4.71 s
SOC infeasible                ... :Infeasible        0.03 s
SOCRot optimal                ... :Optimal           0.04 s
SOCRot infeasible             ... :Infeasible        0.02 s
Equality constraint           ... :Optimal           0.03 s
Zero cones                    ... :Optimal           0.04 s
SOC infeasible binary         ... :Infeasible        2.41 s
Exp optimal                   ... :Optimal           0.01 s
ExpSOC optimal                ... :Optimal           0.02 s
ExpSOC optimal 3              ... :Optimal           0.08 s
Exp large (gatesizing)        ... :Optimal           0.06 s
Exp large 2 (Ising)           ... :Optimal           0.12 s

Test Summary:    | Pass  Total
Algorithm - Iter |   59     59

NLP models: MSD, GLPK, Ipopt
QP optimal                    ... :Optimal           1.80 s
QP maximize                   ... :Optimal           0.01 s
Nonconvex error               ... :ErrorException    0.00 s
Optimal                       ... :Optimal           0.01 s
Infeasible 1                  ... :Infeasible        0.01 s
Infeasible 2                  ... :Infeasible        0.02 s
Continuous error              ... :ErrorException    0.00 s
Maximization                  ... :Optimal           0.01 s
Nonlinear objective           ... :Optimal           1.34 s

Exp+SOC models: MSD, GLPK, Ipopt
SOC optimal                   ... :Optimal           0.02 s
SOC infeasible                ... :Infeasible        0.02 s
SOCRot optimal                ... :Optimal           0.02 s
SOCRot infeasible             ... :Infeasible        0.02 s
Equality constraint           ... :Optimal           0.04 s
Zero cones                    ... :Optimal           0.04 s
SOC infeasible binary         ... :Infeasible        0.53 s
Exp optimal                   ... :Optimal           0.01 s
ExpSOC optimal                ... :Optimal           0.02 s
ExpSOC optimal 3              ... :Optimal           0.09 s
Exp large (gatesizing)        ... :Optimal           0.10 s
Exp large 2 (Ising)           ... :Optimal           0.07 s

Test Summary:   | Pass  Total
Algorithm - MSD |   59     59
    Testing Pavito tests passed 
