Julia Version 1.3.2-pre.0
Commit 2e6715c045 (2019-12-31 00:49 UTC)
Platform Info:
  OS: Linux (x86_64-linux-gnu)
  CPU: Intel(R) Xeon(R) Silver 4114 CPU @ 2.20GHz
  WORD_SIZE: 64
  LIBM: libopenlibm
  LLVM: libLLVM-6.0.1 (ORCJIT, skylake)
Environment:
  JULIA_DEPOT_PATH = ::/usr/local/share/julia

 Resolving package versions...
 Installed SortingAlgorithms ── v0.3.1
 Installed Missings ─────────── v0.4.3
 Installed Parsers ──────────── v0.3.10
 Installed OrderedCollections ─ v1.1.0
 Installed DataStructures ───── v0.17.7
 Installed StatsBase ────────── v0.32.0
 Installed JSON ─────────────── v0.21.0
 Installed SimilaritySearch ─── v0.3.17
 Installed DataAPI ──────────── v1.1.0
  Updating `~/.julia/environments/v1.3/Project.toml`
  [053f045d] + SimilaritySearch v0.3.17
  Updating `~/.julia/environments/v1.3/Manifest.toml`
  [9a962f9c] + DataAPI v1.1.0
  [864edb3b] + DataStructures v0.17.7
  [682c06a0] + JSON v0.21.0
  [e1d29d7a] + Missings v0.4.3
  [bac558e1] + OrderedCollections v1.1.0
  [69de0a69] + Parsers v0.3.10
  [053f045d] + SimilaritySearch v0.3.17
  [a2af1166] + SortingAlgorithms v0.3.1
  [2913bbd2] + StatsBase v0.32.0
  [2a0f44e3] + Base64 
  [ade2ca70] + Dates 
  [8ba89e20] + Distributed 
  [b77e0a4c] + InteractiveUtils 
  [8f399da3] + Libdl 
  [37e2e46d] + LinearAlgebra 
  [56ddb016] + Logging 
  [d6f4376e] + Markdown 
  [a63ad114] + Mmap 
  [de0858da] + Printf 
  [9a3f8284] + Random 
  [9e88b42a] + Serialization 
  [6462fe0b] + Sockets 
  [2f01184e] + SparseArrays 
  [10745b16] + Statistics 
  [8dfed614] + Test 
  [4ec0a83e] + Unicode 
   Testing SimilaritySearch
    Status `/tmp/jl_QMoJwP/Manifest.toml`
  [9a962f9c] DataAPI v1.1.0
  [864edb3b] DataStructures v0.17.7
  [682c06a0] JSON v0.21.0
  [e1d29d7a] Missings v0.4.3
  [bac558e1] OrderedCollections v1.1.0
  [69de0a69] Parsers v0.3.10
  [053f045d] SimilaritySearch v0.3.17
  [a2af1166] SortingAlgorithms v0.3.1
  [2913bbd2] StatsBase v0.32.0
  [2a0f44e3] Base64  [`@stdlib/Base64`]
  [ade2ca70] Dates  [`@stdlib/Dates`]
  [8ba89e20] Distributed  [`@stdlib/Distributed`]
  [b77e0a4c] InteractiveUtils  [`@stdlib/InteractiveUtils`]
  [8f399da3] Libdl  [`@stdlib/Libdl`]
  [37e2e46d] LinearAlgebra  [`@stdlib/LinearAlgebra`]
  [56ddb016] Logging  [`@stdlib/Logging`]
  [d6f4376e] Markdown  [`@stdlib/Markdown`]
  [a63ad114] Mmap  [`@stdlib/Mmap`]
  [de0858da] Printf  [`@stdlib/Printf`]
  [9a3f8284] Random  [`@stdlib/Random`]
  [9e88b42a] Serialization  [`@stdlib/Serialization`]
  [6462fe0b] Sockets  [`@stdlib/Sockets`]
  [2f01184e] SparseArrays  [`@stdlib/SparseArrays`]
  [10745b16] Statistics  [`@stdlib/Statistics`]
  [8dfed614] Test  [`@stdlib/Test`]
  [4ec0a83e] Unicode  [`@stdlib/Unicode`]
Test Summary: | Pass  Total
bit ops       |    3      3
Test Summary: | Pass  Total
Result set    |    3      3
(recall_lower_bound, dist) = (1.0, SimilaritySearch.l2_distance)
(dist, p) = (SimilaritySearch.l2_distance, PerformanceResult(1.0, 1.0, 1.0, 0.001210625966389974, 0.0032131036122639975, 301.0, 50.83074105530977))
(recall_lower_bound, dist) = (1.0, SimilaritySearch.l1_distance)
(dist, p) = (SimilaritySearch.l1_distance, PerformanceResult(1.0, 1.0, 1.0, 0.0016019026438395183, 0.0017572720845540366, 301.0, 74.1733627319336))
(recall_lower_bound, dist) = (1.0, SimilaritySearch.linf_distance)
(dist, p) = (SimilaritySearch.linf_distance, PerformanceResult(1.0, 1.0, 1.0, 0.0012648820877075196, 0.0020973602930704754, 301.0, 41.19728910923004))
(recall_lower_bound, dist) = (0.1, SimilaritySearch.squared_l2_distance)
(dist, p) = (SimilaritySearch.squared_l2_distance, PerformanceResult(1.0, 1.0, 1.0, 0.001544785499572754, 0.001969496409098307, 301.0, 9.521934662538115))
(recall_lower_bound, dist) = (1.0, SimilaritySearch.var"#_lp#1"{Float64}(Core.Box(3.0), 0.3333333333333333))
(dist, p) = (SimilaritySearch.var"#_lp#1"{Float64}(Core.Box(3.0), 0.3333333333333333), PerformanceResult(1.0, 1.0, 1.0, 0.0016666173934936524, 0.0034584999084472656, 301.0, 46.016175923869014))
(recall_lower_bound, dist) = (0.1, SimilaritySearch.var"#_lp#1"{Float64}(Core.Box(0.5), 2.0))
(dist, p) = (SimilaritySearch.var"#_lp#1"{Float64}(Core.Box(0.5), 2.0), PerformanceResult(1.0, 1.0, 1.0, 0.0006088892618815104, 0.0006223678588867188, 301.0, 182.34873692691326))
[ Info: inserting items into the index
[ Info: inserting items into the index
[ Info: Creating a pivot table with 1 pivots and distance=jaccard_distance
[ Info: inserting items into the index
[ Info: inserting items into the index
[ Info: Creating a pivot table with 1 pivots and distance=dice_distance
[ Info: inserting items into the index
[ Info: inserting items into the index
[ Info: Creating a pivot table with 1 pivots and distance=intersection_distance
[ Info: inserting items into the index
[ Info: inserting items into the index
[ Info: Creating a pivot table with 1 pivots and distance=common_prefix_distance
[ Info: inserting items into the index
[ Info: inserting items into the index
[ Info: Creating a pivot table with 1 pivots and distance=levenshtein_distance
[ Info: inserting items into the index
[ Info: inserting items into the index
[ Info: Creating a pivot table with 1 pivots and distance=lcs_distance
[ Info: inserting items into the index
[ Info: inserting items into the index
[ Info: Creating a pivot table with 1 pivots and distance=hamming_distance
p = PerformanceResult(1.0, 1.0, 1.0, 5.002816518147787e-5, 0.004205099741617839, 300.0, 28.137177500873804)
p = PerformanceResult(1.0, 1.0, 1.0, 5.289713541666667e-5, 2.799828847249349e-5, 300.0, 28.137177500873804)
p = PerformanceResult(1.0, 1.0, 1.0, 0.0011092821756998699, 0.0009807348251342773, 300.0, 1.5742691028099216)
p = PerformanceResult(1.0, 1.0, 1.0, 4.498428768581814e-5, 1.69674555460612e-5, 300.0, 1.5742691028099216)
(p1, p2, p3, p4) = (PerformanceResult(1.0, 1.0, 1.0, 5.002816518147787e-5, 0.004205099741617839, 300.0, 28.137177500873804), PerformanceResult(1.0, 1.0, 1.0, 5.289713541666667e-5, 2.799828847249349e-5, 300.0, 28.137177500873804), PerformanceResult(1.0, 1.0, 1.0, 0.0011092821756998699, 0.0009807348251342773, 300.0, 1.5742691028099216), PerformanceResult(1.0, 1.0, 1.0, 4.498428768581814e-5, 1.69674555460612e-5, 300.0, 1.5742691028099216))
[ Info: select_sss: db=Array{Array{UInt32,1},1}, alpha=0.35, distance=hamming_distance, shuf=false
[ Info: the maximum distance estimated as 118.0, now selecting pivots
[ Info: Creating a pivot table with 300 pivots and distance=hamming_distance
p = PerformanceResult(1.0, 1.0, 1.0, 0.004627092679341634, 0.0009574651718139649, 347.8333333333333, 28671.0)
[ Info: Creating a pivot table with 16 pivots and distance=hamming_distance
p = PerformanceResult(1.0, 1.0, 1.0, 0.004629158973693847, 0.0007306337356567383, 303.6, 6988.0)
(recall_lower_bound, dist) = (1.0, SimilaritySearch.l2_distance)
Kvp = Kvp
[ Info: Kvp, refs=Array{Array{Float32,1},1}, k=3, numrefs=32, dist=l2_distance
(dist, p) = (SimilaritySearch.l2_distance, PerformanceResult(1.0, 1.0, 1.0, 2.113183339436849e-5, 1.4368693033854166e-5, 95.7, 50.8687004710954))
(recall_lower_bound, dist) = (1.0, SimilaritySearch.l1_distance)
Kvp = Kvp
[ Info: Kvp, refs=Array{Array{Float32,1},1}, k=3, numrefs=32, dist=l1_distance
(dist, p) = (SimilaritySearch.l1_distance, PerformanceResult(1.0, 1.0, 1.0, 1.9399325052897134e-5, 1.2000401814778646e-5, 86.0, 74.19989824295044))
(recall_lower_bound, dist) = (1.0, SimilaritySearch.linf_distance)
Kvp = Kvp
[ Info: Kvp, refs=Array{Array{Float32,1},1}, k=3, numrefs=32, dist=linf_distance
(dist, p) = (SimilaritySearch.linf_distance, PerformanceResult(1.0, 1.0, 1.0, 2.2983551025390626e-5, 1.587073008219401e-5, 90.0, 41.21433079242706))
(recall_lower_bound, dist) = (1.0, SimilaritySearch.var"#_lp#1"{Float64}(Core.Box(3.0), 0.3333333333333333))
Kvp = Kvp
[ Info: Kvp, refs=Array{Array{Float32,1},1}, k=3, numrefs=32, dist=_lp
(dist, p) = (SimilaritySearch.var"#_lp#1"{Float64}(Core.Box(3.0), 0.3333333333333333), PerformanceResult(1.0, 1.0, 1.0, 0.00021454493204752604, 0.0005680640538533528, 96.1, 46.0544021368636))
(recall_lower_bound, dist) = (0.1, SimilaritySearch.var"#_lp#1"{Float64}(Core.Box(0.5), 2.0))
Kvp = Kvp
[ Info: Kvp, refs=Array{Array{Float32,1},1}, k=3, numrefs=32, dist=_lp
(dist, p) = (SimilaritySearch.var"#_lp#1"{Float64}(Core.Box(0.5), 2.0), PerformanceResult(0.7866666666666666, 0.7866666666666666, 0.7866666666666666, 0.00015803972880045573, 0.0005946636199951171, 69.36666666666666, 192.458811977011))
[ Info: inserting items into the index
[ Info: Kvp, refs=Array{Array{Int64,1},1}, k=3, numrefs=32, dist=jaccard_distance
[ Info: inserting items into the index
[ Info: Kvp, refs=Array{Array{Int64,1},1}, k=3, numrefs=32, dist=dice_distance
[ Info: inserting items into the index
[ Info: Kvp, refs=Array{Array{Int64,1},1}, k=3, numrefs=32, dist=intersection_distance
[ Info: inserting items into the index
[ Info: Kvp, refs=Array{Array{Int64,1},1}, k=3, numrefs=32, dist=common_prefix_distance
[ Info: inserting items into the index
[ Info: Kvp, refs=Array{Array{Int64,1},1}, k=3, numrefs=32, dist=levenshtein_distance
[ Info: inserting items into the index
[ Info: Kvp, refs=Array{Array{Int64,1},1}, k=3, numrefs=32, dist=lcs_distance
[ Info: inserting items into the index
[ Info: Kvp, refs=Array{Array{Int64,1},1}, k=3, numrefs=32, dist=hamming_distance
(dist, p) = (SimilaritySearch.l2_distance, PerformanceResult(0.9064444444444445, 0.905, 0.9056842105263158, 2.271413803100586e-5, 3.331184387207031e-5, 153.65, 50.03217824422302))
[ Info: adding more items
(dist, p) = (SimilaritySearch.l2_distance, PerformanceResult(1.0, 1.0, 1.0, 2.2158622741699218e-5, 3.271102905273437e-5, 157.69, 0.0))
(dist, p) = (SimilaritySearch.l1_distance, PerformanceResult(0.9240000000000002, 0.9240000000000002, 0.9240000000000002, 2.2521018981933592e-5, 3.268003463745117e-5, 155.14, 74.02646906906739))
[ Info: adding more items
(dist, p) = (SimilaritySearch.l1_distance, PerformanceResult(1.0, 1.0, 1.0, 2.1979808807373046e-5, 3.1890869140625e-5, 159.26, 0.0))
(dist, p) = (SimilaritySearch.linf_distance, PerformanceResult(0.9060000000000002, 0.9060000000000002, 0.9060000000000002, 2.397298812866211e-5, 4.369974136352539e-5, 154.39, 40.343872339464724))
[ Info: adding more items
(dist, p) = (SimilaritySearch.linf_distance, PerformanceResult(1.0, 1.0, 1.0, 2.322673797607422e-5, 4.559040069580078e-5, 158.58, 0.0))
(dist, p) = (SimilaritySearch.var"#_lp#1"{Float64}(Core.Box(3.0), 0.3333333333333333), PerformanceResult(0.9032222222222227, 0.9010000000000005, 0.9020526315789478, 0.0003875827789306641, 0.0017812681198120118, 153.46, 44.82093588947822))
[ Info: adding more items
(dist, p) = (SimilaritySearch.var"#_lp#1"{Float64}(Core.Box(3.0), 0.3333333333333333), PerformanceResult(1.0, 1.0, 1.0, 0.0003155732154846191, 0.0018288111686706543, 157.62, 0.0))
(dist, p) = (SimilaritySearch.var"#_lp#1"{Float64}(Core.Box(0.5), 2.0), PerformanceResult(0.9690000000000002, 0.9690000000000002, 0.9690000000000002, 0.00030257701873779295, 0.0016015291213989258, 171.27, 187.67423443320874))
[ Info: adding more items
(dist, p) = (SimilaritySearch.var"#_lp#1"{Float64}(Core.Box(0.5), 2.0), PerformanceResult(1.0, 1.0, 1.0, 0.0003102588653564453, 0.0017577004432678222, 177.24, 0.0))
(dist, p) = (SimilaritySearch.angle_distance, PerformanceResult(0.9064444444444445, 0.905, 0.9056842105263158, 3.174781799316406e-5, 7.230043411254883e-5, 153.65, 50.042498893570155))
[ Info: adding more items
(dist, p) = (SimilaritySearch.angle_distance, PerformanceResult(1.0, 1.0, 1.0, 3.002166748046875e-5, 7.443904876708985e-5, 157.69, 0.014532811590470374))
[ Info: inserting items into the index
(dist, p) = (SimilaritySearch.jaccard_distance, PerformanceResult(0.7489999999999999, 0.7489999999999999, 0.7489999999999999, 0.0004961967468261718, 7.496833801269531e-5, 205.57, 187.11666666666582))
[ Info: inserting items into the index
(dist, p) = (SimilaritySearch.dice_distance, PerformanceResult(0.7489999999999999, 0.7489999999999999, 0.7489999999999999, 0.0005048918724060059, 7.063865661621093e-5, 205.57, 107.39444444444507))
[ Info: inserting items into the index
(dist, p) = (SimilaritySearch.intersection_distance, PerformanceResult(0.69, 0.69, 0.69, 0.0005192923545837403, 7.588863372802735e-5, 310.04, 3.75))
[ Info: inserting items into the index
(dist, p) = (SimilaritySearch.common_prefix_distance, PerformanceResult(0.98, 0.98, 0.98, 0.0006118535995483399, 2.5289058685302733e-5, 213.72, 596.8000000000078))
[ Info: inserting items into the index
(dist, p) = (SimilaritySearch.levenshtein_distance, PerformanceResult(0.596, 0.596, 0.596, 0.0007555985450744629, 0.0004321718215942383, 243.46, 2320.0))
[ Info: inserting items into the index
(dist, p) = (SimilaritySearch.lcs_distance, PerformanceResult(0.38399999999999984, 0.38399999999999984, NaN, 0.0005953741073608398, 0.0004482698440551758, 242.88, 3634.0))
[ Info: inserting items into the index
(dist, p) = (SimilaritySearch.hamming_distance, PerformanceResult(0.632, 0.632, 0.632, 0.0004986333847045899, 2.941131591796875e-5, 239.94, 2331.0))
[ Info: inserting items to the index
==== BEGIN Opt. TIHCSearch, expected recall: 0.9, n: 9
  == Begin Opt. TIHCSearch iteration: 1, expected recall: 0.9, n: 9
    ** Opt. TIHCSearch. A new best conf was found> score: 1.8841135840368382, conf: {"ssize":1,"restarts":2,"use_local_improvement":false}, perf: {"precision":0.9182322668650786,"recall":0.93359375,"f1":0.9240431328781507,"seconds":5.45009970664978e-6,"exhaustive_search_seconds":1.5776604413986206e-6,"evaluations":10.1796875,"distances_sum":506.2475696206093}, best_list's length: 2, n: 9
    ** Opt. TIHCSearch. A new best conf was found> score: 1.8773800456968774, conf: {"ssize":1,"restarts":3,"use_local_improvement":false}, perf: {"precision":0.9205264136904756,"recall":0.9296875,"f1":0.9232137386204475,"seconds":6.495043635368347e-6,"exhaustive_search_seconds":1.5776604413986206e-6,"evaluations":10.2578125,"distances_sum":502.81600572913885}, best_list's length: 3, n: 9
  == End Opt. TIHCSearch. Iteration finished; {"score":1.8841135840368382,"state":{"ssize":1,"restarts":2,"use_local_improvement":false},"perf":{"precision":0.9182322668650786,"recall":0.93359375,"f1":0.9240431328781507,"seconds":5.45009970664978e-6,"exhaustive_search_seconds":1.5776604413986206e-6,"evaluations":10.1796875,"distances_sum":506.2475696206093}}, beam: 3, n: 9
  == Begin Opt. TIHCSearch iteration: 2, expected recall: 0.9, n: 9
  == End Opt. TIHCSearch. Iteration finished; {"score":1.8841135840368382,"state":{"ssize":1,"restarts":2,"use_local_improvement":false},"perf":{"precision":0.9182322668650786,"recall":0.93359375,"f1":0.9240431328781507,"seconds":5.45009970664978e-6,"exhaustive_search_seconds":1.5776604413986206e-6,"evaluations":10.1796875,"distances_sum":506.2475696206093}}, beam: 4, n: 9
==== END Opt. TIHCSearch. Finished, best: {"score":1.8841135840368382,"state":{"ssize":1,"restarts":2,"use_local_improvement":false},"perf":{"precision":0.9182322668650786,"recall":0.93359375,"f1":0.9240431328781507,"seconds":5.45009970664978e-6,"exhaustive_search_seconds":1.5776604413986206e-6,"evaluations":10.1796875,"distances_sum":506.2475696206093}}, n: 9
==== BEGIN Opt. TIHCSearch, expected recall: 0.9, n: 99
  == Begin Opt. TIHCSearch iteration: 1, expected recall: 0.9, n: 99
    ** Opt. TIHCSearch. A new best conf was found> score: 0.8645833333333313, conf: {"ssize":1,"restarts":3,"use_local_improvement":false}, perf: {"precision":0.9494357638888884,"recall":0.8645833333333313,"f1":0.9037671058006522,"seconds":2.109818160533905e-5,"exhaustive_search_seconds":5.725771188735962e-6,"evaluations":49.1875,"distances_sum":254.5376850478351}, best_list's length: 2, n: 99
    ** Opt. TIHCSearch. A new best conf was found> score: 0.8628472222222203, conf: {"ssize":2,"restarts":2,"use_local_improvement":false}, perf: {"precision":0.9309895833333328,"recall":0.8628472222222203,"f1":0.8946269914215671,"seconds":1.576542854309082e-5,"exhaustive_search_seconds":5.725771188735962e-6,"evaluations":40.140625,"distances_sum":257.108184851706}, best_list's length: 3, n: 99
    ** Opt. TIHCSearch. A new best conf was found> score: 0.8758680555555537, conf: {"ssize":1,"restarts":4,"use_local_improvement":false}, perf: {"precision":0.9616970486111107,"recall":0.8758680555555537,"f1":0.9154539419934625,"seconds":2.4633482098579407e-5,"exhaustive_search_seconds":5.725771188735962e-6,"evaluations":57.734375,"distances_sum":252.26214734092355}, best_list's length: 4, n: 99
  == End Opt. TIHCSearch. Iteration finished; {"score":0.8758680555555537,"state":{"ssize":1,"restarts":4,"use_local_improvement":false},"perf":{"precision":0.9616970486111107,"recall":0.8758680555555537,"f1":0.9154539419934625,"seconds":2.4633482098579407e-5,"exhaustive_search_seconds":5.725771188735962e-6,"evaluations":57.734375,"distances_sum":252.26214734092355}}, beam: 4, n: 99
  == Begin Opt. TIHCSearch iteration: 2, expected recall: 0.9, n: 99
    ** Opt. TIHCSearch. A new best conf was found> score: 0.8784722222222202, conf: {"ssize":2,"restarts":4,"use_local_improvement":false}, perf: {"precision":0.9658203124999996,"recall":0.8784722222222202,"f1":0.9188878676470573,"seconds":2.5220215320587158e-5,"exhaustive_search_seconds":5.725771188735962e-6,"evaluations":57.0390625,"distances_sum":251.93785043247044}, best_list's length: 5, n: 99
    ** Opt. TIHCSearch. A new best conf was found> score: 0.8932291666666651, conf: {"ssize":1,"restarts":6,"use_local_improvement":false}, perf: {"precision":0.9765314980158728,"recall":0.8932291666666651,"f1":0.9318640216503252,"seconds":3.048032522201538e-5,"exhaustive_search_seconds":5.725771188735962e-6,"evaluations":72.2734375,"distances_sum":252.42553440108895}, best_list's length: 6, n: 99
    ** Opt. TIHCSearch. A new best conf was found> score: 0.8888888888888871, conf: {"ssize":1,"restarts":5,"use_local_improvement":false}, perf: {"precision":0.973958333333333,"recall":0.8888888888888871,"f1":0.9282322303921553,"seconds":2.83755362033844e-5,"exhaustive_search_seconds":5.725771188735962e-6,"evaluations":65.921875,"distances_sum":252.78263311088085}, best_list's length: 8, n: 99
  == End Opt. TIHCSearch. Iteration finished; {"score":0.8932291666666651,"state":{"ssize":1,"restarts":6,"use_local_improvement":false},"perf":{"precision":0.9765314980158728,"recall":0.8932291666666651,"f1":0.9318640216503252,"seconds":3.048032522201538e-5,"exhaustive_search_seconds":5.725771188735962e-6,"evaluations":72.2734375,"distances_sum":252.42553440108895}}, beam: 4, n: 99
  == Begin Opt. TIHCSearch iteration: 3, expected recall: 0.9, n: 99
  == End Opt. TIHCSearch. Iteration finished; {"score":0.8932291666666651,"state":{"ssize":1,"restarts":6,"use_local_improvement":false},"perf":{"precision":0.9765314980158728,"recall":0.8932291666666651,"f1":0.9318640216503252,"seconds":3.048032522201538e-5,"exhaustive_search_seconds":5.725771188735962e-6,"evaluations":72.2734375,"distances_sum":252.42553440108895}}, beam: 4, n: 99
==== END Opt. TIHCSearch. Finished, best: {"score":0.8932291666666651,"state":{"ssize":1,"restarts":6,"use_local_improvement":false},"perf":{"precision":0.9765314980158728,"recall":0.8932291666666651,"f1":0.9318640216503252,"seconds":3.048032522201538e-5,"exhaustive_search_seconds":5.725771188735962e-6,"evaluations":72.2734375,"distances_sum":252.42553440108895}}, n: 99
==== BEGIN Opt. TIHCSearch, expected recall: 0.9, n: 999
  == Begin Opt. TIHCSearch iteration: 1, expected recall: 0.9, n: 999
    ** Opt. TIHCSearch. A new best conf was found> score: 0.8958333333333324, conf: {"ssize":1,"restarts":8,"use_local_improvement":false}, perf: {"precision":0.9161241319444438,"recall":0.8958333333333324,"f1":0.9052670547385611,"seconds":9.92361456155777e-5,"exhaustive_search_seconds":3.2648444175720215e-5,"evaluations":161.734375,"distances_sum":122.41106287017465}, best_list's length: 4, n: 999
  == End Opt. TIHCSearch. Iteration finished; {"score":0.8958333333333324,"state":{"ssize":1,"restarts":8,"use_local_improvement":false},"perf":{"precision":0.9161241319444438,"recall":0.8958333333333324,"f1":0.9052670547385611,"seconds":9.92361456155777e-5,"exhaustive_search_seconds":3.2648444175720215e-5,"evaluations":161.734375,"distances_sum":122.41106287017465}}, beam: 4, n: 999
==== END Opt. TIHCSearch. Finished, best: {"score":0.8958333333333324,"state":{"ssize":1,"restarts":8,"use_local_improvement":false},"perf":{"precision":0.9161241319444438,"recall":0.8958333333333324,"f1":0.9052670547385611,"seconds":9.92361456155777e-5,"exhaustive_search_seconds":3.2648444175720215e-5,"evaluations":161.734375,"distances_sum":122.41106287017465}}, n: 999
added n=5000, neighborhood=5, 2020-01-09T19:17:32.141
==== BEGIN Opt. TIHCSearch, expected recall: 0.9, n: 9999
  == Begin Opt. TIHCSearch iteration: 1, expected recall: 0.9, n: 9999
    ** Opt. TIHCSearch. A new best conf was found> score: 0.8611111111111103, conf: {"ssize":1,"restarts":9,"use_local_improvement":false}, perf: {"precision":0.8611111111111103,"recall":0.8611111111111103,"f1":0.8611111111111103,"seconds":0.00011287443339824677,"exhaustive_search_seconds":0.00030061788856983185,"evaluations":224.5546875,"distances_sum":55.98430719319731}, best_list's length: 2, n: 9999
    ** Opt. TIHCSearch. A new best conf was found> score: 0.8515624999999989, conf: {"ssize":2,"restarts":8,"use_local_improvement":false}, perf: {"precision":0.85329861111111,"recall":0.8515624999999989,"f1":0.8523794934640512,"seconds":9.75579023361206e-5,"exhaustive_search_seconds":0.00030061788856983185,"evaluations":210.3203125,"distances_sum":56.05619621183723}, best_list's length: 3, n: 9999
    ** Opt. TIHCSearch. A new best conf was found> score: 0.8498263888888878, conf: {"ssize":1,"restarts":6,"use_local_improvement":false}, perf: {"precision":0.8524305555555545,"recall":0.8498263888888878,"f1":0.8510518790849663,"seconds":8.662790060043335e-5,"exhaustive_search_seconds":0.00030061788856983185,"evaluations":174.34375,"distances_sum":56.32573546376079}, best_list's length: 4, n: 9999
    ** Opt. TIHCSearch. A new best conf was found> score: 0.8654513888888876, conf: {"ssize":4,"restarts":8,"use_local_improvement":false}, perf: {"precision":0.8679470486111099,"recall":0.8654513888888876,"f1":0.8666258169934627,"seconds":0.00010379217565059662,"exhaustive_search_seconds":0.00030061788856983185,"evaluations":210.515625,"distances_sum":55.85832181107253}, best_list's length: 5, n: 9999
  == End Opt. TIHCSearch. Iteration finished; {"score":0.8654513888888876,"state":{"ssize":4,"restarts":8,"use_local_improvement":false},"perf":{"precision":0.8679470486111099,"recall":0.8654513888888876,"f1":0.8666258169934627,"seconds":0.00010379217565059662,"exhaustive_search_seconds":0.00030061788856983185,"evaluations":210.515625,"distances_sum":55.85832181107253}}, beam: 4, n: 9999
  == Begin Opt. TIHCSearch iteration: 2, expected recall: 0.9, n: 9999
    ** Opt. TIHCSearch. A new best conf was found> score: 0.8741319444444434, conf: {"ssize":4,"restarts":10,"use_local_improvement":false}, perf: {"precision":0.8758680555555546,"recall":0.8741319444444434,"f1":0.8749489379084957,"seconds":0.00017339177429676056,"exhaustive_search_seconds":0.00030061788856983185,"evaluations":245.5078125,"distances_sum":55.73161897715181}, best_list's length: 6, n: 9999
    ** Opt. TIHCSearch. A new best conf was found> score: 0.8715277777777766, conf: {"ssize":1,"restarts":10,"use_local_improvement":false}, perf: {"precision":0.8744574652777767,"recall":0.8715277777777766,"f1":0.8729064542483649,"seconds":0.0001306924968957901,"exhaustive_search_seconds":0.00030061788856983185,"evaluations":247.3984375,"distances_sum":55.842182393185794}, best_list's length: 9, n: 9999
    ** Opt. TIHCSearch. A new best conf was found> score: 0.8663194444444432, conf: {"ssize":1,"restarts":13,"use_local_improvement":false}, perf: {"precision":0.8687065972222211,"recall":0.8663194444444432,"f1":0.8674428104575151,"seconds":0.00016260705888271332,"exhaustive_search_seconds":0.00030061788856983185,"evaluations":304.4765625,"distances_sum":56.0480281682685}, best_list's length: 10, n: 9999
    ** Opt. TIHCSearch. A new best conf was found> score: 0.8654513888888877, conf: {"ssize":2,"restarts":12,"use_local_improvement":false}, perf: {"precision":0.8663194444444432,"recall":0.8654513888888877,"f1":0.8658598856209139,"seconds":0.00015002861618995667,"exhaustive_search_seconds":0.00030061788856983185,"evaluations":281.96875,"distances_sum":55.98365750256926}, best_list's length: 13, n: 9999
    ** Opt. TIHCSearch. A new best conf was found> score: 0.8680555555555545, conf: {"ssize":5,"restarts":6,"use_local_improvement":false}, perf: {"precision":0.8697916666666655,"recall":0.8680555555555545,"f1":0.8688725490196068,"seconds":9.378790855407715e-5,"exhaustive_search_seconds":0.00030061788856983185,"evaluations":176.46875,"distances_sum":55.8848903151229}, best_list's length: 17, n: 9999
  == End Opt. TIHCSearch. Iteration finished; {"score":0.8741319444444434,"state":{"ssize":4,"restarts":10,"use_local_improvement":false},"perf":{"precision":0.8758680555555546,"recall":0.8741319444444434,"f1":0.8749489379084957,"seconds":0.00017339177429676056,"exhaustive_search_seconds":0.00030061788856983185,"evaluations":245.5078125,"distances_sum":55.73161897715181}}, beam: 4, n: 9999
==== END Opt. TIHCSearch. Finished, best: {"score":0.8741319444444434,"state":{"ssize":4,"restarts":10,"use_local_improvement":false},"perf":{"precision":0.8758680555555546,"recall":0.8741319444444434,"f1":0.8749489379084957,"seconds":0.00017339177429676056,"exhaustive_search_seconds":0.00030061788856983185,"evaluations":245.5078125,"distances_sum":55.73161897715181}}, n: 9999
added n=10000, neighborhood=4, 2020-01-09T19:17:33.336
[ Info: done; now testing
res = KnnResult(10, Item[Item(2273, 0.03698709234595299), Item(631, 0.04014955461025238), Item(67, 0.043644826859235764), Item(3189, 0.04376924782991409), Item(9900, 0.04493270069360733), Item(2906, 0.0452912263572216), Item(2612, 0.04618978872895241), Item(208, 0.05088949576020241), Item(2921, 0.05370000749826431), Item(6085, 0.05629386007785797)])
[ Info: inserting items to the index
==== BEGIN Opt. IHCSearch, expected recall: 0.9, n: 9
  == Begin Opt. IHCSearch iteration: 1, expected recall: 0.9, n: 9
    ** Opt. IHCSearch. A new best conf was found> score: 0.8515625, conf: {"restarts":2,"use_local_improvement":false}, perf: {"precision":1.0,"recall":0.8515625,"f1":0.9136420870795878,"seconds":3.5688281059265137e-6,"exhaustive_search_seconds":1.3355165719985962e-6,"evaluations":7.8125,"distances_sum":419.4762063920498}, best_list's length: 2, n: 9
    ** Opt. IHCSearch. A new best conf was found> score: 0.8662109375, conf: {"restarts":3,"use_local_improvement":false}, perf: {"precision":1.0,"recall":0.8662109375,"f1":0.9218437812187816,"seconds":3.9245933294296265e-6,"exhaustive_search_seconds":1.3355165719985962e-6,"evaluations":7.9296875,"distances_sum":439.72470289468765}, best_list's length: 3, n: 9
  == End Opt. IHCSearch. Iteration finished; {"score":0.8662109375,"state":{"restarts":3,"use_local_improvement":false},"perf":{"precision":1.0,"recall":0.8662109375,"f1":0.9218437812187816,"seconds":3.9245933294296265e-6,"exhaustive_search_seconds":1.3355165719985962e-6,"evaluations":7.9296875,"distances_sum":439.72470289468765}}, beam: 3, n: 9
  == Begin Opt. IHCSearch iteration: 2, expected recall: 0.9, n: 9
    ** Opt. IHCSearch. A new best conf was found> score: 2.0816901408450703, conf: {"restarts":6,"use_local_improvement":false}, perf: {"precision":1.0,"recall":0.9150390625,"f1":0.9532222985347993,"seconds":4.151836037635803e-6,"exhaustive_search_seconds":1.3355165719985962e-6,"evaluations":8.3203125,"distances_sum":479.1426176726818}, best_list's length: 4, n: 9
  == End Opt. IHCSearch. Iteration finished; {"score":2.0816901408450703,"state":{"restarts":6,"use_local_improvement":false},"perf":{"precision":1.0,"recall":0.9150390625,"f1":0.9532222985347993,"seconds":4.151836037635803e-6,"exhaustive_search_seconds":1.3355165719985962e-6,"evaluations":8.3203125,"distances_sum":479.1426176726818}}, beam: 4, n: 9
  == Begin Opt. IHCSearch iteration: 3, expected recall: 0.9, n: 9
  == End Opt. IHCSearch. Iteration finished; {"score":2.0816901408450703,"state":{"restarts":6,"use_local_improvement":false},"perf":{"precision":1.0,"recall":0.9150390625,"f1":0.9532222985347993,"seconds":4.151836037635803e-6,"exhaustive_search_seconds":1.3355165719985962e-6,"evaluations":8.3203125,"distances_sum":479.1426176726818}}, beam: 4, n: 9
==== END Opt. IHCSearch. Finished, best: {"score":2.0816901408450703,"state":{"restarts":6,"use_local_improvement":false},"perf":{"precision":1.0,"recall":0.9150390625,"f1":0.9532222985347993,"seconds":4.151836037635803e-6,"exhaustive_search_seconds":1.3355165719985962e-6,"evaluations":8.3203125,"distances_sum":479.1426176726818}}, n: 9
==== BEGIN Opt. IHCSearch, expected recall: 0.9, n: 99
  == Begin Opt. IHCSearch iteration: 1, expected recall: 0.9, n: 99
    ** Opt. IHCSearch. A new best conf was found> score: 0.8897569444444436, conf: {"restarts":7,"use_local_improvement":false}, perf: {"precision":0.8897569444444436,"recall":0.8897569444444436,"f1":0.8897569444444436,"seconds":1.9047409296035767e-5,"exhaustive_search_seconds":5.6549906730651855e-6,"evaluations":47.8515625,"distances_sum":299.64463391155005}, best_list's length: 2, n: 99
    ** Opt. IHCSearch. A new best conf was found> score: 0.8984374999999989, conf: {"restarts":10,"use_local_improvement":false}, perf: {"precision":0.8984374999999989,"recall":0.8984374999999989,"f1":0.8984374999999989,"seconds":2.248026430606842e-5,"exhaustive_search_seconds":5.6549906730651855e-6,"evaluations":53.7421875,"distances_sum":298.976320900023}, best_list's length: 3, n: 99
    ** Opt. IHCSearch. A new best conf was found> score: 0.8914930555555547, conf: {"restarts":9,"use_local_improvement":false}, perf: {"precision":0.8914930555555547,"recall":0.8914930555555547,"f1":0.8914930555555547,"seconds":2.00662761926651e-5,"exhaustive_search_seconds":5.6549906730651855e-6,"evaluations":50.8125,"distances_sum":297.73784274607897}, best_list's length: 5, n: 99
  == End Opt. IHCSearch. Iteration finished; {"score":0.8984374999999989,"state":{"restarts":10,"use_local_improvement":false},"perf":{"precision":0.8984374999999989,"recall":0.8984374999999989,"f1":0.8984374999999989,"seconds":2.248026430606842e-5,"exhaustive_search_seconds":5.6549906730651855e-6,"evaluations":53.7421875,"distances_sum":298.976320900023}}, beam: 4, n: 99
  == Begin Opt. IHCSearch iteration: 2, expected recall: 0.9, n: 99
    ** Opt. IHCSearch. A new best conf was found> score: 2.6540921550711394, conf: {"restarts":14,"use_local_improvement":false}, perf: {"precision":0.906249999999999,"recall":0.906249999999999,"f1":0.906249999999999,"seconds":2.3545697331428528e-5,"exhaustive_search_seconds":5.6549906730651855e-6,"evaluations":59.8515625,"distances_sum":297.1894201114774}, best_list's length: 5, n: 99
    ** Opt. IHCSearch. A new best conf was found> score: 2.794392523364486, conf: {"restarts":11,"use_local_improvement":false}, perf: {"precision":0.9045138888888877,"recall":0.9045138888888877,"f1":0.9045138888888877,"seconds":2.2709369659423828e-5,"exhaustive_search_seconds":5.6549906730651855e-6,"evaluations":55.171875,"distances_sum":297.66685239225626}, best_list's length: 6, n: 99
    ** Opt. IHCSearch. A new best conf was found> score: 2.6185975220334656, conf: {"restarts":15,"use_local_improvement":false}, perf: {"precision":0.9157986111111104,"recall":0.9157986111111104,"f1":0.9157986111111104,"seconds":2.4138018488883972e-5,"exhaustive_search_seconds":5.6549906730651855e-6,"evaluations":61.1640625,"distances_sum":296.7359960898757}, best_list's length: 9, n: 99
    ** Opt. IHCSearch. A new best conf was found> score: 2.737080191912269, conf: {"restarts":12,"use_local_improvement":false}, perf: {"precision":0.9105902777777767,"recall":0.9105902777777767,"f1":0.9105902777777767,"seconds":2.3677945137023926e-5,"exhaustive_search_seconds":5.6549906730651855e-6,"evaluations":56.9921875,"distances_sum":297.91429717093706}, best_list's length: 10, n: 99
    ** Opt. IHCSearch. A new best conf was found> score: 2.684434401169746, conf: {"restarts":13,"use_local_improvement":false}, perf: {"precision":0.9131944444444434,"recall":0.9131944444444434,"f1":0.9131944444444434,"seconds":2.4126842617988586e-5,"exhaustive_search_seconds":5.6549906730651855e-6,"evaluations":58.7734375,"distances_sum":298.1642968580127}, best_list's length: 11, n: 99
  == End Opt. IHCSearch. Iteration finished; {"score":2.794392523364486,"state":{"restarts":11,"use_local_improvement":false},"perf":{"precision":0.9045138888888877,"recall":0.9045138888888877,"f1":0.9045138888888877,"seconds":2.2709369659423828e-5,"exhaustive_search_seconds":5.6549906730651855e-6,"evaluations":55.171875,"distances_sum":297.66685239225626}}, beam: 4, n: 99
  == Begin Opt. IHCSearch iteration: 3, expected recall: 0.9, n: 99
  == End Opt. IHCSearch. Iteration finished; {"score":2.794392523364486,"state":{"restarts":11,"use_local_improvement":false},"perf":{"precision":0.9045138888888877,"recall":0.9045138888888877,"f1":0.9045138888888877,"seconds":2.2709369659423828e-5,"exhaustive_search_seconds":5.6549906730651855e-6,"evaluations":55.171875,"distances_sum":297.66685239225626}}, beam: 4, n: 99
==== END Opt. IHCSearch. Finished, best: {"score":2.794392523364486,"state":{"restarts":11,"use_local_improvement":false},"perf":{"precision":0.9045138888888877,"recall":0.9045138888888877,"f1":0.9045138888888877,"seconds":2.2709369659423828e-5,"exhaustive_search_seconds":5.6549906730651855e-6,"evaluations":55.171875,"distances_sum":297.66685239225626}}, n: 99
==== BEGIN Opt. IHCSearch, expected recall: 0.9, n: 999
  == Begin Opt. IHCSearch iteration: 1, expected recall: 0.9, n: 999
    ** Opt. IHCSearch. A new best conf was found> score: 0.8645833333333318, conf: {"restarts":1,"use_local_improvement":false}, perf: {"precision":0.8645833333333318,"recall":0.8645833333333318,"f1":0.8645833333333318,"seconds":2.5931745767593384e-5,"exhaustive_search_seconds":3.3874064683914185e-5,"evaluations":67.515625,"distances_sum":126.38755320291966}, best_list's length: 3, n: 999
    ** Opt. IHCSearch. A new best conf was found> score: 0.8680555555555547, conf: {"restarts":15,"use_local_improvement":false}, perf: {"precision":0.8680555555555547,"recall":0.8680555555555547,"f1":0.8680555555555547,"seconds":5.667842924594879e-5,"exhaustive_search_seconds":3.3874064683914185e-5,"evaluations":160.6328125,"distances_sum":125.73338685836643}, best_list's length: 4, n: 999
  == End Opt. IHCSearch. Iteration finished; {"score":0.8680555555555547,"state":{"restarts":15,"use_local_improvement":false},"perf":{"precision":0.8680555555555547,"recall":0.8680555555555547,"f1":0.8680555555555547,"seconds":5.667842924594879e-5,"exhaustive_search_seconds":3.3874064683914185e-5,"evaluations":160.6328125,"distances_sum":125.73338685836643}}, beam: 4, n: 999
==== END Opt. IHCSearch. Finished, best: {"score":0.8680555555555547,"state":{"restarts":15,"use_local_improvement":false},"perf":{"precision":0.8680555555555547,"recall":0.8680555555555547,"f1":0.8680555555555547,"seconds":5.667842924594879e-5,"exhaustive_search_seconds":3.3874064683914185e-5,"evaluations":160.6328125,"distances_sum":125.73338685836643}}, n: 999
added n=5000, neighborhood=4, 2020-01-09T19:17:35.637
==== BEGIN Opt. IHCSearch, expected recall: 0.9, n: 9999
  == Begin Opt. IHCSearch iteration: 1, expected recall: 0.9, n: 9999
    ** Opt. IHCSearch. A new best conf was found> score: 0.8437499999999991, conf: {"restarts":12,"use_local_improvement":false}, perf: {"precision":0.8437499999999991,"recall":0.8437499999999991,"f1":0.8437499999999991,"seconds":0.00010639429092407227,"exhaustive_search_seconds":0.0002967510372400284,"evaluations":221.828125,"distances_sum":56.98688177205622}, best_list's length: 2, n: 9999
    ** Opt. IHCSearch. A new best conf was found> score: 0.8315972222222214, conf: {"restarts":9,"use_local_improvement":false}, perf: {"precision":0.8315972222222214,"recall":0.8315972222222214,"f1":0.8315972222222214,"seconds":8.818134665489197e-5,"exhaustive_search_seconds":0.0002967510372400284,"evaluations":191.9765625,"distances_sum":57.179092820733786}, best_list's length: 5, n: 9999
    ** Opt. IHCSearch. A new best conf was found> score: 0.8428819444444436, conf: {"restarts":11,"use_local_improvement":false}, perf: {"precision":0.8428819444444436,"recall":0.8428819444444436,"f1":null,"seconds":9.912997484207153e-5,"exhaustive_search_seconds":0.0002967510372400284,"evaluations":223.140625,"distances_sum":56.861185759305954}, best_list's length: 6, n: 9999
    ** Opt. IHCSearch. A new best conf was found> score: 0.8454861111111104, conf: {"restarts":8,"use_local_improvement":false}, perf: {"precision":0.8454861111111104,"recall":0.8454861111111104,"f1":0.8454861111111104,"seconds":8.673220872879028e-5,"exhaustive_search_seconds":0.0002967510372400284,"evaluations":194.84375,"distances_sum":56.89257865399122}, best_list's length: 7, n: 9999
    ** Opt. IHCSearch. A new best conf was found> score: 0.8420138888888877, conf: {"restarts":18,"use_local_improvement":false}, perf: {"precision":0.8420138888888877,"recall":0.8420138888888877,"f1":0.8420138888888877,"seconds":0.00011721253395080566,"exhaustive_search_seconds":0.0002967510372400284,"evaluations":281.2109375,"distances_sum":56.73641170933843}, best_list's length: 8, n: 9999
    ** Opt. IHCSearch. A new best conf was found> score: 0.8394097222222212, conf: {"restarts":26,"use_local_improvement":false}, perf: {"precision":0.8394097222222212,"recall":0.8394097222222212,"f1":0.8394097222222212,"seconds":0.00014840438961982727,"exhaustive_search_seconds":0.0002967510372400284,"evaluations":343.9765625,"distances_sum":56.92690357752144}, best_list's length: 9, n: 9999
  == End Opt. IHCSearch. Iteration finished; {"score":0.8454861111111104,"state":{"restarts":8,"use_local_improvement":false},"perf":{"precision":0.8454861111111104,"recall":0.8454861111111104,"f1":0.8454861111111104,"seconds":8.673220872879028e-5,"exhaustive_search_seconds":0.0002967510372400284,"evaluations":194.84375,"distances_sum":56.89257865399122}}, beam: 4, n: 9999
  == Begin Opt. IHCSearch iteration: 2, expected recall: 0.9, n: 9999
    ** Opt. IHCSearch. A new best conf was found> score: 0.8550347222222218, conf: {"restarts":19,"use_local_improvement":false}, perf: {"precision":0.8550347222222218,"recall":0.8550347222222218,"f1":0.8550347222222218,"seconds":0.00013039074838161469,"exhaustive_search_seconds":0.0002967510372400284,"evaluations":285.28125,"distances_sum":56.49413602054119}, best_list's length: 5, n: 9999
    ** Opt. IHCSearch. A new best conf was found> score: 0.8489583333333323, conf: {"restarts":6,"use_local_improvement":false}, perf: {"precision":0.8489583333333323,"recall":0.8489583333333323,"f1":0.8489583333333323,"seconds":8.247606456279755e-5,"exhaustive_search_seconds":0.0002967510372400284,"evaluations":173.2578125,"distances_sum":56.838674899190664}, best_list's length: 9, n: 9999
  == End Opt. IHCSearch. Iteration finished; {"score":0.8550347222222218,"state":{"restarts":19,"use_local_improvement":false},"perf":{"precision":0.8550347222222218,"recall":0.8550347222222218,"f1":0.8550347222222218,"seconds":0.00013039074838161469,"exhaustive_search_seconds":0.0002967510372400284,"evaluations":285.28125,"distances_sum":56.49413602054119}}, beam: 4, n: 9999
==== END Opt. IHCSearch. Finished, best: {"score":0.8550347222222218,"state":{"restarts":19,"use_local_improvement":false},"perf":{"precision":0.8550347222222218,"recall":0.8550347222222218,"f1":0.8550347222222218,"seconds":0.00013039074838161469,"exhaustive_search_seconds":0.0002967510372400284,"evaluations":285.28125,"distances_sum":56.49413602054119}}, n: 9999
added n=10000, neighborhood=5, 2020-01-09T19:17:36.689
[ Info: done; now testing
res = KnnResult(10, Item[Item(6807, 0.03355012461543083), Item(1480, 0.034020110964775085), Item(8833, 0.037667665630578995), Item(1988, 0.038076046854257584), Item(3726, 0.03911491483449936), Item(7389, 0.05432957038283348), Item(9427, 0.057589177042245865), Item(537, 0.06036248430609703), Item(8349, 0.06134479120373726), Item(3127, 0.06380972266197205)])
[ Info: inserting items to the index
==== BEGIN Opt. BeamSearch, expected recall: 0.9, n: 9
  == Begin Opt. BeamSearch iteration: 1, expected recall: 0.9, n: 9
    ** Opt. BeamSearch. A new best conf was found> score: 0.392578125, conf: {"ssize":2,"bsize":2}, perf: {"precision":null,"recall":0.392578125,"f1":null,"seconds":4.343688488006592e-6,"exhaustive_search_seconds":1.4994293451309204e-6,"evaluations":7.171875,"distances_sum":171.108312962344}, best_list's length: 2, n: 9
    ** Opt. BeamSearch. A new best conf was found> score: 0.5673828125, conf: {"ssize":1,"bsize":3}, perf: {"precision":1.0,"recall":0.5673828125,"f1":0.7067033660783666,"seconds":4.211440682411194e-6,"exhaustive_search_seconds":1.4994293451309204e-6,"evaluations":7.6171875,"distances_sum":263.4689572988994}, best_list's length: 3, n: 9
    ** Opt. BeamSearch. A new best conf was found> score: 0.1865234375, conf: {"ssize":4,"bsize":1}, perf: {"precision":null,"recall":0.1865234375,"f1":null,"seconds":3.0584633350372314e-6,"exhaustive_search_seconds":1.4994293451309204e-6,"evaluations":6.6796875,"distances_sum":90.90473716146543}, best_list's length: 4, n: 9
  == End Opt. BeamSearch. Iteration finished; {"score":0.5673828125,"state":{"ssize":1,"bsize":3},"perf":{"precision":1.0,"recall":0.5673828125,"f1":0.7067033660783666,"seconds":4.211440682411194e-6,"exhaustive_search_seconds":1.4994293451309204e-6,"evaluations":7.6171875,"distances_sum":263.4689572988994}}, beam: 4, n: 9
  == Begin Opt. BeamSearch iteration: 2, expected recall: 0.9, n: 9
    ** Opt. BeamSearch. A new best conf was found> score: 0.8828125, conf: {"ssize":1,"bsize":7}, perf: {"precision":1.0,"recall":0.8828125,"f1":0.9313015109890116,"seconds":5.763024091720581e-6,"exhaustive_search_seconds":1.4994293451309204e-6,"evaluations":8.546875,"distances_sum":460.97718971674817}, best_list's length: 5, n: 9
    ** Opt. BeamSearch. A new best conf was found> score: 0.697265625, conf: {"ssize":1,"bsize":4}, perf: {"precision":null,"recall":0.697265625,"f1":null,"seconds":4.624947905540466e-6,"exhaustive_search_seconds":1.4994293451309204e-6,"evaluations":7.9375,"distances_sum":329.83283261745385}, best_list's length: 6, n: 9
    ** Opt. BeamSearch. A new best conf was found> score: 0.576171875, conf: {"ssize":4,"bsize":3}, perf: {"precision":1.0,"recall":0.576171875,"f1":0.7134561618936625,"seconds":4.205852746963501e-6,"exhaustive_search_seconds":1.4994293451309204e-6,"evaluations":7.59375,"distances_sum":258.28779002191936}, best_list's length: 7, n: 9
  == End Opt. BeamSearch. Iteration finished; {"score":0.8828125,"state":{"ssize":1,"bsize":7},"perf":{"precision":1.0,"recall":0.8828125,"f1":0.9313015109890116,"seconds":5.763024091720581e-6,"exhaustive_search_seconds":1.4994293451309204e-6,"evaluations":8.546875,"distances_sum":460.97718971674817}}, beam: 4, n: 9
  == Begin Opt. BeamSearch iteration: 3, expected recall: 0.9, n: 9
  == End Opt. BeamSearch. Iteration finished; {"score":0.8828125,"state":{"ssize":1,"bsize":7},"perf":{"precision":1.0,"recall":0.8828125,"f1":0.9313015109890116,"seconds":5.763024091720581e-6,"exhaustive_search_seconds":1.4994293451309204e-6,"evaluations":8.546875,"distances_sum":460.97718971674817}}, beam: 4, n: 9
==== END Opt. BeamSearch. Finished, best: {"score":0.8828125,"state":{"ssize":1,"bsize":7},"perf":{"precision":1.0,"recall":0.8828125,"f1":0.9313015109890116,"seconds":5.763024091720581e-6,"exhaustive_search_seconds":1.4994293451309204e-6,"evaluations":8.546875,"distances_sum":460.97718971674817}}, n: 9
==== BEGIN Opt. BeamSearch, expected recall: 0.9, n: 99
  == Begin Opt. BeamSearch iteration: 1, expected recall: 0.9, n: 99
  == End Opt. BeamSearch. Iteration finished; {"score":3.69961653174265,"state":{"ssize":1,"bsize":7},"perf":{"precision":0.9097222222222208,"recall":0.9097222222222208,"f1":0.9097222222222208,"seconds":1.6087666153907776e-5,"exhaustive_search_seconds":5.2265822887420654e-6,"evaluations":36.671875,"distances_sum":285.2692172199268}}, beam: 4, n: 99
==== END Opt. BeamSearch. Finished, best: {"score":3.69961653174265,"state":{"ssize":1,"bsize":7},"perf":{"precision":0.9097222222222208,"recall":0.9097222222222208,"f1":0.9097222222222208,"seconds":1.6087666153907776e-5,"exhaustive_search_seconds":5.2265822887420654e-6,"evaluations":36.671875,"distances_sum":285.2692172199268}}, n: 99
==== BEGIN Opt. BeamSearch, expected recall: 0.9, n: 999
  == Begin Opt. BeamSearch iteration: 1, expected recall: 0.9, n: 999
    ** Opt. BeamSearch. A new best conf was found> score: 0.8984374999999986, conf: {"ssize":2,"bsize":7}, perf: {"precision":0.8984374999999986,"recall":0.8984374999999986,"f1":0.8984374999999986,"seconds":3.304146230220795e-5,"exhaustive_search_seconds":3.4460797905921936e-5,"evaluations":72.984375,"distances_sum":121.45950868875714}, best_list's length: 3, n: 999
    ** Opt. BeamSearch. A new best conf was found> score: 11.661330665332667, conf: {"ssize":1,"bsize":15}, perf: {"precision":1.0,"recall":1.0,"f1":1.0,"seconds":4.210323095321655e-5,"exhaustive_search_seconds":3.4460797905921936e-5,"evaluations":93.703125,"distances_sum":119.53861852758949}, best_list's length: 4, n: 999
    ** Opt. BeamSearch. A new best conf was found> score: 12.765918292234081, conf: {"ssize":1,"bsize":12}, perf: {"precision":1.0,"recall":1.0,"f1":1.0,"seconds":3.834627568721771e-5,"exhaustive_search_seconds":3.4460797905921936e-5,"evaluations":84.90625,"distances_sum":119.53861852758949}, best_list's length: 5, n: 999
    ** Opt. BeamSearch. A new best conf was found> score: 11.867924528301886, conf: {"ssize":1,"bsize":14}, perf: {"precision":1.0,"recall":1.0,"f1":1.0,"seconds":4.0704384446144104e-5,"exhaustive_search_seconds":3.4460797905921936e-5,"evaluations":91.921875,"distances_sum":119.53861852758949}, best_list's length: 6, n: 999
  == End Opt. BeamSearch. Iteration finished; {"score":12.765918292234081,"state":{"ssize":1,"bsize":12},"perf":{"precision":1.0,"recall":1.0,"f1":1.0,"seconds":3.834627568721771e-5,"exhaustive_search_seconds":3.4460797905921936e-5,"evaluations":84.90625,"distances_sum":119.53861852758949}}, beam: 4, n: 999
  == Begin Opt. BeamSearch iteration: 2, expected recall: 0.9, n: 999
    ** Opt. BeamSearch. A new best conf was found> score: 13.042945940855152, conf: {"ssize":10,"bsize":11}, perf: {"precision":0.9982638888888888,"recall":0.9982638888888888,"f1":0.9982638888888888,"seconds":3.7049874663352966e-5,"exhaustive_search_seconds":3.4460797905921936e-5,"evaluations":82.953125,"distances_sum":119.60131053053534}, best_list's length: 5, n: 999
    ** Opt. BeamSearch. A new best conf was found> score: 13.663101604278076, conf: {"ssize":1,"bsize":10}, perf: {"precision":0.9973958333333333,"recall":0.9973958333333333,"f1":0.9973958333333333,"seconds":3.5122036933898926e-5,"exhaustive_search_seconds":3.4460797905921936e-5,"evaluations":78.890625,"distances_sum":119.58397006299616}, best_list's length: 11, n: 999
    ** Opt. BeamSearch. A new best conf was found> score: 14.046831955922865, conf: {"ssize":2,"bsize":9}, perf: {"precision":0.9791666666666663,"recall":0.9791666666666663,"f1":0.9791666666666663,"seconds":3.437511622905731e-5,"exhaustive_search_seconds":3.4460797905921936e-5,"evaluations":76.5703125,"distances_sum":119.80106655987107}, best_list's length: 12, n: 999
    ** Opt. BeamSearch. A new best conf was found> score: 14.623694864692094, conf: {"ssize":8,"bsize":8}, perf: {"precision":0.9435763888888877,"recall":0.9435763888888877,"f1":0.9435763888888877,"seconds":3.246590495109558e-5,"exhaustive_search_seconds":3.4460797905921936e-5,"evaluations":73.328125,"distances_sum":120.32647956689831}, best_list's length: 13, n: 999
    ** Opt. BeamSearch. A new best conf was found> score: 14.242750621375311, conf: {"ssize":6,"bsize":10}, perf: {"precision":0.9991319444444444,"recall":0.9991319444444444,"f1":0.9991319444444444,"seconds":3.355927765369415e-5,"exhaustive_search_seconds":3.4460797905921936e-5,"evaluations":75.4375,"distances_sum":119.57312994909974}, best_list's length: 20, n: 999
    ** Opt. BeamSearch. A new best conf was found> score: 14.844954525768731, conf: {"ssize":4,"bsize":8}, perf: {"precision":0.9427083333333324,"recall":0.9427083333333324,"f1":0.9427083333333324,"seconds":3.2864511013031006e-5,"exhaustive_search_seconds":3.4460797905921936e-5,"evaluations":72.15625,"distances_sum":120.40774369452137}, best_list's length: 21, n: 999
    ** Opt. BeamSearch. A new best conf was found> score: 12.9450723960766, conf: {"ssize":9,"bsize":12}, perf: {"precision":1.0,"recall":1.0,"f1":1.0,"seconds":3.732368350028992e-5,"exhaustive_search_seconds":3.4460797905921936e-5,"evaluations":83.6328125,"distances_sum":119.53861852758949}, best_list's length: 26, n: 999
    ** Opt. BeamSearch. A new best conf was found> score: 13.928116469517743, conf: {"ssize":8,"bsize":9}, perf: {"precision":0.9739583333333329,"recall":0.9739583333333329,"f1":0.9739583333333329,"seconds":3.390200436115265e-5,"exhaustive_search_seconds":3.4460797905921936e-5,"evaluations":77.2734375,"distances_sum":119.79533546158696}, best_list's length: 29, n: 999
  == End Opt. BeamSearch. Iteration finished; {"score":14.844954525768731,"state":{"ssize":4,"bsize":8},"perf":{"precision":0.9427083333333324,"recall":0.9427083333333324,"f1":0.9427083333333324,"seconds":3.2864511013031006e-5,"exhaustive_search_seconds":3.4460797905921936e-5,"evaluations":72.15625,"distances_sum":120.40774369452137}}, beam: 4, n: 999
  == Begin Opt. BeamSearch iteration: 3, expected recall: 0.9, n: 999
  == End Opt. BeamSearch. Iteration finished; {"score":14.844954525768731,"state":{"ssize":4,"bsize":8},"perf":{"precision":0.9427083333333324,"recall":0.9427083333333324,"f1":0.9427083333333324,"seconds":3.2864511013031006e-5,"exhaustive_search_seconds":3.4460797905921936e-5,"evaluations":72.15625,"distances_sum":120.40774369452137}}, beam: 4, n: 999
==== END Opt. BeamSearch. Finished, best: {"score":14.844954525768731,"state":{"ssize":4,"bsize":8},"perf":{"precision":0.9427083333333324,"recall":0.9427083333333324,"f1":0.9427083333333324,"seconds":3.2864511013031006e-5,"exhaustive_search_seconds":3.4460797905921936e-5,"evaluations":72.15625,"distances_sum":120.40774369452137}}, n: 999
added n=5000, neighborhood=3, 2020-01-09T19:17:39.065
==== BEGIN Opt. BeamSearch, expected recall: 0.9, n: 9999
  == Begin Opt. BeamSearch iteration: 1, expected recall: 0.9, n: 9999
    ** Opt. BeamSearch. A new best conf was found> score: 82.91705069124424, conf: {"ssize":1,"bsize":8}, perf: {"precision":0.9418402777777766,"recall":0.9418402777777766,"f1":0.9418402777777766,"seconds":6.876885890960693e-5,"exhaustive_search_seconds":0.00033049285411834717,"evaluations":122.0625,"distances_sum":55.20731751727532}, best_list's length: 2, n: 9999
    ** Opt. BeamSearch. A new best conf was found> score: 78.27295779750045, conf: {"ssize":6,"bsize":8}, perf: {"precision":0.9383680555555542,"recall":0.9383680555555542,"f1":0.9383680555555542,"seconds":7.221102714538574e-5,"exhaustive_search_seconds":0.00033049285411834717,"evaluations":129.3984375,"distances_sum":55.30794105001574}, best_list's length: 6, n: 9999
  == End Opt. BeamSearch. Iteration finished; {"score":82.91705069124424,"state":{"ssize":1,"bsize":8},"perf":{"precision":0.9418402777777766,"recall":0.9418402777777766,"f1":0.9418402777777766,"seconds":6.876885890960693e-5,"exhaustive_search_seconds":0.00033049285411834717,"evaluations":122.0625,"distances_sum":55.20731751727532}}, beam: 4, n: 9999
  == Begin Opt. BeamSearch iteration: 2, expected recall: 0.9, n: 9999
    ** Opt. BeamSearch. A new best conf was found> score: 85.32970942874086, conf: {"ssize":8,"bsize":7}, perf: {"precision":0.9045138888888877,"recall":0.9045138888888877,"f1":0.9045138888888877,"seconds":6.739795207977295e-5,"exhaustive_search_seconds":0.00033049285411834717,"evaluations":118.5703125,"distances_sum":55.73111095384503}, best_list's length: 5, n: 9999
  == End Opt. BeamSearch. Iteration finished; {"score":85.32970942874086,"state":{"ssize":8,"bsize":7},"perf":{"precision":0.9045138888888877,"recall":0.9045138888888877,"f1":0.9045138888888877,"seconds":6.739795207977295e-5,"exhaustive_search_seconds":0.00033049285411834717,"evaluations":118.5703125,"distances_sum":55.73111095384503}}, beam: 4, n: 9999
  == Begin Opt. BeamSearch iteration: 3, expected recall: 0.9, n: 9999
  == End Opt. BeamSearch. Iteration finished; {"score":85.32970942874086,"state":{"ssize":8,"bsize":7},"perf":{"precision":0.9045138888888877,"recall":0.9045138888888877,"f1":0.9045138888888877,"seconds":6.739795207977295e-5,"exhaustive_search_seconds":0.00033049285411834717,"evaluations":118.5703125,"distances_sum":55.73111095384503}}, beam: 4, n: 9999
==== END Opt. BeamSearch. Finished, best: {"score":85.32970942874086,"state":{"ssize":8,"bsize":7},"perf":{"precision":0.9045138888888877,"recall":0.9045138888888877,"f1":0.9045138888888877,"seconds":6.739795207977295e-5,"exhaustive_search_seconds":0.00033049285411834717,"evaluations":118.5703125,"distances_sum":55.73111095384503}}, n: 9999
added n=10000, neighborhood=4, 2020-01-09T19:17:40.531
[ Info: done; now testing
res = KnnResult(10, Item[Item(2923, 0.013432664535084377), Item(6449, 0.035232801052326734), Item(3219, 0.0442580378603532), Item(907, 0.04736314279957573), Item(5532, 0.048981656404147776), Item(4074, 0.05124781441695106), Item(7838, 0.05477688007915777), Item(2223, 0.05779613572571119), Item(9379, 0.061124342854761475), Item(2370, 0.0625469907400531)])
[ Info: inserting items to the index
==== BEGIN Opt. BeamSearch, expected recall: 0.9, n: 9
  == Begin Opt. BeamSearch iteration: 1, expected recall: 0.9, n: 9
    ** Opt. BeamSearch. A new best conf was found> score: 0.392578125, conf: {"ssize":2,"bsize":2}, perf: {"precision":null,"recall":0.392578125,"f1":null,"seconds":4.462897777557373e-6,"exhaustive_search_seconds":1.5776604413986206e-6,"evaluations":7.171875,"distances_sum":171.108312962344}, best_list's length: 2, n: 9
    ** Opt. BeamSearch. A new best conf was found> score: 0.5673828125, conf: {"ssize":1,"bsize":3}, perf: {"precision":1.0,"recall":0.5673828125,"f1":0.7067033660783666,"seconds":5.247071385383606e-6,"exhaustive_search_seconds":1.5776604413986206e-6,"evaluations":7.6171875,"distances_sum":263.4689572988994}, best_list's length: 3, n: 9
    ** Opt. BeamSearch. A new best conf was found> score: 0.1865234375, conf: {"ssize":4,"bsize":1}, perf: {"precision":null,"recall":0.1865234375,"f1":null,"seconds":3.866851329803467e-6,"exhaustive_search_seconds":1.5776604413986206e-6,"evaluations":6.6796875,"distances_sum":90.90473716146543}, best_list's length: 4, n: 9
  == End Opt. BeamSearch. Iteration finished; {"score":0.5673828125,"state":{"ssize":1,"bsize":3},"perf":{"precision":1.0,"recall":0.5673828125,"f1":0.7067033660783666,"seconds":5.247071385383606e-6,"exhaustive_search_seconds":1.5776604413986206e-6,"evaluations":7.6171875,"distances_sum":263.4689572988994}}, beam: 4, n: 9
  == Begin Opt. BeamSearch iteration: 2, expected recall: 0.9, n: 9
    ** Opt. BeamSearch. A new best conf was found> score: 0.8828125, conf: {"ssize":1,"bsize":7}, perf: {"precision":1.0,"recall":0.8828125,"f1":0.9313015109890116,"seconds":6.22868537902832e-6,"exhaustive_search_seconds":1.5776604413986206e-6,"evaluations":8.546875,"distances_sum":460.97718971674817}, best_list's length: 5, n: 9
    ** Opt. BeamSearch. A new best conf was found> score: 0.697265625, conf: {"ssize":1,"bsize":4}, perf: {"precision":null,"recall":0.697265625,"f1":null,"seconds":5.427747964859009e-6,"exhaustive_search_seconds":1.5776604413986206e-6,"evaluations":7.9375,"distances_sum":329.83283261745385}, best_list's length: 6, n: 9
    ** Opt. BeamSearch. A new best conf was found> score: 0.576171875, conf: {"ssize":4,"bsize":3}, perf: {"precision":1.0,"recall":0.576171875,"f1":0.7134561618936625,"seconds":5.140900611877441e-6,"exhaustive_search_seconds":1.5776604413986206e-6,"evaluations":7.59375,"distances_sum":258.28779002191936}, best_list's length: 7, n: 9
  == End Opt. BeamSearch. Iteration finished; {"score":0.8828125,"state":{"ssize":1,"bsize":7},"perf":{"precision":1.0,"recall":0.8828125,"f1":0.9313015109890116,"seconds":6.22868537902832e-6,"exhaustive_search_seconds":1.5776604413986206e-6,"evaluations":8.546875,"distances_sum":460.97718971674817}}, beam: 4, n: 9
  == Begin Opt. BeamSearch iteration: 3, expected recall: 0.9, n: 9
  == End Opt. BeamSearch. Iteration finished; {"score":0.8828125,"state":{"ssize":1,"bsize":7},"perf":{"precision":1.0,"recall":0.8828125,"f1":0.9313015109890116,"seconds":6.22868537902832e-6,"exhaustive_search_seconds":1.5776604413986206e-6,"evaluations":8.546875,"distances_sum":460.97718971674817}}, beam: 4, n: 9
==== END Opt. BeamSearch. Finished, best: {"score":0.8828125,"state":{"ssize":1,"bsize":7},"perf":{"precision":1.0,"recall":0.8828125,"f1":0.9313015109890116,"seconds":6.22868537902832e-6,"exhaustive_search_seconds":1.5776604413986206e-6,"evaluations":8.546875,"distances_sum":460.97718971674817}}, n: 9
==== BEGIN Opt. BeamSearch, expected recall: 0.9, n: 99
  == Begin Opt. BeamSearch iteration: 1, expected recall: 0.9, n: 99
  == End Opt. BeamSearch. Iteration finished; {"score":3.69961653174265,"state":{"ssize":1,"bsize":7},"perf":{"precision":0.9097222222222208,"recall":0.9097222222222208,"f1":0.9097222222222208,"seconds":1.9101426005363464e-5,"exhaustive_search_seconds":6.53974711894989e-6,"evaluations":36.671875,"distances_sum":285.2692172199268}}, beam: 4, n: 99
==== END Opt. BeamSearch. Finished, best: {"score":3.69961653174265,"state":{"ssize":1,"bsize":7},"perf":{"precision":0.9097222222222208,"recall":0.9097222222222208,"f1":0.9097222222222208,"seconds":1.9101426005363464e-5,"exhaustive_search_seconds":6.53974711894989e-6,"evaluations":36.671875,"distances_sum":285.2692172199268}}, n: 99
==== BEGIN Opt. BeamSearch, expected recall: 0.9, n: 999
  == Begin Opt. BeamSearch iteration: 1, expected recall: 0.9, n: 999
    ** Opt. BeamSearch. A new best conf was found> score: 0.8984374999999986, conf: {"ssize":2,"bsize":7}, perf: {"precision":0.8984374999999986,"recall":0.8984374999999986,"f1":0.8984374999999986,"seconds":3.970973193645477e-5,"exhaustive_search_seconds":4.581175744533539e-5,"evaluations":72.984375,"distances_sum":121.45950868875714}, best_list's length: 3, n: 999
    ** Opt. BeamSearch. A new best conf was found> score: 11.661330665332667, conf: {"ssize":1,"bsize":15}, perf: {"precision":1.0,"recall":1.0,"f1":1.0,"seconds":5.303137004375458e-5,"exhaustive_search_seconds":4.581175744533539e-5,"evaluations":93.703125,"distances_sum":119.53861852758949}, best_list's length: 4, n: 999
    ** Opt. BeamSearch. A new best conf was found> score: 12.765918292234081, conf: {"ssize":1,"bsize":12}, perf: {"precision":1.0,"recall":1.0,"f1":1.0,"seconds":5.06862998008728e-5,"exhaustive_search_seconds":4.581175744533539e-5,"evaluations":84.90625,"distances_sum":119.53861852758949}, best_list's length: 5, n: 999
    ** Opt. BeamSearch. A new best conf was found> score: 11.867924528301886, conf: {"ssize":1,"bsize":14}, perf: {"precision":1.0,"recall":1.0,"f1":1.0,"seconds":5.060434341430664e-5,"exhaustive_search_seconds":4.581175744533539e-5,"evaluations":91.921875,"distances_sum":119.53861852758949}, best_list's length: 6, n: 999
  == End Opt. BeamSearch. Iteration finished; {"score":12.765918292234081,"state":{"ssize":1,"bsize":12},"perf":{"precision":1.0,"recall":1.0,"f1":1.0,"seconds":5.06862998008728e-5,"exhaustive_search_seconds":4.581175744533539e-5,"evaluations":84.90625,"distances_sum":119.53861852758949}}, beam: 4, n: 999
  == Begin Opt. BeamSearch iteration: 2, expected recall: 0.9, n: 999
    ** Opt. BeamSearch. A new best conf was found> score: 13.042945940855152, conf: {"ssize":10,"bsize":11}, perf: {"precision":0.9982638888888888,"recall":0.9982638888888888,"f1":0.9982638888888888,"seconds":5.218572914600372e-5,"exhaustive_search_seconds":4.581175744533539e-5,"evaluations":82.953125,"distances_sum":119.60131053053534}, best_list's length: 5, n: 999
    ** Opt. BeamSearch. A new best conf was found> score: 13.663101604278076, conf: {"ssize":1,"bsize":10}, perf: {"precision":0.9973958333333333,"recall":0.9973958333333333,"f1":0.9973958333333333,"seconds":4.749186336994171e-5,"exhaustive_search_seconds":4.581175744533539e-5,"evaluations":78.890625,"distances_sum":119.58397006299616}, best_list's length: 11, n: 999
    ** Opt. BeamSearch. A new best conf was found> score: 14.046831955922865, conf: {"ssize":2,"bsize":9}, perf: {"precision":0.9791666666666663,"recall":0.9791666666666663,"f1":0.9791666666666663,"seconds":3.4306198358535767e-5,"exhaustive_search_seconds":4.581175744533539e-5,"evaluations":76.5703125,"distances_sum":119.80106655987107}, best_list's length: 12, n: 999
    ** Opt. BeamSearch. A new best conf was found> score: 14.623694864692094, conf: {"ssize":8,"bsize":8}, perf: {"precision":0.9435763888888877,"recall":0.9435763888888877,"f1":0.9435763888888877,"seconds":3.876350820064545e-5,"exhaustive_search_seconds":4.581175744533539e-5,"evaluations":73.328125,"distances_sum":120.32647956689831}, best_list's length: 13, n: 999
    ** Opt. BeamSearch. A new best conf was found> score: 14.242750621375311, conf: {"ssize":6,"bsize":10}, perf: {"precision":0.9991319444444444,"recall":0.9991319444444444,"f1":0.9991319444444444,"seconds":3.078952431678772e-5,"exhaustive_search_seconds":4.581175744533539e-5,"evaluations":75.4375,"distances_sum":119.57312994909974}, best_list's length: 20, n: 999
    ** Opt. BeamSearch. A new best conf was found> score: 14.844954525768731, conf: {"ssize":4,"bsize":8}, perf: {"precision":0.9427083333333324,"recall":0.9427083333333324,"f1":0.9427083333333324,"seconds":2.4983659386634827e-5,"exhaustive_search_seconds":4.581175744533539e-5,"evaluations":72.15625,"distances_sum":120.40774369452137}, best_list's length: 21, n: 999
    ** Opt. BeamSearch. A new best conf was found> score: 12.9450723960766, conf: {"ssize":9,"bsize":12}, perf: {"precision":1.0,"recall":1.0,"f1":1.0,"seconds":3.630109131336212e-5,"exhaustive_search_seconds":4.581175744533539e-5,"evaluations":83.6328125,"distances_sum":119.53861852758949}, best_list's length: 26, n: 999
    ** Opt. BeamSearch. A new best conf was found> score: 13.928116469517743, conf: {"ssize":8,"bsize":9}, perf: {"precision":0.9739583333333329,"recall":0.9739583333333329,"f1":0.9739583333333329,"seconds":3.5665929317474365e-5,"exhaustive_search_seconds":4.581175744533539e-5,"evaluations":77.2734375,"distances_sum":119.79533546158696}, best_list's length: 29, n: 999
  == End Opt. BeamSearch. Iteration finished; {"score":14.844954525768731,"state":{"ssize":4,"bsize":8},"perf":{"precision":0.9427083333333324,"recall":0.9427083333333324,"f1":0.9427083333333324,"seconds":2.4983659386634827e-5,"exhaustive_search_seconds":4.581175744533539e-5,"evaluations":72.15625,"distances_sum":120.40774369452137}}, beam: 4, n: 999
  == Begin Opt. BeamSearch iteration: 3, expected recall: 0.9, n: 999
  == End Opt. BeamSearch. Iteration finished; {"score":14.844954525768731,"state":{"ssize":4,"bsize":8},"perf":{"precision":0.9427083333333324,"recall":0.9427083333333324,"f1":0.9427083333333324,"seconds":2.4983659386634827e-5,"exhaustive_search_seconds":4.581175744533539e-5,"evaluations":72.15625,"distances_sum":120.40774369452137}}, beam: 4, n: 999
==== END Opt. BeamSearch. Finished, best: {"score":14.844954525768731,"state":{"ssize":4,"bsize":8},"perf":{"precision":0.9427083333333324,"recall":0.9427083333333324,"f1":0.9427083333333324,"seconds":2.4983659386634827e-5,"exhaustive_search_seconds":4.581175744533539e-5,"evaluations":72.15625,"distances_sum":120.40774369452137}}, n: 999
added n=5000, neighborhood=3, 2020-01-09T19:17:42.324
==== BEGIN Opt. BeamSearch, expected recall: 0.9, n: 9999
  == Begin Opt. BeamSearch iteration: 1, expected recall: 0.9, n: 9999
    ** Opt. BeamSearch. A new best conf was found> score: 82.91705069124424, conf: {"ssize":1,"bsize":8}, perf: {"precision":0.9418402777777766,"recall":0.9418402777777766,"f1":0.9418402777777766,"seconds":6.340071558952332e-5,"exhaustive_search_seconds":0.0003141947090625763,"evaluations":122.0625,"distances_sum":55.20731751727532}, best_list's length: 2, n: 9999
    ** Opt. BeamSearch. A new best conf was found> score: 78.27295779750045, conf: {"ssize":6,"bsize":8}, perf: {"precision":0.9383680555555542,"recall":0.9383680555555542,"f1":0.9383680555555542,"seconds":6.436742842197418e-5,"exhaustive_search_seconds":0.0003141947090625763,"evaluations":129.3984375,"distances_sum":55.30794105001574}, best_list's length: 6, n: 9999
  == End Opt. BeamSearch. Iteration finished; {"score":82.91705069124424,"state":{"ssize":1,"bsize":8},"perf":{"precision":0.9418402777777766,"recall":0.9418402777777766,"f1":0.9418402777777766,"seconds":6.340071558952332e-5,"exhaustive_search_seconds":0.0003141947090625763,"evaluations":122.0625,"distances_sum":55.20731751727532}}, beam: 4, n: 9999
  == Begin Opt. BeamSearch iteration: 2, expected recall: 0.9, n: 9999
    ** Opt. BeamSearch. A new best conf was found> score: 85.32970942874086, conf: {"ssize":8,"bsize":7}, perf: {"precision":0.9045138888888877,"recall":0.9045138888888877,"f1":0.9045138888888877,"seconds":6.879866123199463e-5,"exhaustive_search_seconds":0.0003141947090625763,"evaluations":118.5703125,"distances_sum":55.73111095384503}, best_list's length: 5, n: 9999
  == End Opt. BeamSearch. Iteration finished; {"score":85.32970942874086,"state":{"ssize":8,"bsize":7},"perf":{"precision":0.9045138888888877,"recall":0.9045138888888877,"f1":0.9045138888888877,"seconds":6.879866123199463e-5,"exhaustive_search_seconds":0.0003141947090625763,"evaluations":118.5703125,"distances_sum":55.73111095384503}}, beam: 4, n: 9999
  == Begin Opt. BeamSearch iteration: 3, expected recall: 0.9, n: 9999
  == End Opt. BeamSearch. Iteration finished; {"score":85.32970942874086,"state":{"ssize":8,"bsize":7},"perf":{"precision":0.9045138888888877,"recall":0.9045138888888877,"f1":0.9045138888888877,"seconds":6.879866123199463e-5,"exhaustive_search_seconds":0.0003141947090625763,"evaluations":118.5703125,"distances_sum":55.73111095384503}}, beam: 4, n: 9999
==== END Opt. BeamSearch. Finished, best: {"score":85.32970942874086,"state":{"ssize":8,"bsize":7},"perf":{"precision":0.9045138888888877,"recall":0.9045138888888877,"f1":0.9045138888888877,"seconds":6.879866123199463e-5,"exhaustive_search_seconds":0.0003141947090625763,"evaluations":118.5703125,"distances_sum":55.73111095384503}}, n: 9999
added n=10000, neighborhood=4, 2020-01-09T19:17:43.562
[ Info: done; now testing with hint
[ Info: Hints=true, noise=false: Query time 5.1021575927734375e-5
[ Info: Hints=true, noise=true: Query time 2.5033950805664062e-5
[ Info: Hints=false, noise=false: Query time 7.486343383789062e-5
[ Info: Hints=false, noise=true: Query time 0.00011897087097167969
   Testing SimilaritySearch tests passed 
