Julia Version 1.5.1-pre.28
Commit 0d71d8cd8b (2020-08-14 20:35 UTC)
Platform Info:
  OS: Linux (x86_64-linux-gnu)
  CPU: Intel(R) Xeon(R) Silver 4114 CPU @ 2.20GHz
  WORD_SIZE: 64
  LIBM: libopenlibm
  LLVM: libLLVM-9.0.1 (ORCJIT, skylake-avx512)
Environment:
  JULIA_DEPOT_PATH = ::/usr/local/share/julia
  JULIA_NUM_THREADS = 2

  Resolving package versions...
  Installed CpuId ───────────── v0.2.2
  Installed SIMDPirates ─────── v0.8.24
  Installed VectorizationBase ─ v0.12.32
  Installed UnPack ──────────── v1.0.2
  Installed VectorizedRNG ───── v0.1.12
Updating `~/.julia/environments/v1.5/Project.toml`
  [33b4df10] + VectorizedRNG v0.1.12
Updating `~/.julia/environments/v1.5/Manifest.toml`
  [adafc99b] + CpuId v0.2.2
  [21efa798] + SIMDPirates v0.8.24
  [3a884ed6] + UnPack v1.0.2
  [3d5dd08c] + VectorizationBase v0.12.32
  [33b4df10] + VectorizedRNG v0.1.12
  [2a0f44e3] + Base64
  [8ba89e20] + Distributed
  [b77e0a4c] + InteractiveUtils
  [8f399da3] + Libdl
  [37e2e46d] + LinearAlgebra
  [56ddb016] + Logging
  [d6f4376e] + Markdown
  [9a3f8284] + Random
  [9e88b42a] + Serialization
  [6462fe0b] + Sockets
  [8dfed614] + Test
    Testing VectorizedRNG
Status `/tmp/jl_R8KfQC/Project.toml`
  [97cc5700] RNGTest v1.5.0
  [21efa798] SIMDPirates v0.8.24
  [3a884ed6] UnPack v1.0.2
  [3d5dd08c] VectorizationBase v0.12.32
  [33b4df10] VectorizedRNG v0.1.12
  [8ba89e20] Distributed
  [9a3f8284] Random
  [8dfed614] Test
Status `/tmp/jl_R8KfQC/Manifest.toml`
  [b99e7846] BinaryProvider v0.5.10
  [adafc99b] CpuId v0.2.2
  [97cc5700] RNGTest v1.5.0
  [21efa798] SIMDPirates v0.8.24
  [3a884ed6] UnPack v1.0.2
  [3d5dd08c] VectorizationBase v0.12.32
  [33b4df10] VectorizedRNG v0.1.12
  [2a0f44e3] Base64
  [8ba89e20] Distributed
  [b77e0a4c] InteractiveUtils
  [8f399da3] Libdl
  [37e2e46d] LinearAlgebra
  [56ddb016] Logging
  [d6f4376e] Markdown
  [9a3f8284] Random
  [ea8e919c] SHA
  [9e88b42a] Serialization
  [6462fe0b] Sockets
  [8dfed614] Test
(mi, ma) = (0.01778647981954229, 0.9861672889165922)
(mi, ma) = (0.052972594133291695, 0.8384211146676595)
(mi, ma) = (0.03946512323441864, 0.9313156295322915)
(mi, ma) = (0.014045048733850707, 0.9907583608168596)
Test Summary:    | Pass  Total
VectorizedRNG.jl |   11     11
    Testing VectorizedRNG tests passed 
