Julia Version 1.3.1-pre.19
Commit 602e3006ec (2019-12-17 12:50 UTC)
Platform Info:
  OS: Linux (x86_64-linux-gnu)
  CPU: Intel(R) Xeon(R) Silver 4114 CPU @ 2.20GHz
  WORD_SIZE: 64
  LIBM: libopenlibm
  LLVM: libLLVM-6.0.1 (ORCJIT, skylake)
Environment:
  JULIA_DEPOT_PATH = ::/usr/local/share/julia

 Resolving package versions...
 Installed SortingAlgorithms ── v0.3.1
 Installed NPZ ──────────────── v0.4.0
 Installed NearestNeighbors ─── v0.4.4
 Installed OrderedCollections ─ v1.1.0
 Installed CatViews ─────────── v1.0.0
 Installed StaticArrays ─────── v0.12.1
 Installed StatsBase ────────── v0.32.0
 Installed DPMMSubClusters ──── v0.1.5
 Installed DataStructures ───── v0.17.6
 Installed Arpack_jll ───────── v3.5.0+2
 Installed Missings ─────────── v0.4.3
 Installed TranscodingStreams ─ v0.9.5
 Installed BinDeps ──────────── v0.8.10
 Installed QuadGK ───────────── v2.3.1
 Installed URIParser ────────── v0.4.0
 Installed JLD2 ─────────────── v0.1.9
 Installed CodecZlib ────────── v0.6.0
 Installed Rmath ────────────── v0.6.0
 Installed BinaryProvider ───── v0.5.8
 Installed OpenBLAS_jll ─────── v0.3.7+1
 Installed StatsFuns ────────── v0.8.0
 Installed ZipFile ──────────── v0.8.3
 Installed SpecialFunctions ─── v0.7.2
 Installed DataAPI ──────────── v1.1.0
 Installed Arpack ───────────── v0.4.0
 Installed FileIO ───────────── v1.2.0
 Installed Distances ────────── v0.8.2
 Installed PDMats ───────────── v0.9.10
 Installed Compat ───────────── v2.2.0
 Installed Primes ───────────── v0.4.0
 Installed Clustering ───────── v0.13.3
 Installed Distributions ────── v0.21.5
 Installed DistributedArrays ── v0.6.4
  Updating `~/.julia/environments/v1.3/Project.toml`
  [2841fd70] + DPMMSubClusters v0.1.5
  Updating `~/.julia/environments/v1.3/Manifest.toml`
  [7d9fca2a] + Arpack v0.4.0
  [68821587] + Arpack_jll v3.5.0+2
  [9e28174c] + BinDeps v0.8.10
  [b99e7846] + BinaryProvider v0.5.8
  [81a5f4ea] + CatViews v1.0.0
  [aaaa29a8] + Clustering v0.13.3
  [944b1d66] + CodecZlib v0.6.0
  [34da2185] + Compat v2.2.0
  [2841fd70] + DPMMSubClusters v0.1.5
  [9a962f9c] + DataAPI v1.1.0
  [864edb3b] + DataStructures v0.17.6
  [b4f34e82] + Distances v0.8.2
  [aaf54ef3] + DistributedArrays v0.6.4
  [31c24e10] + Distributions v0.21.5
  [5789e2e9] + FileIO v1.2.0
  [033835bb] + JLD2 v0.1.9
  [e1d29d7a] + Missings v0.4.3
  [15e1cf62] + NPZ v0.4.0
  [b8a86587] + NearestNeighbors v0.4.4
  [4536629a] + OpenBLAS_jll v0.3.7+1
  [bac558e1] + OrderedCollections v1.1.0
  [90014a1f] + PDMats v0.9.10
  [27ebfcd6] + Primes v0.4.0
  [1fd47b50] + QuadGK v2.3.1
  [79098fc4] + Rmath v0.6.0
  [a2af1166] + SortingAlgorithms v0.3.1
  [276daf66] + SpecialFunctions v0.7.2
  [90137ffa] + StaticArrays v0.12.1
  [2913bbd2] + StatsBase v0.32.0
  [4c63d2b9] + StatsFuns v0.8.0
  [3bb67fe8] + TranscodingStreams v0.9.5
  [30578b45] + URIParser v0.4.0
  [a5390f91] + ZipFile v0.8.3
  [2a0f44e3] + Base64 
  [ade2ca70] + Dates 
  [8bb1440f] + DelimitedFiles 
  [8ba89e20] + Distributed 
  [b77e0a4c] + InteractiveUtils 
  [76f85450] + LibGit2 
  [8f399da3] + Libdl 
  [37e2e46d] + LinearAlgebra 
  [56ddb016] + Logging 
  [d6f4376e] + Markdown 
  [a63ad114] + Mmap 
  [44cfe95a] + Pkg 
  [de0858da] + Printf 
  [3fa0cd96] + REPL 
  [9a3f8284] + Random 
  [ea8e919c] + SHA 
  [9e88b42a] + Serialization 
  [1a1011a3] + SharedArrays 
  [6462fe0b] + Sockets 
  [2f01184e] + SparseArrays 
  [10745b16] + Statistics 
  [4607b0f0] + SuiteSparse 
  [8dfed614] + Test 
  [cf7118a7] + UUIDs 
  [4ec0a83e] + Unicode 
  Building Rmath ───────────→ `~/.julia/packages/Rmath/BoBag/deps/build.log`
  Building CodecZlib ───────→ `~/.julia/packages/CodecZlib/5t9zO/deps/build.log`
  Building SpecialFunctions → `~/.julia/packages/SpecialFunctions/fvheQ/deps/build.log`
  Building ZipFile ─────────→ `~/.julia/packages/ZipFile/oD4uG/deps/build.log`
   Testing DPMMSubClusters
 Resolving package versions...
    Status `/tmp/jl_98L2aK/Manifest.toml`
  [7d9fca2a] Arpack v0.4.0
  [68821587] Arpack_jll v3.5.0+2
  [9e28174c] BinDeps v0.8.10
  [b99e7846] BinaryProvider v0.5.8
  [81a5f4ea] CatViews v1.0.0
  [aaaa29a8] Clustering v0.13.3
  [944b1d66] CodecZlib v0.6.0
  [34da2185] Compat v2.2.0
  [2841fd70] DPMMSubClusters v0.1.5
  [9a962f9c] DataAPI v1.1.0
  [864edb3b] DataStructures v0.17.6
  [b4f34e82] Distances v0.8.2
  [aaf54ef3] DistributedArrays v0.6.4
  [31c24e10] Distributions v0.21.5
  [5789e2e9] FileIO v1.2.0
  [033835bb] JLD2 v0.1.9
  [e1d29d7a] Missings v0.4.3
  [15e1cf62] NPZ v0.4.0
  [b8a86587] NearestNeighbors v0.4.4
  [4536629a] OpenBLAS_jll v0.3.7+1
  [bac558e1] OrderedCollections v1.1.0
  [90014a1f] PDMats v0.9.10
  [27ebfcd6] Primes v0.4.0
  [1fd47b50] QuadGK v2.3.1
  [79098fc4] Rmath v0.6.0
  [a2af1166] SortingAlgorithms v0.3.1
  [276daf66] SpecialFunctions v0.7.2
  [90137ffa] StaticArrays v0.12.1
  [2913bbd2] StatsBase v0.32.0
  [4c63d2b9] StatsFuns v0.8.0
  [3bb67fe8] TranscodingStreams v0.9.5
  [30578b45] URIParser v0.4.0
  [a5390f91] ZipFile v0.8.3
  [2a0f44e3] Base64  [`@stdlib/Base64`]
  [ade2ca70] Dates  [`@stdlib/Dates`]
  [8bb1440f] DelimitedFiles  [`@stdlib/DelimitedFiles`]
  [8ba89e20] Distributed  [`@stdlib/Distributed`]
  [b77e0a4c] InteractiveUtils  [`@stdlib/InteractiveUtils`]
  [76f85450] LibGit2  [`@stdlib/LibGit2`]
  [8f399da3] Libdl  [`@stdlib/Libdl`]
  [37e2e46d] LinearAlgebra  [`@stdlib/LinearAlgebra`]
  [56ddb016] Logging  [`@stdlib/Logging`]
  [d6f4376e] Markdown  [`@stdlib/Markdown`]
  [a63ad114] Mmap  [`@stdlib/Mmap`]
  [44cfe95a] Pkg  [`@stdlib/Pkg`]
  [de0858da] Printf  [`@stdlib/Printf`]
  [3fa0cd96] REPL  [`@stdlib/REPL`]
  [9a3f8284] Random  [`@stdlib/Random`]
  [ea8e919c] SHA  [`@stdlib/SHA`]
  [9e88b42a] Serialization  [`@stdlib/Serialization`]
  [1a1011a3] SharedArrays  [`@stdlib/SharedArrays`]
  [6462fe0b] Sockets  [`@stdlib/Sockets`]
  [2f01184e] SparseArrays  [`@stdlib/SparseArrays`]
  [10745b16] Statistics  [`@stdlib/Statistics`]
  [4607b0f0] SuiteSparse  [`@stdlib/SuiteSparse`]
  [8dfed614] Test  [`@stdlib/Test`]
  [cf7118a7] UUIDs  [`@stdlib/UUIDs`]
  [4ec0a83e] Unicode  [`@stdlib/Unicode`]
┌ Warning: Replacing docs for `FileIO.filename :: Tuple{Any}` in module `FileIO`
└ @ Base.Docs docs/Docs.jl:223
┌ Warning: Replacing docs for `FileIO.file_extension :: Tuple{Any}` in module `FileIO`
└ @ Base.Docs docs/Docs.jl:223
Loading and distributing data:
  2.126583 seconds (1.03 M allocations: 50.982 MiB, 3.78% gc time)
Node Leaders:
Dict{Any,Any}(1 => Any[1])
Iteration: 1 || Clusters count: 1 || Log posterior: -3184.8093386024666 || Vi score: no gt || NMI score: no gt || Iter Time:9.603776931762695 || Total time:9.603776931762695
Iteration: 2 || Clusters count: 1 || Log posterior: -3184.8093386024666 || Vi score: no gt || NMI score: no gt || Iter Time:0.0028069019317626953 || Total time:9.606583833694458
Iteration: 3 || Clusters count: 1 || Log posterior: -3184.8093386024666 || Vi score: no gt || NMI score: no gt || Iter Time:0.002701997756958008 || Total time:9.609285831451416
Iteration: 4 || Clusters count: 1 || Log posterior: -3184.8093386024666 || Vi score: no gt || NMI score: no gt || Iter Time:0.022478103637695312 || Total time:9.631763935089111
Iteration: 5 || Clusters count: 1 || Log posterior: -3184.8093386024666 || Vi score: no gt || NMI score: no gt || Iter Time:0.0023119449615478516 || Total time:9.63407588005066
Iteration: 6 || Clusters count: 1 || Log posterior: -3184.8093386024666 || Vi score: no gt || NMI score: no gt || Iter Time:0.0021848678588867188 || Total time:9.636260747909546
Iteration: 7 || Clusters count: 1 || Log posterior: -3184.8093386024666 || Vi score: no gt || NMI score: no gt || Iter Time:0.001859903335571289 || Total time:9.638120651245117
Iteration: 8 || Clusters count: 1 || Log posterior: -3184.8093386024666 || Vi score: no gt || NMI score: no gt || Iter Time:0.0022268295288085938 || Total time:9.640347480773926
Iteration: 9 || Clusters count: 1 || Log posterior: -3184.8093386024666 || Vi score: no gt || NMI score: no gt || Iter Time:0.0019731521606445312 || Total time:9.64232063293457
Iteration: 10 || Clusters count: 1 || Log posterior: -3184.8093386024666 || Vi score: no gt || NMI score: no gt || Iter Time:0.0022630691528320312 || Total time:9.644583702087402
Iteration: 11 || Clusters count: 1 || Log posterior: -3184.8093386024666 || Vi score: no gt || NMI score: no gt || Iter Time:0.0020189285278320312 || Total time:9.646602630615234
Iteration: 12 || Clusters count: 1 || Log posterior: -3184.8093386024666 || Vi score: no gt || NMI score: no gt || Iter Time:0.0022649765014648438 || Total time:9.6488676071167
Iteration: 13 || Clusters count: 1 || Log posterior: -3184.8093386024666 || Vi score: no gt || NMI score: no gt || Iter Time:0.002076864242553711 || Total time:9.650944471359253
Iteration: 14 || Clusters count: 1 || Log posterior: -3184.8093386024666 || Vi score: no gt || NMI score: no gt || Iter Time:0.0023009777069091797 || Total time:9.653245449066162
Iteration: 15 || Clusters count: 1 || Log posterior: -3184.8093386024666 || Vi score: no gt || NMI score: no gt || Iter Time:0.0022590160369873047 || Total time:9.65550446510315
Iteration: 16 || Clusters count: 1 || Log posterior: -3184.8093386024666 || Vi score: no gt || NMI score: no gt || Iter Time:0.0019550323486328125 || Total time:9.657459497451782
Iteration: 17 || Clusters count: 1 || Log posterior: -3184.8093386024666 || Vi score: no gt || NMI score: no gt || Iter Time:0.002351999282836914 || Total time:9.65981149673462
Iteration: 18 || Clusters count: 1 || Log posterior: -3184.8093386024666 || Vi score: no gt || NMI score: no gt || Iter Time:0.0023059844970703125 || Total time:9.66211748123169
Iteration: 19 || Clusters count: 1 || Log posterior: -3184.8093386024666 || Vi score: no gt || NMI score: no gt || Iter Time:0.0019049644470214844 || Total time:9.664022445678711
Iteration: 20 || Clusters count: 1 || Log posterior: -3184.8093386024666 || Vi score: no gt || NMI score: no gt || Iter Time:0.0019199848175048828 || Total time:9.665942430496216
Iteration: 21 || Clusters count: 1 || Log posterior: -3184.8093386024666 || Vi score: no gt || NMI score: no gt || Iter Time:0.0019309520721435547 || Total time:9.66787338256836
Iteration: 22 || Clusters count: 2 || Log posterior: -2872.3473899692726 || Vi score: no gt || NMI score: no gt || Iter Time:1.1240010261535645 || Total time:10.791874408721924
Iteration: 23 || Clusters count: 2 || Log posterior: -2101.637026104374 || Vi score: no gt || NMI score: no gt || Iter Time:0.004628896713256836 || Total time:10.79650330543518
Iteration: 24 || Clusters count: 2 || Log posterior: -1903.740333828373 || Vi score: no gt || NMI score: no gt || Iter Time:0.003158092498779297 || Total time:10.79966139793396
Iteration: 25 || Clusters count: 2 || Log posterior: -1903.740333828373 || Vi score: no gt || NMI score: no gt || Iter Time:0.0035791397094726562 || Total time:10.803240537643433
Iteration: 26 || Clusters count: 2 || Log posterior: -1903.740333828373 || Vi score: no gt || NMI score: no gt || Iter Time:0.0033380985260009766 || Total time:10.806578636169434
Iteration: 27 || Clusters count: 2 || Log posterior: -1903.740333828373 || Vi score: no gt || NMI score: no gt || Iter Time:0.023010969161987305 || Total time:10.829589605331421
Iteration: 28 || Clusters count: 2 || Log posterior: -1903.740333828373 || Vi score: no gt || NMI score: no gt || Iter Time:0.0034651756286621094 || Total time:10.833054780960083
Iteration: 29 || Clusters count: 2 || Log posterior: -1903.740333828373 || Vi score: no gt || NMI score: no gt || Iter Time:0.002087116241455078 || Total time:10.835141897201538
Iteration: 30 || Clusters count: 3 || Log posterior: -1802.5768947929573 || Vi score: no gt || NMI score: no gt || Iter Time:0.0029909610748291016 || Total time:10.838132858276367
Iteration: 31 || Clusters count: 3 || Log posterior: -1328.973725351735 || Vi score: no gt || NMI score: no gt || Iter Time:0.003384828567504883 || Total time:10.841517686843872
Iteration: 32 || Clusters count: 3 || Log posterior: -1328.973725351735 || Vi score: no gt || NMI score: no gt || Iter Time:0.0034971237182617188 || Total time:10.845014810562134
Iteration: 33 || Clusters count: 3 || Log posterior: -1328.973725351735 || Vi score: no gt || NMI score: no gt || Iter Time:0.15954113006591797 || Total time:11.004555940628052
Iteration: 34 || Clusters count: 4 || Log posterior: -1176.710482391758 || Vi score: no gt || NMI score: no gt || Iter Time:0.00423121452331543 || Total time:11.008787155151367
Iteration: 35 || Clusters count: 4 || Log posterior: -754.2071168750956 || Vi score: no gt || NMI score: no gt || Iter Time:0.003686189651489258 || Total time:11.012473344802856
Iteration: 36 || Clusters count: 4 || Log posterior: -754.2071168750956 || Vi score: no gt || NMI score: no gt || Iter Time:0.003760099411010742 || Total time:11.016233444213867
Iteration: 37 || Clusters count: 4 || Log posterior: -754.2071168750956 || Vi score: no gt || NMI score: no gt || Iter Time:0.003751993179321289 || Total time:11.019985437393188
Iteration: 38 || Clusters count: 4 || Log posterior: -754.2071168750956 || Vi score: no gt || NMI score: no gt || Iter Time:0.01839613914489746 || Total time:11.038381576538086
Iteration: 39 || Clusters count: 4 || Log posterior: -754.2071168750956 || Vi score: no gt || NMI score: no gt || Iter Time:0.00431513786315918 || Total time:11.042696714401245
Iteration: 40 || Clusters count: 5 || Log posterior: -760.3350456089211 || Vi score: no gt || NMI score: no gt || Iter Time:0.005137920379638672 || Total time:11.047834634780884
Iteration: 41 || Clusters count: 4 || Log posterior: -754.2071168750956 || Vi score: no gt || NMI score: no gt || Iter Time:0.004449129104614258 || Total time:11.052283763885498
Iteration: 42 || Clusters count: 4 || Log posterior: -754.2071168750956 || Vi score: no gt || NMI score: no gt || Iter Time:0.0036640167236328125 || Total time:11.05594778060913
Iteration: 43 || Clusters count: 4 || Log posterior: -754.2071168750956 || Vi score: no gt || NMI score: no gt || Iter Time:0.00472712516784668 || Total time:11.060674905776978
Iteration: 44 || Clusters count: 4 || Log posterior: -754.2071168750956 || Vi score: no gt || NMI score: no gt || Iter Time:0.004873991012573242 || Total time:11.06554889678955
Iteration: 45 || Clusters count: 4 || Log posterior: -754.2071168750956 || Vi score: no gt || NMI score: no gt || Iter Time:0.0037360191345214844 || Total time:11.069284915924072
Iteration: 46 || Clusters count: 4 || Log posterior: -754.2071168750956 || Vi score: no gt || NMI score: no gt || Iter Time:0.004040956497192383 || Total time:11.073325872421265
Iteration: 47 || Clusters count: 4 || Log posterior: -754.2071168750956 || Vi score: no gt || NMI score: no gt || Iter Time:0.003982067108154297 || Total time:11.077307939529419
Iteration: 48 || Clusters count: 4 || Log posterior: -754.2071168750956 || Vi score: no gt || NMI score: no gt || Iter Time:0.0037169456481933594 || Total time:11.081024885177612
Iteration: 49 || Clusters count: 4 || Log posterior: -754.2071168750956 || Vi score: no gt || NMI score: no gt || Iter Time:0.003927946090698242 || Total time:11.08495283126831
Iteration: 50 || Clusters count: 4 || Log posterior: -754.2071168750956 || Vi score: no gt || NMI score: no gt || Iter Time:0.0028738975524902344 || Total time:11.0878267288208
Iteration: 51 || Clusters count: 4 || Log posterior: -754.2071168750956 || Vi score: no gt || NMI score: no gt || Iter Time:0.0025861263275146484 || Total time:11.090412855148315
Iteration: 52 || Clusters count: 4 || Log posterior: -754.2071168750956 || Vi score: no gt || NMI score: no gt || Iter Time:0.0036411285400390625 || Total time:11.094053983688354
Iteration: 53 || Clusters count: 4 || Log posterior: -754.2071168750956 || Vi score: no gt || NMI score: no gt || Iter Time:0.003972053527832031 || Total time:11.098026037216187
Iteration: 54 || Clusters count: 4 || Log posterior: -754.2071168750956 || Vi score: no gt || NMI score: no gt || Iter Time:0.003255128860473633 || Total time:11.10128116607666
Iteration: 55 || Clusters count: 4 || Log posterior: -754.2071168750956 || Vi score: no gt || NMI score: no gt || Iter Time:0.0035648345947265625 || Total time:11.104846000671387
Iteration: 56 || Clusters count: 4 || Log posterior: -754.2071168750956 || Vi score: no gt || NMI score: no gt || Iter Time:0.004197835922241211 || Total time:11.109043836593628
Iteration: 57 || Clusters count: 4 || Log posterior: -754.2071168750956 || Vi score: no gt || NMI score: no gt || Iter Time:0.004456043243408203 || Total time:11.113499879837036
Iteration: 58 || Clusters count: 4 || Log posterior: -754.2071168750956 || Vi score: no gt || NMI score: no gt || Iter Time:0.003968000411987305 || Total time:11.117467880249023
Iteration: 59 || Clusters count: 4 || Log posterior: -754.2071168750956 || Vi score: no gt || NMI score: no gt || Iter Time:0.0037200450897216797 || Total time:11.121187925338745
Iteration: 60 || Clusters count: 4 || Log posterior: -754.2071168750956 || Vi score: no gt || NMI score: no gt || Iter Time:0.003889799118041992 || Total time:11.125077724456787
Iteration: 61 || Clusters count: 4 || Log posterior: -754.2071168750956 || Vi score: no gt || NMI score: no gt || Iter Time:0.003626108169555664 || Total time:11.128703832626343
Iteration: 62 || Clusters count: 4 || Log posterior: -754.2071168750956 || Vi score: no gt || NMI score: no gt || Iter Time:0.004006147384643555 || Total time:11.132709980010986
Iteration: 63 || Clusters count: 4 || Log posterior: -754.2071168750956 || Vi score: no gt || NMI score: no gt || Iter Time:0.0037589073181152344 || Total time:11.136468887329102
Iteration: 64 || Clusters count: 4 || Log posterior: -754.2071168750956 || Vi score: no gt || NMI score: no gt || Iter Time:0.003782033920288086 || Total time:11.14025092124939
Iteration: 65 || Clusters count: 4 || Log posterior: -754.2071168750956 || Vi score: no gt || NMI score: no gt || Iter Time:0.0036220550537109375 || Total time:11.1438729763031
Iteration: 66 || Clusters count: 4 || Log posterior: -754.2071168750956 || Vi score: no gt || NMI score: no gt || Iter Time:0.003554821014404297 || Total time:11.147427797317505
Iteration: 67 || Clusters count: 4 || Log posterior: -754.2071168750956 || Vi score: no gt || NMI score: no gt || Iter Time:0.003754854202270508 || Total time:11.151182651519775
Iteration: 68 || Clusters count: 4 || Log posterior: -754.2071168750956 || Vi score: no gt || NMI score: no gt || Iter Time:0.00374603271484375 || Total time:11.15492868423462
Iteration: 69 || Clusters count: 4 || Log posterior: -754.2071168750956 || Vi score: no gt || NMI score: no gt || Iter Time:0.0037789344787597656 || Total time:11.158707618713379
Iteration: 70 || Clusters count: 4 || Log posterior: -754.2071168750956 || Vi score: no gt || NMI score: no gt || Iter Time:0.003936052322387695 || Total time:11.162643671035767
Iteration: 71 || Clusters count: 4 || Log posterior: -754.2071168750956 || Vi score: no gt || NMI score: no gt || Iter Time:0.0038559436798095703 || Total time:11.166499614715576
Iteration: 72 || Clusters count: 4 || Log posterior: -754.2071168750956 || Vi score: no gt || NMI score: no gt || Iter Time:0.004007101058959961 || Total time:11.170506715774536
Iteration: 73 || Clusters count: 4 || Log posterior: -754.2071168750956 || Vi score: no gt || NMI score: no gt || Iter Time:0.0035810470581054688 || Total time:11.174087762832642
Iteration: 74 || Clusters count: 4 || Log posterior: -754.2071168750956 || Vi score: no gt || NMI score: no gt || Iter Time:0.0034630298614501953 || Total time:11.177550792694092
Iteration: 75 || Clusters count: 4 || Log posterior: -754.2071168750956 || Vi score: no gt || NMI score: no gt || Iter Time:0.0037899017333984375 || Total time:11.18134069442749
Iteration: 76 || Clusters count: 4 || Log posterior: -754.2071168750956 || Vi score: no gt || NMI score: no gt || Iter Time:0.004071950912475586 || Total time:11.185412645339966
Iteration: 77 || Clusters count: 4 || Log posterior: -754.2071168750956 || Vi score: no gt || NMI score: no gt || Iter Time:0.0035860538482666016 || Total time:11.188998699188232
Iteration: 78 || Clusters count: 4 || Log posterior: -754.2071168750956 || Vi score: no gt || NMI score: no gt || Iter Time:0.0036640167236328125 || Total time:11.192662715911865
Iteration: 79 || Clusters count: 4 || Log posterior: -754.2071168750956 || Vi score: no gt || NMI score: no gt || Iter Time:0.0037648677825927734 || Total time:11.196427583694458
Iteration: 80 || Clusters count: 4 || Log posterior: -754.2071168750956 || Vi score: no gt || NMI score: no gt || Iter Time:0.004292011260986328 || Total time:11.200719594955444
Iteration: 81 || Clusters count: 4 || Log posterior: -754.2071168750956 || Vi score: no gt || NMI score: no gt || Iter Time:0.0041429996490478516 || Total time:11.204862594604492
Iteration: 82 || Clusters count: 4 || Log posterior: -754.2071168750956 || Vi score: no gt || NMI score: no gt || Iter Time:0.003926992416381836 || Total time:11.208789587020874
Iteration: 83 || Clusters count: 4 || Log posterior: -754.2071168750956 || Vi score: no gt || NMI score: no gt || Iter Time:0.0036170482635498047 || Total time:11.212406635284424
Iteration: 84 || Clusters count: 4 || Log posterior: -754.2071168750956 || Vi score: no gt || NMI score: no gt || Iter Time:0.003556966781616211 || Total time:11.21596360206604
Iteration: 85 || Clusters count: 4 || Log posterior: -754.2071168750956 || Vi score: no gt || NMI score: no gt || Iter Time:0.0035109519958496094 || Total time:11.21947455406189
Iteration: 86 || Clusters count: 4 || Log posterior: -754.2071168750956 || Vi score: no gt || NMI score: no gt || Iter Time:0.003698110580444336 || Total time:11.223172664642334
Iteration: 87 || Clusters count: 4 || Log posterior: -754.2071168750956 || Vi score: no gt || NMI score: no gt || Iter Time:0.004300117492675781 || Total time:11.22747278213501
Iteration: 88 || Clusters count: 4 || Log posterior: -754.2071168750956 || Vi score: no gt || NMI score: no gt || Iter Time:0.004132986068725586 || Total time:11.231605768203735
Iteration: 89 || Clusters count: 4 || Log posterior: -754.2071168750956 || Vi score: no gt || NMI score: no gt || Iter Time:0.00415802001953125 || Total time:11.235763788223267
Iteration: 90 || Clusters count: 4 || Log posterior: -754.2071168750956 || Vi score: no gt || NMI score: no gt || Iter Time:0.0034809112548828125 || Total time:11.23924469947815
Iteration: 91 || Clusters count: 4 || Log posterior: -754.2071168750956 || Vi score: no gt || NMI score: no gt || Iter Time:0.003657102584838867 || Total time:11.242901802062988
Iteration: 92 || Clusters count: 4 || Log posterior: -754.2071168750956 || Vi score: no gt || NMI score: no gt || Iter Time:0.003879070281982422 || Total time:11.24678087234497
Iteration: 93 || Clusters count: 4 || Log posterior: -754.2071168750956 || Vi score: no gt || NMI score: no gt || Iter Time:0.004238128662109375 || Total time:11.25101900100708
Iteration: 94 || Clusters count: 4 || Log posterior: -754.2071168750956 || Vi score: no gt || NMI score: no gt || Iter Time:0.003980875015258789 || Total time:11.254999876022339
Iteration: 95 || Clusters count: 4 || Log posterior: -754.2071168750956 || Vi score: no gt || NMI score: no gt || Iter Time:0.003885030746459961 || Total time:11.258884906768799
Iteration: 96 || Clusters count: 4 || Log posterior: -754.2071168750956 || Vi score: no gt || NMI score: no gt || Iter Time:0.0037140846252441406 || Total time:11.262598991394043
Iteration: 97 || Clusters count: 4 || Log posterior: -754.2071168750956 || Vi score: no gt || NMI score: no gt || Iter Time:0.0036590099334716797 || Total time:11.266258001327515
Iteration: 98 || Clusters count: 4 || Log posterior: -754.2071168750956 || Vi score: no gt || NMI score: no gt || Iter Time:0.004188060760498047 || Total time:11.270446062088013
Iteration: 99 || Clusters count: 4 || Log posterior: -754.2071168750956 || Vi score: no gt || NMI score: no gt || Iter Time:0.004149913787841797 || Total time:11.274595975875854
Iteration: 100 || Clusters count: 4 || Log posterior: -754.2071168750956 || Vi score: no gt || NMI score: no gt || Iter Time:0.0038449764251708984 || Total time:11.278440952301025
Iteration: 101 || Clusters count: 4 || Log posterior: -754.2071168750956 || Vi score: no gt || NMI score: no gt || Iter Time:0.0036780834197998047 || Total time:11.282119035720825
Iteration: 102 || Clusters count: 4 || Log posterior: -754.2071168750956 || Vi score: no gt || NMI score: no gt || Iter Time:0.003511190414428711 || Total time:11.285630226135254
Iteration: 103 || Clusters count: 4 || Log posterior: -754.2071168750956 || Vi score: no gt || NMI score: no gt || Iter Time:0.03316807746887207 || Total time:11.318798303604126
Iteration: 104 || Clusters count: 4 || Log posterior: -754.2071168750956 || Vi score: no gt || NMI score: no gt || Iter Time:0.0035622119903564453 || Total time:11.322360515594482
Iteration: 105 || Clusters count: 4 || Log posterior: -754.2071168750956 || Vi score: no gt || NMI score: no gt || Iter Time:0.003698110580444336 || Total time:11.326058626174927
Iteration: 106 || Clusters count: 4 || Log posterior: -754.2071168750956 || Vi score: no gt || NMI score: no gt || Iter Time:0.0035469532012939453 || Total time:11.32960557937622
Iteration: 107 || Clusters count: 4 || Log posterior: -754.2071168750956 || Vi score: no gt || NMI score: no gt || Iter Time:0.0035469532012939453 || Total time:11.333152532577515
Iteration: 108 || Clusters count: 4 || Log posterior: -754.2071168750956 || Vi score: no gt || NMI score: no gt || Iter Time:0.0033979415893554688 || Total time:11.33655047416687
Iteration: 109 || Clusters count: 4 || Log posterior: -754.2071168750956 || Vi score: no gt || NMI score: no gt || Iter Time:0.003587007522583008 || Total time:11.340137481689453
Iteration: 110 || Clusters count: 4 || Log posterior: -754.2071168750956 || Vi score: no gt || NMI score: no gt || Iter Time:0.003409862518310547 || Total time:11.343547344207764
Iteration: 111 || Clusters count: 4 || Log posterior: -754.2071168750956 || Vi score: no gt || NMI score: no gt || Iter Time:0.0035409927368164062 || Total time:11.34708833694458
Iteration: 112 || Clusters count: 4 || Log posterior: -754.2071168750956 || Vi score: no gt || NMI score: no gt || Iter Time:0.0032880306243896484 || Total time:11.35037636756897
Iteration: 113 || Clusters count: 4 || Log posterior: -754.2071168750956 || Vi score: no gt || NMI score: no gt || Iter Time:0.0036270618438720703 || Total time:11.354003429412842
Iteration: 114 || Clusters count: 4 || Log posterior: -754.2071168750956 || Vi score: no gt || NMI score: no gt || Iter Time:0.0036377906799316406 || Total time:11.357641220092773
Iteration: 115 || Clusters count: 4 || Log posterior: -754.2071168750956 || Vi score: no gt || NMI score: no gt || Iter Time:0.008342981338500977 || Total time:11.365984201431274
Iteration: 116 || Clusters count: 4 || Log posterior: -754.2071168750956 || Vi score: no gt || NMI score: no gt || Iter Time:0.003916025161743164 || Total time:11.369900226593018
Iteration: 117 || Clusters count: 4 || Log posterior: -754.2071168750956 || Vi score: no gt || NMI score: no gt || Iter Time:0.0038640499114990234 || Total time:11.373764276504517
Iteration: 118 || Clusters count: 4 || Log posterior: -754.2071168750956 || Vi score: no gt || NMI score: no gt || Iter Time:0.003673076629638672 || Total time:11.377437353134155
Iteration: 119 || Clusters count: 4 || Log posterior: -754.2071168750956 || Vi score: no gt || NMI score: no gt || Iter Time:0.0034439563751220703 || Total time:11.380881309509277
Iteration: 120 || Clusters count: 4 || Log posterior: -754.2071168750956 || Vi score: no gt || NMI score: no gt || Iter Time:0.0036089420318603516 || Total time:11.384490251541138
Iteration: 121 || Clusters count: 4 || Log posterior: -754.2071168750956 || Vi score: no gt || NMI score: no gt || Iter Time:0.0033369064331054688 || Total time:11.387827157974243
Iteration: 122 || Clusters count: 4 || Log posterior: -754.2071168750956 || Vi score: no gt || NMI score: no gt || Iter Time:0.003368854522705078 || Total time:11.391196012496948
Iteration: 123 || Clusters count: 4 || Log posterior: -754.2071168750956 || Vi score: no gt || NMI score: no gt || Iter Time:0.003258943557739258 || Total time:11.394454956054688
Iteration: 124 || Clusters count: 4 || Log posterior: -754.2071168750956 || Vi score: no gt || NMI score: no gt || Iter Time:0.0033349990844726562 || Total time:11.39778995513916
Iteration: 125 || Clusters count: 4 || Log posterior: -754.2071168750956 || Vi score: no gt || NMI score: no gt || Iter Time:0.003226041793823242 || Total time:11.401015996932983
Iteration: 126 || Clusters count: 4 || Log posterior: -754.2071168750956 || Vi score: no gt || NMI score: no gt || Iter Time:0.003325939178466797 || Total time:11.40434193611145
Iteration: 127 || Clusters count: 4 || Log posterior: -754.2071168750956 || Vi score: no gt || NMI score: no gt || Iter Time:0.0033540725708007812 || Total time:11.407696008682251
Iteration: 128 || Clusters count: 4 || Log posterior: -754.2071168750956 || Vi score: no gt || NMI score: no gt || Iter Time:0.0034749507904052734 || Total time:11.411170959472656
Iteration: 129 || Clusters count: 4 || Log posterior: -754.2071168750956 || Vi score: no gt || NMI score: no gt || Iter Time:0.0036759376525878906 || Total time:11.414846897125244
Iteration: 130 || Clusters count: 4 || Log posterior: -754.2071168750956 || Vi score: no gt || NMI score: no gt || Iter Time:0.003376007080078125 || Total time:11.418222904205322
Iteration: 131 || Clusters count: 4 || Log posterior: -754.2071168750956 || Vi score: no gt || NMI score: no gt || Iter Time:0.003551006317138672 || Total time:11.421773910522461
Iteration: 132 || Clusters count: 4 || Log posterior: -754.2071168750956 || Vi score: no gt || NMI score: no gt || Iter Time:0.003468036651611328 || Total time:11.425241947174072
Iteration: 133 || Clusters count: 4 || Log posterior: -754.2071168750956 || Vi score: no gt || NMI score: no gt || Iter Time:0.0033309459686279297 || Total time:11.4285728931427
Iteration: 134 || Clusters count: 4 || Log posterior: -754.2071168750956 || Vi score: no gt || NMI score: no gt || Iter Time:0.0030798912048339844 || Total time:11.431652784347534
Iteration: 135 || Clusters count: 4 || Log posterior: -754.2071168750956 || Vi score: no gt || NMI score: no gt || Iter Time:0.0030410289764404297 || Total time:11.434693813323975
Iteration: 136 || Clusters count: 4 || Log posterior: -754.2071168750956 || Vi score: no gt || NMI score: no gt || Iter Time:0.004266977310180664 || Total time:11.438960790634155
Iteration: 137 || Clusters count: 4 || Log posterior: -754.2071168750956 || Vi score: no gt || NMI score: no gt || Iter Time:0.0034308433532714844 || Total time:11.442391633987427
Iteration: 138 || Clusters count: 4 || Log posterior: -754.2071168750956 || Vi score: no gt || NMI score: no gt || Iter Time:0.019951820373535156 || Total time:11.462343454360962
Iteration: 139 || Clusters count: 4 || Log posterior: -754.2071168750956 || Vi score: no gt || NMI score: no gt || Iter Time:0.0036690235137939453 || Total time:11.466012477874756
Iteration: 140 || Clusters count: 4 || Log posterior: -754.2071168750956 || Vi score: no gt || NMI score: no gt || Iter Time:0.0034568309783935547 || Total time:11.46946930885315
Iteration: 141 || Clusters count: 4 || Log posterior: -754.2071168750956 || Vi score: no gt || NMI score: no gt || Iter Time:0.0033860206604003906 || Total time:11.47285532951355
Iteration: 142 || Clusters count: 4 || Log posterior: -754.2071168750956 || Vi score: no gt || NMI score: no gt || Iter Time:0.003373861312866211 || Total time:11.476229190826416
Iteration: 143 || Clusters count: 4 || Log posterior: -754.2071168750956 || Vi score: no gt || NMI score: no gt || Iter Time:0.003477811813354492 || Total time:11.47970700263977
Iteration: 144 || Clusters count: 4 || Log posterior: -754.2071168750956 || Vi score: no gt || NMI score: no gt || Iter Time:0.0033349990844726562 || Total time:11.483042001724243
Iteration: 145 || Clusters count: 4 || Log posterior: -754.2071168750956 || Vi score: no gt || NMI score: no gt || Iter Time:0.0030698776245117188 || Total time:11.486111879348755
Iteration: 146 || Clusters count: 4 || Log posterior: -754.2071168750956 || Vi score: no gt || NMI score: no gt || Iter Time:0.0032808780670166016 || Total time:11.489392757415771
Iteration: 147 || Clusters count: 4 || Log posterior: -754.2071168750956 || Vi score: no gt || NMI score: no gt || Iter Time:0.019736051559448242 || Total time:11.50912880897522
Iteration: 148 || Clusters count: 4 || Log posterior: -754.2071168750956 || Vi score: no gt || NMI score: no gt || Iter Time:0.0032079219818115234 || Total time:11.512336730957031
Iteration: 149 || Clusters count: 4 || Log posterior: -754.2071168750956 || Vi score: no gt || NMI score: no gt || Iter Time:0.0032231807708740234 || Total time:11.515559911727905
Iteration: 150 || Clusters count: 4 || Log posterior: -754.2071168750956 || Vi score: no gt || NMI score: no gt || Iter Time:0.0033299922943115234 || Total time:11.518889904022217
Iteration: 151 || Clusters count: 4 || Log posterior: -754.2071168750956 || Vi score: no gt || NMI score: no gt || Iter Time:0.019927024841308594 || Total time:11.538816928863525
Iteration: 152 || Clusters count: 4 || Log posterior: -754.2071168750956 || Vi score: no gt || NMI score: no gt || Iter Time:0.003837108612060547 || Total time:11.542654037475586
Iteration: 153 || Clusters count: 4 || Log posterior: -754.2071168750956 || Vi score: no gt || NMI score: no gt || Iter Time:0.0031888484954833984 || Total time:11.54584288597107
Iteration: 154 || Clusters count: 4 || Log posterior: -754.2071168750956 || Vi score: no gt || NMI score: no gt || Iter Time:0.003059864044189453 || Total time:11.548902750015259
Iteration: 155 || Clusters count: 4 || Log posterior: -754.2071168750956 || Vi score: no gt || NMI score: no gt || Iter Time:0.0031049251556396484 || Total time:11.552007675170898
Iteration: 156 || Clusters count: 4 || Log posterior: -754.2071168750956 || Vi score: no gt || NMI score: no gt || Iter Time:0.019587039947509766 || Total time:11.571594715118408
Iteration: 157 || Clusters count: 4 || Log posterior: -754.2071168750956 || Vi score: no gt || NMI score: no gt || Iter Time:0.0034940242767333984 || Total time:11.575088739395142
Iteration: 158 || Clusters count: 4 || Log posterior: -754.2071168750956 || Vi score: no gt || NMI score: no gt || Iter Time:0.003473997116088867 || Total time:11.57856273651123
Iteration: 159 || Clusters count: 4 || Log posterior: -754.2071168750956 || Vi score: no gt || NMI score: no gt || Iter Time:0.0033140182495117188 || Total time:11.581876754760742
Iteration: 160 || Clusters count: 4 || Log posterior: -754.2071168750956 || Vi score: no gt || NMI score: no gt || Iter Time:0.011934041976928711 || Total time:11.593810796737671
Iteration: 161 || Clusters count: 4 || Log posterior: -754.2071168750956 || Vi score: no gt || NMI score: no gt || Iter Time:0.0037860870361328125 || Total time:11.597596883773804
Iteration: 162 || Clusters count: 4 || Log posterior: -754.2071168750956 || Vi score: no gt || NMI score: no gt || Iter Time:0.0033600330352783203 || Total time:11.600956916809082
Iteration: 163 || Clusters count: 4 || Log posterior: -754.2071168750956 || Vi score: no gt || NMI score: no gt || Iter Time:0.0034339427947998047 || Total time:11.604390859603882
Iteration: 164 || Clusters count: 4 || Log posterior: -754.2071168750956 || Vi score: no gt || NMI score: no gt || Iter Time:0.003531932830810547 || Total time:11.607922792434692
Iteration: 165 || Clusters count: 4 || Log posterior: -754.2071168750956 || Vi score: no gt || NMI score: no gt || Iter Time:0.003504037857055664 || Total time:11.611426830291748
Iteration: 166 || Clusters count: 4 || Log posterior: -754.2071168750956 || Vi score: no gt || NMI score: no gt || Iter Time:0.003361940383911133 || Total time:11.61478877067566
Iteration: 167 || Clusters count: 4 || Log posterior: -754.2071168750956 || Vi score: no gt || NMI score: no gt || Iter Time:0.0032339096069335938 || Total time:11.618022680282593
Iteration: 168 || Clusters count: 4 || Log posterior: -754.2071168750956 || Vi score: no gt || NMI score: no gt || Iter Time:0.0036079883575439453 || Total time:11.621630668640137
Iteration: 169 || Clusters count: 4 || Log posterior: -754.2071168750956 || Vi score: no gt || NMI score: no gt || Iter Time:0.0035860538482666016 || Total time:11.625216722488403
Iteration: 170 || Clusters count: 4 || Log posterior: -754.2071168750956 || Vi score: no gt || NMI score: no gt || Iter Time:0.0032689571380615234 || Total time:11.628485679626465
Iteration: 171 || Clusters count: 4 || Log posterior: -754.2071168750956 || Vi score: no gt || NMI score: no gt || Iter Time:0.0033380985260009766 || Total time:11.631823778152466
Iteration: 172 || Clusters count: 4 || Log posterior: -754.2071168750956 || Vi score: no gt || NMI score: no gt || Iter Time:0.003604888916015625 || Total time:11.635428667068481
Iteration: 173 || Clusters count: 4 || Log posterior: -754.2071168750956 || Vi score: no gt || NMI score: no gt || Iter Time:0.03418111801147461 || Total time:11.669609785079956
Iteration: 174 || Clusters count: 4 || Log posterior: -754.2071168750956 || Vi score: no gt || NMI score: no gt || Iter Time:0.0034379959106445312 || Total time:11.6730477809906
Iteration: 175 || Clusters count: 4 || Log posterior: -754.2071168750956 || Vi score: no gt || NMI score: no gt || Iter Time:0.0033941268920898438 || Total time:11.67644190788269
Iteration: 176 || Clusters count: 4 || Log posterior: -754.2071168750956 || Vi score: no gt || NMI score: no gt || Iter Time:0.0034780502319335938 || Total time:11.679919958114624
Iteration: 177 || Clusters count: 4 || Log posterior: -754.2071168750956 || Vi score: no gt || NMI score: no gt || Iter Time:0.0033020973205566406 || Total time:11.68322205543518
Iteration: 178 || Clusters count: 4 || Log posterior: -754.2071168750956 || Vi score: no gt || NMI score: no gt || Iter Time:0.003786802291870117 || Total time:11.68700885772705
Iteration: 179 || Clusters count: 4 || Log posterior: -754.2071168750956 || Vi score: no gt || NMI score: no gt || Iter Time:0.0033409595489501953 || Total time:11.690349817276001
Iteration: 180 || Clusters count: 4 || Log posterior: -754.2071168750956 || Vi score: no gt || NMI score: no gt || Iter Time:0.003549814224243164 || Total time:11.693899631500244
Iteration: 181 || Clusters count: 4 || Log posterior: -754.2071168750956 || Vi score: no gt || NMI score: no gt || Iter Time:0.0035390853881835938 || Total time:11.697438716888428
Iteration: 182 || Clusters count: 4 || Log posterior: -754.2071168750956 || Vi score: no gt || NMI score: no gt || Iter Time:0.0036971569061279297 || Total time:11.701135873794556
Iteration: 183 || Clusters count: 4 || Log posterior: -754.2071168750956 || Vi score: no gt || NMI score: no gt || Iter Time:0.003787994384765625 || Total time:11.704923868179321
Iteration: 184 || Clusters count: 4 || Log posterior: -754.2071168750956 || Vi score: no gt || NMI score: no gt || Iter Time:0.003648996353149414 || Total time:11.70857286453247
Iteration: 185 || Clusters count: 4 || Log posterior: -754.2071168750956 || Vi score: no gt || NMI score: no gt || Iter Time:0.0033991336822509766 || Total time:11.711971998214722
Iteration: 186 || Clusters count: 4 || Log posterior: -754.2071168750956 || Vi score: no gt || NMI score: no gt || Iter Time:0.003341197967529297 || Total time:11.715313196182251
Iteration: 187 || Clusters count: 4 || Log posterior: -754.2071168750956 || Vi score: no gt || NMI score: no gt || Iter Time:0.003267049789428711 || Total time:11.71858024597168
Iteration: 188 || Clusters count: 4 || Log posterior: -754.2071168750956 || Vi score: no gt || NMI score: no gt || Iter Time:0.0033218860626220703 || Total time:11.721902132034302
Iteration: 189 || Clusters count: 4 || Log posterior: -754.2071168750956 || Vi score: no gt || NMI score: no gt || Iter Time:0.003340005874633789 || Total time:11.725242137908936
Iteration: 190 || Clusters count: 4 || Log posterior: -754.2071168750956 || Vi score: no gt || NMI score: no gt || Iter Time:0.0037419795989990234 || Total time:11.728984117507935
Iteration: 191 || Clusters count: 4 || Log posterior: -754.2071168750956 || Vi score: no gt || NMI score: no gt || Iter Time:0.0035009384155273438 || Total time:11.732485055923462
Iteration: 192 || Clusters count: 4 || Log posterior: -754.2071168750956 || Vi score: no gt || NMI score: no gt || Iter Time:0.003445863723754883 || Total time:11.735930919647217
Iteration: 193 || Clusters count: 4 || Log posterior: -754.2071168750956 || Vi score: no gt || NMI score: no gt || Iter Time:0.003699064254760742 || Total time:11.739629983901978
Iteration: 194 || Clusters count: 4 || Log posterior: -754.2071168750956 || Vi score: no gt || NMI score: no gt || Iter Time:0.00323486328125 || Total time:11.742864847183228
Iteration: 195 || Clusters count: 4 || Log posterior: -754.2071168750956 || Vi score: no gt || NMI score: no gt || Iter Time:0.0032999515533447266 || Total time:11.746164798736572
Iteration: 196 || Clusters count: 4 || Log posterior: -754.2071168750956 || Vi score: no gt || NMI score: no gt || Iter Time:0.003278017044067383 || Total time:11.74944281578064
Iteration: 197 || Clusters count: 4 || Log posterior: -754.2071168750956 || Vi score: no gt || NMI score: no gt || Iter Time:0.003492116928100586 || Total time:11.75293493270874
Iteration: 198 || Clusters count: 4 || Log posterior: -754.2071168750956 || Vi score: no gt || NMI score: no gt || Iter Time:0.0035791397094726562 || Total time:11.756514072418213
Iteration: 199 || Clusters count: 4 || Log posterior: -754.2071168750956 || Vi score: no gt || NMI score: no gt || Iter Time:0.0036029815673828125 || Total time:11.760117053985596
Iteration: 200 || Clusters count: 4 || Log posterior: -754.2071168750956 || Vi score: no gt || NMI score: no gt || Iter Time:1.301076889038086 || Total time:13.061193943023682
Float32[0.2316417, 0.24013688, 0.18123835, 0.24785288]
Test Summary:                 | Pass  Total
Testing Module (Determinstic) |   10     10
[3798, 7510, 25856, 10044, 13467, 3032, 14417, 11925, 8916, 1035]
Loading and distributing data:
  0.002695 seconds (133 allocations: 1.151 MiB)
Node Leaders:
Dict{Any,Any}(1 => Any[1])
Iteration: 1 || Clusters count: 1 || Log posterior: -7445.937491691671 || Vi score: 2.0708648708156385 || NMI score: -4.288925039084297e-16 || Iter Time:0.46507692337036133 || Total time:0.46507692337036133
Iteration: 2 || Clusters count: 1 || Log posterior: -7445.937491691671 || Vi score: 2.0708648708156385 || NMI score: -4.288925039084297e-16 || Iter Time:0.33452415466308594 || Total time:0.7996010780334473
Iteration: 3 || Clusters count: 1 || Log posterior: -7445.937491691671 || Vi score: 2.0708648708156385 || NMI score: -4.288925039084297e-16 || Iter Time:0.19159197807312012 || Total time:0.9911930561065674
Iteration: 4 || Clusters count: 1 || Log posterior: -7445.937491691671 || Vi score: 2.0708648708156385 || NMI score: -4.288925039084297e-16 || Iter Time:0.3092660903930664 || Total time:1.3004591464996338
Iteration: 5 || Clusters count: 1 || Log posterior: -7445.937491691671 || Vi score: 2.0708648708156385 || NMI score: -4.288925039084297e-16 || Iter Time:0.36965298652648926 || Total time:1.670112133026123
Iteration: 6 || Clusters count: 1 || Log posterior: -7445.937491691671 || Vi score: 2.0708648708156385 || NMI score: -4.288925039084297e-16 || Iter Time:0.585867166519165 || Total time:2.255979299545288
Iteration: 7 || Clusters count: 1 || Log posterior: -7445.937491691671 || Vi score: 2.0708648708156385 || NMI score: -4.288925039084297e-16 || Iter Time:0.32287096977233887 || Total time:2.578850269317627
Iteration: 8 || Clusters count: 1 || Log posterior: -7445.937491691671 || Vi score: 2.0708648708156385 || NMI score: -4.288925039084297e-16 || Iter Time:0.36827611923217773 || Total time:2.9471263885498047
Iteration: 9 || Clusters count: 1 || Log posterior: -7445.937491691671 || Vi score: 2.0708648708156385 || NMI score: -4.288925039084297e-16 || Iter Time:0.45497894287109375 || Total time:3.4021053314208984
Iteration: 10 || Clusters count: 1 || Log posterior: -7445.937491691671 || Vi score: 2.0708648708156385 || NMI score: -4.288925039084297e-16 || Iter Time:0.2695939540863037 || Total time:3.671699285507202
Iteration: 11 || Clusters count: 1 || Log posterior: -7445.937491691671 || Vi score: 2.0708648708156385 || NMI score: -4.288925039084297e-16 || Iter Time:0.27770280838012695 || Total time:3.949402093887329
Iteration: 12 || Clusters count: 1 || Log posterior: -7445.937491691671 || Vi score: 2.0708648708156385 || NMI score: -4.288925039084297e-16 || Iter Time:0.3713059425354004 || Total time:4.3207080364227295
Iteration: 13 || Clusters count: 1 || Log posterior: -7445.937491691671 || Vi score: 2.0708648708156385 || NMI score: -4.288925039084297e-16 || Iter Time:0.48746705055236816 || Total time:4.808175086975098
Iteration: 14 || Clusters count: 2 || Log posterior: 64511.0710955495 || Vi score: 1.6949263658285303 || NMI score: 0.38383857014044875 || Iter Time:0.4143948554992676 || Total time:5.222569942474365
Iteration: 15 || Clusters count: 2 || Log posterior: 79069.89069899259 || Vi score: 1.577584953710743 || NMI score: 0.42388797960445 || Iter Time:0.3112328052520752 || Total time:5.53380274772644
Iteration: 16 || Clusters count: 2 || Log posterior: 94250.28984888736 || Vi score: 1.4745729472667002 || NMI score: 0.4599817339075402 || Iter Time:0.4492199420928955 || Total time:5.983022689819336
Iteration: 17 || Clusters count: 2 || Log posterior: 96028.54381998716 || Vi score: 1.456021765687406 || NMI score: 0.46652863968993513 || Iter Time:0.5398969650268555 || Total time:6.522919654846191
Iteration: 18 || Clusters count: 2 || Log posterior: 96198.79517468158 || Vi score: 1.4512430677929433 || NMI score: 0.46819566769192156 || Iter Time:0.5976510047912598 || Total time:7.120570659637451
Iteration: 19 || Clusters count: 2 || Log posterior: 96216.63875445072 || Vi score: 1.452503872957127 || NMI score: 0.46774416843192923 || Iter Time:0.5806920528411865 || Total time:7.701262712478638
Iteration: 20 || Clusters count: 2 || Log posterior: 96241.1080823773 || Vi score: 1.450315618163847 || NMI score: 0.4685102844249672 || Iter Time:0.5980620384216309 || Total time:8.299324750900269
Iteration: 21 || Clusters count: 2 || Log posterior: 96284.82684954349 || Vi score: 1.450452660301933 || NMI score: 0.46845901023054526 || Iter Time:0.6311180591583252 || Total time:8.930442810058594
Iteration: 22 || Clusters count: 2 || Log posterior: 96230.13887318317 || Vi score: 1.4530168961696612 || NMI score: 0.46754881070824267 || Iter Time:0.6976690292358398 || Total time:9.628111839294434
Iteration: 23 || Clusters count: 2 || Log posterior: 96217.60832127271 || Vi score: 1.4518660475440097 || NMI score: 0.4679273412343381 || Iter Time:0.421954870223999 || Total time:10.050066709518433
Iteration: 24 || Clusters count: 2 || Log posterior: 96292.82657774631 || Vi score: 1.4513113346177424 || NMI score: 0.4681611841150123 || Iter Time:0.44212913513183594 || Total time:10.492195844650269
Iteration: 25 || Clusters count: 2 || Log posterior: 96266.51395901386 || Vi score: 1.4514932217771235 || NMI score: 0.4681018958918288 || Iter Time:0.6033749580383301 || Total time:11.095570802688599
Iteration: 26 || Clusters count: 2 || Log posterior: 96263.76417931257 || Vi score: 1.4515049753263654 || NMI score: 0.4680839073247916 || Iter Time:0.6590249538421631 || Total time:11.754595756530762
Iteration: 27 || Clusters count: 2 || Log posterior: 96181.13938387576 || Vi score: 1.4517880596642865 || NMI score: 0.46796752398050884 || Iter Time:0.6307268142700195 || Total time:12.385322570800781
Iteration: 28 || Clusters count: 2 || Log posterior: 96255.38938387576 || Vi score: 1.4517880596642865 || NMI score: 0.46796752398050884 || Iter Time:0.14123916625976562 || Total time:12.526561737060547
Iteration: 29 || Clusters count: 4 || Log posterior: 257786.51767953578 || Vi score: 0.797815152349633 || NMI score: 0.7643086879343179 || Iter Time:0.6258008480072021 || Total time:13.152362585067749
Iteration: 30 || Clusters count: 4 || Log posterior: 279695.1200621957 || Vi score: 0.7663305481476216 || NMI score: 0.7733147978086516 || Iter Time:0.578643798828125 || Total time:13.731006383895874
Iteration: 31 || Clusters count: 4 || Log posterior: 279716.3700693482 || Vi score: 0.7660304272392143 || NMI score: 0.7734034915004312 || Iter Time:0.5100979804992676 || Total time:14.241104364395142
Iteration: 32 || Clusters count: 4 || Log posterior: 279702.3076094026 || Vi score: 0.7663401598217358 || NMI score: 0.7733112920291468 || Iter Time:0.24327802658081055 || Total time:14.484382390975952
Iteration: 33 || Clusters count: 4 || Log posterior: 279707.5731514329 || Vi score: 0.7660812804805734 || NMI score: 0.7733890278156419 || Iter Time:0.5638480186462402 || Total time:15.048230409622192
Iteration: 34 || Clusters count: 4 || Log posterior: 279726.6825765008 || Vi score: 0.7657020371019202 || NMI score: 0.7735005474247512 || Iter Time:0.5574698448181152 || Total time:15.605700254440308
Iteration: 35 || Clusters count: 4 || Log posterior: 279759.90125497524 || Vi score: 0.7648124730290502 || NMI score: 0.7737646712803022 || Iter Time:0.5466921329498291 || Total time:16.152392387390137
Iteration: 36 || Clusters count: 4 || Log posterior: 279728.80754646 || Vi score: 0.765155016133246 || NMI score: 0.7736627701006519 || Iter Time:0.3619959354400635 || Total time:16.5143883228302
Iteration: 37 || Clusters count: 4 || Log posterior: 279704.94817002956 || Vi score: 0.7664059609734717 || NMI score: 0.7732927388278378 || Iter Time:0.7301919460296631 || Total time:17.244580268859863
Iteration: 38 || Clusters count: 4 || Log posterior: 279726.68250926683 || Vi score: 0.7653455388202174 || NMI score: 0.7736069081509658 || Iter Time:0.7632699012756348 || Total time:18.007850170135498
Iteration: 39 || Clusters count: 4 || Log posterior: 279736.08879502956 || Vi score: 0.7655963589233361 || NMI score: 0.7735322203007845 || Iter Time:0.7045168876647949 || Total time:18.712367057800293
Iteration: 40 || Clusters count: 4 || Log posterior: 279756.9637435311 || Vi score: 0.7645819502467978 || NMI score: 0.773833024363275 || Iter Time:0.3620131015777588 || Total time:19.07438015937805
Iteration: 41 || Clusters count: 4 || Log posterior: 279684.557590806 || Vi score: 0.7668584895253494 || NMI score: 0.7731582169125243 || Iter Time:0.25972700119018555 || Total time:19.334107160568237
Iteration: 42 || Clusters count: 4 || Log posterior: 279663.9481972093 || Vi score: 0.7673208986731265 || NMI score: 0.7730216836393233 || Iter Time:0.2487330436706543 || Total time:19.58284020423889
Iteration: 43 || Clusters count: 4 || Log posterior: 279703.0106743211 || Vi score: 0.7669014902399274 || NMI score: 0.7731460775072116 || Iter Time:0.41840505599975586 || Total time:20.001245260238647
Iteration: 44 || Clusters count: 6 || Log posterior: 386730.1361137266 || Vi score: 0.654040273388814 || NMI score: 0.82593861209589 || Iter Time:0.25901198387145996 || Total time:20.260257244110107
Iteration: 45 || Clusters count: 6 || Log posterior: 389657.8619767064 || Vi score: 0.6511173325726523 || NMI score: 0.8267228866339339 || Iter Time:0.4624309539794922 || Total time:20.7226881980896
Iteration: 46 || Clusters count: 6 || Log posterior: 390047.6080280179 || Vi score: 0.6492730509429502 || NMI score: 0.8271967198905463 || Iter Time:0.41275906562805176 || Total time:21.13544726371765
Iteration: 47 || Clusters count: 6 || Log posterior: 390352.8716855878 || Vi score: 0.6460584550786326 || NMI score: 0.8280260860088263 || Iter Time:0.5018429756164551 || Total time:21.637290239334106
Iteration: 48 || Clusters count: 6 || Log posterior: 390574.5502181882 || Vi score: 0.6424232596693614 || NMI score: 0.8289639054318466 || Iter Time:0.4289429187774658 || Total time:22.066233158111572
Iteration: 49 || Clusters count: 6 || Log posterior: 391032.3434215421 || Vi score: 0.6356646547268201 || NMI score: 0.8307105643530649 || Iter Time:0.39929986000061035 || Total time:22.465533018112183
Iteration: 50 || Clusters count: 6 || Log posterior: 391482.86366089527 || Vi score: 0.6279564497110739 || NMI score: 0.8327093692375342 || Iter Time:0.4068620204925537 || Total time:22.872395038604736
Iteration: 51 || Clusters count: 6 || Log posterior: 392052.5358496541 || Vi score: 0.6189843099938289 || NMI score: 0.8350316830104704 || Iter Time:0.4086308479309082 || Total time:23.281025886535645
Iteration: 52 || Clusters count: 6 || Log posterior: 393012.9892564649 || Vi score: 0.6041152371278167 || NMI score: 0.8388970065911481 || Iter Time:0.390394926071167 || Total time:23.67142081260681
Iteration: 53 || Clusters count: 6 || Log posterior: 394223.282013976 || Vi score: 0.5854697076661597 || NMI score: 0.8437623276205741 || Iter Time:0.6571869850158691 || Total time:24.32860779762268
Iteration: 54 || Clusters count: 6 || Log posterior: 396533.0028949613 || Vi score: 0.5560549336838758 || NMI score: 0.851488846930718 || Iter Time:0.5771589279174805 || Total time:24.90576672554016
Iteration: 55 || Clusters count: 6 || Log posterior: 401386.7976675861 || Vi score: 0.522120081900054 || NMI score: 0.8605092115419344 || Iter Time:0.6034319400787354 || Total time:25.509198665618896
Iteration: 56 || Clusters count: 6 || Log posterior: 406266.24925764743 || Vi score: 0.5181710651951057 || NMI score: 0.8617473854468258 || Iter Time:0.5137519836425781 || Total time:26.022950649261475
Iteration: 57 || Clusters count: 6 || Log posterior: 429389.96399649326 || Vi score: 0.5043555651821431 || NMI score: 0.8656273771832488 || Iter Time:0.42716503143310547 || Total time:26.45011568069458
Iteration: 58 || Clusters count: 6 || Log posterior: 431022.04664858524 || Vi score: 0.5040553531479124 || NMI score: 0.8657470958367185 || Iter Time:0.46152687072753906 || Total time:26.91164255142212
Iteration: 59 || Clusters count: 8 || Log posterior: 480685.49197181413 || Vi score: 0.3948678250512324 || NMI score: 0.9000815756719535 || Iter Time:0.32590198516845703 || Total time:27.237544536590576
Iteration: 60 || Clusters count: 8 || Log posterior: 484198.2386620874 || Vi score: 0.36710007558243707 || NMI score: 0.9069465092598378 || Iter Time:0.5569667816162109 || Total time:27.794511318206787
Iteration: 61 || Clusters count: 8 || Log posterior: 487142.73722752277 || Vi score: 0.3347631670349714 || NMI score: 0.9148558859658814 || Iter Time:0.6107981204986572 || Total time:28.405309438705444
Iteration: 62 || Clusters count: 8 || Log posterior: 488797.9037776822 || Vi score: 0.3135301787874784 || NMI score: 0.9200635020891624 || Iter Time:0.5471839904785156 || Total time:28.95249342918396
Iteration: 63 || Clusters count: 8 || Log posterior: 489784.9589804048 || Vi score: 0.3000635265531826 || NMI score: 0.9234119810636389 || Iter Time:0.6206409931182861 || Total time:29.573134422302246
Iteration: 64 || Clusters count: 8 || Log posterior: 490486.622043931 || Vi score: 0.2960442730040393 || NMI score: 0.9244653157691881 || Iter Time:0.6507189273834229 || Total time:30.22385334968567
Iteration: 65 || Clusters count: 8 || Log posterior: 490567.9219160909 || Vi score: 0.3013690611422951 || NMI score: 0.9232933719189417 || Iter Time:0.5518879890441895 || Total time:30.77574133872986
Iteration: 66 || Clusters count: 8 || Log posterior: 490846.4898599023 || Vi score: 0.306211388698239 || NMI score: 0.9222314352565794 || Iter Time:0.45574116706848145 || Total time:31.23148250579834
Iteration: 67 || Clusters count: 9 || Log posterior: 506472.52906151954 || Vi score: 0.23974323420751137 || NMI score: 0.9418580513319841 || Iter Time:0.627471923828125 || Total time:31.858954429626465
Iteration: 68 || Clusters count: 10 || Log posterior: 542666.299627387 || Vi score: 0.14605584651398093 || NMI score: 0.9649650659274196 || Iter Time:0.7122769355773926 || Total time:32.57123136520386
Iteration: 69 || Clusters count: 10 || Log posterior: 567017.1939941281 || Vi score: 0.09088495677659932 || NMI score: 0.978176783964113 || Iter Time:0.9655210971832275 || Total time:33.536752462387085
Iteration: 70 || Clusters count: 10 || Log posterior: 571462.8333648079 || Vi score: 0.05836939259285075 || NMI score: 0.9859680283600567 || Iter Time:0.6159069538116455 || Total time:34.15265941619873
Iteration: 71 || Clusters count: 10 || Log posterior: 576180.5703538293 || Vi score: 0.03804609898835345 || NMI score: 0.9908423247461431 || Iter Time:0.5226519107818604 || Total time:34.67531132698059
Iteration: 72 || Clusters count: 10 || Log posterior: 576895.2186423177 || Vi score: 0.029867227028434362 || NMI score: 0.9928050777108274 || Iter Time:0.5314071178436279 || Total time:35.20671844482422
Iteration: 73 || Clusters count: 10 || Log posterior: 577573.8542042607 || Vi score: 0.020544402085205946 || NMI score: 0.9950465799741053 || Iter Time:0.5706720352172852 || Total time:35.777390480041504
Iteration: 74 || Clusters count: 11 || Log posterior: 579343.0767395132 || Vi score: 0.007533472840358715 || NMI score: 0.9981843303066636 || Iter Time:0.4519810676574707 || Total time:36.229371547698975
Iteration: 75 || Clusters count: 11 || Log posterior: 579404.5764753455 || Vi score: 0.006318305552821224 || NMI score: 0.9984768002971643 || Iter Time:0.5098679065704346 || Total time:36.73923945426941
Iteration: 76 || Clusters count: 11 || Log posterior: 579501.6153227919 || Vi score: 0.005051946682665099 || NMI score: 0.9987817186767026 || Iter Time:0.3907430171966553 || Total time:37.129982471466064
Iteration: 77 || Clusters count: 11 || Log posterior: 579601.6282109851 || Vi score: 0.00387596057099282 || NMI score: 0.9990650436029332 || Iter Time:0.6035351753234863 || Total time:37.73351764678955
Iteration: 78 || Clusters count: 11 || Log posterior: 579685.6017107599 || Vi score: 0.0029038018389576465 || NMI score: 0.9992993827298602 || Iter Time:0.7141180038452148 || Total time:38.447635650634766
Iteration: 79 || Clusters count: 11 || Log posterior: 579808.2516400451 || Vi score: 0.001900880883068661 || NMI score: 0.9995412523324979 || Iter Time:0.7380859851837158 || Total time:39.18572163581848
Iteration: 80 || Clusters count: 11 || Log posterior: 579885.2500666017 || Vi score: 0.0008925941681214056 || NMI score: 0.9997845340231944 || Iter Time:0.8555901050567627 || Total time:40.041311740875244
Iteration: 81 || Clusters count: 11 || Log posterior: 579931.3642955058 || Vi score: 0.000522161400561591 || NMI score: 0.9998739409798193 || Iter Time:0.48183393478393555 || Total time:40.52314567565918
Iteration: 82 || Clusters count: 11 || Log posterior: 579963.0218898887 || Vi score: 0.0001846142079316812 || NMI score: 0.9999554278065477 || Iter Time:0.7073521614074707 || Total time:41.23049783706665
Iteration: 83 || Clusters count: 10 || Log posterior: 579945.2269900674 || Vi score: -0.0 || NMI score: 1.0 || Iter Time:0.7922108173370361 || Total time:42.02270865440369
Iteration: 84 || Clusters count: 10 || Log posterior: 579945.2269900674 || Vi score: -0.0 || NMI score: 1.0 || Iter Time:0.6051340103149414 || Total time:42.62784266471863
Iteration: 85 || Clusters count: 10 || Log posterior: 579945.2269900674 || Vi score: -0.0 || NMI score: 1.0 || Iter Time:0.6354351043701172 || Total time:43.263277769088745
Iteration: 86 || Clusters count: 10 || Log posterior: 579945.2269900674 || Vi score: -0.0 || NMI score: 1.0 || Iter Time:0.5790979862213135 || Total time:43.84237575531006
Iteration: 87 || Clusters count: 10 || Log posterior: 579945.2269900674 || Vi score: -0.0 || NMI score: 1.0 || Iter Time:0.7079570293426514 || Total time:44.55033278465271
Iteration: 88 || Clusters count: 10 || Log posterior: 579945.2269900674 || Vi score: -0.0 || NMI score: 1.0 || Iter Time:1.0212030410766602 || Total time:45.57153582572937
Iteration: 89 || Clusters count: 10 || Log posterior: 579945.2269900674 || Vi score: -0.0 || NMI score: 1.0 || Iter Time:0.38213515281677246 || Total time:45.95367097854614
Iteration: 90 || Clusters count: 10 || Log posterior: 579945.2269900674 || Vi score: -0.0 || NMI score: 1.0 || Iter Time:0.5223519802093506 || Total time:46.47602295875549
Iteration: 91 || Clusters count: 10 || Log posterior: 579945.2269900674 || Vi score: -0.0 || NMI score: 1.0 || Iter Time:0.3146708011627197 || Total time:46.79069375991821
Iteration: 92 || Clusters count: 10 || Log posterior: 579945.2269900674 || Vi score: -0.0 || NMI score: 1.0 || Iter Time:0.6001977920532227 || Total time:47.390891551971436
Iteration: 93 || Clusters count: 10 || Log posterior: 579945.2269900674 || Vi score: -0.0 || NMI score: 1.0 || Iter Time:0.8684751987457275 || Total time:48.25936675071716
Iteration: 94 || Clusters count: 10 || Log posterior: 579945.2269900674 || Vi score: -0.0 || NMI score: 1.0 || Iter Time:0.3258969783782959 || Total time:48.58526372909546
Iteration: 95 || Clusters count: 10 || Log posterior: 579945.2269900674 || Vi score: -0.0 || NMI score: 1.0 || Iter Time:0.6689579486846924 || Total time:49.25422167778015
Iteration: 96 || Clusters count: 10 || Log posterior: 579945.2269900674 || Vi score: -0.0 || NMI score: 1.0 || Iter Time:0.4363541603088379 || Total time:49.69057583808899
Iteration: 97 || Clusters count: 10 || Log posterior: 579945.2269900674 || Vi score: -0.0 || NMI score: 1.0 || Iter Time:0.847783088684082 || Total time:50.53835892677307
Iteration: 98 || Clusters count: 10 || Log posterior: 579945.2269900674 || Vi score: -0.0 || NMI score: 1.0 || Iter Time:0.6841249465942383 || Total time:51.22248387336731
Iteration: 99 || Clusters count: 10 || Log posterior: 579945.2269900674 || Vi score: -0.0 || NMI score: 1.0 || Iter Time:0.5930030345916748 || Total time:51.815486907958984
Iteration: 100 || Clusters count: 10 || Log posterior: 579945.2269900674 || Vi score: -0.0 || NMI score: 1.0 || Iter Time:1.2143821716308594 || Total time:53.029869079589844
Test Summary:                | Pass  Total
Testing Module (Random mess) |    1      1
Multinomial Module And save load: Error During Test at /home/pkgeval/.julia/packages/DPMMSubClusters/mpVhl/test/module_tests.jl:41
  Got exception outside of a @test
  SystemError: opening file "save_load_test/mnm_data.npy": Permission denied
  Stacktrace:
   [1] #systemerror#44(::Nothing, ::typeof(systemerror), ::String, ::Bool) at ./error.jl:134
   [2] systemerror at ./error.jl:134 [inlined]
   [3] #open#512(::Nothing, ::Nothing, ::Nothing, ::Bool, ::Nothing, ::typeof(open), ::String) at ./iostream.jl:254
   [4] #open at ./none:0 [inlined]
   [5] open(::String, ::String) at ./iostream.jl:310
   [6] npzwrite(::String, ::Adjoint{Float32,Array{Float32,2}}) at /home/pkgeval/.julia/packages/NPZ/OBINJ/src/NPZ.jl:305
   [7] top-level scope at /home/pkgeval/.julia/packages/DPMMSubClusters/mpVhl/test/module_tests.jl:46
   [8] top-level scope at /workspace/srcdir/usr/share/julia/stdlib/v1.3/Test/src/Test.jl:1107
   [9] top-level scope at /home/pkgeval/.julia/packages/DPMMSubClusters/mpVhl/test/module_tests.jl:42
   [10] include at ./boot.jl:328 [inlined]
   [11] include_relative(::Module, ::String) at ./loading.jl:1105
   [12] include(::Module, ::String) at ./Base.jl:31
   [13] include(::String) at ./client.jl:424
   [14] top-level scope at /home/pkgeval/.julia/packages/DPMMSubClusters/mpVhl/test/runtests.jl:11
   [15] include at ./boot.jl:328 [inlined]
   [16] include_relative(::Module, ::String) at ./loading.jl:1105
   [17] include(::Module, ::String) at ./Base.jl:31
   [18] include(::String) at ./client.jl:424
   [19] top-level scope at none:6
   [20] eval(::Module, ::Any) at ./boot.jl:330
   [21] exec_options(::Base.JLOptions) at ./client.jl:263
   [22] _start() at ./client.jl:460
  
Test Summary:                    | Pass  Error  Total
Multinomial Module And save load |    2      1      3
ERROR: LoadError: LoadError: Some tests did not pass: 2 passed, 0 failed, 1 errored, 0 broken.
in expression starting at /home/pkgeval/.julia/packages/DPMMSubClusters/mpVhl/test/module_tests.jl:41
in expression starting at /home/pkgeval/.julia/packages/DPMMSubClusters/mpVhl/test/runtests.jl:11
ERROR: Package DPMMSubClusters errored during testing
Stacktrace:
 [1] pkgerror(::String, ::Vararg{String,N} where N) at /workspace/srcdir/usr/share/julia/stdlib/v1.3/Pkg/src/Types.jl:113
 [2] #test#131(::Bool, ::Nothing, ::Cmd, ::Cmd, ::typeof(Pkg.Operations.test), ::Pkg.Types.Context, ::Array{Pkg.Types.PackageSpec,1}) at /workspace/srcdir/usr/share/julia/stdlib/v1.3/Pkg/src/Operations.jl:1372
 [3] #test at ./none:0 [inlined]
 [4] #test#62(::Bool, ::Nothing, ::Cmd, ::Cmd, ::Base.Iterators.Pairs{Union{},Union{},Tuple{},NamedTuple{(),Tuple{}}}, ::typeof(Pkg.API.test), ::Pkg.Types.Context, ::Array{Pkg.Types.PackageSpec,1}) at /workspace/srcdir/usr/share/julia/stdlib/v1.3/Pkg/src/API.jl:253
 [5] test(::Pkg.Types.Context, ::Array{Pkg.Types.PackageSpec,1}) at /workspace/srcdir/usr/share/julia/stdlib/v1.3/Pkg/src/API.jl:239
 [6] #test#61 at /workspace/srcdir/usr/share/julia/stdlib/v1.3/Pkg/src/API.jl:233 [inlined]
 [7] test at /workspace/srcdir/usr/share/julia/stdlib/v1.3/Pkg/src/API.jl:233 [inlined]
 [8] #test#60 at /workspace/srcdir/usr/share/julia/stdlib/v1.3/Pkg/src/API.jl:232 [inlined]
 [9] test at /workspace/srcdir/usr/share/julia/stdlib/v1.3/Pkg/src/API.jl:232 [inlined]
 [10] #test#59(::Base.Iterators.Pairs{Union{},Union{},Tuple{},NamedTuple{(),Tuple{}}}, ::typeof(Pkg.API.test), ::String) at /workspace/srcdir/usr/share/julia/stdlib/v1.3/Pkg/src/API.jl:231
 [11] test(::String) at /workspace/srcdir/usr/share/julia/stdlib/v1.3/Pkg/src/API.jl:231
 [12] top-level scope at none:12
