Julia Version 1.4.0
Commit 3fd5790e88 (2020-04-10 10:01 UTC)
Platform Info:
  OS: Linux (x86_64-linux-gnu)
  CPU: Intel(R) Xeon(R) Silver 4114 CPU @ 2.20GHz
  WORD_SIZE: 64
  LIBM: libopenlibm
  LLVM: libLLVM-8.0.1 (ORCJIT, skylake)
Environment:
  JULIA_DEPOT_PATH = ::/usr/local/share/julia
  JULIA_NUM_THREADS = 2

  Resolving package versions...
  Installed TimerOutputs ──── v0.5.3
  Installed FastClosures ──── v0.3.2
  Installed MatrixEquations ─ v1.1.3
  Installed LinearOperators ─ v1.0.1
   Updating `~/.julia/environments/v1.4/Project.toml`
  [99c1a7ee] + MatrixEquations v1.1.3
   Updating `~/.julia/environments/v1.4/Manifest.toml`
  [9aa1b823] + FastClosures v0.3.2
  [5c8ed15e] + LinearOperators v1.0.1
  [99c1a7ee] + MatrixEquations v1.1.3
  [a759f4b9] + TimerOutputs v0.5.3
  [2a0f44e3] + Base64 
  [8ba89e20] + Distributed 
  [b77e0a4c] + InteractiveUtils 
  [8f399da3] + Libdl 
  [37e2e46d] + LinearAlgebra 
  [56ddb016] + Logging 
  [d6f4376e] + Markdown 
  [de0858da] + Printf 
  [9a3f8284] + Random 
  [9e88b42a] + Serialization 
  [6462fe0b] + Sockets 
  [2f01184e] + SparseArrays 
  [8dfed614] + Test 
  [4ec0a83e] + Unicode 
    Testing MatrixEquations
Status `/tmp/jl_eDwspd/Manifest.toml`
  [9aa1b823] FastClosures v0.3.2
  [5c8ed15e] LinearOperators v1.0.1
  [99c1a7ee] MatrixEquations v1.1.3
  [a759f4b9] TimerOutputs v0.5.3
  [2a0f44e3] Base64 
  [8ba89e20] Distributed 
  [b77e0a4c] InteractiveUtils 
  [8f399da3] Libdl 
  [37e2e46d] LinearAlgebra 
  [56ddb016] Logging 
  [d6f4376e] Markdown 
  [de0858da] Printf 
  [9a3f8284] Random 
  [9e88b42a] Serialization 
  [6462fe0b] Sockets 
  [2f01184e] SparseArrays 
  [8dfed614] Test 
  [4ec0a83e] Unicode 
  0.000000 seconds
  0.000000 seconds
  1.130480 seconds (12.41 k allocations: 2.134 MiB)
  0.145047 seconds (2.52 k allocations: 440.672 KiB)
  0.160062 seconds (2.81 k allocations: 383.203 KiB)
  0.433600 seconds (291 allocations: 1.469 MiB)
  4.641506 seconds (138.33 k allocations: 10.342 MiB)
  0.254668 seconds (35.53 k allocations: 5.641 MiB)
  0.692106 seconds (755 allocations: 1.646 MiB)
  0.949925 seconds (322 allocations: 1.623 MiB)
  0.672622 seconds (300 allocations: 1.622 MiB)
  0.559861 seconds (329 allocations: 1.623 MiB)
  1.673519 seconds (809.54 k allocations: 41.104 MiB, 2.22% gc time)
  0.303595 seconds (445.20 k allocations: 21.535 MiB)
  0.292347 seconds (433.75 k allocations: 20.969 MiB)
  0.132461 seconds (15.50 k allocations: 1.497 MiB)
  8.207204 seconds (9.92 M allocations: 461.188 MiB, 3.58% gc time)
  0.304767 seconds (49.36 k allocations: 4.707 MiB)
  0.324744 seconds (37.34 k allocations: 2.668 MiB)
  0.229702 seconds (16.48 k allocations: 1.616 MiB)
  0.378457 seconds (15.65 k allocations: 1.569 MiB)
  0.347117 seconds (17.55 k allocations: 1.673 MiB)
  0.000000 seconds
  0.000000 seconds
  1.093515 seconds (10.36 k allocations: 2.549 MiB)
  0.427889 seconds (1.39 k allocations: 1.671 MiB)
  0.230907 seconds (76 allocations: 1.608 MiB)
  0.495767 seconds (83 allocations: 1.609 MiB)
  0.072680 seconds (257 allocations: 328.391 KiB)
  0.082316 seconds (1.68 k allocations: 240.266 KiB)
  0.824599 seconds (3.87 k allocations: 2.419 MiB)
  0.390626 seconds (100 allocations: 1.610 MiB)
  0.424465 seconds (100 allocations: 1.610 MiB)
  0.456049 seconds (498 allocations: 2.233 MiB)
  0.476008 seconds (522 allocations: 2.388 MiB)
  1.858451 seconds (120.72 k allocations: 18.238 MiB, 3.80% gc time)
  0.390243 seconds (444 allocations: 2.383 MiB)
  0.717784 seconds (65.16 k allocations: 16.324 MiB)
  0.617117 seconds (64.79 k allocations: 16.264 MiB)
  0.545510 seconds (64.82 k allocations: 16.345 MiB)
  0.576080 seconds (413 allocations: 2.229 MiB)
  0.795415 seconds (520 allocations: 2.388 MiB)
  1.132420 seconds (532 allocations: 2.388 MiB)
  0.633383 seconds (554 allocations: 2.542 MiB)
  0.436301 seconds (45 allocations: 2.359 MiB)
  0.453277 seconds (567 allocations: 2.466 MiB)
  0.616744 seconds (560 allocations: 2.465 MiB, 28.28% gc time)
  0.557051 seconds (581 allocations: 2.543 MiB)
  1.366751 seconds (587.69 k allocations: 29.820 MiB)
  0.456380 seconds (240.98 k allocations: 12.573 MiB)
  0.419541 seconds (1.90 k allocations: 923.166 KiB)
  0.346750 seconds (3.56 k allocations: 1017.292 KiB)
  0.025840 seconds (8.31 k allocations: 547.653 KiB)
  0.218779 seconds (249.48 k allocations: 11.867 MiB)
  0.653911 seconds (536.74 k allocations: 27.425 MiB, 12.55% gc time)
  0.266540 seconds (4.81 k allocations: 1.062 MiB)
  0.302775 seconds (3.03 k allocations: 982.706 KiB)
  0.601665 seconds (24.93 k allocations: 2.358 MiB)
  0.430207 seconds (27.37 k allocations: 2.548 MiB)
  2.429917 seconds (1.69 M allocations: 85.403 MiB, 1.96% gc time)
  0.980642 seconds (26.42 k allocations: 2.506 MiB)
  0.842252 seconds (537.83 k allocations: 34.063 MiB)
  0.425747 seconds (91.36 k allocations: 11.966 MiB, 12.80% gc time)
  0.429931 seconds (93.80 k allocations: 12.124 MiB)
  0.373658 seconds (25.15 k allocations: 2.375 MiB)
  0.659884 seconds (30.73 k allocations: 2.725 MiB)
  0.510216 seconds (25.93 k allocations: 2.466 MiB)
  0.698454 seconds (28.39 k allocations: 2.669 MiB)
  0.369032 seconds (45 allocations: 1.181 MiB)
  0.451826 seconds (33.52 k allocations: 2.901 MiB)
  0.380504 seconds (26.92 k allocations: 2.554 MiB)
  0.412452 seconds (29.30 k allocations: 2.711 MiB)
  0.005401 seconds (40 allocations: 4.281 KiB)
  0.046429 seconds (345 allocations: 17.641 KiB)
  0.033035 seconds (84 allocations: 6.734 KiB)
  0.067371 seconds (64.30 k allocations: 15.091 MiB)
  3.758700 seconds (214.16 k allocations: 29.745 MiB, 1.99% gc time)
  0.104077 seconds (32.58 k allocations: 4.865 MiB)
  0.069481 seconds (32.18 k allocations: 4.848 MiB)
  0.029412 seconds (47.04 k allocations: 8.170 MiB)
  0.068955 seconds (61.44 k allocations: 15.011 MiB)
  0.007135 seconds (35 allocations: 2.312 KiB)
  0.033631 seconds (79 allocations: 4.766 KiB)
  0.028844 seconds (32.16 k allocations: 4.847 MiB)
  0.049377 seconds (35.24 k allocations: 4.893 MiB)
  0.009398 seconds (40 allocations: 4.281 KiB)
  0.104549 seconds (12.06 k allocations: 637.132 KiB)
  0.021144 seconds (84 allocations: 6.734 KiB)
  0.087996 seconds (68.97 k allocations: 10.478 MiB)
  6.453003 seconds (6.53 M allocations: 308.048 MiB, 5.22% gc time)
  0.132286 seconds (45.65 k allocations: 4.422 MiB)
  0.059713 seconds (35.06 k allocations: 3.871 MiB)
  0.097753 seconds (50.62 k allocations: 5.922 MiB)
  0.036975 seconds (65.99 k allocations: 10.434 MiB)
  0.010369 seconds (603 allocations: 37.737 KiB)
  0.014151 seconds (79 allocations: 4.766 KiB)
  0.365722 seconds (34.47 k allocations: 3.835 MiB, 96.36% gc time)
  0.032794 seconds (37.78 k allocations: 3.885 MiB)
  0.000000 seconds
  0.000000 seconds
  0.644926 seconds (4.05 k allocations: 1.641 MiB)
  0.010006 seconds (187 allocations: 167.375 KiB)
  0.083333 seconds (1.45 k allocations: 232.000 KiB)
  0.430912 seconds (291 allocations: 1.469 MiB)
  1.031415 seconds (66.71 k allocations: 9.912 MiB)
  0.601288 seconds (38.80 k allocations: 8.878 MiB, 25.78% gc time)
  0.923572 seconds (301 allocations: 1.622 MiB)
  0.867692 seconds (322 allocations: 1.623 MiB)
  1.005977 seconds (300 allocations: 1.622 MiB)
  0.880987 seconds (329 allocations: 1.623 MiB)
  0.871114 seconds (177.35 k allocations: 9.418 MiB)
  0.012881 seconds (5.20 k allocations: 316.974 KiB)
  0.235642 seconds (258.63 k allocations: 12.738 MiB, 21.90% gc time)
  0.546555 seconds (15.49 k allocations: 1.496 MiB)
  1.367527 seconds (457.68 k allocations: 24.095 MiB, 1.16% gc time)
  0.379530 seconds (52.51 k allocations: 6.476 MiB)
  0.235714 seconds (15.55 k allocations: 1.564 MiB)
  0.473298 seconds (16.48 k allocations: 1.616 MiB)
  0.739868 seconds (15.64 k allocations: 1.569 MiB)
  0.612868 seconds (17.55 k allocations: 1.673 MiB)
  0.000000 seconds
  1.075641 seconds (6.24 k allocations: 2.329 MiB)
  0.534165 seconds (114 allocations: 1.763 MiB)
  0.552786 seconds (131 allocations: 1.764 MiB)
  0.956403 seconds (233 allocations: 1.770 MiB)
  0.495199 seconds (138 allocations: 1.765 MiB)
  0.073257 seconds (252 allocations: 171.781 KiB)
  0.014849 seconds (348 allocations: 177.938 KiB)
  0.545135 seconds (487 allocations: 2.233 MiB)
  0.707737 seconds (236 allocations: 1.770 MiB)
  0.422509 seconds (250 allocations: 1.771 MiB)
  0.897812 seconds (498 allocations: 2.233 MiB)
  0.827394 seconds (522 allocations: 2.388 MiB)
  1.520612 seconds (104.30 k allocations: 17.343 MiB, 3.74% gc time)
  1.232410 seconds (64.93 k allocations: 16.058 MiB)
  0.664144 seconds (63.25 k allocations: 16.108 MiB)
  0.681019 seconds (63.28 k allocations: 16.188 MiB, 32.98% gc time)
  0.951110 seconds (413 allocations: 2.229 MiB)
  0.702585 seconds (520 allocations: 2.388 MiB)
  0.648821 seconds (532 allocations: 2.388 MiB)
  0.936728 seconds (554 allocations: 2.542 MiB)
  0.750697 seconds (444 allocations: 2.383 MiB)
  0.585433 seconds (567 allocations: 2.466 MiB)
  0.547466 seconds (560 allocations: 2.465 MiB)
  0.648855 seconds (581 allocations: 2.543 MiB)
  1.234952 seconds (240.99 k allocations: 12.366 MiB, 19.03% gc time)
  0.380363 seconds (6.40 k allocations: 1.206 MiB)
  0.710916 seconds (3.02 k allocations: 1.021 MiB)
  0.638006 seconds (6.62 k allocations: 1.177 MiB)
  0.644275 seconds (3.56 k allocations: 1.046 MiB)
  0.093298 seconds (7.53 k allocations: 421.900 KiB)
  0.015407 seconds (10.20 k allocations: 548.093 KiB)
  0.385686 seconds (33.46 k allocations: 2.808 MiB)
  0.153828 seconds (6.85 k allocations: 1.196 MiB)
  0.595553 seconds (7.54 k allocations: 1.227 MiB)
  0.647865 seconds (24.93 k allocations: 2.359 MiB)
  0.604215 seconds (27.36 k allocations: 2.547 MiB)
  1.824116 seconds (578.49 k allocations: 32.271 MiB, 16.04% gc time)
  0.707413 seconds (101.39 k allocations: 12.561 MiB)
  0.715823 seconds (89.76 k allocations: 11.820 MiB, 4.66% gc time)
  0.608603 seconds (92.20 k allocations: 11.979 MiB)
  0.605069 seconds (24.42 k allocations: 2.332 MiB)
  0.540335 seconds (30.73 k allocations: 2.725 MiB)
  0.586404 seconds (25.93 k allocations: 2.466 MiB)
  0.436524 seconds (28.38 k allocations: 2.668 MiB)
  0.505969 seconds (25.67 k allocations: 2.461 MiB)
  0.839685 seconds (33.52 k allocations: 2.901 MiB)
  1.363030 seconds (26.91 k allocations: 2.553 MiB)
  0.489425 seconds (29.30 k allocations: 2.711 MiB)
  0.049893 seconds (38.48 k allocations: 8.183 MiB, 57.01% gc time)
  0.479156 seconds (86.36 k allocations: 14.436 MiB)
  0.017664 seconds (38.51 k allocations: 8.163 MiB)
  0.081678 seconds (55.04 k allocations: 11.618 MiB, 8.07% gc time)
  0.018126 seconds (40 allocations: 4.281 KiB)
  0.046518 seconds (345 allocations: 17.641 KiB)
  0.023405 seconds (84 allocations: 6.734 KiB)
  0.054559 seconds (62.76 k allocations: 14.935 MiB)
  0.035433 seconds (64.41 k allocations: 14.922 MiB)
  0.785351 seconds (132.27 k allocations: 26.086 MiB, 0.78% gc time)
  0.123611 seconds (84.03 k allocations: 20.926 MiB)
  0.051304 seconds (41.81 k allocations: 5.833 MiB, 59.70% gc time)
  0.611359 seconds (408.02 k allocations: 23.670 MiB)
  0.032532 seconds (41.27 k allocations: 5.797 MiB)
  0.179032 seconds (62.27 k allocations: 8.095 MiB)
  0.009747 seconds (40 allocations: 4.281 KiB)
  0.046647 seconds (12.05 k allocations: 637.944 KiB, 40.68% gc time)
  0.011694 seconds (84 allocations: 6.734 KiB)
  0.023281 seconds (67.32 k allocations: 10.327 MiB)
  0.022471 seconds (69.08 k allocations: 10.352 MiB)
  1.103202 seconds (585.63 k allocations: 36.304 MiB, 3.40% gc time)
  0.130316 seconds (93.44 k allocations: 13.998 MiB)
  0.114973 seconds (9 allocations: 3.823 MiB)
  0.048709 seconds (5 allocations: 3.815 MiB)
  0.054575 seconds (13 allocations: 5.730 MiB)
  0.064078 seconds (5 allocations: 3.815 MiB)
  0.072424 seconds (13 allocations: 7.638 MiB)
  0.073433 seconds (5 allocations: 3.815 MiB)
  0.289473 seconds (49.98 k allocations: 11.996 MiB)
  0.089731 seconds (5 allocations: 3.815 MiB)
  0.421421 seconds (73.67 k allocations: 6.645 MiB)
  0.002930 seconds (6 allocations: 2.863 MiB)
  0.001598 seconds (6 allocations: 2.863 MiB)
  0.004214 seconds (6 allocations: 2.863 MiB)
  1.251324 seconds (679.01 k allocations: 32.584 MiB)
  0.415374 seconds (343.02 k allocations: 15.631 MiB, 7.51% gc time)
  0.656968 seconds (445.51 k allocations: 23.279 MiB)
  0.294558 seconds (6.97 k allocations: 603.369 KiB)
  0.186075 seconds (1.81 k allocations: 303.609 KiB)
  0.223713 seconds (1.82 k allocations: 305.500 KiB)
  0.209895 seconds (1.81 k allocations: 305.266 KiB)
  0.375673 seconds (5.33 k allocations: 503.453 KiB)
  0.562850 seconds (283.17 k allocations: 14.231 MiB, 6.65% gc time)
  1.314085 seconds (83.11 k allocations: 4.823 MiB)
  0.650133 seconds (206.99 k allocations: 10.627 MiB)
  0.634009 seconds (1.73 k allocations: 518.594 KiB)
  0.522759 seconds (1.79 k allocations: 534.891 KiB)
  1.885208 seconds (858.01 k allocations: 40.703 MiB)
  0.733207 seconds (396.75 k allocations: 17.803 MiB)
  1.064155 seconds (301.68 k allocations: 15.322 MiB)
  0.573786 seconds (5.18 k allocations: 611.812 KiB)
  0.664341 seconds (5.35 k allocations: 619.859 KiB)
  0.881812 seconds (663.68 k allocations: 36.133 MiB, 3.07% gc time)
  2.101661 seconds (48.39 k allocations: 2.630 MiB)
  0.407388 seconds (109.67 k allocations: 6.186 MiB)
  0.153349 seconds (306 allocations: 344.984 KiB)
  0.257346 seconds (251 allocations: 295.500 KiB)
  0.793666 seconds (15.71 k allocations: 926.438 KiB)
  0.590521 seconds (15.77 k allocations: 926.016 KiB)
  0.776490 seconds (22.50 k allocations: 1.166 MiB)
  0.624655 seconds (15.56 k allocations: 910.656 KiB)
  2.671953 seconds (46.98 k allocations: 2.763 MiB)
  0.496158 seconds (260 allocations: 655.156 KiB)
  1.415008 seconds (24.08 k allocations: 1.599 MiB)
  0.583653 seconds (15.52 k allocations: 963.516 KiB)
  0.193764 seconds (253 allocations: 342.172 KiB)
  0.379417 seconds (8.83 k allocations: 687.281 KiB)
  0.082321 seconds (252 allocations: 342.109 KiB)
  0.837710 seconds (23.80 k allocations: 1.281 MiB)
  0.695001 seconds (11.82 k allocations: 1.065 MiB)
  0.449408 seconds (380 allocations: 641.688 KiB)
  0.957587 seconds (11.70 k allocations: 1.061 MiB)
  0.650276 seconds (272 allocations: 636.547 KiB)
  0.899064 seconds (23.57 k allocations: 1.687 MiB)
  5.590367 seconds (1.31 M allocations: 64.826 MiB, 1.15% gc time)
  2.994328 seconds (12.01 k allocations: 1.670 MiB)
  0.779826 seconds (281 allocations: 636.281 KiB)
  1.216974 seconds (11.78 k allocations: 1.063 MiB)
  0.509820 seconds (326 allocations: 638.828 KiB)
  0.910705 seconds (11.77 k allocations: 1.055 MiB)
  2.283668 seconds (877.31 k allocations: 49.839 MiB, 4.15% gc time)
  1.233139 seconds (340.67 k allocations: 24.884 MiB, 4.84% gc time)
  0.467034 seconds (15.14 k allocations: 7.833 MiB)
  0.342331 seconds (15.07 k allocations: 7.827 MiB)
  0.283881 seconds (15.12 k allocations: 7.830 MiB)
  2.395462 seconds (724.27 k allocations: 49.141 MiB, 1.94% gc time)
  1.010386 seconds (15.08 k allocations: 14.345 MiB)
  0.803930 seconds (31.80 k allocations: 8.527 MiB, 10.45% gc time)
  1.052928 seconds (31.40 k allocations: 8.453 MiB)
  0.748921 seconds (14.98 k allocations: 7.858 MiB)
  0.995124 seconds (76.72 k allocations: 10.974 MiB)
  0.642619 seconds (15.06 k allocations: 7.864 MiB)
  2.599122 seconds (31.44 k allocations: 15.005 MiB)
  2.927852 seconds (154.56 k allocations: 21.383 MiB, 1.90% gc time)
  2.269447 seconds (31.60 k allocations: 15.031 MiB)
  1.385507 seconds (37.58 k allocations: 8.780 MiB)
  0.000343 seconds (58 allocations: 12.266 KiB)
  0.000234 seconds (59 allocations: 12.281 KiB)
  0.000236 seconds (78 allocations: 12.922 KiB)
  0.000257 seconds (82 allocations: 12.984 KiB)
  0.000218 seconds (82 allocations: 12.984 KiB)
  0.000230 seconds (78 allocations: 12.922 KiB)
  0.000231 seconds (78 allocations: 12.922 KiB)
  0.000241 seconds (78 allocations: 12.906 KiB)
  0.000235 seconds (67 allocations: 12.531 KiB)
  0.000439 seconds (50 allocations: 19.109 KiB)
  0.000459 seconds (59 allocations: 19.375 KiB)
  0.000398 seconds (51 allocations: 19.594 KiB)
  0.000372 seconds (52 allocations: 20.078 KiB)
  0.000967 seconds (101 allocations: 20.875 KiB)
  0.004230 seconds (102 allocations: 20.891 KiB)
  0.004104 seconds (139 allocations: 22.375 KiB)
  0.004979 seconds (139 allocations: 22.375 KiB)
  0.004084 seconds (143 allocations: 22.438 KiB)
  0.000651 seconds (173 allocations: 22.109 KiB)
  1.139954 seconds (1.07 M allocations: 51.762 MiB, 2.87% gc time)
  0.125331 seconds (121.16 k allocations: 6.833 MiB)
  0.036067 seconds (61.36 k allocations: 3.586 MiB)
  0.009555 seconds (3.29 k allocations: 170.499 KiB)
  0.714926 seconds (658.36 k allocations: 31.846 MiB, 4.16% gc time)
  0.605093 seconds (626.86 k allocations: 30.182 MiB)
  0.863394 seconds (883.56 k allocations: 42.493 MiB, 3.35% gc time)
  0.618848 seconds (650.71 k allocations: 31.325 MiB)
  0.000539 seconds (97 allocations: 25.703 KiB)
  1.246288 seconds (1.10 M allocations: 53.097 MiB, 2.19% gc time)
  0.799925 seconds (767.32 k allocations: 36.546 MiB)
  0.630066 seconds (625.48 k allocations: 30.039 MiB)
  0.029242 seconds (49.85 k allocations: 2.987 MiB)
  0.477991 seconds (475.15 k allocations: 22.965 MiB, 6.48% gc time)
  0.027948 seconds (49.84 k allocations: 2.987 MiB)
  0.811547 seconds (733.76 k allocations: 35.017 MiB)
  0.423807 seconds (315.19 k allocations: 15.256 MiB)
  0.030876 seconds (50.32 k allocations: 3.002 MiB)
  0.433866 seconds (297.81 k allocations: 14.349 MiB)
  0.127451 seconds (49.05 k allocations: 2.950 MiB)
  0.567262 seconds (329.51 k allocations: 16.023 MiB)
  0.600753 seconds (322.13 k allocations: 15.789 MiB, 4.76% gc time)
  0.469726 seconds (290.78 k allocations: 13.989 MiB)
  0.048616 seconds (45.20 k allocations: 2.743 MiB)
  0.550861 seconds (296.65 k allocations: 14.301 MiB)
  0.096695 seconds (49.09 k allocations: 2.957 MiB)
  0.467103 seconds (273.29 k allocations: 13.193 MiB)
  0.937701 seconds (834.24 k allocations: 41.321 MiB, 3.42% gc time)
  0.404366 seconds (455.12 k allocations: 22.522 MiB)
  0.033025 seconds (54.93 k allocations: 3.248 MiB)
  0.005184 seconds (711 allocations: 97.766 KiB)
  0.019476 seconds (50.71 k allocations: 3.056 MiB)
  0.001221 seconds (596 allocations: 134.625 KiB)
  0.691988 seconds (600.22 k allocations: 29.683 MiB, 3.08% gc time)
  0.369654 seconds (432.73 k allocations: 21.497 MiB)
  0.645628 seconds (481.98 k allocations: 23.265 MiB, 4.33% gc time)
  0.114300 seconds (49.38 k allocations: 3.005 MiB)
  0.792011 seconds (546.10 k allocations: 26.433 MiB)
  0.036924 seconds (52.52 k allocations: 3.154 MiB)
  0.650495 seconds (396.29 k allocations: 18.831 MiB)
  0.117528 seconds (49.44 k allocations: 3.052 MiB)
  0.543538 seconds (298.87 k allocations: 13.619 MiB, 8.58% gc time)
  0.698363 seconds (480.82 k allocations: 23.045 MiB)
  0.000000 seconds
  0.335961 seconds (2.85 k allocations: 180.656 KiB)
  0.147620 seconds (197 allocations: 27.062 KiB)
  0.022802 seconds (193 allocations: 26.859 KiB)
  0.035577 seconds (84 allocations: 9.672 KiB)
  0.042594 seconds (38 allocations: 7.484 KiB)
  0.095906 seconds (1.92 k allocations: 309.875 KiB)
  0.033206 seconds (570 allocations: 146.656 KiB)
  3.142305 seconds (302 allocations: 11.028 MiB)
  0.142314 seconds (1.69 k allocations: 489.328 KiB)
  0.038101 seconds (494 allocations: 252.578 KiB)
  4.849179 seconds (5.41 k allocations: 22.322 MiB)
  0.084023 seconds (1.07 k allocations: 477.484 KiB)
  0.071737 seconds (1.21 k allocations: 270.812 KiB)
  0.074171 seconds (1.25 k allocations: 276.219 KiB)
  0.077052 seconds (1.09 k allocations: 455.891 KiB)
  0.066770 seconds (1.03 k allocations: 457.719 KiB)
  0.099335 seconds (1.74 k allocations: 497.828 KiB)
  0.392569 seconds (361.36 k allocations: 17.644 MiB)
  0.609274 seconds (450.25 k allocations: 21.921 MiB, 15.03% gc time)
  0.016378 seconds (3.48 k allocations: 179.722 KiB)
  0.012488 seconds (5.62 k allocations: 299.640 KiB)
  0.008204 seconds (2.46 k allocations: 136.987 KiB)
  0.172655 seconds (124.02 k allocations: 6.532 MiB)
  0.043395 seconds (22.05 k allocations: 1.156 MiB)
  3.560011 seconds (15.10 k allocations: 6.273 MiB)
  0.231713 seconds (120.62 k allocations: 6.481 MiB)
  0.095924 seconds (20.20 k allocations: 1.135 MiB)
  7.007515 seconds (2.81 M allocations: 146.357 MiB, 1.21% gc time)
  0.225243 seconds (50.16 k allocations: 2.659 MiB)
  0.093616 seconds (53.97 k allocations: 2.730 MiB)
  0.109499 seconds (57.23 k allocations: 2.921 MiB)
  0.093806 seconds (51.33 k allocations: 2.726 MiB)
  0.106439 seconds (50.48 k allocations: 2.695 MiB)
  0.136808 seconds (77.98 k allocations: 3.979 MiB)
  0.005319 seconds (30 allocations: 2.078 KiB)
  0.005957 seconds (78 allocations: 4.812 KiB)
  0.005703 seconds (78 allocations: 4.812 KiB)
  0.000166 seconds (5 allocations: 272 bytes)
  0.148919 seconds (2.31 k allocations: 154.016 KiB)
  0.008625 seconds (96 allocations: 34.312 KiB)
  0.008553 seconds (96 allocations: 34.312 KiB)
  0.008252 seconds (99 allocations: 34.469 KiB)
  0.004424 seconds (41 allocations: 2.672 KiB)
  0.007915 seconds (86 allocations: 5.203 KiB)
  0.008216 seconds (86 allocations: 5.203 KiB)
  0.008226 seconds (89 allocations: 5.359 KiB)
  0.005199 seconds (634 allocations: 39.663 KiB)
  0.008169 seconds (4.63 k allocations: 256.609 KiB)
  0.007955 seconds (4.63 k allocations: 256.609 KiB)
  0.000229 seconds (5 allocations: 272 bytes)
  0.265210 seconds (253.33 k allocations: 12.368 MiB)
  0.015875 seconds (4.67 k allocations: 274.127 KiB)
  0.010259 seconds (4.67 k allocations: 274.127 KiB)
  0.010435 seconds (5.31 k allocations: 313.526 KiB)
  0.004573 seconds (646 allocations: 40.446 KiB)
  0.010863 seconds (4.64 k allocations: 257.721 KiB)
  0.010638 seconds (4.64 k allocations: 257.689 KiB)
  0.007877 seconds (89 allocations: 5.359 KiB)
  0.000000 seconds
  0.000000 seconds
  0.048787 seconds (38 allocations: 29.062 KiB)
  0.155110 seconds (185 allocations: 29.500 KiB)
  0.113993 seconds (180 allocations: 29.250 KiB)
  0.029981 seconds (84 allocations: 9.672 KiB)
  0.028909 seconds (44 allocations: 7.922 KiB)
  0.968153 seconds (45.48 k allocations: 2.207 MiB)
  0.039786 seconds (6.48 k allocations: 909.188 KiB)
  0.039656 seconds (6.02 k allocations: 904.938 KiB)
  0.071178 seconds (6.54 k allocations: 925.969 KiB)
  0.697835 seconds (26.30 k allocations: 2.152 MiB)
  0.067316 seconds (6.15 k allocations: 1.415 MiB)
  0.131605 seconds (5.74 k allocations: 1.651 MiB, 72.95% gc time)
  0.051666 seconds (6.03 k allocations: 1.669 MiB)
  3.441078 seconds (494 allocations: 16.532 MiB)
  0.000000 seconds
  0.000000 seconds
  0.207402 seconds (13.71 k allocations: 720.107 KiB)
  0.304969 seconds (231.40 k allocations: 11.305 MiB)
  0.045916 seconds (3.12 k allocations: 168.531 KiB)
  0.041649 seconds (2.76 k allocations: 138.698 KiB)
  0.008402 seconds (3.01 k allocations: 164.493 KiB)
  0.997527 seconds (572.54 k allocations: 25.512 MiB)
  0.052276 seconds (35.48 k allocations: 2.156 MiB)
  0.048440 seconds (34.99 k allocations: 2.149 MiB)
  0.074524 seconds (55.90 k allocations: 3.185 MiB)
  0.920223 seconds (598.15 k allocations: 28.769 MiB, 6.11% gc time)
  0.123063 seconds (52.93 k allocations: 3.257 MiB)
  0.047273 seconds (33.58 k allocations: 2.481 MiB)
  0.076654 seconds (54.23 k allocations: 3.514 MiB)
  5.937705 seconds (22.41 k allocations: 9.350 MiB)
  0.037847 seconds (5.65 k allocations: 762.156 KiB)
  0.018683 seconds (5.93 k allocations: 768.109 KiB)
  0.016321 seconds (5.46 k allocations: 763.766 KiB)
  0.001908 seconds (5.62 k allocations: 762.438 KiB)
  0.924032 seconds (46.41 k allocations: 2.479 MiB)
  0.023637 seconds (8.60 k allocations: 1.020 MiB)
  0.027351 seconds (9.00 k allocations: 1.239 MiB)
  0.012180 seconds (8.80 k allocations: 1.029 MiB)
  0.007557 seconds (5.20 k allocations: 1.150 MiB)
  0.012233 seconds (5.25 k allocations: 1.414 MiB)
  0.012242 seconds (5.25 k allocations: 1.152 MiB)
  0.012504 seconds (5.25 k allocations: 1.414 MiB)
  0.007902 seconds (6.56 k allocations: 673.226 KiB)
  0.010587 seconds (10.80 k allocations: 894.453 KiB)
  0.010603 seconds (10.31 k allocations: 884.578 KiB)
  0.001351 seconds (5.93 k allocations: 632.500 KiB)
  0.941343 seconds (494.12 k allocations: 21.711 MiB, 3.01% gc time)
  0.028813 seconds (13.55 k allocations: 1.058 MiB)
  0.022402 seconds (13.98 k allocations: 1.177 MiB)
  0.016697 seconds (14.40 k allocations: 1.096 MiB)
  0.006915 seconds (5.80 k allocations: 849.337 KiB)
  0.013805 seconds (9.80 k allocations: 1.179 MiB)
  0.013534 seconds (9.79 k allocations: 1.041 MiB)
  0.023671 seconds (5.25 k allocations: 955.562 KiB)
  0.122871 seconds (181 allocations: 34.953 KiB)
  0.256312 seconds (1.47 k allocations: 91.062 KiB)
  0.102108 seconds (49 allocations: 20.188 KiB)
  0.059124 seconds (176 allocations: 27.312 KiB)
  0.260307 seconds (1.31 k allocations: 74.422 KiB)
  1.437595 seconds (75.81 k allocations: 3.615 MiB)
  0.151952 seconds (22.58 k allocations: 2.077 MiB)
  1.102128 seconds (48.84 k allocations: 3.900 MiB)
  0.036464 seconds (10.71 k allocations: 2.572 MiB)
  0.062548 seconds (11.32 k allocations: 2.600 MiB)
  0.062778 seconds (11.32 k allocations: 2.593 MiB)
  0.008990 seconds (10.17 k allocations: 1.459 MiB)
  0.043502 seconds (11.04 k allocations: 2.522 MiB)
  0.063651 seconds (23.09 k allocations: 2.098 MiB)
  0.069655 seconds (22.09 k allocations: 2.069 MiB)
  0.072873 seconds (31.48 k allocations: 2.540 MiB)
  0.009305 seconds (9.66 k allocations: 1.452 MiB)
  0.009178 seconds (10.17 k allocations: 1.475 MiB)
  0.009075 seconds (10.67 k allocations: 1.483 MiB)
  0.072438 seconds (23.01 k allocations: 3.144 MiB)
  1.596479 seconds (295 allocations: 11.018 MiB)
  2.251615 seconds (295 allocations: 22.013 MiB, 2.02% gc time)
  2.238618 seconds (292 allocations: 11.025 MiB)
  5.848651 seconds (1.80 k allocations: 22.117 MiB)
  1.036898 seconds (417.03 k allocations: 20.221 MiB)
  0.389385 seconds (216.93 k allocations: 10.542 MiB, 34.06% gc time)
  0.240000 seconds (1.57 k allocations: 90.836 KiB)
  0.182632 seconds (2.56 k allocations: 129.603 KiB)
  0.320855 seconds (249.58 k allocations: 12.276 MiB)
  1.565620 seconds (826.13 k allocations: 35.624 MiB)
  0.144088 seconds (105.85 k allocations: 5.863 MiB)
  1.225500 seconds (607.49 k allocations: 27.739 MiB, 1.88% gc time)
  0.039593 seconds (21.52 k allocations: 2.272 MiB)
  0.086550 seconds (76.16 k allocations: 5.003 MiB)
  0.087240 seconds (76.17 k allocations: 4.995 MiB)
  0.005022 seconds (9.96 k allocations: 1.120 MiB)
  0.059552 seconds (47.24 k allocations: 3.573 MiB)
  0.098041 seconds (76.60 k allocations: 4.431 MiB)
  0.089214 seconds (75.60 k allocations: 4.404 MiB)
  0.090251 seconds (85.90 k allocations: 4.974 MiB)
  0.005711 seconds (9.46 k allocations: 1.109 MiB)
  0.005445 seconds (9.96 k allocations: 1.121 MiB)
  0.005504 seconds (10.45 k allocations: 1.132 MiB)
  0.185572 seconds (80.65 k allocations: 5.157 MiB, 31.60% gc time)
  6.198420 seconds (12.36 k allocations: 6.115 MiB)
  7.031892 seconds (12.36 k allocations: 11.614 MiB)
  7.184514 seconds (13.58 k allocations: 6.193 MiB)
  8.141872 seconds (129.67 k allocations: 17.446 MiB)
  0.046552 seconds (10.16 k allocations: 1.363 MiB)
  0.028605 seconds (10.71 k allocations: 1.389 MiB)
  0.018896 seconds (9.71 k allocations: 1.358 MiB)
  0.003880 seconds (10.13 k allocations: 1.377 MiB)
  1.299687 seconds (78.05 k allocations: 4.316 MiB)
  0.035790 seconds (14.45 k allocations: 1.838 MiB)
  0.033165 seconds (15.33 k allocations: 2.270 MiB)
  0.028886 seconds (14.89 k allocations: 1.847 MiB)
  0.009507 seconds (10.37 k allocations: 2.297 MiB)
  0.023790 seconds (10.41 k allocations: 2.300 MiB)
  0.015187 seconds (10.41 k allocations: 2.824 MiB)
  0.099497 seconds (10.42 k allocations: 2.824 MiB, 83.55% gc time)
  0.008811 seconds (10.63 k allocations: 1.111 MiB)
  0.012409 seconds (16.85 k allocations: 1.437 MiB)
  0.011615 seconds (15.88 k allocations: 1.415 MiB)
  0.002961 seconds (9.92 k allocations: 1.069 MiB)
  1.593505 seconds (747.03 k allocations: 32.103 MiB)
  0.034934 seconds (20.54 k allocations: 1.719 MiB)
  0.033034 seconds (21.41 k allocations: 1.949 MiB)
  0.031281 seconds (21.61 k allocations: 1.758 MiB)
  0.016854 seconds (11.05 k allocations: 1.624 MiB)
  0.015301 seconds (16.78 k allocations: 1.938 MiB)
  0.016140 seconds (16.77 k allocations: 2.214 MiB)
  0.013638 seconds (10.42 k allocations: 1.862 MiB)
  0.148829 seconds (2.52 k allocations: 263.766 KiB)
  0.008393 seconds (55 allocations: 127.688 KiB)
  0.166427 seconds (2.49 k allocations: 375.234 KiB)
  0.010452 seconds (53 allocations: 245.266 KiB)
  0.115348 seconds (1.30 k allocations: 312.234 KiB)
  0.088374 seconds (1.50 k allocations: 360.750 KiB)
  0.080547 seconds (1.70 k allocations: 214.016 KiB)
  4.678443 seconds (1.37 k allocations: 33.099 MiB, 1.64% gc time)
  3.742716 seconds (38 allocations: 33.033 MiB)
  6.831419 seconds (1.90 k allocations: 66.146 MiB, 1.35% gc time)
  6.091274 seconds (40 allocations: 66.055 MiB, 0.84% gc time)
  0.352898 seconds (166.71 k allocations: 8.498 MiB)
  0.002933 seconds (55 allocations: 67.688 KiB)
  0.211357 seconds (170.24 k allocations: 8.748 MiB)
  0.007889 seconds (53 allocations: 125.578 KiB)
  0.096889 seconds (55.87 k allocations: 2.978 MiB)
  0.113096 seconds (59.59 k allocations: 3.145 MiB)
  0.100317 seconds (75.53 k allocations: 3.803 MiB)
  5.125243 seconds (203.18 k allocations: 26.738 MiB)
  7.529021 seconds (38 allocations: 16.523 MiB)
  8.656003 seconds (203.17 k allocations: 43.233 MiB, 1.05% gc time)
  6.406005 seconds (38 allocations: 33.033 MiB)
  0.163965 seconds (2.12 k allocations: 241.547 KiB)
  0.079040 seconds (1.37 k allocations: 196.703 KiB)
  0.006175 seconds (62 allocations: 136.531 KiB)
  0.070653 seconds (1.79 k allocations: 230.688 KiB)
  0.079984 seconds (2.09 k allocations: 377.812 KiB)
  0.106763 seconds (21.97 k allocations: 1.332 MiB)
  0.017254 seconds (90 allocations: 264.719 KiB)
  0.078827 seconds (1.74 k allocations: 366.766 KiB)
  0.103334 seconds (13.79 k allocations: 996.688 KiB)
  1.438316 seconds (1.98 k allocations: 33.136 MiB)
  0.217128 seconds (59.85 k allocations: 3.084 MiB, 61.04% gc time)
  0.058150 seconds (55.01 k allocations: 2.889 MiB)
  0.001990 seconds (62 allocations: 72.203 KiB)
  0.081676 seconds (58.76 k allocations: 3.064 MiB)
  0.114645 seconds (60.26 k allocations: 3.169 MiB)
  0.142909 seconds (96.17 k allocations: 4.991 MiB)
  0.019109 seconds (3.32 k allocations: 328.605 KiB)
  0.105193 seconds (59.37 k allocations: 3.158 MiB)
  0.135105 seconds (88.18 k allocations: 4.605 MiB)
  6.224964 seconds (90.24 k allocations: 20.914 MiB)
  0.038374 seconds (82 allocations: 6.531 KiB)
  0.000889 seconds (17 allocations: 1.438 KiB)
  0.041702 seconds (82 allocations: 6.531 KiB)
  0.001106 seconds (17 allocations: 1.438 KiB)
  0.001049 seconds (14 allocations: 1.219 KiB)
  0.000774 seconds (14 allocations: 1.219 KiB)
  0.001399 seconds (14 allocations: 1.219 KiB)
  0.001524 seconds (14 allocations: 1.219 KiB)
  0.032505 seconds (377 allocations: 21.359 KiB)
  0.097220 seconds (1.53 k allocations: 163.250 KiB)
  0.071229 seconds (1.22 k allocations: 82.031 KiB)
  0.045882 seconds (927 allocations: 138.891 KiB)
  0.025863 seconds (351 allocations: 21.438 KiB)
  0.031239 seconds (578 allocations: 61.703 KiB)
  0.023759 seconds (1.01 k allocations: 61.033 KiB)
  0.001015 seconds (17 allocations: 1.438 KiB)
  0.023916 seconds (1.01 k allocations: 60.893 KiB)
  0.000967 seconds (17 allocations: 1.438 KiB)
  0.000758 seconds (14 allocations: 1.219 KiB)
  0.000965 seconds (14 allocations: 1.219 KiB)
  0.001173 seconds (14 allocations: 1.219 KiB)
  0.001111 seconds (14 allocations: 1.219 KiB)
  0.031177 seconds (13.90 k allocations: 716.106 KiB)
  0.117033 seconds (62.40 k allocations: 2.992 MiB)
  0.094657 seconds (60.50 k allocations: 2.922 MiB)
  0.074822 seconds (25.36 k allocations: 1.237 MiB)
  0.029325 seconds (12.79 k allocations: 646.971 KiB)
  0.033328 seconds (15.60 k allocations: 778.333 KiB)
  0.570744 seconds (20 allocations: 157.250 KiB)
  0.855696 seconds (20 allocations: 312.656 KiB)
  0.303166 seconds (16 allocations: 117.500 KiB)
  1.318432 seconds (16 allocations: 233.375 KiB)
  0.651767 seconds (21 allocations: 318.422 KiB)
  2.323945 seconds (22 allocations: 635.391 KiB)
  0.286452 seconds (17 allocations: 238.469 KiB)
  2.292456 seconds (18 allocations: 475.531 KiB)
  0.276744 seconds (19 allocations: 155.922 KiB)
  1.331378 seconds (19 allocations: 310.047 KiB)
  0.306415 seconds (20 allocations: 156.797 KiB)
  1.190735 seconds (23 allocations: 311.859 KiB)
  0.687118 seconds (20 allocations: 316.703 KiB)
  2.487165 seconds (22 allocations: 631.906 KiB)
  0.597186 seconds (21 allocations: 317.578 KiB)
  1.924559 seconds (23 allocations: 633.672 KiB)
  0.861089 seconds (34 allocations: 469.484 KiB)
  0.974934 seconds (36 allocations: 470.453 KiB)
  2.474045 seconds (34 allocations: 935.734 KiB)
  2.695130 seconds (36 allocations: 937.484 KiB)
  0.748888 seconds (38 allocations: 471.047 KiB)
  0.000001 seconds
  0.000000 seconds
  1.465166 seconds (39.93 k allocations: 1.776 MiB)
  0.019939 seconds (371 allocations: 150.359 KiB)
  0.096801 seconds (496 allocations: 157.250 KiB)
  0.359724 seconds (4.03 k allocations: 324.344 KiB)
  0.020211 seconds (397 allocations: 157.656 KiB)
  1.506277 seconds (37.35 k allocations: 1.834 MiB)
  0.032612 seconds (462 allocations: 264.375 KiB)
  0.310164 seconds (4.45 k allocations: 462.781 KiB)
  0.036807 seconds (581 allocations: 288.328 KiB)
  0.134664 seconds (722 allocations: 295.734 KiB)
  0.175135 seconds (4.83 k allocations: 458.312 KiB)
  0.283779 seconds (4.52 k allocations: 466.750 KiB)
  0.291907 seconds (4.83 k allocations: 470.000 KiB)
  0.394785 seconds (4.52 k allocations: 479.344 KiB)
  2.596009 seconds (2.07 M allocations: 98.179 MiB, 3.26% gc time)
  0.014119 seconds (1.02 k allocations: 99.672 KiB)
  0.164392 seconds (7.17 k allocations: 464.418 KiB)
  0.561228 seconds (230.18 k allocations: 11.679 MiB)
  0.001248 seconds (1.20 k allocations: 105.797 KiB)
  2.493165 seconds (2.17 M allocations: 103.298 MiB, 3.02% gc time)
  0.010405 seconds (461 allocations: 149.859 KiB)
  0.500683 seconds (220.78 k allocations: 11.334 MiB, 5.38% gc time)
  0.018924 seconds (581 allocations: 163.750 KiB)
  0.045697 seconds (6.88 k allocations: 535.383 KiB)
  0.232277 seconds (110.00 k allocations: 5.325 MiB)
  0.219003 seconds (102.65 k allocations: 5.019 MiB)
  0.329395 seconds (110.01 k allocations: 5.331 MiB)
  0.349443 seconds (102.66 k allocations: 5.024 MiB)
  0.000001 seconds
  0.000000 seconds
  1.065296 seconds (39.39 k allocations: 2.083 MiB)
  0.051086 seconds (5.73 k allocations: 915.141 KiB)
  0.200019 seconds (10.49 k allocations: 1.101 MiB)
  0.013997 seconds (6.43 k allocations: 944.453 KiB)
  0.774667 seconds (32.86 k allocations: 2.251 MiB)
  0.034889 seconds (3.23 k allocations: 1.202 MiB)
  0.572049 seconds (7.76 k allocations: 1.438 MiB)
  0.025971 seconds (3.41 k allocations: 1.249 MiB)
  0.307312 seconds (8.05 k allocations: 1.435 MiB)
  0.270358 seconds (7.90 k allocations: 1.464 MiB)
  0.247975 seconds (8.02 k allocations: 1.408 MiB)
  0.298004 seconds (7.83 k allocations: 1.442 MiB)
  0.398862 seconds (209.24 k allocations: 10.458 MiB)
  0.075493 seconds (6.09 k allocations: 968.312 KiB)
  0.457312 seconds (197.55 k allocations: 9.949 MiB)
  0.023639 seconds (6.87 k allocations: 986.344 KiB)
  0.509851 seconds (214.45 k allocations: 11.081 MiB, 5.20% gc time)
  0.064151 seconds (3.23 k allocations: 1.218 MiB)
  0.563340 seconds (202.44 k allocations: 10.606 MiB)
  0.043488 seconds (3.41 k allocations: 1.264 MiB)
  0.613856 seconds (217.32 k allocations: 11.240 MiB)
  0.633520 seconds (208.05 k allocations: 10.884 MiB, 3.74% gc time)
  0.663360 seconds (238.32 k allocations: 12.240 MiB)
  0.467493 seconds (202.43 k allocations: 10.605 MiB)
  4.260377 seconds (183.91 k allocations: 7.007 MiB)
  0.000622 seconds (355 allocations: 83.703 KiB)
  0.075127 seconds (604 allocations: 93.375 KiB)
  0.166342 seconds (2.58 k allocations: 194.703 KiB)
  0.000669 seconds (379 allocations: 84.297 KiB)
  0.760224 seconds (25.38 k allocations: 1.052 MiB)
  0.141052 seconds (3.04 k allocations: 266.859 KiB)
  0.012723 seconds (830 allocations: 155.750 KiB)
  0.015203 seconds (440 allocations: 66.078 KiB)
  0.012337 seconds (841 allocations: 80.297 KiB)
  0.000574 seconds (350 allocations: 61.344 KiB)
  0.007474 seconds (633 allocations: 105.734 KiB)
  0.000878 seconds (442 allocations: 90.609 KiB)
  1.018725 seconds (46.66 k allocations: 2.270 MiB)
  0.001527 seconds (5.70 k allocations: 843.609 KiB)
  0.199152 seconds (8.81 k allocations: 986.406 KiB)
  0.002130 seconds (6.40 k allocations: 866.219 KiB)
  0.919886 seconds (36.75 k allocations: 2.268 MiB)
  0.214564 seconds (6.08 k allocations: 1.230 MiB)
  0.087539 seconds (6.47 k allocations: 841.750 KiB)
  0.001679 seconds (5.70 k allocations: 821.250 KiB)
  0.017613 seconds (3.29 k allocations: 1.030 MiB)
  0.002175 seconds (3.38 k allocations: 1.045 MiB)
  5.964753 seconds (6.29 M allocations: 274.921 MiB, 3.01% gc time)
  0.000822 seconds (1.05 k allocations: 66.000 KiB)
  0.124845 seconds (14.17 k allocations: 792.205 KiB)
  0.212860 seconds (77.58 k allocations: 3.811 MiB)
  0.000786 seconds (1.22 k allocations: 68.625 KiB)
  1.090640 seconds (629.90 k allocations: 30.027 MiB)
  0.293635 seconds (81.64 k allocations: 4.039 MiB, 48.92% gc time)
  0.077285 seconds (14.18 k allocations: 838.525 KiB)
  0.013301 seconds (1.30 k allocations: 61.562 KiB)
  0.121954 seconds (16.62 k allocations: 868.164 KiB)
  0.000507 seconds (1.05 k allocations: 54.594 KiB)
  0.011555 seconds (633 allocations: 73.672 KiB)
  0.000659 seconds (442 allocations: 62.000 KiB)
  2.345917 seconds (1.31 M allocations: 58.792 MiB)
  0.003145 seconds (9.62 k allocations: 687.875 KiB)
  0.249012 seconds (97.76 k allocations: 5.020 MiB)
  0.003184 seconds (10.24 k allocations: 715.188 KiB)
  2.086393 seconds (1.40 M allocations: 63.176 MiB, 2.32% gc time)
  0.242589 seconds (95.54 k allocations: 5.214 MiB)
  0.056339 seconds (10.31 k allocations: 705.094 KiB)
  0.002869 seconds (9.61 k allocations: 676.391 KiB)
  0.008842 seconds (3.29 k allocations: 669.703 KiB)
  0.001600 seconds (3.38 k allocations: 677.609 KiB)
  0.000009 seconds
  0.000002 seconds
  0.226174 seconds (8.04 k allocations: 763.703 KiB)
  0.021854 seconds (3.21 k allocations: 543.578 KiB)
  0.088268 seconds (3.46 k allocations: 552.500 KiB)
  0.291605 seconds (7.26 k allocations: 727.359 KiB)
  0.027914 seconds (3.56 k allocations: 557.047 KiB)
  0.286477 seconds (6.20 k allocations: 871.203 KiB)
  0.037932 seconds (1.83 k allocations: 678.141 KiB)
  0.274344 seconds (5.97 k allocations: 890.359 KiB)
  0.004748 seconds (2.03 k allocations: 712.250 KiB)
  0.181663 seconds (6.04 k allocations: 894.422 KiB)
  0.327132 seconds (6.26 k allocations: 887.312 KiB)
  0.299117 seconds (6.04 k allocations: 907.016 KiB)
  0.215408 seconds (110.60 k allocations: 5.474 MiB)
  0.009966 seconds (3.96 k allocations: 416.688 KiB)
  0.068362 seconds (10.30 k allocations: 784.668 KiB)
  0.273297 seconds (101.44 k allocations: 5.040 MiB)
  0.007293 seconds (4.46 k allocations: 424.703 KiB)
  0.264384 seconds (110.71 k allocations: 5.555 MiB)
  0.007254 seconds (1.83 k allocations: 416.938 KiB)
  0.282774 seconds (102.44 k allocations: 5.202 MiB)
  0.023868 seconds (2.03 k allocations: 437.531 KiB)
  0.423333 seconds (104.56 k allocations: 5.307 MiB, 34.02% gc time)
  0.218938 seconds (111.84 k allocations: 5.613 MiB)
  0.257561 seconds (104.58 k allocations: 5.315 MiB)
  0.000002 seconds
  0.000001 seconds
  0.329468 seconds (173.04 k allocations: 8.923 MiB)
  0.024196 seconds (6.60 k allocations: 934.047 KiB)
  0.259260 seconds (10.58 k allocations: 1.086 MiB)
  0.067631 seconds (5.92 k allocations: 909.594 KiB)
  0.419213 seconds (169.65 k allocations: 9.092 MiB)
  0.034990 seconds (3.35 k allocations: 1.092 MiB)
  0.232309 seconds (8.12 k allocations: 1.334 MiB)
  0.040327 seconds (3.58 k allocations: 1.140 MiB)
  0.264864 seconds (8.36 k allocations: 1.330 MiB)
  0.258235 seconds (8.27 k allocations: 1.360 MiB)
  0.392373 seconds (12.74 k allocations: 1.496 MiB)
  0.326888 seconds (8.19 k allocations: 1.338 MiB)
  0.443473 seconds (352.45 k allocations: 17.411 MiB)
  0.014828 seconds (11.59 k allocations: 821.188 KiB)
  0.330206 seconds (129.14 k allocations: 6.477 MiB)
  0.022302 seconds (10.83 k allocations: 806.875 KiB)
  0.544052 seconds (336.70 k allocations: 16.778 MiB, 9.76% gc time)
  0.046634 seconds (3.35 k allocations: 704.078 KiB)
  0.235451 seconds (120.52 k allocations: 6.356 MiB)
  0.021183 seconds (3.58 k allocations: 732.328 KiB)
  0.276719 seconds (128.53 k allocations: 6.682 MiB)
  0.307536 seconds (124.47 k allocations: 6.550 MiB)
  0.531659 seconds (212.55 k allocations: 10.436 MiB)
  0.340176 seconds (122.66 k allocations: 6.460 MiB)
  0.017985 seconds (3.26 k allocations: 480.984 KiB)
  0.001289 seconds (3.19 k allocations: 476.906 KiB)
  0.014053 seconds (3.61 k allocations: 487.703 KiB)
  0.001493 seconds (3.54 k allocations: 483.672 KiB)
  0.010948 seconds (1.88 k allocations: 552.375 KiB)
  0.016572 seconds (2.08 k allocations: 573.172 KiB)
  0.022533 seconds (3.25 k allocations: 458.875 KiB)
  0.001431 seconds (3.54 k allocations: 461.266 KiB)
  0.009248 seconds (1.88 k allocations: 508.859 KiB)
  0.001023 seconds (2.01 k allocations: 525.109 KiB)
  0.010212 seconds (5.97 k allocations: 842.891 KiB)
  0.002099 seconds (5.90 k allocations: 838.609 KiB)
  0.009735 seconds (6.65 k allocations: 860.594 KiB)
  0.002133 seconds (6.58 k allocations: 856.359 KiB)
  0.009535 seconds (3.39 k allocations: 985.828 KiB)
  0.009374 seconds (3.63 k allocations: 1021.281 KiB)
  0.010025 seconds (5.97 k allocations: 821.562 KiB)
  0.003410 seconds (6.57 k allocations: 826.750 KiB)
  0.016132 seconds (3.40 k allocations: 943.062 KiB)
  0.002231 seconds (3.55 k allocations: 958.812 KiB)
  0.015834 seconds (7.65 k allocations: 586.094 KiB)
  0.001954 seconds (3.95 k allocations: 383.750 KiB)
  0.014860 seconds (8.14 k allocations: 588.672 KiB)
  0.001716 seconds (4.44 k allocations: 386.688 KiB)
  0.011003 seconds (5.52 k allocations: 553.406 KiB)
  0.011752 seconds (5.72 k allocations: 567.250 KiB)
  0.012921 seconds (4.01 k allocations: 376.422 KiB)
  0.001479 seconds (4.43 k allocations: 375.156 KiB)
  0.010978 seconds (1.88 k allocations: 333.562 KiB)
  0.001087 seconds (2.01 k allocations: 342.906 KiB)
  0.121663 seconds (14.62 k allocations: 950.957 KiB, 88.80% gc time)
  0.003441 seconds (10.86 k allocations: 746.078 KiB)
  0.060847 seconds (15.31 k allocations: 956.879 KiB)
  0.003395 seconds (11.54 k allocations: 750.516 KiB)
  0.011283 seconds (7.08 k allocations: 839.301 KiB)
  0.114554 seconds (7.31 k allocations: 860.801 KiB)
  0.028870 seconds (10.94 k allocations: 739.734 KiB)
  0.003213 seconds (11.53 k allocations: 735.281 KiB)
  0.034164 seconds (3.40 k allocations: 617.578 KiB)
  0.001543 seconds (3.55 k allocations: 626.422 KiB)
  0.000462 seconds (53 allocations: 26.906 KiB)
  0.085775 seconds (44.40 k allocations: 2.264 MiB)
  0.073674 seconds (5.13 k allocations: 321.697 KiB)
  0.118747 seconds (11.00 k allocations: 581.315 KiB)
  0.158909 seconds (45.17 k allocations: 2.298 MiB)
  0.063899 seconds (12.06 k allocations: 669.175 KiB)
  0.002083 seconds (647 allocations: 70.828 KiB)
  0.000573 seconds (99 allocations: 8.531 KiB)
  0.009775 seconds (107 allocations: 17.625 KiB)
  0.134892 seconds (20.40 k allocations: 1.146 MiB)
  0.005435 seconds (124 allocations: 10.438 KiB)
  0.000533 seconds (110 allocations: 17.984 KiB)
  0.000179 seconds (566 allocations: 57.516 KiB)
  0.158214 seconds (61.94 k allocations: 3.167 MiB)
  0.000177 seconds (624 allocations: 58.422 KiB)
  0.035280 seconds (11.27 k allocations: 629.103 KiB)
  0.089331 seconds (26 allocations: 28.672 KiB)
  0.053680 seconds (12.06 k allocations: 665.644 KiB)
  0.081449 seconds (28 allocations: 28.703 KiB)
  0.001068 seconds (99 allocations: 12.094 KiB)
  0.000719 seconds (94 allocations: 9.484 KiB)
  0.000751 seconds (54 allocations: 26.922 KiB)
  0.000059 seconds (12 allocations: 3.875 KiB)
  0.001383 seconds (2.37 k allocations: 269.391 KiB)
  0.098276 seconds (53.40 k allocations: 2.867 MiB)
  0.011791 seconds (1.45 k allocations: 155.656 KiB)
  0.010538 seconds (35 allocations: 39.922 KiB)
  0.160729 seconds (15.18 k allocations: 907.093 KiB, 62.16% gc time)
  0.097960 seconds (54.75 k allocations: 2.933 MiB)
  0.042389 seconds (15.30 k allocations: 971.827 KiB)
  0.074898 seconds (1.44 k allocations: 157.734 KiB)
  0.011772 seconds (39 allocations: 40.844 KiB)
  0.000700 seconds (2.33 k allocations: 248.125 KiB)
  0.095108 seconds (10.63 k allocations: 754.593 KiB)
  0.000662 seconds (2.59 k allocations: 253.953 KiB)
  0.000359 seconds (1.42 k allocations: 139.172 KiB)
  0.022146 seconds (1.90 k allocations: 183.234 KiB)
  0.000396 seconds (1.41 k allocations: 140.344 KiB)
  0.000984 seconds (1.50 k allocations: 145.359 KiB)
  0.131133 seconds (13.94 k allocations: 900.321 KiB)
  0.081666 seconds (34 allocations: 36.922 KiB)
  0.142569 seconds (15.29 k allocations: 990.077 KiB)
  0.048346 seconds (38 allocations: 38.734 KiB)
  0.000491 seconds (1.63 k allocations: 228.297 KiB)
  0.000037 seconds (7 allocations: 5.047 KiB)
  0.001420 seconds (2.63 k allocations: 274.750 KiB)
  0.003451 seconds (2.59 k allocations: 253.953 KiB)
  0.008268 seconds (1.11 k allocations: 134.188 KiB)
  0.096625 seconds (30.60 k allocations: 1.632 MiB)
  0.036266 seconds (703 allocations: 81.000 KiB)
  0.000565 seconds (1.21 k allocations: 135.734 KiB)
  0.007394 seconds (713 allocations: 81.109 KiB)
  0.004038 seconds (28 allocations: 29.938 KiB)
  0.000358 seconds (1.09 k allocations: 119.922 KiB)
  0.000343 seconds (1.19 k allocations: 121.469 KiB)
  0.000201 seconds (680 allocations: 68.594 KiB)
  0.002170 seconds (975 allocations: 96.531 KiB)
  0.005590 seconds (713 allocations: 81.109 KiB)
  0.000194 seconds (690 allocations: 68.703 KiB)
  0.001011 seconds (841 allocations: 144.500 KiB)
  0.003033 seconds (26 allocations: 28.672 KiB)
  0.001288 seconds (842 allocations: 157.172 KiB)
  0.012379 seconds (28 allocations: 28.703 KiB)
  0.000308 seconds (820 allocations: 118.625 KiB)
  0.005089 seconds (611 allocations: 42.659 KiB)
  0.000880 seconds (1.21 k allocations: 135.734 KiB)
  0.000304 seconds (1.19 k allocations: 121.469 KiB)
  0.001052 seconds (2.38 k allocations: 271.484 KiB)
  0.021816 seconds (1.41 k allocations: 152.266 KiB)
  0.001499 seconds (2.63 k allocations: 277.312 KiB)
  0.009872 seconds (1.47 k allocations: 154.688 KiB)
  0.000676 seconds (2.34 k allocations: 249.000 KiB)
  0.004260 seconds (3.48 k allocations: 345.734 KiB)
  0.002791 seconds (2.59 k allocations: 254.828 KiB)
  0.001517 seconds (1.41 k allocations: 152.266 KiB)
  0.000624 seconds (35 allocations: 39.922 KiB)
  0.001879 seconds (1.47 k allocations: 154.688 KiB)
  0.001245 seconds (1.47 k allocations: 154.688 KiB)
  0.000502 seconds (39 allocations: 40.844 KiB)
  0.001177 seconds (1.67 k allocations: 272.000 KiB)
  0.001364 seconds (34 allocations: 36.922 KiB)
  0.001534 seconds (1.67 k allocations: 297.328 KiB)
  0.001433 seconds (38 allocations: 38.734 KiB)
  0.000518 seconds (1.63 k allocations: 230.062 KiB)
  0.000033 seconds (7 allocations: 5.047 KiB)
  0.001049 seconds (2.63 k allocations: 277.312 KiB)
  0.000630 seconds (2.59 k allocations: 254.828 KiB)
  0.000323 seconds (52 allocations: 19.297 KiB)
  0.000033 seconds (10 allocations: 1.812 KiB)
  0.000063 seconds (17 allocations: 2.125 KiB)
  0.000092 seconds (25 allocations: 6.266 KiB)
  0.015740 seconds (104 allocations: 8.328 KiB)
  0.000083 seconds (18 allocations: 2.141 KiB)
  0.000083 seconds (19 allocations: 2.156 KiB)
  0.000080 seconds (18 allocations: 2.141 KiB)
  0.000102 seconds (26 allocations: 6.281 KiB)
  0.000090 seconds (19 allocations: 2.156 KiB)
  0.000087 seconds (19 allocations: 2.156 KiB)
  0.000081 seconds (20 allocations: 2.172 KiB)
  0.000074 seconds (18 allocations: 2.141 KiB)
  0.000072 seconds (19 allocations: 2.156 KiB)
  0.000082 seconds (19 allocations: 2.156 KiB)
  0.000080 seconds (20 allocations: 2.172 KiB)
  0.021522 seconds (5.76 k allocations: 328.609 KiB)
  0.000069 seconds (10 allocations: 2.984 KiB)
  0.019383 seconds (6.06 k allocations: 317.955 KiB)
  0.023130 seconds (7.13 k allocations: 395.111 KiB)
  0.000338 seconds (656 allocations: 72.891 KiB)
  0.000202 seconds (632 allocations: 63.312 KiB)
  0.000164 seconds (639 allocations: 63.625 KiB)
  0.006272 seconds (918 allocations: 89.656 KiB)
  0.000225 seconds (612 allocations: 63.312 KiB)
  0.000184 seconds (668 allocations: 64.078 KiB)
  0.000178 seconds (641 allocations: 63.766 KiB)
  0.000174 seconds (640 allocations: 63.750 KiB)
  0.000171 seconds (669 allocations: 64.094 KiB)
  0.000179 seconds (613 allocations: 63.328 KiB)
  0.000141 seconds (642 allocations: 63.672 KiB)
  0.000161 seconds (640 allocations: 63.750 KiB)
  0.000148 seconds (669 allocations: 64.094 KiB)
  0.000213 seconds (613 allocations: 63.328 KiB)
  0.000170 seconds (642 allocations: 63.672 KiB)
  0.000591 seconds (403 allocations: 67.562 KiB)
  0.000195 seconds (384 allocations: 51.375 KiB)
  0.005444 seconds (498 allocations: 64.062 KiB)
  0.000387 seconds (659 allocations: 73.047 KiB)
  0.000164 seconds (633 allocations: 63.438 KiB)
  0.000154 seconds (633 allocations: 63.438 KiB)
  0.000588 seconds (406 allocations: 73.234 KiB)
  0.000156 seconds (385 allocations: 57.016 KiB)
  0.000530 seconds (799 allocations: 96.109 KiB)
  0.000232 seconds (763 allocations: 80.969 KiB)
  0.000204 seconds (763 allocations: 80.969 KiB)
  0.000260 seconds (775 allocations: 81.578 KiB)
  0.000462 seconds (822 allocations: 82.484 KiB)
  0.000444 seconds (738 allocations: 81.172 KiB)
  0.000483 seconds (782 allocations: 81.859 KiB)
  0.026568 seconds (8.90 k allocations: 565.664 KiB)
  0.006294 seconds (1.10 k allocations: 104.953 KiB)
  0.000411 seconds (1.14 k allocations: 117.203 KiB)
  0.000461 seconds (1.12 k allocations: 105.328 KiB)
  0.000279 seconds (776 allocations: 81.594 KiB)
  0.000269 seconds (776 allocations: 81.594 KiB)
  0.000270 seconds (736 allocations: 80.969 KiB)
  0.000281 seconds (820 allocations: 82.281 KiB)
  0.000283 seconds (780 allocations: 81.656 KiB)
  0.000275 seconds (776 allocations: 81.594 KiB)
  0.000274 seconds (736 allocations: 80.969 KiB)
  0.000270 seconds (820 allocations: 82.281 KiB)
  0.000298 seconds (780 allocations: 81.656 KiB)
  0.000897 seconds (1.21 k allocations: 110.297 KiB)
  0.000404 seconds (1.15 k allocations: 117.219 KiB)
  0.000362 seconds (1.10 k allocations: 104.969 KiB)
  0.000415 seconds (1.12 k allocations: 116.906 KiB)
  0.020255 seconds (5.13 k allocations: 356.374 KiB)
  0.000256 seconds (761 allocations: 100.000 KiB)
  0.000263 seconds (763 allocations: 111.750 KiB)
  0.021749 seconds (5.35 k allocations: 324.026 KiB)
  0.000533 seconds (764 allocations: 80.984 KiB)
  0.000205 seconds (764 allocations: 80.984 KiB)
  0.000219 seconds (764 allocations: 80.984 KiB)
  0.026120 seconds (6.42 k allocations: 429.839 KiB)
  0.000253 seconds (762 allocations: 111.266 KiB)
  0.000547 seconds (63 allocations: 23.188 KiB)
  0.145372 seconds (87.80 k allocations: 4.403 MiB)
  0.053491 seconds (28.99 k allocations: 1.388 MiB)
  0.168805 seconds (94.68 k allocations: 4.702 MiB)
  0.050656 seconds (28.77 k allocations: 1.406 MiB)
  0.061643 seconds (30.06 k allocations: 1.468 MiB)
  0.000133 seconds (22 allocations: 5.625 KiB)
  0.000161 seconds (41 allocations: 17.859 KiB)
  0.000120 seconds (24 allocations: 9.156 KiB)
  0.000178 seconds (26 allocations: 7.094 KiB)
  0.000172 seconds (44 allocations: 18.844 KiB)
  0.000113 seconds (24 allocations: 9.156 KiB)
  0.000169 seconds (28 allocations: 11.797 KiB)
Test Summary:           | Pass  Total
Test MatrixEquations.jl | 1055   1055
    Testing MatrixEquations tests passed 
