Julia Version 1.3.0
Commit 46ce4d7933 (2019-11-26 06:09 UTC)
Platform Info:
  OS: Linux (x86_64-pc-linux-gnu)
  CPU: Intel(R) Xeon(R) Silver 4114 CPU @ 2.20GHz
  WORD_SIZE: 64
  LIBM: libopenlibm
  LLVM: libLLVM-6.0.1 (ORCJIT, skylake)
Environment:
  JULIA_DEPOT_PATH = ::/usr/local/share/julia

 Resolving package versions...
 Installed Requires ─── v1.0.0
 Installed StableDQMC ─ v0.1.3
  Updating `~/.julia/environments/v1.3/Project.toml`
  [0827807b] + StableDQMC v0.1.3
  Updating `~/.julia/environments/v1.3/Manifest.toml`
  [ae029012] + Requires v1.0.0
  [0827807b] + StableDQMC v0.1.3
  [2a0f44e3] + Base64 
  [ade2ca70] + Dates 
  [b77e0a4c] + InteractiveUtils 
  [76f85450] + LibGit2 
  [8f399da3] + Libdl 
  [37e2e46d] + LinearAlgebra 
  [56ddb016] + Logging 
  [d6f4376e] + Markdown 
  [44cfe95a] + Pkg 
  [de0858da] + Printf 
  [3fa0cd96] + REPL 
  [9a3f8284] + Random 
  [ea8e919c] + SHA 
  [9e88b42a] + Serialization 
  [6462fe0b] + Sockets 
  [cf7118a7] + UUIDs 
  [4ec0a83e] + Unicode 
   Testing StableDQMC
 Resolving package versions...
    Status `/tmp/jl_if7dag/Manifest.toml`
  [ae029012] Requires v1.0.0
  [0827807b] StableDQMC v0.1.3
  [2a0f44e3] Base64  [`@stdlib/Base64`]
  [ade2ca70] Dates  [`@stdlib/Dates`]
  [8ba89e20] Distributed  [`@stdlib/Distributed`]
  [b77e0a4c] InteractiveUtils  [`@stdlib/InteractiveUtils`]
  [76f85450] LibGit2  [`@stdlib/LibGit2`]
  [8f399da3] Libdl  [`@stdlib/Libdl`]
  [37e2e46d] LinearAlgebra  [`@stdlib/LinearAlgebra`]
  [56ddb016] Logging  [`@stdlib/Logging`]
  [d6f4376e] Markdown  [`@stdlib/Markdown`]
  [44cfe95a] Pkg  [`@stdlib/Pkg`]
  [de0858da] Printf  [`@stdlib/Printf`]
  [3fa0cd96] REPL  [`@stdlib/REPL`]
  [9a3f8284] Random  [`@stdlib/Random`]
  [ea8e919c] SHA  [`@stdlib/SHA`]
  [9e88b42a] Serialization  [`@stdlib/Serialization`]
  [6462fe0b] Sockets  [`@stdlib/Sockets`]
  [8dfed614] Test  [`@stdlib/Test`]
  [cf7118a7] UUIDs  [`@stdlib/UUIDs`]
  [4ec0a83e] Unicode  [`@stdlib/Unicode`]
   Cloning git-repo `https://github.com/RalphAS/JacobiSVD.jl`
[?25l    Fetching: [>                                        ]  0.0 %[2K[?25h  Updating git-repo `https://github.com/RalphAS/JacobiSVD.jl`
[?25l[2K[?25h  Updating git-repo `https://github.com/RalphAS/JacobiSVD.jl`
[?25l[2K[?25h Resolving package versions...
  Updating `/tmp/jl_if7dag/Project.toml`
  [2ca068c6] + JacobiSVD v0.0.0 #master (https://github.com/RalphAS/JacobiSVD.jl)
  Updating `/tmp/jl_if7dag/Manifest.toml`
  [2ca068c6] + JacobiSVD v0.0.0 #master (https://github.com/RalphAS/JacobiSVD.jl)
  [2a0f44e3] ~ Base64  [`@stdlib/Base64`] ⇒ 
  [ade2ca70] ~ Dates  [`@stdlib/Dates`] ⇒ 
  [8ba89e20] ~ Distributed  [`@stdlib/Distributed`] ⇒ 
  [b77e0a4c] ~ InteractiveUtils  [`@stdlib/InteractiveUtils`] ⇒ 
  [76f85450] ~ LibGit2  [`@stdlib/LibGit2`] ⇒ 
  [8f399da3] ~ Libdl  [`@stdlib/Libdl`] ⇒ 
  [56ddb016] ~ Logging  [`@stdlib/Logging`] ⇒ 
  [d6f4376e] ~ Markdown  [`@stdlib/Markdown`] ⇒ 
  [de0858da] ~ Printf  [`@stdlib/Printf`] ⇒ 
  [3fa0cd96] ~ REPL  [`@stdlib/REPL`] ⇒ 
  [ea8e919c] ~ SHA  [`@stdlib/SHA`] ⇒ 
  [9e88b42a] ~ Serialization  [`@stdlib/Serialization`] ⇒ 
  [6462fe0b] ~ Sockets  [`@stdlib/Sockets`] ⇒ 
  [cf7118a7] ~ UUIDs  [`@stdlib/UUIDs`] ⇒ 
  [4ec0a83e] ~ Unicode  [`@stdlib/Unicode`] ⇒ 
┌ Warning: Package StableDQMC does not have JacobiSVD in its dependencies:
│ - If you have StableDQMC checked out for development and have
│   added JacobiSVD as a dependency but haven't updated your primary
│   environment's manifest file, try `Pkg.resolve()`.
│ - Otherwise you may need to report an issue with StableDQMC
└ Loading JacobiSVD into StableDQMC from project dependency, future warnings for StableDQMC are suppressed.
 Resolving package versions...
 Installed GenericSVD ─ v0.2.2
  Updating `/tmp/jl_if7dag/Project.toml`
  [01680d73] + GenericSVD v0.2.2
  Updating `/tmp/jl_if7dag/Manifest.toml`
  [01680d73] + GenericSVD v0.2.2
Test Summary: | Pass  Total
StableDQMC.jl |  156    156
   Testing StableDQMC tests passed 
