Julia Version 1.3.2-pre.0
Commit 2e6715c045 (2019-12-31 00:49 UTC)
Platform Info:
  OS: Linux (x86_64-linux-gnu)
  CPU: Intel(R) Xeon(R) Silver 4114 CPU @ 2.20GHz
  WORD_SIZE: 64
  LIBM: libopenlibm
  LLVM: libLLVM-6.0.1 (ORCJIT, skylake)
Environment:
  JULIA_DEPOT_PATH = ::/usr/local/share/julia

 Resolving package versions...
 Installed Format ─ v1.1.0
  Updating `~/.julia/environments/v1.3/Project.toml`
  [1fa38f19] + Format v1.1.0
  Updating `~/.julia/environments/v1.3/Manifest.toml`
  [1fa38f19] + Format v1.1.0
  [de0858da] + Printf 
  [4ec0a83e] + Unicode 
   Testing Format
 Resolving package versions...
    Status `/tmp/jl_fmO0Q2/Manifest.toml`
  [1fa38f19] Format v1.1.0
  [2a0f44e3] Base64  [`@stdlib/Base64`]
  [8ba89e20] Distributed  [`@stdlib/Distributed`]
  [b77e0a4c] InteractiveUtils  [`@stdlib/InteractiveUtils`]
  [56ddb016] Logging  [`@stdlib/Logging`]
  [d6f4376e] Markdown  [`@stdlib/Markdown`]
  [de0858da] Printf  [`@stdlib/Printf`]
  [9a3f8284] Random  [`@stdlib/Random`]
  [9e88b42a] Serialization  [`@stdlib/Serialization`]
  [6462fe0b] Sockets  [`@stdlib/Sockets`]
  [8dfed614] Test  [`@stdlib/Test`]
  [4ec0a83e] Unicode  [`@stdlib/Unicode`]
test cformat equality...
...Done
 19.622000 seconds (8.10 M allocations: 450.617 MiB, 2.42% gc time)

Test speed
integer @sprintf speed
  0.141381 seconds (835.52 k allocations: 50.793 MiB, 3.61% gc time)
integer sprintf speed
 33.518244 seconds (8.82 M allocations: 513.804 MiB, 0.25% gc time)
integer sprintf speed, bypass repeated lookup
  0.253085 seconds (1.42 M allocations: 59.001 MiB, 10.86% gc time)

float64 @sprintf speed
  0.213677 seconds (886.17 k allocations: 53.302 MiB, 8.16% gc time)
float64 sprintf speed
 33.577813 seconds (8.64 M allocations: 512.066 MiB, 0.19% gc time)
float64 sprintf speed, bypass repeated lookup
  0.251734 seconds (1.44 M allocations: 60.411 MiB, 5.08% gc time)
Test Summary: |   Pass   Total
cformat       | 100067  100067
Test Summary: | Pass  Total
fmtspec       |  171    171

Test Summary: | Pass  Total
formatexpr    |   37     37
Test Summary: | Pass  Total
fmt           |   23     23
   Testing Format tests passed 
