Julia Version 1.3.0
Commit 46ce4d7933 (2019-11-26 06:09 UTC)
Platform Info:
  OS: Linux (x86_64-pc-linux-gnu)
  CPU: Intel(R) Xeon(R) Silver 4114 CPU @ 2.20GHz
  WORD_SIZE: 64
  LIBM: libopenlibm
  LLVM: libLLVM-6.0.1 (ORCJIT, skylake)
Environment:
  JULIA_DEPOT_PATH = ::/usr/local/share/julia

 Resolving package versions...
 Installed FastRounding ────────── v0.2.0
 Installed Compat ──────────────── v2.2.0
 Installed DiffResults ─────────── v1.0.1
 Installed StaticArrays ────────── v0.12.1
 Installed DataStructures ──────── v0.17.6
 Installed BinaryProvider ──────── v0.5.8
 Installed JuMP ────────────────── v0.20.1
 Installed LazySets ────────────── v1.24.0
 Installed Parsers ─────────────── v0.3.10
 Installed OrderedCollections ──── v1.1.0
 Installed SpecialFunctions ────── v0.9.0
 Installed JSON ────────────────── v0.21.0
 Installed CommonSubexpressions ── v0.2.0
 Installed SetRounding ─────────── v0.2.0
 Installed MathOptInterface ────── v0.9.7
 Installed CRlibm ──────────────── v0.8.0
 Installed ForwardDiff ─────────── v0.10.8
 Installed RecipesBase ─────────── v0.7.0
 Installed GLPKMathProgInterface ─ v0.4.4
 Installed NaNMath ─────────────── v0.3.3
 Installed ErrorfreeArithmetic ─── v0.4.0
 Installed OpenSpecFun_jll ─────── v0.5.3+1
 Installed DiffRules ───────────── v1.0.0
 Installed MathProgBase ────────── v0.7.7
 Installed IntervalArithmetic ──── v0.16.2
 Installed Calculus ────────────── v0.5.1
 Installed Requires ────────────── v0.5.2
 Installed Reexport ────────────── v0.2.0
 Installed BenchmarkTools ──────── v0.4.3
 Installed GLPK ────────────────── v0.11.4
  Updating `~/.julia/environments/v1.3/Project.toml`
  [b4f0291d] + LazySets v1.24.0
  Updating `~/.julia/environments/v1.3/Manifest.toml`
  [6e4b80f9] + BenchmarkTools v0.4.3
  [b99e7846] + BinaryProvider v0.5.8
  [96374032] + CRlibm v0.8.0
  [49dc2e85] + Calculus v0.5.1
  [bbf7d656] + CommonSubexpressions v0.2.0
  [34da2185] + Compat v2.2.0
  [864edb3b] + DataStructures v0.17.6
  [163ba53b] + DiffResults v1.0.1
  [b552c78f] + DiffRules v1.0.0
  [90fa49ef] + ErrorfreeArithmetic v0.4.0
  [fa42c844] + FastRounding v0.2.0
  [f6369f11] + ForwardDiff v0.10.8
  [60bf3e95] + GLPK v0.11.4
  [3c7084bd] + GLPKMathProgInterface v0.4.4
  [d1acc4aa] + IntervalArithmetic v0.16.2
  [682c06a0] + JSON v0.21.0
  [4076af6c] + JuMP v0.20.1
  [b4f0291d] + LazySets v1.24.0
  [b8f27783] + MathOptInterface v0.9.7
  [fdba3010] + MathProgBase v0.7.7
  [77ba4419] + NaNMath v0.3.3
  [efe28fd5] + OpenSpecFun_jll v0.5.3+1
  [bac558e1] + OrderedCollections v1.1.0
  [69de0a69] + Parsers v0.3.10
  [3cdcf5f2] + RecipesBase v0.7.0
  [189a3867] + Reexport v0.2.0
  [ae029012] + Requires v0.5.2
  [3cc68bcd] + SetRounding v0.2.0
  [276daf66] + SpecialFunctions v0.9.0
  [90137ffa] + StaticArrays v0.12.1
  [2a0f44e3] + Base64 
  [ade2ca70] + Dates 
  [8bb1440f] + DelimitedFiles 
  [8ba89e20] + Distributed 
  [b77e0a4c] + InteractiveUtils 
  [76f85450] + LibGit2 
  [8f399da3] + Libdl 
  [37e2e46d] + LinearAlgebra 
  [56ddb016] + Logging 
  [d6f4376e] + Markdown 
  [a63ad114] + Mmap 
  [44cfe95a] + Pkg 
  [de0858da] + Printf 
  [3fa0cd96] + REPL 
  [9a3f8284] + Random 
  [ea8e919c] + SHA 
  [9e88b42a] + Serialization 
  [1a1011a3] + SharedArrays 
  [6462fe0b] + Sockets 
  [2f01184e] + SparseArrays 
  [10745b16] + Statistics 
  [8dfed614] + Test 
  [cf7118a7] + UUIDs 
  [4ec0a83e] + Unicode 
  Building CRlibm → `~/.julia/packages/CRlibm/NFCH5/deps/build.log`
[ Info: No changes
  Building GLPK ──→ `~/.julia/packages/GLPK/lOaTT/deps/build.log`
   Testing LazySets
 Resolving package versions...
 Installed CDDLib ────────────────────── v0.5.3
 Installed Distributions ─────────────── v0.21.11
 Installed Expokit ───────────────────── v0.2.0
 Installed IntervalMatrices ──────────── v0.2.3
 Installed Makie ─────────────────────── v0.9.5
 Installed Documenter ────────────────── v0.24.3
 Installed Optim ─────────────────────── v0.19.7
 Installed Plots ─────────────────────── v0.28.4
 Installed TaylorModels ──────────────── v0.3.0
 Installed Polyhedra ─────────────────── v0.5.6
 Installed PlotThemes ────────────────── v1.0.1
 Installed Ratios ────────────────────── v0.3.1
 Installed GR ────────────────────────── v0.44.0
 Installed KernelDensity ─────────────── v0.5.1
 Installed Arpack ────────────────────── v0.4.0
 Installed NamedArrays ───────────────── v0.9.3
 Installed SortingAlgorithms ─────────── v0.3.1
 Installed URIParser ─────────────────── v0.4.0
 Installed Packing ───────────────────── v0.3.0
 Installed FFTW_jll ──────────────────── v3.3.9+3
 Installed AxisAlgorithms ────────────── v1.0.0
 Installed PaddedViews ───────────────── v0.4.2
 Installed Espresso ──────────────────── v0.6.0
 Installed FFTW ──────────────────────── v1.2.0
 Installed FileIO ────────────────────── v1.2.0
 Installed Libtiff_jll ───────────────── v4.0.10+0
 Installed IntelOpenMP_jll ───────────── v2018.0.3+0
 Installed Roots ─────────────────────── v0.8.4
 Installed CategoricalArrays ─────────── v0.7.4
 Installed FreeType ──────────────────── v2.1.1
 Installed QuadGK ────────────────────── v2.3.1
 Installed FunctionWrappers ──────────── v1.0.0
 Installed LineSearches ──────────────── v7.0.1
 Installed StatsFuns ─────────────────── v0.9.3
 Installed InvertedIndices ───────────── v1.0.0
 Installed IterTools ─────────────────── v1.3.0
 Installed DocStringExtensions ───────── v0.8.1
 Installed NLSolversBase ─────────────── v7.5.0
 Installed Combinatorics ─────────────── v1.0.0
 Installed Missings ──────────────────── v0.4.3
 Installed Rmath ─────────────────────── v0.6.0
 Installed MacroTools ────────────────── v0.5.3
 Installed TableTraits ───────────────── v1.0.0
 Installed Loess ─────────────────────── v0.5.0
 Installed TreeViews ─────────────────── v0.3.0
 Installed Parameters ────────────────── v0.12.0
 Installed PositiveFactorizations ────── v0.2.3
 Installed IntervalSets ──────────────── v0.3.2
 Installed StatsMakie ────────────────── v0.0.6
 Installed FixedPointNumbers ─────────── v0.6.1
 Installed Showoff ───────────────────── v0.3.1
 Installed Observables ───────────────── v0.2.3
 Installed OpenBLAS_jll ──────────────── v0.3.7+1
 Installed ColorBrewer ───────────────── v0.4.0
 Installed ImageMagick_jll ───────────── v6.9.10-12+0
 Installed ParameterJuMP ─────────────── v0.1.2
 Installed Arpack_jll ────────────────── v3.5.0+2
 Installed PlotUtils ─────────────────── v0.6.1
 Installed ColorTypes ────────────────── v0.8.1
 Installed StructArrays ──────────────── v0.4.0
 Installed BinDeps ───────────────────── v1.0.0
 Installed Distances ─────────────────── v0.8.2
 Installed FreeTypeAbstraction ───────── v0.4.2
 Installed DataAPI ───────────────────── v1.1.0
 Installed Tables ────────────────────── v0.2.11
 Installed Polynomials ───────────────── v0.6.0
 Installed DataValueInterfaces ───────── v1.0.0
 Installed MKL_jll ───────────────────── v2019.0.117+0
 Installed ImageCore ─────────────────── v0.8.6
 Installed Interpolations ────────────── v0.12.5
 Installed SignedDistanceFields ──────── v0.4.0
 Installed CMake ─────────────────────── v1.1.2
 Installed ArrayInterface ────────────── v2.1.0
 Installed ColorSchemes ──────────────── v3.5.0
 Installed DiffEqDiffTools ───────────── v1.6.0
 Installed ImageMagick ───────────────── v1.1.0
 Installed MeshIO ────────────────────── v0.3.1
 Installed ColorVectorSpace ──────────── v0.8.0
 Installed Colors ────────────────────── v0.9.6
 Installed FreqTables ────────────────── v0.3.1
 Installed GLFW ──────────────────────── v3.1.0
 Installed Graphics ──────────────────── v1.0.0
 Installed Measures ──────────────────── v0.3.1
 Installed DiffEqBase ────────────────── v6.9.1
 Installed Widgets ───────────────────── v0.6.2
 Installed Contour ───────────────────── v0.5.1
 Installed GLMakie ───────────────────── v0.0.11
 Installed MuladdMacro ───────────────── v0.2.1
 Installed MappedArrays ──────────────── v0.2.2
 Installed Zlib_jll ──────────────────── v1.2.11+7
 Installed GeometryTypes ─────────────── v0.7.6
 Installed IteratorInterfaceExtensions ─ v1.0.0
 Installed TaylorSeries ──────────────── v0.10.1
 Installed JpegTurbo_jll ─────────────── v2.0.1+0
 Installed PooledArrays ──────────────── v0.5.2
 Installed UnicodeFun ────────────────── v0.4.0
 Installed RecursiveArrayTools ───────── v1.2.0
 Installed libpng_jll ────────────────── v1.6.37+2
 Installed RecursiveFactorization ────── v0.1.0
 Installed FillArrays ────────────────── v0.8.2
 Installed FFMPEG ────────────────────── v0.2.4
 Installed OffsetArrays ──────────────── v0.11.4
 Installed StatsBase ─────────────────── v0.32.0
 Installed PDMats ────────────────────── v0.9.10
 Installed ZygoteRules ───────────────── v0.2.0
 Installed ModernGL ──────────────────── v1.1.1
 Installed IterativeSolvers ──────────── v0.8.1
 Installed WoodburyMatrices ──────────── v0.4.1
 Installed AbstractFFTs ──────────────── v0.5.0
 Installed Zstd_jll ──────────────────── v1.4.2+0
 Installed AbstractPlotting ──────────── v0.9.14
 Installed TaylorIntegration ─────────── v0.7.1
  Building CDDLib ──→ `~/.julia/packages/CDDLib/AcD7T/deps/build.log`
  Building GR ──────→ `~/.julia/packages/GR/oiZD3/deps/build.log`
  Building FFMPEG ──→ `~/.julia/packages/FFMPEG/guN1x/deps/build.log`
  Building Plots ───→ `~/.julia/packages/Plots/qZHsp/deps/build.log`
  Building FFTW ────→ `~/.julia/packages/FFTW/qqcBj/deps/build.log`
  Building FreeType → `~/.julia/packages/FreeType/2dE5w/deps/build.log`
  Building Rmath ───→ `~/.julia/packages/Rmath/BoBag/deps/build.log`
  Building CMake ───→ `~/.julia/packages/CMake/nSK2r/deps/build.log`
  Building GLFW ────→ `~/.julia/packages/GLFW/e257h/deps/build.log`
┌ Error: Error building `GLFW`: 
│ -- The C compiler identification is GNU 7.4.0
│ -- Check for working C compiler: /usr/bin/cc
│ -- Check for working C compiler: /usr/bin/cc -- works
│ -- Detecting C compiler ABI info
│ -- Detecting C compiler ABI info - done
│ -- Detecting C compile features
│ -- Detecting C compile features - done
│ -- Looking for pthread.h
│ -- Looking for pthread.h - found
│ -- Looking for pthread_create
│ -- Looking for pthread_create - not found
│ -- Looking for pthread_create in pthreads
│ -- Looking for pthread_create in pthreads - not found
│ -- Looking for pthread_create in pthread
│ -- Looking for pthread_create in pthread - found
│ -- Found Threads: TRUE  
│ -- Using X11 for window creation
│ CMake Error at /home/pkgeval/.julia/packages/CMake/nSK2r/deps/downloads/cmake-3.12.3-Linux-x86_64/share/cmake-3.12/Modules/FindX11.cmake:429 (message):
│   Could not find X11
│ Call Stack (most recent call first):
│   CMakeLists.txt:205 (find_package)
│ 
│ 
│ -- Configuring incomplete, errors occurred!
│ See also "/home/pkgeval/.julia/packages/GLFW/e257h/deps/usr/downloads/src/build/CMakeFiles/CMakeOutput.log".
│ See also "/home/pkgeval/.julia/packages/GLFW/e257h/deps/usr/downloads/src/build/CMakeFiles/CMakeError.log".
│ [ Info: Downloading https://github.com/glfw/glfw/archive/3.3.tar.gz to /home/pkgeval/.julia/packages/GLFW/e257h/deps/usr/downloads/src.tar.gz...
│ [ Info: Unpacking /home/pkgeval/.julia/packages/GLFW/e257h/deps/usr/downloads/src.tar.gz into /home/pkgeval/.julia/packages/GLFW/e257h/deps/usr/downloads/src
│ ┌ Warning: 
│ │ ================================================================
│ │ ================================================================
│ │ === Building GLFW has failed. Most common problem is,        ===
│ │ === that you don't have x-org installed.                     ===
│ │ === You can install it via: `sudo apt-get install xorg-dev`  ===
│ │ ================================================================
│ │ ================================================================
│ └ @ Main ~/.julia/packages/GLFW/e257h/deps/build.jl:56
│ ERROR: LoadError: failed process: Process(`/home/pkgeval/.julia/packages/CMake/nSK2r/deps/usr/bin/cmake -DBUILD_SHARED_LIBS=on -DGLFW_BUILD_DOCS=OFF -DGLFW_BUILD_EXAMPLES=OFF -DGLFW_BUILD_TESTS=OFF ..`, ProcessExited(1)) [1]
│ 
│ Stacktrace:
│  [1] pipeline_error at ./process.jl:525 [inlined]
│  [2] #run#565(::Bool, ::typeof(run), ::Cmd) at ./process.jl:440
│  [3] run at ./process.jl:438 [inlined]
│  [4] (::var"#9#10")() at /home/pkgeval/.julia/packages/GLFW/e257h/deps/build.jl:51
│  [5] cd(::var"#9#10", ::String) at ./file.jl:104
│  [6] top-level scope at /home/pkgeval/.julia/packages/GLFW/e257h/deps/build.jl:43
│  [7] include at ./boot.jl:328 [inlined]
│  [8] include_relative(::Module, ::String) at ./loading.jl:1105
│  [9] include(::Module, ::String) at ./Base.jl:31
│  [10] include(::String) at ./client.jl:424
│  [11] top-level scope at none:5
│ in expression starting at /home/pkgeval/.julia/packages/GLFW/e257h/deps/build.jl:21
│ [09:06:38] #=#=#                                                                         [09:06:38] ##O#- #                                                                       [09:06:38] ##O=#  #                                                                      [09:06:38] 
└ @ Pkg.Operations /buildworker/worker/package_linux64/build/usr/share/julia/stdlib/v1.3/Pkg/src/backwards_compatible_isolation.jl:649
  Building ModernGL → `~/.julia/packages/ModernGL/Cr1A7/deps/build.log`
[ Info: No changes
  Building GLMakie ─→ `~/.julia/packages/GLMakie/DK7aq/deps/build.log`
┌ Error: Error building `GLMakie`: 
│ ERROR: LoadError: GLFW not installed properly, run Pkg.build("GLFW"), restart Julia and try again
│ Stacktrace:
│  [1] error(::String) at ./error.jl:33
│  [2] top-level scope at /home/pkgeval/.julia/packages/GLFW/e257h/src/GLFW.jl:5
│  [3] include at ./boot.jl:328 [inlined]
│  [4] include_relative(::Module, ::String) at ./loading.jl:1105
│  [5] include(::Module, ::String) at ./Base.jl:31
│  [6] top-level scope at none:2
│  [7] eval at ./boot.jl:330 [inlined]
│  [8] eval(::Expr) at ./client.jl:425
│  [9] top-level scope at ./none:3
│ in expression starting at /home/pkgeval/.julia/packages/GLFW/e257h/src/GLFW.jl:4
│ ERROR: LoadError: OpenGL/GLFW wasn't installed correctly. This likely means,
│ you don't have an OpenGL capable Graphic Card,
│ you don't have the newest video driver installed,
│ or the GLFW build failed. If you're on linux and `]build` GLFW failed,
│ try manually adding `sudo apt-get install libglfw3` and then `]build GLMakie`.
│ If you're on a headless server, you still need to install x-server and
│ proper GPU drivers. You can take inspiration from this article
│ on how to get Makie running on a headless system:
│ https://nextjournal.com/sdanisch/makie-1.0
│ If you don't have a GPU, there is also a Cairo software backend
│ for Makie which you can use:
│ https://github.com/JuliaPlots/CairoMakie.jl.
│ Please check the below error and open an issue at:
│ https://github.com/JuliaPlots/GLMakie.jl.
│ After you fixed your OpenGL install, please run `]build GLMakie` again!
│ GLMakie will still load, but will be disabled as a default backend for Makie
│ 
│ Stacktrace:
│  [1] error(::String) at ./error.jl:33
│  [2] top-level scope at /home/pkgeval/.julia/packages/GLMakie/DK7aq/deps/build.jl:28
│  [3] include at ./boot.jl:328 [inlined]
│  [4] include_relative(::Module, ::String) at ./loading.jl:1105
│  [5] include(::Module, ::String) at ./Base.jl:31
│  [6] include(::String) at ./client.jl:424
│  [7] top-level scope at none:5
│ in expression starting at /home/pkgeval/.julia/packages/GLMakie/DK7aq/deps/build.jl:19
│ caused by [exception 1]
│ Failed to precompile GLFW [f7f18e0c-5ee9-5ccd-a5bf-e8befd85ed98] to /home/pkgeval/.julia/compiled/v1.3/GLFW/n8HlT_dazhQ.ji.
│ Stacktrace:
│  [1] error(::String) at ./error.jl:33
│  [2] compilecache(::Base.PkgId, ::String) at ./loading.jl:1283
│  [3] _require(::Base.PkgId) at ./loading.jl:1024
│  [4] require(::Base.PkgId) at ./loading.jl:922
│  [5] require(::Module, ::Symbol) at ./loading.jl:917
│  [6] top-level scope at /home/pkgeval/.julia/packages/GLMakie/DK7aq/deps/build.jl:20
│  [7] include at ./boot.jl:328 [inlined]
│  [8] include_relative(::Module, ::String) at ./loading.jl:1105
│  [9] include(::Module, ::String) at ./Base.jl:31
│  [10] include(::String) at ./client.jl:424
│  [11] top-level scope at none:5
└ @ Pkg.Operations /buildworker/worker/package_linux64/build/usr/share/julia/stdlib/v1.3/Pkg/src/backwards_compatible_isolation.jl:649
    Status `/tmp/jl_Yl62h1/Manifest.toml`
  [621f4979] AbstractFFTs v0.5.0
  [537997a7] AbstractPlotting v0.9.14
  [7d9fca2a] Arpack v0.4.0
  [68821587] Arpack_jll v3.5.0+2
  [4fba245c] ArrayInterface v2.1.0
  [13072b0f] AxisAlgorithms v1.0.0
  [6e4b80f9] BenchmarkTools v0.4.3
  [9e28174c] BinDeps v1.0.0
  [b99e7846] BinaryProvider v0.5.8
  [3391f64e] CDDLib v0.5.3
  [631607c0] CMake v1.1.2
  [96374032] CRlibm v0.8.0
  [49dc2e85] Calculus v0.5.1
  [324d7699] CategoricalArrays v0.7.4
  [a2cac450] ColorBrewer v0.4.0
  [35d6a980] ColorSchemes v3.5.0
  [3da002f7] ColorTypes v0.8.1
  [c3611d14] ColorVectorSpace v0.8.0
  [5ae59095] Colors v0.9.6
  [861a8166] Combinatorics v1.0.0
  [bbf7d656] CommonSubexpressions v0.2.0
  [34da2185] Compat v2.2.0
  [d38c429a] Contour v0.5.1
  [9a962f9c] DataAPI v1.1.0
  [864edb3b] DataStructures v0.17.6
  [e2d170a0] DataValueInterfaces v1.0.0
  [2b5f629d] DiffEqBase v6.9.1
  [01453d9d] DiffEqDiffTools v1.6.0
  [163ba53b] DiffResults v1.0.1
  [b552c78f] DiffRules v1.0.0
  [b4f34e82] Distances v0.8.2
  [31c24e10] Distributions v0.21.11
  [ffbed154] DocStringExtensions v0.8.1
  [e30172f5] Documenter v0.24.3
  [90fa49ef] ErrorfreeArithmetic v0.4.0
  [6912e4f1] Espresso v0.6.0
  [a1e7a1ef] Expokit v0.2.0
  [c87230d0] FFMPEG v0.2.4
  [7a1cc6ca] FFTW v1.2.0
  [f5851436] FFTW_jll v3.3.9+3
  [fa42c844] FastRounding v0.2.0
  [5789e2e9] FileIO v1.2.0
  [1a297f60] FillArrays v0.8.2
  [53c48c17] FixedPointNumbers v0.6.1
  [f6369f11] ForwardDiff v0.10.8
  [b38be410] FreeType v2.1.1
  [663a7486] FreeTypeAbstraction v0.4.2
  [da1fdf0e] FreqTables v0.3.1
  [069b7b12] FunctionWrappers v1.0.0
  [f7f18e0c] GLFW v3.1.0
  [e9467ef8] GLMakie v0.0.11
  [60bf3e95] GLPK v0.11.4
  [3c7084bd] GLPKMathProgInterface v0.4.4
  [28b8d3ca] GR v0.44.0
  [4d00f742] GeometryTypes v0.7.6
  [a2bd30eb] Graphics v1.0.0
  [a09fc81d] ImageCore v0.8.6
  [6218d12a] ImageMagick v1.1.0
  [c73af94c] ImageMagick_jll v6.9.10-12+0
  [1d5cc7b8] IntelOpenMP_jll v2018.0.3+0
  [a98d9a8b] Interpolations v0.12.5
  [d1acc4aa] IntervalArithmetic v0.16.2
  [5c1f47dc] IntervalMatrices v0.2.3
  [8197267c] IntervalSets v0.3.2
  [41ab1584] InvertedIndices v1.0.0
  [c8e1da08] IterTools v1.3.0
  [42fd0dbc] IterativeSolvers v0.8.1
  [82899510] IteratorInterfaceExtensions v1.0.0
  [682c06a0] JSON v0.21.0
  [aacddb02] JpegTurbo_jll v2.0.1+0
  [4076af6c] JuMP v0.20.1
  [5ab0869b] KernelDensity v0.5.1
  [b4f0291d] LazySets v1.24.0
  [89763e89] Libtiff_jll v4.0.10+0
  [d3d80556] LineSearches v7.0.1
  [4345ca2d] Loess v0.5.0
  [856f044c] MKL_jll v2019.0.117+0
  [1914dd2f] MacroTools v0.5.3
  [ee78f7c6] Makie v0.9.5
  [dbb5928d] MappedArrays v0.2.2
  [b8f27783] MathOptInterface v0.9.7
  [fdba3010] MathProgBase v0.7.7
  [442fdcdd] Measures v0.3.1
  [7269a6da] MeshIO v0.3.1
  [e1d29d7a] Missings v0.4.3
  [66fc600b] ModernGL v1.1.1
  [46d2c3a1] MuladdMacro v0.2.1
  [d41bc354] NLSolversBase v7.5.0
  [77ba4419] NaNMath v0.3.3
  [86f7a689] NamedArrays v0.9.3
  [510215fc] Observables v0.2.3
  [6fe1bfb0] OffsetArrays v0.11.4
  [4536629a] OpenBLAS_jll v0.3.7+1
  [efe28fd5] OpenSpecFun_jll v0.5.3+1
  [429524aa] Optim v0.19.7
  [bac558e1] OrderedCollections v1.1.0
  [90014a1f] PDMats v0.9.10
  [19eb6ba3] Packing v0.3.0
  [5432bcbf] PaddedViews v0.4.2
  [774612a8] ParameterJuMP v0.1.2
  [d96e819e] Parameters v0.12.0
  [69de0a69] Parsers v0.3.10
  [ccf2f8ad] PlotThemes v1.0.1
  [995b91a9] PlotUtils v0.6.1
  [91a5bcdd] Plots v0.28.4
  [67491407] Polyhedra v0.5.6
  [f27b6e38] Polynomials v0.6.0
  [2dfb63ee] PooledArrays v0.5.2
  [85a6dd25] PositiveFactorizations v0.2.3
  [1fd47b50] QuadGK v2.3.1
  [c84ed2f1] Ratios v0.3.1
  [3cdcf5f2] RecipesBase v0.7.0
  [731186ca] RecursiveArrayTools v1.2.0
  [f2c3362d] RecursiveFactorization v0.1.0
  [189a3867] Reexport v0.2.0
  [ae029012] Requires v0.5.2
  [79098fc4] Rmath v0.6.0
  [f2b01f46] Roots v0.8.4
  [3cc68bcd] SetRounding v0.2.0
  [992d4aef] Showoff v0.3.1
  [73760f76] SignedDistanceFields v0.4.0
  [a2af1166] SortingAlgorithms v0.3.1
  [276daf66] SpecialFunctions v0.9.0
  [90137ffa] StaticArrays v0.12.1
  [2913bbd2] StatsBase v0.32.0
  [4c63d2b9] StatsFuns v0.9.3
  [65254759] StatsMakie v0.0.6
  [09ab397b] StructArrays v0.4.0
  [3783bdb8] TableTraits v1.0.0
  [bd369af6] Tables v0.2.11
  [92b13dbe] TaylorIntegration v0.7.1
  [314ce334] TaylorModels v0.3.0
  [6aa5eb33] TaylorSeries v0.10.1
  [a2a6695c] TreeViews v0.3.0
  [30578b45] URIParser v0.4.0
  [1cfade01] UnicodeFun v0.4.0
  [cc8bc4a8] Widgets v0.6.2
  [efce3f68] WoodburyMatrices v0.4.1
  [83775a58] Zlib_jll v1.2.11+7
  [3161d3a3] Zstd_jll v1.4.2+0
  [700de1a5] ZygoteRules v0.2.0
  [b53b4c65] libpng_jll v1.6.37+2
  [2a0f44e3] Base64  [`@stdlib/Base64`]
  [ade2ca70] Dates  [`@stdlib/Dates`]
  [8bb1440f] DelimitedFiles  [`@stdlib/DelimitedFiles`]
  [8ba89e20] Distributed  [`@stdlib/Distributed`]
  [9fa8497b] Future  [`@stdlib/Future`]
  [b77e0a4c] InteractiveUtils  [`@stdlib/InteractiveUtils`]
  [76f85450] LibGit2  [`@stdlib/LibGit2`]
  [8f399da3] Libdl  [`@stdlib/Libdl`]
  [37e2e46d] LinearAlgebra  [`@stdlib/LinearAlgebra`]
  [56ddb016] Logging  [`@stdlib/Logging`]
  [d6f4376e] Markdown  [`@stdlib/Markdown`]
  [a63ad114] Mmap  [`@stdlib/Mmap`]
  [44cfe95a] Pkg  [`@stdlib/Pkg`]
  [de0858da] Printf  [`@stdlib/Printf`]
  [3fa0cd96] REPL  [`@stdlib/REPL`]
  [9a3f8284] Random  [`@stdlib/Random`]
  [ea8e919c] SHA  [`@stdlib/SHA`]
  [9e88b42a] Serialization  [`@stdlib/Serialization`]
  [1a1011a3] SharedArrays  [`@stdlib/SharedArrays`]
  [6462fe0b] Sockets  [`@stdlib/Sockets`]
  [2f01184e] SparseArrays  [`@stdlib/SparseArrays`]
  [10745b16] Statistics  [`@stdlib/Statistics`]
  [4607b0f0] SuiteSparse  [`@stdlib/SuiteSparse`]
  [8dfed614] Test  [`@stdlib/Test`]
  [cf7118a7] UUIDs  [`@stdlib/UUIDs`]
  [4ec0a83e] Unicode  [`@stdlib/Unicode`]
Test Summary: | Pass  Total
LazySets.Util |   51     51
 22.300129 seconds (20.75 M allocations: 1.014 GiB, 3.16% gc time)
Test Summary:        | Pass  Total
LazySets.Comparisons |   10     10
  0.399360 seconds (216.24 k allocations: 10.160 MiB, 4.46% gc time)
Test Summary:     | Pass  Total
LazySets.Interior |   16     16
  3.030262 seconds (2.24 M allocations: 113.386 MiB, 2.08% gc time)
Test Summary:   | Pass  Total
LazySets.CDDLib |    3      3
  0.125922 seconds (132.25 k allocations: 7.197 MiB)
Test Summary:      | Pass  Total
LazySets.Singleton |  153    153
107.494820 seconds (153.91 M allocations: 8.789 GiB, 6.04% gc time)
Test Summary:  | Pass  Total
LazySets.Ball1 |   84     84
  5.825478 seconds (3.12 M allocations: 155.367 MiB, 2.43% gc time)
Test Summary:  | Pass  Total
LazySets.Ball2 |   82     82
  8.200691 seconds (5.85 M allocations: 293.413 MiB, 4.11% gc time)
Test Summary:  | Pass  Total
LazySets.Ballp |   38     38
  2.093717 seconds (1.25 M allocations: 62.327 MiB, 2.63% gc time)
Test Summary:    | Pass  Total
LazySets.BallInf |  120    120
 53.515157 seconds (55.61 M allocations: 3.173 GiB, 5.65% gc time)
Test Summary:           | Pass  Total
LazySets.Hyperrectangle |  240    240
 41.509709 seconds (26.77 M allocations: 1.339 GiB, 3.68% gc time)
Test Summary:    | Pass  Total
LazySets.Polygon |  552    552
 55.182669 seconds (29.62 M allocations: 1.480 GiB, 4.69% gc time)
Test Summary:     | Pass  Total
LazySets.Polytope |  178    178
209.326622 seconds (220.61 M allocations: 11.867 GiB, 6.11% gc time)
Test Summary:       | Pass  Total
LazySets.Polyhedron |   98     98
 19.686369 seconds (13.76 M allocations: 743.478 MiB, 4.77% gc time)
┌ Warning: Problem is infeasible, but infeasibility ray ("Farkas proof") is unavailable; check that the proper solver options are set.
└ @ MathProgBase.HighLevelInterface ~/.julia/packages/MathProgBase/rVlFR/src/HighLevelInterface/linprog.jl:89
Test Summary:     | Pass  Total
LazySets.Zonotope |  183    183
 48.350253 seconds (31.59 M allocations: 1.559 GiB, 4.42% gc time)
Test Summary:    | Pass  Total
LazySets.ZeroSet |   54     54
  3.664293 seconds (1.69 M allocations: 87.101 MiB, 6.49% gc time)
Test Summary:     | Pass  Total
LazySets.EmptySet |   89     89
  1.382331 seconds (352.49 k allocations: 18.938 MiB)
Test Summary:      | Pass  Total
LazySets.Ellipsoid |   52     52
  5.378566 seconds (3.42 M allocations: 170.301 MiB, 4.21% gc time)
Test Summary:       | Pass  Total
LazySets.Hyperplane |   93     93
  8.575776 seconds (8.09 M allocations: 432.331 MiB, 5.01% gc time)
Test Summary:      | Pass  Total
LazySets.HalfSpace |  111    111
  2.856128 seconds (1.24 M allocations: 63.838 MiB, 6.08% gc time)
Test Summary:     | Pass  Total
LazySets.Interval |  168    168
 17.306930 seconds (11.01 M allocations: 546.243 MiB, 3.77% gc time)
Test Summary:        | Pass  Total
LazySets.LineSegment |  177    177
  8.305128 seconds (2.42 M allocations: 123.578 MiB, 2.18% gc time)
Test Summary: | Pass  Total
LazySets.Line |   51     51
  2.219706 seconds (876.69 k allocations: 43.765 MiB, 4.93% gc time)
Test Summary:     | Pass  Total
LazySets.Universe |   94     94
  3.754915 seconds (1.05 M allocations: 53.475 MiB)
Test Summary:     | Pass  Total
LazySets.Bloating |   52     52
  1.550337 seconds (556.13 k allocations: 29.214 MiB)
Test Summary:         | Pass  Total
LazySets.Intersection |   80     80
 10.787546 seconds (7.75 M allocations: 410.012 MiB, 4.82% gc time)
Test Summary:       | Pass  Total
LazySets.ConvexHull |   96     96
  4.262372 seconds (1.80 M allocations: 91.469 MiB, 3.86% gc time)
Test Summary:           | Pass  Total
LazySets.ExponentialMap |   52     52
 48.478550 seconds (40.58 M allocations: 2.059 GiB, 5.36% gc time)
Test Summary:      | Pass  Total
LazySets.LinearMap |  105    105
  5.188699 seconds (2.01 M allocations: 103.258 MiB, 1.81% gc time)
Test Summary:         | Pass  Total
LazySets.MinkowskiSum |  157    157
  9.600071 seconds (3.84 M allocations: 194.614 MiB, 2.45% gc time)
Test Summary:             | Pass  Total
LazySets.CartesianProduct |  285    285
 25.845305 seconds (16.38 M allocations: 820.072 MiB, 3.63% gc time)
Test Summary:     | Pass  Total
LazySets.ResetMap |   53     53
  5.444260 seconds (2.47 M allocations: 128.351 MiB, 5.35% gc time)
Test Summary:                  | Pass  Total
LazySets.SymmetricIntervalHull |   45     45
  3.042981 seconds (1.46 M allocations: 74.105 MiB)
Test Summary:                 | Pass  Total
LazySets.concrete_convex_hull |   98     98
  4.674667 seconds (1.34 M allocations: 65.831 MiB, 4.05% gc time)
Test Summary:        | Pass  Total
LazySets.Translation |   50     50
  3.827979 seconds (1.86 M allocations: 97.868 MiB, 5.17% gc time)
Test Summary:      | Pass  Total
LazySets.AffineMap |   44     44
  3.908768 seconds (2.10 M allocations: 108.182 MiB)
Test Summary:       | Pass  Total
LazySets.CompactSet |   18     18
  0.233607 seconds (60.47 k allocations: 3.117 MiB)
Test Summary:       | Pass  Total
LazySets.Complement |   39     39
  1.553613 seconds (408.45 k allocations: 20.376 MiB, 9.49% gc time)
Test Summary:               | Pass  Total
LazySets.PolynomialZonotope |    9      9
  2.149483 seconds (1.83 M allocations: 94.394 MiB)
Test Summary:          | Pass  Total
LazySets.Rectification |  124    124
 13.195658 seconds (7.15 M allocations: 362.234 MiB, 2.00% gc time)
Test Summary:     | Pass  Total
LazySets.UnionSet |   99     99
 10.543991 seconds (3.96 M allocations: 200.446 MiB, 2.72% gc time)
Test Summary:    | Pass  Total
LazySets.samples |    3      3
  1.767431 seconds (1.37 M allocations: 70.651 MiB, 17.54% gc time)
Test Summary:                             | Pass  Total
LazySets.Approximations.overapproximation |  196    196
 62.664886 seconds (36.46 M allocations: 1.873 GiB, 7.15% gc time)
Test Summary:                              | Pass  Total
LazySets.Approximations.underapproximation |    3      3
  0.503902 seconds (223.68 k allocations: 11.282 MiB)
Test Summary:                               | Pass  Total
LazySets.Approximations.template_directions |  180    180
  7.459815 seconds (4.62 M allocations: 235.204 MiB, 3.22% gc time)
Test Summary:                             | Pass  Total
LazySets.Approximations.box_approximation |   55     55
  3.748774 seconds (1.98 M allocations: 100.317 MiB, 3.24% gc time)
Test Summary:                                 | Pass  Total
LazySets.Approximations.ballinf_approximation |   15     15
  0.959842 seconds (421.65 k allocations: 22.982 MiB, 18.69% gc time)
Test Summary:                          | Pass  Total
LazySets.Approximations.radiusdiameter |   63     63
  2.235086 seconds (756.77 k allocations: 36.735 MiB)
Test Summary:                     | Pass  Total
LazySets.Approximations.decompose |   53     53
 18.801285 seconds (10.77 M allocations: 541.810 MiB, 5.78% gc time)
Test Summary:                              | Pass  Total
LazySets.Approximations.hausdorff_distance |    7      7
  3.494849 seconds (2.21 M allocations: 113.453 MiB, 4.03% gc time)
Test Summary:              | Pass  Total
LazySets.binary_operations |    4      4
122.115323 seconds (64.71 M allocations: 3.311 GiB, 3.81% gc time)
Test Summary:       | Pass  Total
LazySets.interfaces |   14     14
  3.217008 seconds (630.48 k allocations: 96.119 MiB)
┌ Warning: received a polyhedron with no vertices during plotting
└ @ LazySets ~/.julia/packages/LazySets/F22V0/src/Interfaces/AbstractPolyhedron_functions.jl:518
┌ Warning: received a polyhedron with no vertices during plotting
└ @ LazySets ~/.julia/packages/LazySets/F22V0/src/Interfaces/AbstractPolyhedron_functions.jl:518
Test Summary:     | Pass  Total
LazySets.plotting |   10     10
 73.697659 seconds (40.83 M allocations: 1.999 GiB, 4.36% gc time)
[ Info: SetupBuildDirectory: setting up build directory.
[ Info: Doctest: running doctests.
[ Info: Skipped ExpandTemplates step (doctest only).
[ Info: Skipped CrossReferences step (doctest only).
[ Info: Skipped CheckDocument step (doctest only).
[ Info: Skipped Populate step (doctest only).
[ Info: Skipped RenderDocument step (doctest only).
Test Summary:     | Pass  Total
LazySets.doctests |    1      1
 91.772404 seconds (53.08 M allocations: 3.154 GiB, 5.40% gc time)
   Testing LazySets tests passed 
