Julia Version 1.3.2-pre.0
Commit 2e6715c045 (2019-12-31 00:49 UTC)
Platform Info:
  OS: Linux (x86_64-linux-gnu)
  CPU: Intel(R) Xeon(R) Silver 4114 CPU @ 2.20GHz
  WORD_SIZE: 64
  LIBM: libopenlibm
  LLVM: libLLVM-6.0.1 (ORCJIT, skylake)
Environment:
  JULIA_DEPOT_PATH = ::/usr/local/share/julia

 Resolving package versions...
 Installed LightXML ─────── v0.8.1
 Installed LSL ──────────── v0.1.0
 Installed BinaryProvider ─ v0.5.8
 Installed CEnum ────────── v0.2.0
  Updating `~/.julia/environments/v1.3/Project.toml`
  [57c3d5b1] + LSL v0.1.0
  Updating `~/.julia/environments/v1.3/Manifest.toml`
  [b99e7846] + BinaryProvider v0.5.8
  [fa961155] + CEnum v0.2.0
  [57c3d5b1] + LSL v0.1.0
  [9c8b4983] + LightXML v0.8.1
  [8f399da3] + Libdl 
  [ea8e919c] + SHA 
  Building LightXML → `~/.julia/packages/LightXML/W8FVT/deps/build.log`
  Building LSL ─────→ `~/.julia/packages/LSL/fFok5/deps/build.log`
   Testing LSL
 Resolving package versions...
    Status `/tmp/jl_4S5VuW/Manifest.toml`
  [b99e7846] BinaryProvider v0.5.8
  [fa961155] CEnum v0.2.0
  [57c3d5b1] LSL v0.1.0
  [9c8b4983] LightXML v0.8.1
  [2a0f44e3] Base64  [`@stdlib/Base64`]
  [8ba89e20] Distributed  [`@stdlib/Distributed`]
  [b77e0a4c] InteractiveUtils  [`@stdlib/InteractiveUtils`]
  [8f399da3] Libdl  [`@stdlib/Libdl`]
  [56ddb016] Logging  [`@stdlib/Logging`]
  [d6f4376e] Markdown  [`@stdlib/Markdown`]
  [9a3f8284] Random  [`@stdlib/Random`]
  [ea8e919c] SHA  [`@stdlib/SHA`]
  [9e88b42a] Serialization  [`@stdlib/Serialization`]
  [6462fe0b] Sockets  [`@stdlib/Sockets`]
  [8dfed614] Test  [`@stdlib/Test`]
Test Summary: | Pass  Total
StreamInfo    |    7      7
Note (minor): could not create multicast responder for address FF02:113D:6FDD:2C17:A643:FFE2:1BD1:3CD2 (failed with: set_option: No such device)
Note (minor): could not create multicast responder for address FF05:113D:6FDD:2C17:A643:FFE2:1BD1:3CD2 (failed with: set_option: No such device)
Note (minor): could not create multicast responder for address FF02:113D:6FDD:2C17:A643:FFE2:1BD1:3CD2 (failed with: set_option: No such device)
Note (minor): could not create multicast responder for address FF05:113D:6FDD:2C17:A643:FFE2:1BD1:3CD2 (failed with: set_option: No such device)
Note (minor): could not create multicast responder for address FF02:113D:6FDD:2C17:A643:FFE2:1BD1:3CD2 (failed with: set_option: No such device)
Note (minor): could not create multicast responder for address FF05:113D:6FDD:2C17:A643:FFE2:1BD1:3CD2 (failed with: set_option: No such device)
Note (minor): could not create multicast responder for address FF02:113D:6FDD:2C17:A643:FFE2:1BD1:3CD2 (failed with: set_option: No such device)
Note (minor): could not create multicast responder for address FF05:113D:6FDD:2C17:A643:FFE2:1BD1:3CD2 (failed with: set_option: No such device)
Note (minor): could not create multicast responder for address FF02:113D:6FDD:2C17:A643:FFE2:1BD1:3CD2 (failed with: set_option: No such device)
Note (minor): could not create multicast responder for address FF05:113D:6FDD:2C17:A643:FFE2:1BD1:3CD2 (failed with: set_option: No such device)
Note (minor): could not create multicast responder for address FF02:113D:6FDD:2C17:A643:FFE2:1BD1:3CD2 (failed with: set_option: No such device)
Note (minor): could not create multicast responder for address FF05:113D:6FDD:2C17:A643:FFE2:1BD1:3CD2 (failed with: set_option: No such device)
Test Summary: | Pass  Total
Samples       |    6      6
Note (minor): could not create multicast responder for address FF02:113D:6FDD:2C17:A643:FFE2:1BD1:3CD2 (failed with: set_option: No such device)
Note (minor): could not create multicast responder for address FF05:113D:6FDD:2C17:A643:FFE2:1BD1:3CD2 (failed with: set_option: No such device)
Note (minor): could not create multicast responder for address FF02:113D:6FDD:2C17:A643:FFE2:1BD1:3CD2 (failed with: set_option: No such device)
Note (minor): could not create multicast responder for address FF05:113D:6FDD:2C17:A643:FFE2:1BD1:3CD2 (failed with: set_option: No such device)
Stream transmission broke off (Input stream error.); re-connecting...
Note (minor): could not create multicast responder for address FF02:113D:6FDD:2C17:A643:FFE2:1BD1:3CD2 (failed with: set_option: No such device)
Note (minor): could not create multicast responder for address FF05:113D:6FDD:2C17:A643:FFE2:1BD1:3CD2 (failed with: set_option: No such device)
Stream transmission broke off (Input stream error.); re-connecting...
Note (minor): could not create multicast responder for address FF02:113D:6FDD:2C17:A643:FFE2:1BD1:3CD2 (failed with: set_option: No such device)
Note (minor): could not create multicast responder for address FF05:113D:6FDD:2C17:A643:FFE2:1BD1:3CD2 (failed with: set_option: No such device)
Stream transmission broke off (Input stream error.); re-connecting...
Note (minor): could not create multicast responder for address FF02:113D:6FDD:2C17:A643:FFE2:1BD1:3CD2 (failed with: set_option: No such device)
Note (minor): could not create multicast responder for address FF05:113D:6FDD:2C17:A643:FFE2:1BD1:3CD2 (failed with: set_option: No such device)
Note (minor): could not create multicast responder for address FF02:113D:6FDD:2C17:A643:FFE2:1BD1:3CD2 (failed with: set_option: No such device)
Note (minor): could not create multicast responder for address FF05:113D:6FDD:2C17:A643:FFE2:1BD1:3CD2 (failed with: set_option: No such device)
Stream transmission broke off (Input stream error.); re-connecting...
Stream transmission broke off (Input stream error.); re-connecting...
Test Summary:         | Pass  Total
Chunk (one timestamp) |   12     12
Note (minor): could not create multicast responder for address FF02:113D:6FDD:2C17:A643:FFE2:1BD1:3CD2 (failed with: set_option: No such device)
Note (minor): could not create multicast responder for address FF05:113D:6FDD:2C17:A643:FFE2:1BD1:3CD2 (failed with: set_option: No such device)
Note (minor): could not create multicast responder for address FF02:113D:6FDD:2C17:A643:FFE2:1BD1:3CD2 (failed with: set_option: No such device)
Note (minor): could not create multicast responder for address FF05:113D:6FDD:2C17:A643:FFE2:1BD1:3CD2 (failed with: set_option: No such device)
Stream transmission broke off (Input stream error.); re-connecting...
Note (minor): could not create multicast responder for address FF02:113D:6FDD:2C17:A643:FFE2:1BD1:3CD2 (failed with: set_option: No such device)
Note (minor): could not create multicast responder for address FF05:113D:6FDD:2C17:A643:FFE2:1BD1:3CD2 (failed with: set_option: No such device)
Note (minor): could not create multicast responder for address FF02:113D:6FDD:2C17:A643:FFE2:1BD1:3CD2 (failed with: set_option: No such device)
Stream transmission broke off (Input stream error.); re-connecting...
Note (minor): could not create multicast responder for address FF05:113D:6FDD:2C17:A643:FFE2:1BD1:3CD2 (failed with: set_option: No such device)
Stream transmission broke off (Input stream error.); re-connecting...
Note (minor): could not create multicast responder for address FF02:113D:6FDD:2C17:A643:FFE2:1BD1:3CD2 (failed with: set_option: No such device)
Note (minor): could not create multicast responder for address FF05:113D:6FDD:2C17:A643:FFE2:1BD1:3CD2 (failed with: set_option: No such device)
Stream transmission broke off (Input stream error.); re-connecting...
Note (minor): could not create multicast responder for address FF02:113D:6FDD:2C17:A643:FFE2:1BD1:3CD2 (failed with: set_option: No such device)
Note (minor): could not create multicast responder for address FF05:113D:6FDD:2C17:A643:FFE2:1BD1:3CD2 (failed with: set_option: No such device)
Stream transmission broke off (Input stream error.); re-connecting...
Test Summary:              | Pass  Total
Chunk (multiple timestamp) |   18     18
   Testing LSL tests passed 
