Running tests with Julia v1.3.0
   Cloning default registries into `~/.julia`
   Cloning registry from "https://github.com/JuliaRegistries/General.git"
[?25l    Fetching: [>                                        ]  0.0 %    Fetching: [============>                            ]  28.1 %    Fetching: [=======================>                 ]  55.6 %[2K[?25h     Added registry `General` to `~/.julia/registries/General`
 Resolving package versions...
 Installed GCP ───────────────────────── v0.1.2
 Installed IniFile ───────────────────── v0.5.0
 Installed SortingAlgorithms ─────────── v0.3.1
 Installed Compat ────────────────────── v3.0.0
 Installed Parsers ───────────────────── v0.3.10
 Installed DataStructures ────────────── v0.17.6
 Installed BinaryProvider ────────────── v0.5.8
 Installed CategoricalArrays ─────────── v0.7.3
 Installed DataAPI ───────────────────── v1.1.0
 Installed MacroTools ────────────────── v0.5.3
 Installed TableTraits ───────────────── v1.0.0
 Installed Tables ────────────────────── v0.2.11
 Installed Missings ──────────────────── v0.4.3
 Installed OrderedCollections ────────── v1.1.0
 Installed MbedTLS ───────────────────── v0.7.0
 Installed JSON ──────────────────────── v0.21.0
 Installed Reexport ──────────────────── v0.2.0
 Installed DataValueInterfaces ───────── v1.0.0
 Installed IteratorInterfaceExtensions ─ v1.0.0
 Installed StatsBase ─────────────────── v0.32.0
 Installed HTTP ──────────────────────── v0.8.8
 Installed PooledArrays ──────────────── v0.5.2
 Installed DataFrames ────────────────── v0.18.4
 Installed LazyJSON ──────────────────── v0.1.1
  Updating `~/.julia/environments/v1.3/Project.toml`
  [5a343a44] + GCP v0.1.2
  Updating `~/.julia/environments/v1.3/Manifest.toml`
  [b99e7846] + BinaryProvider v0.5.8
  [324d7699] + CategoricalArrays v0.7.3
  [34da2185] + Compat v3.0.0
  [9a962f9c] + DataAPI v1.1.0
  [a93c6f00] + DataFrames v0.18.4
  [864edb3b] + DataStructures v0.17.6
  [e2d170a0] + DataValueInterfaces v1.0.0
  [5a343a44] + GCP v0.1.2
  [cd3eb016] + HTTP v0.8.8
  [83e8ac13] + IniFile v0.5.0
  [82899510] + IteratorInterfaceExtensions v1.0.0
  [682c06a0] + JSON v0.21.0
  [fc18253b] + LazyJSON v0.1.1
  [1914dd2f] + MacroTools v0.5.3
  [739be429] + MbedTLS v0.7.0
  [e1d29d7a] + Missings v0.4.3
  [bac558e1] + OrderedCollections v1.1.0
  [69de0a69] + Parsers v0.3.10
  [2dfb63ee] + PooledArrays v0.5.2
  [189a3867] + Reexport v0.2.0
  [a2af1166] + SortingAlgorithms v0.3.1
  [2913bbd2] + StatsBase v0.32.0
  [3783bdb8] + TableTraits v1.0.0
  [bd369af6] + Tables v0.2.11
  [2a0f44e3] + Base64 
  [ade2ca70] + Dates 
  [8bb1440f] + DelimitedFiles 
  [8ba89e20] + Distributed 
  [9fa8497b] + Future 
  [b77e0a4c] + InteractiveUtils 
  [76f85450] + LibGit2 
  [8f399da3] + Libdl 
  [37e2e46d] + LinearAlgebra 
  [56ddb016] + Logging 
  [d6f4376e] + Markdown 
  [a63ad114] + Mmap 
  [44cfe95a] + Pkg 
  [de0858da] + Printf 
  [3fa0cd96] + REPL 
  [9a3f8284] + Random 
  [ea8e919c] + SHA 
  [9e88b42a] + Serialization 
  [1a1011a3] + SharedArrays 
  [6462fe0b] + Sockets 
  [2f01184e] + SparseArrays 
  [10745b16] + Statistics 
  [8dfed614] + Test 
  [cf7118a7] + UUIDs 
  [4ec0a83e] + Unicode 
  Building MbedTLS → `~/.julia/packages/MbedTLS/a1JFn/deps/build.log`
   Testing GCP
 Resolving package versions...
    Status `/tmp/jl_7mKGku/Manifest.toml`
  [b99e7846] BinaryProvider v0.5.8
  [324d7699] CategoricalArrays v0.7.3
  [34da2185] Compat v3.0.0
  [9a962f9c] DataAPI v1.1.0
  [a93c6f00] DataFrames v0.18.4
  [864edb3b] DataStructures v0.17.6
  [e2d170a0] DataValueInterfaces v1.0.0
  [5a343a44] GCP v0.1.2
  [cd3eb016] HTTP v0.8.8
  [83e8ac13] IniFile v0.5.0
  [82899510] IteratorInterfaceExtensions v1.0.0
  [682c06a0] JSON v0.21.0
  [fc18253b] LazyJSON v0.1.1
  [1914dd2f] MacroTools v0.5.3
  [739be429] MbedTLS v0.7.0
  [e1d29d7a] Missings v0.4.3
  [bac558e1] OrderedCollections v1.1.0
  [69de0a69] Parsers v0.3.10
  [2dfb63ee] PooledArrays v0.5.2
  [189a3867] Reexport v0.2.0
  [a2af1166] SortingAlgorithms v0.3.1
  [2913bbd2] StatsBase v0.32.0
  [3783bdb8] TableTraits v1.0.0
  [bd369af6] Tables v0.2.11
  [2a0f44e3] Base64  [`@stdlib/Base64`]
  [ade2ca70] Dates  [`@stdlib/Dates`]
  [8bb1440f] DelimitedFiles  [`@stdlib/DelimitedFiles`]
  [8ba89e20] Distributed  [`@stdlib/Distributed`]
  [9fa8497b] Future  [`@stdlib/Future`]
  [b77e0a4c] InteractiveUtils  [`@stdlib/InteractiveUtils`]
  [76f85450] LibGit2  [`@stdlib/LibGit2`]
  [8f399da3] Libdl  [`@stdlib/Libdl`]
  [37e2e46d] LinearAlgebra  [`@stdlib/LinearAlgebra`]
  [56ddb016] Logging  [`@stdlib/Logging`]
  [d6f4376e] Markdown  [`@stdlib/Markdown`]
  [a63ad114] Mmap  [`@stdlib/Mmap`]
  [44cfe95a] Pkg  [`@stdlib/Pkg`]
  [de0858da] Printf  [`@stdlib/Printf`]
  [3fa0cd96] REPL  [`@stdlib/REPL`]
  [9a3f8284] Random  [`@stdlib/Random`]
  [ea8e919c] SHA  [`@stdlib/SHA`]
  [9e88b42a] Serialization  [`@stdlib/Serialization`]
  [1a1011a3] SharedArrays  [`@stdlib/SharedArrays`]
  [6462fe0b] Sockets  [`@stdlib/Sockets`]
  [2f01184e] SparseArrays  [`@stdlib/SparseArrays`]
  [10745b16] Statistics  [`@stdlib/Statistics`]
  [8dfed614] Test  [`@stdlib/Test`]
  [cf7118a7] UUIDs  [`@stdlib/UUIDs`]
  [4ec0a83e] Unicode  [`@stdlib/Unicode`]
WARNING: Compat.Statistics is deprecated, use Statistics instead.
  likely near /home/pkgeval/.julia/packages/CategoricalArrays/U3LvJ/src/extras.jl:1
Credential: Error During Test at /home/pkgeval/.julia/packages/GCP/qh4tD/test/credential.jl:10
  Test threw exception
  Expression: begin
    cred = GCP.Credential(GCPTests.CredFilename)
    cred != nothing
end
  SystemError: opening file "/home/pkgeval/secrets/tst-cld.json": No such file or directory
  Stacktrace:
   [1] #systemerror#44(::Nothing, ::typeof(systemerror), ::String, ::Bool) at ./error.jl:134
   [2] systemerror at ./error.jl:134 [inlined]
   [3] #open#512(::Nothing, ::Nothing, ::Nothing, ::Nothing, ::Nothing, ::typeof(open), ::String) at ./iostream.jl:254
   [4] open at ./iostream.jl:246 [inlined]
   [5] #open#271(::Base.Iterators.Pairs{Union{},Union{},Tuple{},NamedTuple{(),Tuple{}}}, ::typeof(open), ::JSON.Parser.var"#4#5"{DataType,DataType,Nothing,Bool,Bool,Int64}, ::String) at ./io.jl:296
   [6] open at ./io.jl:296 [inlined]
   [7] #parsefile#3 at /home/pkgeval/.julia/packages/JSON/d89fA/src/Parser.jl:522 [inlined]
   [8] #parsefile at ./none:0 [inlined]
   [9] GCP.Credential(::String) at /home/pkgeval/.julia/packages/GCP/qh4tD/src/credential.jl:69
   [10] top-level scope at /home/pkgeval/.julia/packages/GCP/qh4tD/test/credential.jl:10
   [11] top-level scope at /buildworker/worker/package_linux64/build/usr/share/julia/stdlib/v1.3/Test/src/Test.jl:1107
   [12] top-level scope at /home/pkgeval/.julia/packages/GCP/qh4tD/test/credential.jl:10
  
Credential: Error During Test at /home/pkgeval/.julia/packages/GCP/qh4tD/test/credential.jl:14
  Test threw exception
  Expression: begin
    j = JSON.parsefile(GCPTests.CredFilename; dicttype=Dict{Symbol, Any})
    cred = GCP.Credential(j)
    cred != nothing
end
  SystemError: opening file "/home/pkgeval/secrets/tst-cld.json": No such file or directory
  Stacktrace:
   [1] #systemerror#44(::Nothing, ::typeof(systemerror), ::String, ::Bool) at ./error.jl:134
   [2] systemerror at ./error.jl:134 [inlined]
   [3] #open#512(::Nothing, ::Nothing, ::Nothing, ::Nothing, ::Nothing, ::typeof(open), ::String) at ./iostream.jl:254
   [4] open at ./iostream.jl:246 [inlined]
   [5] #open#271(::Base.Iterators.Pairs{Union{},Union{},Tuple{},NamedTuple{(),Tuple{}}}, ::typeof(open), ::JSON.Parser.var"#4#5"{DataType,DataType,Nothing,Bool,Bool,Int64}, ::String) at ./io.jl:296
   [6] open at ./io.jl:296 [inlined]
   [7] #parsefile#3 at /home/pkgeval/.julia/packages/JSON/d89fA/src/Parser.jl:522 [inlined]
   [8] (::JSON.Parser.var"#kw##parsefile")(::NamedTuple{(:dicttype,),Tuple{DataType}}, ::typeof(JSON.Parser.parsefile), ::String) at ./none:0
   [9] top-level scope at /home/pkgeval/.julia/packages/GCP/qh4tD/test/credential.jl:14
   [10] top-level scope at /buildworker/worker/package_linux64/build/usr/share/julia/stdlib/v1.3/Test/src/Test.jl:1107
   [11] top-level scope at /home/pkgeval/.julia/packages/GCP/qh4tD/test/credential.jl:10
  
Test Summary: | Error  Total
Credential    |     2      2
ERROR: LoadError: LoadError: Some tests did not pass: 0 passed, 0 failed, 2 errored, 0 broken.
in expression starting at /home/pkgeval/.julia/packages/GCP/qh4tD/test/credential.jl:8
in expression starting at /home/pkgeval/.julia/packages/GCP/qh4tD/test/runtests.jl:11
ERROR: Package GCP errored during testing
Stacktrace:
 [1] pkgerror(::String, ::Vararg{String,N} where N) at /buildworker/worker/package_linux64/build/usr/share/julia/stdlib/v1.3/Pkg/src/Types.jl:113
 [2] #test#131(::Bool, ::Nothing, ::Cmd, ::Cmd, ::typeof(Pkg.Operations.test), ::Pkg.Types.Context, ::Array{Pkg.Types.PackageSpec,1}) at /buildworker/worker/package_linux64/build/usr/share/julia/stdlib/v1.3/Pkg/src/Operations.jl:1370
 [3] #test at ./none:0 [inlined]
 [4] #test#62(::Bool, ::Nothing, ::Cmd, ::Cmd, ::Base.Iterators.Pairs{Union{},Union{},Tuple{},NamedTuple{(),Tuple{}}}, ::typeof(Pkg.API.test), ::Pkg.Types.Context, ::Array{Pkg.Types.PackageSpec,1}) at /buildworker/worker/package_linux64/build/usr/share/julia/stdlib/v1.3/Pkg/src/API.jl:253
 [5] test(::Pkg.Types.Context, ::Array{Pkg.Types.PackageSpec,1}) at /buildworker/worker/package_linux64/build/usr/share/julia/stdlib/v1.3/Pkg/src/API.jl:239
 [6] #test#61 at /buildworker/worker/package_linux64/build/usr/share/julia/stdlib/v1.3/Pkg/src/API.jl:233 [inlined]
 [7] test at /buildworker/worker/package_linux64/build/usr/share/julia/stdlib/v1.3/Pkg/src/API.jl:233 [inlined]
 [8] #test#60 at /buildworker/worker/package_linux64/build/usr/share/julia/stdlib/v1.3/Pkg/src/API.jl:232 [inlined]
 [9] test at /buildworker/worker/package_linux64/build/usr/share/julia/stdlib/v1.3/Pkg/src/API.jl:232 [inlined]
 [10] #test#59(::Base.Iterators.Pairs{Union{},Union{},Tuple{},NamedTuple{(),Tuple{}}}, ::typeof(Pkg.API.test), ::String) at /buildworker/worker/package_linux64/build/usr/share/julia/stdlib/v1.3/Pkg/src/API.jl:231
 [11] test(::String) at /buildworker/worker/package_linux64/build/usr/share/julia/stdlib/v1.3/Pkg/src/API.jl:231
 [12] top-level scope at none:12
