Running tests with Julia v1.3.1-pre.12
   Cloning default registries into `~/.julia`
   Cloning registry from "https://github.com/JuliaRegistries/General.git"
[?25l    Fetching: [>                                        ]  0.0 %    Fetching: [============>                            ]  29.1 %    Fetching: [=======================>                 ]  56.2 %    Fetching: [========================================>]  99.1 %[2K[?25h     Added registry `General` to `~/.julia/registries/General`
 Resolving package versions...
 Installed GroupSlices ─ v0.0.3
  Updating `~/.julia/environments/v1.3/Project.toml`
  [d853e229] + GroupSlices v0.0.3
  Updating `~/.julia/environments/v1.3/Manifest.toml`
  [d853e229] + GroupSlices v0.0.3
   Testing GroupSlices
 Resolving package versions...
[ Info: No changes
    Status `/tmp/jl_ZKA6Fd/Manifest.toml`
  [d853e229] GroupSlices v0.0.3
  [2a0f44e3] Base64  [`@stdlib/Base64`]
  [8ba89e20] Distributed  [`@stdlib/Distributed`]
  [b77e0a4c] InteractiveUtils  [`@stdlib/InteractiveUtils`]
  [56ddb016] Logging  [`@stdlib/Logging`]
  [d6f4376e] Markdown  [`@stdlib/Markdown`]
  [9a3f8284] Random  [`@stdlib/Random`]
  [9e88b42a] Serialization  [`@stdlib/Serialization`]
  [6462fe0b] Sockets  [`@stdlib/Sockets`]
  [8dfed614] Test  [`@stdlib/Test`]
   Testing GroupSlices tests passed 
