Julia Version 1.5.1-pre.28
Commit 0d71d8cd8b (2020-08-14 20:35 UTC)
Platform Info:
  OS: Linux (x86_64-linux-gnu)
  CPU: Intel(R) Xeon(R) Silver 4114 CPU @ 2.20GHz
  WORD_SIZE: 64
  LIBM: libopenlibm
  LLVM: libLLVM-9.0.1 (ORCJIT, skylake-avx512)
Environment:
  JULIA_DEPOT_PATH = ::/usr/local/share/julia
  JULIA_NUM_THREADS = 2

  Resolving package versions...
  Installed UnitfulIntegration â”€ v0.1.0
  Installed Unitful â”€â”€â”€â”€â”€â”€â”€â”€â”€â”€â”€â”€ v0.18.0
  Installed ConstructionBase â”€â”€â”€ v1.0.0
  Installed QuadGK â”€â”€â”€â”€â”€â”€â”€â”€â”€â”€â”€â”€â”€ v2.4.0
  Installed OrderedCollections â”€ v1.3.0
  Installed DataStructures â”€â”€â”€â”€â”€ v0.17.20
Updating `~/.julia/environments/v1.5/Project.toml`
  [6043864f] + UnitfulIntegration v0.1.0
Updating `~/.julia/environments/v1.5/Manifest.toml`
  [187b0558] + ConstructionBase v1.0.0
  [864edb3b] + DataStructures v0.17.20
  [bac558e1] + OrderedCollections v1.3.0
  [1fd47b50] + QuadGK v2.4.0
  [1986cc42] + Unitful v0.18.0
  [6043864f] + UnitfulIntegration v0.1.0
  [2a0f44e3] + Base64
  [8ba89e20] + Distributed
  [b77e0a4c] + InteractiveUtils
  [8f399da3] + Libdl
  [37e2e46d] + LinearAlgebra
  [56ddb016] + Logging
  [d6f4376e] + Markdown
  [9a3f8284] + Random
  [9e88b42a] + Serialization
  [6462fe0b] + Sockets
  [8dfed614] + Test
    Testing UnitfulIntegration
Status `/tmp/jl_dD9iXc/Project.toml`
  [1fd47b50] QuadGK v2.4.0
  [1986cc42] Unitful v0.18.0
  [6043864f] UnitfulIntegration v0.1.0
  [37e2e46d] LinearAlgebra
  [8dfed614] Test
Status `/tmp/jl_dD9iXc/Manifest.toml`
  [187b0558] ConstructionBase v1.0.0
  [864edb3b] DataStructures v0.17.20
  [bac558e1] OrderedCollections v1.3.0
  [1fd47b50] QuadGK v2.4.0
  [1986cc42] Unitful v0.18.0
  [6043864f] UnitfulIntegration v0.1.0
  [2a0f44e3] Base64
  [8ba89e20] Distributed
  [b77e0a4c] InteractiveUtils
  [8f399da3] Libdl
  [37e2e46d] LinearAlgebra
  [56ddb016] Logging
  [d6f4376e] Markdown
  [9a3f8284] Random
  [9e88b42a] Serialization
  [6462fe0b] Sockets
  [8dfed614] Test
Error During Test at /home/pkgeval/.julia/packages/UnitfulIntegration/2hVoW/test/runtests.jl:12
  Test threw exception
  Expression: (QuadGK.quadgk(ustrip, 0.0m, 1.0m, atol = 0.0m))[1] â‰ˆ 0.5m
  MethodError: no method matching do_quadgk(::typeof(ustrip), ::Array{Quantity{Float64,ğ‹,Unitful.FreeUnits{(m,),ğ‹,nothing}},1}, ::Int64, ::Type{Float64}, ::Quantity{Float64,ğ‹,Unitful.FreeUnits{(m,),ğ‹,nothing}}, ::Float64, ::Int64, ::typeof(LinearAlgebra.norm))
  Closest candidates are:
    do_quadgk(::F, !Matched::Tuple{Vararg{T,N}}, ::Any, ::Any, ::Any, ::Any, ::Any) where {T, N, F} at /home/pkgeval/.julia/packages/QuadGK/zzx9s/src/adapt.jl:6
  Stacktrace:
   [1] _do_quadgk(::typeof(ustrip), ::Array{Quantity{Float64,ğ‹,Unitful.FreeUnits{(m,),ğ‹,nothing}},1}, ::Int64, ::Type{Float64}, ::Quantity{Float64,ğ‹,Unitful.FreeUnits{(m,),ğ‹,nothing}}, ::Float64, ::Int64, ::Function) at /home/pkgeval/.julia/packages/UnitfulIntegration/2hVoW/src/UnitfulIntegration.jl:65
   [2] quadgk(::Function, ::Quantity{Float64,ğ‹,Unitful.FreeUnits{(m,),ğ‹,nothing}}, ::Quantity{Float64,ğ‹,Unitful.FreeUnits{(m,),ğ‹,nothing}}; atol::Quantity{Float64,ğ‹,Unitful.FreeUnits{(m,),ğ‹,nothing}}, rtol::Float64, maxevals::Int64, order::Int64, norm::Function) at /home/pkgeval/.julia/packages/UnitfulIntegration/2hVoW/src/UnitfulIntegration.jl:25
   [3] top-level scope at /home/pkgeval/.julia/packages/UnitfulIntegration/2hVoW/test/runtests.jl:12
   [4] include(::String) at ./client.jl:457
   [5] top-level scope at none:6
   [6] eval(::Module, ::Any) at ./boot.jl:331
   [7] exec_options(::Base.JLOptions) at ./client.jl:272
   [8] _start() at ./client.jl:506
  
ERROR: LoadError: There was an error during testing
in expression starting at /home/pkgeval/.julia/packages/UnitfulIntegration/2hVoW/test/runtests.jl:12
ERROR: Package UnitfulIntegration errored during testing
Stacktrace:
 [1] pkgerror(::String) at /workspace/srcdir/usr/share/julia/stdlib/v1.5/Pkg/src/Types.jl:52
 [2] test(::Pkg.Types.Context, ::Array{Pkg.Types.PackageSpec,1}; coverage::Bool, julia_args::Cmd, test_args::Cmd, test_fn::Nothing) at /workspace/srcdir/usr/share/julia/stdlib/v1.5/Pkg/src/Operations.jl:1566
 [3] test(::Pkg.Types.Context, ::Array{Pkg.Types.PackageSpec,1}; coverage::Bool, test_fn::Nothing, julia_args::Cmd, test_args::Cmd, kwargs::Base.Iterators.Pairs{Union{},Union{},Tuple{},NamedTuple{(),Tuple{}}}) at /workspace/srcdir/usr/share/julia/stdlib/v1.5/Pkg/src/API.jl:328
 [4] test(::Pkg.Types.Context, ::Array{Pkg.Types.PackageSpec,1}) at /workspace/srcdir/usr/share/julia/stdlib/v1.5/Pkg/src/API.jl:315
 [5] #test#61 at /workspace/srcdir/usr/share/julia/stdlib/v1.5/Pkg/src/API.jl:67 [inlined]
 [6] test at /workspace/srcdir/usr/share/julia/stdlib/v1.5/Pkg/src/API.jl:67 [inlined]
 [7] #test#60 at /workspace/srcdir/usr/share/julia/stdlib/v1.5/Pkg/src/API.jl:66 [inlined]
 [8] test at /workspace/srcdir/usr/share/julia/stdlib/v1.5/Pkg/src/API.jl:66 [inlined]
 [9] test(::String; kwargs::Base.Iterators.Pairs{Union{},Union{},Tuple{},NamedTuple{(),Tuple{}}}) at /workspace/srcdir/usr/share/julia/stdlib/v1.5/Pkg/src/API.jl:65
 [10] test(::String) at /workspace/srcdir/usr/share/julia/stdlib/v1.5/Pkg/src/API.jl:65
 [11] top-level scope at none:16
