Julia Version 1.5.2-pre.0
Commit c4acbf93fb (2020-08-26 10:58 UTC)
Platform Info:
  OS: Linux (x86_64-pc-linux-gnu)
  CPU: Intel(R) Xeon(R) Silver 4114 CPU @ 2.20GHz
  WORD_SIZE: 64
  LIBM: libopenlibm
  LLVM: libLLVM-9.0.1 (ORCJIT, skylake-avx512)
Environment:
  JULIA_DEPOT_PATH = ::/usr/local/share/julia
  JULIA_NUM_THREADS = 2

  Resolving package versions...
  Installed Requires ───────────────────── v1.0.1
  Installed MPFR_jll ───────────────────── v4.0.2+2
  Installed MKL_jll ────────────────────── v2020.2.254+0
  Installed UnPack ─────────────────────── v1.0.2
  Installed PolynomialBases ────────────── v0.4.6
  Installed EzXML ──────────────────────── v1.1.0
  Installed Polynomials ────────────────── v1.1.5
  Installed TimeZones ──────────────────── v1.3.2
  Installed OrderedCollections ─────────── v1.3.0
  Installed Missings ───────────────────── v0.4.3
  Installed ArgCheck ───────────────────── v2.1.0
  Installed IterTools ──────────────────── v1.3.0
  Installed BinaryProvider ─────────────── v0.5.10
  Installed Zlib_jll ───────────────────── v1.2.11+15
  Installed ArrayLayouts ───────────────── v0.4.4
  Installed RecipesBase ────────────────── v1.0.2
  Installed AbstractFFTs ───────────────── v0.5.0
  Installed Libiconv_jll ───────────────── v1.16.0+5
  Installed XML2_jll ───────────────────── v2.9.10+1
  Installed IntelOpenMP_jll ────────────── v2018.0.3+0
  Installed OpenSpecFun_jll ────────────── v0.5.3+3
  Installed Reexport ───────────────────── v0.2.0
  Installed FastGaussQuadrature ────────── v0.4.2
  Installed FastTransforms_jll ─────────── v0.3.3+0
  Installed SortingAlgorithms ──────────── v0.3.1
  Installed DSP ────────────────────────── v0.6.8
  Installed FFTW ───────────────────────── v1.2.4
  Installed Parameters ─────────────────── v0.12.1
  Installed Intervals ──────────────────── v1.4.2
  Installed FastTransforms ─────────────── v0.10.0
  Installed GMP_jll ────────────────────── v6.1.2+5
  Installed DataStructures ─────────────── v0.17.20
  Installed FFTW_jll ───────────────────── v3.3.9+5
  Installed DataAPI ────────────────────── v1.3.0
  Installed OpenBLAS_jll ───────────────── v0.3.10+0
  Installed OffsetArrays ───────────────── v1.1.2
  Installed FillArrays ─────────────────── v0.9.5
  Installed ToeplitzMatrices ───────────── v0.6.2
  Installed ExprTools ──────────────────── v0.1.1
  Installed CompilerSupportLibraries_jll ─ v0.3.3+0
  Installed SpecialFunctions ───────────── v0.10.3
  Installed StatsBase ──────────────────── v0.33.0
  Installed Mocking ────────────────────── v0.7.1
Updating `~/.julia/environments/v1.5/Project.toml`
  [c74db56a] + PolynomialBases v0.4.6
Updating `~/.julia/environments/v1.5/Manifest.toml`
  [621f4979] + AbstractFFTs v0.5.0
  [dce04be8] + ArgCheck v2.1.0
  [4c555306] + ArrayLayouts v0.4.4
  [b99e7846] + BinaryProvider v0.5.10
  [e66e0078] + CompilerSupportLibraries_jll v0.3.3+0
  [717857b8] + DSP v0.6.8
  [9a962f9c] + DataAPI v1.3.0
  [864edb3b] + DataStructures v0.17.20
  [e2ba6199] + ExprTools v0.1.1
  [8f5d6c58] + EzXML v1.1.0
  [7a1cc6ca] + FFTW v1.2.4
  [f5851436] + FFTW_jll v3.3.9+5
  [442a2c76] + FastGaussQuadrature v0.4.2
  [057dd010] + FastTransforms v0.10.0
  [34b6f7d7] + FastTransforms_jll v0.3.3+0
  [1a297f60] + FillArrays v0.9.5
  [781609d7] + GMP_jll v6.1.2+5
  [1d5cc7b8] + IntelOpenMP_jll v2018.0.3+0
  [d8418881] + Intervals v1.4.2
  [c8e1da08] + IterTools v1.3.0
  [94ce4f54] + Libiconv_jll v1.16.0+5
  [856f044c] + MKL_jll v2020.2.254+0
  [3a97d323] + MPFR_jll v4.0.2+2
  [e1d29d7a] + Missings v0.4.3
  [78c3b35d] + Mocking v0.7.1
  [6fe1bfb0] + OffsetArrays v1.1.2
  [4536629a] + OpenBLAS_jll v0.3.10+0
  [efe28fd5] + OpenSpecFun_jll v0.5.3+3
  [bac558e1] + OrderedCollections v1.3.0
  [d96e819e] + Parameters v0.12.1
  [c74db56a] + PolynomialBases v0.4.6
  [f27b6e38] + Polynomials v1.1.5
  [3cdcf5f2] + RecipesBase v1.0.2
  [189a3867] + Reexport v0.2.0
  [ae029012] + Requires v1.0.1
  [a2af1166] + SortingAlgorithms v0.3.1
  [276daf66] + SpecialFunctions v0.10.3
  [2913bbd2] + StatsBase v0.33.0
  [f269a46b] + TimeZones v1.3.2
  [c751599d] + ToeplitzMatrices v0.6.2
  [3a884ed6] + UnPack v1.0.2
  [02c8fc9c] + XML2_jll v2.9.10+1
  [83775a58] + Zlib_jll v1.2.11+15
  [2a0f44e3] + Base64
  [ade2ca70] + Dates
  [8ba89e20] + Distributed
  [b77e0a4c] + InteractiveUtils
  [76f85450] + LibGit2
  [8f399da3] + Libdl
  [37e2e46d] + LinearAlgebra
  [56ddb016] + Logging
  [d6f4376e] + Markdown
  [44cfe95a] + Pkg
  [de0858da] + Printf
  [3fa0cd96] + REPL
  [9a3f8284] + Random
  [ea8e919c] + SHA
  [9e88b42a] + Serialization
  [6462fe0b] + Sockets
  [2f01184e] + SparseArrays
  [10745b16] + Statistics
  [8dfed614] + Test
  [cf7118a7] + UUIDs
  [4ec0a83e] + Unicode
   Building TimeZones ─────→ `~/.julia/packages/TimeZones/v0mfN/deps/build.log`
   Building FFTW ──────────→ `~/.julia/packages/FFTW/DMUbN/deps/build.log`
   Building FastTransforms → `~/.julia/packages/FastTransforms/Tm3tC/deps/build.log`
    Testing PolynomialBases
Status `/tmp/jl_DQL7XV/Project.toml`
  [dce04be8] ArgCheck v2.1.0
  [442a2c76] FastGaussQuadrature v0.4.2
  [057dd010] FastTransforms v0.10.0
  [d96e819e] Parameters v0.12.1
  [c74db56a] PolynomialBases v0.4.6
  [ae029012] Requires v1.0.1
  [276daf66] SpecialFunctions v0.10.3
  [90137ffa] StaticArrays v0.12.4
  [123dc426] SymEngine v0.8.2
  [24249f21] SymPy v1.0.27
  [b77e0a4c] InteractiveUtils
  [37e2e46d] LinearAlgebra
  [8dfed614] Test
Status `/tmp/jl_DQL7XV/Manifest.toml`
  [621f4979] AbstractFFTs v0.5.0
  [dce04be8] ArgCheck v2.1.0
  [4c555306] ArrayLayouts v0.4.4
  [b99e7846] BinaryProvider v0.5.10
  [34da2185] Compat v3.14.0
  [e66e0078] CompilerSupportLibraries_jll v0.3.3+0
  [8f4d0f93] Conda v1.4.1
  [717857b8] DSP v0.6.8
  [9a962f9c] DataAPI v1.3.0
  [864edb3b] DataStructures v0.17.20
  [e2ba6199] ExprTools v0.1.1
  [8f5d6c58] EzXML v1.1.0
  [7a1cc6ca] FFTW v1.2.4
  [f5851436] FFTW_jll v3.3.9+5
  [442a2c76] FastGaussQuadrature v0.4.2
  [057dd010] FastTransforms v0.10.0
  [34b6f7d7] FastTransforms_jll v0.3.3+0
  [1a297f60] FillArrays v0.9.5
  [781609d7] GMP_jll v6.1.2+5
  [1d5cc7b8] IntelOpenMP_jll v2018.0.3+0
  [d8418881] Intervals v1.4.2
  [c8e1da08] IterTools v1.3.0
  [682c06a0] JSON v0.21.0
  [94ce4f54] Libiconv_jll v1.16.0+5
  [856f044c] MKL_jll v2020.2.254+0
  [2ce0c516] MPC_jll v1.1.0+0
  [3a97d323] MPFR_jll v4.0.2+2
  [1914dd2f] MacroTools v0.5.5
  [e1d29d7a] Missings v0.4.3
  [78c3b35d] Mocking v0.7.1
  [6fe1bfb0] OffsetArrays v1.1.2
  [4536629a] OpenBLAS_jll v0.3.10+0
  [efe28fd5] OpenSpecFun_jll v0.5.3+3
  [bac558e1] OrderedCollections v1.3.0
  [d96e819e] Parameters v0.12.1
  [69de0a69] Parsers v1.0.10
  [c74db56a] PolynomialBases v0.4.6
  [f27b6e38] Polynomials v1.1.5
  [438e738f] PyCall v1.91.4
  [3cdcf5f2] RecipesBase v1.0.2
  [189a3867] Reexport v0.2.0
  [ae029012] Requires v1.0.1
  [a2af1166] SortingAlgorithms v0.3.1
  [276daf66] SpecialFunctions v0.10.3
  [90137ffa] StaticArrays v0.12.4
  [2913bbd2] StatsBase v0.33.0
  [123dc426] SymEngine v0.8.2
  [3428059b] SymEngine_jll v0.6.0+1
  [24249f21] SymPy v1.0.27
  [f269a46b] TimeZones v1.3.2
  [c751599d] ToeplitzMatrices v0.6.2
  [3a884ed6] UnPack v1.0.2
  [81def892] VersionParsing v1.2.0
  [02c8fc9c] XML2_jll v2.9.10+1
  [83775a58] Zlib_jll v1.2.11+15
  [2a0f44e3] Base64
  [ade2ca70] Dates
  [8bb1440f] DelimitedFiles
  [8ba89e20] Distributed
  [b77e0a4c] InteractiveUtils
  [76f85450] LibGit2
  [8f399da3] Libdl
  [37e2e46d] LinearAlgebra
  [56ddb016] Logging
  [d6f4376e] Markdown
  [a63ad114] Mmap
  [44cfe95a] Pkg
  [de0858da] Printf
  [3fa0cd96] REPL
  [9a3f8284] Random
  [ea8e919c] SHA
  [9e88b42a] Serialization
  [1a1011a3] SharedArrays
  [6462fe0b] Sockets
  [2f01184e] SparseArrays
  [10745b16] Statistics
  [8dfed614] Test
  [cf7118a7] UUIDs
  [4ec0a83e] Unicode
Test Summary:      | Pass  Total
Canonical Mappings |  184    184
 34.015848 seconds (47.45 M allocations: 2.262 GiB, 7.84% gc time)
Test Summary: | Pass  Total
Interpolation | 1266   1266
 34.791754 seconds (17.33 M allocations: 942.355 MiB, 1.63% gc time)
Test Summary: | Pass  Total
Integration   |  156    156
  3.441686 seconds (1.70 M allocations: 84.739 MiB, 2.59% gc time)
Test Summary: | Pass  Total
Derivatives   |  272    272
  1.742397 seconds (1.22 M allocations: 63.155 MiB, 1.76% gc time)
Test Summary: | Pass  Total
Legendre      |  100    100
  9.222143 seconds (6.80 M allocations: 335.921 MiB, 2.64% gc time)
Test Summary: |
Gegenbauer    | No tests
  0.199742 seconds (23.69 k allocations: 1.293 MiB)
Test Summary: |  Pass  Total
Jacobi        | 77500  77500
320.124219 seconds (90.59 M allocations: 1.785 GiB, 0.46% gc time)
Test Summary: |
Hermite       | No tests
  0.259154 seconds (20.21 k allocations: 1.122 MiB)
Test Summary: |
Laguerre      | No tests
  0.228510 seconds (65.14 k allocations: 3.545 MiB)
Test Summary: |
Hahn          | No tests
  0.169707 seconds (36.13 k allocations: 1.889 MiB)
Test Summary: | Pass  Total
Utilities     |  320    320
  8.224557 seconds (8.24 M allocations: 407.058 MiB, 2.96% gc time)
Test Summary:          |
Symbolic Bases (SymPy) | No tests
  0.039794 seconds (3.17 k allocations: 215.438 KiB)
Test Summary:              | Pass  Total
Symbolic Bases (SymEngine) |   50     50
 27.469409 seconds (8.07 M allocations: 395.543 MiB, 1.02% gc time)
    Testing PolynomialBases tests passed 
