Julia Version 1.4.0
Commit b8e9a9ecc6 (2020-03-21 16:36 UTC)
Platform Info:
  OS: Linux (x86_64-linux-gnu)
  CPU: Intel(R) Xeon(R) Silver 4114 CPU @ 2.20GHz
  WORD_SIZE: 64
  LIBM: libopenlibm
  LLVM: libLLVM-8.0.1 (ORCJIT, skylake)
Environment:
  JULIA_DEPOT_PATH = ::/usr/local/share/julia
  JULIA_NUM_THREADS = 2

  Resolving package versions...
  Installed Requires ──────── v0.5.2
  Installed LoadFlint ─────── v0.1.2
  Installed BinaryProvider ── v0.5.8
  Installed AbstractAlgebra ─ v0.9.1
  Installed Nemo ──────────── v0.17.2
  Installed Hecke ─────────── v0.8.0
   Updating `~/.julia/environments/v1.4/Project.toml`
  [3e1990a7] + Hecke v0.8.0
   Updating `~/.julia/environments/v1.4/Manifest.toml`
  [c3fe647b] + AbstractAlgebra v0.9.1
  [b99e7846] + BinaryProvider v0.5.8
  [3e1990a7] + Hecke v0.8.0
  [472f376f] + LoadFlint v0.1.2
  [2edaba10] + Nemo v0.17.2
  [ae029012] + Requires v0.5.2
  [2a0f44e3] + Base64 
  [ade2ca70] + Dates 
  [8ba89e20] + Distributed 
  [b77e0a4c] + InteractiveUtils 
  [76f85450] + LibGit2 
  [8f399da3] + Libdl 
  [37e2e46d] + LinearAlgebra 
  [56ddb016] + Logging 
  [d6f4376e] + Markdown 
  [44cfe95a] + Pkg 
  [de0858da] + Printf 
  [9abbd945] + Profile 
  [3fa0cd96] + REPL 
  [9a3f8284] + Random 
  [ea8e919c] + SHA 
  [9e88b42a] + Serialization 
  [6462fe0b] + Sockets 
  [2f01184e] + SparseArrays 
  [8dfed614] + Test 
  [cf7118a7] + UUIDs 
  [4ec0a83e] + Unicode 
   Building LoadFlint → `~/.julia/packages/LoadFlint/3t3NS/deps/build.log`
   Building Nemo ─────→ `~/.julia/packages/Nemo/afkIJ/deps/build.log`
    Testing Hecke
Status `/tmp/jl_01u2LL/Manifest.toml`
  [c3fe647b] AbstractAlgebra v0.9.1
  [b99e7846] BinaryProvider v0.5.8
  [3e1990a7] Hecke v0.8.0
  [472f376f] LoadFlint v0.1.2
  [2edaba10] Nemo v0.17.2
  [ae029012] Requires v0.5.2
  [2a0f44e3] Base64 
  [ade2ca70] Dates 
  [8ba89e20] Distributed 
  [b77e0a4c] InteractiveUtils 
  [76f85450] LibGit2 
  [8f399da3] Libdl 
  [37e2e46d] LinearAlgebra 
  [56ddb016] Logging 
  [d6f4376e] Markdown 
  [44cfe95a] Pkg 
  [de0858da] Printf 
  [9abbd945] Profile 
  [3fa0cd96] REPL 
  [9a3f8284] Random 
  [ea8e919c] SHA 
  [9e88b42a] Serialization 
  [6462fe0b] Sockets 
  [2f01184e] SparseArrays 
  [8dfed614] Test 
  [cf7118a7] UUIDs 
  [4ec0a83e] Unicode 
using GAP failed. Not running FieldFactory tests
Test Summary: | Pass  Total
Number fields |   20     20
114.777651 seconds (82.40 M allocations: 4.080 GiB, 3.41% gc time)
Test Summary: | Pass  Total
AlgAss        |  919    919
150.310888 seconds (94.28 M allocations: 4.812 GiB, 2.46% gc time)
Test Summary: | Pass  Total
AlgAssAbsOrd  |  179    179
415.463438 seconds (551.64 M allocations: 22.984 GiB, 11.44% gc time)
Test Summary: | Pass  Total
AlgAssRelOrd  |   33     33
 72.762147 seconds (109.48 M allocations: 4.309 GiB, 14.02% gc time)
Test Summary:   | Pass  Total
Elliptic curves |  278    278
 58.293256 seconds (23.97 M allocations: 2.942 GiB, 2.06% gc time)
Test Summary:                     | Pass  Total
Finitely generated abelian groups |  343    343
 48.389491 seconds (29.55 M allocations: 1.375 GiB, 1.87% gc time)
Test Summary:  | Pass  Total
Generic Groups |  928    928
 29.140537 seconds (75.78 M allocations: 3.475 GiB, 8.37% gc time)
Test Summary:  |
Linear algebra | No tests
  0.006587 seconds (708 allocations: 60.391 KiB)
Test Summary: | Pass  Total
Map           |  132    132
  2.971556 seconds (1.15 M allocations: 58.467 MiB)
Test Summary: | Pass  Total
Misc          | 5037   5037
447.931100 seconds (307.41 M allocations: 22.630 GiB, 4.09% gc time)
Test Summary: | Pass  Total
NfAbs         | 2094   2094
222.577429 seconds (178.19 M allocations: 17.107 GiB, 5.00% gc time)
NfOrd.jl
250.797302 seconds (125.60 M allocations: 16.367 GiB, 3.50% gc time)
Elem.jl
  2.728720 seconds (1.06 M allocations: 55.592 MiB)
Ideal.jl
 14.086507 seconds (16.86 M allocations: 1.004 GiB, 8.67% gc time)
FracIdl.jl
  8.103616 seconds (2.13 M allocations: 102.840 MiB, 3.89% gc time)
ResidueRing.jl
  0.393198 seconds (126.94 k allocations: 14.709 MiB)
ResidueField.jl
  1.997151 seconds (616.49 k allocations: 30.066 MiB)
Clgp.jl
250.344657 seconds (284.06 M allocations: 20.373 GiB, 7.33% gc time)
RayClassGroup.jl
  7.025423 seconds (6.26 M allocations: 315.380 MiB, 5.69% gc time)
ResidueRingMultGrp.jl
 22.924083 seconds (40.65 M allocations: 2.587 GiB, 13.97% gc time)
Overorders.jl
 31.539988 seconds (65.57 M allocations: 3.234 GiB, 16.71% gc time)
LinearAlgebra.jl
  0.000133 seconds (404 allocations: 18.328 KiB)
 43.460863 seconds (44.11 M allocations: 2.744 GiB, 6.90% gc time)
PicardGroup.jl
 25.701103 seconds (16.57 M allocations: 5.123 GiB, 4.82% gc time)
Test Summary:                    |  Pass  Total
Orders in absolute number fields | 15897  15897
659.318470 seconds (603.71 M allocations: 51.943 GiB, 6.34% gc time)
NfRel/NfRelOrd.jl
 58.153521 seconds (75.09 M allocations: 4.156 GiB, 8.59% gc time)
NfRel/Ideal.jl
  9.342219 seconds (17.02 M allocations: 845.333 MiB, 10.18% gc time)
NfRel/FracIdeal.jl
  0.209520 seconds (378.39 k allocations: 19.112 MiB)
NfRel/NfRel.jl
  0.625588 seconds (372.89 k allocations: 49.770 MiB)
NfRel/Elem.jl
  0.070742 seconds (32.92 k allocations: 1.895 MiB)
NfRel/NEQ_Kirschmer.jl
 11.512154 seconds (11.85 M allocations: 573.453 MiB, 6.58% gc time)
Test Summary: | Pass  Total
NfRel         |   83     83
 80.068272 seconds (104.80 M allocations: 5.613 GiB, 8.37% gc time)
Test Summary: | Pass  Total
RCF           |   60     60
 96.303582 seconds (87.34 M allocations: 4.829 GiB, 5.69% gc time)
Test Summary: |
Examples      | No tests
  0.014763 seconds (1.19 k allocations: 110.750 KiB)
Test Summary: | Pass  Total
Sparse        |  176    176
 18.568008 seconds (8.30 M allocations: 426.227 MiB, 4.43% gc time)
Test Summary:                 | Pass  Total
Quadratic and hermitian forms |  774    774
643.072705 seconds (1.08 G allocations: 53.709 GiB, 14.48% gc time)
Conjugates.jl
  4.797116 seconds (3.10 M allocations: 157.770 MiB)
Test Summary:  | Pass  Total
LocalField ... |   10     10
  4.877765 seconds (3.12 M allocations: 158.753 MiB)
    Testing Hecke tests passed 
