Julia Version 1.5.2-pre.0
Commit c4acbf93fb (2020-08-26 10:58 UTC)
Platform Info:
  OS: Linux (x86_64-pc-linux-gnu)
  CPU: Intel(R) Xeon(R) Silver 4114 CPU @ 2.20GHz
  WORD_SIZE: 64
  LIBM: libopenlibm
  LLVM: libLLVM-9.0.1 (ORCJIT, skylake-avx512)
Environment:
  JULIA_DEPOT_PATH = ::/usr/local/share/julia
  JULIA_NUM_THREADS = 2

  Resolving package versions...
  Installed FillArrays ───── v0.9.6
  Installed ArrayLayouts ─── v0.4.7
  Installed BandedMatrices ─ v0.15.20
Updating `~/.julia/environments/v1.5/Project.toml`
  [aae01518] + BandedMatrices v0.15.20
Updating `~/.julia/environments/v1.5/Manifest.toml`
  [4c555306] + ArrayLayouts v0.4.7
  [aae01518] + BandedMatrices v0.15.20
  [1a297f60] + FillArrays v0.9.6
  [8f399da3] + Libdl
  [37e2e46d] + LinearAlgebra
  [9a3f8284] + Random
  [9e88b42a] + Serialization
  [2f01184e] + SparseArrays
    Testing BandedMatrices
Status `/tmp/jl_JVCL6O/Project.toml`
  [4c555306] ArrayLayouts v0.4.7
  [aae01518] BandedMatrices v0.15.20
  [1a297f60] FillArrays v0.9.6
  [14197337] GenericLinearAlgebra v0.2.4
  [2a0f44e3] Base64
  [37e2e46d] LinearAlgebra
  [9a3f8284] Random
  [2f01184e] SparseArrays
  [8dfed614] Test
Status `/tmp/jl_JVCL6O/Manifest.toml`
  [4c555306] ArrayLayouts v0.4.7
  [aae01518] BandedMatrices v0.15.20
  [1a297f60] FillArrays v0.9.6
  [14197337] GenericLinearAlgebra v0.2.4
  [2a0f44e3] Base64
  [8ba89e20] Distributed
  [b77e0a4c] InteractiveUtils
  [8f399da3] Libdl
  [37e2e46d] LinearAlgebra
  [56ddb016] Logging
  [d6f4376e] Markdown
  [de0858da] Printf
  [9a3f8284] Random
  [9e88b42a] Serialization
  [6462fe0b] Sockets
  [2f01184e] SparseArrays
  [8dfed614] Test
  [4ec0a83e] Unicode
Test Summary: | Pass  Total
BandedMatrix  | 3335   3335
Test Summary:         | Pass  Total
BandedMatrix SubArray |  139    139
Test Summary:  |  Pass  Total
Linear Algebra | 22867  22867
  0.000053 seconds (6 allocations: 224 bytes)
Test Summary: | Pass  Total
broadcasting  |  195    195
Test Summary: | Pass  Total
Indexing      |  536    536
Test Summary: | Pass  Total
Banded A\b    |   54     54
Test Summary: | Pass  Broken  Total
QR tests      | 1113       4   1117
Test Summary: | Pass  Total
Symmetric     |   43     43
Test Summary: | Pass  Total
Hermitian     |   18     18
Test Summary: | Pass  Total
LDLᵀ          |   25     25
Test Summary: | Pass  Broken  Total
Cholesky      |   16       5     21
Test Summary: | Pass  Total
Triangular    |   63     63
Test Summary:           | Pass  Total
banded matrix interface |   38     38
Test Summary:   | Pass  Total
Bi/Tri/Diagonal |   46     46
Test Summary: | Pass  Total
rot180        |    8      8
  3.426570 seconds (2.76 M allocations: 130.702 MiB, 5.53% gc time)
  0.025418 seconds (171 allocations: 32.031 KiB)
  1.905968 seconds (1.15 M allocations: 60.550 MiB, 15.66% gc time)
  0.298354 seconds (202.45 k allocations: 10.495 MiB)
  1.789699 seconds (1.70 M allocations: 88.421 MiB, 3.88% gc time)
  0.027037 seconds (78 allocations: 67.453 KiB)
Test Summary: | Pass  Total
misc tests    |   72     72
    Testing BandedMatrices tests passed 
