Current time is 2020-10-25T20:37:58.764
Julia Version 1.5.3-pre.13
Commit 3de1115e9c (2020-10-23 21:58 UTC)
Platform Info:
  OS: Linux (x86_64-linux-gnu)
  CPU: AMD EPYC 7502 32-Core Processor
  WORD_SIZE: 64
  LIBM: libopenlibm
  LLVM: libLLVM-9.0.1 (ORCJIT, znver2)
Environment:
  JULIA_DEPOT_PATH = ::/usr/local/share/julia
  JULIA_NUM_THREADS = 2
  JULIA_MAX_NUM_PRECOMPILE_FILES = 9223372036854775807
  JULIA_PKG_SERVER = 

Starting installation at 2020-10-25T20:38:01.857
  Resolving package versions...
  Installed DataValueInterfaces ─ v1.0.0
  Installed TableShowUtils ────── v0.2.5
  Installed Parsers ───────────── v1.0.11
  Installed JSON ──────────────── v0.21.1
  Installed DataValues ────────── v0.4.13
Updating `~/.julia/environments/v1.5/Project.toml`
  [5e66a065] + TableShowUtils v0.2.5
Updating `~/.julia/environments/v1.5/Manifest.toml`
  [e2d170a0] + DataValueInterfaces v1.0.0
  [e7dc6d0d] + DataValues v0.4.13
  [682c06a0] + JSON v0.21.1
  [69de0a69] + Parsers v1.0.11
  [5e66a065] + TableShowUtils v0.2.5
  [2a0f44e3] + Base64
  [ade2ca70] + Dates
  [8ba89e20] + Distributed
  [b77e0a4c] + InteractiveUtils
  [56ddb016] + Logging
  [d6f4376e] + Markdown
  [a63ad114] + Mmap
  [de0858da] + Printf
  [9a3f8284] + Random
  [9e88b42a] + Serialization
  [6462fe0b] + Sockets
  [8dfed614] + Test
  [4ec0a83e] + Unicode
Starting tests at 2020-10-25T20:38:05.175
    Testing TableShowUtils
Status `/tmp/jl_Po24oZ/Project.toml`
  [e7dc6d0d] DataValues v0.4.13
  [682c06a0] JSON v0.21.1
  [5e66a065] TableShowUtils v0.2.5
  [ade2ca70] Dates
  [d6f4376e] Markdown
  [8dfed614] Test
Status `/tmp/jl_Po24oZ/Manifest.toml`
  [e2d170a0] DataValueInterfaces v1.0.0
  [e7dc6d0d] DataValues v0.4.13
  [682c06a0] JSON v0.21.1
  [69de0a69] Parsers v1.0.11
  [5e66a065] TableShowUtils v0.2.5
  [2a0f44e3] Base64
  [ade2ca70] Dates
  [8ba89e20] Distributed
  [b77e0a4c] InteractiveUtils
  [56ddb016] Logging
  [d6f4376e] Markdown
  [a63ad114] Mmap
  [de0858da] Printf
  [9a3f8284] Random
  [9e88b42a] Serialization
  [6462fe0b] Sockets
  [8dfed614] Test
  [4ec0a83e] Unicode
Test Summary:  | Pass  Total
TableShowUtils |    2      2
    Testing TableShowUtils tests passed 
Finished at 2020-10-25T20:38:29.318
