Running tests with Julia v1.3.0
   Cloning default registries into `~/.julia`
   Cloning registry from "https://github.com/JuliaRegistries/General.git"
[?25l    Fetching: [>                                        ]  0.0 %    Fetching: [============>                            ]  29.2 %    Fetching: [======================>                  ]  53.7 %[2K[?25h     Added registry `General` to `~/.julia/registries/General`
 Resolving package versions...
 Installed IniFile ──────── v0.5.0
 Installed ArgCheck ─────── v1.0.1
 Installed Parsers ──────── v0.3.10
 Installed MbedTLS ──────── v0.7.0
 Installed DarkSky ──────── v1.1.0
 Installed BinaryProvider ─ v0.5.8
 Installed HTTP ─────────── v0.8.8
 Installed JSON ─────────── v0.21.0
  Updating `~/.julia/environments/v1.3/Project.toml`
  [b0bd82bd] + DarkSky v1.1.0
  Updating `~/.julia/environments/v1.3/Manifest.toml`
  [dce04be8] + ArgCheck v1.0.1
  [b99e7846] + BinaryProvider v0.5.8
  [b0bd82bd] + DarkSky v1.1.0
  [cd3eb016] + HTTP v0.8.8
  [83e8ac13] + IniFile v0.5.0
  [682c06a0] + JSON v0.21.0
  [739be429] + MbedTLS v0.7.0
  [69de0a69] + Parsers v0.3.10
  [2a0f44e3] + Base64 
  [ade2ca70] + Dates 
  [8ba89e20] + Distributed 
  [b77e0a4c] + InteractiveUtils 
  [8f399da3] + Libdl 
  [56ddb016] + Logging 
  [d6f4376e] + Markdown 
  [a63ad114] + Mmap 
  [de0858da] + Printf 
  [9a3f8284] + Random 
  [ea8e919c] + SHA 
  [9e88b42a] + Serialization 
  [6462fe0b] + Sockets 
  [8dfed614] + Test 
  [4ec0a83e] + Unicode 
  Building MbedTLS → `~/.julia/packages/MbedTLS/a1JFn/deps/build.log`
   Testing DarkSky
    Status `/tmp/jl_ZCQy6F/Manifest.toml`
  [dce04be8] ArgCheck v1.0.1
  [b99e7846] BinaryProvider v0.5.8
  [b0bd82bd] DarkSky v1.1.0
  [cd3eb016] HTTP v0.8.8
  [83e8ac13] IniFile v0.5.0
  [682c06a0] JSON v0.21.0
  [739be429] MbedTLS v0.7.0
  [69de0a69] Parsers v0.3.10
  [2a0f44e3] Base64  [`@stdlib/Base64`]
  [ade2ca70] Dates  [`@stdlib/Dates`]
  [8ba89e20] Distributed  [`@stdlib/Distributed`]
  [b77e0a4c] InteractiveUtils  [`@stdlib/InteractiveUtils`]
  [8f399da3] Libdl  [`@stdlib/Libdl`]
  [56ddb016] Logging  [`@stdlib/Logging`]
  [d6f4376e] Markdown  [`@stdlib/Markdown`]
  [a63ad114] Mmap  [`@stdlib/Mmap`]
  [de0858da] Printf  [`@stdlib/Printf`]
  [9a3f8284] Random  [`@stdlib/Random`]
  [ea8e919c] SHA  [`@stdlib/SHA`]
  [9e88b42a] Serialization  [`@stdlib/Serialization`]
  [6462fe0b] Sockets  [`@stdlib/Sockets`]
  [8dfed614] Test  [`@stdlib/Test`]
  [4ec0a83e] Unicode  [`@stdlib/Unicode`]
┌ Warning: Dark Sky API key was not found in your system environment variables, skipping tests...
└ @ Main ~/.julia/packages/DarkSky/tgoRk/test/runtests.jl:25
   Testing DarkSky tests passed 
