Current time is 2020-10-25T22:13:58.709
Julia Version 1.5.3-pre.0
Commit 5905edebb1 (2020-09-24 05:09 UTC)
Platform Info:
  OS: Linux (x86_64-pc-linux-gnu)
  CPU: AMD EPYC 7502 32-Core Processor
  WORD_SIZE: 64
  LIBM: libopenlibm
  LLVM: libLLVM-9.0.1 (ORCJIT, znver2)
Environment:
  JULIA_DEPOT_PATH = ::/usr/local/share/julia
  JULIA_NUM_THREADS = 2
  JULIA_MAX_NUM_PRECOMPILE_FILES = 9223372036854775807
  JULIA_PKG_SERVER = 

Starting installation at 2020-10-25T22:14:02.35
  Resolving package versions...
  Installed libcxxwrap_julia_jll ─ v0.7.1+1
  Installed Z3 ─────────────────── v0.4.1
  Installed z3_jll ─────────────── v4.8.8+0
  Installed MacroTools ─────────── v0.5.6
  Installed CxxWrap ────────────── v0.10.2
Updating `~/.julia/environments/v1.5/Project.toml`
  [06b161dc] + Z3 v0.4.1
Updating `~/.julia/environments/v1.5/Manifest.toml`
  [1f15a43c] + CxxWrap v0.10.2
  [1914dd2f] + MacroTools v0.5.6
  [06b161dc] + Z3 v0.4.1
  [3eaa8342] + libcxxwrap_julia_jll v0.7.1+1
  [1bc4e1ec] + z3_jll v4.8.8+0
  [2a0f44e3] + Base64
  [ade2ca70] + Dates
  [b77e0a4c] + InteractiveUtils
  [76f85450] + LibGit2
  [8f399da3] + Libdl
  [56ddb016] + Logging
  [d6f4376e] + Markdown
  [44cfe95a] + Pkg
  [de0858da] + Printf
  [3fa0cd96] + REPL
  [9a3f8284] + Random
  [ea8e919c] + SHA
  [9e88b42a] + Serialization
  [6462fe0b] + Sockets
  [cf7118a7] + UUIDs
  [4ec0a83e] + Unicode
Starting tests at 2020-10-25T22:14:07.447
    Testing Z3
Status `/tmp/jl_cIncDZ/Project.toml`
  [1f15a43c] CxxWrap v0.10.2
  [06b161dc] Z3 v0.4.1
  [1bc4e1ec] z3_jll v4.8.8+0
  [8dfed614] Test
Status `/tmp/jl_cIncDZ/Manifest.toml`
  [1f15a43c] CxxWrap v0.10.2
  [1914dd2f] MacroTools v0.5.6
  [06b161dc] Z3 v0.4.1
  [3eaa8342] libcxxwrap_julia_jll v0.7.1+1
  [1bc4e1ec] z3_jll v4.8.8+0
  [2a0f44e3] Base64
  [ade2ca70] Dates
  [8ba89e20] Distributed
  [b77e0a4c] InteractiveUtils
  [76f85450] LibGit2
  [8f399da3] Libdl
  [56ddb016] Logging
  [d6f4376e] Markdown
  [44cfe95a] Pkg
  [de0858da] Printf
  [3fa0cd96] REPL
  [9a3f8284] Random
  [ea8e919c] SHA
  [9e88b42a] Serialization
  [6462fe0b] Sockets
  [8dfed614] Test
  [cf7118a7] UUIDs
  [4ec0a83e] Unicode
    Testing Z3 tests passed 
Finished at 2020-10-25T22:15:14.16
