Julia Version 1.4.0
Commit 3fd5790e88 (2020-04-10 10:01 UTC)
Platform Info:
  OS: Linux (x86_64-linux-gnu)
  CPU: Intel(R) Xeon(R) Silver 4114 CPU @ 2.20GHz
  WORD_SIZE: 64
  LIBM: libopenlibm
  LLVM: libLLVM-8.0.1 (ORCJIT, skylake)
Environment:
  JULIA_DEPOT_PATH = ::/usr/local/share/julia
  JULIA_NUM_THREADS = 2

  Resolving package versions...
  Installed SortingAlgorithms ──────────── v0.3.1
  Installed Missings ───────────────────── v0.4.3
  Installed Arpack_jll ─────────────────── v3.5.0+3
  Installed OrderedCollections ─────────── v1.1.0
  Installed MultivariateStats ──────────── v0.7.0
  Installed Polynomials ────────────────── v0.5.3
  Installed Inflate ────────────────────── v0.1.2
  Installed ManifoldLearning ───────────── v0.5.0
  Installed OpenBLAS_jll ───────────────── v0.3.9+2
  Installed CompilerSupportLibraries_jll ─ v0.3.3+0
  Installed SimpleWeightedGraphs ───────── v1.1.1
  Installed ArnoldiMethod ──────────────── v0.0.4
  Installed Arpack ─────────────────────── v0.4.0
  Installed Combinatorics ──────────────── v1.0.0
  Installed StaticArrays ───────────────── v0.12.1
  Installed SimpleTraits ───────────────── v0.9.1
  Installed DataAPI ────────────────────── v1.1.0
  Installed RecipesBase ────────────────── v1.0.0
  Installed DataStructures ─────────────── v0.17.11
  Installed StatsBase ──────────────────── v0.32.2
  Installed LightGraphs ────────────────── v1.3.1
  Installed MacroTools ─────────────────── v0.5.5
   Updating `~/.julia/environments/v1.4/Project.toml`
  [06eb3307] + ManifoldLearning v0.5.0
   Updating `~/.julia/environments/v1.4/Manifest.toml`
  [ec485272] + ArnoldiMethod v0.0.4
  [7d9fca2a] + Arpack v0.4.0
  [68821587] + Arpack_jll v3.5.0+3
  [861a8166] + Combinatorics v1.0.0
  [e66e0078] + CompilerSupportLibraries_jll v0.3.3+0
  [9a962f9c] + DataAPI v1.1.0
  [864edb3b] + DataStructures v0.17.11
  [d25df0c9] + Inflate v0.1.2
  [093fc24a] + LightGraphs v1.3.1
  [1914dd2f] + MacroTools v0.5.5
  [06eb3307] + ManifoldLearning v0.5.0
  [e1d29d7a] + Missings v0.4.3
  [6f286f6a] + MultivariateStats v0.7.0
  [4536629a] + OpenBLAS_jll v0.3.9+2
  [bac558e1] + OrderedCollections v1.1.0
  [f27b6e38] + Polynomials v0.5.3
  [3cdcf5f2] + RecipesBase v1.0.0
  [699a6c99] + SimpleTraits v0.9.1
  [47aef6b3] + SimpleWeightedGraphs v1.1.1
  [a2af1166] + SortingAlgorithms v0.3.1
  [90137ffa] + StaticArrays v0.12.1
  [2913bbd2] + StatsBase v0.32.2
  [2a0f44e3] + Base64 
  [ade2ca70] + Dates 
  [8bb1440f] + DelimitedFiles 
  [8ba89e20] + Distributed 
  [b77e0a4c] + InteractiveUtils 
  [76f85450] + LibGit2 
  [8f399da3] + Libdl 
  [37e2e46d] + LinearAlgebra 
  [56ddb016] + Logging 
  [d6f4376e] + Markdown 
  [a63ad114] + Mmap 
  [44cfe95a] + Pkg 
  [de0858da] + Printf 
  [3fa0cd96] + REPL 
  [9a3f8284] + Random 
  [ea8e919c] + SHA 
  [9e88b42a] + Serialization 
  [1a1011a3] + SharedArrays 
  [6462fe0b] + Sockets 
  [2f01184e] + SparseArrays 
  [10745b16] + Statistics 
  [8dfed614] + Test 
  [cf7118a7] + UUIDs 
  [4ec0a83e] + Unicode 
    Testing ManifoldLearning
Status `/tmp/jl_fjI020/Manifest.toml`
  [ec485272] ArnoldiMethod v0.0.4
  [7d9fca2a] Arpack v0.4.0
  [68821587] Arpack_jll v3.5.0+3
  [861a8166] Combinatorics v1.0.0
  [e66e0078] CompilerSupportLibraries_jll v0.3.3+0
  [9a962f9c] DataAPI v1.1.0
  [864edb3b] DataStructures v0.17.11
  [d25df0c9] Inflate v0.1.2
  [093fc24a] LightGraphs v1.3.1
  [1914dd2f] MacroTools v0.5.5
  [06eb3307] ManifoldLearning v0.5.0
  [e1d29d7a] Missings v0.4.3
  [6f286f6a] MultivariateStats v0.7.0
  [4536629a] OpenBLAS_jll v0.3.9+2
  [bac558e1] OrderedCollections v1.1.0
  [f27b6e38] Polynomials v0.5.3
  [3cdcf5f2] RecipesBase v1.0.0
  [699a6c99] SimpleTraits v0.9.1
  [47aef6b3] SimpleWeightedGraphs v1.1.1
  [a2af1166] SortingAlgorithms v0.3.1
  [90137ffa] StaticArrays v0.12.1
  [2913bbd2] StatsBase v0.32.2
  [2a0f44e3] Base64 
  [ade2ca70] Dates 
  [8bb1440f] DelimitedFiles 
  [8ba89e20] Distributed 
  [b77e0a4c] InteractiveUtils 
  [76f85450] LibGit2 
  [8f399da3] Libdl 
  [37e2e46d] LinearAlgebra 
  [56ddb016] Logging 
  [d6f4376e] Markdown 
  [a63ad114] Mmap 
  [44cfe95a] Pkg 
  [de0858da] Printf 
  [3fa0cd96] REPL 
  [9a3f8284] Random 
  [ea8e919c] SHA 
  [9e88b42a] Serialization 
  [1a1011a3] SharedArrays 
  [6462fe0b] Sockets 
  [2f01184e] SparseArrays 
  [10745b16] Statistics 
  [8dfed614] Test 
  [cf7118a7] UUIDs 
  [4ec0a83e] Unicode 
Test Summary:     | Pass  Total
Nearest Neighbors |   10     10
┌ Warning: k > maxoutdim: regularization will be used
└ @ ManifoldLearning ~/.julia/packages/ManifoldLearning/H7cqO/src/lle.jl:44
┌ Warning: k > maxoutdim: regularization will be used
└ @ ManifoldLearning ~/.julia/packages/ManifoldLearning/H7cqO/src/lle.jl:44
Test Summary:     | Pass  Total
Manifold Learning |   60     60
Test Summary: | Pass  Total
OOS           |    1      1
    Testing ManifoldLearning tests passed 
