Julia Version 1.3.2-pre.0
Commit 2e6715c045 (2019-12-31 00:49 UTC)
Platform Info:
  OS: Linux (x86_64-linux-gnu)
  CPU: Intel(R) Xeon(R) Silver 4114 CPU @ 2.20GHz
  WORD_SIZE: 64
  LIBM: libopenlibm
  LLVM: libLLVM-6.0.1 (ORCJIT, skylake)
Environment:
  JULIA_DEPOT_PATH = ::/usr/local/share/julia

 Resolving package versions...
 Installed HierarchicalMatrices ─ v0.2.0
  Updating `~/.julia/environments/v1.3/Project.toml`
  [7c893195] + HierarchicalMatrices v0.2.0
  Updating `~/.julia/environments/v1.3/Manifest.toml`
  [7c893195] + HierarchicalMatrices v0.2.0
  [8f399da3] + Libdl 
  [37e2e46d] + LinearAlgebra 
   Testing HierarchicalMatrices
 Resolving package versions...
    Status `/tmp/jl_FfllM5/Manifest.toml`
  [7c893195] HierarchicalMatrices v0.2.0
  [2a0f44e3] Base64  [`@stdlib/Base64`]
  [8ba89e20] Distributed  [`@stdlib/Distributed`]
  [b77e0a4c] InteractiveUtils  [`@stdlib/InteractiveUtils`]
  [8f399da3] Libdl  [`@stdlib/Libdl`]
  [37e2e46d] LinearAlgebra  [`@stdlib/LinearAlgebra`]
  [56ddb016] Logging  [`@stdlib/Logging`]
  [d6f4376e] Markdown  [`@stdlib/Markdown`]
  [9a3f8284] Random  [`@stdlib/Random`]
  [9e88b42a] Serialization  [`@stdlib/Serialization`]
  [6462fe0b] Sockets  [`@stdlib/Sockets`]
  [8dfed614] Test  [`@stdlib/Test`]

cauchykernel matrix construction at N = 1000

  0.988124 seconds (242.29 k allocations: 15.619 MiB, 2.50% gc time)
  0.011708 seconds (2.02 k allocations: 4.166 MiB)
  0.034860 seconds (504 allocations: 7.657 MiB)
  0.008019 seconds (2 allocations: 7.629 MiB)

cauchykernel matrix-vector multiplication at N = 1000

  0.202198 seconds (44.76 k allocations: 2.311 MiB)
  0.001768 seconds (2 allocations: 7.953 KiB)
  0.011538 seconds (1 allocation: 7.938 KiB)
  0.006436 seconds (1 allocation: 7.938 KiB)

2-norm relative error: 2.818697389162418e-16


cauchykernel matrix construction at N = 10000

  0.173901 seconds (16.61 k allocations: 68.576 MiB, 14.11% gc time)
  0.168606 seconds (16.61 k allocations: 68.576 MiB, 24.86% gc time)
  0.794965 seconds (2 allocations: 762.940 MiB, 12.79% gc time)
  0.872012 seconds (2 allocations: 762.940 MiB, 17.51% gc time)

cauchykernel matrix-vector multiplication at N = 10000

  0.032194 seconds (507 allocations: 86.094 KiB)
  0.034906 seconds (507 allocations: 86.094 KiB)
  0.082376 seconds (2 allocations: 78.203 KiB)
  0.117198 seconds (2 allocations: 78.203 KiB)

2-norm relative error: 1.946991273791118e-15


coulombkernel matrix construction at N = 1000

  0.589459 seconds (11.12 k allocations: 4.572 MiB)
  0.008463 seconds (2.02 k allocations: 4.166 MiB)
  0.044460 seconds (15.64 k allocations: 8.338 MiB)
  0.008903 seconds (2 allocations: 7.629 MiB)

coulombkernel matrix-vector multiplication at N = 1000

  0.001476 seconds (2 allocations: 7.953 KiB)
  0.001434 seconds (2 allocations: 7.953 KiB)
  0.027708 seconds (1 allocation: 7.938 KiB)
  0.010270 seconds (1 allocation: 7.938 KiB)

2-norm relative error: 2.5806181678850466e-15


coulombkernel matrix construction at N = 10000

  0.158926 seconds (16.61 k allocations: 68.576 MiB)
  0.139529 seconds (16.61 k allocations: 68.576 MiB)
  0.794452 seconds (2 allocations: 762.940 MiB, 10.91% gc time)
  0.803354 seconds (2 allocations: 762.940 MiB, 8.50% gc time)

coulombkernel matrix-vector multiplication at N = 10000

  0.027243 seconds (507 allocations: 86.094 KiB)
  0.030188 seconds (507 allocations: 86.094 KiB)
  0.125238 seconds (2 allocations: 78.203 KiB)
  0.069551 seconds (2 allocations: 78.203 KiB)

2-norm relative error: 3.488392104543743e-15


coulombprimekernel matrix construction at N = 1000

  0.670987 seconds (242.75 k allocations: 15.575 MiB)
  0.005203 seconds (2.02 k allocations: 4.166 MiB)
  0.043591 seconds (15.72 k allocations: 8.340 MiB)
  0.002627 seconds (2 allocations: 7.629 MiB)

coulombprimekernel matrix-vector multiplication at N = 1000

  0.001847 seconds (2 allocations: 7.953 KiB)
  0.001708 seconds (2 allocations: 7.953 KiB)
  0.003305 seconds (1 allocation: 7.938 KiB)
  0.004289 seconds (1 allocation: 7.938 KiB)

2-norm relative error: 3.7580544188760607e-16


coulombprimekernel matrix construction at N = 10000

  0.147406 seconds (16.61 k allocations: 68.576 MiB)
  0.142690 seconds (16.61 k allocations: 68.576 MiB)
  1.052307 seconds (2 allocations: 762.940 MiB, 9.99% gc time)
  0.966017 seconds (2 allocations: 762.940 MiB, 10.24% gc time)

coulombprimekernel matrix-vector multiplication at N = 10000

  0.034102 seconds (507 allocations: 86.094 KiB)
  0.029872 seconds (507 allocations: 86.094 KiB)
  0.054019 seconds (2 allocations: 78.203 KiB)
  0.093144 seconds (2 allocations: 78.203 KiB)

2-norm relative error: 1.539925165448831e-16


logkernel matrix construction at N = 1000

  0.636867 seconds (240.18 k allocations: 15.446 MiB)
  0.007564 seconds (2.02 k allocations: 4.166 MiB)
  0.044807 seconds (15.63 k allocations: 8.337 MiB)
  0.017830 seconds (2 allocations: 7.629 MiB)

logkernel matrix-vector multiplication at N = 1000

  0.001551 seconds (2 allocations: 7.953 KiB)
  0.001393 seconds (2 allocations: 7.953 KiB)
  0.014791 seconds (1 allocation: 7.938 KiB)
  0.011375 seconds (1 allocation: 7.938 KiB)

2-norm relative error: 9.02622392890849e-16


logkernel matrix construction at N = 10000

  0.119875 seconds (16.61 k allocations: 68.576 MiB)
  0.153014 seconds (16.61 k allocations: 68.576 MiB)
  2.492207 seconds (2 allocations: 762.940 MiB, 3.56% gc time)
  2.636900 seconds (2 allocations: 762.940 MiB, 3.39% gc time)

logkernel matrix-vector multiplication at N = 10000

  0.028664 seconds (507 allocations: 86.094 KiB)
  0.024188 seconds (507 allocations: 86.094 KiB)
  0.096633 seconds (2 allocations: 78.203 KiB)
  0.087261 seconds (2 allocations: 78.203 KiB)

2-norm relative error: 1.842137421642231e-15



cauchykernel matrix construction at N = 1000

  0.007951 seconds (1.73 k allocations: 4.149 MiB)
  0.007439 seconds (1.73 k allocations: 4.149 MiB)
  0.002544 seconds (2 allocations: 7.629 MiB)
  0.004222 seconds (2 allocations: 7.629 MiB)

cauchykernel matrix-vector multiplication at N = 1000

  0.002760 seconds (5 allocations: 8.000 KiB)
  0.002952 seconds (5 allocations: 8.000 KiB)
  0.014431 seconds (1 allocation: 7.938 KiB)
  0.011742 seconds (1 allocation: 7.938 KiB)

2-norm relative error: 1.5215142224315163e-16


cauchykernel matrix construction at N = 10000

  0.134280 seconds (16.70 k allocations: 70.265 MiB)
  0.179915 seconds (16.70 k allocations: 70.265 MiB)
  0.983750 seconds (2 allocations: 762.940 MiB, 14.38% gc time)
  0.802874 seconds (2 allocations: 762.940 MiB, 14.69% gc time)

cauchykernel matrix-vector multiplication at N = 10000

  0.042204 seconds (513 allocations: 86.188 KiB)
  0.025406 seconds (513 allocations: 86.188 KiB)
  0.066421 seconds (2 allocations: 78.203 KiB)
  0.054852 seconds (2 allocations: 78.203 KiB)

2-norm relative error: 2.011273946913695e-16


coulombkernel matrix construction at N = 1000

  0.026092 seconds (1.73 k allocations: 4.149 MiB)
  0.007685 seconds (1.73 k allocations: 4.149 MiB)
  0.005370 seconds (2 allocations: 7.629 MiB)
  0.004382 seconds (2 allocations: 7.629 MiB)

coulombkernel matrix-vector multiplication at N = 1000

  0.001546 seconds (5 allocations: 8.000 KiB)
  0.001342 seconds (5 allocations: 8.000 KiB)
  0.017587 seconds (1 allocation: 7.938 KiB)
  0.011506 seconds (1 allocation: 7.938 KiB)

2-norm relative error: 4.931238775119035e-17


coulombkernel matrix construction at N = 10000

  0.227163 seconds (16.70 k allocations: 70.265 MiB)
  0.123836 seconds (16.70 k allocations: 70.265 MiB)
  0.887093 seconds (2 allocations: 762.940 MiB, 10.83% gc time)
  0.860772 seconds (2 allocations: 762.940 MiB, 9.60% gc time)

coulombkernel matrix-vector multiplication at N = 10000

  0.027542 seconds (513 allocations: 86.188 KiB)
  0.026161 seconds (513 allocations: 86.188 KiB)
  0.077830 seconds (2 allocations: 78.203 KiB)
  0.082716 seconds (2 allocations: 78.203 KiB)

2-norm relative error: 1.1668519724777926e-16


coulombprimekernel matrix construction at N = 1000

  0.015013 seconds (1.73 k allocations: 4.149 MiB)
  0.013905 seconds (1.73 k allocations: 4.149 MiB)
  0.006996 seconds (2 allocations: 7.629 MiB)
  0.002932 seconds (2 allocations: 7.629 MiB)

coulombprimekernel matrix-vector multiplication at N = 1000

  0.002458 seconds (5 allocations: 8.000 KiB)
  0.006084 seconds (5 allocations: 8.000 KiB)
  0.026810 seconds (1 allocation: 7.938 KiB)
  0.007786 seconds (1 allocation: 7.938 KiB)

2-norm relative error: 1.5972003705583853e-17


coulombprimekernel matrix construction at N = 10000

  0.123420 seconds (16.70 k allocations: 70.265 MiB)
  0.079700 seconds (16.70 k allocations: 70.265 MiB)
  0.996393 seconds (2 allocations: 762.940 MiB, 14.97% gc time)
  0.949581 seconds (2 allocations: 762.940 MiB, 9.85% gc time)

coulombprimekernel matrix-vector multiplication at N = 10000

  0.055030 seconds (513 allocations: 86.188 KiB)
  0.029230 seconds (513 allocations: 86.188 KiB)
  0.210021 seconds (2 allocations: 78.203 KiB)
  0.124391 seconds (2 allocations: 78.203 KiB)

2-norm relative error: 1.4890223020946745e-16


logkernel matrix construction at N = 1000

  0.011527 seconds (1.73 k allocations: 4.149 MiB)
  0.011297 seconds (1.73 k allocations: 4.149 MiB)
  0.025325 seconds (2 allocations: 7.629 MiB)
  0.028125 seconds (2 allocations: 7.629 MiB)

logkernel matrix-vector multiplication at N = 1000

  0.002024 seconds (5 allocations: 8.000 KiB)
  0.002043 seconds (5 allocations: 8.000 KiB)
  0.046868 seconds (1 allocation: 7.938 KiB)
  0.011371 seconds (1 allocation: 7.938 KiB)

2-norm relative error: 4.2739292196631924e-15


logkernel matrix construction at N = 10000

  0.302830 seconds (16.70 k allocations: 70.265 MiB)
  0.164421 seconds (16.70 k allocations: 70.265 MiB)
  2.622714 seconds (2 allocations: 762.940 MiB, 3.84% gc time)
  2.627442 seconds (2 allocations: 762.940 MiB, 3.79% gc time)

logkernel matrix-vector multiplication at N = 10000

  0.056344 seconds (513 allocations: 86.188 KiB)
  0.028873 seconds (513 allocations: 86.188 KiB)
  0.122394 seconds (2 allocations: 78.203 KiB)
  0.064078 seconds (2 allocations: 78.203 KiB)

2-norm relative error: 1.7167877704261705e-15

   Testing HierarchicalMatrices tests passed 
