Julia Version 1.4.2-pre.0
Commit ef4fe83698 (2020-04-15 16:24 UTC)
Platform Info:
  OS: Linux (x86_64-linux-gnu)
  CPU: Intel(R) Xeon(R) Silver 4114 CPU @ 2.20GHz
  WORD_SIZE: 64
  LIBM: libopenlibm
  LLVM: libLLVM-8.0.1 (ORCJIT, skylake)
Environment:
  JULIA_DEPOT_PATH = ::/usr/local/share/julia
  JULIA_NUM_THREADS = 2

  Resolving package versions...
  Installed Requires ───────────────────── v1.0.1
  Installed CompilerSupportLibraries_jll ─ v0.3.3+0
  Installed Adapt ──────────────────────── v1.0.1
  Installed VertexSafeGraphs ───────────── v0.1.2
  Installed DiffResults ────────────────── v1.0.2
  Installed RecipesBase ────────────────── v1.0.1
  Installed BinaryProvider ─────────────── v0.5.9
  Installed VoronoiFVM ─────────────────── v0.8.1
  Installed URIParser ──────────────────── v0.4.1
  Installed DiffRules ──────────────────── v1.0.1
  Installed BinDeps ────────────────────── v0.8.10
  Installed ArnoldiMethod ──────────────── v0.0.4
  Installed ElasticArrays ──────────────── v1.2.0
  Installed ForwardDiff ────────────────── v0.10.10
  Installed AbstractTrees ──────────────── v0.3.3
  Installed ArrayInterface ─────────────── v2.8.7
  Installed IterativeSolvers ───────────── v0.8.4
  Installed MacroTools ─────────────────── v0.5.5
  Installed LightGraphs ────────────────── v1.3.3
  Installed Inflate ────────────────────── v0.1.2
  Installed SimpleTraits ───────────────── v0.9.2
  Installed DataStructures ─────────────── v0.17.15
  Installed SpecialFunctions ───────────── v0.10.0
  Installed StaticArrays ───────────────── v0.12.3
  Installed NaNMath ────────────────────── v0.3.3
  Installed ExtendableGrids ────────────── v0.2.2
  Installed SparseDiffTools ────────────── v1.7.1
  Installed OpenSpecFun_jll ────────────── v0.5.3+3
  Installed Triangulate ────────────────── v0.4.3
  Installed OrderedCollections ─────────── v1.2.0
  Installed Compat ─────────────────────── v2.2.0
  Installed CommonSubexpressions ───────── v0.2.0
  Installed ExtendableSparse ───────────── v0.2.7
  Installed DocStringExtensions ────────── v0.8.1
  Installed FiniteDiff ─────────────────── v2.3.1
   Updating `~/.julia/environments/v1.4/Project.toml`
  [82b139dc] + VoronoiFVM v0.8.1
   Updating `~/.julia/environments/v1.4/Manifest.toml`
  [1520ce14] + AbstractTrees v0.3.3
  [79e6a3ab] + Adapt v1.0.1
  [ec485272] + ArnoldiMethod v0.0.4
  [4fba245c] + ArrayInterface v2.8.7
  [9e28174c] + BinDeps v0.8.10
  [b99e7846] + BinaryProvider v0.5.9
  [bbf7d656] + CommonSubexpressions v0.2.0
  [34da2185] + Compat v2.2.0
  [e66e0078] + CompilerSupportLibraries_jll v0.3.3+0
  [864edb3b] + DataStructures v0.17.15
  [163ba53b] + DiffResults v1.0.2
  [b552c78f] + DiffRules v1.0.1
  [ffbed154] + DocStringExtensions v0.8.1
  [fdbdab4c] + ElasticArrays v1.2.0
  [cfc395e8] + ExtendableGrids v0.2.2
  [95c220a8] + ExtendableSparse v0.2.7
  [6a86dc24] + FiniteDiff v2.3.1
  [f6369f11] + ForwardDiff v0.10.10
  [d25df0c9] + Inflate v0.1.2
  [42fd0dbc] + IterativeSolvers v0.8.4
  [093fc24a] + LightGraphs v1.3.3
  [1914dd2f] + MacroTools v0.5.5
  [77ba4419] + NaNMath v0.3.3
  [efe28fd5] + OpenSpecFun_jll v0.5.3+3
  [bac558e1] + OrderedCollections v1.2.0
  [3cdcf5f2] + RecipesBase v1.0.1
  [ae029012] + Requires v1.0.1
  [699a6c99] + SimpleTraits v0.9.2
  [47a9eef4] + SparseDiffTools v1.7.1
  [276daf66] + SpecialFunctions v0.10.0
  [90137ffa] + StaticArrays v0.12.3
  [f7e6ffb2] + Triangulate v0.4.3
  [30578b45] + URIParser v0.4.1
  [19fa3120] + VertexSafeGraphs v0.1.2
  [82b139dc] + VoronoiFVM v0.8.1
  [2a0f44e3] + Base64 
  [ade2ca70] + Dates 
  [8bb1440f] + DelimitedFiles 
  [8ba89e20] + Distributed 
  [b77e0a4c] + InteractiveUtils 
  [76f85450] + LibGit2 
  [8f399da3] + Libdl 
  [37e2e46d] + LinearAlgebra 
  [56ddb016] + Logging 
  [d6f4376e] + Markdown 
  [a63ad114] + Mmap 
  [44cfe95a] + Pkg 
  [de0858da] + Printf 
  [3fa0cd96] + REPL 
  [9a3f8284] + Random 
  [ea8e919c] + SHA 
  [9e88b42a] + Serialization 
  [1a1011a3] + SharedArrays 
  [6462fe0b] + Sockets 
  [2f01184e] + SparseArrays 
  [10745b16] + Statistics 
  [8dfed614] + Test 
  [cf7118a7] + UUIDs 
  [4ec0a83e] + Unicode 
   Building Triangulate → `~/.julia/packages/Triangulate/SUpBB/deps/build.log`
    Testing VoronoiFVM
Status `/tmp/jl_DppZKc/Manifest.toml`
  [1520ce14] AbstractTrees v0.3.3
  [79e6a3ab] Adapt v1.0.1
  [ec485272] ArnoldiMethod v0.0.4
  [4fba245c] ArrayInterface v2.8.7
  [9e28174c] BinDeps v0.8.10
  [b99e7846] BinaryProvider v0.5.9
  [bbf7d656] CommonSubexpressions v0.2.0
  [34da2185] Compat v2.2.0
  [e66e0078] CompilerSupportLibraries_jll v0.3.3+0
  [864edb3b] DataStructures v0.17.15
  [163ba53b] DiffResults v1.0.2
  [b552c78f] DiffRules v1.0.1
  [ffbed154] DocStringExtensions v0.8.1
  [fdbdab4c] ElasticArrays v1.2.0
  [cfc395e8] ExtendableGrids v0.2.2
  [95c220a8] ExtendableSparse v0.2.7
  [6a86dc24] FiniteDiff v2.3.1
  [f6369f11] ForwardDiff v0.10.10
  [d25df0c9] Inflate v0.1.2
  [42fd0dbc] IterativeSolvers v0.8.4
  [093fc24a] LightGraphs v1.3.3
  [1914dd2f] MacroTools v0.5.5
  [77ba4419] NaNMath v0.3.3
  [efe28fd5] OpenSpecFun_jll v0.5.3+3
  [bac558e1] OrderedCollections v1.2.0
  [3cdcf5f2] RecipesBase v1.0.1
  [ae029012] Requires v1.0.1
  [699a6c99] SimpleTraits v0.9.2
  [47a9eef4] SparseDiffTools v1.7.1
  [276daf66] SpecialFunctions v0.10.0
  [90137ffa] StaticArrays v0.12.3
  [f7e6ffb2] Triangulate v0.4.3
  [30578b45] URIParser v0.4.1
  [19fa3120] VertexSafeGraphs v0.1.2
  [82b139dc] VoronoiFVM v0.8.1
  [2a0f44e3] Base64 
  [ade2ca70] Dates 
  [8bb1440f] DelimitedFiles 
  [8ba89e20] Distributed 
  [b77e0a4c] InteractiveUtils 
  [76f85450] LibGit2 
  [8f399da3] Libdl 
  [37e2e46d] LinearAlgebra 
  [56ddb016] Logging 
  [d6f4376e] Markdown 
  [a63ad114] Mmap 
  [44cfe95a] Pkg 
  [de0858da] Printf 
  [3fa0cd96] REPL 
  [9a3f8284] Random 
  [ea8e919c] SHA 
  [9e88b42a] Serialization 
  [1a1011a3] SharedArrays 
  [6462fe0b] Sockets 
  [2f01184e] SparseArrays 
  [10745b16] Statistics 
  [8dfed614] Test 
  [cf7118a7] UUIDs 
  [4ec0a83e] Unicode 
Directory /home/pkgeval/.julia/packages/VoronoiFVM/Fv6AB/test:
  runtests:
  test_prepare_edges:
   compile:  5.690221 seconds (6.53 M allocations: 340.473 MiB, 2.52% gc time)
       run:  0.000876 seconds (228 allocations: 15.344 KiB)
  xgrid:
172.852171 seconds (16.68 M allocations: 904.829 MiB, 0.38% gc time)
Directory /home/pkgeval/.julia/packages/VoronoiFVM/Fv6AB/test/../examples:
  Example101_Laplace1D:
   compile: 10.853203 seconds (11.87 M allocations: 593.386 MiB, 6.54% gc time)
       run:  0.000785 seconds (464 allocations: 55.102 KiB)
  Example102_StationaryConvectionDiffusion1D:
   compile:  8.296047 seconds (10.78 M allocations: 569.582 MiB, 3.90% gc time)
       run:  0.001701 seconds (1.89 k allocations: 190.906 KiB)
  Example105_NonlinearPoisson1D:
   compile:  3.447980 seconds (2.48 M allocations: 127.701 MiB, 2.96% gc time)
       run:  0.002138 seconds (1.81 k allocations: 273.469 KiB)
  Example106_NonlinearDiffusion1D:
   compile:  2.359244 seconds (2.12 M allocations: 118.850 MiB, 1.74% gc time)
       run:  0.159532 seconds (97.94 k allocations: 18.273 MiB, 10.42% gc time)
  Example107_NonlinearStorage1D:
   compile:  2.185422 seconds (1.62 M allocations: 97.023 MiB, 1.10% gc time)
       run:  0.191333 seconds (129.41 k allocations: 24.316 MiB, 5.80% gc time)
  Example110_ReactionDiffusion1D_TwoSpecies:
   compile:  2.836277 seconds (2.26 M allocations: 149.548 MiB, 1.97% gc time)
       run:  0.457013 seconds (265.07 k allocations: 48.050 MiB, 2.26% gc time)
  Example115_HeterogeneousCatalysis1D:
   compile:  2.602483 seconds (2.37 M allocations: 136.613 MiB, 1.27% gc time)
       run:  0.169286 seconds (122.46 k allocations: 22.454 MiB, 13.62% gc time)
  Example120_ThreeRegions1D:
   compile:  5.299798 seconds (3.46 M allocations: 375.647 MiB, 1.93% gc time)
       run:  2.387242 seconds (792.17 k allocations: 242.182 MiB, 1.32% gc time)
  Example121_PoissonPointCharge1D:
   compile:  9.136865 seconds (10.71 M allocations: 573.330 MiB, 7.83% gc time)
       run:  0.003930 seconds (2.09 k allocations: 340.203 KiB)
  Example125_TestFunctions1D:
   compile:  6.880692 seconds (5.96 M allocations: 314.782 MiB, 2.65% gc time)
       run:  0.213885 seconds (86.50 k allocations: 16.946 MiB, 6.86% gc time)
  Example150_Impedance1D:
   compile: 18.892345 seconds (20.48 M allocations: 1.010 GiB, 4.85% gc time)
       run:  0.030670 seconds (27.26 k allocations: 6.931 MiB, 49.80% gc time)
  Example160_UnipolarDriftDiffusion1D:
   compile:  4.753744 seconds (3.06 M allocations: 227.551 MiB, 1.39% gc time)
       run:  1.199297 seconds (363.31 k allocations: 96.845 MiB, 0.92% gc time)
  Example202_Laplace2D_Unstructured:
   compile:  3.636372 seconds (3.42 M allocations: 171.748 MiB, 2.34% gc time)
       run:  0.004255 seconds (1.22 k allocations: 152.883 KiB)
  Example203_CoordinateSystems:
   compile:  2.809819 seconds (2.75 M allocations: 120.440 MiB, 2.04% gc time)
       run:  0.511785 seconds (752.95 k allocations: 18.259 MiB, 2.66% gc time)
  Example205_NonlinearPoisson2D:
   compile: 12.535577 seconds (8.10 M allocations: 419.276 MiB, 2.85% gc time)
       run:  5.219806 seconds (589.19 k allocations: 57.961 MiB, 1.09% gc time)
  Example210_NonlinearPoisson2D_Reaction:
   compile: 20.394791 seconds (2.25 M allocations: 228.143 MiB, 1.37% gc time)
       run: 17.547142 seconds (729.52 k allocations: 149.097 MiB, 1.90% gc time)
  Example215_NonlinearPoisson2D_BoundaryReaction:
   compile:  4.964016 seconds (2.25 M allocations: 195.268 MiB, 2.51% gc time)
       run:  3.279675 seconds (729.82 k allocations: 116.024 MiB, 0.42% gc time)
  Example220_NonlinearPoisson2D_BoundarySpecies:
   compile:  6.615522 seconds (4.73 M allocations: 333.339 MiB, 1.77% gc time)
       run:  3.857409 seconds (1.90 M allocations: 187.085 MiB, 0.74% gc time)
168.450737 seconds (108.65 M allocations: 6.699 GiB, 2.93% gc time)
341.304462 seconds (125.33 M allocations: 7.583 GiB, 1.64% gc time)
    Testing VoronoiFVM tests passed 
