Running tests with Julia v1.3.1-pre.12
   Cloning default registries into `~/.julia`
   Cloning registry from "https://github.com/JuliaRegistries/General.git"
[?25l    Fetching: [>                                        ]  0.0 %    Fetching: [=============>                           ]  30.8 %    Fetching: [============================>            ]  68.1 %[2K[?25h     Added registry `General` to `~/.julia/registries/General`
 Resolving package versions...
 Installed HeaderREPLs ─ v0.3.0
  Updating `~/.julia/environments/v1.3/Project.toml`
  [54d51984] + HeaderREPLs v0.3.0
  Updating `~/.julia/environments/v1.3/Manifest.toml`
  [54d51984] + HeaderREPLs v0.3.0
  [2a0f44e3] + Base64 
  [8ba89e20] + Distributed 
  [b77e0a4c] + InteractiveUtils 
  [56ddb016] + Logging 
  [d6f4376e] + Markdown 
  [3fa0cd96] + REPL 
  [9a3f8284] + Random 
  [9e88b42a] + Serialization 
  [6462fe0b] + Sockets 
  [8dfed614] + Test 
   Testing HeaderREPLs
 Resolving package versions...
    Status `/tmp/jl_UQibBu/Manifest.toml`
  [54d51984] HeaderREPLs v0.3.0
  [2a0f44e3] Base64  [`@stdlib/Base64`]
  [8ba89e20] Distributed  [`@stdlib/Distributed`]
  [b77e0a4c] InteractiveUtils  [`@stdlib/InteractiveUtils`]
  [56ddb016] Logging  [`@stdlib/Logging`]
  [d6f4376e] Markdown  [`@stdlib/Markdown`]
  [3fa0cd96] REPL  [`@stdlib/REPL`]
  [9a3f8284] Random  [`@stdlib/Random`]
  [9e88b42a] Serialization  [`@stdlib/Serialization`]
  [6462fe0b] Sockets  [`@stdlib/Sockets`]
  [8dfed614] Test  [`@stdlib/Test`]
WARNING: Method definition transition(Function, REPL.LineEdit.PrefixSearchState, Any) in module LineEdit at /workspace/srcdir/julia/usr/share/julia/stdlib/v1.3/REPL/src/LineEdit.jl:1701 overwritten in module HeaderREPLs at /home/pkgeval/.julia/packages/HeaderREPLs/xrHVE/src/HeaderREPLs.jl:327.
  ** incremental compilation may be fatally broken for this module **

WARNING: Method definition activate(REPL.LineEdit.TextInterface, REPL.LineEdit.ModeState, Any, REPL.Terminals.TextTerminal) in module LineEdit at /workspace/srcdir/julia/usr/share/julia/stdlib/v1.3/REPL/src/LineEdit.jl:2209 overwritten in module HeaderREPLs at /home/pkgeval/.julia/packages/HeaderREPLs/xrHVE/src/HeaderREPLs.jl:382.
  ** incremental compilation may be fatally broken for this module **

WARNING: Method definition deactivate(REPL.LineEdit.TextInterface, REPL.LineEdit.ModeState, Any, REPL.Terminals.TextTerminal) in module LineEdit at /workspace/srcdir/julia/usr/share/julia/stdlib/v1.3/REPL/src/LineEdit.jl:2204 overwritten in module HeaderREPLs at /home/pkgeval/.julia/packages/HeaderREPLs/xrHVE/src/HeaderREPLs.jl:396.
  ** incremental compilation may be fatally broken for this module **

Test Summary:        | Pass  Total
noninteractive-tests |    1      1
   Testing HeaderREPLs tests passed 
