Julia Version 1.3.2-pre.0
Commit 2e6715c045 (2019-12-31 00:49 UTC)
Platform Info:
  OS: Linux (x86_64-linux-gnu)
  CPU: Intel(R) Xeon(R) Silver 4114 CPU @ 2.20GHz
  WORD_SIZE: 64
  LIBM: libopenlibm
  LLVM: libLLVM-6.0.1 (ORCJIT, skylake)
Environment:
  JULIA_DEPOT_PATH = ::/usr/local/share/julia

 Resolving package versions...
 Installed Requires ─────── v1.0.0
 Installed FillArrays ───── v0.8.2
 Installed BlockDiagonals ─ v0.1.5
 Installed MatLang ──────── v0.1.1
  Updating `~/.julia/environments/v1.3/Project.toml`
  [05b439c0] + MatLang v0.1.1
  Updating `~/.julia/environments/v1.3/Manifest.toml`
  [0a1fb500] + BlockDiagonals v0.1.5
  [1a297f60] + FillArrays v0.8.2
  [05b439c0] + MatLang v0.1.1
  [ae029012] + Requires v1.0.0
  [8f399da3] + Libdl 
  [37e2e46d] + LinearAlgebra 
  [9a3f8284] + Random 
  [ea8e919c] + SHA 
  [9e88b42a] + Serialization 
  [2f01184e] + SparseArrays 
  [cf7118a7] + UUIDs 
   Testing MatLang
 Resolving package versions...
    Status `/tmp/jl_er0Jlx/Manifest.toml`
  [0a1fb500] BlockDiagonals v0.1.5
  [1a297f60] FillArrays v0.8.2
  [05b439c0] MatLang v0.1.1
  [ae029012] Requires v1.0.0
  [2a0f44e3] Base64  [`@stdlib/Base64`]
  [8ba89e20] Distributed  [`@stdlib/Distributed`]
  [b77e0a4c] InteractiveUtils  [`@stdlib/InteractiveUtils`]
  [8f399da3] Libdl  [`@stdlib/Libdl`]
  [37e2e46d] LinearAlgebra  [`@stdlib/LinearAlgebra`]
  [56ddb016] Logging  [`@stdlib/Logging`]
  [d6f4376e] Markdown  [`@stdlib/Markdown`]
  [9a3f8284] Random  [`@stdlib/Random`]
  [ea8e919c] SHA  [`@stdlib/SHA`]
  [9e88b42a] Serialization  [`@stdlib/Serialization`]
  [6462fe0b] Sockets  [`@stdlib/Sockets`]
  [2f01184e] SparseArrays  [`@stdlib/SparseArrays`]
  [8dfed614] Test  [`@stdlib/Test`]
  [cf7118a7] UUIDs  [`@stdlib/UUIDs`]
Test Summary:                 |
MatLang.j - Entering_Commands | No tests
Test Summary:                    | Pass  Total
MatLang.jl - Matrices_and_Arrays |   39     39
Test Summary:             | Pass  Total
MatLang.j - Numeric_Types |   10     10
   Testing MatLang tests passed 
