Julia Version 1.5.2-pre.25
Commit be8475f41a (2020-09-09 06:41 UTC)
Platform Info:
  OS: Linux (x86_64-linux-gnu)
  CPU: Intel(R) Xeon(R) Silver 4114 CPU @ 2.20GHz
  WORD_SIZE: 64
  LIBM: libopenlibm
  LLVM: libLLVM-9.0.1 (ORCJIT, skylake-avx512)
Environment:
  JULIA_DEPOT_PATH = ::/usr/local/share/julia
  JULIA_NUM_THREADS = 2

  Resolving package versions...
  Installed ReusableFunctions ── v0.7.0
  Installed CodecZlib ────────── v0.7.0
  Installed Requires ─────────── v1.0.2
  Installed Suppressor ───────── v0.2.0
  Installed Compat ───────────── v3.15.0
  Installed TranscodingStreams ─ v0.9.5
  Installed FileIO ───────────── v1.4.3
  Installed DataStructures ───── v0.18.4
  Installed OrderedCollections ─ v1.3.0
  Installed Zlib_jll ─────────── v1.2.11+16
  Installed JLD2 ─────────────── v0.2.0
  Installed MacroTools ───────── v0.5.5
Updating `~/.julia/environments/v1.5/Project.toml`
  [afbf81f7] + ReusableFunctions v0.7.0
Updating `~/.julia/environments/v1.5/Manifest.toml`
  [944b1d66] + CodecZlib v0.7.0
  [34da2185] + Compat v3.15.0
  [864edb3b] + DataStructures v0.18.4
  [5789e2e9] + FileIO v1.4.3
  [033835bb] + JLD2 v0.2.0
  [1914dd2f] + MacroTools v0.5.5
  [bac558e1] + OrderedCollections v1.3.0
  [ae029012] + Requires v1.0.2
  [afbf81f7] + ReusableFunctions v0.7.0
  [fd094767] + Suppressor v0.2.0
  [3bb67fe8] + TranscodingStreams v0.9.5
  [83775a58] + Zlib_jll v1.2.11+16
  [2a0f44e3] + Base64
  [ade2ca70] + Dates
  [8bb1440f] + DelimitedFiles
  [8ba89e20] + Distributed
  [b77e0a4c] + InteractiveUtils
  [76f85450] + LibGit2
  [8f399da3] + Libdl
  [37e2e46d] + LinearAlgebra
  [56ddb016] + Logging
  [d6f4376e] + Markdown
  [a63ad114] + Mmap
  [44cfe95a] + Pkg
  [de0858da] + Printf
  [3fa0cd96] + REPL
  [9a3f8284] + Random
  [ea8e919c] + SHA
  [9e88b42a] + Serialization
  [1a1011a3] + SharedArrays
  [6462fe0b] + Sockets
  [2f01184e] + SparseArrays
  [10745b16] + Statistics
  [8dfed614] + Test
  [cf7118a7] + UUIDs
  [4ec0a83e] + Unicode
    Testing ReusableFunctions
Status `/tmp/jl_103m7p/Project.toml`
  [864edb3b] DataStructures v0.18.4
  [5789e2e9] FileIO v1.4.3
  [033835bb] JLD2 v0.2.0
  [afbf81f7] ReusableFunctions v0.7.0
  [fd094767] Suppressor v0.2.0
  [8dfed614] Test
Status `/tmp/jl_103m7p/Manifest.toml`
  [944b1d66] CodecZlib v0.7.0
  [34da2185] Compat v3.15.0
  [864edb3b] DataStructures v0.18.4
  [5789e2e9] FileIO v1.4.3
  [033835bb] JLD2 v0.2.0
  [1914dd2f] MacroTools v0.5.5
  [bac558e1] OrderedCollections v1.3.0
  [ae029012] Requires v1.0.2
  [afbf81f7] ReusableFunctions v0.7.0
  [fd094767] Suppressor v0.2.0
  [3bb67fe8] TranscodingStreams v0.9.5
  [83775a58] Zlib_jll v1.2.11+16
  [2a0f44e3] Base64
  [ade2ca70] Dates
  [8bb1440f] DelimitedFiles
  [8ba89e20] Distributed
  [b77e0a4c] InteractiveUtils
  [76f85450] LibGit2
  [8f399da3] Libdl
  [37e2e46d] LinearAlgebra
  [56ddb016] Logging
  [d6f4376e] Markdown
  [a63ad114] Mmap
  [44cfe95a] Pkg
  [de0858da] Printf
  [3fa0cd96] REPL
  [9a3f8284] Random
  [ea8e919c] SHA
  [9e88b42a] Serialization
  [1a1011a3] SharedArrays
  [6462fe0b] Sockets
  [2f01184e] SparseArrays
  [10745b16] Statistics
  [8dfed614] Test
  [cf7118a7] UUIDs
  [4ec0a83e] Unicode
Test Summary: | Pass  Total
Reusable      |  187    187
    Testing ReusableFunctions tests passed 
