Julia Version 1.3.2-pre.0
Commit 2e6715c045 (2019-12-31 00:49 UTC)
Platform Info:
  OS: Linux (x86_64-linux-gnu)
  CPU: Intel(R) Xeon(R) Silver 4114 CPU @ 2.20GHz
  WORD_SIZE: 64
  LIBM: libopenlibm
  LLVM: libLLVM-6.0.1 (ORCJIT, skylake)
Environment:
  JULIA_DEPOT_PATH = ::/usr/local/share/julia
  JULIA_NUM_THREADS = 2

 Resolving package versions...
 Installed RecipesBase ────── v0.7.0
 Installed ConstructionBase ─ v1.0.0
 Installed DimensionalData ── v0.5.1
  Updating `~/.julia/environments/v1.3/Project.toml`
  [0703355e] + DimensionalData v0.5.1
  Updating `~/.julia/environments/v1.3/Manifest.toml`
  [187b0558] + ConstructionBase v1.0.0
  [0703355e] + DimensionalData v0.5.1
  [3cdcf5f2] + RecipesBase v0.7.0
  [ade2ca70] + Dates 
  [8f399da3] + Libdl 
  [37e2e46d] + LinearAlgebra 
  [de0858da] + Printf 
  [9a3f8284] + Random 
  [9e88b42a] + Serialization 
  [2f01184e] + SparseArrays 
  [10745b16] + Statistics 
  [4ec0a83e] + Unicode 
   Testing DimensionalData
 Resolving package versions...
 Installed Parsers ─────────────────── v0.3.10
 Installed JSON ────────────────────── v0.21.0
 Installed Compat ──────────────────── v2.2.0
 Installed BenchmarkTools ──────────── v0.4.3
 Installed Unitful ─────────────────── v0.18.0
 Installed StaticArrays ────────────── v0.12.1
 Installed Rotations ───────────────── v0.13.0
 Installed CoordinateTransformations ─ v0.5.0
    Status `/tmp/jl_wfBldJ/Manifest.toml`
  [6e4b80f9] BenchmarkTools v0.4.3
  [34da2185] Compat v2.2.0
  [187b0558] ConstructionBase v1.0.0
  [150eb455] CoordinateTransformations v0.5.0
  [0703355e] DimensionalData v0.5.1
  [682c06a0] JSON v0.21.0
  [69de0a69] Parsers v0.3.10
  [3cdcf5f2] RecipesBase v0.7.0
  [6038ab10] Rotations v0.13.0
  [90137ffa] StaticArrays v0.12.1
  [1986cc42] Unitful v0.18.0
  [2a0f44e3] Base64  [`@stdlib/Base64`]
  [ade2ca70] Dates  [`@stdlib/Dates`]
  [8bb1440f] DelimitedFiles  [`@stdlib/DelimitedFiles`]
  [8ba89e20] Distributed  [`@stdlib/Distributed`]
  [b77e0a4c] InteractiveUtils  [`@stdlib/InteractiveUtils`]
  [76f85450] LibGit2  [`@stdlib/LibGit2`]
  [8f399da3] Libdl  [`@stdlib/Libdl`]
  [37e2e46d] LinearAlgebra  [`@stdlib/LinearAlgebra`]
  [56ddb016] Logging  [`@stdlib/Logging`]
  [d6f4376e] Markdown  [`@stdlib/Markdown`]
  [a63ad114] Mmap  [`@stdlib/Mmap`]
  [44cfe95a] Pkg  [`@stdlib/Pkg`]
  [de0858da] Printf  [`@stdlib/Printf`]
  [3fa0cd96] REPL  [`@stdlib/REPL`]
  [9a3f8284] Random  [`@stdlib/Random`]
  [ea8e919c] SHA  [`@stdlib/SHA`]
  [9e88b42a] Serialization  [`@stdlib/Serialization`]
  [1a1011a3] SharedArrays  [`@stdlib/SharedArrays`]
  [6462fe0b] Sockets  [`@stdlib/Sockets`]
  [2f01184e] SparseArrays  [`@stdlib/SparseArrays`]
  [10745b16] Statistics  [`@stdlib/Statistics`]
  [8dfed614] Test  [`@stdlib/Test`]
  [cf7118a7] UUIDs  [`@stdlib/UUIDs`]
  [4ec0a83e] Unicode  [`@stdlib/Unicode`]
Test Summary:       | Pass  Total
dims creation macro |   17     17
Test Summary: | Pass  Total
dims          |    5      5
Test Summary:       | Pass  Total
arbitrary dim names |    3      3
Test Summary: | Pass  Total
permutedims   |   10     10
Test Summary: | Pass  Total
slicedims     |    3      3
Test Summary: | Pass  Total
dims2indices  |   14     14
Test Summary: | Pass  Total
dimnum        |    4      4
Test Summary: | Pass  Total
reducedims    |    6      6
Test Summary: | Pass  Total
dims          |    6      6
Test Summary: | Pass  Total
hasdims       |    5      5
Test Summary: | Pass  Total
setdim        |    1      1
Test Summary:                               | Pass  Total
getindex for single integers returns values |    2      2
Test Summary:                                                    | Pass  Total
getindex returns DimensionArray slices with the right dimensions |   22     22
Test Summary:                                | Pass  Total
view returns DimensionArray containing views |   26     26
Test Summary:                                    | Pass  Total
arbitrary dimension names also work for indexing |    3      3
Test Summary: | Pass  Total
size and axes |    4      4
Test Summary: | Pass  Total
similar       |   11     11
Test Summary: | Pass  Total
broadcast     |    5      5
Test Summary: | Pass  Total
convert       |    2      2
Test Summary: | Pass  Total
copy          |    1      1
Test Summary: | Pass  Total
copy!         |    5      5
Test Summary:      | Pass  Total
identify grid type |    7      7
Test Summary: |
sampling      | No tests
Test Summary: | Pass  Total
order         |    6      6
Test Summary: | Pass  Total
reverse       |    9      9
Test Summary: | Pass  Total
slice bounds  |    8      8
Test Summary: | Pass  Total
grid bounds   |   15     15
Test Summary:                | Pass  Total
Selectors on IndependentGrid |   31     31
Test Summary:   | Pass  Total
CategoricalGrid |    4      4
Test Summary:   | Pass  Total
TranformedGrid  |    7      7
Test Summary: | Pass  Total
map           |    2      2
Test Summary:              | Pass  Total
dimension reducing methods |   35     35
Test Summary:              | Pass  Total
dimension dropping methods |    4      4
Test Summary:     | Pass  Total
iteration methods |    8      8
Test Summary:                       | Pass  Total
simple dimension reordering methods |   12     12
Test Summary:                                           | Pass  Total
dimension reordering methods with specified permutation |    6      6
Test Summary:               | Pass  Total
dimension mirroring methods |    4      4
Test Summary: | Pass  Total
mapslices     |    4      4
Test Summary: | Pass  Total
indexes       |    4      4
Test Summary: | Pass  Total
cat           |   10     10
Test Summary: | Pass  Total
unique        |    2      2


Performance of view()

Parent indices with Number
  15.761 ns (1 allocation: 48 bytes)
Dims with Number
  28.260 ns (2 allocations: 96 bytes)

Parent indices with Colon
  9.539 ns (1 allocation: 48 bytes)
Dims with Colon
  34.146 ns (2 allocations: 112 bytes)

Parent indices with UnitRange
  16.959 ns (1 allocation: 64 bytes)
Dims with UnitRange
  41.856 ns (2 allocations: 128 bytes)


Performance of getindex()

Parent indices with Number
  2.881 ns (0 allocations: 0 bytes)
Dims with Number
  2.061 ns (0 allocations: 0 bytes)

Parent indices with Colon
  19.552 μs (2 allocations: 39.14 KiB)
Dims with Colon
  19.328 μs (3 allocations: 39.20 KiB)

Parent indices with UnitRange
  2.451 μs (1 allocation: 5.00 KiB)
Dims with UnitRange
  2.496 μs (2 allocations: 5.06 KiB)


eachslice: normal, numbers + rebuild, dims + rebuild
  424.859 ns (3 allocations: 64 bytes)
  456.252 ns (3 allocations: 64 bytes)
  23.014 ns (2 allocations: 48 bytes)
eachslice to vector: normal, numbers + rebuild, dims + rebuild
  944.246 ns (9 allocations: 448 bytes)
  701.417 ns (13 allocations: 832 bytes)
  202.960 ns (12 allocations: 816 bytes)


mean: normal, numbers + rebuild, dims + rebuild
  1.736 μs (14 allocations: 672 bytes)
  2.776 μs (27 allocations: 1.39 KiB)
  1.829 μs (18 allocations: 912 bytes)
permutedims: normal, numbers + rebuild, dims + rebuild
  312.342 ns (5 allocations: 832 bytes)
  331.874 ns (6 allocations: 944 bytes)
  516.169 ns (6 allocations: 944 bytes)
reverse: normal, numbers + rebuild, dims + rebuild
  271.050 ns (1 allocation: 576 bytes)
  1.175 μs (6 allocations: 896 bytes)
  938.441 ns (6 allocations: 896 bytes)
mean with dims arge: regular sparse
  164.453 μs (4 allocations: 8.05 KiB)
mean with dims arge: dims sparse
  164.653 μs (8 allocations: 8.25 KiB)
mean: regular sparse
  202.219 μs (4 allocations: 96 bytes)
mean: dims sparse
  202.064 μs (4 allocations: 96 bytes)
copy: regular sparse
  223.445 μs (7 allocations: 1.52 MiB)
copy: dims sparse
  217.764 μs (8 allocations: 1.52 MiB)
reduce: regular sparse
  201.739 μs (1 allocation: 48 bytes)
reduce: dims sparse
  223.989 μs (1 allocation: 48 bytes)
map: regular sparse
  1.944 ms (7 allocations: 1.52 MiB)
map: dims sparse
  1.962 ms (7 allocations: 1.52 MiB)
WARNING: using Dates.Time in module Main conflicts with an existing identifier.
   Testing DimensionalData tests passed 
