Julia Version 1.4.0
Commit 3fd5790e88 (2020-04-10 10:01 UTC)
Platform Info:
  OS: Linux (x86_64-linux-gnu)
  CPU: Intel(R) Xeon(R) Silver 4114 CPU @ 2.20GHz
  WORD_SIZE: 64
  LIBM: libopenlibm
  LLVM: libLLVM-8.0.1 (ORCJIT, skylake)
Environment:
  JULIA_DEPOT_PATH = ::/usr/local/share/julia
  JULIA_NUM_THREADS = 2

  Resolving package versions...
  Installed CompilerSupportLibraries_jll ─ v0.3.3+0
  Installed DiffResults ────────────────── v1.0.2
  Installed CommonSubexpressions ───────── v0.2.0
  Installed SpecialFunctions ───────────── v0.10.0
  Installed StaticArrays ───────────────── v0.12.1
  Installed DiffRules ──────────────────── v1.0.1
  Installed Tensors ────────────────────── v1.4.2
  Installed ForwardDiff ────────────────── v0.10.10
  Installed OpenSpecFun_jll ────────────── v0.5.3+3
  Installed NaNMath ────────────────────── v0.3.3
  Installed SIMD ───────────────────────── v2.8.0
   Updating `~/.julia/environments/v1.4/Project.toml`
  [48a634ad] + Tensors v1.4.2
   Updating `~/.julia/environments/v1.4/Manifest.toml`
  [bbf7d656] + CommonSubexpressions v0.2.0
  [e66e0078] + CompilerSupportLibraries_jll v0.3.3+0
  [163ba53b] + DiffResults v1.0.2
  [b552c78f] + DiffRules v1.0.1
  [f6369f11] + ForwardDiff v0.10.10
  [77ba4419] + NaNMath v0.3.3
  [efe28fd5] + OpenSpecFun_jll v0.5.3+3
  [fdea26ae] + SIMD v2.8.0
  [276daf66] + SpecialFunctions v0.10.0
  [90137ffa] + StaticArrays v0.12.1
  [48a634ad] + Tensors v1.4.2
  [2a0f44e3] + Base64 
  [ade2ca70] + Dates 
  [8ba89e20] + Distributed 
  [b77e0a4c] + InteractiveUtils 
  [76f85450] + LibGit2 
  [8f399da3] + Libdl 
  [37e2e46d] + LinearAlgebra 
  [56ddb016] + Logging 
  [d6f4376e] + Markdown 
  [44cfe95a] + Pkg 
  [de0858da] + Printf 
  [3fa0cd96] + REPL 
  [9a3f8284] + Random 
  [ea8e919c] + SHA 
  [9e88b42a] + Serialization 
  [6462fe0b] + Sockets 
  [2f01184e] + SparseArrays 
  [10745b16] + Statistics 
  [8dfed614] + Test 
  [cf7118a7] + UUIDs 
  [4ec0a83e] + Unicode 
    Testing Tensors
Status `/tmp/jl_82l0cI/Manifest.toml`
  [bbf7d656] CommonSubexpressions v0.2.0
  [e66e0078] CompilerSupportLibraries_jll v0.3.3+0
  [163ba53b] DiffResults v1.0.2
  [b552c78f] DiffRules v1.0.1
  [f6369f11] ForwardDiff v0.10.10
  [77ba4419] NaNMath v0.3.3
  [efe28fd5] OpenSpecFun_jll v0.5.3+3
  [fdea26ae] SIMD v2.8.0
  [276daf66] SpecialFunctions v0.10.0
  [90137ffa] StaticArrays v0.12.1
  [48a634ad] Tensors v1.4.2
  [a759f4b9] TimerOutputs v0.5.3
  [2a0f44e3] Base64 
  [ade2ca70] Dates 
  [8ba89e20] Distributed 
  [b77e0a4c] InteractiveUtils 
  [76f85450] LibGit2 
  [8f399da3] Libdl 
  [37e2e46d] LinearAlgebra 
  [56ddb016] Logging 
  [d6f4376e] Markdown 
  [44cfe95a] Pkg 
  [de0858da] Printf 
  [3fa0cd96] REPL 
  [9a3f8284] Random 
  [ea8e919c] SHA 
  [9e88b42a] Serialization 
  [6462fe0b] Sockets 
  [2f01184e] SparseArrays 
  [10745b16] Statistics 
  [8dfed614] Test 
  [cf7118a7] UUIDs 
  [4ec0a83e] Unicode 
Test Summary: | Pass  Total
constructors  |  384    384
Test Summary: | Pass  Total
diagm, one    |  508    508
Test Summary: | Pass  Total
base vectors  |   45     45
Test Summary: | Pass  Total
simple math   |  354    354
Test Summary:           | Pass  Total
construct from function |  540    540
Test Summary:        | Pass  Total
construct from Array |   84     84
Test Summary: | Pass  Total
indexing      | 2532   2532
Test Summary:              | Pass  Total
norm, trace, det, inv, eig |  234    234
Test Summary:              | Pass  Total
eigen(::FourthOrderTensor) |   44     44
Test Summary:     | Pass  Total
tensor identities |  297    297
Test Summary:        | Pass  Total
promotion/conversion |  232    232
Test Summary:                             | Pass  Total
issues #100, #101: orders of eigenvectors |    8      8
Test Summary: | Pass  Total
exceptions    |    7      7
T = Float32, dim = 1
T = Float32, dim = 2
T = Float32, dim = 3
T = Float64, dim = 1
T = Float64, dim = 2
T = Float64, dim = 3
T = F64, dim = 1
T = F64, dim = 2
T = F64, dim = 3
Test Summary: | Pass  Total
tensor ops    | 1080   1080
Test Summary: | Pass  Total
AD            |  401    401
 ──────────────────────────────────────────────────────────────────────────────
                                       Time                   Allocations      
                               ──────────────────────   ───────────────────────
       Tot / % measured:             400s / 94.2%           24.4GiB / 97.6%    

 Section               ncalls     time   %tot     avg     alloc   %tot      avg
 ──────────────────────────────────────────────────────────────────────────────
 tensor ops                 1     132s  34.9%    132s   8.92GiB  37.5%  8.92GiB
   outer products (...      9    48.5s  12.9%   5.39s   3.90GiB  16.4%   444MiB
   double contraction       9    39.2s  10.4%   4.36s   1.89GiB  7.95%   215MiB
   transpose                9    17.2s  4.56%   1.91s   1.58GiB  6.63%   180MiB
   tovoigt/fromvoigt        9    12.2s  3.25%   1.36s    447MiB  1.84%  49.7MiB
   symmetric/skew-s...      9    9.75s  2.59%   1.08s   0.93GiB  3.93%   106MiB
   dot products             9    2.02s  0.54%   225ms   78.3MiB  0.32%  8.70MiB
   special                  9    1.44s  0.38%   160ms   50.2MiB  0.21%  5.58MiB
   rotation                 3    874ms  0.23%   291ms   43.9MiB  0.18%  14.6MiB
   cross product            9    276ms  0.07%  30.6ms   7.66MiB  0.03%   871KiB
 AD                         1    54.0s  14.3%   54.0s   2.84GiB  11.9%  2.84GiB
   dim 3                    1    24.1s  6.41%   24.1s   1.31GiB  5.53%  1.31GiB
     hessian                2    11.2s  2.97%   5.60s    596MiB  2.45%   298MiB
     2nd tensor grad        2    3.80s  1.01%   1.90s    252MiB  1.04%   126MiB
     scalar grad            2    1.58s  0.42%   792ms   81.9MiB  0.34%  40.9MiB
   vector calculus ...      1    11.5s  3.05%   11.5s    650MiB  2.67%   650MiB
   dim 2                    1    10.1s  2.67%   10.1s    496MiB  2.04%   496MiB
     hessian                2    4.86s  1.29%   2.43s    216MiB  0.89%   108MiB
     2nd tensor grad        2    1.76s  0.47%   880ms   83.5MiB  0.34%  41.7MiB
     scalar grad            2    1.31s  0.35%   653ms   52.5MiB  0.22%  26.3MiB
   dim 1                    1    6.64s  1.76%   6.64s    325MiB  1.34%   325MiB
     hessian                2    3.23s  0.86%   1.62s    166MiB  0.68%  82.9MiB
     2nd tensor grad        2    1.09s  0.29%   545ms   42.2MiB  0.17%  21.1MiB
     scalar grad            2    811ms  0.22%   406ms   25.5MiB  0.10%  12.8MiB
   f: scalar -> Abs...      1    1.59s  0.42%   1.59s   85.5MiB  0.35%  85.5MiB
   f: scalar -> scalar      1    116ms  0.03%   116ms   5.22MiB  0.02%  5.22MiB
 constructors               1    47.5s  12.6%   47.5s   2.66GiB  11.2%  2.66GiB
 norm, trace, det, ...      1    33.4s  8.87%   33.4s   1.79GiB  7.54%  1.79GiB
 simple math                1    32.5s  8.62%   32.5s   1.96GiB  8.25%  1.96GiB
 construct from Array       1    22.8s  6.05%   22.8s   1.64GiB  6.87%  1.64GiB
 tensor identities          1    14.6s  3.87%   14.6s   1.30GiB  5.47%  1.30GiB
 eigen(::FourthOrde...      1    11.4s  3.04%   11.4s    649MiB  2.66%   649MiB
 promotion/conversion       1    8.98s  2.38%   8.98s    788MiB  3.23%   788MiB
 indexing                   1    7.81s  2.07%   7.81s    429MiB  1.76%   429MiB
 construct from fun...      1    6.10s  1.62%   6.10s    632MiB  2.59%   632MiB
 diagm, one                 1    3.51s  0.93%   3.51s    155MiB  0.64%   155MiB
 base vectors               1    2.41s  0.64%   2.41s   86.2MiB  0.35%  86.2MiB
 exceptions                 1    164ms  0.04%   164ms   6.02MiB  0.02%  6.02MiB
 ──────────────────────────────────────────────────────────────────────────────
    Testing Tensors tests passed 
