Julia Version 1.5.1-pre.0
Commit f0b8c76f6f (2020-08-02 04:55 UTC)
Platform Info:
  OS: Linux (x86_64-pc-linux-gnu)
  CPU: Intel(R) Xeon(R) Silver 4114 CPU @ 2.20GHz
  WORD_SIZE: 64
  LIBM: libopenlibm
  LLVM: libLLVM-9.0.1 (ORCJIT, skylake)
Environment:
  JULIA_DEPOT_PATH = ::/usr/local/share/julia
  JULIA_NUM_THREADS = 2

  Resolving package versions...
  Installed Graph500 ─────────── v0.1.0
  Installed Missings ─────────── v0.4.3
  Installed ProgressMeter ────── v0.9.0
  Installed SortingAlgorithms ── v0.3.1
  Installed Inflate ──────────── v0.1.2
  Installed MacroTools ───────── v0.5.5
  Installed StaticArrays ─────── v0.12.4
  Installed StatsBase ────────── v0.33.0
  Installed SimpleTraits ─────── v0.9.2
  Installed DataAPI ──────────── v1.3.0
  Installed ArnoldiMethod ────── v0.0.4
  Installed OrderedCollections ─ v1.3.0
  Installed DataStructures ───── v0.17.20
  Installed LightGraphs ──────── v1.3.3
Updating `~/.julia/environments/v1.5/Project.toml`
  [1ba61846] + Graph500 v0.1.0
Updating `~/.julia/environments/v1.5/Manifest.toml`
  [ec485272] + ArnoldiMethod v0.0.4
  [9a962f9c] + DataAPI v1.3.0
  [864edb3b] + DataStructures v0.17.20
  [1ba61846] + Graph500 v0.1.0
  [d25df0c9] + Inflate v0.1.2
  [093fc24a] + LightGraphs v1.3.3
  [1914dd2f] + MacroTools v0.5.5
  [e1d29d7a] + Missings v0.4.3
  [bac558e1] + OrderedCollections v1.3.0
  [92933f4c] + ProgressMeter v0.9.0
  [699a6c99] + SimpleTraits v0.9.2
  [a2af1166] + SortingAlgorithms v0.3.1
  [90137ffa] + StaticArrays v0.12.4
  [2913bbd2] + StatsBase v0.33.0
  [2a0f44e3] + Base64
  [8bb1440f] + DelimitedFiles
  [8ba89e20] + Distributed
  [b77e0a4c] + InteractiveUtils
  [8f399da3] + Libdl
  [37e2e46d] + LinearAlgebra
  [56ddb016] + Logging
  [d6f4376e] + Markdown
  [a63ad114] + Mmap
  [de0858da] + Printf
  [9a3f8284] + Random
  [9e88b42a] + Serialization
  [1a1011a3] + SharedArrays
  [6462fe0b] + Sockets
  [2f01184e] + SparseArrays
  [10745b16] + Statistics
  [8dfed614] + Test
  [4ec0a83e] + Unicode
    Testing Graph500
Status `/tmp/jl_K9wzIR/Project.toml`
  [1ba61846] Graph500 v0.1.0
  [093fc24a] LightGraphs v1.3.3
  [92933f4c] ProgressMeter v0.9.0
  [2913bbd2] StatsBase v0.33.0
  [8ba89e20] Distributed
  [d6f4376e] Markdown
  [9a3f8284] Random
  [10745b16] Statistics
  [8dfed614] Test
Status `/tmp/jl_K9wzIR/Manifest.toml`
  [ec485272] ArnoldiMethod v0.0.4
  [9a962f9c] DataAPI v1.3.0
  [864edb3b] DataStructures v0.17.20
  [1ba61846] Graph500 v0.1.0
  [d25df0c9] Inflate v0.1.2
  [093fc24a] LightGraphs v1.3.3
  [1914dd2f] MacroTools v0.5.5
  [e1d29d7a] Missings v0.4.3
  [bac558e1] OrderedCollections v1.3.0
  [92933f4c] ProgressMeter v0.9.0
  [699a6c99] SimpleTraits v0.9.2
  [a2af1166] SortingAlgorithms v0.3.1
  [90137ffa] StaticArrays v0.12.4
  [2913bbd2] StatsBase v0.33.0
  [2a0f44e3] Base64
  [8bb1440f] DelimitedFiles
  [8ba89e20] Distributed
  [b77e0a4c] InteractiveUtils
  [8f399da3] Libdl
  [37e2e46d] LinearAlgebra
  [56ddb016] Logging
  [d6f4376e] Markdown
  [a63ad114] Mmap
  [de0858da] Printf
  [9a3f8284] Random
  [9e88b42a] Serialization
  [1a1011a3] SharedArrays
  [6462fe0b] Sockets
  [2f01184e] SparseArrays
  [10745b16] Statistics
  [8dfed614] Test
  [4ec0a83e] Unicode
Generating graph.
Starting Kernel 1.

[32mBenchmark Info[39m
Scale : 4
Number of vertices : 15
Number of Edges : 16
Number of Bfs : 13


[32mGraph construction time[39m
Graph Construction Time : 5.998e-5


[32mBFS time statistics[39m
BFS min time : 2.095e-6
BFS first quartile time : 2.454e-6
BFS median time : 2.607e-6
BFS third quartile time : 2.809e-6
BFS max time : 1.6534e-5
BFS mean time : 4.355e-6
BFS standard deviation time : 4.559159224389222e-6


[32mEdges traversed per BFS statistics[39m
BFS min nedge : 30.0
BFS first quartile nedge : 32.0
BFS median nedge : 32.5
BFS third quartile nedge : 34.5
BFS max nedge : 42.0
BFS mean nedge : 33.34615384615385
BFS standard deviation nedge : 3.071268843278345


[32mEdges traversed per second statistics[39m
BFS min TEPS : 1.935405830410064e6
BFS first quartile TEPS : 1.1188554658840792e7
BFS median TEPS : 1.3039934800325997e7
BFS third quartile TEPS : 1.4665444546287809e7
BFS max TEPS : 1.62291169451074e7
BFS harmonic mean TEPS : 7.517824537702753e6
BFS harmonic standard deviation TEPS : 2.3307878054774418e6


[32mBenchmark Info[39m
Scale : 4
Number of vertices : 15
Number of Edges : 16
Number of Bfs : 13


[32mGraph construction time[39m
Graph Construction Time : 5.998e-5


[32mBFS time statistics[39m
BFS min time : 2.095e-6
BFS first quartile time : 2.454e-6
BFS median time : 2.607e-6
BFS third quartile time : 2.809e-6
BFS max time : 1.6534e-5
BFS mean time : 4.355e-6
BFS standard deviation time : 4.559159224389222e-6


[32mEdges traversed per BFS statistics[39m
BFS min nedge : 30.0
BFS first quartile nedge : 32.0
BFS median nedge : 32.5
BFS third quartile nedge : 34.5
BFS max nedge : 42.0
BFS mean nedge : 33.34615384615385
BFS standard deviation nedge : 3.071268843278345


[32mEdges traversed per second statistics[39m
BFS min TEPS : 1.935405830410064e6
BFS first quartile TEPS : 1.1188554658840792e7
BFS median TEPS : 1.3039934800325997e7
BFS third quartile TEPS : 1.4665444546287809e7
BFS max TEPS : 1.62291169451074e7
BFS harmonic mean TEPS : 7.517824537702753e6
BFS harmonic standard deviation TEPS : 2.3307878054774418e6

Generating graph.
Starting Kernel 1.

[32mBenchmark Info[39m
Scale : 4
Number of vertices : 16
Number of Edges : 16
Number of Bfs : 11


[32mGraph construction time[39m
Graph Construction Time : 1.4728e-5


[32mBFS time statistics[39m
BFS min time : 2.224e-6
BFS first quartile time : 2.43e-6
BFS median time : 2.579e-6
BFS third quartile time : 2.9135e-6
BFS max time : 7.962e-6
BFS mean time : 3.096363636363636e-6
BFS standard deviation time : 1.6420269956810862e-6


[32mEdges traversed per BFS statistics[39m
BFS min nedge : 22.5
BFS first quartile nedge : 24.5
BFS median nedge : 26.5
BFS third quartile nedge : 27.25
BFS max nedge : 33.5
BFS mean nedge : 26.318181818181817
BFS standard deviation nedge : 3.027149874657078


[32mEdges traversed per second statistics[39m
BFS min TEPS : 3.3911077618688773e6
BFS first quartile TEPS : 8.971471876779888e6
BFS median TEPS : 9.213051823416507e6
BFS third quartile TEPS : 1.0971392591324959e7
BFS max TEPS : 1.5062949640287772e7
BFS harmonic mean TEPS : 8.431935922063079e6
BFS harmonic standard deviation TEPS : 1.3695035792010373e6

Test Summary: | Pass  Total
test set      |   16     16
    Testing Graph500 tests passed 
