Julia Version 1.4.0
Commit b8e9a9ecc6 (2020-03-21 16:36 UTC)
Platform Info:
  OS: Linux (x86_64-linux-gnu)
  CPU: Intel(R) Xeon(R) Silver 4114 CPU @ 2.20GHz
  WORD_SIZE: 64
  LIBM: libopenlibm
  LLVM: libLLVM-8.0.1 (ORCJIT, skylake)
Environment:
  JULIA_DEPOT_PATH = ::/usr/local/share/julia
  JULIA_NUM_THREADS = 2

  Resolving package versions...
  Installed Libiconv_jll ───── v1.16.0+2
  Installed DiffieHellman ──── v0.4.0
  Installed Paillier ───────── v0.2.4
  Installed Intervals ──────── v1.0.0
  Installed ExprTools ──────── v0.1.0
  Installed SynchronicBallot ─ v0.3.1
  Installed BinaryProvider ─── v0.5.8
  Installed PeaceFounder ───── v0.2.5
  Installed Mocking ────────── v0.7.1
  Installed Zlib_jll ───────── v1.2.11+9
  Installed RecipesBase ────── v1.0.0
  Installed SMTPClient ─────── v0.3.1
  Installed EzXML ──────────── v1.1.0
  Installed TimeZones ──────── v1.0.1
  Installed LibCURL ────────── v0.5.2
  Installed Primes ─────────── v0.4.0
  Installed XML2_jll ───────── v2.9.9+2
  Installed Polynomials ────── v0.7.0
  Installed Multiplexers ───── v0.3.1
  Installed Mods ───────────── v0.1.0
  Installed Synchronizers ──── v0.1.0
  Installed CryptoGroups ───── v0.1.2
  Installed PeaceVote ──────── v0.2.7
    Cloning [3a3ce9e8-98e7-11e9-0fa0-055639f146d3] BitConverter from https://gitlab.com/braneproject/BitConverter.jl.git
[?25l    Fetching: [>                                        ]  0.0 %[2K[?25h  Installed BitConverter ───── v0.1.1
    Cloning [a99b485a-c5c8-540e-ab00-7a7265134077] ECC from https://gitlab.com/braneproject/ECC.jl.git
[?25l    Fetching: [>                                        ]  0.0 %[2K[?25h  Installed ECC ────────────── v0.2.3
   Updating `~/.julia/environments/v1.4/Project.toml`
  [916f7771] + PeaceFounder v0.2.5
   Updating `~/.julia/environments/v1.4/Manifest.toml`
  [b99e7846] + BinaryProvider v0.5.8
  [3a3ce9e8] + BitConverter v0.1.1
  [bc997328] + CryptoGroups v0.1.2
  [0e61fee8] + DiffieHellman v0.4.0
  [a99b485a] + ECC v0.2.3
  [e2ba6199] + ExprTools v0.1.0
  [8f5d6c58] + EzXML v1.1.0
  [d8418881] + Intervals v1.0.0
  [b27032c2] + LibCURL v0.5.2
  [94ce4f54] + Libiconv_jll v1.16.0+2
  [78c3b35d] + Mocking v0.7.1
  [7475f97c] + Mods v0.1.0
  [d8f48be2] + Multiplexers v0.3.1
  [84e01822] + Paillier v0.2.4
  [916f7771] + PeaceFounder v0.2.5
  [129db535] + PeaceVote v0.2.7
  [f27b6e38] + Polynomials v0.7.0
  [27ebfcd6] + Primes v0.4.0
  [3cdcf5f2] + RecipesBase v1.0.0
  [c35d69d1] + SMTPClient v0.3.1
  [c4fd2470] + SynchronicBallot v0.3.1
  [9279c0cf] + Synchronizers v0.1.0
  [f269a46b] + TimeZones v1.0.1
  [02c8fc9c] + XML2_jll v2.9.9+2
  [83775a58] + Zlib_jll v1.2.11+9
  [2a0f44e3] + Base64 
  [ade2ca70] + Dates 
  [8ba89e20] + Distributed 
  [b77e0a4c] + InteractiveUtils 
  [76f85450] + LibGit2 
  [8f399da3] + Libdl 
  [37e2e46d] + LinearAlgebra 
  [56ddb016] + Logging 
  [d6f4376e] + Markdown 
  [44cfe95a] + Pkg 
  [de0858da] + Printf 
  [3fa0cd96] + REPL 
  [9a3f8284] + Random 
  [ea8e919c] + SHA 
  [9e88b42a] + Serialization 
  [6462fe0b] + Sockets 
  [8dfed614] + Test 
  [cf7118a7] + UUIDs 
  [4ec0a83e] + Unicode 
   Building LibCURL ──→ `~/.julia/packages/LibCURL/lWJxD/deps/build.log`
   Building TimeZones → `~/.julia/packages/TimeZones/zymSN/deps/build.log`
    Testing PeaceFounder
Status `/tmp/jl_N58yme/Manifest.toml`
  [9e28174c] BinDeps v0.8.10
  [b99e7846] BinaryProvider v0.5.8
  [3a3ce9e8] BitConverter v0.1.1
  [34da2185] Compat v2.2.0
  [bc997328] CryptoGroups v0.1.2
  [35cc5888] CryptoSignatures v0.2.2
  [311d44f8] DemeNet v0.1.1
  [0e61fee8] DiffieHellman v0.4.0
  [a99b485a] ECC v0.2.3
  [e2ba6199] ExprTools v0.1.0
  [8f5d6c58] EzXML v1.1.0
  [d8418881] Intervals v1.0.0
  [b27032c2] LibCURL v0.5.2
  [94ce4f54] Libiconv_jll v1.16.0+2
  [78c3b35d] Mocking v0.7.1
  [7475f97c] Mods v0.1.0
  [d8f48be2] Multiplexers v0.3.1
  [49dea1ee] Nettle v0.4.0
  [84e01822] Paillier v0.2.4
  [7743456c] PeaceCypher v0.2.0
  [916f7771] PeaceFounder v0.2.5
  [129db535] PeaceVote v0.2.7
  [f27b6e38] Polynomials v0.7.0
  [27ebfcd6] Primes v0.4.0
  [3cdcf5f2] RecipesBase v1.0.0
  [c35d69d1] SMTPClient v0.3.1
  [ee77041e] SecureIO v0.3.0
  [c4fd2470] SynchronicBallot v0.3.1
  [9279c0cf] Synchronizers v0.1.0
  [f269a46b] TimeZones v1.0.1
  [30578b45] URIParser v0.4.0
  [02c8fc9c] XML2_jll v2.9.9+2
  [83775a58] Zlib_jll v1.2.11+9
  [2a0f44e3] Base64 
  [ade2ca70] Dates 
  [8bb1440f] DelimitedFiles 
  [8ba89e20] Distributed 
  [b77e0a4c] InteractiveUtils 
  [76f85450] LibGit2 
  [8f399da3] Libdl 
  [37e2e46d] LinearAlgebra 
  [56ddb016] Logging 
  [d6f4376e] Markdown 
  [a63ad114] Mmap 
  [44cfe95a] Pkg 
  [de0858da] Printf 
  [3fa0cd96] REPL 
  [9a3f8284] Random 
  [ea8e919c] SHA 
  [9e88b42a] Serialization 
  [1a1011a3] SharedArrays 
  [6462fe0b] Sockets 
  [2f01184e] SparseArrays 
  [10745b16] Statistics 
  [8dfed614] Test 
  [cf7118a7] UUIDs 
  [4ec0a83e] Unicode 
WARNING: could not import Base.ctranspose into Mods
WARNING: Method definition @async(LineNumberNode, Module, Any) in module Base at task.jl:356 overwritten in module SynchronicBallot at /home/pkgeval/.julia/packages/SynchronicBallot/a8Ajb/src/SynchronicBallot.jl:23.
  ** incremental compilation may be fatally broken for this module **

WARNING: Method definition @async(LineNumberNode, Module, Any) in module Base at task.jl:356 overwritten in module SynchronicBallot at /home/pkgeval/.julia/packages/SynchronicBallot/a8Ajb/src/SynchronicBallot.jl:23.
  ** incremental compilation may be fatally broken for this module **

WARNING: Method definition @async(LineNumberNode, Module, Any) in module SynchronicBallot at /home/pkgeval/.julia/packages/SynchronicBallot/a8Ajb/src/SynchronicBallot.jl:23 overwritten in module Certifiers at /home/pkgeval/.julia/packages/PeaceFounder/ZWxy7/src/debug.jl:7.
  ** incremental compilation may be fatally broken for this module **

WARNING: Method definition @async(LineNumberNode, Module, Any) in module Certifiers at /home/pkgeval/.julia/packages/PeaceFounder/ZWxy7/src/debug.jl:7 overwritten in module BraidChains at /home/pkgeval/.julia/packages/PeaceFounder/ZWxy7/src/debug.jl:7.
  ** incremental compilation may be fatally broken for this module **

WARNING: Method definition @async(LineNumberNode, Module, Any) in module BraidChains at /home/pkgeval/.julia/packages/PeaceFounder/ZWxy7/src/debug.jl:7 overwritten in module PeaceFounder at /home/pkgeval/.julia/packages/PeaceFounder/ZWxy7/src/debug.jl:7.
  ** incremental compilation may be fatally broken for this module **

ERROR: LoadError: LoadError: MethodError: no method matching PeaceVote.DemeNet.Plugins.Notary(::Type{PeaceVote.DemeNet.Plugins.CypherSuite{0x7743456ce0c54477a2b6196c240b0368}}, ::Symbol)
Closest candidates are:
  PeaceVote.DemeNet.Plugins.Notary(::Any, ::Any, !Matched::Any, !Matched::Any) at /home/pkgeval/.julia/packages/PeaceVote/SbbpL/src/DemeNet/Plugins/Plugins.jl:10
  PeaceVote.DemeNet.Plugins.Notary(!Matched::Base.UUID, ::Symbol) at /home/pkgeval/.julia/packages/PeaceVote/SbbpL/src/DemeNet/Plugins/Plugins.jl:26
Stacktrace:
 [1] PeaceVote.DemeNet.Plugins.Notary(::Base.UUID, ::Symbol) at /home/pkgeval/.julia/packages/PeaceVote/SbbpL/src/DemeNet/Plugins/Plugins.jl:26
 [2] PeaceVote.DemeNet.Demes.DemeSpec(::String, ::Symbol, ::Symbol, ::Symbol, ::Symbol, ::Symbol) at /home/pkgeval/.julia/packages/PeaceVote/SbbpL/src/DemeNet/Demes/Demes.jl:97
 [3] top-level scope at /home/pkgeval/.julia/packages/PeaceFounder/ZWxy7/test/certifier.jl:6
 [4] include(::Module, ::String) at ./Base.jl:377
 [5] include(::String) at /home/pkgeval/.julia/packages/PeaceFounder/ZWxy7/test/runtests.jl:1
 [6] top-level scope at /home/pkgeval/.julia/packages/PeaceFounder/ZWxy7/test/runtests.jl:2
 [7] include(::String) at ./client.jl:439
 [8] top-level scope at none:6
in expression starting at /home/pkgeval/.julia/packages/PeaceFounder/ZWxy7/test/certifier.jl:6
in expression starting at /home/pkgeval/.julia/packages/PeaceFounder/ZWxy7/test/runtests.jl:2
ERROR: Package PeaceFounder errored during testing
Stacktrace:
 [1] pkgerror(::String, ::Vararg{String,N} where N) at /workspace/srcdir/usr/share/julia/stdlib/v1.4/Pkg/src/Types.jl:53
 [2] test(::Pkg.Types.Context, ::Array{Pkg.Types.PackageSpec,1}; coverage::Bool, julia_args::Cmd, test_args::Cmd, test_fn::Nothing) at /workspace/srcdir/usr/share/julia/stdlib/v1.4/Pkg/src/Operations.jl:1503
 [3] test(::Pkg.Types.Context, ::Array{Pkg.Types.PackageSpec,1}; coverage::Bool, test_fn::Nothing, julia_args::Cmd, test_args::Cmd, kwargs::Base.Iterators.Pairs{Union{},Union{},Tuple{},NamedTuple{(),Tuple{}}}) at /workspace/srcdir/usr/share/julia/stdlib/v1.4/Pkg/src/API.jl:316
 [4] test(::Pkg.Types.Context, ::Array{Pkg.Types.PackageSpec,1}) at /workspace/srcdir/usr/share/julia/stdlib/v1.4/Pkg/src/API.jl:303
 [5] #test#68 at /workspace/srcdir/usr/share/julia/stdlib/v1.4/Pkg/src/API.jl:297 [inlined]
 [6] test at /workspace/srcdir/usr/share/julia/stdlib/v1.4/Pkg/src/API.jl:297 [inlined]
 [7] #test#67 at /workspace/srcdir/usr/share/julia/stdlib/v1.4/Pkg/src/API.jl:296 [inlined]
 [8] test at /workspace/srcdir/usr/share/julia/stdlib/v1.4/Pkg/src/API.jl:296 [inlined]
 [9] test(::String; kwargs::Base.Iterators.Pairs{Union{},Union{},Tuple{},NamedTuple{(),Tuple{}}}) at /workspace/srcdir/usr/share/julia/stdlib/v1.4/Pkg/src/API.jl:295
 [10] test(::String) at /workspace/srcdir/usr/share/julia/stdlib/v1.4/Pkg/src/API.jl:295
 [11] top-level scope at none:16
